#
# There is insufficient memory for the Java Runtime Environment to continue.
# Native memory allocation (mmap) failed to map 37748736 bytes for Failed to commit area from 0x0000000088700000 to 0x000000008ab00000 of length 37748736.
# Possible reasons:
#   The system is out of physical RAM or swap space
#   The process is running with CompressedOops enabled, and the Java Heap may be blocking the growth of the native heap
# Possible solutions:
#   Reduce memory load on the system
#   Increase physical memory or swap space
#   Check if swap backing store is full
#   Decrease Java heap size (-Xmx/-Xms)
#   Decrease number of Java threads
#   Decrease Java thread stack sizes (-Xss)
#   Set larger code cache with -XX:ReservedCodeCacheSize=
#   JVM is running with Unscaled Compressed Oops mode in which the Java heap is
#     placed in the first 4GB address space. The Java Heap base address is the
#     maximum limit for the native heap growth. Please use -XX:HeapBaseMinAddress
#     to set the Java Heap base and to place the Java Heap above 4GB virtual address.
# This output file may be truncated or incomplete.
#
#  Out of Memory Error (./src/hotspot/os/windows/os_windows.cpp:3301), pid=8832, tid=984
#
# JRE version: OpenJDK Runtime Environment (11.0.10) (build 11.0.10+0-b96-7249189)
# Java VM: OpenJDK 64-Bit Server VM (11.0.10+0-b96-7249189, mixed mode, tiered, compressed oops, g1 gc, windows-amd64)
# No core dump will be written. Minidumps are not enabled by default on client versions of Windows
#

---------------  S U M M A R Y ------------

Command Line: --add-opens=java.base/java.util=ALL-UNNAMED --add-opens=java.base/java.lang=ALL-UNNAMED --add-opens=java.base/java.lang.invoke=ALL-UNNAMED --add-opens=java.base/java.util=ALL-UNNAMED --add-opens=java.prefs/java.util.prefs=ALL-UNNAMED --add-opens=java.prefs/java.util.prefs=ALL-UNNAMED --add-opens=java.base/java.nio.charset=ALL-UNNAMED --add-opens=java.base/java.net=ALL-UNNAMED --add-opens=java.base/java.util.concurrent.atomic=ALL-UNNAMED -Xmx2048m -Dfile.encoding=UTF-8 -Duser.country=US -Duser.language=en -Duser.variant org.gradle.launcher.daemon.bootstrap.GradleDaemon 7.0.2

Host: Intel(R) Core(TM) i5-4210U CPU @ 1.70GHz, 4 cores, 3G,  Windows 10 , 64 bit Build 19041 (10.0.19041.1202)
Time: Thu Nov 11 18:27:41 2021 SE Asia Standard Time elapsed time: 22.266731 seconds (0d 0h 0m 22s)

---------------  T H R E A D  ---------------

Current thread (0x000001c14c561000):  VMThread "VM Thread" [stack: 0x0000003055c00000,0x0000003055d00000] [id=984]

Stack: [0x0000003055c00000,0x0000003055d00000]
[error occurred during error reporting (printing stack bounds), id 0xc0000005, EXCEPTION_ACCESS_VIOLATION (0xc0000005) at pc=0x000001c135d80f2d]

Native frames: (J=compiled Java code, j=interpreted, Vv=VM code, C=native code)
V  [jvm.dll+0x5ecfaa]
V  [jvm.dll+0x722bd5]
V  [jvm.dll+0x72412d]
V  [jvm.dll+0x724745]
V  [jvm.dll+0x7246fb]
V  [jvm.dll+0x5ec348]
V  [jvm.dll+0x5ecad8]
C  [ntdll.dll+0xa20cf]
C  [ntdll.dll+0x51454]
C  [ntdll.dll+0xa0bfe]
C  0x000001c135d80f2d

VM_Operation (0x00000030587fb8c0): G1CollectForAllocation, mode: safepoint, requested by thread 0x000001c15148c800


---------------  P R O C E S S  ---------------

Threads class SMR info:
_java_thread_list=0x000001c153a72010, length=48, elements={
0x000001c13228a000, 0x000001c14c56a800, 0x000001c14c56b800, 0x000001c14c5c0800,
0x000001c14c5c3800, 0x000001c14c5c4800, 0x000001c14c5ca000, 0x000001c14c5cf800,
0x000001c14c5ec800, 0x000001c14d029800, 0x000001c14e239800, 0x000001c14e6ef800,
0x000001c14e293000, 0x000001c14deae800, 0x000001c14e9e6800, 0x000001c14ea93800,
0x000001c14ded5000, 0x000001c14ea92000, 0x000001c14e843800, 0x000001c14e871800,
0x000001c14e870000, 0x000001c14e870800, 0x000001c14e872000, 0x000001c14e873000,
0x000001c14e86d800, 0x000001c14e874000, 0x000001c14e86e000, 0x000001c14e86f000,
0x000001c151483800, 0x000001c151480800, 0x000001c151484800, 0x000001c15147f800,
0x000001c151481800, 0x000001c151482000, 0x000001c151485800, 0x000001c15148c000,
0x000001c151488800, 0x000001c151486000, 0x000001c15148a000, 0x000001c15148c800,
0x000001c151489800, 0x000001c151487000, 0x000001c15148b000, 0x000001c15148d800,
0x000001c151488000, 0x000001c15583c000, 0x000001c15583a000, 0x000001c155839800
}

Java Threads: ( => current thread )
  0x000001c13228a000 JavaThread "main" [_thread_blocked, id=7028, stack(0x0000003055600000,0x0000003055700000)]
  0x000001c14c56a800 JavaThread "Reference Handler" daemon [_thread_blocked, id=3904, stack(0x0000003055d00000,0x0000003055e00000)]
  0x000001c14c56b800 JavaThread "Finalizer" daemon [_thread_blocked, id=6752, stack(0x0000003055e00000,0x0000003055f00000)]
  0x000001c14c5c0800 JavaThread "Signal Dispatcher" daemon [_thread_blocked, id=3988, stack(0x0000003055f00000,0x0000003056000000)]
  0x000001c14c5c3800 JavaThread "Attach Listener" daemon [_thread_blocked, id=5112, stack(0x0000003056000000,0x0000003056100000)]
  0x000001c14c5c4800 JavaThread "Service Thread" daemon [_thread_blocked, id=3564, stack(0x0000003056100000,0x0000003056200000)]
  0x000001c14c5ca000 JavaThread "C2 CompilerThread0" daemon [_thread_blocked, id=9724, stack(0x0000003056200000,0x0000003056300000)]
  0x000001c14c5cf800 JavaThread "C1 CompilerThread0" daemon [_thread_blocked, id=5116, stack(0x0000003056300000,0x0000003056400000)]
  0x000001c14c5ec800 JavaThread "Sweeper thread" daemon [_thread_blocked, id=8648, stack(0x0000003056400000,0x0000003056500000)]
  0x000001c14d029800 JavaThread "Common-Cleaner" daemon [_thread_blocked, id=4552, stack(0x0000003056500000,0x0000003056600000)]
  0x000001c14e239800 JavaThread "Daemon health stats" [_thread_blocked, id=8152, stack(0x0000003056800000,0x0000003056900000)]
  0x000001c14e6ef800 JavaThread "Incoming local TCP Connector on port 49905" [_thread_in_native, id=11016, stack(0x0000003056900000,0x0000003056a00000)]
  0x000001c14e293000 JavaThread "Daemon periodic checks" [_thread_blocked, id=9716, stack(0x0000003056a00000,0x0000003056b00000)]
  0x000001c14deae800 JavaThread "Daemon" [_thread_blocked, id=6200, stack(0x0000003056b00000,0x0000003056c00000)]
  0x000001c14e9e6800 JavaThread "Handler for socket connection from /127.0.0.1:49905 to /127.0.0.1:49906" [_thread_in_native, id=5472, stack(0x0000003056c00000,0x0000003056d00000)]
  0x000001c14ea93800 JavaThread "Cancel handler" [_thread_blocked, id=5300, stack(0x0000003056d00000,0x0000003056e00000)]
  0x000001c14ded5000 JavaThread "Daemon worker" [_thread_blocked, id=6240, stack(0x0000003056e00000,0x0000003056f00000)]
  0x000001c14ea92000 JavaThread "Asynchronous log dispatcher for DefaultDaemonConnection: socket connection from /127.0.0.1:49905 to /127.0.0.1:49906" [_thread_blocked, id=3264, stack(0x0000003056f00000,0x0000003057000000)]
  0x000001c14e843800 JavaThread "Stdin handler" [_thread_blocked, id=896, stack(0x0000003057000000,0x0000003057100000)]
  0x000001c14e871800 JavaThread "Daemon client event forwarder" [_thread_blocked, id=10560, stack(0x0000003057100000,0x0000003057200000)]
  0x000001c14e870000 JavaThread "Cache worker for file hash cache (C:\Program Files\Java\jdk-17.0.1\caches\7.0.2\fileHashes)" [_thread_blocked, id=1408, stack(0x0000003057400000,0x0000003057500000)]
  0x000001c14e870800 JavaThread "File lock request listener" [_thread_in_native, id=11196, stack(0x0000003057500000,0x0000003057600000)]
  0x000001c14e872000 JavaThread "Cache worker for journal cache (C:\Program Files\Java\jdk-17.0.1\caches\journal-1)" [_thread_blocked, id=3688, stack(0x0000003057600000,0x0000003057700000)]
  0x000001c14e873000 JavaThread "Cache worker for file hash cache (C:\Users\MinhNgan\AndroidStudioProjects\Android_hepat\.gradle\7.0.2\fileHashes)" [_thread_blocked, id=10360, stack(0x0000003057700000,0x0000003057800000)]
  0x000001c14e86d800 JavaThread "File watcher server" daemon [_thread_blocked, id=4108, stack(0x0000003057800000,0x0000003057900000)]
  0x000001c14e874000 JavaThread "File watcher consumer" daemon [_thread_blocked, id=10720, stack(0x0000003057900000,0x0000003057a00000)]
  0x000001c14e86e000 JavaThread "Cache worker for checksums cache (C:\Users\MinhNgan\AndroidStudioProjects\Android_hepat\.gradle\checksums)" [_thread_blocked, id=8692, stack(0x0000003057a00000,0x0000003057b00000)]
  0x000001c14e86f000 JavaThread "Cache worker for cache directory md-supplier (C:\Program Files\Java\jdk-17.0.1\caches\7.0.2\md-supplier)" [_thread_blocked, id=8240, stack(0x0000003057b00000,0x0000003057c00000)]
  0x000001c151483800 JavaThread "Cache worker for cache directory md-rule (C:\Program Files\Java\jdk-17.0.1\caches\7.0.2\md-rule)" [_thread_blocked, id=1424, stack(0x0000003057c00000,0x0000003057d00000)]
  0x000001c151480800 JavaThread "Cache worker for execution history cache (C:\Program Files\Java\jdk-17.0.1\caches\7.0.2\executionHistory)" [_thread_blocked, id=3840, stack(0x0000003057d00000,0x0000003057e00000)]
  0x000001c151484800 JavaThread "jar transforms" [_thread_blocked, id=9940, stack(0x0000003057e00000,0x0000003057f00000)]
  0x000001c15147f800 JavaThread "jar transforms Thread 2" [_thread_blocked, id=1096, stack(0x0000003057f00000,0x0000003058000000)]
  0x000001c151481800 JavaThread "Cache worker for file content cache (C:\Program Files\Java\jdk-17.0.1\caches\7.0.2\fileContent)" [_thread_blocked, id=1592, stack(0x0000003058000000,0x0000003058100000)]
  0x000001c151482000 JavaThread "Cache worker for dependencies-accessors (C:\Users\MinhNgan\AndroidStudioProjects\Android_hepat\.gradle\7.0.2\dependencies-accessors)" [_thread_blocked, id=9980, stack(0x0000003058100000,0x0000003058200000)]
  0x000001c151485800 JavaThread "jar transforms Thread 3" [_thread_blocked, id=10156, stack(0x0000003058200000,0x0000003058300000)]
  0x000001c15148c000 JavaThread "Cache worker for Build Output Cleanup Cache (C:\Users\MinhNgan\AndroidStudioProjects\Android_hepat\.gradle\buildOutputCleanup)" [_thread_blocked, id=10516, stack(0x0000003058300000,0x0000003058400000)]
  0x000001c151488800 JavaThread "Build operations" [_thread_blocked, id=564, stack(0x0000003058400000,0x0000003058500000)]
  0x000001c151486000 JavaThread "Build operations Thread 2" [_thread_blocked, id=3656, stack(0x0000003058500000,0x0000003058600000)]
  0x000001c15148a000 JavaThread "Build operations Thread 3" [_thread_blocked, id=9728, stack(0x0000003058600000,0x0000003058700000)]
  0x000001c15148c800 JavaThread "Build operations Thread 4" [_thread_blocked, id=8744, stack(0x0000003058700000,0x0000003058800000)]
  0x000001c151489800 JavaThread "jar transforms Thread 4" [_thread_blocked, id=10604, stack(0x0000003058800000,0x0000003058900000)]
  0x000001c151487000 JavaThread "Memory manager" [_thread_blocked, id=6604, stack(0x0000003058900000,0x0000003058a00000)]
  0x000001c15148b000 JavaThread "build event listener" [_thread_blocked, id=4084, stack(0x0000003058a00000,0x0000003058b00000)]
  0x000001c15148d800 JavaThread "Execution worker for ':'" [_thread_blocked, id=10392, stack(0x0000003058b00000,0x0000003058c00000)]
  0x000001c151488000 JavaThread "Execution worker for ':' Thread 2" [_thread_blocked, id=5964, stack(0x0000003058c00000,0x0000003058d00000)]
  0x000001c15583c000 JavaThread "Execution worker for ':' Thread 3" [_thread_blocked, id=6288, stack(0x0000003058d00000,0x0000003058e00000)]
  0x000001c15583a000 JavaThread "Cache worker for execution history cache (C:\Users\MinhNgan\AndroidStudioProjects\Android_hepat\.gradle\7.0.2\executionHistory)" [_thread_blocked, id=5832, stack(0x0000003058e00000,0x0000003058f00000)]
  0x000001c155839800 JavaThread "WorkerExecutor Queue" [_thread_blocked, id=5764, stack(0x0000003058f00000,0x0000003059000000)]

Other Threads:
=>0x000001c14c561000 VMThread "VM Thread" [stack: 0x0000003055c00000,0x0000003055d00000] [id=984]
  0x000001c14d08b800 WatcherThread [stack: 0x0000003056600000,0x0000003056700000] [id=4696]
  0x000001c1322a2800 GCTaskThread "GC Thread#0" [stack: 0x0000003055700000,0x0000003055800000] [id=6632]
  0x000001c14d507800 GCTaskThread "GC Thread#1" [stack: 0x0000003056700000,0x0000003056800000] [id=1908]
  0x000001c14e9f5800 GCTaskThread "GC Thread#2" [stack: 0x0000003057200000,0x0000003057300000] [id=3972]
  0x000001c14e525000 GCTaskThread "GC Thread#3" [stack: 0x0000003057300000,0x0000003057400000] [id=4028]
  0x000001c1322d2000 ConcurrentGCThread "G1 Main Marker" [stack: 0x0000003055800000,0x0000003055900000] [id=10972]
  0x000001c1322d3000 ConcurrentGCThread "G1 Conc#0" [stack: 0x0000003055900000,0x0000003055a00000] [id=372]
  0x000001c13232d800 ConcurrentGCThread "G1 Refine#0" [stack: 0x0000003055a00000,0x0000003055b00000] [id=9436]
  0x000001c13232e800 ConcurrentGCThread "G1 Young RemSet Sampling" [stack: 0x0000003055b00000,0x0000003055c00000] [id=6916]

Threads with active compile tasks:
C2 CompilerThread0  22296 9626       4       org.apache.commons.io.FilenameUtils::doNormalize (534 bytes)
C1 CompilerThread0  22296 9686       1       org.gradle.internal.snapshot.EmptyChildMap::isEmpty (2 bytes)

VM state:at safepoint (normal execution)

VM Mutex/Monitor currently owned by a thread:  ([mutex/lock_event])
[0x000001c132286420] Threads_lock - owner thread: 0x000001c14c561000
[0x000001c132286810] Heap_lock - owner thread: 0x000001c15148c800

Heap address: 0x0000000080000000, size: 2048 MB, Compressed Oops mode: 32-bit
Narrow klass base: 0x0000000000000000, Narrow klass shift: 3
Compressed class space size: 1073741824 Address: 0x0000000100000000

Heap:
 garbage-first heap   total 175104K, used 69976K [0x0000000080000000, 0x0000000100000000)
  region size 1024K, 5 young (5120K), 5 survivors (5120K)
 Metaspace       used 81022K, capacity 83140K, committed 83312K, reserved 1122304K
  class space    used 10503K, capacity 11286K, committed 11340K, reserved 1048576K
Heap Regions: E=young(eden), S=young(survivor), O=old, HS=humongous(starts), HC=humongous(continues), CS=collection set, F=free, A=archive, TAMS=top-at-mark-start (previous, next)
|   0|0x0000000080000000, 0x0000000080100000, 0x0000000080100000|100%|HS|  |TAMS 0x0000000080100000, 0x0000000080000000| Complete 
|   1|0x0000000080100000, 0x0000000080200000, 0x0000000080200000|100%|HC|  |TAMS 0x0000000080200000, 0x0000000080100000| Complete 
|   2|0x0000000080200000, 0x0000000080300000, 0x0000000080300000|100%|HC|  |TAMS 0x0000000080300000, 0x0000000080200000| Complete 
|   3|0x0000000080300000, 0x0000000080400000, 0x0000000080400000|100%| O|  |TAMS 0x0000000080400000, 0x0000000080300000| Untracked 
|   4|0x0000000080400000, 0x0000000080500000, 0x0000000080500000|100%| O|  |TAMS 0x0000000080500000, 0x0000000080400000| Untracked 
|   5|0x0000000080500000, 0x0000000080600000, 0x0000000080600000|100%| O|  |TAMS 0x0000000080600000, 0x0000000080500000| Untracked 
|   6|0x0000000080600000, 0x0000000080700000, 0x0000000080700000|100%| O|  |TAMS 0x0000000080700000, 0x0000000080600000| Untracked 
|   7|0x0000000080700000, 0x0000000080800000, 0x0000000080800000|100%| O|  |TAMS 0x0000000080800000, 0x0000000080700000| Untracked 
|   8|0x0000000080800000, 0x0000000080900000, 0x0000000080900000|100%| O|  |TAMS 0x0000000080900000, 0x0000000080800000| Untracked 
|   9|0x0000000080900000, 0x0000000080a00000, 0x0000000080a00000|100%| O|  |TAMS 0x0000000080a00000, 0x0000000080900000| Untracked 
|  10|0x0000000080a00000, 0x0000000080b00000, 0x0000000080b00000|100%| O|  |TAMS 0x0000000080b00000, 0x0000000080a00000| Untracked 
|  11|0x0000000080b00000, 0x0000000080c00000, 0x0000000080c00000|100%| O|  |TAMS 0x0000000080c00000, 0x0000000080b00000| Untracked 
|  12|0x0000000080c00000, 0x0000000080d00000, 0x0000000080d00000|100%| O|  |TAMS 0x0000000080d00000, 0x0000000080c00000| Untracked 
|  13|0x0000000080d00000, 0x0000000080e00000, 0x0000000080e00000|100%| O|  |TAMS 0x0000000080e00000, 0x0000000080d00000| Untracked 
|  14|0x0000000080e00000, 0x0000000080f00000, 0x0000000080f00000|100%| O|  |TAMS 0x0000000080f00000, 0x0000000080e00000| Untracked 
|  15|0x0000000080f00000, 0x0000000081000000, 0x0000000081000000|100%| O|  |TAMS 0x0000000081000000, 0x0000000080f00000| Untracked 
|  16|0x0000000081000000, 0x0000000081100000, 0x0000000081100000|100%| O|  |TAMS 0x0000000081100000, 0x0000000081000000| Untracked 
|  17|0x0000000081100000, 0x0000000081200000, 0x0000000081200000|100%| O|  |TAMS 0x0000000081200000, 0x0000000081100000| Untracked 
|  18|0x0000000081200000, 0x0000000081300000, 0x0000000081300000|100%| O|  |TAMS 0x0000000081300000, 0x0000000081200000| Untracked 
|  19|0x0000000081300000, 0x0000000081400000, 0x0000000081400000|100%| O|  |TAMS 0x0000000081400000, 0x0000000081300000| Untracked 
|  20|0x0000000081400000, 0x0000000081500000, 0x0000000081500000|100%| O|  |TAMS 0x0000000081500000, 0x0000000081400000| Untracked 
|  21|0x0000000081500000, 0x0000000081600000, 0x0000000081600000|100%| O|  |TAMS 0x0000000081600000, 0x0000000081500000| Untracked 
|  22|0x0000000081600000, 0x0000000081700000, 0x0000000081700000|100%|HS|  |TAMS 0x0000000081700000, 0x0000000081600000| Complete 
|  23|0x0000000081700000, 0x0000000081800000, 0x0000000081800000|100%| O|  |TAMS 0x0000000081800000, 0x0000000081700000| Untracked 
|  24|0x0000000081800000, 0x0000000081900000, 0x0000000081900000|100%| O|  |TAMS 0x0000000081900000, 0x0000000081800000| Untracked 
|  25|0x0000000081900000, 0x0000000081a00000, 0x0000000081a00000|100%| O|  |TAMS 0x0000000081a00000, 0x0000000081900000| Untracked 
|  26|0x0000000081a00000, 0x0000000081b00000, 0x0000000081b00000|100%| O|  |TAMS 0x0000000081b00000, 0x0000000081a00000| Untracked 
|  27|0x0000000081b00000, 0x0000000081c00000, 0x0000000081c00000|100%|HS|  |TAMS 0x0000000081c00000, 0x0000000081b00000| Complete 
|  28|0x0000000081c00000, 0x0000000081d00000, 0x0000000081d00000|100%| O|  |TAMS 0x0000000081d00000, 0x0000000081c00000| Untracked 
|  29|0x0000000081d00000, 0x0000000081e00000, 0x0000000081e00000|100%| O|  |TAMS 0x0000000081e00000, 0x0000000081d00000| Untracked 
|  30|0x0000000081e00000, 0x0000000081f00000, 0x0000000081f00000|100%| O|  |TAMS 0x0000000081f00000, 0x0000000081e00000| Untracked 
|  31|0x0000000081f00000, 0x0000000082000000, 0x0000000082000000|100%|HS|  |TAMS 0x0000000082000000, 0x0000000081f00000| Complete 
|  32|0x0000000082000000, 0x0000000082100000, 0x0000000082100000|100%|HC|  |TAMS 0x0000000082100000, 0x0000000082000000| Complete 
|  33|0x0000000082100000, 0x0000000082200000, 0x0000000082200000|100%| O|  |TAMS 0x0000000082200000, 0x0000000082100000| Untracked 
|  34|0x0000000082200000, 0x0000000082300000, 0x0000000082300000|100%| O|  |TAMS 0x0000000082300000, 0x0000000082200000| Untracked 
|  35|0x0000000082300000, 0x0000000082400000, 0x0000000082400000|100%| O|  |TAMS 0x0000000082400000, 0x0000000082300000| Untracked 
|  36|0x0000000082400000, 0x0000000082500000, 0x0000000082500000|100%| O|  |TAMS 0x0000000082500000, 0x0000000082400000| Untracked 
|  37|0x0000000082500000, 0x0000000082600000, 0x0000000082600000|100%| O|  |TAMS 0x0000000082600000, 0x0000000082500000| Untracked 
|  38|0x0000000082600000, 0x0000000082700000, 0x0000000082700000|100%| O|  |TAMS 0x0000000082700000, 0x0000000082600000| Untracked 
|  39|0x0000000082700000, 0x0000000082800000, 0x0000000082800000|100%| O|  |TAMS 0x0000000082800000, 0x0000000082700000| Untracked 
|  40|0x0000000082800000, 0x0000000082900000, 0x0000000082900000|100%| O|  |TAMS 0x0000000082900000, 0x0000000082800000| Untracked 
|  41|0x0000000082900000, 0x0000000082a00000, 0x0000000082a00000|100%| O|  |TAMS 0x0000000082a00000, 0x0000000082900000| Untracked 
|  42|0x0000000082a00000, 0x0000000082b00000, 0x0000000082b00000|100%| O|  |TAMS 0x0000000082a61400, 0x0000000082a00000| Untracked 
|  43|0x0000000082b00000, 0x0000000082c00000, 0x0000000082c00000|100%| O|  |TAMS 0x0000000082b00000, 0x0000000082b00000| Untracked 
|  44|0x0000000082c00000, 0x0000000082d00000, 0x0000000082d00000|100%| O|  |TAMS 0x0000000082c00000, 0x0000000082c00000| Untracked 
|  45|0x0000000082d00000, 0x0000000082e00000, 0x0000000082e00000|100%| O|  |TAMS 0x0000000082d00000, 0x0000000082d00000| Untracked 
|  46|0x0000000082e00000, 0x0000000082f00000, 0x0000000082f00000|100%| O|  |TAMS 0x0000000082e00000, 0x0000000082e00000| Untracked 
|  47|0x0000000082f00000, 0x0000000083000000, 0x0000000083000000|100%| O|  |TAMS 0x0000000082f00000, 0x0000000082f00000| Untracked 
|  48|0x0000000083000000, 0x0000000083100000, 0x0000000083100000|100%| O|  |TAMS 0x0000000083000000, 0x0000000083000000| Untracked 
|  49|0x0000000083100000, 0x0000000083200000, 0x0000000083200000|100%| O|  |TAMS 0x0000000083100000, 0x0000000083100000| Untracked 
|  50|0x0000000083200000, 0x0000000083300000, 0x0000000083300000|100%| O|  |TAMS 0x0000000083200000, 0x0000000083200000| Untracked 
|  51|0x0000000083300000, 0x0000000083400000, 0x0000000083400000|100%| O|  |TAMS 0x0000000083300000, 0x0000000083300000| Untracked 
|  52|0x0000000083400000, 0x0000000083500000, 0x0000000083500000|100%| O|  |TAMS 0x0000000083400000, 0x0000000083400000| Untracked 
|  53|0x0000000083500000, 0x0000000083600000, 0x0000000083600000|100%| O|  |TAMS 0x0000000083500000, 0x0000000083500000| Untracked 
|  54|0x0000000083600000, 0x0000000083700000, 0x0000000083700000|100%| O|  |TAMS 0x0000000083600000, 0x0000000083600000| Untracked 
|  55|0x0000000083700000, 0x0000000083800000, 0x0000000083800000|100%| O|  |TAMS 0x0000000083700000, 0x0000000083700000| Untracked 
|  56|0x0000000083800000, 0x0000000083900000, 0x0000000083900000|100%| O|  |TAMS 0x0000000083800000, 0x0000000083800000| Untracked 
|  57|0x0000000083900000, 0x0000000083a00000, 0x0000000083a00000|100%| O|  |TAMS 0x0000000083900000, 0x0000000083900000| Untracked 
|  58|0x0000000083a00000, 0x0000000083b00000, 0x0000000083b00000|100%| O|  |TAMS 0x0000000083a00000, 0x0000000083a00000| Untracked 
|  59|0x0000000083b00000, 0x0000000083c00000, 0x0000000083c00000|100%| O|  |TAMS 0x0000000083b00000, 0x0000000083b00000| Untracked 
|  60|0x0000000083c00000, 0x0000000083d00000, 0x0000000083d00000|100%| O|  |TAMS 0x0000000083c00000, 0x0000000083c00000| Untracked 
|  61|0x0000000083d00000, 0x0000000083e00000, 0x0000000083e00000|100%| O|  |TAMS 0x0000000083d00000, 0x0000000083d00000| Untracked 
|  62|0x0000000083e00000, 0x0000000083f00000, 0x0000000083f00000|100%| O|  |TAMS 0x0000000083e00000, 0x0000000083e00000| Untracked 
|  63|0x0000000083f00000, 0x0000000083f56200, 0x0000000084000000| 33%| O|  |TAMS 0x0000000083f00000, 0x0000000083f00000| Untracked 
|  64|0x0000000084000000, 0x0000000084000000, 0x0000000084100000|  0%| F|  |TAMS 0x0000000084000000, 0x0000000084000000| Untracked 
|  65|0x0000000084100000, 0x0000000084100000, 0x0000000084200000|  0%| F|  |TAMS 0x0000000084100000, 0x0000000084100000| Untracked 
|  66|0x0000000084200000, 0x0000000084200000, 0x0000000084300000|  0%| F|  |TAMS 0x0000000084200000, 0x0000000084200000| Untracked 
|  67|0x0000000084300000, 0x0000000084300000, 0x0000000084400000|  0%| F|  |TAMS 0x0000000084300000, 0x0000000084300000| Untracked 
|  68|0x0000000084400000, 0x0000000084400000, 0x0000000084500000|  0%| F|  |TAMS 0x0000000084400000, 0x0000000084400000| Untracked 
|  69|0x0000000084500000, 0x0000000084500000, 0x0000000084600000|  0%| F|  |TAMS 0x0000000084500000, 0x0000000084500000| Untracked 
|  70|0x0000000084600000, 0x0000000084600000, 0x0000000084700000|  0%| F|  |TAMS 0x0000000084600000, 0x0000000084600000| Untracked 
|  71|0x0000000084700000, 0x0000000084700000, 0x0000000084800000|  0%| F|  |TAMS 0x0000000084700000, 0x0000000084700000| Untracked 
|  72|0x0000000084800000, 0x0000000084800000, 0x0000000084900000|  0%| F|  |TAMS 0x0000000084800000, 0x0000000084800000| Untracked 
|  73|0x0000000084900000, 0x0000000084900000, 0x0000000084a00000|  0%| F|  |TAMS 0x0000000084900000, 0x0000000084900000| Untracked 
|  74|0x0000000084a00000, 0x0000000084a00000, 0x0000000084b00000|  0%| F|  |TAMS 0x0000000084a00000, 0x0000000084a00000| Untracked 
|  75|0x0000000084b00000, 0x0000000084b00000, 0x0000000084c00000|  0%| F|  |TAMS 0x0000000084b00000, 0x0000000084b00000| Untracked 
|  76|0x0000000084c00000, 0x0000000084c00000, 0x0000000084d00000|  0%| F|  |TAMS 0x0000000084c00000, 0x0000000084c00000| Untracked 
|  77|0x0000000084d00000, 0x0000000084d00000, 0x0000000084e00000|  0%| F|  |TAMS 0x0000000084d00000, 0x0000000084d00000| Untracked 
|  78|0x0000000084e00000, 0x0000000084e00000, 0x0000000084f00000|  0%| F|  |TAMS 0x0000000084e00000, 0x0000000084e00000| Untracked 
|  79|0x0000000084f00000, 0x0000000084f00000, 0x0000000085000000|  0%| F|  |TAMS 0x0000000084f00000, 0x0000000084f00000| Untracked 
|  80|0x0000000085000000, 0x0000000085000000, 0x0000000085100000|  0%| F|  |TAMS 0x0000000085000000, 0x0000000085000000| Untracked 
|  81|0x0000000085100000, 0x0000000085200000, 0x0000000085200000|100%| S|CS|TAMS 0x0000000085100000, 0x0000000085100000| Complete 
|  82|0x0000000085200000, 0x0000000085300000, 0x0000000085300000|100%| S|CS|TAMS 0x0000000085200000, 0x0000000085200000| Complete 
|  83|0x0000000085300000, 0x0000000085400000, 0x0000000085400000|100%| S|CS|TAMS 0x0000000085300000, 0x0000000085300000| Complete 
|  84|0x0000000085400000, 0x0000000085500000, 0x0000000085500000|100%| S|CS|TAMS 0x0000000085400000, 0x0000000085400000| Complete 
|  85|0x0000000085500000, 0x0000000085600000, 0x0000000085600000|100%| S|CS|TAMS 0x0000000085500000, 0x0000000085500000| Complete 
|  86|0x0000000085600000, 0x0000000085600000, 0x0000000085700000|  0%| F|  |TAMS 0x0000000085600000, 0x0000000085600000| Untracked 
|  87|0x0000000085700000, 0x0000000085700000, 0x0000000085800000|  0%| F|  |TAMS 0x0000000085700000, 0x0000000085700000| Untracked 
|  88|0x0000000085800000, 0x0000000085800000, 0x0000000085900000|  0%| F|  |TAMS 0x0000000085800000, 0x0000000085800000| Untracked 
|  89|0x0000000085900000, 0x0000000085900000, 0x0000000085a00000|  0%| F|  |TAMS 0x0000000085900000, 0x0000000085900000| Untracked 
|  90|0x0000000085a00000, 0x0000000085a00000, 0x0000000085b00000|  0%| F|  |TAMS 0x0000000085a00000, 0x0000000085a00000| Untracked 
|  91|0x0000000085b00000, 0x0000000085b00000, 0x0000000085c00000|  0%| F|  |TAMS 0x0000000085b00000, 0x0000000085b00000| Untracked 
|  92|0x0000000085c00000, 0x0000000085c00000, 0x0000000085d00000|  0%| F|  |TAMS 0x0000000085c00000, 0x0000000085c00000| Untracked 
|  93|0x0000000085d00000, 0x0000000085d00000, 0x0000000085e00000|  0%| F|  |TAMS 0x0000000085d00000, 0x0000000085d00000| Untracked 
|  94|0x0000000085e00000, 0x0000000085e00000, 0x0000000085f00000|  0%| F|  |TAMS 0x0000000085e00000, 0x0000000085e00000| Untracked 
|  95|0x0000000085f00000, 0x0000000085f00000, 0x0000000086000000|  0%| F|  |TAMS 0x0000000085f00000, 0x0000000085f00000| Untracked 
|  96|0x0000000086000000, 0x0000000086000000, 0x0000000086100000|  0%| F|  |TAMS 0x0000000086000000, 0x0000000086000000| Untracked 
|  97|0x0000000086100000, 0x0000000086100000, 0x0000000086200000|  0%| F|  |TAMS 0x0000000086100000, 0x0000000086100000| Untracked 
|  98|0x0000000086200000, 0x0000000086200000, 0x0000000086300000|  0%| F|  |TAMS 0x0000000086200000, 0x0000000086200000| Untracked 
|  99|0x0000000086300000, 0x0000000086300000, 0x0000000086400000|  0%| F|  |TAMS 0x0000000086300000, 0x0000000086300000| Untracked 
| 100|0x0000000086400000, 0x0000000086400000, 0x0000000086500000|  0%| F|  |TAMS 0x0000000086400000, 0x0000000086400000| Untracked 
| 101|0x0000000086500000, 0x0000000086500000, 0x0000000086600000|  0%| F|  |TAMS 0x0000000086500000, 0x0000000086500000| Untracked 
| 102|0x0000000086600000, 0x0000000086600000, 0x0000000086700000|  0%| F|  |TAMS 0x0000000086600000, 0x0000000086600000| Untracked 
| 103|0x0000000086700000, 0x0000000086700000, 0x0000000086800000|  0%| F|  |TAMS 0x0000000086700000, 0x0000000086700000| Untracked 
| 104|0x0000000086800000, 0x0000000086800000, 0x0000000086900000|  0%| F|  |TAMS 0x0000000086800000, 0x0000000086800000| Untracked 
| 105|0x0000000086900000, 0x0000000086900000, 0x0000000086a00000|  0%| F|  |TAMS 0x0000000086900000, 0x0000000086900000| Untracked 
| 106|0x0000000086a00000, 0x0000000086a00000, 0x0000000086b00000|  0%| F|  |TAMS 0x0000000086a00000, 0x0000000086a00000| Untracked 
| 107|0x0000000086b00000, 0x0000000086b00000, 0x0000000086c00000|  0%| F|  |TAMS 0x0000000086b00000, 0x0000000086b00000| Untracked 
| 108|0x0000000086c00000, 0x0000000086c00000, 0x0000000086d00000|  0%| F|  |TAMS 0x0000000086c00000, 0x0000000086c00000| Untracked 
| 109|0x0000000086d00000, 0x0000000086d00000, 0x0000000086e00000|  0%| F|  |TAMS 0x0000000086d00000, 0x0000000086d00000| Untracked 
| 110|0x0000000086e00000, 0x0000000086e00000, 0x0000000086f00000|  0%| F|  |TAMS 0x0000000086e00000, 0x0000000086e00000| Untracked 
| 111|0x0000000086f00000, 0x0000000086f00000, 0x0000000087000000|  0%| F|  |TAMS 0x0000000086f00000, 0x0000000086f00000| Untracked 
| 112|0x0000000087000000, 0x0000000087000000, 0x0000000087100000|  0%| F|  |TAMS 0x0000000087000000, 0x0000000087000000| Untracked 
| 113|0x0000000087100000, 0x0000000087100000, 0x0000000087200000|  0%| F|  |TAMS 0x0000000087100000, 0x0000000087100000| Untracked 
| 114|0x0000000087200000, 0x0000000087200000, 0x0000000087300000|  0%| F|  |TAMS 0x0000000087200000, 0x0000000087200000| Untracked 
| 115|0x0000000087300000, 0x0000000087300000, 0x0000000087400000|  0%| F|  |TAMS 0x0000000087300000, 0x0000000087300000| Untracked 
| 116|0x0000000087400000, 0x0000000087400000, 0x0000000087500000|  0%| F|  |TAMS 0x0000000087400000, 0x0000000087400000| Untracked 
| 117|0x0000000087500000, 0x0000000087500000, 0x0000000087600000|  0%| F|  |TAMS 0x0000000087500000, 0x0000000087500000| Untracked 
| 118|0x0000000087600000, 0x0000000087600000, 0x0000000087700000|  0%| F|  |TAMS 0x0000000087600000, 0x0000000087600000| Untracked 
| 119|0x0000000087700000, 0x0000000087700000, 0x0000000087800000|  0%| F|  |TAMS 0x0000000087700000, 0x0000000087700000| Untracked 
| 120|0x0000000087800000, 0x0000000087800000, 0x0000000087900000|  0%| F|  |TAMS 0x0000000087800000, 0x0000000087800000| Untracked 
| 121|0x0000000087900000, 0x0000000087900000, 0x0000000087a00000|  0%| F|  |TAMS 0x0000000087900000, 0x0000000087900000| Untracked 
| 122|0x0000000087a00000, 0x0000000087a00000, 0x0000000087b00000|  0%| F|  |TAMS 0x0000000087a00000, 0x0000000087a00000| Untracked 
| 123|0x0000000087b00000, 0x0000000087b00000, 0x0000000087c00000|  0%| F|  |TAMS 0x0000000087b00000, 0x0000000087b00000| Untracked 
| 124|0x0000000087c00000, 0x0000000087c00000, 0x0000000087d00000|  0%| F|  |TAMS 0x0000000087c00000, 0x0000000087c00000| Untracked 
| 125|0x0000000087d00000, 0x0000000087d00000, 0x0000000087e00000|  0%| F|  |TAMS 0x0000000087d00000, 0x0000000087d00000| Untracked 
| 126|0x0000000087e00000, 0x0000000087e00000, 0x0000000087f00000|  0%| F|  |TAMS 0x0000000087e00000, 0x0000000087e00000| Untracked 
| 127|0x0000000087f00000, 0x0000000087f00000, 0x0000000088000000|  0%| F|  |TAMS 0x0000000087f00000, 0x0000000087f00000| Untracked 
| 128|0x0000000088000000, 0x0000000088000000, 0x0000000088100000|  0%| F|  |TAMS 0x0000000088000000, 0x0000000088000000| Untracked 
| 129|0x0000000088100000, 0x0000000088100000, 0x0000000088200000|  0%| F|  |TAMS 0x0000000088100000, 0x0000000088100000| Untracked 
| 130|0x0000000088200000, 0x0000000088200000, 0x0000000088300000|  0%| F|  |TAMS 0x0000000088200000, 0x0000000088200000| Untracked 
| 131|0x0000000088300000, 0x0000000088300000, 0x0000000088400000|  0%| F|  |TAMS 0x0000000088300000, 0x0000000088300000| Untracked 
| 132|0x0000000088400000, 0x0000000088400000, 0x0000000088500000|  0%| F|  |TAMS 0x0000000088400000, 0x0000000088400000| Untracked 
| 133|0x0000000088500000, 0x0000000088500000, 0x0000000088600000|  0%| F|  |TAMS 0x0000000088500000, 0x0000000088500000| Untracked 
| 134|0x0000000088600000, 0x0000000088600000, 0x0000000088700000|  0%| F|  |TAMS 0x0000000088600000, 0x0000000088600000| Untracked 

Card table byte_map: [0x000001c1457a0000,0x000001c145ba0000] _byte_map_base: 0x000001c1453a0000

Marking Bits (Prev, Next): (CMBitMap*) 0x000001c1322c9088, (CMBitMap*) 0x000001c1322c90c0
 Prev Bits: [0x000001c145fa0000, 0x000001c147fa0000)
 Next Bits: [0x000001c147fa0000, 0x000001c149fa0000)

Polling page: 0x000001c130a10000

Metaspace:

Usage:
  Non-class:     70.17 MB capacity,    68.87 MB ( 98%) used,     1.08 MB (  2%) free+waste,   231.44 KB ( <1%) overhead. 
      Class:     11.02 MB capacity,    10.26 MB ( 93%) used,   676.20 KB (  6%) free+waste,   106.06 KB ( <1%) overhead. 
       Both:     81.19 MB capacity,    79.12 MB ( 97%) used,     1.74 MB (  2%) free+waste,   337.50 KB ( <1%) overhead. 

Virtual space:
  Non-class space:       72.00 MB reserved,      70.29 MB ( 98%) committed 
      Class space:        1.00 GB reserved,      11.07 MB (  1%) committed 
             Both:        1.07 GB reserved,      81.36 MB (  7%) committed 

Chunk freelists:
   Non-Class:  54.00 KB
       Class:  10.00 KB
        Both:  64.00 KB

MaxMetaspaceSize: 17179869184.00 GB
CompressedClassSpaceSize: 1.00 GB

CodeHeap 'non-profiled nmethods': size=120064Kb used=3912Kb max_used=3912Kb free=116151Kb
 bounds [0x000001c13d840000, 0x000001c13dc20000, 0x000001c144d80000]
CodeHeap 'profiled nmethods': size=120000Kb used=18343Kb max_used=18343Kb free=101656Kb
 bounds [0x000001c136310000, 0x000001c137500000, 0x000001c13d840000]
CodeHeap 'non-nmethods': size=5696Kb used=2272Kb max_used=2314Kb free=3423Kb
 bounds [0x000001c135d80000, 0x000001c135ff0000, 0x000001c136310000]
 total_blobs=10395 nmethods=9525 adapters=781
 compilation: enabled
              stopped_count=0, restarted_count=0
 full_count=0

Compilation events (20 events):
Event: 22.203 Thread 0x000001c14c5cf800 nmethod 9675 0x000001c1374f1490 code [0x000001c1374f1640, 0x000001c1374f18b8]
Event: 22.206 Thread 0x000001c14c5cf800 9676       3       org.gradle.internal.operations.DefaultBuildOperationExecutor$$Lambda$153/0x0000000100301c40::apply (16 bytes)
Event: 22.206 Thread 0x000001c14c5cf800 nmethod 9676 0x000001c1374f1990 code [0x000001c1374f1b60, 0x000001c1374f1e88]
Event: 22.206 Thread 0x000001c14c5cf800 9677       3       org.gradle.internal.operations.DefaultBuildOperationExecutor::lambda$call$2 (11 bytes)
Event: 22.207 Thread 0x000001c14c5cf800 nmethod 9677 0x000001c1374f2010 code [0x000001c1374f21c0, 0x000001c1374f2388]
Event: 22.213 Thread 0x000001c14c5cf800 9678       1       org.gradle.internal.snapshot.impl.IsolatedEnumValueSnapshot::isolate (5 bytes)
Event: 22.213 Thread 0x000001c14c5cf800 nmethod 9678 0x000001c13dc11b10 code [0x000001c13dc11cc0, 0x000001c13dc11d78]
Event: 22.213 Thread 0x000001c14c5cf800 9679       3       com.google.common.reflect.TypeToken::getCovariantTypeResolver (24 bytes)
Event: 22.214 Thread 0x000001c14c5cf800 nmethod 9679 0x000001c1374f2490 code [0x000001c1374f26c0, 0x000001c1374f2e78]
Event: 22.233 Thread 0x000001c14c5cf800 9682       3       org.gradle.internal.snapshot.MissingFileSnapshot::getType (4 bytes)
Event: 22.234 Thread 0x000001c14c5cf800 nmethod 9682 0x000001c1374f3110 code [0x000001c1374f32c0, 0x000001c1374f33d8]
Event: 22.234 Thread 0x000001c14c5cf800 9683   !   3       java.util.concurrent.ConcurrentHashMap::clear (176 bytes)
Event: 22.235 Thread 0x000001c14c5cf800 nmethod 9683 0x000001c1374f3490 code [0x000001c1374f3720, 0x000001c1374f46d8]
Event: 22.235 Thread 0x000001c14c5cf800 9685 %     3       org.gradle.internal.file.DefaultFileHierarchySet$Node::plus @ 139 (337 bytes)
Event: 22.239 Thread 0x000001c14c5cf800 nmethod 9685% 0x000001c1374f4c10 code [0x000001c1374f5180, 0x000001c1374f82e8]
Event: 22.239 Thread 0x000001c14c5cf800 9684       3       org.gradle.cache.internal.DefaultFileContentCacheFactory$DefaultFileContentCache::beforeOutputChange (10 bytes)
Event: 22.239 Thread 0x000001c14c5cf800 nmethod 9684 0x000001c1374f9390 code [0x000001c1374f9540, 0x000001c1374f9708]
Event: 22.239 Thread 0x000001c14c5cf800 9687       3       org.gradle.internal.execution.steps.CreateOutputsStep$1::visitOutputProperty (7 bytes)
Event: 22.239 Thread 0x000001c14c5cf800 nmethod 9687 0x000001c1374f9810 code [0x000001c1374f99e0, 0x000001c1374f9b68]
Event: 22.239 Thread 0x000001c14c5cf800 9686       1       org.gradle.internal.snapshot.EmptyChildMap::isEmpty (2 bytes)

GC Heap History (20 events):
Event: 12.697 GC heap after
{Heap after GC invocations=20 (full 0):
 garbage-first heap   total 95232K, used 43609K [0x0000000080000000, 0x0000000100000000)
  region size 1024K, 2 young (2048K), 2 survivors (2048K)
 Metaspace       used 55556K, capacity 56954K, committed 57084K, reserved 1099776K
  class space    used 7010K, capacity 7500K, committed 7552K, reserved 1048576K
}
Event: 13.114 GC heap before
{Heap before GC invocations=20 (full 0):
 garbage-first heap   total 95232K, used 62041K [0x0000000080000000, 0x0000000100000000)
  region size 1024K, 21 young (21504K), 2 survivors (2048K)
 Metaspace       used 58466K, capacity 59874K, committed 59940K, reserved 1101824K
  class space    used 7389K, capacity 7919K, committed 7936K, reserved 1048576K
}
Event: 13.124 GC heap after
{Heap after GC invocations=21 (full 0):
 garbage-first heap   total 95232K, used 45018K [0x0000000080000000, 0x0000000100000000)
  region size 1024K, 3 young (3072K), 3 survivors (3072K)
 Metaspace       used 58466K, capacity 59874K, committed 59940K, reserved 1101824K
  class space    used 7389K, capacity 7919K, committed 7936K, reserved 1048576K
}
Event: 13.911 GC heap before
{Heap before GC invocations=22 (full 0):
 garbage-first heap   total 95232K, used 73690K [0x0000000080000000, 0x0000000100000000)
  region size 1024K, 32 young (32768K), 3 survivors (3072K)
 Metaspace       used 61107K, capacity 62541K, committed 62576K, reserved 1103872K
  class space    used 7713K, capacity 8246K, committed 8268K, reserved 1048576K
}
Event: 13.924 GC heap after
{Heap after GC invocations=23 (full 0):
 garbage-first heap   total 114688K, used 47493K [0x0000000080000000, 0x0000000100000000)
  region size 1024K, 4 young (4096K), 4 survivors (4096K)
 Metaspace       used 61107K, capacity 62541K, committed 62576K, reserved 1103872K
  class space    used 7713K, capacity 8246K, committed 8268K, reserved 1048576K
}
Event: 14.589 GC heap before
{Heap before GC invocations=24 (full 0):
 garbage-first heap   total 114688K, used 86405K [0x0000000080000000, 0x0000000100000000)
  region size 1024K, 41 young (41984K), 4 survivors (4096K)
 Metaspace       used 63310K, capacity 64883K, committed 65008K, reserved 1105920K
  class space    used 8029K, capacity 8592K, committed 8652K, reserved 1048576K
}
Event: 14.603 GC heap after
{Heap after GC invocations=25 (full 0):
 garbage-first heap   total 114688K, used 50401K [0x0000000080000000, 0x0000000100000000)
  region size 1024K, 6 young (6144K), 6 survivors (6144K)
 Metaspace       used 63310K, capacity 64883K, committed 65008K, reserved 1105920K
  class space    used 8029K, capacity 8592K, committed 8652K, reserved 1048576K
}
Event: 15.109 GC heap before
{Heap before GC invocations=25 (full 0):
 garbage-first heap   total 114688K, used 87265K [0x0000000080000000, 0x0000000100000000)
  region size 1024K, 42 young (43008K), 6 survivors (6144K)
 Metaspace       used 65878K, capacity 67534K, committed 67824K, reserved 1107968K
  class space    used 8427K, capacity 9027K, committed 9164K, reserved 1048576K
}
Event: 15.130 GC heap after
{Heap after GC invocations=26 (full 0):
 garbage-first heap   total 114688K, used 53204K [0x0000000080000000, 0x0000000100000000)
  region size 1024K, 6 young (6144K), 6 survivors (6144K)
 Metaspace       used 65878K, capacity 67534K, committed 67824K, reserved 1107968K
  class space    used 8427K, capacity 9027K, committed 9164K, reserved 1048576K
}
Event: 15.726 GC heap before
{Heap before GC invocations=26 (full 0):
 garbage-first heap   total 114688K, used 90068K [0x0000000080000000, 0x0000000100000000)
  region size 1024K, 42 young (43008K), 6 survivors (6144K)
 Metaspace       used 68686K, capacity 70284K, committed 70512K, reserved 1110016K
  class space    used 8877K, capacity 9467K, committed 9548K, reserved 1048576K
}
Event: 15.743 GC heap after
{Heap after GC invocations=27 (full 0):
 garbage-first heap   total 114688K, used 56329K [0x0000000080000000, 0x0000000100000000)
  region size 1024K, 6 young (6144K), 6 survivors (6144K)
 Metaspace       used 68686K, capacity 70284K, committed 70512K, reserved 1110016K
  class space    used 8877K, capacity 9467K, committed 9548K, reserved 1048576K
}
Event: 16.178 GC heap before
{Heap before GC invocations=27 (full 0):
 garbage-first heap   total 114688K, used 91145K [0x0000000080000000, 0x0000000100000000)
  region size 1024K, 40 young (40960K), 6 survivors (6144K)
 Metaspace       used 70468K, capacity 72168K, committed 72304K, reserved 1112064K
  class space    used 9134K, capacity 9751K, committed 9804K, reserved 1048576K
}
Event: 16.199 GC heap after
{Heap after GC invocations=28 (full 0):
 garbage-first heap   total 138240K, used 58616K [0x0000000080000000, 0x0000000100000000)
  region size 1024K, 5 young (5120K), 5 survivors (5120K)
 Metaspace       used 70468K, capacity 72168K, committed 72304K, reserved 1112064K
  class space    used 9134K, capacity 9751K, committed 9804K, reserved 1048576K
}
Event: 17.068 GC heap before
{Heap before GC invocations=28 (full 0):
 garbage-first heap   total 138240K, used 102648K [0x0000000080000000, 0x0000000100000000)
  region size 1024K, 48 young (49152K), 5 survivors (5120K)
 Metaspace       used 75597K, capacity 77406K, committed 77680K, reserved 1116160K
  class space    used 9843K, capacity 10520K, committed 10572K, reserved 1048576K
}
Event: 17.095 GC heap after
{Heap after GC invocations=29 (full 0):
 garbage-first heap   total 138240K, used 61184K [0x0000000080000000, 0x0000000100000000)
  region size 1024K, 5 young (5120K), 5 survivors (5120K)
 Metaspace       used 75597K, capacity 77406K, committed 77680K, reserved 1116160K
  class space    used 9843K, capacity 10520K, committed 10572K, reserved 1048576K
}
Event: 18.298 GC heap before
{Heap before GC invocations=29 (full 0):
 garbage-first heap   total 138240K, used 106240K [0x0000000080000000, 0x0000000100000000)
  region size 1024K, 49 young (50176K), 5 survivors (5120K)
 Metaspace       used 78363K, capacity 80304K, committed 80368K, reserved 1118208K
  class space    used 10229K, capacity 10927K, committed 10956K, reserved 1048576K
}
Event: 18.318 GC heap after
{Heap after GC invocations=30 (full 0):
 garbage-first heap   total 138240K, used 64991K [0x0000000080000000, 0x0000000100000000)
  region size 1024K, 7 young (7168K), 7 survivors (7168K)
 Metaspace       used 78363K, capacity 80304K, committed 80368K, reserved 1118208K
  class space    used 10229K, capacity 10927K, committed 10956K, reserved 1048576K
}
Event: 19.461 GC heap before
{Heap before GC invocations=30 (full 0):
 garbage-first heap   total 138240K, used 107999K [0x0000000080000000, 0x0000000100000000)
  region size 1024K, 50 young (51200K), 7 survivors (7168K)
 Metaspace       used 79807K, capacity 81917K, committed 82160K, reserved 1120256K
  class space    used 10433K, capacity 11197K, committed 11212K, reserved 1048576K
}
Event: 19.481 GC heap after
{Heap after GC invocations=31 (full 0):
 garbage-first heap   total 138240K, used 68084K [0x0000000080000000, 0x0000000100000000)
  region size 1024K, 7 young (7168K), 7 survivors (7168K)
 Metaspace       used 79807K, capacity 81917K, committed 82160K, reserved 1120256K
  class space    used 10433K, capacity 11197K, committed 11212K, reserved 1048576K
}
Event: 22.240 GC heap before
{Heap before GC invocations=31 (full 0):
 garbage-first heap   total 138240K, used 111092K [0x0000000080000000, 0x0000000100000000)
  region size 1024K, 50 young (51200K), 7 survivors (7168K)
 Metaspace       used 81022K, capacity 83140K, committed 83312K, reserved 1122304K
  class space    used 10503K, capacity 11286K, committed 11340K, reserved 1048576K
}

Deoptimization events (20 events):
Event: 21.455 Thread 0x000001c15148d800 DEOPT PACKING pc=0x000001c13dbc5110 sp=0x0000003058bfab30
Event: 21.455 Thread 0x000001c15148d800 DEOPT UNPACKING pc=0x000001c135da78af sp=0x0000003058bfaab8 mode 2
Event: 21.459 Thread 0x000001c15148d800 Uncommon trap: trap_request=0xffffff4d fr.pc=0x000001c13db9b0ac relative=0x000000000000038c
Event: 21.459 Thread 0x000001c15148d800 Uncommon trap: reason=unstable_if action=reinterpret pc=0x000001c13db9b0ac method=java.util.stream.StreamOpFlag.getMask(I)I @ 1 c2
Event: 21.459 Thread 0x000001c15148d800 DEOPT PACKING pc=0x000001c13db9b0ac sp=0x0000003058bfb2a0
Event: 21.459 Thread 0x000001c15148d800 DEOPT UNPACKING pc=0x000001c135da78af sp=0x0000003058bfb190 mode 2
Event: 21.599 Thread 0x000001c15148d800 Uncommon trap: trap_request=0xffffff4d fr.pc=0x000001c13d90b154 relative=0x00000000000008f4
Event: 21.599 Thread 0x000001c15148d800 Uncommon trap: reason=unstable_if action=reinterpret pc=0x000001c13d90b154 method=java.lang.Integer.stringSize(I)I @ 19 c2
Event: 21.599 Thread 0x000001c15148d800 DEOPT PACKING pc=0x000001c13d90b154 sp=0x0000003058bfa270
Event: 21.599 Thread 0x000001c15148d800 DEOPT UNPACKING pc=0x000001c135da78af sp=0x0000003058bfa1c8 mode 2
Event: 21.652 Thread 0x000001c14e871800 DEOPT PACKING pc=0x000001c136faa3ad sp=0x00000030571fcd40
Event: 21.652 Thread 0x000001c14e871800 DEOPT UNPACKING pc=0x000001c135da76ce sp=0x00000030571fc200 mode 0
Event: 21.834 Thread 0x000001c151486000 DEOPT PACKING pc=0x000001c13707bc0e sp=0x00000030585fb000
Event: 21.834 Thread 0x000001c151486000 DEOPT UNPACKING pc=0x000001c135da76ce sp=0x00000030585fa548 mode 0
Event: 21.960 Thread 0x000001c151486000 Uncommon trap: trap_request=0xffffff4d fr.pc=0x000001c13dba4414 relative=0x0000000000000354
Event: 21.960 Thread 0x000001c151486000 Uncommon trap: reason=unstable_if action=reinterpret pc=0x000001c13dba4414 method=java.util.concurrent.ConcurrentLinkedQueue.offer(Ljava/lang/Object;)Z @ 42 c2
Event: 21.960 Thread 0x000001c151486000 DEOPT PACKING pc=0x000001c13dba4414 sp=0x00000030585fbfb0
Event: 21.960 Thread 0x000001c151486000 DEOPT UNPACKING pc=0x000001c135da78af sp=0x00000030585fbf60 mode 2
Event: 22.154 Thread 0x000001c15148c800 DEOPT PACKING pc=0x000001c13707bc67 sp=0x00000030587fb2b0
Event: 22.154 Thread 0x000001c15148c800 DEOPT UNPACKING pc=0x000001c135da76ce sp=0x00000030587fa7f8 mode 0

Classes redefined (0 events):
No events

Internal exceptions (20 events):
Event: 17.235 Thread 0x000001c14ded5000 Exception <a 'java/lang/ClassNotFoundException'{0x0000000087c5dda8}: org/gradle/api/internal/file/CompositeFileCollectionBeanInfo> (0x0000000087c5dda8) thrown at [./src/hotspot/share/classfile/systemDictionary.cpp, line 231]
Event: 17.235 Thread 0x000001c14ded5000 Exception <a 'java/lang/ClassNotFoundException'{0x0000000087c77740}: org/gradle/api/internal/file/CompositeFileCollectionCustomizer> (0x0000000087c77740) thrown at [./src/hotspot/share/classfile/systemDictionary.cpp, line 231]
Event: 17.236 Thread 0x000001c14ded5000 Exception <a 'java/lang/ClassNotFoundException'{0x0000000087c9d050}: org/gradle/api/internal/file/collections/DefaultConfigurableFileCollectionCustomizer> (0x0000000087c9d050) thrown at [./src/hotspot/share/classfile/systemDictionary.cpp, line 231]
Event: 17.688 Thread 0x000001c14e871800 Exception <a 'java/lang/NoSuchMethodError'{0x0000000086a88c90}: <clinit>> (0x0000000086a88c90) thrown at [./src/hotspot/share/prims/jni.cpp, line 1362]
Event: 17.690 Thread 0x000001c14e871800 Exception <a 'java/lang/NoSuchMethodError'{0x0000000086a94600}: <clinit>> (0x0000000086a94600) thrown at [./src/hotspot/share/prims/jni.cpp, line 1362]
Event: 17.699 Thread 0x000001c14e871800 Exception <a 'java/lang/NoSuchMethodError'{0x0000000086ad94d8}: <clinit>> (0x0000000086ad94d8) thrown at [./src/hotspot/share/prims/jni.cpp, line 1362]
Event: 17.701 Thread 0x000001c14e871800 Exception <a 'java/lang/NoSuchMethodError'{0x0000000086aed320}: <clinit>> (0x0000000086aed320) thrown at [./src/hotspot/share/prims/jni.cpp, line 1362]
Event: 17.701 Thread 0x000001c14e871800 Exception <a 'java/lang/NoSuchMethodError'{0x0000000086aeea78}: <clinit>> (0x0000000086aeea78) thrown at [./src/hotspot/share/prims/jni.cpp, line 1362]
Event: 17.732 Thread 0x000001c15148b000 Exception <a 'java/lang/NoSuchMethodError'{0x0000000086731ab8}: <clinit>> (0x0000000086731ab8) thrown at [./src/hotspot/share/prims/jni.cpp, line 1362]
Event: 17.735 Thread 0x000001c15148b000 Exception <a 'java/lang/NoSuchMethodError'{0x0000000086746130}: <clinit>> (0x0000000086746130) thrown at [./src/hotspot/share/prims/jni.cpp, line 1362]
Event: 17.744 Thread 0x000001c15148b000 Exception <a 'java/lang/NoSuchMethodError'{0x000000008675f3b8}: <clinit>> (0x000000008675f3b8) thrown at [./src/hotspot/share/prims/jni.cpp, line 1362]
Event: 17.828 Thread 0x000001c14e871800 Exception <a 'java/lang/NoSuchMethodError'{0x00000000865c4110}: <clinit>> (0x00000000865c4110) thrown at [./src/hotspot/share/prims/jni.cpp, line 1362]
Event: 17.874 Thread 0x000001c15148d800 Exception <a 'java/lang/NoSuchMethodError'{0x00000000865d48f0}: 'java.lang.Object java.lang.invoke.Invokers$Holder.linkToTargetMethod(java.lang.Object, java.lang.Object, java.lang.Object, int, java.lang.Object, java.lang.Object)'> (0x00000000865d48f0) thrown at [./src/hotspot/share/interpreter/linkResolver.cpp, line 773]
Event: 18.584 Thread 0x000001c151486000 Exception <a 'java/lang/NoSuchMethodError'{0x0000000087fe9058}: 'java.lang.Object java.lang.invoke.DirectMethodHandle$Holder.invokeSpecialIFC(java.lang.Object, java.lang.Object, java.lang.Object)'> (0x0000000087fe9058) thrown at [./src/hotspot/share/interpreter/linkResolver.cpp, line 773]
Event: 18.584 Thread 0x000001c15148c800 Exception <a 'java/lang/NoSuchMethodError'{0x0000000087ffc388}: 'java.lang.Object java.lang.invoke.DirectMethodHandle$Holder.invokeSpecialIFC(java.lang.Object, java.lang.Object, java.lang.Object)'> (0x0000000087ffc388) thrown at [./src/hotspot/share/interpreter/linkResolver.cpp, line 773]
Event: 18.675 Thread 0x000001c15148c800 Exception <a 'java/lang/NoSuchMethodError'{0x0000000087b577c8}: 'int java.lang.invoke.DirectMethodHandle$Holder.invokeStaticInit(java.lang.Object, java.lang.Object, java.lang.Object, java.lang.Object, java.lang.Object)'> (0x0000000087b577c8) thrown at [./src/hotspot/share/interpreter/linkResolver.cpp, line 773]
Event: 18.847 Thread 0x000001c15148a000 Exception <a 'java/lang/NoSuchMethodError'{0x0000000087617300}: 'void java.lang.invoke.DirectMethodHandle$Holder.invokeVirtual(java.lang.Object, java.lang.Object)'> (0x0000000087617300) thrown at [./src/hotspot/share/interpreter/linkResolver.cpp, line 773]
Event: 18.911 Thread 0x000001c15148a000 Exception <a 'java/lang/NoSuchMethodError'{0x0000000086ef07c8}: 'void java.lang.invoke.DirectMethodHandle$Holder.invokeStatic(java.lang.Object, java.lang.Object, java.lang.Object, java.lang.Object, java.lang.Object, java.lang.Object, java.lang.Object)'> (0x0000000086ef07c8) thrown at [./src/hotspot/share/interpreter/linkResolver.cpp, line 773]
Event: 21.456 Thread 0x000001c15148d800 Exception <a 'java/lang/IncompatibleClassChangeError'{0x0000000086c62248}: Found class java.lang.Object, but interface was expected> (0x0000000086c62248) thrown at [./src/hotspot/share/interpreter/linkResolver.cpp, line 839]
Event: 21.778 Thread 0x000001c14e871800 Exception <a 'java/lang/NoSuchMethodError'{0x0000000086539878}: <clinit>> (0x0000000086539878) thrown at [./src/hotspot/share/prims/jni.cpp, line 1362]

Events (20 events):
Event: 21.780 loading class org/gradle/internal/snapshot/SnapshotHierarchy
Event: 21.780 loading class org/gradle/internal/snapshot/SnapshotHierarchy done
Event: 21.780 loading class org/gradle/internal/watch/vfs/impl/WatchingVirtualFileSystem$3
Event: 21.780 loading class org/gradle/internal/watch/vfs/impl/WatchingVirtualFileSystem$3 done
Event: 21.781 loading class org/gradle/internal/snapshot/SnapshotHierarchy$NodeDiffListener
Event: 21.781 loading class org/gradle/internal/snapshot/SnapshotHierarchy$NodeDiffListener done
Event: 21.781 loading class org/gradle/internal/snapshot/SnapshotHierarchy
Event: 21.781 loading class org/gradle/internal/snapshot/SnapshotHierarchy done
Event: 21.781 loading class org/gradle/internal/snapshot/SnapshotHierarchy
Event: 21.781 loading class org/gradle/internal/snapshot/SnapshotHierarchy done
Event: 21.781 loading class org/gradle/internal/watch/vfs/impl/WatchingVirtualFileSystem$VfsChangeLoggingNodeDiffListener
Event: 21.781 loading class org/gradle/internal/watch/vfs/impl/WatchingVirtualFileSystem$VfsChangeLoggingNodeDiffListener done
Event: 21.782 Executing VM operation: Deoptimize
Event: 21.785 Executing VM operation: Deoptimize done
Event: 21.891 Executing VM operation: RevokeBias
Event: 21.891 Executing VM operation: RevokeBias done
Event: 21.933 Executing VM operation: BulkRevokeBias
Event: 21.935 Executing VM operation: BulkRevokeBias done
Event: 22.110 Loaded shared library C:\Program Files\Android\Android Studio\jre\bin\nio.dll
Event: 22.239 Executing VM operation: G1CollectForAllocation


Dynamic libraries:
0x00007ff6c3710000 - 0x00007ff6c371a000 	C:\Program Files\Android\Android Studio\jre\bin\java.exe
0x00007ff94e4b0000 - 0x00007ff94e6a5000 	C:\WINDOWS\SYSTEM32\ntdll.dll
0x00007ff94d580000 - 0x00007ff94d63e000 	C:\WINDOWS\System32\KERNEL32.DLL
0x00007ff94c060000 - 0x00007ff94c329000 	C:\WINDOWS\System32\KERNELBASE.dll
0x00007ff94bd20000 - 0x00007ff94be20000 	C:\WINDOWS\System32\ucrtbase.dll
0x00007ff945eb0000 - 0x00007ff945ec9000 	C:\Program Files\Android\Android Studio\jre\bin\jli.dll
0x00007ff94d7e0000 - 0x00007ff94d981000 	C:\WINDOWS\System32\USER32.dll
0x00007ff94bed0000 - 0x00007ff94bef2000 	C:\WINDOWS\System32\win32u.dll
0x00007ff94e3b0000 - 0x00007ff94e3db000 	C:\WINDOWS\System32\GDI32.dll
0x00007ff94c330000 - 0x00007ff94c43b000 	C:\WINDOWS\System32\gdi32full.dll
0x00007ff94bbd0000 - 0x00007ff94bc6d000 	C:\WINDOWS\System32\msvcp_win.dll
0x00007ff946600000 - 0x00007ff946617000 	C:\Program Files\Android\Android Studio\jre\bin\VCRUNTIME140.dll
0x00007ff93b930000 - 0x00007ff93bbca000 	C:\WINDOWS\WinSxS\amd64_microsoft.windows.common-controls_6595b64144ccf1df_6.0.19041.1110_none_60b5254171f9507e\COMCTL32.dll
0x00007ff94cbd0000 - 0x00007ff94cc6e000 	C:\WINDOWS\System32\msvcrt.dll
0x00007ff94cae0000 - 0x00007ff94cb10000 	C:\WINDOWS\System32\IMM32.DLL
0x00007ff944d50000 - 0x00007ff944ded000 	C:\Program Files\Android\Android Studio\jre\bin\msvcp140.dll
0x00007ff903bf0000 - 0x00007ff9046bf000 	C:\Program Files\Android\Android Studio\jre\bin\server\jvm.dll
0x00007ff94cb10000 - 0x00007ff94cbbc000 	C:\WINDOWS\System32\ADVAPI32.dll
0x00007ff94da20000 - 0x00007ff94dabb000 	C:\WINDOWS\System32\sechost.dll
0x00007ff94c8c0000 - 0x00007ff94c9ea000 	C:\WINDOWS\System32\RPCRT4.dll
0x00007ff94e400000 - 0x00007ff94e408000 	C:\WINDOWS\System32\PSAPI.DLL
0x00007ff946670000 - 0x00007ff946679000 	C:\WINDOWS\SYSTEM32\WSOCK32.dll
0x00007ff94d710000 - 0x00007ff94d77b000 	C:\WINDOWS\System32\WS2_32.dll
0x00007ff93deb0000 - 0x00007ff93ded7000 	C:\WINDOWS\SYSTEM32\WINMM.dll
0x00007ff93e140000 - 0x00007ff93e14a000 	C:\WINDOWS\SYSTEM32\VERSION.dll
0x00007ff949ad0000 - 0x00007ff949ae2000 	C:\WINDOWS\SYSTEM32\kernel.appcore.dll
0x00007ff945e60000 - 0x00007ff945e71000 	C:\Program Files\Android\Android Studio\jre\bin\verify.dll
0x00007ff937240000 - 0x00007ff937424000 	C:\WINDOWS\SYSTEM32\DBGHELP.DLL
0x00007ff937850000 - 0x00007ff93787c000 	C:\WINDOWS\SYSTEM32\dbgcore.DLL
0x00007ff94c440000 - 0x00007ff94c4c3000 	C:\WINDOWS\System32\bcryptPrimitives.dll
0x00007ff945e30000 - 0x00007ff945e59000 	C:\Program Files\Android\Android Studio\jre\bin\java.dll
0x00007ff946660000 - 0x00007ff94666b000 	C:\Program Files\Android\Android Studio\jre\bin\jimage.dll
0x00007ff945e10000 - 0x00007ff945e28000 	C:\Program Files\Android\Android Studio\jre\bin\zip.dll
0x00007ff94dc70000 - 0x00007ff94e3af000 	C:\WINDOWS\System32\SHELL32.dll
0x00007ff949cd0000 - 0x00007ff94a460000 	C:\WINDOWS\SYSTEM32\windows.storage.dll
0x00007ff94c500000 - 0x00007ff94c855000 	C:\WINDOWS\System32\combase.dll
0x00007ff94b620000 - 0x00007ff94b64c000 	C:\WINDOWS\SYSTEM32\Wldp.dll
0x00007ff94cc70000 - 0x00007ff94cd1d000 	C:\WINDOWS\System32\SHCORE.dll
0x00007ff94e410000 - 0x00007ff94e465000 	C:\WINDOWS\System32\shlwapi.dll
0x00007ff94bb10000 - 0x00007ff94bb2f000 	C:\WINDOWS\SYSTEM32\profapi.dll
0x00007ff945df0000 - 0x00007ff945e0a000 	C:\Program Files\Android\Android Studio\jre\bin\net.dll
0x00007ff93c950000 - 0x00007ff93ca58000 	C:\WINDOWS\SYSTEM32\WINHTTP.dll
0x00007ff94b380000 - 0x00007ff94b3ea000 	C:\WINDOWS\system32\mswsock.dll
0x00007ff945dd0000 - 0x00007ff945de4000 	C:\Program Files\Android\Android Studio\jre\bin\nio.dll
0x00007ff946630000 - 0x00007ff946657000 	C:\Program Files\Java\jdk-17.0.1\native\8bec1ad78214c89d9ad589b4d07fe93259594b29d510b10fafb7a158f7737e5d\windows-amd64\native-platform.dll
0x00007ff946030000 - 0x00007ff94616d000 	C:\Program Files\Java\jdk-17.0.1\native\53dbd7edfb1c66fb8903c78663c9afc45aea4f116125fa6feffd364cf09443e8\windows-amd64\native-platform-file-events.dll
0x00007ff945dc0000 - 0x00007ff945dca000 	C:\Program Files\Android\Android Studio\jre\bin\management.dll
0x00007ff945db0000 - 0x00007ff945dbc000 	C:\Program Files\Android\Android Studio\jre\bin\management_ext.dll
0x00007ff94b570000 - 0x00007ff94b588000 	C:\WINDOWS\SYSTEM32\CRYPTSP.dll
0x00007ff94ac90000 - 0x00007ff94acc4000 	C:\WINDOWS\system32\rsaenh.dll
0x00007ff94c4d0000 - 0x00007ff94c4f7000 	C:\WINDOWS\System32\bcrypt.dll
0x00007ff94bad0000 - 0x00007ff94bafe000 	C:\WINDOWS\SYSTEM32\USERENV.dll
0x00007ff94b590000 - 0x00007ff94b59c000 	C:\WINDOWS\SYSTEM32\CRYPTBASE.dll
0x00007ff94b020000 - 0x00007ff94b05b000 	C:\WINDOWS\SYSTEM32\IPHLPAPI.DLL
0x00007ff94c9f0000 - 0x00007ff94c9f8000 	C:\WINDOWS\System32\NSI.dll
0x00007ff940270000 - 0x00007ff940287000 	C:\WINDOWS\SYSTEM32\dhcpcsvc6.DLL
0x00007ff940b90000 - 0x00007ff940bad000 	C:\WINDOWS\SYSTEM32\dhcpcsvc.DLL
0x00007ff94b060000 - 0x00007ff94b12c000 	C:\WINDOWS\SYSTEM32\DNSAPI.dll

dbghelp: loaded successfully - version: 4.0.5 - missing functions: none
symbol engine: initialized successfully - sym options: 0x614 - pdb path: .;C:\Program Files\Android\Android Studio\jre\bin;C:\WINDOWS\SYSTEM32;C:\WINDOWS\WinSxS\amd64_microsoft.windows.common-controls_6595b64144ccf1df_6.0.19041.1110_none_60b5254171f9507e;C:\Program Files\Android\Android Studio\jre\bin\server;C:\Program Files\Java\jdk-17.0.1\native\8bec1ad78214c89d9ad589b4d07fe93259594b29d510b10fafb7a158f7737e5d\windows-amd64;C:\Program Files\Java\jdk-17.0.1\native\53dbd7edfb1c66fb8903c78663c9afc45aea4f116125fa6feffd364cf09443e8\windows-amd64

VM Arguments:
jvm_args: --add-opens=java.base/java.util=ALL-UNNAMED --add-opens=java.base/java.lang=ALL-UNNAMED --add-opens=java.base/java.lang.invoke=ALL-UNNAMED --add-opens=java.base/java.util=ALL-UNNAMED --add-opens=java.prefs/java.util.prefs=ALL-UNNAMED --add-opens=java.prefs/java.util.prefs=ALL-UNNAMED --add-opens=java.base/java.nio.charset=ALL-UNNAMED --add-opens=java.base/java.net=ALL-UNNAMED --add-opens=java.base/java.util.concurrent.atomic=ALL-UNNAMED -Xmx2048m -Dfile.encoding=UTF-8 -Duser.country=US -Duser.language=en -Duser.variant 
java_command: org.gradle.launcher.daemon.bootstrap.GradleDaemon 7.0.2
java_class_path (initial): C:\Program Files\Java\jdk-17.0.1\wrapper\dists\gradle-7.0.2-bin\857tjihv64xamwrf0h14cai3r\gradle-7.0.2\lib\gradle-launcher-7.0.2.jar
Launcher Type: SUN_STANDARD

[Global flags]
     intx CICompilerCount                          = 3                                         {product} {ergonomic}
     uint ConcGCThreads                            = 1                                         {product} {ergonomic}
     uint G1ConcRefinementThreads                  = 4                                         {product} {ergonomic}
   size_t G1HeapRegionSize                         = 1048576                                   {product} {ergonomic}
    uintx GCDrainStackTargetSize                   = 64                                        {product} {ergonomic}
   size_t InitialHeapSize                          = 67108864                                  {product} {ergonomic}
   size_t MarkStackSize                            = 4194304                                   {product} {ergonomic}
   size_t MaxHeapSize                              = 2147483648                                {product} {command line}
   size_t MaxNewSize                               = 1287651328                                {product} {ergonomic}
   size_t MinHeapDeltaBytes                        = 1048576                                   {product} {ergonomic}
    uintx NonNMethodCodeHeapSize                   = 5830732                                {pd product} {ergonomic}
    uintx NonProfiledCodeHeapSize                  = 122913754                              {pd product} {ergonomic}
    uintx ProfiledCodeHeapSize                     = 122913754                              {pd product} {ergonomic}
    uintx ReservedCodeCacheSize                    = 251658240                              {pd product} {ergonomic}
     bool SegmentedCodeCache                       = true                                      {product} {ergonomic}
     bool UseCompressedClassPointers               = true                                 {lp64_product} {ergonomic}
     bool UseCompressedOops                        = true                                 {lp64_product} {ergonomic}
     bool UseG1GC                                  = true                                      {product} {ergonomic}
     bool UseLargePagesIndividualAllocation        = false                                  {pd product} {ergonomic}

Logging:
Log output configuration:
 #0: stdout all=warning uptime,level,tags
 #1: stderr all=off uptime,level,tags

Environment Variables:
PATH=C:\Program Files\Common Files\Oracle\Java\javapath;C:\WINDOWS\system32;C:\WINDOWS;C:\WINDOWS\System32\Wbem;C:\WINDOWS\System32\WindowsPowerShell\v1.0\;C:\WINDOWS\System32\OpenSSH\;C:\Program Files\dotnet\;C:\Program Files\Microsoft SQL Server\130\Tools\Binn\;C:\Program Files\Microsoft SQL Server\Client SDK\ODBC\170\Tools\Binn\;C:\Program Files (x86)\dotnet\;C:\Program Files\Git\cmd;C:\Users\MinhNgan\AppData\Local\Microsoft\WindowsApps
USERNAME=MinhNgan
OS=Windows_NT
PROCESSOR_IDENTIFIER=Intel64 Family 6 Model 69 Stepping 1, GenuineIntel



---------------  S Y S T E M  ---------------

OS: Windows 10 , 64 bit Build 19041 (10.0.19041.1202)
OS uptime: 0 days 0:06 hours

CPU:total 4 (initial active 4) (2 cores per cpu, 2 threads per core) family 6 model 69 stepping 1 microcode 0x25, cmov, cx8, fxsr, mmx, sse, sse2, sse3, ssse3, sse4.1, sse4.2, popcnt, avx, avx2, aes, clmul, erms, lzcnt, ht, tsc, tscinvbit, bmi1, bmi2, fma

Memory: 4k page, system-wide physical 3979M (213M free)
TotalPageFile size 6979M (AvailPageFile size 16M)
current process WorkingSet (physical memory assigned to process): 280M, peak: 280M
current process commit charge ("private bytes"): 377M, peak: 413M

vm_info: OpenJDK 64-Bit Server VM (11.0.10+0-b96-7249189) for windows-amd64 JRE (11.0.10+0-b96-7249189), built on Mar 31 2021 21:44:00 by "builder" with MS VC++ 14.0 (VS2015)

END.
