#
# There is insufficient memory for the Java Runtime Environment to continue.
# Native memory allocation (malloc) failed to allocate 1094896 bytes for Chunk::new
# Possible reasons:
#   The system is out of physical RAM or swap space
#   The process is running with CompressedOops enabled, and the Java Heap may be blocking the growth of the native heap
# Possible solutions:
#   Reduce memory load on the system
#   Increase physical memory or swap space
#   Check if swap backing store is full
#   Decrease Java heap size (-Xmx/-Xms)
#   Decrease number of Java threads
#   Decrease Java thread stack sizes (-Xss)
#   Set larger code cache with -XX:ReservedCodeCacheSize=
#   JVM is running with Unscaled Compressed Oops mode in which the Java heap is
#     placed in the first 4GB address space. The Java Heap base address is the
#     maximum limit for the native heap growth. Please use -XX:HeapBaseMinAddress
#     to set the Java Heap base and to place the Java Heap above 4GB virtual address.
# This output file may be truncated or incomplete.
#
#  Out of Memory Error (./src/hotspot/share/memory/arena.cpp:197), pid=10360, tid=1744
#
# JRE version: OpenJDK Runtime Environment (11.0.10) (build 11.0.10+0-b96-7249189)
# Java VM: OpenJDK 64-Bit Server VM (11.0.10+0-b96-7249189, mixed mode, tiered, compressed oops, g1 gc, windows-amd64)
# No core dump will be written. Minidumps are not enabled by default on client versions of Windows
#

---------------  S U M M A R Y ------------

Command Line: --add-opens=java.base/java.util=ALL-UNNAMED --add-opens=java.base/java.lang=ALL-UNNAMED --add-opens=java.base/java.lang.invoke=ALL-UNNAMED --add-opens=java.base/java.util=ALL-UNNAMED --add-opens=java.prefs/java.util.prefs=ALL-UNNAMED --add-opens=java.prefs/java.util.prefs=ALL-UNNAMED --add-opens=java.base/java.nio.charset=ALL-UNNAMED --add-opens=java.base/java.net=ALL-UNNAMED --add-opens=java.base/java.util.concurrent.atomic=ALL-UNNAMED -Xmx2048m -Dfile.encoding=UTF-8 -Duser.country=US -Duser.language=en -Duser.variant org.gradle.launcher.daemon.bootstrap.GradleDaemon 7.0.2

Host: Intel(R) Core(TM) i5-4210U CPU @ 1.70GHz, 4 cores, 3G,  Windows 10 , 64 bit Build 19041 (10.0.19041.1202)
Time: Mon Nov  8 20:41:11 2021 SE Asia Standard Time elapsed time: 62.181938 seconds (0d 0h 1m 2s)

---------------  T H R E A D  ---------------

Current thread (0x000001cdeb9ce800):  JavaThread "C2 CompilerThread0" daemon [_thread_in_native, id=1744, stack(0x000000794d800000,0x000000794d900000)]


Current CompileTask:
C2:  62182 12034       4       com.google.common.collect.Interners$InternerImpl::intern (50 bytes)

Stack: [0x000000794d800000,0x000000794d900000]
Native frames: (J=compiled Java code, j=interpreted, Vv=VM code, C=native code)
V  [jvm.dll+0x5ecfaa]
V  [jvm.dll+0x722bd5]
V  [jvm.dll+0x72412d]
V  [jvm.dll+0x7247e3]
V  [jvm.dll+0x242928]
V  [jvm.dll+0xbc4fc]
V  [jvm.dll+0xbca0c]
V  [jvm.dll+0x352d3b]
V  [jvm.dll+0x320ad3]
V  [jvm.dll+0x31ffca]
V  [jvm.dll+0x1fb602]
V  [jvm.dll+0x1fa7f4]
V  [jvm.dll+0x18354c]
V  [jvm.dll+0x208ee7]
V  [jvm.dll+0x207731]
V  [jvm.dll+0x6eb1cf]
V  [jvm.dll+0x6e3d45]
V  [jvm.dll+0x5ebe96]
C  [ucrtbase.dll+0x21bb2]
C  [KERNEL32.DLL+0x17034]
C  [ntdll.dll+0x52651]


---------------  P R O C E S S  ---------------

Threads class SMR info:
_java_thread_list=0x000001cdeed441d0, length=54, elements={
0x000001cdd169e800, 0x000001cdeb969000, 0x000001cdeb96a800, 0x000001cdeb9c6800,
0x000001cdeb9c7800, 0x000001cdeb9ca800, 0x000001cdeb9ce800, 0x000001cdeb9d8800,
0x000001cdeb9dc800, 0x000001cdec438800, 0x000001cdedd32800, 0x000001cdedd34800,
0x000001cdedd35800, 0x000001cdedd37000, 0x000001cdedd38000, 0x000001cdedd39000,
0x000001cdedd33000, 0x000001cdedd34000, 0x000001cdedd36800, 0x000001cdedea1000,
0x000001cdede9e000, 0x000001cdedea2000, 0x000001cdede9c000, 0x000001cdede9f800,
0x000001cdedea0000, 0x000001cdede9e800, 0x000001cdedea2800, 0x000001cdede9d000,
0x000001cdedea9000, 0x000001cdedea3800, 0x000001cdedea4800, 0x000001cdedea6000,
0x000001cdedeab000, 0x000001cdedea7000, 0x000001cdedea7800, 0x000001cdedea8800,
0x000001cdf0141000, 0x000001cdf0143000, 0x000001cdf0141800, 0x000001cdf0142800,
0x000001cdf0145000, 0x000001cdf0144000, 0x000001cdf0145800, 0x000001cdf0140000,
0x000001cdf0146800, 0x000001cdf2fa5000, 0x000001cdf2fa4000, 0x000001cdf2fa5800,
0x000001cdf2fa1800, 0x000001cdf2fa0000, 0x000001cdf2fa2800, 0x000001cdf2fa6800,
0x000001cdf2fa7800, 0x000001cdf2fa3000
}

Java Threads: ( => current thread )
  0x000001cdd169e800 JavaThread "main" [_thread_blocked, id=6776, stack(0x000000794cc00000,0x000000794cd00000)]
  0x000001cdeb969000 JavaThread "Reference Handler" daemon [_thread_blocked, id=3240, stack(0x000000794d300000,0x000000794d400000)]
  0x000001cdeb96a800 JavaThread "Finalizer" daemon [_thread_blocked, id=1976, stack(0x000000794d400000,0x000000794d500000)]
  0x000001cdeb9c6800 JavaThread "Signal Dispatcher" daemon [_thread_blocked, id=4288, stack(0x000000794d500000,0x000000794d600000)]
  0x000001cdeb9c7800 JavaThread "Attach Listener" daemon [_thread_blocked, id=1716, stack(0x000000794d600000,0x000000794d700000)]
  0x000001cdeb9ca800 JavaThread "Service Thread" daemon [_thread_blocked, id=1668, stack(0x000000794d700000,0x000000794d800000)]
=>0x000001cdeb9ce800 JavaThread "C2 CompilerThread0" daemon [_thread_in_native, id=1744, stack(0x000000794d800000,0x000000794d900000)]
  0x000001cdeb9d8800 JavaThread "C1 CompilerThread0" daemon [_thread_blocked, id=8088, stack(0x000000794d900000,0x000000794da00000)]
  0x000001cdeb9dc800 JavaThread "Sweeper thread" daemon [_thread_blocked, id=6772, stack(0x000000794da00000,0x000000794db00000)]
  0x000001cdec438800 JavaThread "Common-Cleaner" daemon [_thread_blocked, id=1692, stack(0x000000794db00000,0x000000794dc00000)]
  0x000001cdedd32800 JavaThread "Daemon health stats" [_thread_blocked, id=2844, stack(0x000000794de00000,0x000000794df00000)]
  0x000001cdedd34800 JavaThread "Incoming local TCP Connector on port 49923" [_thread_in_native, id=3852, stack(0x000000794e100000,0x000000794e200000)]
  0x000001cdedd35800 JavaThread "Daemon periodic checks" [_thread_blocked, id=8060, stack(0x000000794e200000,0x000000794e300000)]
  0x000001cdedd37000 JavaThread "Daemon" [_thread_blocked, id=8176, stack(0x000000794e300000,0x000000794e400000)]
  0x000001cdedd38000 JavaThread "Handler for socket connection from /127.0.0.1:49923 to /127.0.0.1:49924" [_thread_in_native, id=7244, stack(0x000000794e400000,0x000000794e500000)]
  0x000001cdedd39000 JavaThread "Cancel handler" [_thread_blocked, id=7552, stack(0x000000794e500000,0x000000794e600000)]
  0x000001cdedd33000 JavaThread "Daemon worker" [_thread_blocked, id=7216, stack(0x000000794e600000,0x000000794e700000)]
  0x000001cdedd34000 JavaThread "Asynchronous log dispatcher for DefaultDaemonConnection: socket connection from /127.0.0.1:49923 to /127.0.0.1:49924" [_thread_blocked, id=2852, stack(0x000000794e700000,0x000000794e800000)]
  0x000001cdedd36800 JavaThread "Stdin handler" [_thread_blocked, id=6876, stack(0x000000794e800000,0x000000794e900000)]
  0x000001cdedea1000 JavaThread "Daemon client event forwarder" [_thread_blocked, id=8776, stack(0x000000794e900000,0x000000794ea00000)]
  0x000001cdede9e000 JavaThread "Cache worker for file hash cache (C:\Users\MinhNgan\.gradle\caches\7.0.2\fileHashes)" [_thread_blocked, id=8752, stack(0x000000794ea00000,0x000000794eb00000)]
  0x000001cdedea2000 JavaThread "File lock request listener" [_thread_in_native, id=3164, stack(0x000000794eb00000,0x000000794ec00000)]
  0x000001cdede9c000 JavaThread "Cache worker for journal cache (C:\Users\MinhNgan\.gradle\caches\journal-1)" [_thread_blocked, id=7312, stack(0x000000794ec00000,0x000000794ed00000)]
  0x000001cdede9f800 JavaThread "Cache worker for file hash cache (C:\Users\MinhNgan\AndroidStudioProjects\Android_hepat\.gradle\7.0.2\fileHashes)" [_thread_blocked, id=6768, stack(0x000000794ed00000,0x000000794ee00000)]
  0x000001cdedea0000 JavaThread "File watcher server" daemon [_thread_in_native, id=4336, stack(0x000000794ee00000,0x000000794ef00000)]
  0x000001cdede9e800 JavaThread "File watcher consumer" daemon [_thread_blocked, id=7712, stack(0x000000794ef00000,0x000000794f000000)]
  0x000001cdedea2800 JavaThread "Cache worker for checksums cache (C:\Users\MinhNgan\AndroidStudioProjects\Android_hepat\.gradle\checksums)" [_thread_blocked, id=3556, stack(0x000000794f000000,0x000000794f100000)]
  0x000001cdede9d000 JavaThread "Cache worker for cache directory md-supplier (C:\Users\MinhNgan\.gradle\caches\7.0.2\md-supplier)" [_thread_blocked, id=3400, stack(0x000000794f100000,0x000000794f200000)]
  0x000001cdedea9000 JavaThread "Cache worker for cache directory md-rule (C:\Users\MinhNgan\.gradle\caches\7.0.2\md-rule)" [_thread_blocked, id=3312, stack(0x000000794f200000,0x000000794f300000)]
  0x000001cdedea3800 JavaThread "Cache worker for execution history cache (C:\Users\MinhNgan\.gradle\caches\7.0.2\executionHistory)" [_thread_blocked, id=3316, stack(0x000000794f300000,0x000000794f400000)]
  0x000001cdedea4800 JavaThread "jar transforms" [_thread_blocked, id=3356, stack(0x000000794f400000,0x000000794f500000)]
  0x000001cdedea6000 JavaThread "jar transforms Thread 2" [_thread_blocked, id=3368, stack(0x000000794f500000,0x000000794f600000)]
  0x000001cdedeab000 JavaThread "Cache worker for file content cache (C:\Users\MinhNgan\.gradle\caches\7.0.2\fileContent)" [_thread_blocked, id=3524, stack(0x000000794f600000,0x000000794f700000)]
  0x000001cdedea7000 JavaThread "Cache worker for dependencies-accessors (C:\Users\MinhNgan\AndroidStudioProjects\Android_hepat\.gradle\7.0.2\dependencies-accessors)" [_thread_blocked, id=3804, stack(0x000000794f700000,0x000000794f800000)]
  0x000001cdedea7800 JavaThread "jar transforms Thread 3" [_thread_blocked, id=3788, stack(0x000000794f800000,0x000000794f900000)]
  0x000001cdedea8800 JavaThread "Cache worker for Build Output Cleanup Cache (C:\Users\MinhNgan\AndroidStudioProjects\Android_hepat\.gradle\buildOutputCleanup)" [_thread_blocked, id=8760, stack(0x000000794f900000,0x000000794fa00000)]
  0x000001cdf0141000 JavaThread "Build operations" [_thread_blocked, id=8532, stack(0x000000794fa00000,0x000000794fb00000)]
  0x000001cdf0143000 JavaThread "Build operations Thread 2" [_thread_blocked, id=6000, stack(0x000000794fb00000,0x000000794fc00000)]
  0x000001cdf0141800 JavaThread "Build operations Thread 3" [_thread_blocked, id=4636, stack(0x000000794fc00000,0x000000794fd00000)]
  0x000001cdf0142800 JavaThread "Build operations Thread 4" [_thread_blocked, id=3956, stack(0x000000794fd00000,0x000000794fe00000)]
  0x000001cdf0145000 JavaThread "jar transforms Thread 4" [_thread_blocked, id=8204, stack(0x000000794fe00000,0x000000794ff00000)]
  0x000001cdf0144000 JavaThread "Memory manager" [_thread_in_Java, id=8372, stack(0x000000794ff00000,0x0000007950000000)]
  0x000001cdf0145800 JavaThread "build event listener" [_thread_blocked, id=4836, stack(0x0000007950200000,0x0000007950300000)]
  0x000001cdf0140000 JavaThread "Execution worker for ':'" [_thread_blocked, id=6376, stack(0x0000007950300000,0x0000007950400000)]
  0x000001cdf0146800 JavaThread "Execution worker for ':' Thread 2" [_thread_blocked, id=5352, stack(0x0000007950400000,0x0000007950500000)]
  0x000001cdf2fa5000 JavaThread "Execution worker for ':' Thread 3" [_thread_in_native, id=9904, stack(0x0000007950500000,0x0000007950600000)]
  0x000001cdf2fa4000 JavaThread "Cache worker for execution history cache (C:\Users\MinhNgan\AndroidStudioProjects\Android_hepat\.gradle\7.0.2\executionHistory)" [_thread_blocked, id=9872, stack(0x0000007950600000,0x0000007950700000)]
  0x000001cdf2fa5800 JavaThread "Cache worker for Java compile cache (C:\Users\MinhNgan\.gradle\caches\7.0.2\javaCompile)" [_thread_blocked, id=9248, stack(0x0000007950700000,0x0000007950800000)]
  0x000001cdf2fa1800 JavaThread "Cache worker for Java compile cache (C:\Users\MinhNgan\AndroidStudioProjects\Android_hepat\.gradle\7.0.2\javaCompile)" [_thread_blocked, id=10580, stack(0x0000007950800000,0x0000007950900000)]
  0x000001cdf2fa0000 JavaThread "WorkerExecutor Queue" [_thread_blocked, id=7252, stack(0x0000007950900000,0x0000007950a00000)]
  0x000001cdf2fa2800 JavaThread "WorkerExecutor Queue Thread 2" [_thread_blocked, id=7568, stack(0x0000007950a00000,0x0000007950b00000)]
  0x000001cdf2fa6800 JavaThread "WorkerExecutor Queue Thread 3" [_thread_blocked, id=7600, stack(0x0000007950b00000,0x0000007950c00000)]
  0x000001cdf2fa7800 JavaThread "WorkerExecutor Queue Thread 5" [_thread_in_vm, id=7544, stack(0x0000007950d00000,0x0000007950e00000)]
  0x000001cdf2fa3000 JavaThread "WorkerExecutor Queue Thread 6" [_thread_blocked, id=9792, stack(0x000000794c900000,0x000000794ca00000)]

Other Threads:
  0x000001cdeb961000 VMThread "VM Thread" [stack: 0x000000794d200000,0x000000794d300000] [id=5412]
  0x000001cdec462800 WatcherThread [stack: 0x000000794dc00000,0x000000794dd00000] [id=3300]
  0x000001cdd16b4800 GCTaskThread "GC Thread#0" [stack: 0x000000794cd00000,0x000000794ce00000] [id=2280]
  0x000001cdec992800 GCTaskThread "GC Thread#1" [stack: 0x000000794dd00000,0x000000794de00000] [id=2512]
  0x000001cdee210800 GCTaskThread "GC Thread#2" [stack: 0x000000794df00000,0x000000794e000000] [id=872]
  0x000001cded2ce800 GCTaskThread "GC Thread#3" [stack: 0x000000794e000000,0x000000794e100000] [id=3212]
  0x000001cdd16e5000 ConcurrentGCThread "G1 Main Marker" [stack: 0x000000794ce00000,0x000000794cf00000] [id=1396]
  0x000001cdd16e7000 ConcurrentGCThread "G1 Conc#0" [stack: 0x000000794cf00000,0x000000794d000000] [id=2252]
  0x000001cdd173f000 ConcurrentGCThread "G1 Refine#0" [stack: 0x000000794d000000,0x000000794d100000] [id=1356]
  0x000001cdd1740000 ConcurrentGCThread "G1 Young RemSet Sampling" [stack: 0x000000794d100000,0x000000794d200000] [id=1436]

Threads with active compile tasks:
C2 CompilerThread0  62234 12034       4       com.google.common.collect.Interners$InternerImpl::intern (50 bytes)

VM state:not at safepoint (normal execution)

VM Mutex/Monitor currently owned by a thread: None

Heap address: 0x0000000080000000, size: 2048 MB, Compressed Oops mode: 32-bit
Narrow klass base: 0x0000000000000000, Narrow klass shift: 3
Compressed class space size: 1073741824 Address: 0x0000000100000000

Heap:
 garbage-first heap   total 168960K, used 111817K [0x0000000080000000, 0x0000000100000000)
  region size 1024K, 32 young (32768K), 5 survivors (5120K)
 Metaspace       used 99854K, capacity 102670K, committed 102908K, reserved 1138688K
  class space    used 13121K, capacity 14208K, committed 14208K, reserved 1048576K
Heap Regions: E=young(eden), S=young(survivor), O=old, HS=humongous(starts), HC=humongous(continues), CS=collection set, F=free, A=archive, TAMS=top-at-mark-start (previous, next)
|   0|0x0000000080000000, 0x0000000080100000, 0x0000000080100000|100%| O|  |TAMS 0x0000000080100000, 0x0000000080000000| Untracked 
|   1|0x0000000080100000, 0x0000000080200000, 0x0000000080200000|100%| O|  |TAMS 0x0000000080200000, 0x0000000080100000| Untracked 
|   2|0x0000000080200000, 0x0000000080300000, 0x0000000080300000|100%| O|  |TAMS 0x0000000080300000, 0x0000000080200000| Untracked 
|   3|0x0000000080300000, 0x0000000080400000, 0x0000000080400000|100%|HS|  |TAMS 0x0000000080400000, 0x0000000080300000| Complete 
|   4|0x0000000080400000, 0x0000000080500000, 0x0000000080500000|100%|HC|  |TAMS 0x0000000080500000, 0x0000000080400000| Complete 
|   5|0x0000000080500000, 0x0000000080600000, 0x0000000080600000|100%|HC|  |TAMS 0x0000000080600000, 0x0000000080500000| Complete 
|   6|0x0000000080600000, 0x0000000080700000, 0x0000000080700000|100%| O|  |TAMS 0x0000000080700000, 0x0000000080600000| Untracked 
|   7|0x0000000080700000, 0x0000000080800000, 0x0000000080800000|100%| O|  |TAMS 0x0000000080800000, 0x0000000080700000| Untracked 
|   8|0x0000000080800000, 0x0000000080900000, 0x0000000080900000|100%| O|  |TAMS 0x0000000080900000, 0x0000000080800000| Untracked 
|   9|0x0000000080900000, 0x0000000080a00000, 0x0000000080a00000|100%| O|  |TAMS 0x0000000080a00000, 0x0000000080900000| Untracked 
|  10|0x0000000080a00000, 0x0000000080b00000, 0x0000000080b00000|100%| O|  |TAMS 0x0000000080b00000, 0x0000000080a00000| Untracked 
|  11|0x0000000080b00000, 0x0000000080c00000, 0x0000000080c00000|100%| O|  |TAMS 0x0000000080c00000, 0x0000000080b00000| Untracked 
|  12|0x0000000080c00000, 0x0000000080d00000, 0x0000000080d00000|100%| O|  |TAMS 0x0000000080d00000, 0x0000000080c00000| Untracked 
|  13|0x0000000080d00000, 0x0000000080e00000, 0x0000000080e00000|100%| O|  |TAMS 0x0000000080e00000, 0x0000000080d00000| Untracked 
|  14|0x0000000080e00000, 0x0000000080f00000, 0x0000000080f00000|100%| O|  |TAMS 0x0000000080f00000, 0x0000000080e00000| Untracked 
|  15|0x0000000080f00000, 0x0000000081000000, 0x0000000081000000|100%| O|  |TAMS 0x0000000081000000, 0x0000000080f00000| Untracked 
|  16|0x0000000081000000, 0x0000000081100000, 0x0000000081100000|100%| O|  |TAMS 0x0000000081100000, 0x0000000081000000| Untracked 
|  17|0x0000000081100000, 0x0000000081200000, 0x0000000081200000|100%| O|  |TAMS 0x0000000081200000, 0x0000000081100000| Untracked 
|  18|0x0000000081200000, 0x0000000081300000, 0x0000000081300000|100%| O|  |TAMS 0x0000000081300000, 0x0000000081200000| Untracked 
|  19|0x0000000081300000, 0x0000000081400000, 0x0000000081400000|100%| O|  |TAMS 0x0000000081400000, 0x0000000081300000| Untracked 
|  20|0x0000000081400000, 0x0000000081500000, 0x0000000081500000|100%| O|  |TAMS 0x0000000081500000, 0x0000000081400000| Untracked 
|  21|0x0000000081500000, 0x0000000081600000, 0x0000000081600000|100%| O|  |TAMS 0x0000000081600000, 0x0000000081500000| Untracked 
|  22|0x0000000081600000, 0x0000000081700000, 0x0000000081700000|100%| O|  |TAMS 0x0000000081700000, 0x0000000081600000| Untracked 
|  23|0x0000000081700000, 0x0000000081800000, 0x0000000081800000|100%| O|  |TAMS 0x0000000081800000, 0x0000000081700000| Untracked 
|  24|0x0000000081800000, 0x0000000081900000, 0x0000000081900000|100%| O|  |TAMS 0x0000000081900000, 0x0000000081800000| Untracked 
|  25|0x0000000081900000, 0x0000000081a00000, 0x0000000081a00000|100%| O|  |TAMS 0x0000000081a00000, 0x0000000081900000| Untracked 
|  26|0x0000000081a00000, 0x0000000081b00000, 0x0000000081b00000|100%| O|  |TAMS 0x0000000081b00000, 0x0000000081a00000| Untracked 
|  27|0x0000000081b00000, 0x0000000081c00000, 0x0000000081c00000|100%|HS|  |TAMS 0x0000000081c00000, 0x0000000081b00000| Complete 
|  28|0x0000000081c00000, 0x0000000081d00000, 0x0000000081d00000|100%|HS|  |TAMS 0x0000000081d00000, 0x0000000081c00000| Complete 
|  29|0x0000000081d00000, 0x0000000081e00000, 0x0000000081e00000|100%| O|  |TAMS 0x0000000081e00000, 0x0000000081d00000| Untracked 
|  30|0x0000000081e00000, 0x0000000081f00000, 0x0000000081f00000|100%| O|  |TAMS 0x0000000081f00000, 0x0000000081e00000| Untracked 
|  31|0x0000000081f00000, 0x0000000082000000, 0x0000000082000000|100%| O|  |TAMS 0x0000000082000000, 0x0000000081f00000| Untracked 
|  32|0x0000000082000000, 0x0000000082100000, 0x0000000082100000|100%| O|  |TAMS 0x0000000082100000, 0x0000000082000000| Untracked 
|  33|0x0000000082100000, 0x0000000082200000, 0x0000000082200000|100%| O|  |TAMS 0x0000000082200000, 0x0000000082100000| Untracked 
|  34|0x0000000082200000, 0x0000000082300000, 0x0000000082300000|100%|HS|  |TAMS 0x0000000082300000, 0x0000000082200000| Complete 
|  35|0x0000000082300000, 0x0000000082400000, 0x0000000082400000|100%|HC|  |TAMS 0x0000000082400000, 0x0000000082300000| Complete 
|  36|0x0000000082400000, 0x0000000082500000, 0x0000000082500000|100%| O|  |TAMS 0x0000000082500000, 0x0000000082400000| Untracked 
|  37|0x0000000082500000, 0x0000000082600000, 0x0000000082600000|100%| O|  |TAMS 0x0000000082600000, 0x0000000082500000| Untracked 
|  38|0x0000000082600000, 0x0000000082700000, 0x0000000082700000|100%| O|  |TAMS 0x0000000082700000, 0x0000000082600000| Untracked 
|  39|0x0000000082700000, 0x0000000082800000, 0x0000000082800000|100%| O|  |TAMS 0x0000000082800000, 0x0000000082700000| Untracked 
|  40|0x0000000082800000, 0x0000000082900000, 0x0000000082900000|100%| O|  |TAMS 0x0000000082900000, 0x0000000082800000| Untracked 
|  41|0x0000000082900000, 0x0000000082a00000, 0x0000000082a00000|100%| O|  |TAMS 0x0000000082a00000, 0x0000000082900000| Untracked 
|  42|0x0000000082a00000, 0x0000000082b00000, 0x0000000082b00000|100%| O|  |TAMS 0x0000000082b00000, 0x0000000082a00000| Untracked 
|  43|0x0000000082b00000, 0x0000000082c00000, 0x0000000082c00000|100%| O|  |TAMS 0x0000000082c00000, 0x0000000082b00000| Untracked 
|  44|0x0000000082c00000, 0x0000000082d00000, 0x0000000082d00000|100%| O|  |TAMS 0x0000000082d00000, 0x0000000082c00000| Untracked 
|  45|0x0000000082d00000, 0x0000000082e00000, 0x0000000082e00000|100%| O|  |TAMS 0x0000000082e00000, 0x0000000082d00000| Untracked 
|  46|0x0000000082e00000, 0x0000000082f00000, 0x0000000082f00000|100%| O|  |TAMS 0x0000000082f00000, 0x0000000082e00000| Untracked 
|  47|0x0000000082f00000, 0x0000000083000000, 0x0000000083000000|100%| O|  |TAMS 0x0000000083000000, 0x0000000082f00000| Untracked 
|  48|0x0000000083000000, 0x0000000083100000, 0x0000000083100000|100%| O|  |TAMS 0x0000000083100000, 0x0000000083000000| Untracked 
|  49|0x0000000083100000, 0x0000000083200000, 0x0000000083200000|100%| O|  |TAMS 0x0000000083200000, 0x0000000083100000| Untracked 
|  50|0x0000000083200000, 0x0000000083300000, 0x0000000083300000|100%| O|  |TAMS 0x0000000083300000, 0x0000000083200000| Untracked 
|  51|0x0000000083300000, 0x0000000083400000, 0x0000000083400000|100%| O|  |TAMS 0x0000000083400000, 0x0000000083300000| Untracked 
|  52|0x0000000083400000, 0x0000000083500000, 0x0000000083500000|100%| O|  |TAMS 0x0000000083500000, 0x0000000083400000| Untracked 
|  53|0x0000000083500000, 0x0000000083600000, 0x0000000083600000|100%| O|  |TAMS 0x0000000083600000, 0x0000000083500000| Untracked 
|  54|0x0000000083600000, 0x0000000083700000, 0x0000000083700000|100%| O|  |TAMS 0x0000000083700000, 0x0000000083600000| Untracked 
|  55|0x0000000083700000, 0x0000000083800000, 0x0000000083800000|100%| O|  |TAMS 0x0000000083800000, 0x0000000083700000| Untracked 
|  56|0x0000000083800000, 0x0000000083900000, 0x0000000083900000|100%| O|  |TAMS 0x0000000083900000, 0x0000000083800000| Untracked 
|  57|0x0000000083900000, 0x0000000083a00000, 0x0000000083a00000|100%| O|  |TAMS 0x0000000083a00000, 0x0000000083900000| Untracked 
|  58|0x0000000083a00000, 0x0000000083b00000, 0x0000000083b00000|100%| O|  |TAMS 0x0000000083b00000, 0x0000000083a00000| Untracked 
|  59|0x0000000083b00000, 0x0000000083c00000, 0x0000000083c00000|100%| O|  |TAMS 0x0000000083c00000, 0x0000000083b00000| Untracked 
|  60|0x0000000083c00000, 0x0000000083d00000, 0x0000000083d00000|100%| O|  |TAMS 0x0000000083d00000, 0x0000000083c00000| Untracked 
|  61|0x0000000083d00000, 0x0000000083e00000, 0x0000000083e00000|100%| O|  |TAMS 0x0000000083e00000, 0x0000000083d00000| Untracked 
|  62|0x0000000083e00000, 0x0000000083f00000, 0x0000000083f00000|100%| O|  |TAMS 0x0000000083f00000, 0x0000000083e00000| Untracked 
|  63|0x0000000083f00000, 0x0000000084000000, 0x0000000084000000|100%| O|  |TAMS 0x0000000084000000, 0x0000000083f00000| Untracked 
|  64|0x0000000084000000, 0x0000000084100000, 0x0000000084100000|100%| O|  |TAMS 0x0000000084100000, 0x0000000084000000| Untracked 
|  65|0x0000000084100000, 0x0000000084200000, 0x0000000084200000|100%| O|  |TAMS 0x0000000084200000, 0x0000000084100000| Untracked 
|  66|0x0000000084200000, 0x0000000084300000, 0x0000000084300000|100%| O|  |TAMS 0x0000000084300000, 0x0000000084200000| Untracked 
|  67|0x0000000084300000, 0x0000000084400000, 0x0000000084400000|100%| O|  |TAMS 0x0000000084400000, 0x0000000084300000| Untracked 
|  68|0x0000000084400000, 0x0000000084400000, 0x0000000084500000|  0%| F|  |TAMS 0x0000000084400000, 0x0000000084400000| Untracked 
|  69|0x0000000084500000, 0x0000000084500000, 0x0000000084600000|  0%| F|  |TAMS 0x0000000084500000, 0x0000000084500000| Untracked 
|  70|0x0000000084600000, 0x0000000084700000, 0x0000000084700000|100%| O|  |TAMS 0x0000000084700000, 0x0000000084600000| Untracked 
|  71|0x0000000084700000, 0x0000000084800000, 0x0000000084800000|100%| O|  |TAMS 0x0000000084800000, 0x0000000084700000| Untracked 
|  72|0x0000000084800000, 0x0000000084900000, 0x0000000084900000|100%| O|  |TAMS 0x0000000084900000, 0x0000000084800000| Untracked 
|  73|0x0000000084900000, 0x0000000084a00000, 0x0000000084a00000|100%| O|  |TAMS 0x0000000084a00000, 0x0000000084900000| Untracked 
|  74|0x0000000084a00000, 0x0000000084b00000, 0x0000000084b00000|100%| O|  |TAMS 0x0000000084b00000, 0x0000000084a00000| Untracked 
|  75|0x0000000084b00000, 0x0000000084c00000, 0x0000000084c00000|100%| O|  |TAMS 0x0000000084c00000, 0x0000000084b00000| Untracked 
|  76|0x0000000084c00000, 0x0000000084d00000, 0x0000000084d00000|100%| O|  |TAMS 0x0000000084d00000, 0x0000000084c00000| Untracked 
|  77|0x0000000084d00000, 0x0000000084e00000, 0x0000000084e00000|100%| O|  |TAMS 0x0000000084e00000, 0x0000000084d00000| Untracked 
|  78|0x0000000084e00000, 0x0000000084f00000, 0x0000000084f00000|100%| O|  |TAMS 0x0000000084f00000, 0x0000000084e00000| Untracked 
|  79|0x0000000084f00000, 0x0000000085000000, 0x0000000085000000|100%| O|  |TAMS 0x0000000085000000, 0x0000000084f00000| Untracked 
|  80|0x0000000085000000, 0x0000000085100000, 0x0000000085100000|100%| O|  |TAMS 0x0000000085100000, 0x0000000085000000| Untracked 
|  81|0x0000000085100000, 0x0000000085132600, 0x0000000085200000| 19%| O|  |TAMS 0x0000000085132600, 0x0000000085100000| Untracked 
|  82|0x0000000085200000, 0x0000000085200000, 0x0000000085300000|  0%| F|  |TAMS 0x0000000085200000, 0x0000000085200000| Untracked 
|  83|0x0000000085300000, 0x0000000085300000, 0x0000000085400000|  0%| F|  |TAMS 0x0000000085300000, 0x0000000085300000| Untracked 
|  84|0x0000000085400000, 0x0000000085400000, 0x0000000085500000|  0%| F|  |TAMS 0x0000000085400000, 0x0000000085400000| Untracked 
|  85|0x0000000085500000, 0x0000000085500000, 0x0000000085600000|  0%| F|  |TAMS 0x0000000085500000, 0x0000000085500000| Untracked 
|  86|0x0000000085600000, 0x0000000085600000, 0x0000000085700000|  0%| F|  |TAMS 0x0000000085600000, 0x0000000085600000| Untracked 
|  87|0x0000000085700000, 0x0000000085700000, 0x0000000085800000|  0%| F|  |TAMS 0x0000000085700000, 0x0000000085700000| Untracked 
|  88|0x0000000085800000, 0x0000000085800000, 0x0000000085900000|  0%| F|  |TAMS 0x0000000085800000, 0x0000000085800000| Untracked 
|  89|0x0000000085900000, 0x0000000085900000, 0x0000000085a00000|  0%| F|  |TAMS 0x0000000085900000, 0x0000000085900000| Untracked 
|  90|0x0000000085a00000, 0x0000000085a00000, 0x0000000085b00000|  0%| F|  |TAMS 0x0000000085a00000, 0x0000000085a00000| Untracked 
|  91|0x0000000085b00000, 0x0000000085b00000, 0x0000000085c00000|  0%| F|  |TAMS 0x0000000085b00000, 0x0000000085b00000| Untracked 
|  92|0x0000000085c00000, 0x0000000085c00000, 0x0000000085d00000|  0%| F|  |TAMS 0x0000000085c00000, 0x0000000085c00000| Untracked 
|  93|0x0000000085d00000, 0x0000000085d00000, 0x0000000085e00000|  0%| F|  |TAMS 0x0000000085d00000, 0x0000000085d00000| Untracked 
|  94|0x0000000085e00000, 0x0000000085e00000, 0x0000000085f00000|  0%| F|  |TAMS 0x0000000085e00000, 0x0000000085e00000| Untracked 
|  95|0x0000000085f00000, 0x0000000085f00000, 0x0000000086000000|  0%| F|  |TAMS 0x0000000085f00000, 0x0000000085f00000| Untracked 
|  96|0x0000000086000000, 0x0000000086000000, 0x0000000086100000|  0%| F|  |TAMS 0x0000000086000000, 0x0000000086000000| Untracked 
|  97|0x0000000086100000, 0x0000000086100000, 0x0000000086200000|  0%| F|  |TAMS 0x0000000086100000, 0x0000000086100000| Untracked 
|  98|0x0000000086200000, 0x0000000086200000, 0x0000000086300000|  0%| F|  |TAMS 0x0000000086200000, 0x0000000086200000| Untracked 
|  99|0x0000000086300000, 0x0000000086300000, 0x0000000086400000|  0%| F|  |TAMS 0x0000000086300000, 0x0000000086300000| Untracked 
| 100|0x0000000086400000, 0x0000000086400000, 0x0000000086500000|  0%| F|  |TAMS 0x0000000086400000, 0x0000000086400000| Untracked 
| 101|0x0000000086500000, 0x0000000086500000, 0x0000000086600000|  0%| F|  |TAMS 0x0000000086500000, 0x0000000086500000| Untracked 
| 102|0x0000000086600000, 0x0000000086600000, 0x0000000086700000|  0%| F|  |TAMS 0x0000000086600000, 0x0000000086600000| Untracked 
| 103|0x0000000086700000, 0x0000000086700000, 0x0000000086800000|  0%| F|  |TAMS 0x0000000086700000, 0x0000000086700000| Untracked 
| 104|0x0000000086800000, 0x0000000086800000, 0x0000000086900000|  0%| F|  |TAMS 0x0000000086800000, 0x0000000086800000| Untracked 
| 105|0x0000000086900000, 0x0000000086900000, 0x0000000086a00000|  0%| F|  |TAMS 0x0000000086900000, 0x0000000086900000| Untracked 
| 106|0x0000000086a00000, 0x0000000086a00000, 0x0000000086b00000|  0%| F|  |TAMS 0x0000000086a00000, 0x0000000086a00000| Untracked 
| 107|0x0000000086b00000, 0x0000000086b00000, 0x0000000086c00000|  0%| F|  |TAMS 0x0000000086b00000, 0x0000000086b00000| Untracked 
| 108|0x0000000086c00000, 0x0000000086c00000, 0x0000000086d00000|  0%| F|  |TAMS 0x0000000086c00000, 0x0000000086c00000| Untracked 
| 109|0x0000000086d00000, 0x0000000086d00000, 0x0000000086e00000|  0%| F|  |TAMS 0x0000000086d00000, 0x0000000086d00000| Untracked 
| 110|0x0000000086e00000, 0x0000000086f00000, 0x0000000086f00000|100%| S|CS|TAMS 0x0000000086e00000, 0x0000000086e00000| Complete 
| 111|0x0000000086f00000, 0x0000000087000000, 0x0000000087000000|100%| S|CS|TAMS 0x0000000086f00000, 0x0000000086f00000| Complete 
| 112|0x0000000087000000, 0x0000000087100000, 0x0000000087100000|100%| S|CS|TAMS 0x0000000087000000, 0x0000000087000000| Complete 
| 113|0x0000000087100000, 0x0000000087200000, 0x0000000087200000|100%| S|CS|TAMS 0x0000000087100000, 0x0000000087100000| Complete 
| 114|0x0000000087200000, 0x0000000087300000, 0x0000000087300000|100%| S|CS|TAMS 0x0000000087200000, 0x0000000087200000| Complete 
| 115|0x0000000087300000, 0x0000000087300000, 0x0000000087400000|  0%| F|  |TAMS 0x0000000087300000, 0x0000000087300000| Untracked 
| 116|0x0000000087400000, 0x0000000087400000, 0x0000000087500000|  0%| F|  |TAMS 0x0000000087400000, 0x0000000087400000| Untracked 
| 117|0x0000000087500000, 0x0000000087500000, 0x0000000087600000|  0%| F|  |TAMS 0x0000000087500000, 0x0000000087500000| Untracked 
| 118|0x0000000087600000, 0x0000000087600000, 0x0000000087700000|  0%| F|  |TAMS 0x0000000087600000, 0x0000000087600000| Untracked 
| 119|0x0000000087700000, 0x0000000087700000, 0x0000000087800000|  0%| F|  |TAMS 0x0000000087700000, 0x0000000087700000| Untracked 
| 120|0x0000000087800000, 0x0000000087800000, 0x0000000087900000|  0%| F|  |TAMS 0x0000000087800000, 0x0000000087800000| Untracked 
| 121|0x0000000087900000, 0x0000000087900000, 0x0000000087a00000|  0%| F|  |TAMS 0x0000000087900000, 0x0000000087900000| Untracked 
| 122|0x0000000087a00000, 0x0000000087a00000, 0x0000000087b00000|  0%| F|  |TAMS 0x0000000087a00000, 0x0000000087a00000| Untracked 
| 123|0x0000000087b00000, 0x0000000087b00000, 0x0000000087c00000|  0%| F|  |TAMS 0x0000000087b00000, 0x0000000087b00000| Untracked 
| 124|0x0000000087c00000, 0x0000000087c00000, 0x0000000087d00000|  0%| F|  |TAMS 0x0000000087c00000, 0x0000000087c00000| Untracked 
| 125|0x0000000087d00000, 0x0000000087d00000, 0x0000000087e00000|  0%| F|  |TAMS 0x0000000087d00000, 0x0000000087d00000| Untracked 
| 126|0x0000000087e00000, 0x0000000087e00000, 0x0000000087f00000|  0%| F|  |TAMS 0x0000000087e00000, 0x0000000087e00000| Untracked 
| 127|0x0000000087f00000, 0x0000000087f00000, 0x0000000088000000|  0%| F|  |TAMS 0x0000000087f00000, 0x0000000087f00000| Untracked 
| 128|0x0000000088000000, 0x0000000088000000, 0x0000000088100000|  0%| F|  |TAMS 0x0000000088000000, 0x0000000088000000| Untracked 
| 129|0x0000000088100000, 0x0000000088100000, 0x0000000088200000|  0%| F|  |TAMS 0x0000000088100000, 0x0000000088100000| Untracked 
| 130|0x0000000088200000, 0x0000000088200000, 0x0000000088300000|  0%| F|  |TAMS 0x0000000088200000, 0x0000000088200000| Untracked 
| 131|0x0000000088300000, 0x0000000088300000, 0x0000000088400000|  0%| F|  |TAMS 0x0000000088300000, 0x0000000088300000| Untracked 
| 132|0x0000000088400000, 0x0000000088400000, 0x0000000088500000|  0%| F|  |TAMS 0x0000000088400000, 0x0000000088400000| Untracked 
| 133|0x0000000088500000, 0x0000000088500000, 0x0000000088600000|  0%| F|  |TAMS 0x0000000088500000, 0x0000000088500000| Untracked 
| 134|0x0000000088600000, 0x0000000088600000, 0x0000000088700000|  0%| F|  |TAMS 0x0000000088600000, 0x0000000088600000| Untracked 
| 135|0x0000000088700000, 0x0000000088700000, 0x0000000088800000|  0%| F|  |TAMS 0x0000000088700000, 0x0000000088700000| Untracked 
| 136|0x0000000088800000, 0x0000000088800000, 0x0000000088900000|  0%| F|  |TAMS 0x0000000088800000, 0x0000000088800000| Untracked 
| 137|0x0000000088900000, 0x0000000088900000, 0x0000000088a00000|  0%| F|  |TAMS 0x0000000088900000, 0x0000000088900000| Untracked 
| 138|0x0000000088a00000, 0x0000000088aef758, 0x0000000088b00000| 93%| E|  |TAMS 0x0000000088a00000, 0x0000000088a00000| Complete 
| 139|0x0000000088b00000, 0x0000000088c00000, 0x0000000088c00000|100%| E|  |TAMS 0x0000000088b00000, 0x0000000088b00000| Complete 
| 140|0x0000000088c00000, 0x0000000088d00000, 0x0000000088d00000|100%| E|CS|TAMS 0x0000000088c00000, 0x0000000088c00000| Complete 
| 141|0x0000000088d00000, 0x0000000088e00000, 0x0000000088e00000|100%| E|CS|TAMS 0x0000000088d00000, 0x0000000088d00000| Complete 
| 142|0x0000000088e00000, 0x0000000088f00000, 0x0000000088f00000|100%| E|CS|TAMS 0x0000000088e00000, 0x0000000088e00000| Complete 
| 143|0x0000000088f00000, 0x0000000089000000, 0x0000000089000000|100%| E|CS|TAMS 0x0000000088f00000, 0x0000000088f00000| Complete 
| 144|0x0000000089000000, 0x0000000089100000, 0x0000000089100000|100%| E|CS|TAMS 0x0000000089000000, 0x0000000089000000| Complete 
| 145|0x0000000089100000, 0x0000000089200000, 0x0000000089200000|100%| E|CS|TAMS 0x0000000089100000, 0x0000000089100000| Complete 
| 146|0x0000000089200000, 0x0000000089300000, 0x0000000089300000|100%| E|CS|TAMS 0x0000000089200000, 0x0000000089200000| Complete 
| 147|0x0000000089300000, 0x0000000089400000, 0x0000000089400000|100%| E|CS|TAMS 0x0000000089300000, 0x0000000089300000| Complete 
| 148|0x0000000089400000, 0x0000000089500000, 0x0000000089500000|100%| E|CS|TAMS 0x0000000089400000, 0x0000000089400000| Complete 
| 149|0x0000000089500000, 0x0000000089600000, 0x0000000089600000|100%| E|CS|TAMS 0x0000000089500000, 0x0000000089500000| Complete 
| 150|0x0000000089600000, 0x0000000089700000, 0x0000000089700000|100%| E|CS|TAMS 0x0000000089600000, 0x0000000089600000| Complete 
| 151|0x0000000089700000, 0x0000000089800000, 0x0000000089800000|100%| E|CS|TAMS 0x0000000089700000, 0x0000000089700000| Complete 
| 152|0x0000000089800000, 0x0000000089900000, 0x0000000089900000|100%| E|CS|TAMS 0x0000000089800000, 0x0000000089800000| Complete 
| 153|0x0000000089900000, 0x0000000089a00000, 0x0000000089a00000|100%| E|CS|TAMS 0x0000000089900000, 0x0000000089900000| Complete 
| 154|0x0000000089a00000, 0x0000000089b00000, 0x0000000089b00000|100%| E|CS|TAMS 0x0000000089a00000, 0x0000000089a00000| Complete 
| 155|0x0000000089b00000, 0x0000000089c00000, 0x0000000089c00000|100%| E|CS|TAMS 0x0000000089b00000, 0x0000000089b00000| Complete 
| 156|0x0000000089c00000, 0x0000000089d00000, 0x0000000089d00000|100%| E|CS|TAMS 0x0000000089c00000, 0x0000000089c00000| Complete 
| 157|0x0000000089d00000, 0x0000000089e00000, 0x0000000089e00000|100%| E|CS|TAMS 0x0000000089d00000, 0x0000000089d00000| Complete 
| 158|0x0000000089e00000, 0x0000000089f00000, 0x0000000089f00000|100%| E|CS|TAMS 0x0000000089e00000, 0x0000000089e00000| Complete 
| 159|0x0000000089f00000, 0x000000008a000000, 0x000000008a000000|100%| E|CS|TAMS 0x0000000089f00000, 0x0000000089f00000| Complete 
| 160|0x000000008a000000, 0x000000008a100000, 0x000000008a100000|100%| E|CS|TAMS 0x000000008a000000, 0x000000008a000000| Complete 
| 161|0x000000008a100000, 0x000000008a200000, 0x000000008a200000|100%| E|CS|TAMS 0x000000008a100000, 0x000000008a100000| Complete 
| 162|0x000000008a200000, 0x000000008a300000, 0x000000008a300000|100%| E|CS|TAMS 0x000000008a200000, 0x000000008a200000| Complete 
| 163|0x000000008a300000, 0x000000008a400000, 0x000000008a400000|100%| E|CS|TAMS 0x000000008a300000, 0x000000008a300000| Complete 
| 164|0x000000008a400000, 0x000000008a500000, 0x000000008a500000|100%| E|CS|TAMS 0x000000008a400000, 0x000000008a400000| Complete 

Card table byte_map: [0x000001cde4bb0000,0x000001cde4fb0000] _byte_map_base: 0x000001cde47b0000

Marking Bits (Prev, Next): (CMBitMap*) 0x000001cdd16dc038, (CMBitMap*) 0x000001cdd16dc070
 Prev Bits: [0x000001cde53b0000, 0x000001cde73b0000)
 Next Bits: [0x000001cde73b0000, 0x000001cde93b0000)

Polling page: 0x000001cdcfde0000

Metaspace:

Usage:
  Non-class:     86.39 MB capacity,    84.70 MB ( 98%) used,     1.36 MB (  2%) free+waste,   335.13 KB ( <1%) overhead. 
      Class:     13.88 MB capacity,    12.81 MB ( 92%) used,   929.70 KB (  7%) free+waste,   156.88 KB (  1%) overhead. 
       Both:    100.26 MB capacity,    97.52 MB ( 97%) used,     2.27 MB (  2%) free+waste,   492.00 KB ( <1%) overhead. 

Virtual space:
  Non-class space:       88.00 MB reserved,      86.62 MB ( 98%) committed 
      Class space:        1.00 GB reserved,      13.88 MB (  1%) committed 
             Both:        1.09 GB reserved,     100.50 MB (  9%) committed 

Chunk freelists:
   Non-Class:  46.00 KB
       Class:  0 bytes
        Both:  46.00 KB

MaxMetaspaceSize: 17179869184.00 GB
CompressedClassSpaceSize: 1.00 GB

CodeHeap 'non-profiled nmethods': size=120064Kb used=6078Kb max_used=6078Kb free=113985Kb
 bounds [0x000001cddcc50000, 0x000001cddd240000, 0x000001cde4190000]
CodeHeap 'profiled nmethods': size=120000Kb used=24381Kb max_used=24381Kb free=95618Kb
 bounds [0x000001cdd5720000, 0x000001cdd6ef0000, 0x000001cddcc50000]
CodeHeap 'non-nmethods': size=5696Kb used=2307Kb max_used=2346Kb free=3388Kb
 bounds [0x000001cdd5190000, 0x000001cdd5400000, 0x000001cdd5720000]
 total_blobs=12697 nmethods=11779 adapters=829
 compilation: enabled
              stopped_count=0, restarted_count=0
 full_count=0

Compilation events (20 events):
Event: 61.989 Thread 0x000001cdeb9ce800 nmethod 12030 0x000001cddd23c910 code [0x000001cddd23cac0, 0x000001cddd23d128]
Event: 61.996 Thread 0x000001cdeb9d8800 12031       3       sun.nio.fs.WindowsFileSystemProvider::newDirectoryStream (31 bytes)
Event: 61.997 Thread 0x000001cdeb9d8800 nmethod 12031 0x000001cdd6ee3390 code [0x000001cdd6ee3620, 0x000001cdd6ee43a8]
Event: 62.003 Thread 0x000001cdeb9ce800 12032       4       com.google.common.collect.MapMakerInternalMap$Segment::getEntry (80 bytes)
Event: 62.016 Thread 0x000001cdeb9ce800 nmethod 12032 0x000001cddd23d310 code [0x000001cddd23d4e0, 0x000001cddd23da78]
Event: 62.016 Thread 0x000001cdeb9ce800 12033       4       org.gradle.internal.snapshot.VfsRelativePath::compareToFirstSegment (203 bytes)
Event: 62.079 Thread 0x000001cdeb9ce800 nmethod 12033 0x000001cddd23df10 code [0x000001cddd23e0e0, 0x000001cddd23f058]
Event: 62.079 Thread 0x000001cdeb9ce800 12034       4       com.google.common.collect.Interners$InternerImpl::intern (50 bytes)
Event: 62.122 Thread 0x000001cdeb9d8800 12035   !   3       java.io.ObjectOutputStream::writeObject0 (619 bytes)
Event: 62.128 Thread 0x000001cdeb9d8800 nmethod 12035 0x000001cdd6ee4810 code [0x000001cdd6ee4e40, 0x000001cdd6ee83f8]
Event: 62.129 Thread 0x000001cdeb9d8800 12036       3       com.google.common.collect.ImmutableCollection::toArray (8 bytes)
Event: 62.130 Thread 0x000001cdeb9d8800 nmethod 12036 0x000001cdd6ee9a10 code [0x000001cdd6ee9bc0, 0x000001cdd6ee9ce8]
Event: 62.144 Thread 0x000001cdeb9d8800 12037       3       org.gradle.internal.logging.slf4j.BuildOperationAwareLogger::debug (19 bytes)
Event: 62.145 Thread 0x000001cdeb9d8800 nmethod 12037 0x000001cdd6ee9d90 code [0x000001cdd6ee9f80, 0x000001cdd6eea5d8]
Event: 62.149 Thread 0x000001cdeb9d8800 12038   !   3       java.io.ObjectInputStream::filterCheck (223 bytes)
Event: 62.152 Thread 0x000001cdeb9d8800 nmethod 12038 0x000001cdd6eea790 code [0x000001cdd6eeabc0, 0x000001cdd6eece88]
Event: 62.154 Thread 0x000001cdeb9d8800 12039       1       java.io.ObjectInputStream$HandleTable::size (5 bytes)
Event: 62.154 Thread 0x000001cdeb9d8800 nmethod 12039 0x000001cddd23f810 code [0x000001cddd23f9c0, 0x000001cddd23fa78]
Event: 62.161 Thread 0x000001cdeb9d8800 12040       3       java.io.Bits::getInt (43 bytes)
Event: 62.161 Thread 0x000001cdeb9d8800 nmethod 12040 0x000001cdd6eeda90 code [0x000001cdd6eedc40, 0x000001cdd6eeddd8]

GC Heap History (20 events):
Event: 39.257 GC heap before
{Heap before GC invocations=45 (full 0):
 garbage-first heap   total 114688K, used 88080K [0x0000000080000000, 0x0000000100000000)
  region size 1024K, 31 young (31744K), 4 survivors (4096K)
 Metaspace       used 76037K, capacity 77861K, committed 78076K, reserved 1116160K
  class space    used 9897K, capacity 10560K, committed 10624K, reserved 1048576K
}
Event: 39.278 GC heap after
{Heap after GC invocations=46 (full 0):
 garbage-first heap   total 114688K, used 62116K [0x0000000080000000, 0x0000000100000000)
  region size 1024K, 4 young (4096K), 4 survivors (4096K)
 Metaspace       used 76037K, capacity 77861K, committed 78076K, reserved 1116160K
  class space    used 9897K, capacity 10560K, committed 10624K, reserved 1048576K
}
Event: 40.747 GC heap before
{Heap before GC invocations=47 (full 0):
 garbage-first heap   total 114688K, used 89764K [0x0000000080000000, 0x0000000100000000)
  region size 1024K, 31 young (31744K), 4 survivors (4096K)
 Metaspace       used 78028K, capacity 80016K, committed 80252K, reserved 1118208K
  class space    used 10243K, capacity 10970K, committed 11008K, reserved 1048576K
}
Event: 40.785 GC heap after
{Heap after GC invocations=48 (full 0):
 garbage-first heap   total 140288K, used 64268K [0x0000000080000000, 0x0000000100000000)
  region size 1024K, 4 young (4096K), 4 survivors (4096K)
 Metaspace       used 78028K, capacity 80016K, committed 80252K, reserved 1118208K
  class space    used 10243K, capacity 10970K, committed 11008K, reserved 1048576K
}
Event: 42.627 GC heap before
{Heap before GC invocations=48 (full 0):
 garbage-first heap   total 140288K, used 101132K [0x0000000080000000, 0x0000000100000000)
  region size 1024K, 41 young (41984K), 4 survivors (4096K)
 Metaspace       used 79092K, capacity 81137K, committed 81404K, reserved 1120256K
  class space    used 10344K, capacity 11072K, committed 11136K, reserved 1048576K
}
Event: 42.650 GC heap after
{Heap after GC invocations=49 (full 0):
 garbage-first heap   total 140288K, used 67225K [0x0000000080000000, 0x0000000100000000)
  region size 1024K, 5 young (5120K), 5 survivors (5120K)
 Metaspace       used 79092K, capacity 81137K, committed 81404K, reserved 1120256K
  class space    used 10344K, capacity 11072K, committed 11136K, reserved 1048576K
}
Event: 44.576 GC heap before
{Heap before GC invocations=49 (full 0):
 garbage-first heap   total 140288K, used 104089K [0x0000000080000000, 0x0000000100000000)
  region size 1024K, 42 young (43008K), 5 survivors (5120K)
 Metaspace       used 79610K, capacity 81695K, committed 81916K, reserved 1120256K
  class space    used 10373K, capacity 11088K, committed 11136K, reserved 1048576K
}
Event: 44.604 GC heap after
{Heap after GC invocations=50 (full 0):
 garbage-first heap   total 140288K, used 69584K [0x0000000080000000, 0x0000000100000000)
  region size 1024K, 6 young (6144K), 6 survivors (6144K)
 Metaspace       used 79610K, capacity 81695K, committed 81916K, reserved 1120256K
  class space    used 10373K, capacity 11088K, committed 11136K, reserved 1048576K
}
Event: 47.390 GC heap before
{Heap before GC invocations=50 (full 0):
 garbage-first heap   total 140288K, used 106448K [0x0000000080000000, 0x0000000100000000)
  region size 1024K, 43 young (44032K), 6 survivors (6144K)
 Metaspace       used 79906K, capacity 81937K, committed 82044K, reserved 1120256K
  class space    used 10402K, capacity 11161K, committed 11264K, reserved 1048576K
}
Event: 47.421 GC heap after
{Heap after GC invocations=51 (full 0):
 garbage-first heap   total 140288K, used 72183K [0x0000000080000000, 0x0000000100000000)
  region size 1024K, 5 young (5120K), 5 survivors (5120K)
 Metaspace       used 79906K, capacity 81937K, committed 82044K, reserved 1120256K
  class space    used 10402K, capacity 11161K, committed 11264K, reserved 1048576K
}
Event: 49.923 GC heap before
{Heap before GC invocations=52 (full 0):
 garbage-first heap   total 140288K, used 110071K [0x0000000080000000, 0x0000000100000000)
  region size 1024K, 43 young (44032K), 5 survivors (5120K)
 Metaspace       used 81229K, capacity 83337K, committed 83708K, reserved 1122304K
  class space    used 10522K, capacity 11271K, committed 11392K, reserved 1048576K
}
Event: 49.962 GC heap after
{Heap after GC invocations=53 (full 0):
 garbage-first heap   total 168960K, used 74623K [0x0000000080000000, 0x0000000100000000)
  region size 1024K, 5 young (5120K), 5 survivors (5120K)
 Metaspace       used 81229K, capacity 83337K, committed 83708K, reserved 1122304K
  class space    used 10522K, capacity 11271K, committed 11392K, reserved 1048576K
}
Event: 53.758 GC heap before
{Heap before GC invocations=53 (full 0):
 garbage-first heap   total 168960K, used 122751K [0x0000000080000000, 0x0000000100000000)
  region size 1024K, 51 young (52224K), 5 survivors (5120K)
 Metaspace       used 87754K, capacity 89920K, committed 90236K, reserved 1128448K
  class space    used 11355K, capacity 12166K, committed 12288K, reserved 1048576K
}
Event: 53.798 GC heap after
{Heap after GC invocations=54 (full 0):
 garbage-first heap   total 168960K, used 83639K [0x0000000080000000, 0x0000000100000000)
  region size 1024K, 7 young (7168K), 7 survivors (7168K)
 Metaspace       used 87754K, capacity 89920K, committed 90236K, reserved 1128448K
  class space    used 11355K, capacity 12166K, committed 12288K, reserved 1048576K
}
Event: 56.276 GC heap before
{Heap before GC invocations=54 (full 0):
 garbage-first heap   total 168960K, used 129719K [0x0000000080000000, 0x0000000100000000)
  region size 1024K, 52 young (53248K), 7 survivors (7168K)
 Metaspace       used 89838K, capacity 92048K, committed 92156K, reserved 1128448K
  class space    used 11565K, capacity 12374K, committed 12416K, reserved 1048576K
}
Event: 56.334 GC heap after
{Heap after GC invocations=55 (full 0):
 garbage-first heap   total 168960K, used 85507K [0x0000000080000000, 0x0000000100000000)
  region size 1024K, 3 young (3072K), 3 survivors (3072K)
 Metaspace       used 89838K, capacity 92048K, committed 92156K, reserved 1128448K
  class space    used 11565K, capacity 12374K, committed 12416K, reserved 1048576K
}
Event: 57.979 GC heap before
{Heap before GC invocations=56 (full 0):
 garbage-first heap   total 168960K, used 130563K [0x0000000080000000, 0x0000000100000000)
  region size 1024K, 48 young (49152K), 3 survivors (3072K)
 Metaspace       used 89869K, capacity 92130K, committed 92412K, reserved 1130496K
  class space    used 11557K, capacity 12357K, committed 12416K, reserved 1048576K
}
Event: 57.993 GC heap after
{Heap after GC invocations=57 (full 0):
 garbage-first heap   total 168960K, used 86209K [0x0000000080000000, 0x0000000100000000)
  region size 1024K, 3 young (3072K), 3 survivors (3072K)
 Metaspace       used 89869K, capacity 92130K, committed 92412K, reserved 1130496K
  class space    used 11557K, capacity 12357K, committed 12416K, reserved 1048576K
}
Event: 60.267 GC heap before
{Heap before GC invocations=57 (full 0):
 garbage-first heap   total 168960K, used 133313K [0x0000000080000000, 0x0000000100000000)
  region size 1024K, 50 young (51200K), 3 survivors (3072K)
 Metaspace       used 96460K, capacity 98994K, committed 99196K, reserved 1134592K
  class space    used 12585K, capacity 13561K, committed 13568K, reserved 1048576K
}
Event: 60.288 GC heap after
{Heap after GC invocations=58 (full 0):
 garbage-first heap   total 168960K, used 88265K [0x0000000080000000, 0x0000000100000000)
  region size 1024K, 5 young (5120K), 5 survivors (5120K)
 Metaspace       used 96460K, capacity 98994K, committed 99196K, reserved 1134592K
  class space    used 12585K, capacity 13561K, committed 13568K, reserved 1048576K
}

Deoptimization events (20 events):
Event: 61.186 Thread 0x000001cdf0146800 DEOPT PACKING pc=0x000001cdd6d724d4 sp=0x00000079504fd070
Event: 61.186 Thread 0x000001cdf0146800 DEOPT UNPACKING pc=0x000001cdd51b76ce sp=0x00000079504fc558 mode 0
Event: 61.186 Thread 0x000001cdf0146800 DEOPT PACKING pc=0x000001cdd6d79094 sp=0x00000079504fd1a0
Event: 61.186 Thread 0x000001cdf0146800 DEOPT UNPACKING pc=0x000001cdd51b76ce sp=0x00000079504fc650 mode 0
Event: 61.186 Thread 0x000001cdf0146800 DEOPT PACKING pc=0x000001cdd6989ddc sp=0x00000079504fd820
Event: 61.186 Thread 0x000001cdf0146800 DEOPT UNPACKING pc=0x000001cdd51b76ce sp=0x00000079504fcdd0 mode 0
Event: 61.191 Thread 0x000001cdf2fa4000 Uncommon trap: trap_request=0xffffff4d fr.pc=0x000001cddd194ba0 relative=0x0000000000000080
Event: 61.191 Thread 0x000001cdf2fa4000 Uncommon trap: reason=unstable_if action=reinterpret pc=0x000001cddd194ba0 method=org.gradle.internal.fingerprint.impl.DefaultFileSystemLocationFingerprint.hashForType(Lorg/gradle/internal/file/FileType;Lorg/gradle/internal/hash/HashCode;)Lorg/gradle/inte
Event: 61.191 Thread 0x000001cdf2fa4000 DEOPT PACKING pc=0x000001cddd194ba0 sp=0x00000079506fdf70
Event: 61.191 Thread 0x000001cdf2fa4000 DEOPT UNPACKING pc=0x000001cdd51b78af sp=0x00000079506fdf00 mode 2
Event: 61.205 Thread 0x000001cdf0146800 Uncommon trap: trap_request=0xffffffde fr.pc=0x000001cddd07ce18 relative=0x0000000000000078
Event: 61.205 Thread 0x000001cdf0146800 Uncommon trap: reason=class_check action=maybe_recompile pc=0x000001cddd07ce18 method=java.util.AbstractList$RandomAccessSpliterator.getFence()I @ 34 c2
Event: 61.205 Thread 0x000001cdf0146800 DEOPT PACKING pc=0x000001cddd07ce18 sp=0x00000079504fc550
Event: 61.205 Thread 0x000001cdf0146800 DEOPT UNPACKING pc=0x000001cdd51b78af sp=0x00000079504fc4d0 mode 2
Event: 61.206 Thread 0x000001cdf0146800 Uncommon trap: trap_request=0xffffff4d fr.pc=0x000001cddd19ea48 relative=0x0000000000000828
Event: 61.206 Thread 0x000001cdf0146800 Uncommon trap: reason=unstable_if action=reinterpret pc=0x000001cddd19ea48 method=org.gradle.internal.snapshot.VfsRelativePath.compareToFirstSegment(Ljava/lang/String;Lorg/gradle/internal/snapshot/CaseSensitivity;)I @ 134 c2
Event: 61.206 Thread 0x000001cdf0146800 DEOPT PACKING pc=0x000001cddd19ea48 sp=0x00000079504f9ea0
Event: 61.206 Thread 0x000001cdf0146800 DEOPT UNPACKING pc=0x000001cdd51b78af sp=0x00000079504f9e20 mode 2
Event: 62.162 Thread 0x000001cdf2fa0000 DEOPT PACKING pc=0x000001cdd684ce84 sp=0x00000079509fef10
Event: 62.163 Thread 0x000001cdf2fa0000 DEOPT UNPACKING pc=0x000001cdd51b76ce sp=0x00000079509fe4d0 mode 0

Classes redefined (0 events):
No events

Internal exceptions (20 events):
Event: 60.136 Thread 0x000001cdf2fa2800 Exception <a 'java/lang/NoSuchMethodError'{0x0000000087884600}: 'java.lang.Object java.lang.invoke.Invokers$Holder.linkToTargetMethod(java.lang.Object, java.lang.Object, java.lang.Object, java.lang.Object, java.lang.Object, java.lang.Object, java.lang.Object)'> (0x0000000087884600) thrown at [./src/hotspot/share/interpreter/linkResolver.cpp, line 773]
Event: 60.318 Thread 0x000001cdf2fa2800 Exception <a 'java/lang/NoSuchMethodError'{0x000000008a315f20}: 'java.lang.Object java.lang.invoke.DirectMethodHandle$Holder.invokeVirtual(java.lang.Object, java.lang.Object, int, java.lang.Object)'> (0x000000008a315f20) thrown at [./src/hotspot/share/interpreter/linkResolver.cpp, line 773]
Event: 60.351 Thread 0x000001cdf2fa0000 Exception <a 'java/lang/IncompatibleClassChangeError'{0x000000008a36eec8}: Found class java.lang.Object, but interface was expected> (0x000000008a36eec8) thrown at [./src/hotspot/share/interpreter/linkResolver.cpp, line 839]
Event: 60.351 Thread 0x000001cdf2fa0000 Exception <a 'java/lang/IncompatibleClassChangeError'{0x000000008a378068}: Found class java.lang.Object, but interface was expected> (0x000000008a378068) thrown at [./src/hotspot/share/interpreter/linkResolver.cpp, line 839]
Event: 60.401 Thread 0x000001cdf2fa2800 Exception <a 'java/lang/NoSuchMethodError'{0x000000008a240cd0}: 'void java.lang.invoke.DirectMethodHandle$Holder.invokeVirtual(java.lang.Object, java.lang.Object, int, java.lang.Object)'> (0x000000008a240cd0) thrown at [./src/hotspot/share/interpreter/linkResolver.cpp, line 773]
Event: 60.537 Thread 0x000001cdf2fa0000 Exception <a 'java/lang/NoSuchMethodError'{0x000000008a079298}: 'java.lang.Object java.lang.invoke.DirectMethodHandle$Holder.newInvokeSpecial(java.lang.Object, int)'> (0x000000008a079298) thrown at [./src/hotspot/share/interpreter/linkResolver.cpp, line 773]
Event: 60.884 Thread 0x000001cdf2fa0000 Exception <a 'java/lang/NoSuchMethodError'{0x0000000089ef74e8}: 'long java.lang.invoke.DirectMethodHandle$Holder.invokeStatic(java.lang.Object, java.lang.Object)'> (0x0000000089ef74e8) thrown at [./src/hotspot/share/interpreter/linkResolver.cpp, line 773]
Event: 60.932 Thread 0x000001cdf2fa2800 Exception <a 'java/lang/NoSuchMethodError'{0x0000000089c4fc00}: 'java.lang.Object java.lang.invoke.Invokers$Holder.linkToTargetMethod(java.lang.Object, int, java.lang.Object, java.lang.Object, java.lang.Object, java.lang.Object)'> (0x0000000089c4fc00) thrown at [./src/hotspot/share/interpreter/linkResolver.cpp, line 773]
Event: 60.933 Thread 0x000001cdf2fa2800 Exception <a 'java/lang/NoSuchMethodError'{0x0000000089c538b8}: 'void java.lang.invoke.DirectMethodHandle$Holder.invokeSpecial(java.lang.Object, java.lang.Object, java.lang.Object, java.lang.Object, java.lang.Object, java.lang.Object, java.lang.Object, java.lang.Object, java.lang.Object)'> (0x0000000089c538b8) thrown at [./src/hotspot/share/interpreter/linkResolver.cpp, line 773]
Event: 60.941 Thread 0x000001cdf2fa2800 Exception <a 'java/lang/NoSuchMethodError'{0x0000000089c6b6f8}: 'void java.lang.invoke.DirectMethodHandle$Holder.invokeStatic(java.lang.Object, java.lang.Object, java.lang.Object, java.lang.Object, java.lang.Object, java.lang.Object, java.lang.Object, java.lang.Object)'> (0x0000000089c6b6f8) thrown at [./src/hotspot/share/interpreter/linkResolver.cpp, line 773]
Event: 61.024 Thread 0x000001cdf2fa0000 Exception <a 'java/lang/IncompatibleClassChangeError'{0x0000000089a1d360}: Found class java.lang.Object, but interface was expected> (0x0000000089a1d360) thrown at [./src/hotspot/share/interpreter/linkResolver.cpp, line 839]
Event: 61.084 Thread 0x000001cdf2fa0000 Exception <a 'java/lang/NoSuchMethodError'{0x00000000899f35a8}: 'void java.lang.invoke.DirectMethodHandle$Holder.invokeVirtual(java.lang.Object, java.lang.Object, int)'> (0x00000000899f35a8) thrown at [./src/hotspot/share/interpreter/linkResolver.cpp, line 773]
Event: 61.085 Thread 0x000001cdf2fa2800 Exception <a 'java/lang/NoSuchMethodError'{0x0000000089802d08}: 'void java.lang.invoke.DirectMethodHandle$Holder.invokeVirtual(java.lang.Object, java.lang.Object, int)'> (0x0000000089802d08) thrown at [./src/hotspot/share/interpreter/linkResolver.cpp, line 773]
Event: 61.125 Thread 0x000001cdf2fa0000 Exception <a 'sun/nio/fs/WindowsException'{0x00000000898c5038}> (0x00000000898c5038) thrown at [./src/hotspot/share/prims/jni.cpp, line 615]
Event: 61.126 Thread 0x000001cdf2fa2800 Exception <a 'sun/nio/fs/WindowsException'{0x00000000898df310}> (0x00000000898df310) thrown at [./src/hotspot/share/prims/jni.cpp, line 615]
Event: 61.145 Thread 0x000001cdf2fa0000 Exception <a 'sun/nio/fs/WindowsException'{0x00000000898d7380}> (0x00000000898d7380) thrown at [./src/hotspot/share/prims/jni.cpp, line 615]
Event: 61.152 Thread 0x000001cdf2fa2800 Exception <a 'sun/nio/fs/WindowsException'{0x00000000898fa258}> (0x00000000898fa258) thrown at [./src/hotspot/share/prims/jni.cpp, line 615]
Event: 61.157 Thread 0x000001cdf2fa0000 Exception <a 'sun/nio/fs/WindowsException'{0x00000000897acdf0}> (0x00000000897acdf0) thrown at [./src/hotspot/share/prims/jni.cpp, line 615]
Event: 61.158 Thread 0x000001cdf2fa2800 Exception <a 'sun/nio/fs/WindowsException'{0x0000000089787b30}> (0x0000000089787b30) thrown at [./src/hotspot/share/prims/jni.cpp, line 615]
Event: 61.255 Thread 0x000001cdf0146800 Exception <a 'java/lang/NoSuchMethodError'{0x000000008944e838}: <clinit>> (0x000000008944e838) thrown at [./src/hotspot/share/prims/jni.cpp, line 1362]

Events (20 events):
Event: 61.284 loading class kotlin/streams/jdk8/StreamsKt done
Event: 61.308 loading class com/android/builder/dexing/DexUtilsKt$getSortedFilesInDir$2$2
Event: 61.308 loading class com/android/builder/dexing/DexUtilsKt$getSortedFilesInDir$2$2 done
Event: 61.321 loading class com/android/builder/dexing/DexEntry
Event: 61.321 loading class com/android/builder/dexing/DexEntry done
Event: 61.322 loading class com/android/builder/dexing/DexEntry$Companion
Event: 61.322 loading class com/android/builder/dexing/DexEntry$Companion done
Event: 61.348 loading class java/io/PushbackInputStream
Event: 61.350 loading class java/io/PushbackInputStream done
Event: 61.722 loading class com/android/builder/dexing/DexEntryBucket
Event: 61.722 loading class com/android/builder/dexing/DexEntryBucket done
Event: 61.836 loading class com/android/builder/dexing/DexEntryBucket$Companion
Event: 61.836 loading class com/android/builder/dexing/DexEntryBucket$Companion done
Event: 61.864 loading class com/android/build/gradle/internal/tasks/DexMergingWorkAction
Event: 61.864 loading class com/android/build/gradle/internal/tasks/DexMergingWorkAction done
Event: 61.924 loading class com/android/build/gradle/internal/tasks/DexMergingTaskDelegate$run$1$1
Event: 61.924 loading class com/android/build/gradle/internal/tasks/DexMergingTaskDelegate$run$1$1 done
Event: 61.932 loading class com/android/build/gradle/internal/tasks/DexMergingWorkAction$Params
Event: 61.932 loading class com/android/build/gradle/internal/tasks/DexMergingWorkAction$Params done
Event: 62.141 Thread 0x000001cdf2fa3000 Thread added: 0x000001cdf2fa3000


Dynamic libraries:
0x00007ff74d890000 - 0x00007ff74d89a000 	C:\Program Files\Android\Android Studio\jre\bin\java.exe
0x00007ffecaa30000 - 0x00007ffecac25000 	C:\WINDOWS\SYSTEM32\ntdll.dll
0x00007ffec8d10000 - 0x00007ffec8dce000 	C:\WINDOWS\System32\KERNEL32.DLL
0x00007ffec83c0000 - 0x00007ffec8689000 	C:\WINDOWS\System32\KERNELBASE.dll
0x00007ffec87d0000 - 0x00007ffec88d0000 	C:\WINDOWS\System32\ucrtbase.dll
0x00007ffe85370000 - 0x00007ffe85387000 	C:\Program Files\Android\Android Studio\jre\bin\VCRUNTIME140.dll
0x00007ffeb6c90000 - 0x00007ffeb6ca9000 	C:\Program Files\Android\Android Studio\jre\bin\jli.dll
0x00007ffec9640000 - 0x00007ffec97e1000 	C:\WINDOWS\System32\USER32.dll
0x00007ffec8770000 - 0x00007ffec8792000 	C:\WINDOWS\System32\win32u.dll
0x00007ffec8ce0000 - 0x00007ffec8d0b000 	C:\WINDOWS\System32\GDI32.dll
0x00007ffeb7e80000 - 0x00007ffeb811a000 	C:\WINDOWS\WinSxS\amd64_microsoft.windows.common-controls_6595b64144ccf1df_6.0.19041.1110_none_60b5254171f9507e\COMCTL32.dll
0x00007ffec8150000 - 0x00007ffec825b000 	C:\WINDOWS\System32\gdi32full.dll
0x00007ffec8930000 - 0x00007ffec89cd000 	C:\WINDOWS\System32\msvcp_win.dll
0x00007ffec9f80000 - 0x00007ffeca01e000 	C:\WINDOWS\System32\msvcrt.dll
0x00007ffec9f50000 - 0x00007ffec9f80000 	C:\WINDOWS\System32\IMM32.DLL
0x00007ffec2620000 - 0x00007ffec26bd000 	C:\Program Files\Android\Android Studio\jre\bin\msvcp140.dll
0x00007ffe800c0000 - 0x00007ffe80b8f000 	C:\Program Files\Android\Android Studio\jre\bin\server\jvm.dll
0x00007ffec8c20000 - 0x00007ffec8ccc000 	C:\WINDOWS\System32\ADVAPI32.dll
0x00007ffec8fe0000 - 0x00007ffec907b000 	C:\WINDOWS\System32\sechost.dll
0x00007ffec8e50000 - 0x00007ffec8f7a000 	C:\WINDOWS\System32\RPCRT4.dll
0x00007ffeca9e0000 - 0x00007ffeca9e8000 	C:\WINDOWS\System32\PSAPI.DLL
0x00007ffeaf4d0000 - 0x00007ffeaf4d9000 	C:\WINDOWS\SYSTEM32\WSOCK32.dll
0x00007ffebaa90000 - 0x00007ffebaab7000 	C:\WINDOWS\SYSTEM32\WINMM.dll
0x00007ffec99d0000 - 0x00007ffec9a3b000 	C:\WINDOWS\System32\WS2_32.dll
0x00007ffec0950000 - 0x00007ffec095a000 	C:\WINDOWS\SYSTEM32\VERSION.dll
0x00007ffec6050000 - 0x00007ffec6062000 	C:\WINDOWS\SYSTEM32\kernel.appcore.dll
0x00007ffe800a0000 - 0x00007ffe800b1000 	C:\Program Files\Android\Android Studio\jre\bin\verify.dll
0x00007ffeb4960000 - 0x00007ffeb4b44000 	C:\WINDOWS\SYSTEM32\DBGHELP.DLL
0x00007ffeb4920000 - 0x00007ffeb494c000 	C:\WINDOWS\SYSTEM32\dbgcore.DLL
0x00007ffec8690000 - 0x00007ffec8713000 	C:\WINDOWS\System32\bcryptPrimitives.dll
0x00007ffe80070000 - 0x00007ffe80099000 	C:\Program Files\Android\Android Studio\jre\bin\java.dll
0x00007ffea9f30000 - 0x00007ffea9f3b000 	C:\Program Files\Android\Android Studio\jre\bin\jimage.dll
0x00007ffe80050000 - 0x00007ffe80068000 	C:\Program Files\Android\Android Studio\jre\bin\zip.dll
0x00007ffeca020000 - 0x00007ffeca75f000 	C:\WINDOWS\System32\SHELL32.dll
0x00007ffec6250000 - 0x00007ffec69e0000 	C:\WINDOWS\SYSTEM32\windows.storage.dll
0x00007ffec9bf0000 - 0x00007ffec9f45000 	C:\WINDOWS\System32\combase.dll
0x00007ffec7ba0000 - 0x00007ffec7bcc000 	C:\WINDOWS\SYSTEM32\Wldp.dll
0x00007ffec9a40000 - 0x00007ffec9aed000 	C:\WINDOWS\System32\SHCORE.dll
0x00007ffec9b90000 - 0x00007ffec9be5000 	C:\WINDOWS\System32\shlwapi.dll
0x00007ffec8090000 - 0x00007ffec80af000 	C:\WINDOWS\SYSTEM32\profapi.dll
0x00007ffec2d60000 - 0x00007ffec2d7a000 	C:\Program Files\Android\Android Studio\jre\bin\net.dll
0x00007ffeb9c80000 - 0x00007ffeb9d88000 	C:\WINDOWS\SYSTEM32\WINHTTP.dll
0x00007ffec7900000 - 0x00007ffec796a000 	C:\WINDOWS\system32\mswsock.dll
0x00007ffec2d40000 - 0x00007ffec2d54000 	C:\Program Files\Android\Android Studio\jre\bin\nio.dll
0x00007ffec13a0000 - 0x00007ffec13c7000 	C:\Users\MinhNgan\.gradle\native\8bec1ad78214c89d9ad589b4d07fe93259594b29d510b10fafb7a158f7737e5d\windows-amd64\native-platform.dll
0x00007ffea1eb0000 - 0x00007ffea1fed000 	C:\Users\MinhNgan\.gradle\native\53dbd7edfb1c66fb8903c78663c9afc45aea4f116125fa6feffd364cf09443e8\windows-amd64\native-platform-file-events.dll
0x00007ffec2d30000 - 0x00007ffec2d3a000 	C:\Program Files\Android\Android Studio\jre\bin\management.dll
0x00007ffec2d20000 - 0x00007ffec2d2c000 	C:\Program Files\Android\Android Studio\jre\bin\management_ext.dll
0x00007ffec7af0000 - 0x00007ffec7b08000 	C:\WINDOWS\SYSTEM32\CRYPTSP.dll
0x00007ffec7210000 - 0x00007ffec7244000 	C:\WINDOWS\system32\rsaenh.dll
0x00007ffec87a0000 - 0x00007ffec87c7000 	C:\WINDOWS\System32\bcrypt.dll
0x00007ffec8050000 - 0x00007ffec807e000 	C:\WINDOWS\SYSTEM32\USERENV.dll
0x00007ffec7b10000 - 0x00007ffec7b1c000 	C:\WINDOWS\SYSTEM32\CRYPTBASE.dll
0x00007ffec75a0000 - 0x00007ffec75db000 	C:\WINDOWS\SYSTEM32\IPHLPAPI.DLL
0x00007ffec8cd0000 - 0x00007ffec8cd8000 	C:\WINDOWS\System32\NSI.dll
0x00007ffebc9f0000 - 0x00007ffebca07000 	C:\WINDOWS\SYSTEM32\dhcpcsvc6.DLL
0x00007ffebfd70000 - 0x00007ffebfd8d000 	C:\WINDOWS\SYSTEM32\dhcpcsvc.DLL
0x00007ffec75f0000 - 0x00007ffec76bc000 	C:\WINDOWS\SYSTEM32\DNSAPI.dll

dbghelp: loaded successfully - version: 4.0.5 - missing functions: none
symbol engine: initialized successfully - sym options: 0x614 - pdb path: .;C:\Program Files\Android\Android Studio\jre\bin;C:\WINDOWS\SYSTEM32;C:\WINDOWS\WinSxS\amd64_microsoft.windows.common-controls_6595b64144ccf1df_6.0.19041.1110_none_60b5254171f9507e;C:\Program Files\Android\Android Studio\jre\bin\server;C:\Users\MinhNgan\.gradle\native\8bec1ad78214c89d9ad589b4d07fe93259594b29d510b10fafb7a158f7737e5d\windows-amd64;C:\Users\MinhNgan\.gradle\native\53dbd7edfb1c66fb8903c78663c9afc45aea4f116125fa6feffd364cf09443e8\windows-amd64

VM Arguments:
jvm_args: --add-opens=java.base/java.util=ALL-UNNAMED --add-opens=java.base/java.lang=ALL-UNNAMED --add-opens=java.base/java.lang.invoke=ALL-UNNAMED --add-opens=java.base/java.util=ALL-UNNAMED --add-opens=java.prefs/java.util.prefs=ALL-UNNAMED --add-opens=java.prefs/java.util.prefs=ALL-UNNAMED --add-opens=java.base/java.nio.charset=ALL-UNNAMED --add-opens=java.base/java.net=ALL-UNNAMED --add-opens=java.base/java.util.concurrent.atomic=ALL-UNNAMED -Xmx2048m -Dfile.encoding=UTF-8 -Duser.country=US -Duser.language=en -Duser.variant 
java_command: org.gradle.launcher.daemon.bootstrap.GradleDaemon 7.0.2
java_class_path (initial): C:\Users\MinhNgan\.gradle\wrapper\dists\gradle-7.0.2-bin\857tjihv64xamwrf0h14cai3r\gradle-7.0.2\lib\gradle-launcher-7.0.2.jar
Launcher Type: SUN_STANDARD

[Global flags]
     intx CICompilerCount                          = 3                                         {product} {ergonomic}
     uint ConcGCThreads                            = 1                                         {product} {ergonomic}
     uint G1ConcRefinementThreads                  = 4                                         {product} {ergonomic}
   size_t G1HeapRegionSize                         = 1048576                                   {product} {ergonomic}
    uintx GCDrainStackTargetSize                   = 64                                        {product} {ergonomic}
   size_t InitialHeapSize                          = 67108864                                  {product} {ergonomic}
   size_t MarkStackSize                            = 4194304                                   {product} {ergonomic}
   size_t MaxHeapSize                              = 2147483648                                {product} {command line}
   size_t MaxNewSize                               = 1287651328                                {product} {ergonomic}
   size_t MinHeapDeltaBytes                        = 1048576                                   {product} {ergonomic}
    uintx NonNMethodCodeHeapSize                   = 5830732                                {pd product} {ergonomic}
    uintx NonProfiledCodeHeapSize                  = 122913754                              {pd product} {ergonomic}
    uintx ProfiledCodeHeapSize                     = 122913754                              {pd product} {ergonomic}
    uintx ReservedCodeCacheSize                    = 251658240                              {pd product} {ergonomic}
     bool SegmentedCodeCache                       = true                                      {product} {ergonomic}
     bool UseCompressedClassPointers               = true                                 {lp64_product} {ergonomic}
     bool UseCompressedOops                        = true                                 {lp64_product} {ergonomic}
     bool UseG1GC                                  = true                                      {product} {ergonomic}
     bool UseLargePagesIndividualAllocation        = false                                  {pd product} {ergonomic}

Logging:
Log output configuration:
 #0: stdout all=warning uptime,level,tags
 #1: stderr all=off uptime,level,tags

Environment Variables:
PATH=C:\Program Files\Common Files\Oracle\Java\javapath;C:\WINDOWS\system32;C:\WINDOWS;C:\WINDOWS\System32\Wbem;C:\WINDOWS\System32\WindowsPowerShell\v1.0\;C:\WINDOWS\System32\OpenSSH\;C:\Program Files\dotnet\;C:\Program Files\Microsoft SQL Server\130\Tools\Binn\;C:\Program Files\Microsoft SQL Server\Client SDK\ODBC\170\Tools\Binn\;C:\Program Files (x86)\dotnet\;C:\Program Files\Git\cmd;C:\Users\MinhNgan\AppData\Local\Microsoft\WindowsApps
USERNAME=MinhNgan
OS=Windows_NT
PROCESSOR_IDENTIFIER=Intel64 Family 6 Model 69 Stepping 1, GenuineIntel



---------------  S Y S T E M  ---------------

OS: Windows 10 , 64 bit Build 19041 (10.0.19041.1202)
OS uptime: 0 days 0:05 hours

CPU:total 4 (initial active 4) (2 cores per cpu, 2 threads per core) family 6 model 69 stepping 1 microcode 0x25, cmov, cx8, fxsr, mmx, sse, sse2, sse3, ssse3, sse4.1, sse4.2, popcnt, avx, avx2, aes, clmul, erms, lzcnt, ht, tsc, tscinvbit, bmi1, bmi2, fma

Memory: 4k page, system-wide physical 3979M (143M free)
TotalPageFile size 6979M (AvailPageFile size 5M)
current process WorkingSet (physical memory assigned to process): 271M, peak: 321M
current process commit charge ("private bytes"): 446M, peak: 447M

vm_info: OpenJDK 64-Bit Server VM (11.0.10+0-b96-7249189) for windows-amd64 JRE (11.0.10+0-b96-7249189), built on Mar 31 2021 21:44:00 by "builder" with MS VC++ 14.0 (VS2015)

END.
