#
# There is insufficient memory for the Java Runtime Environment to continue.
# Native memory allocation (mmap) failed to map 143654912 bytes for Failed to commit area from 0x0000000091900000 to 0x000000009a200000 of length 143654912.
# Possible reasons:
#   The system is out of physical RAM or swap space
#   The process is running with CompressedOops enabled, and the Java Heap may be blocking the growth of the native heap
# Possible solutions:
#   Reduce memory load on the system
#   Increase physical memory or swap space
#   Check if swap backing store is full
#   Decrease Java heap size (-Xmx/-Xms)
#   Decrease number of Java threads
#   Decrease Java thread stack sizes (-Xss)
#   Set larger code cache with -XX:ReservedCodeCacheSize=
#   JVM is running with Unscaled Compressed Oops mode in which the Java heap is
#     placed in the first 4GB address space. The Java Heap base address is the
#     maximum limit for the native heap growth. Please use -XX:HeapBaseMinAddress
#     to set the Java Heap base and to place the Java Heap above 4GB virtual address.
# This output file may be truncated or incomplete.
#
#  Out of Memory Error (./src/hotspot/os/windows/os_windows.cpp:3301), pid=4968, tid=6476
#
# JRE version: OpenJDK Runtime Environment (11.0.10) (build 11.0.10+0-b96-7249189)
# Java VM: OpenJDK 64-Bit Server VM (11.0.10+0-b96-7249189, mixed mode, tiered, compressed oops, g1 gc, windows-amd64)
# No core dump will be written. Minidumps are not enabled by default on client versions of Windows
#

---------------  S U M M A R Y ------------

Command Line: --add-opens=java.base/java.util=ALL-UNNAMED --add-opens=java.base/java.lang=ALL-UNNAMED --add-opens=java.base/java.lang.invoke=ALL-UNNAMED --add-opens=java.base/java.util=ALL-UNNAMED --add-opens=java.prefs/java.util.prefs=ALL-UNNAMED --add-opens=java.prefs/java.util.prefs=ALL-UNNAMED --add-opens=java.base/java.nio.charset=ALL-UNNAMED --add-opens=java.base/java.net=ALL-UNNAMED --add-opens=java.base/java.util.concurrent.atomic=ALL-UNNAMED -Xmx2048m -Dfile.encoding=UTF-8 -Duser.country=US -Duser.language=en -Duser.variant org.gradle.launcher.daemon.bootstrap.GradleDaemon 7.0.2

Host: Intel(R) Core(TM) i5-4210U CPU @ 1.70GHz, 4 cores, 3G,  Windows 10 , 64 bit Build 19041 (10.0.19041.1202)
Time: Wed Nov 10 11:36:18 2021 SE Asia Standard Time elapsed time: 280.944997 seconds (0d 0h 4m 40s)

---------------  T H R E A D  ---------------

Current thread (0x00000260a6ffe800):  VMThread "VM Thread" [stack: 0x0000006fc2b00000,0x0000006fc2c00000] [id=6476]

Stack: [0x0000006fc2b00000,0x0000006fc2c00000]
[error occurred during error reporting (printing stack bounds), id 0xc0000005, EXCEPTION_ACCESS_VIOLATION (0xc0000005) at pc=0x00000260907d0f2d]

Native frames: (J=compiled Java code, j=interpreted, Vv=VM code, C=native code)
V  [jvm.dll+0x5ecfaa]
V  [jvm.dll+0x722bd5]
V  [jvm.dll+0x72412d]
V  [jvm.dll+0x724745]
V  [jvm.dll+0x7246fb]
V  [jvm.dll+0x5ec348]
V  [jvm.dll+0x5ecad8]
C  [ntdll.dll+0xa20cf]
C  [ntdll.dll+0x51454]
C  [ntdll.dll+0xa0bfe]
C  0x00000260907d0f2d

VM_Operation (0x0000006fc4ff8a40): G1CollectForAllocation, mode: safepoint, requested by thread 0x00000260ae721800


---------------  P R O C E S S  ---------------

Threads class SMR info:
_java_thread_list=0x00000260a8b5ab20, length=51, elements={
0x000002608ccdb800, 0x00000260a7006800, 0x00000260a7009800, 0x00000260a7062800,
0x00000260a7064000, 0x00000260a7068800, 0x00000260a7069800, 0x00000260a7072000,
0x00000260a707f000, 0x00000260a7ad7000, 0x00000260a955e800, 0x00000260ab093800,
0x00000260a7cd8800, 0x00000260aa6ea000, 0x00000260aa6ec000, 0x00000260aa6e8000,
0x00000260aa6ed000, 0x00000260aa6e7800, 0x00000260aa6e9000, 0x00000260aa6ee000,
0x00000260aa935000, 0x00000260aa931000, 0x00000260aa936000, 0x00000260aa930800,
0x00000260aa93f000, 0x00000260aa6ea800, 0x00000260aa933800, 0x00000260aa937000,
0x00000260aa932000, 0x00000260aa938800, 0x00000260aa932800, 0x00000260aa93a000,
0x00000260aa93b000, 0x00000260aa93d800, 0x00000260aa93c800, 0x00000260ae727000,
0x00000260ae726000, 0x00000260ae724800, 0x00000260ae721800, 0x00000260ae728000,
0x00000260ae722000, 0x00000260ae723000, 0x00000260ae723800, 0x00000260a8fd8000,
0x00000260a8fd9000, 0x00000260a8fd3800, 0x00000260a8fd7800, 0x00000260a8fda000,
0x00000260a8fd4000, 0x00000260a8fda800, 0x00000260a8fdb800
}

Java Threads: ( => current thread )
  0x000002608ccdb800 JavaThread "main" [_thread_blocked, id=6508, stack(0x0000006fc2500000,0x0000006fc2600000)]
  0x00000260a7006800 JavaThread "Reference Handler" daemon [_thread_blocked, id=6456, stack(0x0000006fc2c00000,0x0000006fc2d00000)]
  0x00000260a7009800 JavaThread "Finalizer" daemon [_thread_blocked, id=6564, stack(0x0000006fc2d00000,0x0000006fc2e00000)]
  0x00000260a7062800 JavaThread "Signal Dispatcher" daemon [_thread_blocked, id=5344, stack(0x0000006fc2e00000,0x0000006fc2f00000)]
  0x00000260a7064000 JavaThread "Attach Listener" daemon [_thread_blocked, id=4572, stack(0x0000006fc2f00000,0x0000006fc3000000)]
  0x00000260a7068800 JavaThread "Service Thread" daemon [_thread_blocked, id=6460, stack(0x0000006fc3000000,0x0000006fc3100000)]
  0x00000260a7069800 JavaThread "C2 CompilerThread0" daemon [_thread_in_native, id=6576, stack(0x0000006fc3100000,0x0000006fc3200000)]
  0x00000260a7072000 JavaThread "C1 CompilerThread0" daemon [_thread_blocked, id=6492, stack(0x0000006fc3200000,0x0000006fc3300000)]
  0x00000260a707f000 JavaThread "Sweeper thread" daemon [_thread_blocked, id=5280, stack(0x0000006fc3300000,0x0000006fc3400000)]
  0x00000260a7ad7000 JavaThread "Common-Cleaner" daemon [_thread_blocked, id=9980, stack(0x0000006fc3400000,0x0000006fc3500000)]
  0x00000260a955e800 JavaThread "Daemon health stats" [_thread_blocked, id=428, stack(0x0000006fc3800000,0x0000006fc3900000)]
  0x00000260ab093800 JavaThread "Incoming local TCP Connector on port 49862" [_thread_in_native, id=7680, stack(0x0000006fc3600000,0x0000006fc3700000)]
  0x00000260a7cd8800 JavaThread "Daemon periodic checks" [_thread_blocked, id=7552, stack(0x0000006fc3900000,0x0000006fc3a00000)]
  0x00000260aa6ea000 JavaThread "Cache worker for file hash cache (C:\Program Files\Java\jdk-17.0.1\caches\7.0.2\fileHashes)" [_thread_blocked, id=4296, stack(0x0000006fc3c00000,0x0000006fc3d00000)]
  0x00000260aa6ec000 JavaThread "File lock request listener" [_thread_in_native, id=6008, stack(0x0000006fc4400000,0x0000006fc4500000)]
  0x00000260aa6e8000 JavaThread "Cache worker for journal cache (C:\Program Files\Java\jdk-17.0.1\caches\journal-1)" [_thread_blocked, id=7324, stack(0x0000006fc4500000,0x0000006fc4600000)]
  0x00000260aa6ed000 JavaThread "File watcher server" daemon [_thread_blocked, id=7344, stack(0x0000006fc4700000,0x0000006fc4800000)]
  0x00000260aa6e7800 JavaThread "File watcher consumer" daemon [_thread_blocked, id=7332, stack(0x0000006fc4800000,0x0000006fc4900000)]
  0x00000260aa6e9000 JavaThread "jar transforms" [_thread_blocked, id=7320, stack(0x0000006fc4900000,0x0000006fc4a00000)]
  0x00000260aa6ee000 JavaThread "jar transforms Thread 2" [_thread_blocked, id=5980, stack(0x0000006fc4a00000,0x0000006fc4b00000)]
  0x00000260aa935000 JavaThread "jar transforms Thread 3" [_thread_blocked, id=7472, stack(0x0000006fc4b00000,0x0000006fc4c00000)]
  0x00000260aa931000 JavaThread "jar transforms Thread 4" [_thread_blocked, id=6536, stack(0x0000006fc4d00000,0x0000006fc4e00000)]
  0x00000260aa936000 JavaThread "Cache worker for execution history cache (C:\Program Files\Java\jdk-17.0.1\caches\7.0.2\executionHistory)" [_thread_blocked, id=9912, stack(0x0000006fc5100000,0x0000006fc5200000)]
  0x00000260aa930800 JavaThread "Cache worker for file content cache (C:\Program Files\Java\jdk-17.0.1\caches\7.0.2\fileContent)" [_thread_blocked, id=4436, stack(0x0000006fc5200000,0x0000006fc5300000)]
  0x00000260aa93f000 JavaThread "Memory manager" [_thread_blocked, id=7080, stack(0x0000006fc5900000,0x0000006fc5a00000)]
  0x00000260aa6ea800 JavaThread "Daemon Thread 2" [_thread_blocked, id=4736, stack(0x0000006fc2200000,0x0000006fc2300000)]
  0x00000260aa933800 JavaThread "Handler for socket connection from /127.0.0.1:49862 to /127.0.0.1:50028" [_thread_in_native, id=1620, stack(0x0000006fc2300000,0x0000006fc2400000)]
  0x00000260aa937000 JavaThread "Cancel handler" [_thread_blocked, id=7512, stack(0x0000006fc2400000,0x0000006fc2500000)]
  0x00000260aa932000 JavaThread "Daemon worker Thread 2" [_thread_blocked, id=2020, stack(0x0000006fc3a00000,0x0000006fc3b00000)]
  0x00000260aa938800 JavaThread "Asynchronous log dispatcher for DefaultDaemonConnection: socket connection from /127.0.0.1:49862 to /127.0.0.1:50028" [_thread_blocked, id=2396, stack(0x0000006fc3b00000,0x0000006fc3c00000)]
  0x00000260aa932800 JavaThread "Stdin handler" [_thread_blocked, id=1020, stack(0x0000006fc3d00000,0x0000006fc3e00000)]
  0x00000260aa93a000 JavaThread "Daemon client event forwarder" [_thread_blocked, id=5468, stack(0x0000006fc3e00000,0x0000006fc3f00000)]
  0x00000260aa93b000 JavaThread "Cache worker for file hash cache (C:\Users\MinhNgan\AndroidStudioProjects\Android_hepat\.gradle\7.0.2\fileHashes)" [_thread_blocked, id=1968, stack(0x0000006fc4100000,0x0000006fc4200000)]
  0x00000260aa93d800 JavaThread "Cache worker for checksums cache (C:\Users\MinhNgan\AndroidStudioProjects\Android_hepat\.gradle\checksums)" [_thread_blocked, id=2448, stack(0x0000006fc4200000,0x0000006fc4300000)]
  0x00000260aa93c800 JavaThread "Cache worker for cache directory md-supplier (C:\Program Files\Java\jdk-17.0.1\caches\7.0.2\md-supplier)" [_thread_blocked, id=7140, stack(0x0000006fc4300000,0x0000006fc4400000)]
  0x00000260ae727000 JavaThread "Cache worker for cache directory md-rule (C:\Program Files\Java\jdk-17.0.1\caches\7.0.2\md-rule)" [_thread_blocked, id=6148, stack(0x0000006fc4600000,0x0000006fc4700000)]
  0x00000260ae726000 JavaThread "Cache worker for dependencies-accessors (C:\Users\MinhNgan\AndroidStudioProjects\Android_hepat\.gradle\7.0.2\dependencies-accessors)" [_thread_blocked, id=3412, stack(0x0000006fc4c00000,0x0000006fc4d00000)]
  0x00000260ae724800 JavaThread "Cache worker for Build Output Cleanup Cache (C:\Users\MinhNgan\AndroidStudioProjects\Android_hepat\.gradle\buildOutputCleanup)" [_thread_blocked, id=7516, stack(0x0000006fc4e00000,0x0000006fc4f00000)]
  0x00000260ae721800 JavaThread "Build operations" [_thread_blocked, id=4756, stack(0x0000006fc4f00000,0x0000006fc5000000)]
  0x00000260ae728000 JavaThread "Build operations Thread 2" [_thread_blocked, id=3352, stack(0x0000006fc5000000,0x0000006fc5100000)]
  0x00000260ae722000 JavaThread "Build operations Thread 3" [_thread_blocked, id=8660, stack(0x0000006fc5300000,0x0000006fc5400000)]
  0x00000260ae723000 JavaThread "Build operations Thread 4" [_thread_blocked, id=1952, stack(0x0000006fc5400000,0x0000006fc5500000)]
  0x00000260ae723800 JavaThread "build event listener" [_thread_blocked, id=5984, stack(0x0000006fc5500000,0x0000006fc5600000)]
  0x00000260a8fd8000 JavaThread "Execution worker for ':'" [_thread_blocked, id=6164, stack(0x0000006fc5600000,0x0000006fc5700000)]
  0x00000260a8fd9000 JavaThread "Execution worker for ':' Thread 2" [_thread_blocked, id=9596, stack(0x0000006fc5700000,0x0000006fc5800000)]
  0x00000260a8fd3800 JavaThread "Execution worker for ':' Thread 3" [_thread_blocked, id=8072, stack(0x0000006fc5800000,0x0000006fc5900000)]
  0x00000260a8fd7800 JavaThread "Cache worker for execution history cache (C:\Users\MinhNgan\AndroidStudioProjects\Android_hepat\.gradle\7.0.2\executionHistory)" [_thread_blocked, id=8528, stack(0x0000006fc5a00000,0x0000006fc5b00000)]
  0x00000260a8fda000 JavaThread "WorkerExecutor Queue" [_thread_blocked, id=6812, stack(0x0000006fc5b00000,0x0000006fc5c00000)]
  0x00000260a8fd4000 JavaThread "WorkerExecutor Queue Thread 2" [_thread_blocked, id=6788, stack(0x0000006fc5c00000,0x0000006fc5d00000)]
  0x00000260a8fda800 JavaThread "WorkerExecutor Queue Thread 3" [_thread_blocked, id=6784, stack(0x0000006fc5d00000,0x0000006fc5e00000)]
  0x00000260a8fdb800 JavaThread "WorkerExecutor Queue Thread 4" [_thread_blocked, id=6804, stack(0x0000006fc5e00000,0x0000006fc5f00000)]

Other Threads:
=>0x00000260a6ffe800 VMThread "VM Thread" [stack: 0x0000006fc2b00000,0x0000006fc2c00000] [id=6476]
  0x00000260a7ade800 WatcherThread [stack: 0x0000006fc3500000,0x0000006fc3600000] [id=4744]
  0x000002608ccf4000 GCTaskThread "GC Thread#0" [stack: 0x0000006fc2600000,0x0000006fc2700000] [id=6528]
  0x00000260a8752000 GCTaskThread "GC Thread#1" [stack: 0x0000006fc3700000,0x0000006fc3800000] [id=7408]
  0x00000260a8d8a800 GCTaskThread "GC Thread#2" [stack: 0x0000006fc3f00000,0x0000006fc4000000] [id=7224]
  0x00000260a8d8b800 GCTaskThread "GC Thread#3" [stack: 0x0000006fc4000000,0x0000006fc4100000] [id=7228]
  0x000002608cd25800 ConcurrentGCThread "G1 Main Marker" [stack: 0x0000006fc2700000,0x0000006fc2800000] [id=3816]
  0x000002608cd26800 ConcurrentGCThread "G1 Conc#0" [stack: 0x0000006fc2800000,0x0000006fc2900000] [id=5668]
  0x000002608cd7f800 ConcurrentGCThread "G1 Refine#0" [stack: 0x0000006fc2900000,0x0000006fc2a00000] [id=6616]
  0x000002608cd80800 ConcurrentGCThread "G1 Young RemSet Sampling" [stack: 0x0000006fc2a00000,0x0000006fc2b00000] [id=5736]

Threads with active compile tasks:
C2 CompilerThread0 280990 18966 %     4       com.android.tools.r8.internal.U6::a @ 2246 (6044 bytes)
C1 CompilerThread0 280990 20360 %     3       com.android.tools.r8.internal.ka::a @ 704 (944 bytes)

VM state:at safepoint (normal execution)

VM Mutex/Monitor currently owned by a thread:  ([mutex/lock_event])
[0x000002608ccd8970] Threads_lock - owner thread: 0x00000260a6ffe800
[0x000002608ccd90c0] Heap_lock - owner thread: 0x00000260ae721800

Heap address: 0x0000000080000000, size: 2048 MB, Compressed Oops mode: 32-bit
Narrow klass base: 0x0000000000000000, Narrow klass shift: 3
Compressed class space size: 1073741824 Address: 0x0000000100000000

Heap:
 garbage-first heap   total 428032K, used 185636K [0x0000000080000000, 0x0000000100000000)
  region size 1024K, 1 young (1024K), 1 survivors (1024K)
 Metaspace       used 125199K, capacity 129350K, committed 129664K, reserved 1161216K
  class space    used 16029K, capacity 17460K, committed 17536K, reserved 1048576K
Heap Regions: E=young(eden), S=young(survivor), O=old, HS=humongous(starts), HC=humongous(continues), CS=collection set, F=free, A=archive, TAMS=top-at-mark-start (previous, next)
|   0|0x0000000080000000, 0x0000000080100000, 0x0000000080100000|100%|HS|  |TAMS 0x0000000080100000, 0x0000000080000000| Complete 
|   1|0x0000000080100000, 0x0000000080200000, 0x0000000080200000|100%|HC|  |TAMS 0x0000000080200000, 0x0000000080100000| Complete 
|   2|0x0000000080200000, 0x0000000080300000, 0x0000000080300000|100%|HC|  |TAMS 0x0000000080300000, 0x0000000080200000| Complete 
|   3|0x0000000080300000, 0x0000000080400000, 0x0000000080400000|100%| O|  |TAMS 0x0000000080400000, 0x0000000080300000| Untracked 
|   4|0x0000000080400000, 0x0000000080500000, 0x0000000080500000|100%| O|  |TAMS 0x0000000080500000, 0x0000000080400000| Untracked 
|   5|0x0000000080500000, 0x0000000080600000, 0x0000000080600000|100%| O|  |TAMS 0x0000000080600000, 0x0000000080500000| Untracked 
|   6|0x0000000080600000, 0x0000000080700000, 0x0000000080700000|100%| O|  |TAMS 0x0000000080700000, 0x0000000080600000| Untracked 
|   7|0x0000000080700000, 0x0000000080800000, 0x0000000080800000|100%| O|  |TAMS 0x0000000080800000, 0x0000000080700000| Untracked 
|   8|0x0000000080800000, 0x0000000080900000, 0x0000000080900000|100%| O|  |TAMS 0x0000000080900000, 0x0000000080800000| Untracked 
|   9|0x0000000080900000, 0x0000000080a00000, 0x0000000080a00000|100%| O|  |TAMS 0x0000000080a00000, 0x0000000080900000| Untracked 
|  10|0x0000000080a00000, 0x0000000080b00000, 0x0000000080b00000|100%| O|  |TAMS 0x0000000080b00000, 0x0000000080a00000| Untracked 
|  11|0x0000000080b00000, 0x0000000080c00000, 0x0000000080c00000|100%| O|  |TAMS 0x0000000080c00000, 0x0000000080b00000| Untracked 
|  12|0x0000000080c00000, 0x0000000080d00000, 0x0000000080d00000|100%| O|  |TAMS 0x0000000080d00000, 0x0000000080c00000| Untracked 
|  13|0x0000000080d00000, 0x0000000080e00000, 0x0000000080e00000|100%| O|  |TAMS 0x0000000080e00000, 0x0000000080d00000| Untracked 
|  14|0x0000000080e00000, 0x0000000080f00000, 0x0000000080f00000|100%| O|  |TAMS 0x0000000080f00000, 0x0000000080e00000| Untracked 
|  15|0x0000000080f00000, 0x0000000081000000, 0x0000000081000000|100%| O|  |TAMS 0x0000000081000000, 0x0000000080f00000| Untracked 
|  16|0x0000000081000000, 0x0000000081100000, 0x0000000081100000|100%|HS|  |TAMS 0x0000000081100000, 0x0000000081000000| Complete 
|  17|0x0000000081100000, 0x0000000081200000, 0x0000000081200000|100%|HC|  |TAMS 0x0000000081200000, 0x0000000081100000| Complete 
|  18|0x0000000081200000, 0x0000000081300000, 0x0000000081300000|100%|HS|  |TAMS 0x0000000081300000, 0x0000000081200000| Complete 
|  19|0x0000000081300000, 0x0000000081400000, 0x0000000081400000|100%|HC|  |TAMS 0x0000000081400000, 0x0000000081300000| Complete 
|  20|0x0000000081400000, 0x0000000081500000, 0x0000000081500000|100%|HC|  |TAMS 0x0000000081500000, 0x0000000081400000| Complete 
|  21|0x0000000081500000, 0x0000000081600000, 0x0000000081600000|100%|HS|  |TAMS 0x0000000081600000, 0x0000000081500000| Complete 
|  22|0x0000000081600000, 0x0000000081700000, 0x0000000081700000|100%|HC|  |TAMS 0x0000000081700000, 0x0000000081600000| Complete 
|  23|0x0000000081700000, 0x0000000081800000, 0x0000000081800000|100%|HC|  |TAMS 0x0000000081800000, 0x0000000081700000| Complete 
|  24|0x0000000081800000, 0x0000000081900000, 0x0000000081900000|100%|HC|  |TAMS 0x0000000081900000, 0x0000000081800000| Complete 
|  25|0x0000000081900000, 0x0000000081a00000, 0x0000000081a00000|100%|HC|  |TAMS 0x0000000081a00000, 0x0000000081900000| Complete 
|  26|0x0000000081a00000, 0x0000000081b00000, 0x0000000081b00000|100%| O|  |TAMS 0x0000000081b00000, 0x0000000081a00000| Untracked 
|  27|0x0000000081b00000, 0x0000000081c00000, 0x0000000081c00000|100%| O|  |TAMS 0x0000000081c00000, 0x0000000081b00000| Untracked 
|  28|0x0000000081c00000, 0x0000000081d00000, 0x0000000081d00000|100%| O|  |TAMS 0x0000000081d00000, 0x0000000081c00000| Untracked 
|  29|0x0000000081d00000, 0x0000000081e00000, 0x0000000081e00000|100%| O|  |TAMS 0x0000000081e00000, 0x0000000081d00000| Untracked 
|  30|0x0000000081e00000, 0x0000000081f00000, 0x0000000081f00000|100%| O|  |TAMS 0x0000000081f00000, 0x0000000081e00000| Untracked 
|  31|0x0000000081f00000, 0x0000000082000000, 0x0000000082000000|100%| O|  |TAMS 0x0000000082000000, 0x0000000081f00000| Untracked 
|  32|0x0000000082000000, 0x0000000082100000, 0x0000000082100000|100%| O|  |TAMS 0x0000000082100000, 0x0000000082000000| Untracked 
|  33|0x0000000082100000, 0x0000000082200000, 0x0000000082200000|100%| O|  |TAMS 0x0000000082200000, 0x0000000082100000| Untracked 
|  34|0x0000000082200000, 0x0000000082300000, 0x0000000082300000|100%| O|  |TAMS 0x0000000082300000, 0x0000000082200000| Untracked 
|  35|0x0000000082300000, 0x0000000082400000, 0x0000000082400000|100%| O|  |TAMS 0x0000000082400000, 0x0000000082300000| Untracked 
|  36|0x0000000082400000, 0x0000000082500000, 0x0000000082500000|100%| O|  |TAMS 0x0000000082500000, 0x0000000082400000| Untracked 
|  37|0x0000000082500000, 0x0000000082600000, 0x0000000082600000|100%| O|  |TAMS 0x0000000082600000, 0x0000000082500000| Untracked 
|  38|0x0000000082600000, 0x0000000082700000, 0x0000000082700000|100%| O|  |TAMS 0x0000000082700000, 0x0000000082600000| Untracked 
|  39|0x0000000082700000, 0x0000000082800000, 0x0000000082800000|100%|HS|  |TAMS 0x0000000082800000, 0x0000000082700000| Complete 
|  40|0x0000000082800000, 0x0000000082900000, 0x0000000082900000|100%|HC|  |TAMS 0x0000000082900000, 0x0000000082800000| Complete 
|  41|0x0000000082900000, 0x0000000082a00000, 0x0000000082a00000|100%|HC|  |TAMS 0x0000000082a00000, 0x0000000082900000| Complete 
|  42|0x0000000082a00000, 0x0000000082b00000, 0x0000000082b00000|100%|HC|  |TAMS 0x0000000082b00000, 0x0000000082a00000| Complete 
|  43|0x0000000082b00000, 0x0000000082c00000, 0x0000000082c00000|100%|HC|  |TAMS 0x0000000082c00000, 0x0000000082b00000| Complete 
|  44|0x0000000082c00000, 0x0000000082d00000, 0x0000000082d00000|100%| O|  |TAMS 0x0000000082d00000, 0x0000000082c00000| Untracked 
|  45|0x0000000082d00000, 0x0000000082e00000, 0x0000000082e00000|100%| O|  |TAMS 0x0000000082e00000, 0x0000000082d00000| Untracked 
|  46|0x0000000082e00000, 0x0000000082f00000, 0x0000000082f00000|100%| O|  |TAMS 0x0000000082f00000, 0x0000000082e00000| Untracked 
|  47|0x0000000082f00000, 0x0000000083000000, 0x0000000083000000|100%| O|  |TAMS 0x0000000083000000, 0x0000000082f00000| Untracked 
|  48|0x0000000083000000, 0x0000000083100000, 0x0000000083100000|100%|HS|  |TAMS 0x0000000083100000, 0x0000000083000000| Complete 
|  49|0x0000000083100000, 0x0000000083200000, 0x0000000083200000|100%|HC|  |TAMS 0x0000000083200000, 0x0000000083100000| Complete 
|  50|0x0000000083200000, 0x0000000083300000, 0x0000000083300000|100%|HC|  |TAMS 0x0000000083300000, 0x0000000083200000| Complete 
|  51|0x0000000083300000, 0x0000000083400000, 0x0000000083400000|100%| O|  |TAMS 0x0000000083400000, 0x0000000083300000| Untracked 
|  52|0x0000000083400000, 0x0000000083500000, 0x0000000083500000|100%| O|  |TAMS 0x0000000083500000, 0x0000000083400000| Untracked 
|  53|0x0000000083500000, 0x0000000083600000, 0x0000000083600000|100%| O|  |TAMS 0x0000000083600000, 0x0000000083500000| Untracked 
|  54|0x0000000083600000, 0x0000000083700000, 0x0000000083700000|100%| O|  |TAMS 0x0000000083700000, 0x0000000083600000| Untracked 
|  55|0x0000000083700000, 0x0000000083800000, 0x0000000083800000|100%| O|  |TAMS 0x0000000083800000, 0x0000000083700000| Untracked 
|  56|0x0000000083800000, 0x0000000083900000, 0x0000000083900000|100%| O|  |TAMS 0x0000000083900000, 0x0000000083800000| Untracked 
|  57|0x0000000083900000, 0x0000000083a00000, 0x0000000083a00000|100%| O|  |TAMS 0x0000000083a00000, 0x0000000083900000| Untracked 
|  58|0x0000000083a00000, 0x0000000083b00000, 0x0000000083b00000|100%| O|  |TAMS 0x0000000083b00000, 0x0000000083a00000| Untracked 
|  59|0x0000000083b00000, 0x0000000083c00000, 0x0000000083c00000|100%|HS|  |TAMS 0x0000000083c00000, 0x0000000083b00000| Complete 
|  60|0x0000000083c00000, 0x0000000083d00000, 0x0000000083d00000|100%|HS|  |TAMS 0x0000000083d00000, 0x0000000083c00000| Complete 
|  61|0x0000000083d00000, 0x0000000083e00000, 0x0000000083e00000|100%| O|  |TAMS 0x0000000083e00000, 0x0000000083d00000| Untracked 
|  62|0x0000000083e00000, 0x0000000083f00000, 0x0000000083f00000|100%|HS|  |TAMS 0x0000000083f00000, 0x0000000083e00000| Complete 
|  63|0x0000000083f00000, 0x0000000084000000, 0x0000000084000000|100%|HC|  |TAMS 0x0000000084000000, 0x0000000083f00000| Complete 
|  64|0x0000000084000000, 0x0000000084100000, 0x0000000084100000|100%| O|  |TAMS 0x0000000084100000, 0x0000000084000000| Untracked 
|  65|0x0000000084100000, 0x0000000084200000, 0x0000000084200000|100%| O|  |TAMS 0x0000000084200000, 0x0000000084100000| Untracked 
|  66|0x0000000084200000, 0x0000000084300000, 0x0000000084300000|100%| O|  |TAMS 0x0000000084300000, 0x0000000084200000| Untracked 
|  67|0x0000000084300000, 0x0000000084400000, 0x0000000084400000|100%| O|  |TAMS 0x0000000084400000, 0x0000000084300000| Untracked 
|  68|0x0000000084400000, 0x0000000084500000, 0x0000000084500000|100%| O|  |TAMS 0x0000000084500000, 0x0000000084400000| Untracked 
|  69|0x0000000084500000, 0x0000000084600000, 0x0000000084600000|100%| O|  |TAMS 0x0000000084600000, 0x0000000084500000| Untracked 
|  70|0x0000000084600000, 0x0000000084700000, 0x0000000084700000|100%| O|  |TAMS 0x0000000084700000, 0x0000000084600000| Untracked 
|  71|0x0000000084700000, 0x0000000084800000, 0x0000000084800000|100%| O|  |TAMS 0x0000000084800000, 0x0000000084700000| Untracked 
|  72|0x0000000084800000, 0x0000000084900000, 0x0000000084900000|100%| O|  |TAMS 0x0000000084900000, 0x0000000084800000| Untracked 
|  73|0x0000000084900000, 0x0000000084a00000, 0x0000000084a00000|100%| O|  |TAMS 0x0000000084a00000, 0x0000000084900000| Untracked 
|  74|0x0000000084a00000, 0x0000000084b00000, 0x0000000084b00000|100%| O|  |TAMS 0x0000000084b00000, 0x0000000084a00000| Untracked 
|  75|0x0000000084b00000, 0x0000000084c00000, 0x0000000084c00000|100%| O|  |TAMS 0x0000000084c00000, 0x0000000084b00000| Untracked 
|  76|0x0000000084c00000, 0x0000000084d00000, 0x0000000084d00000|100%| O|  |TAMS 0x0000000084d00000, 0x0000000084c00000| Untracked 
|  77|0x0000000084d00000, 0x0000000084e00000, 0x0000000084e00000|100%| O|  |TAMS 0x0000000084e00000, 0x0000000084d00000| Untracked 
|  78|0x0000000084e00000, 0x0000000084f00000, 0x0000000084f00000|100%| O|  |TAMS 0x0000000084f00000, 0x0000000084e00000| Untracked 
|  79|0x0000000084f00000, 0x0000000085000000, 0x0000000085000000|100%| O|  |TAMS 0x0000000085000000, 0x0000000084f00000| Untracked 
|  80|0x0000000085000000, 0x0000000085100000, 0x0000000085100000|100%| O|  |TAMS 0x0000000085100000, 0x0000000085000000| Untracked 
|  81|0x0000000085100000, 0x0000000085200000, 0x0000000085200000|100%| O|  |TAMS 0x0000000085200000, 0x0000000085100000| Untracked 
|  82|0x0000000085200000, 0x0000000085300000, 0x0000000085300000|100%| O|  |TAMS 0x0000000085300000, 0x0000000085200000| Untracked 
|  83|0x0000000085300000, 0x0000000085400000, 0x0000000085400000|100%| O|  |TAMS 0x0000000085400000, 0x0000000085300000| Untracked 
|  84|0x0000000085400000, 0x0000000085500000, 0x0000000085500000|100%| O|  |TAMS 0x0000000085500000, 0x0000000085400000| Untracked 
|  85|0x0000000085500000, 0x0000000085600000, 0x0000000085600000|100%| O|  |TAMS 0x0000000085600000, 0x0000000085500000| Untracked 
|  86|0x0000000085600000, 0x0000000085700000, 0x0000000085700000|100%| O|  |TAMS 0x0000000085700000, 0x0000000085600000| Untracked 
|  87|0x0000000085700000, 0x0000000085800000, 0x0000000085800000|100%| O|  |TAMS 0x0000000085800000, 0x0000000085700000| Untracked 
|  88|0x0000000085800000, 0x0000000085900000, 0x0000000085900000|100%| O|  |TAMS 0x0000000085900000, 0x0000000085800000| Untracked 
|  89|0x0000000085900000, 0x0000000085900000, 0x0000000085a00000|  0%| F|  |TAMS 0x0000000085900000, 0x0000000085900000| Untracked 
|  90|0x0000000085a00000, 0x0000000085b00000, 0x0000000085b00000|100%| O|  |TAMS 0x0000000085b00000, 0x0000000085a00000| Untracked 
|  91|0x0000000085b00000, 0x0000000085c00000, 0x0000000085c00000|100%| O|  |TAMS 0x0000000085c00000, 0x0000000085b00000| Untracked 
|  92|0x0000000085c00000, 0x0000000085d00000, 0x0000000085d00000|100%| O|  |TAMS 0x0000000085d00000, 0x0000000085c00000| Untracked 
|  93|0x0000000085d00000, 0x0000000085e00000, 0x0000000085e00000|100%| O|  |TAMS 0x0000000085e00000, 0x0000000085d00000| Untracked 
|  94|0x0000000085e00000, 0x0000000085f00000, 0x0000000085f00000|100%| O|  |TAMS 0x0000000085f00000, 0x0000000085e00000| Untracked 
|  95|0x0000000085f00000, 0x0000000086000000, 0x0000000086000000|100%| O|  |TAMS 0x0000000086000000, 0x0000000085f00000| Untracked 
|  96|0x0000000086000000, 0x0000000086100000, 0x0000000086100000|100%| O|  |TAMS 0x0000000086100000, 0x0000000086000000| Untracked 
|  97|0x0000000086100000, 0x0000000086100000, 0x0000000086200000|  0%| F|  |TAMS 0x0000000086100000, 0x0000000086100000| Untracked 
|  98|0x0000000086200000, 0x0000000086300000, 0x0000000086300000|100%| O|  |TAMS 0x0000000086300000, 0x0000000086200000| Untracked 
|  99|0x0000000086300000, 0x0000000086400000, 0x0000000086400000|100%| O|  |TAMS 0x0000000086400000, 0x0000000086300000| Untracked 
| 100|0x0000000086400000, 0x0000000086500000, 0x0000000086500000|100%| O|  |TAMS 0x0000000086500000, 0x0000000086400000| Untracked 
| 101|0x0000000086500000, 0x0000000086600000, 0x0000000086600000|100%| O|  |TAMS 0x0000000086600000, 0x0000000086500000| Untracked 
| 102|0x0000000086600000, 0x0000000086700000, 0x0000000086700000|100%| O|  |TAMS 0x0000000086700000, 0x0000000086600000| Untracked 
| 103|0x0000000086700000, 0x0000000086800000, 0x0000000086800000|100%| O|  |TAMS 0x0000000086800000, 0x0000000086700000| Untracked 
| 104|0x0000000086800000, 0x0000000086900000, 0x0000000086900000|100%| O|  |TAMS 0x0000000086900000, 0x0000000086800000| Untracked 
| 105|0x0000000086900000, 0x0000000086a00000, 0x0000000086a00000|100%| O|  |TAMS 0x0000000086a00000, 0x0000000086900000| Untracked 
| 106|0x0000000086a00000, 0x0000000086b00000, 0x0000000086b00000|100%| O|  |TAMS 0x0000000086b00000, 0x0000000086a00000| Untracked 
| 107|0x0000000086b00000, 0x0000000086c00000, 0x0000000086c00000|100%| O|  |TAMS 0x0000000086c00000, 0x0000000086b00000| Untracked 
| 108|0x0000000086c00000, 0x0000000086c00000, 0x0000000086d00000|  0%| F|  |TAMS 0x0000000086c00000, 0x0000000086c00000| Untracked 
| 109|0x0000000086d00000, 0x0000000086e00000, 0x0000000086e00000|100%| O|  |TAMS 0x0000000086e00000, 0x0000000086d00000| Untracked 
| 110|0x0000000086e00000, 0x0000000086f00000, 0x0000000086f00000|100%| O|  |TAMS 0x0000000086f00000, 0x0000000086e00000| Untracked 
| 111|0x0000000086f00000, 0x0000000087000000, 0x0000000087000000|100%| O|  |TAMS 0x0000000087000000, 0x0000000086f00000| Untracked 
| 112|0x0000000087000000, 0x0000000087100000, 0x0000000087100000|100%| O|  |TAMS 0x0000000087100000, 0x0000000087000000| Untracked 
| 113|0x0000000087100000, 0x0000000087200000, 0x0000000087200000|100%| O|  |TAMS 0x0000000087200000, 0x0000000087100000| Untracked 
| 114|0x0000000087200000, 0x0000000087300000, 0x0000000087300000|100%| O|  |TAMS 0x0000000087300000, 0x0000000087200000| Untracked 
| 115|0x0000000087300000, 0x0000000087400000, 0x0000000087400000|100%| O|  |TAMS 0x0000000087400000, 0x0000000087300000| Untracked 
| 116|0x0000000087400000, 0x0000000087500000, 0x0000000087500000|100%| O|  |TAMS 0x0000000087500000, 0x0000000087400000| Untracked 
| 117|0x0000000087500000, 0x0000000087600000, 0x0000000087600000|100%| O|  |TAMS 0x0000000087600000, 0x0000000087500000| Untracked 
| 118|0x0000000087600000, 0x0000000087700000, 0x0000000087700000|100%| O|  |TAMS 0x0000000087700000, 0x0000000087600000| Untracked 
| 119|0x0000000087700000, 0x0000000087800000, 0x0000000087800000|100%| O|  |TAMS 0x0000000087800000, 0x0000000087700000| Untracked 
| 120|0x0000000087800000, 0x0000000087900000, 0x0000000087900000|100%| O|  |TAMS 0x0000000087900000, 0x0000000087800000| Untracked 
| 121|0x0000000087900000, 0x0000000087a00000, 0x0000000087a00000|100%| O|  |TAMS 0x0000000087958e00, 0x0000000087900000| Untracked 
| 122|0x0000000087a00000, 0x0000000087b00000, 0x0000000087b00000|100%| O|  |TAMS 0x0000000087a00000, 0x0000000087a00000| Untracked 
| 123|0x0000000087b00000, 0x0000000087c00000, 0x0000000087c00000|100%| O|  |TAMS 0x0000000087c00000, 0x0000000087b00000| Untracked 
| 124|0x0000000087c00000, 0x0000000087d00000, 0x0000000087d00000|100%| O|  |TAMS 0x0000000087d00000, 0x0000000087c00000| Untracked 
| 125|0x0000000087d00000, 0x0000000087e00000, 0x0000000087e00000|100%| O|  |TAMS 0x0000000087e00000, 0x0000000087d00000| Untracked 
| 126|0x0000000087e00000, 0x0000000087f00000, 0x0000000087f00000|100%| O|  |TAMS 0x0000000087e00000, 0x0000000087e00000| Untracked 
| 127|0x0000000087f00000, 0x0000000087f00000, 0x0000000088000000|  0%| F|  |TAMS 0x0000000087f00000, 0x0000000087f00000| Untracked 
| 128|0x0000000088000000, 0x0000000088000000, 0x0000000088100000|  0%| F|  |TAMS 0x0000000088000000, 0x0000000088000000| Untracked 
| 129|0x0000000088100000, 0x0000000088100000, 0x0000000088200000|  0%| F|  |TAMS 0x0000000088100000, 0x0000000088100000| Untracked 
| 130|0x0000000088200000, 0x0000000088200000, 0x0000000088300000|  0%| F|  |TAMS 0x0000000088200000, 0x0000000088200000| Untracked 
| 131|0x0000000088300000, 0x0000000088300000, 0x0000000088400000|  0%| F|  |TAMS 0x0000000088300000, 0x0000000088300000| Untracked 
| 132|0x0000000088400000, 0x0000000088400000, 0x0000000088500000|  0%| F|  |TAMS 0x0000000088400000, 0x0000000088400000| Untracked 
| 133|0x0000000088500000, 0x0000000088500000, 0x0000000088600000|  0%| F|  |TAMS 0x0000000088500000, 0x0000000088500000| Untracked 
| 134|0x0000000088600000, 0x0000000088600000, 0x0000000088700000|  0%| F|  |TAMS 0x0000000088600000, 0x0000000088600000| Untracked 
| 135|0x0000000088700000, 0x0000000088800000, 0x0000000088800000|100%| O|  |TAMS 0x0000000088800000, 0x0000000088700000| Untracked 
| 136|0x0000000088800000, 0x0000000088900000, 0x0000000088900000|100%| O|  |TAMS 0x0000000088900000, 0x0000000088800000| Untracked 
| 137|0x0000000088900000, 0x0000000088a00000, 0x0000000088a00000|100%| O|  |TAMS 0x0000000088a00000, 0x0000000088900000| Untracked 
| 138|0x0000000088a00000, 0x0000000088b00000, 0x0000000088b00000|100%| O|  |TAMS 0x0000000088b00000, 0x0000000088a00000| Untracked 
| 139|0x0000000088b00000, 0x0000000088c00000, 0x0000000088c00000|100%| O|  |TAMS 0x0000000088c00000, 0x0000000088b00000| Untracked 
| 140|0x0000000088c00000, 0x0000000088d00000, 0x0000000088d00000|100%| O|  |TAMS 0x0000000088d00000, 0x0000000088c00000| Untracked 
| 141|0x0000000088d00000, 0x0000000088e00000, 0x0000000088e00000|100%| O|  |TAMS 0x0000000088e00000, 0x0000000088d00000| Untracked 
| 142|0x0000000088e00000, 0x0000000088f00000, 0x0000000088f00000|100%| O|  |TAMS 0x0000000088f00000, 0x0000000088e00000| Untracked 
| 143|0x0000000088f00000, 0x0000000089000000, 0x0000000089000000|100%| O|  |TAMS 0x0000000089000000, 0x0000000088f00000| Untracked 
| 144|0x0000000089000000, 0x0000000089100000, 0x0000000089100000|100%| O|  |TAMS 0x0000000089100000, 0x0000000089000000| Untracked 
| 145|0x0000000089100000, 0x0000000089200000, 0x0000000089200000|100%| O|  |TAMS 0x0000000089200000, 0x0000000089100000| Untracked 
| 146|0x0000000089200000, 0x0000000089300000, 0x0000000089300000|100%| O|  |TAMS 0x0000000089300000, 0x0000000089200000| Untracked 
| 147|0x0000000089300000, 0x0000000089400000, 0x0000000089400000|100%| O|  |TAMS 0x0000000089400000, 0x0000000089300000| Untracked 
| 148|0x0000000089400000, 0x0000000089500000, 0x0000000089500000|100%| O|  |TAMS 0x0000000089500000, 0x0000000089400000| Untracked 
| 149|0x0000000089500000, 0x0000000089600000, 0x0000000089600000|100%| O|  |TAMS 0x0000000089600000, 0x0000000089500000| Untracked 
| 150|0x0000000089600000, 0x0000000089700000, 0x0000000089700000|100%| O|  |TAMS 0x0000000089700000, 0x0000000089600000| Untracked 
| 151|0x0000000089700000, 0x0000000089800000, 0x0000000089800000|100%| O|  |TAMS 0x0000000089800000, 0x0000000089700000| Untracked 
| 152|0x0000000089800000, 0x0000000089900000, 0x0000000089900000|100%| O|  |TAMS 0x0000000089900000, 0x0000000089800000| Untracked 
| 153|0x0000000089900000, 0x0000000089a00000, 0x0000000089a00000|100%| O|  |TAMS 0x0000000089a00000, 0x0000000089900000| Untracked 
| 154|0x0000000089a00000, 0x0000000089b00000, 0x0000000089b00000|100%| O|  |TAMS 0x0000000089b00000, 0x0000000089a00000| Untracked 
| 155|0x0000000089b00000, 0x0000000089c00000, 0x0000000089c00000|100%| O|  |TAMS 0x0000000089c00000, 0x0000000089b00000| Untracked 
| 156|0x0000000089c00000, 0x0000000089d00000, 0x0000000089d00000|100%| O|  |TAMS 0x0000000089d00000, 0x0000000089c00000| Untracked 
| 157|0x0000000089d00000, 0x0000000089e00000, 0x0000000089e00000|100%| O|  |TAMS 0x0000000089e00000, 0x0000000089d00000| Untracked 
| 158|0x0000000089e00000, 0x0000000089f00000, 0x0000000089f00000|100%| O|  |TAMS 0x0000000089f00000, 0x0000000089e00000| Untracked 
| 159|0x0000000089f00000, 0x000000008a000000, 0x000000008a000000|100%| O|  |TAMS 0x000000008a000000, 0x0000000089f00000| Untracked 
| 160|0x000000008a000000, 0x000000008a000000, 0x000000008a100000|  0%| F|  |TAMS 0x000000008a000000, 0x000000008a000000| Untracked 
| 161|0x000000008a100000, 0x000000008a200000, 0x000000008a200000|100%| O|  |TAMS 0x000000008a200000, 0x000000008a100000| Untracked 
| 162|0x000000008a200000, 0x000000008a300000, 0x000000008a300000|100%| O|  |TAMS 0x000000008a300000, 0x000000008a200000| Untracked 
| 163|0x000000008a300000, 0x000000008a400000, 0x000000008a400000|100%| O|  |TAMS 0x000000008a400000, 0x000000008a300000| Untracked 
| 164|0x000000008a400000, 0x000000008a500000, 0x000000008a500000|100%| O|  |TAMS 0x000000008a500000, 0x000000008a400000| Untracked 
| 165|0x000000008a500000, 0x000000008a600000, 0x000000008a600000|100%| O|  |TAMS 0x000000008a600000, 0x000000008a500000| Untracked 
| 166|0x000000008a600000, 0x000000008a700000, 0x000000008a700000|100%| O|  |TAMS 0x000000008a700000, 0x000000008a600000| Untracked 
| 167|0x000000008a700000, 0x000000008a800000, 0x000000008a800000|100%| O|  |TAMS 0x000000008a800000, 0x000000008a700000| Untracked 
| 168|0x000000008a800000, 0x000000008a900000, 0x000000008a900000|100%| O|  |TAMS 0x000000008a900000, 0x000000008a800000| Untracked 
| 169|0x000000008a900000, 0x000000008aa00000, 0x000000008aa00000|100%| O|  |TAMS 0x000000008a900000, 0x000000008a900000| Untracked 
| 170|0x000000008aa00000, 0x000000008ab00000, 0x000000008ab00000|100%| O|  |TAMS 0x000000008aa00000, 0x000000008aa00000| Untracked 
| 171|0x000000008ab00000, 0x000000008ac00000, 0x000000008ac00000|100%| O|  |TAMS 0x000000008ab00000, 0x000000008ab00000| Untracked 
| 172|0x000000008ac00000, 0x000000008ad00000, 0x000000008ad00000|100%| O|  |TAMS 0x000000008ac00000, 0x000000008ac00000| Untracked 
| 173|0x000000008ad00000, 0x000000008ae00000, 0x000000008ae00000|100%| O|  |TAMS 0x000000008ad00000, 0x000000008ad00000| Untracked 
| 174|0x000000008ae00000, 0x000000008af00000, 0x000000008af00000|100%| O|  |TAMS 0x000000008ae00000, 0x000000008ae00000| Untracked 
| 175|0x000000008af00000, 0x000000008b000000, 0x000000008b000000|100%| O|  |TAMS 0x000000008af00000, 0x000000008af00000| Untracked 
| 176|0x000000008b000000, 0x000000008b100000, 0x000000008b100000|100%| O|  |TAMS 0x000000008b000000, 0x000000008b000000| Untracked 
| 177|0x000000008b100000, 0x000000008b200000, 0x000000008b200000|100%| O|  |TAMS 0x000000008b100000, 0x000000008b100000| Untracked 
| 178|0x000000008b200000, 0x000000008b300000, 0x000000008b300000|100%| O|  |TAMS 0x000000008b200000, 0x000000008b200000| Untracked 
| 179|0x000000008b300000, 0x000000008b400000, 0x000000008b400000|100%| O|  |TAMS 0x000000008b300000, 0x000000008b300000| Untracked 
| 180|0x000000008b400000, 0x000000008b500000, 0x000000008b500000|100%| O|  |TAMS 0x000000008b400000, 0x000000008b400000| Untracked 
| 181|0x000000008b500000, 0x000000008b600000, 0x000000008b600000|100%| O|  |TAMS 0x000000008b500000, 0x000000008b500000| Untracked 
| 182|0x000000008b600000, 0x000000008b700000, 0x000000008b700000|100%| O|  |TAMS 0x000000008b600000, 0x000000008b600000| Untracked 
| 183|0x000000008b700000, 0x000000008b800000, 0x000000008b800000|100%| O|  |TAMS 0x000000008b700000, 0x000000008b700000| Untracked 
| 184|0x000000008b800000, 0x000000008b900000, 0x000000008b900000|100%| O|  |TAMS 0x000000008b800000, 0x000000008b800000| Untracked 
| 185|0x000000008b900000, 0x000000008ba00000, 0x000000008ba00000|100%| O|  |TAMS 0x000000008b900000, 0x000000008b900000| Untracked 
| 186|0x000000008ba00000, 0x000000008bb00000, 0x000000008bb00000|100%| O|  |TAMS 0x000000008ba00000, 0x000000008ba00000| Untracked 
| 187|0x000000008bb00000, 0x000000008bc00000, 0x000000008bc00000|100%| O|  |TAMS 0x000000008bb00000, 0x000000008bb00000| Untracked 
| 188|0x000000008bc00000, 0x000000008bd00000, 0x000000008bd00000|100%| O|  |TAMS 0x000000008bc00000, 0x000000008bc00000| Untracked 
| 189|0x000000008bd00000, 0x000000008be00000, 0x000000008be00000|100%| O|  |TAMS 0x000000008bd00000, 0x000000008bd00000| Untracked 
| 190|0x000000008be00000, 0x000000008bf00000, 0x000000008bf00000|100%| O|  |TAMS 0x000000008be00000, 0x000000008be00000| Untracked 
| 191|0x000000008bf00000, 0x000000008c000000, 0x000000008c000000|100%| O|  |TAMS 0x000000008bf00000, 0x000000008bf00000| Untracked 
| 192|0x000000008c000000, 0x000000008c0a4400, 0x000000008c100000| 64%| O|  |TAMS 0x000000008c000000, 0x000000008c000000| Untracked 
| 193|0x000000008c100000, 0x000000008c100000, 0x000000008c200000|  0%| F|  |TAMS 0x000000008c100000, 0x000000008c100000| Untracked 
| 194|0x000000008c200000, 0x000000008c200000, 0x000000008c300000|  0%| F|  |TAMS 0x000000008c200000, 0x000000008c200000| Untracked 
| 195|0x000000008c300000, 0x000000008c300000, 0x000000008c400000|  0%| F|  |TAMS 0x000000008c300000, 0x000000008c300000| Untracked 
| 196|0x000000008c400000, 0x000000008c400000, 0x000000008c500000|  0%| F|  |TAMS 0x000000008c400000, 0x000000008c400000| Untracked 
| 197|0x000000008c500000, 0x000000008c500000, 0x000000008c600000|  0%| F|  |TAMS 0x000000008c500000, 0x000000008c500000| Untracked 
| 198|0x000000008c600000, 0x000000008c600000, 0x000000008c700000|  0%| F|  |TAMS 0x000000008c600000, 0x000000008c600000| Untracked 
| 199|0x000000008c700000, 0x000000008c700000, 0x000000008c800000|  0%| F|  |TAMS 0x000000008c700000, 0x000000008c700000| Untracked 
| 200|0x000000008c800000, 0x000000008c800000, 0x000000008c900000|  0%| F|  |TAMS 0x000000008c800000, 0x000000008c800000| Untracked 
| 201|0x000000008c900000, 0x000000008c900000, 0x000000008ca00000|  0%| F|  |TAMS 0x000000008c900000, 0x000000008c900000| Untracked 
| 202|0x000000008ca00000, 0x000000008ca00000, 0x000000008cb00000|  0%| F|  |TAMS 0x000000008ca00000, 0x000000008ca00000| Untracked 
| 203|0x000000008cb00000, 0x000000008cb00000, 0x000000008cc00000|  0%| F|  |TAMS 0x000000008cb00000, 0x000000008cb00000| Untracked 
| 204|0x000000008cc00000, 0x000000008cc00000, 0x000000008cd00000|  0%| F|  |TAMS 0x000000008cc00000, 0x000000008cc00000| Untracked 
| 205|0x000000008cd00000, 0x000000008cd00000, 0x000000008ce00000|  0%| F|  |TAMS 0x000000008cd00000, 0x000000008cd00000| Untracked 
| 206|0x000000008ce00000, 0x000000008ce00000, 0x000000008cf00000|  0%| F|  |TAMS 0x000000008ce00000, 0x000000008ce00000| Untracked 
| 207|0x000000008cf00000, 0x000000008cf00000, 0x000000008d000000|  0%| F|  |TAMS 0x000000008cf00000, 0x000000008cf00000| Untracked 
| 208|0x000000008d000000, 0x000000008d000000, 0x000000008d100000|  0%| F|  |TAMS 0x000000008d000000, 0x000000008d000000| Untracked 
| 209|0x000000008d100000, 0x000000008d100000, 0x000000008d200000|  0%| F|  |TAMS 0x000000008d100000, 0x000000008d100000| Untracked 
| 210|0x000000008d200000, 0x000000008d200000, 0x000000008d300000|  0%| F|  |TAMS 0x000000008d200000, 0x000000008d200000| Untracked 
| 211|0x000000008d300000, 0x000000008d300000, 0x000000008d400000|  0%| F|  |TAMS 0x000000008d300000, 0x000000008d300000| Untracked 
| 212|0x000000008d400000, 0x000000008d400000, 0x000000008d500000|  0%| F|  |TAMS 0x000000008d400000, 0x000000008d400000| Untracked 
| 213|0x000000008d500000, 0x000000008d500000, 0x000000008d600000|  0%| F|  |TAMS 0x000000008d500000, 0x000000008d500000| Untracked 
| 214|0x000000008d600000, 0x000000008d600000, 0x000000008d700000|  0%| F|  |TAMS 0x000000008d600000, 0x000000008d600000| Untracked 
| 215|0x000000008d700000, 0x000000008d700000, 0x000000008d800000|  0%| F|  |TAMS 0x000000008d700000, 0x000000008d700000| Untracked 
| 216|0x000000008d800000, 0x000000008d800000, 0x000000008d900000|  0%| F|  |TAMS 0x000000008d800000, 0x000000008d800000| Untracked 
| 217|0x000000008d900000, 0x000000008d900000, 0x000000008da00000|  0%| F|  |TAMS 0x000000008d900000, 0x000000008d900000| Untracked 
| 218|0x000000008da00000, 0x000000008da00000, 0x000000008db00000|  0%| F|  |TAMS 0x000000008da00000, 0x000000008da00000| Untracked 
| 219|0x000000008db00000, 0x000000008db00000, 0x000000008dc00000|  0%| F|  |TAMS 0x000000008db00000, 0x000000008db00000| Untracked 
| 220|0x000000008dc00000, 0x000000008dc00000, 0x000000008dd00000|  0%| F|  |TAMS 0x000000008dc00000, 0x000000008dc00000| Untracked 
| 221|0x000000008dd00000, 0x000000008dd00000, 0x000000008de00000|  0%| F|  |TAMS 0x000000008dd00000, 0x000000008dd00000| Untracked 
| 222|0x000000008de00000, 0x000000008de00000, 0x000000008df00000|  0%| F|  |TAMS 0x000000008de00000, 0x000000008de00000| Untracked 
| 223|0x000000008df00000, 0x000000008df00000, 0x000000008e000000|  0%| F|  |TAMS 0x000000008df00000, 0x000000008df00000| Untracked 
| 224|0x000000008e000000, 0x000000008e000000, 0x000000008e100000|  0%| F|  |TAMS 0x000000008e000000, 0x000000008e000000| Untracked 
| 225|0x000000008e100000, 0x000000008e100000, 0x000000008e200000|  0%| F|  |TAMS 0x000000008e100000, 0x000000008e100000| Untracked 
| 226|0x000000008e200000, 0x000000008e200000, 0x000000008e300000|  0%| F|  |TAMS 0x000000008e200000, 0x000000008e200000| Untracked 
| 227|0x000000008e300000, 0x000000008e300000, 0x000000008e400000|  0%| F|  |TAMS 0x000000008e300000, 0x000000008e300000| Untracked 
| 228|0x000000008e400000, 0x000000008e400000, 0x000000008e500000|  0%| F|  |TAMS 0x000000008e400000, 0x000000008e400000| Untracked 
| 229|0x000000008e500000, 0x000000008e500000, 0x000000008e600000|  0%| F|  |TAMS 0x000000008e500000, 0x000000008e500000| Untracked 
| 230|0x000000008e600000, 0x000000008e600000, 0x000000008e700000|  0%| F|  |TAMS 0x000000008e600000, 0x000000008e600000| Untracked 
| 231|0x000000008e700000, 0x000000008e700000, 0x000000008e800000|  0%| F|  |TAMS 0x000000008e700000, 0x000000008e700000| Untracked 
| 232|0x000000008e800000, 0x000000008e800000, 0x000000008e900000|  0%| F|  |TAMS 0x000000008e800000, 0x000000008e800000| Untracked 
| 233|0x000000008e900000, 0x000000008e9a4e30, 0x000000008ea00000| 64%| S|CS|TAMS 0x000000008e900000, 0x000000008e900000| Complete 
| 234|0x000000008ea00000, 0x000000008ea00000, 0x000000008eb00000|  0%| F|  |TAMS 0x000000008ea00000, 0x000000008ea00000| Untracked 
| 235|0x000000008eb00000, 0x000000008eb00000, 0x000000008ec00000|  0%| F|  |TAMS 0x000000008eb00000, 0x000000008eb00000| Untracked 
| 236|0x000000008ec00000, 0x000000008ec00000, 0x000000008ed00000|  0%| F|  |TAMS 0x000000008ec00000, 0x000000008ec00000| Untracked 
| 237|0x000000008ed00000, 0x000000008ed00000, 0x000000008ee00000|  0%| F|  |TAMS 0x000000008ed00000, 0x000000008ed00000| Untracked 
| 238|0x000000008ee00000, 0x000000008ee00000, 0x000000008ef00000|  0%| F|  |TAMS 0x000000008ee00000, 0x000000008ee00000| Untracked 
| 239|0x000000008ef00000, 0x000000008ef00000, 0x000000008f000000|  0%| F|  |TAMS 0x000000008ef00000, 0x000000008ef00000| Untracked 
| 240|0x000000008f000000, 0x000000008f000000, 0x000000008f100000|  0%| F|  |TAMS 0x000000008f000000, 0x000000008f000000| Untracked 
| 241|0x000000008f100000, 0x000000008f100000, 0x000000008f200000|  0%| F|  |TAMS 0x000000008f100000, 0x000000008f100000| Untracked 
| 242|0x000000008f200000, 0x000000008f200000, 0x000000008f300000|  0%| F|  |TAMS 0x000000008f200000, 0x000000008f200000| Untracked 
| 243|0x000000008f300000, 0x000000008f300000, 0x000000008f400000|  0%| F|  |TAMS 0x000000008f300000, 0x000000008f300000| Untracked 
| 244|0x000000008f400000, 0x000000008f400000, 0x000000008f500000|  0%| F|  |TAMS 0x000000008f400000, 0x000000008f400000| Untracked 
| 245|0x000000008f500000, 0x000000008f500000, 0x000000008f600000|  0%| F|  |TAMS 0x000000008f500000, 0x000000008f500000| Untracked 
| 246|0x000000008f600000, 0x000000008f600000, 0x000000008f700000|  0%| F|  |TAMS 0x000000008f600000, 0x000000008f600000| Untracked 
| 247|0x000000008f700000, 0x000000008f700000, 0x000000008f800000|  0%| F|  |TAMS 0x000000008f700000, 0x000000008f700000| Untracked 
| 248|0x000000008f800000, 0x000000008f800000, 0x000000008f900000|  0%| F|  |TAMS 0x000000008f800000, 0x000000008f800000| Untracked 
| 249|0x000000008f900000, 0x000000008f900000, 0x000000008fa00000|  0%| F|  |TAMS 0x000000008f900000, 0x000000008f900000| Untracked 
| 250|0x000000008fa00000, 0x000000008fa00000, 0x000000008fb00000|  0%| F|  |TAMS 0x000000008fa00000, 0x000000008fa00000| Untracked 
| 251|0x000000008fb00000, 0x000000008fb00000, 0x000000008fc00000|  0%| F|  |TAMS 0x000000008fb00000, 0x000000008fb00000| Untracked 
| 252|0x000000008fc00000, 0x000000008fc00000, 0x000000008fd00000|  0%| F|  |TAMS 0x000000008fc00000, 0x000000008fc00000| Untracked 
| 253|0x000000008fd00000, 0x000000008fd00000, 0x000000008fe00000|  0%| F|  |TAMS 0x000000008fd00000, 0x000000008fd00000| Untracked 
| 254|0x000000008fe00000, 0x000000008fe00000, 0x000000008ff00000|  0%| F|  |TAMS 0x000000008fe00000, 0x000000008fe00000| Untracked 
| 255|0x000000008ff00000, 0x000000008ff00000, 0x0000000090000000|  0%| F|  |TAMS 0x000000008ff00000, 0x000000008ff00000| Untracked 
| 256|0x0000000090000000, 0x0000000090000000, 0x0000000090100000|  0%| F|  |TAMS 0x0000000090000000, 0x0000000090000000| Untracked 
| 257|0x0000000090100000, 0x0000000090100000, 0x0000000090200000|  0%| F|  |TAMS 0x0000000090100000, 0x0000000090100000| Untracked 
| 258|0x0000000090200000, 0x0000000090200000, 0x0000000090300000|  0%| F|  |TAMS 0x0000000090200000, 0x0000000090200000| Untracked 
| 259|0x0000000090300000, 0x0000000090300000, 0x0000000090400000|  0%| F|  |TAMS 0x0000000090300000, 0x0000000090300000| Untracked 
| 260|0x0000000090400000, 0x0000000090400000, 0x0000000090500000|  0%| F|  |TAMS 0x0000000090400000, 0x0000000090400000| Untracked 
| 261|0x0000000090500000, 0x0000000090500000, 0x0000000090600000|  0%| F|  |TAMS 0x0000000090500000, 0x0000000090500000| Untracked 
| 262|0x0000000090600000, 0x0000000090600000, 0x0000000090700000|  0%| F|  |TAMS 0x0000000090600000, 0x0000000090600000| Untracked 
| 263|0x0000000090700000, 0x0000000090700000, 0x0000000090800000|  0%| F|  |TAMS 0x0000000090700000, 0x0000000090700000| Untracked 
| 264|0x0000000090800000, 0x0000000090800000, 0x0000000090900000|  0%| F|  |TAMS 0x0000000090800000, 0x0000000090800000| Untracked 
| 265|0x0000000090900000, 0x0000000090900000, 0x0000000090a00000|  0%| F|  |TAMS 0x0000000090900000, 0x0000000090900000| Untracked 
| 266|0x0000000090a00000, 0x0000000090a00000, 0x0000000090b00000|  0%| F|  |TAMS 0x0000000090a00000, 0x0000000090a00000| Untracked 
| 267|0x0000000090b00000, 0x0000000090b00000, 0x0000000090c00000|  0%| F|  |TAMS 0x0000000090b00000, 0x0000000090b00000| Untracked 
| 268|0x0000000090c00000, 0x0000000090c00000, 0x0000000090d00000|  0%| F|  |TAMS 0x0000000090c00000, 0x0000000090c00000| Untracked 
| 269|0x0000000090d00000, 0x0000000090d00000, 0x0000000090e00000|  0%| F|  |TAMS 0x0000000090d00000, 0x0000000090d00000| Untracked 
| 270|0x0000000090e00000, 0x0000000090e00000, 0x0000000090f00000|  0%| F|  |TAMS 0x0000000090e00000, 0x0000000090e00000| Untracked 
| 271|0x0000000090f00000, 0x0000000090f00000, 0x0000000091000000|  0%| F|  |TAMS 0x0000000090f00000, 0x0000000090f00000| Untracked 
| 272|0x0000000091000000, 0x0000000091000000, 0x0000000091100000|  0%| F|  |TAMS 0x0000000091000000, 0x0000000091000000| Untracked 
| 273|0x0000000091100000, 0x0000000091100000, 0x0000000091200000|  0%| F|  |TAMS 0x0000000091100000, 0x0000000091100000| Untracked 
| 274|0x0000000091200000, 0x0000000091200000, 0x0000000091300000|  0%| F|  |TAMS 0x0000000091200000, 0x0000000091200000| Untracked 
| 275|0x0000000091300000, 0x0000000091300000, 0x0000000091400000|  0%| F|  |TAMS 0x0000000091300000, 0x0000000091300000| Untracked 
| 276|0x0000000091400000, 0x0000000091400000, 0x0000000091500000|  0%| F|  |TAMS 0x0000000091400000, 0x0000000091400000| Untracked 
| 277|0x0000000091500000, 0x0000000091500000, 0x0000000091600000|  0%| F|  |TAMS 0x0000000091500000, 0x0000000091500000| Untracked 
| 278|0x0000000091600000, 0x0000000091600000, 0x0000000091700000|  0%| F|  |TAMS 0x0000000091600000, 0x0000000091600000| Untracked 
| 279|0x0000000091700000, 0x0000000091700000, 0x0000000091800000|  0%| F|  |TAMS 0x0000000091700000, 0x0000000091700000| Untracked 
| 280|0x0000000091800000, 0x0000000091800000, 0x0000000091900000|  0%| F|  |TAMS 0x0000000091800000, 0x0000000091800000| Untracked 

Card table byte_map: [0x00000260a01f0000,0x00000260a05f0000] _byte_map_base: 0x000002609fdf0000

Marking Bits (Prev, Next): (CMBitMap*) 0x000002608cd1c7f0, (CMBitMap*) 0x000002608cd1c7b8
 Prev Bits: [0x00000260a29f0000, 0x00000260a49f0000)
 Next Bits: [0x00000260a09f0000, 0x00000260a29f0000)

Polling page: 0x000002608b4d0000

Metaspace:

Usage:
  Non-class:    109.27 MB capacity,   106.61 MB ( 98%) used,     2.24 MB (  2%) free+waste,   426.88 KB ( <1%) overhead. 
      Class:     17.05 MB capacity,    15.65 MB ( 92%) used,     1.21 MB (  7%) free+waste,   193.06 KB (  1%) overhead. 
       Both:    126.32 MB capacity,   122.26 MB ( 97%) used,     3.45 MB (  3%) free+waste,   619.94 KB ( <1%) overhead. 

Virtual space:
  Non-class space:      110.00 MB reserved,     109.50 MB (>99%) committed 
      Class space:        1.00 GB reserved,      17.13 MB (  2%) committed 
             Both:        1.11 GB reserved,     126.63 MB ( 11%) committed 

Chunk freelists:
   Non-Class:  46.00 KB
       Class:  12.00 KB
        Both:  58.00 KB

MaxMetaspaceSize: 17179869184.00 GB
CompressedClassSpaceSize: 1.00 GB

CodeHeap 'non-profiled nmethods': size=120064Kb used=11835Kb max_used=11904Kb free=108228Kb
 bounds [0x0000026098290000, 0x0000026098e60000, 0x000002609f7d0000]
CodeHeap 'profiled nmethods': size=120000Kb used=42946Kb max_used=42946Kb free=77053Kb
 bounds [0x0000026090d60000, 0x0000026093760000, 0x0000026098290000]
CodeHeap 'non-nmethods': size=5696Kb used=2342Kb max_used=2397Kb free=3353Kb
 bounds [0x00000260907d0000, 0x0000026090a40000, 0x0000026090d60000]
 total_blobs=20086 nmethods=19127 adapters=867
 compilation: enabled
              stopped_count=0, restarted_count=0
 full_count=0

Compilation events (20 events):
Event: 280.778 Thread 0x00000260a7072000 nmethod 20335 0x0000026093701910 code [0x0000026093701ac0, 0x0000026093701cd8]
Event: 280.778 Thread 0x00000260a7072000 20336       2       com.android.tools.r8.internal.Ne$$Lambda$1735/0x00000001010b0c40::compare (12 bytes)
Event: 280.778 Thread 0x00000260a7072000 nmethod 20336 0x0000026093701d90 code [0x0000026093701f40, 0x00000260937020f8]
Event: 280.778 Thread 0x00000260a7072000 20339 %     3       com.android.tools.r8.ir.regalloc.a::a @ 2266 (3985 bytes)
Event: 280.834 Thread 0x00000260a7072000 nmethod 20339% 0x0000026093702210 code [0x00000260937043c0, 0x000002609371ab88]
Event: 280.834 Thread 0x00000260a7072000 20353 %     3       com.android.tools.r8.internal.Xi::l2 @ 12 (44 bytes)
Event: 280.835 Thread 0x00000260a7072000 nmethod 20353% 0x0000026093722190 code [0x00000260937223a0, 0x0000026093722978]
Event: 280.835 Thread 0x00000260a7072000 20358 %     3       com.android.tools.r8.internal.i8::a @ 3 (80 bytes)
Event: 280.836 Thread 0x00000260a7072000 nmethod 20358% 0x0000026093722b90 code [0x0000026093722de0, 0x0000026093723788]
Event: 280.836 Thread 0x00000260a7072000 20344 %     3       com.android.tools.r8.internal.Me::a @ 153 (3140 bytes)
Event: 280.878 Thread 0x00000260a7072000 nmethod 20344% 0x0000026093723a10 code [0x00000260937258e0, 0x000002609373be48]
Event: 280.878 Thread 0x00000260a7072000 20367 %     3       com.android.tools.r8.ir.regalloc.a::a @ 1262 (1824 bytes)
Event: 280.906 Thread 0x00000260a7072000 nmethod 20367% 0x0000026093743790 code [0x0000026093744e60, 0x00000260937557c8]
Event: 280.906 Thread 0x00000260a7072000 20376       3       com.android.tools.r8.internal.i8::a (80 bytes)
Event: 280.907 Thread 0x00000260a7072000 nmethod 20376 0x000002609375ad10 code [0x000002609375af60, 0x000002609375b848]
Event: 280.907 Thread 0x00000260a7072000 20355 %     3       java.util.IdentityHashMap$KeySet::toArray @ 49 (139 bytes)
Event: 280.908 Thread 0x00000260a7072000 nmethod 20355% 0x000002609375bb10 code [0x000002609375bda0, 0x000002609375ca78]
Event: 280.908 Thread 0x00000260a7072000 20375       3       com.android.tools.r8.internal.x::putAll (124 bytes)
Event: 280.909 Thread 0x00000260a7072000 nmethod 20375 0x000002609375cf10 code [0x000002609375d1e0, 0x000002609375e1d8]
Event: 280.909 Thread 0x00000260a7072000 20360 %     3       com.android.tools.r8.internal.ka::a @ 704 (944 bytes)

GC Heap History (20 events):
Event: 275.225 GC heap after
{Heap after GC invocations=58 (full 0):
 garbage-first heap   total 239616K, used 148705K [0x0000000080000000, 0x0000000100000000)
  region size 1024K, 9 young (9216K), 9 survivors (9216K)
 Metaspace       used 118551K, capacity 122517K, committed 122752K, reserved 1155072K
  class space    used 15066K, capacity 16393K, committed 16512K, reserved 1048576K
}
Event: 275.917 GC heap before
{Heap before GC invocations=58 (full 0):
 garbage-first heap   total 239616K, used 195809K [0x0000000080000000, 0x0000000100000000)
  region size 1024K, 56 young (57344K), 9 survivors (9216K)
 Metaspace       used 118987K, capacity 122938K, committed 123008K, reserved 1155072K
  class space    used 15115K, capacity 16443K, committed 16512K, reserved 1048576K
}
Event: 276.002 GC heap after
{Heap after GC invocations=59 (full 0):
 garbage-first heap   total 239616K, used 158546K [0x0000000080000000, 0x0000000100000000)
  region size 1024K, 7 young (7168K), 7 survivors (7168K)
 Metaspace       used 118987K, capacity 122938K, committed 123008K, reserved 1155072K
  class space    used 15115K, capacity 16443K, committed 16512K, reserved 1048576K
}
Event: 276.702 GC heap before
{Heap before GC invocations=59 (full 0):
 garbage-first heap   total 239616K, used 195410K [0x0000000080000000, 0x0000000100000000)
  region size 1024K, 46 young (47104K), 7 survivors (7168K)
 Metaspace       used 119390K, capacity 123331K, committed 123520K, reserved 1157120K
  class space    used 15159K, capacity 16508K, committed 16512K, reserved 1048576K
}
Event: 276.749 GC heap after
{Heap after GC invocations=60 (full 0):
 garbage-first heap   total 239616K, used 163288K [0x0000000080000000, 0x0000000100000000)
  region size 1024K, 6 young (6144K), 6 survivors (6144K)
 Metaspace       used 119390K, capacity 123331K, committed 123520K, reserved 1157120K
  class space    used 15159K, capacity 16508K, committed 16512K, reserved 1048576K
}
Event: 277.187 GC heap before
{Heap before GC invocations=61 (full 0):
 garbage-first heap   total 239616K, used 198104K [0x0000000080000000, 0x0000000100000000)
  region size 1024K, 41 young (41984K), 6 survivors (6144K)
 Metaspace       used 120395K, capacity 124353K, committed 124544K, reserved 1157120K
  class space    used 15301K, capacity 16662K, committed 16768K, reserved 1048576K
}
Event: 277.220 GC heap after
{Heap after GC invocations=62 (full 0):
 garbage-first heap   total 239616K, used 170826K [0x0000000080000000, 0x0000000100000000)
  region size 1024K, 6 young (6144K), 6 survivors (6144K)
 Metaspace       used 120395K, capacity 124353K, committed 124544K, reserved 1157120K
  class space    used 15301K, capacity 16662K, committed 16768K, reserved 1048576K
}
Event: 277.260 GC heap before
{Heap before GC invocations=62 (full 0):
 garbage-first heap   total 239616K, used 175946K [0x0000000080000000, 0x0000000100000000)
  region size 1024K, 11 young (11264K), 6 survivors (6144K)
 Metaspace       used 120471K, capacity 124457K, committed 124800K, reserved 1157120K
  class space    used 15312K, capacity 16674K, committed 16768K, reserved 1048576K
}
Event: 277.289 GC heap after
{Heap after GC invocations=63 (full 0):
 garbage-first heap   total 239616K, used 169169K [0x0000000080000000, 0x0000000100000000)
  region size 1024K, 2 young (2048K), 2 survivors (2048K)
 Metaspace       used 120471K, capacity 124457K, committed 124800K, reserved 1157120K
  class space    used 15312K, capacity 16674K, committed 16768K, reserved 1048576K
}
Event: 277.581 GC heap before
{Heap before GC invocations=63 (full 0):
 garbage-first heap   total 239616K, used 199889K [0x0000000080000000, 0x0000000100000000)
  region size 1024K, 32 young (32768K), 2 survivors (2048K)
 Metaspace       used 120490K, capacity 124463K, committed 124800K, reserved 1157120K
  class space    used 15312K, capacity 16674K, committed 16768K, reserved 1048576K
}
Event: 277.603 GC heap after
{Heap after GC invocations=64 (full 0):
 garbage-first heap   total 239616K, used 174435K [0x0000000080000000, 0x0000000100000000)
  region size 1024K, 4 young (4096K), 4 survivors (4096K)
 Metaspace       used 120490K, capacity 124463K, committed 124800K, reserved 1157120K
  class space    used 15312K, capacity 16674K, committed 16768K, reserved 1048576K
}
Event: 277.914 GC heap before
{Heap before GC invocations=64 (full 0):
 garbage-first heap   total 239616K, used 202083K [0x0000000080000000, 0x0000000100000000)
  region size 1024K, 31 young (31744K), 4 survivors (4096K)
 Metaspace       used 120498K, capacity 124467K, committed 124800K, reserved 1157120K
  class space    used 15312K, capacity 16674K, committed 16768K, reserved 1048576K
}
Event: 277.947 GC heap after
{Heap after GC invocations=65 (full 0):
 garbage-first heap   total 287744K, used 179377K [0x0000000080000000, 0x0000000100000000)
  region size 1024K, 4 young (4096K), 4 survivors (4096K)
 Metaspace       used 120498K, capacity 124467K, committed 124800K, reserved 1157120K
  class space    used 15312K, capacity 16674K, committed 16768K, reserved 1048576K
}
Event: 278.484 GC heap before
{Heap before GC invocations=65 (full 0):
 garbage-first heap   total 287744K, used 227505K [0x0000000080000000, 0x0000000100000000)
  region size 1024K, 51 young (52224K), 4 survivors (4096K)
 Metaspace       used 120477K, capacity 124400K, committed 124800K, reserved 1157120K
  class space    used 15304K, capacity 16650K, committed 16768K, reserved 1048576K
}
Event: 278.542 GC heap after
{Heap after GC invocations=66 (full 0):
 garbage-first heap   total 287744K, used 188260K [0x0000000080000000, 0x0000000100000000)
  region size 1024K, 7 young (7168K), 7 survivors (7168K)
 Metaspace       used 120477K, capacity 124400K, committed 124800K, reserved 1157120K
  class space    used 15304K, capacity 16650K, committed 16768K, reserved 1048576K
}
Event: 280.169 GC heap before
{Heap before GC invocations=67 (full 0):
 garbage-first heap   total 287744K, used 233316K [0x0000000080000000, 0x0000000100000000)
  region size 1024K, 51 young (52224K), 7 survivors (7168K)
 Metaspace       used 124475K, capacity 128594K, committed 128768K, reserved 1161216K
  class space    used 15944K, capacity 17360K, committed 17408K, reserved 1048576K
}
Event: 280.205 GC heap after
{Heap after GC invocations=68 (full 0):
 garbage-first heap   total 287744K, used 192052K [0x0000000080000000, 0x0000000100000000)
  region size 1024K, 4 young (4096K), 4 survivors (4096K)
 Metaspace       used 124475K, capacity 128594K, committed 128768K, reserved 1161216K
  class space    used 15944K, capacity 17360K, committed 17408K, reserved 1048576K
}
Event: 280.329 GC heap before
{Heap before GC invocations=68 (full 0):
 garbage-first heap   total 287744K, used 202292K [0x0000000080000000, 0x0000000100000000)
  region size 1024K, 14 young (14336K), 4 survivors (4096K)
 Metaspace       used 124685K, capacity 128820K, committed 129024K, reserved 1161216K
  class space    used 15963K, capacity 17392K, committed 17408K, reserved 1048576K
}
Event: 280.370 GC heap after
{Heap after GC invocations=69 (full 0):
 garbage-first heap   total 287744K, used 185717K [0x0000000080000000, 0x0000000100000000)
  region size 1024K, 1 young (1024K), 1 survivors (1024K)
 Metaspace       used 124685K, capacity 128820K, committed 129024K, reserved 1161216K
  class space    used 15963K, capacity 17392K, committed 17408K, reserved 1048576K
}
Event: 280.919 GC heap before
{Heap before GC invocations=69 (full 0):
 garbage-first heap   total 287744K, used 232821K [0x0000000080000000, 0x0000000100000000)
  region size 1024K, 47 young (48128K), 1 survivors (1024K)
 Metaspace       used 125199K, capacity 129350K, committed 129664K, reserved 1161216K
  class space    used 16029K, capacity 17460K, committed 17536K, reserved 1048576K
}

Deoptimization events (20 events):
Event: 279.772 Thread 0x00000260ae723000 DEOPT PACKING pc=0x0000026098c29b50 sp=0x0000006fc54fa0e0
Event: 279.772 Thread 0x00000260ae723000 DEOPT UNPACKING pc=0x00000260907f78af sp=0x0000006fc54fa058 mode 2
Event: 279.840 Thread 0x00000260ae722000 Uncommon trap: trap_request=0xffffff4d fr.pc=0x0000026098b8d940 relative=0x0000000000001900
Event: 279.840 Thread 0x00000260ae722000 Uncommon trap: reason=unstable_if action=reinterpret pc=0x0000026098b8d940 method=java.util.TimSort.mergeHi(IIII)V @ 131 c2
Event: 279.840 Thread 0x00000260ae722000 DEOPT PACKING pc=0x0000026098b8d940 sp=0x0000006fc53f9390
Event: 279.840 Thread 0x00000260ae722000 DEOPT UNPACKING pc=0x00000260907f78af sp=0x0000006fc53f9360 mode 2
Event: 279.845 Thread 0x00000260ae721800 DEOPT PACKING pc=0x00000260915c1be3 sp=0x0000006fc4ff8d50
Event: 279.845 Thread 0x00000260ae721800 DEOPT UNPACKING pc=0x00000260907f76ce sp=0x0000006fc4ff81e0 mode 0
Event: 280.257 Thread 0x00000260ae722000 DEOPT PACKING pc=0x0000026091187263 sp=0x0000006fc53f9870
Event: 280.257 Thread 0x00000260ae722000 DEOPT UNPACKING pc=0x00000260907f76ce sp=0x0000006fc53f8d50 mode 0
Event: 280.527 Thread 0x00000260ae728000 DEOPT PACKING pc=0x000002609350d9df sp=0x0000006fc50f9b00
Event: 280.527 Thread 0x00000260ae728000 DEOPT UNPACKING pc=0x00000260907f76ce sp=0x0000006fc50f9128 mode 0
Event: 280.582 Thread 0x00000260ae722000 DEOPT PACKING pc=0x00000260935342c6 sp=0x0000006fc53f9020
Event: 280.582 Thread 0x00000260ae722000 DEOPT UNPACKING pc=0x00000260907f76ce sp=0x0000006fc53f8498 mode 0
Event: 280.714 Thread 0x00000260ae722000 DEOPT PACKING pc=0x000002609137ed42 sp=0x0000006fc53f91d0
Event: 280.714 Thread 0x00000260ae722000 DEOPT UNPACKING pc=0x00000260907f76ce sp=0x0000006fc53f86a0 mode 0
Event: 280.731 Thread 0x00000260ae721800 DEOPT PACKING pc=0x00000260935102da sp=0x0000006fc4ff9290
Event: 280.732 Thread 0x00000260ae721800 DEOPT UNPACKING pc=0x00000260907f76ce sp=0x0000006fc4ff87e8 mode 0
Event: 280.912 Thread 0x00000260ae728000 DEOPT PACKING pc=0x000002609352bd89 sp=0x0000006fc50f9d70
Event: 280.912 Thread 0x00000260ae728000 DEOPT UNPACKING pc=0x00000260907f76ce sp=0x0000006fc50f9398 mode 0

Classes redefined (0 events):
No events

Internal exceptions (20 events):
Event: 273.543 Thread 0x00000260ae723000 Exception <a 'sun/nio/fs/WindowsException'{0x000000008c38eef8}> (0x000000008c38eef8) thrown at [./src/hotspot/share/prims/jni.cpp, line 615]
Event: 274.057 Thread 0x00000260ae721800 Exception <a 'sun/nio/fs/WindowsException'{0x000000008e2adb08}> (0x000000008e2adb08) thrown at [./src/hotspot/share/prims/jni.cpp, line 615]
Event: 274.436 Thread 0x00000260ae728000 Exception <a 'sun/nio/fs/WindowsException'{0x000000008c9dd630}> (0x000000008c9dd630) thrown at [./src/hotspot/share/prims/jni.cpp, line 615]
Event: 274.560 Thread 0x00000260ae721800 Exception <a 'java/lang/IncompatibleClassChangeError'{0x000000008c4f0c48}: Found class java.lang.Object, but interface was expected> (0x000000008c4f0c48) thrown at [./src/hotspot/share/interpreter/linkResolver.cpp, line 839]
Event: 274.632 Thread 0x00000260ae722000 Exception <a 'sun/nio/fs/WindowsException'{0x000000008b8cbdf0}> (0x000000008b8cbdf0) thrown at [./src/hotspot/share/prims/jni.cpp, line 615]
Event: 274.663 Thread 0x00000260ae723000 Exception <a 'sun/nio/fs/WindowsException'{0x000000008b57e1a0}> (0x000000008b57e1a0) thrown at [./src/hotspot/share/prims/jni.cpp, line 615]
Event: 274.748 Thread 0x00000260ae728000 Exception <a 'java/lang/NoSuchMethodError'{0x000000008b4a49c0}: 'java.lang.Object java.lang.invoke.DirectMethodHandle$Holder.invokeStatic(java.lang.Object, long)'> (0x000000008b4a49c0) thrown at [./src/hotspot/share/interpreter/linkResolver.cpp, line 773]
Event: 274.748 Thread 0x00000260ae723000 Exception <a 'java/lang/NoSuchMethodError'{0x000000008b49b190}: 'java.lang.Object java.lang.invoke.DirectMethodHandle$Holder.invokeStatic(java.lang.Object, long)'> (0x000000008b49b190) thrown at [./src/hotspot/share/interpreter/linkResolver.cpp, line 773]
Event: 274.748 Thread 0x00000260ae721800 Exception <a 'java/lang/NoSuchMethodError'{0x000000008b470298}: 'java.lang.Object java.lang.invoke.DirectMethodHandle$Holder.invokeStatic(java.lang.Object, long)'> (0x000000008b470298) thrown at [./src/hotspot/share/interpreter/linkResolver.cpp, line 773]
Event: 275.735 Thread 0x00000260ae728000 Exception <a 'java/lang/IncompatibleClassChangeError'{0x000000008cac3608}: Found class java.lang.Object, but interface was expected> (0x000000008cac3608) thrown at [./src/hotspot/share/interpreter/linkResolver.cpp, line 839]
Event: 278.913 Thread 0x00000260ae723000 Exception <a 'java/lang/NoSuchMethodError'{0x000000009072dcf8}: 'java.lang.Object java.lang.invoke.DirectMethodHandle$Holder.invokeVirtual(java.lang.Object, java.lang.Object, int, java.lang.Object)'> (0x000000009072dcf8) thrown at [./src/hotspot/share/interpreter/linkResolver.cpp, line 773]
Event: 278.913 Thread 0x00000260ae721800 Exception <a 'java/lang/NoSuchMethodError'{0x00000000907611d0}: 'java.lang.Object java.lang.invoke.DirectMethodHandle$Holder.invokeVirtual(java.lang.Object, java.lang.Object, int, java.lang.Object)'> (0x00000000907611d0) thrown at [./src/hotspot/share/interpreter/linkResolver.cpp, line 773]
Event: 278.914 Thread 0x00000260ae722000 Exception <a 'java/lang/NoSuchMethodError'{0x00000000909ec048}: 'java.lang.Object java.lang.invoke.DirectMethodHandle$Holder.invokeVirtual(java.lang.Object, java.lang.Object, int, java.lang.Object)'> (0x00000000909ec048) thrown at [./src/hotspot/share/interpreter/linkResolver.cpp, line 773]
Event: 278.914 Thread 0x00000260ae728000 Exception <a 'java/lang/NoSuchMethodError'{0x000000009097ade8}: 'java.lang.Object java.lang.invoke.DirectMethodHandle$Holder.invokeVirtual(java.lang.Object, java.lang.Object, int, java.lang.Object)'> (0x000000009097ade8) thrown at [./src/hotspot/share/interpreter/linkResolver.cpp, line 773]
Event: 278.965 Thread 0x00000260ae721800 Exception <a 'java/lang/IncompatibleClassChangeError'{0x0000000090615fe8}: Found class java.lang.Object, but interface was expected> (0x0000000090615fe8) thrown at [./src/hotspot/share/interpreter/linkResolver.cpp, line 839]
Event: 278.965 Thread 0x00000260ae728000 Exception <a 'java/lang/IncompatibleClassChangeError'{0x0000000090631370}: Found class java.lang.Object, but interface was expected> (0x0000000090631370) thrown at [./src/hotspot/share/interpreter/linkResolver.cpp, line 839]
Event: 278.967 Thread 0x00000260ae721800 Exception <a 'java/lang/IncompatibleClassChangeError'{0x0000000090620a30}: Found class java.lang.Object, but interface was expected> (0x0000000090620a30) thrown at [./src/hotspot/share/interpreter/linkResolver.cpp, line 839]
Event: 279.022 Thread 0x00000260ae721800 Exception <a 'java/lang/NoSuchMethodError'{0x00000000904110f8}: 'void java.lang.invoke.DirectMethodHandle$Holder.invokeVirtual(java.lang.Object, java.lang.Object, int, java.lang.Object)'> (0x00000000904110f8) thrown at [./src/hotspot/share/interpreter/linkResolver.cpp, line 773]
Event: 279.250 Thread 0x00000260ae728000 Exception <a 'java/lang/NoSuchMethodError'{0x00000000901dc248}: 'java.lang.Object java.lang.invoke.DirectMethodHandle$Holder.newInvokeSpecial(java.lang.Object, int)'> (0x00000000901dc248) thrown at [./src/hotspot/share/interpreter/linkResolver.cpp, line 773]
Event: 279.668 Thread 0x00000260ae721800 Exception <a 'java/lang/NoSuchMethodError'{0x000000008f956ab8}: 'java.lang.Object java.lang.invoke.DirectMethodHandle$Holder.invokeInterface(java.lang.Object, java.lang.Object, int)'> (0x000000008f956ab8) thrown at [./src/hotspot/share/interpreter/linkResolver.cpp, line 773]

Events (20 events):
Event: 280.830 loading class com/android/tools/r8/code/w3 done
Event: 280.831 loading class com/android/tools/r8/code/z3
Event: 280.831 loading class com/android/tools/r8/code/z3 done
Event: 280.832 loading class com/android/tools/r8/code/y3
Event: 280.832 loading class com/android/tools/r8/code/y3 done
Event: 280.834 loading class com/android/tools/r8/code/A3
Event: 280.834 loading class com/android/tools/r8/code/A3 done
Event: 280.835 loading class com/android/tools/r8/code/x3
Event: 280.835 loading class com/android/tools/r8/code/x3 done
Event: 280.837 loading class com/android/tools/r8/code/r3
Event: 280.837 loading class com/android/tools/r8/code/r3 done
Event: 280.838 loading class com/android/tools/r8/code/t3
Event: 280.838 loading class com/android/tools/r8/code/t3 done
Event: 280.838 loading class com/android/tools/r8/code/u3
Event: 280.838 loading class com/android/tools/r8/code/u3 done
Event: 280.839 loading class com/android/tools/r8/code/v3
Event: 280.839 loading class com/android/tools/r8/code/v3 done
Event: 280.840 loading class com/android/tools/r8/code/s3
Event: 280.840 loading class com/android/tools/r8/code/s3 done
Event: 280.918 Executing VM operation: G1CollectForAllocation


Dynamic libraries:
0x00007ff7b9af0000 - 0x00007ff7b9afa000 	C:\Program Files\Android\Android Studio\jre\bin\java.exe
0x00007ffd43e30000 - 0x00007ffd44025000 	C:\WINDOWS\SYSTEM32\ntdll.dll
0x00007ffd42900000 - 0x00007ffd429be000 	C:\WINDOWS\System32\KERNEL32.DLL
0x00007ffd41b00000 - 0x00007ffd41dc9000 	C:\WINDOWS\System32\KERNELBASE.dll
0x00007ffd41680000 - 0x00007ffd41780000 	C:\WINDOWS\System32\ucrtbase.dll
0x00007ffcf9470000 - 0x00007ffcf9487000 	C:\Program Files\Android\Android Studio\jre\bin\VCRUNTIME140.dll
0x00007ffd3b9e0000 - 0x00007ffd3b9f9000 	C:\Program Files\Android\Android Studio\jre\bin\jli.dll
0x00007ffd42ba0000 - 0x00007ffd42d41000 	C:\WINDOWS\System32\USER32.dll
0x00007ffd41890000 - 0x00007ffd418b2000 	C:\WINDOWS\System32\win32u.dll
0x00007ffd31160000 - 0x00007ffd313fa000 	C:\WINDOWS\WinSxS\amd64_microsoft.windows.common-controls_6595b64144ccf1df_6.0.19041.1110_none_60b5254171f9507e\COMCTL32.dll
0x00007ffd42f00000 - 0x00007ffd42f2b000 	C:\WINDOWS\System32\GDI32.dll
0x00007ffd429d0000 - 0x00007ffd42a6e000 	C:\WINDOWS\System32\msvcrt.dll
0x00007ffd41780000 - 0x00007ffd4188b000 	C:\WINDOWS\System32\gdi32full.dll
0x00007ffd415e0000 - 0x00007ffd4167d000 	C:\WINDOWS\System32\msvcp_win.dll
0x00007ffd42800000 - 0x00007ffd42830000 	C:\WINDOWS\System32\IMM32.DLL
0x00007ffcf9280000 - 0x00007ffcf931d000 	C:\Program Files\Android\Android Studio\jre\bin\msvcp140.dll
0x00007ffcf3880000 - 0x00007ffcf434f000 	C:\Program Files\Android\Android Studio\jre\bin\server\jvm.dll
0x00007ffd42f90000 - 0x00007ffd4303c000 	C:\WINDOWS\System32\ADVAPI32.dll
0x00007ffd43290000 - 0x00007ffd4332b000 	C:\WINDOWS\System32\sechost.dll
0x00007ffd426d0000 - 0x00007ffd427fa000 	C:\WINDOWS\System32\RPCRT4.dll
0x00007ffd429c0000 - 0x00007ffd429c8000 	C:\WINDOWS\System32\PSAPI.DLL
0x00007ffcfbdd0000 - 0x00007ffcfbdd9000 	C:\WINDOWS\SYSTEM32\WSOCK32.dll
0x00007ffd34dc0000 - 0x00007ffd34de7000 	C:\WINDOWS\SYSTEM32\WINMM.dll
0x00007ffd35fd0000 - 0x00007ffd35fda000 	C:\WINDOWS\SYSTEM32\VERSION.dll
0x00007ffd43c90000 - 0x00007ffd43cfb000 	C:\WINDOWS\System32\WS2_32.dll
0x00007ffd3f450000 - 0x00007ffd3f462000 	C:\WINDOWS\SYSTEM32\kernel.appcore.dll
0x00007ffcf9450000 - 0x00007ffcf9461000 	C:\Program Files\Android\Android Studio\jre\bin\verify.dll
0x00007ffd2dd40000 - 0x00007ffd2df24000 	C:\WINDOWS\SYSTEM32\DBGHELP.DLL
0x00007ffd2e6e0000 - 0x00007ffd2e70c000 	C:\WINDOWS\SYSTEM32\dbgcore.DLL
0x00007ffd41550000 - 0x00007ffd415d3000 	C:\WINDOWS\System32\bcryptPrimitives.dll
0x00007ffcf9420000 - 0x00007ffcf9449000 	C:\Program Files\Android\Android Studio\jre\bin\java.dll
0x00007ffcf9c80000 - 0x00007ffcf9c8b000 	C:\Program Files\Android\Android Studio\jre\bin\jimage.dll
0x00007ffcf9400000 - 0x00007ffcf9418000 	C:\Program Files\Android\Android Studio\jre\bin\zip.dll
0x00007ffd41f90000 - 0x00007ffd426cf000 	C:\WINDOWS\System32\SHELL32.dll
0x00007ffd3f650000 - 0x00007ffd3fde0000 	C:\WINDOWS\SYSTEM32\windows.storage.dll
0x00007ffd437b0000 - 0x00007ffd43b05000 	C:\WINDOWS\System32\combase.dll
0x00007ffd40fa0000 - 0x00007ffd40fcc000 	C:\WINDOWS\SYSTEM32\Wldp.dll
0x00007ffd43170000 - 0x00007ffd4321d000 	C:\WINDOWS\System32\SHCORE.dll
0x00007ffd42f30000 - 0x00007ffd42f85000 	C:\WINDOWS\System32\shlwapi.dll
0x00007ffd41490000 - 0x00007ffd414af000 	C:\WINDOWS\SYSTEM32\profapi.dll
0x00007ffcf93e0000 - 0x00007ffcf93fa000 	C:\Program Files\Android\Android Studio\jre\bin\net.dll
0x00007ffd33100000 - 0x00007ffd33208000 	C:\WINDOWS\SYSTEM32\WINHTTP.dll
0x00007ffd40d00000 - 0x00007ffd40d6a000 	C:\WINDOWS\system32\mswsock.dll
0x00007ffcf93c0000 - 0x00007ffcf93d4000 	C:\Program Files\Android\Android Studio\jre\bin\nio.dll
0x00007ffd215e0000 - 0x00007ffd21607000 	C:\Program Files\Java\jdk-17.0.1\native\8bec1ad78214c89d9ad589b4d07fe93259594b29d510b10fafb7a158f7737e5d\windows-amd64\native-platform.dll
0x00007ffd16620000 - 0x00007ffd1675d000 	C:\Program Files\Java\jdk-17.0.1\native\53dbd7edfb1c66fb8903c78663c9afc45aea4f116125fa6feffd364cf09443e8\windows-amd64\native-platform-file-events.dll
0x00007ffcf9390000 - 0x00007ffcf939a000 	C:\Program Files\Android\Android Studio\jre\bin\management.dll
0x00007ffcf9380000 - 0x00007ffcf938c000 	C:\Program Files\Android\Android Studio\jre\bin\management_ext.dll
0x00007ffd40ef0000 - 0x00007ffd40f08000 	C:\WINDOWS\SYSTEM32\CRYPTSP.dll
0x00007ffd40610000 - 0x00007ffd40644000 	C:\WINDOWS\system32\rsaenh.dll
0x00007ffd41970000 - 0x00007ffd41997000 	C:\WINDOWS\System32\bcrypt.dll
0x00007ffd41450000 - 0x00007ffd4147e000 	C:\WINDOWS\SYSTEM32\USERENV.dll
0x00007ffd40f10000 - 0x00007ffd40f1c000 	C:\WINDOWS\SYSTEM32\CRYPTBASE.dll
0x00007ffd409a0000 - 0x00007ffd409db000 	C:\WINDOWS\SYSTEM32\IPHLPAPI.DLL
0x00007ffd43220000 - 0x00007ffd43228000 	C:\WINDOWS\System32\NSI.dll
0x00007ffd390f0000 - 0x00007ffd39107000 	C:\WINDOWS\SYSTEM32\dhcpcsvc6.DLL
0x00007ffd390d0000 - 0x00007ffd390ed000 	C:\WINDOWS\SYSTEM32\dhcpcsvc.DLL
0x00007ffd409e0000 - 0x00007ffd40aac000 	C:\WINDOWS\SYSTEM32\DNSAPI.dll

dbghelp: loaded successfully - version: 4.0.5 - missing functions: none
symbol engine: initialized successfully - sym options: 0x614 - pdb path: .;C:\Program Files\Android\Android Studio\jre\bin;C:\WINDOWS\SYSTEM32;C:\WINDOWS\WinSxS\amd64_microsoft.windows.common-controls_6595b64144ccf1df_6.0.19041.1110_none_60b5254171f9507e;C:\Program Files\Android\Android Studio\jre\bin\server;C:\Program Files\Java\jdk-17.0.1\native\8bec1ad78214c89d9ad589b4d07fe93259594b29d510b10fafb7a158f7737e5d\windows-amd64;C:\Program Files\Java\jdk-17.0.1\native\53dbd7edfb1c66fb8903c78663c9afc45aea4f116125fa6feffd364cf09443e8\windows-amd64

VM Arguments:
jvm_args: --add-opens=java.base/java.util=ALL-UNNAMED --add-opens=java.base/java.lang=ALL-UNNAMED --add-opens=java.base/java.lang.invoke=ALL-UNNAMED --add-opens=java.base/java.util=ALL-UNNAMED --add-opens=java.prefs/java.util.prefs=ALL-UNNAMED --add-opens=java.prefs/java.util.prefs=ALL-UNNAMED --add-opens=java.base/java.nio.charset=ALL-UNNAMED --add-opens=java.base/java.net=ALL-UNNAMED --add-opens=java.base/java.util.concurrent.atomic=ALL-UNNAMED -Xmx2048m -Dfile.encoding=UTF-8 -Duser.country=US -Duser.language=en -Duser.variant 
java_command: org.gradle.launcher.daemon.bootstrap.GradleDaemon 7.0.2
java_class_path (initial): C:\Program Files\Java\jdk-17.0.1\wrapper\dists\gradle-7.0.2-bin\857tjihv64xamwrf0h14cai3r\gradle-7.0.2\lib\gradle-launcher-7.0.2.jar
Launcher Type: SUN_STANDARD

[Global flags]
     intx CICompilerCount                          = 3                                         {product} {ergonomic}
     uint ConcGCThreads                            = 1                                         {product} {ergonomic}
     uint G1ConcRefinementThreads                  = 4                                         {product} {ergonomic}
   size_t G1HeapRegionSize                         = 1048576                                   {product} {ergonomic}
    uintx GCDrainStackTargetSize                   = 64                                        {product} {ergonomic}
   size_t InitialHeapSize                          = 67108864                                  {product} {ergonomic}
   size_t MarkStackSize                            = 4194304                                   {product} {ergonomic}
   size_t MaxHeapSize                              = 2147483648                                {product} {command line}
   size_t MaxNewSize                               = 1287651328                                {product} {ergonomic}
   size_t MinHeapDeltaBytes                        = 1048576                                   {product} {ergonomic}
    uintx NonNMethodCodeHeapSize                   = 5830732                                {pd product} {ergonomic}
    uintx NonProfiledCodeHeapSize                  = 122913754                              {pd product} {ergonomic}
    uintx ProfiledCodeHeapSize                     = 122913754                              {pd product} {ergonomic}
    uintx ReservedCodeCacheSize                    = 251658240                              {pd product} {ergonomic}
     bool SegmentedCodeCache                       = true                                      {product} {ergonomic}
     bool UseCompressedClassPointers               = true                                 {lp64_product} {ergonomic}
     bool UseCompressedOops                        = true                                 {lp64_product} {ergonomic}
     bool UseG1GC                                  = true                                      {product} {ergonomic}
     bool UseLargePagesIndividualAllocation        = false                                  {pd product} {ergonomic}

Logging:
Log output configuration:
 #0: stdout all=warning uptime,level,tags
 #1: stderr all=off uptime,level,tags

Environment Variables:
PATH=C:\Program Files\Common Files\Oracle\Java\javapath;C:\WINDOWS\system32;C:\WINDOWS;C:\WINDOWS\System32\Wbem;C:\WINDOWS\System32\WindowsPowerShell\v1.0\;C:\WINDOWS\System32\OpenSSH\;C:\Program Files\dotnet\;C:\Program Files\Microsoft SQL Server\130\Tools\Binn\;C:\Program Files\Microsoft SQL Server\Client SDK\ODBC\170\Tools\Binn\;C:\Program Files (x86)\dotnet\;C:\Program Files\Git\cmd;C:\Users\MinhNgan\AppData\Local\Microsoft\WindowsApps
USERNAME=MinhNgan
OS=Windows_NT
PROCESSOR_IDENTIFIER=Intel64 Family 6 Model 69 Stepping 1, GenuineIntel



---------------  S Y S T E M  ---------------

OS: Windows 10 , 64 bit Build 19041 (10.0.19041.1202)
OS uptime: 0 days 0:07 hours

CPU:total 4 (initial active 4) (2 cores per cpu, 2 threads per core) family 6 model 69 stepping 1 microcode 0x25, cmov, cx8, fxsr, mmx, sse, sse2, sse3, ssse3, sse4.1, sse4.2, popcnt, avx, avx2, aes, clmul, erms, lzcnt, ht, tsc, tscinvbit, bmi1, bmi2, fma

Memory: 4k page, system-wide physical 3979M (220M free)
TotalPageFile size 6979M (AvailPageFile size 85M)
current process WorkingSet (physical memory assigned to process): 442M, peak: 604M
current process commit charge ("private bytes"): 716M, peak: 853M

vm_info: OpenJDK 64-Bit Server VM (11.0.10+0-b96-7249189) for windows-amd64 JRE (11.0.10+0-b96-7249189), built on Mar 31 2021 21:44:00 by "builder" with MS VC++ 14.0 (VS2015)

END.
