#
# There is insufficient memory for the Java Runtime Environment to continue.
# Native memory allocation (mmap) failed to map 24117248 bytes for Failed to commit area from 0x0000000087000000 to 0x0000000088700000 of length 24117248.
# Possible reasons:
#   The system is out of physical RAM or swap space
#   The process is running with CompressedOops enabled, and the Java Heap may be blocking the growth of the native heap
# Possible solutions:
#   Reduce memory load on the system
#   Increase physical memory or swap space
#   Check if swap backing store is full
#   Decrease Java heap size (-Xmx/-Xms)
#   Decrease number of Java threads
#   Decrease Java thread stack sizes (-Xss)
#   Set larger code cache with -XX:ReservedCodeCacheSize=
#   JVM is running with Unscaled Compressed Oops mode in which the Java heap is
#     placed in the first 4GB address space. The Java Heap base address is the
#     maximum limit for the native heap growth. Please use -XX:HeapBaseMinAddress
#     to set the Java Heap base and to place the Java Heap above 4GB virtual address.
# This output file may be truncated or incomplete.
#
#  Out of Memory Error (./src/hotspot/os/windows/os_windows.cpp:3301), pid=7712, tid=2084
#
# JRE version: OpenJDK Runtime Environment (11.0.10) (build 11.0.10+0-b96-7249189)
# Java VM: OpenJDK 64-Bit Server VM (11.0.10+0-b96-7249189, mixed mode, tiered, compressed oops, g1 gc, windows-amd64)
# No core dump will be written. Minidumps are not enabled by default on client versions of Windows
#

---------------  S U M M A R Y ------------

Command Line: --add-opens=java.base/java.util=ALL-UNNAMED --add-opens=java.base/java.lang=ALL-UNNAMED --add-opens=java.base/java.lang.invoke=ALL-UNNAMED --add-opens=java.base/java.util=ALL-UNNAMED --add-opens=java.prefs/java.util.prefs=ALL-UNNAMED --add-opens=java.prefs/java.util.prefs=ALL-UNNAMED --add-opens=java.base/java.nio.charset=ALL-UNNAMED --add-opens=java.base/java.net=ALL-UNNAMED --add-opens=java.base/java.util.concurrent.atomic=ALL-UNNAMED -Xmx2048m -Dfile.encoding=UTF-8 -Duser.country=US -Duser.language=en -Duser.variant org.gradle.launcher.daemon.bootstrap.GradleDaemon 7.0.2

Host: Intel(R) Core(TM) i5-4210U CPU @ 1.70GHz, 4 cores, 3G,  Windows 10 , 64 bit Build 19041 (10.0.19041.1202)
Time: Sun Nov  7 22:35:06 2021 SE Asia Standard Time elapsed time: 18.530988 seconds (0d 0h 0m 18s)

---------------  T H R E A D  ---------------

Current thread (0x000001d0d9521800):  VMThread "VM Thread" [stack: 0x0000003ebda00000,0x0000003ebdb00000] [id=2084]

Stack: [0x0000003ebda00000,0x0000003ebdb00000]
[error occurred during error reporting (printing stack bounds), id 0xc0000005, EXCEPTION_ACCESS_VIOLATION (0xc0000005) at pc=0x000001d0c2cf0f2d]

Native frames: (J=compiled Java code, j=interpreted, Vv=VM code, C=native code)
V  [jvm.dll+0x5ecfaa]
V  [jvm.dll+0x722bd5]
V  [jvm.dll+0x72412d]
V  [jvm.dll+0x724745]
V  [jvm.dll+0x7246fb]
V  [jvm.dll+0x5ec348]
V  [jvm.dll+0x5ecad8]
C  [ntdll.dll+0xa20cf]
C  [ntdll.dll+0x51454]
C  [ntdll.dll+0xa0bfe]
C  0x000001d0c2cf0f2d

VM_Operation (0x0000003ebeef7620): G1CollectForAllocation, mode: safepoint, requested by thread 0x000001d0dd568000


---------------  P R O C E S S  ---------------

Threads class SMR info:
_java_thread_list=0x000001d0e01c3640, length=42, elements={
0x000001d0bda1b800, 0x000001d0d9529000, 0x000001d0d9534800, 0x000001d0d9583800,
0x000001d0d9584800, 0x000001d0d9589800, 0x000001d0d958e800, 0x000001d0d9596000,
0x000001d0d9f00800, 0x000001d0d9fec000, 0x000001d0db995000, 0x000001d0dcded800,
0x000001d0db31f800, 0x000001d0dae56800, 0x000001d0dd233000, 0x000001d0dd567800,
0x000001d0dd568000, 0x000001d0dab0b000, 0x000001d0dd1e5800, 0x000001d0dd194800,
0x000001d0dd196000, 0x000001d0dd193800, 0x000001d0dd192800, 0x000001d0dd190800,
0x000001d0dd197000, 0x000001d0dd195000, 0x000001d0dd191000, 0x000001d0dd192000,
0x000001d0dab47800, 0x000001d0dab45000, 0x000001d0dab4a000, 0x000001d0dab49000,
0x000001d0dab46000, 0x000001d0dab46800, 0x000001d0dab51000, 0x000001d0dab4e000,
0x000001d0dab4f800, 0x000001d0dab4f000, 0x000001d0dab50800, 0x000001d0dab4d000,
0x000001d0dab4b800, 0x000001d0dab52000
}

Java Threads: ( => current thread )
  0x000001d0bda1b800 JavaThread "main" [_thread_blocked, id=6020, stack(0x0000003ebd400000,0x0000003ebd500000)]
  0x000001d0d9529000 JavaThread "Reference Handler" daemon [_thread_blocked, id=7616, stack(0x0000003ebdb00000,0x0000003ebdc00000)]
  0x000001d0d9534800 JavaThread "Finalizer" daemon [_thread_blocked, id=6276, stack(0x0000003ebdc00000,0x0000003ebdd00000)]
  0x000001d0d9583800 JavaThread "Signal Dispatcher" daemon [_thread_blocked, id=1280, stack(0x0000003ebdd00000,0x0000003ebde00000)]
  0x000001d0d9584800 JavaThread "Attach Listener" daemon [_thread_blocked, id=6780, stack(0x0000003ebde00000,0x0000003ebdf00000)]
  0x000001d0d9589800 JavaThread "Service Thread" daemon [_thread_blocked, id=1376, stack(0x0000003ebdf00000,0x0000003ebe000000)]
  0x000001d0d958e800 JavaThread "C2 CompilerThread0" daemon [_thread_blocked, id=1820, stack(0x0000003ebe000000,0x0000003ebe100000)]
  0x000001d0d9596000 JavaThread "C1 CompilerThread0" daemon [_thread_blocked, id=5200, stack(0x0000003ebe100000,0x0000003ebe200000)]
  0x000001d0d9f00800 JavaThread "Sweeper thread" daemon [_thread_blocked, id=7132, stack(0x0000003ebe200000,0x0000003ebe300000)]
  0x000001d0d9fec000 JavaThread "Common-Cleaner" daemon [_thread_blocked, id=10076, stack(0x0000003ebe300000,0x0000003ebe400000)]
  0x000001d0db995000 JavaThread "Daemon health stats" [_thread_blocked, id=7648, stack(0x0000003ebe600000,0x0000003ebe700000)]
  0x000001d0dcded800 JavaThread "Incoming local TCP Connector on port 52198" [_thread_in_native, id=9756, stack(0x0000003ebe900000,0x0000003ebea00000)]
  0x000001d0db31f800 JavaThread "Daemon periodic checks" [_thread_blocked, id=8712, stack(0x0000003ebea00000,0x0000003ebeb00000)]
  0x000001d0dae56800 JavaThread "Daemon" [_thread_blocked, id=9256, stack(0x0000003ebeb00000,0x0000003ebec00000)]
  0x000001d0dd233000 JavaThread "Handler for socket connection from /127.0.0.1:52198 to /127.0.0.1:52199" [_thread_in_native, id=7816, stack(0x0000003ebec00000,0x0000003ebed00000)]
  0x000001d0dd567800 JavaThread "Cancel handler" [_thread_blocked, id=9560, stack(0x0000003ebed00000,0x0000003ebee00000)]
  0x000001d0dd568000 JavaThread "Daemon worker" [_thread_blocked, id=1996, stack(0x0000003ebee00000,0x0000003ebef00000)]
  0x000001d0dab0b000 JavaThread "Asynchronous log dispatcher for DefaultDaemonConnection: socket connection from /127.0.0.1:52198 to /127.0.0.1:52199" [_thread_blocked, id=9752, stack(0x0000003ebef00000,0x0000003ebf000000)]
  0x000001d0dd1e5800 JavaThread "Stdin handler" [_thread_blocked, id=8824, stack(0x0000003ebf000000,0x0000003ebf100000)]
  0x000001d0dd194800 JavaThread "Daemon client event forwarder" [_thread_blocked, id=8984, stack(0x0000003ebf100000,0x0000003ebf200000)]
  0x000001d0dd196000 JavaThread "Cache worker for file hash cache (C:\Users\MinhNgan\.gradle\caches\7.0.2\fileHashes)" [_thread_blocked, id=10180, stack(0x0000003ebf200000,0x0000003ebf300000)]
  0x000001d0dd193800 JavaThread "File lock request listener" [_thread_in_native, id=5492, stack(0x0000003ebf300000,0x0000003ebf400000)]
  0x000001d0dd192800 JavaThread "Cache worker for journal cache (C:\Users\MinhNgan\.gradle\caches\journal-1)" [_thread_blocked, id=2272, stack(0x0000003ebf400000,0x0000003ebf500000)]
  0x000001d0dd190800 JavaThread "Cache worker for file hash cache (C:\Users\MinhNgan\AndroidStudioProjects\Android_hepat\.gradle\7.0.2\fileHashes)" [_thread_blocked, id=2072, stack(0x0000003ebf500000,0x0000003ebf600000)]
  0x000001d0dd197000 JavaThread "File watcher server" daemon [_thread_in_native, id=9640, stack(0x0000003ebf600000,0x0000003ebf700000)]
  0x000001d0dd195000 JavaThread "File watcher consumer" daemon [_thread_blocked, id=2848, stack(0x0000003ebf700000,0x0000003ebf800000)]
  0x000001d0dd191000 JavaThread "Cache worker for checksums cache (C:\Users\MinhNgan\AndroidStudioProjects\Android_hepat\.gradle\checksums)" [_thread_blocked, id=9064, stack(0x0000003ebf800000,0x0000003ebf900000)]
  0x000001d0dd192000 JavaThread "Cache worker for cache directory md-supplier (C:\Users\MinhNgan\.gradle\caches\7.0.2\md-supplier)" [_thread_blocked, id=7032, stack(0x0000003ebf900000,0x0000003ebfa00000)]
  0x000001d0dab47800 JavaThread "Cache worker for cache directory md-rule (C:\Users\MinhNgan\.gradle\caches\7.0.2\md-rule)" [_thread_blocked, id=244, stack(0x0000003ebfa00000,0x0000003ebfb00000)]
  0x000001d0dab45000 JavaThread "Cache worker for execution history cache (C:\Users\MinhNgan\.gradle\caches\7.0.2\executionHistory)" [_thread_blocked, id=9052, stack(0x0000003ebfb00000,0x0000003ebfc00000)]
  0x000001d0dab4a000 JavaThread "jar transforms" [_thread_blocked, id=9908, stack(0x0000003ebfc00000,0x0000003ebfd00000)]
  0x000001d0dab49000 JavaThread "jar transforms Thread 2" [_thread_blocked, id=448, stack(0x0000003ebfd00000,0x0000003ebfe00000)]
  0x000001d0dab46000 JavaThread "Cache worker for file content cache (C:\Users\MinhNgan\.gradle\caches\7.0.2\fileContent)" [_thread_blocked, id=5612, stack(0x0000003ebfe00000,0x0000003ebff00000)]
  0x000001d0dab46800 JavaThread "Cache worker for dependencies-accessors (C:\Users\MinhNgan\AndroidStudioProjects\Android_hepat\.gradle\7.0.2\dependencies-accessors)" [_thread_blocked, id=7116, stack(0x0000003ebff00000,0x0000003ec0000000)]
  0x000001d0dab51000 JavaThread "jar transforms Thread 3" [_thread_blocked, id=5556, stack(0x0000003ec0000000,0x0000003ec0100000)]
  0x000001d0dab4e000 JavaThread "Cache worker for Build Output Cleanup Cache (C:\Users\MinhNgan\AndroidStudioProjects\Android_hepat\.gradle\buildOutputCleanup)" [_thread_blocked, id=480, stack(0x0000003ec0100000,0x0000003ec0200000)]
  0x000001d0dab4f800 JavaThread "Build operations" [_thread_blocked, id=9424, stack(0x0000003ec0200000,0x0000003ec0300000)]
  0x000001d0dab4f000 JavaThread "Build operations Thread 2" [_thread_blocked, id=7304, stack(0x0000003ec0300000,0x0000003ec0400000)]
  0x000001d0dab50800 JavaThread "Build operations Thread 3" [_thread_blocked, id=1184, stack(0x0000003ec0400000,0x0000003ec0500000)]
  0x000001d0dab4d000 JavaThread "Build operations Thread 4" [_thread_blocked, id=8904, stack(0x0000003ec0500000,0x0000003ec0600000)]
  0x000001d0dab4b800 JavaThread "jar transforms Thread 4" [_thread_blocked, id=6988, stack(0x0000003ec0600000,0x0000003ec0700000)]
  0x000001d0dab52000 JavaThread "Memory manager" [_thread_blocked, id=1900, stack(0x0000003ec0700000,0x0000003ec0800000)]

Other Threads:
=>0x000001d0d9521800 VMThread "VM Thread" [stack: 0x0000003ebda00000,0x0000003ebdb00000] [id=2084]
  0x000001d0da002000 WatcherThread [stack: 0x0000003ebe400000,0x0000003ebe500000] [id=9008]
  0x000001d0bda34800 GCTaskThread "GC Thread#0" [stack: 0x0000003ebd500000,0x0000003ebd600000] [id=9740]
  0x000001d0daaa2800 GCTaskThread "GC Thread#1" [stack: 0x0000003ebe500000,0x0000003ebe600000] [id=9744]
  0x000001d0daaf7800 GCTaskThread "GC Thread#2" [stack: 0x0000003ebe700000,0x0000003ebe800000] [id=9012]
  0x000001d0db8b6800 GCTaskThread "GC Thread#3" [stack: 0x0000003ebe800000,0x0000003ebe900000] [id=8304]
  0x000001d0bda64800 ConcurrentGCThread "G1 Main Marker" [stack: 0x0000003ebd600000,0x0000003ebd700000] [id=8624]
  0x000001d0bda66000 ConcurrentGCThread "G1 Conc#0" [stack: 0x0000003ebd700000,0x0000003ebd800000] [id=8404]
  0x000001d0bdac0000 ConcurrentGCThread "G1 Refine#0" [stack: 0x0000003ebd800000,0x0000003ebd900000] [id=6976]
  0x000001d0bdac1000 ConcurrentGCThread "G1 Young RemSet Sampling" [stack: 0x0000003ebd900000,0x0000003ebda00000] [id=4716]

Threads with active compile tasks:
C2 CompilerThread0  18563 6259   !   4       java.util.concurrent.ConcurrentHashMap::computeIfAbsent (576 bytes)
C1 CompilerThread0  18564 6350       2       org.gradle.tooling.internal.provider.runner.ClientForwardingTestOperationListener::started (115 bytes)

VM state:at safepoint (normal execution)

VM Mutex/Monitor currently owned by a thread:  ([mutex/lock_event])
[0x000001d0bda18380] Threads_lock - owner thread: 0x000001d0d9521800
[0x000001d0bda18800] Heap_lock - owner thread: 0x000001d0dd568000

Heap address: 0x0000000080000000, size: 2048 MB, Compressed Oops mode: 32-bit
Narrow klass base: 0x0000000000000000, Narrow klass shift: 3
Compressed class space size: 1073741824 Address: 0x0000000100000000

Heap:
 garbage-first heap   total 138240K, used 54456K [0x0000000080000000, 0x0000000100000000)
  region size 1024K, 3 young (3072K), 3 survivors (3072K)
 Metaspace       used 67557K, capacity 69185K, committed 69360K, reserved 1110016K
  class space    used 8731K, capacity 9321K, committed 9420K, reserved 1048576K
Heap Regions: E=young(eden), S=young(survivor), O=old, HS=humongous(starts), HC=humongous(continues), CS=collection set, F=free, A=archive, TAMS=top-at-mark-start (previous, next)
|   0|0x0000000080000000, 0x0000000080100000, 0x0000000080100000|100%| O|  |TAMS 0x0000000080100000, 0x0000000080000000| Untracked 
|   1|0x0000000080100000, 0x0000000080200000, 0x0000000080200000|100%| O|  |TAMS 0x0000000080200000, 0x0000000080100000| Untracked 
|   2|0x0000000080200000, 0x0000000080300000, 0x0000000080300000|100%| O|  |TAMS 0x0000000080300000, 0x0000000080200000| Untracked 
|   3|0x0000000080300000, 0x0000000080400000, 0x0000000080400000|100%|HS|  |TAMS 0x0000000080400000, 0x0000000080300000| Complete 
|   4|0x0000000080400000, 0x0000000080500000, 0x0000000080500000|100%|HC|  |TAMS 0x0000000080500000, 0x0000000080400000| Complete 
|   5|0x0000000080500000, 0x0000000080600000, 0x0000000080600000|100%|HC|  |TAMS 0x0000000080600000, 0x0000000080500000| Complete 
|   6|0x0000000080600000, 0x0000000080700000, 0x0000000080700000|100%| O|  |TAMS 0x0000000080700000, 0x0000000080600000| Untracked 
|   7|0x0000000080700000, 0x0000000080800000, 0x0000000080800000|100%| O|  |TAMS 0x0000000080800000, 0x0000000080700000| Untracked 
|   8|0x0000000080800000, 0x0000000080900000, 0x0000000080900000|100%| O|  |TAMS 0x0000000080900000, 0x0000000080800000| Untracked 
|   9|0x0000000080900000, 0x0000000080a00000, 0x0000000080a00000|100%| O|  |TAMS 0x0000000080a00000, 0x0000000080900000| Untracked 
|  10|0x0000000080a00000, 0x0000000080b00000, 0x0000000080b00000|100%| O|  |TAMS 0x0000000080b00000, 0x0000000080a00000| Untracked 
|  11|0x0000000080b00000, 0x0000000080c00000, 0x0000000080c00000|100%| O|  |TAMS 0x0000000080c00000, 0x0000000080b00000| Untracked 
|  12|0x0000000080c00000, 0x0000000080d00000, 0x0000000080d00000|100%| O|  |TAMS 0x0000000080d00000, 0x0000000080c00000| Untracked 
|  13|0x0000000080d00000, 0x0000000080e00000, 0x0000000080e00000|100%| O|  |TAMS 0x0000000080e00000, 0x0000000080d00000| Untracked 
|  14|0x0000000080e00000, 0x0000000080f00000, 0x0000000080f00000|100%| O|  |TAMS 0x0000000080f00000, 0x0000000080e00000| Untracked 
|  15|0x0000000080f00000, 0x0000000081000000, 0x0000000081000000|100%| O|  |TAMS 0x0000000081000000, 0x0000000080f00000| Untracked 
|  16|0x0000000081000000, 0x0000000081100000, 0x0000000081100000|100%| O|  |TAMS 0x0000000081100000, 0x0000000081000000| Untracked 
|  17|0x0000000081100000, 0x0000000081200000, 0x0000000081200000|100%| O|  |TAMS 0x0000000081200000, 0x0000000081100000| Untracked 
|  18|0x0000000081200000, 0x0000000081300000, 0x0000000081300000|100%| O|  |TAMS 0x0000000081300000, 0x0000000081200000| Untracked 
|  19|0x0000000081300000, 0x0000000081400000, 0x0000000081400000|100%| O|  |TAMS 0x0000000081400000, 0x0000000081300000| Untracked 
|  20|0x0000000081400000, 0x0000000081500000, 0x0000000081500000|100%| O|  |TAMS 0x0000000081500000, 0x0000000081400000| Untracked 
|  21|0x0000000081500000, 0x0000000081600000, 0x0000000081600000|100%| O|  |TAMS 0x0000000081600000, 0x0000000081500000| Untracked 
|  22|0x0000000081600000, 0x0000000081700000, 0x0000000081700000|100%| O|  |TAMS 0x0000000081700000, 0x0000000081600000| Untracked 
|  23|0x0000000081700000, 0x0000000081800000, 0x0000000081800000|100%| O|  |TAMS 0x0000000081800000, 0x0000000081700000| Untracked 
|  24|0x0000000081800000, 0x0000000081900000, 0x0000000081900000|100%| O|  |TAMS 0x0000000081900000, 0x0000000081800000| Untracked 
|  25|0x0000000081900000, 0x0000000081a00000, 0x0000000081a00000|100%| O|  |TAMS 0x0000000081a00000, 0x0000000081900000| Untracked 
|  26|0x0000000081a00000, 0x0000000081b00000, 0x0000000081b00000|100%|HS|  |TAMS 0x0000000081b00000, 0x0000000081a00000| Complete 
|  27|0x0000000081b00000, 0x0000000081c00000, 0x0000000081c00000|100%|HS|  |TAMS 0x0000000081c00000, 0x0000000081b00000| Complete 
|  28|0x0000000081c00000, 0x0000000081d00000, 0x0000000081d00000|100%|HS|  |TAMS 0x0000000081d00000, 0x0000000081c00000| Complete 
|  29|0x0000000081d00000, 0x0000000081e00000, 0x0000000081e00000|100%|HC|  |TAMS 0x0000000081e00000, 0x0000000081d00000| Complete 
|  30|0x0000000081e00000, 0x0000000081f00000, 0x0000000081f00000|100%| O|  |TAMS 0x0000000081f00000, 0x0000000081e00000| Untracked 
|  31|0x0000000081f00000, 0x0000000082000000, 0x0000000082000000|100%| O|  |TAMS 0x0000000082000000, 0x0000000081f00000| Untracked 
|  32|0x0000000082000000, 0x0000000082100000, 0x0000000082100000|100%| O|  |TAMS 0x0000000082100000, 0x0000000082000000| Untracked 
|  33|0x0000000082100000, 0x0000000082200000, 0x0000000082200000|100%| O|  |TAMS 0x0000000082200000, 0x0000000082100000| Untracked 
|  34|0x0000000082200000, 0x0000000082300000, 0x0000000082300000|100%| O|  |TAMS 0x0000000082300000, 0x0000000082200000| Untracked 
|  35|0x0000000082300000, 0x0000000082400000, 0x0000000082400000|100%| O|  |TAMS 0x0000000082400000, 0x0000000082300000| Untracked 
|  36|0x0000000082400000, 0x0000000082500000, 0x0000000082500000|100%| O|  |TAMS 0x0000000082500000, 0x0000000082400000| Untracked 
|  37|0x0000000082500000, 0x0000000082600000, 0x0000000082600000|100%| O|  |TAMS 0x0000000082600000, 0x0000000082500000| Untracked 
|  38|0x0000000082600000, 0x0000000082700000, 0x0000000082700000|100%| O|  |TAMS 0x0000000082700000, 0x0000000082600000| Untracked 
|  39|0x0000000082700000, 0x0000000082800000, 0x0000000082800000|100%| O|  |TAMS 0x0000000082800000, 0x0000000082700000| Untracked 
|  40|0x0000000082800000, 0x0000000082900000, 0x0000000082900000|100%| O|  |TAMS 0x0000000082900000, 0x0000000082800000| Untracked 
|  41|0x0000000082900000, 0x0000000082a00000, 0x0000000082a00000|100%| O|  |TAMS 0x0000000082a00000, 0x0000000082900000| Untracked 
|  42|0x0000000082a00000, 0x0000000082b00000, 0x0000000082b00000|100%| O|  |TAMS 0x0000000082a48e00, 0x0000000082a00000| Untracked 
|  43|0x0000000082b00000, 0x0000000082c00000, 0x0000000082c00000|100%| O|  |TAMS 0x0000000082b00000, 0x0000000082b00000| Untracked 
|  44|0x0000000082c00000, 0x0000000082d00000, 0x0000000082d00000|100%| O|  |TAMS 0x0000000082c00000, 0x0000000082c00000| Untracked 
|  45|0x0000000082d00000, 0x0000000082e00000, 0x0000000082e00000|100%| O|  |TAMS 0x0000000082d00000, 0x0000000082d00000| Untracked 
|  46|0x0000000082e00000, 0x0000000082f00000, 0x0000000082f00000|100%| O|  |TAMS 0x0000000082e00000, 0x0000000082e00000| Untracked 
|  47|0x0000000082f00000, 0x0000000083000000, 0x0000000083000000|100%| O|  |TAMS 0x0000000082f00000, 0x0000000082f00000| Untracked 
|  48|0x0000000083000000, 0x0000000083100000, 0x0000000083100000|100%| O|  |TAMS 0x0000000083000000, 0x0000000083000000| Untracked 
|  49|0x0000000083100000, 0x0000000083200000, 0x0000000083200000|100%| O|  |TAMS 0x0000000083100000, 0x0000000083100000| Untracked 
|  50|0x0000000083200000, 0x0000000083261800, 0x0000000083300000| 38%| O|  |TAMS 0x0000000083200000, 0x0000000083200000| Untracked 
|  51|0x0000000083300000, 0x0000000083300000, 0x0000000083400000|  0%| F|  |TAMS 0x0000000083300000, 0x0000000083300000| Untracked 
|  52|0x0000000083400000, 0x0000000083400000, 0x0000000083500000|  0%| F|  |TAMS 0x0000000083400000, 0x0000000083400000| Untracked 
|  53|0x0000000083500000, 0x0000000083500000, 0x0000000083600000|  0%| F|  |TAMS 0x0000000083500000, 0x0000000083500000| Untracked 
|  54|0x0000000083600000, 0x0000000083600000, 0x0000000083700000|  0%| F|  |TAMS 0x0000000083600000, 0x0000000083600000| Untracked 
|  55|0x0000000083700000, 0x0000000083700000, 0x0000000083800000|  0%| F|  |TAMS 0x0000000083700000, 0x0000000083700000| Untracked 
|  56|0x0000000083800000, 0x0000000083800000, 0x0000000083900000|  0%| F|  |TAMS 0x0000000083800000, 0x0000000083800000| Untracked 
|  57|0x0000000083900000, 0x0000000083900000, 0x0000000083a00000|  0%| F|  |TAMS 0x0000000083900000, 0x0000000083900000| Untracked 
|  58|0x0000000083a00000, 0x0000000083a00000, 0x0000000083b00000|  0%| F|  |TAMS 0x0000000083a00000, 0x0000000083a00000| Untracked 
|  59|0x0000000083b00000, 0x0000000083b00000, 0x0000000083c00000|  0%| F|  |TAMS 0x0000000083b00000, 0x0000000083b00000| Untracked 
|  60|0x0000000083c00000, 0x0000000083c00000, 0x0000000083d00000|  0%| F|  |TAMS 0x0000000083c00000, 0x0000000083c00000| Untracked 
|  61|0x0000000083d00000, 0x0000000083d00000, 0x0000000083e00000|  0%| F|  |TAMS 0x0000000083d00000, 0x0000000083d00000| Untracked 
|  62|0x0000000083e00000, 0x0000000083e00000, 0x0000000083f00000|  0%| F|  |TAMS 0x0000000083e00000, 0x0000000083e00000| Untracked 
|  63|0x0000000083f00000, 0x0000000083f00000, 0x0000000084000000|  0%| F|  |TAMS 0x0000000083f00000, 0x0000000083f00000| Untracked 
|  64|0x0000000084000000, 0x0000000084000000, 0x0000000084100000|  0%| F|  |TAMS 0x0000000084000000, 0x0000000084000000| Untracked 
|  65|0x0000000084100000, 0x0000000084100000, 0x0000000084200000|  0%| F|  |TAMS 0x0000000084100000, 0x0000000084100000| Untracked 
|  66|0x0000000084200000, 0x0000000084200000, 0x0000000084300000|  0%| F|  |TAMS 0x0000000084200000, 0x0000000084200000| Untracked 
|  67|0x0000000084300000, 0x0000000084300000, 0x0000000084400000|  0%| F|  |TAMS 0x0000000084300000, 0x0000000084300000| Untracked 
|  68|0x0000000084400000, 0x0000000084400000, 0x0000000084500000|  0%| F|  |TAMS 0x0000000084400000, 0x0000000084400000| Untracked 
|  69|0x0000000084500000, 0x00000000845cc9e8, 0x0000000084600000| 79%| S|CS|TAMS 0x0000000084500000, 0x0000000084500000| Complete 
|  70|0x0000000084600000, 0x0000000084700000, 0x0000000084700000|100%| S|CS|TAMS 0x0000000084600000, 0x0000000084600000| Complete 
|  71|0x0000000084700000, 0x0000000084700000, 0x0000000084800000|  0%| F|  |TAMS 0x0000000084700000, 0x0000000084700000| Untracked 
|  72|0x0000000084800000, 0x0000000084800000, 0x0000000084900000|  0%| F|  |TAMS 0x0000000084800000, 0x0000000084800000| Untracked 
|  73|0x0000000084900000, 0x0000000084900000, 0x0000000084a00000|  0%| F|  |TAMS 0x0000000084900000, 0x0000000084900000| Untracked 
|  74|0x0000000084a00000, 0x0000000084b00000, 0x0000000084b00000|100%| S|CS|TAMS 0x0000000084a00000, 0x0000000084a00000| Complete 
|  75|0x0000000084b00000, 0x0000000084b00000, 0x0000000084c00000|  0%| F|  |TAMS 0x0000000084b00000, 0x0000000084b00000| Untracked 
|  76|0x0000000084c00000, 0x0000000084c00000, 0x0000000084d00000|  0%| F|  |TAMS 0x0000000084c00000, 0x0000000084c00000| Untracked 
|  77|0x0000000084d00000, 0x0000000084d00000, 0x0000000084e00000|  0%| F|  |TAMS 0x0000000084d00000, 0x0000000084d00000| Untracked 
|  78|0x0000000084e00000, 0x0000000084e00000, 0x0000000084f00000|  0%| F|  |TAMS 0x0000000084e00000, 0x0000000084e00000| Untracked 
|  79|0x0000000084f00000, 0x0000000084f00000, 0x0000000085000000|  0%| F|  |TAMS 0x0000000084f00000, 0x0000000084f00000| Untracked 
|  80|0x0000000085000000, 0x0000000085000000, 0x0000000085100000|  0%| F|  |TAMS 0x0000000085000000, 0x0000000085000000| Untracked 
|  81|0x0000000085100000, 0x0000000085100000, 0x0000000085200000|  0%| F|  |TAMS 0x0000000085100000, 0x0000000085100000| Untracked 
|  82|0x0000000085200000, 0x0000000085200000, 0x0000000085300000|  0%| F|  |TAMS 0x0000000085200000, 0x0000000085200000| Untracked 
|  83|0x0000000085300000, 0x0000000085300000, 0x0000000085400000|  0%| F|  |TAMS 0x0000000085300000, 0x0000000085300000| Untracked 
|  84|0x0000000085400000, 0x0000000085400000, 0x0000000085500000|  0%| F|  |TAMS 0x0000000085400000, 0x0000000085400000| Untracked 
|  85|0x0000000085500000, 0x0000000085500000, 0x0000000085600000|  0%| F|  |TAMS 0x0000000085500000, 0x0000000085500000| Untracked 
|  86|0x0000000085600000, 0x0000000085600000, 0x0000000085700000|  0%| F|  |TAMS 0x0000000085600000, 0x0000000085600000| Untracked 
|  87|0x0000000085700000, 0x0000000085700000, 0x0000000085800000|  0%| F|  |TAMS 0x0000000085700000, 0x0000000085700000| Untracked 
|  88|0x0000000085800000, 0x0000000085800000, 0x0000000085900000|  0%| F|  |TAMS 0x0000000085800000, 0x0000000085800000| Untracked 
|  89|0x0000000085900000, 0x0000000085900000, 0x0000000085a00000|  0%| F|  |TAMS 0x0000000085900000, 0x0000000085900000| Untracked 
|  90|0x0000000085a00000, 0x0000000085a00000, 0x0000000085b00000|  0%| F|  |TAMS 0x0000000085a00000, 0x0000000085a00000| Untracked 
|  91|0x0000000085b00000, 0x0000000085b00000, 0x0000000085c00000|  0%| F|  |TAMS 0x0000000085b00000, 0x0000000085b00000| Untracked 
|  92|0x0000000085c00000, 0x0000000085c00000, 0x0000000085d00000|  0%| F|  |TAMS 0x0000000085c00000, 0x0000000085c00000| Untracked 
|  93|0x0000000085d00000, 0x0000000085d00000, 0x0000000085e00000|  0%| F|  |TAMS 0x0000000085d00000, 0x0000000085d00000| Untracked 
|  94|0x0000000085e00000, 0x0000000085e00000, 0x0000000085f00000|  0%| F|  |TAMS 0x0000000085e00000, 0x0000000085e00000| Untracked 
|  95|0x0000000085f00000, 0x0000000085f00000, 0x0000000086000000|  0%| F|  |TAMS 0x0000000085f00000, 0x0000000085f00000| Untracked 
|  96|0x0000000086000000, 0x0000000086000000, 0x0000000086100000|  0%| F|  |TAMS 0x0000000086000000, 0x0000000086000000| Untracked 
|  97|0x0000000086100000, 0x0000000086100000, 0x0000000086200000|  0%| F|  |TAMS 0x0000000086100000, 0x0000000086100000| Untracked 
|  98|0x0000000086200000, 0x0000000086200000, 0x0000000086300000|  0%| F|  |TAMS 0x0000000086200000, 0x0000000086200000| Untracked 
|  99|0x0000000086300000, 0x0000000086300000, 0x0000000086400000|  0%| F|  |TAMS 0x0000000086300000, 0x0000000086300000| Untracked 
| 100|0x0000000086400000, 0x0000000086400000, 0x0000000086500000|  0%| F|  |TAMS 0x0000000086400000, 0x0000000086400000| Untracked 
| 101|0x0000000086500000, 0x0000000086500000, 0x0000000086600000|  0%| F|  |TAMS 0x0000000086500000, 0x0000000086500000| Untracked 
| 102|0x0000000086600000, 0x0000000086600000, 0x0000000086700000|  0%| F|  |TAMS 0x0000000086600000, 0x0000000086600000| Untracked 
| 103|0x0000000086700000, 0x0000000086700000, 0x0000000086800000|  0%| F|  |TAMS 0x0000000086700000, 0x0000000086700000| Untracked 
| 104|0x0000000086800000, 0x0000000086800000, 0x0000000086900000|  0%| F|  |TAMS 0x0000000086800000, 0x0000000086800000| Untracked 
| 105|0x0000000086900000, 0x0000000086900000, 0x0000000086a00000|  0%| F|  |TAMS 0x0000000086900000, 0x0000000086900000| Untracked 
| 106|0x0000000086a00000, 0x0000000086a00000, 0x0000000086b00000|  0%| F|  |TAMS 0x0000000086a00000, 0x0000000086a00000| Untracked 
| 107|0x0000000086b00000, 0x0000000086b00000, 0x0000000086c00000|  0%| F|  |TAMS 0x0000000086b00000, 0x0000000086b00000| Untracked 
| 108|0x0000000086c00000, 0x0000000086c00000, 0x0000000086d00000|  0%| F|  |TAMS 0x0000000086c00000, 0x0000000086c00000| Untracked 
| 109|0x0000000086d00000, 0x0000000086d00000, 0x0000000086e00000|  0%| F|  |TAMS 0x0000000086d00000, 0x0000000086d00000| Untracked 
| 110|0x0000000086e00000, 0x0000000086e00000, 0x0000000086f00000|  0%| F|  |TAMS 0x0000000086e00000, 0x0000000086e00000| Untracked 
| 111|0x0000000086f00000, 0x0000000086f00000, 0x0000000087000000|  0%| F|  |TAMS 0x0000000086f00000, 0x0000000086f00000| Untracked 

Card table byte_map: [0x000001d0d2710000,0x000001d0d2b10000] _byte_map_base: 0x000001d0d2310000

Marking Bits (Prev, Next): (CMBitMap*) 0x000001d0bda5bd58, (CMBitMap*) 0x000001d0bda5bd90
 Prev Bits: [0x000001d0d2f10000, 0x000001d0d4f10000)
 Next Bits: [0x000001d0d4f10000, 0x000001d0d6f10000)

Polling page: 0x000001d0bd8e0000

Metaspace:

Usage:
  Non-class:     58.46 MB capacity,    57.45 MB ( 98%) used,   874.02 KB (  1%) free+waste,   164.75 KB ( <1%) overhead. 
      Class:      9.10 MB capacity,     8.53 MB ( 94%) used,   512.17 KB (  5%) free+waste,    77.00 KB ( <1%) overhead. 
       Both:     67.56 MB capacity,    65.97 MB ( 98%) used,     1.35 MB (  2%) free+waste,   241.75 KB ( <1%) overhead. 

Virtual space:
  Non-class space:       60.00 MB reserved,      58.54 MB ( 98%) committed 
      Class space:        1.00 GB reserved,       9.20 MB ( <1%) committed 
             Both:        1.06 GB reserved,      67.73 MB (  6%) committed 

Chunk freelists:
   Non-Class:  12.00 KB
       Class:  23.00 KB
        Both:  35.00 KB

MaxMetaspaceSize: 17179869184.00 GB
CompressedClassSpaceSize: 1.00 GB

CodeHeap 'non-profiled nmethods': size=120064Kb used=2593Kb max_used=2593Kb free=117470Kb
 bounds [0x000001d0ca7b0000, 0x000001d0caa40000, 0x000001d0d1cf0000]
CodeHeap 'profiled nmethods': size=120000Kb used=11789Kb max_used=11789Kb free=108210Kb
 bounds [0x000001d0c3280000, 0x000001d0c3e10000, 0x000001d0ca7b0000]
CodeHeap 'non-nmethods': size=5696Kb used=2262Kb max_used=2294Kb free=3433Kb
 bounds [0x000001d0c2cf0000, 0x000001d0c2f60000, 0x000001d0c3280000]
 total_blobs=7066 nmethods=6211 adapters=766
 compilation: enabled
              stopped_count=0, restarted_count=0
 full_count=0

Compilation events (20 events):
Event: 18.453 Thread 0x000001d0d9596000 nmethod 6336 0x000001d0c3dff590 code [0x000001d0c3dff7e0, 0x000001d0c3dffe68]
Event: 18.453 Thread 0x000001d0d9596000 6337  s    3       com.android.build.api.artifact.impl.TypedStorageProvider::getArtifact$gradle_core (80 bytes)
Event: 18.455 Thread 0x000001d0d9596000 nmethod 6337 0x000001d0c3e00190 code [0x000001d0c3e004a0, 0x000001d0c3e01608]
Event: 18.483 Thread 0x000001d0d9596000 6338       3       java.lang.String::replaceAll (13 bytes)
Event: 18.484 Thread 0x000001d0d9596000 nmethod 6338 0x000001d0c3e01b90 code [0x000001d0c3e01d80, 0x000001d0c3e02008]
Event: 18.484 Thread 0x000001d0d9596000 6339       3       org.objectweb.asm.AnnotationWriter::<init> (60 bytes)
Event: 18.485 Thread 0x000001d0d9596000 nmethod 6339 0x000001d0c3e02190 code [0x000001d0c3e02360, 0x000001d0c3e02748]
Event: 18.485 Thread 0x000001d0d9596000 6340       3       org.objectweb.asm.AnnotationVisitor::<init> (7 bytes)
Event: 18.485 Thread 0x000001d0d9596000 nmethod 6340 0x000001d0c3e02890 code [0x000001d0c3e02a40, 0x000001d0c3e02b68]
Event: 18.491 Thread 0x000001d0d9596000 6341       1       com.android.build.api.component.impl.ComponentImpl::getServices (5 bytes)
Event: 18.491 Thread 0x000001d0d9596000 nmethod 6341 0x000001d0caa37d10 code [0x000001d0caa37ec0, 0x000001d0caa37f78]
Event: 18.507 Thread 0x000001d0d9596000 6343       3       org.gradle.api.internal.DefaultDomainObjectCollection$IteratorImpl::hasNext (10 bytes)
Event: 18.507 Thread 0x000001d0d9596000 nmethod 6343 0x000001d0c3e02c10 code [0x000001d0c3e02dc0, 0x000001d0c3e02f88]
Event: 18.508 Thread 0x000001d0d9596000 6345       1       org.gradle.api.internal.artifacts.configurations.DefaultConfiguration::getIncoming (5 bytes)
Event: 18.508 Thread 0x000001d0d9596000 nmethod 6345 0x000001d0caa38010 code [0x000001d0caa381c0, 0x000001d0caa38278]
Event: 18.508 Thread 0x000001d0d9596000 6346       1       org.gradle.internal.event.BroadcastDispatch$SingletonDispatch::access$100 (5 bytes)
Event: 18.508 Thread 0x000001d0d9596000 nmethod 6346 0x000001d0caa38310 code [0x000001d0caa384c0, 0x000001d0caa38558]
Event: 18.508 Thread 0x000001d0d9596000 6347   !   2       org.gradle.internal.operations.UnmanagedBuildOperationWrapper::runWithUnmanagedSupport (32 bytes)
Event: 18.509 Thread 0x000001d0d9596000 nmethod 6347 0x000001d0c3e03090 code [0x000001d0c3e03260, 0x000001d0c3e03418]
Event: 18.509 Thread 0x000001d0d9596000 6350       2       org.gradle.tooling.internal.provider.runner.ClientForwardingTestOperationListener::started (115 bytes)

GC Heap History (20 events):
Event: 8.445 GC heap after
{Heap after GC invocations=11 (full 0):
 garbage-first heap   total 78848K, used 22380K [0x0000000080000000, 0x0000000100000000)
  region size 1024K, 4 young (4096K), 4 survivors (4096K)
 Metaspace       used 34830K, capacity 35638K, committed 35708K, reserved 1081344K
  class space    used 4531K, capacity 4864K, committed 4864K, reserved 1048576K
}
Event: 9.605 GC heap before
{Heap before GC invocations=12 (full 0):
 garbage-first heap   total 78848K, used 52076K [0x0000000080000000, 0x0000000100000000)
  region size 1024K, 33 young (33792K), 4 survivors (4096K)
 Metaspace       used 37091K, capacity 37974K, committed 38140K, reserved 1083392K
  class space    used 4797K, capacity 5126K, committed 5248K, reserved 1048576K
}
Event: 9.618 GC heap after
{Heap after GC invocations=13 (full 0):
 garbage-first heap   total 95232K, used 24309K [0x0000000080000000, 0x0000000100000000)
  region size 1024K, 5 young (5120K), 5 survivors (5120K)
 Metaspace       used 37091K, capacity 37974K, committed 38140K, reserved 1083392K
  class space    used 4797K, capacity 5126K, committed 5248K, reserved 1048576K
}
Event: 10.296 GC heap before
{Heap before GC invocations=13 (full 0):
 garbage-first heap   total 95232K, used 62197K [0x0000000080000000, 0x0000000100000000)
  region size 1024K, 39 young (39936K), 5 survivors (5120K)
 Metaspace       used 39623K, capacity 40526K, committed 40700K, reserved 1085440K
  class space    used 5059K, capacity 5422K, committed 5504K, reserved 1048576K
}
Event: 10.307 GC heap after
{Heap after GC invocations=14 (full 0):
 garbage-first heap   total 95232K, used 26288K [0x0000000080000000, 0x0000000100000000)
  region size 1024K, 5 young (5120K), 5 survivors (5120K)
 Metaspace       used 39623K, capacity 40526K, committed 40700K, reserved 1085440K
  class space    used 5059K, capacity 5422K, committed 5504K, reserved 1048576K
}
Event: 11.007 GC heap before
{Heap before GC invocations=14 (full 0):
 garbage-first heap   total 95232K, used 67248K [0x0000000080000000, 0x0000000100000000)
  region size 1024K, 44 young (45056K), 5 survivors (5120K)
 Metaspace       used 43452K, capacity 44523K, committed 44796K, reserved 1087488K
  class space    used 5539K, capacity 5896K, committed 6016K, reserved 1048576K
}
Event: 11.022 GC heap after
{Heap after GC invocations=15 (full 0):
 garbage-first heap   total 95232K, used 27720K [0x0000000080000000, 0x0000000100000000)
  region size 1024K, 4 young (4096K), 4 survivors (4096K)
 Metaspace       used 43452K, capacity 44523K, committed 44796K, reserved 1087488K
  class space    used 5539K, capacity 5896K, committed 6016K, reserved 1048576K
}
Event: 12.072 GC heap before
{Heap before GC invocations=15 (full 0):
 garbage-first heap   total 95232K, used 67656K [0x0000000080000000, 0x0000000100000000)
  region size 1024K, 43 young (44032K), 4 survivors (4096K)
 Metaspace       used 46252K, capacity 47447K, committed 47740K, reserved 1091584K
  class space    used 5910K, capacity 6358K, committed 6400K, reserved 1048576K
}
Event: 12.086 GC heap after
{Heap after GC invocations=16 (full 0):
 garbage-first heap   total 95232K, used 30197K [0x0000000080000000, 0x0000000100000000)
  region size 1024K, 4 young (4096K), 4 survivors (4096K)
 Metaspace       used 46252K, capacity 47447K, committed 47740K, reserved 1091584K
  class space    used 5910K, capacity 6358K, committed 6400K, reserved 1048576K
}
Event: 14.116 GC heap before
{Heap before GC invocations=16 (full 0):
 garbage-first heap   total 95232K, used 73205K [0x0000000080000000, 0x0000000100000000)
  region size 1024K, 43 young (44032K), 4 survivors (4096K)
 Metaspace       used 47937K, capacity 49285K, committed 49532K, reserved 1091584K
  class space    used 6106K, capacity 6591K, committed 6656K, reserved 1048576K
}
Event: 14.137 GC heap after
{Heap after GC invocations=17 (full 0):
 garbage-first heap   total 114688K, used 41401K [0x0000000080000000, 0x0000000100000000)
  region size 1024K, 6 young (6144K), 6 survivors (6144K)
 Metaspace       used 47937K, capacity 49285K, committed 49532K, reserved 1091584K
  class space    used 6106K, capacity 6591K, committed 6656K, reserved 1048576K
}
Event: 15.316 GC heap before
{Heap before GC invocations=17 (full 0):
 garbage-first heap   total 114688K, used 82361K [0x0000000080000000, 0x0000000100000000)
  region size 1024K, 46 young (47104K), 6 survivors (6144K)
 Metaspace       used 53520K, capacity 54938K, committed 55164K, reserved 1097728K
  class space    used 6800K, capacity 7302K, committed 7424K, reserved 1048576K
}
Event: 15.331 GC heap after
{Heap after GC invocations=18 (full 0):
 garbage-first heap   total 114688K, used 43667K [0x0000000080000000, 0x0000000100000000)
  region size 1024K, 2 young (2048K), 2 survivors (2048K)
 Metaspace       used 53520K, capacity 54938K, committed 55164K, reserved 1097728K
  class space    used 6800K, capacity 7302K, committed 7424K, reserved 1048576K
}
Event: 16.110 GC heap before
{Heap before GC invocations=18 (full 0):
 garbage-first heap   total 114688K, used 74387K [0x0000000080000000, 0x0000000100000000)
  region size 1024K, 33 young (33792K), 2 survivors (2048K)
 Metaspace       used 58349K, capacity 59846K, committed 59940K, reserved 1101824K
  class space    used 7385K, capacity 7933K, committed 7936K, reserved 1048576K
}
Event: 16.120 GC heap after
{Heap after GC invocations=19 (full 0):
 garbage-first heap   total 114688K, used 45204K [0x0000000080000000, 0x0000000100000000)
  region size 1024K, 4 young (4096K), 4 survivors (4096K)
 Metaspace       used 58349K, capacity 59846K, committed 59940K, reserved 1101824K
  class space    used 7385K, capacity 7933K, committed 7936K, reserved 1048576K
}
Event: 16.970 GC heap before
{Heap before GC invocations=20 (full 0):
 garbage-first heap   total 114688K, used 84116K [0x0000000080000000, 0x0000000100000000)
  region size 1024K, 43 young (44032K), 4 survivors (4096K)
 Metaspace       used 62053K, capacity 63586K, committed 63728K, reserved 1105920K
  class space    used 7841K, capacity 8383K, committed 8396K, reserved 1048576K
}
Event: 16.991 GC heap after
{Heap after GC invocations=21 (full 0):
 garbage-first heap   total 114688K, used 48549K [0x0000000080000000, 0x0000000100000000)
  region size 1024K, 6 young (6144K), 6 survivors (6144K)
 Metaspace       used 62053K, capacity 63586K, committed 63728K, reserved 1105920K
  class space    used 7841K, capacity 8383K, committed 8396K, reserved 1048576K
}
Event: 17.680 GC heap before
{Heap before GC invocations=22 (full 0):
 garbage-first heap   total 114688K, used 87461K [0x0000000080000000, 0x0000000100000000)
  region size 1024K, 44 young (45056K), 6 survivors (6144K)
 Metaspace       used 63396K, capacity 64996K, committed 65264K, reserved 1105920K
  class space    used 8046K, capacity 8632K, committed 8652K, reserved 1048576K
}
Event: 17.696 GC heap after
{Heap after GC invocations=23 (full 0):
 garbage-first heap   total 114688K, used 51369K [0x0000000080000000, 0x0000000100000000)
  region size 1024K, 3 young (3072K), 3 survivors (3072K)
 Metaspace       used 63396K, capacity 64996K, committed 65264K, reserved 1105920K
  class space    used 8046K, capacity 8632K, committed 8652K, reserved 1048576K
}
Event: 18.510 GC heap before
{Heap before GC invocations=23 (full 0):
 garbage-first heap   total 114688K, used 89257K [0x0000000080000000, 0x0000000100000000)
  region size 1024K, 40 young (40960K), 3 survivors (3072K)
 Metaspace       used 67557K, capacity 69185K, committed 69360K, reserved 1110016K
  class space    used 8731K, capacity 9321K, committed 9420K, reserved 1048576K
}

Deoptimization events (20 events):
Event: 17.350 Thread 0x000001d0dd568000 Uncommon trap: trap_request=0xffffff4d fr.pc=0x000001d0ca7dce34 relative=0x00000000000001f4
Event: 17.350 Thread 0x000001d0dd568000 Uncommon trap: reason=unstable_if action=reinterpret pc=0x000001d0ca7dce34 method=java.lang.AbstractStringBuilder.isLatin1()Z @ 10 c2
Event: 17.350 Thread 0x000001d0dd568000 DEOPT PACKING pc=0x000001d0ca7dce34 sp=0x0000003ebeef6c40
Event: 17.350 Thread 0x000001d0dd568000 DEOPT UNPACKING pc=0x000001d0c2d178af sp=0x0000003ebeef6b80 mode 2
Event: 17.351 Thread 0x000001d0dd568000 Uncommon trap: trap_request=0xffffff4d fr.pc=0x000001d0ca85ecc8 relative=0x0000000000000388
Event: 17.351 Thread 0x000001d0dd568000 Uncommon trap: reason=unstable_if action=reinterpret pc=0x000001d0ca85ecc8 method=java.lang.StringBuilder.toString()Ljava/lang/String; @ 4 c2
Event: 17.351 Thread 0x000001d0dd568000 DEOPT PACKING pc=0x000001d0ca85ecc8 sp=0x0000003ebeef6d70
Event: 17.351 Thread 0x000001d0dd568000 DEOPT UNPACKING pc=0x000001d0c2d178af sp=0x0000003ebeef6d50 mode 2
Event: 17.351 Thread 0x000001d0dd568000 Uncommon trap: trap_request=0xffffff4d fr.pc=0x000001d0ca7b9b54 relative=0x0000000000000034
Event: 17.351 Thread 0x000001d0dd568000 Uncommon trap: reason=unstable_if action=reinterpret pc=0x000001d0ca7b9b54 method=java.lang.StringLatin1.canEncode(I)Z @ 4 c2
Event: 17.351 Thread 0x000001d0dd568000 DEOPT PACKING pc=0x000001d0ca7b9b54 sp=0x0000003ebeef6bf0
Event: 17.351 Thread 0x000001d0dd568000 DEOPT UNPACKING pc=0x000001d0c2d178af sp=0x0000003ebeef6b80 mode 2
Event: 17.351 Thread 0x000001d0dd568000 Uncommon trap: trap_request=0xffffff4d fr.pc=0x000001d0ca7e4e94 relative=0x0000000000000454
Event: 17.351 Thread 0x000001d0dd568000 Uncommon trap: reason=unstable_if action=reinterpret pc=0x000001d0ca7e4e94 method=java.lang.AbstractStringBuilder.putStringAt(ILjava/lang/String;)V @ 8 c2
Event: 17.351 Thread 0x000001d0dd568000 DEOPT PACKING pc=0x000001d0ca7e4e94 sp=0x0000003ebeef6cc0
Event: 17.351 Thread 0x000001d0dd568000 DEOPT UNPACKING pc=0x000001d0c2d178af sp=0x0000003ebeef6c20 mode 2
Event: 17.565 Thread 0x000001d0dd568000 Uncommon trap: trap_request=0xffffff4d fr.pc=0x000001d0ca9a6c20 relative=0x0000000000000360
Event: 17.565 Thread 0x000001d0dd568000 Uncommon trap: reason=unstable_if action=reinterpret pc=0x000001d0ca9a6c20 method=java.util.StringJoiner.add(Ljava/lang/CharSequence;)Ljava/util/StringJoiner; @ 33 c2
Event: 17.565 Thread 0x000001d0dd568000 DEOPT PACKING pc=0x000001d0ca9a6c20 sp=0x0000003ebeef5e10
Event: 17.565 Thread 0x000001d0dd568000 DEOPT UNPACKING pc=0x000001d0c2d178af sp=0x0000003ebeef5dc0 mode 2

Classes redefined (0 events):
No events

Internal exceptions (20 events):
Event: 17.675 Thread 0x000001d0dd568000 Exception <a 'java/lang/ClassNotFoundException'{0x0000000084a1dd20}: org/gradle/api/internal/DefaultNamedDomainObjectSetCustomizer> (0x0000000084a1dd20) thrown at [./src/hotspot/share/classfile/systemDictionary.cpp, line 231]
Event: 17.676 Thread 0x000001d0dd568000 Exception <a 'java/lang/ClassNotFoundException'{0x0000000084a6aa50}: org/gradle/api/internal/AbstractNamedDomainObjectContainerCustomizer> (0x0000000084a6aa50) thrown at [./src/hotspot/share/classfile/systemDictionary.cpp, line 231]
Event: 17.678 Thread 0x000001d0dd568000 Exception <a 'java/lang/ClassNotFoundException'{0x0000000084ab6448}: org/gradle/api/internal/FactoryNamedDomainObjectContainerCustomizer> (0x0000000084ab6448) thrown at [./src/hotspot/share/classfile/systemDictionary.cpp, line 231]
Event: 17.680 Thread 0x000001d0dd568000 Exception <a 'java/lang/ClassNotFoundException'{0x0000000084afa708}: org/gradle/api/internal/FactoryNamedDomainObjectContainer_DecoratedCustomizer> (0x0000000084afa708) thrown at [./src/hotspot/share/classfile/systemDictionary.cpp, line 231]
Event: 17.722 Thread 0x000001d0dd568000 Exception <a 'java/lang/ClassNotFoundException'{0x0000000086d280c0}: com/android/build/gradle/internal/dsl/BuildType_DecoratedBeanInfo> (0x0000000086d280c0) thrown at [./src/hotspot/share/classfile/systemDictionary.cpp, line 231]
Event: 17.723 Thread 0x000001d0dd568000 Exception <a 'java/lang/ClassNotFoundException'{0x0000000086d423b8}: com/android/build/gradle/internal/dsl/BuildTypeBeanInfo> (0x0000000086d423b8) thrown at [./src/hotspot/share/classfile/systemDictionary.cpp, line 231]
Event: 17.724 Thread 0x000001d0dd568000 Exception <a 'java/lang/ClassNotFoundException'{0x0000000086d5ba18}: com/android/builder/core/AbstractBuildTypeBeanInfo> (0x0000000086d5ba18) thrown at [./src/hotspot/share/classfile/systemDictionary.cpp, line 231]
Event: 17.725 Thread 0x000001d0dd568000 Exception <a 'java/lang/ClassNotFoundException'{0x0000000086d757e8}: com/android/builder/core/AbstractBuildTypeCustomizer> (0x0000000086d757e8) thrown at [./src/hotspot/share/classfile/systemDictionary.cpp, line 231]
Event: 17.726 Thread 0x000001d0dd568000 Exception <a 'java/lang/ClassNotFoundException'{0x0000000086dac2d0}: com/android/build/gradle/internal/dsl/BuildTypeCustomizer> (0x0000000086dac2d0) thrown at [./src/hotspot/share/classfile/systemDictionary.cpp, line 231]
Event: 17.736 Thread 0x000001d0dd568000 Exception <a 'java/lang/ClassNotFoundException'{0x0000000086c3a830}: com/android/build/gradle/internal/dsl/BuildType_DecoratedCustomizer> (0x0000000086c3a830) thrown at [./src/hotspot/share/classfile/systemDictionary.cpp, line 231]
Event: 17.745 Thread 0x000001d0dd568000 Exception <a 'java/lang/ClassNotFoundException'{0x0000000086b06340}: build_5qz5yakvh4qqqlo5mq00qos0f$_run_closure1$_closure4BeanInfo> (0x0000000086b06340) thrown at [./src/hotspot/share/classfile/systemDictionary.cpp, line 231]
Event: 17.745 Thread 0x000001d0dd568000 Exception <a 'java/lang/ClassNotFoundException'{0x0000000086b17948}: build_5qz5yakvh4qqqlo5mq00qos0f$_run_closure1$_closure4Customizer> (0x0000000086b17948) thrown at [./src/hotspot/share/classfile/systemDictionary.cpp, line 231]
Event: 17.747 Thread 0x000001d0dd568000 Exception <a 'java/lang/ClassNotFoundException'{0x0000000086b471c8}: build_5qz5yakvh4qqqlo5mq00qos0f$_run_closure1BeanInfo> (0x0000000086b471c8) thrown at [./src/hotspot/share/classfile/systemDictionary.cpp, line 231]
Event: 17.748 Thread 0x000001d0dd568000 Exception <a 'java/lang/ClassNotFoundException'{0x0000000086b57de0}: build_5qz5yakvh4qqqlo5mq00qos0f$_run_closure1Customizer> (0x0000000086b57de0) thrown at [./src/hotspot/share/classfile/systemDictionary.cpp, line 231]
Event: 17.755 Thread 0x000001d0dd568000 Exception <a 'java/lang/ClassNotFoundException'{0x0000000086bbad18}: org/gradle/api/JavaVersionBeanInfo> (0x0000000086bbad18) thrown at [./src/hotspot/share/classfile/systemDictionary.cpp, line 231]
Event: 17.757 Thread 0x000001d0dd568000 Exception <a 'java/lang/ClassNotFoundException'{0x0000000086be8920}: org/gradle/api/JavaVersionCustomizer> (0x0000000086be8920) thrown at [./src/hotspot/share/classfile/systemDictionary.cpp, line 231]
Event: 17.762 Thread 0x000001d0dd568000 Exception <a 'java/lang/ClassNotFoundException'{0x0000000086a44220}: com/android/build/gradle/internal/CompileOptions_DecoratedBeanInfo> (0x0000000086a44220) thrown at [./src/hotspot/share/classfile/systemDictionary.cpp, line 231]
Event: 17.763 Thread 0x000001d0dd568000 Exception <a 'java/lang/ClassNotFoundException'{0x0000000086a5d288}: com/android/build/gradle/internal/CompileOptionsBeanInfo> (0x0000000086a5d288) thrown at [./src/hotspot/share/classfile/systemDictionary.cpp, line 231]
Event: 17.764 Thread 0x000001d0dd568000 Exception <a 'java/lang/ClassNotFoundException'{0x0000000086a76aa0}: com/android/build/gradle/internal/CompileOptionsCustomizer> (0x0000000086a76aa0) thrown at [./src/hotspot/share/classfile/systemDictionary.cpp, line 231]
Event: 17.765 Thread 0x000001d0dd568000 Exception <a 'java/lang/ClassNotFoundException'{0x0000000086a9d040}: com/android/build/gradle/internal/CompileOptions_DecoratedCustomizer> (0x0000000086a9d040) thrown at [./src/hotspot/share/classfile/systemDictionary.cpp, line 231]

Events (20 events):
Event: 18.500 loading class kotlin/text/CharsKt__CharJVMKt done
Event: 18.501 loading class com/android/build/gradle/internal/DependencyConfigurator
Event: 18.501 loading class com/android/build/gradle/internal/DependencyConfigurator done
Event: 18.503 loading class com/android/build/gradle/internal/DependencyConfigurator$Companion
Event: 18.503 loading class com/android/build/gradle/internal/DependencyConfigurator$Companion done
Event: 18.504 loading class com/android/build/gradle/internal/dependency/AndroidXDependencySubstitution$replaceOldSupportLibraries$1
Event: 18.504 loading class com/android/build/gradle/internal/dependency/AndroidXDependencySubstitution$replaceOldSupportLibraries$1 done
Event: 18.504 loading class org/gradle/api/artifacts/dsl/ComponentMetadataHandler
Event: 18.504 loading class org/gradle/api/artifacts/dsl/ComponentMetadataHandler done
Event: 18.504 loading class org/gradle/internal/rules/NoInputsRuleAction
Event: 18.504 loading class org/gradle/internal/rules/NoInputsRuleAction done
Event: 18.505 loading class org/gradle/api/internal/artifacts/dsl/ActionBasedMetadataRuleWrapper
Event: 18.505 loading class org/gradle/api/internal/artifacts/dsl/ActionBasedMetadataRuleWrapper done
Event: 18.506 loading class com/android/build/gradle/internal/dependency/AndroidXDependencySubstitution$replaceOldSupportLibraries$2
Event: 18.506 loading class com/android/build/gradle/internal/dependency/AndroidXDependencySubstitution$replaceOldSupportLibraries$2 done
Event: 18.507 loading class com/android/build/gradle/internal/dependency/AndroidXDependencySubstitution$replaceOldSupportLibraries$2$1
Event: 18.507 loading class com/android/build/gradle/internal/dependency/AndroidXDependencySubstitution$replaceOldSupportLibraries$2$1 done
Event: 18.509 loading class com/android/build/gradle/internal/dependency/JetifyTransform
Event: 18.509 loading class com/android/build/gradle/internal/dependency/JetifyTransform done
Event: 18.509 Executing VM operation: G1CollectForAllocation


Dynamic libraries:
0x00007ff74ecf0000 - 0x00007ff74ecfa000 	C:\Program Files\Android\Android Studio\jre\bin\java.exe
0x00007ffe7b1f0000 - 0x00007ffe7b3e5000 	C:\WINDOWS\SYSTEM32\ntdll.dll
0x00007ffe79e60000 - 0x00007ffe79f1e000 	C:\WINDOWS\System32\KERNEL32.DLL
0x00007ffe78e10000 - 0x00007ffe790d9000 	C:\WINDOWS\System32\KERNELBASE.dll
0x00007ffe79140000 - 0x00007ffe79240000 	C:\WINDOWS\System32\ucrtbase.dll
0x00007ffe677f0000 - 0x00007ffe67809000 	C:\Program Files\Android\Android Studio\jre\bin\jli.dll
0x00007ffe73730000 - 0x00007ffe73747000 	C:\Program Files\Android\Android Studio\jre\bin\VCRUNTIME140.dll
0x00007ffe7a430000 - 0x00007ffe7a5d1000 	C:\WINDOWS\System32\USER32.dll
0x00007ffe78cf0000 - 0x00007ffe78d12000 	C:\WINDOWS\System32\win32u.dll
0x00007ffe7a290000 - 0x00007ffe7a2bb000 	C:\WINDOWS\System32\GDI32.dll
0x00007ffe789c0000 - 0x00007ffe78acb000 	C:\WINDOWS\System32\gdi32full.dll
0x00007ffe68790000 - 0x00007ffe68a2a000 	C:\WINDOWS\WinSxS\amd64_microsoft.windows.common-controls_6595b64144ccf1df_6.0.19041.1110_none_60b5254171f9507e\COMCTL32.dll
0x00007ffe78d20000 - 0x00007ffe78dbd000 	C:\WINDOWS\System32\msvcp_win.dll
0x00007ffe7a040000 - 0x00007ffe7a0de000 	C:\WINDOWS\System32\msvcrt.dll
0x00007ffe7b070000 - 0x00007ffe7b0a0000 	C:\WINDOWS\System32\IMM32.DLL
0x00007ffe71350000 - 0x00007ffe713ed000 	C:\Program Files\Android\Android Studio\jre\bin\msvcp140.dll
0x00007ffe4efc0000 - 0x00007ffe4fa8f000 	C:\Program Files\Android\Android Studio\jre\bin\server\jvm.dll
0x00007ffe7b0a0000 - 0x00007ffe7b14c000 	C:\WINDOWS\System32\ADVAPI32.dll
0x00007ffe7a390000 - 0x00007ffe7a42b000 	C:\WINDOWS\System32\sechost.dll
0x00007ffe7ac60000 - 0x00007ffe7ad8a000 	C:\WINDOWS\System32\RPCRT4.dll
0x00007ffe79f20000 - 0x00007ffe79f28000 	C:\WINDOWS\System32\PSAPI.DLL
0x00007ffe745d0000 - 0x00007ffe745d9000 	C:\WINDOWS\SYSTEM32\WSOCK32.dll
0x00007ffe7a2c0000 - 0x00007ffe7a32b000 	C:\WINDOWS\System32\WS2_32.dll
0x00007ffe6ce00000 - 0x00007ffe6ce27000 	C:\WINDOWS\SYSTEM32\WINMM.dll
0x00007ffe70170000 - 0x00007ffe7017a000 	C:\WINDOWS\SYSTEM32\VERSION.dll
0x00007ffe76810000 - 0x00007ffe76822000 	C:\WINDOWS\SYSTEM32\kernel.appcore.dll
0x00007ffe74580000 - 0x00007ffe74591000 	C:\Program Files\Android\Android Studio\jre\bin\verify.dll
0x00007ffe64df0000 - 0x00007ffe64fd4000 	C:\WINDOWS\SYSTEM32\DBGHELP.DLL
0x00007ffe659d0000 - 0x00007ffe659fc000 	C:\WINDOWS\SYSTEM32\dbgcore.DLL
0x00007ffe78c30000 - 0x00007ffe78cb3000 	C:\WINDOWS\System32\bcryptPrimitives.dll
0x00007ffe74490000 - 0x00007ffe744b9000 	C:\Program Files\Android\Android Studio\jre\bin\java.dll
0x00007ffe73720000 - 0x00007ffe7372b000 	C:\Program Files\Android\Android Studio\jre\bin\jimage.dll
0x00007ffe717c0000 - 0x00007ffe717d8000 	C:\Program Files\Android\Android Studio\jre\bin\zip.dll
0x00007ffe79240000 - 0x00007ffe7997f000 	C:\WINDOWS\System32\SHELL32.dll
0x00007ffe76a10000 - 0x00007ffe771a0000 	C:\WINDOWS\SYSTEM32\windows.storage.dll
0x00007ffe79b00000 - 0x00007ffe79e55000 	C:\WINDOWS\System32\combase.dll
0x00007ffe78360000 - 0x00007ffe7838c000 	C:\WINDOWS\SYSTEM32\Wldp.dll
0x00007ffe7aec0000 - 0x00007ffe7af6d000 	C:\WINDOWS\System32\SHCORE.dll
0x00007ffe79980000 - 0x00007ffe799d5000 	C:\WINDOWS\System32\shlwapi.dll
0x00007ffe78850000 - 0x00007ffe7886f000 	C:\WINDOWS\SYSTEM32\profapi.dll
0x00007ffe71580000 - 0x00007ffe7159a000 	C:\Program Files\Android\Android Studio\jre\bin\net.dll
0x00007ffe6a4b0000 - 0x00007ffe6a5b8000 	C:\WINDOWS\SYSTEM32\WINHTTP.dll
0x00007ffe780c0000 - 0x00007ffe7812a000 	C:\WINDOWS\system32\mswsock.dll
0x00007ffe71550000 - 0x00007ffe71564000 	C:\Program Files\Android\Android Studio\jre\bin\nio.dll
0x00007ffe65f30000 - 0x00007ffe65f57000 	C:\Users\MinhNgan\.gradle\native\8bec1ad78214c89d9ad589b4d07fe93259594b29d510b10fafb7a158f7737e5d\windows-amd64\native-platform.dll
0x00007ffe4ce10000 - 0x00007ffe4cf4d000 	C:\Users\MinhNgan\.gradle\native\53dbd7edfb1c66fb8903c78663c9afc45aea4f116125fa6feffd364cf09443e8\windows-amd64\native-platform-file-events.dll
0x00007ffe73090000 - 0x00007ffe7309a000 	C:\Program Files\Android\Android Studio\jre\bin\management.dll
0x00007ffe717b0000 - 0x00007ffe717bc000 	C:\Program Files\Android\Android Studio\jre\bin\management_ext.dll
0x00007ffe782b0000 - 0x00007ffe782c8000 	C:\WINDOWS\SYSTEM32\CRYPTSP.dll
0x00007ffe779d0000 - 0x00007ffe77a04000 	C:\WINDOWS\system32\rsaenh.dll
0x00007ffe78cc0000 - 0x00007ffe78ce7000 	C:\WINDOWS\System32\bcrypt.dll
0x00007ffe78810000 - 0x00007ffe7883e000 	C:\WINDOWS\SYSTEM32\USERENV.dll
0x00007ffe782d0000 - 0x00007ffe782dc000 	C:\WINDOWS\SYSTEM32\CRYPTBASE.dll
0x00007ffe77d60000 - 0x00007ffe77d9b000 	C:\WINDOWS\SYSTEM32\IPHLPAPI.DLL
0x00007ffe7a5e0000 - 0x00007ffe7a5e8000 	C:\WINDOWS\System32\NSI.dll
0x00007ffe6d250000 - 0x00007ffe6d267000 	C:\WINDOWS\SYSTEM32\dhcpcsvc6.DLL
0x00007ffe701d0000 - 0x00007ffe701ed000 	C:\WINDOWS\SYSTEM32\dhcpcsvc.DLL
0x00007ffe77da0000 - 0x00007ffe77e6c000 	C:\WINDOWS\SYSTEM32\DNSAPI.dll

dbghelp: loaded successfully - version: 4.0.5 - missing functions: none
symbol engine: initialized successfully - sym options: 0x614 - pdb path: .;C:\Program Files\Android\Android Studio\jre\bin;C:\WINDOWS\SYSTEM32;C:\WINDOWS\WinSxS\amd64_microsoft.windows.common-controls_6595b64144ccf1df_6.0.19041.1110_none_60b5254171f9507e;C:\Program Files\Android\Android Studio\jre\bin\server;C:\Users\MinhNgan\.gradle\native\8bec1ad78214c89d9ad589b4d07fe93259594b29d510b10fafb7a158f7737e5d\windows-amd64;C:\Users\MinhNgan\.gradle\native\53dbd7edfb1c66fb8903c78663c9afc45aea4f116125fa6feffd364cf09443e8\windows-amd64

VM Arguments:
jvm_args: --add-opens=java.base/java.util=ALL-UNNAMED --add-opens=java.base/java.lang=ALL-UNNAMED --add-opens=java.base/java.lang.invoke=ALL-UNNAMED --add-opens=java.base/java.util=ALL-UNNAMED --add-opens=java.prefs/java.util.prefs=ALL-UNNAMED --add-opens=java.prefs/java.util.prefs=ALL-UNNAMED --add-opens=java.base/java.nio.charset=ALL-UNNAMED --add-opens=java.base/java.net=ALL-UNNAMED --add-opens=java.base/java.util.concurrent.atomic=ALL-UNNAMED -Xmx2048m -Dfile.encoding=UTF-8 -Duser.country=US -Duser.language=en -Duser.variant 
java_command: org.gradle.launcher.daemon.bootstrap.GradleDaemon 7.0.2
java_class_path (initial): C:\Users\MinhNgan\.gradle\wrapper\dists\gradle-7.0.2-bin\857tjihv64xamwrf0h14cai3r\gradle-7.0.2\lib\gradle-launcher-7.0.2.jar
Launcher Type: SUN_STANDARD

[Global flags]
     intx CICompilerCount                          = 3                                         {product} {ergonomic}
     uint ConcGCThreads                            = 1                                         {product} {ergonomic}
     uint G1ConcRefinementThreads                  = 4                                         {product} {ergonomic}
   size_t G1HeapRegionSize                         = 1048576                                   {product} {ergonomic}
    uintx GCDrainStackTargetSize                   = 64                                        {product} {ergonomic}
   size_t InitialHeapSize                          = 67108864                                  {product} {ergonomic}
   size_t MarkStackSize                            = 4194304                                   {product} {ergonomic}
   size_t MaxHeapSize                              = 2147483648                                {product} {command line}
   size_t MaxNewSize                               = 1287651328                                {product} {ergonomic}
   size_t MinHeapDeltaBytes                        = 1048576                                   {product} {ergonomic}
    uintx NonNMethodCodeHeapSize                   = 5830732                                {pd product} {ergonomic}
    uintx NonProfiledCodeHeapSize                  = 122913754                              {pd product} {ergonomic}
    uintx ProfiledCodeHeapSize                     = 122913754                              {pd product} {ergonomic}
    uintx ReservedCodeCacheSize                    = 251658240                              {pd product} {ergonomic}
     bool SegmentedCodeCache                       = true                                      {product} {ergonomic}
     bool UseCompressedClassPointers               = true                                 {lp64_product} {ergonomic}
     bool UseCompressedOops                        = true                                 {lp64_product} {ergonomic}
     bool UseG1GC                                  = true                                      {product} {ergonomic}
     bool UseLargePagesIndividualAllocation        = false                                  {pd product} {ergonomic}

Logging:
Log output configuration:
 #0: stdout all=warning uptime,level,tags
 #1: stderr all=off uptime,level,tags

Environment Variables:
PATH=C:\Program Files\Common Files\Oracle\Java\javapath;C:\WINDOWS\system32;C:\WINDOWS;C:\WINDOWS\System32\Wbem;C:\WINDOWS\System32\WindowsPowerShell\v1.0\;C:\WINDOWS\System32\OpenSSH\;C:\Program Files\dotnet\;C:\Program Files\Microsoft SQL Server\130\Tools\Binn\;C:\Program Files\Microsoft SQL Server\Client SDK\ODBC\170\Tools\Binn\;C:\Program Files (x86)\dotnet\;C:\Program Files\Git\cmd;C:\Users\MinhNgan\AppData\Local\Microsoft\WindowsApps
USERNAME=MinhNgan
OS=Windows_NT
PROCESSOR_IDENTIFIER=Intel64 Family 6 Model 69 Stepping 1, GenuineIntel



---------------  S Y S T E M  ---------------

OS: Windows 10 , 64 bit Build 19041 (10.0.19041.1202)
OS uptime: 0 days 1:36 hours

CPU:total 4 (initial active 4) (2 cores per cpu, 2 threads per core) family 6 model 69 stepping 1 microcode 0x25, cmov, cx8, fxsr, mmx, sse, sse2, sse3, ssse3, sse4.1, sse4.2, popcnt, avx, avx2, aes, clmul, erms, lzcnt, ht, tsc, tscinvbit, bmi1, bmi2, fma

Memory: 4k page, system-wide physical 3979M (335M free)
TotalPageFile size 6979M (AvailPageFile size 26M)
current process WorkingSet (physical memory assigned to process): 260M, peak: 260M
current process commit charge ("private bytes"): 326M, peak: 349M

vm_info: OpenJDK 64-Bit Server VM (11.0.10+0-b96-7249189) for windows-amd64 JRE (11.0.10+0-b96-7249189), built on Mar 31 2021 21:44:00 by "builder" with MS VC++ 14.0 (VS2015)

END.
