#
# There is insufficient memory for the Java Runtime Environment to continue.
# Native memory allocation (mmap) failed to map 22020096 bytes for Failed to commit area from 0x0000000085d00000 to 0x0000000087200000 of length 22020096.
# Possible reasons:
#   The system is out of physical RAM or swap space
#   The process is running with CompressedOops enabled, and the Java Heap may be blocking the growth of the native heap
# Possible solutions:
#   Reduce memory load on the system
#   Increase physical memory or swap space
#   Check if swap backing store is full
#   Decrease Java heap size (-Xmx/-Xms)
#   Decrease number of Java threads
#   Decrease Java thread stack sizes (-Xss)
#   Set larger code cache with -XX:ReservedCodeCacheSize=
#   JVM is running with Unscaled Compressed Oops mode in which the Java heap is
#     placed in the first 4GB address space. The Java Heap base address is the
#     maximum limit for the native heap growth. Please use -XX:HeapBaseMinAddress
#     to set the Java Heap base and to place the Java Heap above 4GB virtual address.
# This output file may be truncated or incomplete.
#
#  Out of Memory Error (./src/hotspot/os/windows/os_windows.cpp:3301), pid=4352, tid=2836
#
# JRE version: OpenJDK Runtime Environment (11.0.10) (build 11.0.10+0-b96-7249189)
# Java VM: OpenJDK 64-Bit Server VM (11.0.10+0-b96-7249189, mixed mode, tiered, compressed oops, g1 gc, windows-amd64)
# No core dump will be written. Minidumps are not enabled by default on client versions of Windows
#

---------------  S U M M A R Y ------------

Command Line: --add-opens=java.base/java.util=ALL-UNNAMED --add-opens=java.base/java.lang=ALL-UNNAMED --add-opens=java.base/java.lang.invoke=ALL-UNNAMED --add-opens=java.base/java.util=ALL-UNNAMED --add-opens=java.prefs/java.util.prefs=ALL-UNNAMED --add-opens=java.prefs/java.util.prefs=ALL-UNNAMED --add-opens=java.base/java.nio.charset=ALL-UNNAMED --add-opens=java.base/java.net=ALL-UNNAMED --add-opens=java.base/java.util.concurrent.atomic=ALL-UNNAMED -Xmx2048m -Dfile.encoding=UTF-8 -Duser.country=US -Duser.language=en -Duser.variant org.gradle.launcher.daemon.bootstrap.GradleDaemon 7.0.2

Host: Intel(R) Core(TM) i5-4210U CPU @ 1.70GHz, 4 cores, 3G,  Windows 10 , 64 bit Build 19041 (10.0.19041.1202)
Time: Wed Nov 10 14:16:14 2021 SE Asia Standard Time elapsed time: 31.799927 seconds (0d 0h 0m 31s)

---------------  T H R E A D  ---------------

Current thread (0x000001eed97c1000):  VMThread "VM Thread" [stack: 0x0000005acf500000,0x0000005acf600000] [id=2836]

Stack: [0x0000005acf500000,0x0000005acf600000]
[error occurred during error reporting (printing stack bounds), id 0xc0000005, EXCEPTION_ACCESS_VIOLATION (0xc0000005) at pc=0x000001eec2fa0f2d]

Native frames: (J=compiled Java code, j=interpreted, Vv=VM code, C=native code)
V  [jvm.dll+0x5ecfaa]
V  [jvm.dll+0x722bd5]
V  [jvm.dll+0x72412d]
V  [jvm.dll+0x724745]
V  [jvm.dll+0x7246fb]
V  [jvm.dll+0x5ec348]
V  [jvm.dll+0x5ecad8]
C  [ntdll.dll+0xa20cf]
C  [ntdll.dll+0x51454]
C  [ntdll.dll+0xa0bfe]
C  0x000001eec2fa0f2d

VM_Operation (0x0000005ad07ef1c0): G1CollectForAllocation, mode: safepoint, requested by thread 0x000001eedb263800


---------------  P R O C E S S  ---------------

Threads class SMR info:
_java_thread_list=0x000001eede25d490, length=41, elements={
0x000001eebf4ab000, 0x000001eed97c8800, 0x000001eed97ca000, 0x000001eed9821800,
0x000001eed9823000, 0x000001eed9827000, 0x000001eed982a800, 0x000001eed982d800,
0x000001eed9849800, 0x000001eeda286800, 0x000001eedb996000, 0x000001eeda366800,
0x000001eedbd1e000, 0x000001eedbc04000, 0x000001eedb551000, 0x000001eedc9fd800,
0x000001eedb263800, 0x000001eedc231000, 0x000001eedcb48800, 0x000001eedcb4a000,
0x000001eedcb47800, 0x000001eedcb47000, 0x000001eedcb49800, 0x000001eedcb45000,
0x000001eedcb44800, 0x000001eedcb4b000, 0x000001eedcb46000, 0x000001eedabdc000,
0x000001eedabdd000, 0x000001eedabd9800, 0x000001eedabda800, 0x000001eedabde000,
0x000001eedabd8000, 0x000001eedabdb800, 0x000001eedabd9000, 0x000001eedabdf800,
0x000001eedabe2800, 0x000001eedabe4800, 0x000001eedabe5000, 0x000001eedabe6000,
0x000001eedabe0000
}

Java Threads: ( => current thread )
  0x000001eebf4ab000 JavaThread "main" [_thread_blocked, id=7336, stack(0x0000005acef00000,0x0000005acf000000)]
  0x000001eed97c8800 JavaThread "Reference Handler" daemon [_thread_blocked, id=4460, stack(0x0000005acf600000,0x0000005acf700000)]
  0x000001eed97ca000 JavaThread "Finalizer" daemon [_thread_blocked, id=1204, stack(0x0000005acf700000,0x0000005acf800000)]
  0x000001eed9821800 JavaThread "Signal Dispatcher" daemon [_thread_blocked, id=2528, stack(0x0000005acf800000,0x0000005acf900000)]
  0x000001eed9823000 JavaThread "Attach Listener" daemon [_thread_blocked, id=3236, stack(0x0000005acf900000,0x0000005acfa00000)]
  0x000001eed9827000 JavaThread "Service Thread" daemon [_thread_blocked, id=5548, stack(0x0000005acfa00000,0x0000005acfb00000)]
  0x000001eed982a800 JavaThread "C2 CompilerThread0" daemon [_thread_blocked, id=3032, stack(0x0000005acfb00000,0x0000005acfc00000)]
  0x000001eed982d800 JavaThread "C1 CompilerThread0" daemon [_thread_blocked, id=11988, stack(0x0000005acfc00000,0x0000005acfd00000)]
  0x000001eed9849800 JavaThread "Sweeper thread" daemon [_thread_blocked, id=9776, stack(0x0000005acfd00000,0x0000005acfe00000)]
  0x000001eeda286800 JavaThread "Common-Cleaner" daemon [_thread_blocked, id=4568, stack(0x0000005acfe00000,0x0000005acff00000)]
  0x000001eedb996000 JavaThread "Daemon health stats" [_thread_blocked, id=6604, stack(0x0000005ad0100000,0x0000005ad0200000)]
  0x000001eeda366800 JavaThread "Incoming local TCP Connector on port 50216" [_thread_in_native, id=3304, stack(0x0000005ad0200000,0x0000005ad0300000)]
  0x000001eedbd1e000 JavaThread "Daemon periodic checks" [_thread_blocked, id=9328, stack(0x0000005ad0300000,0x0000005ad0400000)]
  0x000001eedbc04000 JavaThread "Daemon" [_thread_blocked, id=1144, stack(0x0000005ad0400000,0x0000005ad0500000)]
  0x000001eedb551000 JavaThread "Handler for socket connection from /127.0.0.1:50216 to /127.0.0.1:50217" [_thread_in_native, id=11848, stack(0x0000005ad0500000,0x0000005ad0600000)]
  0x000001eedc9fd800 JavaThread "Cancel handler" [_thread_blocked, id=3604, stack(0x0000005ad0600000,0x0000005ad0700000)]
  0x000001eedb263800 JavaThread "Daemon worker" [_thread_blocked, id=4448, stack(0x0000005ad0700000,0x0000005ad0800000)]
  0x000001eedc231000 JavaThread "Asynchronous log dispatcher for DefaultDaemonConnection: socket connection from /127.0.0.1:50216 to /127.0.0.1:50217" [_thread_blocked, id=1968, stack(0x0000005ad0800000,0x0000005ad0900000)]
  0x000001eedcb48800 JavaThread "Stdin handler" [_thread_blocked, id=3808, stack(0x0000005ad0900000,0x0000005ad0a00000)]
  0x000001eedcb4a000 JavaThread "Daemon client event forwarder" [_thread_blocked, id=11676, stack(0x0000005ad0a00000,0x0000005ad0b00000)]
  0x000001eedcb47800 JavaThread "Cache worker for file hash cache (C:\Program Files\Java\jdk-17.0.1\caches\7.0.2\fileHashes)" [_thread_blocked, id=4552, stack(0x0000005ad0d00000,0x0000005ad0e00000)]
  0x000001eedcb47000 JavaThread "File lock request listener" [_thread_in_native, id=11936, stack(0x0000005ad0e00000,0x0000005ad0f00000)]
  0x000001eedcb49800 JavaThread "Cache worker for journal cache (C:\Program Files\Java\jdk-17.0.1\caches\journal-1)" [_thread_blocked, id=10520, stack(0x0000005ad0f00000,0x0000005ad1000000)]
  0x000001eedcb45000 JavaThread "Cache worker for file hash cache (C:\Users\MinhNgan\AndroidStudioProjects\Android_hepat\.gradle\7.0.2\fileHashes)" [_thread_blocked, id=5072, stack(0x0000005ad1000000,0x0000005ad1100000)]
  0x000001eedcb44800 JavaThread "File watcher server" daemon [_thread_in_native, id=2232, stack(0x0000005ad1100000,0x0000005ad1200000)]
  0x000001eedcb4b000 JavaThread "File watcher consumer" daemon [_thread_blocked, id=3540, stack(0x0000005ad1200000,0x0000005ad1300000)]
  0x000001eedcb46000 JavaThread "jar transforms" [_thread_blocked, id=3684, stack(0x0000005ad1300000,0x0000005ad1400000)]
  0x000001eedabdc000 JavaThread "jar transforms Thread 2" [_thread_blocked, id=6172, stack(0x0000005ad1400000,0x0000005ad1500000)]
  0x000001eedabdd000 JavaThread "jar transforms Thread 3" [_thread_blocked, id=12008, stack(0x0000005ad1500000,0x0000005ad1600000)]
  0x000001eedabd9800 JavaThread "jar transforms Thread 4" [_thread_blocked, id=1012, stack(0x0000005ad1600000,0x0000005ad1700000)]
  0x000001eedabda800 JavaThread "Cache worker for checksums cache (C:\Users\MinhNgan\AndroidStudioProjects\Android_hepat\.gradle\checksums)" [_thread_blocked, id=3368, stack(0x0000005ad1700000,0x0000005ad1800000)]
  0x000001eedabde000 JavaThread "Cache worker for cache directory md-supplier (C:\Program Files\Java\jdk-17.0.1\caches\7.0.2\md-supplier)" [_thread_blocked, id=3860, stack(0x0000005ad1800000,0x0000005ad1900000)]
  0x000001eedabd8000 JavaThread "Cache worker for cache directory md-rule (C:\Program Files\Java\jdk-17.0.1\caches\7.0.2\md-rule)" [_thread_blocked, id=9956, stack(0x0000005ad1900000,0x0000005ad1a00000)]
  0x000001eedabdb800 JavaThread "Cache worker for execution history cache (C:\Program Files\Java\jdk-17.0.1\caches\7.0.2\executionHistory)" [_thread_blocked, id=8160, stack(0x0000005ad1a00000,0x0000005ad1b00000)]
  0x000001eedabd9000 JavaThread "Cache worker for file content cache (C:\Program Files\Java\jdk-17.0.1\caches\7.0.2\fileContent)" [_thread_blocked, id=4444, stack(0x0000005ad1b00000,0x0000005ad1c00000)]
  0x000001eedabdf800 JavaThread "Cache worker for dependencies-accessors (C:\Users\MinhNgan\AndroidStudioProjects\Android_hepat\.gradle\7.0.2\dependencies-accessors)" [_thread_blocked, id=7600, stack(0x0000005ad1c00000,0x0000005ad1d00000)]
  0x000001eedabe2800 JavaThread "Cache worker for Build Output Cleanup Cache (C:\Users\MinhNgan\AndroidStudioProjects\Android_hepat\.gradle\buildOutputCleanup)" [_thread_blocked, id=7700, stack(0x0000005ad1d00000,0x0000005ad1e00000)]
  0x000001eedabe4800 JavaThread "Build operations" [_thread_blocked, id=3932, stack(0x0000005ad1e00000,0x0000005ad1f00000)]
  0x000001eedabe5000 JavaThread "Build operations Thread 2" [_thread_blocked, id=8092, stack(0x0000005ad1f00000,0x0000005ad2000000)]
  0x000001eedabe6000 JavaThread "Build operations Thread 3" [_thread_blocked, id=1888, stack(0x0000005ad2000000,0x0000005ad2100000)]
  0x000001eedabe0000 JavaThread "Build operations Thread 4" [_thread_blocked, id=10628, stack(0x0000005ad2100000,0x0000005ad2200000)]

Other Threads:
=>0x000001eed97c1000 VMThread "VM Thread" [stack: 0x0000005acf500000,0x0000005acf600000] [id=2836]
  0x000001eeda2ae000 WatcherThread [stack: 0x0000005acff00000,0x0000005ad0000000] [id=6132]
  0x000001eebf4c3800 GCTaskThread "GC Thread#0" [stack: 0x0000005acf000000,0x0000005acf100000] [id=10768]
  0x000001eeda524800 GCTaskThread "GC Thread#1" [stack: 0x0000005ad0000000,0x0000005ad0100000] [id=7872]
  0x000001eedc3ca800 GCTaskThread "GC Thread#2" [stack: 0x0000005ad0b00000,0x0000005ad0c00000] [id=11212]
  0x000001eedcb4c800 GCTaskThread "GC Thread#3" [stack: 0x0000005ad0c00000,0x0000005ad0d00000] [id=3312]
  0x000001eebf4f3000 ConcurrentGCThread "G1 Main Marker" [stack: 0x0000005acf100000,0x0000005acf200000] [id=7864]
  0x000001eebf4f4800 ConcurrentGCThread "G1 Conc#0" [stack: 0x0000005acf200000,0x0000005acf300000] [id=336]
  0x000001eebf54c800 ConcurrentGCThread "G1 Refine#0" [stack: 0x0000005acf300000,0x0000005acf400000] [id=9628]
  0x000001eebf54e800 ConcurrentGCThread "G1 Young RemSet Sampling" [stack: 0x0000005acf400000,0x0000005acf500000] [id=10556]

Threads with active compile tasks:

VM state:at safepoint (normal execution)

VM Mutex/Monitor currently owned by a thread:  ([mutex/lock_event])
[0x000001eebf4a8810] Threads_lock - owner thread: 0x000001eed97c1000
[0x000001eebf4a6bf0] Heap_lock - owner thread: 0x000001eedb263800

Heap address: 0x0000000080000000, size: 2048 MB, Compressed Oops mode: 32-bit
Narrow klass base: 0x0000000000000000, Narrow klass shift: 3
Compressed class space size: 1073741824 Address: 0x0000000100000000

Heap:
 garbage-first heap   total 116736K, used 62458K [0x0000000080000000, 0x0000000100000000)
  region size 1024K, 3 young (3072K), 3 survivors (3072K)
 Metaspace       used 49759K, capacity 51130K, committed 51456K, reserved 1093632K
  class space    used 6349K, capacity 6812K, committed 6912K, reserved 1048576K
Heap Regions: E=young(eden), S=young(survivor), O=old, HS=humongous(starts), HC=humongous(continues), CS=collection set, F=free, A=archive, TAMS=top-at-mark-start (previous, next)
|   0|0x0000000080000000, 0x0000000080100000, 0x0000000080100000|100%|HS|  |TAMS 0x0000000080100000, 0x0000000080100000| Complete 
|   1|0x0000000080100000, 0x0000000080200000, 0x0000000080200000|100%|HC|  |TAMS 0x0000000080200000, 0x0000000080200000| Complete 
|   2|0x0000000080200000, 0x0000000080300000, 0x0000000080300000|100%|HC|  |TAMS 0x0000000080300000, 0x0000000080300000| Complete 
|   3|0x0000000080300000, 0x0000000080400000, 0x0000000080400000|100%| O|  |TAMS 0x0000000080400000, 0x0000000080400000| Untracked 
|   4|0x0000000080400000, 0x0000000080500000, 0x0000000080500000|100%| O|  |TAMS 0x0000000080500000, 0x0000000080500000| Untracked 
|   5|0x0000000080500000, 0x0000000080600000, 0x0000000080600000|100%| O|  |TAMS 0x0000000080600000, 0x0000000080600000| Untracked 
|   6|0x0000000080600000, 0x0000000080700000, 0x0000000080700000|100%| O|  |TAMS 0x0000000080700000, 0x0000000080700000| Untracked 
|   7|0x0000000080700000, 0x0000000080800000, 0x0000000080800000|100%| O|  |TAMS 0x0000000080800000, 0x0000000080800000| Untracked 
|   8|0x0000000080800000, 0x0000000080900000, 0x0000000080900000|100%| O|  |TAMS 0x0000000080900000, 0x0000000080900000| Untracked 
|   9|0x0000000080900000, 0x0000000080a00000, 0x0000000080a00000|100%| O|  |TAMS 0x0000000080a00000, 0x0000000080a00000| Untracked 
|  10|0x0000000080a00000, 0x0000000080b00000, 0x0000000080b00000|100%| O|  |TAMS 0x0000000080b00000, 0x0000000080b00000| Untracked 
|  11|0x0000000080b00000, 0x0000000080c00000, 0x0000000080c00000|100%| O|  |TAMS 0x0000000080c00000, 0x0000000080c00000| Untracked 
|  12|0x0000000080c00000, 0x0000000080d00000, 0x0000000080d00000|100%| O|  |TAMS 0x0000000080d00000, 0x0000000080d00000| Untracked 
|  13|0x0000000080d00000, 0x0000000080e00000, 0x0000000080e00000|100%| O|  |TAMS 0x0000000080e00000, 0x0000000080e00000| Untracked 
|  14|0x0000000080e00000, 0x0000000080f00000, 0x0000000080f00000|100%| O|  |TAMS 0x0000000080f00000, 0x0000000080f00000| Untracked 
|  15|0x0000000080f00000, 0x0000000081000000, 0x0000000081000000|100%| O|  |TAMS 0x0000000081000000, 0x0000000081000000| Untracked 
|  16|0x0000000081000000, 0x0000000081100000, 0x0000000081100000|100%|HS|  |TAMS 0x0000000081100000, 0x0000000081100000| Complete 
|  17|0x0000000081100000, 0x0000000081200000, 0x0000000081200000|100%|HC|  |TAMS 0x0000000081200000, 0x0000000081200000| Complete 
|  18|0x0000000081200000, 0x0000000081300000, 0x0000000081300000|100%|HS|  |TAMS 0x0000000081300000, 0x0000000081300000| Complete 
|  19|0x0000000081300000, 0x0000000081400000, 0x0000000081400000|100%|HC|  |TAMS 0x0000000081400000, 0x0000000081400000| Complete 
|  20|0x0000000081400000, 0x0000000081500000, 0x0000000081500000|100%|HC|  |TAMS 0x0000000081500000, 0x0000000081500000| Complete 
|  21|0x0000000081500000, 0x0000000081600000, 0x0000000081600000|100%|HS|  |TAMS 0x0000000081600000, 0x0000000081600000| Complete 
|  22|0x0000000081600000, 0x0000000081700000, 0x0000000081700000|100%|HC|  |TAMS 0x0000000081700000, 0x0000000081700000| Complete 
|  23|0x0000000081700000, 0x0000000081800000, 0x0000000081800000|100%|HC|  |TAMS 0x0000000081800000, 0x0000000081800000| Complete 
|  24|0x0000000081800000, 0x0000000081900000, 0x0000000081900000|100%|HC|  |TAMS 0x0000000081900000, 0x0000000081900000| Complete 
|  25|0x0000000081900000, 0x0000000081a00000, 0x0000000081a00000|100%|HC|  |TAMS 0x0000000081a00000, 0x0000000081a00000| Complete 
|  26|0x0000000081a00000, 0x0000000081b00000, 0x0000000081b00000|100%| O|  |TAMS 0x0000000081b00000, 0x0000000081b00000| Untracked 
|  27|0x0000000081b00000, 0x0000000081c00000, 0x0000000081c00000|100%| O|  |TAMS 0x0000000081c00000, 0x0000000081c00000| Untracked 
|  28|0x0000000081c00000, 0x0000000081d00000, 0x0000000081d00000|100%| O|  |TAMS 0x0000000081d00000, 0x0000000081d00000| Untracked 
|  29|0x0000000081d00000, 0x0000000081e00000, 0x0000000081e00000|100%| O|  |TAMS 0x0000000081e00000, 0x0000000081e00000| Untracked 
|  30|0x0000000081e00000, 0x0000000081f00000, 0x0000000081f00000|100%| O|  |TAMS 0x0000000081f00000, 0x0000000081f00000| Untracked 
|  31|0x0000000081f00000, 0x0000000082000000, 0x0000000082000000|100%| O|  |TAMS 0x0000000082000000, 0x0000000082000000| Untracked 
|  32|0x0000000082000000, 0x0000000082100000, 0x0000000082100000|100%| O|  |TAMS 0x0000000082100000, 0x0000000082100000| Untracked 
|  33|0x0000000082100000, 0x0000000082200000, 0x0000000082200000|100%| O|  |TAMS 0x0000000082200000, 0x0000000082200000| Untracked 
|  34|0x0000000082200000, 0x0000000082300000, 0x0000000082300000|100%| O|  |TAMS 0x0000000082300000, 0x0000000082300000| Untracked 
|  35|0x0000000082300000, 0x0000000082400000, 0x0000000082400000|100%|HS|  |TAMS 0x0000000082400000, 0x0000000082400000| Complete 
|  36|0x0000000082400000, 0x0000000082500000, 0x0000000082500000|100%|HC|  |TAMS 0x0000000082500000, 0x0000000082500000| Complete 
|  37|0x0000000082500000, 0x0000000082600000, 0x0000000082600000|100%|HC|  |TAMS 0x0000000082600000, 0x0000000082600000| Complete 
|  38|0x0000000082600000, 0x0000000082700000, 0x0000000082700000|100%| O|  |TAMS 0x0000000082700000, 0x0000000082700000| Untracked 
|  39|0x0000000082700000, 0x0000000082800000, 0x0000000082800000|100%| O|  |TAMS 0x0000000082800000, 0x0000000082800000| Untracked 
|  40|0x0000000082800000, 0x0000000082900000, 0x0000000082900000|100%|HS|  |TAMS 0x0000000082900000, 0x0000000082900000| Complete 
|  41|0x0000000082900000, 0x0000000082a00000, 0x0000000082a00000|100%|HC|  |TAMS 0x0000000082a00000, 0x0000000082a00000| Complete 
|  42|0x0000000082a00000, 0x0000000082b00000, 0x0000000082b00000|100%|HC|  |TAMS 0x0000000082b00000, 0x0000000082b00000| Complete 
|  43|0x0000000082b00000, 0x0000000082c00000, 0x0000000082c00000|100%|HC|  |TAMS 0x0000000082c00000, 0x0000000082c00000| Complete 
|  44|0x0000000082c00000, 0x0000000082d00000, 0x0000000082d00000|100%|HC|  |TAMS 0x0000000082d00000, 0x0000000082d00000| Complete 
|  45|0x0000000082d00000, 0x0000000082e00000, 0x0000000082e00000|100%| O|  |TAMS 0x0000000082e00000, 0x0000000082e00000| Untracked 
|  46|0x0000000082e00000, 0x0000000082f00000, 0x0000000082f00000|100%| O|  |TAMS 0x0000000082f00000, 0x0000000082f00000| Untracked 
|  47|0x0000000082f00000, 0x0000000083000000, 0x0000000083000000|100%| O|  |TAMS 0x0000000083000000, 0x0000000083000000| Untracked 
|  48|0x0000000083000000, 0x0000000083100000, 0x0000000083100000|100%| O|  |TAMS 0x0000000083100000, 0x0000000083100000| Untracked 
|  49|0x0000000083100000, 0x0000000083200000, 0x0000000083200000|100%| O|  |TAMS 0x0000000083200000, 0x0000000083200000| Untracked 
|  50|0x0000000083200000, 0x0000000083300000, 0x0000000083300000|100%| O|  |TAMS 0x0000000083300000, 0x0000000083300000| Untracked 
|  51|0x0000000083300000, 0x0000000083400000, 0x0000000083400000|100%| O|  |TAMS 0x0000000083400000, 0x0000000083400000| Untracked 
|  52|0x0000000083400000, 0x0000000083500000, 0x0000000083500000|100%| O|  |TAMS 0x0000000083500000, 0x0000000083500000| Untracked 
|  53|0x0000000083500000, 0x0000000083600000, 0x0000000083600000|100%| O|  |TAMS 0x000000008355b800, 0x0000000083600000| Untracked 
|  54|0x0000000083600000, 0x0000000083700000, 0x0000000083700000|100%|HS|  |TAMS 0x0000000083600000, 0x0000000083700000| Complete 
|  55|0x0000000083700000, 0x0000000083800000, 0x0000000083800000|100%|HS|  |TAMS 0x0000000083700000, 0x0000000083800000| Complete 
|  56|0x0000000083800000, 0x0000000083900000, 0x0000000083900000|100%| O|  |TAMS 0x0000000083800000, 0x0000000083900000| Untracked 
|  57|0x0000000083900000, 0x00000000839fea00, 0x0000000083a00000| 99%| O|  |TAMS 0x0000000083900000, 0x00000000839fea00| Untracked 
|  58|0x0000000083a00000, 0x0000000083a00000, 0x0000000083b00000|  0%| F|  |TAMS 0x0000000083a00000, 0x0000000083a00000| Untracked 
|  59|0x0000000083b00000, 0x0000000083b00000, 0x0000000083c00000|  0%| F|  |TAMS 0x0000000083b00000, 0x0000000083b00000| Untracked 
|  60|0x0000000083c00000, 0x0000000083c00000, 0x0000000083d00000|  0%| F|  |TAMS 0x0000000083c00000, 0x0000000083c00000| Untracked 
|  61|0x0000000083d00000, 0x0000000083d00000, 0x0000000083e00000|  0%| F|  |TAMS 0x0000000083d00000, 0x0000000083d00000| Untracked 
|  62|0x0000000083e00000, 0x0000000083e00000, 0x0000000083f00000|  0%| F|  |TAMS 0x0000000083e00000, 0x0000000083e00000| Untracked 
|  63|0x0000000083f00000, 0x0000000083f00000, 0x0000000084000000|  0%| F|  |TAMS 0x0000000083f00000, 0x0000000083f00000| Untracked 
|  64|0x0000000084000000, 0x0000000084000000, 0x0000000084100000|  0%| F|  |TAMS 0x0000000084000000, 0x0000000084000000| Untracked 
|  65|0x0000000084100000, 0x0000000084100000, 0x0000000084200000|  0%| F|  |TAMS 0x0000000084100000, 0x0000000084100000| Untracked 
|  66|0x0000000084200000, 0x0000000084200000, 0x0000000084300000|  0%| F|  |TAMS 0x0000000084200000, 0x0000000084200000| Untracked 
|  67|0x0000000084300000, 0x0000000084300000, 0x0000000084400000|  0%| F|  |TAMS 0x0000000084300000, 0x0000000084300000| Untracked 
|  68|0x0000000084400000, 0x0000000084400000, 0x0000000084500000|  0%| F|  |TAMS 0x0000000084400000, 0x0000000084400000| Untracked 
|  69|0x0000000084500000, 0x0000000084500000, 0x0000000084600000|  0%| F|  |TAMS 0x0000000084500000, 0x0000000084500000| Untracked 
|  70|0x0000000084600000, 0x0000000084600000, 0x0000000084700000|  0%| F|  |TAMS 0x0000000084600000, 0x0000000084600000| Untracked 
|  71|0x0000000084700000, 0x0000000084700000, 0x0000000084800000|  0%| F|  |TAMS 0x0000000084700000, 0x0000000084700000| Untracked 
|  72|0x0000000084800000, 0x0000000084800000, 0x0000000084900000|  0%| F|  |TAMS 0x0000000084800000, 0x0000000084800000| Untracked 
|  73|0x0000000084900000, 0x0000000084900000, 0x0000000084a00000|  0%| F|  |TAMS 0x0000000084900000, 0x0000000084900000| Untracked 
|  74|0x0000000084a00000, 0x0000000084a00000, 0x0000000084b00000|  0%| F|  |TAMS 0x0000000084a00000, 0x0000000084a00000| Untracked 
|  75|0x0000000084b00000, 0x0000000084b00000, 0x0000000084c00000|  0%| F|  |TAMS 0x0000000084b00000, 0x0000000084b00000| Untracked 
|  76|0x0000000084c00000, 0x0000000084c00000, 0x0000000084d00000|  0%| F|  |TAMS 0x0000000084c00000, 0x0000000084c00000| Untracked 
|  77|0x0000000084d00000, 0x0000000084d00000, 0x0000000084e00000|  0%| F|  |TAMS 0x0000000084d00000, 0x0000000084d00000| Untracked 
|  78|0x0000000084e00000, 0x0000000084e00000, 0x0000000084f00000|  0%| F|  |TAMS 0x0000000084e00000, 0x0000000084e00000| Untracked 
|  79|0x0000000084f00000, 0x0000000084f00000, 0x0000000085000000|  0%| F|  |TAMS 0x0000000084f00000, 0x0000000084f00000| Untracked 
|  80|0x0000000085000000, 0x0000000085000000, 0x0000000085100000|  0%| F|  |TAMS 0x0000000085000000, 0x0000000085000000| Untracked 
|  81|0x0000000085100000, 0x0000000085100000, 0x0000000085200000|  0%| F|  |TAMS 0x0000000085100000, 0x0000000085100000| Untracked 
|  82|0x0000000085200000, 0x0000000085200000, 0x0000000085300000|  0%| F|  |TAMS 0x0000000085200000, 0x0000000085200000| Untracked 
|  83|0x0000000085300000, 0x0000000085300000, 0x0000000085400000|  0%| F|  |TAMS 0x0000000085300000, 0x0000000085300000| Untracked 
|  84|0x0000000085400000, 0x0000000085500000, 0x0000000085500000|100%| S|CS|TAMS 0x0000000085400000, 0x0000000085400000| Complete 
|  85|0x0000000085500000, 0x0000000085600000, 0x0000000085600000|100%| S|CS|TAMS 0x0000000085500000, 0x0000000085500000| Complete 
|  86|0x0000000085600000, 0x0000000085700000, 0x0000000085700000|100%| S|CS|TAMS 0x0000000085600000, 0x0000000085600000| Complete 
|  87|0x0000000085700000, 0x0000000085700000, 0x0000000085800000|  0%| F|  |TAMS 0x0000000085700000, 0x0000000085700000| Untracked 
|  88|0x0000000085800000, 0x0000000085800000, 0x0000000085900000|  0%| F|  |TAMS 0x0000000085800000, 0x0000000085800000| Untracked 
|  89|0x0000000085900000, 0x0000000085900000, 0x0000000085a00000|  0%| F|  |TAMS 0x0000000085900000, 0x0000000085900000| Untracked 
|  90|0x0000000085a00000, 0x0000000085a00000, 0x0000000085b00000|  0%| F|  |TAMS 0x0000000085a00000, 0x0000000085a00000| Untracked 
|  91|0x0000000085b00000, 0x0000000085b00000, 0x0000000085c00000|  0%| F|  |TAMS 0x0000000085b00000, 0x0000000085b00000| Untracked 
|  92|0x0000000085c00000, 0x0000000085c00000, 0x0000000085d00000|  0%| F|  |TAMS 0x0000000085c00000, 0x0000000085c00000| Untracked 

Card table byte_map: [0x000001eed29c0000,0x000001eed2dc0000] _byte_map_base: 0x000001eed25c0000

Marking Bits (Prev, Next): (CMBitMap*) 0x000001eebf4ea3c8, (CMBitMap*) 0x000001eebf4ea400
 Prev Bits: [0x000001eed31c0000, 0x000001eed51c0000)
 Next Bits: [0x000001eed51c0000, 0x000001eed71c0000)

Polling page: 0x000001eebdc90000

Metaspace:

Usage:
  Non-class:     43.28 MB capacity,    42.39 MB ( 98%) used,   777.95 KB (  2%) free+waste,   131.00 KB ( <1%) overhead. 
      Class:      6.65 MB capacity,     6.20 MB ( 93%) used,   399.52 KB (  6%) free+waste,    62.50 KB ( <1%) overhead. 
       Both:     49.93 MB capacity,    48.59 MB ( 97%) used,     1.15 MB (  2%) free+waste,   193.50 KB ( <1%) overhead. 

Virtual space:
  Non-class space:       44.00 MB reserved,      43.50 MB ( 99%) committed 
      Class space:        1.00 GB reserved,       6.75 MB ( <1%) committed 
             Both:        1.04 GB reserved,      50.25 MB (  5%) committed 

Chunk freelists:
   Non-Class:  34.00 KB
       Class:  4.00 KB
        Both:  38.00 KB

MaxMetaspaceSize: 17179869184.00 GB
CompressedClassSpaceSize: 1.00 GB

CodeHeap 'non-profiled nmethods': size=120064Kb used=2708Kb max_used=2708Kb free=117355Kb
 bounds [0x000001eecaa60000, 0x000001eecad10000, 0x000001eed1fa0000]
CodeHeap 'profiled nmethods': size=120000Kb used=11640Kb max_used=11640Kb free=108359Kb
 bounds [0x000001eec3530000, 0x000001eec4090000, 0x000001eecaa60000]
CodeHeap 'non-nmethods': size=5696Kb used=2222Kb max_used=2257Kb free=3473Kb
 bounds [0x000001eec2fa0000, 0x000001eec3210000, 0x000001eec3530000]
 total_blobs=6314 nmethods=5517 adapters=708
 compilation: enabled
              stopped_count=0, restarted_count=0
 full_count=0

Compilation events (20 events):
Event: 31.596 Thread 0x000001eed982d800 nmethod 5547 0x000001eec4089f90 code [0x000001eec408a140, 0x000001eec408a2f8]
Event: 31.596 Thread 0x000001eed982d800 5548       3       jdk.internal.loader.URLClassPath$JarLoader$1::run (5 bytes)
Event: 31.596 Thread 0x000001eed982d800 nmethod 5548 0x000001eec408a390 code [0x000001eec408a540, 0x000001eec408a688]
Event: 31.596 Thread 0x000001eed982d800 5550       3       jdk.internal.loader.URLClassPath$JarLoader::getJarFile (102 bytes)
Event: 31.597 Thread 0x000001eed982d800 nmethod 5550 0x000001eec408a710 code [0x000001eec408aa20, 0x000001eec408b808]
Event: 31.627 Thread 0x000001eed982a800 nmethod 5538 0x000001eecacff590 code [0x000001eecacff860, 0x000001eecad02080]
Event: 31.627 Thread 0x000001eed982a800 5551       4       java.lang.String::valueOf (14 bytes)
Event: 31.628 Thread 0x000001eed982a800 nmethod 5551 0x000001eecad03590 code [0x000001eecad03720, 0x000001eecad03798]
Event: 31.628 Thread 0x000001eed982a800 5535       4       java.util.HashSet::contains (9 bytes)
Event: 31.644 Thread 0x000001eed982a800 nmethod 5535 0x000001eecad03890 code [0x000001eecad03a60, 0x000001eecad03f18]
Event: 31.647 Thread 0x000001eed982d800 5552   !   3       java.util.jar.JarFile::checkForSpecialAttributes (163 bytes)
Event: 31.649 Thread 0x000001eed982d800 nmethod 5552 0x000001eec408bd10 code [0x000001eec408c040, 0x000001eec408d2d8]
Event: 31.657 Thread 0x000001eed982d800 5553       3       java.util.jar.JavaUtilJarAccessImpl::jarFileHasClassPathAttribute (5 bytes)
Event: 31.657 Thread 0x000001eed982d800 nmethod 5553 0x000001eec408da90 code [0x000001eec408dc60, 0x000001eec408de88]
Event: 31.657 Thread 0x000001eed982d800 5554       3       java.util.jar.JarFile::hasClassPathAttribute (9 bytes)
Event: 31.657 Thread 0x000001eed982d800 nmethod 5554 0x000001eec408df90 code [0x000001eec408e140, 0x000001eec408e288]
Event: 31.675 Thread 0x000001eed982a800 5555 %     4       java.util.jar.JarFile::match @ 14 (132 bytes)
Event: 31.688 Thread 0x000001eed982a800 nmethod 5555% 0x000001eecad04290 code [0x000001eecad04440, 0x000001eecad04818]
Event: 31.745 Thread 0x000001eed982a800 5556       4       java.util.jar.JarFile::match (132 bytes)
Event: 31.761 Thread 0x000001eed982a800 nmethod 5556 0x000001eecad04b10 code [0x000001eecad04cc0, 0x000001eecad04fd8]

GC Heap History (20 events):
Event: 24.859 GC heap after
{Heap after GC invocations=31 (full 0):
 garbage-first heap   total 65536K, used 51243K [0x0000000080000000, 0x0000000100000000)
  region size 1024K, 1 young (1024K), 1 survivors (1024K)
 Metaspace       used 44482K, capacity 45794K, committed 46080K, reserved 1089536K
  class space    used 5596K, capacity 6048K, committed 6144K, reserved 1048576K
}
Event: 24.982 GC heap before
{Heap before GC invocations=31 (full 0):
 garbage-first heap   total 65536K, used 55339K [0x0000000080000000, 0x0000000100000000)
  region size 1024K, 5 young (5120K), 1 survivors (1024K)
 Metaspace       used 44550K, capacity 45809K, committed 46080K, reserved 1089536K
  class space    used 5604K, capacity 6052K, committed 6144K, reserved 1048576K
}
Event: 24.993 GC heap after
{Heap after GC invocations=32 (full 0):
 garbage-first heap   total 65536K, used 51675K [0x0000000080000000, 0x0000000100000000)
  region size 1024K, 1 young (1024K), 1 survivors (1024K)
 Metaspace       used 44550K, capacity 45809K, committed 46080K, reserved 1089536K
  class space    used 5604K, capacity 6052K, committed 6144K, reserved 1048576K
}
Event: 25.027 GC heap before
{Heap before GC invocations=32 (full 0):
 garbage-first heap   total 65536K, used 55771K [0x0000000080000000, 0x0000000100000000)
  region size 1024K, 5 young (5120K), 1 survivors (1024K)
 Metaspace       used 44551K, capacity 45809K, committed 46080K, reserved 1089536K
  class space    used 5604K, capacity 6052K, committed 6144K, reserved 1048576K
}
Event: 25.033 GC heap after
{Heap after GC invocations=33 (full 0):
 garbage-first heap   total 78848K, used 51981K [0x0000000080000000, 0x0000000100000000)
  region size 1024K, 1 young (1024K), 1 survivors (1024K)
 Metaspace       used 44551K, capacity 45809K, committed 46080K, reserved 1089536K
  class space    used 5604K, capacity 6052K, committed 6144K, reserved 1048576K
}
Event: 25.525 GC heap before
{Heap before GC invocations=34 (full 0):
 garbage-first heap   total 78848K, used 61197K [0x0000000080000000, 0x0000000100000000)
  region size 1024K, 10 young (10240K), 1 survivors (1024K)
 Metaspace       used 45033K, capacity 46277K, committed 46336K, reserved 1089536K
  class space    used 5683K, capacity 6123K, committed 6144K, reserved 1048576K
}
Event: 25.533 GC heap after
{Heap after GC invocations=35 (full 0):
 garbage-first heap   total 78848K, used 52457K [0x0000000080000000, 0x0000000100000000)
  region size 1024K, 2 young (2048K), 2 survivors (2048K)
 Metaspace       used 45033K, capacity 46277K, committed 46336K, reserved 1089536K
  class space    used 5683K, capacity 6123K, committed 6144K, reserved 1048576K
}
Event: 25.960 GC heap before
{Heap before GC invocations=35 (full 0):
 garbage-first heap   total 78848K, used 61673K [0x0000000080000000, 0x0000000100000000)
  region size 1024K, 11 young (11264K), 2 survivors (2048K)
 Metaspace       used 45728K, capacity 46989K, committed 47232K, reserved 1089536K
  class space    used 5800K, capacity 6232K, committed 6272K, reserved 1048576K
}
Event: 25.968 GC heap after
{Heap after GC invocations=36 (full 0):
 garbage-first heap   total 78848K, used 53275K [0x0000000080000000, 0x0000000100000000)
  region size 1024K, 2 young (2048K), 2 survivors (2048K)
 Metaspace       used 45728K, capacity 46989K, committed 47232K, reserved 1089536K
  class space    used 5800K, capacity 6232K, committed 6272K, reserved 1048576K
}
Event: 26.313 GC heap before
{Heap before GC invocations=37 (full 0):
 garbage-first heap   total 78848K, used 61467K [0x0000000080000000, 0x0000000100000000)
  region size 1024K, 11 young (11264K), 2 survivors (2048K)
 Metaspace       used 46279K, capacity 47469K, committed 47616K, reserved 1091584K
  class space    used 5882K, capacity 6328K, committed 6400K, reserved 1048576K
}
Event: 26.318 GC heap after
{Heap after GC invocations=38 (full 0):
 garbage-first heap   total 78848K, used 53732K [0x0000000080000000, 0x0000000100000000)
  region size 1024K, 2 young (2048K), 2 survivors (2048K)
 Metaspace       used 46279K, capacity 47469K, committed 47616K, reserved 1091584K
  class space    used 5882K, capacity 6328K, committed 6400K, reserved 1048576K
}
Event: 26.669 GC heap before
{Heap before GC invocations=38 (full 0):
 garbage-first heap   total 78848K, used 62948K [0x0000000080000000, 0x0000000100000000)
  region size 1024K, 11 young (11264K), 2 survivors (2048K)
 Metaspace       used 46733K, capacity 48008K, committed 48256K, reserved 1091584K
  class space    used 5960K, capacity 6403K, committed 6528K, reserved 1048576K
}
Event: 26.676 GC heap after
{Heap after GC invocations=39 (full 0):
 garbage-first heap   total 95232K, used 54124K [0x0000000080000000, 0x0000000100000000)
  region size 1024K, 1 young (1024K), 1 survivors (1024K)
 Metaspace       used 46733K, capacity 48008K, committed 48256K, reserved 1091584K
  class space    used 5960K, capacity 6403K, committed 6528K, reserved 1048576K
}
Event: 27.445 GC heap before
{Heap before GC invocations=40 (full 0):
 garbage-first heap   total 95232K, used 71532K [0x0000000080000000, 0x0000000100000000)
  region size 1024K, 18 young (18432K), 1 survivors (1024K)
 Metaspace       used 47937K, capacity 49385K, committed 49664K, reserved 1091584K
  class space    used 6170K, capacity 6627K, committed 6656K, reserved 1048576K
}
Event: 27.453 GC heap after
{Heap after GC invocations=41 (full 0):
 garbage-first heap   total 95232K, used 54695K [0x0000000080000000, 0x0000000100000000)
  region size 1024K, 2 young (2048K), 2 survivors (2048K)
 Metaspace       used 47937K, capacity 49385K, committed 49664K, reserved 1091584K
  class space    used 6170K, capacity 6627K, committed 6656K, reserved 1048576K
}
Event: 28.690 GC heap before
{Heap before GC invocations=41 (full 0):
 garbage-first heap   total 95232K, used 72103K [0x0000000080000000, 0x0000000100000000)
  region size 1024K, 19 young (19456K), 2 survivors (2048K)
 Metaspace       used 49063K, capacity 50481K, committed 50560K, reserved 1093632K
  class space    used 6289K, capacity 6753K, committed 6784K, reserved 1048576K
}
Event: 28.708 GC heap after
{Heap after GC invocations=42 (full 0):
 garbage-first heap   total 95232K, used 56164K [0x0000000080000000, 0x0000000100000000)
  region size 1024K, 3 young (3072K), 3 survivors (3072K)
 Metaspace       used 49063K, capacity 50481K, committed 50560K, reserved 1093632K
  class space    used 6289K, capacity 6753K, committed 6784K, reserved 1048576K
}
Event: 31.271 GC heap before
{Heap before GC invocations=43 (full 0):
 garbage-first heap   total 95232K, used 71524K [0x0000000080000000, 0x0000000100000000)
  region size 1024K, 20 young (20480K), 3 survivors (3072K)
 Metaspace       used 49750K, capacity 51130K, committed 51456K, reserved 1093632K
  class space    used 6349K, capacity 6812K, committed 6912K, reserved 1048576K
}
Event: 31.284 GC heap after
{Heap after GC invocations=44 (full 0):
 garbage-first heap   total 95232K, used 56375K [0x0000000080000000, 0x0000000100000000)
  region size 1024K, 2 young (2048K), 2 survivors (2048K)
 Metaspace       used 49750K, capacity 51130K, committed 51456K, reserved 1093632K
  class space    used 6349K, capacity 6812K, committed 6912K, reserved 1048576K
}
Event: 31.772 GC heap before
{Heap before GC invocations=45 (full 0):
 garbage-first heap   total 95232K, used 62519K [0x0000000080000000, 0x0000000100000000)
  region size 1024K, 8 young (8192K), 2 survivors (2048K)
 Metaspace       used 49759K, capacity 51130K, committed 51456K, reserved 1093632K
  class space    used 6349K, capacity 6812K, committed 6912K, reserved 1048576K
}

Deoptimization events (20 events):
Event: 30.307 Thread 0x000001eedb263800 Uncommon trap: trap_request=0xffffff4d fr.pc=0x000001eecac8c224 relative=0x0000000000000264
Event: 30.307 Thread 0x000001eedb263800 Uncommon trap: reason=unstable_if action=reinterpret pc=0x000001eecac8c224 method=org.gradle.internal.snapshot.PathUtil.equalChars(CCLorg/gradle/internal/snapshot/CaseSensitivity;)Z @ 40 c2
Event: 30.307 Thread 0x000001eedb263800 DEOPT PACKING pc=0x000001eecac8c224 sp=0x0000005ad07f9100
Event: 30.307 Thread 0x000001eedb263800 DEOPT UNPACKING pc=0x000001eec2fc78af sp=0x0000005ad07f9090 mode 2
Event: 30.596 Thread 0x000001eedb263800 DEOPT PACKING pc=0x000001eec3bbda4c sp=0x0000005ad07f9b70
Event: 30.641 Thread 0x000001eedb263800 DEOPT UNPACKING pc=0x000001eec2fc76ce sp=0x0000005ad07f9110 mode 0
Event: 30.832 Thread 0x000001eedcb47800 DEOPT PACKING pc=0x000001eec388c0fa sp=0x0000005ad0dfe450
Event: 30.832 Thread 0x000001eedcb47800 DEOPT UNPACKING pc=0x000001eec2fc76ce sp=0x0000005ad0dfd888 mode 0
Event: 31.122 Thread 0x000001eedb263800 DEOPT PACKING pc=0x000001eec3b1f6b4 sp=0x0000005ad07f9830
Event: 31.122 Thread 0x000001eedb263800 DEOPT UNPACKING pc=0x000001eec2fc76ce sp=0x0000005ad07f8d80 mode 0
Event: 31.130 Thread 0x000001eedb263800 DEOPT PACKING pc=0x000001eec406f0f1 sp=0x0000005ad07f97f0
Event: 31.130 Thread 0x000001eedb263800 DEOPT UNPACKING pc=0x000001eec2fc76ce sp=0x0000005ad07f8ce8 mode 0
Event: 31.142 Thread 0x000001eedb263800 DEOPT PACKING pc=0x000001eec3b1f6b4 sp=0x0000005ad07f9830
Event: 31.142 Thread 0x000001eedb263800 DEOPT UNPACKING pc=0x000001eec2fc76ce sp=0x0000005ad07f8d80 mode 0
Event: 31.510 Thread 0x000001eedb263800 Uncommon trap: trap_request=0xffffff4d fr.pc=0x000001eecaac6754 relative=0x00000000000011f4
Event: 31.510 Thread 0x000001eedb263800 Uncommon trap: reason=unstable_if action=reinterpret pc=0x000001eecaac6754 method=java.util.jar.JarFile.checkForSpecialAttributes()V @ 53 c2
Event: 31.510 Thread 0x000001eedb263800 DEOPT PACKING pc=0x000001eecaac6754 sp=0x0000005ad07f02c0
Event: 31.510 Thread 0x000001eedb263800 DEOPT UNPACKING pc=0x000001eec2fc78af sp=0x0000005ad07f0280 mode 2
Event: 31.747 Thread 0x000001eedb263800 DEOPT PACKING pc=0x000001eec35fe4ae sp=0x0000005ad07f01a0
Event: 31.747 Thread 0x000001eedb263800 DEOPT UNPACKING pc=0x000001eec2fc76ce sp=0x0000005ad07ef610 mode 0

Classes redefined (0 events):
No events

Internal exceptions (20 events):
Event: 31.518 Thread 0x000001eedb263800 Exception <a 'java/security/PrivilegedActionException'{0x0000000085b397b8}> (0x0000000085b397b8) thrown at [./src/hotspot/share/prims/jvm.cpp, line 1306]
Event: 31.518 Thread 0x000001eedb263800 Exception <a 'java/security/PrivilegedActionException'{0x0000000085b3aa78}> (0x0000000085b3aa78) thrown at [./src/hotspot/share/prims/jvm.cpp, line 1306]
Event: 31.518 Thread 0x000001eedb263800 Exception <a 'java/security/PrivilegedActionException'{0x0000000085b3dd10}> (0x0000000085b3dd10) thrown at [./src/hotspot/share/prims/jvm.cpp, line 1306]
Event: 31.518 Thread 0x000001eedb263800 Exception <a 'java/security/PrivilegedActionException'{0x0000000085b3efd0}> (0x0000000085b3efd0) thrown at [./src/hotspot/share/prims/jvm.cpp, line 1306]
Event: 31.519 Thread 0x000001eedb263800 Exception <a 'java/security/PrivilegedActionException'{0x0000000085b422c0}> (0x0000000085b422c0) thrown at [./src/hotspot/share/prims/jvm.cpp, line 1306]
Event: 31.519 Thread 0x000001eedb263800 Exception <a 'java/security/PrivilegedActionException'{0x0000000085b43580}> (0x0000000085b43580) thrown at [./src/hotspot/share/prims/jvm.cpp, line 1306]
Event: 31.519 Thread 0x000001eedb263800 Exception <a 'java/security/PrivilegedActionException'{0x0000000085b46798}> (0x0000000085b46798) thrown at [./src/hotspot/share/prims/jvm.cpp, line 1306]
Event: 31.519 Thread 0x000001eedb263800 Exception <a 'java/security/PrivilegedActionException'{0x0000000085b47a58}> (0x0000000085b47a58) thrown at [./src/hotspot/share/prims/jvm.cpp, line 1306]
Event: 31.592 Thread 0x000001eedb263800 Exception <a 'java/security/PrivilegedActionException'{0x0000000085a163a0}> (0x0000000085a163a0) thrown at [./src/hotspot/share/prims/jvm.cpp, line 1306]
Event: 31.592 Thread 0x000001eedb263800 Exception <a 'java/security/PrivilegedActionException'{0x0000000085a17660}> (0x0000000085a17660) thrown at [./src/hotspot/share/prims/jvm.cpp, line 1306]
Event: 31.592 Thread 0x000001eedb263800 Exception <a 'java/security/PrivilegedActionException'{0x0000000085a1a878}> (0x0000000085a1a878) thrown at [./src/hotspot/share/prims/jvm.cpp, line 1306]
Event: 31.592 Thread 0x000001eedb263800 Exception <a 'java/security/PrivilegedActionException'{0x0000000085a1bb38}> (0x0000000085a1bb38) thrown at [./src/hotspot/share/prims/jvm.cpp, line 1306]
Event: 31.593 Thread 0x000001eedb263800 Exception <a 'java/security/PrivilegedActionException'{0x0000000085a1ee80}> (0x0000000085a1ee80) thrown at [./src/hotspot/share/prims/jvm.cpp, line 1306]
Event: 31.593 Thread 0x000001eedb263800 Exception <a 'java/security/PrivilegedActionException'{0x0000000085a20140}> (0x0000000085a20140) thrown at [./src/hotspot/share/prims/jvm.cpp, line 1306]
Event: 31.594 Thread 0x000001eedb263800 Exception <a 'java/security/PrivilegedActionException'{0x0000000085a233a8}> (0x0000000085a233a8) thrown at [./src/hotspot/share/prims/jvm.cpp, line 1306]
Event: 31.594 Thread 0x000001eedb263800 Exception <a 'java/security/PrivilegedActionException'{0x0000000085a24668}> (0x0000000085a24668) thrown at [./src/hotspot/share/prims/jvm.cpp, line 1306]
Event: 31.594 Thread 0x000001eedb263800 Exception <a 'java/security/PrivilegedActionException'{0x0000000085a27900}> (0x0000000085a27900) thrown at [./src/hotspot/share/prims/jvm.cpp, line 1306]
Event: 31.594 Thread 0x000001eedb263800 Exception <a 'java/security/PrivilegedActionException'{0x0000000085a28bc0}> (0x0000000085a28bc0) thrown at [./src/hotspot/share/prims/jvm.cpp, line 1306]
Event: 31.595 Thread 0x000001eedb263800 Exception <a 'java/security/PrivilegedActionException'{0x0000000085a2bf08}> (0x0000000085a2bf08) thrown at [./src/hotspot/share/prims/jvm.cpp, line 1306]
Event: 31.595 Thread 0x000001eedb263800 Exception <a 'java/security/PrivilegedActionException'{0x0000000085a2d1c8}> (0x0000000085a2d1c8) thrown at [./src/hotspot/share/prims/jvm.cpp, line 1306]

Events (20 events):
Event: 31.257 loading class org/gradle/api/internal/tasks/DefaultTaskLocalState done
Event: 31.259 loading class org/gradle/api/internal/project/taskfactory/DefaultTaskClassInfoStore$StandardTaskActionFactory
Event: 31.259 loading class org/gradle/api/internal/project/taskfactory/DefaultTaskClassInfoStore$StandardTaskActionFactory done
Event: 31.260 loading class org/gradle/api/internal/project/taskfactory/StandardTaskAction
Event: 31.260 loading class org/gradle/api/internal/project/taskfactory/StandardTaskAction done
Event: 31.261 loading class groovy/runtime/metaclass/org/gradle/api/tasks/Delete_DecoratedMetaClass
Event: 31.261 loading class groovy/runtime/metaclass/org/gradle/api/tasks/Delete_DecoratedMetaClass done
Event: 31.266 loading class org/gradle/api/tasks/Delete_DecoratedBeanInfo
Event: 31.266 loading class org/gradle/api/tasks/Delete_DecoratedBeanInfo done
Event: 31.267 loading class org/gradle/api/tasks/Delete_DecoratedBeanInfo
Event: 31.267 loading class org/gradle/api/tasks/Delete_DecoratedBeanInfo done
Event: 31.267 loading class org/gradle/api/tasks/Delete_DecoratedBeanInfo
Event: 31.267 loading class org/gradle/api/tasks/Delete_DecoratedBeanInfo done
Event: 31.270 Executing VM operation: G1CollectForAllocation
Event: 31.285 Executing VM operation: G1CollectForAllocation done
Event: 31.427 Executing VM operation: CGC_Operation
Event: 31.436 Executing VM operation: CGC_Operation done
Event: 31.506 Executing VM operation: CGC_Operation
Event: 31.507 Executing VM operation: CGC_Operation done
Event: 31.771 Executing VM operation: G1CollectForAllocation


Dynamic libraries:
0x00007ff634740000 - 0x00007ff63474a000 	C:\Program Files\Android\Android Studio\jre\bin\java.exe
0x00007ffd0dd70000 - 0x00007ffd0df65000 	C:\WINDOWS\SYSTEM32\ntdll.dll
0x00007ffd0daf0000 - 0x00007ffd0dbae000 	C:\WINDOWS\System32\KERNEL32.DLL
0x00007ffd0b8c0000 - 0x00007ffd0bb89000 	C:\WINDOWS\System32\KERNELBASE.dll
0x00007ffd0b730000 - 0x00007ffd0b830000 	C:\WINDOWS\System32\ucrtbase.dll
0x00007ffce0a60000 - 0x00007ffce0a77000 	C:\Program Files\Android\Android Studio\jre\bin\VCRUNTIME140.dll
0x00007ffcf71d0000 - 0x00007ffcf71e9000 	C:\Program Files\Android\Android Studio\jre\bin\jli.dll
0x00007ffd0bdc0000 - 0x00007ffd0bf61000 	C:\WINDOWS\System32\USER32.dll
0x00007ffd0b490000 - 0x00007ffd0b4b2000 	C:\WINDOWS\System32\win32u.dll
0x00007ffd0bf70000 - 0x00007ffd0bf9b000 	C:\WINDOWS\System32\GDI32.dll
0x00007ffd0b4c0000 - 0x00007ffd0b5cb000 	C:\WINDOWS\System32\gdi32full.dll
0x00007ffd0bc40000 - 0x00007ffd0bcdd000 	C:\WINDOWS\System32\msvcp_win.dll
0x00007ffcfb110000 - 0x00007ffcfb3aa000 	C:\WINDOWS\WinSxS\amd64_microsoft.windows.common-controls_6595b64144ccf1df_6.0.19041.1110_none_60b5254171f9507e\COMCTL32.dll
0x00007ffd0d590000 - 0x00007ffd0d62e000 	C:\WINDOWS\System32\msvcrt.dll
0x00007ffd0c0d0000 - 0x00007ffd0c100000 	C:\WINDOWS\System32\IMM32.DLL
0x00007ffcdf440000 - 0x00007ffcdf4dd000 	C:\Program Files\Android\Android Studio\jre\bin\msvcp140.dll
0x00007ffcabed0000 - 0x00007ffcac99f000 	C:\Program Files\Android\Android Studio\jre\bin\server\jvm.dll
0x00007ffd0d3f0000 - 0x00007ffd0d49c000 	C:\WINDOWS\System32\ADVAPI32.dll
0x00007ffd0c840000 - 0x00007ffd0c8db000 	C:\WINDOWS\System32\sechost.dll
0x00007ffd0bfa0000 - 0x00007ffd0c0ca000 	C:\WINDOWS\System32\RPCRT4.dll
0x00007ffd0cd60000 - 0x00007ffd0cd68000 	C:\WINDOWS\System32\PSAPI.DLL
0x00007ffd07020000 - 0x00007ffd07029000 	C:\WINDOWS\SYSTEM32\WSOCK32.dll
0x00007ffd0d520000 - 0x00007ffd0d58b000 	C:\WINDOWS\System32\WS2_32.dll
0x00007ffd010a0000 - 0x00007ffd010aa000 	C:\WINDOWS\SYSTEM32\VERSION.dll
0x00007ffcff020000 - 0x00007ffcff047000 	C:\WINDOWS\SYSTEM32\WINMM.dll
0x00007ffd09390000 - 0x00007ffd093a2000 	C:\WINDOWS\SYSTEM32\kernel.appcore.dll
0x00007ffd07000000 - 0x00007ffd07011000 	C:\Program Files\Android\Android Studio\jre\bin\verify.dll
0x00007ffcf6f30000 - 0x00007ffcf7114000 	C:\WINDOWS\SYSTEM32\DBGHELP.DLL
0x00007ffcf6ef0000 - 0x00007ffcf6f1c000 	C:\WINDOWS\SYSTEM32\dbgcore.DLL
0x00007ffd0bd30000 - 0x00007ffd0bdb3000 	C:\WINDOWS\System32\bcryptPrimitives.dll
0x00007ffd06fd0000 - 0x00007ffd06ff9000 	C:\Program Files\Android\Android Studio\jre\bin\java.dll
0x00007ffd06fc0000 - 0x00007ffd06fcb000 	C:\Program Files\Android\Android Studio\jre\bin\jimage.dll
0x00007ffd06fa0000 - 0x00007ffd06fb8000 	C:\Program Files\Android\Android Studio\jre\bin\zip.dll
0x00007ffd0c100000 - 0x00007ffd0c83f000 	C:\WINDOWS\System32\SHELL32.dll
0x00007ffd09590000 - 0x00007ffd09d20000 	C:\WINDOWS\SYSTEM32\windows.storage.dll
0x00007ffd0d790000 - 0x00007ffd0dae5000 	C:\WINDOWS\System32\combase.dll
0x00007ffd0aee0000 - 0x00007ffd0af0c000 	C:\WINDOWS\SYSTEM32\Wldp.dll
0x00007ffd0ced0000 - 0x00007ffd0cf7d000 	C:\WINDOWS\System32\SHCORE.dll
0x00007ffd0d730000 - 0x00007ffd0d785000 	C:\WINDOWS\System32\shlwapi.dll
0x00007ffd0b3d0000 - 0x00007ffd0b3ef000 	C:\WINDOWS\SYSTEM32\profapi.dll
0x00007ffd06f80000 - 0x00007ffd06f9a000 	C:\Program Files\Android\Android Studio\jre\bin\net.dll
0x00007ffcfe6d0000 - 0x00007ffcfe7d8000 	C:\WINDOWS\SYSTEM32\WINHTTP.dll
0x00007ffd0ac40000 - 0x00007ffd0acaa000 	C:\WINDOWS\system32\mswsock.dll
0x00007ffd06f60000 - 0x00007ffd06f74000 	C:\Program Files\Android\Android Studio\jre\bin\nio.dll
0x00007ffce0e40000 - 0x00007ffce0e67000 	C:\Program Files\Java\jdk-17.0.1\native\8bec1ad78214c89d9ad589b4d07fe93259594b29d510b10fafb7a158f7737e5d\windows-amd64\native-platform.dll
0x00007ffcdffb0000 - 0x00007ffce00ed000 	C:\Program Files\Java\jdk-17.0.1\native\53dbd7edfb1c66fb8903c78663c9afc45aea4f116125fa6feffd364cf09443e8\windows-amd64\native-platform-file-events.dll
0x00007ffd06ee0000 - 0x00007ffd06eea000 	C:\Program Files\Android\Android Studio\jre\bin\management.dll
0x00007ffd06290000 - 0x00007ffd0629c000 	C:\Program Files\Android\Android Studio\jre\bin\management_ext.dll
0x00007ffd0ae30000 - 0x00007ffd0ae48000 	C:\WINDOWS\SYSTEM32\CRYPTSP.dll
0x00007ffd0a550000 - 0x00007ffd0a584000 	C:\WINDOWS\system32\rsaenh.dll
0x00007ffd0b890000 - 0x00007ffd0b8b7000 	C:\WINDOWS\System32\bcrypt.dll
0x00007ffd0b390000 - 0x00007ffd0b3be000 	C:\WINDOWS\SYSTEM32\USERENV.dll
0x00007ffd0ae50000 - 0x00007ffd0ae5c000 	C:\WINDOWS\SYSTEM32\CRYPTBASE.dll
0x00007ffd0a8e0000 - 0x00007ffd0a91b000 	C:\WINDOWS\SYSTEM32\IPHLPAPI.DLL
0x00007ffd0d6c0000 - 0x00007ffd0d6c8000 	C:\WINDOWS\System32\NSI.dll
0x00007ffd02270000 - 0x00007ffd02287000 	C:\WINDOWS\SYSTEM32\dhcpcsvc6.DLL
0x00007ffd02210000 - 0x00007ffd0222d000 	C:\WINDOWS\SYSTEM32\dhcpcsvc.DLL
0x00007ffd0a920000 - 0x00007ffd0a9ec000 	C:\WINDOWS\SYSTEM32\DNSAPI.dll

dbghelp: loaded successfully - version: 4.0.5 - missing functions: none
symbol engine: initialized successfully - sym options: 0x614 - pdb path: .;C:\Program Files\Android\Android Studio\jre\bin;C:\WINDOWS\SYSTEM32;C:\WINDOWS\WinSxS\amd64_microsoft.windows.common-controls_6595b64144ccf1df_6.0.19041.1110_none_60b5254171f9507e;C:\Program Files\Android\Android Studio\jre\bin\server;C:\Program Files\Java\jdk-17.0.1\native\8bec1ad78214c89d9ad589b4d07fe93259594b29d510b10fafb7a158f7737e5d\windows-amd64;C:\Program Files\Java\jdk-17.0.1\native\53dbd7edfb1c66fb8903c78663c9afc45aea4f116125fa6feffd364cf09443e8\windows-amd64

VM Arguments:
jvm_args: --add-opens=java.base/java.util=ALL-UNNAMED --add-opens=java.base/java.lang=ALL-UNNAMED --add-opens=java.base/java.lang.invoke=ALL-UNNAMED --add-opens=java.base/java.util=ALL-UNNAMED --add-opens=java.prefs/java.util.prefs=ALL-UNNAMED --add-opens=java.prefs/java.util.prefs=ALL-UNNAMED --add-opens=java.base/java.nio.charset=ALL-UNNAMED --add-opens=java.base/java.net=ALL-UNNAMED --add-opens=java.base/java.util.concurrent.atomic=ALL-UNNAMED -Xmx2048m -Dfile.encoding=UTF-8 -Duser.country=US -Duser.language=en -Duser.variant 
java_command: org.gradle.launcher.daemon.bootstrap.GradleDaemon 7.0.2
java_class_path (initial): C:\Program Files\Java\jdk-17.0.1\wrapper\dists\gradle-7.0.2-bin\857tjihv64xamwrf0h14cai3r\gradle-7.0.2\lib\gradle-launcher-7.0.2.jar
Launcher Type: SUN_STANDARD

[Global flags]
     intx CICompilerCount                          = 3                                         {product} {ergonomic}
     uint ConcGCThreads                            = 1                                         {product} {ergonomic}
     uint G1ConcRefinementThreads                  = 4                                         {product} {ergonomic}
   size_t G1HeapRegionSize                         = 1048576                                   {product} {ergonomic}
    uintx GCDrainStackTargetSize                   = 64                                        {product} {ergonomic}
   size_t InitialHeapSize                          = 67108864                                  {product} {ergonomic}
   size_t MarkStackSize                            = 4194304                                   {product} {ergonomic}
   size_t MaxHeapSize                              = 2147483648                                {product} {command line}
   size_t MaxNewSize                               = 1287651328                                {product} {ergonomic}
   size_t MinHeapDeltaBytes                        = 1048576                                   {product} {ergonomic}
    uintx NonNMethodCodeHeapSize                   = 5830732                                {pd product} {ergonomic}
    uintx NonProfiledCodeHeapSize                  = 122913754                              {pd product} {ergonomic}
    uintx ProfiledCodeHeapSize                     = 122913754                              {pd product} {ergonomic}
    uintx ReservedCodeCacheSize                    = 251658240                              {pd product} {ergonomic}
     bool SegmentedCodeCache                       = true                                      {product} {ergonomic}
     bool UseCompressedClassPointers               = true                                 {lp64_product} {ergonomic}
     bool UseCompressedOops                        = true                                 {lp64_product} {ergonomic}
     bool UseG1GC                                  = true                                      {product} {ergonomic}
     bool UseLargePagesIndividualAllocation        = false                                  {pd product} {ergonomic}

Logging:
Log output configuration:
 #0: stdout all=warning uptime,level,tags
 #1: stderr all=off uptime,level,tags

Environment Variables:
PATH=C:\Program Files\Common Files\Oracle\Java\javapath;C:\WINDOWS\system32;C:\WINDOWS;C:\WINDOWS\System32\Wbem;C:\WINDOWS\System32\WindowsPowerShell\v1.0\;C:\WINDOWS\System32\OpenSSH\;C:\Program Files\dotnet\;C:\Program Files\Microsoft SQL Server\130\Tools\Binn\;C:\Program Files\Microsoft SQL Server\Client SDK\ODBC\170\Tools\Binn\;C:\Program Files (x86)\dotnet\;C:\Program Files\Git\cmd;C:\Users\MinhNgan\AppData\Local\Microsoft\WindowsApps
USERNAME=MinhNgan
OS=Windows_NT
PROCESSOR_IDENTIFIER=Intel64 Family 6 Model 69 Stepping 1, GenuineIntel



---------------  S Y S T E M  ---------------

OS: Windows 10 , 64 bit Build 19041 (10.0.19041.1202)
OS uptime: 0 days 0:13 hours

CPU:total 4 (initial active 4) (2 cores per cpu, 2 threads per core) family 6 model 69 stepping 1 microcode 0x25, cmov, cx8, fxsr, mmx, sse, sse2, sse3, ssse3, sse4.1, sse4.2, popcnt, avx, avx2, aes, clmul, erms, lzcnt, ht, tsc, tscinvbit, bmi1, bmi2, fma

Memory: 4k page, system-wide physical 3979M (40M free)
TotalPageFile size 6979M (AvailPageFile size 11M)
current process WorkingSet (physical memory assigned to process): 170M, peak: 204M
current process commit charge ("private bytes"): 271M, peak: 292M

vm_info: OpenJDK 64-Bit Server VM (11.0.10+0-b96-7249189) for windows-amd64 JRE (11.0.10+0-b96-7249189), built on Mar 31 2021 21:44:00 by "builder" with MS VC++ 14.0 (VS2015)

END.
