#
# There is insufficient memory for the Java Runtime Environment to continue.
# Native memory allocation (malloc) failed to allocate 1137696 bytes for Chunk::new
# Possible reasons:
#   The system is out of physical RAM or swap space
#   The process is running with CompressedOops enabled, and the Java Heap may be blocking the growth of the native heap
# Possible solutions:
#   Reduce memory load on the system
#   Increase physical memory or swap space
#   Check if swap backing store is full
#   Decrease Java heap size (-Xmx/-Xms)
#   Decrease number of Java threads
#   Decrease Java thread stack sizes (-Xss)
#   Set larger code cache with -XX:ReservedCodeCacheSize=
#   JVM is running with Unscaled Compressed Oops mode in which the Java heap is
#     placed in the first 4GB address space. The Java Heap base address is the
#     maximum limit for the native heap growth. Please use -XX:HeapBaseMinAddress
#     to set the Java Heap base and to place the Java Heap above 4GB virtual address.
# This output file may be truncated or incomplete.
#
#  Out of Memory Error (./src/hotspot/share/memory/arena.cpp:197), pid=4984, tid=3984
#
# JRE version: OpenJDK Runtime Environment (11.0.10) (build 11.0.10+0-b96-7249189)
# Java VM: OpenJDK 64-Bit Server VM (11.0.10+0-b96-7249189, mixed mode, tiered, compressed oops, g1 gc, windows-amd64)
# No core dump will be written. Minidumps are not enabled by default on client versions of Windows
#

---------------  S U M M A R Y ------------

Command Line: --add-opens=java.base/java.util=ALL-UNNAMED --add-opens=java.base/java.lang=ALL-UNNAMED --add-opens=java.base/java.lang.invoke=ALL-UNNAMED --add-opens=java.base/java.util=ALL-UNNAMED --add-opens=java.prefs/java.util.prefs=ALL-UNNAMED --add-opens=java.prefs/java.util.prefs=ALL-UNNAMED --add-opens=java.base/java.nio.charset=ALL-UNNAMED --add-opens=java.base/java.net=ALL-UNNAMED --add-opens=java.base/java.util.concurrent.atomic=ALL-UNNAMED -Xmx2048m -Dfile.encoding=UTF-8 -Duser.country=US -Duser.language=en -Duser.variant org.gradle.launcher.daemon.bootstrap.GradleDaemon 7.0.2

Host: Intel(R) Core(TM) i5-4210U CPU @ 1.70GHz, 4 cores, 3G,  Windows 10 , 64 bit Build 19041 (10.0.19041.1202)
Time: Sun Nov  7 14:51:41 2021 SE Asia Standard Time elapsed time: 18.662955 seconds (0d 0h 0m 18s)

---------------  T H R E A D  ---------------

Current thread (0x00000244a2f0c000):  JavaThread "C2 CompilerThread0" daemon [_thread_in_native, id=3984, stack(0x000000c8bb500000,0x000000c8bb600000)]


Current CompileTask:
C2:  18663 6557       4       java.net.URLClassLoader$1::run (5 bytes)

Stack: [0x000000c8bb500000,0x000000c8bb600000]
Native frames: (J=compiled Java code, j=interpreted, Vv=VM code, C=native code)
V  [jvm.dll+0x5ecfaa]
V  [jvm.dll+0x722bd5]
V  [jvm.dll+0x72412d]
V  [jvm.dll+0x7247e3]
V  [jvm.dll+0x242928]
V  [jvm.dll+0xbc4fc]
V  [jvm.dll+0xbca0c]
V  [jvm.dll+0x2b4fd4]
V  [jvm.dll+0x506028]
V  [jvm.dll+0x203253]
V  [jvm.dll+0x1fd07c]
V  [jvm.dll+0x1fa77f]
V  [jvm.dll+0x18354c]
V  [jvm.dll+0x208ee7]
V  [jvm.dll+0x207731]
V  [jvm.dll+0x6eb1cf]
V  [jvm.dll+0x6e3d45]
V  [jvm.dll+0x5ebe96]
C  [ucrtbase.dll+0x21bb2]
C  [KERNEL32.DLL+0x17034]
C  [ntdll.dll+0x52651]


---------------  P R O C E S S  ---------------

Threads class SMR info:
_java_thread_list=0x00000244a3b51f30, length=42, elements={
0x000002448738a800, 0x00000244a2eaa000, 0x00000244a2eb5800, 0x00000244a2f02800,
0x00000244a2f06000, 0x00000244a2f08000, 0x00000244a2f0c000, 0x00000244a2f1c800,
0x00000244a3888000, 0x00000244a398d000, 0x00000244a4f49800, 0x00000244a5d96800,
0x00000244a53fe800, 0x00000244a5973800, 0x00000244a4a71800, 0x00000244a584d800,
0x00000244a58d9800, 0x00000244a5244000, 0x00000244a581a800, 0x00000244a5817000,
0x00000244a5818000, 0x00000244a5816800, 0x00000244a581b000, 0x00000244a5819800,
0x00000244a581c000, 0x00000244a581d000, 0x00000244a5818800, 0x00000244a5c28800,
0x00000244a5c27800, 0x00000244a5c23800, 0x00000244a5c26000, 0x00000244a5c24000,
0x00000244a5c26800, 0x00000244a5c22800, 0x00000244a5c2a000, 0x00000244a5c25000,
0x00000244a5c31800, 0x00000244a5c2c800, 0x00000244a5c30800, 0x00000244a5c2b800,
0x00000244a5c2f000, 0x00000244a5c2f800
}

Java Threads: ( => current thread )
  0x000002448738a800 JavaThread "main" [_thread_blocked, id=2180, stack(0x000000c8ba900000,0x000000c8baa00000)]
  0x00000244a2eaa000 JavaThread "Reference Handler" daemon [_thread_blocked, id=6020, stack(0x000000c8bb000000,0x000000c8bb100000)]
  0x00000244a2eb5800 JavaThread "Finalizer" daemon [_thread_blocked, id=4236, stack(0x000000c8bb100000,0x000000c8bb200000)]
  0x00000244a2f02800 JavaThread "Signal Dispatcher" daemon [_thread_blocked, id=4044, stack(0x000000c8bb200000,0x000000c8bb300000)]
  0x00000244a2f06000 JavaThread "Attach Listener" daemon [_thread_blocked, id=1500, stack(0x000000c8bb300000,0x000000c8bb400000)]
  0x00000244a2f08000 JavaThread "Service Thread" daemon [_thread_blocked, id=6416, stack(0x000000c8bb400000,0x000000c8bb500000)]
=>0x00000244a2f0c000 JavaThread "C2 CompilerThread0" daemon [_thread_in_native, id=3984, stack(0x000000c8bb500000,0x000000c8bb600000)]
  0x00000244a2f1c800 JavaThread "C1 CompilerThread0" daemon [_thread_blocked, id=6700, stack(0x000000c8bb600000,0x000000c8bb700000)]
  0x00000244a3888000 JavaThread "Sweeper thread" daemon [_thread_blocked, id=4716, stack(0x000000c8bb700000,0x000000c8bb800000)]
  0x00000244a398d000 JavaThread "Common-Cleaner" daemon [_thread_blocked, id=8244, stack(0x000000c8bb800000,0x000000c8bb900000)]
  0x00000244a4f49800 JavaThread "Daemon health stats" [_thread_blocked, id=5968, stack(0x000000c8bbb00000,0x000000c8bbc00000)]
  0x00000244a5d96800 JavaThread "Incoming local TCP Connector on port 50175" [_thread_in_native, id=7824, stack(0x000000c8bbe00000,0x000000c8bbf00000)]
  0x00000244a53fe800 JavaThread "Daemon periodic checks" [_thread_blocked, id=6952, stack(0x000000c8bbf00000,0x000000c8bc000000)]
  0x00000244a5973800 JavaThread "Daemon" [_thread_blocked, id=3872, stack(0x000000c8bc000000,0x000000c8bc100000)]
  0x00000244a4a71800 JavaThread "Handler for socket connection from /127.0.0.1:50175 to /127.0.0.1:50176" [_thread_in_native, id=4232, stack(0x000000c8bc100000,0x000000c8bc200000)]
  0x00000244a584d800 JavaThread "Cancel handler" [_thread_blocked, id=7884, stack(0x000000c8bc200000,0x000000c8bc300000)]
  0x00000244a58d9800 JavaThread "Daemon worker" [_thread_in_Java, id=5276, stack(0x000000c8bc300000,0x000000c8bc400000)]
  0x00000244a5244000 JavaThread "Asynchronous log dispatcher for DefaultDaemonConnection: socket connection from /127.0.0.1:50175 to /127.0.0.1:50176" [_thread_blocked, id=9344, stack(0x000000c8bc400000,0x000000c8bc500000)]
  0x00000244a581a800 JavaThread "Stdin handler" [_thread_blocked, id=5852, stack(0x000000c8bc500000,0x000000c8bc600000)]
  0x00000244a5817000 JavaThread "Daemon client event forwarder" [_thread_blocked, id=2312, stack(0x000000c8bc600000,0x000000c8bc700000)]
  0x00000244a5818000 JavaThread "Cache worker for file hash cache (C:\Users\MinhNgan\.gradle\caches\7.0.2\fileHashes)" [_thread_blocked, id=5296, stack(0x000000c8bc700000,0x000000c8bc800000)]
  0x00000244a5816800 JavaThread "File lock request listener" [_thread_in_native, id=788, stack(0x000000c8bc800000,0x000000c8bc900000)]
  0x00000244a581b000 JavaThread "Cache worker for journal cache (C:\Users\MinhNgan\.gradle\caches\journal-1)" [_thread_blocked, id=3776, stack(0x000000c8bc900000,0x000000c8bca00000)]
  0x00000244a5819800 JavaThread "Cache worker for file hash cache (C:\Users\MinhNgan\AndroidStudioProjects\Android_hepat\.gradle\7.0.2\fileHashes)" [_thread_blocked, id=3964, stack(0x000000c8bca00000,0x000000c8bcb00000)]
  0x00000244a581c000 JavaThread "File watcher server" daemon [_thread_in_native, id=5040, stack(0x000000c8bcb00000,0x000000c8bcc00000)]
  0x00000244a581d000 JavaThread "File watcher consumer" daemon [_thread_blocked, id=1040, stack(0x000000c8bcc00000,0x000000c8bcd00000)]
  0x00000244a5818800 JavaThread "jar transforms" [_thread_blocked, id=4696, stack(0x000000c8bcd00000,0x000000c8bce00000)]
  0x00000244a5c28800 JavaThread "jar transforms Thread 2" [_thread_blocked, id=3192, stack(0x000000c8bce00000,0x000000c8bcf00000)]
  0x00000244a5c27800 JavaThread "jar transforms Thread 3" [_thread_blocked, id=2076, stack(0x000000c8bcf00000,0x000000c8bd000000)]
  0x00000244a5c23800 JavaThread "jar transforms Thread 4" [_thread_blocked, id=5744, stack(0x000000c8bd000000,0x000000c8bd100000)]
  0x00000244a5c26000 JavaThread "Cache worker for checksums cache (C:\Users\MinhNgan\AndroidStudioProjects\Android_hepat\.gradle\checksums)" [_thread_blocked, id=4512, stack(0x000000c8bd100000,0x000000c8bd200000)]
  0x00000244a5c24000 JavaThread "Cache worker for cache directory md-supplier (C:\Users\MinhNgan\.gradle\caches\7.0.2\md-supplier)" [_thread_blocked, id=864, stack(0x000000c8bd200000,0x000000c8bd300000)]
  0x00000244a5c26800 JavaThread "Cache worker for cache directory md-rule (C:\Users\MinhNgan\.gradle\caches\7.0.2\md-rule)" [_thread_blocked, id=3932, stack(0x000000c8bd300000,0x000000c8bd400000)]
  0x00000244a5c22800 JavaThread "Cache worker for execution history cache (C:\Users\MinhNgan\.gradle\caches\7.0.2\executionHistory)" [_thread_blocked, id=9220, stack(0x000000c8bd400000,0x000000c8bd500000)]
  0x00000244a5c2a000 JavaThread "Cache worker for file content cache (C:\Users\MinhNgan\.gradle\caches\7.0.2\fileContent)" [_thread_blocked, id=7136, stack(0x000000c8bd500000,0x000000c8bd600000)]
  0x00000244a5c25000 JavaThread "Cache worker for dependencies-accessors (C:\Users\MinhNgan\AndroidStudioProjects\Android_hepat\.gradle\7.0.2\dependencies-accessors)" [_thread_blocked, id=6740, stack(0x000000c8bd600000,0x000000c8bd700000)]
  0x00000244a5c31800 JavaThread "Cache worker for Build Output Cleanup Cache (C:\Users\MinhNgan\AndroidStudioProjects\Android_hepat\.gradle\buildOutputCleanup)" [_thread_blocked, id=7476, stack(0x000000c8bd700000,0x000000c8bd800000)]
  0x00000244a5c2c800 JavaThread "Build operations" [_thread_blocked, id=7488, stack(0x000000c8bd800000,0x000000c8bd900000)]
  0x00000244a5c30800 JavaThread "Build operations Thread 2" [_thread_blocked, id=10184, stack(0x000000c8bd900000,0x000000c8bda00000)]
  0x00000244a5c2b800 JavaThread "Build operations Thread 3" [_thread_blocked, id=5764, stack(0x000000c8bda00000,0x000000c8bdb00000)]
  0x00000244a5c2f000 JavaThread "Build operations Thread 4" [_thread_blocked, id=9956, stack(0x000000c8bdb00000,0x000000c8bdc00000)]
  0x00000244a5c2f800 JavaThread "Memory manager" [_thread_blocked, id=9832, stack(0x000000c8bdc00000,0x000000c8bdd00000)]

Other Threads:
  0x00000244a2ea3000 VMThread "VM Thread" [stack: 0x000000c8baf00000,0x000000c8bb000000] [id=5752]
  0x00000244a399d800 WatcherThread [stack: 0x000000c8bb900000,0x000000c8bba00000] [id=8180]
  0x00000244873a3800 GCTaskThread "GC Thread#0" [stack: 0x000000c8baa00000,0x000000c8bab00000] [id=3636]
  0x00000244a38af000 GCTaskThread "GC Thread#1" [stack: 0x000000c8bba00000,0x000000c8bbb00000] [id=6092]
  0x00000244a38b1000 GCTaskThread "GC Thread#2" [stack: 0x000000c8bbc00000,0x000000c8bbd00000] [id=3084]
  0x00000244a38b2800 GCTaskThread "GC Thread#3" [stack: 0x000000c8bbd00000,0x000000c8bbe00000] [id=4116]
  0x00000244873d3000 ConcurrentGCThread "G1 Main Marker" [stack: 0x000000c8bab00000,0x000000c8bac00000] [id=3296]
  0x00000244873d5800 ConcurrentGCThread "G1 Conc#0" [stack: 0x000000c8bac00000,0x000000c8bad00000] [id=10188]
  0x000002448742f800 ConcurrentGCThread "G1 Refine#0" [stack: 0x000000c8bad00000,0x000000c8bae00000] [id=6288]
  0x0000024487430800 ConcurrentGCThread "G1 Young RemSet Sampling" [stack: 0x000000c8bae00000,0x000000c8baf00000] [id=8124]

Threads with active compile tasks:
C2 CompilerThread0  18716 6557       4       java.net.URLClassLoader$1::run (5 bytes)

VM state:not at safepoint (normal execution)

VM Mutex/Monitor currently owned by a thread: None

Heap address: 0x0000000080000000, size: 2048 MB, Compressed Oops mode: 32-bit
Narrow klass base: 0x0000000000000000, Narrow klass shift: 3
Compressed class space size: 1073741824 Address: 0x0000000100000000

Heap:
 garbage-first heap   total 184320K, used 85911K [0x0000000080000000, 0x0000000100000000)
  region size 1024K, 14 young (14336K), 6 survivors (6144K)
 Metaspace       used 67509K, capacity 69334K, committed 69504K, reserved 1110016K
  class space    used 8656K, capacity 9301K, committed 9344K, reserved 1048576K
Heap Regions: E=young(eden), S=young(survivor), O=old, HS=humongous(starts), HC=humongous(continues), CS=collection set, F=free, A=archive, TAMS=top-at-mark-start (previous, next)
|   0|0x0000000080000000, 0x0000000080100000, 0x0000000080100000|100%| O|  |TAMS 0x0000000080100000, 0x0000000080000000| Untracked 
|   1|0x0000000080100000, 0x0000000080200000, 0x0000000080200000|100%| O|  |TAMS 0x0000000080200000, 0x0000000080100000| Untracked 
|   2|0x0000000080200000, 0x0000000080300000, 0x0000000080300000|100%| O|  |TAMS 0x0000000080300000, 0x0000000080200000| Untracked 
|   3|0x0000000080300000, 0x0000000080400000, 0x0000000080400000|100%|HS|  |TAMS 0x0000000080400000, 0x0000000080300000| Complete 
|   4|0x0000000080400000, 0x0000000080500000, 0x0000000080500000|100%|HC|  |TAMS 0x0000000080500000, 0x0000000080400000| Complete 
|   5|0x0000000080500000, 0x0000000080600000, 0x0000000080600000|100%|HC|  |TAMS 0x0000000080600000, 0x0000000080500000| Complete 
|   6|0x0000000080600000, 0x0000000080700000, 0x0000000080700000|100%| O|  |TAMS 0x0000000080700000, 0x0000000080600000| Untracked 
|   7|0x0000000080700000, 0x0000000080800000, 0x0000000080800000|100%| O|  |TAMS 0x0000000080800000, 0x0000000080700000| Untracked 
|   8|0x0000000080800000, 0x0000000080900000, 0x0000000080900000|100%| O|  |TAMS 0x0000000080900000, 0x0000000080800000| Untracked 
|   9|0x0000000080900000, 0x0000000080a00000, 0x0000000080a00000|100%| O|  |TAMS 0x0000000080a00000, 0x0000000080900000| Untracked 
|  10|0x0000000080a00000, 0x0000000080b00000, 0x0000000080b00000|100%| O|  |TAMS 0x0000000080b00000, 0x0000000080a00000| Untracked 
|  11|0x0000000080b00000, 0x0000000080c00000, 0x0000000080c00000|100%| O|  |TAMS 0x0000000080c00000, 0x0000000080b00000| Untracked 
|  12|0x0000000080c00000, 0x0000000080d00000, 0x0000000080d00000|100%| O|  |TAMS 0x0000000080d00000, 0x0000000080c00000| Untracked 
|  13|0x0000000080d00000, 0x0000000080e00000, 0x0000000080e00000|100%| O|  |TAMS 0x0000000080e00000, 0x0000000080d00000| Untracked 
|  14|0x0000000080e00000, 0x0000000080f00000, 0x0000000080f00000|100%| O|  |TAMS 0x0000000080f00000, 0x0000000080e00000| Untracked 
|  15|0x0000000080f00000, 0x0000000081000000, 0x0000000081000000|100%|HS|  |TAMS 0x0000000081000000, 0x0000000080f00000| Complete 
|  16|0x0000000081000000, 0x0000000081100000, 0x0000000081100000|100%|HC|  |TAMS 0x0000000081100000, 0x0000000081000000| Complete 
|  17|0x0000000081100000, 0x0000000081200000, 0x0000000081200000|100%|HS|  |TAMS 0x0000000081200000, 0x0000000081100000| Complete 
|  18|0x0000000081200000, 0x0000000081300000, 0x0000000081300000|100%|HC|  |TAMS 0x0000000081300000, 0x0000000081200000| Complete 
|  19|0x0000000081300000, 0x0000000081400000, 0x0000000081400000|100%|HC|  |TAMS 0x0000000081400000, 0x0000000081300000| Complete 
|  20|0x0000000081400000, 0x0000000081500000, 0x0000000081500000|100%| O|  |TAMS 0x0000000081500000, 0x0000000081400000| Untracked 
|  21|0x0000000081500000, 0x0000000081600000, 0x0000000081600000|100%|HS|  |TAMS 0x0000000081600000, 0x0000000081500000| Complete 
|  22|0x0000000081600000, 0x0000000081700000, 0x0000000081700000|100%|HC|  |TAMS 0x0000000081700000, 0x0000000081600000| Complete 
|  23|0x0000000081700000, 0x0000000081800000, 0x0000000081800000|100%|HC|  |TAMS 0x0000000081800000, 0x0000000081700000| Complete 
|  24|0x0000000081800000, 0x0000000081900000, 0x0000000081900000|100%|HC|  |TAMS 0x0000000081900000, 0x0000000081800000| Complete 
|  25|0x0000000081900000, 0x0000000081a00000, 0x0000000081a00000|100%|HC|  |TAMS 0x0000000081a00000, 0x0000000081900000| Complete 
|  26|0x0000000081a00000, 0x0000000081b00000, 0x0000000081b00000|100%| O|  |TAMS 0x0000000081b00000, 0x0000000081a00000| Untracked 
|  27|0x0000000081b00000, 0x0000000081c00000, 0x0000000081c00000|100%| O|  |TAMS 0x0000000081c00000, 0x0000000081b00000| Untracked 
|  28|0x0000000081c00000, 0x0000000081d00000, 0x0000000081d00000|100%| O|  |TAMS 0x0000000081d00000, 0x0000000081c00000| Untracked 
|  29|0x0000000081d00000, 0x0000000081e00000, 0x0000000081e00000|100%| O|  |TAMS 0x0000000081e00000, 0x0000000081d00000| Untracked 
|  30|0x0000000081e00000, 0x0000000081f00000, 0x0000000081f00000|100%| O|  |TAMS 0x0000000081f00000, 0x0000000081e00000| Untracked 
|  31|0x0000000081f00000, 0x0000000082000000, 0x0000000082000000|100%| O|  |TAMS 0x0000000082000000, 0x0000000081f00000| Untracked 
|  32|0x0000000082000000, 0x0000000082100000, 0x0000000082100000|100%| O|  |TAMS 0x0000000082100000, 0x0000000082000000| Untracked 
|  33|0x0000000082100000, 0x0000000082200000, 0x0000000082200000|100%| O|  |TAMS 0x0000000082200000, 0x0000000082100000| Untracked 
|  34|0x0000000082200000, 0x0000000082300000, 0x0000000082300000|100%| O|  |TAMS 0x0000000082300000, 0x0000000082200000| Untracked 
|  35|0x0000000082300000, 0x0000000082400000, 0x0000000082400000|100%| O|  |TAMS 0x0000000082400000, 0x0000000082300000| Untracked 
|  36|0x0000000082400000, 0x0000000082500000, 0x0000000082500000|100%| O|  |TAMS 0x0000000082500000, 0x0000000082400000| Untracked 
|  37|0x0000000082500000, 0x0000000082600000, 0x0000000082600000|100%| O|  |TAMS 0x0000000082600000, 0x0000000082500000| Untracked 
|  38|0x0000000082600000, 0x0000000082700000, 0x0000000082700000|100%| O|  |TAMS 0x0000000082700000, 0x0000000082600000| Untracked 
|  39|0x0000000082700000, 0x0000000082800000, 0x0000000082800000|100%| O|  |TAMS 0x0000000082800000, 0x0000000082700000| Untracked 
|  40|0x0000000082800000, 0x0000000082900000, 0x0000000082900000|100%|HS|  |TAMS 0x0000000082900000, 0x0000000082800000| Complete 
|  41|0x0000000082900000, 0x0000000082a00000, 0x0000000082a00000|100%|HC|  |TAMS 0x0000000082a00000, 0x0000000082900000| Complete 
|  42|0x0000000082a00000, 0x0000000082b00000, 0x0000000082b00000|100%|HC|  |TAMS 0x0000000082b00000, 0x0000000082a00000| Complete 
|  43|0x0000000082b00000, 0x0000000082c00000, 0x0000000082c00000|100%|HC|  |TAMS 0x0000000082c00000, 0x0000000082b00000| Complete 
|  44|0x0000000082c00000, 0x0000000082d00000, 0x0000000082d00000|100%|HC|  |TAMS 0x0000000082d00000, 0x0000000082c00000| Complete 
|  45|0x0000000082d00000, 0x0000000082e00000, 0x0000000082e00000|100%|HS|  |TAMS 0x0000000082e00000, 0x0000000082d00000| Complete 
|  46|0x0000000082e00000, 0x0000000082f00000, 0x0000000082f00000|100%|HC|  |TAMS 0x0000000082f00000, 0x0000000082e00000| Complete 
|  47|0x0000000082f00000, 0x0000000083000000, 0x0000000083000000|100%|HC|  |TAMS 0x0000000083000000, 0x0000000082f00000| Complete 
|  48|0x0000000083000000, 0x0000000083100000, 0x0000000083100000|100%| O|  |TAMS 0x0000000083100000, 0x0000000083000000| Untracked 
|  49|0x0000000083100000, 0x0000000083200000, 0x0000000083200000|100%| O|  |TAMS 0x0000000083200000, 0x0000000083100000| Untracked 
|  50|0x0000000083200000, 0x0000000083300000, 0x0000000083300000|100%| O|  |TAMS 0x0000000083300000, 0x0000000083200000| Untracked 
|  51|0x0000000083300000, 0x0000000083400000, 0x0000000083400000|100%| O|  |TAMS 0x0000000083400000, 0x0000000083300000| Untracked 
|  52|0x0000000083400000, 0x0000000083500000, 0x0000000083500000|100%| O|  |TAMS 0x0000000083500000, 0x0000000083400000| Untracked 
|  53|0x0000000083500000, 0x0000000083600000, 0x0000000083600000|100%| O|  |TAMS 0x0000000083600000, 0x0000000083500000| Untracked 
|  54|0x0000000083600000, 0x0000000083700000, 0x0000000083700000|100%| O|  |TAMS 0x0000000083700000, 0x0000000083600000| Untracked 
|  55|0x0000000083700000, 0x0000000083800000, 0x0000000083800000|100%|HS|  |TAMS 0x0000000083800000, 0x0000000083700000| Complete 
|  56|0x0000000083800000, 0x0000000083900000, 0x0000000083900000|100%|HS|  |TAMS 0x0000000083900000, 0x0000000083800000| Complete 
|  57|0x0000000083900000, 0x0000000083a00000, 0x0000000083a00000|100%| O|  |TAMS 0x0000000083a00000, 0x0000000083900000| Untracked 
|  58|0x0000000083a00000, 0x0000000083b00000, 0x0000000083b00000|100%| O|  |TAMS 0x0000000083b00000, 0x0000000083a00000| Untracked 
|  59|0x0000000083b00000, 0x0000000083c00000, 0x0000000083c00000|100%|HS|  |TAMS 0x0000000083c00000, 0x0000000083b00000| Complete 
|  60|0x0000000083c00000, 0x0000000083d00000, 0x0000000083d00000|100%|HC|  |TAMS 0x0000000083d00000, 0x0000000083c00000| Complete 
|  61|0x0000000083d00000, 0x0000000083e00000, 0x0000000083e00000|100%| O|  |TAMS 0x0000000083e00000, 0x0000000083d00000| Untracked 
|  62|0x0000000083e00000, 0x0000000083f00000, 0x0000000083f00000|100%| O|  |TAMS 0x0000000083f00000, 0x0000000083e00000| Untracked 
|  63|0x0000000083f00000, 0x0000000084000000, 0x0000000084000000|100%| O|  |TAMS 0x0000000084000000, 0x0000000083f00000| Untracked 
|  64|0x0000000084000000, 0x0000000084100000, 0x0000000084100000|100%| O|  |TAMS 0x0000000084100000, 0x0000000084000000| Untracked 
|  65|0x0000000084100000, 0x0000000084200000, 0x0000000084200000|100%| O|  |TAMS 0x0000000084200000, 0x0000000084100000| Untracked 
|  66|0x0000000084200000, 0x0000000084200000, 0x0000000084300000|  0%| F|  |TAMS 0x0000000084200000, 0x0000000084200000| Untracked 
|  67|0x0000000084300000, 0x0000000084400000, 0x0000000084400000|100%| O|  |TAMS 0x0000000084400000, 0x0000000084300000| Untracked 
|  68|0x0000000084400000, 0x0000000084500000, 0x0000000084500000|100%| O|  |TAMS 0x0000000084500000, 0x0000000084400000| Untracked 
|  69|0x0000000084500000, 0x0000000084600000, 0x0000000084600000|100%| O|  |TAMS 0x0000000084600000, 0x0000000084500000| Untracked 
|  70|0x0000000084600000, 0x0000000084700000, 0x0000000084700000|100%| O|  |TAMS 0x0000000084700000, 0x0000000084600000| Untracked 
|  71|0x0000000084700000, 0x00000000847e5c00, 0x0000000084800000| 89%| O|  |TAMS 0x00000000847e5c00, 0x0000000084700000| Untracked 
|  72|0x0000000084800000, 0x0000000084800000, 0x0000000084900000|  0%| F|  |TAMS 0x0000000084800000, 0x0000000084800000| Untracked 
|  73|0x0000000084900000, 0x0000000084900000, 0x0000000084a00000|  0%| F|  |TAMS 0x0000000084900000, 0x0000000084900000| Untracked 
|  74|0x0000000084a00000, 0x0000000084a00000, 0x0000000084b00000|  0%| F|  |TAMS 0x0000000084a00000, 0x0000000084a00000| Untracked 
|  75|0x0000000084b00000, 0x0000000084b00000, 0x0000000084c00000|  0%| F|  |TAMS 0x0000000084b00000, 0x0000000084b00000| Untracked 
|  76|0x0000000084c00000, 0x0000000084c00000, 0x0000000084d00000|  0%| F|  |TAMS 0x0000000084c00000, 0x0000000084c00000| Untracked 
|  77|0x0000000084d00000, 0x0000000084d00000, 0x0000000084e00000|  0%| F|  |TAMS 0x0000000084d00000, 0x0000000084d00000| Untracked 
|  78|0x0000000084e00000, 0x0000000084e00000, 0x0000000084f00000|  0%| F|  |TAMS 0x0000000084e00000, 0x0000000084e00000| Untracked 
|  79|0x0000000084f00000, 0x0000000084f00000, 0x0000000085000000|  0%| F|  |TAMS 0x0000000084f00000, 0x0000000084f00000| Untracked 
|  80|0x0000000085000000, 0x0000000085000000, 0x0000000085100000|  0%| F|  |TAMS 0x0000000085000000, 0x0000000085000000| Untracked 
|  81|0x0000000085100000, 0x0000000085100000, 0x0000000085200000|  0%| F|  |TAMS 0x0000000085100000, 0x0000000085100000| Untracked 
|  82|0x0000000085200000, 0x0000000085200000, 0x0000000085300000|  0%| F|  |TAMS 0x0000000085200000, 0x0000000085200000| Untracked 
|  83|0x0000000085300000, 0x0000000085300000, 0x0000000085400000|  0%| F|  |TAMS 0x0000000085300000, 0x0000000085300000| Untracked 
|  84|0x0000000085400000, 0x0000000085400000, 0x0000000085500000|  0%| F|  |TAMS 0x0000000085400000, 0x0000000085400000| Untracked 
|  85|0x0000000085500000, 0x0000000085500000, 0x0000000085600000|  0%| F|  |TAMS 0x0000000085500000, 0x0000000085500000| Untracked 
|  86|0x0000000085600000, 0x0000000085600000, 0x0000000085700000|  0%| F|  |TAMS 0x0000000085600000, 0x0000000085600000| Untracked 
|  87|0x0000000085700000, 0x0000000085700000, 0x0000000085800000|  0%| F|  |TAMS 0x0000000085700000, 0x0000000085700000| Untracked 
|  88|0x0000000085800000, 0x0000000085800000, 0x0000000085900000|  0%| F|  |TAMS 0x0000000085800000, 0x0000000085800000| Untracked 
|  89|0x0000000085900000, 0x0000000085900000, 0x0000000085a00000|  0%| F|  |TAMS 0x0000000085900000, 0x0000000085900000| Untracked 
|  90|0x0000000085a00000, 0x0000000085a00000, 0x0000000085b00000|  0%| F|  |TAMS 0x0000000085a00000, 0x0000000085a00000| Untracked 
|  91|0x0000000085b00000, 0x0000000085b00000, 0x0000000085c00000|  0%| F|  |TAMS 0x0000000085b00000, 0x0000000085b00000| Untracked 
|  92|0x0000000085c00000, 0x0000000085c00000, 0x0000000085d00000|  0%| F|  |TAMS 0x0000000085c00000, 0x0000000085c00000| Untracked 
|  93|0x0000000085d00000, 0x0000000085d00000, 0x0000000085e00000|  0%| F|  |TAMS 0x0000000085d00000, 0x0000000085d00000| Untracked 
|  94|0x0000000085e00000, 0x0000000085e00000, 0x0000000085f00000|  0%| F|  |TAMS 0x0000000085e00000, 0x0000000085e00000| Untracked 
|  95|0x0000000085f00000, 0x0000000085f00000, 0x0000000086000000|  0%| F|  |TAMS 0x0000000085f00000, 0x0000000085f00000| Untracked 
|  96|0x0000000086000000, 0x0000000086000000, 0x0000000086100000|  0%| F|  |TAMS 0x0000000086000000, 0x0000000086000000| Untracked 
|  97|0x0000000086100000, 0x0000000086100000, 0x0000000086200000|  0%| F|  |TAMS 0x0000000086100000, 0x0000000086100000| Untracked 
|  98|0x0000000086200000, 0x0000000086200000, 0x0000000086300000|  0%| F|  |TAMS 0x0000000086200000, 0x0000000086200000| Untracked 
|  99|0x0000000086300000, 0x0000000086300000, 0x0000000086400000|  0%| F|  |TAMS 0x0000000086300000, 0x0000000086300000| Untracked 
| 100|0x0000000086400000, 0x0000000086500000, 0x0000000086500000|100%| S|CS|TAMS 0x0000000086400000, 0x0000000086400000| Complete 
| 101|0x0000000086500000, 0x0000000086600000, 0x0000000086600000|100%| S|CS|TAMS 0x0000000086500000, 0x0000000086500000| Complete 
| 102|0x0000000086600000, 0x0000000086700000, 0x0000000086700000|100%| S|CS|TAMS 0x0000000086600000, 0x0000000086600000| Complete 
| 103|0x0000000086700000, 0x0000000086800000, 0x0000000086800000|100%| S|CS|TAMS 0x0000000086700000, 0x0000000086700000| Complete 
| 104|0x0000000086800000, 0x0000000086900000, 0x0000000086900000|100%| S|CS|TAMS 0x0000000086800000, 0x0000000086800000| Complete 
| 105|0x0000000086900000, 0x0000000086a00000, 0x0000000086a00000|100%| S|CS|TAMS 0x0000000086900000, 0x0000000086900000| Complete 
| 106|0x0000000086a00000, 0x0000000086a00000, 0x0000000086b00000|  0%| F|  |TAMS 0x0000000086a00000, 0x0000000086a00000| Untracked 
| 107|0x0000000086b00000, 0x0000000086b00000, 0x0000000086c00000|  0%| F|  |TAMS 0x0000000086b00000, 0x0000000086b00000| Untracked 
| 108|0x0000000086c00000, 0x0000000086c00000, 0x0000000086d00000|  0%| F|  |TAMS 0x0000000086c00000, 0x0000000086c00000| Untracked 
| 109|0x0000000086d00000, 0x0000000086d00000, 0x0000000086e00000|  0%| F|  |TAMS 0x0000000086d00000, 0x0000000086d00000| Untracked 
| 110|0x0000000086e00000, 0x0000000086e00000, 0x0000000086f00000|  0%| F|  |TAMS 0x0000000086e00000, 0x0000000086e00000| Untracked 
| 111|0x0000000086f00000, 0x0000000086f00000, 0x0000000087000000|  0%| F|  |TAMS 0x0000000086f00000, 0x0000000086f00000| Untracked 
| 112|0x0000000087000000, 0x0000000087000000, 0x0000000087100000|  0%| F|  |TAMS 0x0000000087000000, 0x0000000087000000| Untracked 
| 113|0x0000000087100000, 0x0000000087100000, 0x0000000087200000|  0%| F|  |TAMS 0x0000000087100000, 0x0000000087100000| Untracked 
| 114|0x0000000087200000, 0x0000000087200000, 0x0000000087300000|  0%| F|  |TAMS 0x0000000087200000, 0x0000000087200000| Untracked 
| 115|0x0000000087300000, 0x0000000087300000, 0x0000000087400000|  0%| F|  |TAMS 0x0000000087300000, 0x0000000087300000| Untracked 
| 116|0x0000000087400000, 0x0000000087400000, 0x0000000087500000|  0%| F|  |TAMS 0x0000000087400000, 0x0000000087400000| Untracked 
| 117|0x0000000087500000, 0x0000000087500000, 0x0000000087600000|  0%| F|  |TAMS 0x0000000087500000, 0x0000000087500000| Untracked 
| 118|0x0000000087600000, 0x0000000087600000, 0x0000000087700000|  0%| F|  |TAMS 0x0000000087600000, 0x0000000087600000| Untracked 
| 119|0x0000000087700000, 0x0000000087700000, 0x0000000087800000|  0%| F|  |TAMS 0x0000000087700000, 0x0000000087700000| Untracked 
| 120|0x0000000087800000, 0x0000000087800000, 0x0000000087900000|  0%| F|  |TAMS 0x0000000087800000, 0x0000000087800000| Untracked 
| 121|0x0000000087900000, 0x0000000087900000, 0x0000000087a00000|  0%| F|  |TAMS 0x0000000087900000, 0x0000000087900000| Untracked 
| 122|0x0000000087a00000, 0x0000000087a00000, 0x0000000087b00000|  0%| F|  |TAMS 0x0000000087a00000, 0x0000000087a00000| Untracked 
| 123|0x0000000087b00000, 0x0000000087b00000, 0x0000000087c00000|  0%| F|  |TAMS 0x0000000087b00000, 0x0000000087b00000| Untracked 
| 124|0x0000000087c00000, 0x0000000087c00000, 0x0000000087d00000|  0%| F|  |TAMS 0x0000000087c00000, 0x0000000087c00000| Untracked 
| 125|0x0000000087d00000, 0x0000000087d00000, 0x0000000087e00000|  0%| F|  |TAMS 0x0000000087d00000, 0x0000000087d00000| Untracked 
| 126|0x0000000087e00000, 0x0000000087e00000, 0x0000000087f00000|  0%| F|  |TAMS 0x0000000087e00000, 0x0000000087e00000| Untracked 
| 127|0x0000000087f00000, 0x0000000087f00000, 0x0000000088000000|  0%| F|  |TAMS 0x0000000087f00000, 0x0000000087f00000| Untracked 
| 128|0x0000000088000000, 0x0000000088000000, 0x0000000088100000|  0%| F|  |TAMS 0x0000000088000000, 0x0000000088000000| Untracked 
| 129|0x0000000088100000, 0x0000000088100000, 0x0000000088200000|  0%| F|  |TAMS 0x0000000088100000, 0x0000000088100000| Untracked 
| 130|0x0000000088200000, 0x0000000088200000, 0x0000000088300000|  0%| F|  |TAMS 0x0000000088200000, 0x0000000088200000| Untracked 
| 131|0x0000000088300000, 0x0000000088300000, 0x0000000088400000|  0%| F|  |TAMS 0x0000000088300000, 0x0000000088300000| Untracked 
| 132|0x0000000088400000, 0x0000000088400000, 0x0000000088500000|  0%| F|  |TAMS 0x0000000088400000, 0x0000000088400000| Untracked 
| 133|0x0000000088500000, 0x0000000088500000, 0x0000000088600000|  0%| F|  |TAMS 0x0000000088500000, 0x0000000088500000| Untracked 
| 134|0x0000000088600000, 0x0000000088600000, 0x0000000088700000|  0%| F|  |TAMS 0x0000000088600000, 0x0000000088600000| Untracked 
| 135|0x0000000088700000, 0x0000000088700000, 0x0000000088800000|  0%| F|  |TAMS 0x0000000088700000, 0x0000000088700000| Untracked 
| 136|0x0000000088800000, 0x0000000088800000, 0x0000000088900000|  0%| F|  |TAMS 0x0000000088800000, 0x0000000088800000| Untracked 
| 137|0x0000000088900000, 0x0000000088900000, 0x0000000088a00000|  0%| F|  |TAMS 0x0000000088900000, 0x0000000088900000| Untracked 
| 138|0x0000000088a00000, 0x0000000088a00000, 0x0000000088b00000|  0%| F|  |TAMS 0x0000000088a00000, 0x0000000088a00000| Untracked 
| 139|0x0000000088b00000, 0x0000000088b00000, 0x0000000088c00000|  0%| F|  |TAMS 0x0000000088b00000, 0x0000000088b00000| Untracked 
| 140|0x0000000088c00000, 0x0000000088c00000, 0x0000000088d00000|  0%| F|  |TAMS 0x0000000088c00000, 0x0000000088c00000| Untracked 
| 141|0x0000000088d00000, 0x0000000088d00000, 0x0000000088e00000|  0%| F|  |TAMS 0x0000000088d00000, 0x0000000088d00000| Untracked 
| 142|0x0000000088e00000, 0x0000000088e00000, 0x0000000088f00000|  0%| F|  |TAMS 0x0000000088e00000, 0x0000000088e00000| Untracked 
| 143|0x0000000088f00000, 0x0000000088f00000, 0x0000000089000000|  0%| F|  |TAMS 0x0000000088f00000, 0x0000000088f00000| Untracked 
| 144|0x0000000089000000, 0x0000000089000000, 0x0000000089100000|  0%| F|  |TAMS 0x0000000089000000, 0x0000000089000000| Untracked 
| 145|0x0000000089100000, 0x0000000089100000, 0x0000000089200000|  0%| F|  |TAMS 0x0000000089100000, 0x0000000089100000| Untracked 
| 146|0x0000000089200000, 0x0000000089200000, 0x0000000089300000|  0%| F|  |TAMS 0x0000000089200000, 0x0000000089200000| Untracked 
| 147|0x0000000089300000, 0x0000000089300000, 0x0000000089400000|  0%| F|  |TAMS 0x0000000089300000, 0x0000000089300000| Untracked 
| 148|0x0000000089400000, 0x0000000089400000, 0x0000000089500000|  0%| F|  |TAMS 0x0000000089400000, 0x0000000089400000| Untracked 
| 149|0x0000000089500000, 0x0000000089500000, 0x0000000089600000|  0%| F|  |TAMS 0x0000000089500000, 0x0000000089500000| Untracked 
| 150|0x0000000089600000, 0x0000000089600000, 0x0000000089700000|  0%| F|  |TAMS 0x0000000089600000, 0x0000000089600000| Untracked 
| 151|0x0000000089700000, 0x0000000089700000, 0x0000000089800000|  0%| F|  |TAMS 0x0000000089700000, 0x0000000089700000| Untracked 
| 152|0x0000000089800000, 0x0000000089800000, 0x0000000089900000|  0%| F|  |TAMS 0x0000000089800000, 0x0000000089800000| Untracked 
| 153|0x0000000089900000, 0x0000000089900000, 0x0000000089a00000|  0%| F|  |TAMS 0x0000000089900000, 0x0000000089900000| Untracked 
| 154|0x0000000089a00000, 0x0000000089a00000, 0x0000000089b00000|  0%| F|  |TAMS 0x0000000089a00000, 0x0000000089a00000| Untracked 
| 155|0x0000000089b00000, 0x0000000089b00000, 0x0000000089c00000|  0%| F|  |TAMS 0x0000000089b00000, 0x0000000089b00000| Untracked 
| 156|0x0000000089c00000, 0x0000000089c00000, 0x0000000089d00000|  0%| F|  |TAMS 0x0000000089c00000, 0x0000000089c00000| Untracked 
| 157|0x0000000089d00000, 0x0000000089d00000, 0x0000000089e00000|  0%| F|  |TAMS 0x0000000089d00000, 0x0000000089d00000| Untracked 
| 158|0x0000000089e00000, 0x0000000089e00000, 0x0000000089f00000|  0%| F|  |TAMS 0x0000000089e00000, 0x0000000089e00000| Untracked 
| 159|0x0000000089f00000, 0x0000000089f00000, 0x000000008a000000|  0%| F|  |TAMS 0x0000000089f00000, 0x0000000089f00000| Untracked 
| 160|0x000000008a000000, 0x000000008a000000, 0x000000008a100000|  0%| F|  |TAMS 0x000000008a000000, 0x000000008a000000| Untracked 
| 161|0x000000008a100000, 0x000000008a100000, 0x000000008a200000|  0%| F|  |TAMS 0x000000008a100000, 0x000000008a100000| Untracked 
| 162|0x000000008a200000, 0x000000008a200000, 0x000000008a300000|  0%| F|  |TAMS 0x000000008a200000, 0x000000008a200000| Untracked 
| 163|0x000000008a300000, 0x000000008a300000, 0x000000008a400000|  0%| F|  |TAMS 0x000000008a300000, 0x000000008a300000| Untracked 
| 164|0x000000008a400000, 0x000000008a400000, 0x000000008a500000|  0%| F|  |TAMS 0x000000008a400000, 0x000000008a400000| Untracked 
| 165|0x000000008a500000, 0x000000008a500000, 0x000000008a600000|  0%| F|  |TAMS 0x000000008a500000, 0x000000008a500000| Untracked 
| 166|0x000000008a600000, 0x000000008a600000, 0x000000008a700000|  0%| F|  |TAMS 0x000000008a600000, 0x000000008a600000| Untracked 
| 167|0x000000008a700000, 0x000000008a700000, 0x000000008a800000|  0%| F|  |TAMS 0x000000008a700000, 0x000000008a700000| Untracked 
| 168|0x000000008a800000, 0x000000008a800000, 0x000000008a900000|  0%| F|  |TAMS 0x000000008a800000, 0x000000008a800000| Untracked 
| 169|0x000000008a900000, 0x000000008a900000, 0x000000008aa00000|  0%| F|  |TAMS 0x000000008a900000, 0x000000008a900000| Untracked 
| 170|0x000000008aa00000, 0x000000008aa00000, 0x000000008ab00000|  0%| F|  |TAMS 0x000000008aa00000, 0x000000008aa00000| Untracked 
| 171|0x000000008ab00000, 0x000000008ab80800, 0x000000008ac00000| 50%| E|  |TAMS 0x000000008ab00000, 0x000000008ab00000| Complete 
| 172|0x000000008ac00000, 0x000000008ad00000, 0x000000008ad00000|100%| E|CS|TAMS 0x000000008ac00000, 0x000000008ac00000| Complete 
| 173|0x000000008ad00000, 0x000000008ae00000, 0x000000008ae00000|100%| E|CS|TAMS 0x000000008ad00000, 0x000000008ad00000| Complete 
| 174|0x000000008ae00000, 0x000000008af00000, 0x000000008af00000|100%| E|CS|TAMS 0x000000008ae00000, 0x000000008ae00000| Complete 
| 175|0x000000008af00000, 0x000000008b000000, 0x000000008b000000|100%| E|CS|TAMS 0x000000008af00000, 0x000000008af00000| Complete 
| 176|0x000000008b000000, 0x000000008b100000, 0x000000008b100000|100%| E|CS|TAMS 0x000000008b000000, 0x000000008b000000| Complete 
| 177|0x000000008b100000, 0x000000008b200000, 0x000000008b200000|100%| E|CS|TAMS 0x000000008b100000, 0x000000008b100000| Complete 
| 178|0x000000008b200000, 0x000000008b300000, 0x000000008b300000|100%| E|CS|TAMS 0x000000008b200000, 0x000000008b200000| Complete 
| 179|0x000000008b300000, 0x000000008b400000, 0x000000008b400000|100%| E|CS|TAMS 0x000000008b300000, 0x000000008b300000| Complete 

Card table byte_map: [0x000002449c0a0000,0x000002449c4a0000] _byte_map_base: 0x000002449bca0000

Marking Bits (Prev, Next): (CMBitMap*) 0x00000244873ca5e8, (CMBitMap*) 0x00000244873ca620
 Prev Bits: [0x000002449c8a0000, 0x000002449e8a0000)
 Next Bits: [0x000002449e8a0000, 0x00000244a08a0000)

Polling page: 0x0000024487470000

Metaspace:

Usage:
  Non-class:     58.69 MB capacity,    57.50 MB ( 98%) used,     1.03 MB (  2%) free+waste,   169.13 KB ( <1%) overhead. 
      Class:      9.08 MB capacity,     8.46 MB ( 93%) used,   556.48 KB (  6%) free+waste,    79.75 KB ( <1%) overhead. 
       Both:     67.77 MB capacity,    65.96 MB ( 97%) used,     1.57 MB (  2%) free+waste,   248.88 KB ( <1%) overhead. 

Virtual space:
  Non-class space:       60.00 MB reserved,      58.75 MB ( 98%) committed 
      Class space:        1.00 GB reserved,       9.13 MB ( <1%) committed 
             Both:        1.06 GB reserved,      67.88 MB (  6%) committed 

Chunk freelists:
   Non-Class:  61.00 KB
       Class:  10.00 KB
        Both:  71.00 KB

MaxMetaspaceSize: 17179869184.00 GB
CompressedClassSpaceSize: 1.00 GB

CodeHeap 'non-profiled nmethods': size=120064Kb used=2900Kb max_used=2900Kb free=117163Kb
 bounds [0x0000024494140000, 0x0000024494420000, 0x000002449b680000]
CodeHeap 'profiled nmethods': size=120000Kb used=13244Kb max_used=13244Kb free=106755Kb
 bounds [0x000002448cc10000, 0x000002448d900000, 0x0000024494140000]
CodeHeap 'non-nmethods': size=5696Kb used=2265Kb max_used=2291Kb free=3430Kb
 bounds [0x000002448c680000, 0x000002448c8f0000, 0x000002448cc10000]
 total_blobs=7336 nmethods=6476 adapters=771
 compilation: enabled
              stopped_count=0, restarted_count=0
 full_count=0

Compilation events (20 events):
Event: 18.631 Thread 0x00000244a2f1c800 6576       3       org.gradle.api.internal.provider.AbstractProperty$FinalizationState::<init> (5 bytes)
Event: 18.632 Thread 0x00000244a2f1c800 nmethod 6576 0x000002448d8f7010 code [0x000002448d8f71c0, 0x000002448d8f7378]
Event: 18.632 Thread 0x00000244a2f1c800 6577       3       org.gradle.api.internal.provider.AbstractProperty$FinalizationState::<init> (5 bytes)
Event: 18.632 Thread 0x00000244a2f1c800 nmethod 6577 0x000002448d8f7490 code [0x000002448d8f7640, 0x000002448d8f7798]
Event: 18.632 Thread 0x00000244a2f1c800 6574       3       org.gradle.api.internal.provider.AbstractProperty::<init> (17 bytes)
Event: 18.632 Thread 0x00000244a2f1c800 nmethod 6574 0x000002448d8f7890 code [0x000002448d8f7a80, 0x000002448d8f7eb8]
Event: 18.632 Thread 0x00000244a2f1c800 6575       3       org.gradle.api.internal.provider.AbstractProperty$NonFinalizedValue::<init> (11 bytes)
Event: 18.632 Thread 0x00000244a2f1c800 nmethod 6575 0x000002448d8f8090 code [0x000002448d8f8260, 0x000002448d8f84d8]
Event: 18.632 Thread 0x00000244a2f1c800 6578       3       org.gradle.api.internal.provider.AbstractProperty::init (14 bytes)
Event: 18.633 Thread 0x00000244a2f1c800 nmethod 6578 0x000002448d8f8610 code [0x000002448d8f87e0, 0x000002448d8f8a08]
Event: 18.633 Thread 0x00000244a2f1c800 6579       3       org.gradle.api.internal.provider.DefaultProperty::<init> (26 bytes)
Event: 18.634 Thread 0x00000244a2f1c800 nmethod 6579 0x000002448d8f8b10 code [0x000002448d8f8d60, 0x000002448d8f9928]
Event: 18.634 Thread 0x00000244a2f1c800 6580       3       sun.management.spi.PlatformMBeanProvider$PlatformComponent::getMBeans (87 bytes)
Event: 18.636 Thread 0x00000244a2f1c800 nmethod 6580 0x000002448d8f9c90 code [0x000002448d8fa080, 0x000002448d8fbc98]
Event: 18.636 Thread 0x00000244a2f1c800 6583       3       javax.management.ObjectName::addProperty (80 bytes)
Event: 18.637 Thread 0x00000244a2f1c800 nmethod 6583 0x000002448d8fc510 code [0x000002448d8fc740, 0x000002448d8fcf08]
Event: 18.637 Thread 0x00000244a2f1c800 6581       3       java.lang.management.ManagementFactory$$Lambda$61/0x0000000100161840::apply (12 bytes)
Event: 18.637 Thread 0x00000244a2f1c800 nmethod 6581 0x000002448d8fd190 code [0x000002448d8fd380, 0x000002448d8fd758]
Event: 18.637 Thread 0x00000244a2f1c800 6582       3       java.lang.management.ManagementFactory::lambda$getPlatformMXBeans$3 (13 bytes)
Event: 18.638 Thread 0x00000244a2f1c800 nmethod 6582 0x000002448d8fd890 code [0x000002448d8fda60, 0x000002448d8fdcb8]

GC Heap History (20 events):
Event: 11.777 GC heap before
{Heap before GC invocations=27 (full 0):
 garbage-first heap   total 95232K, used 66582K [0x0000000080000000, 0x0000000100000000)
  region size 1024K, 16 young (16384K), 2 survivors (2048K)
 Metaspace       used 44569K, capacity 45748K, committed 46080K, reserved 1089536K
  class space    used 5622K, capacity 6053K, committed 6144K, reserved 1048576K
}
Event: 11.785 GC heap after
{Heap after GC invocations=28 (full 0):
 garbage-first heap   total 95232K, used 53456K [0x0000000080000000, 0x0000000100000000)
  region size 1024K, 2 young (2048K), 2 survivors (2048K)
 Metaspace       used 44569K, capacity 45748K, committed 46080K, reserved 1089536K
  class space    used 5622K, capacity 6053K, committed 6144K, reserved 1048576K
}
Event: 12.077 GC heap before
{Heap before GC invocations=29 (full 0):
 garbage-first heap   total 95232K, used 67792K [0x0000000080000000, 0x0000000100000000)
  region size 1024K, 17 young (17408K), 2 survivors (2048K)
 Metaspace       used 45650K, capacity 46864K, committed 46976K, reserved 1089536K
  class space    used 5799K, capacity 6233K, committed 6272K, reserved 1048576K
}
Event: 12.084 GC heap after
{Heap after GC invocations=30 (full 0):
 garbage-first heap   total 114688K, used 54827K [0x0000000080000000, 0x0000000100000000)
  region size 1024K, 3 young (3072K), 3 survivors (3072K)
 Metaspace       used 45650K, capacity 46864K, committed 46976K, reserved 1089536K
  class space    used 5799K, capacity 6233K, committed 6272K, reserved 1048576K
}
Event: 12.760 GC heap before
{Heap before GC invocations=30 (full 0):
 garbage-first heap   total 114688K, used 79403K [0x0000000080000000, 0x0000000100000000)
  region size 1024K, 28 young (28672K), 3 survivors (3072K)
 Metaspace       used 47211K, capacity 48530K, committed 48768K, reserved 1091584K
  class space    used 6061K, capacity 6512K, committed 6528K, reserved 1048576K
}
Event: 12.779 GC heap after
{Heap after GC invocations=31 (full 0):
 garbage-first heap   total 114688K, used 55664K [0x0000000080000000, 0x0000000100000000)
  region size 1024K, 3 young (3072K), 3 survivors (3072K)
 Metaspace       used 47211K, capacity 48530K, committed 48768K, reserved 1091584K
  class space    used 6061K, capacity 6512K, committed 6528K, reserved 1048576K
}
Event: 13.561 GC heap before
{Heap before GC invocations=32 (full 0):
 garbage-first heap   total 114688K, used 82288K [0x0000000080000000, 0x0000000100000000)
  region size 1024K, 29 young (29696K), 3 survivors (3072K)
 Metaspace       used 49030K, capacity 50432K, committed 50560K, reserved 1093632K
  class space    used 6285K, capacity 6758K, committed 6784K, reserved 1048576K
}
Event: 13.571 GC heap after
{Heap after GC invocations=33 (full 0):
 garbage-first heap   total 114688K, used 57670K [0x0000000080000000, 0x0000000100000000)
  region size 1024K, 3 young (3072K), 3 survivors (3072K)
 Metaspace       used 49030K, capacity 50432K, committed 50560K, reserved 1093632K
  class space    used 6285K, capacity 6758K, committed 6784K, reserved 1048576K
}
Event: 13.997 GC heap before
{Heap before GC invocations=33 (full 0):
 garbage-first heap   total 114688K, used 73030K [0x0000000080000000, 0x0000000100000000)
  region size 1024K, 20 young (20480K), 3 survivors (3072K)
 Metaspace       used 49649K, capacity 51081K, committed 51200K, reserved 1093632K
  class space    used 6344K, capacity 6818K, committed 6912K, reserved 1048576K
}
Event: 14.005 GC heap after
{Heap after GC invocations=34 (full 0):
 garbage-first heap   total 114688K, used 58273K [0x0000000080000000, 0x0000000100000000)
  region size 1024K, 3 young (3072K), 3 survivors (3072K)
 Metaspace       used 49649K, capacity 51081K, committed 51200K, reserved 1093632K
  class space    used 6344K, capacity 6818K, committed 6912K, reserved 1048576K
}
Event: 14.207 GC heap before
{Heap before GC invocations=35 (full 0):
 garbage-first heap   total 114688K, used 64417K [0x0000000080000000, 0x0000000100000000)
  region size 1024K, 9 young (9216K), 3 survivors (3072K)
 Metaspace       used 49656K, capacity 51081K, committed 51200K, reserved 1093632K
  class space    used 6344K, capacity 6818K, committed 6912K, reserved 1048576K
}
Event: 14.218 GC heap after
{Heap after GC invocations=36 (full 0):
 garbage-first heap   total 153600K, used 64512K [0x0000000080000000, 0x0000000100000000)
  region size 1024K, 4 young (4096K), 4 survivors (4096K)
 Metaspace       used 49656K, capacity 51081K, committed 51200K, reserved 1093632K
  class space    used 6344K, capacity 6818K, committed 6912K, reserved 1048576K
}
Event: 15.878 GC heap before
{Heap before GC invocations=37 (full 0):
 garbage-first heap   total 153600K, used 108544K [0x0000000080000000, 0x0000000100000000)
  region size 1024K, 45 young (46080K), 4 survivors (4096K)
 Metaspace       used 54791K, capacity 56406K, committed 56448K, reserved 1097728K
  class space    used 6999K, capacity 7526K, committed 7552K, reserved 1048576K
}
Event: 15.888 GC heap after
{Heap after GC invocations=38 (full 0):
 garbage-first heap   total 153600K, used 68873K [0x0000000080000000, 0x0000000100000000)
  region size 1024K, 3 young (3072K), 3 survivors (3072K)
 Metaspace       used 54791K, capacity 56406K, committed 56448K, reserved 1097728K
  class space    used 6999K, capacity 7526K, committed 7552K, reserved 1048576K
}
Event: 16.837 GC heap before
{Heap before GC invocations=38 (full 0):
 garbage-first heap   total 153600K, used 109833K [0x0000000080000000, 0x0000000100000000)
  region size 1024K, 44 young (45056K), 3 survivors (3072K)
 Metaspace       used 60876K, capacity 62604K, committed 62976K, reserved 1103872K
  class space    used 7731K, capacity 8331K, committed 8448K, reserved 1048576K
}
Event: 16.848 GC heap after
{Heap after GC invocations=39 (full 0):
 garbage-first heap   total 153600K, used 73046K [0x0000000080000000, 0x0000000100000000)
  region size 1024K, 6 young (6144K), 6 survivors (6144K)
 Metaspace       used 60876K, capacity 62604K, committed 62976K, reserved 1103872K
  class space    used 7731K, capacity 8331K, committed 8448K, reserved 1048576K
}
Event: 17.731 GC heap before
{Heap before GC invocations=39 (full 0):
 garbage-first heap   total 153600K, used 115030K [0x0000000080000000, 0x0000000100000000)
  region size 1024K, 47 young (48128K), 6 survivors (6144K)
 Metaspace       used 64620K, capacity 66289K, committed 66432K, reserved 1107968K
  class space    used 8205K, capacity 8801K, committed 8832K, reserved 1048576K
}
Event: 17.749 GC heap after
{Heap after GC invocations=40 (full 0):
 garbage-first heap   total 153600K, used 74747K [0x0000000080000000, 0x0000000100000000)
  region size 1024K, 3 young (3072K), 3 survivors (3072K)
 Metaspace       used 64620K, capacity 66289K, committed 66432K, reserved 1107968K
  class space    used 8205K, capacity 8801K, committed 8832K, reserved 1048576K
}
Event: 18.290 GC heap before
{Heap before GC invocations=40 (full 0):
 garbage-first heap   total 153600K, used 116731K [0x0000000080000000, 0x0000000100000000)
  region size 1024K, 44 young (45056K), 3 survivors (3072K)
 Metaspace       used 66366K, capacity 68217K, committed 68480K, reserved 1107968K
  class space    used 8454K, capacity 9079K, committed 9088K, reserved 1048576K
}
Event: 18.313 GC heap after
{Heap after GC invocations=41 (full 0):
 garbage-first heap   total 184320K, used 78743K [0x0000000080000000, 0x0000000100000000)
  region size 1024K, 6 young (6144K), 6 survivors (6144K)
 Metaspace       used 66366K, capacity 68217K, committed 68480K, reserved 1107968K
  class space    used 8454K, capacity 9079K, committed 9088K, reserved 1048576K
}

Deoptimization events (20 events):
Event: 17.683 Thread 0x00000244a58d9800 Uncommon trap: trap_request=0xffffff4d fr.pc=0x0000024494197f08 relative=0x00000000000001c8
Event: 17.683 Thread 0x00000244a58d9800 Uncommon trap: reason=unstable_if action=reinterpret pc=0x0000024494197f08 method=java.lang.AbstractStringBuilder.isLatin1()Z @ 10 c2
Event: 17.683 Thread 0x00000244a58d9800 DEOPT PACKING pc=0x0000024494197f08 sp=0x000000c8bc3f6860
Event: 17.683 Thread 0x00000244a58d9800 DEOPT UNPACKING pc=0x000002448c6a78af sp=0x000000c8bc3f67a0 mode 2
Event: 17.684 Thread 0x00000244a58d9800 Uncommon trap: trap_request=0xffffff4d fr.pc=0x00000244941b1194 relative=0x0000000000000454
Event: 17.684 Thread 0x00000244a58d9800 Uncommon trap: reason=unstable_if action=reinterpret pc=0x00000244941b1194 method=java.lang.AbstractStringBuilder.putStringAt(ILjava/lang/String;)V @ 8 c2
Event: 17.684 Thread 0x00000244a58d9800 DEOPT PACKING pc=0x00000244941b1194 sp=0x000000c8bc3f6940
Event: 17.684 Thread 0x00000244a58d9800 DEOPT UNPACKING pc=0x000002448c6a78af sp=0x000000c8bc3f68a0 mode 2
Event: 17.684 Thread 0x00000244a58d9800 Uncommon trap: trap_request=0xffffff4d fr.pc=0x000002449417336c relative=0x00000000000000cc
Event: 17.684 Thread 0x00000244a58d9800 Uncommon trap: reason=unstable_if action=reinterpret pc=0x000002449417336c method=java.lang.String.getBytes([BIB)V @ 5 c2
Event: 17.684 Thread 0x00000244a58d9800 DEOPT PACKING pc=0x000002449417336c sp=0x000000c8bc3f6850
Event: 17.684 Thread 0x00000244a58d9800 DEOPT UNPACKING pc=0x000002448c6a78af sp=0x000000c8bc3f6818 mode 2
Event: 18.011 Thread 0x00000244a58d9800 Uncommon trap: trap_request=0xffffff4d fr.pc=0x000002449436d9b4 relative=0x0000000000001034
Event: 18.011 Thread 0x00000244a58d9800 Uncommon trap: reason=unstable_if action=reinterpret pc=0x000002449436d9b4 method=org.codehaus.groovy.runtime.metaclass.MetaMethodIndex.isOverridden(Lgroovy/lang/MetaMethod;Lgroovy/lang/MetaMethod;)Z @ 33 c2
Event: 18.011 Thread 0x00000244a58d9800 DEOPT PACKING pc=0x000002449436d9b4 sp=0x000000c8bc3f4d50
Event: 18.011 Thread 0x00000244a58d9800 DEOPT UNPACKING pc=0x000002448c6a78af sp=0x000000c8bc3f4ca8 mode 2
Event: 18.112 Thread 0x00000244a58d9800 Uncommon trap: trap_request=0xffffffdc fr.pc=0x000002449440426c relative=0x00000000000002ac
Event: 18.112 Thread 0x00000244a58d9800 Uncommon trap: reason=class_check action=make_not_entrant pc=0x000002449440426c method=java.util.ArrayList.toArray([Ljava/lang/Object;)[Ljava/lang/Object; @ 21 c2
Event: 18.112 Thread 0x00000244a58d9800 DEOPT PACKING pc=0x000002449440426c sp=0x000000c8bc3f8bf0
Event: 18.112 Thread 0x00000244a58d9800 DEOPT UNPACKING pc=0x000002448c6a78af sp=0x000000c8bc3f8bc0 mode 2

Classes redefined (0 events):
No events

Internal exceptions (20 events):
Event: 17.988 Thread 0x00000244a58d9800 Exception <a 'java/lang/ClassNotFoundException'{0x0000000087e2bb40}: org/gradle/api/internal/DefaultNamedDomainObjectSetCustomizer> (0x0000000087e2bb40) thrown at [./src/hotspot/share/classfile/systemDictionary.cpp, line 231]
Event: 17.990 Thread 0x00000244a58d9800 Exception <a 'java/lang/ClassNotFoundException'{0x0000000087e74ef0}: org/gradle/api/internal/AbstractNamedDomainObjectContainerCustomizer> (0x0000000087e74ef0) thrown at [./src/hotspot/share/classfile/systemDictionary.cpp, line 231]
Event: 17.993 Thread 0x00000244a58d9800 Exception <a 'java/lang/ClassNotFoundException'{0x0000000087ebc9b0}: org/gradle/api/internal/FactoryNamedDomainObjectContainerCustomizer> (0x0000000087ebc9b0) thrown at [./src/hotspot/share/classfile/systemDictionary.cpp, line 231]
Event: 17.995 Thread 0x00000244a58d9800 Exception <a 'java/lang/ClassNotFoundException'{0x0000000087efcb30}: org/gradle/api/internal/FactoryNamedDomainObjectContainer_DecoratedCustomizer> (0x0000000087efcb30) thrown at [./src/hotspot/share/classfile/systemDictionary.cpp, line 231]
Event: 18.013 Thread 0x00000244a58d9800 Exception <a 'java/lang/ClassNotFoundException'{0x0000000087b18d88}: com/android/build/gradle/internal/dsl/BuildType_DecoratedBeanInfo> (0x0000000087b18d88) thrown at [./src/hotspot/share/classfile/systemDictionary.cpp, line 231]
Event: 18.014 Thread 0x00000244a58d9800 Exception <a 'java/lang/ClassNotFoundException'{0x0000000087b31730}: com/android/build/gradle/internal/dsl/BuildTypeBeanInfo> (0x0000000087b31730) thrown at [./src/hotspot/share/classfile/systemDictionary.cpp, line 231]
Event: 18.014 Thread 0x00000244a58d9800 Exception <a 'java/lang/ClassNotFoundException'{0x0000000087b49530}: com/android/builder/core/AbstractBuildTypeBeanInfo> (0x0000000087b49530) thrown at [./src/hotspot/share/classfile/systemDictionary.cpp, line 231]
Event: 18.015 Thread 0x00000244a58d9800 Exception <a 'java/lang/ClassNotFoundException'{0x0000000087b61aa0}: com/android/builder/core/AbstractBuildTypeCustomizer> (0x0000000087b61aa0) thrown at [./src/hotspot/share/classfile/systemDictionary.cpp, line 231]
Event: 18.016 Thread 0x00000244a58d9800 Exception <a 'java/lang/ClassNotFoundException'{0x0000000087b96c48}: com/android/build/gradle/internal/dsl/BuildTypeCustomizer> (0x0000000087b96c48) thrown at [./src/hotspot/share/classfile/systemDictionary.cpp, line 231]
Event: 18.019 Thread 0x00000244a58d9800 Exception <a 'java/lang/ClassNotFoundException'{0x0000000087a23760}: com/android/build/gradle/internal/dsl/BuildType_DecoratedCustomizer> (0x0000000087a23760) thrown at [./src/hotspot/share/classfile/systemDictionary.cpp, line 231]
Event: 18.025 Thread 0x00000244a58d9800 Exception <a 'java/lang/ClassNotFoundException'{0x0000000087ae65b8}: build_5qz5yakvh4qqqlo5mq00qos0f$_run_closure1$_closure4BeanInfo> (0x0000000087ae65b8) thrown at [./src/hotspot/share/classfile/systemDictionary.cpp, line 231]
Event: 18.026 Thread 0x00000244a58d9800 Exception <a 'java/lang/ClassNotFoundException'{0x0000000087af6ea0}: build_5qz5yakvh4qqqlo5mq00qos0f$_run_closure1$_closure4Customizer> (0x0000000087af6ea0) thrown at [./src/hotspot/share/classfile/systemDictionary.cpp, line 231]
Event: 18.028 Thread 0x00000244a58d9800 Exception <a 'java/lang/ClassNotFoundException'{0x00000000879210a0}: build_5qz5yakvh4qqqlo5mq00qos0f$_run_closure1BeanInfo> (0x00000000879210a0) thrown at [./src/hotspot/share/classfile/systemDictionary.cpp, line 231]
Event: 18.029 Thread 0x00000244a58d9800 Exception <a 'java/lang/ClassNotFoundException'{0x0000000087931010}: build_5qz5yakvh4qqqlo5mq00qos0f$_run_closure1Customizer> (0x0000000087931010) thrown at [./src/hotspot/share/classfile/systemDictionary.cpp, line 231]
Event: 18.035 Thread 0x00000244a58d9800 Exception <a 'java/lang/ClassNotFoundException'{0x000000008798ef80}: org/gradle/api/JavaVersionBeanInfo> (0x000000008798ef80) thrown at [./src/hotspot/share/classfile/systemDictionary.cpp, line 231]
Event: 18.037 Thread 0x00000244a58d9800 Exception <a 'java/lang/ClassNotFoundException'{0x00000000879b9348}: org/gradle/api/JavaVersionCustomizer> (0x00000000879b9348) thrown at [./src/hotspot/share/classfile/systemDictionary.cpp, line 231]
Event: 18.040 Thread 0x00000244a58d9800 Exception <a 'java/lang/ClassNotFoundException'{0x000000008780ee48}: com/android/build/gradle/internal/CompileOptions_DecoratedBeanInfo> (0x000000008780ee48) thrown at [./src/hotspot/share/classfile/systemDictionary.cpp, line 231]
Event: 18.041 Thread 0x00000244a58d9800 Exception <a 'java/lang/ClassNotFoundException'{0x0000000087826560}: com/android/build/gradle/internal/CompileOptionsBeanInfo> (0x0000000087826560) thrown at [./src/hotspot/share/classfile/systemDictionary.cpp, line 231]
Event: 18.042 Thread 0x00000244a58d9800 Exception <a 'java/lang/ClassNotFoundException'{0x000000008783e428}: com/android/build/gradle/internal/CompileOptionsCustomizer> (0x000000008783e428) thrown at [./src/hotspot/share/classfile/systemDictionary.cpp, line 231]
Event: 18.043 Thread 0x00000244a58d9800 Exception <a 'java/lang/ClassNotFoundException'{0x0000000087862d38}: com/android/build/gradle/internal/CompileOptions_DecoratedCustomizer> (0x0000000087862d38) thrown at [./src/hotspot/share/classfile/systemDictionary.cpp, line 231]

Events (20 events):
Event: 18.650 loading class com/android/ide/common/resources/DataSet
Event: 18.650 loading class com/android/ide/common/resources/DataSet done
Event: 18.651 loading class com/android/ide/common/resources/SourceSet
Event: 18.651 loading class com/android/ide/common/resources/SourceSet done
Event: 18.651 loading class com/android/ide/common/resources/DataMap
Event: 18.651 loading class com/android/ide/common/resources/DataMap done
Event: 18.652 loading class com/android/ide/common/resources/GeneratedResourceSet
Event: 18.652 loading class com/android/ide/common/resources/GeneratedResourceSet done
Event: 18.653 loading class org/gradle/api/file/DirectoryProperty
Event: 18.653 loading class org/gradle/api/file/DirectoryProperty done
Event: 18.653 loading class com/android/build/gradle/tasks/MergeResources
Event: 18.653 loading class com/android/build/gradle/tasks/MergeResources done
Event: 18.653 loading class org/gradle/api/file/FileSystemLocationProperty
Event: 18.653 loading class org/gradle/api/file/FileSystemLocationProperty done
Event: 18.653 loading class kotlin/jvm/functions/Function1
Event: 18.653 loading class kotlin/jvm/functions/Function1 done
Event: 18.653 loading class org/gradle/api/file/DirectoryProperty
Event: 18.653 loading class org/gradle/api/file/DirectoryProperty done
Event: 18.653 loading class kotlin/jvm/functions/Function1
Event: 18.653 loading class kotlin/jvm/functions/Function1 done


Dynamic libraries:
0x00007ff66dbe0000 - 0x00007ff66dbea000 	C:\Program Files\Android\Android Studio\jre\bin\java.exe
0x00007ff9219b0000 - 0x00007ff921ba5000 	C:\WINDOWS\SYSTEM32\ntdll.dll
0x00007ff9207b0000 - 0x00007ff92086e000 	C:\WINDOWS\System32\KERNEL32.DLL
0x00007ff91f500000 - 0x00007ff91f7c9000 	C:\WINDOWS\System32\KERNELBASE.dll
0x00007ff91f130000 - 0x00007ff91f230000 	C:\WINDOWS\System32\ucrtbase.dll
0x00007ff919260000 - 0x00007ff919277000 	C:\Program Files\Android\Android Studio\jre\bin\VCRUNTIME140.dll
0x00007ff9135f0000 - 0x00007ff913609000 	C:\Program Files\Android\Android Studio\jre\bin\jli.dll
0x00007ff9208d0000 - 0x00007ff920a71000 	C:\WINDOWS\System32\USER32.dll
0x00007ff91f3c0000 - 0x00007ff91f3e2000 	C:\WINDOWS\System32\win32u.dll
0x00007ff91fe80000 - 0x00007ff91feab000 	C:\WINDOWS\System32\GDI32.dll
0x00007ff91f3f0000 - 0x00007ff91f4fb000 	C:\WINDOWS\System32\gdi32full.dll
0x00007ff91f7d0000 - 0x00007ff91f86d000 	C:\WINDOWS\System32\msvcp_win.dll
0x00007ff90ebd0000 - 0x00007ff90ee6a000 	C:\WINDOWS\WinSxS\amd64_microsoft.windows.common-controls_6595b64144ccf1df_6.0.19041.1110_none_60b5254171f9507e\COMCTL32.dll
0x00007ff921220000 - 0x00007ff9212be000 	C:\WINDOWS\System32\msvcrt.dll
0x00007ff921140000 - 0x00007ff921170000 	C:\WINDOWS\System32\IMM32.DLL
0x00007ff8d9a60000 - 0x00007ff8d9afd000 	C:\Program Files\Android\Android Studio\jre\bin\msvcp140.dll
0x00007ff8d7480000 - 0x00007ff8d7f4f000 	C:\Program Files\Android\Android Studio\jre\bin\server\jvm.dll
0x00007ff9218c0000 - 0x00007ff92196c000 	C:\WINDOWS\System32\ADVAPI32.dll
0x00007ff921320000 - 0x00007ff9213bb000 	C:\WINDOWS\System32\sechost.dll
0x00007ff920f20000 - 0x00007ff92104a000 	C:\WINDOWS\System32\RPCRT4.dll
0x00007ff920a80000 - 0x00007ff920a88000 	C:\WINDOWS\System32\PSAPI.DLL
0x00007ff919a40000 - 0x00007ff919a49000 	C:\WINDOWS\SYSTEM32\WSOCK32.dll
0x00007ff9112f0000 - 0x00007ff911317000 	C:\WINDOWS\SYSTEM32\WINMM.dll
0x00007ff9213c0000 - 0x00007ff92142b000 	C:\WINDOWS\System32\WS2_32.dll
0x00007ff9117b0000 - 0x00007ff9117ba000 	C:\WINDOWS\SYSTEM32\VERSION.dll
0x00007ff91cfd0000 - 0x00007ff91cfe2000 	C:\WINDOWS\SYSTEM32\kernel.appcore.dll
0x00007ff918260000 - 0x00007ff918271000 	C:\Program Files\Android\Android Studio\jre\bin\verify.dll
0x00007ff90ba20000 - 0x00007ff90bc04000 	C:\WINDOWS\SYSTEM32\DBGHELP.DLL
0x00007ff90c610000 - 0x00007ff90c63c000 	C:\WINDOWS\SYSTEM32\dbgcore.DLL
0x00007ff91f970000 - 0x00007ff91f9f3000 	C:\WINDOWS\System32\bcryptPrimitives.dll
0x00007ff904d20000 - 0x00007ff904d49000 	C:\Program Files\Android\Android Studio\jre\bin\java.dll
0x00007ff919a30000 - 0x00007ff919a3b000 	C:\Program Files\Android\Android Studio\jre\bin\jimage.dll
0x00007ff904d00000 - 0x00007ff904d18000 	C:\Program Files\Android\Android Studio\jre\bin\zip.dll
0x00007ff920070000 - 0x00007ff9207af000 	C:\WINDOWS\System32\SHELL32.dll
0x00007ff91d1d0000 - 0x00007ff91d960000 	C:\WINDOWS\SYSTEM32\windows.storage.dll
0x00007ff921560000 - 0x00007ff9218b5000 	C:\WINDOWS\System32\combase.dll
0x00007ff91eb20000 - 0x00007ff91eb4c000 	C:\WINDOWS\SYSTEM32\Wldp.dll
0x00007ff921170000 - 0x00007ff92121d000 	C:\WINDOWS\System32\SHCORE.dll
0x00007ff921430000 - 0x00007ff921485000 	C:\WINDOWS\System32\shlwapi.dll
0x00007ff91f010000 - 0x00007ff91f02f000 	C:\WINDOWS\SYSTEM32\profapi.dll
0x00007ff904ce0000 - 0x00007ff904cfa000 	C:\Program Files\Android\Android Studio\jre\bin\net.dll
0x00007ff910650000 - 0x00007ff910758000 	C:\WINDOWS\SYSTEM32\WINHTTP.dll
0x00007ff91e880000 - 0x00007ff91e8ea000 	C:\WINDOWS\system32\mswsock.dll
0x00007ff904cc0000 - 0x00007ff904cd4000 	C:\Program Files\Android\Android Studio\jre\bin\nio.dll
0x00007ff8d83f0000 - 0x00007ff8d8417000 	C:\Users\MinhNgan\.gradle\native\8bec1ad78214c89d9ad589b4d07fe93259594b29d510b10fafb7a158f7737e5d\windows-amd64\native-platform.dll
0x00007ff8d42f0000 - 0x00007ff8d442d000 	C:\Users\MinhNgan\.gradle\native\53dbd7edfb1c66fb8903c78663c9afc45aea4f116125fa6feffd364cf09443e8\windows-amd64\native-platform-file-events.dll
0x00007ff919250000 - 0x00007ff91925a000 	C:\Program Files\Android\Android Studio\jre\bin\management.dll
0x00007ff918250000 - 0x00007ff91825c000 	C:\Program Files\Android\Android Studio\jre\bin\management_ext.dll
0x00007ff91ea70000 - 0x00007ff91ea88000 	C:\WINDOWS\SYSTEM32\CRYPTSP.dll
0x00007ff91e190000 - 0x00007ff91e1c4000 	C:\WINDOWS\system32\rsaenh.dll
0x00007ff91f390000 - 0x00007ff91f3b7000 	C:\WINDOWS\System32\bcrypt.dll
0x00007ff91efd0000 - 0x00007ff91effe000 	C:\WINDOWS\SYSTEM32\USERENV.dll
0x00007ff91ea90000 - 0x00007ff91ea9c000 	C:\WINDOWS\SYSTEM32\CRYPTBASE.dll
0x00007ff91e520000 - 0x00007ff91e55b000 	C:\WINDOWS\SYSTEM32\IPHLPAPI.DLL
0x00007ff920a90000 - 0x00007ff920a98000 	C:\WINDOWS\System32\NSI.dll
0x00007ff913a70000 - 0x00007ff913a87000 	C:\WINDOWS\SYSTEM32\dhcpcsvc6.DLL
0x00007ff9175d0000 - 0x00007ff9175ed000 	C:\WINDOWS\SYSTEM32\dhcpcsvc.DLL
0x00007ff91e560000 - 0x00007ff91e62c000 	C:\WINDOWS\SYSTEM32\DNSAPI.dll

dbghelp: loaded successfully - version: 4.0.5 - missing functions: none
symbol engine: initialized successfully - sym options: 0x614 - pdb path: .;C:\Program Files\Android\Android Studio\jre\bin;C:\WINDOWS\SYSTEM32;C:\WINDOWS\WinSxS\amd64_microsoft.windows.common-controls_6595b64144ccf1df_6.0.19041.1110_none_60b5254171f9507e;C:\Program Files\Android\Android Studio\jre\bin\server;C:\Users\MinhNgan\.gradle\native\8bec1ad78214c89d9ad589b4d07fe93259594b29d510b10fafb7a158f7737e5d\windows-amd64;C:\Users\MinhNgan\.gradle\native\53dbd7edfb1c66fb8903c78663c9afc45aea4f116125fa6feffd364cf09443e8\windows-amd64

VM Arguments:
jvm_args: --add-opens=java.base/java.util=ALL-UNNAMED --add-opens=java.base/java.lang=ALL-UNNAMED --add-opens=java.base/java.lang.invoke=ALL-UNNAMED --add-opens=java.base/java.util=ALL-UNNAMED --add-opens=java.prefs/java.util.prefs=ALL-UNNAMED --add-opens=java.prefs/java.util.prefs=ALL-UNNAMED --add-opens=java.base/java.nio.charset=ALL-UNNAMED --add-opens=java.base/java.net=ALL-UNNAMED --add-opens=java.base/java.util.concurrent.atomic=ALL-UNNAMED -Xmx2048m -Dfile.encoding=UTF-8 -Duser.country=US -Duser.language=en -Duser.variant 
java_command: org.gradle.launcher.daemon.bootstrap.GradleDaemon 7.0.2
java_class_path (initial): C:\Users\MinhNgan\.gradle\wrapper\dists\gradle-7.0.2-bin\857tjihv64xamwrf0h14cai3r\gradle-7.0.2\lib\gradle-launcher-7.0.2.jar
Launcher Type: SUN_STANDARD

[Global flags]
     intx CICompilerCount                          = 3                                         {product} {ergonomic}
     uint ConcGCThreads                            = 1                                         {product} {ergonomic}
     uint G1ConcRefinementThreads                  = 4                                         {product} {ergonomic}
   size_t G1HeapRegionSize                         = 1048576                                   {product} {ergonomic}
    uintx GCDrainStackTargetSize                   = 64                                        {product} {ergonomic}
   size_t InitialHeapSize                          = 67108864                                  {product} {ergonomic}
   size_t MarkStackSize                            = 4194304                                   {product} {ergonomic}
   size_t MaxHeapSize                              = 2147483648                                {product} {command line}
   size_t MaxNewSize                               = 1287651328                                {product} {ergonomic}
   size_t MinHeapDeltaBytes                        = 1048576                                   {product} {ergonomic}
    uintx NonNMethodCodeHeapSize                   = 5830732                                {pd product} {ergonomic}
    uintx NonProfiledCodeHeapSize                  = 122913754                              {pd product} {ergonomic}
    uintx ProfiledCodeHeapSize                     = 122913754                              {pd product} {ergonomic}
    uintx ReservedCodeCacheSize                    = 251658240                              {pd product} {ergonomic}
     bool SegmentedCodeCache                       = true                                      {product} {ergonomic}
     bool UseCompressedClassPointers               = true                                 {lp64_product} {ergonomic}
     bool UseCompressedOops                        = true                                 {lp64_product} {ergonomic}
     bool UseG1GC                                  = true                                      {product} {ergonomic}
     bool UseLargePagesIndividualAllocation        = false                                  {pd product} {ergonomic}

Logging:
Log output configuration:
 #0: stdout all=warning uptime,level,tags
 #1: stderr all=off uptime,level,tags

Environment Variables:
PATH=C:\Program Files\Common Files\Oracle\Java\javapath;C:\WINDOWS\system32;C:\WINDOWS;C:\WINDOWS\System32\Wbem;C:\WINDOWS\System32\WindowsPowerShell\v1.0\;C:\WINDOWS\System32\OpenSSH\;C:\Program Files\dotnet\;C:\Program Files\Microsoft SQL Server\130\Tools\Binn\;C:\Program Files\Microsoft SQL Server\Client SDK\ODBC\170\Tools\Binn\;C:\Program Files (x86)\dotnet\;C:\Program Files\Git\cmd;C:\Users\MinhNgan\AppData\Local\Microsoft\WindowsApps
USERNAME=MinhNgan
OS=Windows_NT
PROCESSOR_IDENTIFIER=Intel64 Family 6 Model 69 Stepping 1, GenuineIntel



---------------  S Y S T E M  ---------------

OS: Windows 10 , 64 bit Build 19041 (10.0.19041.1202)
OS uptime: 0 days 0:17 hours

CPU:total 4 (initial active 4) (2 cores per cpu, 2 threads per core) family 6 model 69 stepping 1 microcode 0x25, cmov, cx8, fxsr, mmx, sse, sse2, sse3, ssse3, sse4.1, sse4.2, popcnt, avx, avx2, aes, clmul, erms, lzcnt, ht, tsc, tscinvbit, bmi1, bmi2, fma

Memory: 4k page, system-wide physical 3979M (57M free)
TotalPageFile size 6979M (AvailPageFile size 1M)
current process WorkingSet (physical memory assigned to process): 257M, peak: 257M
current process commit charge ("private bytes"): 400M, peak: 401M

vm_info: OpenJDK 64-Bit Server VM (11.0.10+0-b96-7249189) for windows-amd64 JRE (11.0.10+0-b96-7249189), built on Mar 31 2021 21:44:00 by "builder" with MS VC++ 14.0 (VS2015)

END.
