#
# There is insufficient memory for the Java Runtime Environment to continue.
# Native memory allocation (malloc) failed to allocate 1279536 bytes for Chunk::new
# Possible reasons:
#   The system is out of physical RAM or swap space
#   The process is running with CompressedOops enabled, and the Java Heap may be blocking the growth of the native heap
# Possible solutions:
#   Reduce memory load on the system
#   Increase physical memory or swap space
#   Check if swap backing store is full
#   Decrease Java heap size (-Xmx/-Xms)
#   Decrease number of Java threads
#   Decrease Java thread stack sizes (-Xss)
#   Set larger code cache with -XX:ReservedCodeCacheSize=
#   JVM is running with Unscaled Compressed Oops mode in which the Java heap is
#     placed in the first 4GB address space. The Java Heap base address is the
#     maximum limit for the native heap growth. Please use -XX:HeapBaseMinAddress
#     to set the Java Heap base and to place the Java Heap above 4GB virtual address.
# This output file may be truncated or incomplete.
#
#  Out of Memory Error (./src/hotspot/share/memory/arena.cpp:197), pid=7132, tid=8764
#
# JRE version: OpenJDK Runtime Environment (11.0.10) (build 11.0.10+0-b96-7249189)
# Java VM: OpenJDK 64-Bit Server VM (11.0.10+0-b96-7249189, mixed mode, tiered, compressed oops, g1 gc, windows-amd64)
# No core dump will be written. Minidumps are not enabled by default on client versions of Windows
#

---------------  S U M M A R Y ------------

Command Line: --add-opens=java.base/java.util=ALL-UNNAMED --add-opens=java.base/java.lang=ALL-UNNAMED --add-opens=java.base/java.lang.invoke=ALL-UNNAMED --add-opens=java.base/java.util=ALL-UNNAMED --add-opens=java.prefs/java.util.prefs=ALL-UNNAMED --add-opens=java.prefs/java.util.prefs=ALL-UNNAMED --add-opens=java.base/java.nio.charset=ALL-UNNAMED --add-opens=java.base/java.net=ALL-UNNAMED --add-opens=java.base/java.util.concurrent.atomic=ALL-UNNAMED -Xmx2048m -Dfile.encoding=UTF-8 -Duser.country=US -Duser.language=en -Duser.variant org.gradle.launcher.daemon.bootstrap.GradleDaemon 7.0.2

Host: Intel(R) Core(TM) i5-4210U CPU @ 1.70GHz, 4 cores, 3G,  Windows 10 , 64 bit Build 19041 (10.0.19041.1202)
Time: Wed Nov 10 15:35:44 2021 SE Asia Standard Time elapsed time: 565.517002 seconds (0d 0h 9m 25s)

---------------  T H R E A D  ---------------

Current thread (0x00000283f214c800):  JavaThread "C2 CompilerThread0" daemon [_thread_in_native, id=8764, stack(0x000000c57c900000,0x000000c57ca00000)]


Current CompileTask:
C2: 565517 18582       4       org.gradle.internal.component.model.ComponentAttributeMatcher::match (259 bytes)

Stack: [0x000000c57c900000,0x000000c57ca00000]
Native frames: (J=compiled Java code, j=interpreted, Vv=VM code, C=native code)
V  [jvm.dll+0x5ecfaa]
V  [jvm.dll+0x722bd5]
V  [jvm.dll+0x72412d]
V  [jvm.dll+0x7247e3]
V  [jvm.dll+0x242928]
V  [jvm.dll+0xbc4fc]
V  [jvm.dll+0xbca0c]
V  [jvm.dll+0x352d3b]
V  [jvm.dll+0x320ad3]
V  [jvm.dll+0x31ffca]
V  [jvm.dll+0x1fb602]
V  [jvm.dll+0x1fa7f4]
V  [jvm.dll+0x18354c]
V  [jvm.dll+0x208ee7]
V  [jvm.dll+0x207731]
V  [jvm.dll+0x6eb1cf]
V  [jvm.dll+0x6e3d45]
V  [jvm.dll+0x5ebe96]
C  [ucrtbase.dll+0x21bb2]
C  [KERNEL32.DLL+0x17034]
C  [ntdll.dll+0x52651]


---------------  P R O C E S S  ---------------

Threads class SMR info:
_java_thread_list=0x00000283f624dab0, length=49, elements={
0x00000283d7d9b000, 0x00000283f20e7800, 0x00000283f20f3800, 0x00000283f2140800,
0x00000283f2142800, 0x00000283f2145000, 0x00000283f214c800, 0x00000283f2154000,
0x00000283f2155800, 0x00000283f2bc6000, 0x00000283f4b4c000, 0x00000283f503e800,
0x00000283f44c3800, 0x00000283f5225000, 0x00000283f5225800, 0x00000283f5223000,
0x00000283f5229800, 0x00000283f5227800, 0x00000283f5228000, 0x00000283f5224000,
0x00000283f562c800, 0x00000283f562e800, 0x00000283f562d800, 0x00000283f5629800,
0x00000283f6fc1800, 0x00000283f5229000, 0x00000283f7f11000, 0x00000283f6fbc000,
0x00000283f6fbd800, 0x00000283f6fbd000, 0x00000283f6fbf000, 0x00000283f6fbe800,
0x00000283f6fc5000, 0x00000283f6fc4000, 0x00000283f6fc2800, 0x00000283f6fc3800,
0x00000283f6fc0000, 0x00000283f6fc1000, 0x00000283f6fc6000, 0x00000283f6fc6800,
0x00000283f6fc8000, 0x00000283f6fc9000, 0x00000283f6fc7800, 0x00000283f6fca000,
0x00000283f6fca800, 0x00000283f7f0e000, 0x00000283f7f0e800, 0x00000283f7f12000,
0x00000283f7f12800
}

Java Threads: ( => current thread )
  0x00000283d7d9b000 JavaThread "main" [_thread_blocked, id=7492, stack(0x000000c57bd00000,0x000000c57be00000)]
  0x00000283f20e7800 JavaThread "Reference Handler" daemon [_thread_blocked, id=8452, stack(0x000000c57c400000,0x000000c57c500000)]
  0x00000283f20f3800 JavaThread "Finalizer" daemon [_thread_blocked, id=2080, stack(0x000000c57c500000,0x000000c57c600000)]
  0x00000283f2140800 JavaThread "Signal Dispatcher" daemon [_thread_blocked, id=6756, stack(0x000000c57c600000,0x000000c57c700000)]
  0x00000283f2142800 JavaThread "Attach Listener" daemon [_thread_blocked, id=8404, stack(0x000000c57c700000,0x000000c57c800000)]
  0x00000283f2145000 JavaThread "Service Thread" daemon [_thread_blocked, id=8000, stack(0x000000c57c800000,0x000000c57c900000)]
=>0x00000283f214c800 JavaThread "C2 CompilerThread0" daemon [_thread_in_native, id=8764, stack(0x000000c57c900000,0x000000c57ca00000)]
  0x00000283f2154000 JavaThread "C1 CompilerThread0" daemon [_thread_blocked, id=11528, stack(0x000000c57ca00000,0x000000c57cb00000)]
  0x00000283f2155800 JavaThread "Sweeper thread" daemon [_thread_blocked, id=11136, stack(0x000000c57cb00000,0x000000c57cc00000)]
  0x00000283f2bc6000 JavaThread "Common-Cleaner" daemon [_thread_blocked, id=6752, stack(0x000000c57cc00000,0x000000c57cd00000)]
  0x00000283f4b4c000 JavaThread "Daemon health stats" [_thread_blocked, id=11772, stack(0x000000c57d000000,0x000000c57d100000)]
  0x00000283f503e800 JavaThread "Incoming local TCP Connector on port 53280" [_thread_in_native, id=2548, stack(0x000000c57d100000,0x000000c57d200000)]
  0x00000283f44c3800 JavaThread "Daemon periodic checks" [_thread_blocked, id=11560, stack(0x000000c57d200000,0x000000c57d300000)]
  0x00000283f5225000 JavaThread "Cache worker for file hash cache (C:\Program Files\Java\jdk-17.0.1\caches\7.0.2\fileHashes)" [_thread_blocked, id=5708, stack(0x000000c57dc00000,0x000000c57dd00000)]
  0x00000283f5225800 JavaThread "File lock request listener" [_thread_in_native, id=10472, stack(0x000000c57dd00000,0x000000c57de00000)]
  0x00000283f5223000 JavaThread "Cache worker for journal cache (C:\Program Files\Java\jdk-17.0.1\caches\journal-1)" [_thread_blocked, id=3280, stack(0x000000c57de00000,0x000000c57df00000)]
  0x00000283f5229800 JavaThread "File watcher server" daemon [_thread_in_native, id=9000, stack(0x000000c57e000000,0x000000c57e100000)]
  0x00000283f5227800 JavaThread "File watcher consumer" daemon [_thread_blocked, id=6952, stack(0x000000c57e100000,0x000000c57e200000)]
  0x00000283f5228000 JavaThread "jar transforms" [_thread_blocked, id=9656, stack(0x000000c57e200000,0x000000c57e300000)]
  0x00000283f5224000 JavaThread "jar transforms Thread 2" [_thread_blocked, id=1120, stack(0x000000c57e300000,0x000000c57e400000)]
  0x00000283f562c800 JavaThread "jar transforms Thread 3" [_thread_blocked, id=7344, stack(0x000000c57e400000,0x000000c57e500000)]
  0x00000283f562e800 JavaThread "jar transforms Thread 4" [_thread_blocked, id=12108, stack(0x000000c57e500000,0x000000c57e600000)]
  0x00000283f562d800 JavaThread "Cache worker for execution history cache (C:\Program Files\Java\jdk-17.0.1\caches\7.0.2\executionHistory)" [_thread_blocked, id=10340, stack(0x000000c57e900000,0x000000c57ea00000)]
  0x00000283f5629800 JavaThread "Cache worker for file content cache (C:\Program Files\Java\jdk-17.0.1\caches\7.0.2\fileContent)" [_thread_blocked, id=1980, stack(0x000000c57ea00000,0x000000c57eb00000)]
  0x00000283f6fc1800 JavaThread "Memory manager" [_thread_blocked, id=2860, stack(0x000000c57f100000,0x000000c57f200000)]
  0x00000283f5229000 JavaThread "Cache worker for Java compile cache (C:\Program Files\Java\jdk-17.0.1\caches\7.0.2\javaCompile)" [_thread_blocked, id=5220, stack(0x000000c57f300000,0x000000c57f400000)]
  0x00000283f7f11000 JavaThread "ForkJoinPool.commonPool-worker-7" daemon [_thread_blocked, id=3352, stack(0x000000c57fb00000,0x000000c57fc00000)]
  0x00000283f6fbc000 JavaThread "Daemon Thread 4" [_thread_blocked, id=9580, stack(0x000000c57ba00000,0x000000c57bb00000)]
  0x00000283f6fbd800 JavaThread "Handler for socket connection from /127.0.0.1:53280 to /127.0.0.1:53713" [_thread_in_native, id=2360, stack(0x000000c57bb00000,0x000000c57bc00000)]
  0x00000283f6fbd000 JavaThread "Cancel handler" [_thread_blocked, id=9644, stack(0x000000c57bc00000,0x000000c57bd00000)]
  0x00000283f6fbf000 JavaThread "Daemon worker Thread 4" [_thread_blocked, id=7464, stack(0x000000c57ce00000,0x000000c57cf00000)]
  0x00000283f6fbe800 JavaThread "Asynchronous log dispatcher for DefaultDaemonConnection: socket connection from /127.0.0.1:53280 to /127.0.0.1:53713" [_thread_blocked, id=6032, stack(0x000000c57d300000,0x000000c57d400000)]
  0x00000283f6fc5000 JavaThread "Stdin handler" [_thread_blocked, id=7712, stack(0x000000c57d400000,0x000000c57d500000)]
  0x00000283f6fc4000 JavaThread "Daemon client event forwarder" [_thread_blocked, id=4256, stack(0x000000c57d500000,0x000000c57d600000)]
  0x00000283f6fc2800 JavaThread "Cache worker for file hash cache (C:\Users\MinhNgan\AndroidStudioProjects\Android_hepat\.gradle\7.0.2\fileHashes)" [_thread_blocked, id=9336, stack(0x000000c57d600000,0x000000c57d700000)]
  0x00000283f6fc3800 JavaThread "Cache worker for checksums cache (C:\Users\MinhNgan\AndroidStudioProjects\Android_hepat\.gradle\checksums)" [_thread_blocked, id=3348, stack(0x000000c57d700000,0x000000c57d800000)]
  0x00000283f6fc0000 JavaThread "Cache worker for cache directory md-supplier (C:\Program Files\Java\jdk-17.0.1\caches\7.0.2\md-supplier)" [_thread_blocked, id=6088, stack(0x000000c57d800000,0x000000c57d900000)]
  0x00000283f6fc1000 JavaThread "Cache worker for cache directory md-rule (C:\Program Files\Java\jdk-17.0.1\caches\7.0.2\md-rule)" [_thread_blocked, id=4044, stack(0x000000c57d900000,0x000000c57da00000)]
  0x00000283f6fc6000 JavaThread "Cache worker for dependencies-accessors (C:\Users\MinhNgan\AndroidStudioProjects\Android_hepat\.gradle\7.0.2\dependencies-accessors)" [_thread_blocked, id=1704, stack(0x000000c57df00000,0x000000c57e000000)]
  0x00000283f6fc6800 JavaThread "Cache worker for Build Output Cleanup Cache (C:\Users\MinhNgan\AndroidStudioProjects\Android_hepat\.gradle\buildOutputCleanup)" [_thread_blocked, id=8892, stack(0x000000c57e600000,0x000000c57e700000)]
  0x00000283f6fc8000 JavaThread "Build operations" [_thread_blocked, id=11596, stack(0x000000c57e700000,0x000000c57e800000)]
  0x00000283f6fc9000 JavaThread "Build operations Thread 2" [_thread_blocked, id=6340, stack(0x000000c57e800000,0x000000c57e900000)]
  0x00000283f6fc7800 JavaThread "Build operations Thread 3" [_thread_blocked, id=2032, stack(0x000000c57eb00000,0x000000c57ec00000)]
  0x00000283f6fca000 JavaThread "Build operations Thread 4" [_thread_blocked, id=10844, stack(0x000000c57ec00000,0x000000c57ed00000)]
  0x00000283f6fca800 JavaThread "build event listener" [_thread_blocked, id=5500, stack(0x000000c57ed00000,0x000000c57ee00000)]
  0x00000283f7f0e000 JavaThread "Execution worker for ':'" [_thread_blocked, id=11336, stack(0x000000c57ee00000,0x000000c57ef00000)]
  0x00000283f7f0e800 JavaThread "Execution worker for ':' Thread 2" [_thread_in_Java, id=996, stack(0x000000c57ef00000,0x000000c57f000000)]
  0x00000283f7f12000 JavaThread "Execution worker for ':' Thread 3" [_thread_blocked, id=1204, stack(0x000000c57f000000,0x000000c57f100000)]
  0x00000283f7f12800 JavaThread "Cache worker for execution history cache (C:\Users\MinhNgan\AndroidStudioProjects\Android_hepat\.gradle\7.0.2\executionHistory)" [_thread_blocked, id=9940, stack(0x000000c57f200000,0x000000c57f300000)]

Other Threads:
  0x00000283f20e2000 VMThread "VM Thread" [stack: 0x000000c57c300000,0x000000c57c400000] [id=4376]
  0x00000283f2bef800 WatcherThread [stack: 0x000000c57cd00000,0x000000c57ce00000] [id=6348]
  0x00000283d7db4000 GCTaskThread "GC Thread#0" [stack: 0x000000c57be00000,0x000000c57bf00000] [id=4644]
  0x00000283f3348000 GCTaskThread "GC Thread#1" [stack: 0x000000c57cf00000,0x000000c57d000000] [id=7432]
  0x00000283f4d20000 GCTaskThread "GC Thread#2" [stack: 0x000000c57da00000,0x000000c57db00000] [id=6264]
  0x00000283f3b91000 GCTaskThread "GC Thread#3" [stack: 0x000000c57db00000,0x000000c57dc00000] [id=10644]
  0x00000283d7de5000 ConcurrentGCThread "G1 Main Marker" [stack: 0x000000c57bf00000,0x000000c57c000000] [id=10480]
  0x00000283d7de6000 ConcurrentGCThread "G1 Conc#0" [stack: 0x000000c57c000000,0x000000c57c100000] [id=12008]
  0x00000283d7e3f800 ConcurrentGCThread "G1 Refine#0" [stack: 0x000000c57c100000,0x000000c57c200000] [id=5492]
  0x00000283d7e40800 ConcurrentGCThread "G1 Young RemSet Sampling" [stack: 0x000000c57c200000,0x000000c57c300000] [id=2376]

Threads with active compile tasks:
C2 CompilerThread0 565569 18582       4       org.gradle.internal.component.model.ComponentAttributeMatcher::match (259 bytes)

VM state:not at safepoint (normal execution)

VM Mutex/Monitor currently owned by a thread: None

Heap address: 0x0000000080000000, size: 2048 MB, Compressed Oops mode: 32-bit
Narrow klass base: 0x0000000000000000, Narrow klass shift: 3
Compressed class space size: 1073741824 Address: 0x0000000100000000

Heap:
 garbage-first heap   total 239616K, used 151833K [0x0000000080000000, 0x0000000100000000)
  region size 1024K, 25 young (25600K), 1 survivors (1024K)
 Metaspace       used 127454K, capacity 131189K, committed 131328K, reserved 1163264K
  class space    used 16414K, capacity 17862K, committed 17920K, reserved 1048576K
Heap Regions: E=young(eden), S=young(survivor), O=old, HS=humongous(starts), HC=humongous(continues), CS=collection set, F=free, A=archive, TAMS=top-at-mark-start (previous, next)
|   0|0x0000000080000000, 0x0000000080100000, 0x0000000080100000|100%|HS|  |TAMS 0x0000000080100000, 0x0000000080000000| Complete 
|   1|0x0000000080100000, 0x0000000080200000, 0x0000000080200000|100%|HC|  |TAMS 0x0000000080200000, 0x0000000080100000| Complete 
|   2|0x0000000080200000, 0x0000000080300000, 0x0000000080300000|100%|HC|  |TAMS 0x0000000080300000, 0x0000000080200000| Complete 
|   3|0x0000000080300000, 0x0000000080400000, 0x0000000080400000|100%| O|  |TAMS 0x0000000080400000, 0x0000000080300000| Untracked 
|   4|0x0000000080400000, 0x0000000080500000, 0x0000000080500000|100%| O|  |TAMS 0x0000000080500000, 0x0000000080400000| Untracked 
|   5|0x0000000080500000, 0x0000000080600000, 0x0000000080600000|100%| O|  |TAMS 0x0000000080600000, 0x0000000080500000| Untracked 
|   6|0x0000000080600000, 0x0000000080700000, 0x0000000080700000|100%| O|  |TAMS 0x0000000080700000, 0x0000000080600000| Untracked 
|   7|0x0000000080700000, 0x0000000080800000, 0x0000000080800000|100%| O|  |TAMS 0x0000000080800000, 0x0000000080700000| Untracked 
|   8|0x0000000080800000, 0x0000000080900000, 0x0000000080900000|100%| O|  |TAMS 0x0000000080900000, 0x0000000080800000| Untracked 
|   9|0x0000000080900000, 0x0000000080a00000, 0x0000000080a00000|100%| O|  |TAMS 0x0000000080a00000, 0x0000000080900000| Untracked 
|  10|0x0000000080a00000, 0x0000000080b00000, 0x0000000080b00000|100%| O|  |TAMS 0x0000000080b00000, 0x0000000080a00000| Untracked 
|  11|0x0000000080b00000, 0x0000000080c00000, 0x0000000080c00000|100%| O|  |TAMS 0x0000000080c00000, 0x0000000080b00000| Untracked 
|  12|0x0000000080c00000, 0x0000000080d00000, 0x0000000080d00000|100%| O|  |TAMS 0x0000000080d00000, 0x0000000080c00000| Untracked 
|  13|0x0000000080d00000, 0x0000000080e00000, 0x0000000080e00000|100%| O|  |TAMS 0x0000000080e00000, 0x0000000080d00000| Untracked 
|  14|0x0000000080e00000, 0x0000000080f00000, 0x0000000080f00000|100%| O|  |TAMS 0x0000000080f00000, 0x0000000080e00000| Untracked 
|  15|0x0000000080f00000, 0x0000000081000000, 0x0000000081000000|100%| O|  |TAMS 0x0000000081000000, 0x0000000080f00000| Untracked 
|  16|0x0000000081000000, 0x0000000081100000, 0x0000000081100000|100%|HS|  |TAMS 0x0000000081100000, 0x0000000081000000| Complete 
|  17|0x0000000081100000, 0x0000000081200000, 0x0000000081200000|100%|HC|  |TAMS 0x0000000081200000, 0x0000000081100000| Complete 
|  18|0x0000000081200000, 0x0000000081300000, 0x0000000081300000|100%|HS|  |TAMS 0x0000000081300000, 0x0000000081200000| Complete 
|  19|0x0000000081300000, 0x0000000081400000, 0x0000000081400000|100%|HC|  |TAMS 0x0000000081400000, 0x0000000081300000| Complete 
|  20|0x0000000081400000, 0x0000000081500000, 0x0000000081500000|100%|HC|  |TAMS 0x0000000081500000, 0x0000000081400000| Complete 
|  21|0x0000000081500000, 0x0000000081600000, 0x0000000081600000|100%|HS|  |TAMS 0x0000000081600000, 0x0000000081500000| Complete 
|  22|0x0000000081600000, 0x0000000081700000, 0x0000000081700000|100%|HC|  |TAMS 0x0000000081700000, 0x0000000081600000| Complete 
|  23|0x0000000081700000, 0x0000000081800000, 0x0000000081800000|100%|HC|  |TAMS 0x0000000081800000, 0x0000000081700000| Complete 
|  24|0x0000000081800000, 0x0000000081900000, 0x0000000081900000|100%|HC|  |TAMS 0x0000000081900000, 0x0000000081800000| Complete 
|  25|0x0000000081900000, 0x0000000081a00000, 0x0000000081a00000|100%|HC|  |TAMS 0x0000000081a00000, 0x0000000081900000| Complete 
|  26|0x0000000081a00000, 0x0000000081b00000, 0x0000000081b00000|100%| O|  |TAMS 0x0000000081b00000, 0x0000000081a00000| Untracked 
|  27|0x0000000081b00000, 0x0000000081c00000, 0x0000000081c00000|100%| O|  |TAMS 0x0000000081c00000, 0x0000000081b00000| Untracked 
|  28|0x0000000081c00000, 0x0000000081d00000, 0x0000000081d00000|100%| O|  |TAMS 0x0000000081d00000, 0x0000000081c00000| Untracked 
|  29|0x0000000081d00000, 0x0000000081e00000, 0x0000000081e00000|100%| O|  |TAMS 0x0000000081e00000, 0x0000000081d00000| Untracked 
|  30|0x0000000081e00000, 0x0000000081f00000, 0x0000000081f00000|100%| O|  |TAMS 0x0000000081f00000, 0x0000000081e00000| Untracked 
|  31|0x0000000081f00000, 0x0000000082000000, 0x0000000082000000|100%| O|  |TAMS 0x0000000082000000, 0x0000000081f00000| Untracked 
|  32|0x0000000082000000, 0x0000000082100000, 0x0000000082100000|100%| O|  |TAMS 0x0000000082100000, 0x0000000082000000| Untracked 
|  33|0x0000000082100000, 0x0000000082200000, 0x0000000082200000|100%| O|  |TAMS 0x0000000082200000, 0x0000000082100000| Untracked 
|  34|0x0000000082200000, 0x0000000082300000, 0x0000000082300000|100%| O|  |TAMS 0x0000000082300000, 0x0000000082200000| Untracked 
|  35|0x0000000082300000, 0x0000000082400000, 0x0000000082400000|100%| O|  |TAMS 0x0000000082400000, 0x0000000082300000| Untracked 
|  36|0x0000000082400000, 0x0000000082500000, 0x0000000082500000|100%| O|  |TAMS 0x0000000082500000, 0x0000000082400000| Untracked 
|  37|0x0000000082500000, 0x0000000082600000, 0x0000000082600000|100%| O|  |TAMS 0x0000000082600000, 0x0000000082500000| Untracked 
|  38|0x0000000082600000, 0x0000000082700000, 0x0000000082700000|100%| O|  |TAMS 0x0000000082700000, 0x0000000082600000| Untracked 
|  39|0x0000000082700000, 0x0000000082800000, 0x0000000082800000|100%|HS|  |TAMS 0x0000000082800000, 0x0000000082700000| Complete 
|  40|0x0000000082800000, 0x0000000082900000, 0x0000000082900000|100%|HC|  |TAMS 0x0000000082900000, 0x0000000082800000| Complete 
|  41|0x0000000082900000, 0x0000000082a00000, 0x0000000082a00000|100%|HC|  |TAMS 0x0000000082a00000, 0x0000000082900000| Complete 
|  42|0x0000000082a00000, 0x0000000082b00000, 0x0000000082b00000|100%|HC|  |TAMS 0x0000000082b00000, 0x0000000082a00000| Complete 
|  43|0x0000000082b00000, 0x0000000082c00000, 0x0000000082c00000|100%|HC|  |TAMS 0x0000000082c00000, 0x0000000082b00000| Complete 
|  44|0x0000000082c00000, 0x0000000082d00000, 0x0000000082d00000|100%|HS|  |TAMS 0x0000000082d00000, 0x0000000082c00000| Complete 
|  45|0x0000000082d00000, 0x0000000082e00000, 0x0000000082e00000|100%|HC|  |TAMS 0x0000000082e00000, 0x0000000082d00000| Complete 
|  46|0x0000000082e00000, 0x0000000082f00000, 0x0000000082f00000|100%|HC|  |TAMS 0x0000000082f00000, 0x0000000082e00000| Complete 
|  47|0x0000000082f00000, 0x0000000083000000, 0x0000000083000000|100%| O|  |TAMS 0x0000000083000000, 0x0000000082f00000| Untracked 
|  48|0x0000000083000000, 0x0000000083100000, 0x0000000083100000|100%| O|  |TAMS 0x0000000083100000, 0x0000000083000000| Untracked 
|  49|0x0000000083100000, 0x0000000083200000, 0x0000000083200000|100%| O|  |TAMS 0x0000000083200000, 0x0000000083100000| Untracked 
|  50|0x0000000083200000, 0x0000000083300000, 0x0000000083300000|100%| O|  |TAMS 0x0000000083300000, 0x0000000083200000| Untracked 
|  51|0x0000000083300000, 0x0000000083400000, 0x0000000083400000|100%| O|  |TAMS 0x0000000083400000, 0x0000000083300000| Untracked 
|  52|0x0000000083400000, 0x0000000083500000, 0x0000000083500000|100%| O|  |TAMS 0x0000000083500000, 0x0000000083400000| Untracked 
|  53|0x0000000083500000, 0x0000000083600000, 0x0000000083600000|100%| O|  |TAMS 0x0000000083600000, 0x0000000083500000| Untracked 
|  54|0x0000000083600000, 0x0000000083700000, 0x0000000083700000|100%| O|  |TAMS 0x0000000083700000, 0x0000000083600000| Untracked 
|  55|0x0000000083700000, 0x0000000083800000, 0x0000000083800000|100%| O|  |TAMS 0x0000000083800000, 0x0000000083700000| Untracked 
|  56|0x0000000083800000, 0x0000000083900000, 0x0000000083900000|100%|HS|  |TAMS 0x0000000083900000, 0x0000000083800000| Complete 
|  57|0x0000000083900000, 0x0000000083a00000, 0x0000000083a00000|100%|HS|  |TAMS 0x0000000083a00000, 0x0000000083900000| Complete 
|  58|0x0000000083a00000, 0x0000000083b00000, 0x0000000083b00000|100%|HS|  |TAMS 0x0000000083b00000, 0x0000000083a00000| Complete 
|  59|0x0000000083b00000, 0x0000000083c00000, 0x0000000083c00000|100%|HC|  |TAMS 0x0000000083c00000, 0x0000000083b00000| Complete 
|  60|0x0000000083c00000, 0x0000000083d00000, 0x0000000083d00000|100%| O|  |TAMS 0x0000000083d00000, 0x0000000083c00000| Untracked 
|  61|0x0000000083d00000, 0x0000000083e00000, 0x0000000083e00000|100%| O|  |TAMS 0x0000000083e00000, 0x0000000083d00000| Untracked 
|  62|0x0000000083e00000, 0x0000000083f00000, 0x0000000083f00000|100%| O|  |TAMS 0x0000000083f00000, 0x0000000083e00000| Untracked 
|  63|0x0000000083f00000, 0x0000000084000000, 0x0000000084000000|100%| O|  |TAMS 0x0000000084000000, 0x0000000083f00000| Untracked 
|  64|0x0000000084000000, 0x0000000084100000, 0x0000000084100000|100%| O|  |TAMS 0x0000000084100000, 0x0000000084000000| Untracked 
|  65|0x0000000084100000, 0x0000000084200000, 0x0000000084200000|100%| O|  |TAMS 0x0000000084200000, 0x0000000084100000| Untracked 
|  66|0x0000000084200000, 0x0000000084300000, 0x0000000084300000|100%| O|  |TAMS 0x0000000084300000, 0x0000000084200000| Untracked 
|  67|0x0000000084300000, 0x0000000084400000, 0x0000000084400000|100%| O|  |TAMS 0x0000000084400000, 0x0000000084300000| Untracked 
|  68|0x0000000084400000, 0x0000000084500000, 0x0000000084500000|100%| O|  |TAMS 0x0000000084500000, 0x0000000084400000| Untracked 
|  69|0x0000000084500000, 0x0000000084600000, 0x0000000084600000|100%| O|  |TAMS 0x0000000084600000, 0x0000000084500000| Untracked 
|  70|0x0000000084600000, 0x0000000084700000, 0x0000000084700000|100%| O|  |TAMS 0x0000000084700000, 0x0000000084600000| Untracked 
|  71|0x0000000084700000, 0x0000000084800000, 0x0000000084800000|100%| O|  |TAMS 0x0000000084800000, 0x0000000084700000| Untracked 
|  72|0x0000000084800000, 0x0000000084900000, 0x0000000084900000|100%| O|  |TAMS 0x0000000084900000, 0x0000000084800000| Untracked 
|  73|0x0000000084900000, 0x0000000084a00000, 0x0000000084a00000|100%| O|  |TAMS 0x0000000084a00000, 0x0000000084900000| Untracked 
|  74|0x0000000084a00000, 0x0000000084b00000, 0x0000000084b00000|100%| O|  |TAMS 0x0000000084b00000, 0x0000000084a00000| Untracked 
|  75|0x0000000084b00000, 0x0000000084c00000, 0x0000000084c00000|100%| O|  |TAMS 0x0000000084c00000, 0x0000000084b00000| Untracked 
|  76|0x0000000084c00000, 0x0000000084d00000, 0x0000000084d00000|100%| O|  |TAMS 0x0000000084d00000, 0x0000000084c00000| Untracked 
|  77|0x0000000084d00000, 0x0000000084e00000, 0x0000000084e00000|100%| O|  |TAMS 0x0000000084e00000, 0x0000000084d00000| Untracked 
|  78|0x0000000084e00000, 0x0000000084f00000, 0x0000000084f00000|100%| O|  |TAMS 0x0000000084f00000, 0x0000000084e00000| Untracked 
|  79|0x0000000084f00000, 0x0000000085000000, 0x0000000085000000|100%| O|  |TAMS 0x0000000085000000, 0x0000000084f00000| Untracked 
|  80|0x0000000085000000, 0x0000000085100000, 0x0000000085100000|100%| O|  |TAMS 0x0000000085100000, 0x0000000085000000| Untracked 
|  81|0x0000000085100000, 0x0000000085200000, 0x0000000085200000|100%| O|  |TAMS 0x0000000085200000, 0x0000000085100000| Untracked 
|  82|0x0000000085200000, 0x0000000085300000, 0x0000000085300000|100%| O|  |TAMS 0x0000000085300000, 0x0000000085200000| Untracked 
|  83|0x0000000085300000, 0x0000000085400000, 0x0000000085400000|100%| O|  |TAMS 0x0000000085400000, 0x0000000085300000| Untracked 
|  84|0x0000000085400000, 0x0000000085500000, 0x0000000085500000|100%| O|  |TAMS 0x0000000085500000, 0x0000000085400000| Untracked 
|  85|0x0000000085500000, 0x0000000085600000, 0x0000000085600000|100%| O|  |TAMS 0x0000000085600000, 0x0000000085500000| Untracked 
|  86|0x0000000085600000, 0x0000000085700000, 0x0000000085700000|100%| O|  |TAMS 0x0000000085700000, 0x0000000085600000| Untracked 
|  87|0x0000000085700000, 0x0000000085800000, 0x0000000085800000|100%| O|  |TAMS 0x0000000085800000, 0x0000000085700000| Untracked 
|  88|0x0000000085800000, 0x0000000085900000, 0x0000000085900000|100%| O|  |TAMS 0x0000000085900000, 0x0000000085800000| Untracked 
|  89|0x0000000085900000, 0x0000000085a00000, 0x0000000085a00000|100%| O|  |TAMS 0x0000000085a00000, 0x0000000085900000| Untracked 
|  90|0x0000000085a00000, 0x0000000085b00000, 0x0000000085b00000|100%| O|  |TAMS 0x0000000085b00000, 0x0000000085a00000| Untracked 
|  91|0x0000000085b00000, 0x0000000085c00000, 0x0000000085c00000|100%| O|  |TAMS 0x0000000085c00000, 0x0000000085b00000| Untracked 
|  92|0x0000000085c00000, 0x0000000085d00000, 0x0000000085d00000|100%| O|  |TAMS 0x0000000085d00000, 0x0000000085c00000| Untracked 
|  93|0x0000000085d00000, 0x0000000085d00000, 0x0000000085e00000|  0%| F|  |TAMS 0x0000000085d00000, 0x0000000085d00000| Untracked 
|  94|0x0000000085e00000, 0x0000000085f00000, 0x0000000085f00000|100%| O|  |TAMS 0x0000000085f00000, 0x0000000085e00000| Untracked 
|  95|0x0000000085f00000, 0x0000000086000000, 0x0000000086000000|100%| O|  |TAMS 0x0000000086000000, 0x0000000085f00000| Untracked 
|  96|0x0000000086000000, 0x0000000086100000, 0x0000000086100000|100%| O|  |TAMS 0x0000000086100000, 0x0000000086000000| Untracked 
|  97|0x0000000086100000, 0x0000000086100000, 0x0000000086200000|  0%| F|  |TAMS 0x0000000086100000, 0x0000000086100000| Untracked 
|  98|0x0000000086200000, 0x0000000086200000, 0x0000000086300000|  0%| F|  |TAMS 0x0000000086200000, 0x0000000086200000| Untracked 
|  99|0x0000000086300000, 0x0000000086300000, 0x0000000086400000|  0%| F|  |TAMS 0x0000000086300000, 0x0000000086300000| Untracked 
| 100|0x0000000086400000, 0x0000000086400000, 0x0000000086500000|  0%| F|  |TAMS 0x0000000086400000, 0x0000000086400000| Untracked 
| 101|0x0000000086500000, 0x0000000086500000, 0x0000000086600000|  0%| F|  |TAMS 0x0000000086500000, 0x0000000086500000| Untracked 
| 102|0x0000000086600000, 0x0000000086600000, 0x0000000086700000|  0%| F|  |TAMS 0x0000000086600000, 0x0000000086600000| Untracked 
| 103|0x0000000086700000, 0x0000000086700000, 0x0000000086800000|  0%| F|  |TAMS 0x0000000086700000, 0x0000000086700000| Untracked 
| 104|0x0000000086800000, 0x0000000086800000, 0x0000000086900000|  0%| F|  |TAMS 0x0000000086800000, 0x0000000086800000| Untracked 
| 105|0x0000000086900000, 0x0000000086900000, 0x0000000086a00000|  0%| F|  |TAMS 0x0000000086900000, 0x0000000086900000| Untracked 
| 106|0x0000000086a00000, 0x0000000086b00000, 0x0000000086b00000|100%| O|  |TAMS 0x0000000086b00000, 0x0000000086a00000| Untracked 
| 107|0x0000000086b00000, 0x0000000086c00000, 0x0000000086c00000|100%| O|  |TAMS 0x0000000086c00000, 0x0000000086b00000| Untracked 
| 108|0x0000000086c00000, 0x0000000086d00000, 0x0000000086d00000|100%| O|  |TAMS 0x0000000086d00000, 0x0000000086c00000| Untracked 
| 109|0x0000000086d00000, 0x0000000086e00000, 0x0000000086e00000|100%| O|  |TAMS 0x0000000086e00000, 0x0000000086d00000| Untracked 
| 110|0x0000000086e00000, 0x0000000086f00000, 0x0000000086f00000|100%| O|  |TAMS 0x0000000086f00000, 0x0000000086e00000| Untracked 
| 111|0x0000000086f00000, 0x0000000087000000, 0x0000000087000000|100%| O|  |TAMS 0x0000000087000000, 0x0000000086f00000| Untracked 
| 112|0x0000000087000000, 0x0000000087100000, 0x0000000087100000|100%| O|  |TAMS 0x0000000087100000, 0x0000000087000000| Untracked 
| 113|0x0000000087100000, 0x0000000087200000, 0x0000000087200000|100%| O|  |TAMS 0x0000000087200000, 0x0000000087100000| Untracked 
| 114|0x0000000087200000, 0x0000000087300000, 0x0000000087300000|100%| O|  |TAMS 0x0000000087300000, 0x0000000087200000| Untracked 
| 115|0x0000000087300000, 0x0000000087300000, 0x0000000087400000|  0%| F|  |TAMS 0x0000000087300000, 0x0000000087300000| Untracked 
| 116|0x0000000087400000, 0x0000000087500000, 0x0000000087500000|100%| O|  |TAMS 0x0000000087500000, 0x0000000087400000| Untracked 
| 117|0x0000000087500000, 0x0000000087600000, 0x0000000087600000|100%| O|  |TAMS 0x0000000087600000, 0x0000000087500000| Untracked 
| 118|0x0000000087600000, 0x0000000087700000, 0x0000000087700000|100%| O|  |TAMS 0x0000000087700000, 0x0000000087600000| Untracked 
| 119|0x0000000087700000, 0x0000000087800000, 0x0000000087800000|100%| O|  |TAMS 0x0000000087800000, 0x0000000087700000| Untracked 
| 120|0x0000000087800000, 0x0000000087900000, 0x0000000087900000|100%| O|  |TAMS 0x0000000087900000, 0x0000000087800000| Untracked 
| 121|0x0000000087900000, 0x0000000087a00000, 0x0000000087a00000|100%| O|  |TAMS 0x0000000087a00000, 0x0000000087900000| Untracked 
| 122|0x0000000087a00000, 0x0000000087b00000, 0x0000000087b00000|100%| O|  |TAMS 0x0000000087b00000, 0x0000000087a00000| Untracked 
| 123|0x0000000087b00000, 0x0000000087c00000, 0x0000000087c00000|100%| O|  |TAMS 0x0000000087b00000, 0x0000000087b00000| Untracked 
| 124|0x0000000087c00000, 0x0000000087d00000, 0x0000000087d00000|100%| O|  |TAMS 0x0000000087d00000, 0x0000000087c00000| Untracked 
| 125|0x0000000087d00000, 0x0000000087e00000, 0x0000000087e00000|100%| O|  |TAMS 0x0000000087e00000, 0x0000000087d00000| Untracked 
| 126|0x0000000087e00000, 0x0000000087f00000, 0x0000000087f00000|100%| O|  |TAMS 0x0000000087f00000, 0x0000000087e00000| Untracked 
| 127|0x0000000087f00000, 0x0000000088000000, 0x0000000088000000|100%| O|  |TAMS 0x0000000088000000, 0x0000000087f00000| Untracked 
| 128|0x0000000088000000, 0x0000000088100000, 0x0000000088100000|100%| O|  |TAMS 0x0000000088100000, 0x0000000088000000| Untracked 
| 129|0x0000000088100000, 0x0000000088200000, 0x0000000088200000|100%| O|  |TAMS 0x000000008811c000, 0x0000000088100000| Untracked 
| 130|0x0000000088200000, 0x0000000088300000, 0x0000000088300000|100%| O|  |TAMS 0x0000000088200000, 0x0000000088200000| Untracked 
| 131|0x0000000088300000, 0x0000000088400000, 0x0000000088400000|100%| O|  |TAMS 0x0000000088300000, 0x0000000088300000| Untracked 
| 132|0x0000000088400000, 0x0000000088500000, 0x0000000088500000|100%| O|  |TAMS 0x0000000088400000, 0x0000000088400000| Untracked 
| 133|0x0000000088500000, 0x0000000088600000, 0x0000000088600000|100%| O|  |TAMS 0x0000000088500000, 0x0000000088500000| Untracked 
| 134|0x0000000088600000, 0x00000000886a4000, 0x0000000088700000| 64%| O|  |TAMS 0x0000000088600000, 0x0000000088600000| Untracked 
| 135|0x0000000088700000, 0x0000000088700000, 0x0000000088800000|  0%| F|  |TAMS 0x0000000088700000, 0x0000000088700000| Untracked 
| 136|0x0000000088800000, 0x0000000088800000, 0x0000000088900000|  0%| F|  |TAMS 0x0000000088800000, 0x0000000088800000| Untracked 
| 137|0x0000000088900000, 0x0000000088900000, 0x0000000088a00000|  0%| F|  |TAMS 0x0000000088900000, 0x0000000088900000| Untracked 
| 138|0x0000000088a00000, 0x0000000088a00000, 0x0000000088b00000|  0%| F|  |TAMS 0x0000000088a00000, 0x0000000088a00000| Untracked 
| 139|0x0000000088b00000, 0x0000000088b00000, 0x0000000088c00000|  0%| F|  |TAMS 0x0000000088b00000, 0x0000000088b00000| Untracked 
| 140|0x0000000088c00000, 0x0000000088c00000, 0x0000000088d00000|  0%| F|  |TAMS 0x0000000088c00000, 0x0000000088c00000| Untracked 
| 141|0x0000000088d00000, 0x0000000088d00000, 0x0000000088e00000|  0%| F|  |TAMS 0x0000000088d00000, 0x0000000088d00000| Untracked 
| 142|0x0000000088e00000, 0x0000000088e00000, 0x0000000088f00000|  0%| F|  |TAMS 0x0000000088e00000, 0x0000000088e00000| Untracked 
| 143|0x0000000088f00000, 0x0000000088f00000, 0x0000000089000000|  0%| F|  |TAMS 0x0000000088f00000, 0x0000000088f00000| Untracked 
| 144|0x0000000089000000, 0x0000000089000000, 0x0000000089100000|  0%| F|  |TAMS 0x0000000089000000, 0x0000000089000000| Untracked 
| 145|0x0000000089100000, 0x0000000089100000, 0x0000000089200000|  0%| F|  |TAMS 0x0000000089100000, 0x0000000089100000| Untracked 
| 146|0x0000000089200000, 0x0000000089200000, 0x0000000089300000|  0%| F|  |TAMS 0x0000000089200000, 0x0000000089200000| Untracked 
| 147|0x0000000089300000, 0x0000000089300000, 0x0000000089400000|  0%| F|  |TAMS 0x0000000089300000, 0x0000000089300000| Untracked 
| 148|0x0000000089400000, 0x0000000089400000, 0x0000000089500000|  0%| F|  |TAMS 0x0000000089400000, 0x0000000089400000| Untracked 
| 149|0x0000000089500000, 0x0000000089500000, 0x0000000089600000|  0%| F|  |TAMS 0x0000000089500000, 0x0000000089500000| Untracked 
| 150|0x0000000089600000, 0x0000000089600000, 0x0000000089700000|  0%| F|  |TAMS 0x0000000089600000, 0x0000000089600000| Untracked 
| 151|0x0000000089700000, 0x0000000089700000, 0x0000000089800000|  0%| F|  |TAMS 0x0000000089700000, 0x0000000089700000| Untracked 
| 152|0x0000000089800000, 0x0000000089800000, 0x0000000089900000|  0%| F|  |TAMS 0x0000000089800000, 0x0000000089800000| Untracked 
| 153|0x0000000089900000, 0x0000000089900000, 0x0000000089a00000|  0%| F|  |TAMS 0x0000000089900000, 0x0000000089900000| Untracked 
| 154|0x0000000089a00000, 0x0000000089a00000, 0x0000000089b00000|  0%| F|  |TAMS 0x0000000089a00000, 0x0000000089a00000| Untracked 
| 155|0x0000000089b00000, 0x0000000089b00000, 0x0000000089c00000|  0%| F|  |TAMS 0x0000000089b00000, 0x0000000089b00000| Untracked 
| 156|0x0000000089c00000, 0x0000000089c00000, 0x0000000089d00000|  0%| F|  |TAMS 0x0000000089c00000, 0x0000000089c00000| Untracked 
| 157|0x0000000089d00000, 0x0000000089d00000, 0x0000000089e00000|  0%| F|  |TAMS 0x0000000089d00000, 0x0000000089d00000| Untracked 
| 158|0x0000000089e00000, 0x0000000089f00000, 0x0000000089f00000|100%| O|  |TAMS 0x0000000089e00000, 0x0000000089e00000| Untracked 
| 159|0x0000000089f00000, 0x0000000089f00000, 0x000000008a000000|  0%| F|  |TAMS 0x0000000089f00000, 0x0000000089f00000| Untracked 
| 160|0x000000008a000000, 0x000000008a000000, 0x000000008a100000|  0%| F|  |TAMS 0x000000008a000000, 0x000000008a000000| Untracked 
| 161|0x000000008a100000, 0x000000008a100000, 0x000000008a200000|  0%| F|  |TAMS 0x000000008a100000, 0x000000008a100000| Untracked 
| 162|0x000000008a200000, 0x000000008a200000, 0x000000008a300000|  0%| F|  |TAMS 0x000000008a200000, 0x000000008a200000| Untracked 
| 163|0x000000008a300000, 0x000000008a300000, 0x000000008a400000|  0%| F|  |TAMS 0x000000008a300000, 0x000000008a300000| Untracked 
| 164|0x000000008a400000, 0x000000008a400000, 0x000000008a500000|  0%| F|  |TAMS 0x000000008a400000, 0x000000008a400000| Untracked 
| 165|0x000000008a500000, 0x000000008a500000, 0x000000008a600000|  0%| F|  |TAMS 0x000000008a500000, 0x000000008a500000| Untracked 
| 166|0x000000008a600000, 0x000000008a600000, 0x000000008a700000|  0%| F|  |TAMS 0x000000008a600000, 0x000000008a600000| Untracked 
| 167|0x000000008a700000, 0x000000008a700000, 0x000000008a800000|  0%| F|  |TAMS 0x000000008a700000, 0x000000008a700000| Untracked 
| 168|0x000000008a800000, 0x000000008a800000, 0x000000008a900000|  0%| F|  |TAMS 0x000000008a800000, 0x000000008a800000| Untracked 
| 169|0x000000008a900000, 0x000000008a900000, 0x000000008aa00000|  0%| F|  |TAMS 0x000000008a900000, 0x000000008a900000| Untracked 
| 170|0x000000008aa00000, 0x000000008aa00000, 0x000000008ab00000|  0%| F|  |TAMS 0x000000008aa00000, 0x000000008aa00000| Untracked 
| 171|0x000000008ab00000, 0x000000008ab00000, 0x000000008ac00000|  0%| F|  |TAMS 0x000000008ab00000, 0x000000008ab00000| Untracked 
| 172|0x000000008ac00000, 0x000000008ac00000, 0x000000008ad00000|  0%| F|  |TAMS 0x000000008ac00000, 0x000000008ac00000| Untracked 
| 173|0x000000008ad00000, 0x000000008ad00000, 0x000000008ae00000|  0%| F|  |TAMS 0x000000008ad00000, 0x000000008ad00000| Untracked 
| 174|0x000000008ae00000, 0x000000008ae00000, 0x000000008af00000|  0%| F|  |TAMS 0x000000008ae00000, 0x000000008ae00000| Untracked 
| 175|0x000000008af00000, 0x000000008af00000, 0x000000008b000000|  0%| F|  |TAMS 0x000000008af00000, 0x000000008af00000| Untracked 
| 176|0x000000008b000000, 0x000000008b000000, 0x000000008b100000|  0%| F|  |TAMS 0x000000008b000000, 0x000000008b000000| Untracked 
| 177|0x000000008b100000, 0x000000008b100000, 0x000000008b200000|  0%| F|  |TAMS 0x000000008b100000, 0x000000008b100000| Untracked 
| 178|0x000000008b200000, 0x000000008b200000, 0x000000008b300000|  0%| F|  |TAMS 0x000000008b200000, 0x000000008b200000| Untracked 
| 179|0x000000008b300000, 0x000000008b300000, 0x000000008b400000|  0%| F|  |TAMS 0x000000008b300000, 0x000000008b300000| Untracked 
| 180|0x000000008b400000, 0x000000008b400000, 0x000000008b500000|  0%| F|  |TAMS 0x000000008b400000, 0x000000008b400000| Untracked 
| 181|0x000000008b500000, 0x000000008b500000, 0x000000008b600000|  0%| F|  |TAMS 0x000000008b500000, 0x000000008b500000| Untracked 
| 182|0x000000008b600000, 0x000000008b600000, 0x000000008b700000|  0%| F|  |TAMS 0x000000008b600000, 0x000000008b600000| Untracked 
| 183|0x000000008b700000, 0x000000008b700000, 0x000000008b800000|  0%| F|  |TAMS 0x000000008b700000, 0x000000008b700000| Untracked 
| 184|0x000000008b800000, 0x000000008b800000, 0x000000008b900000|  0%| F|  |TAMS 0x000000008b800000, 0x000000008b800000| Untracked 
| 185|0x000000008b900000, 0x000000008b900000, 0x000000008ba00000|  0%| F|  |TAMS 0x000000008b900000, 0x000000008b900000| Untracked 
| 186|0x000000008ba00000, 0x000000008ba00000, 0x000000008bb00000|  0%| F|  |TAMS 0x000000008ba00000, 0x000000008ba00000| Untracked 
| 187|0x000000008bb00000, 0x000000008bb00000, 0x000000008bc00000|  0%| F|  |TAMS 0x000000008bb00000, 0x000000008bb00000| Untracked 
| 188|0x000000008bc00000, 0x000000008bc00000, 0x000000008bd00000|  0%| F|  |TAMS 0x000000008bc00000, 0x000000008bc00000| Untracked 
| 189|0x000000008bd00000, 0x000000008bd00000, 0x000000008be00000|  0%| F|  |TAMS 0x000000008bd00000, 0x000000008bd00000| Untracked 
| 190|0x000000008be00000, 0x000000008be00000, 0x000000008bf00000|  0%| F|  |TAMS 0x000000008be00000, 0x000000008be00000| Untracked 
| 191|0x000000008bf00000, 0x000000008bf00000, 0x000000008c000000|  0%| F|  |TAMS 0x000000008bf00000, 0x000000008bf00000| Untracked 
| 192|0x000000008c000000, 0x000000008c000000, 0x000000008c100000|  0%| F|  |TAMS 0x000000008c000000, 0x000000008c000000| Untracked 
| 193|0x000000008c100000, 0x000000008c100000, 0x000000008c200000|  0%| F|  |TAMS 0x000000008c100000, 0x000000008c100000| Untracked 
| 194|0x000000008c200000, 0x000000008c200000, 0x000000008c300000|  0%| F|  |TAMS 0x000000008c200000, 0x000000008c200000| Untracked 
| 195|0x000000008c300000, 0x000000008c300000, 0x000000008c400000|  0%| F|  |TAMS 0x000000008c300000, 0x000000008c300000| Untracked 
| 196|0x000000008c400000, 0x000000008c400000, 0x000000008c500000|  0%| F|  |TAMS 0x000000008c400000, 0x000000008c400000| Untracked 
| 197|0x000000008c500000, 0x000000008c500000, 0x000000008c600000|  0%| F|  |TAMS 0x000000008c500000, 0x000000008c500000| Untracked 
| 198|0x000000008c600000, 0x000000008c600000, 0x000000008c700000|  0%| F|  |TAMS 0x000000008c600000, 0x000000008c600000| Untracked 
| 199|0x000000008c700000, 0x000000008c700000, 0x000000008c800000|  0%| F|  |TAMS 0x000000008c700000, 0x000000008c700000| Untracked 
| 200|0x000000008c800000, 0x000000008c800000, 0x000000008c900000|  0%| F|  |TAMS 0x000000008c800000, 0x000000008c800000| Untracked 
| 201|0x000000008c900000, 0x000000008c900000, 0x000000008ca00000|  0%| F|  |TAMS 0x000000008c900000, 0x000000008c900000| Untracked 
| 202|0x000000008ca00000, 0x000000008ca00000, 0x000000008cb00000|  0%| F|  |TAMS 0x000000008ca00000, 0x000000008ca00000| Untracked 
| 203|0x000000008cb00000, 0x000000008cb00000, 0x000000008cc00000|  0%| F|  |TAMS 0x000000008cb00000, 0x000000008cb00000| Untracked 
| 204|0x000000008cc00000, 0x000000008cc00000, 0x000000008cd00000|  0%| F|  |TAMS 0x000000008cc00000, 0x000000008cc00000| Untracked 
| 205|0x000000008cd00000, 0x000000008cd00000, 0x000000008ce00000|  0%| F|  |TAMS 0x000000008cd00000, 0x000000008cd00000| Untracked 
| 206|0x000000008ce00000, 0x000000008ce00000, 0x000000008cf00000|  0%| F|  |TAMS 0x000000008ce00000, 0x000000008ce00000| Untracked 
| 207|0x000000008cf00000, 0x000000008cf00000, 0x000000008d000000|  0%| F|  |TAMS 0x000000008cf00000, 0x000000008cf00000| Untracked 
| 208|0x000000008d000000, 0x000000008d000000, 0x000000008d100000|  0%| F|  |TAMS 0x000000008d000000, 0x000000008d000000| Untracked 
| 209|0x000000008d100000, 0x000000008d110f20, 0x000000008d200000|  6%| E|  |TAMS 0x000000008d100000, 0x000000008d100000| Complete 
| 210|0x000000008d200000, 0x000000008d300000, 0x000000008d300000|100%| E|CS|TAMS 0x000000008d200000, 0x000000008d200000| Complete 
| 211|0x000000008d300000, 0x000000008d400000, 0x000000008d400000|100%| E|CS|TAMS 0x000000008d300000, 0x000000008d300000| Complete 
| 212|0x000000008d400000, 0x000000008d500000, 0x000000008d500000|100%| E|CS|TAMS 0x000000008d400000, 0x000000008d400000| Complete 
| 213|0x000000008d500000, 0x000000008d600000, 0x000000008d600000|100%| E|CS|TAMS 0x000000008d500000, 0x000000008d500000| Complete 
| 214|0x000000008d600000, 0x000000008d700000, 0x000000008d700000|100%| E|CS|TAMS 0x000000008d600000, 0x000000008d600000| Complete 
| 215|0x000000008d700000, 0x000000008d800000, 0x000000008d800000|100%| E|CS|TAMS 0x000000008d700000, 0x000000008d700000| Complete 
| 216|0x000000008d800000, 0x000000008d900000, 0x000000008d900000|100%| E|CS|TAMS 0x000000008d800000, 0x000000008d800000| Complete 
| 217|0x000000008d900000, 0x000000008da00000, 0x000000008da00000|100%| E|CS|TAMS 0x000000008d900000, 0x000000008d900000| Complete 
| 218|0x000000008da00000, 0x000000008db00000, 0x000000008db00000|100%| E|CS|TAMS 0x000000008da00000, 0x000000008da00000| Complete 
| 219|0x000000008db00000, 0x000000008dc00000, 0x000000008dc00000|100%| E|CS|TAMS 0x000000008db00000, 0x000000008db00000| Complete 
| 220|0x000000008dc00000, 0x000000008dd00000, 0x000000008dd00000|100%| E|CS|TAMS 0x000000008dc00000, 0x000000008dc00000| Complete 
| 221|0x000000008dd00000, 0x000000008de00000, 0x000000008de00000|100%| E|CS|TAMS 0x000000008dd00000, 0x000000008dd00000| Complete 
| 222|0x000000008de00000, 0x000000008df00000, 0x000000008df00000|100%| E|CS|TAMS 0x000000008de00000, 0x000000008de00000| Complete 
| 223|0x000000008df00000, 0x000000008e000000, 0x000000008e000000|100%| E|CS|TAMS 0x000000008df00000, 0x000000008df00000| Complete 
| 224|0x000000008e000000, 0x000000008e100000, 0x000000008e100000|100%| E|CS|TAMS 0x000000008e000000, 0x000000008e000000| Complete 
| 225|0x000000008e100000, 0x000000008e1a2620, 0x000000008e200000| 63%| S|CS|TAMS 0x000000008e100000, 0x000000008e100000| Complete 
| 226|0x000000008e200000, 0x000000008e300000, 0x000000008e300000|100%| E|CS|TAMS 0x000000008e200000, 0x000000008e200000| Complete 
| 227|0x000000008e300000, 0x000000008e400000, 0x000000008e400000|100%| E|CS|TAMS 0x000000008e300000, 0x000000008e300000| Complete 
| 228|0x000000008e400000, 0x000000008e500000, 0x000000008e500000|100%| E|CS|TAMS 0x000000008e400000, 0x000000008e400000| Complete 
| 229|0x000000008e500000, 0x000000008e600000, 0x000000008e600000|100%| E|CS|TAMS 0x000000008e500000, 0x000000008e500000| Complete 
| 230|0x000000008e600000, 0x000000008e700000, 0x000000008e700000|100%| E|CS|TAMS 0x000000008e600000, 0x000000008e600000| Complete 
| 231|0x000000008e700000, 0x000000008e800000, 0x000000008e800000|100%| E|CS|TAMS 0x000000008e700000, 0x000000008e700000| Complete 
| 232|0x000000008e800000, 0x000000008e900000, 0x000000008e900000|100%| E|CS|TAMS 0x000000008e800000, 0x000000008e800000| Complete 
| 233|0x000000008e900000, 0x000000008ea00000, 0x000000008ea00000|100%| E|CS|TAMS 0x000000008e900000, 0x000000008e900000| Complete 

Card table byte_map: [0x00000283eb2e0000,0x00000283eb6e0000] _byte_map_base: 0x00000283eaee0000

Marking Bits (Prev, Next): (CMBitMap*) 0x00000283d7ddafa8, (CMBitMap*) 0x00000283d7ddafe0
 Prev Bits: [0x00000283ebae0000, 0x00000283edae0000)
 Next Bits: [0x00000283edae0000, 0x00000283efae0000)

Polling page: 0x00000283d7e80000

Metaspace:

Usage:
  Non-class:    110.67 MB capacity,   108.44 MB ( 98%) used,     1.81 MB (  2%) free+waste,   428.94 KB ( <1%) overhead. 
      Class:     17.44 MB capacity,    16.03 MB ( 92%) used,     1.22 MB (  7%) free+waste,   196.63 KB (  1%) overhead. 
       Both:    128.11 MB capacity,   124.47 MB ( 97%) used,     3.04 MB (  2%) free+waste,   625.56 KB ( <1%) overhead. 

Virtual space:
  Non-class space:      112.00 MB reserved,     110.75 MB ( 99%) committed 
      Class space:        1.00 GB reserved,      17.50 MB (  2%) committed 
             Both:        1.11 GB reserved,     128.25 MB ( 11%) committed 

Chunk freelists:
   Non-Class:  81.00 KB
       Class:  58.00 KB
        Both:  139.00 KB

MaxMetaspaceSize: 17179869184.00 GB
CompressedClassSpaceSize: 1.00 GB

CodeHeap 'non-profiled nmethods': size=120064Kb used=11004Kb max_used=11004Kb free=109059Kb
 bounds [0x00000283e3370000, 0x00000283e3e30000, 0x00000283ea8b0000]
CodeHeap 'profiled nmethods': size=120000Kb used=40308Kb max_used=40308Kb free=79691Kb
 bounds [0x00000283dbe40000, 0x00000283de5a0000, 0x00000283e3370000]
CodeHeap 'non-nmethods': size=5696Kb used=2366Kb max_used=2419Kb free=3329Kb
 bounds [0x00000283db8b0000, 0x00000283dbb20000, 0x00000283dbe40000]
 total_blobs=19341 nmethods=18351 adapters=899
 compilation: enabled
              stopped_count=0, restarted_count=0
 full_count=0

Compilation events (20 events):
Event: 565.457 Thread 0x00000283f2154000 18606       3       org.gradle.internal.execution.impl.DefaultExecutionEngine::createRequest (10 bytes)
Event: 565.457 Thread 0x00000283f2154000 nmethod 18606 0x00000283de59a390 code [0x00000283de59a560, 0x00000283de59a838]
Event: 565.457 Thread 0x00000283f2154000 18607       3       org.gradle.internal.execution.impl.DefaultExecutionEngine$1::<init> (15 bytes)
Event: 565.457 Thread 0x00000283f2154000 nmethod 18607 0x00000283de59a990 code [0x00000283de59ab40, 0x00000283de59ad58]
Event: 565.462 Thread 0x00000283f2154000 18608       3       org.gradle.internal.fingerprint.impl.AbstractFileCollectionFingerprinter::normalizePath (11 bytes)
Event: 565.462 Thread 0x00000283f2154000 nmethod 18608 0x00000283de59ae10 code [0x00000283de59afc0, 0x00000283de59b188]
Event: 565.462 Thread 0x00000283f2154000 18609       3       org.gradle.api.internal.artifacts.transform.DefaultTransformUpstreamDependenciesResolver$1::fingerprint (7 bytes)
Event: 565.463 Thread 0x00000283f2154000 nmethod 18609 0x00000283de59b290 code [0x00000283de59b460, 0x00000283de59b738]
Event: 565.463 Thread 0x00000283f2154000 18610       3       org.gradle.internal.fingerprint.impl.AbstractFileCollectionFingerprinter::empty (10 bytes)
Event: 565.464 Thread 0x00000283f2154000 nmethod 18610 0x00000283de59b890 code [0x00000283de59ba40, 0x00000283de59bc18]
Event: 565.464 Thread 0x00000283f2154000 18612       3       org.gradle.internal.execution.impl.DefaultExecutionEngine$1$2::<init> (15 bytes)
Event: 565.464 Thread 0x00000283f2154000 nmethod 18612 0x00000283de59bd10 code [0x00000283de59bec0, 0x00000283de59c0d8]
Event: 565.464 Thread 0x00000283f2154000 18613       3       org.gradle.internal.execution.impl.DefaultExecutionEngine$1$2::getOrDeferExecution (35 bytes)
Event: 565.464 Thread 0x00000283f2154000 nmethod 18613 0x00000283de59c190 code [0x00000283de59c360, 0x00000283de59c5f8]
Event: 565.464 Thread 0x00000283f2154000 18614       3       org.gradle.internal.execution.impl.DefaultExecutionEngine$1::access$300 (5 bytes)
Event: 565.465 Thread 0x00000283f2154000 nmethod 18614 0x00000283de59c790 code [0x00000283de59c940, 0x00000283de59ca48]
Event: 565.465 Thread 0x00000283f2154000 18611       3       org.gradle.internal.execution.impl.DefaultExecutionEngine$1::withIdentityCache (10 bytes)
Event: 565.465 Thread 0x00000283f2154000 nmethod 18611 0x00000283de59cb10 code [0x00000283de59cce0, 0x00000283de59cfb8]
Event: 565.474 Thread 0x00000283f2154000 18615       1       org.gradle.api.internal.artifacts.transform.TransformationChain::stepsCount (5 bytes)
Event: 565.478 Thread 0x00000283f2154000 nmethod 18615 0x00000283e3e2ef10 code [0x00000283e3e2f0c0, 0x00000283e3e2f178]

GC Heap History (20 events):
Event: 243.896 GC heap before
{Heap before GC invocations=47 (full 0):
 garbage-first heap   total 239616K, used 199593K [0x0000000080000000, 0x0000000100000000)
  region size 1024K, 84 young (86016K), 11 survivors (11264K)
 Metaspace       used 109818K, capacity 113015K, committed 113280K, reserved 1146880K
  class space    used 14013K, capacity 15187K, committed 15232K, reserved 1048576K
}
Event: 243.944 GC heap after
{Heap after GC invocations=48 (full 0):
 garbage-first heap   total 239616K, used 126425K [0x0000000080000000, 0x0000000100000000)
  region size 1024K, 8 young (8192K), 8 survivors (8192K)
 Metaspace       used 109818K, capacity 113015K, committed 113280K, reserved 1146880K
  class space    used 14013K, capacity 15187K, committed 15232K, reserved 1048576K
}
Event: 244.004 GC heap before
{Heap before GC invocations=48 (full 0):
 garbage-first heap   total 239616K, used 129497K [0x0000000080000000, 0x0000000100000000)
  region size 1024K, 11 young (11264K), 8 survivors (8192K)
 Metaspace       used 109819K, capacity 113015K, committed 113280K, reserved 1146880K
  class space    used 14013K, capacity 15187K, committed 15232K, reserved 1048576K
}
Event: 244.051 GC heap after
{Heap after GC invocations=49 (full 0):
 garbage-first heap   total 239616K, used 121830K [0x0000000080000000, 0x0000000100000000)
  region size 1024K, 2 young (2048K), 2 survivors (2048K)
 Metaspace       used 109819K, capacity 113015K, committed 113280K, reserved 1146880K
  class space    used 14013K, capacity 15187K, committed 15232K, reserved 1048576K
}
Event: 247.632 GC heap before
{Heap before GC invocations=49 (full 0):
 garbage-first heap   total 239616K, used 196582K [0x0000000080000000, 0x0000000100000000)
  region size 1024K, 76 young (77824K), 2 survivors (2048K)
 Metaspace       used 117408K, capacity 121029K, committed 121344K, reserved 1155072K
  class space    used 15157K, capacity 16527K, committed 16640K, reserved 1048576K
}
Event: 247.663 GC heap after
{Heap after GC invocations=50 (full 0):
 garbage-first heap   total 239616K, used 124414K [0x0000000080000000, 0x0000000100000000)
  region size 1024K, 4 young (4096K), 4 survivors (4096K)
 Metaspace       used 117408K, capacity 121029K, committed 121344K, reserved 1155072K
  class space    used 15157K, capacity 16527K, committed 16640K, reserved 1048576K
}
Event: 250.705 GC heap before
{Heap before GC invocations=51 (full 0):
 garbage-first heap   total 239616K, used 199166K [0x0000000080000000, 0x0000000100000000)
  region size 1024K, 78 young (79872K), 4 survivors (4096K)
 Metaspace       used 122117K, capacity 125690K, committed 125824K, reserved 1157120K
  class space    used 15872K, capacity 17216K, committed 17280K, reserved 1048576K
}
Event: 250.725 GC heap after
{Heap after GC invocations=52 (full 0):
 garbage-first heap   total 239616K, used 126577K [0x0000000080000000, 0x0000000100000000)
  region size 1024K, 6 young (6144K), 6 survivors (6144K)
 Metaspace       used 122117K, capacity 125690K, committed 125824K, reserved 1157120K
  class space    used 15872K, capacity 17216K, committed 17280K, reserved 1048576K
}
Event: 251.789 GC heap before
{Heap before GC invocations=52 (full 0):
 garbage-first heap   total 239616K, used 149105K [0x0000000080000000, 0x0000000100000000)
  region size 1024K, 30 young (30720K), 6 survivors (6144K)
 Metaspace       used 123787K, capacity 127502K, committed 127616K, reserved 1159168K
  class space    used 16087K, capacity 17494K, committed 17536K, reserved 1048576K
}
Event: 251.820 GC heap after
{Heap after GC invocations=53 (full 0):
 garbage-first heap   total 239616K, used 127553K [0x0000000080000000, 0x0000000100000000)
  region size 1024K, 5 young (5120K), 5 survivors (5120K)
 Metaspace       used 123787K, capacity 127502K, committed 127616K, reserved 1159168K
  class space    used 16087K, capacity 17494K, committed 17536K, reserved 1048576K
}
Event: 343.553 GC heap before
{Heap before GC invocations=54 (full 0):
 garbage-first heap   total 239616K, used 211521K [0x0000000080000000, 0x0000000100000000)
  region size 1024K, 59 young (60416K), 5 survivors (5120K)
 Metaspace       used 125117K, capacity 128947K, committed 129152K, reserved 1161216K
  class space    used 16223K, capacity 17674K, committed 17792K, reserved 1048576K
}
Event: 343.761 GC heap after
{Heap after GC invocations=55 (full 0):
 garbage-first heap   total 239616K, used 131806K [0x0000000080000000, 0x0000000100000000)
  region size 1024K, 8 young (8192K), 8 survivors (8192K)
 Metaspace       used 125117K, capacity 128947K, committed 129152K, reserved 1161216K
  class space    used 16223K, capacity 17674K, committed 17792K, reserved 1048576K
}
Event: 344.097 GC heap before
{Heap before GC invocations=55 (full 0):
 garbage-first heap   total 239616K, used 134878K [0x0000000080000000, 0x0000000100000000)
  region size 1024K, 11 young (11264K), 8 survivors (8192K)
 Metaspace       used 125285K, capacity 129093K, committed 129408K, reserved 1161216K
  class space    used 16237K, capacity 17680K, committed 17792K, reserved 1048576K
}
Event: 344.242 GC heap after
{Heap after GC invocations=56 (full 0):
 garbage-first heap   total 239616K, used 132563K [0x0000000080000000, 0x0000000100000000)
  region size 1024K, 2 young (2048K), 2 survivors (2048K)
 Metaspace       used 125285K, capacity 129093K, committed 129408K, reserved 1161216K
  class space    used 16237K, capacity 17680K, committed 17792K, reserved 1048576K
}
Event: 352.177 GC heap before
{Heap before GC invocations=56 (full 0):
 garbage-first heap   total 239616K, used 185811K [0x0000000080000000, 0x0000000100000000)
  region size 1024K, 55 young (56320K), 2 survivors (2048K)
 Metaspace       used 127038K, capacity 130844K, committed 131072K, reserved 1163264K
  class space    used 16416K, capacity 17897K, committed 17920K, reserved 1048576K
}
Event: 352.250 GC heap after
{Heap after GC invocations=57 (full 0):
 garbage-first heap   total 239616K, used 137605K [0x0000000080000000, 0x0000000100000000)
  region size 1024K, 7 young (7168K), 7 survivors (7168K)
 Metaspace       used 127038K, capacity 130844K, committed 131072K, reserved 1163264K
  class space    used 16416K, capacity 17897K, committed 17920K, reserved 1048576K
}
Event: 561.262 GC heap before
{Heap before GC invocations=58 (full 0):
 garbage-first heap   total 239616K, used 218501K [0x0000000080000000, 0x0000000100000000)
  region size 1024K, 58 young (59392K), 7 survivors (7168K)
 Metaspace       used 127244K, capacity 131018K, committed 131328K, reserved 1163264K
  class space    used 16402K, capacity 17841K, committed 17920K, reserved 1048576K
}
Event: 561.604 GC heap after
{Heap after GC invocations=59 (full 0):
 garbage-first heap   total 239616K, used 135286K [0x0000000080000000, 0x0000000100000000)
  region size 1024K, 3 young (3072K), 3 survivors (3072K)
 Metaspace       used 127244K, capacity 131018K, committed 131328K, reserved 1163264K
  class space    used 16402K, capacity 17841K, committed 17920K, reserved 1048576K
}
Event: 562.184 GC heap before
{Heap before GC invocations=59 (full 0):
 garbage-first heap   total 239616K, used 142454K [0x0000000080000000, 0x0000000100000000)
  region size 1024K, 11 young (11264K), 3 survivors (3072K)
 Metaspace       used 127252K, capacity 131018K, committed 131328K, reserved 1163264K
  class space    used 16402K, capacity 17841K, committed 17920K, reserved 1048576K
}
Event: 562.364 GC heap after
{Heap after GC invocations=60 (full 0):
 garbage-first heap   total 239616K, used 128281K [0x0000000080000000, 0x0000000100000000)
  region size 1024K, 1 young (1024K), 1 survivors (1024K)
 Metaspace       used 127252K, capacity 131018K, committed 131328K, reserved 1163264K
  class space    used 16402K, capacity 17841K, committed 17920K, reserved 1048576K
}

Deoptimization events (20 events):
Event: 512.199 Thread 0x00000283f4b4c000 Uncommon trap: trap_request=0xffffffde fr.pc=0x00000283e3dd34a8 relative=0x0000000000000108
Event: 512.199 Thread 0x00000283f4b4c000 Uncommon trap: reason=class_check action=maybe_recompile pc=0x00000283e3dd34a8 method=jdk.internal.misc.Unsafe.allocateUninitializedArray(Ljava/lang/Class;I)Ljava/lang/Object; @ 48 c2
Event: 512.199 Thread 0x00000283f4b4c000 DEOPT PACKING pc=0x00000283e3dd34a8 sp=0x000000c57d0fe600
Event: 512.200 Thread 0x00000283f4b4c000 DEOPT UNPACKING pc=0x00000283db8d78af sp=0x000000c57d0fe588 mode 2
Event: 512.200 Thread 0x00000283f4b4c000 Uncommon trap: trap_request=0xffffffde fr.pc=0x00000283e3dd34a8 relative=0x0000000000000108
Event: 512.200 Thread 0x00000283f4b4c000 Uncommon trap: reason=class_check action=maybe_recompile pc=0x00000283e3dd34a8 method=jdk.internal.misc.Unsafe.allocateUninitializedArray(Ljava/lang/Class;I)Ljava/lang/Object; @ 48 c2
Event: 512.200 Thread 0x00000283f4b4c000 DEOPT PACKING pc=0x00000283e3dd34a8 sp=0x000000c57d0fe600
Event: 512.201 Thread 0x00000283f4b4c000 DEOPT UNPACKING pc=0x00000283db8d78af sp=0x000000c57d0fe588 mode 2
Event: 512.201 Thread 0x00000283f4b4c000 Uncommon trap: trap_request=0xffffffde fr.pc=0x00000283e3dd34a8 relative=0x0000000000000108
Event: 512.201 Thread 0x00000283f4b4c000 Uncommon trap: reason=class_check action=maybe_recompile pc=0x00000283e3dd34a8 method=jdk.internal.misc.Unsafe.allocateUninitializedArray(Ljava/lang/Class;I)Ljava/lang/Object; @ 48 c2
Event: 512.201 Thread 0x00000283f4b4c000 DEOPT PACKING pc=0x00000283e3dd34a8 sp=0x000000c57d0fe600
Event: 512.201 Thread 0x00000283f4b4c000 DEOPT UNPACKING pc=0x00000283db8d78af sp=0x000000c57d0fe588 mode 2
Event: 560.514 Thread 0x00000283f6fbf000 DEOPT PACKING pc=0x00000283dc46a279 sp=0x000000c57cefbdf0
Event: 560.516 Thread 0x00000283f6fbf000 DEOPT UNPACKING pc=0x00000283db8d76ce sp=0x000000c57cefb2b8 mode 0
Event: 560.749 Thread 0x00000283f6fbf000 DEOPT PACKING pc=0x00000283dc92cbf1 sp=0x000000c57cef9450
Event: 560.750 Thread 0x00000283f6fbf000 DEOPT UNPACKING pc=0x00000283db8d76ce sp=0x000000c57cef8948 mode 0
Event: 563.658 Thread 0x00000283f6fbf000 DEOPT PACKING pc=0x00000283dd6d4599 sp=0x000000c57cefa330
Event: 563.679 Thread 0x00000283f6fbf000 DEOPT UNPACKING pc=0x00000283db8d76ce sp=0x000000c57cef97f8 mode 0
Event: 563.682 Thread 0x00000283f6fbf000 DEOPT PACKING pc=0x00000283dd6d4599 sp=0x000000c57cefa3c0
Event: 563.685 Thread 0x00000283f6fbf000 DEOPT UNPACKING pc=0x00000283db8d76ce sp=0x000000c57cef9878 mode 0

Classes redefined (0 events):
No events

Internal exceptions (20 events):
Event: 340.993 Thread 0x00000283f7f12000 Exception <a 'sun/nio/fs/WindowsException'{0x000000008c6564a8}> (0x000000008c6564a8) thrown at [./src/hotspot/share/prims/jni.cpp, line 615]
Event: 341.104 Thread 0x00000283f7f12000 Exception <a 'sun/nio/fs/WindowsException'{0x000000008c6fec68}> (0x000000008c6fec68) thrown at [./src/hotspot/share/prims/jni.cpp, line 615]
Event: 341.106 Thread 0x00000283f7f12000 Exception <a 'sun/nio/fs/WindowsException'{0x000000008c6ffd48}> (0x000000008c6ffd48) thrown at [./src/hotspot/share/prims/jni.cpp, line 615]
Event: 341.107 Thread 0x00000283f7f12000 Exception <a 'sun/nio/fs/WindowsException'{0x000000008c501358}> (0x000000008c501358) thrown at [./src/hotspot/share/prims/jni.cpp, line 615]
Event: 341.107 Thread 0x00000283f7f12000 Exception <a 'sun/nio/fs/WindowsException'{0x000000008c502488}> (0x000000008c502488) thrown at [./src/hotspot/share/prims/jni.cpp, line 615]
Event: 344.898 Thread 0x00000283f7f12000 Implicit null exception at 0x00000283e3a24f33 to 0x00000283e3a253bc
Event: 346.043 Thread 0x00000283f7f12000 Exception <a 'java/lang/NoSuchMethodError'{0x000000008d240090}: <clinit>> (0x000000008d240090) thrown at [./src/hotspot/share/prims/jni.cpp, line 1362]
Event: 347.274 Thread 0x00000283f6fca000 Exception <a 'java/lang/NoSuchMethodError'{0x000000008d0f8248}: 'void java.lang.invoke.DirectMethodHandle$Holder.invokeStatic(java.lang.Object, long)'> (0x000000008d0f8248) thrown at [./src/hotspot/share/interpreter/linkResolver.cpp, line 773]
Event: 347.293 Thread 0x00000283f6fca000 Exception <a 'java/lang/NoSuchMethodError'{0x000000008cf06460}: 'java.lang.Object java.lang.invoke.DirectMethodHandle$Holder.invokeStaticInit(java.lang.Object, java.lang.Object, long, java.lang.Object)'> (0x000000008cf06460) thrown at [./src/hotspot/share/interpreter/linkResolver.cpp, line 773]
Event: 347.295 Thread 0x00000283f6fca000 Exception <a 'java/lang/NoSuchMethodError'{0x000000008cf0c6a0}: 'java.lang.Object java.lang.invoke.DirectMethodHandle$Holder.invokeStatic(java.lang.Object, java.lang.Object, long)'> (0x000000008cf0c6a0) thrown at [./src/hotspot/share/interpreter/linkResolver.cpp, line 773]
Event: 347.298 Thread 0x00000283f6fca000 Exception <a 'java/lang/NoSuchMethodError'{0x000000008cf12e78}: 'java.lang.Object java.lang.invoke.Invokers$Holder.linkToTargetMethod(java.lang.Object, long, java.lang.Object)'> (0x000000008cf12e78) thrown at [./src/hotspot/share/interpreter/linkResolver.cpp, line 773]
Event: 352.087 Thread 0x00000283f6fca000 Exception <a 'sun/nio/fs/WindowsException'{0x000000008b675fa8}> (0x000000008b675fa8) thrown at [./src/hotspot/share/prims/jni.cpp, line 615]
Event: 352.087 Thread 0x00000283f6fca000 Exception <a 'sun/nio/fs/WindowsException'{0x000000008b676090}> (0x000000008b676090) thrown at [./src/hotspot/share/prims/jni.cpp, line 615]
Event: 562.839 Thread 0x00000283f6fbf000 Exception <a 'sun/nio/fs/WindowsException'{0x000000008e781210}> (0x000000008e781210) thrown at [./src/hotspot/share/prims/jni.cpp, line 615]
Event: 563.234 Thread 0x00000283f6fbf000 Exception <a 'java/lang/NoClassDefFoundError'{0x000000008e459050}: org/jetbrains/kotlin/gradle/plugin/KotlinBasePluginWrapper> (0x000000008e459050) thrown at [./src/hotspot/share/oops/constantPool.cpp, line 775]
Event: 563.498 Thread 0x00000283f6fbf000 Exception <a 'sun/nio/fs/WindowsException'{0x000000008e34fc18}> (0x000000008e34fc18) thrown at [./src/hotspot/share/prims/jni.cpp, line 615]
Event: 563.752 Thread 0x00000283f6fbf000 Exception <a 'sun/nio/fs/WindowsException'{0x000000008e3f2628}> (0x000000008e3f2628) thrown at [./src/hotspot/share/prims/jni.cpp, line 615]
Event: 563.754 Thread 0x00000283f6fbf000 Exception <a 'sun/nio/fs/WindowsException'{0x000000008e3f3708}> (0x000000008e3f3708) thrown at [./src/hotspot/share/prims/jni.cpp, line 615]
Event: 563.754 Thread 0x00000283f6fbf000 Exception <a 'sun/nio/fs/WindowsException'{0x000000008e3f4838}> (0x000000008e3f4838) thrown at [./src/hotspot/share/prims/jni.cpp, line 615]
Event: 563.754 Thread 0x00000283f6fbf000 Exception <a 'sun/nio/fs/WindowsException'{0x000000008e3f5968}> (0x000000008e3f5968) thrown at [./src/hotspot/share/prims/jni.cpp, line 615]

Events (20 events):
Event: 564.947 loading class org/gradle/internal/operations/BuildOperationDescriptor$1
Event: 564.947 loading class org/gradle/internal/operations/BuildOperationDescriptor$1 done
Event: 565.033 Executing VM operation: RevokeBias
Event: 565.035 Executing VM operation: RevokeBias done
Event: 565.194 Executing VM operation: RevokeBias
Event: 565.195 Executing VM operation: RevokeBias done
Event: 565.276 Executing VM operation: RevokeBias
Event: 565.277 Executing VM operation: RevokeBias done
Event: 565.277 Executing VM operation: RevokeBias
Event: 565.278 Executing VM operation: RevokeBias done
Event: 565.279 Executing VM operation: RevokeBias
Event: 565.279 Executing VM operation: RevokeBias done
Event: 565.279 Executing VM operation: RevokeBias
Event: 565.279 Executing VM operation: RevokeBias done
Event: 565.411 Executing VM operation: RevokeBias
Event: 565.411 Executing VM operation: RevokeBias done
Event: 565.411 Executing VM operation: RevokeBias
Event: 565.412 Executing VM operation: RevokeBias done
Event: 565.429 Executing VM operation: RevokeBias
Event: 565.430 Executing VM operation: RevokeBias done


Dynamic libraries:
0x00007ff6ca260000 - 0x00007ff6ca26a000 	C:\Program Files\Android\Android Studio\jre\bin\java.exe
0x00007ffd0dd70000 - 0x00007ffd0df65000 	C:\WINDOWS\SYSTEM32\ntdll.dll
0x00007ffd0daf0000 - 0x00007ffd0dbae000 	C:\WINDOWS\System32\KERNEL32.DLL
0x00007ffd0b8c0000 - 0x00007ffd0bb89000 	C:\WINDOWS\System32\KERNELBASE.dll
0x00007ffd0b730000 - 0x00007ffd0b830000 	C:\WINDOWS\System32\ucrtbase.dll
0x00007ffd06fe0000 - 0x00007ffd06ff7000 	C:\Program Files\Android\Android Studio\jre\bin\VCRUNTIME140.dll
0x00007ffd03050000 - 0x00007ffd03069000 	C:\Program Files\Android\Android Studio\jre\bin\jli.dll
0x00007ffd0bdc0000 - 0x00007ffd0bf61000 	C:\WINDOWS\System32\USER32.dll
0x00007ffd0b490000 - 0x00007ffd0b4b2000 	C:\WINDOWS\System32\win32u.dll
0x00007ffcfb110000 - 0x00007ffcfb3aa000 	C:\WINDOWS\WinSxS\amd64_microsoft.windows.common-controls_6595b64144ccf1df_6.0.19041.1110_none_60b5254171f9507e\COMCTL32.dll
0x00007ffd0bf70000 - 0x00007ffd0bf9b000 	C:\WINDOWS\System32\GDI32.dll
0x00007ffd0d590000 - 0x00007ffd0d62e000 	C:\WINDOWS\System32\msvcrt.dll
0x00007ffd0b4c0000 - 0x00007ffd0b5cb000 	C:\WINDOWS\System32\gdi32full.dll
0x00007ffd0bc40000 - 0x00007ffd0bcdd000 	C:\WINDOWS\System32\msvcp_win.dll
0x00007ffd0c0d0000 - 0x00007ffd0c100000 	C:\WINDOWS\System32\IMM32.DLL
0x00007ffcffb30000 - 0x00007ffcffbcd000 	C:\Program Files\Android\Android Studio\jre\bin\msvcp140.dll
0x00007ffce1b00000 - 0x00007ffce25cf000 	C:\Program Files\Android\Android Studio\jre\bin\server\jvm.dll
0x00007ffd0d3f0000 - 0x00007ffd0d49c000 	C:\WINDOWS\System32\ADVAPI32.dll
0x00007ffd0c840000 - 0x00007ffd0c8db000 	C:\WINDOWS\System32\sechost.dll
0x00007ffd0bfa0000 - 0x00007ffd0c0ca000 	C:\WINDOWS\System32\RPCRT4.dll
0x00007ffd0cd60000 - 0x00007ffd0cd68000 	C:\WINDOWS\System32\PSAPI.DLL
0x00007ffcff020000 - 0x00007ffcff047000 	C:\WINDOWS\SYSTEM32\WINMM.dll
0x00007ffd06f80000 - 0x00007ffd06f89000 	C:\WINDOWS\SYSTEM32\WSOCK32.dll
0x00007ffd010a0000 - 0x00007ffd010aa000 	C:\WINDOWS\SYSTEM32\VERSION.dll
0x00007ffd0d520000 - 0x00007ffd0d58b000 	C:\WINDOWS\System32\WS2_32.dll
0x00007ffd09390000 - 0x00007ffd093a2000 	C:\WINDOWS\SYSTEM32\kernel.appcore.dll
0x00007ffd06f60000 - 0x00007ffd06f71000 	C:\Program Files\Android\Android Studio\jre\bin\verify.dll
0x00007ffcf6f30000 - 0x00007ffcf7114000 	C:\WINDOWS\SYSTEM32\DBGHELP.DLL
0x00007ffcf6ef0000 - 0x00007ffcf6f1c000 	C:\WINDOWS\SYSTEM32\dbgcore.DLL
0x00007ffd0bd30000 - 0x00007ffd0bdb3000 	C:\WINDOWS\System32\bcryptPrimitives.dll
0x00007ffd05890000 - 0x00007ffd058b9000 	C:\Program Files\Android\Android Studio\jre\bin\java.dll
0x00007ffd06290000 - 0x00007ffd0629b000 	C:\Program Files\Android\Android Studio\jre\bin\jimage.dll
0x00007ffd059e0000 - 0x00007ffd059f8000 	C:\Program Files\Android\Android Studio\jre\bin\zip.dll
0x00007ffd0c100000 - 0x00007ffd0c83f000 	C:\WINDOWS\System32\SHELL32.dll
0x00007ffd09590000 - 0x00007ffd09d20000 	C:\WINDOWS\SYSTEM32\windows.storage.dll
0x00007ffd0d790000 - 0x00007ffd0dae5000 	C:\WINDOWS\System32\combase.dll
0x00007ffd0aee0000 - 0x00007ffd0af0c000 	C:\WINDOWS\SYSTEM32\Wldp.dll
0x00007ffd0ced0000 - 0x00007ffd0cf7d000 	C:\WINDOWS\System32\SHCORE.dll
0x00007ffd0d730000 - 0x00007ffd0d785000 	C:\WINDOWS\System32\shlwapi.dll
0x00007ffd0b3d0000 - 0x00007ffd0b3ef000 	C:\WINDOWS\SYSTEM32\profapi.dll
0x00007ffd05870000 - 0x00007ffd0588a000 	C:\Program Files\Android\Android Studio\jre\bin\net.dll
0x00007ffcfe6d0000 - 0x00007ffcfe7d8000 	C:\WINDOWS\SYSTEM32\WINHTTP.dll
0x00007ffd0ac40000 - 0x00007ffd0acaa000 	C:\WINDOWS\system32\mswsock.dll
0x00007ffd04fb0000 - 0x00007ffd04fc4000 	C:\Program Files\Android\Android Studio\jre\bin\nio.dll
0x00007ffd046e0000 - 0x00007ffd04707000 	C:\Program Files\Java\jdk-17.0.1\native\8bec1ad78214c89d9ad589b4d07fe93259594b29d510b10fafb7a158f7737e5d\windows-amd64\native-platform.dll
0x00007ffcef3f0000 - 0x00007ffcef52d000 	C:\Program Files\Java\jdk-17.0.1\native\53dbd7edfb1c66fb8903c78663c9afc45aea4f116125fa6feffd364cf09443e8\windows-amd64\native-platform-file-events.dll
0x00007ffd04fa0000 - 0x00007ffd04faa000 	C:\Program Files\Android\Android Studio\jre\bin\management.dll
0x00007ffd04f90000 - 0x00007ffd04f9c000 	C:\Program Files\Android\Android Studio\jre\bin\management_ext.dll
0x00007ffd0ae30000 - 0x00007ffd0ae48000 	C:\WINDOWS\SYSTEM32\CRYPTSP.dll
0x00007ffd0a550000 - 0x00007ffd0a584000 	C:\WINDOWS\system32\rsaenh.dll
0x00007ffd0b890000 - 0x00007ffd0b8b7000 	C:\WINDOWS\System32\bcrypt.dll
0x00007ffd0b390000 - 0x00007ffd0b3be000 	C:\WINDOWS\SYSTEM32\USERENV.dll
0x00007ffd0ae50000 - 0x00007ffd0ae5c000 	C:\WINDOWS\SYSTEM32\CRYPTBASE.dll
0x00007ffd0a8e0000 - 0x00007ffd0a91b000 	C:\WINDOWS\SYSTEM32\IPHLPAPI.DLL
0x00007ffd0d6c0000 - 0x00007ffd0d6c8000 	C:\WINDOWS\System32\NSI.dll
0x00007ffd02270000 - 0x00007ffd02287000 	C:\WINDOWS\SYSTEM32\dhcpcsvc6.DLL
0x00007ffd02210000 - 0x00007ffd0222d000 	C:\WINDOWS\SYSTEM32\dhcpcsvc.DLL
0x00007ffd0a920000 - 0x00007ffd0a9ec000 	C:\WINDOWS\SYSTEM32\DNSAPI.dll
0x00007ffcfc790000 - 0x00007ffcfc7b7000 	C:\Program Files\Android\Android Studio\jre\bin\sunec.dll

dbghelp: loaded successfully - version: 4.0.5 - missing functions: none
symbol engine: initialized successfully - sym options: 0x614 - pdb path: .;C:\Program Files\Android\Android Studio\jre\bin;C:\WINDOWS\SYSTEM32;C:\WINDOWS\WinSxS\amd64_microsoft.windows.common-controls_6595b64144ccf1df_6.0.19041.1110_none_60b5254171f9507e;C:\Program Files\Android\Android Studio\jre\bin\server;C:\Program Files\Java\jdk-17.0.1\native\8bec1ad78214c89d9ad589b4d07fe93259594b29d510b10fafb7a158f7737e5d\windows-amd64;C:\Program Files\Java\jdk-17.0.1\native\53dbd7edfb1c66fb8903c78663c9afc45aea4f116125fa6feffd364cf09443e8\windows-amd64

VM Arguments:
jvm_args: --add-opens=java.base/java.util=ALL-UNNAMED --add-opens=java.base/java.lang=ALL-UNNAMED --add-opens=java.base/java.lang.invoke=ALL-UNNAMED --add-opens=java.base/java.util=ALL-UNNAMED --add-opens=java.prefs/java.util.prefs=ALL-UNNAMED --add-opens=java.prefs/java.util.prefs=ALL-UNNAMED --add-opens=java.base/java.nio.charset=ALL-UNNAMED --add-opens=java.base/java.net=ALL-UNNAMED --add-opens=java.base/java.util.concurrent.atomic=ALL-UNNAMED -Xmx2048m -Dfile.encoding=UTF-8 -Duser.country=US -Duser.language=en -Duser.variant 
java_command: org.gradle.launcher.daemon.bootstrap.GradleDaemon 7.0.2
java_class_path (initial): C:\Program Files\Java\jdk-17.0.1\wrapper\dists\gradle-7.0.2-bin\857tjihv64xamwrf0h14cai3r\gradle-7.0.2\lib\gradle-launcher-7.0.2.jar
Launcher Type: SUN_STANDARD

[Global flags]
     intx CICompilerCount                          = 3                                         {product} {ergonomic}
     uint ConcGCThreads                            = 1                                         {product} {ergonomic}
     uint G1ConcRefinementThreads                  = 4                                         {product} {ergonomic}
   size_t G1HeapRegionSize                         = 1048576                                   {product} {ergonomic}
    uintx GCDrainStackTargetSize                   = 64                                        {product} {ergonomic}
   size_t InitialHeapSize                          = 67108864                                  {product} {ergonomic}
   size_t MarkStackSize                            = 4194304                                   {product} {ergonomic}
   size_t MaxHeapSize                              = 2147483648                                {product} {command line}
   size_t MaxNewSize                               = 1287651328                                {product} {ergonomic}
   size_t MinHeapDeltaBytes                        = 1048576                                   {product} {ergonomic}
    uintx NonNMethodCodeHeapSize                   = 5830732                                {pd product} {ergonomic}
    uintx NonProfiledCodeHeapSize                  = 122913754                              {pd product} {ergonomic}
    uintx ProfiledCodeHeapSize                     = 122913754                              {pd product} {ergonomic}
    uintx ReservedCodeCacheSize                    = 251658240                              {pd product} {ergonomic}
     bool SegmentedCodeCache                       = true                                      {product} {ergonomic}
     bool UseCompressedClassPointers               = true                                 {lp64_product} {ergonomic}
     bool UseCompressedOops                        = true                                 {lp64_product} {ergonomic}
     bool UseG1GC                                  = true                                      {product} {ergonomic}
     bool UseLargePagesIndividualAllocation        = false                                  {pd product} {ergonomic}

Logging:
Log output configuration:
 #0: stdout all=warning uptime,level,tags
 #1: stderr all=off uptime,level,tags

Environment Variables:
PATH=C:\Program Files\Common Files\Oracle\Java\javapath;C:\WINDOWS\system32;C:\WINDOWS;C:\WINDOWS\System32\Wbem;C:\WINDOWS\System32\WindowsPowerShell\v1.0\;C:\WINDOWS\System32\OpenSSH\;C:\Program Files\dotnet\;C:\Program Files\Microsoft SQL Server\130\Tools\Binn\;C:\Program Files\Microsoft SQL Server\Client SDK\ODBC\170\Tools\Binn\;C:\Program Files (x86)\dotnet\;C:\Program Files\Git\cmd;C:\Users\MinhNgan\AppData\Local\Microsoft\WindowsApps
USERNAME=MinhNgan
OS=Windows_NT
PROCESSOR_IDENTIFIER=Intel64 Family 6 Model 69 Stepping 1, GenuineIntel



---------------  S Y S T E M  ---------------

OS: Windows 10 , 64 bit Build 19041 (10.0.19041.1202)
OS uptime: 0 days 1:33 hours

CPU:total 4 (initial active 4) (2 cores per cpu, 2 threads per core) family 6 model 69 stepping 1 microcode 0x25, cmov, cx8, fxsr, mmx, sse, sse2, sse3, ssse3, sse4.1, sse4.2, popcnt, avx, avx2, aes, clmul, erms, lzcnt, ht, tsc, tscinvbit, bmi1, bmi2, fma

Memory: 4k page, system-wide physical 3979M (204M free)
TotalPageFile size 6979M (AvailPageFile size 20M)
current process WorkingSet (physical memory assigned to process): 199M, peak: 512M
current process commit charge ("private bytes"): 593M, peak: 595M

vm_info: OpenJDK 64-Bit Server VM (11.0.10+0-b96-7249189) for windows-amd64 JRE (11.0.10+0-b96-7249189), built on Mar 31 2021 21:44:00 by "builder" with MS VC++ 14.0 (VS2015)

END.
