#
# There is insufficient memory for the Java Runtime Environment to continue.
# Native memory allocation (mmap) failed to map 19922944 bytes for Failed to commit area from 0x0000000085d00000 to 0x0000000087000000 of length 19922944.
# Possible reasons:
#   The system is out of physical RAM or swap space
#   The process is running with CompressedOops enabled, and the Java Heap may be blocking the growth of the native heap
# Possible solutions:
#   Reduce memory load on the system
#   Increase physical memory or swap space
#   Check if swap backing store is full
#   Decrease Java heap size (-Xmx/-Xms)
#   Decrease number of Java threads
#   Decrease Java thread stack sizes (-Xss)
#   Set larger code cache with -XX:ReservedCodeCacheSize=
#   JVM is running with Unscaled Compressed Oops mode in which the Java heap is
#     placed in the first 4GB address space. The Java Heap base address is the
#     maximum limit for the native heap growth. Please use -XX:HeapBaseMinAddress
#     to set the Java Heap base and to place the Java Heap above 4GB virtual address.
# This output file may be truncated or incomplete.
#
#  Out of Memory Error (./src/hotspot/os/windows/os_windows.cpp:3301), pid=9808, tid=3884
#
# JRE version: OpenJDK Runtime Environment (11.0.10) (build 11.0.10+0-b96-7249189)
# Java VM: OpenJDK 64-Bit Server VM (11.0.10+0-b96-7249189, mixed mode, tiered, compressed oops, g1 gc, windows-amd64)
# No core dump will be written. Minidumps are not enabled by default on client versions of Windows
#

---------------  S U M M A R Y ------------

Command Line: --add-opens=java.base/java.util=ALL-UNNAMED --add-opens=java.base/java.lang=ALL-UNNAMED --add-opens=java.base/java.lang.invoke=ALL-UNNAMED --add-opens=java.base/java.util=ALL-UNNAMED --add-opens=java.prefs/java.util.prefs=ALL-UNNAMED --add-opens=java.prefs/java.util.prefs=ALL-UNNAMED --add-opens=java.base/java.nio.charset=ALL-UNNAMED --add-opens=java.base/java.net=ALL-UNNAMED --add-opens=java.base/java.util.concurrent.atomic=ALL-UNNAMED -Xmx2048m -Dfile.encoding=UTF-8 -Duser.country=US -Duser.language=en -Duser.variant org.gradle.launcher.daemon.bootstrap.GradleDaemon 7.0.2

Host: Intel(R) Core(TM) i5-4210U CPU @ 1.70GHz, 4 cores, 3G,  Windows 10 , 64 bit Build 19041 (10.0.19041.1348)
Time: Sat Dec  4 19:23:04 2021 SE Asia Standard Time elapsed time: 19.641117 seconds (0d 0h 0m 19s)

---------------  T H R E A D  ---------------

Current thread (0x0000021bfe020000):  VMThread "VM Thread" [stack: 0x000000f0c3b00000,0x000000f0c3c00000] [id=3884]

Stack: [0x000000f0c3b00000,0x000000f0c3c00000]
[error occurred during error reporting (printing stack bounds), id 0xc0000005, EXCEPTION_ACCESS_VIOLATION (0xc0000005) at pc=0x0000021b80000f2d]

Native frames: (J=compiled Java code, j=interpreted, Vv=VM code, C=native code)
V  [jvm.dll+0x5ecfaa]
V  [jvm.dll+0x722bd5]
V  [jvm.dll+0x72412d]
V  [jvm.dll+0x724745]
V  [jvm.dll+0x7246fb]
V  [jvm.dll+0x5ec348]
V  [jvm.dll+0x5ecad8]
C  [ntdll.dll+0xa20cf]
C  [ntdll.dll+0x51454]
C  [ntdll.dll+0xa0bfe]
C  0x0000021b80000f2d

VM_Operation (0x000000f0c4df3bf0): G1CollectForAllocation, mode: safepoint, requested by thread 0x0000021b8fb43000


---------------  P R O C E S S  ---------------

Threads class SMR info:
_java_thread_list=0x0000021b944be960, length=42, elements={
0x0000021bf2cda000, 0x0000021bfe028800, 0x0000021bfe034000, 0x0000021bfe081800,
0x0000021bfe084800, 0x0000021bfe088000, 0x0000021bfe089000, 0x0000021bfe097000,
0x0000021bfe0a3800, 0x0000021bfeb11000, 0x0000021b8fcd8800, 0x0000021b8fb66000,
0x0000021b8fea6000, 0x0000021b8fda3800, 0x0000021b8fea3000, 0x0000021b8fc28000,
0x0000021b8fb43000, 0x0000021b8fe83000, 0x0000021b8f41a800, 0x0000021b8fe68800,
0x0000021b8fe69800, 0x0000021b8fe6a800, 0x0000021b8fe6c000, 0x0000021b8fe6b000,
0x0000021b8fe6c800, 0x0000021b8fe6d800, 0x0000021b8fe6e800, 0x0000021b8fe6f000,
0x0000021b919b6800, 0x0000021b919b5000, 0x0000021b919b5800, 0x0000021b919b7800,
0x0000021b919b1800, 0x0000021b919b3000, 0x0000021b919b9800, 0x0000021b919b4000,
0x0000021b919bf800, 0x0000021b919ba800, 0x0000021b919be800, 0x0000021b919c0000,
0x0000021b919bc000, 0x0000021b919bb800
}

Java Threads: ( => current thread )
  0x0000021bf2cda000 JavaThread "main" [_thread_blocked, id=6140, stack(0x000000f0c3500000,0x000000f0c3600000)]
  0x0000021bfe028800 JavaThread "Reference Handler" daemon [_thread_blocked, id=1964, stack(0x000000f0c3c00000,0x000000f0c3d00000)]
  0x0000021bfe034000 JavaThread "Finalizer" daemon [_thread_blocked, id=9612, stack(0x000000f0c3d00000,0x000000f0c3e00000)]
  0x0000021bfe081800 JavaThread "Signal Dispatcher" daemon [_thread_blocked, id=1000, stack(0x000000f0c3e00000,0x000000f0c3f00000)]
  0x0000021bfe084800 JavaThread "Attach Listener" daemon [_thread_blocked, id=7636, stack(0x000000f0c3f00000,0x000000f0c4000000)]
  0x0000021bfe088000 JavaThread "Service Thread" daemon [_thread_blocked, id=5324, stack(0x000000f0c4000000,0x000000f0c4100000)]
  0x0000021bfe089000 JavaThread "C2 CompilerThread0" daemon [_thread_blocked, id=5668, stack(0x000000f0c4100000,0x000000f0c4200000)]
  0x0000021bfe097000 JavaThread "C1 CompilerThread0" daemon [_thread_blocked, id=3160, stack(0x000000f0c4200000,0x000000f0c4300000)]
  0x0000021bfe0a3800 JavaThread "Sweeper thread" daemon [_thread_blocked, id=9412, stack(0x000000f0c4300000,0x000000f0c4400000)]
  0x0000021bfeb11000 JavaThread "Common-Cleaner" daemon [_thread_blocked, id=2288, stack(0x000000f0c4400000,0x000000f0c4500000)]
  0x0000021b8fcd8800 JavaThread "Daemon health stats" [_thread_blocked, id=6484, stack(0x000000f0c4700000,0x000000f0c4800000)]
  0x0000021b8fb66000 JavaThread "Incoming local TCP Connector on port 50333" [_thread_in_native, id=9636, stack(0x000000f0c4800000,0x000000f0c4900000)]
  0x0000021b8fea6000 JavaThread "Daemon periodic checks" [_thread_blocked, id=8064, stack(0x000000f0c4900000,0x000000f0c4a00000)]
  0x0000021b8fda3800 JavaThread "Daemon" [_thread_blocked, id=8248, stack(0x000000f0c4a00000,0x000000f0c4b00000)]
  0x0000021b8fea3000 JavaThread "Handler for socket connection from /127.0.0.1:50333 to /127.0.0.1:50334" [_thread_in_native, id=9344, stack(0x000000f0c4b00000,0x000000f0c4c00000)]
  0x0000021b8fc28000 JavaThread "Cancel handler" [_thread_blocked, id=8240, stack(0x000000f0c4c00000,0x000000f0c4d00000)]
  0x0000021b8fb43000 JavaThread "Daemon worker" [_thread_blocked, id=10060, stack(0x000000f0c4d00000,0x000000f0c4e00000)]
  0x0000021b8fe83000 JavaThread "Asynchronous log dispatcher for DefaultDaemonConnection: socket connection from /127.0.0.1:50333 to /127.0.0.1:50334" [_thread_blocked, id=6848, stack(0x000000f0c4e00000,0x000000f0c4f00000)]
  0x0000021b8f41a800 JavaThread "Stdin handler" [_thread_blocked, id=4692, stack(0x000000f0c4f00000,0x000000f0c5000000)]
  0x0000021b8fe68800 JavaThread "Daemon client event forwarder" [_thread_blocked, id=3196, stack(0x000000f0c5000000,0x000000f0c5100000)]
  0x0000021b8fe69800 JavaThread "Cache worker for file hash cache (C:\Program Files\Java\jdk-17.0.1\caches\7.0.2\fileHashes)" [_thread_blocked, id=9268, stack(0x000000f0c5300000,0x000000f0c5400000)]
  0x0000021b8fe6a800 JavaThread "File lock request listener" [_thread_in_native, id=4136, stack(0x000000f0c5400000,0x000000f0c5500000)]
  0x0000021b8fe6c000 JavaThread "Cache worker for journal cache (C:\Program Files\Java\jdk-17.0.1\caches\journal-1)" [_thread_blocked, id=8852, stack(0x000000f0c5500000,0x000000f0c5600000)]
  0x0000021b8fe6b000 JavaThread "Cache worker for file hash cache (C:\Users\MinhNgan\AndroidStudioProjects\Android_hepat\.gradle\7.0.2\fileHashes)" [_thread_blocked, id=1084, stack(0x000000f0c5600000,0x000000f0c5700000)]
  0x0000021b8fe6c800 JavaThread "File watcher server" daemon [_thread_in_native, id=3316, stack(0x000000f0c5700000,0x000000f0c5800000)]
  0x0000021b8fe6d800 JavaThread "File watcher consumer" daemon [_thread_blocked, id=7660, stack(0x000000f0c5800000,0x000000f0c5900000)]
  0x0000021b8fe6e800 JavaThread "Cache worker for checksums cache (C:\Users\MinhNgan\AndroidStudioProjects\Android_hepat\.gradle\checksums)" [_thread_blocked, id=3860, stack(0x000000f0c5900000,0x000000f0c5a00000)]
  0x0000021b8fe6f000 JavaThread "Cache worker for cache directory md-supplier (C:\Program Files\Java\jdk-17.0.1\caches\7.0.2\md-supplier)" [_thread_blocked, id=8976, stack(0x000000f0c5a00000,0x000000f0c5b00000)]
  0x0000021b919b6800 JavaThread "Cache worker for cache directory md-rule (C:\Program Files\Java\jdk-17.0.1\caches\7.0.2\md-rule)" [_thread_blocked, id=8052, stack(0x000000f0c5b00000,0x000000f0c5c00000)]
  0x0000021b919b5000 JavaThread "Cache worker for execution history cache (C:\Program Files\Java\jdk-17.0.1\caches\7.0.2\executionHistory)" [_thread_blocked, id=3128, stack(0x000000f0c5c00000,0x000000f0c5d00000)]
  0x0000021b919b5800 JavaThread "jar transforms" [_thread_blocked, id=6704, stack(0x000000f0c5d00000,0x000000f0c5e00000)]
  0x0000021b919b7800 JavaThread "jar transforms Thread 2" [_thread_blocked, id=1368, stack(0x000000f0c5e00000,0x000000f0c5f00000)]
  0x0000021b919b1800 JavaThread "Cache worker for file content cache (C:\Program Files\Java\jdk-17.0.1\caches\7.0.2\fileContent)" [_thread_blocked, id=5472, stack(0x000000f0c5f00000,0x000000f0c6000000)]
  0x0000021b919b3000 JavaThread "Cache worker for dependencies-accessors (C:\Users\MinhNgan\AndroidStudioProjects\Android_hepat\.gradle\7.0.2\dependencies-accessors)" [_thread_blocked, id=1712, stack(0x000000f0c6000000,0x000000f0c6100000)]
  0x0000021b919b9800 JavaThread "jar transforms Thread 3" [_thread_blocked, id=248, stack(0x000000f0c6100000,0x000000f0c6200000)]
  0x0000021b919b4000 JavaThread "Cache worker for Build Output Cleanup Cache (C:\Users\MinhNgan\AndroidStudioProjects\Android_hepat\.gradle\buildOutputCleanup)" [_thread_blocked, id=8396, stack(0x000000f0c6200000,0x000000f0c6300000)]
  0x0000021b919bf800 JavaThread "Build operations" [_thread_blocked, id=7524, stack(0x000000f0c6300000,0x000000f0c6400000)]
  0x0000021b919ba800 JavaThread "Build operations Thread 2" [_thread_blocked, id=9892, stack(0x000000f0c6400000,0x000000f0c6500000)]
  0x0000021b919be800 JavaThread "Build operations Thread 3" [_thread_blocked, id=4032, stack(0x000000f0c6500000,0x000000f0c6600000)]
  0x0000021b919c0000 JavaThread "Build operations Thread 4" [_thread_blocked, id=3572, stack(0x000000f0c6600000,0x000000f0c6700000)]
  0x0000021b919bc000 JavaThread "jar transforms Thread 4" [_thread_blocked, id=8772, stack(0x000000f0c6700000,0x000000f0c6800000)]
  0x0000021b919bb800 JavaThread "Memory manager" [_thread_blocked, id=5620, stack(0x000000f0c6800000,0x000000f0c6900000)]

Other Threads:
=>0x0000021bfe020000 VMThread "VM Thread" [stack: 0x000000f0c3b00000,0x000000f0c3c00000] [id=3884]
  0x0000021bfeb71800 WatcherThread [stack: 0x000000f0c4500000,0x000000f0c4600000] [id=10200]
  0x0000021bf2cf2000 GCTaskThread "GC Thread#0" [stack: 0x000000f0c3600000,0x000000f0c3700000] [id=1808]
  0x0000021bfedd6800 GCTaskThread "GC Thread#1" [stack: 0x000000f0c4600000,0x000000f0c4700000] [id=8016]
  0x0000021b8fae2800 GCTaskThread "GC Thread#2" [stack: 0x000000f0c5100000,0x000000f0c5200000] [id=7052]
  0x0000021b8fff0800 GCTaskThread "GC Thread#3" [stack: 0x000000f0c5200000,0x000000f0c5300000] [id=7844]
  0x0000021bf2d22800 ConcurrentGCThread "G1 Main Marker" [stack: 0x000000f0c3700000,0x000000f0c3800000] [id=8288]
  0x0000021bf2d24800 ConcurrentGCThread "G1 Conc#0" [stack: 0x000000f0c3800000,0x000000f0c3900000] [id=5376]
  0x0000021bf2d82000 ConcurrentGCThread "G1 Refine#0" [stack: 0x000000f0c3900000,0x000000f0c3a00000] [id=7652]
  0x0000021bf2d83000 ConcurrentGCThread "G1 Young RemSet Sampling" [stack: 0x000000f0c3a00000,0x000000f0c3b00000] [id=5288]

Threads with active compile tasks:
C2 CompilerThread0  19669 5906   !   4       jdk.internal.loader.Resource::getBytes (242 bytes)

VM state:at safepoint (normal execution)

VM Mutex/Monitor currently owned by a thread:  ([mutex/lock_event])
[0x0000021bf2cd4ce0] Threads_lock - owner thread: 0x0000021bfe020000
[0x0000021bf2cd4d70] Heap_lock - owner thread: 0x0000021b8fb43000

Heap address: 0x0000000080000000, size: 2048 MB, Compressed Oops mode: 32-bit
Narrow klass base: 0x0000000000000000, Narrow klass shift: 3
Compressed class space size: 1073741824 Address: 0x0000000100000000

Heap:
 garbage-first heap   total 114688K, used 47333K [0x0000000080000000, 0x0000000100000000)
  region size 1024K, 4 young (4096K), 4 survivors (4096K)
 Metaspace       used 60376K, capacity 61823K, committed 62076K, reserved 1103872K
  class space    used 7638K, capacity 8179K, committed 8192K, reserved 1048576K
Heap Regions: E=young(eden), S=young(survivor), O=old, HS=humongous(starts), HC=humongous(continues), CS=collection set, F=free, A=archive, TAMS=top-at-mark-start (previous, next)
|   0|0x0000000080000000, 0x0000000080100000, 0x0000000080100000|100%|HS|  |TAMS 0x0000000080100000, 0x0000000080100000| Complete 
|   1|0x0000000080100000, 0x0000000080200000, 0x0000000080200000|100%|HC|  |TAMS 0x0000000080200000, 0x0000000080200000| Complete 
|   2|0x0000000080200000, 0x0000000080300000, 0x0000000080300000|100%|HC|  |TAMS 0x0000000080300000, 0x0000000080300000| Complete 
|   3|0x0000000080300000, 0x0000000080400000, 0x0000000080400000|100%| O|  |TAMS 0x0000000080400000, 0x0000000080400000| Untracked 
|   4|0x0000000080400000, 0x0000000080500000, 0x0000000080500000|100%| O|  |TAMS 0x0000000080500000, 0x0000000080500000| Untracked 
|   5|0x0000000080500000, 0x0000000080600000, 0x0000000080600000|100%| O|  |TAMS 0x0000000080600000, 0x0000000080600000| Untracked 
|   6|0x0000000080600000, 0x0000000080700000, 0x0000000080700000|100%| O|  |TAMS 0x0000000080700000, 0x0000000080700000| Untracked 
|   7|0x0000000080700000, 0x0000000080800000, 0x0000000080800000|100%| O|  |TAMS 0x0000000080800000, 0x0000000080800000| Untracked 
|   8|0x0000000080800000, 0x0000000080900000, 0x0000000080900000|100%| O|  |TAMS 0x0000000080900000, 0x0000000080900000| Untracked 
|   9|0x0000000080900000, 0x0000000080a00000, 0x0000000080a00000|100%| O|  |TAMS 0x0000000080a00000, 0x0000000080a00000| Untracked 
|  10|0x0000000080a00000, 0x0000000080b00000, 0x0000000080b00000|100%| O|  |TAMS 0x0000000080b00000, 0x0000000080b00000| Untracked 
|  11|0x0000000080b00000, 0x0000000080c00000, 0x0000000080c00000|100%| O|  |TAMS 0x0000000080c00000, 0x0000000080c00000| Untracked 
|  12|0x0000000080c00000, 0x0000000080d00000, 0x0000000080d00000|100%| O|  |TAMS 0x0000000080d00000, 0x0000000080d00000| Untracked 
|  13|0x0000000080d00000, 0x0000000080e00000, 0x0000000080e00000|100%| O|  |TAMS 0x0000000080e00000, 0x0000000080e00000| Untracked 
|  14|0x0000000080e00000, 0x0000000080f00000, 0x0000000080f00000|100%| O|  |TAMS 0x0000000080f00000, 0x0000000080f00000| Untracked 
|  15|0x0000000080f00000, 0x0000000081000000, 0x0000000081000000|100%| O|  |TAMS 0x0000000081000000, 0x0000000081000000| Untracked 
|  16|0x0000000081000000, 0x0000000081100000, 0x0000000081100000|100%| O|  |TAMS 0x0000000081100000, 0x0000000081100000| Untracked 
|  17|0x0000000081100000, 0x0000000081200000, 0x0000000081200000|100%| O|  |TAMS 0x0000000081200000, 0x0000000081200000| Untracked 
|  18|0x0000000081200000, 0x0000000081300000, 0x0000000081300000|100%| O|  |TAMS 0x0000000081300000, 0x0000000081300000| Untracked 
|  19|0x0000000081300000, 0x0000000081400000, 0x0000000081400000|100%| O|  |TAMS 0x0000000081400000, 0x0000000081400000| Untracked 
|  20|0x0000000081400000, 0x0000000081500000, 0x0000000081500000|100%| O|  |TAMS 0x0000000081500000, 0x0000000081500000| Untracked 
|  21|0x0000000081500000, 0x0000000081600000, 0x0000000081600000|100%| O|  |TAMS 0x0000000081600000, 0x0000000081600000| Untracked 
|  22|0x0000000081600000, 0x0000000081700000, 0x0000000081700000|100%| O|  |TAMS 0x0000000081700000, 0x0000000081700000| Untracked 
|  23|0x0000000081700000, 0x0000000081800000, 0x0000000081800000|100%| O|  |TAMS 0x0000000081800000, 0x0000000081800000| Untracked 
|  24|0x0000000081800000, 0x0000000081900000, 0x0000000081900000|100%| O|  |TAMS 0x0000000081900000, 0x0000000081900000| Untracked 
|  25|0x0000000081900000, 0x0000000081a00000, 0x0000000081a00000|100%| O|  |TAMS 0x0000000081a00000, 0x0000000081a00000| Untracked 
|  26|0x0000000081a00000, 0x0000000081b00000, 0x0000000081b00000|100%| O|  |TAMS 0x0000000081b00000, 0x0000000081b00000| Untracked 
|  27|0x0000000081b00000, 0x0000000081c00000, 0x0000000081c00000|100%|HS|  |TAMS 0x0000000081c00000, 0x0000000081c00000| Complete 
|  28|0x0000000081c00000, 0x0000000081d00000, 0x0000000081d00000|100%|HS|  |TAMS 0x0000000081d00000, 0x0000000081d00000| Complete 
|  29|0x0000000081d00000, 0x0000000081e00000, 0x0000000081e00000|100%|HS|  |TAMS 0x0000000081e00000, 0x0000000081e00000| Complete 
|  30|0x0000000081e00000, 0x0000000081f00000, 0x0000000081f00000|100%|HC|  |TAMS 0x0000000081f00000, 0x0000000081f00000| Complete 
|  31|0x0000000081f00000, 0x0000000082000000, 0x0000000082000000|100%| O|  |TAMS 0x0000000082000000, 0x0000000082000000| Untracked 
|  32|0x0000000082000000, 0x0000000082100000, 0x0000000082100000|100%| O|  |TAMS 0x0000000082100000, 0x0000000082100000| Untracked 
|  33|0x0000000082100000, 0x0000000082200000, 0x0000000082200000|100%| O|  |TAMS 0x0000000082200000, 0x0000000082200000| Untracked 
|  34|0x0000000082200000, 0x0000000082300000, 0x0000000082300000|100%| O|  |TAMS 0x0000000082300000, 0x0000000082300000| Untracked 
|  35|0x0000000082300000, 0x0000000082400000, 0x0000000082400000|100%| O|  |TAMS 0x0000000082400000, 0x0000000082400000| Untracked 
|  36|0x0000000082400000, 0x0000000082500000, 0x0000000082500000|100%| O|  |TAMS 0x0000000082500000, 0x0000000082500000| Untracked 
|  37|0x0000000082500000, 0x0000000082600000, 0x0000000082600000|100%| O|  |TAMS 0x0000000082600000, 0x0000000082600000| Untracked 
|  38|0x0000000082600000, 0x0000000082700000, 0x0000000082700000|100%| O|  |TAMS 0x0000000082700000, 0x0000000082700000| Untracked 
|  39|0x0000000082700000, 0x0000000082800000, 0x0000000082800000|100%| O|  |TAMS 0x0000000082800000, 0x0000000082800000| Untracked 
|  40|0x0000000082800000, 0x0000000082900000, 0x0000000082900000|100%| O|  |TAMS 0x0000000082900000, 0x0000000082900000| Untracked 
|  41|0x0000000082900000, 0x0000000082a00000, 0x0000000082a00000|100%| O|  |TAMS 0x0000000082900000, 0x0000000082a00000| Untracked 
|  42|0x0000000082a00000, 0x0000000082abcc00, 0x0000000082b00000| 73%| O|  |TAMS 0x0000000082a00000, 0x0000000082abcc00| Untracked 
|  43|0x0000000082b00000, 0x0000000082b00000, 0x0000000082c00000|  0%| F|  |TAMS 0x0000000082b00000, 0x0000000082b00000| Untracked 
|  44|0x0000000082c00000, 0x0000000082c00000, 0x0000000082d00000|  0%| F|  |TAMS 0x0000000082c00000, 0x0000000082c00000| Untracked 
|  45|0x0000000082d00000, 0x0000000082d00000, 0x0000000082e00000|  0%| F|  |TAMS 0x0000000082d00000, 0x0000000082d00000| Untracked 
|  46|0x0000000082e00000, 0x0000000082e00000, 0x0000000082f00000|  0%| F|  |TAMS 0x0000000082e00000, 0x0000000082e00000| Untracked 
|  47|0x0000000082f00000, 0x0000000082f00000, 0x0000000083000000|  0%| F|  |TAMS 0x0000000082f00000, 0x0000000082f00000| Untracked 
|  48|0x0000000083000000, 0x0000000083000000, 0x0000000083100000|  0%| F|  |TAMS 0x0000000083000000, 0x0000000083000000| Untracked 
|  49|0x0000000083100000, 0x0000000083100000, 0x0000000083200000|  0%| F|  |TAMS 0x0000000083100000, 0x0000000083100000| Untracked 
|  50|0x0000000083200000, 0x0000000083200000, 0x0000000083300000|  0%| F|  |TAMS 0x0000000083200000, 0x0000000083200000| Untracked 
|  51|0x0000000083300000, 0x0000000083300000, 0x0000000083400000|  0%| F|  |TAMS 0x0000000083300000, 0x0000000083300000| Untracked 
|  52|0x0000000083400000, 0x0000000083400000, 0x0000000083500000|  0%| F|  |TAMS 0x0000000083400000, 0x0000000083400000| Untracked 
|  53|0x0000000083500000, 0x0000000083500000, 0x0000000083600000|  0%| F|  |TAMS 0x0000000083500000, 0x0000000083500000| Untracked 
|  54|0x0000000083600000, 0x0000000083600000, 0x0000000083700000|  0%| F|  |TAMS 0x0000000083600000, 0x0000000083600000| Untracked 
|  55|0x0000000083700000, 0x0000000083700000, 0x0000000083800000|  0%| F|  |TAMS 0x0000000083700000, 0x0000000083700000| Untracked 
|  56|0x0000000083800000, 0x0000000083800000, 0x0000000083900000|  0%| F|  |TAMS 0x0000000083800000, 0x0000000083800000| Untracked 
|  57|0x0000000083900000, 0x0000000083900000, 0x0000000083a00000|  0%| F|  |TAMS 0x0000000083900000, 0x0000000083900000| Untracked 
|  58|0x0000000083a00000, 0x0000000083a00000, 0x0000000083b00000|  0%| F|  |TAMS 0x0000000083a00000, 0x0000000083a00000| Untracked 
|  59|0x0000000083b00000, 0x0000000083b00000, 0x0000000083c00000|  0%| F|  |TAMS 0x0000000083b00000, 0x0000000083b00000| Untracked 
|  60|0x0000000083c00000, 0x0000000083c00000, 0x0000000083d00000|  0%| F|  |TAMS 0x0000000083c00000, 0x0000000083c00000| Untracked 
|  61|0x0000000083d00000, 0x0000000083d00000, 0x0000000083e00000|  0%| F|  |TAMS 0x0000000083d00000, 0x0000000083d00000| Untracked 
|  62|0x0000000083e00000, 0x0000000083e00000, 0x0000000083f00000|  0%| F|  |TAMS 0x0000000083e00000, 0x0000000083e00000| Untracked 
|  63|0x0000000083f00000, 0x0000000083f7c9c0, 0x0000000084000000| 48%| S|CS|TAMS 0x0000000083f00000, 0x0000000083f00000| Complete 
|  64|0x0000000084000000, 0x0000000084100000, 0x0000000084100000|100%| S|CS|TAMS 0x0000000084000000, 0x0000000084000000| Complete 
|  65|0x0000000084100000, 0x0000000084200000, 0x0000000084200000|100%| S|CS|TAMS 0x0000000084100000, 0x0000000084100000| Complete 
|  66|0x0000000084200000, 0x0000000084300000, 0x0000000084300000|100%| S|CS|TAMS 0x0000000084200000, 0x0000000084200000| Complete 
|  67|0x0000000084300000, 0x0000000084300000, 0x0000000084400000|  0%| F|  |TAMS 0x0000000084300000, 0x0000000084300000| Untracked 
|  68|0x0000000084400000, 0x0000000084400000, 0x0000000084500000|  0%| F|  |TAMS 0x0000000084400000, 0x0000000084400000| Untracked 
|  69|0x0000000084500000, 0x0000000084500000, 0x0000000084600000|  0%| F|  |TAMS 0x0000000084500000, 0x0000000084500000| Untracked 
|  70|0x0000000084600000, 0x0000000084600000, 0x0000000084700000|  0%| F|  |TAMS 0x0000000084600000, 0x0000000084600000| Untracked 
|  71|0x0000000084700000, 0x0000000084700000, 0x0000000084800000|  0%| F|  |TAMS 0x0000000084700000, 0x0000000084700000| Untracked 
|  72|0x0000000084800000, 0x0000000084800000, 0x0000000084900000|  0%| F|  |TAMS 0x0000000084800000, 0x0000000084800000| Untracked 
|  73|0x0000000084900000, 0x0000000084900000, 0x0000000084a00000|  0%| F|  |TAMS 0x0000000084900000, 0x0000000084900000| Untracked 
|  74|0x0000000084a00000, 0x0000000084a00000, 0x0000000084b00000|  0%| F|  |TAMS 0x0000000084a00000, 0x0000000084a00000| Untracked 
|  75|0x0000000084b00000, 0x0000000084b00000, 0x0000000084c00000|  0%| F|  |TAMS 0x0000000084b00000, 0x0000000084b00000| Untracked 
|  76|0x0000000084c00000, 0x0000000084c00000, 0x0000000084d00000|  0%| F|  |TAMS 0x0000000084c00000, 0x0000000084c00000| Untracked 
|  77|0x0000000084d00000, 0x0000000084d00000, 0x0000000084e00000|  0%| F|  |TAMS 0x0000000084d00000, 0x0000000084d00000| Untracked 
|  78|0x0000000084e00000, 0x0000000084e00000, 0x0000000084f00000|  0%| F|  |TAMS 0x0000000084e00000, 0x0000000084e00000| Untracked 
|  79|0x0000000084f00000, 0x0000000084f00000, 0x0000000085000000|  0%| F|  |TAMS 0x0000000084f00000, 0x0000000084f00000| Untracked 
|  80|0x0000000085000000, 0x0000000085000000, 0x0000000085100000|  0%| F|  |TAMS 0x0000000085000000, 0x0000000085000000| Untracked 
|  81|0x0000000085100000, 0x0000000085100000, 0x0000000085200000|  0%| F|  |TAMS 0x0000000085100000, 0x0000000085100000| Untracked 
|  82|0x0000000085200000, 0x0000000085200000, 0x0000000085300000|  0%| F|  |TAMS 0x0000000085200000, 0x0000000085200000| Untracked 
|  83|0x0000000085300000, 0x0000000085300000, 0x0000000085400000|  0%| F|  |TAMS 0x0000000085300000, 0x0000000085300000| Untracked 
|  84|0x0000000085400000, 0x0000000085400000, 0x0000000085500000|  0%| F|  |TAMS 0x0000000085400000, 0x0000000085400000| Untracked 
|  85|0x0000000085500000, 0x0000000085500000, 0x0000000085600000|  0%| F|  |TAMS 0x0000000085500000, 0x0000000085500000| Untracked 
|  86|0x0000000085600000, 0x0000000085600000, 0x0000000085700000|  0%| F|  |TAMS 0x0000000085600000, 0x0000000085600000| Untracked 
|  87|0x0000000085700000, 0x0000000085700000, 0x0000000085800000|  0%| F|  |TAMS 0x0000000085700000, 0x0000000085700000| Untracked 
|  88|0x0000000085800000, 0x0000000085800000, 0x0000000085900000|  0%| F|  |TAMS 0x0000000085800000, 0x0000000085800000| Untracked 
|  89|0x0000000085900000, 0x0000000085900000, 0x0000000085a00000|  0%| F|  |TAMS 0x0000000085900000, 0x0000000085900000| Untracked 
|  90|0x0000000085a00000, 0x0000000085a00000, 0x0000000085b00000|  0%| F|  |TAMS 0x0000000085a00000, 0x0000000085a00000| Untracked 
|  91|0x0000000085b00000, 0x0000000085b00000, 0x0000000085c00000|  0%| F|  |TAMS 0x0000000085b00000, 0x0000000085b00000| Untracked 
|  92|0x0000000085c00000, 0x0000000085c00000, 0x0000000085d00000|  0%| F|  |TAMS 0x0000000085c00000, 0x0000000085c00000| Untracked 

Card table byte_map: [0x0000021bf7220000,0x0000021bf7620000] _byte_map_base: 0x0000021bf6e20000

Marking Bits (Prev, Next): (CMBitMap*) 0x0000021bf2d19cf0, (CMBitMap*) 0x0000021bf2d19cb8
 Prev Bits: [0x0000021bf9a20000, 0x0000021bfba20000)
 Next Bits: [0x0000021bf7a20000, 0x0000021bf9a20000)

Polling page: 0x0000021bf2dc0000

Metaspace:

Usage:
  Non-class:     52.39 MB capacity,    51.50 MB ( 98%) used,   753.20 KB (  1%) free+waste,   152.88 KB ( <1%) overhead. 
      Class:      7.99 MB capacity,     7.46 MB ( 93%) used,   468.13 KB (  6%) free+waste,    71.94 KB ( <1%) overhead. 
       Both:     60.37 MB capacity,    58.96 MB ( 98%) used,     1.19 MB (  2%) free+waste,   224.81 KB ( <1%) overhead. 

Virtual space:
  Non-class space:       54.00 MB reserved,      52.62 MB ( 97%) committed 
      Class space:        1.00 GB reserved,       8.00 MB ( <1%) committed 
             Both:        1.05 GB reserved,      60.62 MB (  6%) committed 

Chunk freelists:
   Non-Class:  48.00 KB
       Class:  13.00 KB
        Both:  61.00 KB

MaxMetaspaceSize: 17179869184.00 GB
CompressedClassSpaceSize: 1.00 GB

CodeHeap 'non-profiled nmethods': size=120064Kb used=2718Kb max_used=2718Kb free=117345Kb
 bounds [0x0000021b87ac0000, 0x0000021b87d70000, 0x0000021b8f000000]
CodeHeap 'profiled nmethods': size=120000Kb used=12280Kb max_used=12280Kb free=107719Kb
 bounds [0x0000021b80590000, 0x0000021b81190000, 0x0000021b87ac0000]
CodeHeap 'non-nmethods': size=5696Kb used=2252Kb max_used=2292Kb free=3443Kb
 bounds [0x0000021b80000000, 0x0000021b80270000, 0x0000021b80590000]
 total_blobs=6656 nmethods=5814 adapters=753
 compilation: enabled
              stopped_count=0, restarted_count=0
 full_count=0

Compilation events (20 events):
Event: 19.550 Thread 0x0000021bfe097000 5903       1       org.gradle.api.internal.artifacts.configurations.DefaultConfiguration::getName (5 bytes)
Event: 19.550 Thread 0x0000021bfe097000 nmethod 5903 0x0000021b87d64e10 code [0x0000021b87d64fc0, 0x0000021b87d65078]
Event: 19.550 Thread 0x0000021bfe097000 5902       1       org.gradle.api.internal.collections.DefaultCollectionEventRegister::getAddActions (5 bytes)
Event: 19.550 Thread 0x0000021bfe097000 nmethod 5902 0x0000021b87d65110 code [0x0000021b87d652c0, 0x0000021b87d65378]
Event: 19.551 Thread 0x0000021bfe097000 5904       3       org.gradle.internal.ImmutableActionSet::empty (10 bytes)
Event: 19.552 Thread 0x0000021bfe097000 nmethod 5904 0x0000021b8118c490 code [0x0000021b8118c640, 0x0000021b8118c778]
Event: 19.568 Thread 0x0000021bfe089000 nmethod 5851% 0x0000021b87d65410 code [0x0000021b87d655c0, 0x0000021b87d66218]
Event: 19.568 Thread 0x0000021bfe089000 5838       4       java.lang.ThreadLocal$ThreadLocalMap::getEntry (42 bytes)
Event: 19.574 Thread 0x0000021bfe089000 nmethod 5838 0x0000021b87d66490 code [0x0000021b87d66640, 0x0000021b87d668d8]
Event: 19.574 Thread 0x0000021bfe089000 5794       4       java.lang.String::toLowerCase (29 bytes)
Event: 19.592 Thread 0x0000021bfe089000 nmethod 5794 0x0000021b87d66a90 code [0x0000021b87d66c60, 0x0000021b87d67458]
Event: 19.592 Thread 0x0000021bfe089000 5721       4       com.google.common.collect.MapMakerInternalMap$1::clear (1 bytes)
Event: 19.593 Thread 0x0000021bfe089000 nmethod 5721 0x0000021b87d67910 code [0x0000021b87d67aa0, 0x0000021b87d67af8]
Event: 19.593 Thread 0x0000021bfe097000 5905       3       java.util.LinkedHashMap::get (33 bytes)
Event: 19.593 Thread 0x0000021bfe097000 nmethod 5905 0x0000021b8118c810 code [0x0000021b8118ca00, 0x0000021b8118ce28]
Event: 19.602 Thread 0x0000021bfe089000 5906   !   4       jdk.internal.loader.Resource::getBytes (242 bytes)
Event: 19.609 Thread 0x0000021bfe097000 5907       3       com.google.common.collect.MapMakerInternalMap$WeakValueReferenceImpl::copyFor (14 bytes)
Event: 19.609 Thread 0x0000021bfe097000 nmethod 5907 0x0000021b8118cf90 code [0x0000021b8118d180, 0x0000021b8118d678]
Event: 19.610 Thread 0x0000021bfe097000 5909       3       com.google.common.collect.MapMakerInternalMap$StrongKeyWeakValueEntry::copy (34 bytes)
Event: 19.610 Thread 0x0000021bfe097000 nmethod 5909 0x0000021b8118d810 code [0x0000021b8118da00, 0x0000021b8118df48]

GC Heap History (20 events):
Event: 10.481 GC heap after
{Heap after GC invocations=12 (full 0):
 garbage-first heap   total 78848K, used 24928K [0x0000000080000000, 0x0000000100000000)
  region size 1024K, 3 young (3072K), 3 survivors (3072K)
 Metaspace       used 35892K, capacity 36769K, committed 36860K, reserved 1081344K
  class space    used 4613K, capacity 4916K, committed 4992K, reserved 1048576K
}
Event: 11.131 GC heap before
{Heap before GC invocations=12 (full 0):
 garbage-first heap   total 78848K, used 50528K [0x0000000080000000, 0x0000000100000000)
  region size 1024K, 26 young (26624K), 3 survivors (3072K)
 Metaspace       used 38600K, capacity 39493K, committed 39676K, reserved 1083392K
  class space    used 4913K, capacity 5246K, committed 5248K, reserved 1048576K
}
Event: 11.140 GC heap after
{Heap after GC invocations=13 (full 0):
 garbage-first heap   total 78848K, used 25752K [0x0000000080000000, 0x0000000100000000)
  region size 1024K, 3 young (3072K), 3 survivors (3072K)
 Metaspace       used 38600K, capacity 39493K, committed 39676K, reserved 1083392K
  class space    used 4913K, capacity 5246K, committed 5248K, reserved 1048576K
}
Event: 11.667 GC heap before
{Heap before GC invocations=13 (full 0):
 garbage-first heap   total 78848K, used 50328K [0x0000000080000000, 0x0000000100000000)
  region size 1024K, 27 young (27648K), 3 survivors (3072K)
 Metaspace       used 40194K, capacity 41100K, committed 41212K, reserved 1085440K
  class space    used 5154K, capacity 5499K, committed 5504K, reserved 1048576K
}
Event: 11.674 GC heap after
{Heap after GC invocations=14 (full 0):
 garbage-first heap   total 78848K, used 26981K [0x0000000080000000, 0x0000000100000000)
  region size 1024K, 4 young (4096K), 4 survivors (4096K)
 Metaspace       used 40194K, capacity 41100K, committed 41212K, reserved 1085440K
  class space    used 5154K, capacity 5499K, committed 5504K, reserved 1048576K
}
Event: 12.509 GC heap before
{Heap before GC invocations=14 (full 0):
 garbage-first heap   total 78848K, used 52581K [0x0000000080000000, 0x0000000100000000)
  region size 1024K, 29 young (29696K), 4 survivors (4096K)
 Metaspace       used 42993K, capacity 44057K, committed 44156K, reserved 1087488K
  class space    used 5475K, capacity 5823K, committed 5888K, reserved 1048576K
}
Event: 12.524 GC heap after
{Heap after GC invocations=15 (full 0):
 garbage-first heap   total 78848K, used 27870K [0x0000000080000000, 0x0000000100000000)
  region size 1024K, 3 young (3072K), 3 survivors (3072K)
 Metaspace       used 42993K, capacity 44057K, committed 44156K, reserved 1087488K
  class space    used 5475K, capacity 5823K, committed 5888K, reserved 1048576K
}
Event: 13.074 GC heap before
{Heap before GC invocations=15 (full 0):
 garbage-first heap   total 78848K, used 55518K [0x0000000080000000, 0x0000000100000000)
  region size 1024K, 30 young (30720K), 3 survivors (3072K)
 Metaspace       used 44927K, capacity 46066K, committed 46332K, reserved 1089536K
  class space    used 5769K, capacity 6155K, committed 6272K, reserved 1048576K
}
Event: 13.091 GC heap after
{Heap after GC invocations=16 (full 0):
 garbage-first heap   total 78848K, used 29052K [0x0000000080000000, 0x0000000100000000)
  region size 1024K, 2 young (2048K), 2 survivors (2048K)
 Metaspace       used 44927K, capacity 46066K, committed 46332K, reserved 1089536K
  class space    used 5769K, capacity 6155K, committed 6272K, reserved 1048576K
}
Event: 14.428 GC heap before
{Heap before GC invocations=16 (full 0):
 garbage-first heap   total 78848K, used 56700K [0x0000000080000000, 0x0000000100000000)
  region size 1024K, 30 young (30720K), 2 survivors (2048K)
 Metaspace       used 46701K, capacity 47955K, committed 48124K, reserved 1091584K
  class space    used 5971K, capacity 6418K, committed 6528K, reserved 1048576K
}
Event: 14.437 GC heap after
{Heap after GC invocations=17 (full 0):
 garbage-first heap   total 95232K, used 30348K [0x0000000080000000, 0x0000000100000000)
  region size 1024K, 4 young (4096K), 4 survivors (4096K)
 Metaspace       used 46701K, capacity 47955K, committed 48124K, reserved 1091584K
  class space    used 5971K, capacity 6418K, committed 6528K, reserved 1048576K
}
Event: 16.060 GC heap before
{Heap before GC invocations=17 (full 0):
 garbage-first heap   total 95232K, used 68236K [0x0000000080000000, 0x0000000100000000)
  region size 1024K, 38 young (38912K), 4 survivors (4096K)
 Metaspace       used 48433K, capacity 49764K, committed 50044K, reserved 1093632K
  class space    used 6168K, capacity 6621K, committed 6656K, reserved 1048576K
}
Event: 16.098 GC heap after
{Heap after GC invocations=18 (full 0):
 garbage-first heap   total 95232K, used 41754K [0x0000000080000000, 0x0000000100000000)
  region size 1024K, 5 young (5120K), 5 survivors (5120K)
 Metaspace       used 48433K, capacity 49764K, committed 50044K, reserved 1093632K
  class space    used 6168K, capacity 6621K, committed 6656K, reserved 1048576K
}
Event: 17.459 GC heap before
{Heap before GC invocations=18 (full 0):
 garbage-first heap   total 95232K, used 69402K [0x0000000080000000, 0x0000000100000000)
  region size 1024K, 33 young (33792K), 5 survivors (5120K)
 Metaspace       used 52294K, capacity 53633K, committed 53884K, reserved 1095680K
  class space    used 6638K, capacity 7123K, committed 7168K, reserved 1048576K
}
Event: 17.474 GC heap after
{Heap after GC invocations=19 (full 0):
 garbage-first heap   total 95232K, used 43256K [0x0000000080000000, 0x0000000100000000)
  region size 1024K, 2 young (2048K), 2 survivors (2048K)
 Metaspace       used 52294K, capacity 53633K, committed 53884K, reserved 1095680K
  class space    used 6638K, capacity 7123K, committed 7168K, reserved 1048576K
}
Event: 18.545 GC heap before
{Heap before GC invocations=19 (full 0):
 garbage-first heap   total 95232K, used 71928K [0x0000000080000000, 0x0000000100000000)
  region size 1024K, 30 young (30720K), 2 survivors (2048K)
 Metaspace       used 56421K, capacity 57782K, committed 57980K, reserved 1099776K
  class space    used 7153K, capacity 7627K, committed 7680K, reserved 1048576K
}
Event: 18.550 GC heap after
{Heap after GC invocations=20 (full 0):
 garbage-first heap   total 95232K, used 43916K [0x0000000080000000, 0x0000000100000000)
  region size 1024K, 2 young (2048K), 2 survivors (2048K)
 Metaspace       used 56421K, capacity 57782K, committed 57980K, reserved 1099776K
  class space    used 7153K, capacity 7627K, committed 7680K, reserved 1048576K
}
Event: 18.912 GC heap before
{Heap before GC invocations=20 (full 0):
 garbage-first heap   total 95232K, used 53132K [0x0000000080000000, 0x0000000100000000)
  region size 1024K, 12 young (12288K), 2 survivors (2048K)
 Metaspace       used 58380K, capacity 59845K, committed 59940K, reserved 1101824K
  class space    used 7389K, capacity 7931K, committed 7936K, reserved 1048576K
}
Event: 18.922 GC heap after
{Heap after GC invocations=21 (full 0):
 garbage-first heap   total 95232K, used 45308K [0x0000000080000000, 0x0000000100000000)
  region size 1024K, 4 young (4096K), 4 survivors (4096K)
 Metaspace       used 58380K, capacity 59845K, committed 59940K, reserved 1101824K
  class space    used 7389K, capacity 7931K, committed 7936K, reserved 1048576K
}
Event: 19.614 GC heap before
{Heap before GC invocations=22 (full 0):
 garbage-first heap   total 95232K, used 66812K [0x0000000080000000, 0x0000000100000000)
  region size 1024K, 26 young (26624K), 4 survivors (4096K)
 Metaspace       used 60376K, capacity 61823K, committed 62076K, reserved 1103872K
  class space    used 7638K, capacity 8179K, committed 8192K, reserved 1048576K
}

Deoptimization events (20 events):
Event: 19.196 Thread 0x0000021b8fb43000 DEOPT PACKING pc=0x0000021b80756357 sp=0x000000f0c4df3b10
Event: 19.196 Thread 0x0000021b8fb43000 DEOPT UNPACKING pc=0x0000021b800276ce sp=0x000000f0c4df30c0 mode 0
Event: 19.198 Thread 0x0000021b8fb43000 DEOPT PACKING pc=0x0000021b80756357 sp=0x000000f0c4df3b10
Event: 19.198 Thread 0x0000021b8fb43000 DEOPT UNPACKING pc=0x0000021b800276ce sp=0x000000f0c4df30c0 mode 0
Event: 19.224 Thread 0x0000021b8fb43000 Uncommon trap: trap_request=0xffffff4d fr.pc=0x0000021b87ce40ac relative=0x000000000000026c
Event: 19.224 Thread 0x0000021b8fb43000 Uncommon trap: reason=unstable_if action=reinterpret pc=0x0000021b87ce40ac method=java.util.LinkedHashMap.get(Ljava/lang/Object;)Ljava/lang/Object; @ 20 c2
Event: 19.224 Thread 0x0000021b8fb43000 DEOPT PACKING pc=0x0000021b87ce40ac sp=0x000000f0c4df3950
Event: 19.224 Thread 0x0000021b8fb43000 DEOPT UNPACKING pc=0x0000021b800278af sp=0x000000f0c4df3908 mode 2
Event: 19.229 Thread 0x0000021b8fb43000 DEOPT PACKING pc=0x0000021b80756357 sp=0x000000f0c4df3a40
Event: 19.230 Thread 0x0000021b8fb43000 DEOPT UNPACKING pc=0x0000021b800276ce sp=0x000000f0c4df2ff0 mode 0
Event: 19.233 Thread 0x0000021b8fb43000 DEOPT PACKING pc=0x0000021b80756357 sp=0x000000f0c4df3a40
Event: 19.233 Thread 0x0000021b8fb43000 DEOPT UNPACKING pc=0x0000021b800276ce sp=0x000000f0c4df2ff0 mode 0
Event: 19.236 Thread 0x0000021b8fb43000 DEOPT PACKING pc=0x0000021b80756357 sp=0x000000f0c4df3a40
Event: 19.236 Thread 0x0000021b8fb43000 DEOPT UNPACKING pc=0x0000021b800276ce sp=0x000000f0c4df2ff0 mode 0
Event: 19.241 Thread 0x0000021b8fb43000 DEOPT PACKING pc=0x0000021b80756357 sp=0x000000f0c4df3a40
Event: 19.241 Thread 0x0000021b8fb43000 DEOPT UNPACKING pc=0x0000021b800276ce sp=0x000000f0c4df2ff0 mode 0
Event: 19.244 Thread 0x0000021b8fb43000 DEOPT PACKING pc=0x0000021b80756357 sp=0x000000f0c4df3a40
Event: 19.244 Thread 0x0000021b8fb43000 DEOPT UNPACKING pc=0x0000021b800276ce sp=0x000000f0c4df2ff0 mode 0
Event: 19.284 Thread 0x0000021b8fb43000 DEOPT PACKING pc=0x0000021b8114937c sp=0x000000f0c4df3520
Event: 19.284 Thread 0x0000021b8fb43000 DEOPT UNPACKING pc=0x0000021b800276ce sp=0x000000f0c4df29e8 mode 0

Classes redefined (0 events):
No events

Internal exceptions (20 events):
Event: 15.682 Thread 0x0000021b8fe68800 Exception <a 'java/lang/NoSuchMethodError'{0x00000000841b1500}: <clinit>> (0x00000000841b1500) thrown at [./src/hotspot/share/prims/jni.cpp, line 1362]
Event: 15.682 Thread 0x0000021b8fe68800 Exception <a 'java/lang/NoSuchMethodError'{0x00000000841b2a58}: <clinit>> (0x00000000841b2a58) thrown at [./src/hotspot/share/prims/jni.cpp, line 1362]
Event: 15.682 Thread 0x0000021b8fe68800 Exception <a 'java/lang/NoSuchMethodError'{0x00000000841b3f50}: <clinit>> (0x00000000841b3f50) thrown at [./src/hotspot/share/prims/jni.cpp, line 1362]
Event: 15.683 Thread 0x0000021b8fe68800 Exception <a 'java/lang/NoSuchMethodError'{0x00000000841bfc08}: <clinit>> (0x00000000841bfc08) thrown at [./src/hotspot/share/prims/jni.cpp, line 1362]
Event: 15.684 Thread 0x0000021b8fe68800 Exception <a 'java/lang/NoSuchMethodError'{0x00000000841cc1a8}: <clinit>> (0x00000000841cc1a8) thrown at [./src/hotspot/share/prims/jni.cpp, line 1362]
Event: 15.690 Thread 0x0000021b8fe68800 Exception <a 'java/lang/NoSuchMethodError'{0x00000000841e4368}: <clinit>> (0x00000000841e4368) thrown at [./src/hotspot/share/prims/jni.cpp, line 1362]
Event: 15.783 Thread 0x0000021b8fb43000 Exception <a 'java/lang/ClassNotFoundException'{0x000000008403da70}: build_5qz5yakvh4qqqlo5mq00qos0fBeanInfo> (0x000000008403da70) thrown at [./src/hotspot/share/classfile/systemDictionary.cpp, line 231]
Event: 15.783 Thread 0x0000021b8fb43000 Exception <a 'java/lang/ClassNotFoundException'{0x0000000084048998}: build_5qz5yakvh4qqqlo5mq00qos0fCustomizer> (0x0000000084048998) thrown at [./src/hotspot/share/classfile/systemDictionary.cpp, line 231]
Event: 15.801 Thread 0x0000021b8fb43000 Exception <a 'java/lang/ClassNotFoundException'{0x00000000840ab3f8}: org/gradle/api/internal/plugins/DefaultObjectConfigurationActionBeanInfo> (0x00000000840ab3f8) thrown at [./src/hotspot/share/classfile/systemDictionary.cpp, line 231]
Event: 15.802 Thread 0x0000021b8fb43000 Exception <a 'java/lang/ClassNotFoundException'{0x00000000840dd6b0}: org/gradle/api/internal/plugins/DefaultObjectConfigurationActionCustomizer> (0x00000000840dd6b0) thrown at [./src/hotspot/share/classfile/systemDictionary.cpp, line 231]
Event: 16.515 Thread 0x0000021b8fb43000 Exception <a 'java/lang/NoSuchMethodError'{0x00000000857fefb0}: 'java.lang.Object java.lang.invoke.DirectMethodHandle$Holder.invokeStatic(java.lang.Object, java.lang.Object, java.lang.Object, java.lang.Object, int)'> (0x00000000857fefb0) thrown at [./src/hotspot/share/interpreter/linkResolver.cpp, line 773]
Event: 16.516 Thread 0x0000021b8fb43000 Exception <a 'java/lang/NoSuchMethodError'{0x0000000085603ec0}: 'java.lang.Object java.lang.invoke.DirectMethodHandle$Holder.invokeSpecial(java.lang.Object, java.lang.Object, java.lang.Object, java.lang.Object, java.lang.Object, int)'> (0x0000000085603ec0) thrown at [./src/hotspot/share/interpreter/linkResolver.cpp, line 773]
Event: 16.516 Thread 0x0000021b8fb43000 Exception <a 'java/lang/NoSuchMethodError'{0x0000000085608500}: 'java.lang.Object java.lang.invoke.Invokers$Holder.linkToTargetMethod(java.lang.Object, java.lang.Object, java.lang.Object, int, java.lang.Object)'> (0x0000000085608500) thrown at [./src/hotspot/share/interpreter/linkResolver.cpp, line 773]
Event: 17.244 Thread 0x0000021b8fb43000 Exception <a 'java/lang/NoSuchMethodError'{0x00000000848c15e8}: 'java.lang.Object java.lang.invoke.DirectMethodHandle$Holder.invokeSpecial(java.lang.Object, java.lang.Object, int, int, java.lang.Object, java.lang.Object, java.lang.Object)'> (0x00000000848c15e8) thrown at [./src/hotspot/share/interpreter/linkResolver.cpp, line 773]
Event: 17.245 Thread 0x0000021b8fb43000 Exception <a 'java/lang/NoSuchMethodError'{0x00000000848c5b68}: 'java.lang.Object java.lang.invoke.DelegatingMethodHandle$Holder.reinvoke_L(java.lang.Object, int, int, java.lang.Object, java.lang.Object, java.lang.Object)'> (0x00000000848c5b68) thrown at [./src/hotspot/share/interpreter/linkResolver.cpp, line 773]
Event: 17.682 Thread 0x0000021b8fb43000 Exception <a 'java/lang/NoSuchMethodError'{0x0000000085867fc8}: 'int java.lang.invoke.DirectMethodHandle$Holder.invokeInterface(java.lang.Object, java.lang.Object, java.lang.Object, java.lang.Object)'> (0x0000000085867fc8) thrown at [./src/hotspot/share/interpreter/linkResolver.cpp, line 773]
Event: 18.329 Thread 0x0000021b8fb43000 Exception <a 'java/lang/NoSuchMethodError'{0x000000008488a0a8}: 'void java.lang.invoke.DirectMethodHandle$Holder.invokeInterface(java.lang.Object, java.lang.Object, java.lang.Object, java.lang.Object)'> (0x000000008488a0a8) thrown at [./src/hotspot/share/interpreter/linkResolver.cpp, line 773]
Event: 18.603 Thread 0x0000021b8fb43000 Exception <a 'java/lang/IncompatibleClassChangeError'{0x0000000085cbd638}: Found class java.lang.Object, but interface was expected> (0x0000000085cbd638) thrown at [./src/hotspot/share/interpreter/linkResolver.cpp, line 839]
Event: 18.877 Thread 0x0000021b8fb43000 Implicit null exception at 0x0000021b87d4c92d to 0x0000021b87d4cba0
Event: 19.409 Thread 0x0000021b8fb43000 Exception <a 'sun/nio/fs/WindowsException'{0x0000000084ba4148}> (0x0000000084ba4148) thrown at [./src/hotspot/share/prims/jni.cpp, line 615]

Events (20 events):
Event: 19.606 loading class org/objectweb/asm/ClassWriter done
Event: 19.607 loading class org/objectweb/asm/ClassVisitor
Event: 19.607 loading class org/objectweb/asm/ClassVisitor done
Event: 19.609 loading class org/objectweb/asm/AnnotationVisitor
Event: 19.609 loading class org/objectweb/asm/AnnotationVisitor done
Event: 19.610 loading class org/objectweb/asm/AnnotationWriter
Event: 19.610 loading class org/objectweb/asm/AnnotationWriter done
Event: 19.611 loading class org/objectweb/asm/ModuleVisitor
Event: 19.611 loading class org/objectweb/asm/ModuleVisitor done
Event: 19.611 loading class org/objectweb/asm/ModuleWriter
Event: 19.611 loading class org/objectweb/asm/ModuleWriter done
Event: 19.612 loading class org/objectweb/asm/FieldVisitor
Event: 19.612 loading class org/objectweb/asm/FieldVisitor done
Event: 19.612 loading class org/objectweb/asm/FieldWriter
Event: 19.612 loading class org/objectweb/asm/FieldWriter done
Event: 19.613 loading class org/objectweb/asm/MethodVisitor
Event: 19.613 loading class org/objectweb/asm/MethodVisitor done
Event: 19.614 loading class org/objectweb/asm/MethodWriter
Event: 19.614 loading class org/objectweb/asm/MethodWriter done
Event: 19.614 Executing VM operation: G1CollectForAllocation


Dynamic libraries:
0x00007ff7d2ff0000 - 0x00007ff7d2ffa000 	C:\Program Files\Android\Android Studio\jre\bin\java.exe
0x00007ffe8bb30000 - 0x00007ffe8bd25000 	C:\WINDOWS\SYSTEM32\ntdll.dll
0x00007ffe8a230000 - 0x00007ffe8a2ee000 	C:\WINDOWS\System32\KERNEL32.DLL
0x00007ffe898b0000 - 0x00007ffe89b78000 	C:\WINDOWS\System32\KERNELBASE.dll
0x00007ffe89250000 - 0x00007ffe89350000 	C:\WINDOWS\System32\ucrtbase.dll
0x00007ffe70210000 - 0x00007ffe70227000 	C:\Program Files\Android\Android Studio\jre\bin\VCRUNTIME140.dll
0x00007ffe83e30000 - 0x00007ffe83e49000 	C:\Program Files\Android\Android Studio\jre\bin\jli.dll
0x00007ffe8b620000 - 0x00007ffe8b7c1000 	C:\WINDOWS\System32\USER32.dll
0x00007ffe89850000 - 0x00007ffe89872000 	C:\WINDOWS\System32\win32u.dll
0x00007ffe78f80000 - 0x00007ffe7921a000 	C:\WINDOWS\WinSxS\amd64_microsoft.windows.common-controls_6595b64144ccf1df_6.0.19041.1110_none_60b5254171f9507e\COMCTL32.dll
0x00007ffe8b500000 - 0x00007ffe8b52b000 	C:\WINDOWS\System32\GDI32.dll
0x00007ffe8acb0000 - 0x00007ffe8ad4e000 	C:\WINDOWS\System32\msvcrt.dll
0x00007ffe89350000 - 0x00007ffe8945b000 	C:\WINDOWS\System32\gdi32full.dll
0x00007ffe89720000 - 0x00007ffe897bd000 	C:\WINDOWS\System32\msvcp_win.dll
0x00007ffe8b530000 - 0x00007ffe8b560000 	C:\WINDOWS\System32\IMM32.DLL
0x00007ffe639a0000 - 0x00007ffe63a3d000 	C:\Program Files\Android\Android Studio\jre\bin\msvcp140.dll
0x00007ffe40620000 - 0x00007ffe410ef000 	C:\Program Files\Android\Android Studio\jre\bin\server\jvm.dll
0x00007ffe8a0f0000 - 0x00007ffe8a19c000 	C:\WINDOWS\System32\ADVAPI32.dll
0x00007ffe8b900000 - 0x00007ffe8b99b000 	C:\WINDOWS\System32\sechost.dll
0x00007ffe8aad0000 - 0x00007ffe8abfa000 	C:\WINDOWS\System32\RPCRT4.dll
0x00007ffe8b9b0000 - 0x00007ffe8b9b8000 	C:\WINDOWS\System32\PSAPI.DLL
0x00007ffe84f90000 - 0x00007ffe84f99000 	C:\WINDOWS\SYSTEM32\WSOCK32.dll
0x00007ffe8ad50000 - 0x00007ffe8adbb000 	C:\WINDOWS\System32\WS2_32.dll
0x00007ffe7cd70000 - 0x00007ffe7cd97000 	C:\WINDOWS\SYSTEM32\WINMM.dll
0x00007ffe7cf10000 - 0x00007ffe7cf1a000 	C:\WINDOWS\SYSTEM32\VERSION.dll
0x00007ffe87150000 - 0x00007ffe87162000 	C:\WINDOWS\SYSTEM32\kernel.appcore.dll
0x00007ffe6a800000 - 0x00007ffe6a811000 	C:\Program Files\Android\Android Studio\jre\bin\verify.dll
0x00007ffe74ef0000 - 0x00007ffe750d4000 	C:\WINDOWS\SYSTEM32\DBGHELP.DLL
0x00007ffe74e90000 - 0x00007ffe74ebc000 	C:\WINDOWS\SYSTEM32\dbgcore.DLL
0x00007ffe897c0000 - 0x00007ffe89843000 	C:\WINDOWS\System32\bcryptPrimitives.dll
0x00007ffe64040000 - 0x00007ffe64069000 	C:\Program Files\Android\Android Studio\jre\bin\java.dll
0x00007ffe84f60000 - 0x00007ffe84f6b000 	C:\Program Files\Android\Android Studio\jre\bin\jimage.dll
0x00007ffe64ba0000 - 0x00007ffe64bb8000 	C:\Program Files\Android\Android Studio\jre\bin\zip.dll
0x00007ffe8adc0000 - 0x00007ffe8b4ff000 	C:\WINDOWS\System32\SHELL32.dll
0x00007ffe87350000 - 0x00007ffe87ae0000 	C:\WINDOWS\SYSTEM32\windows.storage.dll
0x00007ffe8a350000 - 0x00007ffe8a6a5000 	C:\WINDOWS\System32\combase.dll
0x00007ffe88ca0000 - 0x00007ffe88cce000 	C:\WINDOWS\SYSTEM32\Wldp.dll
0x00007ffe8ac00000 - 0x00007ffe8acad000 	C:\WINDOWS\System32\SHCORE.dll
0x00007ffe8a2f0000 - 0x00007ffe8a345000 	C:\WINDOWS\System32\shlwapi.dll
0x00007ffe89190000 - 0x00007ffe891af000 	C:\WINDOWS\SYSTEM32\profapi.dll
0x00007ffe64020000 - 0x00007ffe6403a000 	C:\Program Files\Android\Android Studio\jre\bin\net.dll
0x00007ffe7a770000 - 0x00007ffe7a87c000 	C:\WINDOWS\SYSTEM32\WINHTTP.dll
0x00007ffe88a00000 - 0x00007ffe88a6a000 	C:\WINDOWS\system32\mswsock.dll
0x00007ffe64000000 - 0x00007ffe64014000 	C:\Program Files\Android\Android Studio\jre\bin\nio.dll
0x00007ffe84fe0000 - 0x00007ffe85007000 	C:\Program Files\Java\jdk-17.0.1\native\8bec1ad78214c89d9ad589b4d07fe93259594b29d510b10fafb7a158f7737e5d\windows-amd64\native-platform.dll
0x00007ffe640f0000 - 0x00007ffe6422d000 	C:\Program Files\Java\jdk-17.0.1\native\53dbd7edfb1c66fb8903c78663c9afc45aea4f116125fa6feffd364cf09443e8\windows-amd64\native-platform-file-events.dll
0x00007ffe83c90000 - 0x00007ffe83c9a000 	C:\Program Files\Android\Android Studio\jre\bin\management.dll
0x00007ffe81120000 - 0x00007ffe8112c000 	C:\Program Files\Android\Android Studio\jre\bin\management_ext.dll
0x00007ffe88bf0000 - 0x00007ffe88c08000 	C:\WINDOWS\SYSTEM32\CRYPTSP.dll
0x00007ffe88310000 - 0x00007ffe88344000 	C:\WINDOWS\system32\rsaenh.dll
0x00007ffe89880000 - 0x00007ffe898a7000 	C:\WINDOWS\System32\bcrypt.dll
0x00007ffe89110000 - 0x00007ffe8913e000 	C:\WINDOWS\SYSTEM32\USERENV.dll
0x00007ffe88c10000 - 0x00007ffe88c1c000 	C:\WINDOWS\SYSTEM32\CRYPTBASE.dll
0x00007ffe886a0000 - 0x00007ffe886db000 	C:\WINDOWS\SYSTEM32\IPHLPAPI.DLL
0x00007ffe8b9a0000 - 0x00007ffe8b9a8000 	C:\WINDOWS\System32\NSI.dll
0x00007ffe7da20000 - 0x00007ffe7da37000 	C:\WINDOWS\SYSTEM32\dhcpcsvc6.DLL
0x00007ffe7fcd0000 - 0x00007ffe7fced000 	C:\WINDOWS\SYSTEM32\dhcpcsvc.DLL
0x00007ffe886f0000 - 0x00007ffe887bb000 	C:\WINDOWS\SYSTEM32\DNSAPI.dll

dbghelp: loaded successfully - version: 4.0.5 - missing functions: none
symbol engine: initialized successfully - sym options: 0x614 - pdb path: .;C:\Program Files\Android\Android Studio\jre\bin;C:\WINDOWS\SYSTEM32;C:\WINDOWS\WinSxS\amd64_microsoft.windows.common-controls_6595b64144ccf1df_6.0.19041.1110_none_60b5254171f9507e;C:\Program Files\Android\Android Studio\jre\bin\server;C:\Program Files\Java\jdk-17.0.1\native\8bec1ad78214c89d9ad589b4d07fe93259594b29d510b10fafb7a158f7737e5d\windows-amd64;C:\Program Files\Java\jdk-17.0.1\native\53dbd7edfb1c66fb8903c78663c9afc45aea4f116125fa6feffd364cf09443e8\windows-amd64

VM Arguments:
jvm_args: --add-opens=java.base/java.util=ALL-UNNAMED --add-opens=java.base/java.lang=ALL-UNNAMED --add-opens=java.base/java.lang.invoke=ALL-UNNAMED --add-opens=java.base/java.util=ALL-UNNAMED --add-opens=java.prefs/java.util.prefs=ALL-UNNAMED --add-opens=java.prefs/java.util.prefs=ALL-UNNAMED --add-opens=java.base/java.nio.charset=ALL-UNNAMED --add-opens=java.base/java.net=ALL-UNNAMED --add-opens=java.base/java.util.concurrent.atomic=ALL-UNNAMED -Xmx2048m -Dfile.encoding=UTF-8 -Duser.country=US -Duser.language=en -Duser.variant 
java_command: org.gradle.launcher.daemon.bootstrap.GradleDaemon 7.0.2
java_class_path (initial): C:\Program Files\Java\jdk-17.0.1\wrapper\dists\gradle-7.0.2-bin\857tjihv64xamwrf0h14cai3r\gradle-7.0.2\lib\gradle-launcher-7.0.2.jar
Launcher Type: SUN_STANDARD

[Global flags]
     intx CICompilerCount                          = 3                                         {product} {ergonomic}
     uint ConcGCThreads                            = 1                                         {product} {ergonomic}
     uint G1ConcRefinementThreads                  = 4                                         {product} {ergonomic}
   size_t G1HeapRegionSize                         = 1048576                                   {product} {ergonomic}
    uintx GCDrainStackTargetSize                   = 64                                        {product} {ergonomic}
   size_t InitialHeapSize                          = 67108864                                  {product} {ergonomic}
   size_t MarkStackSize                            = 4194304                                   {product} {ergonomic}
   size_t MaxHeapSize                              = 2147483648                                {product} {command line}
   size_t MaxNewSize                               = 1287651328                                {product} {ergonomic}
   size_t MinHeapDeltaBytes                        = 1048576                                   {product} {ergonomic}
    uintx NonNMethodCodeHeapSize                   = 5830732                                {pd product} {ergonomic}
    uintx NonProfiledCodeHeapSize                  = 122913754                              {pd product} {ergonomic}
    uintx ProfiledCodeHeapSize                     = 122913754                              {pd product} {ergonomic}
    uintx ReservedCodeCacheSize                    = 251658240                              {pd product} {ergonomic}
     bool SegmentedCodeCache                       = true                                      {product} {ergonomic}
     bool UseCompressedClassPointers               = true                                 {lp64_product} {ergonomic}
     bool UseCompressedOops                        = true                                 {lp64_product} {ergonomic}
     bool UseG1GC                                  = true                                      {product} {ergonomic}
     bool UseLargePagesIndividualAllocation        = false                                  {pd product} {ergonomic}

Logging:
Log output configuration:
 #0: stdout all=warning uptime,level,tags
 #1: stderr all=off uptime,level,tags

Environment Variables:
PATH=C:\Program Files\Common Files\Oracle\Java\javapath;C:\WINDOWS\system32;C:\WINDOWS;C:\WINDOWS\System32\Wbem;C:\WINDOWS\System32\WindowsPowerShell\v1.0\;C:\WINDOWS\System32\OpenSSH\;C:\Program Files\dotnet\;C:\Program Files\Microsoft SQL Server\Client SDK\ODBC\170\Tools\Binn\;C:\Program Files (x86)\dotnet\;C:\Program Files\Git\cmd;C:\Users\MinhNgan\AppData\Local\Microsoft\WindowsApps
USERNAME=MinhNgan
OS=Windows_NT
PROCESSOR_IDENTIFIER=Intel64 Family 6 Model 69 Stepping 1, GenuineIntel



---------------  S Y S T E M  ---------------

OS: Windows 10 , 64 bit Build 19041 (10.0.19041.1348)
OS uptime: 0 days 1:30 hours

CPU:total 4 (initial active 4) (2 cores per cpu, 2 threads per core) family 6 model 69 stepping 1 microcode 0x25, cmov, cx8, fxsr, mmx, sse, sse2, sse3, ssse3, sse4.1, sse4.2, popcnt, avx, avx2, aes, clmul, erms, lzcnt, ht, tsc, tscinvbit, bmi1, bmi2, fma

Memory: 4k page, system-wide physical 3979M (122M free)
TotalPageFile size 6979M (AvailPageFile size 16M)
current process WorkingSet (physical memory assigned to process): 195M, peak: 200M
current process commit charge ("private bytes"): 292M, peak: 311M

vm_info: OpenJDK 64-Bit Server VM (11.0.10+0-b96-7249189) for windows-amd64 JRE (11.0.10+0-b96-7249189), built on Mar 31 2021 21:44:00 by "builder" with MS VC++ 14.0 (VS2015)

END.
