#
# There is insufficient memory for the Java Runtime Environment to continue.
# Native memory allocation (malloc) failed to allocate 131088 bytes for Chunk::new
# Possible reasons:
#   The system is out of physical RAM or swap space
#   The process is running with CompressedOops enabled, and the Java Heap may be blocking the growth of the native heap
# Possible solutions:
#   Reduce memory load on the system
#   Increase physical memory or swap space
#   Check if swap backing store is full
#   Decrease Java heap size (-Xmx/-Xms)
#   Decrease number of Java threads
#   Decrease Java thread stack sizes (-Xss)
#   Set larger code cache with -XX:ReservedCodeCacheSize=
#   JVM is running with Unscaled Compressed Oops mode in which the Java heap is
#     placed in the first 4GB address space. The Java Heap base address is the
#     maximum limit for the native heap growth. Please use -XX:HeapBaseMinAddress
#     to set the Java Heap base and to place the Java Heap above 4GB virtual address.
# This output file may be truncated or incomplete.
#
#  Out of Memory Error (./src/hotspot/share/memory/arena.cpp:197), pid=8208, tid=5640
#
# JRE version: OpenJDK Runtime Environment (11.0.10) (build 11.0.10+0-b96-7249189)
# Java VM: OpenJDK 64-Bit Server VM (11.0.10+0-b96-7249189, mixed mode, tiered, compressed oops, g1 gc, windows-amd64)
# No core dump will be written. Minidumps are not enabled by default on client versions of Windows
#

---------------  S U M M A R Y ------------

Command Line: --add-opens=java.base/java.util=ALL-UNNAMED --add-opens=java.base/java.lang=ALL-UNNAMED --add-opens=java.base/java.lang.invoke=ALL-UNNAMED --add-opens=java.base/java.util=ALL-UNNAMED --add-opens=java.prefs/java.util.prefs=ALL-UNNAMED --add-opens=java.prefs/java.util.prefs=ALL-UNNAMED --add-opens=java.base/java.nio.charset=ALL-UNNAMED --add-opens=java.base/java.net=ALL-UNNAMED --add-opens=java.base/java.util.concurrent.atomic=ALL-UNNAMED -Xmx2048m -Dfile.encoding=UTF-8 -Duser.country=US -Duser.language=en -Duser.variant org.gradle.launcher.daemon.bootstrap.GradleDaemon 7.0.2

Host: Intel(R) Core(TM) i5-4210U CPU @ 1.70GHz, 4 cores, 3G,  Windows 10 , 64 bit Build 19041 (10.0.19041.1202)
Time: Sun Nov  7 14:48:40 2021 SE Asia Standard Time elapsed time: 21.901855 seconds (0d 0h 0m 21s)

---------------  T H R E A D  ---------------

Current thread (0x00000219fd8ef800):  JavaThread "C2 CompilerThread0" daemon [_thread_in_native, id=5640, stack(0x000000bbb8300000,0x000000bbb8400000)]


Current CompileTask:
C2:  21901 7550   !   4       jdk.internal.loader.Resource::getBytes (242 bytes)

Stack: [0x000000bbb8300000,0x000000bbb8400000]
Native frames: (J=compiled Java code, j=interpreted, Vv=VM code, C=native code)
V  [jvm.dll+0x5ecfaa]
V  [jvm.dll+0x722bd5]
V  [jvm.dll+0x72412d]
V  [jvm.dll+0x7247e3]
V  [jvm.dll+0x242928]
V  [jvm.dll+0xbc4fc]
V  [jvm.dll+0xbca0c]
V  [jvm.dll+0xbc608]
V  [jvm.dll+0x5cc470]
V  [jvm.dll+0x5062c2]
V  [jvm.dll+0x1fc985]
V  [jvm.dll+0x1fa77f]
V  [jvm.dll+0x18354c]
V  [jvm.dll+0x208ee7]
V  [jvm.dll+0x207731]
V  [jvm.dll+0x6eb1cf]
V  [jvm.dll+0x6e3d45]
V  [jvm.dll+0x5ebe96]
C  [ucrtbase.dll+0x21bb2]
C  [KERNEL32.DLL+0x17034]
C  [ntdll.dll+0x52651]


---------------  P R O C E S S  ---------------

Threads class SMR info:
_java_thread_list=0x0000021984db5db0, length=42, elements={
0x00000219e354c000, 0x00000219fd887800, 0x00000219fd88a800, 0x00000219fd8e2800,
0x00000219fd8e3800, 0x00000219fd8e8000, 0x00000219fd8ef800, 0x00000219fd8f5800,
0x00000219fd8fd000, 0x00000219fe36f000, 0x00000219ffacf000, 0x00000219ff370000,
0x00000219ffd19800, 0x00000219ff940800, 0x00000219803a5800, 0x0000021980637000,
0x000002198010f800, 0x00000219ffdac000, 0x000002198038e000, 0x00000219febd2000,
0x00000219febd3000, 0x00000219febd3800, 0x00000219febd0800, 0x00000219febd4800,
0x00000219febcf000, 0x00000219febd5800, 0x00000219febcf800, 0x00000219806aa800,
0x00000219806a5000, 0x00000219806a6800, 0x00000219806a8000, 0x00000219806aa000,
0x00000219806a9000, 0x00000219806a7800, 0x00000219806ae800, 0x00000219806b0800,
0x00000219806ad000, 0x00000219806af800, 0x00000219806b3800, 0x00000219806ae000,
0x0000021982efe000, 0x0000021982f02000
}

Java Threads: ( => current thread )
  0x00000219e354c000 JavaThread "main" [_thread_blocked, id=10172, stack(0x000000bbb7700000,0x000000bbb7800000)]
  0x00000219fd887800 JavaThread "Reference Handler" daemon [_thread_blocked, id=7616, stack(0x000000bbb7e00000,0x000000bbb7f00000)]
  0x00000219fd88a800 JavaThread "Finalizer" daemon [_thread_blocked, id=8936, stack(0x000000bbb7f00000,0x000000bbb8000000)]
  0x00000219fd8e2800 JavaThread "Signal Dispatcher" daemon [_thread_blocked, id=5736, stack(0x000000bbb8000000,0x000000bbb8100000)]
  0x00000219fd8e3800 JavaThread "Attach Listener" daemon [_thread_blocked, id=9372, stack(0x000000bbb8100000,0x000000bbb8200000)]
  0x00000219fd8e8000 JavaThread "Service Thread" daemon [_thread_blocked, id=7584, stack(0x000000bbb8200000,0x000000bbb8300000)]
=>0x00000219fd8ef800 JavaThread "C2 CompilerThread0" daemon [_thread_in_native, id=5640, stack(0x000000bbb8300000,0x000000bbb8400000)]
  0x00000219fd8f5800 JavaThread "C1 CompilerThread0" daemon [_thread_blocked, id=5608, stack(0x000000bbb8400000,0x000000bbb8500000)]
  0x00000219fd8fd000 JavaThread "Sweeper thread" daemon [_thread_blocked, id=2364, stack(0x000000bbb8500000,0x000000bbb8600000)]
  0x00000219fe36f000 JavaThread "Common-Cleaner" daemon [_thread_blocked, id=9920, stack(0x000000bbb8600000,0x000000bbb8700000)]
  0x00000219ffacf000 JavaThread "Daemon health stats" [_thread_blocked, id=7308, stack(0x000000bbb8900000,0x000000bbb8a00000)]
  0x00000219ff370000 JavaThread "Incoming local TCP Connector on port 50118" [_thread_in_native, id=5892, stack(0x000000bbb8c00000,0x000000bbb8d00000)]
  0x00000219ffd19800 JavaThread "Daemon periodic checks" [_thread_blocked, id=5964, stack(0x000000bbb8d00000,0x000000bbb8e00000)]
  0x00000219ff940800 JavaThread "Daemon" [_thread_blocked, id=544, stack(0x000000bbb8e00000,0x000000bbb8f00000)]
  0x00000219803a5800 JavaThread "Handler for socket connection from /127.0.0.1:50118 to /127.0.0.1:50119" [_thread_in_native, id=7144, stack(0x000000bbb8f00000,0x000000bbb9000000)]
  0x0000021980637000 JavaThread "Cancel handler" [_thread_blocked, id=1404, stack(0x000000bbb9000000,0x000000bbb9100000)]
  0x000002198010f800 JavaThread "Daemon worker" [_thread_in_vm, id=1792, stack(0x000000bbb9100000,0x000000bbb9200000)]
  0x00000219ffdac000 JavaThread "Asynchronous log dispatcher for DefaultDaemonConnection: socket connection from /127.0.0.1:50118 to /127.0.0.1:50119" [_thread_blocked, id=8644, stack(0x000000bbb9200000,0x000000bbb9300000)]
  0x000002198038e000 JavaThread "Stdin handler" [_thread_blocked, id=1344, stack(0x000000bbb9300000,0x000000bbb9400000)]
  0x00000219febd2000 JavaThread "Daemon client event forwarder" [_thread_blocked, id=3332, stack(0x000000bbb9400000,0x000000bbb9500000)]
  0x00000219febd3000 JavaThread "Cache worker for file hash cache (C:\Users\MinhNgan\.gradle\caches\7.0.2\fileHashes)" [_thread_blocked, id=7664, stack(0x000000bbb9500000,0x000000bbb9600000)]
  0x00000219febd3800 JavaThread "File lock request listener" [_thread_in_native, id=5196, stack(0x000000bbb9600000,0x000000bbb9700000)]
  0x00000219febd0800 JavaThread "Cache worker for journal cache (C:\Users\MinhNgan\.gradle\caches\journal-1)" [_thread_blocked, id=1680, stack(0x000000bbb9700000,0x000000bbb9800000)]
  0x00000219febd4800 JavaThread "Cache worker for file hash cache (C:\Users\MinhNgan\AndroidStudioProjects\Android_hepat\.gradle\7.0.2\fileHashes)" [_thread_blocked, id=1872, stack(0x000000bbb9800000,0x000000bbb9900000)]
  0x00000219febcf000 JavaThread "File watcher server" daemon [_thread_in_native, id=2068, stack(0x000000bbb9900000,0x000000bbb9a00000)]
  0x00000219febd5800 JavaThread "File watcher consumer" daemon [_thread_blocked, id=1716, stack(0x000000bbb9a00000,0x000000bbb9b00000)]
  0x00000219febcf800 JavaThread "jar transforms" [_thread_blocked, id=9004, stack(0x000000bbb9b00000,0x000000bbb9c00000)]
  0x00000219806aa800 JavaThread "jar transforms Thread 2" [_thread_blocked, id=2276, stack(0x000000bbb9c00000,0x000000bbb9d00000)]
  0x00000219806a5000 JavaThread "jar transforms Thread 3" [_thread_blocked, id=5988, stack(0x000000bbb9d00000,0x000000bbb9e00000)]
  0x00000219806a6800 JavaThread "jar transforms Thread 4" [_thread_blocked, id=1144, stack(0x000000bbb9e00000,0x000000bbb9f00000)]
  0x00000219806a8000 JavaThread "Cache worker for checksums cache (C:\Users\MinhNgan\AndroidStudioProjects\Android_hepat\.gradle\checksums)" [_thread_blocked, id=9640, stack(0x000000bbb9f00000,0x000000bbba000000)]
  0x00000219806aa000 JavaThread "Cache worker for cache directory md-supplier (C:\Users\MinhNgan\.gradle\caches\7.0.2\md-supplier)" [_thread_blocked, id=6068, stack(0x000000bbba000000,0x000000bbba100000)]
  0x00000219806a9000 JavaThread "Cache worker for cache directory md-rule (C:\Users\MinhNgan\.gradle\caches\7.0.2\md-rule)" [_thread_blocked, id=5540, stack(0x000000bbba100000,0x000000bbba200000)]
  0x00000219806a7800 JavaThread "Cache worker for execution history cache (C:\Users\MinhNgan\.gradle\caches\7.0.2\executionHistory)" [_thread_blocked, id=4792, stack(0x000000bbba200000,0x000000bbba300000)]
  0x00000219806ae800 JavaThread "Cache worker for file content cache (C:\Users\MinhNgan\.gradle\caches\7.0.2\fileContent)" [_thread_blocked, id=5444, stack(0x000000bbba300000,0x000000bbba400000)]
  0x00000219806b0800 JavaThread "Cache worker for dependencies-accessors (C:\Users\MinhNgan\AndroidStudioProjects\Android_hepat\.gradle\7.0.2\dependencies-accessors)" [_thread_blocked, id=764, stack(0x000000bbba400000,0x000000bbba500000)]
  0x00000219806ad000 JavaThread "Cache worker for Build Output Cleanup Cache (C:\Users\MinhNgan\AndroidStudioProjects\Android_hepat\.gradle\buildOutputCleanup)" [_thread_blocked, id=2600, stack(0x000000bbba500000,0x000000bbba600000)]
  0x00000219806af800 JavaThread "Build operations" [_thread_blocked, id=1864, stack(0x000000bbba600000,0x000000bbba700000)]
  0x00000219806b3800 JavaThread "Build operations Thread 2" [_thread_blocked, id=9124, stack(0x000000bbba700000,0x000000bbba800000)]
  0x00000219806ae000 JavaThread "Build operations Thread 3" [_thread_blocked, id=2684, stack(0x000000bbba800000,0x000000bbba900000)]
  0x0000021982efe000 JavaThread "Build operations Thread 4" [_thread_blocked, id=3812, stack(0x000000bbba900000,0x000000bbbaa00000)]
  0x0000021982f02000 JavaThread "Memory manager" [_thread_blocked, id=9432, stack(0x000000bbbaa00000,0x000000bbbab00000)]

Other Threads:
  0x00000219fd880000 VMThread "VM Thread" [stack: 0x000000bbb7d00000,0x000000bbb7e00000] [id=2096]
  0x00000219fe391800 WatcherThread [stack: 0x000000bbb8700000,0x000000bbb8800000] [id=8860]
  0x00000219e3564000 GCTaskThread "GC Thread#0" [stack: 0x000000bbb7800000,0x000000bbb7900000] [id=10064]
  0x00000219fec11800 GCTaskThread "GC Thread#1" [stack: 0x000000bbb8800000,0x000000bbb8900000] [id=3092]
  0x00000219ffb6f800 GCTaskThread "GC Thread#2" [stack: 0x000000bbb8a00000,0x000000bbb8b00000] [id=4884]
  0x0000021980022800 GCTaskThread "GC Thread#3" [stack: 0x000000bbb8b00000,0x000000bbb8c00000] [id=3232]
  0x00000219e3595800 ConcurrentGCThread "G1 Main Marker" [stack: 0x000000bbb7900000,0x000000bbb7a00000] [id=5880]
  0x00000219e3597800 ConcurrentGCThread "G1 Conc#0" [stack: 0x000000bbb7a00000,0x000000bbb7b00000] [id=4092]
  0x00000219e35f0800 ConcurrentGCThread "G1 Refine#0" [stack: 0x000000bbb7b00000,0x000000bbb7c00000] [id=2308]
  0x00000219e35f1800 ConcurrentGCThread "G1 Young RemSet Sampling" [stack: 0x000000bbb7c00000,0x000000bbb7d00000] [id=4948]

Threads with active compile tasks:
C2 CompilerThread0  21978 7550   !   4       jdk.internal.loader.Resource::getBytes (242 bytes)

VM state:not at safepoint (normal execution)

VM Mutex/Monitor currently owned by a thread:  ([mutex/lock_event])
[0x00000219e3548a10] SymbolTable_lock - owner thread: 0x000002198010f800

Heap address: 0x0000000080000000, size: 2048 MB, Compressed Oops mode: 32-bit
Narrow klass base: 0x0000000000000000, Narrow klass shift: 3
Compressed class space size: 1073741824 Address: 0x0000000100000000

Heap:
 garbage-first heap   total 199680K, used 114823K [0x0000000080000000, 0x0000000100000000)
  region size 1024K, 34 young (34816K), 6 survivors (6144K)
 Metaspace       used 78452K, capacity 80632K, committed 80768K, reserved 1120256K
  class space    used 10126K, capacity 10856K, committed 10880K, reserved 1048576K
Heap Regions: E=young(eden), S=young(survivor), O=old, HS=humongous(starts), HC=humongous(continues), CS=collection set, F=free, A=archive, TAMS=top-at-mark-start (previous, next)
|   0|0x0000000080000000, 0x0000000080100000, 0x0000000080100000|100%| O|  |TAMS 0x0000000080100000, 0x0000000080000000| Untracked 
|   1|0x0000000080100000, 0x0000000080200000, 0x0000000080200000|100%| O|  |TAMS 0x0000000080200000, 0x0000000080100000| Untracked 
|   2|0x0000000080200000, 0x0000000080300000, 0x0000000080300000|100%| O|  |TAMS 0x0000000080300000, 0x0000000080200000| Untracked 
|   3|0x0000000080300000, 0x0000000080400000, 0x0000000080400000|100%|HS|  |TAMS 0x0000000080400000, 0x0000000080300000| Complete 
|   4|0x0000000080400000, 0x0000000080500000, 0x0000000080500000|100%|HC|  |TAMS 0x0000000080500000, 0x0000000080400000| Complete 
|   5|0x0000000080500000, 0x0000000080600000, 0x0000000080600000|100%|HC|  |TAMS 0x0000000080600000, 0x0000000080500000| Complete 
|   6|0x0000000080600000, 0x0000000080700000, 0x0000000080700000|100%| O|  |TAMS 0x0000000080700000, 0x0000000080600000| Untracked 
|   7|0x0000000080700000, 0x0000000080800000, 0x0000000080800000|100%| O|  |TAMS 0x0000000080800000, 0x0000000080700000| Untracked 
|   8|0x0000000080800000, 0x0000000080900000, 0x0000000080900000|100%| O|  |TAMS 0x0000000080900000, 0x0000000080800000| Untracked 
|   9|0x0000000080900000, 0x0000000080a00000, 0x0000000080a00000|100%| O|  |TAMS 0x0000000080a00000, 0x0000000080900000| Untracked 
|  10|0x0000000080a00000, 0x0000000080b00000, 0x0000000080b00000|100%| O|  |TAMS 0x0000000080b00000, 0x0000000080a00000| Untracked 
|  11|0x0000000080b00000, 0x0000000080c00000, 0x0000000080c00000|100%| O|  |TAMS 0x0000000080c00000, 0x0000000080b00000| Untracked 
|  12|0x0000000080c00000, 0x0000000080d00000, 0x0000000080d00000|100%| O|  |TAMS 0x0000000080d00000, 0x0000000080c00000| Untracked 
|  13|0x0000000080d00000, 0x0000000080e00000, 0x0000000080e00000|100%| O|  |TAMS 0x0000000080e00000, 0x0000000080d00000| Untracked 
|  14|0x0000000080e00000, 0x0000000080f00000, 0x0000000080f00000|100%| O|  |TAMS 0x0000000080f00000, 0x0000000080e00000| Untracked 
|  15|0x0000000080f00000, 0x0000000081000000, 0x0000000081000000|100%| O|  |TAMS 0x0000000081000000, 0x0000000080f00000| Untracked 
|  16|0x0000000081000000, 0x0000000081100000, 0x0000000081100000|100%|HS|  |TAMS 0x0000000081100000, 0x0000000081000000| Complete 
|  17|0x0000000081100000, 0x0000000081200000, 0x0000000081200000|100%|HC|  |TAMS 0x0000000081200000, 0x0000000081100000| Complete 
|  18|0x0000000081200000, 0x0000000081300000, 0x0000000081300000|100%|HS|  |TAMS 0x0000000081300000, 0x0000000081200000| Complete 
|  19|0x0000000081300000, 0x0000000081400000, 0x0000000081400000|100%|HC|  |TAMS 0x0000000081400000, 0x0000000081300000| Complete 
|  20|0x0000000081400000, 0x0000000081500000, 0x0000000081500000|100%|HC|  |TAMS 0x0000000081500000, 0x0000000081400000| Complete 
|  21|0x0000000081500000, 0x0000000081600000, 0x0000000081600000|100%|HS|  |TAMS 0x0000000081600000, 0x0000000081500000| Complete 
|  22|0x0000000081600000, 0x0000000081700000, 0x0000000081700000|100%|HC|  |TAMS 0x0000000081700000, 0x0000000081600000| Complete 
|  23|0x0000000081700000, 0x0000000081800000, 0x0000000081800000|100%|HC|  |TAMS 0x0000000081800000, 0x0000000081700000| Complete 
|  24|0x0000000081800000, 0x0000000081900000, 0x0000000081900000|100%|HC|  |TAMS 0x0000000081900000, 0x0000000081800000| Complete 
|  25|0x0000000081900000, 0x0000000081a00000, 0x0000000081a00000|100%|HC|  |TAMS 0x0000000081a00000, 0x0000000081900000| Complete 
|  26|0x0000000081a00000, 0x0000000081b00000, 0x0000000081b00000|100%| O|  |TAMS 0x0000000081b00000, 0x0000000081a00000| Untracked 
|  27|0x0000000081b00000, 0x0000000081c00000, 0x0000000081c00000|100%| O|  |TAMS 0x0000000081c00000, 0x0000000081b00000| Untracked 
|  28|0x0000000081c00000, 0x0000000081d00000, 0x0000000081d00000|100%| O|  |TAMS 0x0000000081d00000, 0x0000000081c00000| Untracked 
|  29|0x0000000081d00000, 0x0000000081e00000, 0x0000000081e00000|100%| O|  |TAMS 0x0000000081e00000, 0x0000000081d00000| Untracked 
|  30|0x0000000081e00000, 0x0000000081f00000, 0x0000000081f00000|100%| O|  |TAMS 0x0000000081f00000, 0x0000000081e00000| Untracked 
|  31|0x0000000081f00000, 0x0000000082000000, 0x0000000082000000|100%| O|  |TAMS 0x0000000082000000, 0x0000000081f00000| Untracked 
|  32|0x0000000082000000, 0x0000000082100000, 0x0000000082100000|100%| O|  |TAMS 0x0000000082100000, 0x0000000082000000| Untracked 
|  33|0x0000000082100000, 0x0000000082200000, 0x0000000082200000|100%| O|  |TAMS 0x0000000082200000, 0x0000000082100000| Untracked 
|  34|0x0000000082200000, 0x0000000082300000, 0x0000000082300000|100%| O|  |TAMS 0x0000000082300000, 0x0000000082200000| Untracked 
|  35|0x0000000082300000, 0x0000000082400000, 0x0000000082400000|100%| O|  |TAMS 0x0000000082400000, 0x0000000082300000| Untracked 
|  36|0x0000000082400000, 0x0000000082500000, 0x0000000082500000|100%| O|  |TAMS 0x0000000082500000, 0x0000000082400000| Untracked 
|  37|0x0000000082500000, 0x0000000082600000, 0x0000000082600000|100%|HS|  |TAMS 0x0000000082600000, 0x0000000082500000| Complete 
|  38|0x0000000082600000, 0x0000000082700000, 0x0000000082700000|100%|HC|  |TAMS 0x0000000082700000, 0x0000000082600000| Complete 
|  39|0x0000000082700000, 0x0000000082800000, 0x0000000082800000|100%|HC|  |TAMS 0x0000000082800000, 0x0000000082700000| Complete 
|  40|0x0000000082800000, 0x0000000082900000, 0x0000000082900000|100%|HC|  |TAMS 0x0000000082900000, 0x0000000082800000| Complete 
|  41|0x0000000082900000, 0x0000000082a00000, 0x0000000082a00000|100%|HC|  |TAMS 0x0000000082a00000, 0x0000000082900000| Complete 
|  42|0x0000000082a00000, 0x0000000082b00000, 0x0000000082b00000|100%| O|  |TAMS 0x0000000082b00000, 0x0000000082a00000| Untracked 
|  43|0x0000000082b00000, 0x0000000082c00000, 0x0000000082c00000|100%|HS|  |TAMS 0x0000000082c00000, 0x0000000082b00000| Complete 
|  44|0x0000000082c00000, 0x0000000082d00000, 0x0000000082d00000|100%|HC|  |TAMS 0x0000000082d00000, 0x0000000082c00000| Complete 
|  45|0x0000000082d00000, 0x0000000082e00000, 0x0000000082e00000|100%|HC|  |TAMS 0x0000000082e00000, 0x0000000082d00000| Complete 
|  46|0x0000000082e00000, 0x0000000082f00000, 0x0000000082f00000|100%| O|  |TAMS 0x0000000082f00000, 0x0000000082e00000| Untracked 
|  47|0x0000000082f00000, 0x0000000083000000, 0x0000000083000000|100%| O|  |TAMS 0x0000000083000000, 0x0000000082f00000| Untracked 
|  48|0x0000000083000000, 0x0000000083100000, 0x0000000083100000|100%| O|  |TAMS 0x0000000083100000, 0x0000000083000000| Untracked 
|  49|0x0000000083100000, 0x0000000083200000, 0x0000000083200000|100%| O|  |TAMS 0x0000000083200000, 0x0000000083100000| Untracked 
|  50|0x0000000083200000, 0x0000000083300000, 0x0000000083300000|100%| O|  |TAMS 0x0000000083300000, 0x0000000083200000| Untracked 
|  51|0x0000000083300000, 0x0000000083400000, 0x0000000083400000|100%| O|  |TAMS 0x0000000083400000, 0x0000000083300000| Untracked 
|  52|0x0000000083400000, 0x0000000083500000, 0x0000000083500000|100%| O|  |TAMS 0x0000000083500000, 0x0000000083400000| Untracked 
|  53|0x0000000083500000, 0x0000000083600000, 0x0000000083600000|100%| O|  |TAMS 0x0000000083600000, 0x0000000083500000| Untracked 
|  54|0x0000000083600000, 0x0000000083700000, 0x0000000083700000|100%| O|  |TAMS 0x0000000083700000, 0x0000000083600000| Untracked 
|  55|0x0000000083700000, 0x0000000083800000, 0x0000000083800000|100%|HS|  |TAMS 0x0000000083800000, 0x0000000083700000| Complete 
|  56|0x0000000083800000, 0x0000000083900000, 0x0000000083900000|100%|HS|  |TAMS 0x0000000083900000, 0x0000000083800000| Complete 
|  57|0x0000000083900000, 0x0000000083a00000, 0x0000000083a00000|100%| O|  |TAMS 0x0000000083a00000, 0x0000000083900000| Untracked 
|  58|0x0000000083a00000, 0x0000000083b00000, 0x0000000083b00000|100%| O|  |TAMS 0x0000000083b00000, 0x0000000083a00000| Untracked 
|  59|0x0000000083b00000, 0x0000000083c00000, 0x0000000083c00000|100%| O|  |TAMS 0x0000000083c00000, 0x0000000083b00000| Untracked 
|  60|0x0000000083c00000, 0x0000000083d00000, 0x0000000083d00000|100%|HS|  |TAMS 0x0000000083d00000, 0x0000000083c00000| Complete 
|  61|0x0000000083d00000, 0x0000000083e00000, 0x0000000083e00000|100%|HC|  |TAMS 0x0000000083e00000, 0x0000000083d00000| Complete 
|  62|0x0000000083e00000, 0x0000000083f00000, 0x0000000083f00000|100%| O|  |TAMS 0x0000000083f00000, 0x0000000083e00000| Untracked 
|  63|0x0000000083f00000, 0x0000000084000000, 0x0000000084000000|100%| O|  |TAMS 0x0000000084000000, 0x0000000083f00000| Untracked 
|  64|0x0000000084000000, 0x0000000084100000, 0x0000000084100000|100%| O|  |TAMS 0x0000000084100000, 0x0000000084000000| Untracked 
|  65|0x0000000084100000, 0x0000000084200000, 0x0000000084200000|100%| O|  |TAMS 0x0000000084200000, 0x0000000084100000| Untracked 
|  66|0x0000000084200000, 0x0000000084300000, 0x0000000084300000|100%| O|  |TAMS 0x0000000084300000, 0x0000000084200000| Untracked 
|  67|0x0000000084300000, 0x0000000084400000, 0x0000000084400000|100%| O|  |TAMS 0x0000000084400000, 0x0000000084300000| Untracked 
|  68|0x0000000084400000, 0x0000000084500000, 0x0000000084500000|100%| O|  |TAMS 0x0000000084500000, 0x0000000084400000| Untracked 
|  69|0x0000000084500000, 0x0000000084600000, 0x0000000084600000|100%| O|  |TAMS 0x0000000084600000, 0x0000000084500000| Untracked 
|  70|0x0000000084600000, 0x0000000084700000, 0x0000000084700000|100%| O|  |TAMS 0x0000000084700000, 0x0000000084600000| Untracked 
|  71|0x0000000084700000, 0x0000000084800000, 0x0000000084800000|100%| O|  |TAMS 0x0000000084800000, 0x0000000084700000| Untracked 
|  72|0x0000000084800000, 0x0000000084900000, 0x0000000084900000|100%| O|  |TAMS 0x0000000084900000, 0x0000000084800000| Untracked 
|  73|0x0000000084900000, 0x0000000084a00000, 0x0000000084a00000|100%| O|  |TAMS 0x0000000084a00000, 0x0000000084900000| Untracked 
|  74|0x0000000084a00000, 0x0000000084b00000, 0x0000000084b00000|100%| O|  |TAMS 0x0000000084b00000, 0x0000000084a00000| Untracked 
|  75|0x0000000084b00000, 0x0000000084c00000, 0x0000000084c00000|100%| O|  |TAMS 0x0000000084c00000, 0x0000000084b00000| Untracked 
|  76|0x0000000084c00000, 0x0000000084d00000, 0x0000000084d00000|100%| O|  |TAMS 0x0000000084ca0400, 0x0000000084c00000| Untracked 
|  77|0x0000000084d00000, 0x0000000084e00000, 0x0000000084e00000|100%| O|  |TAMS 0x0000000084d00000, 0x0000000084d00000| Untracked 
|  78|0x0000000084e00000, 0x0000000084f00000, 0x0000000084f00000|100%| O|  |TAMS 0x0000000084e00000, 0x0000000084e00000| Untracked 
|  79|0x0000000084f00000, 0x0000000084fa0400, 0x0000000085000000| 62%| O|  |TAMS 0x0000000084f00000, 0x0000000084f00000| Untracked 
|  80|0x0000000085000000, 0x0000000085100000, 0x0000000085100000|100%|HS|  |TAMS 0x0000000085000000, 0x0000000085000000| Complete 
|  81|0x0000000085100000, 0x0000000085100000, 0x0000000085200000|  0%| F|  |TAMS 0x0000000085100000, 0x0000000085100000| Untracked 
|  82|0x0000000085200000, 0x0000000085200000, 0x0000000085300000|  0%| F|  |TAMS 0x0000000085200000, 0x0000000085200000| Untracked 
|  83|0x0000000085300000, 0x0000000085300000, 0x0000000085400000|  0%| F|  |TAMS 0x0000000085300000, 0x0000000085300000| Untracked 
|  84|0x0000000085400000, 0x0000000085400000, 0x0000000085500000|  0%| F|  |TAMS 0x0000000085400000, 0x0000000085400000| Untracked 
|  85|0x0000000085500000, 0x0000000085500000, 0x0000000085600000|  0%| F|  |TAMS 0x0000000085500000, 0x0000000085500000| Untracked 
|  86|0x0000000085600000, 0x0000000085600000, 0x0000000085700000|  0%| F|  |TAMS 0x0000000085600000, 0x0000000085600000| Untracked 
|  87|0x0000000085700000, 0x0000000085700000, 0x0000000085800000|  0%| F|  |TAMS 0x0000000085700000, 0x0000000085700000| Untracked 
|  88|0x0000000085800000, 0x0000000085800000, 0x0000000085900000|  0%| F|  |TAMS 0x0000000085800000, 0x0000000085800000| Untracked 
|  89|0x0000000085900000, 0x0000000085900000, 0x0000000085a00000|  0%| F|  |TAMS 0x0000000085900000, 0x0000000085900000| Untracked 
|  90|0x0000000085a00000, 0x0000000085a00000, 0x0000000085b00000|  0%| F|  |TAMS 0x0000000085a00000, 0x0000000085a00000| Untracked 
|  91|0x0000000085b00000, 0x0000000085b00000, 0x0000000085c00000|  0%| F|  |TAMS 0x0000000085b00000, 0x0000000085b00000| Untracked 
|  92|0x0000000085c00000, 0x0000000085c00000, 0x0000000085d00000|  0%| F|  |TAMS 0x0000000085c00000, 0x0000000085c00000| Untracked 
|  93|0x0000000085d00000, 0x0000000085d00000, 0x0000000085e00000|  0%| F|  |TAMS 0x0000000085d00000, 0x0000000085d00000| Untracked 
|  94|0x0000000085e00000, 0x0000000085e00000, 0x0000000085f00000|  0%| F|  |TAMS 0x0000000085e00000, 0x0000000085e00000| Untracked 
|  95|0x0000000085f00000, 0x0000000085f00000, 0x0000000086000000|  0%| F|  |TAMS 0x0000000085f00000, 0x0000000085f00000| Untracked 
|  96|0x0000000086000000, 0x0000000086000000, 0x0000000086100000|  0%| F|  |TAMS 0x0000000086000000, 0x0000000086000000| Untracked 
|  97|0x0000000086100000, 0x0000000086100000, 0x0000000086200000|  0%| F|  |TAMS 0x0000000086100000, 0x0000000086100000| Untracked 
|  98|0x0000000086200000, 0x0000000086200000, 0x0000000086300000|  0%| F|  |TAMS 0x0000000086200000, 0x0000000086200000| Untracked 
|  99|0x0000000086300000, 0x0000000086300000, 0x0000000086400000|  0%| F|  |TAMS 0x0000000086300000, 0x0000000086300000| Untracked 
| 100|0x0000000086400000, 0x0000000086400000, 0x0000000086500000|  0%| F|  |TAMS 0x0000000086400000, 0x0000000086400000| Untracked 
| 101|0x0000000086500000, 0x0000000086500000, 0x0000000086600000|  0%| F|  |TAMS 0x0000000086500000, 0x0000000086500000| Untracked 
| 102|0x0000000086600000, 0x0000000086600000, 0x0000000086700000|  0%| F|  |TAMS 0x0000000086600000, 0x0000000086600000| Untracked 
| 103|0x0000000086700000, 0x0000000086700000, 0x0000000086800000|  0%| F|  |TAMS 0x0000000086700000, 0x0000000086700000| Untracked 
| 104|0x0000000086800000, 0x0000000086800000, 0x0000000086900000|  0%| F|  |TAMS 0x0000000086800000, 0x0000000086800000| Untracked 
| 105|0x0000000086900000, 0x0000000086900000, 0x0000000086a00000|  0%| F|  |TAMS 0x0000000086900000, 0x0000000086900000| Untracked 
| 106|0x0000000086a00000, 0x0000000086a00000, 0x0000000086b00000|  0%| F|  |TAMS 0x0000000086a00000, 0x0000000086a00000| Untracked 
| 107|0x0000000086b00000, 0x0000000086b00000, 0x0000000086c00000|  0%| F|  |TAMS 0x0000000086b00000, 0x0000000086b00000| Untracked 
| 108|0x0000000086c00000, 0x0000000086c819c0, 0x0000000086d00000| 50%| S|CS|TAMS 0x0000000086c00000, 0x0000000086c00000| Complete 
| 109|0x0000000086d00000, 0x0000000086e00000, 0x0000000086e00000|100%| S|CS|TAMS 0x0000000086d00000, 0x0000000086d00000| Complete 
| 110|0x0000000086e00000, 0x0000000086f00000, 0x0000000086f00000|100%| S|CS|TAMS 0x0000000086e00000, 0x0000000086e00000| Complete 
| 111|0x0000000086f00000, 0x0000000087000000, 0x0000000087000000|100%| S|CS|TAMS 0x0000000086f00000, 0x0000000086f00000| Complete 
| 112|0x0000000087000000, 0x0000000087100000, 0x0000000087100000|100%| S|CS|TAMS 0x0000000087000000, 0x0000000087000000| Complete 
| 113|0x0000000087100000, 0x0000000087200000, 0x0000000087200000|100%| S|CS|TAMS 0x0000000087100000, 0x0000000087100000| Complete 
| 114|0x0000000087200000, 0x0000000087200000, 0x0000000087300000|  0%| F|  |TAMS 0x0000000087200000, 0x0000000087200000| Untracked 
| 115|0x0000000087300000, 0x0000000087300000, 0x0000000087400000|  0%| F|  |TAMS 0x0000000087300000, 0x0000000087300000| Untracked 
| 116|0x0000000087400000, 0x0000000087400000, 0x0000000087500000|  0%| F|  |TAMS 0x0000000087400000, 0x0000000087400000| Untracked 
| 117|0x0000000087500000, 0x0000000087500000, 0x0000000087600000|  0%| F|  |TAMS 0x0000000087500000, 0x0000000087500000| Untracked 
| 118|0x0000000087600000, 0x0000000087600000, 0x0000000087700000|  0%| F|  |TAMS 0x0000000087600000, 0x0000000087600000| Untracked 
| 119|0x0000000087700000, 0x0000000087700000, 0x0000000087800000|  0%| F|  |TAMS 0x0000000087700000, 0x0000000087700000| Untracked 
| 120|0x0000000087800000, 0x0000000087800000, 0x0000000087900000|  0%| F|  |TAMS 0x0000000087800000, 0x0000000087800000| Untracked 
| 121|0x0000000087900000, 0x0000000087900000, 0x0000000087a00000|  0%| F|  |TAMS 0x0000000087900000, 0x0000000087900000| Untracked 
| 122|0x0000000087a00000, 0x0000000087a00000, 0x0000000087b00000|  0%| F|  |TAMS 0x0000000087a00000, 0x0000000087a00000| Untracked 
| 123|0x0000000087b00000, 0x0000000087b00000, 0x0000000087c00000|  0%| F|  |TAMS 0x0000000087b00000, 0x0000000087b00000| Untracked 
| 124|0x0000000087c00000, 0x0000000087c00000, 0x0000000087d00000|  0%| F|  |TAMS 0x0000000087c00000, 0x0000000087c00000| Untracked 
| 125|0x0000000087d00000, 0x0000000087d00000, 0x0000000087e00000|  0%| F|  |TAMS 0x0000000087d00000, 0x0000000087d00000| Untracked 
| 126|0x0000000087e00000, 0x0000000087e00000, 0x0000000087f00000|  0%| F|  |TAMS 0x0000000087e00000, 0x0000000087e00000| Untracked 
| 127|0x0000000087f00000, 0x0000000087f00000, 0x0000000088000000|  0%| F|  |TAMS 0x0000000087f00000, 0x0000000087f00000| Untracked 
| 128|0x0000000088000000, 0x0000000088000000, 0x0000000088100000|  0%| F|  |TAMS 0x0000000088000000, 0x0000000088000000| Untracked 
| 129|0x0000000088100000, 0x0000000088100000, 0x0000000088200000|  0%| F|  |TAMS 0x0000000088100000, 0x0000000088100000| Untracked 
| 130|0x0000000088200000, 0x0000000088200000, 0x0000000088300000|  0%| F|  |TAMS 0x0000000088200000, 0x0000000088200000| Untracked 
| 131|0x0000000088300000, 0x0000000088300000, 0x0000000088400000|  0%| F|  |TAMS 0x0000000088300000, 0x0000000088300000| Untracked 
| 132|0x0000000088400000, 0x0000000088400000, 0x0000000088500000|  0%| F|  |TAMS 0x0000000088400000, 0x0000000088400000| Untracked 
| 133|0x0000000088500000, 0x0000000088500000, 0x0000000088600000|  0%| F|  |TAMS 0x0000000088500000, 0x0000000088500000| Untracked 
| 134|0x0000000088600000, 0x0000000088600000, 0x0000000088700000|  0%| F|  |TAMS 0x0000000088600000, 0x0000000088600000| Untracked 
| 135|0x0000000088700000, 0x0000000088700000, 0x0000000088800000|  0%| F|  |TAMS 0x0000000088700000, 0x0000000088700000| Untracked 
| 136|0x0000000088800000, 0x0000000088800000, 0x0000000088900000|  0%| F|  |TAMS 0x0000000088800000, 0x0000000088800000| Untracked 
| 137|0x0000000088900000, 0x0000000088900000, 0x0000000088a00000|  0%| F|  |TAMS 0x0000000088900000, 0x0000000088900000| Untracked 
| 138|0x0000000088a00000, 0x0000000088a00000, 0x0000000088b00000|  0%| F|  |TAMS 0x0000000088a00000, 0x0000000088a00000| Untracked 
| 139|0x0000000088b00000, 0x0000000088b00000, 0x0000000088c00000|  0%| F|  |TAMS 0x0000000088b00000, 0x0000000088b00000| Untracked 
| 140|0x0000000088c00000, 0x0000000088c00000, 0x0000000088d00000|  0%| F|  |TAMS 0x0000000088c00000, 0x0000000088c00000| Untracked 
| 141|0x0000000088d00000, 0x0000000088d00000, 0x0000000088e00000|  0%| F|  |TAMS 0x0000000088d00000, 0x0000000088d00000| Untracked 
| 142|0x0000000088e00000, 0x0000000088e00000, 0x0000000088f00000|  0%| F|  |TAMS 0x0000000088e00000, 0x0000000088e00000| Untracked 
| 143|0x0000000088f00000, 0x0000000088f00000, 0x0000000089000000|  0%| F|  |TAMS 0x0000000088f00000, 0x0000000088f00000| Untracked 
| 144|0x0000000089000000, 0x0000000089000000, 0x0000000089100000|  0%| F|  |TAMS 0x0000000089000000, 0x0000000089000000| Untracked 
| 145|0x0000000089100000, 0x0000000089100000, 0x0000000089200000|  0%| F|  |TAMS 0x0000000089100000, 0x0000000089100000| Untracked 
| 146|0x0000000089200000, 0x0000000089200000, 0x0000000089300000|  0%| F|  |TAMS 0x0000000089200000, 0x0000000089200000| Untracked 
| 147|0x0000000089300000, 0x0000000089300000, 0x0000000089400000|  0%| F|  |TAMS 0x0000000089300000, 0x0000000089300000| Untracked 
| 148|0x0000000089400000, 0x0000000089400000, 0x0000000089500000|  0%| F|  |TAMS 0x0000000089400000, 0x0000000089400000| Untracked 
| 149|0x0000000089500000, 0x0000000089500000, 0x0000000089600000|  0%| F|  |TAMS 0x0000000089500000, 0x0000000089500000| Untracked 
| 150|0x0000000089600000, 0x0000000089600000, 0x0000000089700000|  0%| F|  |TAMS 0x0000000089600000, 0x0000000089600000| Untracked 
| 151|0x0000000089700000, 0x0000000089700000, 0x0000000089800000|  0%| F|  |TAMS 0x0000000089700000, 0x0000000089700000| Untracked 
| 152|0x0000000089800000, 0x0000000089800000, 0x0000000089900000|  0%| F|  |TAMS 0x0000000089800000, 0x0000000089800000| Untracked 
| 153|0x0000000089900000, 0x0000000089900000, 0x0000000089a00000|  0%| F|  |TAMS 0x0000000089900000, 0x0000000089900000| Untracked 
| 154|0x0000000089a00000, 0x0000000089a00000, 0x0000000089b00000|  0%| F|  |TAMS 0x0000000089a00000, 0x0000000089a00000| Untracked 
| 155|0x0000000089b00000, 0x0000000089b00000, 0x0000000089c00000|  0%| F|  |TAMS 0x0000000089b00000, 0x0000000089b00000| Untracked 
| 156|0x0000000089c00000, 0x0000000089c00000, 0x0000000089d00000|  0%| F|  |TAMS 0x0000000089c00000, 0x0000000089c00000| Untracked 
| 157|0x0000000089d00000, 0x0000000089d00000, 0x0000000089e00000|  0%| F|  |TAMS 0x0000000089d00000, 0x0000000089d00000| Untracked 
| 158|0x0000000089e00000, 0x0000000089e00000, 0x0000000089f00000|  0%| F|  |TAMS 0x0000000089e00000, 0x0000000089e00000| Untracked 
| 159|0x0000000089f00000, 0x0000000089f00000, 0x000000008a000000|  0%| F|  |TAMS 0x0000000089f00000, 0x0000000089f00000| Untracked 
| 160|0x000000008a000000, 0x000000008a000000, 0x000000008a100000|  0%| F|  |TAMS 0x000000008a000000, 0x000000008a000000| Untracked 
| 161|0x000000008a100000, 0x000000008a100000, 0x000000008a200000|  0%| F|  |TAMS 0x000000008a100000, 0x000000008a100000| Untracked 
| 162|0x000000008a200000, 0x000000008a200000, 0x000000008a300000|  0%| F|  |TAMS 0x000000008a200000, 0x000000008a200000| Untracked 
| 163|0x000000008a300000, 0x000000008a300000, 0x000000008a400000|  0%| F|  |TAMS 0x000000008a300000, 0x000000008a300000| Untracked 
| 164|0x000000008a400000, 0x000000008a400000, 0x000000008a500000|  0%| F|  |TAMS 0x000000008a400000, 0x000000008a400000| Untracked 
| 165|0x000000008a500000, 0x000000008a500000, 0x000000008a600000|  0%| F|  |TAMS 0x000000008a500000, 0x000000008a500000| Untracked 
| 166|0x000000008a600000, 0x000000008a600000, 0x000000008a700000|  0%| F|  |TAMS 0x000000008a600000, 0x000000008a600000| Untracked 
| 167|0x000000008a700000, 0x000000008a800000, 0x000000008a800000|100%| E|  |TAMS 0x000000008a700000, 0x000000008a700000| Complete 
| 168|0x000000008a800000, 0x000000008a900000, 0x000000008a900000|100%| E|CS|TAMS 0x000000008a800000, 0x000000008a800000| Complete 
| 169|0x000000008a900000, 0x000000008aa00000, 0x000000008aa00000|100%| E|CS|TAMS 0x000000008a900000, 0x000000008a900000| Complete 
| 170|0x000000008aa00000, 0x000000008ab00000, 0x000000008ab00000|100%| E|CS|TAMS 0x000000008aa00000, 0x000000008aa00000| Complete 
| 171|0x000000008ab00000, 0x000000008ac00000, 0x000000008ac00000|100%| E|CS|TAMS 0x000000008ab00000, 0x000000008ab00000| Complete 
| 172|0x000000008ac00000, 0x000000008ad00000, 0x000000008ad00000|100%| E|CS|TAMS 0x000000008ac00000, 0x000000008ac00000| Complete 
| 173|0x000000008ad00000, 0x000000008ae00000, 0x000000008ae00000|100%| E|CS|TAMS 0x000000008ad00000, 0x000000008ad00000| Complete 
| 174|0x000000008ae00000, 0x000000008af00000, 0x000000008af00000|100%| E|CS|TAMS 0x000000008ae00000, 0x000000008ae00000| Complete 
| 175|0x000000008af00000, 0x000000008b000000, 0x000000008b000000|100%| E|CS|TAMS 0x000000008af00000, 0x000000008af00000| Complete 
| 176|0x000000008b000000, 0x000000008b100000, 0x000000008b100000|100%| E|CS|TAMS 0x000000008b000000, 0x000000008b000000| Complete 
| 177|0x000000008b100000, 0x000000008b200000, 0x000000008b200000|100%| E|CS|TAMS 0x000000008b100000, 0x000000008b100000| Complete 
| 178|0x000000008b200000, 0x000000008b300000, 0x000000008b300000|100%| E|CS|TAMS 0x000000008b200000, 0x000000008b200000| Complete 
| 179|0x000000008b300000, 0x000000008b400000, 0x000000008b400000|100%| E|CS|TAMS 0x000000008b300000, 0x000000008b300000| Complete 
| 180|0x000000008b400000, 0x000000008b500000, 0x000000008b500000|100%| E|CS|TAMS 0x000000008b400000, 0x000000008b400000| Complete 
| 181|0x000000008b500000, 0x000000008b600000, 0x000000008b600000|100%| E|CS|TAMS 0x000000008b500000, 0x000000008b500000| Complete 
| 182|0x000000008b600000, 0x000000008b700000, 0x000000008b700000|100%| E|  |TAMS 0x000000008b600000, 0x000000008b600000| Complete 
| 183|0x000000008b700000, 0x000000008b800000, 0x000000008b800000|100%| E|CS|TAMS 0x000000008b700000, 0x000000008b700000| Complete 
| 184|0x000000008b800000, 0x000000008b900000, 0x000000008b900000|100%| E|CS|TAMS 0x000000008b800000, 0x000000008b800000| Complete 
| 185|0x000000008b900000, 0x000000008ba00000, 0x000000008ba00000|100%| E|CS|TAMS 0x000000008b900000, 0x000000008b900000| Complete 
| 186|0x000000008ba00000, 0x000000008bb00000, 0x000000008bb00000|100%| E|CS|TAMS 0x000000008ba00000, 0x000000008ba00000| Complete 
| 187|0x000000008bb00000, 0x000000008bc00000, 0x000000008bc00000|100%| E|CS|TAMS 0x000000008bb00000, 0x000000008bb00000| Complete 
| 188|0x000000008bc00000, 0x000000008bd00000, 0x000000008bd00000|100%| E|CS|TAMS 0x000000008bc00000, 0x000000008bc00000| Complete 
| 189|0x000000008bd00000, 0x000000008be00000, 0x000000008be00000|100%| E|CS|TAMS 0x000000008bd00000, 0x000000008bd00000| Complete 
| 190|0x000000008be00000, 0x000000008bf00000, 0x000000008bf00000|100%| E|CS|TAMS 0x000000008be00000, 0x000000008be00000| Complete 
| 191|0x000000008bf00000, 0x000000008c000000, 0x000000008c000000|100%| E|CS|TAMS 0x000000008bf00000, 0x000000008bf00000| Complete 
| 192|0x000000008c000000, 0x000000008c100000, 0x000000008c100000|100%| E|CS|TAMS 0x000000008c000000, 0x000000008c000000| Complete 
| 193|0x000000008c100000, 0x000000008c200000, 0x000000008c200000|100%| E|CS|TAMS 0x000000008c100000, 0x000000008c100000| Complete 
| 194|0x000000008c200000, 0x000000008c300000, 0x000000008c300000|100%| E|CS|TAMS 0x000000008c200000, 0x000000008c200000| Complete 

Card table byte_map: [0x00000219f6a80000,0x00000219f6e80000] _byte_map_base: 0x00000219f6680000

Marking Bits (Prev, Next): (CMBitMap*) 0x00000219e358cb70, (CMBitMap*) 0x00000219e358cb38
 Prev Bits: [0x00000219f9280000, 0x00000219fb280000)
 Next Bits: [0x00000219f7280000, 0x00000219f9280000)

Polling page: 0x00000219e1f00000

Metaspace:

Usage:
  Non-class:     68.14 MB capacity,    66.75 MB ( 98%) used,     1.19 MB (  2%) free+waste,   201.69 KB ( <1%) overhead. 
      Class:     10.60 MB capacity,     9.89 MB ( 93%) used,   629.03 KB (  6%) free+waste,    94.69 KB ( <1%) overhead. 
       Both:     78.74 MB capacity,    76.64 MB ( 97%) used,     1.81 MB (  2%) free+waste,   296.38 KB ( <1%) overhead. 

Virtual space:
  Non-class space:       70.00 MB reserved,      68.25 MB ( 98%) committed 
      Class space:        1.00 GB reserved,      10.63 MB (  1%) committed 
             Both:        1.07 GB reserved,      78.88 MB (  7%) committed 

Chunk freelists:
   Non-Class:  48.00 KB
       Class:  24.00 KB
        Both:  72.00 KB

MaxMetaspaceSize: 17179869184.00 GB
CompressedClassSpaceSize: 1.00 GB

CodeHeap 'non-profiled nmethods': size=120064Kb used=3519Kb max_used=3519Kb free=116544Kb
 bounds [0x00000219eeb10000, 0x00000219eee80000, 0x00000219f6050000]
CodeHeap 'profiled nmethods': size=120000Kb used=15793Kb max_used=15793Kb free=104206Kb
 bounds [0x00000219e75e0000, 0x00000219e8550000, 0x00000219eeb10000]
CodeHeap 'non-nmethods': size=5696Kb used=2270Kb max_used=2304Kb free=3425Kb
 bounds [0x00000219e7050000, 0x00000219e72c0000, 0x00000219e75e0000]
 total_blobs=8305 nmethods=7436 adapters=780
 compilation: enabled
              stopped_count=0, restarted_count=0
 full_count=0

Compilation events (20 events):
Event: 21.818 Thread 0x00000219fd8f5800 7551       3       java.util.Formatter::ensureOpen (16 bytes)
Event: 21.818 Thread 0x00000219fd8f5800 nmethod 7551 0x00000219e8542710 code [0x00000219e85428e0, 0x00000219e8542a88]
Event: 21.830 Thread 0x00000219fd8f5800 7552   !   3       com.google.common.collect.MapMakerInternalMap$Segment::get (58 bytes)
Event: 21.832 Thread 0x00000219fd8f5800 nmethod 7552 0x00000219e8542b90 code [0x00000219e8542e60, 0x00000219e8544148]
Event: 21.840 Thread 0x00000219fd8f5800 7554       3       jdk.internal.module.Resources::toPackageName (39 bytes)
Event: 21.841 Thread 0x00000219fd8f5800 nmethod 7554 0x00000219e8544810 code [0x00000219e8544a40, 0x00000219e85450b8]
Event: 21.841 Thread 0x00000219fd8f5800 7555   !   3       jdk.internal.loader.BuiltinClassLoader::findMiscResource (118 bytes)
Event: 21.842 Thread 0x00000219fd8f5800 nmethod 7555 0x00000219e8545310 code [0x00000219e85455c0, 0x00000219e85466f8]
Event: 21.842 Thread 0x00000219fd8f5800 7556   !   3       jdk.internal.loader.BuiltinClassLoader::findResource (154 bytes)
Event: 21.844 Thread 0x00000219fd8f5800 nmethod 7556 0x00000219e8546b90 code [0x00000219e8546f00, 0x00000219e85482e8]
Event: 21.844 Thread 0x00000219fd8f5800 7557       3       jdk.internal.loader.URLClassPath::findResource (38 bytes)
Event: 21.845 Thread 0x00000219fd8f5800 nmethod 7557 0x00000219e8548b10 code [0x00000219e8548ce0, 0x00000219e8548ff8]
Event: 21.846 Thread 0x00000219fd8f5800 7558       3       java.util.jar.JarFile::getVersionedEntry (85 bytes)
Event: 21.847 Thread 0x00000219fd8f5800 nmethod 7558 0x00000219e8549110 code [0x00000219e8549400, 0x00000219e854a408]
Event: 21.873 Thread 0x00000219fd8f5800 7560       3       java.lang.StackTraceElement::<init> (10 bytes)
Event: 21.873 Thread 0x00000219fd8f5800 nmethod 7560 0x00000219e854aa10 code [0x00000219e854abc0, 0x00000219e854ad18]
Event: 21.874 Thread 0x00000219fd8f5800 7561  s!   3       java.lang.StackTraceElement::computeFormat (71 bytes)
Event: 21.875 Thread 0x00000219fd8f5800 nmethod 7561 0x00000219e854ae10 code [0x00000219e854b040, 0x00000219e854b978]
Event: 21.876 Thread 0x00000219fd8f5800 7562       3       java.lang.StackTraceElement::isHashedInJavaBase (31 bytes)
Event: 21.876 Thread 0x00000219fd8f5800 nmethod 7562 0x00000219e854bc10 code [0x00000219e854be20, 0x00000219e854c2f8]

GC Heap History (20 events):
Event: 13.080 GC heap before
{Heap before GC invocations=28 (full 0):
 garbage-first heap   total 114688K, used 77975K [0x0000000080000000, 0x0000000100000000)
  region size 1024K, 25 young (25600K), 3 survivors (3072K)
 Metaspace       used 49282K, capacity 50816K, committed 50944K, reserved 1093632K
  class space    used 6319K, capacity 6816K, committed 6912K, reserved 1048576K
}
Event: 13.093 GC heap after
{Heap after GC invocations=29 (full 0):
 garbage-first heap   total 114688K, used 59093K [0x0000000080000000, 0x0000000100000000)
  region size 1024K, 3 young (3072K), 3 survivors (3072K)
 Metaspace       used 49282K, capacity 50816K, committed 50944K, reserved 1093632K
  class space    used 6319K, capacity 6816K, committed 6912K, reserved 1048576K
}
Event: 13.323 GC heap before
{Heap before GC invocations=30 (full 0):
 garbage-first heap   total 114688K, used 65237K [0x0000000080000000, 0x0000000100000000)
  region size 1024K, 9 young (9216K), 3 survivors (3072K)
 Metaspace       used 49289K, capacity 50816K, committed 50944K, reserved 1093632K
  class space    used 6319K, capacity 6816K, committed 6912K, reserved 1048576K
}
Event: 13.339 GC heap after
{Heap after GC invocations=31 (full 0):
 garbage-first heap   total 138240K, used 65182K [0x0000000080000000, 0x0000000100000000)
  region size 1024K, 4 young (4096K), 4 survivors (4096K)
 Metaspace       used 49289K, capacity 50816K, committed 50944K, reserved 1093632K
  class space    used 6319K, capacity 6816K, committed 6912K, reserved 1048576K
}
Event: 14.635 GC heap before
{Heap before GC invocations=32 (full 0):
 garbage-first heap   total 138240K, used 96926K [0x0000000080000000, 0x0000000100000000)
  region size 1024K, 34 young (34816K), 4 survivors (4096K)
 Metaspace       used 52775K, capacity 54345K, committed 54400K, reserved 1095680K
  class space    used 6748K, capacity 7263K, committed 7296K, reserved 1048576K
}
Event: 14.642 GC heap after
{Heap after GC invocations=33 (full 0):
 garbage-first heap   total 138240K, used 69013K [0x0000000080000000, 0x0000000100000000)
  region size 1024K, 2 young (2048K), 2 survivors (2048K)
 Metaspace       used 52775K, capacity 54345K, committed 54400K, reserved 1095680K
  class space    used 6748K, capacity 7263K, committed 7296K, reserved 1048576K
}
Event: 16.415 GC heap before
{Heap before GC invocations=33 (full 0):
 garbage-first heap   total 138240K, used 99733K [0x0000000080000000, 0x0000000100000000)
  region size 1024K, 32 young (32768K), 2 survivors (2048K)
 Metaspace       used 57421K, capacity 59098K, committed 59392K, reserved 1101824K
  class space    used 7312K, capacity 7887K, committed 7936K, reserved 1048576K
}
Event: 16.425 GC heap after
{Heap after GC invocations=34 (full 0):
 garbage-first heap   total 138240K, used 70024K [0x0000000080000000, 0x0000000100000000)
  region size 1024K, 3 young (3072K), 3 survivors (3072K)
 Metaspace       used 57421K, capacity 59098K, committed 59392K, reserved 1101824K
  class space    used 7312K, capacity 7887K, committed 7936K, reserved 1048576K
}
Event: 17.255 GC heap before
{Heap before GC invocations=35 (full 0):
 garbage-first heap   total 138240K, used 100744K [0x0000000080000000, 0x0000000100000000)
  region size 1024K, 34 young (34816K), 3 survivors (3072K)
 Metaspace       used 61166K, capacity 62893K, committed 62976K, reserved 1103872K
  class space    used 7783K, capacity 8384K, committed 8448K, reserved 1048576K
}
Event: 17.270 GC heap after
{Heap after GC invocations=36 (full 0):
 garbage-first heap   total 138240K, used 73285K [0x0000000080000000, 0x0000000100000000)
  region size 1024K, 5 young (5120K), 5 survivors (5120K)
 Metaspace       used 61166K, capacity 62893K, committed 62976K, reserved 1103872K
  class space    used 7783K, capacity 8384K, committed 8448K, reserved 1048576K
}
Event: 17.737 GC heap before
{Heap before GC invocations=36 (full 0):
 garbage-first heap   total 138240K, used 97861K [0x0000000080000000, 0x0000000100000000)
  region size 1024K, 30 young (30720K), 5 survivors (5120K)
 Metaspace       used 63649K, capacity 65361K, committed 65536K, reserved 1105920K
  class space    used 8100K, capacity 8689K, committed 8704K, reserved 1048576K
}
Event: 17.755 GC heap after
{Heap after GC invocations=37 (full 0):
 garbage-first heap   total 165888K, used 75128K [0x0000000080000000, 0x0000000100000000)
  region size 1024K, 2 young (2048K), 2 survivors (2048K)
 Metaspace       used 63649K, capacity 65361K, committed 65536K, reserved 1105920K
  class space    used 8100K, capacity 8689K, committed 8704K, reserved 1048576K
}
Event: 18.386 GC heap before
{Heap before GC invocations=38 (full 0):
 garbage-first heap   total 165888K, used 118136K [0x0000000080000000, 0x0000000100000000)
  region size 1024K, 43 young (44032K), 2 survivors (2048K)
 Metaspace       used 65194K, capacity 67155K, committed 67328K, reserved 1107968K
  class space    used 8310K, capacity 8939K, committed 8960K, reserved 1048576K
}
Event: 18.397 GC heap after
{Heap after GC invocations=39 (full 0):
 garbage-first heap   total 165888K, used 78504K [0x0000000080000000, 0x0000000100000000)
  region size 1024K, 6 young (6144K), 6 survivors (6144K)
 Metaspace       used 65194K, capacity 67155K, committed 67328K, reserved 1107968K
  class space    used 8310K, capacity 8939K, committed 8960K, reserved 1048576K
}
Event: 19.531 GC heap before
{Heap before GC invocations=39 (full 0):
 garbage-first heap   total 165888K, used 122536K [0x0000000080000000, 0x0000000100000000)
  region size 1024K, 49 young (50176K), 6 survivors (6144K)
 Metaspace       used 69894K, capacity 71764K, committed 71936K, reserved 1112064K
  class space    used 9062K, capacity 9702K, committed 9728K, reserved 1048576K
}
Event: 19.549 GC heap after
{Heap after GC invocations=40 (full 0):
 garbage-first heap   total 165888K, used 81712K [0x0000000080000000, 0x0000000100000000)
  region size 1024K, 7 young (7168K), 7 survivors (7168K)
 Metaspace       used 69894K, capacity 71764K, committed 71936K, reserved 1112064K
  class space    used 9062K, capacity 9702K, committed 9728K, reserved 1048576K
}
Event: 20.105 GC heap before
{Heap before GC invocations=40 (full 0):
 garbage-first heap   total 165888K, used 131888K [0x0000000080000000, 0x0000000100000000)
  region size 1024K, 56 young (57344K), 7 survivors (7168K)
 Metaspace       used 71887K, capacity 73866K, committed 74112K, reserved 1114112K
  class space    used 9371K, capacity 10019K, committed 10112K, reserved 1048576K
}
Event: 20.125 GC heap after
{Heap after GC invocations=41 (full 0):
 garbage-first heap   total 165888K, used 83876K [0x0000000080000000, 0x0000000100000000)
  region size 1024K, 6 young (6144K), 6 survivors (6144K)
 Metaspace       used 71887K, capacity 73866K, committed 74112K, reserved 1114112K
  class space    used 9371K, capacity 10019K, committed 10112K, reserved 1048576K
}
Event: 21.316 GC heap before
{Heap before GC invocations=42 (full 0):
 garbage-first heap   total 165888K, used 133028K [0x0000000080000000, 0x0000000100000000)
  region size 1024K, 54 young (55296K), 6 survivors (6144K)
 Metaspace       used 75038K, capacity 77181K, committed 77440K, reserved 1116160K
  class space    used 9783K, capacity 10517K, committed 10624K, reserved 1048576K
}
Event: 21.339 GC heap after
{Heap after GC invocations=43 (full 0):
 garbage-first heap   total 199680K, used 87175K [0x0000000080000000, 0x0000000100000000)
  region size 1024K, 6 young (6144K), 6 survivors (6144K)
 Metaspace       used 75038K, capacity 77181K, committed 77440K, reserved 1116160K
  class space    used 9783K, capacity 10517K, committed 10624K, reserved 1048576K
}

Deoptimization events (20 events):
Event: 21.603 Thread 0x000002198010f800 DEOPT PACKING pc=0x00000219eecab754 sp=0x000000bbb91fb030
Event: 21.603 Thread 0x000002198010f800 DEOPT UNPACKING pc=0x00000219e70778af sp=0x000000bbb91faff8 mode 2
Event: 21.654 Thread 0x000002198010f800 Uncommon trap: trap_request=0xffffff4d fr.pc=0x00000219eedbbcc4 relative=0x00000000000000a4
Event: 21.654 Thread 0x000002198010f800 Uncommon trap: reason=unstable_if action=reinterpret pc=0x00000219eedbbcc4 method=java.lang.CharacterDataLatin1.digit(II)I @ 12 c2
Event: 21.654 Thread 0x000002198010f800 DEOPT PACKING pc=0x00000219eedbbcc4 sp=0x000000bbb91fa1f0
Event: 21.654 Thread 0x000002198010f800 DEOPT UNPACKING pc=0x00000219e70778af sp=0x000000bbb91fa168 mode 2
Event: 21.782 Thread 0x000002198010f800 Uncommon trap: trap_request=0xffffff4d fr.pc=0x00000219eed3c104 relative=0x0000000000000bc4
Event: 21.782 Thread 0x000002198010f800 Uncommon trap: reason=unstable_if action=reinterpret pc=0x00000219eed3c104 method=sun.nio.fs.WindowsPathParser.normalize(Ljava/lang/StringBuilder;Ljava/lang/String;I)Ljava/lang/String; @ 172 c2
Event: 21.782 Thread 0x000002198010f800 DEOPT PACKING pc=0x00000219eed3c104 sp=0x000000bbb91f9060
Event: 21.782 Thread 0x000002198010f800 DEOPT UNPACKING pc=0x00000219e70778af sp=0x000000bbb91f9030 mode 2
Event: 21.838 Thread 0x000002198010f800 Uncommon trap: trap_request=0xffffff4d fr.pc=0x00000219eecddcb8 relative=0x0000000000000838
Event: 21.838 Thread 0x000002198010f800 Uncommon trap: reason=unstable_if action=reinterpret pc=0x00000219eecddcb8 method=java.util.jar.JarFile.getVersionedEntry(Ljava/lang/String;Ljava/util/jar/JarEntry;)Ljava/util/jar/JarEntry; @ 67 c2
Event: 21.838 Thread 0x000002198010f800 DEOPT PACKING pc=0x00000219eecddcb8 sp=0x000000bbb91f73c0
Event: 21.838 Thread 0x000002198010f800 DEOPT UNPACKING pc=0x00000219e70778af sp=0x000000bbb91f73a8 mode 2
Event: 21.844 Thread 0x000002198010f800 DEOPT PACKING pc=0x00000219e82d7c2f sp=0x000000bbb91f7fb0
Event: 21.844 Thread 0x000002198010f800 DEOPT UNPACKING pc=0x00000219e70776ce sp=0x000000bbb91f7438 mode 0
Event: 21.865 Thread 0x000002198010f800 Uncommon trap: trap_request=0xffffff4d fr.pc=0x00000219eee13188 relative=0x00000000000001a8
Event: 21.865 Thread 0x000002198010f800 Uncommon trap: reason=unstable_if action=reinterpret pc=0x00000219eee13188 method=java.util.StringTokenizer.scanToken(I)I @ 42 c2
Event: 21.865 Thread 0x000002198010f800 DEOPT PACKING pc=0x00000219eee13188 sp=0x000000bbb91f8fa0
Event: 21.866 Thread 0x000002198010f800 DEOPT UNPACKING pc=0x00000219e70778af sp=0x000000bbb91f8f30 mode 2

Classes redefined (0 events):
No events

Internal exceptions (20 events):
Event: 21.301 Thread 0x000002198010f800 Exception <a 'java/lang/ClassNotFoundException'{0x00000000874fea78}: java/util/LinkedHashSetBeanInfo> (0x00000000874fea78) thrown at [./src/hotspot/share/classfile/systemDictionary.cpp, line 231]
Event: 21.302 Thread 0x000002198010f800 Exception <a 'java/lang/ClassNotFoundException'{0x00000000873089a8}: java/util/HashSetBeanInfo> (0x00000000873089a8) thrown at [./src/hotspot/share/classfile/systemDictionary.cpp, line 231]
Event: 21.302 Thread 0x000002198010f800 Exception <a 'java/lang/ClassNotFoundException'{0x0000000087312c58}: java/util/AbstractSetBeanInfo> (0x0000000087312c58) thrown at [./src/hotspot/share/classfile/systemDictionary.cpp, line 231]
Event: 21.303 Thread 0x000002198010f800 Exception <a 'java/lang/ClassNotFoundException'{0x000000008731d268}: java/util/AbstractSetCustomizer> (0x000000008731d268) thrown at [./src/hotspot/share/classfile/systemDictionary.cpp, line 231]
Event: 21.303 Thread 0x000002198010f800 Exception <a 'java/lang/ClassNotFoundException'{0x000000008732b918}: java/util/HashSetCustomizer> (0x000000008732b918) thrown at [./src/hotspot/share/classfile/systemDictionary.cpp, line 231]
Event: 21.304 Thread 0x000002198010f800 Exception <a 'java/lang/ClassNotFoundException'{0x000000008733d5c8}: java/util/LinkedHashSetCustomizer> (0x000000008733d5c8) thrown at [./src/hotspot/share/classfile/systemDictionary.cpp, line 231]
Event: 21.311 Thread 0x000002198010f800 Exception <a 'java/lang/ClassNotFoundException'{0x0000000087221708}: com/android/build/gradle/tasks/factory/AndroidUnitTest_DecoratedBeanInfo> (0x0000000087221708) thrown at [./src/hotspot/share/classfile/systemDictionary.cpp, line 231]
Event: 21.311 Thread 0x000002198010f800 Exception <a 'java/lang/ClassNotFoundException'{0x000000008723a748}: com/android/build/gradle/tasks/factory/AndroidUnitTestBeanInfo> (0x000000008723a748) thrown at [./src/hotspot/share/classfile/systemDictionary.cpp, line 231]
Event: 21.312 Thread 0x000002198010f800 Exception <a 'java/lang/ClassNotFoundException'{0x0000000087258ec0}: org/gradle/api/tasks/testing/TestBeanInfo> (0x0000000087258ec0) thrown at [./src/hotspot/share/classfile/systemDictionary.cpp, line 231]
Event: 21.313 Thread 0x000002198010f800 Exception <a 'java/lang/ClassNotFoundException'{0x000000008727b078}: org/gradle/api/tasks/testing/AbstractTestTaskBeanInfo> (0x000000008727b078) thrown at [./src/hotspot/share/classfile/systemDictionary.cpp, line 231]
Event: 21.313 Thread 0x000002198010f800 Exception <a 'java/lang/ClassNotFoundException'{0x000000008729e2d0}: org/gradle/api/tasks/testing/AbstractTestTaskCustomizer> (0x000000008729e2d0) thrown at [./src/hotspot/share/classfile/systemDictionary.cpp, line 231]
Event: 21.315 Thread 0x000002198010f800 Exception <a 'java/lang/ClassNotFoundException'{0x00000000872dbe68}: org/gradle/api/tasks/testing/TestCustomizer> (0x00000000872dbe68) thrown at [./src/hotspot/share/classfile/systemDictionary.cpp, line 231]
Event: 21.349 Thread 0x000002198010f800 Exception <a 'java/lang/ClassNotFoundException'{0x000000008c29a820}: com/android/build/gradle/tasks/factory/AndroidUnitTestCustomizer> (0x000000008c29a820) thrown at [./src/hotspot/share/classfile/systemDictionary.cpp, line 231]
Event: 21.350 Thread 0x000002198010f800 Exception <a 'java/lang/ClassNotFoundException'{0x000000008c2d0410}: com/android/build/gradle/tasks/factory/AndroidUnitTest_DecoratedCustomizer> (0x000000008c2d0410) thrown at [./src/hotspot/share/classfile/systemDictionary.cpp, line 231]
Event: 21.438 Thread 0x000002198010f800 Exception <a 'java/lang/ClassNotFoundException'{0x000000008bb5a158}: org/gradle/api/internal/tasks/DefaultSourceSetContainer_DecoratedBeanInfo> (0x000000008bb5a158) thrown at [./src/hotspot/share/classfile/systemDictionary.cpp, line 231]
Event: 21.439 Thread 0x000002198010f800 Exception <a 'java/lang/ClassNotFoundException'{0x000000008bb7d198}: org/gradle/api/internal/tasks/DefaultSourceSetContainerBeanInfo> (0x000000008bb7d198) thrown at [./src/hotspot/share/classfile/systemDictionary.cpp, line 231]
Event: 21.440 Thread 0x000002198010f800 Exception <a 'java/lang/ClassNotFoundException'{0x000000008bba04f8}: org/gradle/api/internal/tasks/DefaultSourceSetContainerCustomizer> (0x000000008bba04f8) thrown at [./src/hotspot/share/classfile/systemDictionary.cpp, line 231]
Event: 21.441 Thread 0x000002198010f800 Exception <a 'java/lang/ClassNotFoundException'{0x000000008bbd22b0}: org/gradle/api/internal/tasks/DefaultSourceSetContainer_DecoratedCustomizer> (0x000000008bbd22b0) thrown at [./src/hotspot/share/classfile/systemDictionary.cpp, line 231]
Event: 21.694 Thread 0x000002198010f800 Exception <a 'sun/nio/fs/WindowsException'{0x000000008b091218}> (0x000000008b091218) thrown at [./src/hotspot/share/prims/jni.cpp, line 615]
Event: 21.698 Thread 0x000002198010f800 Exception <a 'sun/nio/fs/WindowsException'{0x000000008b0917e8}> (0x000000008b0917e8) thrown at [./src/hotspot/share/prims/jni.cpp, line 615]

Events (20 events):
Event: 21.860 loading class com/sun/istack/FinalArrayList
Event: 21.860 loading class com/sun/istack/FinalArrayList done
Event: 21.863 Executing VM operation: Deoptimize
Event: 21.865 Executing VM operation: Deoptimize done
Event: 21.871 loading class com/sun/xml/bind/Util
Event: 21.871 loading class com/sun/xml/bind/Util done
Event: 21.877 loading class com/sun/xml/bind/v2/util/TypeCast
Event: 21.877 loading class com/sun/xml/bind/v2/util/TypeCast done
Event: 21.878 loading class com/sun/xml/bind/v2/runtime/JAXBContextImpl$JAXBContextBuilder
Event: 21.878 loading class com/sun/xml/bind/v2/runtime/JAXBContextImpl$JAXBContextBuilder done
Event: 21.880 loading class com/sun/xml/bind/v2/model/annotation/RuntimeInlineAnnotationReader
Event: 21.880 loading class com/sun/xml/bind/v2/model/annotation/RuntimeInlineAnnotationReader done
Event: 21.882 loading class com/sun/xml/bind/v2/model/annotation/AbstractInlineAnnotationReaderImpl
Event: 21.882 loading class com/sun/xml/bind/v2/model/annotation/AbstractInlineAnnotationReaderImpl done
Event: 21.884 loading class java/lang/IllegalAccessError
Event: 21.885 loading class java/lang/IllegalAccessError done
Event: 21.887 loading class javax/xml/bind/JAXBIntrospector
Event: 21.887 loading class javax/xml/bind/JAXBIntrospector done
Event: 21.888 loading class com/sun/xml/bind/v2/runtime/JAXBContextImpl$3
Event: 21.888 loading class com/sun/xml/bind/v2/runtime/JAXBContextImpl$3 done


Dynamic libraries:
0x00007ff720fa0000 - 0x00007ff720faa000 	C:\Program Files\Android\Android Studio\jre\bin\java.exe
0x00007ff9219b0000 - 0x00007ff921ba5000 	C:\WINDOWS\SYSTEM32\ntdll.dll
0x00007ff9207b0000 - 0x00007ff92086e000 	C:\WINDOWS\System32\KERNEL32.DLL
0x00007ff91f500000 - 0x00007ff91f7c9000 	C:\WINDOWS\System32\KERNELBASE.dll
0x00007ff91f130000 - 0x00007ff91f230000 	C:\WINDOWS\System32\ucrtbase.dll
0x00007ff919260000 - 0x00007ff919277000 	C:\Program Files\Android\Android Studio\jre\bin\VCRUNTIME140.dll
0x00007ff9135c0000 - 0x00007ff9135d9000 	C:\Program Files\Android\Android Studio\jre\bin\jli.dll
0x00007ff9208d0000 - 0x00007ff920a71000 	C:\WINDOWS\System32\USER32.dll
0x00007ff91f3c0000 - 0x00007ff91f3e2000 	C:\WINDOWS\System32\win32u.dll
0x00007ff91fe80000 - 0x00007ff91feab000 	C:\WINDOWS\System32\GDI32.dll
0x00007ff91f3f0000 - 0x00007ff91f4fb000 	C:\WINDOWS\System32\gdi32full.dll
0x00007ff90ebd0000 - 0x00007ff90ee6a000 	C:\WINDOWS\WinSxS\amd64_microsoft.windows.common-controls_6595b64144ccf1df_6.0.19041.1110_none_60b5254171f9507e\COMCTL32.dll
0x00007ff921220000 - 0x00007ff9212be000 	C:\WINDOWS\System32\msvcrt.dll
0x00007ff91f7d0000 - 0x00007ff91f86d000 	C:\WINDOWS\System32\msvcp_win.dll
0x00007ff921140000 - 0x00007ff921170000 	C:\WINDOWS\System32\IMM32.DLL
0x00007ff8d9a60000 - 0x00007ff8d9afd000 	C:\Program Files\Android\Android Studio\jre\bin\msvcp140.dll
0x00007ff8d7480000 - 0x00007ff8d7f4f000 	C:\Program Files\Android\Android Studio\jre\bin\server\jvm.dll
0x00007ff9218c0000 - 0x00007ff92196c000 	C:\WINDOWS\System32\ADVAPI32.dll
0x00007ff921320000 - 0x00007ff9213bb000 	C:\WINDOWS\System32\sechost.dll
0x00007ff920f20000 - 0x00007ff92104a000 	C:\WINDOWS\System32\RPCRT4.dll
0x00007ff920a80000 - 0x00007ff920a88000 	C:\WINDOWS\System32\PSAPI.DLL
0x00007ff9117b0000 - 0x00007ff9117ba000 	C:\WINDOWS\SYSTEM32\VERSION.dll
0x00007ff9112f0000 - 0x00007ff911317000 	C:\WINDOWS\SYSTEM32\WINMM.dll
0x00007ff919a40000 - 0x00007ff919a49000 	C:\WINDOWS\SYSTEM32\WSOCK32.dll
0x00007ff9213c0000 - 0x00007ff92142b000 	C:\WINDOWS\System32\WS2_32.dll
0x00007ff91cfd0000 - 0x00007ff91cfe2000 	C:\WINDOWS\SYSTEM32\kernel.appcore.dll
0x00007ff918260000 - 0x00007ff918271000 	C:\Program Files\Android\Android Studio\jre\bin\verify.dll
0x00007ff90ba20000 - 0x00007ff90bc04000 	C:\WINDOWS\SYSTEM32\DBGHELP.DLL
0x00007ff90c610000 - 0x00007ff90c63c000 	C:\WINDOWS\SYSTEM32\dbgcore.DLL
0x00007ff91f970000 - 0x00007ff91f9f3000 	C:\WINDOWS\System32\bcryptPrimitives.dll
0x00007ff904d20000 - 0x00007ff904d49000 	C:\Program Files\Android\Android Studio\jre\bin\java.dll
0x00007ff919a30000 - 0x00007ff919a3b000 	C:\Program Files\Android\Android Studio\jre\bin\jimage.dll
0x00007ff904d00000 - 0x00007ff904d18000 	C:\Program Files\Android\Android Studio\jre\bin\zip.dll
0x00007ff920070000 - 0x00007ff9207af000 	C:\WINDOWS\System32\SHELL32.dll
0x00007ff91d1d0000 - 0x00007ff91d960000 	C:\WINDOWS\SYSTEM32\windows.storage.dll
0x00007ff921560000 - 0x00007ff9218b5000 	C:\WINDOWS\System32\combase.dll
0x00007ff91eb20000 - 0x00007ff91eb4c000 	C:\WINDOWS\SYSTEM32\Wldp.dll
0x00007ff921170000 - 0x00007ff92121d000 	C:\WINDOWS\System32\SHCORE.dll
0x00007ff921430000 - 0x00007ff921485000 	C:\WINDOWS\System32\shlwapi.dll
0x00007ff91f010000 - 0x00007ff91f02f000 	C:\WINDOWS\SYSTEM32\profapi.dll
0x00007ff904ce0000 - 0x00007ff904cfa000 	C:\Program Files\Android\Android Studio\jre\bin\net.dll
0x00007ff910650000 - 0x00007ff910758000 	C:\WINDOWS\SYSTEM32\WINHTTP.dll
0x00007ff91e880000 - 0x00007ff91e8ea000 	C:\WINDOWS\system32\mswsock.dll
0x00007ff904cc0000 - 0x00007ff904cd4000 	C:\Program Files\Android\Android Studio\jre\bin\nio.dll
0x00007ff8d83f0000 - 0x00007ff8d8417000 	C:\Users\MinhNgan\.gradle\native\8bec1ad78214c89d9ad589b4d07fe93259594b29d510b10fafb7a158f7737e5d\windows-amd64\native-platform.dll
0x00007ff8d42f0000 - 0x00007ff8d442d000 	C:\Users\MinhNgan\.gradle\native\53dbd7edfb1c66fb8903c78663c9afc45aea4f116125fa6feffd364cf09443e8\windows-amd64\native-platform-file-events.dll
0x00007ff919250000 - 0x00007ff91925a000 	C:\Program Files\Android\Android Studio\jre\bin\management.dll
0x00007ff918250000 - 0x00007ff91825c000 	C:\Program Files\Android\Android Studio\jre\bin\management_ext.dll
0x00007ff91ea70000 - 0x00007ff91ea88000 	C:\WINDOWS\SYSTEM32\CRYPTSP.dll
0x00007ff91e190000 - 0x00007ff91e1c4000 	C:\WINDOWS\system32\rsaenh.dll
0x00007ff91f390000 - 0x00007ff91f3b7000 	C:\WINDOWS\System32\bcrypt.dll
0x00007ff91efd0000 - 0x00007ff91effe000 	C:\WINDOWS\SYSTEM32\USERENV.dll
0x00007ff91ea90000 - 0x00007ff91ea9c000 	C:\WINDOWS\SYSTEM32\CRYPTBASE.dll
0x00007ff91e520000 - 0x00007ff91e55b000 	C:\WINDOWS\SYSTEM32\IPHLPAPI.DLL
0x00007ff920a90000 - 0x00007ff920a98000 	C:\WINDOWS\System32\NSI.dll
0x00007ff913a70000 - 0x00007ff913a87000 	C:\WINDOWS\SYSTEM32\dhcpcsvc6.DLL
0x00007ff9175d0000 - 0x00007ff9175ed000 	C:\WINDOWS\SYSTEM32\dhcpcsvc.DLL
0x00007ff91e560000 - 0x00007ff91e62c000 	C:\WINDOWS\SYSTEM32\DNSAPI.dll

dbghelp: loaded successfully - version: 4.0.5 - missing functions: none
symbol engine: initialized successfully - sym options: 0x614 - pdb path: .;C:\Program Files\Android\Android Studio\jre\bin;C:\WINDOWS\SYSTEM32;C:\WINDOWS\WinSxS\amd64_microsoft.windows.common-controls_6595b64144ccf1df_6.0.19041.1110_none_60b5254171f9507e;C:\Program Files\Android\Android Studio\jre\bin\server;C:\Users\MinhNgan\.gradle\native\8bec1ad78214c89d9ad589b4d07fe93259594b29d510b10fafb7a158f7737e5d\windows-amd64;C:\Users\MinhNgan\.gradle\native\53dbd7edfb1c66fb8903c78663c9afc45aea4f116125fa6feffd364cf09443e8\windows-amd64

VM Arguments:
jvm_args: --add-opens=java.base/java.util=ALL-UNNAMED --add-opens=java.base/java.lang=ALL-UNNAMED --add-opens=java.base/java.lang.invoke=ALL-UNNAMED --add-opens=java.base/java.util=ALL-UNNAMED --add-opens=java.prefs/java.util.prefs=ALL-UNNAMED --add-opens=java.prefs/java.util.prefs=ALL-UNNAMED --add-opens=java.base/java.nio.charset=ALL-UNNAMED --add-opens=java.base/java.net=ALL-UNNAMED --add-opens=java.base/java.util.concurrent.atomic=ALL-UNNAMED -Xmx2048m -Dfile.encoding=UTF-8 -Duser.country=US -Duser.language=en -Duser.variant 
java_command: org.gradle.launcher.daemon.bootstrap.GradleDaemon 7.0.2
java_class_path (initial): C:\Users\MinhNgan\.gradle\wrapper\dists\gradle-7.0.2-bin\857tjihv64xamwrf0h14cai3r\gradle-7.0.2\lib\gradle-launcher-7.0.2.jar
Launcher Type: SUN_STANDARD

[Global flags]
     intx CICompilerCount                          = 3                                         {product} {ergonomic}
     uint ConcGCThreads                            = 1                                         {product} {ergonomic}
     uint G1ConcRefinementThreads                  = 4                                         {product} {ergonomic}
   size_t G1HeapRegionSize                         = 1048576                                   {product} {ergonomic}
    uintx GCDrainStackTargetSize                   = 64                                        {product} {ergonomic}
   size_t InitialHeapSize                          = 67108864                                  {product} {ergonomic}
   size_t MarkStackSize                            = 4194304                                   {product} {ergonomic}
   size_t MaxHeapSize                              = 2147483648                                {product} {command line}
   size_t MaxNewSize                               = 1287651328                                {product} {ergonomic}
   size_t MinHeapDeltaBytes                        = 1048576                                   {product} {ergonomic}
    uintx NonNMethodCodeHeapSize                   = 5830732                                {pd product} {ergonomic}
    uintx NonProfiledCodeHeapSize                  = 122913754                              {pd product} {ergonomic}
    uintx ProfiledCodeHeapSize                     = 122913754                              {pd product} {ergonomic}
    uintx ReservedCodeCacheSize                    = 251658240                              {pd product} {ergonomic}
     bool SegmentedCodeCache                       = true                                      {product} {ergonomic}
     bool UseCompressedClassPointers               = true                                 {lp64_product} {ergonomic}
     bool UseCompressedOops                        = true                                 {lp64_product} {ergonomic}
     bool UseG1GC                                  = true                                      {product} {ergonomic}
     bool UseLargePagesIndividualAllocation        = false                                  {pd product} {ergonomic}

Logging:
Log output configuration:
 #0: stdout all=warning uptime,level,tags
 #1: stderr all=off uptime,level,tags

Environment Variables:
PATH=C:\Program Files\Common Files\Oracle\Java\javapath;C:\WINDOWS\system32;C:\WINDOWS;C:\WINDOWS\System32\Wbem;C:\WINDOWS\System32\WindowsPowerShell\v1.0\;C:\WINDOWS\System32\OpenSSH\;C:\Program Files\dotnet\;C:\Program Files\Microsoft SQL Server\130\Tools\Binn\;C:\Program Files\Microsoft SQL Server\Client SDK\ODBC\170\Tools\Binn\;C:\Program Files (x86)\dotnet\;C:\Program Files\Git\cmd;C:\Users\MinhNgan\AppData\Local\Microsoft\WindowsApps
USERNAME=MinhNgan
OS=Windows_NT
PROCESSOR_IDENTIFIER=Intel64 Family 6 Model 69 Stepping 1, GenuineIntel



---------------  S Y S T E M  ---------------

OS: Windows 10 , 64 bit Build 19041 (10.0.19041.1202)
OS uptime: 0 days 0:14 hours

CPU:total 4 (initial active 4) (2 cores per cpu, 2 threads per core) family 6 model 69 stepping 1 microcode 0x25, cmov, cx8, fxsr, mmx, sse, sse2, sse3, ssse3, sse4.1, sse4.2, popcnt, avx, avx2, aes, clmul, erms, lzcnt, ht, tsc, tscinvbit, bmi1, bmi2, fma

Memory: 4k page, system-wide physical 3979M (269M free)
TotalPageFile size 6979M (AvailPageFile size 2M)
current process WorkingSet (physical memory assigned to process): 315M, peak: 315M
current process commit charge ("private bytes"): 428M, peak: 428M

vm_info: OpenJDK 64-Bit Server VM (11.0.10+0-b96-7249189) for windows-amd64 JRE (11.0.10+0-b96-7249189), built on Mar 31 2021 21:44:00 by "builder" with MS VC++ 14.0 (VS2015)

END.
