#
# There is insufficient memory for the Java Runtime Environment to continue.
# Native memory allocation (malloc) failed to allocate 1099856 bytes for Chunk::new
# Possible reasons:
#   The system is out of physical RAM or swap space
#   The process is running with CompressedOops enabled, and the Java Heap may be blocking the growth of the native heap
# Possible solutions:
#   Reduce memory load on the system
#   Increase physical memory or swap space
#   Check if swap backing store is full
#   Decrease Java heap size (-Xmx/-Xms)
#   Decrease number of Java threads
#   Decrease Java thread stack sizes (-Xss)
#   Set larger code cache with -XX:ReservedCodeCacheSize=
#   JVM is running with Unscaled Compressed Oops mode in which the Java heap is
#     placed in the first 4GB address space. The Java Heap base address is the
#     maximum limit for the native heap growth. Please use -XX:HeapBaseMinAddress
#     to set the Java Heap base and to place the Java Heap above 4GB virtual address.
# This output file may be truncated or incomplete.
#
#  Out of Memory Error (./src/hotspot/share/memory/arena.cpp:197), pid=10056, tid=9948
#
# JRE version: OpenJDK Runtime Environment (11.0.10) (build 11.0.10+0-b96-7249189)
# Java VM: OpenJDK 64-Bit Server VM (11.0.10+0-b96-7249189, mixed mode, tiered, compressed oops, g1 gc, windows-amd64)
# No core dump will be written. Minidumps are not enabled by default on client versions of Windows
#

---------------  S U M M A R Y ------------

Command Line: --add-opens=java.base/java.util=ALL-UNNAMED --add-opens=java.base/java.lang=ALL-UNNAMED --add-opens=java.base/java.lang.invoke=ALL-UNNAMED --add-opens=java.base/java.util=ALL-UNNAMED --add-opens=java.prefs/java.util.prefs=ALL-UNNAMED --add-opens=java.prefs/java.util.prefs=ALL-UNNAMED --add-opens=java.base/java.nio.charset=ALL-UNNAMED --add-opens=java.base/java.net=ALL-UNNAMED --add-opens=java.base/java.util.concurrent.atomic=ALL-UNNAMED -Xmx2048m -Dfile.encoding=UTF-8 -Duser.country=US -Duser.language=en -Duser.variant org.gradle.launcher.daemon.bootstrap.GradleDaemon 7.0.2

Host: Intel(R) Core(TM) i5-4210U CPU @ 1.70GHz, 4 cores, 3G,  Windows 10 , 64 bit Build 19041 (10.0.19041.1348)
Time: Sat Dec  4 15:02:55 2021 SE Asia Standard Time elapsed time: 8.065066 seconds (0d 0h 0m 8s)

---------------  T H R E A D  ---------------

Current thread (0x0000026fce4ef000):  JavaThread "C2 CompilerThread0" daemon [_thread_in_native, id=9948, stack(0x000000c99d000000,0x000000c99d100000)]


Current CompileTask:
C2:   8065 3618       4       java.net.URLClassLoader$1::run (5 bytes)

Stack: [0x000000c99d000000,0x000000c99d100000]
Native frames: (J=compiled Java code, j=interpreted, Vv=VM code, C=native code)
V  [jvm.dll+0x5ecfaa]
V  [jvm.dll+0x722bd5]
V  [jvm.dll+0x72412d]
V  [jvm.dll+0x7247e3]
V  [jvm.dll+0x242928]
V  [jvm.dll+0xbc4fc]
V  [jvm.dll+0xbca0c]
V  [jvm.dll+0x2b4fd4]
V  [jvm.dll+0x506028]
V  [jvm.dll+0x203253]
V  [jvm.dll+0x1fd07c]
V  [jvm.dll+0x1fa77f]
V  [jvm.dll+0x18354c]
V  [jvm.dll+0x208ee7]
V  [jvm.dll+0x207731]
V  [jvm.dll+0x6eb1cf]
V  [jvm.dll+0x6e3d45]
V  [jvm.dll+0x5ebe96]
C  [ucrtbase.dll+0x21bb2]
C  [KERNEL32.DLL+0x17034]
C  [ntdll.dll+0x52651]


---------------  P R O C E S S  ---------------

Threads class SMR info:
_java_thread_list=0x0000026fd1750c00, length=34, elements={
0x0000026fb415c000, 0x0000026fce48b800, 0x0000026fce48f000, 0x0000026fce4e6000,
0x0000026fce4e8000, 0x0000026fce4ec000, 0x0000026fce4ef000, 0x0000026fce4f4800,
0x0000026fce4f5800, 0x0000026fcef61800, 0x0000026fd01d7000, 0x0000026fd0008800,
0x0000026fd016f800, 0x0000026fd03c9800, 0x0000026fd037f800, 0x0000026fd02a1800,
0x0000026fcfcb0000, 0x0000026fd017f000, 0x0000026fd1028000, 0x0000026fd0728000,
0x0000026fd072b000, 0x0000026fd072a800, 0x0000026fd0729800, 0x0000026fd0728800,
0x0000026fd072c000, 0x0000026fd0726800, 0x0000026fd072d000, 0x0000026fd0727000,
0x0000026fd13fd000, 0x0000026fd13f9800, 0x0000026fd13fe800, 0x0000026fd13fb800,
0x0000026fd13fe000, 0x0000026fd1402800
}

Java Threads: ( => current thread )
  0x0000026fb415c000 JavaThread "main" [_thread_blocked, id=4848, stack(0x000000c99c400000,0x000000c99c500000)]
  0x0000026fce48b800 JavaThread "Reference Handler" daemon [_thread_blocked, id=6828, stack(0x000000c99cb00000,0x000000c99cc00000)]
  0x0000026fce48f000 JavaThread "Finalizer" daemon [_thread_blocked, id=6892, stack(0x000000c99cc00000,0x000000c99cd00000)]
  0x0000026fce4e6000 JavaThread "Signal Dispatcher" daemon [_thread_blocked, id=6888, stack(0x000000c99cd00000,0x000000c99ce00000)]
  0x0000026fce4e8000 JavaThread "Attach Listener" daemon [_thread_blocked, id=5200, stack(0x000000c99ce00000,0x000000c99cf00000)]
  0x0000026fce4ec000 JavaThread "Service Thread" daemon [_thread_blocked, id=2164, stack(0x000000c99cf00000,0x000000c99d000000)]
=>0x0000026fce4ef000 JavaThread "C2 CompilerThread0" daemon [_thread_in_native, id=9948, stack(0x000000c99d000000,0x000000c99d100000)]
  0x0000026fce4f4800 JavaThread "C1 CompilerThread0" daemon [_thread_blocked, id=9964, stack(0x000000c99d100000,0x000000c99d200000)]
  0x0000026fce4f5800 JavaThread "Sweeper thread" daemon [_thread_blocked, id=2052, stack(0x000000c99d200000,0x000000c99d300000)]
  0x0000026fcef61800 JavaThread "Common-Cleaner" daemon [_thread_blocked, id=4460, stack(0x000000c99d300000,0x000000c99d400000)]
  0x0000026fd01d7000 JavaThread "Daemon health stats" [_thread_blocked, id=8956, stack(0x000000c99d600000,0x000000c99d700000)]
  0x0000026fd0008800 JavaThread "Incoming local TCP Connector on port 49746" [_thread_in_native, id=2304, stack(0x000000c99d700000,0x000000c99d800000)]
  0x0000026fd016f800 JavaThread "Daemon periodic checks" [_thread_blocked, id=6948, stack(0x000000c99d800000,0x000000c99d900000)]
  0x0000026fd03c9800 JavaThread "Daemon" [_thread_blocked, id=6960, stack(0x000000c99d900000,0x000000c99da00000)]
  0x0000026fd037f800 JavaThread "Handler for socket connection from /127.0.0.1:49746 to /127.0.0.1:49747" [_thread_in_native, id=1516, stack(0x000000c99da00000,0x000000c99db00000)]
  0x0000026fd02a1800 JavaThread "Cancel handler" [_thread_blocked, id=8736, stack(0x000000c99db00000,0x000000c99dc00000)]
  0x0000026fcfcb0000 JavaThread "Daemon worker" [_thread_in_native, id=2684, stack(0x000000c99dc00000,0x000000c99dd00000)]
  0x0000026fd017f000 JavaThread "Asynchronous log dispatcher for DefaultDaemonConnection: socket connection from /127.0.0.1:49746 to /127.0.0.1:49747" [_thread_blocked, id=1900, stack(0x000000c99dd00000,0x000000c99de00000)]
  0x0000026fd1028000 JavaThread "Stdin handler" [_thread_blocked, id=1172, stack(0x000000c99de00000,0x000000c99df00000)]
  0x0000026fd0728000 JavaThread "Daemon client event forwarder" [_thread_blocked, id=9052, stack(0x000000c99df00000,0x000000c99e000000)]
  0x0000026fd072b000 JavaThread "Cache worker for file hash cache (C:\Program Files\Java\jdk-17.0.1\caches\7.0.2\fileHashes)" [_thread_blocked, id=9060, stack(0x000000c99e200000,0x000000c99e300000)]
  0x0000026fd072a800 JavaThread "File lock request listener" [_thread_in_native, id=8780, stack(0x000000c99e300000,0x000000c99e400000)]
  0x0000026fd0729800 JavaThread "Cache worker for journal cache (C:\Program Files\Java\jdk-17.0.1\caches\journal-1)" [_thread_blocked, id=8752, stack(0x000000c99e400000,0x000000c99e500000)]
  0x0000026fd0728800 JavaThread "Cache worker for file hash cache (C:\Users\MinhNgan\AndroidStudioProjects\Android_hepat\.gradle\7.0.2\fileHashes)" [_thread_blocked, id=1324, stack(0x000000c99e500000,0x000000c99e600000)]
  0x0000026fd072c000 JavaThread "File watcher server" daemon [_thread_in_native, id=7348, stack(0x000000c99e600000,0x000000c99e700000)]
  0x0000026fd0726800 JavaThread "File watcher consumer" daemon [_thread_blocked, id=6804, stack(0x000000c99e700000,0x000000c99e800000)]
  0x0000026fd072d000 JavaThread "Cache worker for checksums cache (C:\Users\MinhNgan\AndroidStudioProjects\Android_hepat\.gradle\checksums)" [_thread_blocked, id=5168, stack(0x000000c99e800000,0x000000c99e900000)]
  0x0000026fd0727000 JavaThread "Cache worker for cache directory md-supplier (C:\Program Files\Java\jdk-17.0.1\caches\7.0.2\md-supplier)" [_thread_blocked, id=2148, stack(0x000000c99e900000,0x000000c99ea00000)]
  0x0000026fd13fd000 JavaThread "Cache worker for cache directory md-rule (C:\Program Files\Java\jdk-17.0.1\caches\7.0.2\md-rule)" [_thread_blocked, id=1852, stack(0x000000c99ea00000,0x000000c99eb00000)]
  0x0000026fd13f9800 JavaThread "Cache worker for execution history cache (C:\Program Files\Java\jdk-17.0.1\caches\7.0.2\executionHistory)" [_thread_blocked, id=6852, stack(0x000000c99eb00000,0x000000c99ec00000)]
  0x0000026fd13fe800 JavaThread "jar transforms" [_thread_blocked, id=1580, stack(0x000000c99ec00000,0x000000c99ed00000)]
  0x0000026fd13fb800 JavaThread "jar transforms Thread 2" [_thread_blocked, id=2000, stack(0x000000c99ed00000,0x000000c99ee00000)]
  0x0000026fd13fe000 JavaThread "Cache worker for file content cache (C:\Program Files\Java\jdk-17.0.1\caches\7.0.2\fileContent)" [_thread_blocked, id=3984, stack(0x000000c99ee00000,0x000000c99ef00000)]
  0x0000026fd1402800 JavaThread "Cache worker for dependencies-accessors (C:\Users\MinhNgan\AndroidStudioProjects\Android_hepat\.gradle\7.0.2\dependencies-accessors)" [_thread_blocked, id=6720, stack(0x000000c99ef00000,0x000000c99f000000)]

Other Threads:
  0x0000026fce484800 VMThread "VM Thread" [stack: 0x000000c99ca00000,0x000000c99cb00000] [id=6836]
  0x0000026fcef7e800 WatcherThread [stack: 0x000000c99d400000,0x000000c99d500000] [id=4280]
  0x0000026fb4174800 GCTaskThread "GC Thread#0" [stack: 0x000000c99c500000,0x000000c99c600000] [id=5080]
  0x0000026fcf808800 GCTaskThread "GC Thread#1" [stack: 0x000000c99d500000,0x000000c99d600000] [id=6320]
  0x0000026fd0990800 GCTaskThread "GC Thread#2" [stack: 0x000000c99e000000,0x000000c99e100000] [id=8824]
  0x0000026fcfcd4000 GCTaskThread "GC Thread#3" [stack: 0x000000c99e100000,0x000000c99e200000] [id=8996]
  0x0000026fb41a4800 ConcurrentGCThread "G1 Main Marker" [stack: 0x000000c99c600000,0x000000c99c700000] [id=4916]
  0x0000026fb41a6800 ConcurrentGCThread "G1 Conc#0" [stack: 0x000000c99c700000,0x000000c99c800000] [id=3588]
  0x0000026fb4200800 ConcurrentGCThread "G1 Refine#0" [stack: 0x000000c99c800000,0x000000c99c900000] [id=8848]
  0x0000026fb4201800 ConcurrentGCThread "G1 Young RemSet Sampling" [stack: 0x000000c99c900000,0x000000c99ca00000] [id=1224]

Threads with active compile tasks:
C2 CompilerThread0   8099 3618       4       java.net.URLClassLoader$1::run (5 bytes)

VM state:not at safepoint (normal execution)

VM Mutex/Monitor currently owned by a thread: None

Heap address: 0x0000000080000000, size: 2048 MB, Compressed Oops mode: 32-bit
Narrow klass base: 0x0000000000000000, Narrow klass shift: 3
Compressed class space size: 1073741824 Address: 0x0000000100000000

Heap:
 garbage-first heap   total 95232K, used 54825K [0x0000000080000000, 0x0000000100000000)
  region size 1024K, 32 young (32768K), 4 survivors (4096K)
 Metaspace       used 41584K, capacity 42490K, committed 42544K, reserved 1085440K
  class space    used 5357K, capacity 5706K, committed 5760K, reserved 1048576K
Heap Regions: E=young(eden), S=young(survivor), O=old, HS=humongous(starts), HC=humongous(continues), CS=collection set, F=free, A=archive, TAMS=top-at-mark-start (previous, next)
|   0|0x0000000080000000, 0x0000000080100000, 0x0000000080100000|100%|HS|  |TAMS 0x0000000080100000, 0x0000000080000000| Complete 
|   1|0x0000000080100000, 0x0000000080200000, 0x0000000080200000|100%|HC|  |TAMS 0x0000000080200000, 0x0000000080100000| Complete 
|   2|0x0000000080200000, 0x0000000080300000, 0x0000000080300000|100%|HC|  |TAMS 0x0000000080300000, 0x0000000080200000| Complete 
|   3|0x0000000080300000, 0x0000000080400000, 0x0000000080400000|100%| O|  |TAMS 0x0000000080400000, 0x0000000080300000| Untracked 
|   4|0x0000000080400000, 0x0000000080500000, 0x0000000080500000|100%| O|  |TAMS 0x0000000080500000, 0x0000000080400000| Untracked 
|   5|0x0000000080500000, 0x0000000080600000, 0x0000000080600000|100%| O|  |TAMS 0x0000000080600000, 0x0000000080500000| Untracked 
|   6|0x0000000080600000, 0x0000000080700000, 0x0000000080700000|100%| O|  |TAMS 0x0000000080700000, 0x0000000080600000| Untracked 
|   7|0x0000000080700000, 0x0000000080800000, 0x0000000080800000|100%| O|  |TAMS 0x0000000080800000, 0x0000000080700000| Untracked 
|   8|0x0000000080800000, 0x0000000080900000, 0x0000000080900000|100%| O|  |TAMS 0x0000000080900000, 0x0000000080800000| Untracked 
|   9|0x0000000080900000, 0x0000000080a00000, 0x0000000080a00000|100%| O|  |TAMS 0x0000000080a00000, 0x0000000080900000| Untracked 
|  10|0x0000000080a00000, 0x0000000080b00000, 0x0000000080b00000|100%| O|  |TAMS 0x0000000080b00000, 0x0000000080a00000| Untracked 
|  11|0x0000000080b00000, 0x0000000080c00000, 0x0000000080c00000|100%| O|  |TAMS 0x0000000080c00000, 0x0000000080b00000| Untracked 
|  12|0x0000000080c00000, 0x0000000080d00000, 0x0000000080d00000|100%| O|  |TAMS 0x0000000080d00000, 0x0000000080c00000| Untracked 
|  13|0x0000000080d00000, 0x0000000080e00000, 0x0000000080e00000|100%| O|  |TAMS 0x0000000080e00000, 0x0000000080d00000| Untracked 
|  14|0x0000000080e00000, 0x0000000080f00000, 0x0000000080f00000|100%| O|  |TAMS 0x0000000080f00000, 0x0000000080e00000| Untracked 
|  15|0x0000000080f00000, 0x0000000081000000, 0x0000000081000000|100%| O|  |TAMS 0x0000000081000000, 0x0000000080f00000| Untracked 
|  16|0x0000000081000000, 0x0000000081100000, 0x0000000081100000|100%| O|  |TAMS 0x0000000081100000, 0x0000000081000000| Untracked 
|  17|0x0000000081100000, 0x0000000081200000, 0x0000000081200000|100%| O|  |TAMS 0x0000000081200000, 0x0000000081100000| Untracked 
|  18|0x0000000081200000, 0x0000000081300000, 0x0000000081300000|100%| O|  |TAMS 0x0000000081300000, 0x0000000081200000| Untracked 
|  19|0x0000000081300000, 0x0000000081400000, 0x0000000081400000|100%| O|  |TAMS 0x0000000081400000, 0x0000000081300000| Untracked 
|  20|0x0000000081400000, 0x0000000081500000, 0x0000000081500000|100%| O|  |TAMS 0x00000000814f5c00, 0x0000000081400000| Untracked 
|  21|0x0000000081500000, 0x0000000081500000, 0x0000000081600000|  0%| F|  |TAMS 0x0000000081500000, 0x0000000081500000| Untracked 
|  22|0x0000000081600000, 0x0000000081600000, 0x0000000081700000|  0%| F|  |TAMS 0x0000000081600000, 0x0000000081600000| Untracked 
|  23|0x0000000081700000, 0x0000000081700000, 0x0000000081800000|  0%| F|  |TAMS 0x0000000081700000, 0x0000000081700000| Untracked 
|  24|0x0000000081800000, 0x0000000081900000, 0x0000000081900000|100%| O|  |TAMS 0x0000000081800000, 0x0000000081800000| Untracked 
|  25|0x0000000081900000, 0x000000008198a400, 0x0000000081a00000| 54%| O|  |TAMS 0x0000000081900000, 0x0000000081900000| Untracked 
|  26|0x0000000081a00000, 0x0000000081a00000, 0x0000000081b00000|  0%| F|  |TAMS 0x0000000081a00000, 0x0000000081a00000| Untracked 
|  27|0x0000000081b00000, 0x0000000081b00000, 0x0000000081c00000|  0%| F|  |TAMS 0x0000000081b00000, 0x0000000081b00000| Untracked 
|  28|0x0000000081c00000, 0x0000000081c00000, 0x0000000081d00000|  0%| F|  |TAMS 0x0000000081c00000, 0x0000000081c00000| Untracked 
|  29|0x0000000081d00000, 0x0000000081d00000, 0x0000000081e00000|  0%| F|  |TAMS 0x0000000081d00000, 0x0000000081d00000| Untracked 
|  30|0x0000000081e00000, 0x0000000081e00000, 0x0000000081f00000|  0%| F|  |TAMS 0x0000000081e00000, 0x0000000081e00000| Untracked 
|  31|0x0000000081f00000, 0x0000000081f00000, 0x0000000082000000|  0%| F|  |TAMS 0x0000000081f00000, 0x0000000081f00000| Untracked 
|  32|0x0000000082000000, 0x0000000082000000, 0x0000000082100000|  0%| F|  |TAMS 0x0000000082000000, 0x0000000082000000| Untracked 
|  33|0x0000000082100000, 0x0000000082100000, 0x0000000082200000|  0%| F|  |TAMS 0x0000000082100000, 0x0000000082100000| Untracked 
|  34|0x0000000082200000, 0x0000000082200000, 0x0000000082300000|  0%| F|  |TAMS 0x0000000082200000, 0x0000000082200000| Untracked 
|  35|0x0000000082300000, 0x0000000082300000, 0x0000000082400000|  0%| F|  |TAMS 0x0000000082300000, 0x0000000082300000| Untracked 
|  36|0x0000000082400000, 0x0000000082400000, 0x0000000082500000|  0%| F|  |TAMS 0x0000000082400000, 0x0000000082400000| Untracked 
|  37|0x0000000082500000, 0x0000000082500000, 0x0000000082600000|  0%| F|  |TAMS 0x0000000082500000, 0x0000000082500000| Untracked 
|  38|0x0000000082600000, 0x0000000082600000, 0x0000000082700000|  0%| F|  |TAMS 0x0000000082600000, 0x0000000082600000| Untracked 
|  39|0x0000000082700000, 0x0000000082700000, 0x0000000082800000|  0%| F|  |TAMS 0x0000000082700000, 0x0000000082700000| Untracked 
|  40|0x0000000082800000, 0x0000000082800000, 0x0000000082900000|  0%| F|  |TAMS 0x0000000082800000, 0x0000000082800000| Untracked 
|  41|0x0000000082900000, 0x0000000082900000, 0x0000000082a00000|  0%| F|  |TAMS 0x0000000082900000, 0x0000000082900000| Untracked 
|  42|0x0000000082a00000, 0x0000000082a00000, 0x0000000082b00000|  0%| F|  |TAMS 0x0000000082a00000, 0x0000000082a00000| Untracked 
|  43|0x0000000082b00000, 0x0000000082b00000, 0x0000000082c00000|  0%| F|  |TAMS 0x0000000082b00000, 0x0000000082b00000| Untracked 
|  44|0x0000000082c00000, 0x0000000082c00000, 0x0000000082d00000|  0%| F|  |TAMS 0x0000000082c00000, 0x0000000082c00000| Untracked 
|  45|0x0000000082d00000, 0x0000000082e00000, 0x0000000082e00000|100%| S|CS|TAMS 0x0000000082d00000, 0x0000000082d00000| Complete 
|  46|0x0000000082e00000, 0x0000000082f00000, 0x0000000082f00000|100%| S|CS|TAMS 0x0000000082e00000, 0x0000000082e00000| Complete 
|  47|0x0000000082f00000, 0x0000000083000000, 0x0000000083000000|100%| S|CS|TAMS 0x0000000082f00000, 0x0000000082f00000| Complete 
|  48|0x0000000083000000, 0x0000000083100000, 0x0000000083100000|100%| S|CS|TAMS 0x0000000083000000, 0x0000000083000000| Complete 
|  49|0x0000000083100000, 0x0000000083100000, 0x0000000083200000|  0%| F|  |TAMS 0x0000000083100000, 0x0000000083100000| Untracked 
|  50|0x0000000083200000, 0x0000000083200000, 0x0000000083300000|  0%| F|  |TAMS 0x0000000083200000, 0x0000000083200000| Untracked 
|  51|0x0000000083300000, 0x0000000083300000, 0x0000000083400000|  0%| F|  |TAMS 0x0000000083300000, 0x0000000083300000| Untracked 
|  52|0x0000000083400000, 0x0000000083400000, 0x0000000083500000|  0%| F|  |TAMS 0x0000000083400000, 0x0000000083400000| Untracked 
|  53|0x0000000083500000, 0x0000000083500000, 0x0000000083600000|  0%| F|  |TAMS 0x0000000083500000, 0x0000000083500000| Untracked 
|  54|0x0000000083600000, 0x0000000083600000, 0x0000000083700000|  0%| F|  |TAMS 0x0000000083600000, 0x0000000083600000| Untracked 
|  55|0x0000000083700000, 0x0000000083700000, 0x0000000083800000|  0%| F|  |TAMS 0x0000000083700000, 0x0000000083700000| Untracked 
|  56|0x0000000083800000, 0x0000000083800000, 0x0000000083900000|  0%| F|  |TAMS 0x0000000083800000, 0x0000000083800000| Untracked 
|  57|0x0000000083900000, 0x0000000083900000, 0x0000000083a00000|  0%| F|  |TAMS 0x0000000083900000, 0x0000000083900000| Untracked 
|  58|0x0000000083a00000, 0x0000000083a00000, 0x0000000083b00000|  0%| F|  |TAMS 0x0000000083a00000, 0x0000000083a00000| Untracked 
|  59|0x0000000083b00000, 0x0000000083b00000, 0x0000000083c00000|  0%| F|  |TAMS 0x0000000083b00000, 0x0000000083b00000| Untracked 
|  60|0x0000000083c00000, 0x0000000083c00000, 0x0000000083d00000|  0%| F|  |TAMS 0x0000000083c00000, 0x0000000083c00000| Untracked 
|  61|0x0000000083d00000, 0x0000000083d00000, 0x0000000083e00000|  0%| F|  |TAMS 0x0000000083d00000, 0x0000000083d00000| Untracked 
|  62|0x0000000083e00000, 0x0000000083e00000, 0x0000000083f00000|  0%| F|  |TAMS 0x0000000083e00000, 0x0000000083e00000| Untracked 
|  63|0x0000000083f00000, 0x0000000083f00000, 0x0000000084000000|  0%| F|  |TAMS 0x0000000083f00000, 0x0000000083f00000| Untracked 
|  64|0x0000000084000000, 0x0000000084000000, 0x0000000084100000|  0%| F|  |TAMS 0x0000000084000000, 0x0000000084000000| Untracked 
|  65|0x0000000084100000, 0x0000000084200000, 0x0000000084200000|100%| E|  |TAMS 0x0000000084100000, 0x0000000084100000| Complete 
|  66|0x0000000084200000, 0x0000000084300000, 0x0000000084300000|100%| E|CS|TAMS 0x0000000084200000, 0x0000000084200000| Complete 
|  67|0x0000000084300000, 0x0000000084400000, 0x0000000084400000|100%| E|CS|TAMS 0x0000000084300000, 0x0000000084300000| Complete 
|  68|0x0000000084400000, 0x0000000084500000, 0x0000000084500000|100%| E|CS|TAMS 0x0000000084400000, 0x0000000084400000| Complete 
|  69|0x0000000084500000, 0x0000000084600000, 0x0000000084600000|100%| E|CS|TAMS 0x0000000084500000, 0x0000000084500000| Complete 
|  70|0x0000000084600000, 0x0000000084700000, 0x0000000084700000|100%| E|CS|TAMS 0x0000000084600000, 0x0000000084600000| Complete 
|  71|0x0000000084700000, 0x0000000084800000, 0x0000000084800000|100%| E|CS|TAMS 0x0000000084700000, 0x0000000084700000| Complete 
|  72|0x0000000084800000, 0x0000000084900000, 0x0000000084900000|100%| E|CS|TAMS 0x0000000084800000, 0x0000000084800000| Complete 
|  73|0x0000000084900000, 0x0000000084a00000, 0x0000000084a00000|100%| E|CS|TAMS 0x0000000084900000, 0x0000000084900000| Complete 
|  74|0x0000000084a00000, 0x0000000084b00000, 0x0000000084b00000|100%| E|CS|TAMS 0x0000000084a00000, 0x0000000084a00000| Complete 
|  75|0x0000000084b00000, 0x0000000084c00000, 0x0000000084c00000|100%| E|CS|TAMS 0x0000000084b00000, 0x0000000084b00000| Complete 
|  76|0x0000000084c00000, 0x0000000084d00000, 0x0000000084d00000|100%| E|CS|TAMS 0x0000000084c00000, 0x0000000084c00000| Complete 
|  77|0x0000000084d00000, 0x0000000084e00000, 0x0000000084e00000|100%| E|CS|TAMS 0x0000000084d00000, 0x0000000084d00000| Complete 
|  78|0x0000000084e00000, 0x0000000084f00000, 0x0000000084f00000|100%| E|CS|TAMS 0x0000000084e00000, 0x0000000084e00000| Complete 
|  79|0x0000000084f00000, 0x0000000085000000, 0x0000000085000000|100%| E|CS|TAMS 0x0000000084f00000, 0x0000000084f00000| Complete 
|  80|0x0000000085000000, 0x0000000085100000, 0x0000000085100000|100%| E|CS|TAMS 0x0000000085000000, 0x0000000085000000| Complete 
|  81|0x0000000085100000, 0x0000000085200000, 0x0000000085200000|100%| E|CS|TAMS 0x0000000085100000, 0x0000000085100000| Complete 
|  82|0x0000000085200000, 0x0000000085300000, 0x0000000085300000|100%| E|CS|TAMS 0x0000000085200000, 0x0000000085200000| Complete 
|  83|0x0000000085300000, 0x0000000085400000, 0x0000000085400000|100%| E|CS|TAMS 0x0000000085300000, 0x0000000085300000| Complete 
|  84|0x0000000085400000, 0x0000000085500000, 0x0000000085500000|100%| E|CS|TAMS 0x0000000085400000, 0x0000000085400000| Complete 
|  85|0x0000000085500000, 0x0000000085600000, 0x0000000085600000|100%| E|CS|TAMS 0x0000000085500000, 0x0000000085500000| Complete 
|  86|0x0000000085600000, 0x0000000085700000, 0x0000000085700000|100%| E|CS|TAMS 0x0000000085600000, 0x0000000085600000| Complete 
|  87|0x0000000085700000, 0x0000000085800000, 0x0000000085800000|100%| E|CS|TAMS 0x0000000085700000, 0x0000000085700000| Complete 
|  88|0x0000000085800000, 0x0000000085900000, 0x0000000085900000|100%| E|CS|TAMS 0x0000000085800000, 0x0000000085800000| Complete 
|  89|0x0000000085900000, 0x0000000085a00000, 0x0000000085a00000|100%| E|CS|TAMS 0x0000000085900000, 0x0000000085900000| Complete 
|  90|0x0000000085a00000, 0x0000000085b00000, 0x0000000085b00000|100%| E|CS|TAMS 0x0000000085a00000, 0x0000000085a00000| Complete 
|  91|0x0000000085b00000, 0x0000000085c00000, 0x0000000085c00000|100%| E|CS|TAMS 0x0000000085b00000, 0x0000000085b00000| Complete 
|  92|0x0000000085c00000, 0x0000000085d00000, 0x0000000085d00000|100%| E|CS|TAMS 0x0000000085c00000, 0x0000000085c00000| Complete 

Card table byte_map: [0x0000026fc7670000,0x0000026fc7a70000] _byte_map_base: 0x0000026fc7270000

Marking Bits (Prev, Next): (CMBitMap*) 0x0000026fb419b870, (CMBitMap*) 0x0000026fb419b838
 Prev Bits: [0x0000026fc9e70000, 0x0000026fcbe70000)
 Next Bits: [0x0000026fc7e70000, 0x0000026fc9e70000)

Polling page: 0x0000026fb2950000

Metaspace:

Usage:
  Non-class:     35.98 MB capacity,    35.40 MB ( 98%) used,   498.63 KB (  1%) free+waste,    96.31 KB ( <1%) overhead. 
      Class:      5.57 MB capacity,     5.24 MB ( 94%) used,   296.62 KB (  5%) free+waste,    46.13 KB ( <1%) overhead. 
       Both:     41.56 MB capacity,    40.64 MB ( 98%) used,   795.25 KB (  2%) free+waste,   142.44 KB ( <1%) overhead. 

Virtual space:
  Non-class space:       38.00 MB reserved,      36.17 MB ( 95%) committed 
      Class space:        1.00 GB reserved,       5.63 MB ( <1%) committed 
             Both:        1.04 GB reserved,      41.80 MB (  4%) committed 

Chunk freelists:
   Non-Class:  0 bytes
       Class:  22.00 KB
        Both:  22.00 KB

MaxMetaspaceSize: 17179869184.00 GB
CompressedClassSpaceSize: 1.00 GB

CodeHeap 'non-profiled nmethods': size=120064Kb used=1531Kb max_used=1531Kb free=118532Kb
 bounds [0x0000026fbf710000, 0x0000026fbf980000, 0x0000026fc6c50000]
CodeHeap 'profiled nmethods': size=120000Kb used=7625Kb max_used=7625Kb free=112374Kb
 bounds [0x0000026fb81e0000, 0x0000026fb8960000, 0x0000026fbf710000]
CodeHeap 'non-nmethods': size=5696Kb used=2200Kb max_used=2219Kb free=3495Kb
 bounds [0x0000026fb7c50000, 0x0000026fb7ec0000, 0x0000026fb81e0000]
 total_blobs=4394 nmethods=3631 adapters=674
 compilation: enabled
              stopped_count=0, restarted_count=0
 full_count=0

Compilation events (20 events):
Event: 8.032 Thread 0x0000026fce4f4800 3654       3       org.objectweb.asm.SymbolTable$Entry::<init> (20 bytes)
Event: 8.033 Thread 0x0000026fce4f4800 nmethod 3654 0x0000026fb8943210 code [0x0000026fb89433c0, 0x0000026fb8943508]
Event: 8.039 Thread 0x0000026fce4f4800 3656       3       java.lang.StringConcatHelper::mixCoder (8 bytes)
Event: 8.039 Thread 0x0000026fce4f4800 nmethod 3656 0x0000026fb8943610 code [0x0000026fb89437c0, 0x0000026fb8943938]
Event: 8.042 Thread 0x0000026fce4f4800 3657       3       java.lang.ThreadLocal::set (30 bytes)
Event: 8.042 Thread 0x0000026fce4f4800 nmethod 3657 0x0000026fb8943a10 code [0x0000026fb8943c00, 0x0000026fb8943f48]
Event: 8.043 Thread 0x0000026fce4f4800 3658       3       org.gradle.internal.logging.slf4j.OutputEventListenerBackedLogger::isDebugEnabled (5 bytes)
Event: 8.044 Thread 0x0000026fce4f4800 nmethod 3658 0x0000026fb8944090 code [0x0000026fb8944280, 0x0000026fb8944668]
Event: 8.044 Thread 0x0000026fce4f4800 3659       3       org.gradle.internal.logging.slf4j.BuildOperationAwareLogger::isDebugEnabled (8 bytes)
Event: 8.044 Thread 0x0000026fce4f4800 nmethod 3659 0x0000026fb8944810 code [0x0000026fb89449c0, 0x0000026fb8944b88]
Event: 8.046 Thread 0x0000026fce4f4800 3660       3       java.util.WeakHashMap::newTable (5 bytes)
Event: 8.046 Thread 0x0000026fce4f4800 nmethod 3660 0x0000026fb8944c10 code [0x0000026fb8944dc0, 0x0000026fb8944f58]
Event: 8.046 Thread 0x0000026fce4f4800 3661       3       org.gradle.internal.time.TimeSource$1::nanoTime (4 bytes)
Event: 8.046 Thread 0x0000026fce4f4800 nmethod 3661 0x0000026fb8945010 code [0x0000026fb89451c0, 0x0000026fb89452d8]
Event: 8.048 Thread 0x0000026fce4f4800 3662   !   3       java.lang.invoke.CallSite::makeSite (91 bytes)
Event: 8.049 Thread 0x0000026fce4f4800 nmethod 3662 0x0000026fb8945390 code [0x0000026fb89456e0, 0x0000026fb8946918]
Event: 8.049 Thread 0x0000026fce4f4800 3663       3       java.lang.invoke.Invokers::callSiteForm (306 bytes)
Event: 8.050 Thread 0x0000026fce4f4800 nmethod 3663 0x0000026fb8947310 code [0x0000026fb8947640, 0x0000026fb8948a48]
Event: 8.056 Thread 0x0000026fce4f4800 3664       3       org.gradle.internal.service.DefaultServiceRegistry$OwnServices::getAll (46 bytes)
Event: 8.056 Thread 0x0000026fce4f4800 nmethod 3664 0x0000026fb8949310 code [0x0000026fb8949540, 0x0000026fb8949de8]

GC Heap History (20 events):
Event: 1.417 GC heap before
{Heap before GC invocations=1 (full 0):
 garbage-first heap   total 65536K, used 19039K [0x0000000080000000, 0x0000000100000000)
  region size 1024K, 14 young (14336K), 2 survivors (2048K)
 Metaspace       used 9867K, capacity 10054K, committed 10112K, reserved 1058816K
  class space    used 1021K, capacity 1102K, committed 1152K, reserved 1048576K
}
Event: 1.423 GC heap after
{Heap after GC invocations=2 (full 0):
 garbage-first heap   total 65536K, used 9686K [0x0000000080000000, 0x0000000100000000)
  region size 1024K, 2 young (2048K), 2 survivors (2048K)
 Metaspace       used 9867K, capacity 10054K, committed 10112K, reserved 1058816K
  class space    used 1021K, capacity 1102K, committed 1152K, reserved 1048576K
}
Event: 2.300 GC heap before
{Heap before GC invocations=2 (full 0):
 garbage-first heap   total 65536K, used 45526K [0x0000000080000000, 0x0000000100000000)
  region size 1024K, 37 young (37888K), 2 survivors (2048K)
 Metaspace       used 10857K, capacity 11135K, committed 11264K, reserved 1058816K
  class space    used 1125K, capacity 1206K, committed 1280K, reserved 1048576K
}
Event: 2.308 GC heap after
{Heap after GC invocations=3 (full 0):
 garbage-first heap   total 65536K, used 13827K [0x0000000080000000, 0x0000000100000000)
  region size 1024K, 5 young (5120K), 5 survivors (5120K)
 Metaspace       used 10857K, capacity 11135K, committed 11264K, reserved 1058816K
  class space    used 1125K, capacity 1206K, committed 1280K, reserved 1048576K
}
Event: 4.195 GC heap before
{Heap before GC invocations=3 (full 0):
 garbage-first heap   total 65536K, used 44547K [0x0000000080000000, 0x0000000100000000)
  region size 1024K, 35 young (35840K), 5 survivors (5120K)
 Metaspace       used 17397K, capacity 17834K, committed 18048K, reserved 1064960K
  class space    used 2014K, capacity 2172K, committed 2176K, reserved 1048576K
}
Event: 4.203 GC heap after
{Heap after GC invocations=4 (full 0):
 garbage-first heap   total 65536K, used 16468K [0x0000000080000000, 0x0000000100000000)
  region size 1024K, 3 young (3072K), 3 survivors (3072K)
 Metaspace       used 17397K, capacity 17834K, committed 18048K, reserved 1064960K
  class space    used 2014K, capacity 2172K, committed 2176K, reserved 1048576K
}
Event: 4.603 GC heap before
{Heap before GC invocations=4 (full 0):
 garbage-first heap   total 65536K, used 45140K [0x0000000080000000, 0x0000000100000000)
  region size 1024K, 32 young (32768K), 3 survivors (3072K)
 Metaspace       used 20648K, capacity 21154K, committed 21296K, reserved 1069056K
  class space    used 2513K, capacity 2688K, committed 2688K, reserved 1048576K
}
Event: 4.613 GC heap after
{Heap after GC invocations=5 (full 0):
 garbage-first heap   total 65536K, used 17289K [0x0000000080000000, 0x0000000100000000)
  region size 1024K, 1 young (1024K), 1 survivors (1024K)
 Metaspace       used 20648K, capacity 21154K, committed 21296K, reserved 1069056K
  class space    used 2513K, capacity 2688K, committed 2688K, reserved 1048576K
}
Event: 5.096 GC heap before
{Heap before GC invocations=6 (full 0):
 garbage-first heap   total 65536K, used 46985K [0x0000000080000000, 0x0000000100000000)
  region size 1024K, 31 young (31744K), 1 survivors (1024K)
 Metaspace       used 23518K, capacity 24085K, committed 24240K, reserved 1071104K
  class space    used 2995K, capacity 3222K, committed 3328K, reserved 1048576K
}
Event: 5.101 GC heap after
{Heap after GC invocations=7 (full 0):
 garbage-first heap   total 78848K, used 18171K [0x0000000080000000, 0x0000000100000000)
  region size 1024K, 2 young (2048K), 2 survivors (2048K)
 Metaspace       used 23518K, capacity 24085K, committed 24240K, reserved 1071104K
  class space    used 2995K, capacity 3222K, committed 3328K, reserved 1048576K
}
Event: 5.613 GC heap before
{Heap before GC invocations=7 (full 0):
 garbage-first heap   total 78848K, used 52987K [0x0000000080000000, 0x0000000100000000)
  region size 1024K, 36 young (36864K), 2 survivors (2048K)
 Metaspace       used 26657K, capacity 27267K, committed 27568K, reserved 1073152K
  class space    used 3513K, capacity 3755K, committed 3840K, reserved 1048576K
}
Event: 5.620 GC heap after
{Heap after GC invocations=8 (full 0):
 garbage-first heap   total 78848K, used 19337K [0x0000000080000000, 0x0000000100000000)
  region size 1024K, 3 young (3072K), 3 survivors (3072K)
 Metaspace       used 26657K, capacity 27267K, committed 27568K, reserved 1073152K
  class space    used 3513K, capacity 3755K, committed 3840K, reserved 1048576K
}
Event: 6.299 GC heap before
{Heap before GC invocations=8 (full 0):
 garbage-first heap   total 78848K, used 55177K [0x0000000080000000, 0x0000000100000000)
  region size 1024K, 38 young (38912K), 3 survivors (3072K)
 Metaspace       used 30970K, capacity 31654K, committed 31792K, reserved 1077248K
  class space    used 4142K, capacity 4407K, committed 4480K, reserved 1048576K
}
Event: 6.307 GC heap after
{Heap after GC invocations=9 (full 0):
 garbage-first heap   total 78848K, used 21155K [0x0000000080000000, 0x0000000100000000)
  region size 1024K, 4 young (4096K), 4 survivors (4096K)
 Metaspace       used 30970K, capacity 31654K, committed 31792K, reserved 1077248K
  class space    used 4142K, capacity 4407K, committed 4480K, reserved 1048576K
}
Event: 6.628 GC heap before
{Heap before GC invocations=9 (full 0):
 garbage-first heap   total 78848K, used 31395K [0x0000000080000000, 0x0000000100000000)
  region size 1024K, 16 young (16384K), 4 survivors (4096K)
 Metaspace       used 34821K, capacity 35610K, committed 35708K, reserved 1081344K
  class space    used 4531K, capacity 4832K, committed 4864K, reserved 1048576K
}
Event: 6.645 GC heap after
{Heap after GC invocations=10 (full 0):
 garbage-first heap   total 78848K, used 23156K [0x0000000080000000, 0x0000000100000000)
  region size 1024K, 4 young (4096K), 4 survivors (4096K)
 Metaspace       used 34821K, capacity 35610K, committed 35708K, reserved 1081344K
  class space    used 4531K, capacity 4832K, committed 4864K, reserved 1048576K
}
Event: 7.212 GC heap before
{Heap before GC invocations=11 (full 0):
 garbage-first heap   total 78848K, used 50804K [0x0000000080000000, 0x0000000100000000)
  region size 1024K, 32 young (32768K), 4 survivors (4096K)
 Metaspace       used 36946K, capacity 37806K, committed 38064K, reserved 1083392K
  class space    used 4776K, capacity 5091K, committed 5120K, reserved 1048576K
}
Event: 7.223 GC heap after
{Heap after GC invocations=12 (full 0):
 garbage-first heap   total 78848K, used 25559K [0x0000000080000000, 0x0000000100000000)
  region size 1024K, 4 young (4096K), 4 survivors (4096K)
 Metaspace       used 36946K, capacity 37806K, committed 38064K, reserved 1083392K
  class space    used 4776K, capacity 5091K, committed 5120K, reserved 1048576K
}
Event: 7.623 GC heap before
{Heap before GC invocations=13 (full 0):
 garbage-first heap   total 78848K, used 57303K [0x0000000080000000, 0x0000000100000000)
  region size 1024K, 32 young (32768K), 4 survivors (4096K)
 Metaspace       used 38912K, capacity 39827K, committed 40112K, reserved 1083392K
  class space    used 4969K, capacity 5315K, committed 5376K, reserved 1048576K
}
Event: 7.638 GC heap after
{Heap after GC invocations=14 (full 0):
 garbage-first heap   total 95232K, used 27177K [0x0000000080000000, 0x0000000100000000)
  region size 1024K, 4 young (4096K), 4 survivors (4096K)
 Metaspace       used 38912K, capacity 39827K, committed 40112K, reserved 1083392K
  class space    used 4969K, capacity 5315K, committed 5376K, reserved 1048576K
}

Deoptimization events (20 events):
Event: 8.001 Thread 0x0000026fcfcb0000 Uncommon trap: trap_request=0xffffff4d fr.pc=0x0000026fbf73f394 relative=0x00000000000000d4
Event: 8.001 Thread 0x0000026fcfcb0000 Uncommon trap: reason=unstable_if action=reinterpret pc=0x0000026fbf73f394 method=java.util.HashMap.hash(Ljava/lang/Object;)I @ 1 c2
Event: 8.001 Thread 0x0000026fcfcb0000 DEOPT PACKING pc=0x0000026fbf73f394 sp=0x000000c99dcf8ce0
Event: 8.001 Thread 0x0000026fcfcb0000 DEOPT UNPACKING pc=0x0000026fb7c778af sp=0x000000c99dcf8c20 mode 2
Event: 8.001 Thread 0x0000026fcfcb0000 Uncommon trap: trap_request=0xffffff4d fr.pc=0x0000026fbf865554 relative=0x0000000000000754
Event: 8.001 Thread 0x0000026fcfcb0000 Uncommon trap: reason=unstable_if action=reinterpret pc=0x0000026fbf865554 method=java.util.HashMap.putVal(ILjava/lang/Object;Ljava/lang/Object;ZZ)Ljava/lang/Object; @ 85 c2
Event: 8.001 Thread 0x0000026fcfcb0000 DEOPT PACKING pc=0x0000026fbf865554 sp=0x000000c99dcf8c10
Event: 8.001 Thread 0x0000026fcfcb0000 DEOPT UNPACKING pc=0x0000026fb7c778af sp=0x000000c99dcf8bc8 mode 2
Event: 8.005 Thread 0x0000026fcfcb0000 Uncommon trap: trap_request=0xffffff4d fr.pc=0x0000026fbf860ff8 relative=0x0000000000000318
Event: 8.005 Thread 0x0000026fcfcb0000 Uncommon trap: reason=unstable_if action=reinterpret pc=0x0000026fbf860ff8 method=org.gradle.internal.reflect.PropertyAccessorType.isGetGetterName(Ljava/lang/String;)Z @ 14 c2
Event: 8.005 Thread 0x0000026fcfcb0000 DEOPT PACKING pc=0x0000026fbf860ff8 sp=0x000000c99dcf95a0
Event: 8.005 Thread 0x0000026fcfcb0000 DEOPT UNPACKING pc=0x0000026fb7c778af sp=0x000000c99dcf94f8 mode 2
Event: 8.031 Thread 0x0000026fcfcb0000 Uncommon trap: trap_request=0xffffff4d fr.pc=0x0000026fbf87f908 relative=0x00000000000000e8
Event: 8.031 Thread 0x0000026fcfcb0000 Uncommon trap: reason=unstable_if action=reinterpret pc=0x0000026fbf87f908 method=org.objectweb.asm.ByteVector.putShort(I)Lorg/objectweb/asm/ByteVector; @ 13 c2
Event: 8.031 Thread 0x0000026fcfcb0000 DEOPT PACKING pc=0x0000026fbf87f908 sp=0x000000c99dcf9140
Event: 8.031 Thread 0x0000026fcfcb0000 DEOPT UNPACKING pc=0x0000026fb7c778af sp=0x000000c99dcf90d8 mode 2
Event: 8.055 Thread 0x0000026fcfcb0000 Uncommon trap: trap_request=0xffffff4d fr.pc=0x0000026fbf879290 relative=0x0000000000001b10
Event: 8.055 Thread 0x0000026fcfcb0000 Uncommon trap: reason=unstable_if action=reinterpret pc=0x0000026fbf879290 method=java.util.concurrent.ConcurrentHashMap.computeIfAbsent(Ljava/lang/Object;Ljava/util/function/Function;)Ljava/lang/Object; @ 123 c2
Event: 8.055 Thread 0x0000026fcfcb0000 DEOPT PACKING pc=0x0000026fbf879290 sp=0x000000c99dcfa640
Event: 8.055 Thread 0x0000026fcfcb0000 DEOPT UNPACKING pc=0x0000026fb7c778af sp=0x000000c99dcfa5e0 mode 2

Classes redefined (0 events):
No events

Internal exceptions (20 events):
Event: 7.550 Thread 0x0000026fcfcb0000 Exception <a 'java/lang/ClassNotFoundException'{0x0000000083651010}: org/gradle/api/internal/DefaultNamedDomainObjectCollectionBeanInfo> (0x0000000083651010) thrown at [./src/hotspot/share/classfile/systemDictionary.cpp, line 231]
Event: 7.552 Thread 0x0000026fcfcb0000 Exception <a 'java/lang/ClassNotFoundException'{0x000000008367f1d8}: org/gradle/api/internal/DefaultDomainObjectCollectionBeanInfo> (0x000000008367f1d8) thrown at [./src/hotspot/share/classfile/systemDictionary.cpp, line 231]
Event: 7.552 Thread 0x0000026fcfcb0000 Exception <a 'java/lang/ClassNotFoundException'{0x0000000083685670}: java/util/AbstractCollectionBeanInfo> (0x0000000083685670) thrown at [./src/hotspot/share/classfile/systemDictionary.cpp, line 231]
Event: 7.553 Thread 0x0000026fcfcb0000 Exception <a 'java/lang/ClassNotFoundException'{0x000000008368bdf0}: java/util/AbstractCollectionCustomizer> (0x000000008368bdf0) thrown at [./src/hotspot/share/classfile/systemDictionary.cpp, line 231]
Event: 7.555 Thread 0x0000026fcfcb0000 Exception <a 'java/lang/ClassNotFoundException'{0x00000000836c2c10}: org/gradle/api/internal/DefaultDomainObjectCollectionCustomizer> (0x00000000836c2c10) thrown at [./src/hotspot/share/classfile/systemDictionary.cpp, line 231]
Event: 7.558 Thread 0x0000026fcfcb0000 Exception <a 'java/lang/ClassNotFoundException'{0x000000008350eb98}: org/gradle/api/internal/DefaultNamedDomainObjectCollectionCustomizer> (0x000000008350eb98) thrown at [./src/hotspot/share/classfile/systemDictionary.cpp, line 231]
Event: 7.566 Thread 0x0000026fcfcb0000 Exception <a 'java/lang/ClassNotFoundException'{0x000000008358a028}: org/gradle/api/internal/DefaultNamedDomainObjectListCustomizer> (0x000000008358a028) thrown at [./src/hotspot/share/classfile/systemDictionary.cpp, line 231]
Event: 7.569 Thread 0x0000026fcfcb0000 Exception <a 'java/lang/ClassNotFoundException'{0x00000000835e3f20}: org/gradle/api/internal/artifacts/DefaultArtifactRepositoryContainerCustomizer> (0x00000000835e3f20) thrown at [./src/hotspot/share/classfile/systemDictionary.cpp, line 231]
Event: 7.572 Thread 0x0000026fcfcb0000 Exception <a 'java/lang/ClassNotFoundException'{0x00000000834337a0}: org/gradle/api/internal/artifacts/dsl/DefaultRepositoryHandlerCustomizer> (0x00000000834337a0) thrown at [./src/hotspot/share/classfile/systemDictionary.cpp, line 231]
Event: 7.577 Thread 0x0000026fcfcb0000 Exception <a 'java/lang/ClassNotFoundException'{0x0000000083495ef8}: org/gradle/api/internal/artifacts/dsl/DefaultRepositoryHandler_DecoratedCustomizer> (0x0000000083495ef8) thrown at [./src/hotspot/share/classfile/systemDictionary.cpp, line 231]
Event: 7.675 Thread 0x0000026fcfcb0000 Exception <a 'java/lang/ClassNotFoundException'{0x0000000085bc8900}: org/gradle/initialization/DefaultProjectDescriptorBeanInfo> (0x0000000085bc8900) thrown at [./src/hotspot/share/classfile/systemDictionary.cpp, line 231]
Event: 7.677 Thread 0x0000026fcfcb0000 Exception <a 'java/lang/ClassNotFoundException'{0x0000000085bf0a50}: org/gradle/initialization/DefaultProjectDescriptorCustomizer> (0x0000000085bf0a50) thrown at [./src/hotspot/share/classfile/systemDictionary.cpp, line 231]
Event: 7.681 Thread 0x0000026fcfcb0000 Implicit null exception at 0x0000026fbf82656c to 0x0000026fbf826614
Event: 7.864 Thread 0x0000026fd0728000 Exception <a 'java/lang/NoSuchMethodError'{0x000000008508b330}: <clinit>> (0x000000008508b330) thrown at [./src/hotspot/share/prims/jni.cpp, line 1362]
Event: 7.864 Thread 0x0000026fd0728000 Exception <a 'java/lang/NoSuchMethodError'{0x000000008508c920}: <clinit>> (0x000000008508c920) thrown at [./src/hotspot/share/prims/jni.cpp, line 1362]
Event: 7.866 Thread 0x0000026fd0728000 Exception <a 'java/lang/NoSuchMethodError'{0x000000008509c008}: <clinit>> (0x000000008509c008) thrown at [./src/hotspot/share/prims/jni.cpp, line 1362]
Event: 7.867 Thread 0x0000026fd0728000 Exception <a 'java/lang/NoSuchMethodError'{0x000000008509de58}: <clinit>> (0x000000008509de58) thrown at [./src/hotspot/share/prims/jni.cpp, line 1362]
Event: 7.869 Thread 0x0000026fd0728000 Exception <a 'java/lang/NoSuchMethodError'{0x00000000850adc98}: <clinit>> (0x00000000850adc98) thrown at [./src/hotspot/share/prims/jni.cpp, line 1362]
Event: 8.001 Thread 0x0000026fcfcb0000 Implicit null exception at 0x0000026fbf7f6574 to 0x0000026fbf7f6784
Event: 8.001 Thread 0x0000026fcfcb0000 Implicit null exception at 0x0000026fbf73f2f8 to 0x0000026fbf73f38a

Events (20 events):
Event: 8.053 loading class org/gradle/jvm/toolchain/internal/task/ShowToolchainsTask
Event: 8.053 loading class org/gradle/jvm/toolchain/internal/task/ShowToolchainsTask done
Event: 8.054 loading class org/gradle/jvm/toolchain/internal/task/ShowToolchainsTask
Event: 8.054 loading class org/gradle/jvm/toolchain/internal/task/ShowToolchainsTask done
Event: 8.054 loading class org/gradle/jvm/toolchain/internal/task/ShowToolchainsTask
Event: 8.054 loading class org/gradle/jvm/toolchain/internal/task/ShowToolchainsTask done
Event: 8.054 loading class org/gradle/api/Action
Event: 8.054 loading class org/gradle/api/Action done
Event: 8.055 Executing VM operation: RevokeBias
Event: 8.055 Executing VM operation: RevokeBias done
Event: 8.056 loading class org/gradle/api/internal/project/DefaultProjectTaskLister
Event: 8.056 loading class org/gradle/api/internal/project/DefaultProjectTaskLister done
Event: 8.057 loading class org/gradle/api/internal/artifacts/ivyservice/projectmodule/DefaultProjectPublicationRegistry
Event: 8.057 loading class org/gradle/api/internal/artifacts/ivyservice/projectmodule/DefaultProjectPublicationRegistry done
Event: 8.058 loading class org/gradle/plugins/ide/internal/tooling/ToolingModelServices$BuildScopeToolingServices$1
Event: 8.058 loading class org/gradle/plugins/ide/internal/tooling/ToolingModelServices$BuildScopeToolingServices$1 done
Event: 8.060 loading class org/gradle/tooling/provider/model/internal/ToolingModelBuilderLookup$Builder
Event: 8.060 loading class org/gradle/tooling/provider/model/internal/ToolingModelBuilderLookup$Builder done
Event: 8.060 loading class org/gradle/tooling/provider/model/internal/DefaultToolingModelBuilderRegistry$VoidToolingModelBuilder
Event: 8.060 loading class org/gradle/tooling/provider/model/internal/DefaultToolingModelBuilderRegistry$VoidToolingModelBuilder done


Dynamic libraries:
0x00007ff702a10000 - 0x00007ff702a1a000 	C:\Program Files\Android\Android Studio\jre\bin\java.exe
0x00007ffd8b4f0000 - 0x00007ffd8b6e5000 	C:\WINDOWS\SYSTEM32\ntdll.dll
0x00007ffd89540000 - 0x00007ffd895fe000 	C:\WINDOWS\System32\KERNEL32.DLL
0x00007ffd89210000 - 0x00007ffd894d8000 	C:\WINDOWS\System32\KERNELBASE.dll
0x00007ffd88eb0000 - 0x00007ffd88fb0000 	C:\WINDOWS\System32\ucrtbase.dll
0x00007ffd83460000 - 0x00007ffd83479000 	C:\Program Files\Android\Android Studio\jre\bin\jli.dll
0x00007ffd68670000 - 0x00007ffd68687000 	C:\Program Files\Android\Android Studio\jre\bin\VCRUNTIME140.dll
0x00007ffd898f0000 - 0x00007ffd89a91000 	C:\WINDOWS\System32\USER32.dll
0x00007ffd88e80000 - 0x00007ffd88ea2000 	C:\WINDOWS\System32\win32u.dll
0x00007ffd896b0000 - 0x00007ffd896db000 	C:\WINDOWS\System32\GDI32.dll
0x00007ffd78950000 - 0x00007ffd78bea000 	C:\WINDOWS\WinSxS\amd64_microsoft.windows.common-controls_6595b64144ccf1df_6.0.19041.1110_none_60b5254171f9507e\COMCTL32.dll
0x00007ffd88fb0000 - 0x00007ffd890bb000 	C:\WINDOWS\System32\gdi32full.dll
0x00007ffd8af70000 - 0x00007ffd8b00e000 	C:\WINDOWS\System32\msvcrt.dll
0x00007ffd89170000 - 0x00007ffd8920d000 	C:\WINDOWS\System32\msvcp_win.dll
0x00007ffd8b2a0000 - 0x00007ffd8b2d0000 	C:\WINDOWS\System32\IMM32.DLL
0x00007ffd446c0000 - 0x00007ffd4475d000 	C:\Program Files\Android\Android Studio\jre\bin\msvcp140.dll
0x00007ffd44760000 - 0x00007ffd4522f000 	C:\Program Files\Android\Android Studio\jre\bin\server\jvm.dll
0x00007ffd89b40000 - 0x00007ffd89bec000 	C:\WINDOWS\System32\ADVAPI32.dll
0x00007ffd89f50000 - 0x00007ffd89feb000 	C:\WINDOWS\System32\sechost.dll
0x00007ffd8b070000 - 0x00007ffd8b19a000 	C:\WINDOWS\System32\RPCRT4.dll
0x00007ffd89aa0000 - 0x00007ffd89aa8000 	C:\WINDOWS\System32\PSAPI.DLL
0x00007ffd7cd20000 - 0x00007ffd7cd47000 	C:\WINDOWS\SYSTEM32\WINMM.dll
0x00007ffd81690000 - 0x00007ffd8169a000 	C:\WINDOWS\SYSTEM32\VERSION.dll
0x00007ffd76910000 - 0x00007ffd76919000 	C:\WINDOWS\SYSTEM32\WSOCK32.dll
0x00007ffd8a930000 - 0x00007ffd8a99b000 	C:\WINDOWS\System32\WS2_32.dll
0x00007ffd86b10000 - 0x00007ffd86b22000 	C:\WINDOWS\SYSTEM32\kernel.appcore.dll
0x00007ffd625e0000 - 0x00007ffd625f1000 	C:\Program Files\Android\Android Studio\jre\bin\verify.dll
0x00007ffd75210000 - 0x00007ffd753f4000 	C:\WINDOWS\SYSTEM32\DBGHELP.DLL
0x00007ffd751b0000 - 0x00007ffd751dc000 	C:\WINDOWS\SYSTEM32\dbgcore.DLL
0x00007ffd88c90000 - 0x00007ffd88d13000 	C:\WINDOWS\System32\bcryptPrimitives.dll
0x00007ffd47250000 - 0x00007ffd47279000 	C:\Program Files\Android\Android Studio\jre\bin\java.dll
0x00007ffd69210000 - 0x00007ffd6921b000 	C:\Program Files\Android\Android Studio\jre\bin\jimage.dll
0x00007ffd47230000 - 0x00007ffd47248000 	C:\Program Files\Android\Android Studio\jre\bin\zip.dll
0x00007ffd89ff0000 - 0x00007ffd8a72f000 	C:\WINDOWS\System32\SHELL32.dll
0x00007ffd86d10000 - 0x00007ffd874a0000 	C:\WINDOWS\SYSTEM32\windows.storage.dll
0x00007ffd89bf0000 - 0x00007ffd89f45000 	C:\WINDOWS\System32\combase.dll
0x00007ffd88660000 - 0x00007ffd8868e000 	C:\WINDOWS\SYSTEM32\Wldp.dll
0x00007ffd89600000 - 0x00007ffd896ad000 	C:\WINDOWS\System32\SHCORE.dll
0x00007ffd8b2d0000 - 0x00007ffd8b325000 	C:\WINDOWS\System32\shlwapi.dll
0x00007ffd88b50000 - 0x00007ffd88b6f000 	C:\WINDOWS\SYSTEM32\profapi.dll
0x00007ffd470f0000 - 0x00007ffd4710a000 	C:\Program Files\Android\Android Studio\jre\bin\net.dll
0x00007ffd7a760000 - 0x00007ffd7a86c000 	C:\WINDOWS\SYSTEM32\WINHTTP.dll
0x00007ffd883c0000 - 0x00007ffd8842a000 	C:\WINDOWS\system32\mswsock.dll
0x00007ffd470d0000 - 0x00007ffd470e4000 	C:\Program Files\Android\Android Studio\jre\bin\nio.dll
0x00007ffd77cf0000 - 0x00007ffd77d17000 	C:\Program Files\Java\jdk-17.0.1\native\8bec1ad78214c89d9ad589b4d07fe93259594b29d510b10fafb7a158f7737e5d\windows-amd64\native-platform.dll
0x00007ffd61750000 - 0x00007ffd6188d000 	C:\Program Files\Java\jdk-17.0.1\native\53dbd7edfb1c66fb8903c78663c9afc45aea4f116125fa6feffd364cf09443e8\windows-amd64\native-platform-file-events.dll
0x00007ffd62740000 - 0x00007ffd6274a000 	C:\Program Files\Android\Android Studio\jre\bin\management.dll
0x00007ffd5dc00000 - 0x00007ffd5dc0c000 	C:\Program Files\Android\Android Studio\jre\bin\management_ext.dll
0x00007ffd885b0000 - 0x00007ffd885c8000 	C:\WINDOWS\SYSTEM32\CRYPTSP.dll
0x00007ffd87cd0000 - 0x00007ffd87d04000 	C:\WINDOWS\system32\rsaenh.dll
0x00007ffd88c60000 - 0x00007ffd88c87000 	C:\WINDOWS\System32\bcrypt.dll
0x00007ffd88ad0000 - 0x00007ffd88afe000 	C:\WINDOWS\SYSTEM32\USERENV.dll
0x00007ffd885d0000 - 0x00007ffd885dc000 	C:\WINDOWS\SYSTEM32\CRYPTBASE.dll
0x00007ffd88060000 - 0x00007ffd8809b000 	C:\WINDOWS\SYSTEM32\IPHLPAPI.DLL
0x00007ffd8a920000 - 0x00007ffd8a928000 	C:\WINDOWS\System32\NSI.dll
0x00007ffd7ec80000 - 0x00007ffd7ec97000 	C:\WINDOWS\SYSTEM32\dhcpcsvc6.DLL
0x00007ffd81570000 - 0x00007ffd8158d000 	C:\WINDOWS\SYSTEM32\dhcpcsvc.DLL
0x00007ffd880b0000 - 0x00007ffd8817b000 	C:\WINDOWS\SYSTEM32\DNSAPI.dll

dbghelp: loaded successfully - version: 4.0.5 - missing functions: none
symbol engine: initialized successfully - sym options: 0x614 - pdb path: .;C:\Program Files\Android\Android Studio\jre\bin;C:\WINDOWS\SYSTEM32;C:\WINDOWS\WinSxS\amd64_microsoft.windows.common-controls_6595b64144ccf1df_6.0.19041.1110_none_60b5254171f9507e;C:\Program Files\Android\Android Studio\jre\bin\server;C:\Program Files\Java\jdk-17.0.1\native\8bec1ad78214c89d9ad589b4d07fe93259594b29d510b10fafb7a158f7737e5d\windows-amd64;C:\Program Files\Java\jdk-17.0.1\native\53dbd7edfb1c66fb8903c78663c9afc45aea4f116125fa6feffd364cf09443e8\windows-amd64

VM Arguments:
jvm_args: --add-opens=java.base/java.util=ALL-UNNAMED --add-opens=java.base/java.lang=ALL-UNNAMED --add-opens=java.base/java.lang.invoke=ALL-UNNAMED --add-opens=java.base/java.util=ALL-UNNAMED --add-opens=java.prefs/java.util.prefs=ALL-UNNAMED --add-opens=java.prefs/java.util.prefs=ALL-UNNAMED --add-opens=java.base/java.nio.charset=ALL-UNNAMED --add-opens=java.base/java.net=ALL-UNNAMED --add-opens=java.base/java.util.concurrent.atomic=ALL-UNNAMED -Xmx2048m -Dfile.encoding=UTF-8 -Duser.country=US -Duser.language=en -Duser.variant 
java_command: org.gradle.launcher.daemon.bootstrap.GradleDaemon 7.0.2
java_class_path (initial): C:\Program Files\Java\jdk-17.0.1\wrapper\dists\gradle-7.0.2-bin\857tjihv64xamwrf0h14cai3r\gradle-7.0.2\lib\gradle-launcher-7.0.2.jar
Launcher Type: SUN_STANDARD

[Global flags]
     intx CICompilerCount                          = 3                                         {product} {ergonomic}
     uint ConcGCThreads                            = 1                                         {product} {ergonomic}
     uint G1ConcRefinementThreads                  = 4                                         {product} {ergonomic}
   size_t G1HeapRegionSize                         = 1048576                                   {product} {ergonomic}
    uintx GCDrainStackTargetSize                   = 64                                        {product} {ergonomic}
   size_t InitialHeapSize                          = 67108864                                  {product} {ergonomic}
   size_t MarkStackSize                            = 4194304                                   {product} {ergonomic}
   size_t MaxHeapSize                              = 2147483648                                {product} {command line}
   size_t MaxNewSize                               = 1287651328                                {product} {ergonomic}
   size_t MinHeapDeltaBytes                        = 1048576                                   {product} {ergonomic}
    uintx NonNMethodCodeHeapSize                   = 5830732                                {pd product} {ergonomic}
    uintx NonProfiledCodeHeapSize                  = 122913754                              {pd product} {ergonomic}
    uintx ProfiledCodeHeapSize                     = 122913754                              {pd product} {ergonomic}
    uintx ReservedCodeCacheSize                    = 251658240                              {pd product} {ergonomic}
     bool SegmentedCodeCache                       = true                                      {product} {ergonomic}
     bool UseCompressedClassPointers               = true                                 {lp64_product} {ergonomic}
     bool UseCompressedOops                        = true                                 {lp64_product} {ergonomic}
     bool UseG1GC                                  = true                                      {product} {ergonomic}
     bool UseLargePagesIndividualAllocation        = false                                  {pd product} {ergonomic}

Logging:
Log output configuration:
 #0: stdout all=warning uptime,level,tags
 #1: stderr all=off uptime,level,tags

Environment Variables:
PATH=C:\Program Files\Common Files\Oracle\Java\javapath;C:\WINDOWS\system32;C:\WINDOWS;C:\WINDOWS\System32\Wbem;C:\WINDOWS\System32\WindowsPowerShell\v1.0\;C:\WINDOWS\System32\OpenSSH\;C:\Program Files\dotnet\;C:\Program Files\Microsoft SQL Server\Client SDK\ODBC\170\Tools\Binn\;C:\Program Files (x86)\dotnet\;C:\Program Files\Git\cmd;C:\Users\MinhNgan\AppData\Local\Microsoft\WindowsApps
USERNAME=MinhNgan
OS=Windows_NT
PROCESSOR_IDENTIFIER=Intel64 Family 6 Model 69 Stepping 1, GenuineIntel



---------------  S Y S T E M  ---------------

OS: Windows 10 , 64 bit Build 19041 (10.0.19041.1348)
OS uptime: 0 days 0:05 hours

CPU:total 4 (initial active 4) (2 cores per cpu, 2 threads per core) family 6 model 69 stepping 1 microcode 0x25, cmov, cx8, fxsr, mmx, sse, sse2, sse3, ssse3, sse4.1, sse4.2, popcnt, avx, avx2, aes, clmul, erms, lzcnt, ht, tsc, tscinvbit, bmi1, bmi2, fma

Memory: 4k page, system-wide physical 3979M (267M free)
TotalPageFile size 6979M (AvailPageFile size 5M)
current process WorkingSet (physical memory assigned to process): 231M, peak: 231M
current process commit charge ("private bytes"): 262M, peak: 262M

vm_info: OpenJDK 64-Bit Server VM (11.0.10+0-b96-7249189) for windows-amd64 JRE (11.0.10+0-b96-7249189), built on Mar 31 2021 21:44:00 by "builder" with MS VC++ 14.0 (VS2015)

END.
