#
# There is insufficient memory for the Java Runtime Environment to continue.
# Native memory allocation (mmap) failed to map 35651584 bytes for Failed to commit area from 0x000000008a200000 to 0x000000008c400000 of length 35651584.
# Possible reasons:
#   The system is out of physical RAM or swap space
#   The process is running with CompressedOops enabled, and the Java Heap may be blocking the growth of the native heap
# Possible solutions:
#   Reduce memory load on the system
#   Increase physical memory or swap space
#   Check if swap backing store is full
#   Decrease Java heap size (-Xmx/-Xms)
#   Decrease number of Java threads
#   Decrease Java thread stack sizes (-Xss)
#   Set larger code cache with -XX:ReservedCodeCacheSize=
#   JVM is running with Unscaled Compressed Oops mode in which the Java heap is
#     placed in the first 4GB address space. The Java Heap base address is the
#     maximum limit for the native heap growth. Please use -XX:HeapBaseMinAddress
#     to set the Java Heap base and to place the Java Heap above 4GB virtual address.
# This output file may be truncated or incomplete.
#
#  Out of Memory Error (./src/hotspot/os/windows/os_windows.cpp:3301), pid=2592, tid=10172
#
# JRE version: OpenJDK Runtime Environment (11.0.10) (build 11.0.10+0-b96-7249189)
# Java VM: OpenJDK 64-Bit Server VM (11.0.10+0-b96-7249189, mixed mode, tiered, compressed oops, g1 gc, windows-amd64)
# No core dump will be written. Minidumps are not enabled by default on client versions of Windows
#

---------------  S U M M A R Y ------------

Command Line: --add-opens=java.base/java.util=ALL-UNNAMED --add-opens=java.base/java.lang=ALL-UNNAMED --add-opens=java.base/java.lang.invoke=ALL-UNNAMED --add-opens=java.base/java.util=ALL-UNNAMED --add-opens=java.prefs/java.util.prefs=ALL-UNNAMED --add-opens=java.prefs/java.util.prefs=ALL-UNNAMED --add-opens=java.base/java.nio.charset=ALL-UNNAMED --add-opens=java.base/java.net=ALL-UNNAMED --add-opens=java.base/java.util.concurrent.atomic=ALL-UNNAMED -Xmx2048m -Dfile.encoding=UTF-8 -Duser.country=US -Duser.language=en -Duser.variant org.gradle.launcher.daemon.bootstrap.GradleDaemon 7.0.2

Host: Intel(R) Core(TM) i5-4210U CPU @ 1.70GHz, 4 cores, 3G,  Windows 10 , 64 bit Build 19041 (10.0.19041.1202)
Time: Sun Nov  7 14:43:34 2021 SE Asia Standard Time elapsed time: 311.798844 seconds (0d 0h 5m 11s)

---------------  T H R E A D  ---------------

Current thread (0x0000025160c31000):  VMThread "VM Thread" [stack: 0x00000092a0800000,0x00000092a0900000] [id=10172]

Stack: [0x00000092a0800000,0x00000092a0900000]
[error occurred during error reporting (printing stack bounds), id 0xc0000005, EXCEPTION_ACCESS_VIOLATION (0xc0000005) at pc=0x000002514a410f2d]

Native frames: (J=compiled Java code, j=interpreted, Vv=VM code, C=native code)
V  [jvm.dll+0x5ecfaa]
V  [jvm.dll+0x722bd5]
V  [jvm.dll+0x72412d]
V  [jvm.dll+0x724745]
V  [jvm.dll+0x7246fb]
V  [jvm.dll+0x5ec348]
V  [jvm.dll+0x5ecad8]
C  [ntdll.dll+0xa20cf]
C  [ntdll.dll+0x51454]
C  [ntdll.dll+0xa0bfe]
C  0x000002514a410f2d

VM_Operation (0x00000092a1af3000): G1CollectForAllocation, mode: safepoint, requested by thread 0x0000025165963000


---------------  P R O C E S S  ---------------

Threads class SMR info:
_java_thread_list=0x0000025168706220, length=54, elements={
0x000002514691a800, 0x0000025160c39000, 0x0000025160c3a800, 0x0000025160c97000,
0x0000025160c99000, 0x0000025160c9c800, 0x0000025160ca1800, 0x0000025160cbd000,
0x0000025160cbd800, 0x00000251616fe000, 0x0000025162a9c000, 0x0000025162c59000,
0x00000251624d0000, 0x0000025163038000, 0x0000025163039000, 0x000002516303a800,
0x0000025163035800, 0x0000025163037000, 0x0000025165966800, 0x0000025165964000,
0x0000025165965800, 0x0000025165960800, 0x0000025165961800, 0x000002516596a800,
0x000002516596d000, 0x0000025165968000, 0x0000025165969000, 0x0000025165967000,
0x0000025165963000, 0x000002516596d800, 0x000002516596b800, 0x000002516596c000,
0x000002516596f800, 0x0000025165969800, 0x000002516596e800, 0x0000025163039800,
0x0000025163036800, 0x000002516303b800, 0x000002516303c000, 0x0000025165d42800,
0x0000025165d47800, 0x0000025165d43000, 0x0000025165d44000, 0x0000025165d41800,
0x0000025165d45000, 0x0000025165d46800, 0x0000025165d48000, 0x0000025165d49000,
0x0000025165d49800, 0x0000025165d4b800, 0x0000025165d4a800, 0x0000025165d45800,
0x0000025165d4e800, 0x0000025165d4c000
}

Java Threads: ( => current thread )
  0x000002514691a800 JavaThread "main" [_thread_blocked, id=2424, stack(0x00000092a0200000,0x00000092a0300000)]
  0x0000025160c39000 JavaThread "Reference Handler" daemon [_thread_blocked, id=3440, stack(0x00000092a0900000,0x00000092a0a00000)]
  0x0000025160c3a800 JavaThread "Finalizer" daemon [_thread_blocked, id=9940, stack(0x00000092a0a00000,0x00000092a0b00000)]
  0x0000025160c97000 JavaThread "Signal Dispatcher" daemon [_thread_blocked, id=3592, stack(0x00000092a0b00000,0x00000092a0c00000)]
  0x0000025160c99000 JavaThread "Attach Listener" daemon [_thread_blocked, id=9276, stack(0x00000092a0c00000,0x00000092a0d00000)]
  0x0000025160c9c800 JavaThread "Service Thread" daemon [_thread_blocked, id=10128, stack(0x00000092a0d00000,0x00000092a0e00000)]
  0x0000025160ca1800 JavaThread "C2 CompilerThread0" daemon [_thread_in_native, id=1620, stack(0x00000092a0e00000,0x00000092a0f00000)]
  0x0000025160cbd000 JavaThread "C1 CompilerThread0" daemon [_thread_blocked, id=8908, stack(0x00000092a0f00000,0x00000092a1000000)]
  0x0000025160cbd800 JavaThread "Sweeper thread" daemon [_thread_blocked, id=7856, stack(0x00000092a1000000,0x00000092a1100000)]
  0x00000251616fe000 JavaThread "Common-Cleaner" daemon [_thread_blocked, id=1692, stack(0x00000092a1100000,0x00000092a1200000)]
  0x0000025162a9c000 JavaThread "Daemon health stats" [_thread_blocked, id=704, stack(0x00000092a1400000,0x00000092a1500000)]
  0x0000025162c59000 JavaThread "Incoming local TCP Connector on port 49910" [_thread_in_native, id=864, stack(0x00000092a1700000,0x00000092a1800000)]
  0x00000251624d0000 JavaThread "Daemon periodic checks" [_thread_blocked, id=9604, stack(0x00000092a1800000,0x00000092a1900000)]
  0x0000025163038000 JavaThread "Cache worker for file hash cache (C:\Users\MinhNgan\.gradle\caches\7.0.2\fileHashes)" [_thread_blocked, id=9396, stack(0x00000092a2000000,0x00000092a2100000)]
  0x0000025163039000 JavaThread "File lock request listener" [_thread_in_native, id=8572, stack(0x00000092a2100000,0x00000092a2200000)]
  0x000002516303a800 JavaThread "Cache worker for journal cache (C:\Users\MinhNgan\.gradle\caches\journal-1)" [_thread_blocked, id=10148, stack(0x00000092a2200000,0x00000092a2300000)]
  0x0000025163035800 JavaThread "File watcher server" daemon [_thread_blocked, id=8220, stack(0x00000092a2500000,0x00000092a2600000)]
  0x0000025163037000 JavaThread "File watcher consumer" daemon [_thread_blocked, id=6616, stack(0x00000092a2600000,0x00000092a2700000)]
  0x0000025165966800 JavaThread "Cache worker for execution history cache (C:\Users\MinhNgan\.gradle\caches\7.0.2\executionHistory)" [_thread_blocked, id=6112, stack(0x00000092a2900000,0x00000092a2a00000)]
  0x0000025165964000 JavaThread "jar transforms" [_thread_blocked, id=8720, stack(0x00000092a2a00000,0x00000092a2b00000)]
  0x0000025165965800 JavaThread "jar transforms Thread 2" [_thread_blocked, id=9220, stack(0x00000092a2b00000,0x00000092a2c00000)]
  0x0000025165960800 JavaThread "Cache worker for file content cache (C:\Users\MinhNgan\.gradle\caches\7.0.2\fileContent)" [_thread_blocked, id=3192, stack(0x00000092a2c00000,0x00000092a2d00000)]
  0x0000025165961800 JavaThread "jar transforms Thread 3" [_thread_blocked, id=7232, stack(0x00000092a2e00000,0x00000092a2f00000)]
  0x000002516596a800 JavaThread "jar transforms Thread 4" [_thread_blocked, id=1040, stack(0x00000092a3400000,0x00000092a3500000)]
  0x000002516596d000 JavaThread "Memory manager" [_thread_blocked, id=3932, stack(0x00000092a3500000,0x00000092a3600000)]
  0x0000025165968000 JavaThread "Daemon Thread 2" [_thread_blocked, id=3288, stack(0x00000092a0000000,0x00000092a0100000)]
  0x0000025165969000 JavaThread "Handler for socket connection from /127.0.0.1:49910 to /127.0.0.1:50010" [_thread_in_native, id=5812, stack(0x00000092a0100000,0x00000092a0200000)]
  0x0000025165967000 JavaThread "Cancel handler" [_thread_blocked, id=5236, stack(0x00000092a1900000,0x00000092a1a00000)]
  0x0000025165963000 JavaThread "Daemon worker Thread 2" [_thread_blocked, id=9240, stack(0x00000092a1a00000,0x00000092a1b00000)]
  0x000002516596d800 JavaThread "Asynchronous log dispatcher for DefaultDaemonConnection: socket connection from /127.0.0.1:49910 to /127.0.0.1:50010" [_thread_blocked, id=1080, stack(0x00000092a1b00000,0x00000092a1c00000)]
  0x000002516596b800 JavaThread "Stdin handler" [_thread_blocked, id=10224, stack(0x00000092a1c00000,0x00000092a1d00000)]
  0x000002516596c000 JavaThread "Daemon client event forwarder" [_thread_blocked, id=2312, stack(0x00000092a1d00000,0x00000092a1e00000)]
  0x000002516596f800 JavaThread "Cache worker for file hash cache (C:\Users\MinhNgan\AndroidStudioProjects\Android_hepat\.gradle\7.0.2\fileHashes)" [_thread_blocked, id=5296, stack(0x00000092a1e00000,0x00000092a1f00000)]
  0x0000025165969800 JavaThread "Cache worker for checksums cache (C:\Users\MinhNgan\AndroidStudioProjects\Android_hepat\.gradle\checksums)" [_thread_blocked, id=7084, stack(0x00000092a1f00000,0x00000092a2000000)]
  0x000002516596e800 JavaThread "Cache worker for cache directory md-supplier (C:\Users\MinhNgan\.gradle\caches\7.0.2\md-supplier)" [_thread_blocked, id=4512, stack(0x00000092a2300000,0x00000092a2400000)]
  0x0000025163039800 JavaThread "Cache worker for cache directory md-rule (C:\Users\MinhNgan\.gradle\caches\7.0.2\md-rule)" [_thread_blocked, id=7076, stack(0x00000092a2400000,0x00000092a2500000)]
  0x0000025163036800 JavaThread "Cache worker for dependencies-accessors (C:\Users\MinhNgan\AndroidStudioProjects\Android_hepat\.gradle\7.0.2\dependencies-accessors)" [_thread_blocked, id=2528, stack(0x00000092a2700000,0x00000092a2800000)]
  0x000002516303b800 JavaThread "Cache worker for Build Output Cleanup Cache (C:\Users\MinhNgan\AndroidStudioProjects\Android_hepat\.gradle\buildOutputCleanup)" [_thread_blocked, id=5852, stack(0x00000092a2800000,0x00000092a2900000)]
  0x000002516303c000 JavaThread "Build operations" [_thread_blocked, id=7584, stack(0x00000092a2d00000,0x00000092a2e00000)]
  0x0000025165d42800 JavaThread "Build operations Thread 2" [_thread_blocked, id=7260, stack(0x00000092a2f00000,0x00000092a3000000)]
  0x0000025165d47800 JavaThread "Build operations Thread 3" [_thread_blocked, id=10228, stack(0x00000092a3000000,0x00000092a3100000)]
  0x0000025165d43000 JavaThread "Build operations Thread 4" [_thread_blocked, id=4696, stack(0x00000092a3100000,0x00000092a3200000)]
  0x0000025165d44000 JavaThread "build event listener" [_thread_blocked, id=4668, stack(0x00000092a3200000,0x00000092a3300000)]
  0x0000025165d41800 JavaThread "Execution worker for ':'" [_thread_blocked, id=2196, stack(0x00000092a3300000,0x00000092a3400000)]
  0x0000025165d45000 JavaThread "Execution worker for ':' Thread 2" [_thread_blocked, id=5040, stack(0x00000092a3600000,0x00000092a3700000)]
  0x0000025165d46800 JavaThread "Execution worker for ':' Thread 3" [_thread_blocked, id=2364, stack(0x00000092a3700000,0x00000092a3800000)]
  0x0000025165d48000 JavaThread "Cache worker for execution history cache (C:\Users\MinhNgan\AndroidStudioProjects\Android_hepat\.gradle\7.0.2\executionHistory)" [_thread_blocked, id=2076, stack(0x00000092a3800000,0x00000092a3900000)]
  0x0000025165d49000 JavaThread "WorkerExecutor Queue" [_thread_blocked, id=10136, stack(0x00000092a3b00000,0x00000092a3c00000)]
  0x0000025165d49800 JavaThread "WorkerExecutor Queue Thread 2" [_thread_blocked, id=5640, stack(0x00000092a3c00000,0x00000092a3d00000)]
  0x0000025165d4b800 JavaThread "pool-4-thread-1" [_thread_blocked, id=5608, stack(0x00000092a3d00000,0x00000092a3e00000)]
  0x0000025165d4a800 JavaThread "stderr" [_thread_in_native, id=8860, stack(0x00000092a3e00000,0x00000092a3f00000)]
  0x0000025165d45800 JavaThread "stdout" [_thread_in_native, id=8936, stack(0x00000092a3f00000,0x00000092a4000000)]
  0x0000025165d4e800 JavaThread "Cache worker for Java compile cache (C:\Users\MinhNgan\.gradle\caches\7.0.2\javaCompile)" [_thread_blocked, id=7616, stack(0x00000092a4000000,0x00000092a4100000)]
  0x0000025165d4c000 JavaThread "Cache worker for Java compile cache (C:\Users\MinhNgan\AndroidStudioProjects\Android_hepat\.gradle\7.0.2\javaCompile)" [_thread_blocked, id=5744, stack(0x00000092a4100000,0x00000092a4200000)]

Other Threads:
=>0x0000025160c31000 VMThread "VM Thread" [stack: 0x00000092a0800000,0x00000092a0900000] [id=10172]
  0x0000025161753000 WatcherThread [stack: 0x00000092a1200000,0x00000092a1300000] [id=2100]
  0x0000025146933800 GCTaskThread "GC Thread#0" [stack: 0x00000092a0300000,0x00000092a0400000] [id=1904]
  0x0000025161abe800 GCTaskThread "GC Thread#1" [stack: 0x00000092a1300000,0x00000092a1400000] [id=7940]
  0x0000025162fca800 GCTaskThread "GC Thread#2" [stack: 0x00000092a1500000,0x00000092a1600000] [id=5972]
  0x00000251627bb000 GCTaskThread "GC Thread#3" [stack: 0x00000092a1600000,0x00000092a1700000] [id=9040]
  0x0000025146962800 ConcurrentGCThread "G1 Main Marker" [stack: 0x00000092a0400000,0x00000092a0500000] [id=2632]
  0x0000025146964000 ConcurrentGCThread "G1 Conc#0" [stack: 0x00000092a0500000,0x00000092a0600000] [id=7552]
  0x00000251469be000 ConcurrentGCThread "G1 Refine#0" [stack: 0x00000092a0600000,0x00000092a0700000] [id=2128]
  0x000002516582c800 ConcurrentGCThread "G1 Refine#1" [stack: 0x00000092a3900000,0x00000092a3a00000] [id=3076]
  0x0000025167859000 ConcurrentGCThread "G1 Refine#2" [stack: 0x00000092a3a00000,0x00000092a3b00000] [id=9920]
  0x00000251469c0000 ConcurrentGCThread "G1 Young RemSet Sampling" [stack: 0x00000092a0700000,0x00000092a0800000] [id=7136]

Threads with active compile tasks:
C2 CompilerThread0 311845 14979       4       com.sun.tools.javac.comp.Resolve::findInheritedMemberType (186 bytes)

VM state:at safepoint (normal execution)

VM Mutex/Monitor currently owned by a thread:  ([mutex/lock_event])
[0x00000251469174f0] Threads_lock - owner thread: 0x0000025160c31000
[0x0000025146917b20] Heap_lock - owner thread: 0x0000025165963000

Heap address: 0x0000000080000000, size: 2048 MB, Compressed Oops mode: 32-bit
Narrow klass base: 0x0000000000000000, Narrow klass shift: 3
Compressed class space size: 1073741824 Address: 0x0000000100000000

Heap:
 garbage-first heap   total 200704K, used 109657K [0x0000000080000000, 0x0000000100000000)
  region size 1024K, 3 young (3072K), 3 survivors (3072K)
 Metaspace       used 100909K, capacity 103335K, committed 103548K, reserved 1138688K
  class space    used 12620K, capacity 13544K, committed 13568K, reserved 1048576K
Heap Regions: E=young(eden), S=young(survivor), O=old, HS=humongous(starts), HC=humongous(continues), CS=collection set, F=free, A=archive, TAMS=top-at-mark-start (previous, next)
|   0|0x0000000080000000, 0x0000000080100000, 0x0000000080100000|100%| O|  |TAMS 0x0000000080100000, 0x0000000080000000| Untracked 
|   1|0x0000000080100000, 0x0000000080200000, 0x0000000080200000|100%| O|  |TAMS 0x0000000080200000, 0x0000000080100000| Untracked 
|   2|0x0000000080200000, 0x0000000080300000, 0x0000000080300000|100%| O|  |TAMS 0x0000000080300000, 0x0000000080200000| Untracked 
|   3|0x0000000080300000, 0x0000000080400000, 0x0000000080400000|100%|HS|  |TAMS 0x0000000080400000, 0x0000000080300000| Complete 
|   4|0x0000000080400000, 0x0000000080500000, 0x0000000080500000|100%|HC|  |TAMS 0x0000000080500000, 0x0000000080400000| Complete 
|   5|0x0000000080500000, 0x0000000080600000, 0x0000000080600000|100%|HC|  |TAMS 0x0000000080600000, 0x0000000080500000| Complete 
|   6|0x0000000080600000, 0x0000000080700000, 0x0000000080700000|100%| O|  |TAMS 0x0000000080700000, 0x0000000080600000| Untracked 
|   7|0x0000000080700000, 0x0000000080800000, 0x0000000080800000|100%| O|  |TAMS 0x0000000080800000, 0x0000000080700000| Untracked 
|   8|0x0000000080800000, 0x0000000080900000, 0x0000000080900000|100%| O|  |TAMS 0x0000000080900000, 0x0000000080800000| Untracked 
|   9|0x0000000080900000, 0x0000000080a00000, 0x0000000080a00000|100%| O|  |TAMS 0x0000000080a00000, 0x0000000080900000| Untracked 
|  10|0x0000000080a00000, 0x0000000080b00000, 0x0000000080b00000|100%| O|  |TAMS 0x0000000080b00000, 0x0000000080a00000| Untracked 
|  11|0x0000000080b00000, 0x0000000080c00000, 0x0000000080c00000|100%| O|  |TAMS 0x0000000080c00000, 0x0000000080b00000| Untracked 
|  12|0x0000000080c00000, 0x0000000080d00000, 0x0000000080d00000|100%| O|  |TAMS 0x0000000080d00000, 0x0000000080c00000| Untracked 
|  13|0x0000000080d00000, 0x0000000080e00000, 0x0000000080e00000|100%| O|  |TAMS 0x0000000080e00000, 0x0000000080d00000| Untracked 
|  14|0x0000000080e00000, 0x0000000080f00000, 0x0000000080f00000|100%| O|  |TAMS 0x0000000080f00000, 0x0000000080e00000| Complete 
|  15|0x0000000080f00000, 0x0000000081000000, 0x0000000081000000|100%| O|  |TAMS 0x0000000081000000, 0x0000000080f00000| Untracked 
|  16|0x0000000081000000, 0x0000000081100000, 0x0000000081100000|100%| O|  |TAMS 0x0000000081100000, 0x0000000081000000| Complete 
|  17|0x0000000081100000, 0x0000000081200000, 0x0000000081200000|100%| O|  |TAMS 0x0000000081200000, 0x0000000081100000| Untracked 
|  18|0x0000000081200000, 0x0000000081300000, 0x0000000081300000|100%| O|  |TAMS 0x0000000081300000, 0x0000000081200000| Untracked 
|  19|0x0000000081300000, 0x0000000081400000, 0x0000000081400000|100%| O|  |TAMS 0x0000000081400000, 0x0000000081300000| Untracked 
|  20|0x0000000081400000, 0x0000000081500000, 0x0000000081500000|100%| O|  |TAMS 0x0000000081500000, 0x0000000081400000| Untracked 
|  21|0x0000000081500000, 0x0000000081600000, 0x0000000081600000|100%| O|  |TAMS 0x0000000081600000, 0x0000000081500000| Untracked 
|  22|0x0000000081600000, 0x0000000081700000, 0x0000000081700000|100%| O|  |TAMS 0x0000000081700000, 0x0000000081600000| Untracked 
|  23|0x0000000081700000, 0x0000000081800000, 0x0000000081800000|100%| O|  |TAMS 0x0000000081800000, 0x0000000081700000| Untracked 
|  24|0x0000000081800000, 0x0000000081900000, 0x0000000081900000|100%| O|  |TAMS 0x0000000081900000, 0x0000000081800000| Complete 
|  25|0x0000000081900000, 0x0000000081a00000, 0x0000000081a00000|100%| O|  |TAMS 0x0000000081a00000, 0x0000000081900000| Untracked 
|  26|0x0000000081a00000, 0x0000000081b00000, 0x0000000081b00000|100%| O|  |TAMS 0x0000000081b00000, 0x0000000081a00000| Untracked 
|  27|0x0000000081b00000, 0x0000000081c00000, 0x0000000081c00000|100%|HS|  |TAMS 0x0000000081c00000, 0x0000000081b00000| Complete 
|  28|0x0000000081c00000, 0x0000000081d00000, 0x0000000081d00000|100%|HS|  |TAMS 0x0000000081d00000, 0x0000000081c00000| Complete 
|  29|0x0000000081d00000, 0x0000000081e00000, 0x0000000081e00000|100%| O|  |TAMS 0x0000000081e00000, 0x0000000081d00000| Complete 
|  30|0x0000000081e00000, 0x0000000081f00000, 0x0000000081f00000|100%| O|  |TAMS 0x0000000081f00000, 0x0000000081e00000| Untracked 
|  31|0x0000000081f00000, 0x0000000082000000, 0x0000000082000000|100%| O|  |TAMS 0x0000000082000000, 0x0000000081f00000| Complete 
|  32|0x0000000082000000, 0x0000000082100000, 0x0000000082100000|100%| O|  |TAMS 0x0000000082100000, 0x0000000082000000| Complete 
|  33|0x0000000082100000, 0x0000000082200000, 0x0000000082200000|100%| O|  |TAMS 0x0000000082200000, 0x0000000082100000| Untracked 
|  34|0x0000000082200000, 0x0000000082300000, 0x0000000082300000|100%| O|  |TAMS 0x0000000082300000, 0x0000000082200000| Complete 
|  35|0x0000000082300000, 0x0000000082400000, 0x0000000082400000|100%|HS|  |TAMS 0x0000000082400000, 0x0000000082300000| Complete 
|  36|0x0000000082400000, 0x0000000082500000, 0x0000000082500000|100%|HC|  |TAMS 0x0000000082500000, 0x0000000082400000| Complete 
|  37|0x0000000082500000, 0x0000000082600000, 0x0000000082600000|100%| O|  |TAMS 0x0000000082600000, 0x0000000082500000| Complete 
|  38|0x0000000082600000, 0x0000000082700000, 0x0000000082700000|100%| O|  |TAMS 0x0000000082700000, 0x0000000082600000| Untracked 
|  39|0x0000000082700000, 0x0000000082800000, 0x0000000082800000|100%| O|  |TAMS 0x0000000082800000, 0x0000000082700000| Complete 
|  40|0x0000000082800000, 0x0000000082900000, 0x0000000082900000|100%| O|  |TAMS 0x0000000082900000, 0x0000000082800000| Untracked 
|  41|0x0000000082900000, 0x0000000082a00000, 0x0000000082a00000|100%| O|  |TAMS 0x0000000082a00000, 0x0000000082900000| Complete 
|  42|0x0000000082a00000, 0x0000000082b00000, 0x0000000082b00000|100%| O|  |TAMS 0x0000000082b00000, 0x0000000082a00000| Complete 
|  43|0x0000000082b00000, 0x0000000082c00000, 0x0000000082c00000|100%| O|  |TAMS 0x0000000082c00000, 0x0000000082b00000| Untracked 
|  44|0x0000000082c00000, 0x0000000082d00000, 0x0000000082d00000|100%| O|  |TAMS 0x0000000082d00000, 0x0000000082c00000| Untracked 
|  45|0x0000000082d00000, 0x0000000082e00000, 0x0000000082e00000|100%| O|  |TAMS 0x0000000082e00000, 0x0000000082d00000| Complete 
|  46|0x0000000082e00000, 0x0000000082f00000, 0x0000000082f00000|100%| O|  |TAMS 0x0000000082f00000, 0x0000000082e00000| Complete 
|  47|0x0000000082f00000, 0x0000000083000000, 0x0000000083000000|100%| O|  |TAMS 0x0000000083000000, 0x0000000082f00000| Complete 
|  48|0x0000000083000000, 0x0000000083100000, 0x0000000083100000|100%| O|  |TAMS 0x0000000083100000, 0x0000000083000000| Untracked 
|  49|0x0000000083100000, 0x0000000083200000, 0x0000000083200000|100%| O|  |TAMS 0x0000000083200000, 0x0000000083100000| Complete 
|  50|0x0000000083200000, 0x0000000083300000, 0x0000000083300000|100%| O|  |TAMS 0x0000000083300000, 0x0000000083200000| Untracked 
|  51|0x0000000083300000, 0x0000000083400000, 0x0000000083400000|100%| O|  |TAMS 0x0000000083400000, 0x0000000083300000| Untracked 
|  52|0x0000000083400000, 0x0000000083500000, 0x0000000083500000|100%| O|  |TAMS 0x0000000083500000, 0x0000000083400000| Complete 
|  53|0x0000000083500000, 0x0000000083600000, 0x0000000083600000|100%| O|  |TAMS 0x0000000083600000, 0x0000000083500000| Complete 
|  54|0x0000000083600000, 0x0000000083700000, 0x0000000083700000|100%| O|  |TAMS 0x0000000083700000, 0x0000000083600000| Complete 
|  55|0x0000000083700000, 0x0000000083800000, 0x0000000083800000|100%| O|  |TAMS 0x0000000083800000, 0x0000000083700000| Untracked 
|  56|0x0000000083800000, 0x0000000083900000, 0x0000000083900000|100%| O|  |TAMS 0x0000000083900000, 0x0000000083800000| Untracked 
|  57|0x0000000083900000, 0x0000000083a00000, 0x0000000083a00000|100%| O|  |TAMS 0x0000000083a00000, 0x0000000083900000| Untracked 
|  58|0x0000000083a00000, 0x0000000083b00000, 0x0000000083b00000|100%| O|  |TAMS 0x0000000083b00000, 0x0000000083a00000| Complete 
|  59|0x0000000083b00000, 0x0000000083c00000, 0x0000000083c00000|100%| O|  |TAMS 0x0000000083c00000, 0x0000000083b00000| Untracked 
|  60|0x0000000083c00000, 0x0000000083d00000, 0x0000000083d00000|100%| O|  |TAMS 0x0000000083d00000, 0x0000000083c00000| Untracked 
|  61|0x0000000083d00000, 0x0000000083e00000, 0x0000000083e00000|100%| O|  |TAMS 0x0000000083e00000, 0x0000000083d00000| Complete 
|  62|0x0000000083e00000, 0x0000000083f00000, 0x0000000083f00000|100%| O|  |TAMS 0x0000000083f00000, 0x0000000083e00000| Complete 
|  63|0x0000000083f00000, 0x0000000084000000, 0x0000000084000000|100%| O|  |TAMS 0x0000000084000000, 0x0000000083f00000| Complete 
|  64|0x0000000084000000, 0x0000000084100000, 0x0000000084100000|100%| O|  |TAMS 0x0000000084100000, 0x0000000084000000| Complete 
|  65|0x0000000084100000, 0x0000000084200000, 0x0000000084200000|100%| O|  |TAMS 0x0000000084200000, 0x0000000084100000| Untracked 
|  66|0x0000000084200000, 0x0000000084300000, 0x0000000084300000|100%| O|  |TAMS 0x0000000084300000, 0x0000000084200000| Complete 
|  67|0x0000000084300000, 0x0000000084400000, 0x0000000084400000|100%| O|  |TAMS 0x000000008436b000, 0x0000000084300000| Untracked 
|  68|0x0000000084400000, 0x0000000084500000, 0x0000000084500000|100%| O|  |TAMS 0x0000000084500000, 0x0000000084400000| Complete 
|  69|0x0000000084500000, 0x0000000084600000, 0x0000000084600000|100%| O|  |TAMS 0x0000000084600000, 0x0000000084500000| Complete 
|  70|0x0000000084600000, 0x0000000084700000, 0x0000000084700000|100%| O|  |TAMS 0x0000000084700000, 0x0000000084600000| Untracked 
|  71|0x0000000084700000, 0x0000000084800000, 0x0000000084800000|100%| O|  |TAMS 0x0000000084800000, 0x0000000084700000| Untracked 
|  72|0x0000000084800000, 0x0000000084900000, 0x0000000084900000|100%| O|  |TAMS 0x0000000084900000, 0x0000000084800000| Untracked 
|  73|0x0000000084900000, 0x0000000084a00000, 0x0000000084a00000|100%| O|  |TAMS 0x0000000084a00000, 0x0000000084900000| Complete 
|  74|0x0000000084a00000, 0x0000000084b00000, 0x0000000084b00000|100%| O|  |TAMS 0x0000000084b00000, 0x0000000084a00000| Complete 
|  75|0x0000000084b00000, 0x0000000084c00000, 0x0000000084c00000|100%| O|  |TAMS 0x0000000084b00000, 0x0000000084b00000| Untracked 
|  76|0x0000000084c00000, 0x0000000084d00000, 0x0000000084d00000|100%| O|  |TAMS 0x0000000084c00000, 0x0000000084c00000| Untracked 
|  77|0x0000000084d00000, 0x0000000084e00000, 0x0000000084e00000|100%| O|  |TAMS 0x0000000084e00000, 0x0000000084d00000| Complete 
|  78|0x0000000084e00000, 0x0000000084f00000, 0x0000000084f00000|100%| O|  |TAMS 0x0000000084f00000, 0x0000000084e00000| Untracked 
|  79|0x0000000084f00000, 0x0000000085000000, 0x0000000085000000|100%| O|  |TAMS 0x0000000085000000, 0x0000000084f00000| Untracked 
|  80|0x0000000085000000, 0x0000000085100000, 0x0000000085100000|100%| O|  |TAMS 0x0000000085100000, 0x0000000085000000| Untracked 
|  81|0x0000000085100000, 0x0000000085200000, 0x0000000085200000|100%| O|  |TAMS 0x0000000085200000, 0x0000000085100000| Untracked 
|  82|0x0000000085200000, 0x0000000085300000, 0x0000000085300000|100%| O|  |TAMS 0x0000000085300000, 0x0000000085200000| Complete 
|  83|0x0000000085300000, 0x0000000085400000, 0x0000000085400000|100%| O|  |TAMS 0x0000000085400000, 0x0000000085300000| Complete 
|  84|0x0000000085400000, 0x0000000085500000, 0x0000000085500000|100%| O|  |TAMS 0x0000000085500000, 0x0000000085400000| Complete 
|  85|0x0000000085500000, 0x0000000085600000, 0x0000000085600000|100%| O|  |TAMS 0x0000000085500000, 0x0000000085500000| Untracked 
|  86|0x0000000085600000, 0x0000000085700000, 0x0000000085700000|100%| O|  |TAMS 0x0000000085700000, 0x0000000085600000| Untracked 
|  87|0x0000000085700000, 0x00000000857c5a00, 0x0000000085800000| 77%| O|  |TAMS 0x0000000085700000, 0x0000000085700000| Untracked 
|  88|0x0000000085800000, 0x0000000085800000, 0x0000000085900000|  0%| F|  |TAMS 0x0000000085800000, 0x0000000085800000| Untracked 
|  89|0x0000000085900000, 0x0000000085a00000, 0x0000000085a00000|100%| O|  |TAMS 0x0000000085a00000, 0x0000000085900000| Complete 
|  90|0x0000000085a00000, 0x0000000085b00000, 0x0000000085b00000|100%| O|  |TAMS 0x0000000085b00000, 0x0000000085a00000| Untracked 
|  91|0x0000000085b00000, 0x0000000085c00000, 0x0000000085c00000|100%| O|  |TAMS 0x0000000085c00000, 0x0000000085b00000| Untracked 
|  92|0x0000000085c00000, 0x0000000085d00000, 0x0000000085d00000|100%| O|  |TAMS 0x0000000085d00000, 0x0000000085c00000| Untracked 
|  93|0x0000000085d00000, 0x0000000085e00000, 0x0000000085e00000|100%|HS|  |TAMS 0x0000000085e00000, 0x0000000085d00000| Complete 
|  94|0x0000000085e00000, 0x0000000085f00000, 0x0000000085f00000|100%|HC|  |TAMS 0x0000000085f00000, 0x0000000085e00000| Complete 
|  95|0x0000000085f00000, 0x0000000086000000, 0x0000000086000000|100%| O|  |TAMS 0x0000000086000000, 0x0000000085f00000| Untracked 
|  96|0x0000000086000000, 0x0000000086100000, 0x0000000086100000|100%| O|  |TAMS 0x0000000086100000, 0x0000000086000000| Untracked 
|  97|0x0000000086100000, 0x0000000086200000, 0x0000000086200000|100%| O|  |TAMS 0x0000000086200000, 0x0000000086100000| Untracked 
|  98|0x0000000086200000, 0x0000000086300000, 0x0000000086300000|100%| O|  |TAMS 0x0000000086300000, 0x0000000086200000| Untracked 
|  99|0x0000000086300000, 0x0000000086400000, 0x0000000086400000|100%| O|  |TAMS 0x0000000086400000, 0x0000000086300000| Untracked 
| 100|0x0000000086400000, 0x0000000086500000, 0x0000000086500000|100%| O|  |TAMS 0x0000000086500000, 0x0000000086400000| Untracked 
| 101|0x0000000086500000, 0x0000000086600000, 0x0000000086600000|100%| O|  |TAMS 0x0000000086600000, 0x0000000086500000| Untracked 
| 102|0x0000000086600000, 0x0000000086700000, 0x0000000086700000|100%| O|  |TAMS 0x0000000086700000, 0x0000000086600000| Complete 
| 103|0x0000000086700000, 0x0000000086800000, 0x0000000086800000|100%| O|  |TAMS 0x0000000086800000, 0x0000000086700000| Untracked 
| 104|0x0000000086800000, 0x0000000086900000, 0x0000000086900000|100%| O|  |TAMS 0x0000000086900000, 0x0000000086800000| Complete 
| 105|0x0000000086900000, 0x0000000086a00000, 0x0000000086a00000|100%| O|  |TAMS 0x0000000086a00000, 0x0000000086900000| Complete 
| 106|0x0000000086a00000, 0x0000000086a00000, 0x0000000086b00000|  0%| F|  |TAMS 0x0000000086a00000, 0x0000000086a00000| Untracked 
| 107|0x0000000086b00000, 0x0000000086b00000, 0x0000000086c00000|  0%| F|  |TAMS 0x0000000086b00000, 0x0000000086b00000| Untracked 
| 108|0x0000000086c00000, 0x0000000086c00000, 0x0000000086d00000|  0%| F|  |TAMS 0x0000000086c00000, 0x0000000086c00000| Untracked 
| 109|0x0000000086d00000, 0x0000000086d00000, 0x0000000086e00000|  0%| F|  |TAMS 0x0000000086d00000, 0x0000000086d00000| Untracked 
| 110|0x0000000086e00000, 0x0000000086e00000, 0x0000000086f00000|  0%| F|  |TAMS 0x0000000086e00000, 0x0000000086e00000| Untracked 
| 111|0x0000000086f00000, 0x0000000086f00000, 0x0000000087000000|  0%| F|  |TAMS 0x0000000086f00000, 0x0000000086f00000| Untracked 
| 112|0x0000000087000000, 0x0000000087000000, 0x0000000087100000|  0%| F|  |TAMS 0x0000000087000000, 0x0000000087000000| Untracked 
| 113|0x0000000087100000, 0x0000000087100000, 0x0000000087200000|  0%| F|  |TAMS 0x0000000087100000, 0x0000000087100000| Untracked 
| 114|0x0000000087200000, 0x0000000087200000, 0x0000000087300000|  0%| F|  |TAMS 0x0000000087200000, 0x0000000087200000| Untracked 
| 115|0x0000000087300000, 0x0000000087300000, 0x0000000087400000|  0%| F|  |TAMS 0x0000000087300000, 0x0000000087300000| Untracked 
| 116|0x0000000087400000, 0x0000000087400000, 0x0000000087500000|  0%| F|  |TAMS 0x0000000087400000, 0x0000000087400000| Untracked 
| 117|0x0000000087500000, 0x0000000087500000, 0x0000000087600000|  0%| F|  |TAMS 0x0000000087500000, 0x0000000087500000| Untracked 
| 118|0x0000000087600000, 0x0000000087600000, 0x0000000087700000|  0%| F|  |TAMS 0x0000000087600000, 0x0000000087600000| Untracked 
| 119|0x0000000087700000, 0x0000000087700000, 0x0000000087800000|  0%| F|  |TAMS 0x0000000087700000, 0x0000000087700000| Untracked 
| 120|0x0000000087800000, 0x0000000087800000, 0x0000000087900000|  0%| F|  |TAMS 0x0000000087800000, 0x0000000087800000| Untracked 
| 121|0x0000000087900000, 0x0000000087900000, 0x0000000087a00000|  0%| F|  |TAMS 0x0000000087900000, 0x0000000087900000| Untracked 
| 122|0x0000000087a00000, 0x0000000087a00000, 0x0000000087b00000|  0%| F|  |TAMS 0x0000000087a00000, 0x0000000087a00000| Untracked 
| 123|0x0000000087b00000, 0x0000000087b00000, 0x0000000087c00000|  0%| F|  |TAMS 0x0000000087b00000, 0x0000000087b00000| Untracked 
| 124|0x0000000087c00000, 0x0000000087c00000, 0x0000000087d00000|  0%| F|  |TAMS 0x0000000087c00000, 0x0000000087c00000| Untracked 
| 125|0x0000000087d00000, 0x0000000087d00000, 0x0000000087e00000|  0%| F|  |TAMS 0x0000000087d00000, 0x0000000087d00000| Untracked 
| 126|0x0000000087e00000, 0x0000000087e00000, 0x0000000087f00000|  0%| F|  |TAMS 0x0000000087e00000, 0x0000000087e00000| Untracked 
| 127|0x0000000087f00000, 0x0000000087f00000, 0x0000000088000000|  0%| F|  |TAMS 0x0000000087f00000, 0x0000000087f00000| Untracked 
| 128|0x0000000088000000, 0x0000000088000000, 0x0000000088100000|  0%| F|  |TAMS 0x0000000088000000, 0x0000000088000000| Untracked 
| 129|0x0000000088100000, 0x0000000088100000, 0x0000000088200000|  0%| F|  |TAMS 0x0000000088100000, 0x0000000088100000| Untracked 
| 130|0x0000000088200000, 0x0000000088200000, 0x0000000088300000|  0%| F|  |TAMS 0x0000000088200000, 0x0000000088200000| Untracked 
| 131|0x0000000088300000, 0x0000000088300000, 0x0000000088400000|  0%| F|  |TAMS 0x0000000088300000, 0x0000000088300000| Untracked 
| 132|0x0000000088400000, 0x0000000088400000, 0x0000000088500000|  0%| F|  |TAMS 0x0000000088400000, 0x0000000088400000| Untracked 
| 133|0x0000000088500000, 0x0000000088500000, 0x0000000088600000|  0%| F|  |TAMS 0x0000000088500000, 0x0000000088500000| Untracked 
| 134|0x0000000088600000, 0x0000000088650b70, 0x0000000088700000| 31%| S|CS|TAMS 0x0000000088600000, 0x0000000088600000| Complete 
| 135|0x0000000088700000, 0x0000000088800000, 0x0000000088800000|100%| S|CS|TAMS 0x0000000088700000, 0x0000000088700000| Complete 
| 136|0x0000000088800000, 0x0000000088900000, 0x0000000088900000|100%| S|CS|TAMS 0x0000000088800000, 0x0000000088800000| Complete 
| 137|0x0000000088900000, 0x0000000088900000, 0x0000000088a00000|  0%| F|  |TAMS 0x0000000088900000, 0x0000000088900000| Untracked 
| 138|0x0000000088a00000, 0x0000000088a00000, 0x0000000088b00000|  0%| F|  |TAMS 0x0000000088a00000, 0x0000000088a00000| Untracked 
| 139|0x0000000088b00000, 0x0000000088b00000, 0x0000000088c00000|  0%| F|  |TAMS 0x0000000088b00000, 0x0000000088b00000| Untracked 
| 140|0x0000000088c00000, 0x0000000088c00000, 0x0000000088d00000|  0%| F|  |TAMS 0x0000000088c00000, 0x0000000088c00000| Untracked 
| 141|0x0000000088d00000, 0x0000000088d00000, 0x0000000088e00000|  0%| F|  |TAMS 0x0000000088d00000, 0x0000000088d00000| Untracked 
| 142|0x0000000088e00000, 0x0000000088e00000, 0x0000000088f00000|  0%| F|  |TAMS 0x0000000088e00000, 0x0000000088e00000| Untracked 
| 143|0x0000000088f00000, 0x0000000088f00000, 0x0000000089000000|  0%| F|  |TAMS 0x0000000088f00000, 0x0000000088f00000| Untracked 
| 144|0x0000000089000000, 0x0000000089000000, 0x0000000089100000|  0%| F|  |TAMS 0x0000000089000000, 0x0000000089000000| Untracked 
| 145|0x0000000089100000, 0x0000000089100000, 0x0000000089200000|  0%| F|  |TAMS 0x0000000089100000, 0x0000000089100000| Untracked 
| 146|0x0000000089200000, 0x0000000089200000, 0x0000000089300000|  0%| F|  |TAMS 0x0000000089200000, 0x0000000089200000| Untracked 
| 147|0x0000000089300000, 0x0000000089300000, 0x0000000089400000|  0%| F|  |TAMS 0x0000000089300000, 0x0000000089300000| Untracked 
| 148|0x0000000089400000, 0x0000000089400000, 0x0000000089500000|  0%| F|  |TAMS 0x0000000089400000, 0x0000000089400000| Untracked 
| 149|0x0000000089500000, 0x0000000089500000, 0x0000000089600000|  0%| F|  |TAMS 0x0000000089500000, 0x0000000089500000| Untracked 
| 150|0x0000000089600000, 0x0000000089600000, 0x0000000089700000|  0%| F|  |TAMS 0x0000000089600000, 0x0000000089600000| Untracked 
| 151|0x0000000089700000, 0x0000000089700000, 0x0000000089800000|  0%| F|  |TAMS 0x0000000089700000, 0x0000000089700000| Untracked 
| 152|0x0000000089800000, 0x0000000089800000, 0x0000000089900000|  0%| F|  |TAMS 0x0000000089800000, 0x0000000089800000| Untracked 
| 153|0x0000000089900000, 0x0000000089900000, 0x0000000089a00000|  0%| F|  |TAMS 0x0000000089900000, 0x0000000089900000| Untracked 
| 154|0x0000000089a00000, 0x0000000089a00000, 0x0000000089b00000|  0%| F|  |TAMS 0x0000000089a00000, 0x0000000089a00000| Untracked 
| 155|0x0000000089b00000, 0x0000000089b00000, 0x0000000089c00000|  0%| F|  |TAMS 0x0000000089b00000, 0x0000000089b00000| Untracked 
| 156|0x0000000089c00000, 0x0000000089c00000, 0x0000000089d00000|  0%| F|  |TAMS 0x0000000089c00000, 0x0000000089c00000| Untracked 
| 157|0x0000000089d00000, 0x0000000089d00000, 0x0000000089e00000|  0%| F|  |TAMS 0x0000000089d00000, 0x0000000089d00000| Untracked 
| 158|0x0000000089e00000, 0x0000000089e00000, 0x0000000089f00000|  0%| F|  |TAMS 0x0000000089e00000, 0x0000000089e00000| Untracked 
| 159|0x0000000089f00000, 0x0000000089f00000, 0x000000008a000000|  0%| F|  |TAMS 0x0000000089f00000, 0x0000000089f00000| Untracked 
| 160|0x000000008a000000, 0x000000008a000000, 0x000000008a100000|  0%| F|  |TAMS 0x000000008a000000, 0x000000008a000000| Untracked 
| 161|0x000000008a100000, 0x000000008a100000, 0x000000008a200000|  0%| F|  |TAMS 0x000000008a100000, 0x000000008a100000| Untracked 

Card table byte_map: [0x0000025159e30000,0x000002515a230000] _byte_map_base: 0x0000025159a30000

Marking Bits (Prev, Next): (CMBitMap*) 0x0000025146959d80, (CMBitMap*) 0x0000025146959d48
 Prev Bits: [0x000002515c630000, 0x000002515e630000)
 Next Bits: [0x000002515a630000, 0x000002515c630000)

Polling page: 0x0000025145100000

Metaspace:

Usage:
  Non-class:     87.69 MB capacity,    86.22 MB ( 98%) used,     1.18 MB (  1%) free+waste,   289.75 KB ( <1%) overhead. 
      Class:     13.23 MB capacity,    12.32 MB ( 93%) used,   796.85 KB (  6%) free+waste,   127.00 KB ( <1%) overhead. 
       Both:    100.91 MB capacity,    98.54 MB ( 98%) used,     1.96 MB (  2%) free+waste,   416.75 KB ( <1%) overhead. 

Virtual space:
  Non-class space:       88.00 MB reserved,      87.87 MB (>99%) committed 
      Class space:        1.00 GB reserved,      13.25 MB (  1%) committed 
             Both:        1.09 GB reserved,     101.12 MB (  9%) committed 

Chunk freelists:
   Non-Class:  61.00 KB
       Class:  24.00 KB
        Both:  85.00 KB

MaxMetaspaceSize: 17179869184.00 GB
CompressedClassSpaceSize: 1.00 GB

CodeHeap 'non-profiled nmethods': size=120064Kb used=7900Kb max_used=7900Kb free=112163Kb
 bounds [0x0000025151ed0000, 0x0000025152690000, 0x0000025159410000]
CodeHeap 'profiled nmethods': size=120000Kb used=32683Kb max_used=32683Kb free=87316Kb
 bounds [0x000002514a9a0000, 0x000002514c990000, 0x0000025151ed0000]
CodeHeap 'non-nmethods': size=5696Kb used=2310Kb max_used=2349Kb free=3385Kb
 bounds [0x000002514a410000, 0x000002514a680000, 0x000002514a9a0000]
 total_blobs=15557 nmethods=14634 adapters=832
 compilation: enabled
              stopped_count=0, restarted_count=0
 full_count=0

Compilation events (20 events):
Event: 311.681 Thread 0x0000025160cbd000 15029       2       com.sun.tools.javac.jvm.Gen::visitExec (128 bytes)
Event: 311.682 Thread 0x0000025160cbd000 nmethod 15029 0x000002514c981090 code [0x000002514c9812c0, 0x000002514c981768]
Event: 311.685 Thread 0x0000025160cbd000 15030       2       com.sun.tools.javac.jvm.ClassWriter::writeCode (922 bytes)
Event: 311.693 Thread 0x0000025160cbd000 nmethod 15030 0x000002514c981b10 code [0x000002514c982200, 0x000002514c984508]
Event: 311.702 Thread 0x0000025160cbd000 15031       2       com.sun.tools.javac.jvm.Code::endScopes (32 bytes)
Event: 311.703 Thread 0x0000025160cbd000 nmethod 15031 0x000002514c986810 code [0x000002514c9869c0, 0x000002514c986b68]
Event: 311.703 Thread 0x0000025160cbd000 15032       2       com.sun.tools.javac.jvm.Code::setDefined (55 bytes)
Event: 311.703 Thread 0x0000025160cbd000 nmethod 15032 0x000002514c986c90 code [0x000002514c986e80, 0x000002514c987178]
Event: 311.707 Thread 0x0000025160cbd000 15033       2       com.sun.tools.javac.jvm.Items$LocalItem::load (75 bytes)
Event: 311.708 Thread 0x0000025160cbd000 nmethod 15033 0x000002514c987390 code [0x000002514c987560, 0x000002514c987778]
Event: 311.717 Thread 0x0000025160cbd000 15034       2       com.sun.tools.javac.jvm.Code::fillLocalVarPosition (153 bytes)
Event: 311.718 Thread 0x0000025160cbd000 nmethod 15034 0x000002514c987910 code [0x000002514c987b40, 0x000002514c988318]
Event: 311.723 Thread 0x0000025160cbd000 15035       2       com.sun.tools.javac.jvm.Items$MemberItem::invoke (150 bytes)
Event: 311.724 Thread 0x0000025160cbd000 nmethod 15035 0x000002514c988710 code [0x000002514c988940, 0x000002514c988ce8]
Event: 311.726 Thread 0x0000025160cbd000 15036       2       com.sun.tools.javac.code.Types$DefaultTypeVisitor::visitTypeVar (7 bytes)
Event: 311.726 Thread 0x0000025160cbd000 nmethod 15036 0x000002514c989090 code [0x000002514c989240, 0x000002514c989368]
Event: 311.731 Thread 0x0000025160cbd000 15037       2       com.sun.tools.javac.jvm.ClassWriter::writeMemberAttrs (144 bytes)
Event: 311.733 Thread 0x0000025160cbd000 nmethod 15037 0x000002514c989410 code [0x000002514c989700, 0x000002514c989f58]
Event: 311.736 Thread 0x0000025160cbd000 15038 %     3       com.sun.tools.javac.code.Scope$ScopeImpl$1::skipToNextMatchingEntry @ 0 (48 bytes)
Event: 311.737 Thread 0x0000025160cbd000 nmethod 15038% 0x000002514c98a710 code [0x000002514c98a8e0, 0x000002514c98ac68]

GC Heap History (20 events):
Event: 297.574 GC heap after
{Heap after GC invocations=77 (full 0):
 garbage-first heap   total 165888K, used 107675K [0x0000000080000000, 0x0000000100000000)
  region size 1024K, 2 young (2048K), 2 survivors (2048K)
 Metaspace       used 86723K, capacity 88950K, committed 89084K, reserved 1126400K
  class space    used 11015K, capacity 11830K, committed 11904K, reserved 1048576K
}
Event: 298.277 GC heap before
{Heap before GC invocations=78 (full 0):
 garbage-first heap   total 165888K, used 112795K [0x0000000080000000, 0x0000000100000000)
  region size 1024K, 23 young (23552K), 2 survivors (2048K)
 Metaspace       used 88396K, capacity 90646K, committed 90876K, reserved 1128448K
  class space    used 11242K, capacity 12054K, committed 12160K, reserved 1048576K
}
Event: 298.286 GC heap after
{Heap after GC invocations=79 (full 0):
 garbage-first heap   total 165888K, used 91743K [0x0000000080000000, 0x0000000100000000)
  region size 1024K, 2 young (2048K), 2 survivors (2048K)
 Metaspace       used 88396K, capacity 90646K, committed 90876K, reserved 1128448K
  class space    used 11242K, capacity 12054K, committed 12160K, reserved 1048576K
}
Event: 298.423 GC heap before
{Heap before GC invocations=79 (full 0):
 garbage-first heap   total 165888K, used 96863K [0x0000000080000000, 0x0000000100000000)
  region size 1024K, 8 young (8192K), 2 survivors (2048K)
 Metaspace       used 88924K, capacity 91158K, committed 91388K, reserved 1128448K
  class space    used 11305K, capacity 12118K, committed 12160K, reserved 1048576K
}
Event: 298.438 GC heap after
{Heap after GC invocations=80 (full 0):
 garbage-first heap   total 165888K, used 84835K [0x0000000080000000, 0x0000000100000000)
  region size 1024K, 1 young (1024K), 1 survivors (1024K)
 Metaspace       used 88924K, capacity 91158K, committed 91388K, reserved 1128448K
  class space    used 11305K, capacity 12118K, committed 12160K, reserved 1048576K
}
Event: 304.817 GC heap before
{Heap before GC invocations=80 (full 0):
 garbage-first heap   total 165888K, used 117603K [0x0000000080000000, 0x0000000100000000)
  region size 1024K, 33 young (33792K), 1 survivors (1024K)
 Metaspace       used 90404K, capacity 92652K, committed 92924K, reserved 1130496K
  class space    used 11454K, capacity 12297K, committed 12416K, reserved 1048576K
}
Event: 304.852 GC heap after
{Heap after GC invocations=81 (full 0):
 garbage-first heap   total 165888K, used 91480K [0x0000000080000000, 0x0000000100000000)
  region size 1024K, 5 young (5120K), 5 survivors (5120K)
 Metaspace       used 90404K, capacity 92652K, committed 92924K, reserved 1130496K
  class space    used 11454K, capacity 12297K, committed 12416K, reserved 1048576K
}
Event: 305.419 GC heap before
{Heap before GC invocations=82 (full 0):
 garbage-first heap   total 165888K, used 121176K [0x0000000080000000, 0x0000000100000000)
  region size 1024K, 35 young (35840K), 5 survivors (5120K)
 Metaspace       used 90858K, capacity 93045K, committed 93180K, reserved 1130496K
  class space    used 11495K, capacity 12299K, committed 12416K, reserved 1048576K
}
Event: 305.437 GC heap after
{Heap after GC invocations=83 (full 0):
 garbage-first heap   total 165888K, used 92763K [0x0000000080000000, 0x0000000100000000)
  region size 1024K, 2 young (2048K), 2 survivors (2048K)
 Metaspace       used 90858K, capacity 93045K, committed 93180K, reserved 1130496K
  class space    used 11495K, capacity 12299K, committed 12416K, reserved 1048576K
}
Event: 305.501 GC heap before
{Heap before GC invocations=83 (full 0):
 garbage-first heap   total 165888K, used 98907K [0x0000000080000000, 0x0000000100000000)
  region size 1024K, 8 young (8192K), 2 survivors (2048K)
 Metaspace       used 90898K, capacity 93109K, committed 93436K, reserved 1130496K
  class space    used 11495K, capacity 12299K, committed 12416K, reserved 1048576K
}
Event: 305.510 GC heap after
{Heap after GC invocations=84 (full 0):
 garbage-first heap   total 165888K, used 92629K [0x0000000080000000, 0x0000000100000000)
  region size 1024K, 1 young (1024K), 1 survivors (1024K)
 Metaspace       used 90898K, capacity 93109K, committed 93436K, reserved 1130496K
  class space    used 11495K, capacity 12299K, committed 12416K, reserved 1048576K
}
Event: 305.954 GC heap before
{Heap before GC invocations=84 (full 0):
 garbage-first heap   total 165888K, used 123349K [0x0000000080000000, 0x0000000100000000)
  region size 1024K, 32 young (32768K), 1 survivors (1024K)
 Metaspace       used 91966K, capacity 94136K, committed 94204K, reserved 1130496K
  class space    used 11613K, capacity 12386K, committed 12416K, reserved 1048576K
}
Event: 305.977 GC heap after
{Heap after GC invocations=85 (full 0):
 garbage-first heap   total 165888K, used 96922K [0x0000000080000000, 0x0000000100000000)
  region size 1024K, 4 young (4096K), 4 survivors (4096K)
 Metaspace       used 91966K, capacity 94136K, committed 94204K, reserved 1130496K
  class space    used 11613K, capacity 12386K, committed 12416K, reserved 1048576K
}
Event: 307.530 GC heap before
{Heap before GC invocations=86 (full 0):
 garbage-first heap   total 165888K, used 127642K [0x0000000080000000, 0x0000000100000000)
  region size 1024K, 35 young (35840K), 4 survivors (4096K)
 Metaspace       used 98086K, capacity 100390K, committed 100476K, reserved 1136640K
  class space    used 12382K, capacity 13235K, committed 13312K, reserved 1048576K
}
Event: 307.548 GC heap after
{Heap after GC invocations=87 (full 0):
 garbage-first heap   total 165888K, used 99386K [0x0000000080000000, 0x0000000100000000)
  region size 1024K, 3 young (3072K), 3 survivors (3072K)
 Metaspace       used 98086K, capacity 100390K, committed 100476K, reserved 1136640K
  class space    used 12382K, capacity 13235K, committed 13312K, reserved 1048576K
}
Event: 307.657 GC heap before
{Heap before GC invocations=87 (full 0):
 garbage-first heap   total 165888K, used 106554K [0x0000000080000000, 0x0000000100000000)
  region size 1024K, 8 young (8192K), 3 survivors (3072K)
 Metaspace       used 98193K, capacity 100466K, committed 100732K, reserved 1136640K
  class space    used 12389K, capacity 13239K, committed 13312K, reserved 1048576K
}
Event: 307.723 GC heap after
{Heap after GC invocations=88 (full 0):
 garbage-first heap   total 165888K, used 99477K [0x0000000080000000, 0x0000000100000000)
  region size 1024K, 1 young (1024K), 1 survivors (1024K)
 Metaspace       used 98193K, capacity 100466K, committed 100732K, reserved 1136640K
  class space    used 12389K, capacity 13239K, committed 13312K, reserved 1048576K
}
Event: 309.160 GC heap before
{Heap before GC invocations=88 (full 0):
 garbage-first heap   total 165888K, used 129173K [0x0000000080000000, 0x0000000100000000)
  region size 1024K, 31 young (31744K), 1 survivors (1024K)
 Metaspace       used 99208K, capacity 101485K, committed 101628K, reserved 1138688K
  class space    used 12476K, capacity 13340K, committed 13440K, reserved 1048576K
}
Event: 309.183 GC heap after
{Heap after GC invocations=89 (full 0):
 garbage-first heap   total 165888K, used 106924K [0x0000000080000000, 0x0000000100000000)
  region size 1024K, 4 young (4096K), 4 survivors (4096K)
 Metaspace       used 99208K, capacity 101485K, committed 101628K, reserved 1138688K
  class space    used 12476K, capacity 13340K, committed 13440K, reserved 1048576K
}
Event: 311.742 GC heap before
{Heap before GC invocations=90 (full 0):
 garbage-first heap   total 165888K, used 131500K [0x0000000080000000, 0x0000000100000000)
  region size 1024K, 29 young (29696K), 4 survivors (4096K)
 Metaspace       used 100909K, capacity 103335K, committed 103548K, reserved 1138688K
  class space    used 12620K, capacity 13544K, committed 13568K, reserved 1048576K
}

Deoptimization events (20 events):
Event: 309.584 Thread 0x0000025165963000 Uncommon trap: trap_request=0xffffffde fr.pc=0x0000025152493a48 relative=0x0000000000000768
Event: 309.584 Thread 0x0000025165963000 Uncommon trap: reason=class_check action=maybe_recompile pc=0x0000025152493a48 method=java.util.HashMap.removeNode(ILjava/lang/Object;Ljava/lang/Object;ZZ)Ljava/util/HashMap$Node; @ 143 c2
Event: 309.584 Thread 0x0000025165963000 DEOPT PACKING pc=0x0000025152493a48 sp=0x00000092a1af4740
Event: 309.584 Thread 0x0000025165963000 DEOPT UNPACKING pc=0x000002514a4378af sp=0x00000092a1af46c8 mode 2
Event: 309.599 Thread 0x0000025165963000 DEOPT PACKING pc=0x000002514b14e084 sp=0x00000092a1af5a00
Event: 309.599 Thread 0x0000025165963000 DEOPT UNPACKING pc=0x000002514a4376ce sp=0x00000092a1af4ef8 mode 0
Event: 310.870 Thread 0x0000025165963000 Uncommon trap: trap_request=0xffffff4d fr.pc=0x0000025152616b98 relative=0x00000000000000f8
Event: 310.870 Thread 0x0000025165963000 Uncommon trap: reason=unstable_if action=reinterpret pc=0x0000025152616b98 method=com.sun.tools.javac.util.IntHashTable.lookup(Ljava/lang/Object;I)I @ 67 c2
Event: 310.870 Thread 0x0000025165963000 DEOPT PACKING pc=0x0000025152616b98 sp=0x00000092a1af51e0
Event: 310.870 Thread 0x0000025165963000 DEOPT UNPACKING pc=0x000002514a4378af sp=0x00000092a1af5148 mode 2
Event: 311.113 Thread 0x0000025165963000 Uncommon trap: trap_request=0xffffff4d fr.pc=0x00000251526693d8 relative=0x0000000000001198
Event: 311.113 Thread 0x0000025165963000 Uncommon trap: reason=unstable_if action=reinterpret pc=0x00000251526693d8 method=com.sun.tools.javac.jvm.ClassReader.readPool(I)Ljava/lang/Object; @ 36 c2
Event: 311.113 Thread 0x0000025165963000 DEOPT PACKING pc=0x00000251526693d8 sp=0x00000092a1af2390
Event: 311.113 Thread 0x0000025165963000 DEOPT UNPACKING pc=0x000002514a4378af sp=0x00000092a1af2368 mode 2
Event: 311.384 Thread 0x0000025165963000 DEOPT PACKING pc=0x000002514b3135f1 sp=0x00000092a1af5b20
Event: 311.384 Thread 0x0000025165963000 DEOPT UNPACKING pc=0x000002514a4376ce sp=0x00000092a1af5018 mode 0
Event: 311.498 Thread 0x0000025165963000 DEOPT PACKING pc=0x000002514c722b27 sp=0x00000092a1af55f0
Event: 311.498 Thread 0x0000025165963000 DEOPT UNPACKING pc=0x000002514a4376ce sp=0x00000092a1af4ab0 mode 0
Event: 311.674 Thread 0x0000025165963000 DEOPT PACKING pc=0x000002514c78120e sp=0x00000092a1af6080
Event: 311.674 Thread 0x0000025165963000 DEOPT UNPACKING pc=0x000002514a4376ce sp=0x00000092a1af54f8 mode 0

Classes redefined (0 events):
No events

Internal exceptions (20 events):
Event: 311.346 Thread 0x0000025165963000 Exception <a 'sun/nio/fs/WindowsException'{0x00000000890bdc90}> (0x00000000890bdc90) thrown at [./src/hotspot/share/prims/jni.cpp, line 615]
Event: 311.358 Thread 0x0000025165963000 Exception <a 'sun/nio/fs/WindowsException'{0x00000000890c58f0}> (0x00000000890c58f0) thrown at [./src/hotspot/share/prims/jni.cpp, line 615]
Event: 311.380 Thread 0x0000025165963000 Exception <a 'sun/nio/fs/WindowsException'{0x00000000890cd550}> (0x00000000890cd550) thrown at [./src/hotspot/share/prims/jni.cpp, line 615]
Event: 311.391 Thread 0x0000025165963000 Exception <a 'sun/nio/fs/WindowsException'{0x00000000890d51b0}> (0x00000000890d51b0) thrown at [./src/hotspot/share/prims/jni.cpp, line 615]
Event: 311.403 Thread 0x0000025165963000 Exception <a 'sun/nio/fs/WindowsException'{0x00000000890dce10}> (0x00000000890dce10) thrown at [./src/hotspot/share/prims/jni.cpp, line 615]
Event: 311.420 Thread 0x0000025165963000 Exception <a 'sun/nio/fs/WindowsException'{0x00000000890ef500}> (0x00000000890ef500) thrown at [./src/hotspot/share/prims/jni.cpp, line 615]
Event: 311.493 Thread 0x0000025165963000 Exception <a 'sun/nio/fs/WindowsException'{0x0000000088d4e628}> (0x0000000088d4e628) thrown at [./src/hotspot/share/prims/jni.cpp, line 615]
Event: 311.639 Thread 0x0000025165963000 Exception <a 'sun/nio/fs/WindowsException'{0x000000008890e6e0}> (0x000000008890e6e0) thrown at [./src/hotspot/share/prims/jni.cpp, line 615]
Event: 311.650 Thread 0x0000025165963000 Exception <a 'sun/nio/fs/WindowsException'{0x0000000088915fd8}> (0x0000000088915fd8) thrown at [./src/hotspot/share/prims/jni.cpp, line 615]
Event: 311.661 Thread 0x0000025165963000 Exception <a 'sun/nio/fs/WindowsException'{0x0000000088940558}> (0x0000000088940558) thrown at [./src/hotspot/share/prims/jni.cpp, line 615]
Event: 311.668 Thread 0x0000025165963000 Exception <a 'sun/nio/fs/WindowsException'{0x0000000088946b90}> (0x0000000088946b90) thrown at [./src/hotspot/share/prims/jni.cpp, line 615]
Event: 311.676 Thread 0x0000025165963000 Exception <a 'sun/nio/fs/WindowsException'{0x000000008894c698}> (0x000000008894c698) thrown at [./src/hotspot/share/prims/jni.cpp, line 615]
Event: 311.681 Thread 0x0000025165963000 Exception <a 'sun/nio/fs/WindowsException'{0x00000000889521a0}> (0x00000000889521a0) thrown at [./src/hotspot/share/prims/jni.cpp, line 615]
Event: 311.689 Thread 0x0000025165963000 Exception <a 'sun/nio/fs/WindowsException'{0x0000000088957ca8}> (0x0000000088957ca8) thrown at [./src/hotspot/share/prims/jni.cpp, line 615]
Event: 311.697 Thread 0x0000025165963000 Exception <a 'sun/nio/fs/WindowsException'{0x000000008895d7d0}> (0x000000008895d7d0) thrown at [./src/hotspot/share/prims/jni.cpp, line 615]
Event: 311.704 Thread 0x0000025165963000 Exception <a 'sun/nio/fs/WindowsException'{0x00000000889632d8}> (0x00000000889632d8) thrown at [./src/hotspot/share/prims/jni.cpp, line 615]
Event: 311.708 Thread 0x0000025165963000 Exception <a 'sun/nio/fs/WindowsException'{0x0000000088968e30}> (0x0000000088968e30) thrown at [./src/hotspot/share/prims/jni.cpp, line 615]
Event: 311.711 Thread 0x0000025165963000 Exception <a 'sun/nio/fs/WindowsException'{0x000000008896e9c8}> (0x000000008896e9c8) thrown at [./src/hotspot/share/prims/jni.cpp, line 615]
Event: 311.719 Thread 0x0000025165963000 Exception <a 'sun/nio/fs/WindowsException'{0x00000000889825c8}> (0x00000000889825c8) thrown at [./src/hotspot/share/prims/jni.cpp, line 615]
Event: 311.728 Thread 0x0000025165963000 Exception <a 'sun/nio/fs/WindowsException'{0x00000000889902c8}> (0x00000000889902c8) thrown at [./src/hotspot/share/prims/jni.cpp, line 615]

Events (20 events):
Event: 309.506 loading class com/sun/tools/javac/comp/Check done
Event: 309.623 Executing VM operation: ICBufferFull
Event: 309.624 Executing VM operation: ICBufferFull done
Event: 309.631 Executing VM operation: CGC_Operation
Event: 310.069 Executing VM operation: CGC_Operation done
Event: 310.105 Executing VM operation: ICBufferFull
Event: 310.106 Executing VM operation: ICBufferFull done
Event: 310.230 Executing VM operation: ICBufferFull
Event: 310.232 Executing VM operation: ICBufferFull done
Event: 310.334 Executing VM operation: ICBufferFull
Event: 310.336 Executing VM operation: ICBufferFull done
Event: 310.548 Executing VM operation: CGC_Operation
Event: 310.551 Executing VM operation: CGC_Operation done
Event: 310.827 Executing VM operation: ICBufferFull
Event: 310.828 Executing VM operation: ICBufferFull done
Event: 311.200 Executing VM operation: ICBufferFull
Event: 311.201 Executing VM operation: ICBufferFull done
Event: 311.544 Executing VM operation: ICBufferFull
Event: 311.544 Executing VM operation: ICBufferFull done
Event: 311.741 Executing VM operation: G1CollectForAllocation


Dynamic libraries:
0x00007ff7ea6b0000 - 0x00007ff7ea6ba000 	C:\Program Files\Android\Android Studio\jre\bin\java.exe
0x00007ff9219b0000 - 0x00007ff921ba5000 	C:\WINDOWS\SYSTEM32\ntdll.dll
0x00007ff9207b0000 - 0x00007ff92086e000 	C:\WINDOWS\System32\KERNEL32.DLL
0x00007ff91f500000 - 0x00007ff91f7c9000 	C:\WINDOWS\System32\KERNELBASE.dll
0x00007ff91f130000 - 0x00007ff91f230000 	C:\WINDOWS\System32\ucrtbase.dll
0x00007ff900ea0000 - 0x00007ff900eb9000 	C:\Program Files\Android\Android Studio\jre\bin\jli.dll
0x00007ff9208d0000 - 0x00007ff920a71000 	C:\WINDOWS\System32\USER32.dll
0x00007ff91f3c0000 - 0x00007ff91f3e2000 	C:\WINDOWS\System32\win32u.dll
0x00007ff91fe80000 - 0x00007ff91feab000 	C:\WINDOWS\System32\GDI32.dll
0x00007ff91f3f0000 - 0x00007ff91f4fb000 	C:\WINDOWS\System32\gdi32full.dll
0x00007ff91f7d0000 - 0x00007ff91f86d000 	C:\WINDOWS\System32\msvcp_win.dll
0x00007ff90ebd0000 - 0x00007ff90ee6a000 	C:\WINDOWS\WinSxS\amd64_microsoft.windows.common-controls_6595b64144ccf1df_6.0.19041.1110_none_60b5254171f9507e\COMCTL32.dll
0x00007ff921220000 - 0x00007ff9212be000 	C:\WINDOWS\System32\msvcrt.dll
0x00007ff919260000 - 0x00007ff919277000 	C:\Program Files\Android\Android Studio\jre\bin\VCRUNTIME140.dll
0x00007ff921140000 - 0x00007ff921170000 	C:\WINDOWS\System32\IMM32.DLL
0x00007ff8d9a60000 - 0x00007ff8d9afd000 	C:\Program Files\Android\Android Studio\jre\bin\msvcp140.dll
0x00007ff8d7480000 - 0x00007ff8d7f4f000 	C:\Program Files\Android\Android Studio\jre\bin\server\jvm.dll
0x00007ff9218c0000 - 0x00007ff92196c000 	C:\WINDOWS\System32\ADVAPI32.dll
0x00007ff921320000 - 0x00007ff9213bb000 	C:\WINDOWS\System32\sechost.dll
0x00007ff920f20000 - 0x00007ff92104a000 	C:\WINDOWS\System32\RPCRT4.dll
0x00007ff920a80000 - 0x00007ff920a88000 	C:\WINDOWS\System32\PSAPI.DLL
0x00007ff919a40000 - 0x00007ff919a49000 	C:\WINDOWS\SYSTEM32\WSOCK32.dll
0x00007ff9213c0000 - 0x00007ff92142b000 	C:\WINDOWS\System32\WS2_32.dll
0x00007ff9112f0000 - 0x00007ff911317000 	C:\WINDOWS\SYSTEM32\WINMM.dll
0x00007ff9117b0000 - 0x00007ff9117ba000 	C:\WINDOWS\SYSTEM32\VERSION.dll
0x00007ff91cfd0000 - 0x00007ff91cfe2000 	C:\WINDOWS\SYSTEM32\kernel.appcore.dll
0x00007ff918260000 - 0x00007ff918271000 	C:\Program Files\Android\Android Studio\jre\bin\verify.dll
0x00007ff90ba20000 - 0x00007ff90bc04000 	C:\WINDOWS\SYSTEM32\DBGHELP.DLL
0x00007ff90c610000 - 0x00007ff90c63c000 	C:\WINDOWS\SYSTEM32\dbgcore.DLL
0x00007ff91f970000 - 0x00007ff91f9f3000 	C:\WINDOWS\System32\bcryptPrimitives.dll
0x00007ff904d20000 - 0x00007ff904d49000 	C:\Program Files\Android\Android Studio\jre\bin\java.dll
0x00007ff919a30000 - 0x00007ff919a3b000 	C:\Program Files\Android\Android Studio\jre\bin\jimage.dll
0x00007ff904d00000 - 0x00007ff904d18000 	C:\Program Files\Android\Android Studio\jre\bin\zip.dll
0x00007ff920070000 - 0x00007ff9207af000 	C:\WINDOWS\System32\SHELL32.dll
0x00007ff91d1d0000 - 0x00007ff91d960000 	C:\WINDOWS\SYSTEM32\windows.storage.dll
0x00007ff921560000 - 0x00007ff9218b5000 	C:\WINDOWS\System32\combase.dll
0x00007ff91eb20000 - 0x00007ff91eb4c000 	C:\WINDOWS\SYSTEM32\Wldp.dll
0x00007ff921170000 - 0x00007ff92121d000 	C:\WINDOWS\System32\SHCORE.dll
0x00007ff921430000 - 0x00007ff921485000 	C:\WINDOWS\System32\shlwapi.dll
0x00007ff91f010000 - 0x00007ff91f02f000 	C:\WINDOWS\SYSTEM32\profapi.dll
0x00007ff904ce0000 - 0x00007ff904cfa000 	C:\Program Files\Android\Android Studio\jre\bin\net.dll
0x00007ff910650000 - 0x00007ff910758000 	C:\WINDOWS\SYSTEM32\WINHTTP.dll
0x00007ff91e880000 - 0x00007ff91e8ea000 	C:\WINDOWS\system32\mswsock.dll
0x00007ff904cc0000 - 0x00007ff904cd4000 	C:\Program Files\Android\Android Studio\jre\bin\nio.dll
0x00007ff8d83f0000 - 0x00007ff8d8417000 	C:\Users\MinhNgan\.gradle\native\8bec1ad78214c89d9ad589b4d07fe93259594b29d510b10fafb7a158f7737e5d\windows-amd64\native-platform.dll
0x00007ff8d42f0000 - 0x00007ff8d442d000 	C:\Users\MinhNgan\.gradle\native\53dbd7edfb1c66fb8903c78663c9afc45aea4f116125fa6feffd364cf09443e8\windows-amd64\native-platform-file-events.dll
0x00007ff919250000 - 0x00007ff91925a000 	C:\Program Files\Android\Android Studio\jre\bin\management.dll
0x00007ff918250000 - 0x00007ff91825c000 	C:\Program Files\Android\Android Studio\jre\bin\management_ext.dll
0x00007ff91ea70000 - 0x00007ff91ea88000 	C:\WINDOWS\SYSTEM32\CRYPTSP.dll
0x00007ff91e190000 - 0x00007ff91e1c4000 	C:\WINDOWS\system32\rsaenh.dll
0x00007ff91f390000 - 0x00007ff91f3b7000 	C:\WINDOWS\System32\bcrypt.dll
0x00007ff91efd0000 - 0x00007ff91effe000 	C:\WINDOWS\SYSTEM32\USERENV.dll
0x00007ff91ea90000 - 0x00007ff91ea9c000 	C:\WINDOWS\SYSTEM32\CRYPTBASE.dll
0x00007ff91e520000 - 0x00007ff91e55b000 	C:\WINDOWS\SYSTEM32\IPHLPAPI.DLL
0x00007ff920a90000 - 0x00007ff920a98000 	C:\WINDOWS\System32\NSI.dll
0x00007ff913a70000 - 0x00007ff913a87000 	C:\WINDOWS\SYSTEM32\dhcpcsvc6.DLL
0x00007ff9175d0000 - 0x00007ff9175ed000 	C:\WINDOWS\SYSTEM32\dhcpcsvc.DLL
0x00007ff91e560000 - 0x00007ff91e62c000 	C:\WINDOWS\SYSTEM32\DNSAPI.dll

dbghelp: loaded successfully - version: 4.0.5 - missing functions: none
symbol engine: initialized successfully - sym options: 0x614 - pdb path: .;C:\Program Files\Android\Android Studio\jre\bin;C:\WINDOWS\SYSTEM32;C:\WINDOWS\WinSxS\amd64_microsoft.windows.common-controls_6595b64144ccf1df_6.0.19041.1110_none_60b5254171f9507e;C:\Program Files\Android\Android Studio\jre\bin\server;C:\Users\MinhNgan\.gradle\native\8bec1ad78214c89d9ad589b4d07fe93259594b29d510b10fafb7a158f7737e5d\windows-amd64;C:\Users\MinhNgan\.gradle\native\53dbd7edfb1c66fb8903c78663c9afc45aea4f116125fa6feffd364cf09443e8\windows-amd64

VM Arguments:
jvm_args: --add-opens=java.base/java.util=ALL-UNNAMED --add-opens=java.base/java.lang=ALL-UNNAMED --add-opens=java.base/java.lang.invoke=ALL-UNNAMED --add-opens=java.base/java.util=ALL-UNNAMED --add-opens=java.prefs/java.util.prefs=ALL-UNNAMED --add-opens=java.prefs/java.util.prefs=ALL-UNNAMED --add-opens=java.base/java.nio.charset=ALL-UNNAMED --add-opens=java.base/java.net=ALL-UNNAMED --add-opens=java.base/java.util.concurrent.atomic=ALL-UNNAMED -Xmx2048m -Dfile.encoding=UTF-8 -Duser.country=US -Duser.language=en -Duser.variant 
java_command: org.gradle.launcher.daemon.bootstrap.GradleDaemon 7.0.2
java_class_path (initial): C:\Users\MinhNgan\.gradle\wrapper\dists\gradle-7.0.2-bin\857tjihv64xamwrf0h14cai3r\gradle-7.0.2\lib\gradle-launcher-7.0.2.jar
Launcher Type: SUN_STANDARD

[Global flags]
     intx CICompilerCount                          = 3                                         {product} {ergonomic}
     uint ConcGCThreads                            = 1                                         {product} {ergonomic}
     uint G1ConcRefinementThreads                  = 4                                         {product} {ergonomic}
   size_t G1HeapRegionSize                         = 1048576                                   {product} {ergonomic}
    uintx GCDrainStackTargetSize                   = 64                                        {product} {ergonomic}
   size_t InitialHeapSize                          = 67108864                                  {product} {ergonomic}
   size_t MarkStackSize                            = 4194304                                   {product} {ergonomic}
   size_t MaxHeapSize                              = 2147483648                                {product} {command line}
   size_t MaxNewSize                               = 1287651328                                {product} {ergonomic}
   size_t MinHeapDeltaBytes                        = 1048576                                   {product} {ergonomic}
    uintx NonNMethodCodeHeapSize                   = 5830732                                {pd product} {ergonomic}
    uintx NonProfiledCodeHeapSize                  = 122913754                              {pd product} {ergonomic}
    uintx ProfiledCodeHeapSize                     = 122913754                              {pd product} {ergonomic}
    uintx ReservedCodeCacheSize                    = 251658240                              {pd product} {ergonomic}
     bool SegmentedCodeCache                       = true                                      {product} {ergonomic}
     bool UseCompressedClassPointers               = true                                 {lp64_product} {ergonomic}
     bool UseCompressedOops                        = true                                 {lp64_product} {ergonomic}
     bool UseG1GC                                  = true                                      {product} {ergonomic}
     bool UseLargePagesIndividualAllocation        = false                                  {pd product} {ergonomic}

Logging:
Log output configuration:
 #0: stdout all=warning uptime,level,tags
 #1: stderr all=off uptime,level,tags

Environment Variables:
PATH=C:\Program Files\Common Files\Oracle\Java\javapath;C:\WINDOWS\system32;C:\WINDOWS;C:\WINDOWS\System32\Wbem;C:\WINDOWS\System32\WindowsPowerShell\v1.0\;C:\WINDOWS\System32\OpenSSH\;C:\Program Files\dotnet\;C:\Program Files\Microsoft SQL Server\130\Tools\Binn\;C:\Program Files\Microsoft SQL Server\Client SDK\ODBC\170\Tools\Binn\;C:\Program Files (x86)\dotnet\;C:\Program Files\Git\cmd;C:\Users\MinhNgan\AppData\Local\Microsoft\WindowsApps
USERNAME=MinhNgan
OS=Windows_NT
PROCESSOR_IDENTIFIER=Intel64 Family 6 Model 69 Stepping 1, GenuineIntel



---------------  S Y S T E M  ---------------

OS: Windows 10 , 64 bit Build 19041 (10.0.19041.1202)
OS uptime: 0 days 0:09 hours

CPU:total 4 (initial active 4) (2 cores per cpu, 2 threads per core) family 6 model 69 stepping 1 microcode 0x25, cmov, cx8, fxsr, mmx, sse, sse2, sse3, ssse3, sse4.1, sse4.2, popcnt, avx, avx2, aes, clmul, erms, lzcnt, ht, tsc, tscinvbit, bmi1, bmi2, fma

Memory: 4k page, system-wide physical 3979M (234M free)
TotalPageFile size 6979M (AvailPageFile size 23M)
current process WorkingSet (physical memory assigned to process): 244M, peak: 332M
current process commit charge ("private bytes"): 456M, peak: 489M

vm_info: OpenJDK 64-Bit Server VM (11.0.10+0-b96-7249189) for windows-amd64 JRE (11.0.10+0-b96-7249189), built on Mar 31 2021 21:44:00 by "builder" with MS VC++ 14.0 (VS2015)

END.
