#
# There is insufficient memory for the Java Runtime Environment to continue.
# Native memory allocation (malloc) failed to allocate 1105296 bytes for Chunk::new
# Possible reasons:
#   The system is out of physical RAM or swap space
#   The process is running with CompressedOops enabled, and the Java Heap may be blocking the growth of the native heap
# Possible solutions:
#   Reduce memory load on the system
#   Increase physical memory or swap space
#   Check if swap backing store is full
#   Decrease Java heap size (-Xmx/-Xms)
#   Decrease number of Java threads
#   Decrease Java thread stack sizes (-Xss)
#   Set larger code cache with -XX:ReservedCodeCacheSize=
#   JVM is running with Unscaled Compressed Oops mode in which the Java heap is
#     placed in the first 4GB address space. The Java Heap base address is the
#     maximum limit for the native heap growth. Please use -XX:HeapBaseMinAddress
#     to set the Java Heap base and to place the Java Heap above 4GB virtual address.
# This output file may be truncated or incomplete.
#
#  Out of Memory Error (./src/hotspot/share/memory/arena.cpp:197), pid=4708, tid=9204
#
# JRE version: OpenJDK Runtime Environment (11.0.10) (build 11.0.10+0-b96-7249189)
# Java VM: OpenJDK 64-Bit Server VM (11.0.10+0-b96-7249189, mixed mode, tiered, compressed oops, g1 gc, windows-amd64)
# No core dump will be written. Minidumps are not enabled by default on client versions of Windows
#

---------------  S U M M A R Y ------------

Command Line: --add-opens=java.base/java.util=ALL-UNNAMED --add-opens=java.base/java.lang=ALL-UNNAMED --add-opens=java.base/java.lang.invoke=ALL-UNNAMED --add-opens=java.base/java.util=ALL-UNNAMED --add-opens=java.prefs/java.util.prefs=ALL-UNNAMED --add-opens=java.prefs/java.util.prefs=ALL-UNNAMED --add-opens=java.base/java.nio.charset=ALL-UNNAMED --add-opens=java.base/java.net=ALL-UNNAMED --add-opens=java.base/java.util.concurrent.atomic=ALL-UNNAMED -Xmx2048m -Dfile.encoding=UTF-8 -Duser.country=US -Duser.language=en -Duser.variant org.gradle.launcher.daemon.bootstrap.GradleDaemon 7.0.2

Host: Intel(R) Core(TM) i5-4210U CPU @ 1.70GHz, 4 cores, 3G,  Windows 10 , 64 bit Build 19041 (10.0.19041.1202)
Time: Sun Nov  7 14:50:08 2021 SE Asia Standard Time elapsed time: 19.607805 seconds (0d 0h 0m 19s)

---------------  T H R E A D  ---------------

Current thread (0x000002247eec1800):  JavaThread "C2 CompilerThread0" daemon [_thread_in_native, id=9204, stack(0x000000efb4500000,0x000000efb4600000)]


Current CompileTask:
C2:  19608 6486       4       java.util.TreeMap::put (247 bytes)

Stack: [0x000000efb4500000,0x000000efb4600000]
Native frames: (J=compiled Java code, j=interpreted, Vv=VM code, C=native code)
V  [jvm.dll+0x5ecfaa]
V  [jvm.dll+0x722bd5]
V  [jvm.dll+0x72412d]
V  [jvm.dll+0x7247e3]
V  [jvm.dll+0x242928]
V  [jvm.dll+0xbc4fc]
V  [jvm.dll+0xbca0c]
V  [jvm.dll+0x352d7d]
V  [jvm.dll+0x320ad3]
V  [jvm.dll+0x31ffca]
V  [jvm.dll+0x1fb602]
V  [jvm.dll+0x1fa7f4]
V  [jvm.dll+0x18354c]
V  [jvm.dll+0x208ee7]
V  [jvm.dll+0x207731]
V  [jvm.dll+0x6eb1cf]
V  [jvm.dll+0x6e3d45]
V  [jvm.dll+0x5ebe96]
C  [ucrtbase.dll+0x21bb2]
C  [KERNEL32.DLL+0x17034]
C  [ntdll.dll+0x52651]


---------------  P R O C E S S  ---------------

Threads class SMR info:
_java_thread_list=0x00000224154ee290, length=42, elements={
0x0000022475b0a800, 0x000002247ee59800, 0x000002247ee65800, 0x000002247eeb6000,
0x000002247eeb9000, 0x000002247eeba000, 0x000002247eec1800, 0x000002247eecb000,
0x000002247eece000, 0x000002247f93c000, 0x00000224125e5800, 0x000002241214f800,
0x00000224118f9000, 0x0000022411cbb800, 0x0000022412e18000, 0x0000022412933000,
0x00000224124df000, 0x00000224125f9000, 0x00000224125f7800, 0x0000022412b59000,
0x0000022412b5a000, 0x0000022412b5c000, 0x0000022412b5b800, 0x0000022412b5d000,
0x0000022412b5a800, 0x0000022412b58000, 0x0000022412b57800, 0x0000022412b5e000,
0x0000022412872000, 0x0000022412876000, 0x0000022412870800, 0x0000022412875800,
0x0000022412873800, 0x0000022412871800, 0x0000022412877000, 0x000002241287d800,
0x0000022412878000, 0x000002241287a000, 0x000002241287c000, 0x000002241287c800,
0x000002241287b000, 0x000002241287e800
}

Java Threads: ( => current thread )
  0x0000022475b0a800 JavaThread "main" [_thread_blocked, id=8200, stack(0x000000efb3900000,0x000000efb3a00000)]
  0x000002247ee59800 JavaThread "Reference Handler" daemon [_thread_blocked, id=4628, stack(0x000000efb4000000,0x000000efb4100000)]
  0x000002247ee65800 JavaThread "Finalizer" daemon [_thread_blocked, id=1032, stack(0x000000efb4100000,0x000000efb4200000)]
  0x000002247eeb6000 JavaThread "Signal Dispatcher" daemon [_thread_blocked, id=1936, stack(0x000000efb4200000,0x000000efb4300000)]
  0x000002247eeb9000 JavaThread "Attach Listener" daemon [_thread_blocked, id=9028, stack(0x000000efb4300000,0x000000efb4400000)]
  0x000002247eeba000 JavaThread "Service Thread" daemon [_thread_blocked, id=7816, stack(0x000000efb4400000,0x000000efb4500000)]
=>0x000002247eec1800 JavaThread "C2 CompilerThread0" daemon [_thread_in_native, id=9204, stack(0x000000efb4500000,0x000000efb4600000)]
  0x000002247eecb000 JavaThread "C1 CompilerThread0" daemon [_thread_blocked, id=10036, stack(0x000000efb4600000,0x000000efb4700000)]
  0x000002247eece000 JavaThread "Sweeper thread" daemon [_thread_blocked, id=1392, stack(0x000000efb4700000,0x000000efb4800000)]
  0x000002247f93c000 JavaThread "Common-Cleaner" daemon [_thread_blocked, id=2060, stack(0x000000efb4800000,0x000000efb4900000)]
  0x00000224125e5800 JavaThread "Daemon health stats" [_thread_blocked, id=3504, stack(0x000000efb4b00000,0x000000efb4c00000)]
  0x000002241214f800 JavaThread "Incoming local TCP Connector on port 50148" [_thread_in_native, id=9024, stack(0x000000efb4c00000,0x000000efb4d00000)]
  0x00000224118f9000 JavaThread "Daemon periodic checks" [_thread_blocked, id=8904, stack(0x000000efb4f00000,0x000000efb5000000)]
  0x0000022411cbb800 JavaThread "Daemon" [_thread_blocked, id=8612, stack(0x000000efb5000000,0x000000efb5100000)]
  0x0000022412e18000 JavaThread "Handler for socket connection from /127.0.0.1:50148 to /127.0.0.1:50149" [_thread_in_native, id=5084, stack(0x000000efb5100000,0x000000efb5200000)]
  0x0000022412933000 JavaThread "Cancel handler" [_thread_blocked, id=8576, stack(0x000000efb5200000,0x000000efb5300000)]
  0x00000224124df000 JavaThread "Daemon worker" [_thread_in_vm, id=220, stack(0x000000efb5300000,0x000000efb5400000)]
  0x00000224125f9000 JavaThread "Asynchronous log dispatcher for DefaultDaemonConnection: socket connection from /127.0.0.1:50148 to /127.0.0.1:50149" [_thread_blocked, id=232, stack(0x000000efb5400000,0x000000efb5500000)]
  0x00000224125f7800 JavaThread "Stdin handler" [_thread_blocked, id=3108, stack(0x000000efb5500000,0x000000efb5600000)]
  0x0000022412b59000 JavaThread "Daemon client event forwarder" [_thread_blocked, id=1444, stack(0x000000efb5600000,0x000000efb5700000)]
  0x0000022412b5a000 JavaThread "Cache worker for file hash cache (C:\Users\MinhNgan\.gradle\caches\7.0.2\fileHashes)" [_thread_blocked, id=3976, stack(0x000000efb5700000,0x000000efb5800000)]
  0x0000022412b5c000 JavaThread "File lock request listener" [_thread_in_native, id=1464, stack(0x000000efb5800000,0x000000efb5900000)]
  0x0000022412b5b800 JavaThread "Cache worker for journal cache (C:\Users\MinhNgan\.gradle\caches\journal-1)" [_thread_blocked, id=2712, stack(0x000000efb5900000,0x000000efb5a00000)]
  0x0000022412b5d000 JavaThread "Cache worker for file hash cache (C:\Users\MinhNgan\AndroidStudioProjects\Android_hepat\.gradle\7.0.2\fileHashes)" [_thread_blocked, id=5152, stack(0x000000efb5a00000,0x000000efb5b00000)]
  0x0000022412b5a800 JavaThread "File watcher server" daemon [_thread_in_native, id=5804, stack(0x000000efb5b00000,0x000000efb5c00000)]
  0x0000022412b58000 JavaThread "File watcher consumer" daemon [_thread_blocked, id=5896, stack(0x000000efb5c00000,0x000000efb5d00000)]
  0x0000022412b57800 JavaThread "jar transforms" [_thread_blocked, id=2392, stack(0x000000efb5d00000,0x000000efb5e00000)]
  0x0000022412b5e000 JavaThread "jar transforms Thread 2" [_thread_blocked, id=4004, stack(0x000000efb5e00000,0x000000efb5f00000)]
  0x0000022412872000 JavaThread "jar transforms Thread 3" [_thread_blocked, id=9976, stack(0x000000efb5f00000,0x000000efb6000000)]
  0x0000022412876000 JavaThread "jar transforms Thread 4" [_thread_blocked, id=9112, stack(0x000000efb6000000,0x000000efb6100000)]
  0x0000022412870800 JavaThread "Cache worker for checksums cache (C:\Users\MinhNgan\AndroidStudioProjects\Android_hepat\.gradle\checksums)" [_thread_blocked, id=3236, stack(0x000000efb6100000,0x000000efb6200000)]
  0x0000022412875800 JavaThread "Cache worker for cache directory md-supplier (C:\Users\MinhNgan\.gradle\caches\7.0.2\md-supplier)" [_thread_blocked, id=4380, stack(0x000000efb6200000,0x000000efb6300000)]
  0x0000022412873800 JavaThread "Cache worker for cache directory md-rule (C:\Users\MinhNgan\.gradle\caches\7.0.2\md-rule)" [_thread_blocked, id=7936, stack(0x000000efb6300000,0x000000efb6400000)]
  0x0000022412871800 JavaThread "Cache worker for execution history cache (C:\Users\MinhNgan\.gradle\caches\7.0.2\executionHistory)" [_thread_blocked, id=10164, stack(0x000000efb6400000,0x000000efb6500000)]
  0x0000022412877000 JavaThread "Cache worker for file content cache (C:\Users\MinhNgan\.gradle\caches\7.0.2\fileContent)" [_thread_blocked, id=8008, stack(0x000000efb6500000,0x000000efb6600000)]
  0x000002241287d800 JavaThread "Cache worker for dependencies-accessors (C:\Users\MinhNgan\AndroidStudioProjects\Android_hepat\.gradle\7.0.2\dependencies-accessors)" [_thread_blocked, id=1136, stack(0x000000efb6600000,0x000000efb6700000)]
  0x0000022412878000 JavaThread "Cache worker for Build Output Cleanup Cache (C:\Users\MinhNgan\AndroidStudioProjects\Android_hepat\.gradle\buildOutputCleanup)" [_thread_blocked, id=5428, stack(0x000000efb6700000,0x000000efb6800000)]
  0x000002241287a000 JavaThread "Build operations" [_thread_blocked, id=2988, stack(0x000000efb6800000,0x000000efb6900000)]
  0x000002241287c000 JavaThread "Build operations Thread 2" [_thread_blocked, id=9136, stack(0x000000efb6900000,0x000000efb6a00000)]
  0x000002241287c800 JavaThread "Build operations Thread 3" [_thread_blocked, id=4176, stack(0x000000efb6a00000,0x000000efb6b00000)]
  0x000002241287b000 JavaThread "Build operations Thread 4" [_thread_blocked, id=3844, stack(0x000000efb6b00000,0x000000efb6c00000)]
  0x000002241287e800 JavaThread "Memory manager" [_thread_blocked, id=1496, stack(0x000000efb6c00000,0x000000efb6d00000)]

Other Threads:
  0x000002247ee54000 VMThread "VM Thread" [stack: 0x000000efb3f00000,0x000000efb4000000] [id=2916]
  0x000002247f946800 WatcherThread [stack: 0x000000efb4900000,0x000000efb4a00000] [id=9892]
  0x0000022475b23800 GCTaskThread "GC Thread#0" [stack: 0x000000efb3a00000,0x000000efb3b00000] [id=9152]
  0x00000224110d4000 GCTaskThread "GC Thread#1" [stack: 0x000000efb4a00000,0x000000efb4b00000] [id=8444]
  0x000002241214c800 GCTaskThread "GC Thread#2" [stack: 0x000000efb4d00000,0x000000efb4e00000] [id=2352]
  0x0000022412639800 GCTaskThread "GC Thread#3" [stack: 0x000000efb4e00000,0x000000efb4f00000] [id=4316]
  0x0000022475b53800 ConcurrentGCThread "G1 Main Marker" [stack: 0x000000efb3b00000,0x000000efb3c00000] [id=9480]
  0x0000022475b55000 ConcurrentGCThread "G1 Conc#0" [stack: 0x000000efb3c00000,0x000000efb3d00000] [id=2016]
  0x0000022475bb0800 ConcurrentGCThread "G1 Refine#0" [stack: 0x000000efb3d00000,0x000000efb3e00000] [id=9160]
  0x0000022475bb3800 ConcurrentGCThread "G1 Young RemSet Sampling" [stack: 0x000000efb3e00000,0x000000efb3f00000] [id=8140]

Threads with active compile tasks:
C2 CompilerThread0  19677 6486       4       java.util.TreeMap::put (247 bytes)

VM state:not at safepoint (normal execution)

VM Mutex/Monitor currently owned by a thread: None

Heap address: 0x0000000080000000, size: 2048 MB, Compressed Oops mode: 32-bit
Narrow klass base: 0x0000000000000000, Narrow klass shift: 3
Compressed class space size: 1073741824 Address: 0x0000000100000000

Heap:
 garbage-first heap   total 165888K, used 80255K [0x0000000080000000, 0x0000000100000000)
  region size 1024K, 7 young (7168K), 4 survivors (4096K)
 Metaspace       used 64970K, capacity 66804K, committed 67072K, reserved 1107968K
  class space    used 8275K, capacity 8907K, committed 8960K, reserved 1048576K
Heap Regions: E=young(eden), S=young(survivor), O=old, HS=humongous(starts), HC=humongous(continues), CS=collection set, F=free, A=archive, TAMS=top-at-mark-start (previous, next)
|   0|0x0000000080000000, 0x0000000080100000, 0x0000000080100000|100%| O|  |TAMS 0x0000000080100000, 0x0000000080000000| Untracked 
|   1|0x0000000080100000, 0x0000000080200000, 0x0000000080200000|100%| O|  |TAMS 0x0000000080200000, 0x0000000080100000| Untracked 
|   2|0x0000000080200000, 0x0000000080300000, 0x0000000080300000|100%| O|  |TAMS 0x0000000080300000, 0x0000000080200000| Untracked 
|   3|0x0000000080300000, 0x0000000080400000, 0x0000000080400000|100%|HS|  |TAMS 0x0000000080400000, 0x0000000080300000| Complete 
|   4|0x0000000080400000, 0x0000000080500000, 0x0000000080500000|100%|HC|  |TAMS 0x0000000080500000, 0x0000000080400000| Complete 
|   5|0x0000000080500000, 0x0000000080600000, 0x0000000080600000|100%|HC|  |TAMS 0x0000000080600000, 0x0000000080500000| Complete 
|   6|0x0000000080600000, 0x0000000080700000, 0x0000000080700000|100%| O|  |TAMS 0x0000000080700000, 0x0000000080600000| Untracked 
|   7|0x0000000080700000, 0x0000000080800000, 0x0000000080800000|100%| O|  |TAMS 0x0000000080800000, 0x0000000080700000| Untracked 
|   8|0x0000000080800000, 0x0000000080900000, 0x0000000080900000|100%| O|  |TAMS 0x0000000080900000, 0x0000000080800000| Untracked 
|   9|0x0000000080900000, 0x0000000080a00000, 0x0000000080a00000|100%| O|  |TAMS 0x0000000080a00000, 0x0000000080900000| Untracked 
|  10|0x0000000080a00000, 0x0000000080b00000, 0x0000000080b00000|100%| O|  |TAMS 0x0000000080b00000, 0x0000000080a00000| Untracked 
|  11|0x0000000080b00000, 0x0000000080c00000, 0x0000000080c00000|100%| O|  |TAMS 0x0000000080c00000, 0x0000000080b00000| Untracked 
|  12|0x0000000080c00000, 0x0000000080d00000, 0x0000000080d00000|100%| O|  |TAMS 0x0000000080d00000, 0x0000000080c00000| Untracked 
|  13|0x0000000080d00000, 0x0000000080e00000, 0x0000000080e00000|100%| O|  |TAMS 0x0000000080e00000, 0x0000000080d00000| Untracked 
|  14|0x0000000080e00000, 0x0000000080f00000, 0x0000000080f00000|100%| O|  |TAMS 0x0000000080f00000, 0x0000000080e00000| Untracked 
|  15|0x0000000080f00000, 0x0000000081000000, 0x0000000081000000|100%|HS|  |TAMS 0x0000000081000000, 0x0000000080f00000| Complete 
|  16|0x0000000081000000, 0x0000000081100000, 0x0000000081100000|100%|HC|  |TAMS 0x0000000081100000, 0x0000000081000000| Complete 
|  17|0x0000000081100000, 0x0000000081200000, 0x0000000081200000|100%|HS|  |TAMS 0x0000000081200000, 0x0000000081100000| Complete 
|  18|0x0000000081200000, 0x0000000081300000, 0x0000000081300000|100%|HC|  |TAMS 0x0000000081300000, 0x0000000081200000| Complete 
|  19|0x0000000081300000, 0x0000000081400000, 0x0000000081400000|100%|HC|  |TAMS 0x0000000081400000, 0x0000000081300000| Complete 
|  20|0x0000000081400000, 0x0000000081500000, 0x0000000081500000|100%| O|  |TAMS 0x0000000081500000, 0x0000000081400000| Untracked 
|  21|0x0000000081500000, 0x0000000081600000, 0x0000000081600000|100%|HS|  |TAMS 0x0000000081600000, 0x0000000081500000| Complete 
|  22|0x0000000081600000, 0x0000000081700000, 0x0000000081700000|100%|HC|  |TAMS 0x0000000081700000, 0x0000000081600000| Complete 
|  23|0x0000000081700000, 0x0000000081800000, 0x0000000081800000|100%|HC|  |TAMS 0x0000000081800000, 0x0000000081700000| Complete 
|  24|0x0000000081800000, 0x0000000081900000, 0x0000000081900000|100%|HC|  |TAMS 0x0000000081900000, 0x0000000081800000| Complete 
|  25|0x0000000081900000, 0x0000000081a00000, 0x0000000081a00000|100%|HC|  |TAMS 0x0000000081a00000, 0x0000000081900000| Complete 
|  26|0x0000000081a00000, 0x0000000081b00000, 0x0000000081b00000|100%| O|  |TAMS 0x0000000081b00000, 0x0000000081a00000| Untracked 
|  27|0x0000000081b00000, 0x0000000081c00000, 0x0000000081c00000|100%| O|  |TAMS 0x0000000081c00000, 0x0000000081b00000| Untracked 
|  28|0x0000000081c00000, 0x0000000081d00000, 0x0000000081d00000|100%| O|  |TAMS 0x0000000081d00000, 0x0000000081c00000| Untracked 
|  29|0x0000000081d00000, 0x0000000081e00000, 0x0000000081e00000|100%| O|  |TAMS 0x0000000081e00000, 0x0000000081d00000| Untracked 
|  30|0x0000000081e00000, 0x0000000081f00000, 0x0000000081f00000|100%| O|  |TAMS 0x0000000081f00000, 0x0000000081e00000| Untracked 
|  31|0x0000000081f00000, 0x0000000082000000, 0x0000000082000000|100%| O|  |TAMS 0x0000000082000000, 0x0000000081f00000| Untracked 
|  32|0x0000000082000000, 0x0000000082100000, 0x0000000082100000|100%| O|  |TAMS 0x0000000082100000, 0x0000000082000000| Untracked 
|  33|0x0000000082100000, 0x0000000082200000, 0x0000000082200000|100%|HS|  |TAMS 0x0000000082200000, 0x0000000082100000| Complete 
|  34|0x0000000082200000, 0x0000000082300000, 0x0000000082300000|100%|HC|  |TAMS 0x0000000082300000, 0x0000000082200000| Complete 
|  35|0x0000000082300000, 0x0000000082400000, 0x0000000082400000|100%|HC|  |TAMS 0x0000000082400000, 0x0000000082300000| Complete 
|  36|0x0000000082400000, 0x0000000082500000, 0x0000000082500000|100%| O|  |TAMS 0x0000000082500000, 0x0000000082400000| Untracked 
|  37|0x0000000082500000, 0x0000000082600000, 0x0000000082600000|100%| O|  |TAMS 0x0000000082600000, 0x0000000082500000| Untracked 
|  38|0x0000000082600000, 0x0000000082700000, 0x0000000082700000|100%|HS|  |TAMS 0x0000000082700000, 0x0000000082600000| Complete 
|  39|0x0000000082700000, 0x0000000082800000, 0x0000000082800000|100%|HC|  |TAMS 0x0000000082800000, 0x0000000082700000| Complete 
|  40|0x0000000082800000, 0x0000000082900000, 0x0000000082900000|100%|HC|  |TAMS 0x0000000082900000, 0x0000000082800000| Complete 
|  41|0x0000000082900000, 0x0000000082a00000, 0x0000000082a00000|100%|HC|  |TAMS 0x0000000082a00000, 0x0000000082900000| Complete 
|  42|0x0000000082a00000, 0x0000000082b00000, 0x0000000082b00000|100%|HC|  |TAMS 0x0000000082b00000, 0x0000000082a00000| Complete 
|  43|0x0000000082b00000, 0x0000000082c00000, 0x0000000082c00000|100%| O|  |TAMS 0x0000000082c00000, 0x0000000082b00000| Untracked 
|  44|0x0000000082c00000, 0x0000000082d00000, 0x0000000082d00000|100%| O|  |TAMS 0x0000000082d00000, 0x0000000082c00000| Untracked 
|  45|0x0000000082d00000, 0x0000000082e00000, 0x0000000082e00000|100%| O|  |TAMS 0x0000000082e00000, 0x0000000082d00000| Untracked 
|  46|0x0000000082e00000, 0x0000000082f00000, 0x0000000082f00000|100%| O|  |TAMS 0x0000000082f00000, 0x0000000082e00000| Untracked 
|  47|0x0000000082f00000, 0x0000000083000000, 0x0000000083000000|100%| O|  |TAMS 0x0000000083000000, 0x0000000082f00000| Untracked 
|  48|0x0000000083000000, 0x0000000083100000, 0x0000000083100000|100%| O|  |TAMS 0x0000000083100000, 0x0000000083000000| Untracked 
|  49|0x0000000083100000, 0x0000000083200000, 0x0000000083200000|100%| O|  |TAMS 0x0000000083200000, 0x0000000083100000| Untracked 
|  50|0x0000000083200000, 0x0000000083300000, 0x0000000083300000|100%| O|  |TAMS 0x0000000083300000, 0x0000000083200000| Untracked 
|  51|0x0000000083300000, 0x0000000083400000, 0x0000000083400000|100%| O|  |TAMS 0x0000000083400000, 0x0000000083300000| Untracked 
|  52|0x0000000083400000, 0x0000000083500000, 0x0000000083500000|100%| O|  |TAMS 0x0000000083500000, 0x0000000083400000| Untracked 
|  53|0x0000000083500000, 0x0000000083600000, 0x0000000083600000|100%| O|  |TAMS 0x0000000083600000, 0x0000000083500000| Untracked 
|  54|0x0000000083600000, 0x0000000083700000, 0x0000000083700000|100%| O|  |TAMS 0x0000000083700000, 0x0000000083600000| Untracked 
|  55|0x0000000083700000, 0x0000000083800000, 0x0000000083800000|100%|HS|  |TAMS 0x0000000083800000, 0x0000000083700000| Complete 
|  56|0x0000000083800000, 0x0000000083900000, 0x0000000083900000|100%|HS|  |TAMS 0x0000000083900000, 0x0000000083800000| Complete 
|  57|0x0000000083900000, 0x0000000083a00000, 0x0000000083a00000|100%|HS|  |TAMS 0x0000000083a00000, 0x0000000083900000| Complete 
|  58|0x0000000083a00000, 0x0000000083b00000, 0x0000000083b00000|100%|HC|  |TAMS 0x0000000083b00000, 0x0000000083a00000| Complete 
|  59|0x0000000083b00000, 0x0000000083c00000, 0x0000000083c00000|100%| O|  |TAMS 0x0000000083c00000, 0x0000000083b00000| Untracked 
|  60|0x0000000083c00000, 0x0000000083d00000, 0x0000000083d00000|100%| O|  |TAMS 0x0000000083d00000, 0x0000000083c00000| Untracked 
|  61|0x0000000083d00000, 0x0000000083e00000, 0x0000000083e00000|100%| O|  |TAMS 0x0000000083e00000, 0x0000000083d00000| Untracked 
|  62|0x0000000083e00000, 0x0000000083f00000, 0x0000000083f00000|100%| O|  |TAMS 0x0000000083f00000, 0x0000000083e00000| Untracked 
|  63|0x0000000083f00000, 0x0000000084000000, 0x0000000084000000|100%| O|  |TAMS 0x0000000084000000, 0x0000000083f00000| Untracked 
|  64|0x0000000084000000, 0x0000000084100000, 0x0000000084100000|100%| O|  |TAMS 0x0000000084100000, 0x0000000084000000| Untracked 
|  65|0x0000000084100000, 0x0000000084200000, 0x0000000084200000|100%| O|  |TAMS 0x0000000084200000, 0x0000000084100000| Untracked 
|  66|0x0000000084200000, 0x0000000084300000, 0x0000000084300000|100%| O|  |TAMS 0x0000000084300000, 0x0000000084200000| Untracked 
|  67|0x0000000084300000, 0x0000000084400000, 0x0000000084400000|100%| O|  |TAMS 0x0000000084400000, 0x0000000084300000| Untracked 
|  68|0x0000000084400000, 0x0000000084500000, 0x0000000084500000|100%| O|  |TAMS 0x0000000084500000, 0x0000000084400000| Untracked 
|  69|0x0000000084500000, 0x0000000084600000, 0x0000000084600000|100%| O|  |TAMS 0x0000000084600000, 0x0000000084500000| Untracked 
|  70|0x0000000084600000, 0x0000000084700000, 0x0000000084700000|100%| O|  |TAMS 0x0000000084700000, 0x0000000084600000| Untracked 
|  71|0x0000000084700000, 0x0000000084800000, 0x0000000084800000|100%| O|  |TAMS 0x0000000084800000, 0x0000000084700000| Untracked 
|  72|0x0000000084800000, 0x0000000084900000, 0x0000000084900000|100%| O|  |TAMS 0x0000000084900000, 0x0000000084800000| Untracked 
|  73|0x0000000084900000, 0x000000008492fc00, 0x0000000084a00000| 18%| O|  |TAMS 0x000000008492fc00, 0x0000000084900000| Untracked 
|  74|0x0000000084a00000, 0x0000000084a00000, 0x0000000084b00000|  0%| F|  |TAMS 0x0000000084a00000, 0x0000000084a00000| Untracked 
|  75|0x0000000084b00000, 0x0000000084b00000, 0x0000000084c00000|  0%| F|  |TAMS 0x0000000084b00000, 0x0000000084b00000| Untracked 
|  76|0x0000000084c00000, 0x0000000084c00000, 0x0000000084d00000|  0%| F|  |TAMS 0x0000000084c00000, 0x0000000084c00000| Untracked 
|  77|0x0000000084d00000, 0x0000000084d00000, 0x0000000084e00000|  0%| F|  |TAMS 0x0000000084d00000, 0x0000000084d00000| Untracked 
|  78|0x0000000084e00000, 0x0000000084e00000, 0x0000000084f00000|  0%| F|  |TAMS 0x0000000084e00000, 0x0000000084e00000| Untracked 
|  79|0x0000000084f00000, 0x0000000084f00000, 0x0000000085000000|  0%| F|  |TAMS 0x0000000084f00000, 0x0000000084f00000| Untracked 
|  80|0x0000000085000000, 0x0000000085000000, 0x0000000085100000|  0%| F|  |TAMS 0x0000000085000000, 0x0000000085000000| Untracked 
|  81|0x0000000085100000, 0x0000000085100000, 0x0000000085200000|  0%| F|  |TAMS 0x0000000085100000, 0x0000000085100000| Untracked 
|  82|0x0000000085200000, 0x0000000085200000, 0x0000000085300000|  0%| F|  |TAMS 0x0000000085200000, 0x0000000085200000| Untracked 
|  83|0x0000000085300000, 0x0000000085300000, 0x0000000085400000|  0%| F|  |TAMS 0x0000000085300000, 0x0000000085300000| Untracked 
|  84|0x0000000085400000, 0x0000000085400000, 0x0000000085500000|  0%| F|  |TAMS 0x0000000085400000, 0x0000000085400000| Untracked 
|  85|0x0000000085500000, 0x0000000085500000, 0x0000000085600000|  0%| F|  |TAMS 0x0000000085500000, 0x0000000085500000| Untracked 
|  86|0x0000000085600000, 0x0000000085600000, 0x0000000085700000|  0%| F|  |TAMS 0x0000000085600000, 0x0000000085600000| Untracked 
|  87|0x0000000085700000, 0x0000000085700000, 0x0000000085800000|  0%| F|  |TAMS 0x0000000085700000, 0x0000000085700000| Untracked 
|  88|0x0000000085800000, 0x0000000085800000, 0x0000000085900000|  0%| F|  |TAMS 0x0000000085800000, 0x0000000085800000| Untracked 
|  89|0x0000000085900000, 0x0000000085900000, 0x0000000085a00000|  0%| F|  |TAMS 0x0000000085900000, 0x0000000085900000| Untracked 
|  90|0x0000000085a00000, 0x0000000085a00000, 0x0000000085b00000|  0%| F|  |TAMS 0x0000000085a00000, 0x0000000085a00000| Untracked 
|  91|0x0000000085b00000, 0x0000000085b00000, 0x0000000085c00000|  0%| F|  |TAMS 0x0000000085b00000, 0x0000000085b00000| Untracked 
|  92|0x0000000085c00000, 0x0000000085c00000, 0x0000000085d00000|  0%| F|  |TAMS 0x0000000085c00000, 0x0000000085c00000| Untracked 
|  93|0x0000000085d00000, 0x0000000085d00000, 0x0000000085e00000|  0%| F|  |TAMS 0x0000000085d00000, 0x0000000085d00000| Untracked 
|  94|0x0000000085e00000, 0x0000000085e00000, 0x0000000085f00000|  0%| F|  |TAMS 0x0000000085e00000, 0x0000000085e00000| Untracked 
|  95|0x0000000085f00000, 0x0000000085f00000, 0x0000000086000000|  0%| F|  |TAMS 0x0000000085f00000, 0x0000000085f00000| Untracked 
|  96|0x0000000086000000, 0x0000000086000000, 0x0000000086100000|  0%| F|  |TAMS 0x0000000086000000, 0x0000000086000000| Untracked 
|  97|0x0000000086100000, 0x0000000086100000, 0x0000000086200000|  0%| F|  |TAMS 0x0000000086100000, 0x0000000086100000| Untracked 
|  98|0x0000000086200000, 0x0000000086200000, 0x0000000086300000|  0%| F|  |TAMS 0x0000000086200000, 0x0000000086200000| Untracked 
|  99|0x0000000086300000, 0x0000000086300000, 0x0000000086400000|  0%| F|  |TAMS 0x0000000086300000, 0x0000000086300000| Untracked 
| 100|0x0000000086400000, 0x0000000086400000, 0x0000000086500000|  0%| F|  |TAMS 0x0000000086400000, 0x0000000086400000| Untracked 
| 101|0x0000000086500000, 0x0000000086500000, 0x0000000086600000|  0%| F|  |TAMS 0x0000000086500000, 0x0000000086500000| Untracked 
| 102|0x0000000086600000, 0x0000000086600000, 0x0000000086700000|  0%| F|  |TAMS 0x0000000086600000, 0x0000000086600000| Untracked 
| 103|0x0000000086700000, 0x0000000086700000, 0x0000000086800000|  0%| F|  |TAMS 0x0000000086700000, 0x0000000086700000| Untracked 
| 104|0x0000000086800000, 0x0000000086800000, 0x0000000086900000|  0%| F|  |TAMS 0x0000000086800000, 0x0000000086800000| Untracked 
| 105|0x0000000086900000, 0x0000000086900000, 0x0000000086a00000|  0%| F|  |TAMS 0x0000000086900000, 0x0000000086900000| Untracked 
| 106|0x0000000086a00000, 0x0000000086a00000, 0x0000000086b00000|  0%| F|  |TAMS 0x0000000086a00000, 0x0000000086a00000| Untracked 
| 107|0x0000000086b00000, 0x0000000086b00000, 0x0000000086c00000|  0%| F|  |TAMS 0x0000000086b00000, 0x0000000086b00000| Untracked 
| 108|0x0000000086c00000, 0x0000000086c00000, 0x0000000086d00000|  0%| F|  |TAMS 0x0000000086c00000, 0x0000000086c00000| Untracked 
| 109|0x0000000086d00000, 0x0000000086d00000, 0x0000000086e00000|  0%| F|  |TAMS 0x0000000086d00000, 0x0000000086d00000| Untracked 
| 110|0x0000000086e00000, 0x0000000086e00000, 0x0000000086f00000|  0%| F|  |TAMS 0x0000000086e00000, 0x0000000086e00000| Untracked 
| 111|0x0000000086f00000, 0x0000000086f00000, 0x0000000087000000|  0%| F|  |TAMS 0x0000000086f00000, 0x0000000086f00000| Untracked 
| 112|0x0000000087000000, 0x0000000087000000, 0x0000000087100000|  0%| F|  |TAMS 0x0000000087000000, 0x0000000087000000| Untracked 
| 113|0x0000000087100000, 0x0000000087100000, 0x0000000087200000|  0%| F|  |TAMS 0x0000000087100000, 0x0000000087100000| Untracked 
| 114|0x0000000087200000, 0x0000000087200000, 0x0000000087300000|  0%| F|  |TAMS 0x0000000087200000, 0x0000000087200000| Untracked 
| 115|0x0000000087300000, 0x0000000087300000, 0x0000000087400000|  0%| F|  |TAMS 0x0000000087300000, 0x0000000087300000| Untracked 
| 116|0x0000000087400000, 0x0000000087400000, 0x0000000087500000|  0%| F|  |TAMS 0x0000000087400000, 0x0000000087400000| Untracked 
| 117|0x0000000087500000, 0x0000000087500000, 0x0000000087600000|  0%| F|  |TAMS 0x0000000087500000, 0x0000000087500000| Untracked 
| 118|0x0000000087600000, 0x0000000087600000, 0x0000000087700000|  0%| F|  |TAMS 0x0000000087600000, 0x0000000087600000| Untracked 
| 119|0x0000000087700000, 0x0000000087700000, 0x0000000087800000|  0%| F|  |TAMS 0x0000000087700000, 0x0000000087700000| Untracked 
| 120|0x0000000087800000, 0x0000000087800000, 0x0000000087900000|  0%| F|  |TAMS 0x0000000087800000, 0x0000000087800000| Untracked 
| 121|0x0000000087900000, 0x0000000087900000, 0x0000000087a00000|  0%| F|  |TAMS 0x0000000087900000, 0x0000000087900000| Untracked 
| 122|0x0000000087a00000, 0x0000000087a00000, 0x0000000087b00000|  0%| F|  |TAMS 0x0000000087a00000, 0x0000000087a00000| Untracked 
| 123|0x0000000087b00000, 0x0000000087b30150, 0x0000000087c00000| 18%| S|CS|TAMS 0x0000000087b00000, 0x0000000087b00000| Complete 
| 124|0x0000000087c00000, 0x0000000087d00000, 0x0000000087d00000|100%| S|CS|TAMS 0x0000000087c00000, 0x0000000087c00000| Complete 
| 125|0x0000000087d00000, 0x0000000087e00000, 0x0000000087e00000|100%| S|CS|TAMS 0x0000000087d00000, 0x0000000087d00000| Complete 
| 126|0x0000000087e00000, 0x0000000087f00000, 0x0000000087f00000|100%| S|CS|TAMS 0x0000000087e00000, 0x0000000087e00000| Complete 
| 127|0x0000000087f00000, 0x0000000087f00000, 0x0000000088000000|  0%| F|  |TAMS 0x0000000087f00000, 0x0000000087f00000| Untracked 
| 128|0x0000000088000000, 0x0000000088000000, 0x0000000088100000|  0%| F|  |TAMS 0x0000000088000000, 0x0000000088000000| Untracked 
| 129|0x0000000088100000, 0x0000000088100000, 0x0000000088200000|  0%| F|  |TAMS 0x0000000088100000, 0x0000000088100000| Untracked 
| 130|0x0000000088200000, 0x0000000088200000, 0x0000000088300000|  0%| F|  |TAMS 0x0000000088200000, 0x0000000088200000| Untracked 
| 131|0x0000000088300000, 0x0000000088300000, 0x0000000088400000|  0%| F|  |TAMS 0x0000000088300000, 0x0000000088300000| Untracked 
| 132|0x0000000088400000, 0x0000000088400000, 0x0000000088500000|  0%| F|  |TAMS 0x0000000088400000, 0x0000000088400000| Untracked 
| 133|0x0000000088500000, 0x0000000088500000, 0x0000000088600000|  0%| F|  |TAMS 0x0000000088500000, 0x0000000088500000| Untracked 
| 134|0x0000000088600000, 0x0000000088600000, 0x0000000088700000|  0%| F|  |TAMS 0x0000000088600000, 0x0000000088600000| Untracked 
| 135|0x0000000088700000, 0x0000000088700000, 0x0000000088800000|  0%| F|  |TAMS 0x0000000088700000, 0x0000000088700000| Untracked 
| 136|0x0000000088800000, 0x0000000088800000, 0x0000000088900000|  0%| F|  |TAMS 0x0000000088800000, 0x0000000088800000| Untracked 
| 137|0x0000000088900000, 0x0000000088900000, 0x0000000088a00000|  0%| F|  |TAMS 0x0000000088900000, 0x0000000088900000| Untracked 
| 138|0x0000000088a00000, 0x0000000088a00000, 0x0000000088b00000|  0%| F|  |TAMS 0x0000000088a00000, 0x0000000088a00000| Untracked 
| 139|0x0000000088b00000, 0x0000000088b00000, 0x0000000088c00000|  0%| F|  |TAMS 0x0000000088b00000, 0x0000000088b00000| Untracked 
| 140|0x0000000088c00000, 0x0000000088c00000, 0x0000000088d00000|  0%| F|  |TAMS 0x0000000088c00000, 0x0000000088c00000| Untracked 
| 141|0x0000000088d00000, 0x0000000088d00000, 0x0000000088e00000|  0%| F|  |TAMS 0x0000000088d00000, 0x0000000088d00000| Untracked 
| 142|0x0000000088e00000, 0x0000000088e00000, 0x0000000088f00000|  0%| F|  |TAMS 0x0000000088e00000, 0x0000000088e00000| Untracked 
| 143|0x0000000088f00000, 0x0000000088f00000, 0x0000000089000000|  0%| F|  |TAMS 0x0000000088f00000, 0x0000000088f00000| Untracked 
| 144|0x0000000089000000, 0x0000000089000000, 0x0000000089100000|  0%| F|  |TAMS 0x0000000089000000, 0x0000000089000000| Untracked 
| 145|0x0000000089100000, 0x0000000089100000, 0x0000000089200000|  0%| F|  |TAMS 0x0000000089100000, 0x0000000089100000| Untracked 
| 146|0x0000000089200000, 0x0000000089200000, 0x0000000089300000|  0%| F|  |TAMS 0x0000000089200000, 0x0000000089200000| Untracked 
| 147|0x0000000089300000, 0x0000000089300000, 0x0000000089400000|  0%| F|  |TAMS 0x0000000089300000, 0x0000000089300000| Untracked 
| 148|0x0000000089400000, 0x0000000089400000, 0x0000000089500000|  0%| F|  |TAMS 0x0000000089400000, 0x0000000089400000| Untracked 
| 149|0x0000000089500000, 0x0000000089500000, 0x0000000089600000|  0%| F|  |TAMS 0x0000000089500000, 0x0000000089500000| Untracked 
| 150|0x0000000089600000, 0x0000000089600000, 0x0000000089700000|  0%| F|  |TAMS 0x0000000089600000, 0x0000000089600000| Untracked 
| 151|0x0000000089700000, 0x0000000089700000, 0x0000000089800000|  0%| F|  |TAMS 0x0000000089700000, 0x0000000089700000| Untracked 
| 152|0x0000000089800000, 0x0000000089800000, 0x0000000089900000|  0%| F|  |TAMS 0x0000000089800000, 0x0000000089800000| Untracked 
| 153|0x0000000089900000, 0x0000000089900000, 0x0000000089a00000|  0%| F|  |TAMS 0x0000000089900000, 0x0000000089900000| Untracked 
| 154|0x0000000089a00000, 0x0000000089a00000, 0x0000000089b00000|  0%| F|  |TAMS 0x0000000089a00000, 0x0000000089a00000| Untracked 
| 155|0x0000000089b00000, 0x0000000089b00000, 0x0000000089c00000|  0%| F|  |TAMS 0x0000000089b00000, 0x0000000089b00000| Untracked 
| 156|0x0000000089c00000, 0x0000000089c00000, 0x0000000089d00000|  0%| F|  |TAMS 0x0000000089c00000, 0x0000000089c00000| Untracked 
| 157|0x0000000089d00000, 0x0000000089d00000, 0x0000000089e00000|  0%| F|  |TAMS 0x0000000089d00000, 0x0000000089d00000| Untracked 
| 158|0x0000000089e00000, 0x0000000089e00000, 0x0000000089f00000|  0%| F|  |TAMS 0x0000000089e00000, 0x0000000089e00000| Untracked 
| 159|0x0000000089f00000, 0x000000008a000000, 0x000000008a000000|100%| E|  |TAMS 0x0000000089f00000, 0x0000000089f00000| Complete 
| 160|0x000000008a000000, 0x000000008a100000, 0x000000008a100000|100%| E|CS|TAMS 0x000000008a000000, 0x000000008a000000| Complete 
| 161|0x000000008a100000, 0x000000008a200000, 0x000000008a200000|100%| E|CS|TAMS 0x000000008a100000, 0x000000008a100000| Complete 

Card table byte_map: [0x000002247a050000,0x000002247a450000] _byte_map_base: 0x0000022479c50000

Marking Bits (Prev, Next): (CMBitMap*) 0x0000022475b4abd8, (CMBitMap*) 0x0000022475b4ac10
 Prev Bits: [0x000002247a850000, 0x000002247c850000)
 Next Bits: [0x000002247c850000, 0x000002247e850000)

Polling page: 0x0000022479600000

Metaspace:

Usage:
  Non-class:     56.54 MB capacity,    55.37 MB ( 98%) used,     1.01 MB (  2%) free+waste,   165.56 KB ( <1%) overhead. 
      Class:      8.70 MB capacity,     8.08 MB ( 93%) used,   552.98 KB (  6%) free+waste,    78.31 KB ( <1%) overhead. 
       Both:     65.24 MB capacity,    63.45 MB ( 97%) used,     1.55 MB (  2%) free+waste,   243.88 KB ( <1%) overhead. 

Virtual space:
  Non-class space:       58.00 MB reserved,      56.75 MB ( 98%) committed 
      Class space:        1.00 GB reserved,       8.75 MB ( <1%) committed 
             Both:        1.06 GB reserved,      65.50 MB (  6%) committed 

Chunk freelists:
   Non-Class:  23.00 KB
       Class:  21.00 KB
        Both:  44.00 KB

MaxMetaspaceSize: 17179869184.00 GB
CompressedClassSpaceSize: 1.00 GB

CodeHeap 'non-profiled nmethods': size=120064Kb used=2987Kb max_used=2987Kb free=117076Kb
 bounds [0x0000022407ac0000, 0x0000022407db0000, 0x000002240f000000]
CodeHeap 'profiled nmethods': size=120000Kb used=13812Kb max_used=13812Kb free=106187Kb
 bounds [0x0000022400590000, 0x0000022401310000, 0x0000022407ac0000]
CodeHeap 'non-nmethods': size=5696Kb used=2264Kb max_used=2291Kb free=3431Kb
 bounds [0x0000022400000000, 0x0000022400270000, 0x0000022400590000]
 total_blobs=7272 nmethods=6414 adapters=768
 compilation: enabled
              stopped_count=0, restarted_count=0
 full_count=0

Compilation events (20 events):
Event: 19.514 Thread 0x000002247eecb000 6508       3       java.util.LinkedList$ListItr::hasPrevious (13 bytes)
Event: 19.514 Thread 0x000002247eecb000 nmethod 6508 0x0000022401301710 code [0x00000224013018c0, 0x0000022401301a18]
Event: 19.519 Thread 0x000002247eecb000 6509       1       groovy.lang.MetaClassImpl::getTheClass (5 bytes)
Event: 19.520 Thread 0x000002247eecb000 nmethod 6509 0x0000022407daac10 code [0x0000022407daadc0, 0x0000022407daae78]
Event: 19.521 Thread 0x000002247eecb000 6511       3       java.lang.PublicMethods$MethodList::filter (104 bytes)
Event: 19.522 Thread 0x000002247eecb000 nmethod 6511 0x0000022401301a90 code [0x0000022401301d00, 0x0000022401302878]
Event: 19.526 Thread 0x000002247eecb000 6513       3       org.codehaus.groovy.reflection.ParameterTypes::<init> (5 bytes)
Event: 19.526 Thread 0x000002247eecb000 nmethod 6513 0x0000022401302d90 code [0x0000022401302f40, 0x0000022401303098]
Event: 19.531 Thread 0x000002247eecb000 6515       3       java.util.Arrays$ArrayList::indexOf (62 bytes)
Event: 19.532 Thread 0x000002247eecb000 nmethod 6515 0x0000022401303190 code [0x0000022401303380, 0x00000224013037c8]
Event: 19.532 Thread 0x000002247eecb000 6514       3       java.util.Arrays$ArrayList::contains (14 bytes)
Event: 19.532 Thread 0x000002247eecb000 nmethod 6514 0x0000022401303990 code [0x0000022401303b40, 0x0000022401303ce8]
Event: 19.543 Thread 0x000002247eecb000 6516       3       sun.reflect.generics.reflectiveObjects.ParameterizedTypeImpl::equals (81 bytes)
Event: 19.544 Thread 0x000002247eecb000 nmethod 6516 0x0000022401303d90 code [0x0000022401303fe0, 0x0000022401304b48]
Event: 19.545 Thread 0x000002247eecb000 6517   !   3       com.sun.beans.introspect.MethodInfo::get (143 bytes)
Event: 19.547 Thread 0x000002247eecb000 nmethod 6517 0x0000022401304d90 code [0x0000022401305100, 0x0000022401306768]
Event: 19.548 Thread 0x000002247eecb000 6518       3       sun.reflect.generics.scope.MethodScope::computeEnclosingScope (8 bytes)
Event: 19.548 Thread 0x000002247eecb000 nmethod 6518 0x0000022401306f10 code [0x0000022401307100, 0x0000022401307618]
Event: 19.548 Thread 0x000002247eecb000 6519       3       sun.reflect.generics.scope.MethodScope::getEnclosingClass (11 bytes)
Event: 19.548 Thread 0x000002247eecb000 nmethod 6519 0x0000022401307810 code [0x00000224013079c0, 0x0000022401307c58]

GC Heap History (20 events):
Event: 10.173 GC heap before
{Heap before GC invocations=14 (full 0):
 garbage-first heap   total 95232K, used 66067K [0x0000000080000000, 0x0000000100000000)
  region size 1024K, 34 young (34816K), 3 survivors (3072K)
 Metaspace       used 37671K, capacity 38712K, committed 38784K, reserved 1083392K
  class space    used 4867K, capacity 5208K, committed 5248K, reserved 1048576K
}
Event: 10.184 GC heap after
{Heap after GC invocations=15 (full 0):
 garbage-first heap   total 95232K, used 38355K [0x0000000080000000, 0x0000000100000000)
  region size 1024K, 5 young (5120K), 5 survivors (5120K)
 Metaspace       used 37671K, capacity 38712K, committed 38784K, reserved 1083392K
  class space    used 4867K, capacity 5208K, committed 5248K, reserved 1048576K
}
Event: 10.891 GC heap before
{Heap before GC invocations=16 (full 0):
 garbage-first heap   total 95232K, used 71123K [0x0000000080000000, 0x0000000100000000)
  region size 1024K, 35 young (35840K), 5 survivors (5120K)
 Metaspace       used 40971K, capacity 42005K, committed 42368K, reserved 1085440K
  class space    used 5258K, capacity 5647K, committed 5760K, reserved 1048576K
}
Event: 10.906 GC heap after
{Heap after GC invocations=17 (full 0):
 garbage-first heap   total 114688K, used 39500K [0x0000000080000000, 0x0000000100000000)
  region size 1024K, 4 young (4096K), 4 survivors (4096K)
 Metaspace       used 40971K, capacity 42005K, committed 42368K, reserved 1085440K
  class space    used 5258K, capacity 5647K, committed 5760K, reserved 1048576K
}
Event: 11.930 GC heap before
{Heap before GC invocations=17 (full 0):
 garbage-first heap   total 114688K, used 87628K [0x0000000080000000, 0x0000000100000000)
  region size 1024K, 43 young (44032K), 4 survivors (4096K)
 Metaspace       used 44140K, capacity 45318K, committed 45440K, reserved 1089536K
  class space    used 5558K, capacity 5975K, committed 6016K, reserved 1048576K
}
Event: 11.943 GC heap after
{Heap after GC invocations=18 (full 0):
 garbage-first heap   total 114688K, used 52548K [0x0000000080000000, 0x0000000100000000)
  region size 1024K, 6 young (6144K), 6 survivors (6144K)
 Metaspace       used 44140K, capacity 45318K, committed 45440K, reserved 1089536K
  class space    used 5558K, capacity 5975K, committed 6016K, reserved 1048576K
}
Event: 12.543 GC heap before
{Heap before GC invocations=18 (full 0):
 garbage-first heap   total 114688K, used 88388K [0x0000000080000000, 0x0000000100000000)
  region size 1024K, 41 young (41984K), 6 survivors (6144K)
 Metaspace       used 45825K, capacity 47029K, committed 47232K, reserved 1089536K
  class space    used 5820K, capacity 6266K, committed 6272K, reserved 1048576K
}
Event: 12.563 GC heap after
{Heap after GC invocations=19 (full 0):
 garbage-first heap   total 114688K, used 55413K [0x0000000080000000, 0x0000000100000000)
  region size 1024K, 3 young (3072K), 3 survivors (3072K)
 Metaspace       used 45825K, capacity 47029K, committed 47232K, reserved 1089536K
  class space    used 5820K, capacity 6266K, committed 6272K, reserved 1048576K
}
Event: 13.405 GC heap before
{Heap before GC invocations=19 (full 0):
 garbage-first heap   total 114688K, used 89205K [0x0000000080000000, 0x0000000100000000)
  region size 1024K, 36 young (36864K), 3 survivors (3072K)
 Metaspace       used 47974K, capacity 49403K, committed 49664K, reserved 1091584K
  class space    used 6171K, capacity 6632K, committed 6656K, reserved 1048576K
}
Event: 13.425 GC heap after
{Heap after GC invocations=20 (full 0):
 garbage-first heap   total 114688K, used 56977K [0x0000000080000000, 0x0000000100000000)
  region size 1024K, 2 young (2048K), 2 survivors (2048K)
 Metaspace       used 47974K, capacity 49403K, committed 49664K, reserved 1091584K
  class space    used 6171K, capacity 6632K, committed 6656K, reserved 1048576K
}
Event: 15.558 GC heap before
{Heap before GC invocations=21 (full 0):
 garbage-first heap   total 114688K, used 88721K [0x0000000080000000, 0x0000000100000000)
  region size 1024K, 34 young (34816K), 2 survivors (2048K)
 Metaspace       used 49655K, capacity 51126K, committed 51456K, reserved 1093632K
  class space    used 6344K, capacity 6812K, committed 6912K, reserved 1048576K
}
Event: 15.570 GC heap after
{Heap after GC invocations=22 (full 0):
 garbage-first heap   total 138240K, used 58803K [0x0000000080000000, 0x0000000100000000)
  region size 1024K, 4 young (4096K), 4 survivors (4096K)
 Metaspace       used 49655K, capacity 51126K, committed 51456K, reserved 1093632K
  class space    used 6344K, capacity 6812K, committed 6912K, reserved 1048576K
}
Event: 16.882 GC heap before
{Heap before GC invocations=22 (full 0):
 garbage-first heap   total 138240K, used 104883K [0x0000000080000000, 0x0000000100000000)
  region size 1024K, 45 young (46080K), 4 survivors (4096K)
 Metaspace       used 53868K, capacity 55485K, committed 55552K, reserved 1097728K
  class space    used 6863K, capacity 7390K, committed 7424K, reserved 1048576K
}
Event: 16.907 GC heap after
{Heap after GC invocations=23 (full 0):
 garbage-first heap   total 138240K, used 69094K [0x0000000080000000, 0x0000000100000000)
  region size 1024K, 6 young (6144K), 6 survivors (6144K)
 Metaspace       used 53868K, capacity 55485K, committed 55552K, reserved 1097728K
  class space    used 6863K, capacity 7390K, committed 7424K, reserved 1048576K
}
Event: 17.906 GC heap before
{Heap before GC invocations=23 (full 0):
 garbage-first heap   total 138240K, used 108006K [0x0000000080000000, 0x0000000100000000)
  region size 1024K, 44 young (45056K), 6 survivors (6144K)
 Metaspace       used 59593K, capacity 61368K, committed 61568K, reserved 1101824K
  class space    used 7593K, capacity 8197K, committed 8320K, reserved 1048576K
}
Event: 17.936 GC heap after
{Heap after GC invocations=24 (full 0):
 garbage-first heap   total 138240K, used 71701K [0x0000000080000000, 0x0000000100000000)
  region size 1024K, 3 young (3072K), 3 survivors (3072K)
 Metaspace       used 59593K, capacity 61368K, committed 61568K, reserved 1101824K
  class space    used 7593K, capacity 8197K, committed 8320K, reserved 1048576K
}
Event: 18.836 GC heap before
{Heap before GC invocations=25 (full 0):
 garbage-first heap   total 138240K, used 108565K [0x0000000080000000, 0x0000000100000000)
  region size 1024K, 40 young (40960K), 3 survivors (3072K)
 Metaspace       used 63501K, capacity 65269K, committed 65536K, reserved 1105920K
  class space    used 8044K, capacity 8658K, committed 8704K, reserved 1048576K
}
Event: 18.849 GC heap after
{Heap after GC invocations=26 (full 0):
 garbage-first heap   total 138240K, used 74883K [0x0000000080000000, 0x0000000100000000)
  region size 1024K, 5 young (5120K), 5 survivors (5120K)
 Metaspace       used 63501K, capacity 65269K, committed 65536K, reserved 1105920K
  class space    used 8044K, capacity 8658K, committed 8704K, reserved 1048576K
}
Event: 18.939 GC heap before
{Heap before GC invocations=26 (full 0):
 garbage-first heap   total 138240K, used 80003K [0x0000000080000000, 0x0000000100000000)
  region size 1024K, 11 young (11264K), 5 survivors (5120K)
 Metaspace       used 63958K, capacity 65729K, committed 65920K, reserved 1105920K
  class space    used 8122K, capacity 8725K, committed 8832K, reserved 1048576K
}
Event: 18.963 GC heap after
{Heap after GC invocations=27 (full 0):
 garbage-first heap   total 165888K, used 75967K [0x0000000080000000, 0x0000000100000000)
  region size 1024K, 1 young (1024K), 1 survivors (1024K)
 Metaspace       used 63958K, capacity 65729K, committed 65920K, reserved 1105920K
  class space    used 8122K, capacity 8725K, committed 8832K, reserved 1048576K
}

Deoptimization events (20 events):
Event: 19.105 Thread 0x00000224124df000 Uncommon trap: trap_request=0xffffff4d fr.pc=0x0000022407acb554 relative=0x0000000000000034
Event: 19.105 Thread 0x00000224124df000 Uncommon trap: reason=unstable_if action=reinterpret pc=0x0000022407acb554 method=java.lang.StringLatin1.canEncode(I)Z @ 4 c2
Event: 19.105 Thread 0x00000224124df000 DEOPT PACKING pc=0x0000022407acb554 sp=0x000000efb53f6810
Event: 19.105 Thread 0x00000224124df000 DEOPT UNPACKING pc=0x00000224000278af sp=0x000000efb53f67a0 mode 2
Event: 19.105 Thread 0x00000224124df000 Uncommon trap: trap_request=0xffffff4d fr.pc=0x0000022407b0dc14 relative=0x0000000000000454
Event: 19.105 Thread 0x00000224124df000 Uncommon trap: reason=unstable_if action=reinterpret pc=0x0000022407b0dc14 method=java.lang.AbstractStringBuilder.putStringAt(ILjava/lang/String;)V @ 8 c2
Event: 19.105 Thread 0x00000224124df000 DEOPT PACKING pc=0x0000022407b0dc14 sp=0x000000efb53f68e0
Event: 19.105 Thread 0x00000224124df000 DEOPT UNPACKING pc=0x00000224000278af sp=0x000000efb53f6840 mode 2
Event: 19.105 Thread 0x00000224124df000 Uncommon trap: trap_request=0xffffff4d fr.pc=0x0000022407af216c relative=0x00000000000000cc
Event: 19.105 Thread 0x00000224124df000 Uncommon trap: reason=unstable_if action=reinterpret pc=0x0000022407af216c method=java.lang.String.getBytes([BIB)V @ 5 c2
Event: 19.105 Thread 0x00000224124df000 DEOPT PACKING pc=0x0000022407af216c sp=0x000000efb53f67f0
Event: 19.105 Thread 0x00000224124df000 DEOPT UNPACKING pc=0x00000224000278af sp=0x000000efb53f67b8 mode 2
Event: 19.277 Thread 0x00000224124df000 Uncommon trap: trap_request=0xffffff4d fr.pc=0x0000022407d15f7c relative=0x000000000000085c
Event: 19.277 Thread 0x00000224124df000 Uncommon trap: reason=unstable_if action=reinterpret pc=0x0000022407d15f7c method=com.sun.beans.introspect.MethodInfo$MethodOrder.compare(Ljava/lang/reflect/Method;Ljava/lang/reflect/Method;)I @ 124 c2
Event: 19.277 Thread 0x00000224124df000 DEOPT PACKING pc=0x0000022407d15f7c sp=0x000000efb53f6ec0
Event: 19.277 Thread 0x00000224124df000 DEOPT UNPACKING pc=0x00000224000278af sp=0x000000efb53f6e60 mode 2
Event: 19.520 Thread 0x00000224124df000 Uncommon trap: trap_request=0xffffff4d fr.pc=0x0000022407d38afc relative=0x000000000000069c
Event: 19.520 Thread 0x00000224124df000 Uncommon trap: reason=unstable_if action=reinterpret pc=0x0000022407d38afc method=java.lang.PublicMethods$MethodList.filter([Ljava/lang/reflect/Method;Ljava/lang/String;[Ljava/lang/Class;Z)Ljava/lang/PublicMethods$MethodList; @ 43 c2
Event: 19.520 Thread 0x00000224124df000 DEOPT PACKING pc=0x0000022407d38afc sp=0x000000efb53f4d70
Event: 19.520 Thread 0x00000224124df000 DEOPT UNPACKING pc=0x00000224000278af sp=0x000000efb53f4d30 mode 2

Classes redefined (0 events):
No events

Internal exceptions (20 events):
Event: 19.468 Thread 0x00000224124df000 Exception <a 'java/lang/ClassNotFoundException'{0x0000000088927d40}: com/android/build/gradle/internal/dsl/DefaultConfig_DecoratedBeanInfo> (0x0000000088927d40) thrown at [./src/hotspot/share/classfile/systemDictionary.cpp, line 231]
Event: 19.469 Thread 0x00000224124df000 Exception <a 'java/lang/ClassNotFoundException'{0x00000000889403d0}: com/android/build/gradle/internal/dsl/DefaultConfigBeanInfo> (0x00000000889403d0) thrown at [./src/hotspot/share/classfile/systemDictionary.cpp, line 231]
Event: 19.470 Thread 0x00000224124df000 Exception <a 'java/lang/ClassNotFoundException'{0x0000000088957ae0}: com/android/build/gradle/internal/dsl/BaseFlavorBeanInfo> (0x0000000088957ae0) thrown at [./src/hotspot/share/classfile/systemDictionary.cpp, line 231]
Event: 19.471 Thread 0x00000224124df000 Exception <a 'java/lang/ClassNotFoundException'{0x000000008896f018}: com/android/builder/core/AbstractProductFlavorBeanInfo> (0x000000008896f018) thrown at [./src/hotspot/share/classfile/systemDictionary.cpp, line 231]
Event: 19.472 Thread 0x00000224124df000 Exception <a 'java/lang/ClassNotFoundException'{0x00000000889868e0}: com/android/builder/internal/BaseConfigImplBeanInfo> (0x00000000889868e0) thrown at [./src/hotspot/share/classfile/systemDictionary.cpp, line 231]
Event: 19.473 Thread 0x00000224124df000 Exception <a 'java/lang/ClassNotFoundException'{0x000000008899dce8}: com/android/builder/internal/BaseConfigImplCustomizer> (0x000000008899dce8) thrown at [./src/hotspot/share/classfile/systemDictionary.cpp, line 231]
Event: 19.481 Thread 0x00000224124df000 Exception <a 'java/lang/ClassNotFoundException'{0x00000000889d3b30}: com/android/builder/core/AbstractProductFlavorCustomizer> (0x00000000889d3b30) thrown at [./src/hotspot/share/classfile/systemDictionary.cpp, line 231]
Event: 19.485 Thread 0x00000224124df000 Exception <a 'java/lang/ClassNotFoundException'{0x0000000088823d60}: com/android/build/gradle/internal/dsl/BaseFlavorCustomizer> (0x0000000088823d60) thrown at [./src/hotspot/share/classfile/systemDictionary.cpp, line 231]
Event: 19.497 Thread 0x00000224124df000 Exception <a 'java/lang/ClassNotFoundException'{0x00000000888998e0}: com/android/build/gradle/internal/dsl/DefaultConfigCustomizer> (0x00000000888998e0) thrown at [./src/hotspot/share/classfile/systemDictionary.cpp, line 231]
Event: 19.499 Thread 0x00000224124df000 Exception <a 'java/lang/ClassNotFoundException'{0x00000000888caa48}: com/android/build/gradle/internal/dsl/DefaultConfig_DecoratedCustomizer> (0x00000000888caa48) thrown at [./src/hotspot/share/classfile/systemDictionary.cpp, line 231]
Event: 19.516 Thread 0x00000224124df000 Exception <a 'java/lang/ClassNotFoundException'{0x000000008860d7f8}: org/gradle/api/internal/NamedDomainObjectContainerConfigureDelegateBeanInfo> (0x000000008860d7f8) thrown at [./src/hotspot/share/classfile/systemDictionary.cpp, line 231]
Event: 19.517 Thread 0x00000224124df000 Exception <a 'java/lang/ClassNotFoundException'{0x0000000088643a90}: org/gradle/api/internal/NamedDomainObjectContainerConfigureDelegateCustomizer> (0x0000000088643a90) thrown at [./src/hotspot/share/classfile/systemDictionary.cpp, line 231]
Event: 19.533 Thread 0x00000224124df000 Exception <a 'java/lang/ClassNotFoundException'{0x00000000884afdb8}: org/gradle/api/internal/FactoryNamedDomainObjectContainer_DecoratedBeanInfo> (0x00000000884afdb8) thrown at [./src/hotspot/share/classfile/systemDictionary.cpp, line 231]
Event: 19.535 Thread 0x00000224124df000 Exception <a 'java/lang/ClassNotFoundException'{0x00000000884e2538}: org/gradle/api/internal/FactoryNamedDomainObjectContainerBeanInfo> (0x00000000884e2538) thrown at [./src/hotspot/share/classfile/systemDictionary.cpp, line 231]
Event: 19.537 Thread 0x00000224124df000 Exception <a 'java/lang/ClassNotFoundException'{0x0000000088316c80}: org/gradle/api/internal/AbstractNamedDomainObjectContainerBeanInfo> (0x0000000088316c80) thrown at [./src/hotspot/share/classfile/systemDictionary.cpp, line 231]
Event: 19.539 Thread 0x00000224124df000 Exception <a 'java/lang/ClassNotFoundException'{0x0000000088349f18}: org/gradle/api/internal/DefaultNamedDomainObjectSetBeanInfo> (0x0000000088349f18) thrown at [./src/hotspot/share/classfile/systemDictionary.cpp, line 231]
Event: 19.543 Thread 0x00000224124df000 Exception <a 'java/lang/ClassNotFoundException'{0x000000008837d050}: org/gradle/api/internal/DefaultNamedDomainObjectSetCustomizer> (0x000000008837d050) thrown at [./src/hotspot/share/classfile/systemDictionary.cpp, line 231]
Event: 19.545 Thread 0x00000224124df000 Exception <a 'java/lang/ClassNotFoundException'{0x00000000883c6640}: org/gradle/api/internal/AbstractNamedDomainObjectContainerCustomizer> (0x00000000883c6640) thrown at [./src/hotspot/share/classfile/systemDictionary.cpp, line 231]
Event: 19.549 Thread 0x00000224124df000 Exception <a 'java/lang/ClassNotFoundException'{0x000000008820e3f0}: org/gradle/api/internal/FactoryNamedDomainObjectContainerCustomizer> (0x000000008820e3f0) thrown at [./src/hotspot/share/classfile/systemDictionary.cpp, line 231]
Event: 19.552 Thread 0x00000224124df000 Exception <a 'java/lang/ClassNotFoundException'{0x000000008824e570}: org/gradle/api/internal/FactoryNamedDomainObjectContainer_DecoratedCustomizer> (0x000000008824e570) thrown at [./src/hotspot/share/classfile/systemDictionary.cpp, line 231]

Events (20 events):
Event: 19.547 loading class org/gradle/api/internal/FactoryNamedDomainObjectContainerCustomizer
Event: 19.547 loading class org/gradle/api/internal/FactoryNamedDomainObjectContainerCustomizer done
Event: 19.548 loading class org/gradle/api/internal/FactoryNamedDomainObjectContainerCustomizer
Event: 19.548 loading class org/gradle/api/internal/FactoryNamedDomainObjectContainerCustomizer done
Event: 19.548 loading class org/gradle/api/internal/FactoryNamedDomainObjectContainerCustomizer
Event: 19.548 loading class org/gradle/api/internal/FactoryNamedDomainObjectContainerCustomizer done
Event: 19.549 loading class org/gradle/api/internal/FactoryNamedDomainObjectContainerCustomizer
Event: 19.549 loading class org/gradle/api/internal/FactoryNamedDomainObjectContainerCustomizer done
Event: 19.550 loading class org/gradle/api/internal/FactoryNamedDomainObjectContainer_DecoratedCustomizer
Event: 19.550 loading class org/gradle/api/internal/FactoryNamedDomainObjectContainer_DecoratedCustomizer done
Event: 19.551 loading class org/gradle/api/internal/FactoryNamedDomainObjectContainer_DecoratedCustomizer
Event: 19.551 loading class org/gradle/api/internal/FactoryNamedDomainObjectContainer_DecoratedCustomizer done
Event: 19.551 loading class org/gradle/api/internal/FactoryNamedDomainObjectContainer_DecoratedCustomizer
Event: 19.551 loading class org/gradle/api/internal/FactoryNamedDomainObjectContainer_DecoratedCustomizer done
Event: 19.552 loading class org/gradle/api/internal/FactoryNamedDomainObjectContainer_DecoratedCustomizer
Event: 19.552 loading class org/gradle/api/internal/FactoryNamedDomainObjectContainer_DecoratedCustomizer done
Event: 19.554 loading class groovy/runtime/metaclass/com/android/build/gradle/internal/dsl/BuildType_DecoratedMetaClass
Event: 19.555 loading class groovy/runtime/metaclass/com/android/build/gradle/internal/dsl/BuildType_DecoratedMetaClass done
Event: 19.584 loading class com/android/build/gradle/internal/dsl/BuildType_DecoratedBeanInfo
Event: 19.584 loading class com/android/build/gradle/internal/dsl/BuildType_DecoratedBeanInfo done


Dynamic libraries:
0x00007ff7a1640000 - 0x00007ff7a164a000 	C:\Program Files\Android\Android Studio\jre\bin\java.exe
0x00007ff9219b0000 - 0x00007ff921ba5000 	C:\WINDOWS\SYSTEM32\ntdll.dll
0x00007ff9207b0000 - 0x00007ff92086e000 	C:\WINDOWS\System32\KERNEL32.DLL
0x00007ff91f500000 - 0x00007ff91f7c9000 	C:\WINDOWS\System32\KERNELBASE.dll
0x00007ff91f130000 - 0x00007ff91f230000 	C:\WINDOWS\System32\ucrtbase.dll
0x00007ff9135f0000 - 0x00007ff913609000 	C:\Program Files\Android\Android Studio\jre\bin\jli.dll
0x00007ff919260000 - 0x00007ff919277000 	C:\Program Files\Android\Android Studio\jre\bin\VCRUNTIME140.dll
0x00007ff9208d0000 - 0x00007ff920a71000 	C:\WINDOWS\System32\USER32.dll
0x00007ff91f3c0000 - 0x00007ff91f3e2000 	C:\WINDOWS\System32\win32u.dll
0x00007ff91fe80000 - 0x00007ff91feab000 	C:\WINDOWS\System32\GDI32.dll
0x00007ff91f3f0000 - 0x00007ff91f4fb000 	C:\WINDOWS\System32\gdi32full.dll
0x00007ff91f7d0000 - 0x00007ff91f86d000 	C:\WINDOWS\System32\msvcp_win.dll
0x00007ff90ebd0000 - 0x00007ff90ee6a000 	C:\WINDOWS\WinSxS\amd64_microsoft.windows.common-controls_6595b64144ccf1df_6.0.19041.1110_none_60b5254171f9507e\COMCTL32.dll
0x00007ff921220000 - 0x00007ff9212be000 	C:\WINDOWS\System32\msvcrt.dll
0x00007ff921140000 - 0x00007ff921170000 	C:\WINDOWS\System32\IMM32.DLL
0x00007ff8d9a60000 - 0x00007ff8d9afd000 	C:\Program Files\Android\Android Studio\jre\bin\msvcp140.dll
0x00007ff8d7480000 - 0x00007ff8d7f4f000 	C:\Program Files\Android\Android Studio\jre\bin\server\jvm.dll
0x00007ff9218c0000 - 0x00007ff92196c000 	C:\WINDOWS\System32\ADVAPI32.dll
0x00007ff921320000 - 0x00007ff9213bb000 	C:\WINDOWS\System32\sechost.dll
0x00007ff920f20000 - 0x00007ff92104a000 	C:\WINDOWS\System32\RPCRT4.dll
0x00007ff920a80000 - 0x00007ff920a88000 	C:\WINDOWS\System32\PSAPI.DLL
0x00007ff919a40000 - 0x00007ff919a49000 	C:\WINDOWS\SYSTEM32\WSOCK32.dll
0x00007ff9112f0000 - 0x00007ff911317000 	C:\WINDOWS\SYSTEM32\WINMM.dll
0x00007ff9213c0000 - 0x00007ff92142b000 	C:\WINDOWS\System32\WS2_32.dll
0x00007ff9117b0000 - 0x00007ff9117ba000 	C:\WINDOWS\SYSTEM32\VERSION.dll
0x00007ff91cfd0000 - 0x00007ff91cfe2000 	C:\WINDOWS\SYSTEM32\kernel.appcore.dll
0x00007ff918260000 - 0x00007ff918271000 	C:\Program Files\Android\Android Studio\jre\bin\verify.dll
0x00007ff90ba20000 - 0x00007ff90bc04000 	C:\WINDOWS\SYSTEM32\DBGHELP.DLL
0x00007ff90c610000 - 0x00007ff90c63c000 	C:\WINDOWS\SYSTEM32\dbgcore.DLL
0x00007ff91f970000 - 0x00007ff91f9f3000 	C:\WINDOWS\System32\bcryptPrimitives.dll
0x00007ff904d20000 - 0x00007ff904d49000 	C:\Program Files\Android\Android Studio\jre\bin\java.dll
0x00007ff919a30000 - 0x00007ff919a3b000 	C:\Program Files\Android\Android Studio\jre\bin\jimage.dll
0x00007ff904d00000 - 0x00007ff904d18000 	C:\Program Files\Android\Android Studio\jre\bin\zip.dll
0x00007ff920070000 - 0x00007ff9207af000 	C:\WINDOWS\System32\SHELL32.dll
0x00007ff91d1d0000 - 0x00007ff91d960000 	C:\WINDOWS\SYSTEM32\windows.storage.dll
0x00007ff921560000 - 0x00007ff9218b5000 	C:\WINDOWS\System32\combase.dll
0x00007ff91eb20000 - 0x00007ff91eb4c000 	C:\WINDOWS\SYSTEM32\Wldp.dll
0x00007ff921170000 - 0x00007ff92121d000 	C:\WINDOWS\System32\SHCORE.dll
0x00007ff921430000 - 0x00007ff921485000 	C:\WINDOWS\System32\shlwapi.dll
0x00007ff91f010000 - 0x00007ff91f02f000 	C:\WINDOWS\SYSTEM32\profapi.dll
0x00007ff904ce0000 - 0x00007ff904cfa000 	C:\Program Files\Android\Android Studio\jre\bin\net.dll
0x00007ff910650000 - 0x00007ff910758000 	C:\WINDOWS\SYSTEM32\WINHTTP.dll
0x00007ff91e880000 - 0x00007ff91e8ea000 	C:\WINDOWS\system32\mswsock.dll
0x00007ff904cc0000 - 0x00007ff904cd4000 	C:\Program Files\Android\Android Studio\jre\bin\nio.dll
0x00007ff8d83f0000 - 0x00007ff8d8417000 	C:\Users\MinhNgan\.gradle\native\8bec1ad78214c89d9ad589b4d07fe93259594b29d510b10fafb7a158f7737e5d\windows-amd64\native-platform.dll
0x00007ff8d42f0000 - 0x00007ff8d442d000 	C:\Users\MinhNgan\.gradle\native\53dbd7edfb1c66fb8903c78663c9afc45aea4f116125fa6feffd364cf09443e8\windows-amd64\native-platform-file-events.dll
0x00007ff919250000 - 0x00007ff91925a000 	C:\Program Files\Android\Android Studio\jre\bin\management.dll
0x00007ff918250000 - 0x00007ff91825c000 	C:\Program Files\Android\Android Studio\jre\bin\management_ext.dll
0x00007ff91ea70000 - 0x00007ff91ea88000 	C:\WINDOWS\SYSTEM32\CRYPTSP.dll
0x00007ff91e190000 - 0x00007ff91e1c4000 	C:\WINDOWS\system32\rsaenh.dll
0x00007ff91f390000 - 0x00007ff91f3b7000 	C:\WINDOWS\System32\bcrypt.dll
0x00007ff91efd0000 - 0x00007ff91effe000 	C:\WINDOWS\SYSTEM32\USERENV.dll
0x00007ff91ea90000 - 0x00007ff91ea9c000 	C:\WINDOWS\SYSTEM32\CRYPTBASE.dll
0x00007ff91e520000 - 0x00007ff91e55b000 	C:\WINDOWS\SYSTEM32\IPHLPAPI.DLL
0x00007ff920a90000 - 0x00007ff920a98000 	C:\WINDOWS\System32\NSI.dll
0x00007ff913a70000 - 0x00007ff913a87000 	C:\WINDOWS\SYSTEM32\dhcpcsvc6.DLL
0x00007ff9175d0000 - 0x00007ff9175ed000 	C:\WINDOWS\SYSTEM32\dhcpcsvc.DLL
0x00007ff91e560000 - 0x00007ff91e62c000 	C:\WINDOWS\SYSTEM32\DNSAPI.dll

dbghelp: loaded successfully - version: 4.0.5 - missing functions: none
symbol engine: initialized successfully - sym options: 0x614 - pdb path: .;C:\Program Files\Android\Android Studio\jre\bin;C:\WINDOWS\SYSTEM32;C:\WINDOWS\WinSxS\amd64_microsoft.windows.common-controls_6595b64144ccf1df_6.0.19041.1110_none_60b5254171f9507e;C:\Program Files\Android\Android Studio\jre\bin\server;C:\Users\MinhNgan\.gradle\native\8bec1ad78214c89d9ad589b4d07fe93259594b29d510b10fafb7a158f7737e5d\windows-amd64;C:\Users\MinhNgan\.gradle\native\53dbd7edfb1c66fb8903c78663c9afc45aea4f116125fa6feffd364cf09443e8\windows-amd64

VM Arguments:
jvm_args: --add-opens=java.base/java.util=ALL-UNNAMED --add-opens=java.base/java.lang=ALL-UNNAMED --add-opens=java.base/java.lang.invoke=ALL-UNNAMED --add-opens=java.base/java.util=ALL-UNNAMED --add-opens=java.prefs/java.util.prefs=ALL-UNNAMED --add-opens=java.prefs/java.util.prefs=ALL-UNNAMED --add-opens=java.base/java.nio.charset=ALL-UNNAMED --add-opens=java.base/java.net=ALL-UNNAMED --add-opens=java.base/java.util.concurrent.atomic=ALL-UNNAMED -Xmx2048m -Dfile.encoding=UTF-8 -Duser.country=US -Duser.language=en -Duser.variant 
java_command: org.gradle.launcher.daemon.bootstrap.GradleDaemon 7.0.2
java_class_path (initial): C:\Users\MinhNgan\.gradle\wrapper\dists\gradle-7.0.2-bin\857tjihv64xamwrf0h14cai3r\gradle-7.0.2\lib\gradle-launcher-7.0.2.jar
Launcher Type: SUN_STANDARD

[Global flags]
     intx CICompilerCount                          = 3                                         {product} {ergonomic}
     uint ConcGCThreads                            = 1                                         {product} {ergonomic}
     uint G1ConcRefinementThreads                  = 4                                         {product} {ergonomic}
   size_t G1HeapRegionSize                         = 1048576                                   {product} {ergonomic}
    uintx GCDrainStackTargetSize                   = 64                                        {product} {ergonomic}
   size_t InitialHeapSize                          = 67108864                                  {product} {ergonomic}
   size_t MarkStackSize                            = 4194304                                   {product} {ergonomic}
   size_t MaxHeapSize                              = 2147483648                                {product} {command line}
   size_t MaxNewSize                               = 1287651328                                {product} {ergonomic}
   size_t MinHeapDeltaBytes                        = 1048576                                   {product} {ergonomic}
    uintx NonNMethodCodeHeapSize                   = 5830732                                {pd product} {ergonomic}
    uintx NonProfiledCodeHeapSize                  = 122913754                              {pd product} {ergonomic}
    uintx ProfiledCodeHeapSize                     = 122913754                              {pd product} {ergonomic}
    uintx ReservedCodeCacheSize                    = 251658240                              {pd product} {ergonomic}
     bool SegmentedCodeCache                       = true                                      {product} {ergonomic}
     bool UseCompressedClassPointers               = true                                 {lp64_product} {ergonomic}
     bool UseCompressedOops                        = true                                 {lp64_product} {ergonomic}
     bool UseG1GC                                  = true                                      {product} {ergonomic}
     bool UseLargePagesIndividualAllocation        = false                                  {pd product} {ergonomic}

Logging:
Log output configuration:
 #0: stdout all=warning uptime,level,tags
 #1: stderr all=off uptime,level,tags

Environment Variables:
PATH=C:\Program Files\Common Files\Oracle\Java\javapath;C:\WINDOWS\system32;C:\WINDOWS;C:\WINDOWS\System32\Wbem;C:\WINDOWS\System32\WindowsPowerShell\v1.0\;C:\WINDOWS\System32\OpenSSH\;C:\Program Files\dotnet\;C:\Program Files\Microsoft SQL Server\130\Tools\Binn\;C:\Program Files\Microsoft SQL Server\Client SDK\ODBC\170\Tools\Binn\;C:\Program Files (x86)\dotnet\;C:\Program Files\Git\cmd;C:\Users\MinhNgan\AppData\Local\Microsoft\WindowsApps
USERNAME=MinhNgan
OS=Windows_NT
PROCESSOR_IDENTIFIER=Intel64 Family 6 Model 69 Stepping 1, GenuineIntel



---------------  S Y S T E M  ---------------

OS: Windows 10 , 64 bit Build 19041 (10.0.19041.1202)
OS uptime: 0 days 0:15 hours

CPU:total 4 (initial active 4) (2 cores per cpu, 2 threads per core) family 6 model 69 stepping 1 microcode 0x25, cmov, cx8, fxsr, mmx, sse, sse2, sse3, ssse3, sse4.1, sse4.2, popcnt, avx, avx2, aes, clmul, erms, lzcnt, ht, tsc, tscinvbit, bmi1, bmi2, fma

Memory: 4k page, system-wide physical 3979M (178M free)
TotalPageFile size 6979M (AvailPageFile size 4M)
current process WorkingSet (physical memory assigned to process): 211M, peak: 265M
current process commit charge ("private bytes"): 377M, peak: 378M

vm_info: OpenJDK 64-Bit Server VM (11.0.10+0-b96-7249189) for windows-amd64 JRE (11.0.10+0-b96-7249189), built on Mar 31 2021 21:44:00 by "builder" with MS VC++ 14.0 (VS2015)

END.
