#
# There is insufficient memory for the Java Runtime Environment to continue.
# Native memory allocation (malloc) failed to allocate 2146256 bytes for Chunk::new
# Possible reasons:
#   The system is out of physical RAM or swap space
#   The process is running with CompressedOops enabled, and the Java Heap may be blocking the growth of the native heap
# Possible solutions:
#   Reduce memory load on the system
#   Increase physical memory or swap space
#   Check if swap backing store is full
#   Decrease Java heap size (-Xmx/-Xms)
#   Decrease number of Java threads
#   Decrease Java thread stack sizes (-Xss)
#   Set larger code cache with -XX:ReservedCodeCacheSize=
#   JVM is running with Unscaled Compressed Oops mode in which the Java heap is
#     placed in the first 4GB address space. The Java Heap base address is the
#     maximum limit for the native heap growth. Please use -XX:HeapBaseMinAddress
#     to set the Java Heap base and to place the Java Heap above 4GB virtual address.
# This output file may be truncated or incomplete.
#
#  Out of Memory Error (./src/hotspot/share/memory/arena.cpp:197), pid=8092, tid=6228
#
# JRE version: OpenJDK Runtime Environment (11.0.10) (build 11.0.10+0-b96-7249189)
# Java VM: OpenJDK 64-Bit Server VM (11.0.10+0-b96-7249189, mixed mode, tiered, compressed oops, g1 gc, windows-amd64)
# No core dump will be written. Minidumps are not enabled by default on client versions of Windows
#

---------------  S U M M A R Y ------------

Command Line: --add-opens=java.base/java.util=ALL-UNNAMED --add-opens=java.base/java.lang=ALL-UNNAMED --add-opens=java.base/java.lang.invoke=ALL-UNNAMED --add-opens=java.base/java.util=ALL-UNNAMED --add-opens=java.prefs/java.util.prefs=ALL-UNNAMED --add-opens=java.prefs/java.util.prefs=ALL-UNNAMED --add-opens=java.base/java.nio.charset=ALL-UNNAMED --add-opens=java.base/java.net=ALL-UNNAMED --add-opens=java.base/java.util.concurrent.atomic=ALL-UNNAMED -Xmx2048m -Dfile.encoding=UTF-8 -Duser.country=US -Duser.language=en -Duser.variant org.gradle.launcher.daemon.bootstrap.GradleDaemon 7.0.2

Host: Intel(R) Core(TM) i5-4210U CPU @ 1.70GHz, 4 cores, 3G,  Windows 10 , 64 bit Build 19041 (10.0.19041.1202)
Time: Mon Nov  8 10:36:37 2021 SE Asia Standard Time elapsed time: 464.870933 seconds (0d 0h 7m 44s)

---------------  T H R E A D  ---------------

Current thread (0x000002e4625ea000):  JavaThread "C2 CompilerThread0" daemon [_thread_in_native, id=6228, stack(0x000000ed48100000,0x000000ed48200000)]


Current CompileTask:
C2: 464871 10497       4       org.gradle.internal.service.DefaultServiceRegistry$OwnServices$ProviderAnalyser::analyseType (114 bytes)

Stack: [0x000000ed48100000,0x000000ed48200000]
Native frames: (J=compiled Java code, j=interpreted, Vv=VM code, C=native code)
V  [jvm.dll+0x5ecfaa]
V  [jvm.dll+0x722bd5]
V  [jvm.dll+0x72412d]
V  [jvm.dll+0x7247e3]
V  [jvm.dll+0x242928]
V  [jvm.dll+0xbc4fc]
V  [jvm.dll+0xbca0c]
V  [jvm.dll+0x352d3b]
V  [jvm.dll+0x320ad3]
V  [jvm.dll+0x31ffca]
V  [jvm.dll+0x1fb602]
V  [jvm.dll+0x1fa7f4]
V  [jvm.dll+0x18354c]
V  [jvm.dll+0x208ee7]
V  [jvm.dll+0x207731]
V  [jvm.dll+0x6eb1cf]
V  [jvm.dll+0x6e3d45]
V  [jvm.dll+0x5ebe96]
C  [ucrtbase.dll+0x21bb2]
C  [KERNEL32.DLL+0x17034]
C  [ntdll.dll+0x52651]


---------------  P R O C E S S  ---------------

Threads class SMR info:
_java_thread_list=0x000002e46ba64780, length=33, elements={
0x000002e4482aa000, 0x000002e462588000, 0x000002e462589800, 0x000002e4625e1800,
0x000002e4625e3800, 0x000002e4625e7000, 0x000002e4625ea000, 0x000002e46260b000,
0x000002e462f43800, 0x000002e463053800, 0x000002e463e88800, 0x000002e463558800,
0x000002e464991800, 0x000002e4632c8800, 0x000002e4632c7800, 0x000002e4632c6000,
0x000002e4632cc000, 0x000002e4632ca000, 0x000002e466e14800, 0x000002e466e12800,
0x000002e466e15800, 0x000002e466e13000, 0x000002e466e16800, 0x000002e466e1e800,
0x000002e466e1a800, 0x000002e466e10800, 0x000002e466e14000, 0x000002e466e17000,
0x000002e466e1b800, 0x000002e466e1d000, 0x000002e466e1d800, 0x000002e466e18000,
0x000002e466e19000
}

Java Threads: ( => current thread )
  0x000002e4482aa000 JavaThread "main" [_thread_blocked, id=8164, stack(0x000000ed47500000,0x000000ed47600000)]
  0x000002e462588000 JavaThread "Reference Handler" daemon [_thread_blocked, id=4288, stack(0x000000ed47c00000,0x000000ed47d00000)]
  0x000002e462589800 JavaThread "Finalizer" daemon [_thread_blocked, id=9804, stack(0x000000ed47d00000,0x000000ed47e00000)]
  0x000002e4625e1800 JavaThread "Signal Dispatcher" daemon [_thread_blocked, id=368, stack(0x000000ed47e00000,0x000000ed47f00000)]
  0x000002e4625e3800 JavaThread "Attach Listener" daemon [_thread_blocked, id=6660, stack(0x000000ed47f00000,0x000000ed48000000)]
  0x000002e4625e7000 JavaThread "Service Thread" daemon [_thread_blocked, id=7548, stack(0x000000ed48000000,0x000000ed48100000)]
=>0x000002e4625ea000 JavaThread "C2 CompilerThread0" daemon [_thread_in_native, id=6228, stack(0x000000ed48100000,0x000000ed48200000)]
  0x000002e46260b000 JavaThread "C1 CompilerThread0" daemon [_thread_blocked, id=936, stack(0x000000ed48200000,0x000000ed48300000)]
  0x000002e462f43800 JavaThread "Sweeper thread" daemon [_thread_blocked, id=6840, stack(0x000000ed48300000,0x000000ed48400000)]
  0x000002e463053800 JavaThread "Common-Cleaner" daemon [_thread_blocked, id=10180, stack(0x000000ed48400000,0x000000ed48500000)]
  0x000002e463e88800 JavaThread "Daemon health stats" [_thread_blocked, id=892, stack(0x000000ed48700000,0x000000ed48800000)]
  0x000002e463558800 JavaThread "Incoming local TCP Connector on port 49852" [_thread_in_native, id=8700, stack(0x000000ed48a00000,0x000000ed48b00000)]
  0x000002e464991800 JavaThread "Daemon periodic checks" [_thread_blocked, id=6656, stack(0x000000ed48b00000,0x000000ed48c00000)]
  0x000002e4632c8800 JavaThread "Cache worker for file hash cache (C:\Users\MinhNgan\.gradle\caches\7.0.2\fileHashes)" [_thread_blocked, id=1304, stack(0x000000ed49300000,0x000000ed49400000)]
  0x000002e4632c7800 JavaThread "File lock request listener" [_thread_in_native, id=1324, stack(0x000000ed49400000,0x000000ed49500000)]
  0x000002e4632c6000 JavaThread "Cache worker for journal cache (C:\Users\MinhNgan\.gradle\caches\journal-1)" [_thread_blocked, id=1388, stack(0x000000ed49500000,0x000000ed49600000)]
  0x000002e4632cc000 JavaThread "File watcher server" daemon [_thread_in_native, id=8556, stack(0x000000ed49700000,0x000000ed49800000)]
  0x000002e4632ca000 JavaThread "File watcher consumer" daemon [_thread_blocked, id=6648, stack(0x000000ed49800000,0x000000ed49900000)]
  0x000002e466e14800 JavaThread "Cache worker for execution history cache (C:\Users\MinhNgan\.gradle\caches\7.0.2\executionHistory)" [_thread_blocked, id=2016, stack(0x000000ed49c00000,0x000000ed49d00000)]
  0x000002e466e12800 JavaThread "jar transforms" [_thread_blocked, id=1512, stack(0x000000ed49d00000,0x000000ed49e00000)]
  0x000002e466e15800 JavaThread "jar transforms Thread 2" [_thread_blocked, id=8608, stack(0x000000ed49e00000,0x000000ed49f00000)]
  0x000002e466e13000 JavaThread "Cache worker for file content cache (C:\Users\MinhNgan\.gradle\caches\7.0.2\fileContent)" [_thread_blocked, id=9468, stack(0x000000ed49f00000,0x000000ed4a000000)]
  0x000002e466e16800 JavaThread "jar transforms Thread 3" [_thread_blocked, id=5296, stack(0x000000ed4a100000,0x000000ed4a200000)]
  0x000002e466e1e800 JavaThread "jar transforms Thread 4" [_thread_blocked, id=3344, stack(0x000000ed4a700000,0x000000ed4a800000)]
  0x000002e466e1a800 JavaThread "Memory manager" [_thread_blocked, id=2536, stack(0x000000ed4a800000,0x000000ed4a900000)]
  0x000002e466e10800 JavaThread "Daemon Thread 2" [_thread_blocked, id=6016, stack(0x000000ed47300000,0x000000ed47400000)]
  0x000002e466e14000 JavaThread "Handler for socket connection from /127.0.0.1:49852 to /127.0.0.1:49988" [_thread_in_native, id=2524, stack(0x000000ed47400000,0x000000ed47500000)]
  0x000002e466e17000 JavaThread "Cancel handler" [_thread_blocked, id=3508, stack(0x000000ed48c00000,0x000000ed48d00000)]
  0x000002e466e1b800 JavaThread "Daemon worker Thread 2" [_thread_in_Java, id=3548, stack(0x000000ed48d00000,0x000000ed48e00000)]
  0x000002e466e1d000 JavaThread "Asynchronous log dispatcher for DefaultDaemonConnection: socket connection from /127.0.0.1:49852 to /127.0.0.1:49988" [_thread_blocked, id=8236, stack(0x000000ed48e00000,0x000000ed48f00000)]
  0x000002e466e1d800 JavaThread "Stdin handler" [_thread_blocked, id=8064, stack(0x000000ed48f00000,0x000000ed49000000)]
  0x000002e466e18000 JavaThread "Daemon client event forwarder" [_thread_blocked, id=8468, stack(0x000000ed49000000,0x000000ed49100000)]
  0x000002e466e19000 JavaThread "Cache worker for file hash cache (C:\Users\MinhNgan\AndroidStudioProjects\Android_hepat\.gradle\7.0.2\fileHashes)" [_thread_blocked, id=10132, stack(0x000000ed49100000,0x000000ed49200000)]

Other Threads:
  0x000002e462581800 VMThread "VM Thread" [stack: 0x000000ed47b00000,0x000000ed47c00000] [id=9088]
  0x000002e463055000 WatcherThread [stack: 0x000000ed48500000,0x000000ed48600000] [id=9948]
  0x000002e4482c2800 GCTaskThread "GC Thread#0" [stack: 0x000000ed47600000,0x000000ed47700000] [id=1136]
  0x000002e462f61000 GCTaskThread "GC Thread#1" [stack: 0x000000ed48600000,0x000000ed48700000] [id=6884]
  0x000002e462f60000 GCTaskThread "GC Thread#2" [stack: 0x000000ed48800000,0x000000ed48900000] [id=864]
  0x000002e462f5e800 GCTaskThread "GC Thread#3" [stack: 0x000000ed48900000,0x000000ed48a00000] [id=860]
  0x000002e4482f2800 ConcurrentGCThread "G1 Main Marker" [stack: 0x000000ed47700000,0x000000ed47800000] [id=988]
  0x000002e4482f5800 ConcurrentGCThread "G1 Conc#0" [stack: 0x000000ed47800000,0x000000ed47900000] [id=1280]
  0x000002e448350000 ConcurrentGCThread "G1 Refine#0" [stack: 0x000000ed47900000,0x000000ed47a00000] [id=6436]
  0x000002e448351000 ConcurrentGCThread "G1 Young RemSet Sampling" [stack: 0x000000ed47a00000,0x000000ed47b00000] [id=5132]

Threads with active compile tasks:
C2 CompilerThread0 464953 10497       4       org.gradle.internal.service.DefaultServiceRegistry$OwnServices$ProviderAnalyser::analyseType (114 bytes)

VM state:not at safepoint (normal execution)

VM Mutex/Monitor currently owned by a thread: None

Heap address: 0x0000000080000000, size: 2048 MB, Compressed Oops mode: 32-bit
Narrow klass base: 0x0000000000000000, Narrow klass shift: 3
Compressed class space size: 1073741824 Address: 0x0000000100000000

Heap:
 garbage-first heap   total 165888K, used 79481K [0x0000000080000000, 0x0000000100000000)
  region size 1024K, 6 young (6144K), 4 survivors (4096K)
 Metaspace       used 81702K, capacity 83913K, committed 83964K, reserved 1122304K
  class space    used 10557K, capacity 11353K, committed 11392K, reserved 1048576K
Heap Regions: E=young(eden), S=young(survivor), O=old, HS=humongous(starts), HC=humongous(continues), CS=collection set, F=free, A=archive, TAMS=top-at-mark-start (previous, next)
|   0|0x0000000080000000, 0x0000000080100000, 0x0000000080100000|100%| O|  |TAMS 0x0000000080100000, 0x0000000080000000| Untracked 
|   1|0x0000000080100000, 0x0000000080200000, 0x0000000080200000|100%| O|  |TAMS 0x0000000080200000, 0x0000000080100000| Untracked 
|   2|0x0000000080200000, 0x0000000080300000, 0x0000000080300000|100%| O|  |TAMS 0x0000000080300000, 0x0000000080200000| Untracked 
|   3|0x0000000080300000, 0x0000000080400000, 0x0000000080400000|100%|HS|  |TAMS 0x0000000080400000, 0x0000000080300000| Complete 
|   4|0x0000000080400000, 0x0000000080500000, 0x0000000080500000|100%|HC|  |TAMS 0x0000000080500000, 0x0000000080400000| Complete 
|   5|0x0000000080500000, 0x0000000080600000, 0x0000000080600000|100%|HC|  |TAMS 0x0000000080600000, 0x0000000080500000| Complete 
|   6|0x0000000080600000, 0x0000000080700000, 0x0000000080700000|100%| O|  |TAMS 0x0000000080700000, 0x0000000080600000| Untracked 
|   7|0x0000000080700000, 0x0000000080800000, 0x0000000080800000|100%| O|  |TAMS 0x0000000080800000, 0x0000000080700000| Untracked 
|   8|0x0000000080800000, 0x0000000080900000, 0x0000000080900000|100%| O|  |TAMS 0x0000000080900000, 0x0000000080800000| Untracked 
|   9|0x0000000080900000, 0x0000000080a00000, 0x0000000080a00000|100%| O|  |TAMS 0x0000000080a00000, 0x0000000080900000| Untracked 
|  10|0x0000000080a00000, 0x0000000080b00000, 0x0000000080b00000|100%| O|  |TAMS 0x0000000080b00000, 0x0000000080a00000| Untracked 
|  11|0x0000000080b00000, 0x0000000080c00000, 0x0000000080c00000|100%| O|  |TAMS 0x0000000080c00000, 0x0000000080b00000| Untracked 
|  12|0x0000000080c00000, 0x0000000080d00000, 0x0000000080d00000|100%| O|  |TAMS 0x0000000080d00000, 0x0000000080c00000| Untracked 
|  13|0x0000000080d00000, 0x0000000080e00000, 0x0000000080e00000|100%| O|  |TAMS 0x0000000080e00000, 0x0000000080d00000| Untracked 
|  14|0x0000000080e00000, 0x0000000080f00000, 0x0000000080f00000|100%| O|  |TAMS 0x0000000080f00000, 0x0000000080e00000| Untracked 
|  15|0x0000000080f00000, 0x0000000081000000, 0x0000000081000000|100%| O|  |TAMS 0x0000000081000000, 0x0000000080f00000| Untracked 
|  16|0x0000000081000000, 0x0000000081100000, 0x0000000081100000|100%| O|  |TAMS 0x0000000081100000, 0x0000000081000000| Untracked 
|  17|0x0000000081100000, 0x0000000081200000, 0x0000000081200000|100%| O|  |TAMS 0x0000000081200000, 0x0000000081100000| Untracked 
|  18|0x0000000081200000, 0x0000000081300000, 0x0000000081300000|100%| O|  |TAMS 0x0000000081300000, 0x0000000081200000| Untracked 
|  19|0x0000000081300000, 0x0000000081400000, 0x0000000081400000|100%| O|  |TAMS 0x0000000081400000, 0x0000000081300000| Untracked 
|  20|0x0000000081400000, 0x0000000081500000, 0x0000000081500000|100%| O|  |TAMS 0x0000000081500000, 0x0000000081400000| Untracked 
|  21|0x0000000081500000, 0x0000000081600000, 0x0000000081600000|100%| O|  |TAMS 0x0000000081600000, 0x0000000081500000| Untracked 
|  22|0x0000000081600000, 0x0000000081700000, 0x0000000081700000|100%| O|  |TAMS 0x0000000081700000, 0x0000000081600000| Untracked 
|  23|0x0000000081700000, 0x0000000081800000, 0x0000000081800000|100%| O|  |TAMS 0x0000000081800000, 0x0000000081700000| Untracked 
|  24|0x0000000081800000, 0x0000000081900000, 0x0000000081900000|100%| O|  |TAMS 0x0000000081900000, 0x0000000081800000| Untracked 
|  25|0x0000000081900000, 0x0000000081a00000, 0x0000000081a00000|100%| O|  |TAMS 0x0000000081a00000, 0x0000000081900000| Untracked 
|  26|0x0000000081a00000, 0x0000000081b00000, 0x0000000081b00000|100%| O|  |TAMS 0x0000000081b00000, 0x0000000081a00000| Untracked 
|  27|0x0000000081b00000, 0x0000000081c00000, 0x0000000081c00000|100%|HS|  |TAMS 0x0000000081c00000, 0x0000000081b00000| Complete 
|  28|0x0000000081c00000, 0x0000000081d00000, 0x0000000081d00000|100%|HS|  |TAMS 0x0000000081d00000, 0x0000000081c00000| Complete 
|  29|0x0000000081d00000, 0x0000000081e00000, 0x0000000081e00000|100%|HS|  |TAMS 0x0000000081e00000, 0x0000000081d00000| Complete 
|  30|0x0000000081e00000, 0x0000000081f00000, 0x0000000081f00000|100%|HC|  |TAMS 0x0000000081f00000, 0x0000000081e00000| Complete 
|  31|0x0000000081f00000, 0x0000000082000000, 0x0000000082000000|100%| O|  |TAMS 0x0000000082000000, 0x0000000081f00000| Untracked 
|  32|0x0000000082000000, 0x0000000082100000, 0x0000000082100000|100%| O|  |TAMS 0x0000000082100000, 0x0000000082000000| Untracked 
|  33|0x0000000082100000, 0x0000000082200000, 0x0000000082200000|100%| O|  |TAMS 0x0000000082200000, 0x0000000082100000| Untracked 
|  34|0x0000000082200000, 0x0000000082300000, 0x0000000082300000|100%| O|  |TAMS 0x0000000082300000, 0x0000000082200000| Untracked 
|  35|0x0000000082300000, 0x0000000082400000, 0x0000000082400000|100%| O|  |TAMS 0x0000000082400000, 0x0000000082300000| Untracked 
|  36|0x0000000082400000, 0x0000000082500000, 0x0000000082500000|100%| O|  |TAMS 0x0000000082500000, 0x0000000082400000| Untracked 
|  37|0x0000000082500000, 0x0000000082600000, 0x0000000082600000|100%| O|  |TAMS 0x0000000082600000, 0x0000000082500000| Untracked 
|  38|0x0000000082600000, 0x0000000082700000, 0x0000000082700000|100%| O|  |TAMS 0x0000000082700000, 0x0000000082600000| Untracked 
|  39|0x0000000082700000, 0x0000000082800000, 0x0000000082800000|100%| O|  |TAMS 0x0000000082800000, 0x0000000082700000| Untracked 
|  40|0x0000000082800000, 0x0000000082900000, 0x0000000082900000|100%| O|  |TAMS 0x0000000082900000, 0x0000000082800000| Untracked 
|  41|0x0000000082900000, 0x0000000082a00000, 0x0000000082a00000|100%| O|  |TAMS 0x0000000082a00000, 0x0000000082900000| Untracked 
|  42|0x0000000082a00000, 0x0000000082b00000, 0x0000000082b00000|100%| O|  |TAMS 0x0000000082b00000, 0x0000000082a00000| Untracked 
|  43|0x0000000082b00000, 0x0000000082c00000, 0x0000000082c00000|100%| O|  |TAMS 0x0000000082c00000, 0x0000000082b00000| Untracked 
|  44|0x0000000082c00000, 0x0000000082d00000, 0x0000000082d00000|100%| O|  |TAMS 0x0000000082d00000, 0x0000000082c00000| Untracked 
|  45|0x0000000082d00000, 0x0000000082e00000, 0x0000000082e00000|100%| O|  |TAMS 0x0000000082e00000, 0x0000000082d00000| Untracked 
|  46|0x0000000082e00000, 0x0000000082f00000, 0x0000000082f00000|100%| O|  |TAMS 0x0000000082f00000, 0x0000000082e00000| Untracked 
|  47|0x0000000082f00000, 0x0000000083000000, 0x0000000083000000|100%| O|  |TAMS 0x0000000083000000, 0x0000000082f00000| Untracked 
|  48|0x0000000083000000, 0x0000000083100000, 0x0000000083100000|100%| O|  |TAMS 0x0000000083100000, 0x0000000083000000| Untracked 
|  49|0x0000000083100000, 0x0000000083200000, 0x0000000083200000|100%| O|  |TAMS 0x0000000083200000, 0x0000000083100000| Untracked 
|  50|0x0000000083200000, 0x0000000083300000, 0x0000000083300000|100%| O|  |TAMS 0x0000000083300000, 0x0000000083200000| Untracked 
|  51|0x0000000083300000, 0x0000000083400000, 0x0000000083400000|100%| O|  |TAMS 0x0000000083400000, 0x0000000083300000| Untracked 
|  52|0x0000000083400000, 0x0000000083500000, 0x0000000083500000|100%| O|  |TAMS 0x0000000083500000, 0x0000000083400000| Untracked 
|  53|0x0000000083500000, 0x0000000083600000, 0x0000000083600000|100%| O|  |TAMS 0x0000000083600000, 0x0000000083500000| Untracked 
|  54|0x0000000083600000, 0x0000000083700000, 0x0000000083700000|100%| O|  |TAMS 0x0000000083700000, 0x0000000083600000| Untracked 
|  55|0x0000000083700000, 0x0000000083800000, 0x0000000083800000|100%| O|  |TAMS 0x0000000083800000, 0x0000000083700000| Untracked 
|  56|0x0000000083800000, 0x0000000083900000, 0x0000000083900000|100%| O|  |TAMS 0x0000000083900000, 0x0000000083800000| Untracked 
|  57|0x0000000083900000, 0x0000000083a00000, 0x0000000083a00000|100%| O|  |TAMS 0x0000000083a00000, 0x0000000083900000| Untracked 
|  58|0x0000000083a00000, 0x0000000083b00000, 0x0000000083b00000|100%| O|  |TAMS 0x0000000083b00000, 0x0000000083a00000| Untracked 
|  59|0x0000000083b00000, 0x0000000083c00000, 0x0000000083c00000|100%| O|  |TAMS 0x0000000083c00000, 0x0000000083b00000| Untracked 
|  60|0x0000000083c00000, 0x0000000083d00000, 0x0000000083d00000|100%| O|  |TAMS 0x0000000083d00000, 0x0000000083c00000| Untracked 
|  61|0x0000000083d00000, 0x0000000083e00000, 0x0000000083e00000|100%| O|  |TAMS 0x0000000083e00000, 0x0000000083d00000| Untracked 
|  62|0x0000000083e00000, 0x0000000083f00000, 0x0000000083f00000|100%| O|  |TAMS 0x0000000083f00000, 0x0000000083e00000| Untracked 
|  63|0x0000000083f00000, 0x0000000084000000, 0x0000000084000000|100%| O|  |TAMS 0x0000000084000000, 0x0000000083f00000| Untracked 
|  64|0x0000000084000000, 0x0000000084100000, 0x0000000084100000|100%| O|  |TAMS 0x0000000084100000, 0x0000000084000000| Untracked 
|  65|0x0000000084100000, 0x0000000084200000, 0x0000000084200000|100%| O|  |TAMS 0x0000000084200000, 0x0000000084100000| Untracked 
|  66|0x0000000084200000, 0x0000000084300000, 0x0000000084300000|100%| O|  |TAMS 0x0000000084300000, 0x0000000084200000| Untracked 
|  67|0x0000000084300000, 0x0000000084400000, 0x0000000084400000|100%| O|  |TAMS 0x0000000084400000, 0x0000000084300000| Untracked 
|  68|0x0000000084400000, 0x0000000084500000, 0x0000000084500000|100%| O|  |TAMS 0x0000000084500000, 0x0000000084400000| Untracked 
|  69|0x0000000084500000, 0x0000000084600000, 0x0000000084600000|100%| O|  |TAMS 0x0000000084600000, 0x0000000084500000| Untracked 
|  70|0x0000000084600000, 0x0000000084700000, 0x0000000084700000|100%| O|  |TAMS 0x0000000084700000, 0x0000000084600000| Untracked 
|  71|0x0000000084700000, 0x0000000084800000, 0x0000000084800000|100%| O|  |TAMS 0x0000000084700000, 0x0000000084700000| Untracked 
|  72|0x0000000084800000, 0x0000000084900000, 0x0000000084900000|100%| O|  |TAMS 0x0000000084800000, 0x0000000084800000| Untracked 
|  73|0x0000000084900000, 0x0000000084938e00, 0x0000000084a00000| 22%| O|  |TAMS 0x0000000084900000, 0x0000000084900000| Untracked 
|  74|0x0000000084a00000, 0x0000000084a00000, 0x0000000084b00000|  0%| F|  |TAMS 0x0000000084a00000, 0x0000000084a00000| Untracked 
|  75|0x0000000084b00000, 0x0000000084b00000, 0x0000000084c00000|  0%| F|  |TAMS 0x0000000084b00000, 0x0000000084b00000| Untracked 
|  76|0x0000000084c00000, 0x0000000084c00000, 0x0000000084d00000|  0%| F|  |TAMS 0x0000000084c00000, 0x0000000084c00000| Untracked 
|  77|0x0000000084d00000, 0x0000000084d00000, 0x0000000084e00000|  0%| F|  |TAMS 0x0000000084d00000, 0x0000000084d00000| Untracked 
|  78|0x0000000084e00000, 0x0000000084e00000, 0x0000000084f00000|  0%| F|  |TAMS 0x0000000084e00000, 0x0000000084e00000| Untracked 
|  79|0x0000000084f00000, 0x0000000084f00000, 0x0000000085000000|  0%| F|  |TAMS 0x0000000084f00000, 0x0000000084f00000| Untracked 
|  80|0x0000000085000000, 0x0000000085000000, 0x0000000085100000|  0%| F|  |TAMS 0x0000000085000000, 0x0000000085000000| Untracked 
|  81|0x0000000085100000, 0x0000000085100000, 0x0000000085200000|  0%| F|  |TAMS 0x0000000085100000, 0x0000000085100000| Untracked 
|  82|0x0000000085200000, 0x0000000085200000, 0x0000000085300000|  0%| F|  |TAMS 0x0000000085200000, 0x0000000085200000| Untracked 
|  83|0x0000000085300000, 0x0000000085300000, 0x0000000085400000|  0%| F|  |TAMS 0x0000000085300000, 0x0000000085300000| Untracked 
|  84|0x0000000085400000, 0x0000000085400000, 0x0000000085500000|  0%| F|  |TAMS 0x0000000085400000, 0x0000000085400000| Untracked 
|  85|0x0000000085500000, 0x0000000085500000, 0x0000000085600000|  0%| F|  |TAMS 0x0000000085500000, 0x0000000085500000| Untracked 
|  86|0x0000000085600000, 0x0000000085600000, 0x0000000085700000|  0%| F|  |TAMS 0x0000000085600000, 0x0000000085600000| Untracked 
|  87|0x0000000085700000, 0x0000000085700000, 0x0000000085800000|  0%| F|  |TAMS 0x0000000085700000, 0x0000000085700000| Untracked 
|  88|0x0000000085800000, 0x0000000085800000, 0x0000000085900000|  0%| F|  |TAMS 0x0000000085800000, 0x0000000085800000| Untracked 
|  89|0x0000000085900000, 0x0000000085900000, 0x0000000085a00000|  0%| F|  |TAMS 0x0000000085900000, 0x0000000085900000| Untracked 
|  90|0x0000000085a00000, 0x0000000085a00000, 0x0000000085b00000|  0%| F|  |TAMS 0x0000000085a00000, 0x0000000085a00000| Untracked 
|  91|0x0000000085b00000, 0x0000000085b00000, 0x0000000085c00000|  0%| F|  |TAMS 0x0000000085b00000, 0x0000000085b00000| Untracked 
|  92|0x0000000085c00000, 0x0000000085c00000, 0x0000000085d00000|  0%| F|  |TAMS 0x0000000085c00000, 0x0000000085c00000| Untracked 
|  93|0x0000000085d00000, 0x0000000085d65930, 0x0000000085e00000| 39%| S|CS|TAMS 0x0000000085d00000, 0x0000000085d00000| Complete 
|  94|0x0000000085e00000, 0x0000000085f00000, 0x0000000085f00000|100%| S|CS|TAMS 0x0000000085e00000, 0x0000000085e00000| Complete 
|  95|0x0000000085f00000, 0x0000000086000000, 0x0000000086000000|100%| S|CS|TAMS 0x0000000085f00000, 0x0000000085f00000| Complete 
|  96|0x0000000086000000, 0x0000000086100000, 0x0000000086100000|100%| S|CS|TAMS 0x0000000086000000, 0x0000000086000000| Complete 
|  97|0x0000000086100000, 0x0000000086100000, 0x0000000086200000|  0%| F|  |TAMS 0x0000000086100000, 0x0000000086100000| Untracked 
|  98|0x0000000086200000, 0x0000000086200000, 0x0000000086300000|  0%| F|  |TAMS 0x0000000086200000, 0x0000000086200000| Untracked 
|  99|0x0000000086300000, 0x0000000086300000, 0x0000000086400000|  0%| F|  |TAMS 0x0000000086300000, 0x0000000086300000| Untracked 
| 100|0x0000000086400000, 0x0000000086400000, 0x0000000086500000|  0%| F|  |TAMS 0x0000000086400000, 0x0000000086400000| Untracked 
| 101|0x0000000086500000, 0x0000000086500000, 0x0000000086600000|  0%| F|  |TAMS 0x0000000086500000, 0x0000000086500000| Untracked 
| 102|0x0000000086600000, 0x0000000086600000, 0x0000000086700000|  0%| F|  |TAMS 0x0000000086600000, 0x0000000086600000| Untracked 
| 103|0x0000000086700000, 0x0000000086700000, 0x0000000086800000|  0%| F|  |TAMS 0x0000000086700000, 0x0000000086700000| Untracked 
| 104|0x0000000086800000, 0x0000000086800000, 0x0000000086900000|  0%| F|  |TAMS 0x0000000086800000, 0x0000000086800000| Untracked 
| 105|0x0000000086900000, 0x0000000086900000, 0x0000000086a00000|  0%| F|  |TAMS 0x0000000086900000, 0x0000000086900000| Untracked 
| 106|0x0000000086a00000, 0x0000000086a00000, 0x0000000086b00000|  0%| F|  |TAMS 0x0000000086a00000, 0x0000000086a00000| Untracked 
| 107|0x0000000086b00000, 0x0000000086b00000, 0x0000000086c00000|  0%| F|  |TAMS 0x0000000086b00000, 0x0000000086b00000| Untracked 
| 108|0x0000000086c00000, 0x0000000086c00000, 0x0000000086d00000|  0%| F|  |TAMS 0x0000000086c00000, 0x0000000086c00000| Untracked 
| 109|0x0000000086d00000, 0x0000000086d00000, 0x0000000086e00000|  0%| F|  |TAMS 0x0000000086d00000, 0x0000000086d00000| Untracked 
| 110|0x0000000086e00000, 0x0000000086e00000, 0x0000000086f00000|  0%| F|  |TAMS 0x0000000086e00000, 0x0000000086e00000| Untracked 
| 111|0x0000000086f00000, 0x0000000086f00000, 0x0000000087000000|  0%| F|  |TAMS 0x0000000086f00000, 0x0000000086f00000| Untracked 
| 112|0x0000000087000000, 0x0000000087000000, 0x0000000087100000|  0%| F|  |TAMS 0x0000000087000000, 0x0000000087000000| Untracked 
| 113|0x0000000087100000, 0x0000000087100000, 0x0000000087200000|  0%| F|  |TAMS 0x0000000087100000, 0x0000000087100000| Untracked 
| 114|0x0000000087200000, 0x0000000087200000, 0x0000000087300000|  0%| F|  |TAMS 0x0000000087200000, 0x0000000087200000| Untracked 
| 115|0x0000000087300000, 0x0000000087300000, 0x0000000087400000|  0%| F|  |TAMS 0x0000000087300000, 0x0000000087300000| Untracked 
| 116|0x0000000087400000, 0x0000000087400000, 0x0000000087500000|  0%| F|  |TAMS 0x0000000087400000, 0x0000000087400000| Untracked 
| 117|0x0000000087500000, 0x0000000087500000, 0x0000000087600000|  0%| F|  |TAMS 0x0000000087500000, 0x0000000087500000| Untracked 
| 118|0x0000000087600000, 0x0000000087600000, 0x0000000087700000|  0%| F|  |TAMS 0x0000000087600000, 0x0000000087600000| Untracked 
| 119|0x0000000087700000, 0x0000000087700000, 0x0000000087800000|  0%| F|  |TAMS 0x0000000087700000, 0x0000000087700000| Untracked 
| 120|0x0000000087800000, 0x0000000087800000, 0x0000000087900000|  0%| F|  |TAMS 0x0000000087800000, 0x0000000087800000| Untracked 
| 121|0x0000000087900000, 0x0000000087900000, 0x0000000087a00000|  0%| F|  |TAMS 0x0000000087900000, 0x0000000087900000| Untracked 
| 122|0x0000000087a00000, 0x0000000087a00000, 0x0000000087b00000|  0%| F|  |TAMS 0x0000000087a00000, 0x0000000087a00000| Untracked 
| 123|0x0000000087b00000, 0x0000000087b00000, 0x0000000087c00000|  0%| F|  |TAMS 0x0000000087b00000, 0x0000000087b00000| Untracked 
| 124|0x0000000087c00000, 0x0000000087c00000, 0x0000000087d00000|  0%| F|  |TAMS 0x0000000087c00000, 0x0000000087c00000| Untracked 
| 125|0x0000000087d00000, 0x0000000087d00000, 0x0000000087e00000|  0%| F|  |TAMS 0x0000000087d00000, 0x0000000087d00000| Untracked 
| 126|0x0000000087e00000, 0x0000000087e00000, 0x0000000087f00000|  0%| F|  |TAMS 0x0000000087e00000, 0x0000000087e00000| Untracked 
| 127|0x0000000087f00000, 0x0000000087f00000, 0x0000000088000000|  0%| F|  |TAMS 0x0000000087f00000, 0x0000000087f00000| Untracked 
| 128|0x0000000088000000, 0x0000000088000000, 0x0000000088100000|  0%| F|  |TAMS 0x0000000088000000, 0x0000000088000000| Untracked 
| 129|0x0000000088100000, 0x0000000088100000, 0x0000000088200000|  0%| F|  |TAMS 0x0000000088100000, 0x0000000088100000| Untracked 
| 130|0x0000000088200000, 0x0000000088200000, 0x0000000088300000|  0%| F|  |TAMS 0x0000000088200000, 0x0000000088200000| Untracked 
| 131|0x0000000088300000, 0x0000000088300000, 0x0000000088400000|  0%| F|  |TAMS 0x0000000088300000, 0x0000000088300000| Untracked 
| 132|0x0000000088400000, 0x0000000088400000, 0x0000000088500000|  0%| F|  |TAMS 0x0000000088400000, 0x0000000088400000| Untracked 
| 133|0x0000000088500000, 0x0000000088500000, 0x0000000088600000|  0%| F|  |TAMS 0x0000000088500000, 0x0000000088500000| Untracked 
| 134|0x0000000088600000, 0x0000000088600000, 0x0000000088700000|  0%| F|  |TAMS 0x0000000088600000, 0x0000000088600000| Untracked 
| 135|0x0000000088700000, 0x0000000088700000, 0x0000000088800000|  0%| F|  |TAMS 0x0000000088700000, 0x0000000088700000| Untracked 
| 136|0x0000000088800000, 0x0000000088800000, 0x0000000088900000|  0%| F|  |TAMS 0x0000000088800000, 0x0000000088800000| Untracked 
| 137|0x0000000088900000, 0x0000000088900000, 0x0000000088a00000|  0%| F|  |TAMS 0x0000000088900000, 0x0000000088900000| Untracked 
| 138|0x0000000088a00000, 0x0000000088a00000, 0x0000000088b00000|  0%| F|  |TAMS 0x0000000088a00000, 0x0000000088a00000| Untracked 
| 139|0x0000000088b00000, 0x0000000088b00000, 0x0000000088c00000|  0%| F|  |TAMS 0x0000000088b00000, 0x0000000088b00000| Untracked 
| 140|0x0000000088c00000, 0x0000000088c00000, 0x0000000088d00000|  0%| F|  |TAMS 0x0000000088c00000, 0x0000000088c00000| Untracked 
| 141|0x0000000088d00000, 0x0000000088d00000, 0x0000000088e00000|  0%| F|  |TAMS 0x0000000088d00000, 0x0000000088d00000| Untracked 
| 142|0x0000000088e00000, 0x0000000088e00000, 0x0000000088f00000|  0%| F|  |TAMS 0x0000000088e00000, 0x0000000088e00000| Untracked 
| 143|0x0000000088f00000, 0x0000000088f00000, 0x0000000089000000|  0%| F|  |TAMS 0x0000000088f00000, 0x0000000088f00000| Untracked 
| 144|0x0000000089000000, 0x0000000089000000, 0x0000000089100000|  0%| F|  |TAMS 0x0000000089000000, 0x0000000089000000| Untracked 
| 145|0x0000000089100000, 0x0000000089100000, 0x0000000089200000|  0%| F|  |TAMS 0x0000000089100000, 0x0000000089100000| Untracked 
| 146|0x0000000089200000, 0x0000000089200000, 0x0000000089300000|  0%| F|  |TAMS 0x0000000089200000, 0x0000000089200000| Untracked 
| 147|0x0000000089300000, 0x0000000089300000, 0x0000000089400000|  0%| F|  |TAMS 0x0000000089300000, 0x0000000089300000| Untracked 
| 148|0x0000000089400000, 0x0000000089400000, 0x0000000089500000|  0%| F|  |TAMS 0x0000000089400000, 0x0000000089400000| Untracked 
| 149|0x0000000089500000, 0x0000000089500000, 0x0000000089600000|  0%| F|  |TAMS 0x0000000089500000, 0x0000000089500000| Untracked 
| 150|0x0000000089600000, 0x0000000089600000, 0x0000000089700000|  0%| F|  |TAMS 0x0000000089600000, 0x0000000089600000| Untracked 
| 151|0x0000000089700000, 0x0000000089700000, 0x0000000089800000|  0%| F|  |TAMS 0x0000000089700000, 0x0000000089700000| Untracked 
| 152|0x0000000089800000, 0x0000000089800000, 0x0000000089900000|  0%| F|  |TAMS 0x0000000089800000, 0x0000000089800000| Untracked 
| 153|0x0000000089900000, 0x0000000089900000, 0x0000000089a00000|  0%| F|  |TAMS 0x0000000089900000, 0x0000000089900000| Untracked 
| 154|0x0000000089a00000, 0x0000000089a00000, 0x0000000089b00000|  0%| F|  |TAMS 0x0000000089a00000, 0x0000000089a00000| Untracked 
| 155|0x0000000089b00000, 0x0000000089b00000, 0x0000000089c00000|  0%| F|  |TAMS 0x0000000089b00000, 0x0000000089b00000| Untracked 
| 156|0x0000000089c00000, 0x0000000089c00000, 0x0000000089d00000|  0%| F|  |TAMS 0x0000000089c00000, 0x0000000089c00000| Untracked 
| 157|0x0000000089d00000, 0x0000000089d00000, 0x0000000089e00000|  0%| F|  |TAMS 0x0000000089d00000, 0x0000000089d00000| Untracked 
| 158|0x0000000089e00000, 0x0000000089e00000, 0x0000000089f00000|  0%| F|  |TAMS 0x0000000089e00000, 0x0000000089e00000| Untracked 
| 159|0x0000000089f00000, 0x0000000089f00000, 0x000000008a000000|  0%| F|  |TAMS 0x0000000089f00000, 0x0000000089f00000| Untracked 
| 160|0x000000008a000000, 0x000000008a09c780, 0x000000008a100000| 61%| E|  |TAMS 0x000000008a000000, 0x000000008a000000| Complete 
| 161|0x000000008a100000, 0x000000008a200000, 0x000000008a200000|100%| E|CS|TAMS 0x000000008a100000, 0x000000008a100000| Complete 

Card table byte_map: [0x000002e45b7d0000,0x000002e45bbd0000] _byte_map_base: 0x000002e45b3d0000

Marking Bits (Prev, Next): (CMBitMap*) 0x000002e4482e99b0, (CMBitMap*) 0x000002e4482e9978
 Prev Bits: [0x000002e45dfd0000, 0x000002e45ffd0000)
 Next Bits: [0x000002e45bfd0000, 0x000002e45dfd0000)

Polling page: 0x000002e446a50000

Metaspace:

Usage:
  Non-class:     70.86 MB capacity,    69.48 MB ( 98%) used,     1.15 MB (  2%) free+waste,   236.75 KB ( <1%) overhead. 
      Class:     11.09 MB capacity,    10.31 MB ( 93%) used,   689.59 KB (  6%) free+waste,   106.38 KB ( <1%) overhead. 
       Both:     81.95 MB capacity,    79.79 MB ( 97%) used,     1.82 MB (  2%) free+waste,   343.13 KB ( <1%) overhead. 

Virtual space:
  Non-class space:       72.00 MB reserved,      70.87 MB ( 98%) committed 
      Class space:        1.00 GB reserved,      11.13 MB (  1%) committed 
             Both:        1.07 GB reserved,      82.00 MB (  7%) committed 

Chunk freelists:
   Non-Class:  12.00 KB
       Class:  7.00 KB
        Both:  19.00 KB

MaxMetaspaceSize: 17179869184.00 GB
CompressedClassSpaceSize: 1.00 GB

CodeHeap 'non-profiled nmethods': size=120064Kb used=5618Kb max_used=5618Kb free=114445Kb
 bounds [0x000002e453860000, 0x000002e453de0000, 0x000002e45ada0000]
CodeHeap 'profiled nmethods': size=120000Kb used=21672Kb max_used=21672Kb free=98327Kb
 bounds [0x000002e44c330000, 0x000002e44d860000, 0x000002e453860000]
CodeHeap 'non-nmethods': size=5696Kb used=2274Kb max_used=2328Kb free=3421Kb
 bounds [0x000002e44bda0000, 0x000002e44c010000, 0x000002e44c330000]
 total_blobs=11111 nmethods=10239 adapters=782
 compilation: enabled
              stopped_count=0, restarted_count=0
 full_count=0

Compilation events (20 events):
Event: 464.295 Thread 0x000002e46260b000 nmethod 10489 0x000002e44d855110 code [0x000002e44d855320, 0x000002e44d855898]
Event: 464.296 Thread 0x000002e46260b000 10490       3       java.lang.ProcessEnvironment::put (16 bytes)
Event: 464.297 Thread 0x000002e46260b000 nmethod 10490 0x000002e44d855a90 code [0x000002e44d855ca0, 0x000002e44d8560d8]
Event: 464.297 Thread 0x000002e46260b000 10491       3       java.lang.ProcessEnvironment::validateName (54 bytes)
Event: 464.300 Thread 0x000002e46260b000 nmethod 10491 0x000002e44d856290 code [0x000002e44d856580, 0x000002e44d857348]
Event: 464.300 Thread 0x000002e46260b000 10492       3       java.lang.reflect.AccessibleObject::logIfOpenedForIllegalAccess (54 bytes)
Event: 464.306 Thread 0x000002e46260b000 nmethod 10492 0x000002e44d857810 code [0x000002e44d857a40, 0x000002e44d858248]
Event: 464.319 Thread 0x000002e46260b000 10493       3       java.lang.Long::numberOfTrailingZeros (116 bytes)
Event: 464.320 Thread 0x000002e46260b000 nmethod 10493 0x000002e44d858590 code [0x000002e44d858740, 0x000002e44d8589f8]
Event: 464.358 Thread 0x000002e4625ea000 10494       4       java.lang.Enum::hashCode (5 bytes)
Event: 464.360 Thread 0x000002e4625ea000 nmethod 10494 0x000002e453ddc290 code [0x000002e453ddc420, 0x000002e453ddc4c8]
Event: 464.412 Thread 0x000002e46260b000 10495       3       org.gradle.internal.service.RelevantMethods::getMethods (35 bytes)
Event: 464.423 Thread 0x000002e46260b000 nmethod 10495 0x000002e44d858a90 code [0x000002e44d858ce0, 0x000002e44d8592c8]
Event: 464.535 Thread 0x000002e46260b000 10496       1       org.gradle.internal.service.DefaultServiceRegistry::access$300 (5 bytes)
Event: 464.537 Thread 0x000002e46260b000 nmethod 10496 0x000002e453ddc590 code [0x000002e453ddc740, 0x000002e453ddc7d8]
Event: 464.600 Thread 0x000002e4625ea000 10497       4       org.gradle.internal.service.DefaultServiceRegistry$OwnServices$ProviderAnalyser::analyseType (114 bytes)
Event: 464.600 Thread 0x000002e46260b000 10498       3       java.lang.Class::isMemberClass (20 bytes)
Event: 464.604 Thread 0x000002e46260b000 nmethod 10498 0x000002e44d859510 code [0x000002e44d859700, 0x000002e44d859a28]
Event: 464.739 Thread 0x000002e46260b000 10500       3       org.gradle.internal.event.DefaultListenerManager$EventBroadcast$ListenerDispatch::<init> (16 bytes)
Event: 464.740 Thread 0x000002e46260b000 nmethod 10500 0x000002e44d859b90 code [0x000002e44d859d60, 0x000002e44d859fd8]

GC Heap History (20 events):
Event: 47.215 GC heap before
{Heap before GC invocations=35 (full 0):
 garbage-first heap   total 114688K, used 86731K [0x0000000080000000, 0x0000000100000000)
  region size 1024K, 33 young (33792K), 4 survivors (4096K)
 Metaspace       used 72219K, capacity 73944K, committed 74236K, reserved 1114112K
  class space    used 9421K, capacity 10055K, committed 10112K, reserved 1048576K
}
Event: 47.236 GC heap after
{Heap after GC invocations=36 (full 0):
 garbage-first heap   total 114688K, used 58701K [0x0000000080000000, 0x0000000100000000)
  region size 1024K, 4 young (4096K), 4 survivors (4096K)
 Metaspace       used 72219K, capacity 73944K, committed 74236K, reserved 1114112K
  class space    used 9421K, capacity 10055K, committed 10112K, reserved 1048576K
}
Event: 49.932 GC heap before
{Heap before GC invocations=37 (full 0):
 garbage-first heap   total 114688K, used 88397K [0x0000000080000000, 0x0000000100000000)
  region size 1024K, 33 young (33792K), 4 survivors (4096K)
 Metaspace       used 75667K, capacity 77523K, committed 77692K, reserved 1116160K
  class space    used 9839K, capacity 10490K, committed 10496K, reserved 1048576K
}
Event: 49.953 GC heap after
{Heap after GC invocations=38 (full 0):
 garbage-first heap   total 114688K, used 61358K [0x0000000080000000, 0x0000000100000000)
  region size 1024K, 4 young (4096K), 4 survivors (4096K)
 Metaspace       used 75667K, capacity 77523K, committed 77692K, reserved 1116160K
  class space    used 9839K, capacity 10490K, committed 10496K, reserved 1048576K
}
Event: 51.410 GC heap before
{Heap before GC invocations=38 (full 0):
 garbage-first heap   total 114688K, used 91054K [0x0000000080000000, 0x0000000100000000)
  region size 1024K, 33 young (33792K), 4 survivors (4096K)
 Metaspace       used 77491K, capacity 79386K, committed 79612K, reserved 1118208K
  class space    used 10128K, capacity 10819K, committed 10880K, reserved 1048576K
}
Event: 51.442 GC heap after
{Heap after GC invocations=39 (full 0):
 garbage-first heap   total 114688K, used 63511K [0x0000000080000000, 0x0000000100000000)
  region size 1024K, 5 young (5120K), 5 survivors (5120K)
 Metaspace       used 77491K, capacity 79386K, committed 79612K, reserved 1118208K
  class space    used 10128K, capacity 10819K, committed 10880K, reserved 1048576K
}
Event: 53.522 GC heap before
{Heap before GC invocations=40 (full 0):
 garbage-first heap   total 114688K, used 91159K [0x0000000080000000, 0x0000000100000000)
  region size 1024K, 33 young (33792K), 5 survivors (5120K)
 Metaspace       used 78918K, capacity 80949K, committed 81148K, reserved 1120256K
  class space    used 10325K, capacity 11052K, committed 11136K, reserved 1048576K
}
Event: 53.551 GC heap after
{Heap after GC invocations=41 (full 0):
 garbage-first heap   total 114688K, used 65644K [0x0000000080000000, 0x0000000100000000)
  region size 1024K, 5 young (5120K), 5 survivors (5120K)
 Metaspace       used 78918K, capacity 80949K, committed 81148K, reserved 1120256K
  class space    used 10325K, capacity 11052K, committed 11136K, reserved 1048576K
}
Event: 55.079 GC heap before
{Heap before GC invocations=41 (full 0):
 garbage-first heap   total 114688K, used 92268K [0x0000000080000000, 0x0000000100000000)
  region size 1024K, 32 young (32768K), 5 survivors (5120K)
 Metaspace       used 79163K, capacity 81170K, committed 81404K, reserved 1120256K
  class space    used 10328K, capacity 11055K, committed 11136K, reserved 1048576K
}
Event: 55.100 GC heap after
{Heap after GC invocations=42 (full 0):
 garbage-first heap   total 138240K, used 67478K [0x0000000080000000, 0x0000000100000000)
  region size 1024K, 4 young (4096K), 4 survivors (4096K)
 Metaspace       used 79163K, capacity 81170K, committed 81404K, reserved 1120256K
  class space    used 10328K, capacity 11055K, committed 11136K, reserved 1048576K
}
Event: 57.383 GC heap before
{Heap before GC invocations=43 (full 0):
 garbage-first heap   total 138240K, used 105366K [0x0000000080000000, 0x0000000100000000)
  region size 1024K, 42 young (43008K), 4 survivors (4096K)
 Metaspace       used 79708K, capacity 81760K, committed 81916K, reserved 1120256K
  class space    used 10381K, capacity 11109K, committed 11136K, reserved 1048576K
}
Event: 57.405 GC heap after
{Heap after GC invocations=44 (full 0):
 garbage-first heap   total 138240K, used 70123K [0x0000000080000000, 0x0000000100000000)
  region size 1024K, 5 young (5120K), 5 survivors (5120K)
 Metaspace       used 79708K, capacity 81760K, committed 81916K, reserved 1120256K
  class space    used 10381K, capacity 11109K, committed 11136K, reserved 1048576K
}
Event: 59.369 GC heap before
{Heap before GC invocations=44 (full 0):
 garbage-first heap   total 138240K, used 108011K [0x0000000080000000, 0x0000000100000000)
  region size 1024K, 43 young (44032K), 5 survivors (5120K)
 Metaspace       used 79986K, capacity 82028K, committed 82300K, reserved 1120256K
  class space    used 10390K, capacity 11145K, committed 11264K, reserved 1048576K
}
Event: 59.402 GC heap after
{Heap after GC invocations=45 (full 0):
 garbage-first heap   total 138240K, used 72440K [0x0000000080000000, 0x0000000100000000)
  region size 1024K, 5 young (5120K), 5 survivors (5120K)
 Metaspace       used 79986K, capacity 82028K, committed 82300K, reserved 1120256K
  class space    used 10390K, capacity 11145K, committed 11264K, reserved 1048576K
}
Event: 61.602 GC heap before
{Heap before GC invocations=46 (full 0):
 garbage-first heap   total 138240K, used 110328K [0x0000000080000000, 0x0000000100000000)
  region size 1024K, 43 young (44032K), 5 survivors (5120K)
 Metaspace       used 80495K, capacity 82540K, committed 82812K, reserved 1120256K
  class space    used 10428K, capacity 11195K, committed 11264K, reserved 1048576K
}
Event: 61.621 GC heap after
{Heap after GC invocations=47 (full 0):
 garbage-first heap   total 138240K, used 75070K [0x0000000080000000, 0x0000000100000000)
  region size 1024K, 5 young (5120K), 5 survivors (5120K)
 Metaspace       used 80495K, capacity 82540K, committed 82812K, reserved 1120256K
  class space    used 10428K, capacity 11195K, committed 11264K, reserved 1048576K
}
Event: 62.763 GC heap before
{Heap before GC invocations=47 (full 0):
 garbage-first heap   total 138240K, used 112958K [0x0000000080000000, 0x0000000100000000)
  region size 1024K, 42 young (43008K), 5 survivors (5120K)
 Metaspace       used 80558K, capacity 82675K, committed 82812K, reserved 1120256K
  class space    used 10429K, capacity 11195K, committed 11264K, reserved 1048576K
}
Event: 62.794 GC heap after
{Heap after GC invocations=48 (full 0):
 garbage-first heap   total 138240K, used 76800K [0x0000000080000000, 0x0000000100000000)
  region size 1024K, 4 young (4096K), 4 survivors (4096K)
 Metaspace       used 80558K, capacity 82675K, committed 82812K, reserved 1120256K
  class space    used 10429K, capacity 11195K, committed 11264K, reserved 1048576K
}
Event: 462.836 GC heap before
{Heap before GC invocations=49 (full 0):
 garbage-first heap   total 138240K, used 114688K [0x0000000080000000, 0x0000000100000000)
  region size 1024K, 41 young (41984K), 4 survivors (4096K)
 Metaspace       used 81610K, capacity 83788K, committed 83964K, reserved 1122304K
  class space    used 10549K, capacity 11342K, committed 11392K, reserved 1048576K
}
Event: 463.352 GC heap after
{Heap after GC invocations=50 (full 0):
 garbage-first heap   total 165888K, used 78457K [0x0000000080000000, 0x0000000100000000)
  region size 1024K, 4 young (4096K), 4 survivors (4096K)
 Metaspace       used 81610K, capacity 83788K, committed 83964K, reserved 1122304K
  class space    used 10549K, capacity 11342K, committed 11392K, reserved 1048576K
}

Deoptimization events (20 events):
Event: 464.517 Thread 0x000002e466e1b800 Uncommon trap: trap_request=0xffffffde fr.pc=0x000002e453cbd6d8 relative=0x00000000000000b8
Event: 464.517 Thread 0x000002e466e1b800 Uncommon trap: reason=class_check action=maybe_recompile pc=0x000002e453cbd6d8 method=java.util.RegularEnumSet.contains(Ljava/lang/Object;)Z @ 38 c2
Event: 464.517 Thread 0x000002e466e1b800 DEOPT PACKING pc=0x000002e453cbd6d8 sp=0x000000ed48dfd9a0
Event: 464.519 Thread 0x000002e466e1b800 DEOPT UNPACKING pc=0x000002e44bdc78af sp=0x000000ed48dfd928 mode 2
Event: 464.520 Thread 0x000002e466e1b800 Uncommon trap: trap_request=0xffffffde fr.pc=0x000002e453cbd6d8 relative=0x00000000000000b8
Event: 464.520 Thread 0x000002e466e1b800 Uncommon trap: reason=class_check action=maybe_recompile pc=0x000002e453cbd6d8 method=java.util.RegularEnumSet.contains(Ljava/lang/Object;)Z @ 38 c2
Event: 464.520 Thread 0x000002e466e1b800 DEOPT PACKING pc=0x000002e453cbd6d8 sp=0x000000ed48dfd9a0
Event: 464.520 Thread 0x000002e466e1b800 DEOPT UNPACKING pc=0x000002e44bdc78af sp=0x000000ed48dfd928 mode 2
Event: 464.524 Thread 0x000002e466e1b800 Uncommon trap: trap_request=0xffffffde fr.pc=0x000002e453cbd6d8 relative=0x00000000000000b8
Event: 464.524 Thread 0x000002e466e1b800 Uncommon trap: reason=class_check action=maybe_recompile pc=0x000002e453cbd6d8 method=java.util.RegularEnumSet.contains(Ljava/lang/Object;)Z @ 38 c2
Event: 464.524 Thread 0x000002e466e1b800 DEOPT PACKING pc=0x000002e453cbd6d8 sp=0x000000ed48dfd8b0
Event: 464.524 Thread 0x000002e466e1b800 DEOPT UNPACKING pc=0x000002e44bdc78af sp=0x000000ed48dfd838 mode 2
Event: 464.524 Thread 0x000002e466e1b800 Uncommon trap: trap_request=0xffffffde fr.pc=0x000002e453cbd6d8 relative=0x00000000000000b8
Event: 464.524 Thread 0x000002e466e1b800 Uncommon trap: reason=class_check action=maybe_recompile pc=0x000002e453cbd6d8 method=java.util.RegularEnumSet.contains(Ljava/lang/Object;)Z @ 38 c2
Event: 464.524 Thread 0x000002e466e1b800 DEOPT PACKING pc=0x000002e453cbd6d8 sp=0x000000ed48dfd8b0
Event: 464.525 Thread 0x000002e466e1b800 DEOPT UNPACKING pc=0x000002e44bdc78af sp=0x000000ed48dfd838 mode 2
Event: 464.789 Thread 0x000002e466e1b800 Uncommon trap: trap_request=0xffffffc6 fr.pc=0x000002e453cabc08 relative=0x00000000000002a8
Event: 464.790 Thread 0x000002e466e1b800 Uncommon trap: reason=bimorphic_or_optimized_type_check action=maybe_recompile pc=0x000002e453cabc08 method=java.util.stream.ReduceOps$ReduceOp.evaluateSequential(Ljava/util/stream/PipelineHelper;Ljava/util/Spliterator;)Ljava/lang/Object; @ 2 c2
Event: 464.790 Thread 0x000002e466e1b800 DEOPT PACKING pc=0x000002e453cabc08 sp=0x000000ed48dfbfc0
Event: 464.790 Thread 0x000002e466e1b800 DEOPT UNPACKING pc=0x000002e44bdc78af sp=0x000000ed48dfbf40 mode 2

Classes redefined (0 events):
No events

Internal exceptions (20 events):
Event: 51.755 Thread 0x000002e464d80800 Exception <a 'java/lang/NoSuchMethodError'{0x0000000086b22f00}: 'int java.lang.invoke.DirectMethodHandle$Holder.invokeStaticInit(java.lang.Object, java.lang.Object, java.lang.Object, java.lang.Object, java.lang.Object)'> (0x0000000086b22f00) thrown at [./src/hotspot/share/interpreter/linkResolver.cpp, line 773]
Event: 53.020 Thread 0x000002e466e19800 Exception <a 'java/lang/NoSuchMethodError'{0x0000000085eab928}: 'java.lang.Object java.lang.invoke.DirectMethodHandle$Holder.invokeSpecialIFC(java.lang.Object, java.lang.Object, java.lang.Object)'> (0x0000000085eab928) thrown at [./src/hotspot/share/interpreter/linkResolver.cpp, line 773]
Event: 54.237 Thread 0x000002e466e1d800 Exception <a 'java/lang/NoSuchMethodError'{0x0000000086630998}: 'void java.lang.invoke.DirectMethodHandle$Holder.invokeVirtual(java.lang.Object, java.lang.Object)'> (0x0000000086630998) thrown at [./src/hotspot/share/interpreter/linkResolver.cpp, line 773]
Event: 60.036 Thread 0x000002e46b324800 Exception <a 'java/lang/NoSuchMethodError'{0x00000000882022d0}: <clinit>> (0x00000000882022d0) thrown at [./src/hotspot/share/prims/jni.cpp, line 1362]
Event: 60.037 Thread 0x000002e46b324800 Exception <a 'java/lang/NoSuchMethodError'{0x0000000088203608}: <clinit>> (0x0000000088203608) thrown at [./src/hotspot/share/prims/jni.cpp, line 1362]
Event: 60.039 Thread 0x000002e46b324800 Exception <a 'java/lang/NoSuchMethodError'{0x0000000088205d58}: <clinit>> (0x0000000088205d58) thrown at [./src/hotspot/share/prims/jni.cpp, line 1362]
Event: 60.041 Thread 0x000002e46b324800 Exception <a 'java/lang/NoSuchMethodError'{0x0000000088220c98}: <clinit>> (0x0000000088220c98) thrown at [./src/hotspot/share/prims/jni.cpp, line 1362]
Event: 60.041 Thread 0x000002e46b324800 Exception <a 'java/lang/NoSuchMethodError'{0x0000000088222178}: <clinit>> (0x0000000088222178) thrown at [./src/hotspot/share/prims/jni.cpp, line 1362]
Event: 60.773 Thread 0x000002e46b323000 Exception <a 'java/lang/NoSuchMethodError'{0x00000000874cb2d0}: 'int java.lang.invoke.DirectMethodHandle$Holder.invokeSpecial(java.lang.Object, java.lang.Object, java.lang.Object, java.lang.Object, java.lang.Object)'> (0x00000000874cb2d0) thrown at [./src/hotspot/share/interpreter/linkResolver.cpp, line 773]
Event: 63.331 Thread 0x000002e466e1d800 Implicit null exception at 0x000002e453d42ea8 to 0x000002e453d43738
Event: 63.384 Thread 0x000002e466e1d800 Implicit null exception at 0x000002e453d449d2 to 0x000002e453d44dd8
Event: 64.362 Thread 0x000002e464d80800 Exception <a 'java/lang/NoSuchMethodError'{0x0000000086efb768}: 'int java.lang.invoke.DirectMethodHandle$Holder.invokeVirtual(java.lang.Object, java.lang.Object, java.lang.Object)'> (0x0000000086efb768) thrown at [./src/hotspot/share/interpreter/linkResolver.cpp, line 773]
Event: 72.067 Thread 0x000002e464991800 Implicit null exception at 0x000002e453893d74 to 0x000002e453894274
Event: 72.119 Thread 0x000002e464991800 Implicit null exception at 0x000002e453b58f14 to 0x000002e453b594d8
Event: 462.712 Thread 0x000002e466e14000 Exception <a 'java/lang/NoSuchMethodError'{0x00000000862e9910}: <clinit>> (0x00000000862e9910) thrown at [./src/hotspot/share/prims/jni.cpp, line 1362]
Event: 462.771 Thread 0x000002e466e14000 Exception <a 'java/lang/NoSuchMethodError'{0x00000000862f50d8}: <clinit>> (0x00000000862f50d8) thrown at [./src/hotspot/share/prims/jni.cpp, line 1362]
Event: 463.457 Thread 0x000002e466e14000 Exception <a 'java/lang/NoSuchMethodError'{0x000000008a110f78}: <clinit>> (0x000000008a110f78) thrown at [./src/hotspot/share/prims/jni.cpp, line 1362]
Event: 463.484 Thread 0x000002e466e14000 Exception <a 'java/lang/NoSuchMethodError'{0x000000008a119e90}: <clinit>> (0x000000008a119e90) thrown at [./src/hotspot/share/prims/jni.cpp, line 1362]
Event: 463.517 Thread 0x000002e466e14000 Exception <a 'java/lang/NoSuchMethodError'{0x000000008a12ae10}: <clinit>> (0x000000008a12ae10) thrown at [./src/hotspot/share/prims/jni.cpp, line 1362]
Event: 463.639 Thread 0x000002e466e14000 Exception <a 'java/lang/NoSuchMethodError'{0x000000008a141070}: <clinit>> (0x000000008a141070) thrown at [./src/hotspot/share/prims/jni.cpp, line 1362]

Events (20 events):
Event: 464.494 Executing VM operation: RevokeBias done
Event: 464.560 Executing VM operation: RevokeBias
Event: 464.565 Executing VM operation: RevokeBias done
Event: 464.579 loading class org/gradle/tooling/internal/provider/ClientProvidedBuildAction
Event: 464.579 loading class org/gradle/tooling/internal/provider/ClientProvidedBuildAction done
Event: 464.583 Executing VM operation: RevokeBias
Event: 464.583 Executing VM operation: RevokeBias done
Event: 464.692 Executing VM operation: RevokeBias
Event: 464.693 Executing VM operation: RevokeBias done
Event: 464.758 Thread 0x000002e466e19000 Thread added: 0x000002e466e19000
Event: 464.762 Executing VM operation: RevokeBias
Event: 464.764 Executing VM operation: RevokeBias done
Event: 464.768 Executing VM operation: RevokeBias
Event: 464.768 Executing VM operation: RevokeBias done
Event: 464.803 loading class org/gradle/internal/watch/vfs/impl/WatchingVirtualFileSystem
Event: 464.803 loading class org/gradle/internal/watch/vfs/impl/WatchingVirtualFileSystem done
Event: 464.822 Executing VM operation: RevokeBias
Event: 464.822 Executing VM operation: RevokeBias done
Event: 464.846 Executing VM operation: RevokeBias
Event: 464.846 Executing VM operation: RevokeBias done


Dynamic libraries:
0x00007ff792430000 - 0x00007ff79243a000 	C:\Program Files\Android\Android Studio\jre\bin\java.exe
0x00007ffcd86d0000 - 0x00007ffcd88c5000 	C:\WINDOWS\SYSTEM32\ntdll.dll
0x00007ffcd78b0000 - 0x00007ffcd796e000 	C:\WINDOWS\System32\KERNEL32.DLL
0x00007ffcd6450000 - 0x00007ffcd6719000 	C:\WINDOWS\System32\KERNELBASE.dll
0x00007ffcd5df0000 - 0x00007ffcd5ef0000 	C:\WINDOWS\System32\ucrtbase.dll
0x00007ffc8f600000 - 0x00007ffc8f619000 	C:\Program Files\Android\Android Studio\jre\bin\jli.dll
0x00007ffcd7dd0000 - 0x00007ffcd7f71000 	C:\WINDOWS\System32\USER32.dll
0x00007ffcd62f0000 - 0x00007ffcd6312000 	C:\WINDOWS\System32\win32u.dll
0x00007ffcd7970000 - 0x00007ffcd799b000 	C:\WINDOWS\System32\GDI32.dll
0x00007ffcd6160000 - 0x00007ffcd626b000 	C:\WINDOWS\System32\gdi32full.dll
0x00007ffcd6320000 - 0x00007ffcd63bd000 	C:\WINDOWS\System32\msvcp_win.dll
0x00007ffcb6490000 - 0x00007ffcb64a7000 	C:\Program Files\Android\Android Studio\jre\bin\VCRUNTIME140.dll
0x00007ffcc5df0000 - 0x00007ffcc608a000 	C:\WINDOWS\WinSxS\amd64_microsoft.windows.common-controls_6595b64144ccf1df_6.0.19041.1110_none_60b5254171f9507e\COMCTL32.dll
0x00007ffcd72f0000 - 0x00007ffcd738e000 	C:\WINDOWS\System32\msvcrt.dll
0x00007ffcd7670000 - 0x00007ffcd76a0000 	C:\WINDOWS\System32\IMM32.DLL
0x00007ffca3060000 - 0x00007ffca30fd000 	C:\Program Files\Android\Android Studio\jre\bin\msvcp140.dll
0x00007ffcaba80000 - 0x00007ffcac54f000 	C:\Program Files\Android\Android Studio\jre\bin\server\jvm.dll
0x00007ffcd8560000 - 0x00007ffcd860c000 	C:\WINDOWS\System32\ADVAPI32.dll
0x00007ffcd8160000 - 0x00007ffcd81fb000 	C:\WINDOWS\System32\sechost.dll
0x00007ffcd74c0000 - 0x00007ffcd75ea000 	C:\WINDOWS\System32\RPCRT4.dll
0x00007ffcd72e0000 - 0x00007ffcd72e8000 	C:\WINDOWS\System32\PSAPI.DLL
0x00007ffcc3480000 - 0x00007ffcc3489000 	C:\WINDOWS\SYSTEM32\WSOCK32.dll
0x00007ffcd7b20000 - 0x00007ffcd7b8b000 	C:\WINDOWS\System32\WS2_32.dll
0x00007ffcc8270000 - 0x00007ffcc8297000 	C:\WINDOWS\SYSTEM32\WINMM.dll
0x00007ffcc82a0000 - 0x00007ffcc82aa000 	C:\WINDOWS\SYSTEM32\VERSION.dll
0x00007ffcd3cf0000 - 0x00007ffcd3d02000 	C:\WINDOWS\SYSTEM32\kernel.appcore.dll
0x00007ffcb6470000 - 0x00007ffcb6481000 	C:\Program Files\Android\Android Studio\jre\bin\verify.dll
0x00007ffcc24c0000 - 0x00007ffcc26a4000 	C:\WINDOWS\SYSTEM32\DBGHELP.DLL
0x00007ffcc2490000 - 0x00007ffcc24bc000 	C:\WINDOWS\SYSTEM32\dbgcore.DLL
0x00007ffcd63c0000 - 0x00007ffcd6443000 	C:\WINDOWS\System32\bcryptPrimitives.dll
0x00007ffcb6440000 - 0x00007ffcb6469000 	C:\Program Files\Android\Android Studio\jre\bin\java.dll
0x00007ffcc3470000 - 0x00007ffcc347b000 	C:\Program Files\Android\Android Studio\jre\bin\jimage.dll
0x00007ffcb6420000 - 0x00007ffcb6438000 	C:\Program Files\Android\Android Studio\jre\bin\zip.dll
0x00007ffcd6720000 - 0x00007ffcd6e5f000 	C:\WINDOWS\System32\SHELL32.dll
0x00007ffcd3ef0000 - 0x00007ffcd4680000 	C:\WINDOWS\SYSTEM32\windows.storage.dll
0x00007ffcd8200000 - 0x00007ffcd8555000 	C:\WINDOWS\System32\combase.dll
0x00007ffcd5840000 - 0x00007ffcd586c000 	C:\WINDOWS\SYSTEM32\Wldp.dll
0x00007ffcd7f80000 - 0x00007ffcd802d000 	C:\WINDOWS\System32\SHCORE.dll
0x00007ffcd76a0000 - 0x00007ffcd76f5000 	C:\WINDOWS\System32\shlwapi.dll
0x00007ffcd5d30000 - 0x00007ffcd5d4f000 	C:\WINDOWS\SYSTEM32\profapi.dll
0x00007ffcb6400000 - 0x00007ffcb641a000 	C:\Program Files\Android\Android Studio\jre\bin\net.dll
0x00007ffcc7480000 - 0x00007ffcc7588000 	C:\WINDOWS\SYSTEM32\WINHTTP.dll
0x00007ffcd55a0000 - 0x00007ffcd560a000 	C:\WINDOWS\system32\mswsock.dll
0x00007ffcb60a0000 - 0x00007ffcb60b4000 	C:\Program Files\Android\Android Studio\jre\bin\nio.dll
0x00007ffc8fd70000 - 0x00007ffc8fd97000 	C:\Users\MinhNgan\.gradle\native\8bec1ad78214c89d9ad589b4d07fe93259594b29d510b10fafb7a158f7737e5d\windows-amd64\native-platform.dll
0x00007ffc83980000 - 0x00007ffc83abd000 	C:\Users\MinhNgan\.gradle\native\53dbd7edfb1c66fb8903c78663c9afc45aea4f116125fa6feffd364cf09443e8\windows-amd64\native-platform-file-events.dll
0x00007ffcb5f50000 - 0x00007ffcb5f5a000 	C:\Program Files\Android\Android Studio\jre\bin\management.dll
0x00007ffcb5f40000 - 0x00007ffcb5f4c000 	C:\Program Files\Android\Android Studio\jre\bin\management_ext.dll
0x00007ffcd5790000 - 0x00007ffcd57a8000 	C:\WINDOWS\SYSTEM32\CRYPTSP.dll
0x00007ffcd4eb0000 - 0x00007ffcd4ee4000 	C:\WINDOWS\system32\rsaenh.dll
0x00007ffcd62c0000 - 0x00007ffcd62e7000 	C:\WINDOWS\System32\bcrypt.dll
0x00007ffcd5cf0000 - 0x00007ffcd5d1e000 	C:\WINDOWS\SYSTEM32\USERENV.dll
0x00007ffcd57b0000 - 0x00007ffcd57bc000 	C:\WINDOWS\SYSTEM32\CRYPTBASE.dll
0x00007ffcd5240000 - 0x00007ffcd527b000 	C:\WINDOWS\SYSTEM32\IPHLPAPI.DLL
0x00007ffcd74b0000 - 0x00007ffcd74b8000 	C:\WINDOWS\System32\NSI.dll
0x00007ffcca180000 - 0x00007ffcca197000 	C:\WINDOWS\SYSTEM32\dhcpcsvc6.DLL
0x00007ffccb420000 - 0x00007ffccb43d000 	C:\WINDOWS\SYSTEM32\dhcpcsvc.DLL
0x00007ffcd5290000 - 0x00007ffcd535c000 	C:\WINDOWS\SYSTEM32\DNSAPI.dll

dbghelp: loaded successfully - version: 4.0.5 - missing functions: none
symbol engine: initialized successfully - sym options: 0x614 - pdb path: .;C:\Program Files\Android\Android Studio\jre\bin;C:\WINDOWS\SYSTEM32;C:\WINDOWS\WinSxS\amd64_microsoft.windows.common-controls_6595b64144ccf1df_6.0.19041.1110_none_60b5254171f9507e;C:\Program Files\Android\Android Studio\jre\bin\server;C:\Users\MinhNgan\.gradle\native\8bec1ad78214c89d9ad589b4d07fe93259594b29d510b10fafb7a158f7737e5d\windows-amd64;C:\Users\MinhNgan\.gradle\native\53dbd7edfb1c66fb8903c78663c9afc45aea4f116125fa6feffd364cf09443e8\windows-amd64

VM Arguments:
jvm_args: --add-opens=java.base/java.util=ALL-UNNAMED --add-opens=java.base/java.lang=ALL-UNNAMED --add-opens=java.base/java.lang.invoke=ALL-UNNAMED --add-opens=java.base/java.util=ALL-UNNAMED --add-opens=java.prefs/java.util.prefs=ALL-UNNAMED --add-opens=java.prefs/java.util.prefs=ALL-UNNAMED --add-opens=java.base/java.nio.charset=ALL-UNNAMED --add-opens=java.base/java.net=ALL-UNNAMED --add-opens=java.base/java.util.concurrent.atomic=ALL-UNNAMED -Xmx2048m -Dfile.encoding=UTF-8 -Duser.country=US -Duser.language=en -Duser.variant 
java_command: org.gradle.launcher.daemon.bootstrap.GradleDaemon 7.0.2
java_class_path (initial): C:\Users\MinhNgan\.gradle\wrapper\dists\gradle-7.0.2-bin\857tjihv64xamwrf0h14cai3r\gradle-7.0.2\lib\gradle-launcher-7.0.2.jar
Launcher Type: SUN_STANDARD

[Global flags]
     intx CICompilerCount                          = 3                                         {product} {ergonomic}
     uint ConcGCThreads                            = 1                                         {product} {ergonomic}
     uint G1ConcRefinementThreads                  = 4                                         {product} {ergonomic}
   size_t G1HeapRegionSize                         = 1048576                                   {product} {ergonomic}
    uintx GCDrainStackTargetSize                   = 64                                        {product} {ergonomic}
   size_t InitialHeapSize                          = 67108864                                  {product} {ergonomic}
   size_t MarkStackSize                            = 4194304                                   {product} {ergonomic}
   size_t MaxHeapSize                              = 2147483648                                {product} {command line}
   size_t MaxNewSize                               = 1287651328                                {product} {ergonomic}
   size_t MinHeapDeltaBytes                        = 1048576                                   {product} {ergonomic}
    uintx NonNMethodCodeHeapSize                   = 5830732                                {pd product} {ergonomic}
    uintx NonProfiledCodeHeapSize                  = 122913754                              {pd product} {ergonomic}
    uintx ProfiledCodeHeapSize                     = 122913754                              {pd product} {ergonomic}
    uintx ReservedCodeCacheSize                    = 251658240                              {pd product} {ergonomic}
     bool SegmentedCodeCache                       = true                                      {product} {ergonomic}
     bool UseCompressedClassPointers               = true                                 {lp64_product} {ergonomic}
     bool UseCompressedOops                        = true                                 {lp64_product} {ergonomic}
     bool UseG1GC                                  = true                                      {product} {ergonomic}
     bool UseLargePagesIndividualAllocation        = false                                  {pd product} {ergonomic}

Logging:
Log output configuration:
 #0: stdout all=warning uptime,level,tags
 #1: stderr all=off uptime,level,tags

Environment Variables:
PATH=C:\Program Files\Common Files\Oracle\Java\javapath;C:\WINDOWS\system32;C:\WINDOWS;C:\WINDOWS\System32\Wbem;C:\WINDOWS\System32\WindowsPowerShell\v1.0\;C:\WINDOWS\System32\OpenSSH\;C:\Program Files\dotnet\;C:\Program Files\Microsoft SQL Server\130\Tools\Binn\;C:\Program Files\Microsoft SQL Server\Client SDK\ODBC\170\Tools\Binn\;C:\Program Files (x86)\dotnet\;C:\Program Files\Git\cmd;C:\Users\MinhNgan\AppData\Local\Microsoft\WindowsApps
USERNAME=MinhNgan
OS=Windows_NT
PROCESSOR_IDENTIFIER=Intel64 Family 6 Model 69 Stepping 1, GenuineIntel



---------------  S Y S T E M  ---------------

OS: Windows 10 , 64 bit Build 19041 (10.0.19041.1202)
OS uptime: 0 days 0:10 hours

CPU:total 4 (initial active 4) (2 cores per cpu, 2 threads per core) family 6 model 69 stepping 1 microcode 0x25, cmov, cx8, fxsr, mmx, sse, sse2, sse3, ssse3, sse4.1, sse4.2, popcnt, avx, avx2, aes, clmul, erms, lzcnt, ht, tsc, tscinvbit, bmi1, bmi2, fma

Memory: 4k page, system-wide physical 3979M (127M free)
TotalPageFile size 6979M (AvailPageFile size 0M)
current process WorkingSet (physical memory assigned to process): 111M, peak: 301M
current process commit charge ("private bytes"): 406M, peak: 408M

vm_info: OpenJDK 64-Bit Server VM (11.0.10+0-b96-7249189) for windows-amd64 JRE (11.0.10+0-b96-7249189), built on Mar 31 2021 21:44:00 by "builder" with MS VC++ 14.0 (VS2015)

END.
