#
# There is insufficient memory for the Java Runtime Environment to continue.
# Native memory allocation (malloc) failed to allocate 905616 bytes for Chunk::new
# Possible reasons:
#   The system is out of physical RAM or swap space
#   The process is running with CompressedOops enabled, and the Java Heap may be blocking the growth of the native heap
# Possible solutions:
#   Reduce memory load on the system
#   Increase physical memory or swap space
#   Check if swap backing store is full
#   Decrease Java heap size (-Xmx/-Xms)
#   Decrease number of Java threads
#   Decrease Java thread stack sizes (-Xss)
#   Set larger code cache with -XX:ReservedCodeCacheSize=
#   JVM is running with Unscaled Compressed Oops mode in which the Java heap is
#     placed in the first 4GB address space. The Java Heap base address is the
#     maximum limit for the native heap growth. Please use -XX:HeapBaseMinAddress
#     to set the Java Heap base and to place the Java Heap above 4GB virtual address.
# This output file may be truncated or incomplete.
#
#  Out of Memory Error (./src/hotspot/share/memory/arena.cpp:197), pid=9324, tid=4480
#
# JRE version: OpenJDK Runtime Environment (11.0.10) (build 11.0.10+0-b96-7249189)
# Java VM: OpenJDK 64-Bit Server VM (11.0.10+0-b96-7249189, mixed mode, tiered, compressed oops, g1 gc, windows-amd64)
# No core dump will be written. Minidumps are not enabled by default on client versions of Windows
#

---------------  S U M M A R Y ------------

Command Line: --add-opens=java.base/java.util=ALL-UNNAMED --add-opens=java.base/java.lang=ALL-UNNAMED --add-opens=java.base/java.lang.invoke=ALL-UNNAMED --add-opens=java.base/java.util=ALL-UNNAMED --add-opens=java.prefs/java.util.prefs=ALL-UNNAMED --add-opens=java.prefs/java.util.prefs=ALL-UNNAMED --add-opens=java.base/java.nio.charset=ALL-UNNAMED --add-opens=java.base/java.net=ALL-UNNAMED --add-opens=java.base/java.util.concurrent.atomic=ALL-UNNAMED -Xmx2048m -Dfile.encoding=UTF-8 -Duser.country=US -Duser.language=en -Duser.variant org.gradle.launcher.daemon.bootstrap.GradleDaemon 7.0.2

Host: Intel(R) Core(TM) i5-4210U CPU @ 1.70GHz, 4 cores, 3G,  Windows 10 , 64 bit Build 19041 (10.0.19041.1202)
Time: Sun Nov  7 22:36:17 2021 SE Asia Standard Time elapsed time: 16.945368 seconds (0d 0h 0m 16s)

---------------  T H R E A D  ---------------

Current thread (0x0000029775d52800):  JavaThread "C2 CompilerThread0" daemon [_thread_in_native, id=4480, stack(0x000000fc84900000,0x000000fc84a00000)]


Current CompileTask:
C2:  16945 6013   !   4       java.util.jar.Attributes::read (390 bytes)

Stack: [0x000000fc84900000,0x000000fc84a00000]
Native frames: (J=compiled Java code, j=interpreted, Vv=VM code, C=native code)
V  [jvm.dll+0x5ecfaa]
V  [jvm.dll+0x722bd5]
V  [jvm.dll+0x72412d]
V  [jvm.dll+0x7247e3]
V  [jvm.dll+0x242928]
V  [jvm.dll+0xbc4fc]
V  [jvm.dll+0xbca0c]
V  [jvm.dll+0x352d7d]
V  [jvm.dll+0x320ad3]
V  [jvm.dll+0x31ffca]
V  [jvm.dll+0x1fb602]
V  [jvm.dll+0x1fa7f4]
V  [jvm.dll+0x18354c]
V  [jvm.dll+0x208ee7]
V  [jvm.dll+0x207731]
V  [jvm.dll+0x6eb1cf]
V  [jvm.dll+0x6e3d45]
V  [jvm.dll+0x5ebe96]
C  [ucrtbase.dll+0x21bb2]
C  [KERNEL32.DLL+0x17034]
C  [ntdll.dll+0x52651]


---------------  P R O C E S S  ---------------

Threads class SMR info:
_java_thread_list=0x000002977cdc2d30, length=42, elements={
0x000002975a18e000, 0x0000029775cec000, 0x0000029775cf5800, 0x0000029775d42800,
0x0000029775d44000, 0x0000029775d48800, 0x0000029775d52800, 0x0000029775d56800,
0x0000029775d6a000, 0x00000297767b5000, 0x00000297777fb000, 0x0000029777dd3800,
0x0000029777f0e000, 0x000002977796a800, 0x000002977796b000, 0x0000029777ac4000,
0x0000029777ae9800, 0x000002977874f800, 0x0000029778750000, 0x0000029778210800,
0x000002977820f800, 0x0000029778212000, 0x000002977820d000, 0x0000029778211000,
0x000002977820c800, 0x000002977820e000, 0x0000029778213000, 0x000002977820f000,
0x0000029778dc7000, 0x0000029778dcb000, 0x0000029778dcd000, 0x0000029778dca800,
0x0000029778dcd800, 0x0000029778dc9800, 0x0000029778dce800, 0x0000029778dc9000,
0x0000029778dd1000, 0x0000029778dd3800, 0x0000029778dd4000, 0x0000029778dd2800,
0x0000029778dd0000, 0x0000029778dd5000
}

Java Threads: ( => current thread )
  0x000002975a18e000 JavaThread "main" [_thread_blocked, id=3924, stack(0x000000fc83d00000,0x000000fc83e00000)]
  0x0000029775cec000 JavaThread "Reference Handler" daemon [_thread_blocked, id=940, stack(0x000000fc84400000,0x000000fc84500000)]
  0x0000029775cf5800 JavaThread "Finalizer" daemon [_thread_blocked, id=2256, stack(0x000000fc84500000,0x000000fc84600000)]
  0x0000029775d42800 JavaThread "Signal Dispatcher" daemon [_thread_blocked, id=3148, stack(0x000000fc84600000,0x000000fc84700000)]
  0x0000029775d44000 JavaThread "Attach Listener" daemon [_thread_blocked, id=7828, stack(0x000000fc84700000,0x000000fc84800000)]
  0x0000029775d48800 JavaThread "Service Thread" daemon [_thread_blocked, id=7524, stack(0x000000fc84800000,0x000000fc84900000)]
=>0x0000029775d52800 JavaThread "C2 CompilerThread0" daemon [_thread_in_native, id=4480, stack(0x000000fc84900000,0x000000fc84a00000)]
  0x0000029775d56800 JavaThread "C1 CompilerThread0" daemon [_thread_in_native, id=4764, stack(0x000000fc84a00000,0x000000fc84b00000)]
  0x0000029775d6a000 JavaThread "Sweeper thread" daemon [_thread_blocked, id=9196, stack(0x000000fc84b00000,0x000000fc84c00000)]
  0x00000297767b5000 JavaThread "Common-Cleaner" daemon [_thread_blocked, id=5996, stack(0x000000fc84c00000,0x000000fc84d00000)]
  0x00000297777fb000 JavaThread "Daemon health stats" [_thread_blocked, id=4432, stack(0x000000fc84f00000,0x000000fc85000000)]
  0x0000029777dd3800 JavaThread "Incoming local TCP Connector on port 52221" [_thread_in_native, id=7108, stack(0x000000fc85000000,0x000000fc85100000)]
  0x0000029777f0e000 JavaThread "Daemon periodic checks" [_thread_blocked, id=4412, stack(0x000000fc85300000,0x000000fc85400000)]
  0x000002977796a800 JavaThread "Daemon" [_thread_blocked, id=8816, stack(0x000000fc85400000,0x000000fc85500000)]
  0x000002977796b000 JavaThread "Handler for socket connection from /127.0.0.1:52221 to /127.0.0.1:52222" [_thread_in_native, id=2564, stack(0x000000fc85500000,0x000000fc85600000)]
  0x0000029777ac4000 JavaThread "Cancel handler" [_thread_blocked, id=6452, stack(0x000000fc85600000,0x000000fc85700000)]
  0x0000029777ae9800 JavaThread "Daemon worker" [_thread_in_vm, id=6396, stack(0x000000fc85700000,0x000000fc85800000)]
  0x000002977874f800 JavaThread "Asynchronous log dispatcher for DefaultDaemonConnection: socket connection from /127.0.0.1:52221 to /127.0.0.1:52222" [_thread_blocked, id=9648, stack(0x000000fc85800000,0x000000fc85900000)]
  0x0000029778750000 JavaThread "Stdin handler" [_thread_blocked, id=10232, stack(0x000000fc85900000,0x000000fc85a00000)]
  0x0000029778210800 JavaThread "Daemon client event forwarder" [_thread_blocked, id=6172, stack(0x000000fc85a00000,0x000000fc85b00000)]
  0x000002977820f800 JavaThread "Cache worker for file hash cache (C:\Users\MinhNgan\.gradle\caches\7.0.2\fileHashes)" [_thread_blocked, id=5320, stack(0x000000fc85b00000,0x000000fc85c00000)]
  0x0000029778212000 JavaThread "File lock request listener" [_thread_in_native, id=3520, stack(0x000000fc85c00000,0x000000fc85d00000)]
  0x000002977820d000 JavaThread "Cache worker for journal cache (C:\Users\MinhNgan\.gradle\caches\journal-1)" [_thread_blocked, id=9344, stack(0x000000fc85d00000,0x000000fc85e00000)]
  0x0000029778211000 JavaThread "Cache worker for file hash cache (C:\Users\MinhNgan\AndroidStudioProjects\Android_hepat\.gradle\7.0.2\fileHashes)" [_thread_blocked, id=4760, stack(0x000000fc85e00000,0x000000fc85f00000)]
  0x000002977820c800 JavaThread "File watcher server" daemon [_thread_in_native, id=7900, stack(0x000000fc85f00000,0x000000fc86000000)]
  0x000002977820e000 JavaThread "File watcher consumer" daemon [_thread_blocked, id=2016, stack(0x000000fc86000000,0x000000fc86100000)]
  0x0000029778213000 JavaThread "jar transforms" [_thread_blocked, id=7264, stack(0x000000fc86100000,0x000000fc86200000)]
  0x000002977820f000 JavaThread "jar transforms Thread 2" [_thread_blocked, id=684, stack(0x000000fc86200000,0x000000fc86300000)]
  0x0000029778dc7000 JavaThread "jar transforms Thread 3" [_thread_blocked, id=9916, stack(0x000000fc86300000,0x000000fc86400000)]
  0x0000029778dcb000 JavaThread "jar transforms Thread 4" [_thread_blocked, id=6316, stack(0x000000fc86400000,0x000000fc86500000)]
  0x0000029778dcd000 JavaThread "Cache worker for checksums cache (C:\Users\MinhNgan\AndroidStudioProjects\Android_hepat\.gradle\checksums)" [_thread_blocked, id=4640, stack(0x000000fc86500000,0x000000fc86600000)]
  0x0000029778dca800 JavaThread "Cache worker for cache directory md-supplier (C:\Users\MinhNgan\.gradle\caches\7.0.2\md-supplier)" [_thread_blocked, id=8232, stack(0x000000fc86600000,0x000000fc86700000)]
  0x0000029778dcd800 JavaThread "Cache worker for cache directory md-rule (C:\Users\MinhNgan\.gradle\caches\7.0.2\md-rule)" [_thread_blocked, id=4792, stack(0x000000fc86700000,0x000000fc86800000)]
  0x0000029778dc9800 JavaThread "Cache worker for execution history cache (C:\Users\MinhNgan\.gradle\caches\7.0.2\executionHistory)" [_thread_blocked, id=7764, stack(0x000000fc86800000,0x000000fc86900000)]
  0x0000029778dce800 JavaThread "Cache worker for file content cache (C:\Users\MinhNgan\.gradle\caches\7.0.2\fileContent)" [_thread_blocked, id=5592, stack(0x000000fc86900000,0x000000fc86a00000)]
  0x0000029778dc9000 JavaThread "Cache worker for dependencies-accessors (C:\Users\MinhNgan\AndroidStudioProjects\Android_hepat\.gradle\7.0.2\dependencies-accessors)" [_thread_blocked, id=5816, stack(0x000000fc86a00000,0x000000fc86b00000)]
  0x0000029778dd1000 JavaThread "Cache worker for Build Output Cleanup Cache (C:\Users\MinhNgan\AndroidStudioProjects\Android_hepat\.gradle\buildOutputCleanup)" [_thread_blocked, id=6416, stack(0x000000fc86b00000,0x000000fc86c00000)]
  0x0000029778dd3800 JavaThread "Build operations" [_thread_blocked, id=1988, stack(0x000000fc86c00000,0x000000fc86d00000)]
  0x0000029778dd4000 JavaThread "Build operations Thread 2" [_thread_blocked, id=7628, stack(0x000000fc86d00000,0x000000fc86e00000)]
  0x0000029778dd2800 JavaThread "Build operations Thread 3" [_thread_blocked, id=5392, stack(0x000000fc86e00000,0x000000fc86f00000)]
  0x0000029778dd0000 JavaThread "Build operations Thread 4" [_thread_blocked, id=5576, stack(0x000000fc86f00000,0x000000fc87000000)]
  0x0000029778dd5000 JavaThread "Memory manager" [_thread_blocked, id=1352, stack(0x000000fc87000000,0x000000fc87100000)]

Other Threads:
  0x0000029775ce2000 VMThread "VM Thread" [stack: 0x000000fc84300000,0x000000fc84400000] [id=5264]
  0x00000297767d7000 WatcherThread [stack: 0x000000fc84d00000,0x000000fc84e00000] [id=8220]
  0x000002975c166800 GCTaskThread "GC Thread#0" [stack: 0x000000fc83e00000,0x000000fc83f00000] [id=7768]
  0x0000029776c20800 GCTaskThread "GC Thread#1" [stack: 0x000000fc84e00000,0x000000fc84f00000] [id=3096]
  0x000002977783f800 GCTaskThread "GC Thread#2" [stack: 0x000000fc85100000,0x000000fc85200000] [id=2832]
  0x0000029777990000 GCTaskThread "GC Thread#3" [stack: 0x000000fc85200000,0x000000fc85300000] [id=8728]
  0x000002975c196000 ConcurrentGCThread "G1 Main Marker" [stack: 0x000000fc83f00000,0x000000fc84000000] [id=9732]
  0x000002975c197800 ConcurrentGCThread "G1 Conc#0" [stack: 0x000000fc84000000,0x000000fc84100000] [id=8696]
  0x000002975c1f1800 ConcurrentGCThread "G1 Refine#0" [stack: 0x000000fc84100000,0x000000fc84200000] [id=5480]
  0x000002975c1f2800 ConcurrentGCThread "G1 Young RemSet Sampling" [stack: 0x000000fc84200000,0x000000fc84300000] [id=2828]

Threads with active compile tasks:
C2 CompilerThread0  17007 6013   !   4       java.util.jar.Attributes::read (390 bytes)

VM state:not at safepoint (normal execution)

VM Mutex/Monitor currently owned by a thread: None

Heap address: 0x0000000080000000, size: 2048 MB, Compressed Oops mode: 32-bit
Narrow klass base: 0x0000000000000000, Narrow klass shift: 3
Compressed class space size: 1073741824 Address: 0x0000000100000000

Heap:
 garbage-first heap   total 138240K, used 86331K [0x0000000080000000, 0x0000000100000000)
  region size 1024K, 19 young (19456K), 2 survivors (2048K)
 Metaspace       used 60788K, capacity 62466K, committed 62720K, reserved 1103872K
  class space    used 7724K, capacity 8328K, committed 8448K, reserved 1048576K
Heap Regions: E=young(eden), S=young(survivor), O=old, HS=humongous(starts), HC=humongous(continues), CS=collection set, F=free, A=archive, TAMS=top-at-mark-start (previous, next)
|   0|0x0000000080000000, 0x0000000080100000, 0x0000000080100000|100%| O|  |TAMS 0x0000000080100000, 0x0000000080000000| Untracked 
|   1|0x0000000080100000, 0x0000000080200000, 0x0000000080200000|100%| O|  |TAMS 0x0000000080200000, 0x0000000080100000| Untracked 
|   2|0x0000000080200000, 0x0000000080300000, 0x0000000080300000|100%| O|  |TAMS 0x0000000080300000, 0x0000000080200000| Untracked 
|   3|0x0000000080300000, 0x0000000080400000, 0x0000000080400000|100%|HS|  |TAMS 0x0000000080400000, 0x0000000080300000| Complete 
|   4|0x0000000080400000, 0x0000000080500000, 0x0000000080500000|100%|HC|  |TAMS 0x0000000080500000, 0x0000000080400000| Complete 
|   5|0x0000000080500000, 0x0000000080600000, 0x0000000080600000|100%|HC|  |TAMS 0x0000000080600000, 0x0000000080500000| Complete 
|   6|0x0000000080600000, 0x0000000080700000, 0x0000000080700000|100%| O|  |TAMS 0x0000000080700000, 0x0000000080600000| Untracked 
|   7|0x0000000080700000, 0x0000000080800000, 0x0000000080800000|100%| O|  |TAMS 0x0000000080800000, 0x0000000080700000| Untracked 
|   8|0x0000000080800000, 0x0000000080900000, 0x0000000080900000|100%| O|  |TAMS 0x0000000080900000, 0x0000000080800000| Untracked 
|   9|0x0000000080900000, 0x0000000080a00000, 0x0000000080a00000|100%| O|  |TAMS 0x0000000080a00000, 0x0000000080900000| Untracked 
|  10|0x0000000080a00000, 0x0000000080b00000, 0x0000000080b00000|100%| O|  |TAMS 0x0000000080b00000, 0x0000000080a00000| Untracked 
|  11|0x0000000080b00000, 0x0000000080c00000, 0x0000000080c00000|100%| O|  |TAMS 0x0000000080c00000, 0x0000000080b00000| Untracked 
|  12|0x0000000080c00000, 0x0000000080d00000, 0x0000000080d00000|100%| O|  |TAMS 0x0000000080d00000, 0x0000000080c00000| Untracked 
|  13|0x0000000080d00000, 0x0000000080e00000, 0x0000000080e00000|100%| O|  |TAMS 0x0000000080e00000, 0x0000000080d00000| Untracked 
|  14|0x0000000080e00000, 0x0000000080f00000, 0x0000000080f00000|100%| O|  |TAMS 0x0000000080f00000, 0x0000000080e00000| Untracked 
|  15|0x0000000080f00000, 0x0000000081000000, 0x0000000081000000|100%| O|  |TAMS 0x0000000081000000, 0x0000000080f00000| Untracked 
|  16|0x0000000081000000, 0x0000000081100000, 0x0000000081100000|100%|HS|  |TAMS 0x0000000081100000, 0x0000000081000000| Complete 
|  17|0x0000000081100000, 0x0000000081200000, 0x0000000081200000|100%|HC|  |TAMS 0x0000000081200000, 0x0000000081100000| Complete 
|  18|0x0000000081200000, 0x0000000081300000, 0x0000000081300000|100%|HS|  |TAMS 0x0000000081300000, 0x0000000081200000| Complete 
|  19|0x0000000081300000, 0x0000000081400000, 0x0000000081400000|100%|HC|  |TAMS 0x0000000081400000, 0x0000000081300000| Complete 
|  20|0x0000000081400000, 0x0000000081500000, 0x0000000081500000|100%|HC|  |TAMS 0x0000000081500000, 0x0000000081400000| Complete 
|  21|0x0000000081500000, 0x0000000081600000, 0x0000000081600000|100%| O|  |TAMS 0x0000000081600000, 0x0000000081500000| Untracked 
|  22|0x0000000081600000, 0x0000000081700000, 0x0000000081700000|100%|HS|  |TAMS 0x0000000081700000, 0x0000000081600000| Complete 
|  23|0x0000000081700000, 0x0000000081800000, 0x0000000081800000|100%|HC|  |TAMS 0x0000000081800000, 0x0000000081700000| Complete 
|  24|0x0000000081800000, 0x0000000081900000, 0x0000000081900000|100%|HC|  |TAMS 0x0000000081900000, 0x0000000081800000| Complete 
|  25|0x0000000081900000, 0x0000000081a00000, 0x0000000081a00000|100%|HC|  |TAMS 0x0000000081a00000, 0x0000000081900000| Complete 
|  26|0x0000000081a00000, 0x0000000081b00000, 0x0000000081b00000|100%|HC|  |TAMS 0x0000000081b00000, 0x0000000081a00000| Complete 
|  27|0x0000000081b00000, 0x0000000081c00000, 0x0000000081c00000|100%| O|  |TAMS 0x0000000081c00000, 0x0000000081b00000| Untracked 
|  28|0x0000000081c00000, 0x0000000081d00000, 0x0000000081d00000|100%| O|  |TAMS 0x0000000081d00000, 0x0000000081c00000| Untracked 
|  29|0x0000000081d00000, 0x0000000081e00000, 0x0000000081e00000|100%| O|  |TAMS 0x0000000081e00000, 0x0000000081d00000| Untracked 
|  30|0x0000000081e00000, 0x0000000081f00000, 0x0000000081f00000|100%| O|  |TAMS 0x0000000081f00000, 0x0000000081e00000| Untracked 
|  31|0x0000000081f00000, 0x0000000082000000, 0x0000000082000000|100%| O|  |TAMS 0x0000000082000000, 0x0000000081f00000| Untracked 
|  32|0x0000000082000000, 0x0000000082100000, 0x0000000082100000|100%| O|  |TAMS 0x0000000082100000, 0x0000000082000000| Untracked 
|  33|0x0000000082100000, 0x0000000082200000, 0x0000000082200000|100%| O|  |TAMS 0x0000000082200000, 0x0000000082100000| Untracked 
|  34|0x0000000082200000, 0x0000000082300000, 0x0000000082300000|100%|HS|  |TAMS 0x0000000082300000, 0x0000000082200000| Complete 
|  35|0x0000000082300000, 0x0000000082400000, 0x0000000082400000|100%|HC|  |TAMS 0x0000000082400000, 0x0000000082300000| Complete 
|  36|0x0000000082400000, 0x0000000082500000, 0x0000000082500000|100%|HC|  |TAMS 0x0000000082500000, 0x0000000082400000| Complete 
|  37|0x0000000082500000, 0x0000000082600000, 0x0000000082600000|100%| O|  |TAMS 0x0000000082600000, 0x0000000082500000| Untracked 
|  38|0x0000000082600000, 0x0000000082700000, 0x0000000082700000|100%| O|  |TAMS 0x0000000082700000, 0x0000000082600000| Untracked 
|  39|0x0000000082700000, 0x0000000082800000, 0x0000000082800000|100%| O|  |TAMS 0x0000000082800000, 0x0000000082700000| Untracked 
|  40|0x0000000082800000, 0x0000000082900000, 0x0000000082900000|100%|HS|  |TAMS 0x0000000082900000, 0x0000000082800000| Complete 
|  41|0x0000000082900000, 0x0000000082a00000, 0x0000000082a00000|100%|HC|  |TAMS 0x0000000082a00000, 0x0000000082900000| Complete 
|  42|0x0000000082a00000, 0x0000000082b00000, 0x0000000082b00000|100%|HC|  |TAMS 0x0000000082b00000, 0x0000000082a00000| Complete 
|  43|0x0000000082b00000, 0x0000000082c00000, 0x0000000082c00000|100%|HC|  |TAMS 0x0000000082c00000, 0x0000000082b00000| Complete 
|  44|0x0000000082c00000, 0x0000000082d00000, 0x0000000082d00000|100%|HC|  |TAMS 0x0000000082d00000, 0x0000000082c00000| Complete 
|  45|0x0000000082d00000, 0x0000000082e00000, 0x0000000082e00000|100%| O|  |TAMS 0x0000000082e00000, 0x0000000082d00000| Untracked 
|  46|0x0000000082e00000, 0x0000000082f00000, 0x0000000082f00000|100%| O|  |TAMS 0x0000000082f00000, 0x0000000082e00000| Untracked 
|  47|0x0000000082f00000, 0x0000000083000000, 0x0000000083000000|100%| O|  |TAMS 0x0000000083000000, 0x0000000082f00000| Untracked 
|  48|0x0000000083000000, 0x0000000083100000, 0x0000000083100000|100%| O|  |TAMS 0x0000000083100000, 0x0000000083000000| Untracked 
|  49|0x0000000083100000, 0x0000000083200000, 0x0000000083200000|100%| O|  |TAMS 0x0000000083200000, 0x0000000083100000| Untracked 
|  50|0x0000000083200000, 0x0000000083300000, 0x0000000083300000|100%| O|  |TAMS 0x0000000083300000, 0x0000000083200000| Untracked 
|  51|0x0000000083300000, 0x0000000083400000, 0x0000000083400000|100%| O|  |TAMS 0x0000000083400000, 0x0000000083300000| Untracked 
|  52|0x0000000083400000, 0x0000000083500000, 0x0000000083500000|100%| O|  |TAMS 0x0000000083500000, 0x0000000083400000| Untracked 
|  53|0x0000000083500000, 0x0000000083600000, 0x0000000083600000|100%| O|  |TAMS 0x0000000083600000, 0x0000000083500000| Untracked 
|  54|0x0000000083600000, 0x0000000083700000, 0x0000000083700000|100%| O|  |TAMS 0x0000000083700000, 0x0000000083600000| Untracked 
|  55|0x0000000083700000, 0x0000000083800000, 0x0000000083800000|100%|HS|  |TAMS 0x0000000083800000, 0x0000000083700000| Complete 
|  56|0x0000000083800000, 0x0000000083900000, 0x0000000083900000|100%|HS|  |TAMS 0x0000000083900000, 0x0000000083800000| Complete 
|  57|0x0000000083900000, 0x0000000083a00000, 0x0000000083a00000|100%|HS|  |TAMS 0x0000000083a00000, 0x0000000083900000| Complete 
|  58|0x0000000083a00000, 0x0000000083b00000, 0x0000000083b00000|100%|HC|  |TAMS 0x0000000083b00000, 0x0000000083a00000| Complete 
|  59|0x0000000083b00000, 0x0000000083c00000, 0x0000000083c00000|100%| O|  |TAMS 0x0000000083c00000, 0x0000000083b00000| Untracked 
|  60|0x0000000083c00000, 0x0000000083d00000, 0x0000000083d00000|100%| O|  |TAMS 0x0000000083d00000, 0x0000000083c00000| Untracked 
|  61|0x0000000083d00000, 0x0000000083e00000, 0x0000000083e00000|100%| O|  |TAMS 0x0000000083e00000, 0x0000000083d00000| Untracked 
|  62|0x0000000083e00000, 0x0000000083f00000, 0x0000000083f00000|100%| O|  |TAMS 0x0000000083f00000, 0x0000000083e00000| Untracked 
|  63|0x0000000083f00000, 0x0000000084000000, 0x0000000084000000|100%| O|  |TAMS 0x0000000084000000, 0x0000000083f00000| Untracked 
|  64|0x0000000084000000, 0x0000000084100000, 0x0000000084100000|100%| O|  |TAMS 0x0000000084100000, 0x0000000084000000| Untracked 
|  65|0x0000000084100000, 0x0000000084200000, 0x0000000084200000|100%| O|  |TAMS 0x0000000084200000, 0x0000000084100000| Untracked 
|  66|0x0000000084200000, 0x0000000084300000, 0x0000000084300000|100%| O|  |TAMS 0x0000000084300000, 0x0000000084200000| Untracked 
|  67|0x0000000084300000, 0x000000008438fe00, 0x0000000084400000| 56%| O|  |TAMS 0x000000008438fe00, 0x0000000084300000| Untracked 
|  68|0x0000000084400000, 0x0000000084400000, 0x0000000084500000|  0%| F|  |TAMS 0x0000000084400000, 0x0000000084400000| Untracked 
|  69|0x0000000084500000, 0x0000000084500000, 0x0000000084600000|  0%| F|  |TAMS 0x0000000084500000, 0x0000000084500000| Untracked 
|  70|0x0000000084600000, 0x0000000084600000, 0x0000000084700000|  0%| F|  |TAMS 0x0000000084600000, 0x0000000084600000| Untracked 
|  71|0x0000000084700000, 0x0000000084700000, 0x0000000084800000|  0%| F|  |TAMS 0x0000000084700000, 0x0000000084700000| Untracked 
|  72|0x0000000084800000, 0x0000000084800000, 0x0000000084900000|  0%| F|  |TAMS 0x0000000084800000, 0x0000000084800000| Untracked 
|  73|0x0000000084900000, 0x0000000084900000, 0x0000000084a00000|  0%| F|  |TAMS 0x0000000084900000, 0x0000000084900000| Untracked 
|  74|0x0000000084a00000, 0x0000000084a00000, 0x0000000084b00000|  0%| F|  |TAMS 0x0000000084a00000, 0x0000000084a00000| Untracked 
|  75|0x0000000084b00000, 0x0000000084b00000, 0x0000000084c00000|  0%| F|  |TAMS 0x0000000084b00000, 0x0000000084b00000| Untracked 
|  76|0x0000000084c00000, 0x0000000084c00000, 0x0000000084d00000|  0%| F|  |TAMS 0x0000000084c00000, 0x0000000084c00000| Untracked 
|  77|0x0000000084d00000, 0x0000000084d00000, 0x0000000084e00000|  0%| F|  |TAMS 0x0000000084d00000, 0x0000000084d00000| Untracked 
|  78|0x0000000084e00000, 0x0000000084e00000, 0x0000000084f00000|  0%| F|  |TAMS 0x0000000084e00000, 0x0000000084e00000| Untracked 
|  79|0x0000000084f00000, 0x0000000084f00000, 0x0000000085000000|  0%| F|  |TAMS 0x0000000084f00000, 0x0000000084f00000| Untracked 
|  80|0x0000000085000000, 0x0000000085000000, 0x0000000085100000|  0%| F|  |TAMS 0x0000000085000000, 0x0000000085000000| Untracked 
|  81|0x0000000085100000, 0x0000000085100000, 0x0000000085200000|  0%| F|  |TAMS 0x0000000085100000, 0x0000000085100000| Untracked 
|  82|0x0000000085200000, 0x0000000085200000, 0x0000000085300000|  0%| F|  |TAMS 0x0000000085200000, 0x0000000085200000| Untracked 
|  83|0x0000000085300000, 0x0000000085300000, 0x0000000085400000|  0%| F|  |TAMS 0x0000000085300000, 0x0000000085300000| Untracked 
|  84|0x0000000085400000, 0x0000000085400000, 0x0000000085500000|  0%| F|  |TAMS 0x0000000085400000, 0x0000000085400000| Untracked 
|  85|0x0000000085500000, 0x0000000085500000, 0x0000000085600000|  0%| F|  |TAMS 0x0000000085500000, 0x0000000085500000| Untracked 
|  86|0x0000000085600000, 0x0000000085600000, 0x0000000085700000|  0%| F|  |TAMS 0x0000000085600000, 0x0000000085600000| Untracked 
|  87|0x0000000085700000, 0x0000000085700000, 0x0000000085800000|  0%| F|  |TAMS 0x0000000085700000, 0x0000000085700000| Untracked 
|  88|0x0000000085800000, 0x0000000085800000, 0x0000000085900000|  0%| F|  |TAMS 0x0000000085800000, 0x0000000085800000| Untracked 
|  89|0x0000000085900000, 0x0000000085900000, 0x0000000085a00000|  0%| F|  |TAMS 0x0000000085900000, 0x0000000085900000| Untracked 
|  90|0x0000000085a00000, 0x0000000085a00000, 0x0000000085b00000|  0%| F|  |TAMS 0x0000000085a00000, 0x0000000085a00000| Untracked 
|  91|0x0000000085b00000, 0x0000000085b00000, 0x0000000085c00000|  0%| F|  |TAMS 0x0000000085b00000, 0x0000000085b00000| Untracked 
|  92|0x0000000085c00000, 0x0000000085c00000, 0x0000000085d00000|  0%| F|  |TAMS 0x0000000085c00000, 0x0000000085c00000| Untracked 
|  93|0x0000000085d00000, 0x0000000085d00000, 0x0000000085e00000|  0%| F|  |TAMS 0x0000000085d00000, 0x0000000085d00000| Untracked 
|  94|0x0000000085e00000, 0x0000000085e00000, 0x0000000085f00000|  0%| F|  |TAMS 0x0000000085e00000, 0x0000000085e00000| Untracked 
|  95|0x0000000085f00000, 0x0000000085f00000, 0x0000000086000000|  0%| F|  |TAMS 0x0000000085f00000, 0x0000000085f00000| Untracked 
|  96|0x0000000086000000, 0x0000000086000000, 0x0000000086100000|  0%| F|  |TAMS 0x0000000086000000, 0x0000000086000000| Untracked 
|  97|0x0000000086100000, 0x0000000086100000, 0x0000000086200000|  0%| F|  |TAMS 0x0000000086100000, 0x0000000086100000| Untracked 
|  98|0x0000000086200000, 0x00000000862befa0, 0x0000000086300000| 74%| S|CS|TAMS 0x0000000086200000, 0x0000000086200000| Complete 
|  99|0x0000000086300000, 0x0000000086400000, 0x0000000086400000|100%| S|CS|TAMS 0x0000000086300000, 0x0000000086300000| Complete 
| 100|0x0000000086400000, 0x0000000086400000, 0x0000000086500000|  0%| F|  |TAMS 0x0000000086400000, 0x0000000086400000| Untracked 
| 101|0x0000000086500000, 0x0000000086500000, 0x0000000086600000|  0%| F|  |TAMS 0x0000000086500000, 0x0000000086500000| Untracked 
| 102|0x0000000086600000, 0x0000000086600000, 0x0000000086700000|  0%| F|  |TAMS 0x0000000086600000, 0x0000000086600000| Untracked 
| 103|0x0000000086700000, 0x0000000086700000, 0x0000000086800000|  0%| F|  |TAMS 0x0000000086700000, 0x0000000086700000| Untracked 
| 104|0x0000000086800000, 0x0000000086800000, 0x0000000086900000|  0%| F|  |TAMS 0x0000000086800000, 0x0000000086800000| Untracked 
| 105|0x0000000086900000, 0x0000000086900000, 0x0000000086a00000|  0%| F|  |TAMS 0x0000000086900000, 0x0000000086900000| Untracked 
| 106|0x0000000086a00000, 0x0000000086a00000, 0x0000000086b00000|  0%| F|  |TAMS 0x0000000086a00000, 0x0000000086a00000| Untracked 
| 107|0x0000000086b00000, 0x0000000086b00000, 0x0000000086c00000|  0%| F|  |TAMS 0x0000000086b00000, 0x0000000086b00000| Untracked 
| 108|0x0000000086c00000, 0x0000000086c00000, 0x0000000086d00000|  0%| F|  |TAMS 0x0000000086c00000, 0x0000000086c00000| Untracked 
| 109|0x0000000086d00000, 0x0000000086d00000, 0x0000000086e00000|  0%| F|  |TAMS 0x0000000086d00000, 0x0000000086d00000| Untracked 
| 110|0x0000000086e00000, 0x0000000086e00000, 0x0000000086f00000|  0%| F|  |TAMS 0x0000000086e00000, 0x0000000086e00000| Untracked 
| 111|0x0000000086f00000, 0x0000000086f00000, 0x0000000087000000|  0%| F|  |TAMS 0x0000000086f00000, 0x0000000086f00000| Untracked 
| 112|0x0000000087000000, 0x0000000087000000, 0x0000000087100000|  0%| F|  |TAMS 0x0000000087000000, 0x0000000087000000| Untracked 
| 113|0x0000000087100000, 0x0000000087100000, 0x0000000087200000|  0%| F|  |TAMS 0x0000000087100000, 0x0000000087100000| Untracked 
| 114|0x0000000087200000, 0x0000000087200000, 0x0000000087300000|  0%| F|  |TAMS 0x0000000087200000, 0x0000000087200000| Untracked 
| 115|0x0000000087300000, 0x0000000087300000, 0x0000000087400000|  0%| F|  |TAMS 0x0000000087300000, 0x0000000087300000| Untracked 
| 116|0x0000000087400000, 0x0000000087400000, 0x0000000087500000|  0%| F|  |TAMS 0x0000000087400000, 0x0000000087400000| Untracked 
| 117|0x0000000087500000, 0x0000000087500000, 0x0000000087600000|  0%| F|  |TAMS 0x0000000087500000, 0x0000000087500000| Untracked 
| 118|0x0000000087600000, 0x0000000087700000, 0x0000000087700000|100%| E|  |TAMS 0x0000000087600000, 0x0000000087600000| Complete 
| 119|0x0000000087700000, 0x0000000087800000, 0x0000000087800000|100%| E|CS|TAMS 0x0000000087700000, 0x0000000087700000| Complete 
| 120|0x0000000087800000, 0x0000000087900000, 0x0000000087900000|100%| E|CS|TAMS 0x0000000087800000, 0x0000000087800000| Complete 
| 121|0x0000000087900000, 0x0000000087a00000, 0x0000000087a00000|100%| E|CS|TAMS 0x0000000087900000, 0x0000000087900000| Complete 
| 122|0x0000000087a00000, 0x0000000087b00000, 0x0000000087b00000|100%| E|  |TAMS 0x0000000087a00000, 0x0000000087a00000| Complete 
| 123|0x0000000087b00000, 0x0000000087c00000, 0x0000000087c00000|100%| E|CS|TAMS 0x0000000087b00000, 0x0000000087b00000| Complete 
| 124|0x0000000087c00000, 0x0000000087d00000, 0x0000000087d00000|100%| E|CS|TAMS 0x0000000087c00000, 0x0000000087c00000| Complete 
| 125|0x0000000087d00000, 0x0000000087e00000, 0x0000000087e00000|100%| E|CS|TAMS 0x0000000087d00000, 0x0000000087d00000| Complete 
| 126|0x0000000087e00000, 0x0000000087f00000, 0x0000000087f00000|100%| E|CS|TAMS 0x0000000087e00000, 0x0000000087e00000| Complete 
| 127|0x0000000087f00000, 0x0000000088000000, 0x0000000088000000|100%| E|CS|TAMS 0x0000000087f00000, 0x0000000087f00000| Complete 
| 128|0x0000000088000000, 0x0000000088100000, 0x0000000088100000|100%| E|CS|TAMS 0x0000000088000000, 0x0000000088000000| Complete 
| 129|0x0000000088100000, 0x0000000088200000, 0x0000000088200000|100%| E|CS|TAMS 0x0000000088100000, 0x0000000088100000| Complete 
| 130|0x0000000088200000, 0x0000000088300000, 0x0000000088300000|100%| E|CS|TAMS 0x0000000088200000, 0x0000000088200000| Complete 
| 131|0x0000000088300000, 0x0000000088400000, 0x0000000088400000|100%| E|CS|TAMS 0x0000000088300000, 0x0000000088300000| Complete 
| 132|0x0000000088400000, 0x0000000088500000, 0x0000000088500000|100%| E|CS|TAMS 0x0000000088400000, 0x0000000088400000| Complete 
| 133|0x0000000088500000, 0x0000000088600000, 0x0000000088600000|100%| E|CS|TAMS 0x0000000088500000, 0x0000000088500000| Complete 
| 134|0x0000000088600000, 0x0000000088700000, 0x0000000088700000|100%| E|CS|TAMS 0x0000000088600000, 0x0000000088600000| Complete 

Card table byte_map: [0x000002976f040000,0x000002976f440000] _byte_map_base: 0x000002976ec40000

Marking Bits (Prev, Next): (CMBitMap*) 0x000002975c18d690, (CMBitMap*) 0x000002975c18d658
 Prev Bits: [0x0000029771840000, 0x0000029773840000)
 Next Bits: [0x000002976f840000, 0x0000029771840000)

Polling page: 0x000002975a020000

Metaspace:

Usage:
  Non-class:     52.87 MB capacity,    51.82 MB ( 98%) used,   915.69 KB (  2%) free+waste,   158.25 KB ( <1%) overhead. 
      Class:      8.13 MB capacity,     7.54 MB ( 93%) used,   527.73 KB (  6%) free+waste,    75.50 KB ( <1%) overhead. 
       Both:     61.00 MB capacity,    59.36 MB ( 97%) used,     1.41 MB (  2%) free+waste,   233.75 KB ( <1%) overhead. 

Virtual space:
  Non-class space:       54.00 MB reserved,      53.00 MB ( 98%) committed 
      Class space:        1.00 GB reserved,       8.25 MB ( <1%) committed 
             Both:        1.05 GB reserved,      61.25 MB (  6%) committed 

Chunk freelists:
   Non-Class:  6.00 KB
       Class:  24.00 KB
        Both:  30.00 KB

MaxMetaspaceSize: 17179869184.00 GB
CompressedClassSpaceSize: 1.00 GB

CodeHeap 'non-profiled nmethods': size=120064Kb used=2690Kb max_used=2690Kb free=117373Kb
 bounds [0x0000029767700000, 0x00000297679b0000, 0x000002976ec40000]
CodeHeap 'profiled nmethods': size=120000Kb used=12215Kb max_used=12215Kb free=107785Kb
 bounds [0x00000297601d0000, 0x0000029760dc0000, 0x0000029767700000]
CodeHeap 'non-nmethods': size=5696Kb used=2254Kb max_used=2293Kb free=3441Kb
 bounds [0x000002975fc40000, 0x000002975feb0000, 0x00000297601d0000]
 total_blobs=6820 nmethods=5976 adapters=755
 compilation: enabled
              stopped_count=0, restarted_count=0
 full_count=0

Compilation events (20 events):
Event: 16.894 Thread 0x0000029775d56800 6062       3       java.math.MutableBigInteger::unsignedLongCompare (20 bytes)
Event: 16.894 Thread 0x0000029775d56800 nmethod 6062 0x0000029760db1d90 code [0x0000029760db1f40, 0x0000029760db20b8]
Event: 16.897 Thread 0x0000029775d56800 6064       2       sun.security.provider.SHA2::implCompress (13 bytes)
Event: 16.898 Thread 0x0000029775d56800 nmethod 6064 0x0000029760db2190 code [0x0000029760db2360, 0x0000029760db2568]
Event: 16.913 Thread 0x0000029775d56800 6066       2       sun.security.util.SignatureFileVerifier::updateSigners (132 bytes)
Event: 16.914 Thread 0x0000029775d56800 nmethod 6066 0x0000029760db2690 code [0x0000029760db2900, 0x0000029760db30c8]
Event: 16.914 Thread 0x0000029775d56800 6067       2       sun.security.util.SignatureFileVerifier::matches (93 bytes)
Event: 16.916 Thread 0x0000029775d56800 nmethod 6067 0x0000029760db3610 code [0x0000029760db3820, 0x0000029760db3f58]
Event: 16.916 Thread 0x0000029775d56800 6068       1       java.security.Provider$Service::getType (5 bytes)
Event: 16.916 Thread 0x0000029775d56800 nmethod 6068 0x00000297679a0190 code [0x00000297679a0340, 0x00000297679a03f8]
Event: 16.916 Thread 0x0000029775d56800 6069       1       java.security.Provider$Service::getAlgorithm (5 bytes)
Event: 16.916 Thread 0x0000029775d56800 nmethod 6069 0x00000297679a0490 code [0x00000297679a0640, 0x00000297679a06f8]
Event: 16.916 Thread 0x0000029775d56800 6070       1       java.security.Provider$Service::getAliases (5 bytes)
Event: 16.916 Thread 0x0000029775d56800 nmethod 6070 0x00000297679a0790 code [0x00000297679a0940, 0x00000297679a09f8]
Event: 16.916 Thread 0x0000029775d56800 6071       2       java.security.Provider$ServiceKey::<init> (39 bytes)
Event: 16.917 Thread 0x0000029775d56800 nmethod 6071 0x0000029760db4490 code [0x0000029760db4680, 0x0000029760db4948]
Event: 16.920 Thread 0x0000029775d56800 6072       2       sun.security.provider.ByteArrayAccess::i2bBig4 (111 bytes)
Event: 16.920 Thread 0x0000029775d56800 nmethod 6072 0x0000029760db4a90 code [0x0000029760db4c40, 0x0000029760db4e28]
Event: 16.924 Thread 0x0000029775d56800 6073       2       java.io.InputStream::readNBytes (274 bytes)
Event: 16.927 Thread 0x0000029775d56800 nmethod 6073 0x0000029760db4f10 code [0x0000029760db51c0, 0x0000029760db5fc8]

GC Heap History (20 events):
Event: 7.244 GC heap before
{Heap before GC invocations=12 (full 0):
 garbage-first heap   total 95232K, used 43239K [0x0000000080000000, 0x0000000100000000)
  region size 1024K, 11 young (11264K), 1 survivors (1024K)
 Metaspace       used 34834K, capacity 35731K, committed 35840K, reserved 1081344K
  class space    used 4554K, capacity 4899K, committed 4992K, reserved 1048576K
}
Event: 7.257 GC heap after
{Heap after GC invocations=13 (full 0):
 garbage-first heap   total 95232K, used 35501K [0x0000000080000000, 0x0000000100000000)
  region size 1024K, 3 young (3072K), 3 survivors (3072K)
 Metaspace       used 34834K, capacity 35731K, committed 35840K, reserved 1081344K
  class space    used 4554K, capacity 4899K, committed 4992K, reserved 1048576K
}
Event: 8.180 GC heap before
{Heap before GC invocations=14 (full 0):
 garbage-first heap   total 95232K, used 60077K [0x0000000080000000, 0x0000000100000000)
  region size 1024K, 28 young (28672K), 3 survivors (3072K)
 Metaspace       used 37605K, capacity 38575K, committed 38784K, reserved 1083392K
  class space    used 4866K, capacity 5207K, committed 5248K, reserved 1048576K
}
Event: 8.200 GC heap after
{Heap after GC invocations=15 (full 0):
 garbage-first heap   total 95232K, used 38513K [0x0000000080000000, 0x0000000100000000)
  region size 1024K, 4 young (4096K), 4 survivors (4096K)
 Metaspace       used 37605K, capacity 38575K, committed 38784K, reserved 1083392K
  class space    used 4866K, capacity 5207K, committed 5248K, reserved 1048576K
}
Event: 8.864 GC heap before
{Heap before GC invocations=16 (full 0):
 garbage-first heap   total 95232K, used 66161K [0x0000000080000000, 0x0000000100000000)
  region size 1024K, 29 young (29696K), 4 survivors (4096K)
 Metaspace       used 40065K, capacity 41059K, committed 41088K, reserved 1085440K
  class space    used 5125K, capacity 5499K, committed 5504K, reserved 1048576K
}
Event: 8.874 GC heap after
{Heap after GC invocations=17 (full 0):
 garbage-first heap   total 95232K, used 39764K [0x0000000080000000, 0x0000000100000000)
  region size 1024K, 2 young (2048K), 2 survivors (2048K)
 Metaspace       used 40065K, capacity 41059K, committed 41088K, reserved 1085440K
  class space    used 5125K, capacity 5499K, committed 5504K, reserved 1048576K
}
Event: 9.661 GC heap before
{Heap before GC invocations=17 (full 0):
 garbage-first heap   total 95232K, used 70484K [0x0000000080000000, 0x0000000100000000)
  region size 1024K, 28 young (28672K), 2 survivors (2048K)
 Metaspace       used 41980K, capacity 43055K, committed 43264K, reserved 1087488K
  class space    used 5397K, capacity 5782K, committed 5888K, reserved 1048576K
}
Event: 9.668 GC heap after
{Heap after GC invocations=18 (full 0):
 garbage-first heap   total 114688K, used 46534K [0x0000000080000000, 0x0000000100000000)
  region size 1024K, 4 young (4096K), 4 survivors (4096K)
 Metaspace       used 41980K, capacity 43055K, committed 43264K, reserved 1087488K
  class space    used 5397K, capacity 5782K, committed 5888K, reserved 1048576K
}
Event: 10.953 GC heap before
{Heap before GC invocations=18 (full 0):
 garbage-first heap   total 114688K, used 81350K [0x0000000080000000, 0x0000000100000000)
  region size 1024K, 35 young (35840K), 4 survivors (4096K)
 Metaspace       used 44427K, capacity 45639K, committed 45824K, reserved 1089536K
  class space    used 5588K, capacity 6017K, committed 6144K, reserved 1048576K
}
Event: 10.967 GC heap after
{Heap after GC invocations=19 (full 0):
 garbage-first heap   total 114688K, used 53248K [0x0000000080000000, 0x0000000100000000)
  region size 1024K, 5 young (5120K), 5 survivors (5120K)
 Metaspace       used 44427K, capacity 45639K, committed 45824K, reserved 1089536K
  class space    used 5588K, capacity 6017K, committed 6144K, reserved 1048576K
}
Event: 12.152 GC heap before
{Heap before GC invocations=19 (full 0):
 garbage-first heap   total 114688K, used 83968K [0x0000000080000000, 0x0000000100000000)
  region size 1024K, 35 young (35840K), 5 survivors (5120K)
 Metaspace       used 46015K, capacity 47152K, committed 47232K, reserved 1089536K
  class space    used 5847K, capacity 6265K, committed 6272K, reserved 1048576K
}
Event: 12.165 GC heap after
{Heap after GC invocations=20 (full 0):
 garbage-first heap   total 114688K, used 56146K [0x0000000080000000, 0x0000000100000000)
  region size 1024K, 3 young (3072K), 3 survivors (3072K)
 Metaspace       used 46015K, capacity 47152K, committed 47232K, reserved 1089536K
  class space    used 5847K, capacity 6265K, committed 6272K, reserved 1048576K
}
Event: 12.702 GC heap before
{Heap before GC invocations=20 (full 0):
 garbage-first heap   total 114688K, used 85842K [0x0000000080000000, 0x0000000100000000)
  region size 1024K, 32 young (32768K), 3 survivors (3072K)
 Metaspace       used 47870K, capacity 49292K, committed 49408K, reserved 1091584K
  class space    used 6159K, capacity 6596K, committed 6656K, reserved 1048576K
}
Event: 12.715 GC heap after
{Heap after GC invocations=21 (full 0):
 garbage-first heap   total 114688K, used 57154K [0x0000000080000000, 0x0000000100000000)
  region size 1024K, 2 young (2048K), 2 survivors (2048K)
 Metaspace       used 47870K, capacity 49292K, committed 49408K, reserved 1091584K
  class space    used 6159K, capacity 6596K, committed 6656K, reserved 1048576K
}
Event: 13.724 GC heap before
{Heap before GC invocations=22 (full 0):
 garbage-first heap   total 114688K, used 86850K [0x0000000080000000, 0x0000000100000000)
  region size 1024K, 32 young (32768K), 2 survivors (2048K)
 Metaspace       used 49403K, capacity 50819K, committed 51072K, reserved 1093632K
  class space    used 6308K, capacity 6777K, committed 6784K, reserved 1048576K
}
Event: 13.735 GC heap after
{Heap after GC invocations=23 (full 0):
 garbage-first heap   total 138240K, used 58871K [0x0000000080000000, 0x0000000100000000)
  region size 1024K, 3 young (3072K), 3 survivors (3072K)
 Metaspace       used 49403K, capacity 50819K, committed 51072K, reserved 1093632K
  class space    used 6308K, capacity 6777K, committed 6784K, reserved 1048576K
}
Event: 15.191 GC heap before
{Heap before GC invocations=23 (full 0):
 garbage-first heap   total 138240K, used 103927K [0x0000000080000000, 0x0000000100000000)
  region size 1024K, 44 young (45056K), 3 survivors (3072K)
 Metaspace       used 53523K, capacity 55046K, committed 55296K, reserved 1097728K
  class space    used 6827K, capacity 7329K, committed 7424K, reserved 1048576K
}
Event: 15.220 GC heap after
{Heap after GC invocations=24 (full 0):
 garbage-first heap   total 138240K, used 69291K [0x0000000080000000, 0x0000000100000000)
  region size 1024K, 6 young (6144K), 6 survivors (6144K)
 Metaspace       used 53523K, capacity 55046K, committed 55296K, reserved 1097728K
  class space    used 6827K, capacity 7329K, committed 7424K, reserved 1048576K
}
Event: 16.245 GC heap before
{Heap before GC invocations=24 (full 0):
 garbage-first heap   total 138240K, used 105131K [0x0000000080000000, 0x0000000100000000)
  region size 1024K, 41 young (41984K), 6 survivors (6144K)
 Metaspace       used 59193K, capacity 60920K, committed 61184K, reserved 1101824K
  class space    used 7541K, capacity 8089K, committed 8192K, reserved 1048576K
}
Event: 16.299 GC heap after
{Heap after GC invocations=25 (full 0):
 garbage-first heap   total 138240K, used 70971K [0x0000000080000000, 0x0000000100000000)
  region size 1024K, 2 young (2048K), 2 survivors (2048K)
 Metaspace       used 59193K, capacity 60920K, committed 61184K, reserved 1101824K
  class space    used 7541K, capacity 8089K, committed 8192K, reserved 1048576K
}

Deoptimization events (20 events):
Event: 16.918 Thread 0x0000029777ae9800 Uncommon trap: trap_request=0xffffff4d fr.pc=0x00000297678b3258 relative=0x0000000000000318
Event: 16.918 Thread 0x0000029777ae9800 Uncommon trap: reason=unstable_if action=reinterpret pc=0x00000297678b3258 method=java.security.CodeSource.<init>(Ljava/net/URL;[Ljava/security/CodeSigner;)V @ 37 c2
Event: 16.918 Thread 0x0000029777ae9800 DEOPT PACKING pc=0x00000297678b3258 sp=0x000000fc857f4ca0
Event: 16.918 Thread 0x0000029777ae9800 DEOPT UNPACKING pc=0x000002975fc678af sp=0x000000fc857f4c58 mode 2
Event: 16.918 Thread 0x0000029777ae9800 Uncommon trap: trap_request=0xffffff4d fr.pc=0x0000029767803090 relative=0x0000000000000070
Event: 16.918 Thread 0x0000029777ae9800 Uncommon trap: reason=unstable_if action=reinterpret pc=0x0000029767803090 method=java.security.CodeSource.getCertificates()[Ljava/security/cert/Certificate; @ 22 c2
Event: 16.918 Thread 0x0000029777ae9800 DEOPT PACKING pc=0x0000029767803090 sp=0x000000fc857f4a70
Event: 16.918 Thread 0x0000029777ae9800 DEOPT UNPACKING pc=0x000002975fc678af sp=0x000000fc857f49f8 mode 2
Event: 16.920 Thread 0x0000029777ae9800 Uncommon trap: trap_request=0xffffff4d fr.pc=0x0000029767990264 relative=0x00000000000002e4
Event: 16.920 Thread 0x0000029777ae9800 Uncommon trap: reason=unstable_if action=reinterpret pc=0x0000029767990264 method=java.util.jar.JarFile.maybeInstantiateVerifier()V @ 4 c2
Event: 16.920 Thread 0x0000029777ae9800 DEOPT PACKING pc=0x0000029767990264 sp=0x000000fc857f1bc0
Event: 16.920 Thread 0x0000029777ae9800 DEOPT UNPACKING pc=0x000002975fc678af sp=0x000000fc857f1af8 mode 2
Event: 16.927 Thread 0x0000029777ae9800 DEOPT PACKING pc=0x000002976038a2d7 sp=0x000000fc857f41e0
Event: 16.927 Thread 0x0000029777ae9800 DEOPT UNPACKING pc=0x000002975fc676ce sp=0x000000fc857f3790 mode 0
Event: 16.929 Thread 0x0000029777ae9800 DEOPT PACKING pc=0x000002976038a2d7 sp=0x000000fc857f41e0
Event: 16.929 Thread 0x0000029777ae9800 DEOPT UNPACKING pc=0x000002975fc676ce sp=0x000000fc857f3790 mode 0
Event: 16.934 Thread 0x0000029777ae9800 DEOPT PACKING pc=0x000002976038a2d7 sp=0x000000fc857f41e0
Event: 16.934 Thread 0x0000029777ae9800 DEOPT UNPACKING pc=0x000002975fc676ce sp=0x000000fc857f3790 mode 0
Event: 16.937 Thread 0x0000029777ae9800 DEOPT PACKING pc=0x000002976038a2d7 sp=0x000000fc857f41e0
Event: 16.937 Thread 0x0000029777ae9800 DEOPT UNPACKING pc=0x000002975fc676ce sp=0x000000fc857f3790 mode 0

Classes redefined (0 events):
No events

Internal exceptions (20 events):
Event: 14.072 Thread 0x0000029777ae9800 Exception <a 'java/lang/ClassNotFoundException'{0x0000000087c0a640}: org/gradle/api/internal/ConventionTaskBeanInfo> (0x0000000087c0a640) thrown at [./src/hotspot/share/classfile/systemDictionary.cpp, line 231]
Event: 14.073 Thread 0x0000029777ae9800 Exception <a 'java/lang/ClassNotFoundException'{0x0000000087c32450}: org/gradle/api/DefaultTaskBeanInfo> (0x0000000087c32450) thrown at [./src/hotspot/share/classfile/systemDictionary.cpp, line 231]
Event: 14.074 Thread 0x0000029777ae9800 Exception <a 'java/lang/ClassNotFoundException'{0x0000000087c5e318}: org/gradle/api/internal/AbstractTaskBeanInfo> (0x0000000087c5e318) thrown at [./src/hotspot/share/classfile/systemDictionary.cpp, line 231]
Event: 14.076 Thread 0x0000029777ae9800 Exception <a 'java/lang/ClassNotFoundException'{0x0000000087c8a3e8}: org/gradle/api/internal/AbstractTaskCustomizer> (0x0000000087c8a3e8) thrown at [./src/hotspot/share/classfile/systemDictionary.cpp, line 231]
Event: 14.082 Thread 0x0000029777ae9800 Exception <a 'java/lang/ClassNotFoundException'{0x0000000087cfa8f0}: org/gradle/api/DefaultTaskCustomizer> (0x0000000087cfa8f0) thrown at [./src/hotspot/share/classfile/systemDictionary.cpp, line 231]
Event: 14.088 Thread 0x0000029777ae9800 Exception <a 'java/lang/ClassNotFoundException'{0x0000000087b7ab58}: org/gradle/api/internal/ConventionTaskCustomizer> (0x0000000087b7ab58) thrown at [./src/hotspot/share/classfile/systemDictionary.cpp, line 231]
Event: 14.090 Thread 0x0000029777ae9800 Exception <a 'java/lang/ClassNotFoundException'{0x0000000087bb2128}: org/gradle/api/tasks/DeleteCustomizer> (0x0000000087bb2128) thrown at [./src/hotspot/share/classfile/systemDictionary.cpp, line 231]
Event: 14.093 Thread 0x0000029777ae9800 Exception <a 'java/lang/ClassNotFoundException'{0x0000000087bf0648}: org/gradle/api/tasks/Delete_DecoratedCustomizer> (0x0000000087bf0648) thrown at [./src/hotspot/share/classfile/systemDictionary.cpp, line 231]
Event: 14.142 Thread 0x0000029777ae9800 Exception <a 'java/lang/ClassNotFoundException'{0x000000008793a2d0}: build_5qz5yakvh4qqqlo5mq00qos0fBeanInfo> (0x000000008793a2d0) thrown at [./src/hotspot/share/classfile/systemDictionary.cpp, line 231]
Event: 14.142 Thread 0x0000029777ae9800 Exception <a 'java/lang/ClassNotFoundException'{0x00000000879451f8}: build_5qz5yakvh4qqqlo5mq00qos0fCustomizer> (0x00000000879451f8) thrown at [./src/hotspot/share/classfile/systemDictionary.cpp, line 231]
Event: 14.507 Thread 0x0000029777ae9800 Exception <a 'java/lang/NoSuchMethodError'{0x0000000086fd3900}: 'java.lang.Object java.lang.invoke.DirectMethodHandle$Holder.invokeStatic(java.lang.Object, java.lang.Object, java.lang.Object, java.lang.Object, int)'> (0x0000000086fd3900) thrown at [./src/hotspot/share/interpreter/linkResolver.cpp, line 773]
Event: 14.508 Thread 0x0000029777ae9800 Exception <a 'java/lang/NoSuchMethodError'{0x0000000086fd82f8}: 'java.lang.Object java.lang.invoke.DirectMethodHandle$Holder.invokeSpecial(java.lang.Object, java.lang.Object, java.lang.Object, java.lang.Object, java.lang.Object, int)'> (0x0000000086fd82f8) thrown at [./src/hotspot/share/interpreter/linkResolver.cpp, line 773]
Event: 14.509 Thread 0x0000029777ae9800 Exception <a 'java/lang/NoSuchMethodError'{0x0000000086fdc938}: 'java.lang.Object java.lang.invoke.Invokers$Holder.linkToTargetMethod(java.lang.Object, java.lang.Object, java.lang.Object, int, java.lang.Object)'> (0x0000000086fdc938) thrown at [./src/hotspot/share/interpreter/linkResolver.cpp, line 773]
Event: 15.127 Thread 0x0000029777ae9800 Exception <a 'java/lang/NoSuchMethodError'{0x000000008607ea20}: 'java.lang.Object java.lang.invoke.DirectMethodHandle$Holder.invokeSpecial(java.lang.Object, java.lang.Object, int, int, java.lang.Object, java.lang.Object, java.lang.Object)'> (0x000000008607ea20) thrown at [./src/hotspot/share/interpreter/linkResolver.cpp, line 773]
Event: 15.127 Thread 0x0000029777ae9800 Exception <a 'java/lang/NoSuchMethodError'{0x00000000860835d0}: 'java.lang.Object java.lang.invoke.DelegatingMethodHandle$Holder.reinvoke_L(java.lang.Object, int, int, java.lang.Object, java.lang.Object, java.lang.Object)'> (0x00000000860835d0) thrown at [./src/hotspot/share/interpreter/linkResolver.cpp, line 773]
Event: 15.586 Thread 0x0000029777ae9800 Exception <a 'java/lang/NoSuchMethodError'{0x0000000087d14830}: 'int java.lang.invoke.DirectMethodHandle$Holder.invokeInterface(java.lang.Object, java.lang.Object, java.lang.Object, java.lang.Object)'> (0x0000000087d14830) thrown at [./src/hotspot/share/interpreter/linkResolver.cpp, line 773]
Event: 15.928 Thread 0x0000029777ae9800 Exception <a 'java/lang/NoSuchMethodError'{0x0000000086fbaf70}: 'void java.lang.invoke.DirectMethodHandle$Holder.invokeInterface(java.lang.Object, java.lang.Object, java.lang.Object, java.lang.Object)'> (0x0000000086fbaf70) thrown at [./src/hotspot/share/interpreter/linkResolver.cpp, line 773]
Event: 16.109 Thread 0x0000029777ae9800 Exception <a 'java/lang/IncompatibleClassChangeError'{0x0000000086783740}: Found class java.lang.Object, but interface was expected> (0x0000000086783740) thrown at [./src/hotspot/share/interpreter/linkResolver.cpp, line 839]
Event: 16.187 Thread 0x0000029777ae9800 Implicit null exception at 0x0000029767899f00 to 0x000002976789d6f0
Event: 16.691 Thread 0x0000029777ae9800 Implicit null exception at 0x00000297678fdeab to 0x00000297678fe184

Events (20 events):
Event: 16.863 loading class sun/security/provider/DSA done
Event: 16.863 loading class sun/security/provider/DSA$SHA1withDSA done
Event: 16.866 loading class java/math/SignedMutableBigInteger
Event: 16.866 loading class java/math/SignedMutableBigInteger done
Event: 16.894 loading class sun/security/util/SignatureFileVerifier$ConfigurationHolder
Event: 16.895 loading class sun/security/util/SignatureFileVerifier$ConfigurationHolder done
Event: 16.910 loading class java/util/Base64
Event: 16.911 loading class java/util/Base64 done
Event: 16.911 loading class java/util/Base64$Decoder
Event: 16.912 loading class java/util/Base64$Decoder done
Event: 16.912 loading class java/util/Base64$Encoder
Event: 16.912 loading class java/util/Base64$Encoder done
Event: 16.914 loading class java/util/jar/JarVerifier$VerifierStream
Event: 16.915 loading class java/util/jar/JarVerifier$VerifierStream done
Event: 16.915 loading class sun/security/util/ManifestEntryVerifier$SunProviderHolder
Event: 16.915 loading class sun/security/util/ManifestEntryVerifier$SunProviderHolder done
Event: 16.919 loading class org/bouncycastle/operator/OperatorException
Event: 16.919 loading class org/bouncycastle/operator/OperatorException done
Event: 16.921 loading class org/bouncycastle/jce/provider/BouncyCastleProvider
Event: 16.921 loading class org/bouncycastle/jce/provider/BouncyCastleProvider done


Dynamic libraries:
0x00007ff664b30000 - 0x00007ff664b3a000 	C:\Program Files\Android\Android Studio\jre\bin\java.exe
0x00007ffe7b1f0000 - 0x00007ffe7b3e5000 	C:\WINDOWS\SYSTEM32\ntdll.dll
0x00007ffe79e60000 - 0x00007ffe79f1e000 	C:\WINDOWS\System32\KERNEL32.DLL
0x00007ffe78e10000 - 0x00007ffe790d9000 	C:\WINDOWS\System32\KERNELBASE.dll
0x00007ffe79140000 - 0x00007ffe79240000 	C:\WINDOWS\System32\ucrtbase.dll
0x00007ffe74500000 - 0x00007ffe74519000 	C:\Program Files\Android\Android Studio\jre\bin\jli.dll
0x00007ffe7a430000 - 0x00007ffe7a5d1000 	C:\WINDOWS\System32\USER32.dll
0x00007ffe78cf0000 - 0x00007ffe78d12000 	C:\WINDOWS\System32\win32u.dll
0x00007ffe7a290000 - 0x00007ffe7a2bb000 	C:\WINDOWS\System32\GDI32.dll
0x00007ffe789c0000 - 0x00007ffe78acb000 	C:\WINDOWS\System32\gdi32full.dll
0x00007ffe78d20000 - 0x00007ffe78dbd000 	C:\WINDOWS\System32\msvcp_win.dll
0x00007ffe68790000 - 0x00007ffe68a2a000 	C:\WINDOWS\WinSxS\amd64_microsoft.windows.common-controls_6595b64144ccf1df_6.0.19041.1110_none_60b5254171f9507e\COMCTL32.dll
0x00007ffe7a040000 - 0x00007ffe7a0de000 	C:\WINDOWS\System32\msvcrt.dll
0x00007ffe73730000 - 0x00007ffe73747000 	C:\Program Files\Android\Android Studio\jre\bin\VCRUNTIME140.dll
0x00007ffe7b070000 - 0x00007ffe7b0a0000 	C:\WINDOWS\System32\IMM32.DLL
0x00007ffe71350000 - 0x00007ffe713ed000 	C:\Program Files\Android\Android Studio\jre\bin\msvcp140.dll
0x00007ffe4efc0000 - 0x00007ffe4fa8f000 	C:\Program Files\Android\Android Studio\jre\bin\server\jvm.dll
0x00007ffe7b0a0000 - 0x00007ffe7b14c000 	C:\WINDOWS\System32\ADVAPI32.dll
0x00007ffe7a390000 - 0x00007ffe7a42b000 	C:\WINDOWS\System32\sechost.dll
0x00007ffe7ac60000 - 0x00007ffe7ad8a000 	C:\WINDOWS\System32\RPCRT4.dll
0x00007ffe79f20000 - 0x00007ffe79f28000 	C:\WINDOWS\System32\PSAPI.DLL
0x00007ffe745d0000 - 0x00007ffe745d9000 	C:\WINDOWS\SYSTEM32\WSOCK32.dll
0x00007ffe6ce00000 - 0x00007ffe6ce27000 	C:\WINDOWS\SYSTEM32\WINMM.dll
0x00007ffe7a2c0000 - 0x00007ffe7a32b000 	C:\WINDOWS\System32\WS2_32.dll
0x00007ffe70170000 - 0x00007ffe7017a000 	C:\WINDOWS\SYSTEM32\VERSION.dll
0x00007ffe76810000 - 0x00007ffe76822000 	C:\WINDOWS\SYSTEM32\kernel.appcore.dll
0x00007ffe74580000 - 0x00007ffe74591000 	C:\Program Files\Android\Android Studio\jre\bin\verify.dll
0x00007ffe64df0000 - 0x00007ffe64fd4000 	C:\WINDOWS\SYSTEM32\DBGHELP.DLL
0x00007ffe659d0000 - 0x00007ffe659fc000 	C:\WINDOWS\SYSTEM32\dbgcore.DLL
0x00007ffe78c30000 - 0x00007ffe78cb3000 	C:\WINDOWS\System32\bcryptPrimitives.dll
0x00007ffe74490000 - 0x00007ffe744b9000 	C:\Program Files\Android\Android Studio\jre\bin\java.dll
0x00007ffe73720000 - 0x00007ffe7372b000 	C:\Program Files\Android\Android Studio\jre\bin\jimage.dll
0x00007ffe717c0000 - 0x00007ffe717d8000 	C:\Program Files\Android\Android Studio\jre\bin\zip.dll
0x00007ffe79240000 - 0x00007ffe7997f000 	C:\WINDOWS\System32\SHELL32.dll
0x00007ffe76a10000 - 0x00007ffe771a0000 	C:\WINDOWS\SYSTEM32\windows.storage.dll
0x00007ffe79b00000 - 0x00007ffe79e55000 	C:\WINDOWS\System32\combase.dll
0x00007ffe78360000 - 0x00007ffe7838c000 	C:\WINDOWS\SYSTEM32\Wldp.dll
0x00007ffe7aec0000 - 0x00007ffe7af6d000 	C:\WINDOWS\System32\SHCORE.dll
0x00007ffe79980000 - 0x00007ffe799d5000 	C:\WINDOWS\System32\shlwapi.dll
0x00007ffe78850000 - 0x00007ffe7886f000 	C:\WINDOWS\SYSTEM32\profapi.dll
0x00007ffe71580000 - 0x00007ffe7159a000 	C:\Program Files\Android\Android Studio\jre\bin\net.dll
0x00007ffe6a4b0000 - 0x00007ffe6a5b8000 	C:\WINDOWS\SYSTEM32\WINHTTP.dll
0x00007ffe780c0000 - 0x00007ffe7812a000 	C:\WINDOWS\system32\mswsock.dll
0x00007ffe71550000 - 0x00007ffe71564000 	C:\Program Files\Android\Android Studio\jre\bin\nio.dll
0x00007ffe65f30000 - 0x00007ffe65f57000 	C:\Users\MinhNgan\.gradle\native\8bec1ad78214c89d9ad589b4d07fe93259594b29d510b10fafb7a158f7737e5d\windows-amd64\native-platform.dll
0x00007ffe4ce10000 - 0x00007ffe4cf4d000 	C:\Users\MinhNgan\.gradle\native\53dbd7edfb1c66fb8903c78663c9afc45aea4f116125fa6feffd364cf09443e8\windows-amd64\native-platform-file-events.dll
0x00007ffe73090000 - 0x00007ffe7309a000 	C:\Program Files\Android\Android Studio\jre\bin\management.dll
0x00007ffe717b0000 - 0x00007ffe717bc000 	C:\Program Files\Android\Android Studio\jre\bin\management_ext.dll
0x00007ffe782b0000 - 0x00007ffe782c8000 	C:\WINDOWS\SYSTEM32\CRYPTSP.dll
0x00007ffe779d0000 - 0x00007ffe77a04000 	C:\WINDOWS\system32\rsaenh.dll
0x00007ffe78cc0000 - 0x00007ffe78ce7000 	C:\WINDOWS\System32\bcrypt.dll
0x00007ffe78810000 - 0x00007ffe7883e000 	C:\WINDOWS\SYSTEM32\USERENV.dll
0x00007ffe782d0000 - 0x00007ffe782dc000 	C:\WINDOWS\SYSTEM32\CRYPTBASE.dll
0x00007ffe77d60000 - 0x00007ffe77d9b000 	C:\WINDOWS\SYSTEM32\IPHLPAPI.DLL
0x00007ffe7a5e0000 - 0x00007ffe7a5e8000 	C:\WINDOWS\System32\NSI.dll
0x00007ffe6d250000 - 0x00007ffe6d267000 	C:\WINDOWS\SYSTEM32\dhcpcsvc6.DLL
0x00007ffe701d0000 - 0x00007ffe701ed000 	C:\WINDOWS\SYSTEM32\dhcpcsvc.DLL
0x00007ffe77da0000 - 0x00007ffe77e6c000 	C:\WINDOWS\SYSTEM32\DNSAPI.dll

dbghelp: loaded successfully - version: 4.0.5 - missing functions: none
symbol engine: initialized successfully - sym options: 0x614 - pdb path: .;C:\Program Files\Android\Android Studio\jre\bin;C:\WINDOWS\SYSTEM32;C:\WINDOWS\WinSxS\amd64_microsoft.windows.common-controls_6595b64144ccf1df_6.0.19041.1110_none_60b5254171f9507e;C:\Program Files\Android\Android Studio\jre\bin\server;C:\Users\MinhNgan\.gradle\native\8bec1ad78214c89d9ad589b4d07fe93259594b29d510b10fafb7a158f7737e5d\windows-amd64;C:\Users\MinhNgan\.gradle\native\53dbd7edfb1c66fb8903c78663c9afc45aea4f116125fa6feffd364cf09443e8\windows-amd64

VM Arguments:
jvm_args: --add-opens=java.base/java.util=ALL-UNNAMED --add-opens=java.base/java.lang=ALL-UNNAMED --add-opens=java.base/java.lang.invoke=ALL-UNNAMED --add-opens=java.base/java.util=ALL-UNNAMED --add-opens=java.prefs/java.util.prefs=ALL-UNNAMED --add-opens=java.prefs/java.util.prefs=ALL-UNNAMED --add-opens=java.base/java.nio.charset=ALL-UNNAMED --add-opens=java.base/java.net=ALL-UNNAMED --add-opens=java.base/java.util.concurrent.atomic=ALL-UNNAMED -Xmx2048m -Dfile.encoding=UTF-8 -Duser.country=US -Duser.language=en -Duser.variant 
java_command: org.gradle.launcher.daemon.bootstrap.GradleDaemon 7.0.2
java_class_path (initial): C:\Users\MinhNgan\.gradle\wrapper\dists\gradle-7.0.2-bin\857tjihv64xamwrf0h14cai3r\gradle-7.0.2\lib\gradle-launcher-7.0.2.jar
Launcher Type: SUN_STANDARD

[Global flags]
     intx CICompilerCount                          = 3                                         {product} {ergonomic}
     uint ConcGCThreads                            = 1                                         {product} {ergonomic}
     uint G1ConcRefinementThreads                  = 4                                         {product} {ergonomic}
   size_t G1HeapRegionSize                         = 1048576                                   {product} {ergonomic}
    uintx GCDrainStackTargetSize                   = 64                                        {product} {ergonomic}
   size_t InitialHeapSize                          = 67108864                                  {product} {ergonomic}
   size_t MarkStackSize                            = 4194304                                   {product} {ergonomic}
   size_t MaxHeapSize                              = 2147483648                                {product} {command line}
   size_t MaxNewSize                               = 1287651328                                {product} {ergonomic}
   size_t MinHeapDeltaBytes                        = 1048576                                   {product} {ergonomic}
    uintx NonNMethodCodeHeapSize                   = 5830732                                {pd product} {ergonomic}
    uintx NonProfiledCodeHeapSize                  = 122913754                              {pd product} {ergonomic}
    uintx ProfiledCodeHeapSize                     = 122913754                              {pd product} {ergonomic}
    uintx ReservedCodeCacheSize                    = 251658240                              {pd product} {ergonomic}
     bool SegmentedCodeCache                       = true                                      {product} {ergonomic}
     bool UseCompressedClassPointers               = true                                 {lp64_product} {ergonomic}
     bool UseCompressedOops                        = true                                 {lp64_product} {ergonomic}
     bool UseG1GC                                  = true                                      {product} {ergonomic}
     bool UseLargePagesIndividualAllocation        = false                                  {pd product} {ergonomic}

Logging:
Log output configuration:
 #0: stdout all=warning uptime,level,tags
 #1: stderr all=off uptime,level,tags

Environment Variables:
PATH=C:\Program Files\Common Files\Oracle\Java\javapath;C:\WINDOWS\system32;C:\WINDOWS;C:\WINDOWS\System32\Wbem;C:\WINDOWS\System32\WindowsPowerShell\v1.0\;C:\WINDOWS\System32\OpenSSH\;C:\Program Files\dotnet\;C:\Program Files\Microsoft SQL Server\130\Tools\Binn\;C:\Program Files\Microsoft SQL Server\Client SDK\ODBC\170\Tools\Binn\;C:\Program Files (x86)\dotnet\;C:\Program Files\Git\cmd;C:\Users\MinhNgan\AppData\Local\Microsoft\WindowsApps
USERNAME=MinhNgan
OS=Windows_NT
PROCESSOR_IDENTIFIER=Intel64 Family 6 Model 69 Stepping 1, GenuineIntel



---------------  S Y S T E M  ---------------

OS: Windows 10 , 64 bit Build 19041 (10.0.19041.1202)
OS uptime: 0 days 1:37 hours

CPU:total 4 (initial active 4) (2 cores per cpu, 2 threads per core) family 6 model 69 stepping 1 microcode 0x25, cmov, cx8, fxsr, mmx, sse, sse2, sse3, ssse3, sse4.1, sse4.2, popcnt, avx, avx2, aes, clmul, erms, lzcnt, ht, tsc, tscinvbit, bmi1, bmi2, fma

Memory: 4k page, system-wide physical 3979M (178M free)
TotalPageFile size 6979M (AvailPageFile size 4M)
current process WorkingSet (physical memory assigned to process): 201M, peak: 236M
current process commit charge ("private bytes"): 349M, peak: 352M

vm_info: OpenJDK 64-Bit Server VM (11.0.10+0-b96-7249189) for windows-amd64 JRE (11.0.10+0-b96-7249189), built on Mar 31 2021 21:44:00 by "builder" with MS VC++ 14.0 (VS2015)

END.
