#
# There is insufficient memory for the Java Runtime Environment to continue.
# Native memory allocation (mmap) failed to map 27262976 bytes for Failed to commit area from 0x0000000088200000 to 0x0000000089c00000 of length 27262976.
# Possible reasons:
#   The system is out of physical RAM or swap space
#   The process is running with CompressedOops enabled, and the Java Heap may be blocking the growth of the native heap
# Possible solutions:
#   Reduce memory load on the system
#   Increase physical memory or swap space
#   Check if swap backing store is full
#   Decrease Java heap size (-Xmx/-Xms)
#   Decrease number of Java threads
#   Decrease Java thread stack sizes (-Xss)
#   Set larger code cache with -XX:ReservedCodeCacheSize=
#   JVM is running with Unscaled Compressed Oops mode in which the Java heap is
#     placed in the first 4GB address space. The Java Heap base address is the
#     maximum limit for the native heap growth. Please use -XX:HeapBaseMinAddress
#     to set the Java Heap base and to place the Java Heap above 4GB virtual address.
# This output file may be truncated or incomplete.
#
#  Out of Memory Error (./src/hotspot/os/windows/os_windows.cpp:3301), pid=1848, tid=3524
#
# JRE version: OpenJDK Runtime Environment (11.0.10) (build 11.0.10+0-b96-7249189)
# Java VM: OpenJDK 64-Bit Server VM (11.0.10+0-b96-7249189, mixed mode, tiered, compressed oops, g1 gc, windows-amd64)
# No core dump will be written. Minidumps are not enabled by default on client versions of Windows
#

---------------  S U M M A R Y ------------

Command Line: --add-opens=java.base/java.util=ALL-UNNAMED --add-opens=java.base/java.lang=ALL-UNNAMED --add-opens=java.base/java.lang.invoke=ALL-UNNAMED --add-opens=java.base/java.util=ALL-UNNAMED --add-opens=java.prefs/java.util.prefs=ALL-UNNAMED --add-opens=java.prefs/java.util.prefs=ALL-UNNAMED --add-opens=java.base/java.nio.charset=ALL-UNNAMED --add-opens=java.base/java.net=ALL-UNNAMED --add-opens=java.base/java.util.concurrent.atomic=ALL-UNNAMED -Xmx2048m -Dfile.encoding=UTF-8 -Duser.country=US -Duser.language=en -Duser.variant org.gradle.launcher.daemon.bootstrap.GradleDaemon 7.0.2

Host: Intel(R) Core(TM) i5-4210U CPU @ 1.70GHz, 4 cores, 3G,  Windows 10 , 64 bit Build 19041 (10.0.19041.1202)
Time: Sun Nov  7 22:34:32 2021 SE Asia Standard Time elapsed time: 16.599185 seconds (0d 0h 0m 16s)

---------------  T H R E A D  ---------------

Current thread (0x000001c84c65d800):  VMThread "VM Thread" [stack: 0x000000b1fb000000,0x000000b1fb100000] [id=3524]

Stack: [0x000000b1fb000000,0x000000b1fb100000]
[error occurred during error reporting (printing stack bounds), id 0xc0000005, EXCEPTION_ACCESS_VIOLATION (0xc0000005) at pc=0x000001c835e40f2d]

Native frames: (J=compiled Java code, j=interpreted, Vv=VM code, C=native code)
V  [jvm.dll+0x5ecfaa]
V  [jvm.dll+0x722bd5]
V  [jvm.dll+0x72412d]
V  [jvm.dll+0x724745]
V  [jvm.dll+0x7246fb]
V  [jvm.dll+0x5ec348]
V  [jvm.dll+0x5ecad8]
C  [ntdll.dll+0xa20cf]
C  [ntdll.dll+0x51454]
C  [ntdll.dll+0xa0bfe]
C  0x000001c835e40f2d

VM_Operation (0x000000b1fc4f2c20): G1CollectForAllocation, mode: safepoint, requested by thread 0x000001c84efaa800


---------------  P R O C E S S  ---------------

Threads class SMR info:
_java_thread_list=0x000001c8513ef4b0, length=42, elements={
0x000001c830b7c000, 0x000001c84c6a5800, 0x000001c84c6a8800, 0x000001c84c6bb800,
0x000001c84c6bc800, 0x000001c84c6c1000, 0x000001c84c6d1000, 0x000001c84c6d4000,
0x000001c84c6d5800, 0x000001c84d184800, 0x000001c84f2b5800, 0x000001c84e34c000,
0x000001c84e6f6000, 0x000001c84ef69800, 0x000001c84ef6d000, 0x000001c84efa9800,
0x000001c84efaa800, 0x000001c84f0ce000, 0x000001c84efb5800, 0x000001c84ef8c000,
0x000001c84ef8d000, 0x000001c84ef87000, 0x000001c84ef8a800, 0x000001c84ef89800,
0x000001c84ef8b000, 0x000001c84ef8d800, 0x000001c84ef88000, 0x000001c84ef89000,
0x000001c84f70d000, 0x000001c84f711000, 0x000001c84f70d800, 0x000001c84f714000,
0x000001c84f70e800, 0x000001c84f713800, 0x000001c84f715000, 0x000001c84f716000,
0x000001c84f716800, 0x000001c84f717800, 0x000001c84f712000, 0x000001c84f719000,
0x000001c84f71a800, 0x000001c84f718800
}

Java Threads: ( => current thread )
  0x000001c830b7c000 JavaThread "main" [_thread_blocked, id=1608, stack(0x000000b1faa00000,0x000000b1fab00000)]
  0x000001c84c6a5800 JavaThread "Reference Handler" daemon [_thread_blocked, id=7400, stack(0x000000b1fb100000,0x000000b1fb200000)]
  0x000001c84c6a8800 JavaThread "Finalizer" daemon [_thread_blocked, id=7084, stack(0x000000b1fb200000,0x000000b1fb300000)]
  0x000001c84c6bb800 JavaThread "Signal Dispatcher" daemon [_thread_blocked, id=10032, stack(0x000000b1fb300000,0x000000b1fb400000)]
  0x000001c84c6bc800 JavaThread "Attach Listener" daemon [_thread_blocked, id=6968, stack(0x000000b1fb400000,0x000000b1fb500000)]
  0x000001c84c6c1000 JavaThread "Service Thread" daemon [_thread_blocked, id=5684, stack(0x000000b1fb500000,0x000000b1fb600000)]
  0x000001c84c6d1000 JavaThread "C2 CompilerThread0" daemon [_thread_in_native, id=7492, stack(0x000000b1fb600000,0x000000b1fb700000)]
  0x000001c84c6d4000 JavaThread "C1 CompilerThread0" daemon [_thread_blocked, id=9060, stack(0x000000b1fb700000,0x000000b1fb800000)]
  0x000001c84c6d5800 JavaThread "Sweeper thread" daemon [_thread_blocked, id=464, stack(0x000000b1fb800000,0x000000b1fb900000)]
  0x000001c84d184800 JavaThread "Common-Cleaner" daemon [_thread_blocked, id=9140, stack(0x000000b1fb900000,0x000000b1fba00000)]
  0x000001c84f2b5800 JavaThread "Daemon health stats" [_thread_blocked, id=1268, stack(0x000000b1fbc00000,0x000000b1fbd00000)]
  0x000001c84e34c000 JavaThread "Incoming local TCP Connector on port 52186" [_thread_in_native, id=7160, stack(0x000000b1fbf00000,0x000000b1fc000000)]
  0x000001c84e6f6000 JavaThread "Daemon periodic checks" [_thread_blocked, id=5092, stack(0x000000b1fc000000,0x000000b1fc100000)]
  0x000001c84ef69800 JavaThread "Daemon" [_thread_blocked, id=8648, stack(0x000000b1fc100000,0x000000b1fc200000)]
  0x000001c84ef6d000 JavaThread "Handler for socket connection from /127.0.0.1:52186 to /127.0.0.1:52187" [_thread_in_native, id=1880, stack(0x000000b1fc200000,0x000000b1fc300000)]
  0x000001c84efa9800 JavaThread "Cancel handler" [_thread_blocked, id=9320, stack(0x000000b1fc300000,0x000000b1fc400000)]
  0x000001c84efaa800 JavaThread "Daemon worker" [_thread_blocked, id=8964, stack(0x000000b1fc400000,0x000000b1fc500000)]
  0x000001c84f0ce000 JavaThread "Asynchronous log dispatcher for DefaultDaemonConnection: socket connection from /127.0.0.1:52186 to /127.0.0.1:52187" [_thread_blocked, id=6792, stack(0x000000b1fc500000,0x000000b1fc600000)]
  0x000001c84efb5800 JavaThread "Stdin handler" [_thread_blocked, id=2904, stack(0x000000b1fc600000,0x000000b1fc700000)]
  0x000001c84ef8c000 JavaThread "Daemon client event forwarder" [_thread_blocked, id=9208, stack(0x000000b1fc700000,0x000000b1fc800000)]
  0x000001c84ef8d000 JavaThread "Cache worker for file hash cache (C:\Users\MinhNgan\.gradle\caches\7.0.2\fileHashes)" [_thread_blocked, id=6296, stack(0x000000b1fc800000,0x000000b1fc900000)]
  0x000001c84ef87000 JavaThread "File lock request listener" [_thread_in_native, id=10124, stack(0x000000b1fc900000,0x000000b1fca00000)]
  0x000001c84ef8a800 JavaThread "Cache worker for journal cache (C:\Users\MinhNgan\.gradle\caches\journal-1)" [_thread_blocked, id=5252, stack(0x000000b1fca00000,0x000000b1fcb00000)]
  0x000001c84ef89800 JavaThread "Cache worker for file hash cache (C:\Users\MinhNgan\AndroidStudioProjects\Android_hepat\.gradle\7.0.2\fileHashes)" [_thread_blocked, id=7068, stack(0x000000b1fcb00000,0x000000b1fcc00000)]
  0x000001c84ef8b000 JavaThread "File watcher server" daemon [_thread_in_native, id=7328, stack(0x000000b1fcc00000,0x000000b1fcd00000)]
  0x000001c84ef8d800 JavaThread "File watcher consumer" daemon [_thread_blocked, id=9616, stack(0x000000b1fcd00000,0x000000b1fce00000)]
  0x000001c84ef88000 JavaThread "Cache worker for checksums cache (C:\Users\MinhNgan\AndroidStudioProjects\Android_hepat\.gradle\checksums)" [_thread_blocked, id=7124, stack(0x000000b1fce00000,0x000000b1fcf00000)]
  0x000001c84ef89000 JavaThread "Cache worker for cache directory md-supplier (C:\Users\MinhNgan\.gradle\caches\7.0.2\md-supplier)" [_thread_blocked, id=9948, stack(0x000000b1fcf00000,0x000000b1fd000000)]
  0x000001c84f70d000 JavaThread "Cache worker for cache directory md-rule (C:\Users\MinhNgan\.gradle\caches\7.0.2\md-rule)" [_thread_blocked, id=8244, stack(0x000000b1fd000000,0x000000b1fd100000)]
  0x000001c84f711000 JavaThread "Cache worker for execution history cache (C:\Users\MinhNgan\.gradle\caches\7.0.2\executionHistory)" [_thread_blocked, id=4376, stack(0x000000b1fd100000,0x000000b1fd200000)]
  0x000001c84f70d800 JavaThread "jar transforms" [_thread_blocked, id=10160, stack(0x000000b1fd200000,0x000000b1fd300000)]
  0x000001c84f714000 JavaThread "jar transforms Thread 2" [_thread_blocked, id=5280, stack(0x000000b1fd300000,0x000000b1fd400000)]
  0x000001c84f70e800 JavaThread "Cache worker for file content cache (C:\Users\MinhNgan\.gradle\caches\7.0.2\fileContent)" [_thread_blocked, id=9588, stack(0x000000b1fd400000,0x000000b1fd500000)]
  0x000001c84f713800 JavaThread "Cache worker for dependencies-accessors (C:\Users\MinhNgan\AndroidStudioProjects\Android_hepat\.gradle\7.0.2\dependencies-accessors)" [_thread_blocked, id=884, stack(0x000000b1fd500000,0x000000b1fd600000)]
  0x000001c84f715000 JavaThread "jar transforms Thread 3" [_thread_blocked, id=1348, stack(0x000000b1fd600000,0x000000b1fd700000)]
  0x000001c84f716000 JavaThread "Cache worker for Build Output Cleanup Cache (C:\Users\MinhNgan\AndroidStudioProjects\Android_hepat\.gradle\buildOutputCleanup)" [_thread_blocked, id=8272, stack(0x000000b1fd700000,0x000000b1fd800000)]
  0x000001c84f716800 JavaThread "Build operations" [_thread_blocked, id=3400, stack(0x000000b1fd800000,0x000000b1fd900000)]
  0x000001c84f717800 JavaThread "Build operations Thread 2" [_thread_blocked, id=7324, stack(0x000000b1fd900000,0x000000b1fda00000)]
  0x000001c84f712000 JavaThread "Build operations Thread 3" [_thread_blocked, id=3200, stack(0x000000b1fda00000,0x000000b1fdb00000)]
  0x000001c84f719000 JavaThread "Build operations Thread 4" [_thread_blocked, id=9996, stack(0x000000b1fdb00000,0x000000b1fdc00000)]
  0x000001c84f71a800 JavaThread "jar transforms Thread 4" [_thread_blocked, id=7164, stack(0x000000b1fdc00000,0x000000b1fdd00000)]
  0x000001c84f718800 JavaThread "Memory manager" [_thread_blocked, id=4536, stack(0x000000b1fdd00000,0x000000b1fde00000)]

Other Threads:
=>0x000001c84c65d800 VMThread "VM Thread" [stack: 0x000000b1fb000000,0x000000b1fb100000] [id=3524]
  0x000001c84d1d4800 WatcherThread [stack: 0x000000b1fba00000,0x000000b1fbb00000] [id=9556]
  0x000001c830b94800 GCTaskThread "GC Thread#0" [stack: 0x000000b1fab00000,0x000000b1fac00000] [id=10236]
  0x000001c84dab5800 GCTaskThread "GC Thread#1" [stack: 0x000000b1fbb00000,0x000000b1fbc00000] [id=9104]
  0x000001c84ea78800 GCTaskThread "GC Thread#2" [stack: 0x000000b1fbd00000,0x000000b1fbe00000] [id=8112]
  0x000001c84e882800 GCTaskThread "GC Thread#3" [stack: 0x000000b1fbe00000,0x000000b1fbf00000] [id=5268]
  0x000001c830bc4800 ConcurrentGCThread "G1 Main Marker" [stack: 0x000000b1fac00000,0x000000b1fad00000] [id=4940]
  0x000001c830bc6800 ConcurrentGCThread "G1 Conc#0" [stack: 0x000000b1fad00000,0x000000b1fae00000] [id=2020]
  0x000001c830c20000 ConcurrentGCThread "G1 Refine#0" [stack: 0x000000b1fae00000,0x000000b1faf00000] [id=5448]
  0x000001c830c21000 ConcurrentGCThread "G1 Young RemSet Sampling" [stack: 0x000000b1faf00000,0x000000b1fb000000] [id=9580]

Threads with active compile tasks:
C2 CompilerThread0  16631 6197       4       java.lang.Class::getMethodsRecursive (99 bytes)
C1 CompilerThread0  16631 6477   !   2       com.sun.beans.introspect.PropertyInfo::initialize (374 bytes)

VM state:at safepoint (normal execution)

VM Mutex/Monitor currently owned by a thread:  ([mutex/lock_event])
[0x000001c830b77b40] Threads_lock - owner thread: 0x000001c84c65d800
[0x000001c830b78c20] Heap_lock - owner thread: 0x000001c84efaa800

Heap address: 0x0000000080000000, size: 2048 MB, Compressed Oops mode: 32-bit
Narrow klass base: 0x0000000000000000, Narrow klass shift: 3
Compressed class space size: 1073741824 Address: 0x0000000100000000

Heap:
 garbage-first heap   total 159744K, used 55516K [0x0000000080000000, 0x0000000100000000)
  region size 1024K, 6 young (6144K), 6 survivors (6144K)
 Metaspace       used 68492K, capacity 70106K, committed 70380K, reserved 1110016K
  class space    used 8854K, capacity 9432K, committed 9548K, reserved 1048576K
Heap Regions: E=young(eden), S=young(survivor), O=old, HS=humongous(starts), HC=humongous(continues), CS=collection set, F=free, A=archive, TAMS=top-at-mark-start (previous, next)
|   0|0x0000000080000000, 0x0000000080100000, 0x0000000080100000|100%| O|  |TAMS 0x0000000080100000, 0x0000000080100000| Untracked 
|   1|0x0000000080100000, 0x0000000080200000, 0x0000000080200000|100%| O|  |TAMS 0x0000000080200000, 0x0000000080200000| Untracked 
|   2|0x0000000080200000, 0x0000000080300000, 0x0000000080300000|100%| O|  |TAMS 0x0000000080300000, 0x0000000080300000| Untracked 
|   3|0x0000000080300000, 0x0000000080400000, 0x0000000080400000|100%|HS|  |TAMS 0x0000000080400000, 0x0000000080400000| Complete 
|   4|0x0000000080400000, 0x0000000080500000, 0x0000000080500000|100%|HC|  |TAMS 0x0000000080500000, 0x0000000080500000| Complete 
|   5|0x0000000080500000, 0x0000000080600000, 0x0000000080600000|100%|HC|  |TAMS 0x0000000080600000, 0x0000000080600000| Complete 
|   6|0x0000000080600000, 0x0000000080700000, 0x0000000080700000|100%| O|  |TAMS 0x0000000080700000, 0x0000000080700000| Untracked 
|   7|0x0000000080700000, 0x0000000080800000, 0x0000000080800000|100%| O|  |TAMS 0x0000000080800000, 0x0000000080800000| Untracked 
|   8|0x0000000080800000, 0x0000000080900000, 0x0000000080900000|100%| O|  |TAMS 0x0000000080900000, 0x0000000080900000| Untracked 
|   9|0x0000000080900000, 0x0000000080a00000, 0x0000000080a00000|100%| O|  |TAMS 0x0000000080a00000, 0x0000000080a00000| Untracked 
|  10|0x0000000080a00000, 0x0000000080b00000, 0x0000000080b00000|100%| O|  |TAMS 0x0000000080b00000, 0x0000000080b00000| Untracked 
|  11|0x0000000080b00000, 0x0000000080c00000, 0x0000000080c00000|100%| O|  |TAMS 0x0000000080c00000, 0x0000000080c00000| Untracked 
|  12|0x0000000080c00000, 0x0000000080d00000, 0x0000000080d00000|100%| O|  |TAMS 0x0000000080d00000, 0x0000000080d00000| Untracked 
|  13|0x0000000080d00000, 0x0000000080e00000, 0x0000000080e00000|100%| O|  |TAMS 0x0000000080e00000, 0x0000000080e00000| Untracked 
|  14|0x0000000080e00000, 0x0000000080f00000, 0x0000000080f00000|100%| O|  |TAMS 0x0000000080f00000, 0x0000000080f00000| Untracked 
|  15|0x0000000080f00000, 0x0000000081000000, 0x0000000081000000|100%| O|  |TAMS 0x0000000081000000, 0x0000000081000000| Untracked 
|  16|0x0000000081000000, 0x0000000081100000, 0x0000000081100000|100%| O|  |TAMS 0x0000000081100000, 0x0000000081100000| Untracked 
|  17|0x0000000081100000, 0x0000000081200000, 0x0000000081200000|100%| O|  |TAMS 0x0000000081200000, 0x0000000081200000| Untracked 
|  18|0x0000000081200000, 0x0000000081300000, 0x0000000081300000|100%| O|  |TAMS 0x0000000081300000, 0x0000000081300000| Untracked 
|  19|0x0000000081300000, 0x0000000081400000, 0x0000000081400000|100%| O|  |TAMS 0x0000000081400000, 0x0000000081400000| Untracked 
|  20|0x0000000081400000, 0x0000000081500000, 0x0000000081500000|100%| O|  |TAMS 0x0000000081500000, 0x0000000081500000| Untracked 
|  21|0x0000000081500000, 0x0000000081600000, 0x0000000081600000|100%| O|  |TAMS 0x0000000081600000, 0x0000000081600000| Untracked 
|  22|0x0000000081600000, 0x0000000081700000, 0x0000000081700000|100%|HS|  |TAMS 0x0000000081700000, 0x0000000081700000| Complete 
|  23|0x0000000081700000, 0x0000000081800000, 0x0000000081800000|100%| O|  |TAMS 0x0000000081800000, 0x0000000081800000| Untracked 
|  24|0x0000000081800000, 0x0000000081900000, 0x0000000081900000|100%| O|  |TAMS 0x0000000081900000, 0x0000000081900000| Untracked 
|  25|0x0000000081900000, 0x0000000081a00000, 0x0000000081a00000|100%| O|  |TAMS 0x0000000081a00000, 0x0000000081a00000| Untracked 
|  26|0x0000000081a00000, 0x0000000081b00000, 0x0000000081b00000|100%|HS|  |TAMS 0x0000000081b00000, 0x0000000081b00000| Complete 
|  27|0x0000000081b00000, 0x0000000081c00000, 0x0000000081c00000|100%|HS|  |TAMS 0x0000000081c00000, 0x0000000081c00000| Complete 
|  28|0x0000000081c00000, 0x0000000081d00000, 0x0000000081d00000|100%|HC|  |TAMS 0x0000000081d00000, 0x0000000081d00000| Complete 
|  29|0x0000000081d00000, 0x0000000081e00000, 0x0000000081e00000|100%| O|  |TAMS 0x0000000081e00000, 0x0000000081e00000| Untracked 
|  30|0x0000000081e00000, 0x0000000081f00000, 0x0000000081f00000|100%| O|  |TAMS 0x0000000081f00000, 0x0000000081f00000| Untracked 
|  31|0x0000000081f00000, 0x0000000082000000, 0x0000000082000000|100%| O|  |TAMS 0x0000000082000000, 0x0000000082000000| Untracked 
|  32|0x0000000082000000, 0x0000000082100000, 0x0000000082100000|100%| O|  |TAMS 0x0000000082100000, 0x0000000082100000| Untracked 
|  33|0x0000000082100000, 0x0000000082200000, 0x0000000082200000|100%| O|  |TAMS 0x0000000082200000, 0x0000000082200000| Untracked 
|  34|0x0000000082200000, 0x0000000082300000, 0x0000000082300000|100%| O|  |TAMS 0x0000000082300000, 0x0000000082300000| Untracked 
|  35|0x0000000082300000, 0x0000000082400000, 0x0000000082400000|100%| O|  |TAMS 0x0000000082400000, 0x0000000082400000| Untracked 
|  36|0x0000000082400000, 0x0000000082500000, 0x0000000082500000|100%| O|  |TAMS 0x0000000082500000, 0x0000000082500000| Untracked 
|  37|0x0000000082500000, 0x0000000082600000, 0x0000000082600000|100%| O|  |TAMS 0x0000000082600000, 0x0000000082600000| Untracked 
|  38|0x0000000082600000, 0x0000000082700000, 0x0000000082700000|100%| O|  |TAMS 0x0000000082700000, 0x0000000082700000| Untracked 
|  39|0x0000000082700000, 0x0000000082800000, 0x0000000082800000|100%| O|  |TAMS 0x0000000082800000, 0x0000000082800000| Untracked 
|  40|0x0000000082800000, 0x0000000082900000, 0x0000000082900000|100%| O|  |TAMS 0x0000000082900000, 0x0000000082900000| Untracked 
|  41|0x0000000082900000, 0x0000000082a00000, 0x0000000082a00000|100%| O|  |TAMS 0x0000000082a00000, 0x0000000082a00000| Untracked 
|  42|0x0000000082a00000, 0x0000000082b00000, 0x0000000082b00000|100%| O|  |TAMS 0x0000000082a00000, 0x0000000082b00000| Untracked 
|  43|0x0000000082b00000, 0x0000000082c00000, 0x0000000082c00000|100%| O|  |TAMS 0x0000000082c00000, 0x0000000082c00000| Untracked 
|  44|0x0000000082c00000, 0x0000000082d00000, 0x0000000082d00000|100%| O|  |TAMS 0x0000000082d00000, 0x0000000082d00000| Untracked 
|  45|0x0000000082d00000, 0x0000000082e00000, 0x0000000082e00000|100%| O|  |TAMS 0x0000000082e00000, 0x0000000082e00000| Untracked 
|  46|0x0000000082e00000, 0x0000000082f00000, 0x0000000082f00000|100%| O|  |TAMS 0x0000000082f00000, 0x0000000082f00000| Untracked 
|  47|0x0000000082f00000, 0x0000000083000000, 0x0000000083000000|100%| O|  |TAMS 0x0000000082f2dc00, 0x0000000083000000| Untracked 
|  48|0x0000000083000000, 0x00000000830fc600, 0x0000000083100000| 98%| O|  |TAMS 0x0000000083000000, 0x00000000830fc600| Untracked 
|  49|0x0000000083100000, 0x0000000083100000, 0x0000000083200000|  0%| F|  |TAMS 0x0000000083100000, 0x0000000083100000| Untracked 
|  50|0x0000000083200000, 0x0000000083200000, 0x0000000083300000|  0%| F|  |TAMS 0x0000000083200000, 0x0000000083200000| Untracked 
|  51|0x0000000083300000, 0x0000000083300000, 0x0000000083400000|  0%| F|  |TAMS 0x0000000083300000, 0x0000000083300000| Untracked 
|  52|0x0000000083400000, 0x0000000083400000, 0x0000000083500000|  0%| F|  |TAMS 0x0000000083400000, 0x0000000083400000| Untracked 
|  53|0x0000000083500000, 0x0000000083500000, 0x0000000083600000|  0%| F|  |TAMS 0x0000000083500000, 0x0000000083500000| Untracked 
|  54|0x0000000083600000, 0x0000000083600000, 0x0000000083700000|  0%| F|  |TAMS 0x0000000083600000, 0x0000000083600000| Untracked 
|  55|0x0000000083700000, 0x0000000083700000, 0x0000000083800000|  0%| F|  |TAMS 0x0000000083700000, 0x0000000083700000| Untracked 
|  56|0x0000000083800000, 0x0000000083800000, 0x0000000083900000|  0%| F|  |TAMS 0x0000000083800000, 0x0000000083800000| Untracked 
|  57|0x0000000083900000, 0x0000000083900000, 0x0000000083a00000|  0%| F|  |TAMS 0x0000000083900000, 0x0000000083900000| Untracked 
|  58|0x0000000083a00000, 0x0000000083a00000, 0x0000000083b00000|  0%| F|  |TAMS 0x0000000083a00000, 0x0000000083a00000| Untracked 
|  59|0x0000000083b00000, 0x0000000083b00000, 0x0000000083c00000|  0%| F|  |TAMS 0x0000000083b00000, 0x0000000083b00000| Untracked 
|  60|0x0000000083c00000, 0x0000000083c00000, 0x0000000083d00000|  0%| F|  |TAMS 0x0000000083c00000, 0x0000000083c00000| Untracked 
|  61|0x0000000083d00000, 0x0000000083d00000, 0x0000000083e00000|  0%| F|  |TAMS 0x0000000083d00000, 0x0000000083d00000| Untracked 
|  62|0x0000000083e00000, 0x0000000083e00000, 0x0000000083f00000|  0%| F|  |TAMS 0x0000000083e00000, 0x0000000083e00000| Untracked 
|  63|0x0000000083f00000, 0x0000000083f00000, 0x0000000084000000|  0%| F|  |TAMS 0x0000000083f00000, 0x0000000083f00000| Untracked 
|  64|0x0000000084000000, 0x0000000084000000, 0x0000000084100000|  0%| F|  |TAMS 0x0000000084000000, 0x0000000084000000| Untracked 
|  65|0x0000000084100000, 0x0000000084100000, 0x0000000084200000|  0%| F|  |TAMS 0x0000000084100000, 0x0000000084100000| Untracked 
|  66|0x0000000084200000, 0x0000000084200000, 0x0000000084300000|  0%| F|  |TAMS 0x0000000084200000, 0x0000000084200000| Untracked 
|  67|0x0000000084300000, 0x0000000084300000, 0x0000000084400000|  0%| F|  |TAMS 0x0000000084300000, 0x0000000084300000| Untracked 
|  68|0x0000000084400000, 0x0000000084400000, 0x0000000084500000|  0%| F|  |TAMS 0x0000000084400000, 0x0000000084400000| Untracked 
|  69|0x0000000084500000, 0x0000000084500000, 0x0000000084600000|  0%| F|  |TAMS 0x0000000084500000, 0x0000000084500000| Untracked 
|  70|0x0000000084600000, 0x0000000084600000, 0x0000000084700000|  0%| F|  |TAMS 0x0000000084600000, 0x0000000084600000| Untracked 
|  71|0x0000000084700000, 0x0000000084700000, 0x0000000084800000|  0%| F|  |TAMS 0x0000000084700000, 0x0000000084700000| Untracked 
|  72|0x0000000084800000, 0x0000000084800000, 0x0000000084900000|  0%| F|  |TAMS 0x0000000084800000, 0x0000000084800000| Untracked 
|  73|0x0000000084900000, 0x0000000084900000, 0x0000000084a00000|  0%| F|  |TAMS 0x0000000084900000, 0x0000000084900000| Untracked 
|  74|0x0000000084a00000, 0x0000000084a00000, 0x0000000084b00000|  0%| F|  |TAMS 0x0000000084a00000, 0x0000000084a00000| Untracked 
|  75|0x0000000084b00000, 0x0000000084b00000, 0x0000000084c00000|  0%| F|  |TAMS 0x0000000084b00000, 0x0000000084b00000| Untracked 
|  76|0x0000000084c00000, 0x0000000084c00000, 0x0000000084d00000|  0%| F|  |TAMS 0x0000000084c00000, 0x0000000084c00000| Untracked 
|  77|0x0000000084d00000, 0x0000000084d00000, 0x0000000084e00000|  0%| F|  |TAMS 0x0000000084d00000, 0x0000000084d00000| Untracked 
|  78|0x0000000084e00000, 0x0000000084e3ad30, 0x0000000084f00000| 22%| S|CS|TAMS 0x0000000084e00000, 0x0000000084e00000| Complete 
|  79|0x0000000084f00000, 0x0000000085000000, 0x0000000085000000|100%| S|CS|TAMS 0x0000000084f00000, 0x0000000084f00000| Complete 
|  80|0x0000000085000000, 0x0000000085100000, 0x0000000085100000|100%| S|CS|TAMS 0x0000000085000000, 0x0000000085000000| Complete 
|  81|0x0000000085100000, 0x0000000085200000, 0x0000000085200000|100%| S|CS|TAMS 0x0000000085100000, 0x0000000085100000| Complete 
|  82|0x0000000085200000, 0x0000000085300000, 0x0000000085300000|100%| S|CS|TAMS 0x0000000085200000, 0x0000000085200000| Complete 
|  83|0x0000000085300000, 0x0000000085400000, 0x0000000085400000|100%| S|CS|TAMS 0x0000000085300000, 0x0000000085300000| Complete 
|  84|0x0000000085400000, 0x0000000085400000, 0x0000000085500000|  0%| F|  |TAMS 0x0000000085400000, 0x0000000085400000| Untracked 
|  85|0x0000000085500000, 0x0000000085500000, 0x0000000085600000|  0%| F|  |TAMS 0x0000000085500000, 0x0000000085500000| Untracked 
|  86|0x0000000085600000, 0x0000000085600000, 0x0000000085700000|  0%| F|  |TAMS 0x0000000085600000, 0x0000000085600000| Untracked 
|  87|0x0000000085700000, 0x0000000085700000, 0x0000000085800000|  0%| F|  |TAMS 0x0000000085700000, 0x0000000085700000| Untracked 
|  88|0x0000000085800000, 0x0000000085800000, 0x0000000085900000|  0%| F|  |TAMS 0x0000000085800000, 0x0000000085800000| Untracked 
|  89|0x0000000085900000, 0x0000000085900000, 0x0000000085a00000|  0%| F|  |TAMS 0x0000000085900000, 0x0000000085900000| Untracked 
|  90|0x0000000085a00000, 0x0000000085a00000, 0x0000000085b00000|  0%| F|  |TAMS 0x0000000085a00000, 0x0000000085a00000| Untracked 
|  91|0x0000000085b00000, 0x0000000085b00000, 0x0000000085c00000|  0%| F|  |TAMS 0x0000000085b00000, 0x0000000085b00000| Untracked 
|  92|0x0000000085c00000, 0x0000000085c00000, 0x0000000085d00000|  0%| F|  |TAMS 0x0000000085c00000, 0x0000000085c00000| Untracked 
|  93|0x0000000085d00000, 0x0000000085d00000, 0x0000000085e00000|  0%| F|  |TAMS 0x0000000085d00000, 0x0000000085d00000| Untracked 
|  94|0x0000000085e00000, 0x0000000085e00000, 0x0000000085f00000|  0%| F|  |TAMS 0x0000000085e00000, 0x0000000085e00000| Untracked 
|  95|0x0000000085f00000, 0x0000000085f00000, 0x0000000086000000|  0%| F|  |TAMS 0x0000000085f00000, 0x0000000085f00000| Untracked 
|  96|0x0000000086000000, 0x0000000086000000, 0x0000000086100000|  0%| F|  |TAMS 0x0000000086000000, 0x0000000086000000| Untracked 
|  97|0x0000000086100000, 0x0000000086100000, 0x0000000086200000|  0%| F|  |TAMS 0x0000000086100000, 0x0000000086100000| Untracked 
|  98|0x0000000086200000, 0x0000000086200000, 0x0000000086300000|  0%| F|  |TAMS 0x0000000086200000, 0x0000000086200000| Untracked 
|  99|0x0000000086300000, 0x0000000086300000, 0x0000000086400000|  0%| F|  |TAMS 0x0000000086300000, 0x0000000086300000| Untracked 
| 100|0x0000000086400000, 0x0000000086400000, 0x0000000086500000|  0%| F|  |TAMS 0x0000000086400000, 0x0000000086400000| Untracked 
| 101|0x0000000086500000, 0x0000000086500000, 0x0000000086600000|  0%| F|  |TAMS 0x0000000086500000, 0x0000000086500000| Untracked 
| 102|0x0000000086600000, 0x0000000086600000, 0x0000000086700000|  0%| F|  |TAMS 0x0000000086600000, 0x0000000086600000| Untracked 
| 103|0x0000000086700000, 0x0000000086700000, 0x0000000086800000|  0%| F|  |TAMS 0x0000000086700000, 0x0000000086700000| Untracked 
| 104|0x0000000086800000, 0x0000000086800000, 0x0000000086900000|  0%| F|  |TAMS 0x0000000086800000, 0x0000000086800000| Untracked 
| 105|0x0000000086900000, 0x0000000086900000, 0x0000000086a00000|  0%| F|  |TAMS 0x0000000086900000, 0x0000000086900000| Untracked 
| 106|0x0000000086a00000, 0x0000000086a00000, 0x0000000086b00000|  0%| F|  |TAMS 0x0000000086a00000, 0x0000000086a00000| Untracked 
| 107|0x0000000086b00000, 0x0000000086b00000, 0x0000000086c00000|  0%| F|  |TAMS 0x0000000086b00000, 0x0000000086b00000| Untracked 
| 108|0x0000000086c00000, 0x0000000086c00000, 0x0000000086d00000|  0%| F|  |TAMS 0x0000000086c00000, 0x0000000086c00000| Untracked 
| 109|0x0000000086d00000, 0x0000000086d00000, 0x0000000086e00000|  0%| F|  |TAMS 0x0000000086d00000, 0x0000000086d00000| Untracked 
| 110|0x0000000086e00000, 0x0000000086e00000, 0x0000000086f00000|  0%| F|  |TAMS 0x0000000086e00000, 0x0000000086e00000| Untracked 
| 111|0x0000000086f00000, 0x0000000086f00000, 0x0000000087000000|  0%| F|  |TAMS 0x0000000086f00000, 0x0000000086f00000| Untracked 
| 112|0x0000000087000000, 0x0000000087000000, 0x0000000087100000|  0%| F|  |TAMS 0x0000000087000000, 0x0000000087000000| Untracked 
| 113|0x0000000087100000, 0x0000000087100000, 0x0000000087200000|  0%| F|  |TAMS 0x0000000087100000, 0x0000000087100000| Untracked 
| 114|0x0000000087200000, 0x0000000087200000, 0x0000000087300000|  0%| F|  |TAMS 0x0000000087200000, 0x0000000087200000| Untracked 
| 115|0x0000000087300000, 0x0000000087300000, 0x0000000087400000|  0%| F|  |TAMS 0x0000000087300000, 0x0000000087300000| Untracked 
| 116|0x0000000087400000, 0x0000000087400000, 0x0000000087500000|  0%| F|  |TAMS 0x0000000087400000, 0x0000000087400000| Untracked 
| 117|0x0000000087500000, 0x0000000087500000, 0x0000000087600000|  0%| F|  |TAMS 0x0000000087500000, 0x0000000087500000| Untracked 
| 118|0x0000000087600000, 0x0000000087600000, 0x0000000087700000|  0%| F|  |TAMS 0x0000000087600000, 0x0000000087600000| Untracked 
| 119|0x0000000087700000, 0x0000000087700000, 0x0000000087800000|  0%| F|  |TAMS 0x0000000087700000, 0x0000000087700000| Untracked 
| 120|0x0000000087800000, 0x0000000087800000, 0x0000000087900000|  0%| F|  |TAMS 0x0000000087800000, 0x0000000087800000| Untracked 
| 121|0x0000000087900000, 0x0000000087900000, 0x0000000087a00000|  0%| F|  |TAMS 0x0000000087900000, 0x0000000087900000| Untracked 
| 122|0x0000000087a00000, 0x0000000087a00000, 0x0000000087b00000|  0%| F|  |TAMS 0x0000000087a00000, 0x0000000087a00000| Untracked 
| 123|0x0000000087b00000, 0x0000000087b00000, 0x0000000087c00000|  0%| F|  |TAMS 0x0000000087b00000, 0x0000000087b00000| Untracked 
| 124|0x0000000087c00000, 0x0000000087c00000, 0x0000000087d00000|  0%| F|  |TAMS 0x0000000087c00000, 0x0000000087c00000| Untracked 
| 125|0x0000000087d00000, 0x0000000087d00000, 0x0000000087e00000|  0%| F|  |TAMS 0x0000000087d00000, 0x0000000087d00000| Untracked 
| 126|0x0000000087e00000, 0x0000000087e00000, 0x0000000087f00000|  0%| F|  |TAMS 0x0000000087e00000, 0x0000000087e00000| Untracked 
| 127|0x0000000087f00000, 0x0000000087f00000, 0x0000000088000000|  0%| F|  |TAMS 0x0000000087f00000, 0x0000000087f00000| Untracked 
| 128|0x0000000088000000, 0x0000000088000000, 0x0000000088100000|  0%| F|  |TAMS 0x0000000088000000, 0x0000000088000000| Untracked 
| 129|0x0000000088100000, 0x0000000088100000, 0x0000000088200000|  0%| F|  |TAMS 0x0000000088100000, 0x0000000088100000| Untracked 

Card table byte_map: [0x000001c845870000,0x000001c845c70000] _byte_map_base: 0x000001c845470000

Marking Bits (Prev, Next): (CMBitMap*) 0x000001c830bbb868, (CMBitMap*) 0x000001c830bbb8a0
 Prev Bits: [0x000001c846070000, 0x000001c848070000)
 Next Bits: [0x000001c848070000, 0x000001c84a070000)

Polling page: 0x000001c830c60000

Metaspace:

Usage:
  Non-class:     59.25 MB capacity,    58.24 MB ( 98%) used,   868.37 KB (  1%) free+waste,   167.19 KB ( <1%) overhead. 
      Class:      9.21 MB capacity,     8.65 MB ( 94%) used,   499.53 KB (  5%) free+waste,    78.13 KB ( <1%) overhead. 
       Both:     68.46 MB capacity,    66.89 MB ( 98%) used,     1.34 MB (  2%) free+waste,   245.31 KB ( <1%) overhead. 

Virtual space:
  Non-class space:       60.00 MB reserved,      59.41 MB (>99%) committed 
      Class space:        1.00 GB reserved,       9.32 MB ( <1%) committed 
             Both:        1.06 GB reserved,      68.73 MB (  6%) committed 

Chunk freelists:
   Non-Class:  30.00 KB
       Class:  8.00 KB
        Both:  38.00 KB

MaxMetaspaceSize: 17179869184.00 GB
CompressedClassSpaceSize: 1.00 GB

CodeHeap 'non-profiled nmethods': size=120064Kb used=2768Kb max_used=2768Kb free=117295Kb
 bounds [0x000001c83d900000, 0x000001c83dbc0000, 0x000001c844e40000]
CodeHeap 'profiled nmethods': size=120000Kb used=12984Kb max_used=12984Kb free=107015Kb
 bounds [0x000001c8363d0000, 0x000001c837080000, 0x000001c83d900000]
CodeHeap 'non-nmethods': size=5696Kb used=2264Kb max_used=2304Kb free=3431Kb
 bounds [0x000001c835e40000, 0x000001c8360b0000, 0x000001c8363d0000]
 total_blobs=7202 nmethods=6344 adapters=769
 compilation: enabled
              stopped_count=0, restarted_count=0
 full_count=0

Compilation events (20 events):
Event: 16.486 Thread 0x000001c84c6d4000 nmethod 6466 0x000001c83dbb3490 code [0x000001c83dbb3640, 0x000001c83dbb36f8]
Event: 16.490 Thread 0x000001c84c6d4000 6467       2       java.security.ProtectionDomain$Key::<init> (10 bytes)
Event: 16.490 Thread 0x000001c84c6d4000 nmethod 6467 0x000001c83707c510 code [0x000001c83707c6c0, 0x000001c83707c7f8]
Event: 16.500 Thread 0x000001c84c6d4000 6468       2       com.google.common.reflect.TypeToken::getCovariantTypeResolver (24 bytes)
Event: 16.500 Thread 0x000001c84c6d4000 nmethod 6468 0x000001c83707c890 code [0x000001c83707ca80, 0x000001c83707ce78]
Event: 16.517 Thread 0x000001c84c6d4000 6469       2       org.gradle.internal.instantiation.generator.AbstractClassGenerator::isRoleType (49 bytes)
Event: 16.517 Thread 0x000001c84c6d4000 nmethod 6469 0x000001c83707d010 code [0x000001c83707d200, 0x000001c83707d498]
Event: 16.542 Thread 0x000001c84c6d4000 6470       2       java.lang.Thread::getContextClassLoader (32 bytes)
Event: 16.543 Thread 0x000001c84c6d4000 nmethod 6470 0x000001c83707d690 code [0x000001c83707d860, 0x000001c83707db38]
Event: 16.546 Thread 0x000001c84c6d4000 6471       1       java.beans.GenericBeanInfo::getEventSetDescriptors (5 bytes)
Event: 16.546 Thread 0x000001c84c6d4000 nmethod 6471 0x000001c83dbb3790 code [0x000001c83dbb3940, 0x000001c83dbb39f8]
Event: 16.546 Thread 0x000001c84c6d4000 6472       1       java.beans.GenericBeanInfo::getPropertyDescriptors (5 bytes)
Event: 16.546 Thread 0x000001c84c6d4000 nmethod 6472 0x000001c83dbb3a90 code [0x000001c83dbb3c40, 0x000001c83dbb3cf8]
Event: 16.551 Thread 0x000001c84c6d4000 6473       2       org.gradle.internal.metaobject.DynamicInvokeResult::isFound (16 bytes)
Event: 16.552 Thread 0x000001c84c6d4000 nmethod 6473 0x000001c83707dd10 code [0x000001c83707dec0, 0x000001c83707dfd8]
Event: 16.557 Thread 0x000001c84c6d4000 6474       1       org.gradle.internal.metaobject.BeanDynamicObject::access$500 (5 bytes)
Event: 16.557 Thread 0x000001c84c6d4000 nmethod 6474 0x000001c83dbb3d90 code [0x000001c83dbb3f40, 0x000001c83dbb3fd8]
Event: 16.558 Thread 0x000001c84c6d4000 6475       2       groovy.lang.GroovySystem::getMetaClassRegistry (4 bytes)
Event: 16.558 Thread 0x000001c84c6d4000 nmethod 6475 0x000001c83707e090 code [0x000001c83707e240, 0x000001c83707e318]
Event: 16.562 Thread 0x000001c84c6d4000 6477   !   2       com.sun.beans.introspect.PropertyInfo::initialize (374 bytes)

GC Heap History (20 events):
Event: 6.337 GC heap after
{Heap after GC invocations=9 (full 0):
 garbage-first heap   total 92160K, used 19124K [0x0000000080000000, 0x0000000100000000)
  region size 1024K, 3 young (3072K), 3 survivors (3072K)
 Metaspace       used 27966K, capacity 28629K, committed 28800K, reserved 1075200K
  class space    used 3709K, capacity 3931K, committed 3968K, reserved 1048576K
}
Event: 7.777 GC heap before
{Heap before GC invocations=9 (full 0):
 garbage-first heap   total 92160K, used 51892K [0x0000000080000000, 0x0000000100000000)
  region size 1024K, 37 young (37888K), 3 survivors (3072K)
 Metaspace       used 35064K, capacity 35830K, committed 35840K, reserved 1081344K
  class space    used 4539K, capacity 4864K, committed 4864K, reserved 1048576K
}
Event: 7.792 GC heap after
{Heap after GC invocations=10 (full 0):
 garbage-first heap   total 92160K, used 21758K [0x0000000080000000, 0x0000000100000000)
  region size 1024K, 6 young (6144K), 6 survivors (6144K)
 Metaspace       used 35064K, capacity 35830K, committed 35840K, reserved 1081344K
  class space    used 4539K, capacity 4864K, committed 4864K, reserved 1048576K
}
Event: 8.441 GC heap before
{Heap before GC invocations=11 (full 0):
 garbage-first heap   total 92160K, used 62718K [0x0000000080000000, 0x0000000100000000)
  region size 1024K, 44 young (45056K), 6 survivors (6144K)
 Metaspace       used 38213K, capacity 39191K, committed 39372K, reserved 1083392K
  class space    used 4879K, capacity 5211K, committed 5324K, reserved 1048576K
}
Event: 8.463 GC heap after
{Heap after GC invocations=12 (full 0):
 garbage-first heap   total 110592K, used 25515K [0x0000000080000000, 0x0000000100000000)
  region size 1024K, 6 young (6144K), 6 survivors (6144K)
 Metaspace       used 38213K, capacity 39191K, committed 39372K, reserved 1083392K
  class space    used 4879K, capacity 5211K, committed 5324K, reserved 1048576K
}
Event: 9.453 GC heap before
{Heap before GC invocations=13 (full 0):
 garbage-first heap   total 110592K, used 69547K [0x0000000080000000, 0x0000000100000000)
  region size 1024K, 49 young (50176K), 6 survivors (6144K)
 Metaspace       used 41406K, capacity 42353K, committed 42700K, reserved 1085440K
  class space    used 5352K, capacity 5705K, committed 5836K, reserved 1048576K
}
Event: 9.469 GC heap after
{Heap after GC invocations=14 (full 0):
 garbage-first heap   total 110592K, used 27405K [0x0000000080000000, 0x0000000100000000)
  region size 1024K, 5 young (5120K), 5 survivors (5120K)
 Metaspace       used 41406K, capacity 42353K, committed 42700K, reserved 1085440K
  class space    used 5352K, capacity 5705K, committed 5836K, reserved 1048576K
}
Event: 10.440 GC heap before
{Heap before GC invocations=14 (full 0):
 garbage-first heap   total 110592K, used 73485K [0x0000000080000000, 0x0000000100000000)
  region size 1024K, 50 young (51200K), 5 survivors (5120K)
 Metaspace       used 45570K, capacity 46652K, committed 46796K, reserved 1089536K
  class space    used 5854K, capacity 6266K, committed 6348K, reserved 1048576K
}
Event: 10.456 GC heap after
{Heap after GC invocations=15 (full 0):
 garbage-first heap   total 110592K, used 29798K [0x0000000080000000, 0x0000000100000000)
  region size 1024K, 5 young (5120K), 5 survivors (5120K)
 Metaspace       used 45570K, capacity 46652K, committed 46796K, reserved 1089536K
  class space    used 5854K, capacity 6266K, committed 6348K, reserved 1048576K
}
Event: 12.013 GC heap before
{Heap before GC invocations=15 (full 0):
 garbage-first heap   total 110592K, used 79974K [0x0000000080000000, 0x0000000100000000)
  region size 1024K, 51 young (52224K), 5 survivors (5120K)
 Metaspace       used 47664K, capacity 48876K, committed 49100K, reserved 1091584K
  class space    used 6080K, capacity 6516K, committed 6604K, reserved 1048576K
}
Event: 12.040 GC heap after
{Heap after GC invocations=16 (full 0):
 garbage-first heap   total 110592K, used 42255K [0x0000000080000000, 0x0000000100000000)
  region size 1024K, 7 young (7168K), 7 survivors (7168K)
 Metaspace       used 47664K, capacity 48876K, committed 49100K, reserved 1091584K
  class space    used 6080K, capacity 6516K, committed 6604K, reserved 1048576K
}
Event: 13.246 GC heap before
{Heap before GC invocations=16 (full 0):
 garbage-first heap   total 110592K, used 82191K [0x0000000080000000, 0x0000000100000000)
  region size 1024K, 46 young (47104K), 7 survivors (7168K)
 Metaspace       used 52989K, capacity 54344K, committed 54604K, reserved 1097728K
  class space    used 6760K, capacity 7233K, committed 7244K, reserved 1048576K
}
Event: 13.267 GC heap after
{Heap after GC invocations=17 (full 0):
 garbage-first heap   total 133120K, used 44240K [0x0000000080000000, 0x0000000100000000)
  region size 1024K, 2 young (2048K), 2 survivors (2048K)
 Metaspace       used 52989K, capacity 54344K, committed 54604K, reserved 1097728K
  class space    used 6760K, capacity 7233K, committed 7244K, reserved 1048576K
}
Event: 14.420 GC heap before
{Heap before GC invocations=17 (full 0):
 garbage-first heap   total 133120K, used 91344K [0x0000000080000000, 0x0000000100000000)
  region size 1024K, 49 young (50176K), 2 survivors (2048K)
 Metaspace       used 59585K, capacity 61002K, committed 61132K, reserved 1101824K
  class space    used 7533K, capacity 8061K, committed 8140K, reserved 1048576K
}
Event: 14.431 GC heap after
{Heap after GC invocations=18 (full 0):
 garbage-first heap   total 133120K, used 47504K [0x0000000080000000, 0x0000000100000000)
  region size 1024K, 5 young (5120K), 5 survivors (5120K)
 Metaspace       used 59585K, capacity 61002K, committed 61132K, reserved 1101824K
  class space    used 7533K, capacity 8061K, committed 8140K, reserved 1048576K
}
Event: 15.330 GC heap before
{Heap before GC invocations=18 (full 0):
 garbage-first heap   total 133120K, used 96656K [0x0000000080000000, 0x0000000100000000)
  region size 1024K, 52 young (53248K), 5 survivors (5120K)
 Metaspace       used 63374K, capacity 64847K, committed 64972K, reserved 1105920K
  class space    used 8045K, capacity 8604K, committed 8652K, reserved 1048576K
}
Event: 15.348 GC heap after
{Heap after GC invocations=19 (full 0):
 garbage-first heap   total 133120K, used 50359K [0x0000000080000000, 0x0000000100000000)
  region size 1024K, 3 young (3072K), 3 survivors (3072K)
 Metaspace       used 63374K, capacity 64847K, committed 64972K, reserved 1105920K
  class space    used 8045K, capacity 8604K, committed 8652K, reserved 1048576K
}
Event: 15.557 GC heap before
{Heap before GC invocations=19 (full 0):
 garbage-first heap   total 133120K, used 72887K [0x0000000080000000, 0x0000000100000000)
  region size 1024K, 26 young (26624K), 3 survivors (3072K)
 Metaspace       used 63808K, capacity 65461K, committed 65612K, reserved 1105920K
  class space    used 8095K, capacity 8681K, committed 8780K, reserved 1048576K
}
Event: 15.573 GC heap after
{Heap after GC invocations=20 (full 0):
 garbage-first heap   total 133120K, used 52880K [0x0000000080000000, 0x0000000100000000)
  region size 1024K, 6 young (6144K), 6 survivors (6144K)
 Metaspace       used 63808K, capacity 65461K, committed 65612K, reserved 1105920K
  class space    used 8095K, capacity 8681K, committed 8780K, reserved 1048576K
}
Event: 16.563 GC heap before
{Heap before GC invocations=21 (full 0):
 garbage-first heap   total 133120K, used 93840K [0x0000000080000000, 0x0000000100000000)
  region size 1024K, 46 young (47104K), 6 survivors (6144K)
 Metaspace       used 68492K, capacity 70106K, committed 70380K, reserved 1110016K
  class space    used 8854K, capacity 9432K, committed 9548K, reserved 1048576K
}

Deoptimization events (20 events):
Event: 15.130 Thread 0x000001c84efaa800 DEOPT PACKING pc=0x000001c83d958444 sp=0x000000b1fc4f6fc0
Event: 15.130 Thread 0x000001c84efaa800 DEOPT UNPACKING pc=0x000001c835e678af sp=0x000000b1fc4f6ec8 mode 2
Event: 15.130 Thread 0x000001c84efaa800 Uncommon trap: trap_request=0xffffff4d fr.pc=0x000001c83d94d5ec relative=0x00000000000000cc
Event: 15.130 Thread 0x000001c84efaa800 Uncommon trap: reason=unstable_if action=reinterpret pc=0x000001c83d94d5ec method=java.lang.String.getBytes([BIB)V @ 5 c2
Event: 15.130 Thread 0x000001c84efaa800 DEOPT PACKING pc=0x000001c83d94d5ec sp=0x000000b1fc4f6e80
Event: 15.130 Thread 0x000001c84efaa800 DEOPT UNPACKING pc=0x000001c835e678af sp=0x000000b1fc4f6e48 mode 2
Event: 15.130 Thread 0x000001c84efaa800 Uncommon trap: trap_request=0xffffff4d fr.pc=0x000001c83d973228 relative=0x0000000000000468
Event: 15.130 Thread 0x000001c84efaa800 Uncommon trap: reason=unstable_if action=reinterpret pc=0x000001c83d973228 method=java.lang.AbstractStringBuilder.putStringAt(ILjava/lang/String;)V @ 8 c2
Event: 15.130 Thread 0x000001c84efaa800 DEOPT PACKING pc=0x000001c83d973228 sp=0x000000b1fc4f6f50
Event: 15.130 Thread 0x000001c84efaa800 DEOPT UNPACKING pc=0x000001c835e678af sp=0x000000b1fc4f6ec0 mode 2
Event: 15.271 Thread 0x000001c84efaa800 Uncommon trap: trap_request=0xffffff4d fr.pc=0x000001c83db55d6c relative=0x0000000000000bac
Event: 15.271 Thread 0x000001c84efaa800 Uncommon trap: reason=unstable_if action=reinterpret pc=0x000001c83db55d6c method=java.lang.ClassLoader.loadClass(Ljava/lang/String;Z)Ljava/lang/Class; @ 29 c2
Event: 15.271 Thread 0x000001c84efaa800 DEOPT PACKING pc=0x000001c83db55d6c sp=0x000000b1fc4f74e0
Event: 15.271 Thread 0x000001c84efaa800 DEOPT UNPACKING pc=0x000001c835e678af sp=0x000000b1fc4f74a8 mode 2
Event: 15.353 Thread 0x000001c84efaa800 Uncommon trap: trap_request=0xffffff4d fr.pc=0x000001c83da63b00 relative=0x0000000000000340
Event: 15.353 Thread 0x000001c84efaa800 Uncommon trap: reason=unstable_if action=reinterpret pc=0x000001c83da63b00 method=java.util.StringJoiner.add(Ljava/lang/CharSequence;)Ljava/util/StringJoiner; @ 33 c2
Event: 15.353 Thread 0x000001c84efaa800 DEOPT PACKING pc=0x000001c83da63b00 sp=0x000000b1fc4f60f0
Event: 15.353 Thread 0x000001c84efaa800 DEOPT UNPACKING pc=0x000001c835e678af sp=0x000000b1fc4f60a0 mode 2
Event: 16.355 Thread 0x000001c84efaa800 DEOPT PACKING pc=0x000001c8366c455a sp=0x000000b1fc4f8e30
Event: 16.355 Thread 0x000001c84efaa800 DEOPT UNPACKING pc=0x000001c835e676ce sp=0x000000b1fc4f82c8 mode 0

Classes redefined (0 events):
No events

Internal exceptions (20 events):
Event: 15.479 Thread 0x000001c84efaa800 Exception <a 'java/lang/ClassNotFoundException'{0x0000000087017250}: com/android/build/gradle/internal/dsl/BuildType_DecoratedCustomizer> (0x0000000087017250) thrown at [./src/hotspot/share/classfile/systemDictionary.cpp, line 231]
Event: 15.487 Thread 0x000001c84efaa800 Exception <a 'java/lang/ClassNotFoundException'{0x00000000870e1b70}: build_5qz5yakvh4qqqlo5mq00qos0f$_run_closure1$_closure4BeanInfo> (0x00000000870e1b70) thrown at [./src/hotspot/share/classfile/systemDictionary.cpp, line 231]
Event: 15.488 Thread 0x000001c84efaa800 Exception <a 'java/lang/ClassNotFoundException'{0x00000000870f2458}: build_5qz5yakvh4qqqlo5mq00qos0f$_run_closure1$_closure4Customizer> (0x00000000870f2458) thrown at [./src/hotspot/share/classfile/systemDictionary.cpp, line 231]
Event: 15.491 Thread 0x000001c84efaa800 Exception <a 'java/lang/ClassNotFoundException'{0x0000000086f21568}: build_5qz5yakvh4qqqlo5mq00qos0f$_run_closure1BeanInfo> (0x0000000086f21568) thrown at [./src/hotspot/share/classfile/systemDictionary.cpp, line 231]
Event: 15.491 Thread 0x000001c84efaa800 Exception <a 'java/lang/ClassNotFoundException'{0x0000000086f314d8}: build_5qz5yakvh4qqqlo5mq00qos0f$_run_closure1Customizer> (0x0000000086f314d8) thrown at [./src/hotspot/share/classfile/systemDictionary.cpp, line 231]
Event: 15.498 Thread 0x000001c84efaa800 Exception <a 'java/lang/ClassNotFoundException'{0x0000000086f8f338}: org/gradle/api/JavaVersionBeanInfo> (0x0000000086f8f338) thrown at [./src/hotspot/share/classfile/systemDictionary.cpp, line 231]
Event: 15.499 Thread 0x000001c84efaa800 Exception <a 'java/lang/ClassNotFoundException'{0x0000000086fb9700}: org/gradle/api/JavaVersionCustomizer> (0x0000000086fb9700) thrown at [./src/hotspot/share/classfile/systemDictionary.cpp, line 231]
Event: 15.502 Thread 0x000001c84efaa800 Exception <a 'java/lang/ClassNotFoundException'{0x0000000086e129e0}: com/android/build/gradle/internal/CompileOptions_DecoratedBeanInfo> (0x0000000086e129e0) thrown at [./src/hotspot/share/classfile/systemDictionary.cpp, line 231]
Event: 15.503 Thread 0x000001c84efaa800 Exception <a 'java/lang/ClassNotFoundException'{0x0000000086e2a0f8}: com/android/build/gradle/internal/CompileOptionsBeanInfo> (0x0000000086e2a0f8) thrown at [./src/hotspot/share/classfile/systemDictionary.cpp, line 231]
Event: 15.503 Thread 0x000001c84efaa800 Exception <a 'java/lang/ClassNotFoundException'{0x0000000086e41fc0}: com/android/build/gradle/internal/CompileOptionsCustomizer> (0x0000000086e41fc0) thrown at [./src/hotspot/share/classfile/systemDictionary.cpp, line 231]
Event: 15.504 Thread 0x000001c84efaa800 Exception <a 'java/lang/ClassNotFoundException'{0x0000000086e668d0}: com/android/build/gradle/internal/CompileOptions_DecoratedCustomizer> (0x0000000086e668d0) thrown at [./src/hotspot/share/classfile/systemDictionary.cpp, line 231]
Event: 16.541 Thread 0x000001c84efaa800 Exception <a 'java/lang/ClassNotFoundException'{0x000000008568d4f0}: com/android/build/gradle/internal/api/ApkVariantOutputImpl_DecoratedBeanInfo> (0x000000008568d4f0) thrown at [./src/hotspot/share/classfile/systemDictionary.cpp, line 231]
Event: 16.542 Thread 0x000001c84efaa800 Exception <a 'java/lang/ClassNotFoundException'{0x00000000856a70a0}: com/android/build/gradle/internal/api/ApkVariantOutputImplBeanInfo> (0x00000000856a70a0) thrown at [./src/hotspot/share/classfile/systemDictionary.cpp, line 231]
Event: 16.543 Thread 0x000001c84efaa800 Exception <a 'java/lang/ClassNotFoundException'{0x00000000856c1410}: com/android/build/gradle/internal/api/BaseVariantOutputImplBeanInfo> (0x00000000856c1410) thrown at [./src/hotspot/share/classfile/systemDictionary.cpp, line 231]
Event: 16.544 Thread 0x000001c84efaa800 Exception <a 'java/lang/ClassNotFoundException'{0x00000000856db7e8}: com/android/build/gradle/internal/api/BaseVariantOutputImplCustomizer> (0x00000000856db7e8) thrown at [./src/hotspot/share/classfile/systemDictionary.cpp, line 231]
Event: 16.545 Thread 0x000001c84efaa800 Exception <a 'java/lang/ClassNotFoundException'{0x0000000085508730}: com/android/build/gradle/internal/api/ApkVariantOutputImplCustomizer> (0x0000000085508730) thrown at [./src/hotspot/share/classfile/systemDictionary.cpp, line 231]
Event: 16.548 Thread 0x000001c84efaa800 Exception <a 'java/lang/ClassNotFoundException'{0x00000000855315c8}: com/android/build/gradle/internal/api/ApkVariantOutputImpl_DecoratedCustomizer> (0x00000000855315c8) thrown at [./src/hotspot/share/classfile/systemDictionary.cpp, line 231]
Event: 16.560 Thread 0x000001c84efaa800 Exception <a 'java/lang/ClassNotFoundException'{0x000000008549d558}: groovy/lang/GString$1BeanInfo> (0x000000008549d558) thrown at [./src/hotspot/share/classfile/systemDictionary.cpp, line 231]
Event: 16.561 Thread 0x000001c84efaa800 Exception <a 'java/lang/ClassNotFoundException'{0x00000000854bfa10}: groovy/lang/GStringBeanInfo> (0x00000000854bfa10) thrown at [./src/hotspot/share/classfile/systemDictionary.cpp, line 231]
Event: 16.561 Thread 0x000001c84efaa800 Exception <a 'java/lang/ClassNotFoundException'{0x00000000854e1f10}: groovy/lang/GStringCustomizer> (0x00000000854e1f10) thrown at [./src/hotspot/share/classfile/systemDictionary.cpp, line 231]

Events (20 events):
Event: 16.560 loading class groovy/lang/GString$1BeanInfo done
Event: 16.560 loading class groovy/lang/GString$1BeanInfo
Event: 16.560 loading class groovy/lang/GString$1BeanInfo done
Event: 16.560 loading class groovy/lang/GStringBeanInfo
Event: 16.560 loading class groovy/lang/GStringBeanInfo done
Event: 16.561 loading class groovy/lang/GStringBeanInfo
Event: 16.561 loading class groovy/lang/GStringBeanInfo done
Event: 16.561 loading class groovy/lang/GStringBeanInfo
Event: 16.561 loading class groovy/lang/GStringBeanInfo done
Event: 16.561 loading class groovy/lang/GStringCustomizer
Event: 16.561 loading class groovy/lang/GStringCustomizer done
Event: 16.561 loading class groovy/lang/GStringCustomizer
Event: 16.561 loading class groovy/lang/GStringCustomizer done
Event: 16.561 loading class groovy/lang/GStringCustomizer
Event: 16.561 loading class groovy/lang/GStringCustomizer done
Event: 16.562 loading class groovy/lang/GString$1Customizer
Event: 16.562 loading class groovy/lang/GString$1Customizer done
Event: 16.562 loading class groovy/lang/GString$1Customizer
Event: 16.562 loading class groovy/lang/GString$1Customizer done
Event: 16.562 Executing VM operation: G1CollectForAllocation


Dynamic libraries:
0x00007ff7597b0000 - 0x00007ff7597ba000 	C:\Program Files\Android\Android Studio\jre\bin\java.exe
0x00007ffe7b1f0000 - 0x00007ffe7b3e5000 	C:\WINDOWS\SYSTEM32\ntdll.dll
0x00007ffe79e60000 - 0x00007ffe79f1e000 	C:\WINDOWS\System32\KERNEL32.DLL
0x00007ffe78e10000 - 0x00007ffe790d9000 	C:\WINDOWS\System32\KERNELBASE.dll
0x00007ffe79140000 - 0x00007ffe79240000 	C:\WINDOWS\System32\ucrtbase.dll
0x00007ffe73730000 - 0x00007ffe73747000 	C:\Program Files\Android\Android Studio\jre\bin\VCRUNTIME140.dll
0x00007ffe677f0000 - 0x00007ffe67809000 	C:\Program Files\Android\Android Studio\jre\bin\jli.dll
0x00007ffe7a430000 - 0x00007ffe7a5d1000 	C:\WINDOWS\System32\USER32.dll
0x00007ffe78cf0000 - 0x00007ffe78d12000 	C:\WINDOWS\System32\win32u.dll
0x00007ffe7a290000 - 0x00007ffe7a2bb000 	C:\WINDOWS\System32\GDI32.dll
0x00007ffe789c0000 - 0x00007ffe78acb000 	C:\WINDOWS\System32\gdi32full.dll
0x00007ffe78d20000 - 0x00007ffe78dbd000 	C:\WINDOWS\System32\msvcp_win.dll
0x00007ffe68790000 - 0x00007ffe68a2a000 	C:\WINDOWS\WinSxS\amd64_microsoft.windows.common-controls_6595b64144ccf1df_6.0.19041.1110_none_60b5254171f9507e\COMCTL32.dll
0x00007ffe7a040000 - 0x00007ffe7a0de000 	C:\WINDOWS\System32\msvcrt.dll
0x00007ffe7b070000 - 0x00007ffe7b0a0000 	C:\WINDOWS\System32\IMM32.DLL
0x00007ffe71350000 - 0x00007ffe713ed000 	C:\Program Files\Android\Android Studio\jre\bin\msvcp140.dll
0x00007ffe4efc0000 - 0x00007ffe4fa8f000 	C:\Program Files\Android\Android Studio\jre\bin\server\jvm.dll
0x00007ffe7b0a0000 - 0x00007ffe7b14c000 	C:\WINDOWS\System32\ADVAPI32.dll
0x00007ffe7a390000 - 0x00007ffe7a42b000 	C:\WINDOWS\System32\sechost.dll
0x00007ffe7ac60000 - 0x00007ffe7ad8a000 	C:\WINDOWS\System32\RPCRT4.dll
0x00007ffe79f20000 - 0x00007ffe79f28000 	C:\WINDOWS\System32\PSAPI.DLL
0x00007ffe6ce00000 - 0x00007ffe6ce27000 	C:\WINDOWS\SYSTEM32\WINMM.dll
0x00007ffe745d0000 - 0x00007ffe745d9000 	C:\WINDOWS\SYSTEM32\WSOCK32.dll
0x00007ffe70170000 - 0x00007ffe7017a000 	C:\WINDOWS\SYSTEM32\VERSION.dll
0x00007ffe7a2c0000 - 0x00007ffe7a32b000 	C:\WINDOWS\System32\WS2_32.dll
0x00007ffe76810000 - 0x00007ffe76822000 	C:\WINDOWS\SYSTEM32\kernel.appcore.dll
0x00007ffe74580000 - 0x00007ffe74591000 	C:\Program Files\Android\Android Studio\jre\bin\verify.dll
0x00007ffe64df0000 - 0x00007ffe64fd4000 	C:\WINDOWS\SYSTEM32\DBGHELP.DLL
0x00007ffe659d0000 - 0x00007ffe659fc000 	C:\WINDOWS\SYSTEM32\dbgcore.DLL
0x00007ffe78c30000 - 0x00007ffe78cb3000 	C:\WINDOWS\System32\bcryptPrimitives.dll
0x00007ffe74490000 - 0x00007ffe744b9000 	C:\Program Files\Android\Android Studio\jre\bin\java.dll
0x00007ffe73720000 - 0x00007ffe7372b000 	C:\Program Files\Android\Android Studio\jre\bin\jimage.dll
0x00007ffe717c0000 - 0x00007ffe717d8000 	C:\Program Files\Android\Android Studio\jre\bin\zip.dll
0x00007ffe79240000 - 0x00007ffe7997f000 	C:\WINDOWS\System32\SHELL32.dll
0x00007ffe76a10000 - 0x00007ffe771a0000 	C:\WINDOWS\SYSTEM32\windows.storage.dll
0x00007ffe79b00000 - 0x00007ffe79e55000 	C:\WINDOWS\System32\combase.dll
0x00007ffe78360000 - 0x00007ffe7838c000 	C:\WINDOWS\SYSTEM32\Wldp.dll
0x00007ffe7aec0000 - 0x00007ffe7af6d000 	C:\WINDOWS\System32\SHCORE.dll
0x00007ffe79980000 - 0x00007ffe799d5000 	C:\WINDOWS\System32\shlwapi.dll
0x00007ffe78850000 - 0x00007ffe7886f000 	C:\WINDOWS\SYSTEM32\profapi.dll
0x00007ffe71580000 - 0x00007ffe7159a000 	C:\Program Files\Android\Android Studio\jre\bin\net.dll
0x00007ffe6a4b0000 - 0x00007ffe6a5b8000 	C:\WINDOWS\SYSTEM32\WINHTTP.dll
0x00007ffe780c0000 - 0x00007ffe7812a000 	C:\WINDOWS\system32\mswsock.dll
0x00007ffe71550000 - 0x00007ffe71564000 	C:\Program Files\Android\Android Studio\jre\bin\nio.dll
0x00007ffe65f30000 - 0x00007ffe65f57000 	C:\Users\MinhNgan\.gradle\native\8bec1ad78214c89d9ad589b4d07fe93259594b29d510b10fafb7a158f7737e5d\windows-amd64\native-platform.dll
0x00007ffe4ce10000 - 0x00007ffe4cf4d000 	C:\Users\MinhNgan\.gradle\native\53dbd7edfb1c66fb8903c78663c9afc45aea4f116125fa6feffd364cf09443e8\windows-amd64\native-platform-file-events.dll
0x00007ffe73090000 - 0x00007ffe7309a000 	C:\Program Files\Android\Android Studio\jre\bin\management.dll
0x00007ffe717b0000 - 0x00007ffe717bc000 	C:\Program Files\Android\Android Studio\jre\bin\management_ext.dll
0x00007ffe782b0000 - 0x00007ffe782c8000 	C:\WINDOWS\SYSTEM32\CRYPTSP.dll
0x00007ffe779d0000 - 0x00007ffe77a04000 	C:\WINDOWS\system32\rsaenh.dll
0x00007ffe78cc0000 - 0x00007ffe78ce7000 	C:\WINDOWS\System32\bcrypt.dll
0x00007ffe78810000 - 0x00007ffe7883e000 	C:\WINDOWS\SYSTEM32\USERENV.dll
0x00007ffe782d0000 - 0x00007ffe782dc000 	C:\WINDOWS\SYSTEM32\CRYPTBASE.dll
0x00007ffe77d60000 - 0x00007ffe77d9b000 	C:\WINDOWS\SYSTEM32\IPHLPAPI.DLL
0x00007ffe7a5e0000 - 0x00007ffe7a5e8000 	C:\WINDOWS\System32\NSI.dll
0x00007ffe6d250000 - 0x00007ffe6d267000 	C:\WINDOWS\SYSTEM32\dhcpcsvc6.DLL
0x00007ffe701d0000 - 0x00007ffe701ed000 	C:\WINDOWS\SYSTEM32\dhcpcsvc.DLL
0x00007ffe77da0000 - 0x00007ffe77e6c000 	C:\WINDOWS\SYSTEM32\DNSAPI.dll

dbghelp: loaded successfully - version: 4.0.5 - missing functions: none
symbol engine: initialized successfully - sym options: 0x614 - pdb path: .;C:\Program Files\Android\Android Studio\jre\bin;C:\WINDOWS\SYSTEM32;C:\WINDOWS\WinSxS\amd64_microsoft.windows.common-controls_6595b64144ccf1df_6.0.19041.1110_none_60b5254171f9507e;C:\Program Files\Android\Android Studio\jre\bin\server;C:\Users\MinhNgan\.gradle\native\8bec1ad78214c89d9ad589b4d07fe93259594b29d510b10fafb7a158f7737e5d\windows-amd64;C:\Users\MinhNgan\.gradle\native\53dbd7edfb1c66fb8903c78663c9afc45aea4f116125fa6feffd364cf09443e8\windows-amd64

VM Arguments:
jvm_args: --add-opens=java.base/java.util=ALL-UNNAMED --add-opens=java.base/java.lang=ALL-UNNAMED --add-opens=java.base/java.lang.invoke=ALL-UNNAMED --add-opens=java.base/java.util=ALL-UNNAMED --add-opens=java.prefs/java.util.prefs=ALL-UNNAMED --add-opens=java.prefs/java.util.prefs=ALL-UNNAMED --add-opens=java.base/java.nio.charset=ALL-UNNAMED --add-opens=java.base/java.net=ALL-UNNAMED --add-opens=java.base/java.util.concurrent.atomic=ALL-UNNAMED -Xmx2048m -Dfile.encoding=UTF-8 -Duser.country=US -Duser.language=en -Duser.variant 
java_command: org.gradle.launcher.daemon.bootstrap.GradleDaemon 7.0.2
java_class_path (initial): C:\Users\MinhNgan\.gradle\wrapper\dists\gradle-7.0.2-bin\857tjihv64xamwrf0h14cai3r\gradle-7.0.2\lib\gradle-launcher-7.0.2.jar
Launcher Type: SUN_STANDARD

[Global flags]
     intx CICompilerCount                          = 3                                         {product} {ergonomic}
     uint ConcGCThreads                            = 1                                         {product} {ergonomic}
     uint G1ConcRefinementThreads                  = 4                                         {product} {ergonomic}
   size_t G1HeapRegionSize                         = 1048576                                   {product} {ergonomic}
    uintx GCDrainStackTargetSize                   = 64                                        {product} {ergonomic}
   size_t InitialHeapSize                          = 67108864                                  {product} {ergonomic}
   size_t MarkStackSize                            = 4194304                                   {product} {ergonomic}
   size_t MaxHeapSize                              = 2147483648                                {product} {command line}
   size_t MaxNewSize                               = 1287651328                                {product} {ergonomic}
   size_t MinHeapDeltaBytes                        = 1048576                                   {product} {ergonomic}
    uintx NonNMethodCodeHeapSize                   = 5830732                                {pd product} {ergonomic}
    uintx NonProfiledCodeHeapSize                  = 122913754                              {pd product} {ergonomic}
    uintx ProfiledCodeHeapSize                     = 122913754                              {pd product} {ergonomic}
    uintx ReservedCodeCacheSize                    = 251658240                              {pd product} {ergonomic}
     bool SegmentedCodeCache                       = true                                      {product} {ergonomic}
     bool UseCompressedClassPointers               = true                                 {lp64_product} {ergonomic}
     bool UseCompressedOops                        = true                                 {lp64_product} {ergonomic}
     bool UseG1GC                                  = true                                      {product} {ergonomic}
     bool UseLargePagesIndividualAllocation        = false                                  {pd product} {ergonomic}

Logging:
Log output configuration:
 #0: stdout all=warning uptime,level,tags
 #1: stderr all=off uptime,level,tags

Environment Variables:
PATH=C:\Program Files\Common Files\Oracle\Java\javapath;C:\WINDOWS\system32;C:\WINDOWS;C:\WINDOWS\System32\Wbem;C:\WINDOWS\System32\WindowsPowerShell\v1.0\;C:\WINDOWS\System32\OpenSSH\;C:\Program Files\dotnet\;C:\Program Files\Microsoft SQL Server\130\Tools\Binn\;C:\Program Files\Microsoft SQL Server\Client SDK\ODBC\170\Tools\Binn\;C:\Program Files (x86)\dotnet\;C:\Program Files\Git\cmd;C:\Users\MinhNgan\AppData\Local\Microsoft\WindowsApps
USERNAME=MinhNgan
OS=Windows_NT
PROCESSOR_IDENTIFIER=Intel64 Family 6 Model 69 Stepping 1, GenuineIntel



---------------  S Y S T E M  ---------------

OS: Windows 10 , 64 bit Build 19041 (10.0.19041.1202)
OS uptime: 0 days 1:35 hours

CPU:total 4 (initial active 4) (2 cores per cpu, 2 threads per core) family 6 model 69 stepping 1 microcode 0x25, cmov, cx8, fxsr, mmx, sse, sse2, sse3, ssse3, sse4.1, sse4.2, popcnt, avx, avx2, aes, clmul, erms, lzcnt, ht, tsc, tscinvbit, bmi1, bmi2, fma

Memory: 4k page, system-wide physical 3979M (124M free)
TotalPageFile size 6979M (AvailPageFile size 11M)
current process WorkingSet (physical memory assigned to process): 279M, peak: 279M
current process commit charge ("private bytes"): 347M, peak: 373M

vm_info: OpenJDK 64-Bit Server VM (11.0.10+0-b96-7249189) for windows-amd64 JRE (11.0.10+0-b96-7249189), built on Mar 31 2021 21:44:00 by "builder" with MS VC++ 14.0 (VS2015)

END.
