#
# There is insufficient memory for the Java Runtime Environment to continue.
# Native memory allocation (mmap) failed to map 33554432 bytes for Failed to commit area from 0x0000000087a00000 to 0x0000000089a00000 of length 33554432.
# Possible reasons:
#   The system is out of physical RAM or swap space
#   The process is running with CompressedOops enabled, and the Java Heap may be blocking the growth of the native heap
# Possible solutions:
#   Reduce memory load on the system
#   Increase physical memory or swap space
#   Check if swap backing store is full
#   Decrease Java heap size (-Xmx/-Xms)
#   Decrease number of Java threads
#   Decrease Java thread stack sizes (-Xss)
#   Set larger code cache with -XX:ReservedCodeCacheSize=
#   JVM is running with Unscaled Compressed Oops mode in which the Java heap is
#     placed in the first 4GB address space. The Java Heap base address is the
#     maximum limit for the native heap growth. Please use -XX:HeapBaseMinAddress
#     to set the Java Heap base and to place the Java Heap above 4GB virtual address.
# This output file may be truncated or incomplete.
#
#  Out of Memory Error (./src/hotspot/os/windows/os_windows.cpp:3301), pid=3868, tid=9536
#
# JRE version: OpenJDK Runtime Environment (11.0.10) (build 11.0.10+0-b96-7249189)
# Java VM: OpenJDK 64-Bit Server VM (11.0.10+0-b96-7249189, mixed mode, tiered, compressed oops, g1 gc, windows-amd64)
# No core dump will be written. Minidumps are not enabled by default on client versions of Windows
#

---------------  S U M M A R Y ------------

Command Line: --add-opens=java.base/java.util=ALL-UNNAMED --add-opens=java.base/java.lang=ALL-UNNAMED --add-opens=java.base/java.lang.invoke=ALL-UNNAMED --add-opens=java.base/java.util=ALL-UNNAMED --add-opens=java.prefs/java.util.prefs=ALL-UNNAMED --add-opens=java.prefs/java.util.prefs=ALL-UNNAMED --add-opens=java.base/java.nio.charset=ALL-UNNAMED --add-opens=java.base/java.net=ALL-UNNAMED --add-opens=java.base/java.util.concurrent.atomic=ALL-UNNAMED -Xmx2048m -Dfile.encoding=UTF-8 -Duser.country=US -Duser.language=en -Duser.variant org.gradle.launcher.daemon.bootstrap.GradleDaemon 7.0.2

Host: Intel(R) Core(TM) i5-4210U CPU @ 1.70GHz, 4 cores, 3G,  Windows 10 , 64 bit Build 19041 (10.0.19041.1202)
Time: Sun Nov  7 22:37:35 2021 SE Asia Standard Time elapsed time: 15.531770 seconds (0d 0h 0m 15s)

---------------  T H R E A D  ---------------

Current thread (0x0000014a5738f800):  VMThread "VM Thread" [stack: 0x0000002fe2c00000,0x0000002fe2d00000] [id=9536]

Stack: [0x0000002fe2c00000,0x0000002fe2d00000]
[error occurred during error reporting (printing stack bounds), id 0xc0000005, EXCEPTION_ACCESS_VIOLATION (0xc0000005) at pc=0x0000014a40b70f2d]

Native frames: (J=compiled Java code, j=interpreted, Vv=VM code, C=native code)
V  [jvm.dll+0x5ecfaa]
V  [jvm.dll+0x722bd5]
V  [jvm.dll+0x72412d]
V  [jvm.dll+0x724745]
V  [jvm.dll+0x7246fb]
V  [jvm.dll+0x5ec348]
V  [jvm.dll+0x5ecad8]
C  [ntdll.dll+0xa20cf]
C  [ntdll.dll+0x51454]
C  [ntdll.dll+0xa0bfe]
C  0x0000014a40b70f2d

VM_Operation (0x0000002fe40f3c80): G1CollectForAllocation, mode: safepoint, requested by thread 0x0000014a59fdb000


---------------  P R O C E S S  ---------------

Threads class SMR info:
_java_thread_list=0x0000014a5aaa3720, length=41, elements={
0x0000014a3b89c000, 0x0000014a57395000, 0x0000014a5739a800, 0x0000014a573f1800,
0x0000014a573f3000, 0x0000014a573f7800, 0x0000014a573fc800, 0x0000014a57404800,
0x0000014a5740a800, 0x0000014a57e62000, 0x0000014a59273800, 0x0000014a58c9a000,
0x0000014a5812c800, 0x0000014a593a2800, 0x0000014a593a3000, 0x0000014a59fda800,
0x0000014a59fdb000, 0x0000014a57f35000, 0x0000014a58d57000, 0x0000014a57da6000,
0x0000014a57da5000, 0x0000014a57da8800, 0x0000014a57da7000, 0x0000014a57da4800,
0x0000014a57da2800, 0x0000014a57da7800, 0x0000014a57da9800, 0x0000014a57da3800,
0x0000014a5bfce800, 0x0000014a5bfd1000, 0x0000014a5bfcf800, 0x0000014a5bfd2000,
0x0000014a5bfcd000, 0x0000014a5bfce000, 0x0000014a5bfcc800, 0x0000014a5bfd6000,
0x0000014a5bfd3000, 0x0000014a5bfd8800, 0x0000014a5bfd3800, 0x0000014a5bfd9800,
0x0000014a5bfd7000
}

Java Threads: ( => current thread )
  0x0000014a3b89c000 JavaThread "main" [_thread_blocked, id=6876, stack(0x0000002fe2600000,0x0000002fe2700000)]
  0x0000014a57395000 JavaThread "Reference Handler" daemon [_thread_blocked, id=8436, stack(0x0000002fe2d00000,0x0000002fe2e00000)]
  0x0000014a5739a800 JavaThread "Finalizer" daemon [_thread_blocked, id=6592, stack(0x0000002fe2e00000,0x0000002fe2f00000)]
  0x0000014a573f1800 JavaThread "Signal Dispatcher" daemon [_thread_blocked, id=9472, stack(0x0000002fe2f00000,0x0000002fe3000000)]
  0x0000014a573f3000 JavaThread "Attach Listener" daemon [_thread_blocked, id=9576, stack(0x0000002fe3000000,0x0000002fe3100000)]
  0x0000014a573f7800 JavaThread "Service Thread" daemon [_thread_blocked, id=4372, stack(0x0000002fe3100000,0x0000002fe3200000)]
  0x0000014a573fc800 JavaThread "C2 CompilerThread0" daemon [_thread_blocked, id=8672, stack(0x0000002fe3200000,0x0000002fe3300000)]
  0x0000014a57404800 JavaThread "C1 CompilerThread0" daemon [_thread_blocked, id=7248, stack(0x0000002fe3300000,0x0000002fe3400000)]
  0x0000014a5740a800 JavaThread "Sweeper thread" daemon [_thread_blocked, id=3560, stack(0x0000002fe3400000,0x0000002fe3500000)]
  0x0000014a57e62000 JavaThread "Common-Cleaner" daemon [_thread_blocked, id=6524, stack(0x0000002fe3500000,0x0000002fe3600000)]
  0x0000014a59273800 JavaThread "Daemon health stats" [_thread_blocked, id=556, stack(0x0000002fe3800000,0x0000002fe3900000)]
  0x0000014a58c9a000 JavaThread "Incoming local TCP Connector on port 52245" [_thread_in_native, id=6392, stack(0x0000002fe3b00000,0x0000002fe3c00000)]
  0x0000014a5812c800 JavaThread "Daemon periodic checks" [_thread_blocked, id=7376, stack(0x0000002fe3c00000,0x0000002fe3d00000)]
  0x0000014a593a2800 JavaThread "Daemon" [_thread_blocked, id=864, stack(0x0000002fe3d00000,0x0000002fe3e00000)]
  0x0000014a593a3000 JavaThread "Handler for socket connection from /127.0.0.1:52245 to /127.0.0.1:52246" [_thread_in_native, id=5784, stack(0x0000002fe3e00000,0x0000002fe3f00000)]
  0x0000014a59fda800 JavaThread "Cancel handler" [_thread_blocked, id=5376, stack(0x0000002fe3f00000,0x0000002fe4000000)]
  0x0000014a59fdb000 JavaThread "Daemon worker" [_thread_blocked, id=6536, stack(0x0000002fe4000000,0x0000002fe4100000)]
  0x0000014a57f35000 JavaThread "Asynchronous log dispatcher for DefaultDaemonConnection: socket connection from /127.0.0.1:52245 to /127.0.0.1:52246" [_thread_blocked, id=9272, stack(0x0000002fe4100000,0x0000002fe4200000)]
  0x0000014a58d57000 JavaThread "Stdin handler" [_thread_blocked, id=6620, stack(0x0000002fe4200000,0x0000002fe4300000)]
  0x0000014a57da6000 JavaThread "Daemon client event forwarder" [_thread_blocked, id=4560, stack(0x0000002fe4300000,0x0000002fe4400000)]
  0x0000014a57da5000 JavaThread "Cache worker for file hash cache (C:\Users\MinhNgan\.gradle\caches\7.0.2\fileHashes)" [_thread_blocked, id=3224, stack(0x0000002fe4400000,0x0000002fe4500000)]
  0x0000014a57da8800 JavaThread "File lock request listener" [_thread_in_native, id=10048, stack(0x0000002fe4500000,0x0000002fe4600000)]
  0x0000014a57da7000 JavaThread "Cache worker for journal cache (C:\Users\MinhNgan\.gradle\caches\journal-1)" [_thread_blocked, id=3956, stack(0x0000002fe4600000,0x0000002fe4700000)]
  0x0000014a57da4800 JavaThread "Cache worker for file hash cache (C:\Users\MinhNgan\AndroidStudioProjects\Android_hepat\.gradle\7.0.2\fileHashes)" [_thread_blocked, id=8180, stack(0x0000002fe4700000,0x0000002fe4800000)]
  0x0000014a57da2800 JavaThread "File watcher server" daemon [_thread_in_native, id=6868, stack(0x0000002fe4800000,0x0000002fe4900000)]
  0x0000014a57da7800 JavaThread "File watcher consumer" daemon [_thread_blocked, id=9888, stack(0x0000002fe4900000,0x0000002fe4a00000)]
  0x0000014a57da9800 JavaThread "jar transforms" [_thread_blocked, id=984, stack(0x0000002fe4a00000,0x0000002fe4b00000)]
  0x0000014a57da3800 JavaThread "jar transforms Thread 2" [_thread_blocked, id=9476, stack(0x0000002fe4b00000,0x0000002fe4c00000)]
  0x0000014a5bfce800 JavaThread "jar transforms Thread 3" [_thread_blocked, id=5040, stack(0x0000002fe4c00000,0x0000002fe4d00000)]
  0x0000014a5bfd1000 JavaThread "jar transforms Thread 4" [_thread_blocked, id=8328, stack(0x0000002fe4d00000,0x0000002fe4e00000)]
  0x0000014a5bfcf800 JavaThread "Cache worker for checksums cache (C:\Users\MinhNgan\AndroidStudioProjects\Android_hepat\.gradle\checksums)" [_thread_blocked, id=7744, stack(0x0000002fe4e00000,0x0000002fe4f00000)]
  0x0000014a5bfd2000 JavaThread "Cache worker for cache directory md-supplier (C:\Users\MinhNgan\.gradle\caches\7.0.2\md-supplier)" [_thread_blocked, id=3424, stack(0x0000002fe4f00000,0x0000002fe5000000)]
  0x0000014a5bfcd000 JavaThread "Cache worker for cache directory md-rule (C:\Users\MinhNgan\.gradle\caches\7.0.2\md-rule)" [_thread_blocked, id=4696, stack(0x0000002fe5000000,0x0000002fe5100000)]
  0x0000014a5bfce000 JavaThread "Cache worker for execution history cache (C:\Users\MinhNgan\.gradle\caches\7.0.2\executionHistory)" [_thread_blocked, id=5416, stack(0x0000002fe5100000,0x0000002fe5200000)]
  0x0000014a5bfcc800 JavaThread "Cache worker for file content cache (C:\Users\MinhNgan\.gradle\caches\7.0.2\fileContent)" [_thread_blocked, id=6604, stack(0x0000002fe5200000,0x0000002fe5300000)]
  0x0000014a5bfd6000 JavaThread "Cache worker for dependencies-accessors (C:\Users\MinhNgan\AndroidStudioProjects\Android_hepat\.gradle\7.0.2\dependencies-accessors)" [_thread_blocked, id=8952, stack(0x0000002fe5300000,0x0000002fe5400000)]
  0x0000014a5bfd3000 JavaThread "Cache worker for Build Output Cleanup Cache (C:\Users\MinhNgan\AndroidStudioProjects\Android_hepat\.gradle\buildOutputCleanup)" [_thread_blocked, id=6184, stack(0x0000002fe5400000,0x0000002fe5500000)]
  0x0000014a5bfd8800 JavaThread "Build operations" [_thread_blocked, id=3188, stack(0x0000002fe5500000,0x0000002fe5600000)]
  0x0000014a5bfd3800 JavaThread "Build operations Thread 2" [_thread_blocked, id=9068, stack(0x0000002fe5600000,0x0000002fe5700000)]
  0x0000014a5bfd9800 JavaThread "Build operations Thread 3" [_thread_blocked, id=10228, stack(0x0000002fe5700000,0x0000002fe5800000)]
  0x0000014a5bfd7000 JavaThread "Build operations Thread 4" [_thread_blocked, id=2512, stack(0x0000002fe5800000,0x0000002fe5900000)]

Other Threads:
=>0x0000014a5738f800 VMThread "VM Thread" [stack: 0x0000002fe2c00000,0x0000002fe2d00000] [id=9536]
  0x0000014a57e9d000 WatcherThread [stack: 0x0000002fe3600000,0x0000002fe3700000] [id=7296]
  0x0000014a3b8b3800 GCTaskThread "GC Thread#0" [stack: 0x0000002fe2700000,0x0000002fe2800000] [id=3456]
  0x0000014a58778800 GCTaskThread "GC Thread#1" [stack: 0x0000002fe3700000,0x0000002fe3800000] [id=7096]
  0x0000014a593c8000 GCTaskThread "GC Thread#2" [stack: 0x0000002fe3900000,0x0000002fe3a00000] [id=3092]
  0x0000014a5984a000 GCTaskThread "GC Thread#3" [stack: 0x0000002fe3a00000,0x0000002fe3b00000] [id=5820]
  0x0000014a3b8e5000 ConcurrentGCThread "G1 Main Marker" [stack: 0x0000002fe2800000,0x0000002fe2900000] [id=1936]
  0x0000014a3b8e6000 ConcurrentGCThread "G1 Conc#0" [stack: 0x0000002fe2900000,0x0000002fe2a00000] [id=2712]
  0x0000014a3b93e800 ConcurrentGCThread "G1 Refine#0" [stack: 0x0000002fe2a00000,0x0000002fe2b00000] [id=6932]
  0x0000014a3b93f800 ConcurrentGCThread "G1 Young RemSet Sampling" [stack: 0x0000002fe2b00000,0x0000002fe2c00000] [id=9840]

Threads with active compile tasks:
C2 CompilerThread0  15566 5531       4       java.util.jar.JarFile::getManifest (5 bytes)

VM state:at safepoint (normal execution)

VM Mutex/Monitor currently owned by a thread:  ([mutex/lock_event])
[0x0000014a3b898700] Threads_lock - owner thread: 0x0000014a5738f800
[0x0000014a3b899240] Heap_lock - owner thread: 0x0000014a59fdb000

Heap address: 0x0000000080000000, size: 2048 MB, Compressed Oops mode: 32-bit
Narrow klass base: 0x0000000000000000, Narrow klass shift: 3
Compressed class space size: 1073741824 Address: 0x0000000100000000

Heap:
 garbage-first heap   total 157696K, used 70749K [0x0000000080000000, 0x0000000100000000)
  region size 1024K, 2 young (2048K), 2 survivors (2048K)
 Metaspace       used 52337K, capacity 53854K, committed 54016K, reserved 1095680K
  class space    used 6675K, capacity 7164K, committed 7168K, reserved 1048576K
Heap Regions: E=young(eden), S=young(survivor), O=old, HS=humongous(starts), HC=humongous(continues), CS=collection set, F=free, A=archive, TAMS=top-at-mark-start (previous, next)
|   0|0x0000000080000000, 0x0000000080100000, 0x0000000080100000|100%| O|  |TAMS 0x0000000080100000, 0x0000000080000000| Untracked 
|   1|0x0000000080100000, 0x0000000080200000, 0x0000000080200000|100%| O|  |TAMS 0x0000000080200000, 0x0000000080100000| Untracked 
|   2|0x0000000080200000, 0x0000000080300000, 0x0000000080300000|100%| O|  |TAMS 0x0000000080300000, 0x0000000080200000| Untracked 
|   3|0x0000000080300000, 0x0000000080400000, 0x0000000080400000|100%|HS|  |TAMS 0x0000000080400000, 0x0000000080300000| Complete 
|   4|0x0000000080400000, 0x0000000080500000, 0x0000000080500000|100%|HC|  |TAMS 0x0000000080500000, 0x0000000080400000| Complete 
|   5|0x0000000080500000, 0x0000000080600000, 0x0000000080600000|100%|HC|  |TAMS 0x0000000080600000, 0x0000000080500000| Complete 
|   6|0x0000000080600000, 0x0000000080700000, 0x0000000080700000|100%| O|  |TAMS 0x0000000080700000, 0x0000000080600000| Untracked 
|   7|0x0000000080700000, 0x0000000080800000, 0x0000000080800000|100%| O|  |TAMS 0x0000000080800000, 0x0000000080700000| Untracked 
|   8|0x0000000080800000, 0x0000000080900000, 0x0000000080900000|100%| O|  |TAMS 0x0000000080900000, 0x0000000080800000| Untracked 
|   9|0x0000000080900000, 0x0000000080a00000, 0x0000000080a00000|100%| O|  |TAMS 0x0000000080a00000, 0x0000000080900000| Untracked 
|  10|0x0000000080a00000, 0x0000000080b00000, 0x0000000080b00000|100%| O|  |TAMS 0x0000000080b00000, 0x0000000080a00000| Untracked 
|  11|0x0000000080b00000, 0x0000000080c00000, 0x0000000080c00000|100%| O|  |TAMS 0x0000000080c00000, 0x0000000080b00000| Untracked 
|  12|0x0000000080c00000, 0x0000000080d00000, 0x0000000080d00000|100%| O|  |TAMS 0x0000000080d00000, 0x0000000080c00000| Untracked 
|  13|0x0000000080d00000, 0x0000000080e00000, 0x0000000080e00000|100%| O|  |TAMS 0x0000000080e00000, 0x0000000080d00000| Untracked 
|  14|0x0000000080e00000, 0x0000000080f00000, 0x0000000080f00000|100%| O|  |TAMS 0x0000000080f00000, 0x0000000080e00000| Untracked 
|  15|0x0000000080f00000, 0x0000000081000000, 0x0000000081000000|100%| O|  |TAMS 0x0000000081000000, 0x0000000080f00000| Untracked 
|  16|0x0000000081000000, 0x0000000081100000, 0x0000000081100000|100%| O|  |TAMS 0x0000000081100000, 0x0000000081000000| Untracked 
|  17|0x0000000081100000, 0x0000000081200000, 0x0000000081200000|100%|HS|  |TAMS 0x0000000081200000, 0x0000000081100000| Complete 
|  18|0x0000000081200000, 0x0000000081300000, 0x0000000081300000|100%|HC|  |TAMS 0x0000000081300000, 0x0000000081200000| Complete 
|  19|0x0000000081300000, 0x0000000081400000, 0x0000000081400000|100%|HS|  |TAMS 0x0000000081400000, 0x0000000081300000| Complete 
|  20|0x0000000081400000, 0x0000000081500000, 0x0000000081500000|100%|HC|  |TAMS 0x0000000081500000, 0x0000000081400000| Complete 
|  21|0x0000000081500000, 0x0000000081600000, 0x0000000081600000|100%|HC|  |TAMS 0x0000000081600000, 0x0000000081500000| Complete 
|  22|0x0000000081600000, 0x0000000081700000, 0x0000000081700000|100%|HS|  |TAMS 0x0000000081700000, 0x0000000081600000| Complete 
|  23|0x0000000081700000, 0x0000000081800000, 0x0000000081800000|100%|HC|  |TAMS 0x0000000081800000, 0x0000000081700000| Complete 
|  24|0x0000000081800000, 0x0000000081900000, 0x0000000081900000|100%|HC|  |TAMS 0x0000000081900000, 0x0000000081800000| Complete 
|  25|0x0000000081900000, 0x0000000081a00000, 0x0000000081a00000|100%|HC|  |TAMS 0x0000000081a00000, 0x0000000081900000| Complete 
|  26|0x0000000081a00000, 0x0000000081b00000, 0x0000000081b00000|100%|HC|  |TAMS 0x0000000081b00000, 0x0000000081a00000| Complete 
|  27|0x0000000081b00000, 0x0000000081c00000, 0x0000000081c00000|100%| O|  |TAMS 0x0000000081c00000, 0x0000000081b00000| Untracked 
|  28|0x0000000081c00000, 0x0000000081d00000, 0x0000000081d00000|100%| O|  |TAMS 0x0000000081d00000, 0x0000000081c00000| Untracked 
|  29|0x0000000081d00000, 0x0000000081e00000, 0x0000000081e00000|100%| O|  |TAMS 0x0000000081e00000, 0x0000000081d00000| Untracked 
|  30|0x0000000081e00000, 0x0000000081f00000, 0x0000000081f00000|100%| O|  |TAMS 0x0000000081f00000, 0x0000000081e00000| Untracked 
|  31|0x0000000081f00000, 0x0000000082000000, 0x0000000082000000|100%| O|  |TAMS 0x0000000082000000, 0x0000000081f00000| Untracked 
|  32|0x0000000082000000, 0x0000000082100000, 0x0000000082100000|100%| O|  |TAMS 0x0000000082100000, 0x0000000082000000| Untracked 
|  33|0x0000000082100000, 0x0000000082200000, 0x0000000082200000|100%| O|  |TAMS 0x0000000082200000, 0x0000000082100000| Untracked 
|  34|0x0000000082200000, 0x0000000082300000, 0x0000000082300000|100%| O|  |TAMS 0x0000000082300000, 0x0000000082200000| Untracked 
|  35|0x0000000082300000, 0x0000000082400000, 0x0000000082400000|100%| O|  |TAMS 0x0000000082400000, 0x0000000082300000| Untracked 
|  36|0x0000000082400000, 0x0000000082500000, 0x0000000082500000|100%| O|  |TAMS 0x0000000082500000, 0x0000000082400000| Untracked 
|  37|0x0000000082500000, 0x0000000082600000, 0x0000000082600000|100%| O|  |TAMS 0x0000000082600000, 0x0000000082500000| Untracked 
|  38|0x0000000082600000, 0x0000000082700000, 0x0000000082700000|100%| O|  |TAMS 0x0000000082700000, 0x0000000082600000| Untracked 
|  39|0x0000000082700000, 0x0000000082800000, 0x0000000082800000|100%|HS|  |TAMS 0x0000000082800000, 0x0000000082700000| Complete 
|  40|0x0000000082800000, 0x0000000082900000, 0x0000000082900000|100%|HC|  |TAMS 0x0000000082900000, 0x0000000082800000| Complete 
|  41|0x0000000082900000, 0x0000000082a00000, 0x0000000082a00000|100%|HC|  |TAMS 0x0000000082a00000, 0x0000000082900000| Complete 
|  42|0x0000000082a00000, 0x0000000082b00000, 0x0000000082b00000|100%| O|  |TAMS 0x0000000082b00000, 0x0000000082a00000| Untracked 
|  43|0x0000000082b00000, 0x0000000082c00000, 0x0000000082c00000|100%|HS|  |TAMS 0x0000000082c00000, 0x0000000082b00000| Complete 
|  44|0x0000000082c00000, 0x0000000082d00000, 0x0000000082d00000|100%|HC|  |TAMS 0x0000000082d00000, 0x0000000082c00000| Complete 
|  45|0x0000000082d00000, 0x0000000082e00000, 0x0000000082e00000|100%|HC|  |TAMS 0x0000000082e00000, 0x0000000082d00000| Complete 
|  46|0x0000000082e00000, 0x0000000082f00000, 0x0000000082f00000|100%|HC|  |TAMS 0x0000000082f00000, 0x0000000082e00000| Complete 
|  47|0x0000000082f00000, 0x0000000083000000, 0x0000000083000000|100%|HC|  |TAMS 0x0000000083000000, 0x0000000082f00000| Complete 
|  48|0x0000000083000000, 0x0000000083100000, 0x0000000083100000|100%| O|  |TAMS 0x0000000083100000, 0x0000000083000000| Untracked 
|  49|0x0000000083100000, 0x0000000083200000, 0x0000000083200000|100%| O|  |TAMS 0x0000000083200000, 0x0000000083100000| Untracked 
|  50|0x0000000083200000, 0x0000000083300000, 0x0000000083300000|100%| O|  |TAMS 0x0000000083300000, 0x0000000083200000| Untracked 
|  51|0x0000000083300000, 0x0000000083400000, 0x0000000083400000|100%| O|  |TAMS 0x0000000083400000, 0x0000000083300000| Untracked 
|  52|0x0000000083400000, 0x0000000083500000, 0x0000000083500000|100%| O|  |TAMS 0x0000000083500000, 0x0000000083400000| Untracked 
|  53|0x0000000083500000, 0x0000000083600000, 0x0000000083600000|100%| O|  |TAMS 0x0000000083600000, 0x0000000083500000| Untracked 
|  54|0x0000000083600000, 0x0000000083700000, 0x0000000083700000|100%| O|  |TAMS 0x0000000083700000, 0x0000000083600000| Untracked 
|  55|0x0000000083700000, 0x0000000083800000, 0x0000000083800000|100%| O|  |TAMS 0x0000000083800000, 0x0000000083700000| Untracked 
|  56|0x0000000083800000, 0x0000000083900000, 0x0000000083900000|100%| O|  |TAMS 0x0000000083900000, 0x0000000083800000| Untracked 
|  57|0x0000000083900000, 0x0000000083a00000, 0x0000000083a00000|100%| O|  |TAMS 0x0000000083a00000, 0x0000000083900000| Untracked 
|  58|0x0000000083a00000, 0x0000000083b00000, 0x0000000083b00000|100%|HS|  |TAMS 0x0000000083b00000, 0x0000000083a00000| Complete 
|  59|0x0000000083b00000, 0x0000000083c00000, 0x0000000083c00000|100%|HS|  |TAMS 0x0000000083c00000, 0x0000000083b00000| Complete 
|  60|0x0000000083c00000, 0x0000000083d00000, 0x0000000083d00000|100%| O|  |TAMS 0x0000000083d00000, 0x0000000083c00000| Untracked 
|  61|0x0000000083d00000, 0x0000000083e00000, 0x0000000083e00000|100%| O|  |TAMS 0x0000000083d8ba00, 0x0000000083d00000| Untracked 
|  62|0x0000000083e00000, 0x0000000083f00000, 0x0000000083f00000|100%|HS|  |TAMS 0x0000000083e00000, 0x0000000083e00000| Complete 
|  63|0x0000000083f00000, 0x0000000084000000, 0x0000000084000000|100%|HC|  |TAMS 0x0000000083f00000, 0x0000000083f00000| Complete 
|  64|0x0000000084000000, 0x0000000084100000, 0x0000000084100000|100%| O|  |TAMS 0x0000000084000000, 0x0000000084000000| Untracked 
|  65|0x0000000084100000, 0x0000000084200000, 0x0000000084200000|100%| O|  |TAMS 0x0000000084100000, 0x0000000084100000| Untracked 
|  66|0x0000000084200000, 0x0000000084300000, 0x0000000084300000|100%| O|  |TAMS 0x0000000084200000, 0x0000000084200000| Untracked 
|  67|0x0000000084300000, 0x0000000084360c00, 0x0000000084400000| 37%| O|  |TAMS 0x0000000084300000, 0x0000000084300000| Untracked 
|  68|0x0000000084400000, 0x0000000084400000, 0x0000000084500000|  0%| F|  |TAMS 0x0000000084400000, 0x0000000084400000| Untracked 
|  69|0x0000000084500000, 0x0000000084500000, 0x0000000084600000|  0%| F|  |TAMS 0x0000000084500000, 0x0000000084500000| Untracked 
|  70|0x0000000084600000, 0x0000000084600000, 0x0000000084700000|  0%| F|  |TAMS 0x0000000084600000, 0x0000000084600000| Untracked 
|  71|0x0000000084700000, 0x0000000084700000, 0x0000000084800000|  0%| F|  |TAMS 0x0000000084700000, 0x0000000084700000| Untracked 
|  72|0x0000000084800000, 0x0000000084800000, 0x0000000084900000|  0%| F|  |TAMS 0x0000000084800000, 0x0000000084800000| Untracked 
|  73|0x0000000084900000, 0x0000000084900000, 0x0000000084a00000|  0%| F|  |TAMS 0x0000000084900000, 0x0000000084900000| Untracked 
|  74|0x0000000084a00000, 0x0000000084a00000, 0x0000000084b00000|  0%| F|  |TAMS 0x0000000084a00000, 0x0000000084a00000| Untracked 
|  75|0x0000000084b00000, 0x0000000084b00000, 0x0000000084c00000|  0%| F|  |TAMS 0x0000000084b00000, 0x0000000084b00000| Untracked 
|  76|0x0000000084c00000, 0x0000000084c00000, 0x0000000084d00000|  0%| F|  |TAMS 0x0000000084c00000, 0x0000000084c00000| Untracked 
|  77|0x0000000084d00000, 0x0000000084d00000, 0x0000000084e00000|  0%| F|  |TAMS 0x0000000084d00000, 0x0000000084d00000| Untracked 
|  78|0x0000000084e00000, 0x0000000084e00000, 0x0000000084f00000|  0%| F|  |TAMS 0x0000000084e00000, 0x0000000084e00000| Untracked 
|  79|0x0000000084f00000, 0x0000000084f00000, 0x0000000085000000|  0%| F|  |TAMS 0x0000000084f00000, 0x0000000084f00000| Untracked 
|  80|0x0000000085000000, 0x0000000085000000, 0x0000000085100000|  0%| F|  |TAMS 0x0000000085000000, 0x0000000085000000| Untracked 
|  81|0x0000000085100000, 0x0000000085100000, 0x0000000085200000|  0%| F|  |TAMS 0x0000000085100000, 0x0000000085100000| Untracked 
|  82|0x0000000085200000, 0x0000000085200000, 0x0000000085300000|  0%| F|  |TAMS 0x0000000085200000, 0x0000000085200000| Untracked 
|  83|0x0000000085300000, 0x0000000085300000, 0x0000000085400000|  0%| F|  |TAMS 0x0000000085300000, 0x0000000085300000| Untracked 
|  84|0x0000000085400000, 0x0000000085400000, 0x0000000085500000|  0%| F|  |TAMS 0x0000000085400000, 0x0000000085400000| Untracked 
|  85|0x0000000085500000, 0x0000000085500000, 0x0000000085600000|  0%| F|  |TAMS 0x0000000085500000, 0x0000000085500000| Untracked 
|  86|0x0000000085600000, 0x0000000085600000, 0x0000000085700000|  0%| F|  |TAMS 0x0000000085600000, 0x0000000085600000| Untracked 
|  87|0x0000000085700000, 0x0000000085700000, 0x0000000085800000|  0%| F|  |TAMS 0x0000000085700000, 0x0000000085700000| Untracked 
|  88|0x0000000085800000, 0x0000000085800000, 0x0000000085900000|  0%| F|  |TAMS 0x0000000085800000, 0x0000000085800000| Untracked 
|  89|0x0000000085900000, 0x0000000085900000, 0x0000000085a00000|  0%| F|  |TAMS 0x0000000085900000, 0x0000000085900000| Untracked 
|  90|0x0000000085a00000, 0x0000000085a00000, 0x0000000085b00000|  0%| F|  |TAMS 0x0000000085a00000, 0x0000000085a00000| Untracked 
|  91|0x0000000085b00000, 0x0000000085b00000, 0x0000000085c00000|  0%| F|  |TAMS 0x0000000085b00000, 0x0000000085b00000| Untracked 
|  92|0x0000000085c00000, 0x0000000085cb68f0, 0x0000000085d00000| 71%| S|CS|TAMS 0x0000000085c00000, 0x0000000085c00000| Complete 
|  93|0x0000000085d00000, 0x0000000085e00000, 0x0000000085e00000|100%| S|CS|TAMS 0x0000000085d00000, 0x0000000085d00000| Complete 
|  94|0x0000000085e00000, 0x0000000085e00000, 0x0000000085f00000|  0%| F|  |TAMS 0x0000000085e00000, 0x0000000085e00000| Untracked 
|  95|0x0000000085f00000, 0x0000000085f00000, 0x0000000086000000|  0%| F|  |TAMS 0x0000000085f00000, 0x0000000085f00000| Untracked 
|  96|0x0000000086000000, 0x0000000086000000, 0x0000000086100000|  0%| F|  |TAMS 0x0000000086000000, 0x0000000086000000| Untracked 
|  97|0x0000000086100000, 0x0000000086100000, 0x0000000086200000|  0%| F|  |TAMS 0x0000000086100000, 0x0000000086100000| Untracked 
|  98|0x0000000086200000, 0x0000000086200000, 0x0000000086300000|  0%| F|  |TAMS 0x0000000086200000, 0x0000000086200000| Untracked 
|  99|0x0000000086300000, 0x0000000086300000, 0x0000000086400000|  0%| F|  |TAMS 0x0000000086300000, 0x0000000086300000| Untracked 
| 100|0x0000000086400000, 0x0000000086400000, 0x0000000086500000|  0%| F|  |TAMS 0x0000000086400000, 0x0000000086400000| Untracked 
| 101|0x0000000086500000, 0x0000000086500000, 0x0000000086600000|  0%| F|  |TAMS 0x0000000086500000, 0x0000000086500000| Untracked 
| 102|0x0000000086600000, 0x0000000086600000, 0x0000000086700000|  0%| F|  |TAMS 0x0000000086600000, 0x0000000086600000| Untracked 
| 103|0x0000000086700000, 0x0000000086700000, 0x0000000086800000|  0%| F|  |TAMS 0x0000000086700000, 0x0000000086700000| Untracked 
| 104|0x0000000086800000, 0x0000000086800000, 0x0000000086900000|  0%| F|  |TAMS 0x0000000086800000, 0x0000000086800000| Untracked 
| 105|0x0000000086900000, 0x0000000086900000, 0x0000000086a00000|  0%| F|  |TAMS 0x0000000086900000, 0x0000000086900000| Untracked 
| 106|0x0000000086a00000, 0x0000000086a00000, 0x0000000086b00000|  0%| F|  |TAMS 0x0000000086a00000, 0x0000000086a00000| Untracked 
| 107|0x0000000086b00000, 0x0000000086b00000, 0x0000000086c00000|  0%| F|  |TAMS 0x0000000086b00000, 0x0000000086b00000| Untracked 
| 108|0x0000000086c00000, 0x0000000086c00000, 0x0000000086d00000|  0%| F|  |TAMS 0x0000000086c00000, 0x0000000086c00000| Untracked 
| 109|0x0000000086d00000, 0x0000000086d00000, 0x0000000086e00000|  0%| F|  |TAMS 0x0000000086d00000, 0x0000000086d00000| Untracked 
| 110|0x0000000086e00000, 0x0000000086e00000, 0x0000000086f00000|  0%| F|  |TAMS 0x0000000086e00000, 0x0000000086e00000| Untracked 
| 111|0x0000000086f00000, 0x0000000086f00000, 0x0000000087000000|  0%| F|  |TAMS 0x0000000086f00000, 0x0000000086f00000| Untracked 
| 112|0x0000000087000000, 0x0000000087000000, 0x0000000087100000|  0%| F|  |TAMS 0x0000000087000000, 0x0000000087000000| Untracked 
| 113|0x0000000087100000, 0x0000000087100000, 0x0000000087200000|  0%| F|  |TAMS 0x0000000087100000, 0x0000000087100000| Untracked 
| 114|0x0000000087200000, 0x0000000087200000, 0x0000000087300000|  0%| F|  |TAMS 0x0000000087200000, 0x0000000087200000| Untracked 
| 115|0x0000000087300000, 0x0000000087300000, 0x0000000087400000|  0%| F|  |TAMS 0x0000000087300000, 0x0000000087300000| Untracked 
| 116|0x0000000087400000, 0x0000000087400000, 0x0000000087500000|  0%| F|  |TAMS 0x0000000087400000, 0x0000000087400000| Untracked 
| 117|0x0000000087500000, 0x0000000087500000, 0x0000000087600000|  0%| F|  |TAMS 0x0000000087500000, 0x0000000087500000| Untracked 
| 118|0x0000000087600000, 0x0000000087600000, 0x0000000087700000|  0%| F|  |TAMS 0x0000000087600000, 0x0000000087600000| Untracked 
| 119|0x0000000087700000, 0x0000000087700000, 0x0000000087800000|  0%| F|  |TAMS 0x0000000087700000, 0x0000000087700000| Untracked 
| 120|0x0000000087800000, 0x0000000087800000, 0x0000000087900000|  0%| F|  |TAMS 0x0000000087800000, 0x0000000087800000| Untracked 
| 121|0x0000000087900000, 0x0000000087900000, 0x0000000087a00000|  0%| F|  |TAMS 0x0000000087900000, 0x0000000087900000| Untracked 

Card table byte_map: [0x0000014a50590000,0x0000014a50990000] _byte_map_base: 0x0000014a50190000

Marking Bits (Prev, Next): (CMBitMap*) 0x0000014a3b8dc180, (CMBitMap*) 0x0000014a3b8dc148
 Prev Bits: [0x0000014a52d90000, 0x0000014a54d90000)
 Next Bits: [0x0000014a50d90000, 0x0000014a52d90000)

Polling page: 0x0000014a3b690000

Metaspace:

Usage:
  Non-class:     45.60 MB capacity,    44.59 MB ( 98%) used,   891.77 KB (  2%) free+waste,   135.81 KB ( <1%) overhead. 
      Class:      7.00 MB capacity,     6.52 MB ( 93%) used,   424.16 KB (  6%) free+waste,    64.81 KB ( <1%) overhead. 
       Both:     52.59 MB capacity,    51.11 MB ( 97%) used,     1.29 MB (  2%) free+waste,   200.63 KB ( <1%) overhead. 

Virtual space:
  Non-class space:       46.00 MB reserved,      45.75 MB (>99%) committed 
      Class space:        1.00 GB reserved,       7.00 MB ( <1%) committed 
             Both:        1.04 GB reserved,      52.75 MB (  5%) committed 

Chunk freelists:
   Non-Class:  30.00 KB
       Class:  4.00 KB
        Both:  34.00 KB

MaxMetaspaceSize: 17179869184.00 GB
CompressedClassSpaceSize: 1.00 GB

CodeHeap 'non-profiled nmethods': size=120064Kb used=2381Kb max_used=2381Kb free=117683Kb
 bounds [0x0000014a48630000, 0x0000014a488a0000, 0x0000014a4fb70000]
CodeHeap 'profiled nmethods': size=120000Kb used=11062Kb max_used=11062Kb free=108937Kb
 bounds [0x0000014a41100000, 0x0000014a41bd0000, 0x0000014a48630000]
CodeHeap 'non-nmethods': size=5696Kb used=2224Kb max_used=2258Kb free=3471Kb
 bounds [0x0000014a40b70000, 0x0000014a40de0000, 0x0000014a41100000]
 total_blobs=6312 nmethods=5511 adapters=712
 compilation: enabled
              stopped_count=0, restarted_count=0
 full_count=0

Compilation events (20 events):
Event: 15.458 Thread 0x0000014a57404800 5546       1       com.android.build.gradle.options.Stage::getStatus (5 bytes)
Event: 15.458 Thread 0x0000014a57404800 nmethod 5546 0x0000014a48882e10 code [0x0000014a48882fc0, 0x0000014a48883078]
Event: 15.474 Thread 0x0000014a57404800 5548       3       java.lang.invoke.MethodHandles$Lookup::findStatic (27 bytes)
Event: 15.474 Thread 0x0000014a57404800 nmethod 5548 0x0000014a41bca710 code [0x0000014a41bca8e0, 0x0000014a41bcab48]
Event: 15.478 Thread 0x0000014a57404800 5549       3       sun.reflect.generics.tree.SimpleClassTypeSignature::accept (8 bytes)
Event: 15.479 Thread 0x0000014a57404800 nmethod 5549 0x0000014a41bcac90 code [0x0000014a41bcaea0, 0x0000014a41bcb308]
Event: 15.479 Thread 0x0000014a57404800 5551       3       org.objectweb.asm.SymbolTable$Entry::<init> (17 bytes)
Event: 15.479 Thread 0x0000014a57404800 nmethod 5551 0x0000014a41bcb590 code [0x0000014a41bcb740, 0x0000014a41bcb8a8]
Event: 15.479 Thread 0x0000014a57404800 5550       3       sun.reflect.generics.visitor.Reifier::visitSimpleClassTypeSignature (18 bytes)
Event: 15.479 Thread 0x0000014a57404800 nmethod 5550 0x0000014a41bcb990 code [0x0000014a41bcbb80, 0x0000014a41bcbf48]
Event: 15.479 Thread 0x0000014a57404800 5552   !   3       org.gradle.internal.event.DefaultListenerManager$EventBroadcast$ListenerDispatch::dispatch (55 bytes)
Event: 15.480 Thread 0x0000014a57404800 nmethod 5552 0x0000014a41bcc190 code [0x0000014a41bcc3e0, 0x0000014a41bccaa8]
Event: 15.480 Thread 0x0000014a57404800 5553       3       org.gradle.internal.event.DefaultListenerManager$EventBroadcast::access$400 (6 bytes)
Event: 15.481 Thread 0x0000014a57404800 nmethod 5553 0x0000014a41bcce10 code [0x0000014a41bccfe0, 0x0000014a41bcd1f8]
Event: 15.481 Thread 0x0000014a57404800 5554       3       org.gradle.internal.event.DefaultListenerManager$EventBroadcast::access$500 (6 bytes)
Event: 15.481 Thread 0x0000014a57404800 nmethod 5554 0x0000014a41bcd310 code [0x0000014a41bcd4c0, 0x0000014a41bcd5c8]
Event: 15.482 Thread 0x0000014a57404800 5555       3       java.security.ProtectionDomain$Key::<init> (10 bytes)
Event: 15.483 Thread 0x0000014a57404800 nmethod 5555 0x0000014a41bcd690 code [0x0000014a41bcd840, 0x0000014a41bcd9f8]
Event: 15.483 Thread 0x0000014a57404800 5556       1       java.util.logging.Logger::getName (5 bytes)
Event: 15.483 Thread 0x0000014a57404800 nmethod 5556 0x0000014a48883110 code [0x0000014a488832c0, 0x0000014a48883378]

GC Heap History (20 events):
Event: 11.321 GC heap after
{Heap after GC invocations=24 (full 0):
 garbage-first heap   total 78848K, used 48607K [0x0000000080000000, 0x0000000100000000)
  region size 1024K, 3 young (3072K), 3 survivors (3072K)
 Metaspace       used 42062K, capacity 43094K, committed 43264K, reserved 1087488K
  class space    used 5407K, capacity 5791K, committed 5888K, reserved 1048576K
}
Event: 11.559 GC heap before
{Heap before GC invocations=25 (full 0):
 garbage-first heap   total 78848K, used 62943K [0x0000000080000000, 0x0000000100000000)
  region size 1024K, 16 young (16384K), 3 survivors (3072K)
 Metaspace       used 42738K, capacity 43911K, committed 44160K, reserved 1087488K
  class space    used 5481K, capacity 5911K, committed 6016K, reserved 1048576K
}
Event: 11.570 GC heap after
{Heap after GC invocations=26 (full 0):
 garbage-first heap   total 78848K, used 54328K [0x0000000080000000, 0x0000000100000000)
  region size 1024K, 2 young (2048K), 2 survivors (2048K)
 Metaspace       used 42738K, capacity 43911K, committed 44160K, reserved 1087488K
  class space    used 5481K, capacity 5911K, committed 6016K, reserved 1048576K
}
Event: 11.816 GC heap before
{Heap before GC invocations=27 (full 0):
 garbage-first heap   total 78848K, used 64568K [0x0000000080000000, 0x0000000100000000)
  region size 1024K, 12 young (12288K), 2 survivors (2048K)
 Metaspace       used 44142K, capacity 45320K, committed 45440K, reserved 1089536K
  class space    used 5560K, capacity 5975K, committed 6016K, reserved 1048576K
}
Event: 11.823 GC heap after
{Heap after GC invocations=28 (full 0):
 garbage-first heap   total 95232K, used 54786K [0x0000000080000000, 0x0000000100000000)
  region size 1024K, 1 young (1024K), 1 survivors (1024K)
 Metaspace       used 44142K, capacity 45320K, committed 45440K, reserved 1089536K
  class space    used 5560K, capacity 5975K, committed 6016K, reserved 1048576K
}
Event: 12.189 GC heap before
{Heap before GC invocations=28 (full 0):
 garbage-first heap   total 95232K, used 71170K [0x0000000080000000, 0x0000000100000000)
  region size 1024K, 17 young (17408K), 1 survivors (1024K)
 Metaspace       used 44511K, capacity 45748K, committed 46080K, reserved 1089536K
  class space    used 5603K, capacity 6053K, committed 6144K, reserved 1048576K
}
Event: 12.198 GC heap after
{Heap after GC invocations=29 (full 0):
 garbage-first heap   total 95232K, used 56300K [0x0000000080000000, 0x0000000100000000)
  region size 1024K, 3 young (3072K), 3 survivors (3072K)
 Metaspace       used 44511K, capacity 45748K, committed 46080K, reserved 1089536K
  class space    used 5603K, capacity 6053K, committed 6144K, reserved 1048576K
}
Event: 12.508 GC heap before
{Heap before GC invocations=30 (full 0):
 garbage-first heap   total 95232K, used 72684K [0x0000000080000000, 0x0000000100000000)
  region size 1024K, 19 young (19456K), 3 survivors (3072K)
 Metaspace       used 45689K, capacity 46928K, committed 46976K, reserved 1089536K
  class space    used 5807K, capacity 6233K, committed 6272K, reserved 1048576K
}
Event: 12.515 GC heap after
{Heap after GC invocations=31 (full 0):
 garbage-first heap   total 95232K, used 57742K [0x0000000080000000, 0x0000000100000000)
  region size 1024K, 3 young (3072K), 3 survivors (3072K)
 Metaspace       used 45689K, capacity 46928K, committed 46976K, reserved 1089536K
  class space    used 5807K, capacity 6233K, committed 6272K, reserved 1048576K
}
Event: 12.768 GC heap before
{Heap before GC invocations=31 (full 0):
 garbage-first heap   total 95232K, used 73102K [0x0000000080000000, 0x0000000100000000)
  region size 1024K, 19 young (19456K), 3 survivors (3072K)
 Metaspace       used 46614K, capacity 47947K, committed 48256K, reserved 1091584K
  class space    used 5952K, capacity 6404K, committed 6528K, reserved 1048576K
}
Event: 12.780 GC heap after
{Heap after GC invocations=32 (full 0):
 garbage-first heap   total 95232K, used 58196K [0x0000000080000000, 0x0000000100000000)
  region size 1024K, 2 young (2048K), 2 survivors (2048K)
 Metaspace       used 46614K, capacity 47947K, committed 48256K, reserved 1091584K
  class space    used 5952K, capacity 6404K, committed 6528K, reserved 1048576K
}
Event: 13.227 GC heap before
{Heap before GC invocations=33 (full 0):
 garbage-first heap   total 95232K, used 75604K [0x0000000080000000, 0x0000000100000000)
  region size 1024K, 19 young (19456K), 2 survivors (2048K)
 Metaspace       used 47807K, capacity 49164K, committed 49408K, reserved 1091584K
  class space    used 6159K, capacity 6596K, committed 6656K, reserved 1048576K
}
Event: 13.234 GC heap after
{Heap after GC invocations=34 (full 0):
 garbage-first heap   total 124928K, used 58705K [0x0000000080000000, 0x0000000100000000)
  region size 1024K, 2 young (2048K), 2 survivors (2048K)
 Metaspace       used 47807K, capacity 49164K, committed 49408K, reserved 1091584K
  class space    used 6159K, capacity 6596K, committed 6656K, reserved 1048576K
}
Event: 14.202 GC heap before
{Heap before GC invocations=34 (full 0):
 garbage-first heap   total 124928K, used 84305K [0x0000000080000000, 0x0000000100000000)
  region size 1024K, 28 young (28672K), 2 survivors (2048K)
 Metaspace       used 49393K, capacity 50823K, committed 51072K, reserved 1093632K
  class space    used 6314K, capacity 6779K, committed 6784K, reserved 1048576K
}
Event: 14.212 GC heap after
{Heap after GC invocations=35 (full 0):
 garbage-first heap   total 124928K, used 60398K [0x0000000080000000, 0x0000000100000000)
  region size 1024K, 3 young (3072K), 3 survivors (3072K)
 Metaspace       used 49393K, capacity 50823K, committed 51072K, reserved 1093632K
  class space    used 6314K, capacity 6779K, committed 6784K, reserved 1048576K
}
Event: 14.471 GC heap before
{Heap before GC invocations=36 (full 0):
 garbage-first heap   total 124928K, used 66542K [0x0000000080000000, 0x0000000100000000)
  region size 1024K, 11 young (11264K), 3 survivors (3072K)
 Metaspace       used 49660K, capacity 51146K, committed 51456K, reserved 1093632K
  class space    used 6344K, capacity 6817K, committed 6912K, reserved 1048576K
}
Event: 14.483 GC heap after
{Heap after GC invocations=37 (full 0):
 garbage-first heap   total 124928K, used 60826K [0x0000000080000000, 0x0000000100000000)
  region size 1024K, 3 young (3072K), 3 survivors (3072K)
 Metaspace       used 49660K, capacity 51146K, committed 51456K, reserved 1093632K
  class space    used 6344K, capacity 6817K, committed 6912K, reserved 1048576K
}
Event: 14.702 GC heap before
{Heap before GC invocations=38 (full 0):
 garbage-first heap   total 124928K, used 66970K [0x0000000080000000, 0x0000000100000000)
  region size 1024K, 9 young (9216K), 3 survivors (3072K)
 Metaspace       used 49667K, capacity 51146K, committed 51456K, reserved 1093632K
  class space    used 6344K, capacity 6817K, committed 6912K, reserved 1048576K
}
Event: 14.717 GC heap after
{Heap after GC invocations=39 (full 0):
 garbage-first heap   total 124928K, used 67118K [0x0000000080000000, 0x0000000100000000)
  region size 1024K, 4 young (4096K), 4 survivors (4096K)
 Metaspace       used 49667K, capacity 51146K, committed 51456K, reserved 1093632K
  class space    used 6344K, capacity 6817K, committed 6912K, reserved 1048576K
}
Event: 15.509 GC heap before
{Heap before GC invocations=40 (full 0):
 garbage-first heap   total 124928K, used 93742K [0x0000000080000000, 0x0000000100000000)
  region size 1024K, 28 young (28672K), 4 survivors (4096K)
 Metaspace       used 52337K, capacity 53854K, committed 54016K, reserved 1095680K
  class space    used 6675K, capacity 7164K, committed 7168K, reserved 1048576K
}

Deoptimization events (20 events):
Event: 15.302 Thread 0x0000014a59fdb000 Uncommon trap: trap_request=0xffffff4d fr.pc=0x0000014a487b9d8c relative=0x000000000000058c
Event: 15.302 Thread 0x0000014a59fdb000 Uncommon trap: reason=unstable_if action=reinterpret pc=0x0000014a487b9d8c method=java.io.BufferedInputStream.read([BII)I @ 56 c2
Event: 15.302 Thread 0x0000014a59fdb000 DEOPT PACKING pc=0x0000014a487b9d8c sp=0x0000002fe40f73f0
Event: 15.302 Thread 0x0000014a59fdb000 DEOPT UNPACKING pc=0x0000014a40b978af sp=0x0000002fe40f73a8 mode 2
Event: 15.304 Thread 0x0000014a59fdb000 Uncommon trap: trap_request=0xffffff4d fr.pc=0x0000014a487047f4 relative=0x0000000000000054
Event: 15.304 Thread 0x0000014a59fdb000 Uncommon trap: reason=unstable_if action=reinterpret pc=0x0000014a487047f4 method=java.util.regex.Pattern.has(I)Z @ 6 c2
Event: 15.304 Thread 0x0000014a59fdb000 DEOPT PACKING pc=0x0000014a487047f4 sp=0x0000002fe40f6520
Event: 15.304 Thread 0x0000014a59fdb000 DEOPT UNPACKING pc=0x0000014a40b978af sp=0x0000002fe40f64b0 mode 2
Event: 15.340 Thread 0x0000014a59fdb000 Uncommon trap: trap_request=0xffffff45 fr.pc=0x0000014a487c4f84 relative=0x0000000000000d44
Event: 15.340 Thread 0x0000014a59fdb000 Uncommon trap: reason=unstable_fused_if action=reinterpret pc=0x0000014a487c4f84 method=org.objectweb.asm.ByteVector.putUTF8(Ljava/lang/String;)Lorg/objectweb/asm/ByteVector; @ 93 c2
Event: 15.340 Thread 0x0000014a59fdb000 DEOPT PACKING pc=0x0000014a487c4f84 sp=0x0000002fe40f7e10
Event: 15.340 Thread 0x0000014a59fdb000 DEOPT UNPACKING pc=0x0000014a40b978af sp=0x0000002fe40f7d68 mode 2
Event: 15.341 Thread 0x0000014a59fdb000 Uncommon trap: trap_request=0xffffff4d fr.pc=0x0000014a487f0684 relative=0x0000000000002b24
Event: 15.341 Thread 0x0000014a59fdb000 Uncommon trap: reason=unstable_if action=reinterpret pc=0x0000014a487f0684 method=org.objectweb.asm.Frame.execute(IILorg/objectweb/asm/Symbol;Lorg/objectweb/asm/SymbolTable;)V @ 1 c2
Event: 15.341 Thread 0x0000014a59fdb000 DEOPT PACKING pc=0x0000014a487f0684 sp=0x0000002fe40f7ff0
Event: 15.341 Thread 0x0000014a59fdb000 DEOPT UNPACKING pc=0x0000014a40b978af sp=0x0000002fe40f7f98 mode 2
Event: 15.375 Thread 0x0000014a59fdb000 Uncommon trap: trap_request=0xffffff45 fr.pc=0x0000014a4874eaec relative=0x000000000000020c
Event: 15.375 Thread 0x0000014a59fdb000 Uncommon trap: reason=unstable_fused_if action=reinterpret pc=0x0000014a4874eaec method=org.objectweb.asm.ByteVector.putUTF8(Ljava/lang/String;)Lorg/objectweb/asm/ByteVector; @ 93 c2
Event: 15.375 Thread 0x0000014a59fdb000 DEOPT PACKING pc=0x0000014a4874eaec sp=0x0000002fe40f8150
Event: 15.375 Thread 0x0000014a59fdb000 DEOPT UNPACKING pc=0x0000014a40b978af sp=0x0000002fe40f80d0 mode 2

Classes redefined (0 events):
No events

Internal exceptions (20 events):
Event: 14.579 Thread 0x0000014a59fdb000 Exception <a 'java/security/PrivilegedActionException'{0x00000000878f6a98}> (0x00000000878f6a98) thrown at [./src/hotspot/share/prims/jvm.cpp, line 1306]
Event: 14.580 Thread 0x0000014a59fdb000 Exception <a 'java/security/PrivilegedActionException'{0x00000000878f99c8}> (0x00000000878f99c8) thrown at [./src/hotspot/share/prims/jvm.cpp, line 1306]
Event: 14.580 Thread 0x0000014a59fdb000 Exception <a 'java/security/PrivilegedActionException'{0x00000000878fac88}> (0x00000000878fac88) thrown at [./src/hotspot/share/prims/jvm.cpp, line 1306]
Event: 14.580 Thread 0x0000014a59fdb000 Exception <a 'java/security/PrivilegedActionException'{0x00000000878fdc40}> (0x00000000878fdc40) thrown at [./src/hotspot/share/prims/jvm.cpp, line 1306]
Event: 14.580 Thread 0x0000014a59fdb000 Exception <a 'java/security/PrivilegedActionException'{0x00000000878fef00}> (0x00000000878fef00) thrown at [./src/hotspot/share/prims/jvm.cpp, line 1306]
Event: 14.794 Thread 0x0000014a59fdb000 Exception <a 'java/lang/ClassNotFoundException'{0x00000000879e7408}: org/gradle/api/tasks/Delete_DecoratedBeanInfo> (0x00000000879e7408) thrown at [./src/hotspot/share/classfile/systemDictionary.cpp, line 231]
Event: 14.798 Thread 0x0000014a59fdb000 Exception <a 'java/lang/ClassNotFoundException'{0x0000000087810180}: org/gradle/api/tasks/DeleteBeanInfo> (0x0000000087810180) thrown at [./src/hotspot/share/classfile/systemDictionary.cpp, line 231]
Event: 14.799 Thread 0x0000014a59fdb000 Exception <a 'java/lang/ClassNotFoundException'{0x000000008783b590}: org/gradle/api/internal/ConventionTaskBeanInfo> (0x000000008783b590) thrown at [./src/hotspot/share/classfile/systemDictionary.cpp, line 231]
Event: 14.800 Thread 0x0000014a59fdb000 Exception <a 'java/lang/ClassNotFoundException'{0x00000000878633a0}: org/gradle/api/DefaultTaskBeanInfo> (0x00000000878633a0) thrown at [./src/hotspot/share/classfile/systemDictionary.cpp, line 231]
Event: 14.802 Thread 0x0000014a59fdb000 Exception <a 'java/lang/ClassNotFoundException'{0x000000008788f4b8}: org/gradle/api/internal/AbstractTaskBeanInfo> (0x000000008788f4b8) thrown at [./src/hotspot/share/classfile/systemDictionary.cpp, line 231]
Event: 14.803 Thread 0x0000014a59fdb000 Exception <a 'java/lang/ClassNotFoundException'{0x00000000878bb340}: org/gradle/api/internal/AbstractTaskCustomizer> (0x00000000878bb340) thrown at [./src/hotspot/share/classfile/systemDictionary.cpp, line 231]
Event: 14.812 Thread 0x0000014a59fdb000 Exception <a 'java/lang/ClassNotFoundException'{0x000000008772bee8}: org/gradle/api/DefaultTaskCustomizer> (0x000000008772bee8) thrown at [./src/hotspot/share/classfile/systemDictionary.cpp, line 231]
Event: 14.817 Thread 0x0000014a59fdb000 Exception <a 'java/lang/ClassNotFoundException'{0x00000000877abf50}: org/gradle/api/internal/ConventionTaskCustomizer> (0x00000000877abf50) thrown at [./src/hotspot/share/classfile/systemDictionary.cpp, line 231]
Event: 14.821 Thread 0x0000014a59fdb000 Exception <a 'java/lang/ClassNotFoundException'{0x00000000877e3528}: org/gradle/api/tasks/DeleteCustomizer> (0x00000000877e3528) thrown at [./src/hotspot/share/classfile/systemDictionary.cpp, line 231]
Event: 14.824 Thread 0x0000014a59fdb000 Exception <a 'java/lang/ClassNotFoundException'{0x0000000087621ee8}: org/gradle/api/tasks/Delete_DecoratedCustomizer> (0x0000000087621ee8) thrown at [./src/hotspot/share/classfile/systemDictionary.cpp, line 231]
Event: 14.988 Thread 0x0000014a59fdb000 Exception <a 'java/lang/ClassNotFoundException'{0x000000008756c880}: build_5qz5yakvh4qqqlo5mq00qos0fBeanInfo> (0x000000008756c880) thrown at [./src/hotspot/share/classfile/systemDictionary.cpp, line 231]
Event: 14.989 Thread 0x0000014a59fdb000 Exception <a 'java/lang/ClassNotFoundException'{0x00000000875777a8}: build_5qz5yakvh4qqqlo5mq00qos0fCustomizer> (0x00000000875777a8) thrown at [./src/hotspot/share/classfile/systemDictionary.cpp, line 231]
Event: 15.327 Thread 0x0000014a59fdb000 Exception <a 'java/lang/NoSuchMethodError'{0x000000008660fe98}: 'java.lang.Object java.lang.invoke.DirectMethodHandle$Holder.invokeStatic(java.lang.Object, java.lang.Object, java.lang.Object, java.lang.Object, int)'> (0x000000008660fe98) thrown at [./src/hotspot/share/interpreter/linkResolver.cpp, line 773]
Event: 15.328 Thread 0x0000014a59fdb000 Exception <a 'java/lang/NoSuchMethodError'{0x0000000086614890}: 'java.lang.Object java.lang.invoke.DirectMethodHandle$Holder.invokeSpecial(java.lang.Object, java.lang.Object, java.lang.Object, java.lang.Object, java.lang.Object, int)'> (0x0000000086614890) thrown at [./src/hotspot/share/interpreter/linkResolver.cpp, line 773]
Event: 15.328 Thread 0x0000014a59fdb000 Exception <a 'java/lang/NoSuchMethodError'{0x0000000086618ed0}: 'java.lang.Object java.lang.invoke.Invokers$Holder.linkToTargetMethod(java.lang.Object, java.lang.Object, java.lang.Object, int, java.lang.Object)'> (0x0000000086618ed0) thrown at [./src/hotspot/share/interpreter/linkResolver.cpp, line 773]

Events (20 events):
Event: 15.503 loading class com/google/gson/Gson$2 done
Event: 15.503 loading class com/google/gson/stream/MalformedJsonException
Event: 15.503 loading class com/google/gson/stream/MalformedJsonException done
Event: 15.504 loading class com/google/gson/reflect/TypeToken
Event: 15.504 loading class com/google/gson/reflect/TypeToken done
Event: 15.505 loading class com/google/gson/internal/$Gson$Preconditions
Event: 15.505 loading class com/google/gson/internal/$Gson$Preconditions done
Event: 15.506 loading class com/google/gson/internal/$Gson$Types
Event: 15.506 loading class com/google/gson/internal/$Gson$Types done
Event: 15.507 loading class com/google/gson/internal/ConstructorConstructor
Event: 15.507 loading class com/google/gson/internal/ConstructorConstructor done
Event: 15.508 loading class com/google/gson/internal/ObjectConstructor
Event: 15.508 loading class com/google/gson/internal/ObjectConstructor done
Event: 15.508 loading class com/google/gson/internal/reflect/ReflectionAccessor
Event: 15.508 loading class com/google/gson/internal/reflect/ReflectionAccessor done
Event: 15.509 loading class com/google/gson/internal/reflect/PreJava9ReflectionAccessor
Event: 15.509 loading class com/google/gson/internal/reflect/PreJava9ReflectionAccessor done
Event: 15.509 loading class com/google/gson/internal/reflect/UnsafeReflectionAccessor
Event: 15.509 loading class com/google/gson/internal/reflect/UnsafeReflectionAccessor done
Event: 15.509 Executing VM operation: G1CollectForAllocation


Dynamic libraries:
0x00007ff7ec370000 - 0x00007ff7ec37a000 	C:\Program Files\Android\Android Studio\jre\bin\java.exe
0x00007ffe7b1f0000 - 0x00007ffe7b3e5000 	C:\WINDOWS\SYSTEM32\ntdll.dll
0x00007ffe79e60000 - 0x00007ffe79f1e000 	C:\WINDOWS\System32\KERNEL32.DLL
0x00007ffe78e10000 - 0x00007ffe790d9000 	C:\WINDOWS\System32\KERNELBASE.dll
0x00007ffe79140000 - 0x00007ffe79240000 	C:\WINDOWS\System32\ucrtbase.dll
0x00007ffe73730000 - 0x00007ffe73747000 	C:\Program Files\Android\Android Studio\jre\bin\VCRUNTIME140.dll
0x00007ffe74500000 - 0x00007ffe74519000 	C:\Program Files\Android\Android Studio\jre\bin\jli.dll
0x00007ffe7a430000 - 0x00007ffe7a5d1000 	C:\WINDOWS\System32\USER32.dll
0x00007ffe78cf0000 - 0x00007ffe78d12000 	C:\WINDOWS\System32\win32u.dll
0x00007ffe68790000 - 0x00007ffe68a2a000 	C:\WINDOWS\WinSxS\amd64_microsoft.windows.common-controls_6595b64144ccf1df_6.0.19041.1110_none_60b5254171f9507e\COMCTL32.dll
0x00007ffe7a040000 - 0x00007ffe7a0de000 	C:\WINDOWS\System32\msvcrt.dll
0x00007ffe7a290000 - 0x00007ffe7a2bb000 	C:\WINDOWS\System32\GDI32.dll
0x00007ffe789c0000 - 0x00007ffe78acb000 	C:\WINDOWS\System32\gdi32full.dll
0x00007ffe78d20000 - 0x00007ffe78dbd000 	C:\WINDOWS\System32\msvcp_win.dll
0x00007ffe7b070000 - 0x00007ffe7b0a0000 	C:\WINDOWS\System32\IMM32.DLL
0x00007ffe71350000 - 0x00007ffe713ed000 	C:\Program Files\Android\Android Studio\jre\bin\msvcp140.dll
0x00007ffe4efc0000 - 0x00007ffe4fa8f000 	C:\Program Files\Android\Android Studio\jre\bin\server\jvm.dll
0x00007ffe7b0a0000 - 0x00007ffe7b14c000 	C:\WINDOWS\System32\ADVAPI32.dll
0x00007ffe7a390000 - 0x00007ffe7a42b000 	C:\WINDOWS\System32\sechost.dll
0x00007ffe7ac60000 - 0x00007ffe7ad8a000 	C:\WINDOWS\System32\RPCRT4.dll
0x00007ffe79f20000 - 0x00007ffe79f28000 	C:\WINDOWS\System32\PSAPI.DLL
0x00007ffe745d0000 - 0x00007ffe745d9000 	C:\WINDOWS\SYSTEM32\WSOCK32.dll
0x00007ffe7a2c0000 - 0x00007ffe7a32b000 	C:\WINDOWS\System32\WS2_32.dll
0x00007ffe6ce00000 - 0x00007ffe6ce27000 	C:\WINDOWS\SYSTEM32\WINMM.dll
0x00007ffe70170000 - 0x00007ffe7017a000 	C:\WINDOWS\SYSTEM32\VERSION.dll
0x00007ffe76810000 - 0x00007ffe76822000 	C:\WINDOWS\SYSTEM32\kernel.appcore.dll
0x00007ffe74580000 - 0x00007ffe74591000 	C:\Program Files\Android\Android Studio\jre\bin\verify.dll
0x00007ffe64df0000 - 0x00007ffe64fd4000 	C:\WINDOWS\SYSTEM32\DBGHELP.DLL
0x00007ffe659d0000 - 0x00007ffe659fc000 	C:\WINDOWS\SYSTEM32\dbgcore.DLL
0x00007ffe78c30000 - 0x00007ffe78cb3000 	C:\WINDOWS\System32\bcryptPrimitives.dll
0x00007ffe74490000 - 0x00007ffe744b9000 	C:\Program Files\Android\Android Studio\jre\bin\java.dll
0x00007ffe73720000 - 0x00007ffe7372b000 	C:\Program Files\Android\Android Studio\jre\bin\jimage.dll
0x00007ffe717c0000 - 0x00007ffe717d8000 	C:\Program Files\Android\Android Studio\jre\bin\zip.dll
0x00007ffe79240000 - 0x00007ffe7997f000 	C:\WINDOWS\System32\SHELL32.dll
0x00007ffe76a10000 - 0x00007ffe771a0000 	C:\WINDOWS\SYSTEM32\windows.storage.dll
0x00007ffe79b00000 - 0x00007ffe79e55000 	C:\WINDOWS\System32\combase.dll
0x00007ffe78360000 - 0x00007ffe7838c000 	C:\WINDOWS\SYSTEM32\Wldp.dll
0x00007ffe7aec0000 - 0x00007ffe7af6d000 	C:\WINDOWS\System32\SHCORE.dll
0x00007ffe79980000 - 0x00007ffe799d5000 	C:\WINDOWS\System32\shlwapi.dll
0x00007ffe78850000 - 0x00007ffe7886f000 	C:\WINDOWS\SYSTEM32\profapi.dll
0x00007ffe71580000 - 0x00007ffe7159a000 	C:\Program Files\Android\Android Studio\jre\bin\net.dll
0x00007ffe6a4b0000 - 0x00007ffe6a5b8000 	C:\WINDOWS\SYSTEM32\WINHTTP.dll
0x00007ffe780c0000 - 0x00007ffe7812a000 	C:\WINDOWS\system32\mswsock.dll
0x00007ffe71550000 - 0x00007ffe71564000 	C:\Program Files\Android\Android Studio\jre\bin\nio.dll
0x00007ffe65f30000 - 0x00007ffe65f57000 	C:\Users\MinhNgan\.gradle\native\8bec1ad78214c89d9ad589b4d07fe93259594b29d510b10fafb7a158f7737e5d\windows-amd64\native-platform.dll
0x00007ffe4ce10000 - 0x00007ffe4cf4d000 	C:\Users\MinhNgan\.gradle\native\53dbd7edfb1c66fb8903c78663c9afc45aea4f116125fa6feffd364cf09443e8\windows-amd64\native-platform-file-events.dll
0x00007ffe73090000 - 0x00007ffe7309a000 	C:\Program Files\Android\Android Studio\jre\bin\management.dll
0x00007ffe717b0000 - 0x00007ffe717bc000 	C:\Program Files\Android\Android Studio\jre\bin\management_ext.dll
0x00007ffe782b0000 - 0x00007ffe782c8000 	C:\WINDOWS\SYSTEM32\CRYPTSP.dll
0x00007ffe779d0000 - 0x00007ffe77a04000 	C:\WINDOWS\system32\rsaenh.dll
0x00007ffe78cc0000 - 0x00007ffe78ce7000 	C:\WINDOWS\System32\bcrypt.dll
0x00007ffe78810000 - 0x00007ffe7883e000 	C:\WINDOWS\SYSTEM32\USERENV.dll
0x00007ffe782d0000 - 0x00007ffe782dc000 	C:\WINDOWS\SYSTEM32\CRYPTBASE.dll
0x00007ffe77d60000 - 0x00007ffe77d9b000 	C:\WINDOWS\SYSTEM32\IPHLPAPI.DLL
0x00007ffe7a5e0000 - 0x00007ffe7a5e8000 	C:\WINDOWS\System32\NSI.dll
0x00007ffe6d250000 - 0x00007ffe6d267000 	C:\WINDOWS\SYSTEM32\dhcpcsvc6.DLL
0x00007ffe701d0000 - 0x00007ffe701ed000 	C:\WINDOWS\SYSTEM32\dhcpcsvc.DLL
0x00007ffe77da0000 - 0x00007ffe77e6c000 	C:\WINDOWS\SYSTEM32\DNSAPI.dll

dbghelp: loaded successfully - version: 4.0.5 - missing functions: none
symbol engine: initialized successfully - sym options: 0x614 - pdb path: .;C:\Program Files\Android\Android Studio\jre\bin;C:\WINDOWS\SYSTEM32;C:\WINDOWS\WinSxS\amd64_microsoft.windows.common-controls_6595b64144ccf1df_6.0.19041.1110_none_60b5254171f9507e;C:\Program Files\Android\Android Studio\jre\bin\server;C:\Users\MinhNgan\.gradle\native\8bec1ad78214c89d9ad589b4d07fe93259594b29d510b10fafb7a158f7737e5d\windows-amd64;C:\Users\MinhNgan\.gradle\native\53dbd7edfb1c66fb8903c78663c9afc45aea4f116125fa6feffd364cf09443e8\windows-amd64

VM Arguments:
jvm_args: --add-opens=java.base/java.util=ALL-UNNAMED --add-opens=java.base/java.lang=ALL-UNNAMED --add-opens=java.base/java.lang.invoke=ALL-UNNAMED --add-opens=java.base/java.util=ALL-UNNAMED --add-opens=java.prefs/java.util.prefs=ALL-UNNAMED --add-opens=java.prefs/java.util.prefs=ALL-UNNAMED --add-opens=java.base/java.nio.charset=ALL-UNNAMED --add-opens=java.base/java.net=ALL-UNNAMED --add-opens=java.base/java.util.concurrent.atomic=ALL-UNNAMED -Xmx2048m -Dfile.encoding=UTF-8 -Duser.country=US -Duser.language=en -Duser.variant 
java_command: org.gradle.launcher.daemon.bootstrap.GradleDaemon 7.0.2
java_class_path (initial): C:\Users\MinhNgan\.gradle\wrapper\dists\gradle-7.0.2-bin\857tjihv64xamwrf0h14cai3r\gradle-7.0.2\lib\gradle-launcher-7.0.2.jar
Launcher Type: SUN_STANDARD

[Global flags]
     intx CICompilerCount                          = 3                                         {product} {ergonomic}
     uint ConcGCThreads                            = 1                                         {product} {ergonomic}
     uint G1ConcRefinementThreads                  = 4                                         {product} {ergonomic}
   size_t G1HeapRegionSize                         = 1048576                                   {product} {ergonomic}
    uintx GCDrainStackTargetSize                   = 64                                        {product} {ergonomic}
   size_t InitialHeapSize                          = 67108864                                  {product} {ergonomic}
   size_t MarkStackSize                            = 4194304                                   {product} {ergonomic}
   size_t MaxHeapSize                              = 2147483648                                {product} {command line}
   size_t MaxNewSize                               = 1287651328                                {product} {ergonomic}
   size_t MinHeapDeltaBytes                        = 1048576                                   {product} {ergonomic}
    uintx NonNMethodCodeHeapSize                   = 5830732                                {pd product} {ergonomic}
    uintx NonProfiledCodeHeapSize                  = 122913754                              {pd product} {ergonomic}
    uintx ProfiledCodeHeapSize                     = 122913754                              {pd product} {ergonomic}
    uintx ReservedCodeCacheSize                    = 251658240                              {pd product} {ergonomic}
     bool SegmentedCodeCache                       = true                                      {product} {ergonomic}
     bool UseCompressedClassPointers               = true                                 {lp64_product} {ergonomic}
     bool UseCompressedOops                        = true                                 {lp64_product} {ergonomic}
     bool UseG1GC                                  = true                                      {product} {ergonomic}
     bool UseLargePagesIndividualAllocation        = false                                  {pd product} {ergonomic}

Logging:
Log output configuration:
 #0: stdout all=warning uptime,level,tags
 #1: stderr all=off uptime,level,tags

Environment Variables:
PATH=C:\Program Files\Common Files\Oracle\Java\javapath;C:\WINDOWS\system32;C:\WINDOWS;C:\WINDOWS\System32\Wbem;C:\WINDOWS\System32\WindowsPowerShell\v1.0\;C:\WINDOWS\System32\OpenSSH\;C:\Program Files\dotnet\;C:\Program Files\Microsoft SQL Server\130\Tools\Binn\;C:\Program Files\Microsoft SQL Server\Client SDK\ODBC\170\Tools\Binn\;C:\Program Files (x86)\dotnet\;C:\Program Files\Git\cmd;C:\Users\MinhNgan\AppData\Local\Microsoft\WindowsApps
USERNAME=MinhNgan
OS=Windows_NT
PROCESSOR_IDENTIFIER=Intel64 Family 6 Model 69 Stepping 1, GenuineIntel



---------------  S Y S T E M  ---------------

OS: Windows 10 , 64 bit Build 19041 (10.0.19041.1202)
OS uptime: 0 days 1:38 hours

CPU:total 4 (initial active 4) (2 cores per cpu, 2 threads per core) family 6 model 69 stepping 1 microcode 0x25, cmov, cx8, fxsr, mmx, sse, sse2, sse3, ssse3, sse4.1, sse4.2, popcnt, avx, avx2, aes, clmul, erms, lzcnt, ht, tsc, tscinvbit, bmi1, bmi2, fma

Memory: 4k page, system-wide physical 3979M (212M free)
TotalPageFile size 6979M (AvailPageFile size 27M)
current process WorkingSet (physical memory assigned to process): 195M, peak: 213M
current process commit charge ("private bytes"): 308M, peak: 340M

vm_info: OpenJDK 64-Bit Server VM (11.0.10+0-b96-7249189) for windows-amd64 JRE (11.0.10+0-b96-7249189), built on Mar 31 2021 21:44:00 by "builder" with MS VC++ 14.0 (VS2015)

END.
