#
# There is insufficient memory for the Java Runtime Environment to continue.
# Native memory allocation (mmap) failed to map 50331648 bytes for Failed to commit area from 0x000000008c500000 to 0x000000008f500000 of length 50331648.
# Possible reasons:
#   The system is out of physical RAM or swap space
#   The process is running with CompressedOops enabled, and the Java Heap may be blocking the growth of the native heap
# Possible solutions:
#   Reduce memory load on the system
#   Increase physical memory or swap space
#   Check if swap backing store is full
#   Decrease Java heap size (-Xmx/-Xms)
#   Decrease number of Java threads
#   Decrease Java thread stack sizes (-Xss)
#   Set larger code cache with -XX:ReservedCodeCacheSize=
#   JVM is running with Unscaled Compressed Oops mode in which the Java heap is
#     placed in the first 4GB address space. The Java Heap base address is the
#     maximum limit for the native heap growth. Please use -XX:HeapBaseMinAddress
#     to set the Java Heap base and to place the Java Heap above 4GB virtual address.
# This output file may be truncated or incomplete.
#
#  Out of Memory Error (./src/hotspot/os/windows/os_windows.cpp:3301), pid=1048, tid=7988
#
# JRE version: OpenJDK Runtime Environment (11.0.10) (build 11.0.10+0-b96-7249189)
# Java VM: OpenJDK 64-Bit Server VM (11.0.10+0-b96-7249189, mixed mode, tiered, compressed oops, g1 gc, windows-amd64)
# No core dump will be written. Minidumps are not enabled by default on client versions of Windows
#

---------------  S U M M A R Y ------------

Command Line: --add-opens=java.base/java.util=ALL-UNNAMED --add-opens=java.base/java.lang=ALL-UNNAMED --add-opens=java.base/java.lang.invoke=ALL-UNNAMED --add-opens=java.base/java.util=ALL-UNNAMED --add-opens=java.prefs/java.util.prefs=ALL-UNNAMED --add-opens=java.prefs/java.util.prefs=ALL-UNNAMED --add-opens=java.base/java.nio.charset=ALL-UNNAMED --add-opens=java.base/java.net=ALL-UNNAMED --add-opens=java.base/java.util.concurrent.atomic=ALL-UNNAMED -Xmx2048m -Dfile.encoding=UTF-8 -Duser.country=US -Duser.language=en -Duser.variant org.gradle.launcher.daemon.bootstrap.GradleDaemon 7.0.2

Host: Intel(R) Core(TM) i5-4210U CPU @ 1.70GHz, 4 cores, 3G,  Windows 10 , 64 bit Build 19041 (10.0.19041.1348)
Time: Sat Dec 25 15:24:47 2021 SE Asia Standard Time elapsed time: 37.968966 seconds (0d 0h 0m 37s)

---------------  T H R E A D  ---------------

Current thread (0x0000024b4f8d0000):  VMThread "VM Thread" [stack: 0x000000d3dfa00000,0x000000d3dfb00000] [id=7988]

Stack: [0x000000d3dfa00000,0x000000d3dfb00000]
[error occurred during error reporting (printing stack bounds), id 0xc0000005, EXCEPTION_ACCESS_VIOLATION (0xc0000005) at pc=0x0000024b390a0f2d]

Native frames: (J=compiled Java code, j=interpreted, Vv=VM code, C=native code)
V  [jvm.dll+0x5ecfaa]
V  [jvm.dll+0x722bd5]
V  [jvm.dll+0x72412d]
V  [jvm.dll+0x724745]
V  [jvm.dll+0x7246fb]
V  [jvm.dll+0x5ec348]
V  [jvm.dll+0x5ecad8]
C  [ntdll.dll+0xa20cf]
C  [ntdll.dll+0x51454]
C  [ntdll.dll+0xa0bfe]
C  0x0000024b390a0f2d

VM_Operation (0x000000d3df1f9310): G1CollectForAllocation, mode: safepoint, requested by thread 0x0000024b5723d800


---------------  P R O C E S S  ---------------

Threads class SMR info:
_java_thread_list=0x0000024b570a79b0, length=49, elements={
0x0000024b33dc9800, 0x0000024b4f8d7800, 0x0000024b4f8da800, 0x0000024b4f92f800,
0x0000024b4f932800, 0x0000024b4f933800, 0x0000024b4f937000, 0x0000024b4f93c000,
0x0000024b502b7800, 0x0000024b503a8800, 0x0000024b5112b800, 0x0000024b5186b800,
0x0000024b51618000, 0x0000024b5120e000, 0x0000024b51e74000, 0x0000024b50e19000,
0x0000024b51f7b800, 0x0000024b511c1800, 0x0000024b51319800, 0x0000024b52288000,
0x0000024b52282800, 0x0000024b52284000, 0x0000024b52285800, 0x0000024b52284800,
0x0000024b52289000, 0x0000024b52286800, 0x0000024b52283000, 0x0000024b52287000,
0x0000024b52966800, 0x0000024b5296a800, 0x0000024b52968000, 0x0000024b5296c000,
0x0000024b52969800, 0x0000024b52967000, 0x0000024b52972000, 0x0000024b52970000,
0x0000024b52972800, 0x0000024b5296d000, 0x0000024b52971000, 0x0000024b5296e000,
0x0000024b52973800, 0x0000024b5296e800, 0x0000024b5296f800, 0x0000024b57242000,
0x0000024b5723f000, 0x0000024b57243000, 0x0000024b57241800, 0x0000024b5723d800,
0x0000024b5723e000
}

Java Threads: ( => current thread )
  0x0000024b33dc9800 JavaThread "main" [_thread_blocked, id=8648, stack(0x000000d3df400000,0x000000d3df500000)]
  0x0000024b4f8d7800 JavaThread "Reference Handler" daemon [_thread_blocked, id=4448, stack(0x000000d3dfb00000,0x000000d3dfc00000)]
  0x0000024b4f8da800 JavaThread "Finalizer" daemon [_thread_blocked, id=4248, stack(0x000000d3dfc00000,0x000000d3dfd00000)]
  0x0000024b4f92f800 JavaThread "Signal Dispatcher" daemon [_thread_blocked, id=1904, stack(0x000000d3dfd00000,0x000000d3dfe00000)]
  0x0000024b4f932800 JavaThread "Attach Listener" daemon [_thread_blocked, id=7208, stack(0x000000d3dfe00000,0x000000d3dff00000)]
  0x0000024b4f933800 JavaThread "Service Thread" daemon [_thread_blocked, id=5048, stack(0x000000d3dff00000,0x000000d3e0000000)]
  0x0000024b4f937000 JavaThread "C2 CompilerThread0" daemon [_thread_blocked, id=4908, stack(0x000000d3e0000000,0x000000d3e0100000)]
  0x0000024b4f93c000 JavaThread "C1 CompilerThread0" daemon [_thread_blocked, id=7024, stack(0x000000d3e0100000,0x000000d3e0200000)]
  0x0000024b502b7800 JavaThread "Sweeper thread" daemon [_thread_blocked, id=4044, stack(0x000000d3e0200000,0x000000d3e0300000)]
  0x0000024b503a8800 JavaThread "Common-Cleaner" daemon [_thread_blocked, id=5568, stack(0x000000d3e0300000,0x000000d3e0400000)]
  0x0000024b5112b800 JavaThread "Daemon health stats" [_thread_blocked, id=7404, stack(0x000000d3e0600000,0x000000d3e0700000)]
  0x0000024b5186b800 JavaThread "Incoming local TCP Connector on port 49874" [_thread_in_native, id=6956, stack(0x000000d3e0700000,0x000000d3e0800000)]
  0x0000024b51618000 JavaThread "Daemon" [_thread_blocked, id=5052, stack(0x000000d3e0800000,0x000000d3e0900000)]
  0x0000024b5120e000 JavaThread "Daemon periodic checks" [_thread_blocked, id=5532, stack(0x000000d3e0900000,0x000000d3e0a00000)]
  0x0000024b51e74000 JavaThread "Handler for socket connection from /127.0.0.1:49874 to /127.0.0.1:49875" [_thread_in_native, id=5012, stack(0x000000d3e0a00000,0x000000d3e0b00000)]
  0x0000024b50e19000 JavaThread "Cancel handler" [_thread_blocked, id=7012, stack(0x000000d3e0b00000,0x000000d3e0c00000)]
  0x0000024b51f7b800 JavaThread "Daemon worker" [_thread_blocked, id=6480, stack(0x000000d3e0c00000,0x000000d3e0d00000)]
  0x0000024b511c1800 JavaThread "Asynchronous log dispatcher for DefaultDaemonConnection: socket connection from /127.0.0.1:49874 to /127.0.0.1:49875" [_thread_blocked, id=3552, stack(0x000000d3e0d00000,0x000000d3e0e00000)]
  0x0000024b51319800 JavaThread "Stdin handler" [_thread_blocked, id=6060, stack(0x000000d3e0e00000,0x000000d3e0f00000)]
  0x0000024b52288000 JavaThread "Daemon client event forwarder" [_thread_blocked, id=7592, stack(0x000000d3e0f00000,0x000000d3e1000000)]
  0x0000024b52282800 JavaThread "Cache worker for file hash cache (C:\Program Files\Java\jdk-17.0.1\caches\7.0.2\fileHashes)" [_thread_blocked, id=4392, stack(0x000000d3e1200000,0x000000d3e1300000)]
  0x0000024b52284000 JavaThread "File lock request listener" [_thread_in_native, id=3648, stack(0x000000d3e1300000,0x000000d3e1400000)]
  0x0000024b52285800 JavaThread "Cache worker for journal cache (C:\Program Files\Java\jdk-17.0.1\caches\journal-1)" [_thread_blocked, id=4760, stack(0x000000d3e1400000,0x000000d3e1500000)]
  0x0000024b52284800 JavaThread "Cache worker for file hash cache (C:\Users\MinhNgan\AndroidStudioProjects\Android_hepat\.gradle\7.0.2\fileHashes)" [_thread_blocked, id=6872, stack(0x000000d3e1500000,0x000000d3e1600000)]
  0x0000024b52289000 JavaThread "File watcher server" daemon [_thread_blocked, id=3628, stack(0x000000d3e1600000,0x000000d3e1700000)]
  0x0000024b52286800 JavaThread "File watcher consumer" daemon [_thread_blocked, id=2072, stack(0x000000d3e1700000,0x000000d3e1800000)]
  0x0000024b52283000 JavaThread "Cache worker for checksums cache (C:\Users\MinhNgan\AndroidStudioProjects\Android_hepat\.gradle\checksums)" [_thread_blocked, id=8836, stack(0x000000d3e1800000,0x000000d3e1900000)]
  0x0000024b52287000 JavaThread "Cache worker for cache directory md-supplier (C:\Program Files\Java\jdk-17.0.1\caches\7.0.2\md-supplier)" [_thread_blocked, id=4404, stack(0x000000d3e1900000,0x000000d3e1a00000)]
  0x0000024b52966800 JavaThread "Cache worker for cache directory md-rule (C:\Program Files\Java\jdk-17.0.1\caches\7.0.2\md-rule)" [_thread_blocked, id=3064, stack(0x000000d3e1a00000,0x000000d3e1b00000)]
  0x0000024b5296a800 JavaThread "Cache worker for execution history cache (C:\Program Files\Java\jdk-17.0.1\caches\7.0.2\executionHistory)" [_thread_blocked, id=2148, stack(0x000000d3e1b00000,0x000000d3e1c00000)]
  0x0000024b52968000 JavaThread "jar transforms" [_thread_blocked, id=6592, stack(0x000000d3e1c00000,0x000000d3e1d00000)]
  0x0000024b5296c000 JavaThread "jar transforms Thread 2" [_thread_blocked, id=2084, stack(0x000000d3e1d00000,0x000000d3e1e00000)]
  0x0000024b52969800 JavaThread "Cache worker for file content cache (C:\Program Files\Java\jdk-17.0.1\caches\7.0.2\fileContent)" [_thread_blocked, id=7600, stack(0x000000d3e1e00000,0x000000d3e1f00000)]
  0x0000024b52967000 JavaThread "Cache worker for dependencies-accessors (C:\Users\MinhNgan\AndroidStudioProjects\Android_hepat\.gradle\7.0.2\dependencies-accessors)" [_thread_blocked, id=3660, stack(0x000000d3e1f00000,0x000000d3e2000000)]
  0x0000024b52972000 JavaThread "jar transforms Thread 3" [_thread_blocked, id=7688, stack(0x000000d3e2000000,0x000000d3e2100000)]
  0x0000024b52970000 JavaThread "Cache worker for Build Output Cleanup Cache (C:\Users\MinhNgan\AndroidStudioProjects\Android_hepat\.gradle\buildOutputCleanup)" [_thread_blocked, id=1252, stack(0x000000d3e2100000,0x000000d3e2200000)]
  0x0000024b52972800 JavaThread "Build operations" [_thread_blocked, id=7284, stack(0x000000d3e2200000,0x000000d3e2300000)]
  0x0000024b5296d000 JavaThread "Build operations Thread 2" [_thread_blocked, id=6980, stack(0x000000d3e2300000,0x000000d3e2400000)]
  0x0000024b52971000 JavaThread "Build operations Thread 3" [_thread_blocked, id=2296, stack(0x000000d3e2400000,0x000000d3e2500000)]
  0x0000024b5296e000 JavaThread "Build operations Thread 4" [_thread_blocked, id=1948, stack(0x000000d3e2500000,0x000000d3e2600000)]
  0x0000024b52973800 JavaThread "jar transforms Thread 4" [_thread_blocked, id=2004, stack(0x000000d3e2600000,0x000000d3e2700000)]
  0x0000024b5296e800 JavaThread "Memory manager" [_thread_blocked, id=6492, stack(0x000000d3e2700000,0x000000d3e2800000)]
  0x0000024b5296f800 JavaThread "build event listener" [_thread_blocked, id=6496, stack(0x000000d3e2800000,0x000000d3e2900000)]
  0x0000024b57242000 JavaThread "Execution worker for ':'" [_thread_blocked, id=6988, stack(0x000000d3e2900000,0x000000d3e2a00000)]
  0x0000024b5723f000 JavaThread "Execution worker for ':' Thread 2" [_thread_blocked, id=3944, stack(0x000000d3e2a00000,0x000000d3e2b00000)]
  0x0000024b57243000 JavaThread "Execution worker for ':' Thread 3" [_thread_blocked, id=7800, stack(0x000000d3e2b00000,0x000000d3e2c00000)]
  0x0000024b57241800 JavaThread "Cache worker for execution history cache (C:\Users\MinhNgan\AndroidStudioProjects\Android_hepat\.gradle\7.0.2\executionHistory)" [_thread_blocked, id=4564, stack(0x000000d3e2c00000,0x000000d3e2d00000)]
  0x0000024b5723d800 JavaThread "WorkerExecutor Queue" [_thread_blocked, id=7516, stack(0x000000d3df100000,0x000000d3df200000)]
  0x0000024b5723e000 JavaThread "WorkerExecutor Queue Thread 2" [_thread_blocked, id=8588, stack(0x000000d3e2d00000,0x000000d3e2e00000)]

Other Threads:
=>0x0000024b4f8d0000 VMThread "VM Thread" [stack: 0x000000d3dfa00000,0x000000d3dfb00000] [id=7988]
  0x0000024b503d8800 WatcherThread [stack: 0x000000d3e0400000,0x000000d3e0500000] [id=3740]
  0x0000024b33de1800 GCTaskThread "GC Thread#0" [stack: 0x000000d3df500000,0x000000d3df600000] [id=6364]
  0x0000024b50489800 GCTaskThread "GC Thread#1" [stack: 0x000000d3e0500000,0x000000d3e0600000] [id=2116]
  0x0000024b5131a000 GCTaskThread "GC Thread#2" [stack: 0x000000d3e1000000,0x000000d3e1100000] [id=5548]
  0x0000024b52373800 GCTaskThread "GC Thread#3" [stack: 0x000000d3e1100000,0x000000d3e1200000] [id=3708]
  0x0000024b33e12800 ConcurrentGCThread "G1 Main Marker" [stack: 0x000000d3df600000,0x000000d3df700000] [id=2060]
  0x0000024b33e13800 ConcurrentGCThread "G1 Conc#0" [stack: 0x000000d3df700000,0x000000d3df800000] [id=8796]
  0x0000024b33e6c800 ConcurrentGCThread "G1 Refine#0" [stack: 0x000000d3df800000,0x000000d3df900000] [id=1548]
  0x0000024b33e6e800 ConcurrentGCThread "G1 Young RemSet Sampling" [stack: 0x000000d3df900000,0x000000d3dfa00000] [id=5036]

Threads with active compile tasks:
C2 CompilerThread0  37999 11142       4       org.gradle.internal.snapshot.VfsRelativePath::lengthOfCommonPrefix (173 bytes)

VM state:at safepoint (normal execution)

VM Mutex/Monitor currently owned by a thread:  ([mutex/lock_event])
[0x0000024b33dc65c0] Threads_lock - owner thread: 0x0000024b4f8d0000
[0x0000024b33dc7190] Heap_lock - owner thread: 0x0000024b5723d800

Heap address: 0x0000000080000000, size: 2048 MB, Compressed Oops mode: 32-bit
Narrow klass base: 0x0000000000000000, Narrow klass shift: 3
Compressed class space size: 1073741824 Address: 0x0000000100000000

Heap:
 garbage-first heap   total 250880K, used 92219K [0x0000000080000000, 0x0000000100000000)
  region size 1024K, 6 young (6144K), 6 survivors (6144K)
 Metaspace       used 90039K, capacity 92149K, committed 92284K, reserved 1130496K
  class space    used 11489K, capacity 12265K, committed 12288K, reserved 1048576K
Heap Regions: E=young(eden), S=young(survivor), O=old, HS=humongous(starts), HC=humongous(continues), CS=collection set, F=free, A=archive, TAMS=top-at-mark-start (previous, next)
|   0|0x0000000080000000, 0x0000000080100000, 0x0000000080100000|100%|HS|  |TAMS 0x0000000080100000, 0x0000000080000000| Complete 
|   1|0x0000000080100000, 0x0000000080200000, 0x0000000080200000|100%|HC|  |TAMS 0x0000000080200000, 0x0000000080100000| Complete 
|   2|0x0000000080200000, 0x0000000080300000, 0x0000000080300000|100%|HC|  |TAMS 0x0000000080300000, 0x0000000080200000| Complete 
|   3|0x0000000080300000, 0x0000000080400000, 0x0000000080400000|100%| O|  |TAMS 0x0000000080400000, 0x0000000080300000| Untracked 
|   4|0x0000000080400000, 0x0000000080500000, 0x0000000080500000|100%| O|  |TAMS 0x0000000080500000, 0x0000000080400000| Untracked 
|   5|0x0000000080500000, 0x0000000080600000, 0x0000000080600000|100%| O|  |TAMS 0x0000000080600000, 0x0000000080500000| Untracked 
|   6|0x0000000080600000, 0x0000000080700000, 0x0000000080700000|100%| O|  |TAMS 0x0000000080700000, 0x0000000080600000| Untracked 
|   7|0x0000000080700000, 0x0000000080800000, 0x0000000080800000|100%| O|  |TAMS 0x0000000080800000, 0x0000000080700000| Complete 
|   8|0x0000000080800000, 0x0000000080900000, 0x0000000080900000|100%| O|  |TAMS 0x0000000080900000, 0x0000000080800000| Untracked 
|   9|0x0000000080900000, 0x0000000080a00000, 0x0000000080a00000|100%| O|  |TAMS 0x0000000080a00000, 0x0000000080900000| Complete 
|  10|0x0000000080a00000, 0x0000000080b00000, 0x0000000080b00000|100%| O|  |TAMS 0x0000000080b00000, 0x0000000080a00000| Untracked 
|  11|0x0000000080b00000, 0x0000000080c00000, 0x0000000080c00000|100%| O|  |TAMS 0x0000000080c00000, 0x0000000080b00000| Untracked 
|  12|0x0000000080c00000, 0x0000000080d00000, 0x0000000080d00000|100%| O|  |TAMS 0x0000000080d00000, 0x0000000080c00000| Untracked 
|  13|0x0000000080d00000, 0x0000000080e00000, 0x0000000080e00000|100%| O|  |TAMS 0x0000000080e00000, 0x0000000080d00000| Untracked 
|  14|0x0000000080e00000, 0x0000000080f00000, 0x0000000080f00000|100%| O|  |TAMS 0x0000000080f00000, 0x0000000080e00000| Untracked 
|  15|0x0000000080f00000, 0x0000000081000000, 0x0000000081000000|100%| O|  |TAMS 0x0000000081000000, 0x0000000080f00000| Untracked 
|  16|0x0000000081000000, 0x0000000081100000, 0x0000000081100000|100%| O|  |TAMS 0x0000000081100000, 0x0000000081000000| Untracked 
|  17|0x0000000081100000, 0x0000000081200000, 0x0000000081200000|100%| O|  |TAMS 0x0000000081200000, 0x0000000081100000| Untracked 
|  18|0x0000000081200000, 0x0000000081300000, 0x0000000081300000|100%| O|  |TAMS 0x0000000081300000, 0x0000000081200000| Untracked 
|  19|0x0000000081300000, 0x0000000081400000, 0x0000000081400000|100%| O|  |TAMS 0x0000000081400000, 0x0000000081300000| Untracked 
|  20|0x0000000081400000, 0x0000000081500000, 0x0000000081500000|100%| O|  |TAMS 0x0000000081500000, 0x0000000081400000| Untracked 
|  21|0x0000000081500000, 0x0000000081600000, 0x0000000081600000|100%| O|  |TAMS 0x0000000081600000, 0x0000000081500000| Untracked 
|  22|0x0000000081600000, 0x0000000081700000, 0x0000000081700000|100%| O|  |TAMS 0x0000000081700000, 0x0000000081600000| Untracked 
|  23|0x0000000081700000, 0x0000000081800000, 0x0000000081800000|100%| O|  |TAMS 0x0000000081800000, 0x0000000081700000| Complete 
|  24|0x0000000081800000, 0x0000000081900000, 0x0000000081900000|100%| O|  |TAMS 0x0000000081900000, 0x0000000081800000| Untracked 
|  25|0x0000000081900000, 0x0000000081a00000, 0x0000000081a00000|100%| O|  |TAMS 0x0000000081a00000, 0x0000000081900000| Untracked 
|  26|0x0000000081a00000, 0x0000000081b00000, 0x0000000081b00000|100%| O|  |TAMS 0x0000000081b00000, 0x0000000081a00000| Complete 
|  27|0x0000000081b00000, 0x0000000081c00000, 0x0000000081c00000|100%| O|  |TAMS 0x0000000081c00000, 0x0000000081b00000| Untracked 
|  28|0x0000000081c00000, 0x0000000081d00000, 0x0000000081d00000|100%|HS|  |TAMS 0x0000000081d00000, 0x0000000081c00000| Complete 
|  29|0x0000000081d00000, 0x0000000081e00000, 0x0000000081e00000|100%| O|  |TAMS 0x0000000081e00000, 0x0000000081d00000| Untracked 
|  30|0x0000000081e00000, 0x0000000081f00000, 0x0000000081f00000|100%| O|  |TAMS 0x0000000081f00000, 0x0000000081e00000| Untracked 
|  31|0x0000000081f00000, 0x0000000082000000, 0x0000000082000000|100%| O|  |TAMS 0x0000000082000000, 0x0000000081f00000| Complete 
|  32|0x0000000082000000, 0x0000000082100000, 0x0000000082100000|100%|HS|  |TAMS 0x0000000082100000, 0x0000000082000000| Complete 
|  33|0x0000000082100000, 0x0000000082200000, 0x0000000082200000|100%| O|  |TAMS 0x0000000082200000, 0x0000000082100000| Untracked 
|  34|0x0000000082200000, 0x0000000082300000, 0x0000000082300000|100%| O|  |TAMS 0x0000000082300000, 0x0000000082200000| Complete 
|  35|0x0000000082300000, 0x0000000082400000, 0x0000000082400000|100%|HS|  |TAMS 0x0000000082400000, 0x0000000082300000| Complete 
|  36|0x0000000082400000, 0x0000000082500000, 0x0000000082500000|100%|HC|  |TAMS 0x0000000082500000, 0x0000000082400000| Complete 
|  37|0x0000000082500000, 0x0000000082600000, 0x0000000082600000|100%| O|  |TAMS 0x0000000082600000, 0x0000000082500000| Untracked 
|  38|0x0000000082600000, 0x0000000082700000, 0x0000000082700000|100%| O|  |TAMS 0x0000000082700000, 0x0000000082600000| Untracked 
|  39|0x0000000082700000, 0x0000000082800000, 0x0000000082800000|100%| O|  |TAMS 0x0000000082800000, 0x0000000082700000| Untracked 
|  40|0x0000000082800000, 0x0000000082900000, 0x0000000082900000|100%| O|  |TAMS 0x0000000082900000, 0x0000000082800000| Untracked 
|  41|0x0000000082900000, 0x0000000082a00000, 0x0000000082a00000|100%| O|  |TAMS 0x0000000082a00000, 0x0000000082900000| Untracked 
|  42|0x0000000082a00000, 0x0000000082b00000, 0x0000000082b00000|100%| O|  |TAMS 0x0000000082b00000, 0x0000000082a00000| Untracked 
|  43|0x0000000082b00000, 0x0000000082c00000, 0x0000000082c00000|100%| O|  |TAMS 0x0000000082c00000, 0x0000000082b00000| Untracked 
|  44|0x0000000082c00000, 0x0000000082d00000, 0x0000000082d00000|100%| O|  |TAMS 0x0000000082d00000, 0x0000000082c00000| Untracked 
|  45|0x0000000082d00000, 0x0000000082e00000, 0x0000000082e00000|100%| O|  |TAMS 0x0000000082e00000, 0x0000000082d00000| Untracked 
|  46|0x0000000082e00000, 0x0000000082f00000, 0x0000000082f00000|100%| O|  |TAMS 0x0000000082f00000, 0x0000000082e00000| Untracked 
|  47|0x0000000082f00000, 0x0000000083000000, 0x0000000083000000|100%| O|  |TAMS 0x0000000083000000, 0x0000000082f00000| Untracked 
|  48|0x0000000083000000, 0x0000000083100000, 0x0000000083100000|100%| O|  |TAMS 0x0000000083100000, 0x0000000083000000| Untracked 
|  49|0x0000000083100000, 0x0000000083200000, 0x0000000083200000|100%| O|  |TAMS 0x0000000083200000, 0x0000000083100000| Untracked 
|  50|0x0000000083200000, 0x0000000083300000, 0x0000000083300000|100%| O|  |TAMS 0x0000000083300000, 0x0000000083200000| Untracked 
|  51|0x0000000083300000, 0x0000000083400000, 0x0000000083400000|100%| O|  |TAMS 0x0000000083400000, 0x0000000083300000| Untracked 
|  52|0x0000000083400000, 0x0000000083500000, 0x0000000083500000|100%| O|  |TAMS 0x0000000083500000, 0x0000000083400000| Untracked 
|  53|0x0000000083500000, 0x0000000083600000, 0x0000000083600000|100%| O|  |TAMS 0x0000000083600000, 0x0000000083500000| Untracked 
|  54|0x0000000083600000, 0x0000000083700000, 0x0000000083700000|100%| O|  |TAMS 0x0000000083700000, 0x0000000083600000| Untracked 
|  55|0x0000000083700000, 0x0000000083800000, 0x0000000083800000|100%| O|  |TAMS 0x0000000083800000, 0x0000000083700000| Complete 
|  56|0x0000000083800000, 0x0000000083900000, 0x0000000083900000|100%| O|  |TAMS 0x0000000083900000, 0x0000000083800000| Untracked 
|  57|0x0000000083900000, 0x0000000083a00000, 0x0000000083a00000|100%| O|  |TAMS 0x0000000083a00000, 0x0000000083900000| Complete 
|  58|0x0000000083a00000, 0x0000000083b00000, 0x0000000083b00000|100%| O|  |TAMS 0x0000000083b00000, 0x0000000083a00000| Untracked 
|  59|0x0000000083b00000, 0x0000000083c00000, 0x0000000083c00000|100%| O|  |TAMS 0x0000000083c00000, 0x0000000083b00000| Untracked 
|  60|0x0000000083c00000, 0x0000000083d00000, 0x0000000083d00000|100%| O|  |TAMS 0x0000000083d00000, 0x0000000083c00000| Untracked 
|  61|0x0000000083d00000, 0x0000000083e00000, 0x0000000083e00000|100%| O|  |TAMS 0x0000000083e00000, 0x0000000083d00000| Untracked 
|  62|0x0000000083e00000, 0x0000000083f00000, 0x0000000083f00000|100%| O|  |TAMS 0x0000000083f00000, 0x0000000083e00000| Untracked 
|  63|0x0000000083f00000, 0x0000000084000000, 0x0000000084000000|100%| O|  |TAMS 0x0000000084000000, 0x0000000083f00000| Complete 
|  64|0x0000000084000000, 0x0000000084100000, 0x0000000084100000|100%| O|  |TAMS 0x0000000084100000, 0x0000000084000000| Untracked 
|  65|0x0000000084100000, 0x0000000084200000, 0x0000000084200000|100%| O|  |TAMS 0x0000000084200000, 0x0000000084100000| Untracked 
|  66|0x0000000084200000, 0x0000000084300000, 0x0000000084300000|100%| O|  |TAMS 0x0000000084300000, 0x0000000084200000| Complete 
|  67|0x0000000084300000, 0x0000000084400000, 0x0000000084400000|100%| O|  |TAMS 0x0000000084400000, 0x0000000084300000| Complete 
|  68|0x0000000084400000, 0x0000000084500000, 0x0000000084500000|100%| O|  |TAMS 0x0000000084500000, 0x0000000084400000| Complete 
|  69|0x0000000084500000, 0x0000000084600000, 0x0000000084600000|100%| O|  |TAMS 0x0000000084600000, 0x0000000084500000| Complete 
|  70|0x0000000084600000, 0x0000000084700000, 0x0000000084700000|100%| O|  |TAMS 0x0000000084600000, 0x0000000084600000| Untracked 
|  71|0x0000000084700000, 0x00000000847da400, 0x0000000084800000| 85%| O|  |TAMS 0x0000000084700000, 0x0000000084700000| Untracked 
|  72|0x0000000084800000, 0x0000000084800000, 0x0000000084900000|  0%| F|  |TAMS 0x0000000084800000, 0x0000000084800000| Untracked 
|  73|0x0000000084900000, 0x0000000084900000, 0x0000000084a00000|  0%| F|  |TAMS 0x0000000084900000, 0x0000000084900000| Untracked 
|  74|0x0000000084a00000, 0x0000000084b00000, 0x0000000084b00000|100%| O|  |TAMS 0x0000000084b00000, 0x0000000084a00000| Complete 
|  75|0x0000000084b00000, 0x0000000084c00000, 0x0000000084c00000|100%| O|  |TAMS 0x0000000084c00000, 0x0000000084b00000| Complete 
|  76|0x0000000084c00000, 0x0000000084d00000, 0x0000000084d00000|100%| O|  |TAMS 0x0000000084d00000, 0x0000000084c00000| Complete 
|  77|0x0000000084d00000, 0x0000000084d00000, 0x0000000084e00000|  0%| F|  |TAMS 0x0000000084d00000, 0x0000000084d00000| Untracked 
|  78|0x0000000084e00000, 0x0000000084e00000, 0x0000000084f00000|  0%| F|  |TAMS 0x0000000084e00000, 0x0000000084e00000| Untracked 
|  79|0x0000000084f00000, 0x0000000084f00000, 0x0000000085000000|  0%| F|  |TAMS 0x0000000084f00000, 0x0000000084f00000| Untracked 
|  80|0x0000000085000000, 0x0000000085000000, 0x0000000085100000|  0%| F|  |TAMS 0x0000000085000000, 0x0000000085000000| Untracked 
|  81|0x0000000085100000, 0x0000000085100000, 0x0000000085200000|  0%| F|  |TAMS 0x0000000085100000, 0x0000000085100000| Untracked 
|  82|0x0000000085200000, 0x0000000085300000, 0x0000000085300000|100%| O|  |TAMS 0x0000000085300000, 0x0000000085200000| Complete 
|  83|0x0000000085300000, 0x0000000085400000, 0x0000000085400000|100%| O|  |TAMS 0x0000000085400000, 0x0000000085300000| Complete 
|  84|0x0000000085400000, 0x0000000085400000, 0x0000000085500000|  0%| F|  |TAMS 0x0000000085400000, 0x0000000085400000| Untracked 
|  85|0x0000000085500000, 0x0000000085500000, 0x0000000085600000|  0%| F|  |TAMS 0x0000000085500000, 0x0000000085500000| Untracked 
|  86|0x0000000085600000, 0x0000000085600000, 0x0000000085700000|  0%| F|  |TAMS 0x0000000085600000, 0x0000000085600000| Untracked 
|  87|0x0000000085700000, 0x0000000085700000, 0x0000000085800000|  0%| F|  |TAMS 0x0000000085700000, 0x0000000085700000| Untracked 
|  88|0x0000000085800000, 0x0000000085800000, 0x0000000085900000|  0%| F|  |TAMS 0x0000000085800000, 0x0000000085800000| Untracked 
|  89|0x0000000085900000, 0x0000000085900000, 0x0000000085a00000|  0%| F|  |TAMS 0x0000000085900000, 0x0000000085900000| Untracked 
|  90|0x0000000085a00000, 0x0000000085b00000, 0x0000000085b00000|100%| O|  |TAMS 0x0000000085b00000, 0x0000000085a00000| Complete 
|  91|0x0000000085b00000, 0x0000000085c00000, 0x0000000085c00000|100%| O|  |TAMS 0x0000000085c00000, 0x0000000085b00000| Complete 
|  92|0x0000000085c00000, 0x0000000085d00000, 0x0000000085d00000|100%| O|  |TAMS 0x0000000085d00000, 0x0000000085c00000| Complete 
|  93|0x0000000085d00000, 0x0000000085e00000, 0x0000000085e00000|100%| O|  |TAMS 0x0000000085e00000, 0x0000000085d00000| Complete 
|  94|0x0000000085e00000, 0x0000000085f00000, 0x0000000085f00000|100%| O|  |TAMS 0x0000000085f00000, 0x0000000085e00000| Complete 
|  95|0x0000000085f00000, 0x0000000086000000, 0x0000000086000000|100%| O|  |TAMS 0x0000000086000000, 0x0000000085f00000| Complete 
|  96|0x0000000086000000, 0x0000000086100000, 0x0000000086100000|100%| O|  |TAMS 0x0000000086100000, 0x0000000086000000| Complete 
|  97|0x0000000086100000, 0x0000000086200000, 0x0000000086200000|100%| O|  |TAMS 0x0000000086200000, 0x0000000086100000| Complete 
|  98|0x0000000086200000, 0x0000000086200000, 0x0000000086300000|  0%| F|  |TAMS 0x0000000086200000, 0x0000000086200000| Untracked 
|  99|0x0000000086300000, 0x0000000086300000, 0x0000000086400000|  0%| F|  |TAMS 0x0000000086300000, 0x0000000086300000| Untracked 
| 100|0x0000000086400000, 0x0000000086400000, 0x0000000086500000|  0%| F|  |TAMS 0x0000000086400000, 0x0000000086400000| Untracked 
| 101|0x0000000086500000, 0x0000000086500000, 0x0000000086600000|  0%| F|  |TAMS 0x0000000086500000, 0x0000000086500000| Untracked 
| 102|0x0000000086600000, 0x0000000086600000, 0x0000000086700000|  0%| F|  |TAMS 0x0000000086600000, 0x0000000086600000| Untracked 
| 103|0x0000000086700000, 0x0000000086700000, 0x0000000086800000|  0%| F|  |TAMS 0x0000000086700000, 0x0000000086700000| Untracked 
| 104|0x0000000086800000, 0x0000000086800000, 0x0000000086900000|  0%| F|  |TAMS 0x0000000086800000, 0x0000000086800000| Untracked 
| 105|0x0000000086900000, 0x0000000086900000, 0x0000000086a00000|  0%| F|  |TAMS 0x0000000086900000, 0x0000000086900000| Untracked 
| 106|0x0000000086a00000, 0x0000000086a00000, 0x0000000086b00000|  0%| F|  |TAMS 0x0000000086a00000, 0x0000000086a00000| Untracked 
| 107|0x0000000086b00000, 0x0000000086b00000, 0x0000000086c00000|  0%| F|  |TAMS 0x0000000086b00000, 0x0000000086b00000| Untracked 
| 108|0x0000000086c00000, 0x0000000086c00000, 0x0000000086d00000|  0%| F|  |TAMS 0x0000000086c00000, 0x0000000086c00000| Untracked 
| 109|0x0000000086d00000, 0x0000000086d00000, 0x0000000086e00000|  0%| F|  |TAMS 0x0000000086d00000, 0x0000000086d00000| Untracked 
| 110|0x0000000086e00000, 0x0000000086e00000, 0x0000000086f00000|  0%| F|  |TAMS 0x0000000086e00000, 0x0000000086e00000| Untracked 
| 111|0x0000000086f00000, 0x0000000086f00000, 0x0000000087000000|  0%| F|  |TAMS 0x0000000086f00000, 0x0000000086f00000| Untracked 
| 112|0x0000000087000000, 0x0000000087000000, 0x0000000087100000|  0%| F|  |TAMS 0x0000000087000000, 0x0000000087000000| Untracked 
| 113|0x0000000087100000, 0x0000000087100000, 0x0000000087200000|  0%| F|  |TAMS 0x0000000087100000, 0x0000000087100000| Untracked 
| 114|0x0000000087200000, 0x0000000087200000, 0x0000000087300000|  0%| F|  |TAMS 0x0000000087200000, 0x0000000087200000| Untracked 
| 115|0x0000000087300000, 0x0000000087300000, 0x0000000087400000|  0%| F|  |TAMS 0x0000000087300000, 0x0000000087300000| Untracked 
| 116|0x0000000087400000, 0x0000000087400000, 0x0000000087500000|  0%| F|  |TAMS 0x0000000087400000, 0x0000000087400000| Untracked 
| 117|0x0000000087500000, 0x0000000087500000, 0x0000000087600000|  0%| F|  |TAMS 0x0000000087500000, 0x0000000087500000| Untracked 
| 118|0x0000000087600000, 0x0000000087600000, 0x0000000087700000|  0%| F|  |TAMS 0x0000000087600000, 0x0000000087600000| Untracked 
| 119|0x0000000087700000, 0x0000000087700000, 0x0000000087800000|  0%| F|  |TAMS 0x0000000087700000, 0x0000000087700000| Untracked 
| 120|0x0000000087800000, 0x0000000087800000, 0x0000000087900000|  0%| F|  |TAMS 0x0000000087800000, 0x0000000087800000| Untracked 
| 121|0x0000000087900000, 0x0000000087900000, 0x0000000087a00000|  0%| F|  |TAMS 0x0000000087900000, 0x0000000087900000| Untracked 
| 122|0x0000000087a00000, 0x0000000087a00000, 0x0000000087b00000|  0%| F|  |TAMS 0x0000000087a00000, 0x0000000087a00000| Untracked 
| 123|0x0000000087b00000, 0x0000000087b00000, 0x0000000087c00000|  0%| F|  |TAMS 0x0000000087b00000, 0x0000000087b00000| Untracked 
| 124|0x0000000087c00000, 0x0000000087c00000, 0x0000000087d00000|  0%| F|  |TAMS 0x0000000087c00000, 0x0000000087c00000| Untracked 
| 125|0x0000000087d00000, 0x0000000087d00000, 0x0000000087e00000|  0%| F|  |TAMS 0x0000000087d00000, 0x0000000087d00000| Untracked 
| 126|0x0000000087e00000, 0x0000000087e00000, 0x0000000087f00000|  0%| F|  |TAMS 0x0000000087e00000, 0x0000000087e00000| Untracked 
| 127|0x0000000087f00000, 0x0000000087f00000, 0x0000000088000000|  0%| F|  |TAMS 0x0000000087f00000, 0x0000000087f00000| Untracked 
| 128|0x0000000088000000, 0x0000000088000000, 0x0000000088100000|  0%| F|  |TAMS 0x0000000088000000, 0x0000000088000000| Untracked 
| 129|0x0000000088100000, 0x0000000088100000, 0x0000000088200000|  0%| F|  |TAMS 0x0000000088100000, 0x0000000088100000| Untracked 
| 130|0x0000000088200000, 0x0000000088200000, 0x0000000088300000|  0%| F|  |TAMS 0x0000000088200000, 0x0000000088200000| Untracked 
| 131|0x0000000088300000, 0x0000000088300000, 0x0000000088400000|  0%| F|  |TAMS 0x0000000088300000, 0x0000000088300000| Untracked 
| 132|0x0000000088400000, 0x0000000088400000, 0x0000000088500000|  0%| F|  |TAMS 0x0000000088400000, 0x0000000088400000| Untracked 
| 133|0x0000000088500000, 0x0000000088500000, 0x0000000088600000|  0%| F|  |TAMS 0x0000000088500000, 0x0000000088500000| Untracked 
| 134|0x0000000088600000, 0x0000000088600000, 0x0000000088700000|  0%| F|  |TAMS 0x0000000088600000, 0x0000000088600000| Untracked 
| 135|0x0000000088700000, 0x0000000088700000, 0x0000000088800000|  0%| F|  |TAMS 0x0000000088700000, 0x0000000088700000| Untracked 
| 136|0x0000000088800000, 0x00000000888348e0, 0x0000000088900000| 20%| S|CS|TAMS 0x0000000088800000, 0x0000000088800000| Complete 
| 137|0x0000000088900000, 0x0000000088a00000, 0x0000000088a00000|100%| S|CS|TAMS 0x0000000088900000, 0x0000000088900000| Complete 
| 138|0x0000000088a00000, 0x0000000088b00000, 0x0000000088b00000|100%| S|CS|TAMS 0x0000000088a00000, 0x0000000088a00000| Complete 
| 139|0x0000000088b00000, 0x0000000088c00000, 0x0000000088c00000|100%| S|CS|TAMS 0x0000000088b00000, 0x0000000088b00000| Complete 
| 140|0x0000000088c00000, 0x0000000088d00000, 0x0000000088d00000|100%| S|CS|TAMS 0x0000000088c00000, 0x0000000088c00000| Complete 
| 141|0x0000000088d00000, 0x0000000088d00000, 0x0000000088e00000|  0%| F|  |TAMS 0x0000000088d00000, 0x0000000088d00000| Untracked 
| 142|0x0000000088e00000, 0x0000000088e00000, 0x0000000088f00000|  0%| F|  |TAMS 0x0000000088e00000, 0x0000000088e00000| Untracked 
| 143|0x0000000088f00000, 0x0000000088f00000, 0x0000000089000000|  0%| F|  |TAMS 0x0000000088f00000, 0x0000000088f00000| Untracked 
| 144|0x0000000089000000, 0x0000000089000000, 0x0000000089100000|  0%| F|  |TAMS 0x0000000089000000, 0x0000000089000000| Untracked 
| 145|0x0000000089100000, 0x0000000089200000, 0x0000000089200000|100%| S|CS|TAMS 0x0000000089100000, 0x0000000089100000| Complete 
| 146|0x0000000089200000, 0x0000000089200000, 0x0000000089300000|  0%| F|  |TAMS 0x0000000089200000, 0x0000000089200000| Untracked 
| 147|0x0000000089300000, 0x0000000089300000, 0x0000000089400000|  0%| F|  |TAMS 0x0000000089300000, 0x0000000089300000| Untracked 
| 148|0x0000000089400000, 0x0000000089400000, 0x0000000089500000|  0%| F|  |TAMS 0x0000000089400000, 0x0000000089400000| Untracked 
| 149|0x0000000089500000, 0x0000000089500000, 0x0000000089600000|  0%| F|  |TAMS 0x0000000089500000, 0x0000000089500000| Untracked 
| 150|0x0000000089600000, 0x0000000089600000, 0x0000000089700000|  0%| F|  |TAMS 0x0000000089600000, 0x0000000089600000| Untracked 
| 151|0x0000000089700000, 0x0000000089700000, 0x0000000089800000|  0%| F|  |TAMS 0x0000000089700000, 0x0000000089700000| Untracked 
| 152|0x0000000089800000, 0x0000000089800000, 0x0000000089900000|  0%| F|  |TAMS 0x0000000089800000, 0x0000000089800000| Untracked 
| 153|0x0000000089900000, 0x0000000089900000, 0x0000000089a00000|  0%| F|  |TAMS 0x0000000089900000, 0x0000000089900000| Untracked 
| 154|0x0000000089a00000, 0x0000000089a00000, 0x0000000089b00000|  0%| F|  |TAMS 0x0000000089a00000, 0x0000000089a00000| Untracked 
| 155|0x0000000089b00000, 0x0000000089b00000, 0x0000000089c00000|  0%| F|  |TAMS 0x0000000089b00000, 0x0000000089b00000| Untracked 
| 156|0x0000000089c00000, 0x0000000089c00000, 0x0000000089d00000|  0%| F|  |TAMS 0x0000000089c00000, 0x0000000089c00000| Untracked 
| 157|0x0000000089d00000, 0x0000000089d00000, 0x0000000089e00000|  0%| F|  |TAMS 0x0000000089d00000, 0x0000000089d00000| Untracked 
| 158|0x0000000089e00000, 0x0000000089e00000, 0x0000000089f00000|  0%| F|  |TAMS 0x0000000089e00000, 0x0000000089e00000| Untracked 
| 159|0x0000000089f00000, 0x0000000089f00000, 0x000000008a000000|  0%| F|  |TAMS 0x0000000089f00000, 0x0000000089f00000| Untracked 
| 160|0x000000008a000000, 0x000000008a000000, 0x000000008a100000|  0%| F|  |TAMS 0x000000008a000000, 0x000000008a000000| Untracked 
| 161|0x000000008a100000, 0x000000008a100000, 0x000000008a200000|  0%| F|  |TAMS 0x000000008a100000, 0x000000008a100000| Untracked 
| 162|0x000000008a200000, 0x000000008a200000, 0x000000008a300000|  0%| F|  |TAMS 0x000000008a200000, 0x000000008a200000| Untracked 
| 163|0x000000008a300000, 0x000000008a300000, 0x000000008a400000|  0%| F|  |TAMS 0x000000008a300000, 0x000000008a300000| Untracked 
| 164|0x000000008a400000, 0x000000008a400000, 0x000000008a500000|  0%| F|  |TAMS 0x000000008a400000, 0x000000008a400000| Untracked 
| 165|0x000000008a500000, 0x000000008a500000, 0x000000008a600000|  0%| F|  |TAMS 0x000000008a500000, 0x000000008a500000| Untracked 
| 166|0x000000008a600000, 0x000000008a600000, 0x000000008a700000|  0%| F|  |TAMS 0x000000008a600000, 0x000000008a600000| Untracked 
| 167|0x000000008a700000, 0x000000008a700000, 0x000000008a800000|  0%| F|  |TAMS 0x000000008a700000, 0x000000008a700000| Untracked 
| 168|0x000000008a800000, 0x000000008a800000, 0x000000008a900000|  0%| F|  |TAMS 0x000000008a800000, 0x000000008a800000| Untracked 
| 169|0x000000008a900000, 0x000000008a900000, 0x000000008aa00000|  0%| F|  |TAMS 0x000000008a900000, 0x000000008a900000| Untracked 
| 170|0x000000008aa00000, 0x000000008aa00000, 0x000000008ab00000|  0%| F|  |TAMS 0x000000008aa00000, 0x000000008aa00000| Untracked 
| 171|0x000000008ab00000, 0x000000008ab00000, 0x000000008ac00000|  0%| F|  |TAMS 0x000000008ab00000, 0x000000008ab00000| Untracked 
| 172|0x000000008ac00000, 0x000000008ac00000, 0x000000008ad00000|  0%| F|  |TAMS 0x000000008ac00000, 0x000000008ac00000| Untracked 
| 173|0x000000008ad00000, 0x000000008ad00000, 0x000000008ae00000|  0%| F|  |TAMS 0x000000008ad00000, 0x000000008ad00000| Untracked 
| 174|0x000000008ae00000, 0x000000008ae00000, 0x000000008af00000|  0%| F|  |TAMS 0x000000008ae00000, 0x000000008ae00000| Untracked 
| 175|0x000000008af00000, 0x000000008af00000, 0x000000008b000000|  0%| F|  |TAMS 0x000000008af00000, 0x000000008af00000| Untracked 
| 176|0x000000008b000000, 0x000000008b000000, 0x000000008b100000|  0%| F|  |TAMS 0x000000008b000000, 0x000000008b000000| Untracked 
| 177|0x000000008b100000, 0x000000008b100000, 0x000000008b200000|  0%| F|  |TAMS 0x000000008b100000, 0x000000008b100000| Untracked 
| 178|0x000000008b200000, 0x000000008b200000, 0x000000008b300000|  0%| F|  |TAMS 0x000000008b200000, 0x000000008b200000| Untracked 
| 179|0x000000008b300000, 0x000000008b300000, 0x000000008b400000|  0%| F|  |TAMS 0x000000008b300000, 0x000000008b300000| Untracked 
| 180|0x000000008b400000, 0x000000008b400000, 0x000000008b500000|  0%| F|  |TAMS 0x000000008b400000, 0x000000008b400000| Untracked 
| 181|0x000000008b500000, 0x000000008b500000, 0x000000008b600000|  0%| F|  |TAMS 0x000000008b500000, 0x000000008b500000| Untracked 
| 182|0x000000008b600000, 0x000000008b600000, 0x000000008b700000|  0%| F|  |TAMS 0x000000008b600000, 0x000000008b600000| Untracked 
| 183|0x000000008b700000, 0x000000008b700000, 0x000000008b800000|  0%| F|  |TAMS 0x000000008b700000, 0x000000008b700000| Untracked 
| 184|0x000000008b800000, 0x000000008b800000, 0x000000008b900000|  0%| F|  |TAMS 0x000000008b800000, 0x000000008b800000| Untracked 
| 185|0x000000008b900000, 0x000000008b900000, 0x000000008ba00000|  0%| F|  |TAMS 0x000000008b900000, 0x000000008b900000| Untracked 
| 186|0x000000008ba00000, 0x000000008ba00000, 0x000000008bb00000|  0%| F|  |TAMS 0x000000008ba00000, 0x000000008ba00000| Untracked 
| 187|0x000000008bb00000, 0x000000008bb00000, 0x000000008bc00000|  0%| F|  |TAMS 0x000000008bb00000, 0x000000008bb00000| Untracked 
| 188|0x000000008bc00000, 0x000000008bc00000, 0x000000008bd00000|  0%| F|  |TAMS 0x000000008bc00000, 0x000000008bc00000| Untracked 
| 189|0x000000008bd00000, 0x000000008bd00000, 0x000000008be00000|  0%| F|  |TAMS 0x000000008bd00000, 0x000000008bd00000| Untracked 
| 190|0x000000008be00000, 0x000000008be00000, 0x000000008bf00000|  0%| F|  |TAMS 0x000000008be00000, 0x000000008be00000| Untracked 
| 191|0x000000008bf00000, 0x000000008bf00000, 0x000000008c000000|  0%| F|  |TAMS 0x000000008bf00000, 0x000000008bf00000| Untracked 
| 192|0x000000008c000000, 0x000000008c000000, 0x000000008c100000|  0%| F|  |TAMS 0x000000008c000000, 0x000000008c000000| Untracked 
| 193|0x000000008c100000, 0x000000008c100000, 0x000000008c200000|  0%| F|  |TAMS 0x000000008c100000, 0x000000008c100000| Untracked 
| 194|0x000000008c200000, 0x000000008c200000, 0x000000008c300000|  0%| F|  |TAMS 0x000000008c200000, 0x000000008c200000| Untracked 
| 195|0x000000008c300000, 0x000000008c300000, 0x000000008c400000|  0%| F|  |TAMS 0x000000008c300000, 0x000000008c300000| Untracked 
| 196|0x000000008c400000, 0x000000008c400000, 0x000000008c500000|  0%| F|  |TAMS 0x000000008c400000, 0x000000008c400000| Untracked 

Card table byte_map: [0x0000024b48ad0000,0x0000024b48ed0000] _byte_map_base: 0x0000024b486d0000

Marking Bits (Prev, Next): (CMBitMap*) 0x0000024b33e097f0, (CMBitMap*) 0x0000024b33e097b8
 Prev Bits: [0x0000024b4b2d0000, 0x0000024b4d2d0000)
 Next Bits: [0x0000024b492d0000, 0x0000024b4b2d0000)

Polling page: 0x0000024b33eb0000

Metaspace:

Usage:
  Non-class:     78.01 MB capacity,    76.71 MB ( 98%) used,     1.06 MB (  1%) free+waste,   245.06 KB ( <1%) overhead. 
      Class:     11.98 MB capacity,    11.22 MB ( 94%) used,   666.16 KB (  5%) free+waste,   109.13 KB ( <1%) overhead. 
       Both:     89.99 MB capacity,    87.93 MB ( 98%) used,     1.71 MB (  2%) free+waste,   354.19 KB ( <1%) overhead. 

Virtual space:
  Non-class space:       80.00 MB reserved,      78.12 MB ( 98%) committed 
      Class space:        1.00 GB reserved,      12.00 MB (  1%) committed 
             Both:        1.08 GB reserved,      90.12 MB (  8%) committed 

Chunk freelists:
   Non-Class:  48.00 KB
       Class:  23.00 KB
        Both:  71.00 KB

MaxMetaspaceSize: 17179869184.00 GB
CompressedClassSpaceSize: 1.00 GB

CodeHeap 'non-profiled nmethods': size=120064Kb used=5018Kb max_used=5018Kb free=115045Kb
 bounds [0x0000024b40b60000, 0x0000024b41050000, 0x0000024b480a0000]
CodeHeap 'profiled nmethods': size=120000Kb used=21141Kb max_used=21141Kb free=98858Kb
 bounds [0x0000024b39630000, 0x0000024b3aae0000, 0x0000024b40b60000]
CodeHeap 'non-nmethods': size=5696Kb used=2293Kb max_used=2323Kb free=3402Kb
 bounds [0x0000024b390a0000, 0x0000024b39310000, 0x0000024b39630000]
 total_blobs=11743 nmethods=10844 adapters=810
 compilation: enabled
              stopped_count=0, restarted_count=0
 full_count=0

Compilation events (20 events):
Event: 37.884 Thread 0x0000024b4f93c000 11130       3       org.gradle.internal.classloader.ConfigurableClassLoaderHierarchyHasher$Visitor::visit (14 bytes)
Event: 37.884 Thread 0x0000024b4f93c000 nmethod 11130 0x0000024b3aad2e90 code [0x0000024b3aad3060, 0x0000024b3aad3218]
Event: 37.886 Thread 0x0000024b4f93c000 11131       3       org.gradle.internal.work.DefaultWorkerLeaseService$DefaultWorkerLease::doIsLockedByCurrentThread (23 bytes)
Event: 37.887 Thread 0x0000024b4f93c000 nmethod 11131 0x0000024b3aad3310 code [0x0000024b3aad34c0, 0x0000024b3aad3678]
Event: 37.890 Thread 0x0000024b4f93c000 11132   !   3       sun.nio.fs.WindowsFileAttributes::fileKey (71 bytes)
Event: 37.891 Thread 0x0000024b4f93c000 nmethod 11132 0x0000024b3aad3710 code [0x0000024b3aad38e0, 0x0000024b3aad3df8]
Event: 37.891 Thread 0x0000024b4f93c000 11133       3       org.gradle.internal.vfs.impl.DefaultFileSystemAccess$$Lambda$305/0x00000001004d8040::get (20 bytes)
Event: 37.893 Thread 0x0000024b4f93c000 nmethod 11133 0x0000024b3aad3f10 code [0x0000024b3aad41c0, 0x0000024b3aad4f08]
Event: 37.900 Thread 0x0000024b4f93c000 11138       1       org.gradle.internal.operations.DefaultBuildOperationQueue::access$600 (5 bytes)
Event: 37.900 Thread 0x0000024b4f93c000 nmethod 11138 0x0000024b41044a10 code [0x0000024b41044bc0, 0x0000024b41044c58]
Event: 37.901 Thread 0x0000024b4f937000 nmethod 11113 0x0000024b41044d10 code [0x0000024b41044f00, 0x0000024b41045638]
Event: 37.901 Thread 0x0000024b4f937000 11137       4       org.gradle.internal.hash.Hashing$MessageDigestHasher::getDigest (22 bytes)
Event: 37.902 Thread 0x0000024b4f937000 nmethod 11137 0x0000024b41045990 code [0x0000024b41045b20, 0x0000024b41045b98]
Event: 37.902 Thread 0x0000024b4f937000 11139       4       org.gradle.internal.Try$Success::map (14 bytes)
Event: 37.905 Thread 0x0000024b4f937000 nmethod 11139 0x0000024b41045c10 code [0x0000024b41045dc0, 0x0000024b41045fa8]
Event: 37.905 Thread 0x0000024b4f937000 11134   !   4       org.gradle.internal.serialize.kryo.KryoBackedDecoder::readByte (15 bytes)
Event: 37.908 Thread 0x0000024b4f93c000 11140       3       com.google.common.cache.CacheBuilder$1::recordLoadSuccess (1 bytes)
Event: 37.908 Thread 0x0000024b4f93c000 nmethod 11140 0x0000024b3aad5410 code [0x0000024b3aad55c0, 0x0000024b3aad56b8]
Event: 37.913 Thread 0x0000024b4f937000 nmethod 11134 0x0000024b41046110 code [0x0000024b410462e0, 0x0000024b41046768]
Event: 37.913 Thread 0x0000024b4f937000 11142       4       org.gradle.internal.snapshot.VfsRelativePath::lengthOfCommonPrefix (173 bytes)

GC Heap History (20 events):
Event: 23.523 GC heap after
{Heap after GC invocations=38 (full 0):
 garbage-first heap   total 116736K, used 57313K [0x0000000080000000, 0x0000000100000000)
  region size 1024K, 4 young (4096K), 4 survivors (4096K)
 Metaspace       used 69054K, capacity 70604K, committed 70908K, reserved 1110016K
  class space    used 8935K, capacity 9508K, committed 9600K, reserved 1048576K
}
Event: 24.258 GC heap before
{Heap before GC invocations=39 (full 0):
 garbage-first heap   total 116736K, used 88033K [0x0000000080000000, 0x0000000100000000)
  region size 1024K, 34 young (34816K), 4 survivors (4096K)
 Metaspace       used 71742K, capacity 73425K, committed 73596K, reserved 1114112K
  class space    used 9349K, capacity 9978K, committed 9984K, reserved 1048576K
}
Event: 24.286 GC heap after
{Heap after GC invocations=40 (full 0):
 garbage-first heap   total 141312K, used 58976K [0x0000000080000000, 0x0000000100000000)
  region size 1024K, 4 young (4096K), 4 survivors (4096K)
 Metaspace       used 71742K, capacity 73425K, committed 73596K, reserved 1114112K
  class space    used 9349K, capacity 9978K, committed 9984K, reserved 1048576K
}
Event: 26.350 GC heap before
{Heap before GC invocations=40 (full 0):
 garbage-first heap   total 141312K, used 98912K [0x0000000080000000, 0x0000000100000000)
  region size 1024K, 43 young (44032K), 4 survivors (4096K)
 Metaspace       used 75896K, capacity 77689K, committed 77820K, reserved 1116160K
  class space    used 9879K, capacity 10525K, committed 10624K, reserved 1048576K
}
Event: 26.389 GC heap after
{Heap after GC invocations=41 (full 0):
 garbage-first heap   total 141312K, used 61937K [0x0000000080000000, 0x0000000100000000)
  region size 1024K, 5 young (5120K), 5 survivors (5120K)
 Metaspace       used 75896K, capacity 77689K, committed 77820K, reserved 1116160K
  class space    used 9879K, capacity 10525K, committed 10624K, reserved 1048576K
}
Event: 27.978 GC heap before
{Heap before GC invocations=41 (full 0):
 garbage-first heap   total 141312K, used 102897K [0x0000000080000000, 0x0000000100000000)
  region size 1024K, 45 young (46080K), 5 survivors (5120K)
 Metaspace       used 78554K, capacity 80519K, committed 80764K, reserved 1120256K
  class space    used 10249K, capacity 10929K, committed 11008K, reserved 1048576K
}
Event: 28.007 GC heap after
{Heap after GC invocations=42 (full 0):
 garbage-first heap   total 141312K, used 65318K [0x0000000080000000, 0x0000000100000000)
  region size 1024K, 6 young (6144K), 6 survivors (6144K)
 Metaspace       used 78554K, capacity 80519K, committed 80764K, reserved 1120256K
  class space    used 10249K, capacity 10929K, committed 11008K, reserved 1048576K
}
Event: 28.813 GC heap before
{Heap before GC invocations=42 (full 0):
 garbage-first heap   total 141312K, used 105254K [0x0000000080000000, 0x0000000100000000)
  region size 1024K, 46 young (47104K), 6 survivors (6144K)
 Metaspace       used 79602K, capacity 81724K, committed 82044K, reserved 1120256K
  class space    used 10401K, capacity 11157K, committed 11264K, reserved 1048576K
}
Event: 28.840 GC heap after
{Heap after GC invocations=43 (full 0):
 garbage-first heap   total 141312K, used 69348K [0x0000000080000000, 0x0000000100000000)
  region size 1024K, 4 young (4096K), 4 survivors (4096K)
 Metaspace       used 79602K, capacity 81724K, committed 82044K, reserved 1120256K
  class space    used 10401K, capacity 11157K, committed 11264K, reserved 1048576K
}
Event: 29.746 GC heap before
{Heap before GC invocations=43 (full 0):
 garbage-first heap   total 141312K, used 108260K [0x0000000080000000, 0x0000000100000000)
  region size 1024K, 43 young (44032K), 4 survivors (4096K)
 Metaspace       used 80138K, capacity 82231K, committed 82300K, reserved 1120256K
  class space    used 10421K, capacity 11202K, committed 11264K, reserved 1048576K
}
Event: 29.775 GC heap after
{Heap after GC invocations=44 (full 0):
 garbage-first heap   total 201728K, used 72175K [0x0000000080000000, 0x0000000100000000)
  region size 1024K, 3 young (3072K), 3 survivors (3072K)
 Metaspace       used 80138K, capacity 82231K, committed 82300K, reserved 1120256K
  class space    used 10421K, capacity 11202K, committed 11264K, reserved 1048576K
}
Event: 31.996 GC heap before
{Heap before GC invocations=45 (full 0):
 garbage-first heap   total 201728K, used 136687K [0x0000000080000000, 0x0000000100000000)
  region size 1024K, 65 young (66560K), 3 survivors (3072K)
 Metaspace       used 82213K, capacity 84286K, committed 84604K, reserved 1122304K
  class space    used 10629K, capacity 11396K, committed 11520K, reserved 1048576K
}
Event: 32.045 GC heap after
{Heap after GC invocations=46 (full 0):
 garbage-first heap   total 201728K, used 87040K [0x0000000080000000, 0x0000000100000000)
  region size 1024K, 9 young (9216K), 9 survivors (9216K)
 Metaspace       used 82213K, capacity 84286K, committed 84604K, reserved 1122304K
  class space    used 10629K, capacity 11396K, committed 11520K, reserved 1048576K
}
Event: 33.652 GC heap before
{Heap before GC invocations=46 (full 0):
 garbage-first heap   total 201728K, used 123904K [0x0000000080000000, 0x0000000100000000)
  region size 1024K, 33 young (33792K), 9 survivors (9216K)
 Metaspace       used 84885K, capacity 87028K, committed 87164K, reserved 1124352K
  class space    used 10929K, capacity 11691K, committed 11776K, reserved 1048576K
}
Event: 33.699 GC heap after
{Heap after GC invocations=47 (full 0):
 garbage-first heap   total 201728K, used 99066K [0x0000000080000000, 0x0000000100000000)
  region size 1024K, 8 young (8192K), 8 survivors (8192K)
 Metaspace       used 84885K, capacity 87028K, committed 87164K, reserved 1124352K
  class space    used 10929K, capacity 11691K, committed 11776K, reserved 1048576K
}
Event: 35.555 GC heap before
{Heap before GC invocations=48 (full 0):
 garbage-first heap   total 201728K, used 144122K [0x0000000080000000, 0x0000000100000000)
  region size 1024K, 49 young (50176K), 8 survivors (8192K)
 Metaspace       used 87492K, capacity 89614K, committed 89980K, reserved 1128448K
  class space    used 11172K, capacity 11951K, committed 12032K, reserved 1048576K
}
Event: 35.573 GC heap after
{Heap after GC invocations=49 (full 0):
 garbage-first heap   total 201728K, used 92935K [0x0000000080000000, 0x0000000100000000)
  region size 1024K, 3 young (3072K), 3 survivors (3072K)
 Metaspace       used 87492K, capacity 89614K, committed 89980K, reserved 1128448K
  class space    used 11172K, capacity 11951K, committed 12032K, reserved 1048576K
}
Event: 36.809 GC heap before
{Heap before GC invocations=49 (full 0):
 garbage-first heap   total 201728K, used 141063K [0x0000000080000000, 0x0000000100000000)
  region size 1024K, 51 young (52224K), 3 survivors (3072K)
 Metaspace       used 88592K, capacity 90715K, committed 90876K, reserved 1128448K
  class space    used 11287K, capacity 12068K, committed 12160K, reserved 1048576K
}
Event: 36.831 GC heap after
{Heap after GC invocations=50 (full 0):
 garbage-first heap   total 201728K, used 95593K [0x0000000080000000, 0x0000000100000000)
  region size 1024K, 5 young (5120K), 5 survivors (5120K)
 Metaspace       used 88592K, capacity 90715K, committed 90876K, reserved 1128448K
  class space    used 11287K, capacity 12068K, committed 12160K, reserved 1048576K
}
Event: 37.927 GC heap before
{Heap before GC invocations=51 (full 0):
 garbage-first heap   total 201728K, used 140229K [0x0000000080000000, 0x0000000100000000)
  region size 1024K, 55 young (56320K), 5 survivors (5120K)
 Metaspace       used 90039K, capacity 92149K, committed 92284K, reserved 1130496K
  class space    used 11489K, capacity 12265K, committed 12288K, reserved 1048576K
}

Deoptimization events (20 events):
Event: 37.426 Thread 0x0000024b5296d000 DEOPT PACKING pc=0x0000024b3aa88153 sp=0x000000d3e23fb0a0
Event: 37.426 Thread 0x0000024b5296d000 DEOPT UNPACKING pc=0x0000024b390c76ce sp=0x000000d3e23fa5d8 mode 0
Event: 37.531 Thread 0x0000024b5296d000 Uncommon trap: trap_request=0xffffff4d fr.pc=0x0000024b410344d0 relative=0x0000000000001e30
Event: 37.531 Thread 0x0000024b5296d000 Uncommon trap: reason=unstable_if action=reinterpret pc=0x0000024b410344d0 method=java.util.concurrent.ConcurrentHashMap.computeIfAbsent(Ljava/lang/Object;Ljava/util/function/Function;)Ljava/lang/Object; @ 104 c2
Event: 37.531 Thread 0x0000024b5296d000 DEOPT PACKING pc=0x0000024b410344d0 sp=0x000000d3e23fe080
Event: 37.531 Thread 0x0000024b5296d000 DEOPT UNPACKING pc=0x0000024b390c78af sp=0x000000d3e23fe028 mode 2
Event: 37.627 Thread 0x0000024b5296e000 Uncommon trap: trap_request=0xffffff4d fr.pc=0x0000024b40c33d84 relative=0x0000000000001304
Event: 37.627 Thread 0x0000024b5296e000 Uncommon trap: reason=unstable_if action=reinterpret pc=0x0000024b40c33d84 method=java.util.concurrent.ConcurrentHashMap.transfer([Ljava/util/concurrent/ConcurrentHashMap$Node;[Ljava/util/concurrent/ConcurrentHashMap$Node;)V @ 34 c2
Event: 37.627 Thread 0x0000024b5296e000 DEOPT PACKING pc=0x0000024b40c33d84 sp=0x000000d3e25fdd40
Event: 37.627 Thread 0x0000024b5296e000 DEOPT UNPACKING pc=0x0000024b390c78af sp=0x000000d3e25fdd00 mode 2
Event: 37.627 Thread 0x0000024b5296e000 Uncommon trap: trap_request=0xffffff4d fr.pc=0x0000024b40c30f84 relative=0x0000000000001224
Event: 37.627 Thread 0x0000024b5296e000 Uncommon trap: reason=unstable_if action=reinterpret pc=0x0000024b40c30f84 method=java.util.concurrent.ConcurrentHashMap.transfer([Ljava/util/concurrent/ConcurrentHashMap$Node;[Ljava/util/concurrent/ConcurrentHashMap$Node;)V @ 273 c2
Event: 37.627 Thread 0x0000024b5296e000 DEOPT PACKING pc=0x0000024b40c30f84 sp=0x000000d3e25fdd60
Event: 37.627 Thread 0x0000024b5296e000 DEOPT UNPACKING pc=0x0000024b390c78af sp=0x000000d3e25fdcf8 mode 2
Event: 37.696 Thread 0x0000024b5296d000 DEOPT PACKING pc=0x0000024b3aa88153 sp=0x000000d3e23fb7a0
Event: 37.696 Thread 0x0000024b5296d000 DEOPT UNPACKING pc=0x0000024b390c76ce sp=0x000000d3e23facd8 mode 0
Event: 37.741 Thread 0x0000024b57242000 DEOPT PACKING pc=0x0000024b3aa88153 sp=0x000000d3e29fcdf0
Event: 37.741 Thread 0x0000024b57242000 DEOPT UNPACKING pc=0x0000024b390c76ce sp=0x000000d3e29fc328 mode 0
Event: 37.833 Thread 0x0000024b57242000 DEOPT PACKING pc=0x0000024b3a40097e sp=0x000000d3e29fad30
Event: 37.835 Thread 0x0000024b57242000 DEOPT UNPACKING pc=0x0000024b390c76ce sp=0x000000d3e29fa248 mode 0

Classes redefined (0 events):
No events

Internal exceptions (20 events):
Event: 29.382 Thread 0x0000024b51f7b800 Exception <a 'java/lang/IncompatibleClassChangeError'{0x000000008723ef80}: Found class java.lang.Object, but interface was expected> (0x000000008723ef80) thrown at [./src/hotspot/share/interpreter/linkResolver.cpp, line 839]
Event: 33.122 Thread 0x0000024b51f7b800 Implicit null exception at 0x0000024b40f94c09 to 0x0000024b40f952c8
Event: 33.815 Thread 0x0000024b51f7b800 Exception <a 'java/lang/NoSuchMethodError'{0x000000008c241d68}: <clinit>> (0x000000008c241d68) thrown at [./src/hotspot/share/prims/jni.cpp, line 1362]
Event: 33.825 Thread 0x0000024b51f7b800 Exception <a 'java/lang/NoSuchMethodError'{0x000000008c27a730}: <clinit>> (0x000000008c27a730) thrown at [./src/hotspot/share/prims/jni.cpp, line 1362]
Event: 35.240 Thread 0x0000024b51f7b800 Exception <a 'java/lang/NoSuchMethodError'{0x000000008a0388a0}: 'void java.lang.invoke.DirectMethodHandle$Holder.invokeStatic(java.lang.Object, java.lang.Object, java.lang.Object, java.lang.Object, java.lang.Object, java.lang.Object, java.lang.Object)'> (0x000000008a0388a0) thrown at [./src/hotspot/share/interpreter/linkResolver.cpp, line 773]
Event: 36.591 Thread 0x0000024b5723f000 Exception <a 'java/lang/NoSuchMethodError'{0x0000000089c9a120}: <clinit>> (0x0000000089c9a120) thrown at [./src/hotspot/share/prims/jni.cpp, line 1362]
Event: 36.592 Thread 0x0000024b5723f000 Exception <a 'java/lang/NoSuchMethodError'{0x0000000089c9b440}: <clinit>> (0x0000000089c9b440) thrown at [./src/hotspot/share/prims/jni.cpp, line 1362]
Event: 36.592 Thread 0x0000024b5723f000 Exception <a 'java/lang/NoSuchMethodError'{0x0000000089c9db90}: <clinit>> (0x0000000089c9db90) thrown at [./src/hotspot/share/prims/jni.cpp, line 1362]
Event: 36.595 Thread 0x0000024b5723f000 Exception <a 'java/lang/NoSuchMethodError'{0x0000000089cb7220}: <clinit>> (0x0000000089cb7220) thrown at [./src/hotspot/share/prims/jni.cpp, line 1362]
Event: 36.595 Thread 0x0000024b5723f000 Exception <a 'java/lang/NoSuchMethodError'{0x0000000089cb8700}: <clinit>> (0x0000000089cb8700) thrown at [./src/hotspot/share/prims/jni.cpp, line 1362]
Event: 36.620 Thread 0x0000024b5723f000 Exception <a 'sun/nio/fs/WindowsException'{0x0000000089b7cf00}> (0x0000000089b7cf00) thrown at [./src/hotspot/share/prims/jni.cpp, line 615]
Event: 36.620 Thread 0x0000024b5723f000 Exception <a 'sun/nio/fs/WindowsException'{0x0000000089b7ddc8}> (0x0000000089b7ddc8) thrown at [./src/hotspot/share/prims/jni.cpp, line 615]
Event: 36.640 Thread 0x0000024b5723f000 Exception <a 'sun/nio/fs/WindowsException'{0x0000000089b7f580}> (0x0000000089b7f580) thrown at [./src/hotspot/share/prims/jni.cpp, line 615]
Event: 36.640 Thread 0x0000024b5723f000 Exception <a 'sun/nio/fs/WindowsException'{0x0000000089b80448}> (0x0000000089b80448) thrown at [./src/hotspot/share/prims/jni.cpp, line 615]
Event: 36.640 Thread 0x0000024b5723f000 Exception <a 'sun/nio/fs/WindowsException'{0x0000000089b80750}> (0x0000000089b80750) thrown at [./src/hotspot/share/prims/jni.cpp, line 615]
Event: 36.640 Thread 0x0000024b5723f000 Exception <a 'sun/nio/fs/WindowsException'{0x0000000089b815e8}> (0x0000000089b815e8) thrown at [./src/hotspot/share/prims/jni.cpp, line 615]
Event: 36.660 Thread 0x0000024b5723f000 Exception <a 'java/lang/NoSuchMethodError'{0x0000000089a673e0}: <clinit>> (0x0000000089a673e0) thrown at [./src/hotspot/share/prims/jni.cpp, line 1362]
Event: 36.664 Thread 0x0000024b5723f000 Exception <a 'java/lang/NoSuchMethodError'{0x0000000089aa3bf0}: <clinit>> (0x0000000089aa3bf0) thrown at [./src/hotspot/share/prims/jni.cpp, line 1362]
Event: 36.666 Thread 0x0000024b5723f000 Exception <a 'java/lang/NoSuchMethodError'{0x0000000089ab69a0}: <clinit>> (0x0000000089ab69a0) thrown at [./src/hotspot/share/prims/jni.cpp, line 1362]
Event: 37.788 Thread 0x0000024b57242000 Exception <a 'java/lang/NoSuchMethodError'{0x0000000089c9a478}: 'int java.lang.invoke.DirectMethodHandle$Holder.invokeSpecial(java.lang.Object, java.lang.Object, java.lang.Object, java.lang.Object, java.lang.Object)'> (0x0000000089c9a478) thrown at [./src/hotspot/share/interpreter/linkResolver.cpp, line 773]

Events (20 events):
Event: 37.869 loading class kotlin/reflect/jvm/internal/impl/util/ModuleVisibilityHelper$EMPTY done
Event: 37.870 loading class kotlin/reflect/jvm/internal/impl/types/ErrorUtils$ErrorScope
Event: 37.870 loading class kotlin/reflect/jvm/internal/impl/types/ErrorUtils$ErrorScope done
Event: 37.871 loading class kotlin/reflect/jvm/internal/impl/types/ErrorUtils$2
Event: 37.871 loading class kotlin/reflect/jvm/internal/impl/types/ErrorUtils$2 done
Event: 37.872 loading class kotlin/reflect/jvm/internal/impl/descriptors/impl/PropertyDescriptorImpl
Event: 37.872 loading class kotlin/reflect/jvm/internal/impl/descriptors/impl/PropertyDescriptorImpl done
Event: 37.876 loading class kotlin/reflect/jvm/internal/impl/descriptors/impl/VariableDescriptorWithInitializerImpl
Event: 37.876 loading class kotlin/reflect/jvm/internal/impl/descriptors/impl/VariableDescriptorWithInitializerImpl done
Event: 37.877 loading class kotlin/reflect/jvm/internal/impl/descriptors/impl/VariableDescriptorImpl
Event: 37.877 loading class kotlin/reflect/jvm/internal/impl/descriptors/impl/VariableDescriptorImpl done
Event: 37.880 loading class kotlin/reflect/jvm/internal/impl/descriptors/PropertyGetterDescriptor
Event: 37.880 loading class kotlin/reflect/jvm/internal/impl/descriptors/PropertyGetterDescriptor done
Event: 37.881 loading class kotlin/reflect/jvm/internal/impl/descriptors/PropertySetterDescriptor
Event: 37.881 loading class kotlin/reflect/jvm/internal/impl/descriptors/PropertySetterDescriptor done
Event: 37.925 loading class kotlin/reflect/jvm/internal/impl/descriptors/FieldDescriptor
Event: 37.925 loading class kotlin/reflect/jvm/internal/impl/descriptors/FieldDescriptor done
Event: 37.926 loading class kotlin/reflect/jvm/internal/impl/types/KotlinTypeFactory
Event: 37.926 loading class kotlin/reflect/jvm/internal/impl/types/KotlinTypeFactory done
Event: 37.926 Executing VM operation: G1CollectForAllocation


Dynamic libraries:
0x00007ff733fc0000 - 0x00007ff733fca000 	C:\Program Files\Android\Android Studio\jre\bin\java.exe
0x00007ff865750000 - 0x00007ff865945000 	C:\WINDOWS\SYSTEM32\ntdll.dll
0x00007ff863900000 - 0x00007ff8639be000 	C:\WINDOWS\System32\KERNEL32.DLL
0x00007ff863360000 - 0x00007ff863628000 	C:\WINDOWS\System32\KERNELBASE.dll
0x00007ff863260000 - 0x00007ff863360000 	C:\WINDOWS\System32\ucrtbase.dll
0x00007ff85d9a0000 - 0x00007ff85d9b9000 	C:\Program Files\Android\Android Studio\jre\bin\jli.dll
0x00007ff864650000 - 0x00007ff8647f1000 	C:\WINDOWS\System32\USER32.dll
0x00007ff862ec0000 - 0x00007ff862ee2000 	C:\WINDOWS\System32\win32u.dll
0x00007ff864620000 - 0x00007ff86464b000 	C:\WINDOWS\System32\GDI32.dll
0x00007ff863680000 - 0x00007ff86378d000 	C:\WINDOWS\System32\gdi32full.dll
0x00007ff862ef0000 - 0x00007ff862f8d000 	C:\WINDOWS\System32\msvcp_win.dll
0x00007ff8212a0000 - 0x00007ff8212b7000 	C:\Program Files\Android\Android Studio\jre\bin\VCRUNTIME140.dll
0x00007ff8528d0000 - 0x00007ff852b6a000 	C:\WINDOWS\WinSxS\amd64_microsoft.windows.common-controls_6595b64144ccf1df_6.0.19041.1110_none_60b5254171f9507e\COMCTL32.dll
0x00007ff863b20000 - 0x00007ff863bbe000 	C:\WINDOWS\System32\msvcrt.dll
0x00007ff863820000 - 0x00007ff863850000 	C:\WINDOWS\System32\IMM32.DLL
0x00007ff820fe0000 - 0x00007ff82107d000 	C:\Program Files\Android\Android Studio\jre\bin\msvcp140.dll
0x00007ff81f070000 - 0x00007ff81fb3f000 	C:\Program Files\Android\Android Studio\jre\bin\server\jvm.dll
0x00007ff863c50000 - 0x00007ff863cfc000 	C:\WINDOWS\System32\ADVAPI32.dll
0x00007ff863a70000 - 0x00007ff863b0b000 	C:\WINDOWS\System32\sechost.dll
0x00007ff863d10000 - 0x00007ff863e3a000 	C:\WINDOWS\System32\RPCRT4.dll
0x00007ff863bc0000 - 0x00007ff863bc8000 	C:\WINDOWS\System32\PSAPI.DLL
0x00007ff84acb0000 - 0x00007ff84acb9000 	C:\WINDOWS\SYSTEM32\WSOCK32.dll
0x00007ff8650f0000 - 0x00007ff86515b000 	C:\WINDOWS\System32\WS2_32.dll
0x00007ff85b330000 - 0x00007ff85b33a000 	C:\WINDOWS\SYSTEM32\VERSION.dll
0x00007ff856a30000 - 0x00007ff856a57000 	C:\WINDOWS\SYSTEM32\WINMM.dll
0x00007ff860d50000 - 0x00007ff860d62000 	C:\WINDOWS\SYSTEM32\kernel.appcore.dll
0x00007ff821280000 - 0x00007ff821291000 	C:\Program Files\Android\Android Studio\jre\bin\verify.dll
0x00007ff84f980000 - 0x00007ff84fb64000 	C:\WINDOWS\SYSTEM32\DBGHELP.DLL
0x00007ff84f950000 - 0x00007ff84f97c000 	C:\WINDOWS\SYSTEM32\dbgcore.DLL
0x00007ff8631d0000 - 0x00007ff863252000 	C:\WINDOWS\System32\bcryptPrimitives.dll
0x00007ff821140000 - 0x00007ff821169000 	C:\Program Files\Android\Android Studio\jre\bin\java.dll
0x00007ff83c7f0000 - 0x00007ff83c7fb000 	C:\Program Files\Android\Android Studio\jre\bin\jimage.dll
0x00007ff821120000 - 0x00007ff821138000 	C:\Program Files\Android\Android Studio\jre\bin\zip.dll
0x00007ff8648e0000 - 0x00007ff865024000 	C:\WINDOWS\System32\SHELL32.dll
0x00007ff860f50000 - 0x00007ff8616e4000 	C:\WINDOWS\SYSTEM32\windows.storage.dll
0x00007ff863e40000 - 0x00007ff864195000 	C:\WINDOWS\System32\combase.dll
0x00007ff8628b0000 - 0x00007ff8628de000 	C:\WINDOWS\SYSTEM32\Wldp.dll
0x00007ff8639c0000 - 0x00007ff863a6d000 	C:\WINDOWS\System32\SHCORE.dll
0x00007ff863bf0000 - 0x00007ff863c45000 	C:\WINDOWS\System32\shlwapi.dll
0x00007ff862da0000 - 0x00007ff862dbf000 	C:\WINDOWS\SYSTEM32\profapi.dll
0x00007ff821100000 - 0x00007ff82111a000 	C:\Program Files\Android\Android Studio\jre\bin\net.dll
0x00007ff8535e0000 - 0x00007ff8536ec000 	C:\WINDOWS\SYSTEM32\WINHTTP.dll
0x00007ff862610000 - 0x00007ff86267a000 	C:\WINDOWS\system32\mswsock.dll
0x00007ff8210e0000 - 0x00007ff8210f4000 	C:\Program Files\Android\Android Studio\jre\bin\nio.dll
0x00007ff83cd30000 - 0x00007ff83cd57000 	C:\Program Files\Java\jdk-17.0.1\native\8bec1ad78214c89d9ad589b4d07fe93259594b29d510b10fafb7a158f7737e5d\windows-amd64\native-platform.dll
0x00007ff83caf0000 - 0x00007ff83cc2d000 	C:\Program Files\Java\jdk-17.0.1\native\53dbd7edfb1c66fb8903c78663c9afc45aea4f116125fa6feffd364cf09443e8\windows-amd64\native-platform-file-events.dll
0x00007ff825850000 - 0x00007ff82585a000 	C:\Program Files\Android\Android Studio\jre\bin\management.dll
0x00007ff8257c0000 - 0x00007ff8257cc000 	C:\Program Files\Android\Android Studio\jre\bin\management_ext.dll
0x00007ff862800000 - 0x00007ff862818000 	C:\WINDOWS\SYSTEM32\CRYPTSP.dll
0x00007ff861f20000 - 0x00007ff861f54000 	C:\WINDOWS\system32\rsaenh.dll
0x00007ff8631a0000 - 0x00007ff8631c7000 	C:\WINDOWS\System32\bcrypt.dll
0x00007ff862d20000 - 0x00007ff862d4e000 	C:\WINDOWS\SYSTEM32\USERENV.dll
0x00007ff862820000 - 0x00007ff86282c000 	C:\WINDOWS\SYSTEM32\CRYPTBASE.dll
0x00007ff8622b0000 - 0x00007ff8622eb000 	C:\WINDOWS\SYSTEM32\IPHLPAPI.DLL
0x00007ff863b10000 - 0x00007ff863b18000 	C:\WINDOWS\System32\NSI.dll
0x00007ff858050000 - 0x00007ff858067000 	C:\WINDOWS\SYSTEM32\dhcpcsvc6.DLL
0x00007ff8597a0000 - 0x00007ff8597bd000 	C:\WINDOWS\SYSTEM32\dhcpcsvc.DLL
0x00007ff862300000 - 0x00007ff8623cb000 	C:\WINDOWS\SYSTEM32\DNSAPI.dll

dbghelp: loaded successfully - version: 4.0.5 - missing functions: none
symbol engine: initialized successfully - sym options: 0x614 - pdb path: .;C:\Program Files\Android\Android Studio\jre\bin;C:\WINDOWS\SYSTEM32;C:\WINDOWS\WinSxS\amd64_microsoft.windows.common-controls_6595b64144ccf1df_6.0.19041.1110_none_60b5254171f9507e;C:\Program Files\Android\Android Studio\jre\bin\server;C:\Program Files\Java\jdk-17.0.1\native\8bec1ad78214c89d9ad589b4d07fe93259594b29d510b10fafb7a158f7737e5d\windows-amd64;C:\Program Files\Java\jdk-17.0.1\native\53dbd7edfb1c66fb8903c78663c9afc45aea4f116125fa6feffd364cf09443e8\windows-amd64

VM Arguments:
jvm_args: --add-opens=java.base/java.util=ALL-UNNAMED --add-opens=java.base/java.lang=ALL-UNNAMED --add-opens=java.base/java.lang.invoke=ALL-UNNAMED --add-opens=java.base/java.util=ALL-UNNAMED --add-opens=java.prefs/java.util.prefs=ALL-UNNAMED --add-opens=java.prefs/java.util.prefs=ALL-UNNAMED --add-opens=java.base/java.nio.charset=ALL-UNNAMED --add-opens=java.base/java.net=ALL-UNNAMED --add-opens=java.base/java.util.concurrent.atomic=ALL-UNNAMED -Xmx2048m -Dfile.encoding=UTF-8 -Duser.country=US -Duser.language=en -Duser.variant 
java_command: org.gradle.launcher.daemon.bootstrap.GradleDaemon 7.0.2
java_class_path (initial): C:\Program Files\Java\jdk-17.0.1\wrapper\dists\gradle-7.0.2-bin\857tjihv64xamwrf0h14cai3r\gradle-7.0.2\lib\gradle-launcher-7.0.2.jar
Launcher Type: SUN_STANDARD

[Global flags]
     intx CICompilerCount                          = 3                                         {product} {ergonomic}
     uint ConcGCThreads                            = 1                                         {product} {ergonomic}
     uint G1ConcRefinementThreads                  = 4                                         {product} {ergonomic}
   size_t G1HeapRegionSize                         = 1048576                                   {product} {ergonomic}
    uintx GCDrainStackTargetSize                   = 64                                        {product} {ergonomic}
   size_t InitialHeapSize                          = 67108864                                  {product} {ergonomic}
   size_t MarkStackSize                            = 4194304                                   {product} {ergonomic}
   size_t MaxHeapSize                              = 2147483648                                {product} {command line}
   size_t MaxNewSize                               = 1287651328                                {product} {ergonomic}
   size_t MinHeapDeltaBytes                        = 1048576                                   {product} {ergonomic}
    uintx NonNMethodCodeHeapSize                   = 5830732                                {pd product} {ergonomic}
    uintx NonProfiledCodeHeapSize                  = 122913754                              {pd product} {ergonomic}
    uintx ProfiledCodeHeapSize                     = 122913754                              {pd product} {ergonomic}
    uintx ReservedCodeCacheSize                    = 251658240                              {pd product} {ergonomic}
     bool SegmentedCodeCache                       = true                                      {product} {ergonomic}
     bool UseCompressedClassPointers               = true                                 {lp64_product} {ergonomic}
     bool UseCompressedOops                        = true                                 {lp64_product} {ergonomic}
     bool UseG1GC                                  = true                                      {product} {ergonomic}
     bool UseLargePagesIndividualAllocation        = false                                  {pd product} {ergonomic}

Logging:
Log output configuration:
 #0: stdout all=warning uptime,level,tags
 #1: stderr all=off uptime,level,tags

Environment Variables:
PATH=C:\Program Files\Common Files\Oracle\Java\javapath;C:\WINDOWS\system32;C:\WINDOWS;C:\WINDOWS\System32\Wbem;C:\WINDOWS\System32\WindowsPowerShell\v1.0\;C:\WINDOWS\System32\OpenSSH\;C:\Program Files\dotnet\;C:\Program Files\Microsoft SQL Server\Client SDK\ODBC\170\Tools\Binn\;C:\Program Files (x86)\dotnet\;C:\Program Files\Git\cmd;C:\Users\MinhNgan\AppData\Local\Microsoft\WindowsApps
USERNAME=MinhNgan
OS=Windows_NT
PROCESSOR_IDENTIFIER=Intel64 Family 6 Model 69 Stepping 1, GenuineIntel



---------------  S Y S T E M  ---------------

OS: Windows 10 , 64 bit Build 19041 (10.0.19041.1348)
OS uptime: 0 days 0:08 hours

CPU:total 4 (initial active 4) (2 cores per cpu, 2 threads per core) family 6 model 69 stepping 1 microcode 0x25, cmov, cx8, fxsr, mmx, sse, sse2, sse3, ssse3, sse4.1, sse4.2, popcnt, avx, avx2, aes, clmul, erms, lzcnt, ht, tsc, tscinvbit, bmi1, bmi2, fma

Memory: 4k page, system-wide physical 3979M (87M free)
TotalPageFile size 6979M (AvailPageFile size 24M)
current process WorkingSet (physical memory assigned to process): 315M, peak: 316M
current process commit charge ("private bytes"): 455M, peak: 503M

vm_info: OpenJDK 64-Bit Server VM (11.0.10+0-b96-7249189) for windows-amd64 JRE (11.0.10+0-b96-7249189), built on Mar 31 2021 21:44:00 by "builder" with MS VC++ 14.0 (VS2015)

END.
