#
# There is insufficient memory for the Java Runtime Environment to continue.
# Native memory allocation (mmap) failed to map 56623104 bytes for Failed to commit area from 0x0000000088c00000 to 0x000000008c200000 of length 56623104.
# Possible reasons:
#   The system is out of physical RAM or swap space
#   The process is running with CompressedOops enabled, and the Java Heap may be blocking the growth of the native heap
# Possible solutions:
#   Reduce memory load on the system
#   Increase physical memory or swap space
#   Check if swap backing store is full
#   Decrease Java heap size (-Xmx/-Xms)
#   Decrease number of Java threads
#   Decrease Java thread stack sizes (-Xss)
#   Set larger code cache with -XX:ReservedCodeCacheSize=
#   JVM is running with Unscaled Compressed Oops mode in which the Java heap is
#     placed in the first 4GB address space. The Java Heap base address is the
#     maximum limit for the native heap growth. Please use -XX:HeapBaseMinAddress
#     to set the Java Heap base and to place the Java Heap above 4GB virtual address.
# This output file may be truncated or incomplete.
#
#  Out of Memory Error (./src/hotspot/os/windows/os_windows.cpp:3301), pid=10916, tid=1968
#
# JRE version: OpenJDK Runtime Environment (11.0.10) (build 11.0.10+0-b96-7249189)
# Java VM: OpenJDK 64-Bit Server VM (11.0.10+0-b96-7249189, mixed mode, tiered, compressed oops, g1 gc, windows-amd64)
# No core dump will be written. Minidumps are not enabled by default on client versions of Windows
#

---------------  S U M M A R Y ------------

Command Line: --add-opens=java.base/java.util=ALL-UNNAMED --add-opens=java.base/java.lang=ALL-UNNAMED --add-opens=java.base/java.lang.invoke=ALL-UNNAMED --add-opens=java.base/java.util=ALL-UNNAMED --add-opens=java.prefs/java.util.prefs=ALL-UNNAMED --add-opens=java.prefs/java.util.prefs=ALL-UNNAMED --add-opens=java.base/java.nio.charset=ALL-UNNAMED --add-opens=java.base/java.net=ALL-UNNAMED --add-opens=java.base/java.util.concurrent.atomic=ALL-UNNAMED -Xmx2048m -Dfile.encoding=UTF-8 -Duser.country=US -Duser.language=en -Duser.variant org.gradle.launcher.daemon.bootstrap.GradleDaemon 7.0.2

Host: Intel(R) Core(TM) i5-4210U CPU @ 1.70GHz, 4 cores, 3G,  Windows 10 , 64 bit Build 19041 (10.0.19041.1202)
Time: Wed Nov 10 15:04:44 2021 SE Asia Standard Time elapsed time: 24.213886 seconds (0d 0h 0m 24s)

---------------  T H R E A D  ---------------

Current thread (0x0000019ed140f800):  VMThread "VM Thread" [stack: 0x00000007bdb00000,0x00000007bdc00000] [id=1968]

Stack: [0x00000007bdb00000,0x00000007bdc00000]
[error occurred during error reporting (printing stack bounds), id 0xc0000005, EXCEPTION_ACCESS_VIOLATION (0xc0000005) at pc=0x0000019ebabe0f2d]

Native frames: (J=compiled Java code, j=interpreted, Vv=VM code, C=native code)
V  [jvm.dll+0x5ecfaa]
V  [jvm.dll+0x722bd5]
V  [jvm.dll+0x72412d]
V  [jvm.dll+0x724745]
V  [jvm.dll+0x7246fb]
V  [jvm.dll+0x5ec348]
V  [jvm.dll+0x5ecad8]
C  [ntdll.dll+0xa20cf]
C  [ntdll.dll+0x51454]
C  [ntdll.dll+0xa0bfe]
C  0x0000019ebabe0f2d

VM_Operation (0x00000007c0bf9f00): G1CollectForAllocation, mode: safepoint, requested by thread 0x0000019ed436f800


---------------  P R O C E S S  ---------------

Threads class SMR info:
_java_thread_list=0x0000019ed8c21130, length=47, elements={
0x0000019eb70cb800, 0x0000019ed1417000, 0x0000019ed1418000, 0x0000019ed1470800,
0x0000019ed1472800, 0x0000019ed1477000, 0x0000019ed147a000, 0x0000019ed1499000,
0x0000019ed149c800, 0x0000019ed1ef1800, 0x0000019ed3464000, 0x0000019ed28b0000,
0x0000019ed2036800, 0x0000019ed2036000, 0x0000019ed351a000, 0x0000019ed367e000,
0x0000019ed3eff800, 0x0000019ed32e3000, 0x0000019ed20c3800, 0x0000019ed2de2000,
0x0000019ed2dde000, 0x0000019ed2ddd000, 0x0000019ed2ddf000, 0x0000019ed2ddf800,
0x0000019ed2de3000, 0x0000019ed2de4000, 0x0000019ed2de0800, 0x0000019ed2de1800,
0x0000019ed2c0d800, 0x0000019ed2c0b800, 0x0000019ed2c0c800, 0x0000019ed2c08800,
0x0000019ed2c07800, 0x0000019ed2c0f000, 0x0000019ed2c0a000, 0x0000019ed2c10000,
0x0000019ed2c10800, 0x0000019ed2c0b000, 0x0000019ed2c11800, 0x0000019ed2c15800,
0x0000019ed2c14800, 0x0000019ed2c16800, 0x0000019ed2c13000, 0x0000019ed2c14000,
0x0000019ed436f800, 0x0000019ed4370000, 0x0000019ed4375000
}

Java Threads: ( => current thread )
  0x0000019eb70cb800 JavaThread "main" [_thread_blocked, id=4620, stack(0x00000007bd500000,0x00000007bd600000)]
  0x0000019ed1417000 JavaThread "Reference Handler" daemon [_thread_blocked, id=8912, stack(0x00000007bdc00000,0x00000007bdd00000)]
  0x0000019ed1418000 JavaThread "Finalizer" daemon [_thread_blocked, id=11544, stack(0x00000007bdd00000,0x00000007bde00000)]
  0x0000019ed1470800 JavaThread "Signal Dispatcher" daemon [_thread_blocked, id=7920, stack(0x00000007bde00000,0x00000007bdf00000)]
  0x0000019ed1472800 JavaThread "Attach Listener" daemon [_thread_blocked, id=3696, stack(0x00000007bdf00000,0x00000007be000000)]
  0x0000019ed1477000 JavaThread "Service Thread" daemon [_thread_blocked, id=8384, stack(0x00000007be000000,0x00000007be100000)]
  0x0000019ed147a000 JavaThread "C2 CompilerThread0" daemon [_thread_blocked, id=8516, stack(0x00000007be100000,0x00000007be200000)]
  0x0000019ed1499000 JavaThread "C1 CompilerThread0" daemon [_thread_blocked, id=7608, stack(0x00000007be200000,0x00000007be300000)]
  0x0000019ed149c800 JavaThread "Sweeper thread" daemon [_thread_blocked, id=7904, stack(0x00000007be300000,0x00000007be400000)]
  0x0000019ed1ef1800 JavaThread "Common-Cleaner" daemon [_thread_blocked, id=3924, stack(0x00000007be400000,0x00000007be500000)]
  0x0000019ed3464000 JavaThread "Daemon health stats" [_thread_blocked, id=5336, stack(0x00000007be700000,0x00000007be800000)]
  0x0000019ed28b0000 JavaThread "Incoming local TCP Connector on port 52926" [_thread_in_native, id=6456, stack(0x00000007be800000,0x00000007be900000)]
  0x0000019ed2036800 JavaThread "Daemon periodic checks" [_thread_blocked, id=12100, stack(0x00000007be900000,0x00000007bea00000)]
  0x0000019ed2036000 JavaThread "Daemon" [_thread_blocked, id=1216, stack(0x00000007bea00000,0x00000007beb00000)]
  0x0000019ed351a000 JavaThread "Handler for socket connection from /127.0.0.1:52926 to /127.0.0.1:52927" [_thread_in_native, id=6440, stack(0x00000007beb00000,0x00000007bec00000)]
  0x0000019ed367e000 JavaThread "Cancel handler" [_thread_blocked, id=6336, stack(0x00000007bec00000,0x00000007bed00000)]
  0x0000019ed3eff800 JavaThread "Daemon worker" [_thread_blocked, id=4404, stack(0x00000007bed00000,0x00000007bee00000)]
  0x0000019ed32e3000 JavaThread "Asynchronous log dispatcher for DefaultDaemonConnection: socket connection from /127.0.0.1:52926 to /127.0.0.1:52927" [_thread_blocked, id=6924, stack(0x00000007bee00000,0x00000007bef00000)]
  0x0000019ed20c3800 JavaThread "Stdin handler" [_thread_blocked, id=10628, stack(0x00000007bef00000,0x00000007bf000000)]
  0x0000019ed2de2000 JavaThread "Daemon client event forwarder" [_thread_blocked, id=7708, stack(0x00000007bf000000,0x00000007bf100000)]
  0x0000019ed2dde000 JavaThread "Cache worker for file hash cache (C:\Program Files\Java\jdk-17.0.1\caches\7.0.2\fileHashes)" [_thread_blocked, id=5616, stack(0x00000007bf300000,0x00000007bf400000)]
  0x0000019ed2ddd000 JavaThread "File lock request listener" [_thread_in_native, id=3788, stack(0x00000007bf400000,0x00000007bf500000)]
  0x0000019ed2ddf000 JavaThread "Cache worker for journal cache (C:\Program Files\Java\jdk-17.0.1\caches\journal-1)" [_thread_blocked, id=4148, stack(0x00000007bf500000,0x00000007bf600000)]
  0x0000019ed2ddf800 JavaThread "Cache worker for file hash cache (C:\Users\MinhNgan\AndroidStudioProjects\Android_hepat\.gradle\7.0.2\fileHashes)" [_thread_blocked, id=6096, stack(0x00000007bf600000,0x00000007bf700000)]
  0x0000019ed2de3000 JavaThread "File watcher server" daemon [_thread_blocked, id=7564, stack(0x00000007bf700000,0x00000007bf800000)]
  0x0000019ed2de4000 JavaThread "File watcher consumer" daemon [_thread_blocked, id=1832, stack(0x00000007bf800000,0x00000007bf900000)]
  0x0000019ed2de0800 JavaThread "Cache worker for checksums cache (C:\Users\MinhNgan\AndroidStudioProjects\Android_hepat\.gradle\checksums)" [_thread_blocked, id=9472, stack(0x00000007bf900000,0x00000007bfa00000)]
  0x0000019ed2de1800 JavaThread "Cache worker for cache directory md-supplier (C:\Program Files\Java\jdk-17.0.1\caches\7.0.2\md-supplier)" [_thread_blocked, id=10484, stack(0x00000007bfa00000,0x00000007bfb00000)]
  0x0000019ed2c0d800 JavaThread "Cache worker for cache directory md-rule (C:\Program Files\Java\jdk-17.0.1\caches\7.0.2\md-rule)" [_thread_blocked, id=3256, stack(0x00000007bfb00000,0x00000007bfc00000)]
  0x0000019ed2c0b800 JavaThread "Cache worker for execution history cache (C:\Program Files\Java\jdk-17.0.1\caches\7.0.2\executionHistory)" [_thread_blocked, id=4228, stack(0x00000007bfc00000,0x00000007bfd00000)]
  0x0000019ed2c0c800 JavaThread "jar transforms" [_thread_blocked, id=9940, stack(0x00000007bfd00000,0x00000007bfe00000)]
  0x0000019ed2c08800 JavaThread "jar transforms Thread 2" [_thread_blocked, id=4252, stack(0x00000007bfe00000,0x00000007bff00000)]
  0x0000019ed2c07800 JavaThread "Cache worker for file content cache (C:\Program Files\Java\jdk-17.0.1\caches\7.0.2\fileContent)" [_thread_blocked, id=4748, stack(0x00000007bff00000,0x00000007c0000000)]
  0x0000019ed2c0f000 JavaThread "Cache worker for dependencies-accessors (C:\Users\MinhNgan\AndroidStudioProjects\Android_hepat\.gradle\7.0.2\dependencies-accessors)" [_thread_blocked, id=10948, stack(0x00000007c0000000,0x00000007c0100000)]
  0x0000019ed2c0a000 JavaThread "jar transforms Thread 3" [_thread_blocked, id=8804, stack(0x00000007c0100000,0x00000007c0200000)]
  0x0000019ed2c10000 JavaThread "Cache worker for Build Output Cleanup Cache (C:\Users\MinhNgan\AndroidStudioProjects\Android_hepat\.gradle\buildOutputCleanup)" [_thread_blocked, id=124, stack(0x00000007c0200000,0x00000007c0300000)]
  0x0000019ed2c10800 JavaThread "Build operations" [_thread_blocked, id=9380, stack(0x00000007c0300000,0x00000007c0400000)]
  0x0000019ed2c0b000 JavaThread "Build operations Thread 2" [_thread_blocked, id=6292, stack(0x00000007c0400000,0x00000007c0500000)]
  0x0000019ed2c11800 JavaThread "Build operations Thread 3" [_thread_blocked, id=7440, stack(0x00000007c0500000,0x00000007c0600000)]
  0x0000019ed2c15800 JavaThread "Build operations Thread 4" [_thread_blocked, id=5348, stack(0x00000007c0600000,0x00000007c0700000)]
  0x0000019ed2c14800 JavaThread "jar transforms Thread 4" [_thread_blocked, id=5816, stack(0x00000007c0700000,0x00000007c0800000)]
  0x0000019ed2c16800 JavaThread "Memory manager" [_thread_blocked, id=3736, stack(0x00000007c0800000,0x00000007c0900000)]
  0x0000019ed2c13000 JavaThread "build event listener" [_thread_blocked, id=7952, stack(0x00000007c0900000,0x00000007c0a00000)]
  0x0000019ed2c14000 JavaThread "Execution worker for ':'" [_thread_blocked, id=5088, stack(0x00000007c0a00000,0x00000007c0b00000)]
  0x0000019ed436f800 JavaThread "Execution worker for ':' Thread 2" [_thread_blocked, id=8856, stack(0x00000007c0b00000,0x00000007c0c00000)]
  0x0000019ed4370000 JavaThread "Execution worker for ':' Thread 3" [_thread_blocked, id=220, stack(0x00000007c0c00000,0x00000007c0d00000)]
  0x0000019ed4375000 JavaThread "Cache worker for execution history cache (C:\Users\MinhNgan\AndroidStudioProjects\Android_hepat\.gradle\7.0.2\executionHistory)" [_thread_blocked, id=4348, stack(0x00000007c0d00000,0x00000007c0e00000)]

Other Threads:
=>0x0000019ed140f800 VMThread "VM Thread" [stack: 0x00000007bdb00000,0x00000007bdc00000] [id=1968]
  0x0000019ed1f3f800 WatcherThread [stack: 0x00000007be500000,0x00000007be600000] [id=11684]
  0x0000019eb70e4800 GCTaskThread "GC Thread#0" [stack: 0x00000007bd600000,0x00000007bd700000] [id=9988]
  0x0000019ed2384000 GCTaskThread "GC Thread#1" [stack: 0x00000007be600000,0x00000007be700000] [id=10656]
  0x0000019ed2cef000 GCTaskThread "GC Thread#2" [stack: 0x00000007bf100000,0x00000007bf200000] [id=5264]
  0x0000019ed20c4800 GCTaskThread "GC Thread#3" [stack: 0x00000007bf200000,0x00000007bf300000] [id=4028]
  0x0000019eb7113800 ConcurrentGCThread "G1 Main Marker" [stack: 0x00000007bd700000,0x00000007bd800000] [id=1896]
  0x0000019eb7115000 ConcurrentGCThread "G1 Conc#0" [stack: 0x00000007bd800000,0x00000007bd900000] [id=9164]
  0x0000019eb716d000 ConcurrentGCThread "G1 Refine#0" [stack: 0x00000007bd900000,0x00000007bda00000] [id=7552]
  0x0000019eb716f000 ConcurrentGCThread "G1 Young RemSet Sampling" [stack: 0x00000007bda00000,0x00000007bdb00000] [id=3120]

Threads with active compile tasks:
C2 CompilerThread0  24244 8850 %     4       org.gradle.internal.instantiation.generator.AbstractClassGenerator::inspectType @ 207 (560 bytes)

VM state:at safepoint (normal execution)

VM Mutex/Monitor currently owned by a thread:  ([mutex/lock_event])
[0x0000019eb70c8af0] Threads_lock - owner thread: 0x0000019ed140f800
[0x0000019eb70c83a0] Heap_lock - owner thread: 0x0000019ed436f800

Heap address: 0x0000000080000000, size: 2048 MB, Compressed Oops mode: 32-bit
Narrow klass base: 0x0000000000000000, Narrow klass shift: 3
Compressed class space size: 1073741824 Address: 0x0000000100000000

Heap:
 garbage-first heap   total 198656K, used 69327K [0x0000000080000000, 0x0000000100000000)
  region size 1024K, 4 young (4096K), 4 survivors (4096K)
 Metaspace       used 80255K, capacity 82355K, committed 82556K, reserved 1120256K
  class space    used 10453K, capacity 11235K, committed 11264K, reserved 1048576K
Heap Regions: E=young(eden), S=young(survivor), O=old, HS=humongous(starts), HC=humongous(continues), CS=collection set, F=free, A=archive, TAMS=top-at-mark-start (previous, next)
|   0|0x0000000080000000, 0x0000000080100000, 0x0000000080100000|100%|HS|  |TAMS 0x0000000080100000, 0x0000000080100000| Complete 
|   1|0x0000000080100000, 0x0000000080200000, 0x0000000080200000|100%|HC|  |TAMS 0x0000000080200000, 0x0000000080200000| Complete 
|   2|0x0000000080200000, 0x0000000080300000, 0x0000000080300000|100%|HC|  |TAMS 0x0000000080300000, 0x0000000080300000| Complete 
|   3|0x0000000080300000, 0x0000000080400000, 0x0000000080400000|100%| O|  |TAMS 0x0000000080400000, 0x0000000080400000| Untracked 
|   4|0x0000000080400000, 0x0000000080500000, 0x0000000080500000|100%| O|  |TAMS 0x0000000080500000, 0x0000000080500000| Untracked 
|   5|0x0000000080500000, 0x0000000080600000, 0x0000000080600000|100%| O|  |TAMS 0x0000000080600000, 0x0000000080600000| Untracked 
|   6|0x0000000080600000, 0x0000000080700000, 0x0000000080700000|100%| O|  |TAMS 0x0000000080700000, 0x0000000080700000| Untracked 
|   7|0x0000000080700000, 0x0000000080800000, 0x0000000080800000|100%| O|  |TAMS 0x0000000080800000, 0x0000000080800000| Untracked 
|   8|0x0000000080800000, 0x0000000080900000, 0x0000000080900000|100%| O|  |TAMS 0x0000000080900000, 0x0000000080900000| Untracked 
|   9|0x0000000080900000, 0x0000000080a00000, 0x0000000080a00000|100%| O|  |TAMS 0x0000000080a00000, 0x0000000080a00000| Untracked 
|  10|0x0000000080a00000, 0x0000000080b00000, 0x0000000080b00000|100%| O|  |TAMS 0x0000000080b00000, 0x0000000080b00000| Untracked 
|  11|0x0000000080b00000, 0x0000000080c00000, 0x0000000080c00000|100%| O|  |TAMS 0x0000000080c00000, 0x0000000080c00000| Untracked 
|  12|0x0000000080c00000, 0x0000000080d00000, 0x0000000080d00000|100%| O|  |TAMS 0x0000000080d00000, 0x0000000080d00000| Untracked 
|  13|0x0000000080d00000, 0x0000000080e00000, 0x0000000080e00000|100%| O|  |TAMS 0x0000000080e00000, 0x0000000080e00000| Untracked 
|  14|0x0000000080e00000, 0x0000000080f00000, 0x0000000080f00000|100%| O|  |TAMS 0x0000000080f00000, 0x0000000080f00000| Untracked 
|  15|0x0000000080f00000, 0x0000000081000000, 0x0000000081000000|100%| O|  |TAMS 0x0000000081000000, 0x0000000081000000| Untracked 
|  16|0x0000000081000000, 0x0000000081100000, 0x0000000081100000|100%| O|  |TAMS 0x0000000081100000, 0x0000000081100000| Untracked 
|  17|0x0000000081100000, 0x0000000081200000, 0x0000000081200000|100%| O|  |TAMS 0x0000000081200000, 0x0000000081200000| Untracked 
|  18|0x0000000081200000, 0x0000000081300000, 0x0000000081300000|100%| O|  |TAMS 0x0000000081300000, 0x0000000081300000| Untracked 
|  19|0x0000000081300000, 0x0000000081400000, 0x0000000081400000|100%| O|  |TAMS 0x0000000081400000, 0x0000000081400000| Untracked 
|  20|0x0000000081400000, 0x0000000081500000, 0x0000000081500000|100%| O|  |TAMS 0x0000000081500000, 0x0000000081500000| Untracked 
|  21|0x0000000081500000, 0x0000000081600000, 0x0000000081600000|100%| O|  |TAMS 0x0000000081600000, 0x0000000081600000| Untracked 
|  22|0x0000000081600000, 0x0000000081700000, 0x0000000081700000|100%| O|  |TAMS 0x0000000081700000, 0x0000000081700000| Untracked 
|  23|0x0000000081700000, 0x0000000081800000, 0x0000000081800000|100%| O|  |TAMS 0x0000000081800000, 0x0000000081800000| Untracked 
|  24|0x0000000081800000, 0x0000000081900000, 0x0000000081900000|100%| O|  |TAMS 0x0000000081900000, 0x0000000081900000| Untracked 
|  25|0x0000000081900000, 0x0000000081a00000, 0x0000000081a00000|100%| O|  |TAMS 0x0000000081a00000, 0x0000000081a00000| Untracked 
|  26|0x0000000081a00000, 0x0000000081b00000, 0x0000000081b00000|100%| O|  |TAMS 0x0000000081b00000, 0x0000000081b00000| Untracked 
|  27|0x0000000081b00000, 0x0000000081c00000, 0x0000000081c00000|100%|HS|  |TAMS 0x0000000081c00000, 0x0000000081c00000| Complete 
|  28|0x0000000081c00000, 0x0000000081d00000, 0x0000000081d00000|100%|HS|  |TAMS 0x0000000081d00000, 0x0000000081d00000| Complete 
|  29|0x0000000081d00000, 0x0000000081e00000, 0x0000000081e00000|100%|HS|  |TAMS 0x0000000081e00000, 0x0000000081e00000| Complete 
|  30|0x0000000081e00000, 0x0000000081f00000, 0x0000000081f00000|100%|HC|  |TAMS 0x0000000081f00000, 0x0000000081f00000| Complete 
|  31|0x0000000081f00000, 0x0000000082000000, 0x0000000082000000|100%| O|  |TAMS 0x0000000082000000, 0x0000000082000000| Untracked 
|  32|0x0000000082000000, 0x0000000082100000, 0x0000000082100000|100%| O|  |TAMS 0x0000000082100000, 0x0000000082100000| Untracked 
|  33|0x0000000082100000, 0x0000000082200000, 0x0000000082200000|100%| O|  |TAMS 0x0000000082200000, 0x0000000082200000| Untracked 
|  34|0x0000000082200000, 0x0000000082300000, 0x0000000082300000|100%| O|  |TAMS 0x0000000082300000, 0x0000000082300000| Untracked 
|  35|0x0000000082300000, 0x0000000082400000, 0x0000000082400000|100%| O|  |TAMS 0x0000000082400000, 0x0000000082400000| Untracked 
|  36|0x0000000082400000, 0x0000000082500000, 0x0000000082500000|100%| O|  |TAMS 0x0000000082500000, 0x0000000082500000| Untracked 
|  37|0x0000000082500000, 0x0000000082600000, 0x0000000082600000|100%| O|  |TAMS 0x0000000082600000, 0x0000000082600000| Untracked 
|  38|0x0000000082600000, 0x0000000082700000, 0x0000000082700000|100%| O|  |TAMS 0x0000000082700000, 0x0000000082700000| Untracked 
|  39|0x0000000082700000, 0x0000000082800000, 0x0000000082800000|100%| O|  |TAMS 0x0000000082800000, 0x0000000082800000| Untracked 
|  40|0x0000000082800000, 0x0000000082900000, 0x0000000082900000|100%| O|  |TAMS 0x0000000082900000, 0x0000000082900000| Untracked 
|  41|0x0000000082900000, 0x0000000082a00000, 0x0000000082a00000|100%| O|  |TAMS 0x0000000082a00000, 0x0000000082a00000| Untracked 
|  42|0x0000000082a00000, 0x0000000082b00000, 0x0000000082b00000|100%| O|  |TAMS 0x0000000082b00000, 0x0000000082b00000| Untracked 
|  43|0x0000000082b00000, 0x0000000082c00000, 0x0000000082c00000|100%| O|  |TAMS 0x0000000082c00000, 0x0000000082c00000| Untracked 
|  44|0x0000000082c00000, 0x0000000082d00000, 0x0000000082d00000|100%| O|  |TAMS 0x0000000082d00000, 0x0000000082d00000| Untracked 
|  45|0x0000000082d00000, 0x0000000082e00000, 0x0000000082e00000|100%| O|  |TAMS 0x0000000082e00000, 0x0000000082e00000| Untracked 
|  46|0x0000000082e00000, 0x0000000082f00000, 0x0000000082f00000|100%| O|  |TAMS 0x0000000082f00000, 0x0000000082f00000| Untracked 
|  47|0x0000000082f00000, 0x0000000083000000, 0x0000000083000000|100%| O|  |TAMS 0x0000000083000000, 0x0000000083000000| Untracked 
|  48|0x0000000083000000, 0x0000000083100000, 0x0000000083100000|100%| O|  |TAMS 0x0000000083100000, 0x0000000083100000| Untracked 
|  49|0x0000000083100000, 0x0000000083200000, 0x0000000083200000|100%| O|  |TAMS 0x0000000083200000, 0x0000000083200000| Untracked 
|  50|0x0000000083200000, 0x0000000083300000, 0x0000000083300000|100%| O|  |TAMS 0x0000000083300000, 0x0000000083300000| Untracked 
|  51|0x0000000083300000, 0x0000000083400000, 0x0000000083400000|100%| O|  |TAMS 0x0000000083400000, 0x0000000083400000| Untracked 
|  52|0x0000000083400000, 0x0000000083500000, 0x0000000083500000|100%| O|  |TAMS 0x0000000083500000, 0x0000000083500000| Untracked 
|  53|0x0000000083500000, 0x0000000083600000, 0x0000000083600000|100%| O|  |TAMS 0x0000000083515200, 0x0000000083600000| Untracked 
|  54|0x0000000083600000, 0x0000000083700000, 0x0000000083700000|100%| O|  |TAMS 0x0000000083600000, 0x0000000083700000| Untracked 
|  55|0x0000000083700000, 0x0000000083800000, 0x0000000083800000|100%| O|  |TAMS 0x0000000083700000, 0x0000000083800000| Untracked 
|  56|0x0000000083800000, 0x0000000083900000, 0x0000000083900000|100%| O|  |TAMS 0x0000000083800000, 0x0000000083900000| Untracked 
|  57|0x0000000083900000, 0x0000000083a00000, 0x0000000083a00000|100%| O|  |TAMS 0x0000000083900000, 0x0000000083a00000| Untracked 
|  58|0x0000000083a00000, 0x0000000083b00000, 0x0000000083b00000|100%| O|  |TAMS 0x0000000083a00000, 0x0000000083b00000| Untracked 
|  59|0x0000000083b00000, 0x0000000083c00000, 0x0000000083c00000|100%| O|  |TAMS 0x0000000083b00000, 0x0000000083c00000| Untracked 
|  60|0x0000000083c00000, 0x0000000083d00000, 0x0000000083d00000|100%| O|  |TAMS 0x0000000083c00000, 0x0000000083d00000| Untracked 
|  61|0x0000000083d00000, 0x0000000083e00000, 0x0000000083e00000|100%| O|  |TAMS 0x0000000083d00000, 0x0000000083e00000| Untracked 
|  62|0x0000000083e00000, 0x0000000083f00000, 0x0000000083f00000|100%| O|  |TAMS 0x0000000083e00000, 0x0000000083f00000| Untracked 
|  63|0x0000000083f00000, 0x0000000083ffda00, 0x0000000084000000| 99%| O|  |TAMS 0x0000000083f00000, 0x0000000083ffda00| Untracked 
|  64|0x0000000084000000, 0x0000000084000000, 0x0000000084100000|  0%| F|  |TAMS 0x0000000084000000, 0x0000000084000000| Untracked 
|  65|0x0000000084100000, 0x0000000084100000, 0x0000000084200000|  0%| F|  |TAMS 0x0000000084100000, 0x0000000084100000| Untracked 
|  66|0x0000000084200000, 0x0000000084200000, 0x0000000084300000|  0%| F|  |TAMS 0x0000000084200000, 0x0000000084200000| Untracked 
|  67|0x0000000084300000, 0x0000000084300000, 0x0000000084400000|  0%| F|  |TAMS 0x0000000084300000, 0x0000000084300000| Untracked 
|  68|0x0000000084400000, 0x0000000084400000, 0x0000000084500000|  0%| F|  |TAMS 0x0000000084400000, 0x0000000084400000| Untracked 
|  69|0x0000000084500000, 0x0000000084500000, 0x0000000084600000|  0%| F|  |TAMS 0x0000000084500000, 0x0000000084500000| Untracked 
|  70|0x0000000084600000, 0x0000000084600000, 0x0000000084700000|  0%| F|  |TAMS 0x0000000084600000, 0x0000000084600000| Untracked 
|  71|0x0000000084700000, 0x0000000084700000, 0x0000000084800000|  0%| F|  |TAMS 0x0000000084700000, 0x0000000084700000| Untracked 
|  72|0x0000000084800000, 0x0000000084800000, 0x0000000084900000|  0%| F|  |TAMS 0x0000000084800000, 0x0000000084800000| Untracked 
|  73|0x0000000084900000, 0x0000000084900000, 0x0000000084a00000|  0%| F|  |TAMS 0x0000000084900000, 0x0000000084900000| Untracked 
|  74|0x0000000084a00000, 0x0000000084a00000, 0x0000000084b00000|  0%| F|  |TAMS 0x0000000084a00000, 0x0000000084a00000| Untracked 
|  75|0x0000000084b00000, 0x0000000084b00000, 0x0000000084c00000|  0%| F|  |TAMS 0x0000000084b00000, 0x0000000084b00000| Untracked 
|  76|0x0000000084c00000, 0x0000000084c00000, 0x0000000084d00000|  0%| F|  |TAMS 0x0000000084c00000, 0x0000000084c00000| Untracked 
|  77|0x0000000084d00000, 0x0000000084d00000, 0x0000000084e00000|  0%| F|  |TAMS 0x0000000084d00000, 0x0000000084d00000| Untracked 
|  78|0x0000000084e00000, 0x0000000084e00000, 0x0000000084f00000|  0%| F|  |TAMS 0x0000000084e00000, 0x0000000084e00000| Untracked 
|  79|0x0000000084f00000, 0x0000000084f00000, 0x0000000085000000|  0%| F|  |TAMS 0x0000000084f00000, 0x0000000084f00000| Untracked 
|  80|0x0000000085000000, 0x0000000085000000, 0x0000000085100000|  0%| F|  |TAMS 0x0000000085000000, 0x0000000085000000| Untracked 
|  81|0x0000000085100000, 0x0000000085100000, 0x0000000085200000|  0%| F|  |TAMS 0x0000000085100000, 0x0000000085100000| Untracked 
|  82|0x0000000085200000, 0x0000000085200000, 0x0000000085300000|  0%| F|  |TAMS 0x0000000085200000, 0x0000000085200000| Untracked 
|  83|0x0000000085300000, 0x0000000085300000, 0x0000000085400000|  0%| F|  |TAMS 0x0000000085300000, 0x0000000085300000| Untracked 
|  84|0x0000000085400000, 0x0000000085400000, 0x0000000085500000|  0%| F|  |TAMS 0x0000000085400000, 0x0000000085400000| Untracked 
|  85|0x0000000085500000, 0x0000000085500000, 0x0000000085600000|  0%| F|  |TAMS 0x0000000085500000, 0x0000000085500000| Untracked 
|  86|0x0000000085600000, 0x0000000085600000, 0x0000000085700000|  0%| F|  |TAMS 0x0000000085600000, 0x0000000085600000| Untracked 
|  87|0x0000000085700000, 0x0000000085700000, 0x0000000085800000|  0%| F|  |TAMS 0x0000000085700000, 0x0000000085700000| Untracked 
|  88|0x0000000085800000, 0x0000000085800000, 0x0000000085900000|  0%| F|  |TAMS 0x0000000085800000, 0x0000000085800000| Untracked 
|  89|0x0000000085900000, 0x0000000085900000, 0x0000000085a00000|  0%| F|  |TAMS 0x0000000085900000, 0x0000000085900000| Untracked 
|  90|0x0000000085a00000, 0x0000000085a00000, 0x0000000085b00000|  0%| F|  |TAMS 0x0000000085a00000, 0x0000000085a00000| Untracked 
|  91|0x0000000085b00000, 0x0000000085b00000, 0x0000000085c00000|  0%| F|  |TAMS 0x0000000085b00000, 0x0000000085b00000| Untracked 
|  92|0x0000000085c00000, 0x0000000085c00000, 0x0000000085d00000|  0%| F|  |TAMS 0x0000000085c00000, 0x0000000085c00000| Untracked 
|  93|0x0000000085d00000, 0x0000000085d00000, 0x0000000085e00000|  0%| F|  |TAMS 0x0000000085d00000, 0x0000000085d00000| Untracked 
|  94|0x0000000085e00000, 0x0000000085e00000, 0x0000000085f00000|  0%| F|  |TAMS 0x0000000085e00000, 0x0000000085e00000| Untracked 
|  95|0x0000000085f00000, 0x0000000085f00000, 0x0000000086000000|  0%| F|  |TAMS 0x0000000085f00000, 0x0000000085f00000| Untracked 
|  96|0x0000000086000000, 0x0000000086000000, 0x0000000086100000|  0%| F|  |TAMS 0x0000000086000000, 0x0000000086000000| Untracked 
|  97|0x0000000086100000, 0x0000000086100000, 0x0000000086200000|  0%| F|  |TAMS 0x0000000086100000, 0x0000000086100000| Untracked 
|  98|0x0000000086200000, 0x0000000086200000, 0x0000000086300000|  0%| F|  |TAMS 0x0000000086200000, 0x0000000086200000| Untracked 
|  99|0x0000000086300000, 0x0000000086300000, 0x0000000086400000|  0%| F|  |TAMS 0x0000000086300000, 0x0000000086300000| Untracked 
| 100|0x0000000086400000, 0x0000000086400000, 0x0000000086500000|  0%| F|  |TAMS 0x0000000086400000, 0x0000000086400000| Untracked 
| 101|0x0000000086500000, 0x0000000086500000, 0x0000000086600000|  0%| F|  |TAMS 0x0000000086500000, 0x0000000086500000| Untracked 
| 102|0x0000000086600000, 0x0000000086600000, 0x0000000086700000|  0%| F|  |TAMS 0x0000000086600000, 0x0000000086600000| Untracked 
| 103|0x0000000086700000, 0x0000000086700000, 0x0000000086800000|  0%| F|  |TAMS 0x0000000086700000, 0x0000000086700000| Untracked 
| 104|0x0000000086800000, 0x0000000086800000, 0x0000000086900000|  0%| F|  |TAMS 0x0000000086800000, 0x0000000086800000| Untracked 
| 105|0x0000000086900000, 0x0000000086900000, 0x0000000086a00000|  0%| F|  |TAMS 0x0000000086900000, 0x0000000086900000| Untracked 
| 106|0x0000000086a00000, 0x0000000086a00000, 0x0000000086b00000|  0%| F|  |TAMS 0x0000000086a00000, 0x0000000086a00000| Untracked 
| 107|0x0000000086b00000, 0x0000000086b00000, 0x0000000086c00000|  0%| F|  |TAMS 0x0000000086b00000, 0x0000000086b00000| Untracked 
| 108|0x0000000086c00000, 0x0000000086c00000, 0x0000000086d00000|  0%| F|  |TAMS 0x0000000086c00000, 0x0000000086c00000| Untracked 
| 109|0x0000000086d00000, 0x0000000086d00000, 0x0000000086e00000|  0%| F|  |TAMS 0x0000000086d00000, 0x0000000086d00000| Untracked 
| 110|0x0000000086e00000, 0x0000000086e00000, 0x0000000086f00000|  0%| F|  |TAMS 0x0000000086e00000, 0x0000000086e00000| Untracked 
| 111|0x0000000086f00000, 0x0000000086f00000, 0x0000000087000000|  0%| F|  |TAMS 0x0000000086f00000, 0x0000000086f00000| Untracked 
| 112|0x0000000087000000, 0x0000000087000000, 0x0000000087100000|  0%| F|  |TAMS 0x0000000087000000, 0x0000000087000000| Untracked 
| 113|0x0000000087100000, 0x0000000087100000, 0x0000000087200000|  0%| F|  |TAMS 0x0000000087100000, 0x0000000087100000| Untracked 
| 114|0x0000000087200000, 0x0000000087200000, 0x0000000087300000|  0%| F|  |TAMS 0x0000000087200000, 0x0000000087200000| Untracked 
| 115|0x0000000087300000, 0x0000000087300000, 0x0000000087400000|  0%| F|  |TAMS 0x0000000087300000, 0x0000000087300000| Untracked 
| 116|0x0000000087400000, 0x0000000087400000, 0x0000000087500000|  0%| F|  |TAMS 0x0000000087400000, 0x0000000087400000| Untracked 
| 117|0x0000000087500000, 0x0000000087500000, 0x0000000087600000|  0%| F|  |TAMS 0x0000000087500000, 0x0000000087500000| Untracked 
| 118|0x0000000087600000, 0x00000000876b63a0, 0x0000000087700000| 71%| S|CS|TAMS 0x0000000087600000, 0x0000000087600000| Complete 
| 119|0x0000000087700000, 0x0000000087800000, 0x0000000087800000|100%| S|CS|TAMS 0x0000000087700000, 0x0000000087700000| Complete 
| 120|0x0000000087800000, 0x0000000087900000, 0x0000000087900000|100%| S|CS|TAMS 0x0000000087800000, 0x0000000087800000| Complete 
| 121|0x0000000087900000, 0x0000000087a00000, 0x0000000087a00000|100%| S|CS|TAMS 0x0000000087900000, 0x0000000087900000| Complete 
| 122|0x0000000087a00000, 0x0000000087a00000, 0x0000000087b00000|  0%| F|  |TAMS 0x0000000087a00000, 0x0000000087a00000| Untracked 
| 123|0x0000000087b00000, 0x0000000087b00000, 0x0000000087c00000|  0%| F|  |TAMS 0x0000000087b00000, 0x0000000087b00000| Untracked 
| 124|0x0000000087c00000, 0x0000000087c00000, 0x0000000087d00000|  0%| F|  |TAMS 0x0000000087c00000, 0x0000000087c00000| Untracked 
| 125|0x0000000087d00000, 0x0000000087d00000, 0x0000000087e00000|  0%| F|  |TAMS 0x0000000087d00000, 0x0000000087d00000| Untracked 
| 126|0x0000000087e00000, 0x0000000087e00000, 0x0000000087f00000|  0%| F|  |TAMS 0x0000000087e00000, 0x0000000087e00000| Untracked 
| 127|0x0000000087f00000, 0x0000000087f00000, 0x0000000088000000|  0%| F|  |TAMS 0x0000000087f00000, 0x0000000087f00000| Untracked 
| 128|0x0000000088000000, 0x0000000088000000, 0x0000000088100000|  0%| F|  |TAMS 0x0000000088000000, 0x0000000088000000| Untracked 
| 129|0x0000000088100000, 0x0000000088100000, 0x0000000088200000|  0%| F|  |TAMS 0x0000000088100000, 0x0000000088100000| Untracked 
| 130|0x0000000088200000, 0x0000000088200000, 0x0000000088300000|  0%| F|  |TAMS 0x0000000088200000, 0x0000000088200000| Untracked 
| 131|0x0000000088300000, 0x0000000088300000, 0x0000000088400000|  0%| F|  |TAMS 0x0000000088300000, 0x0000000088300000| Untracked 
| 132|0x0000000088400000, 0x0000000088400000, 0x0000000088500000|  0%| F|  |TAMS 0x0000000088400000, 0x0000000088400000| Untracked 
| 133|0x0000000088500000, 0x0000000088500000, 0x0000000088600000|  0%| F|  |TAMS 0x0000000088500000, 0x0000000088500000| Untracked 
| 134|0x0000000088600000, 0x0000000088600000, 0x0000000088700000|  0%| F|  |TAMS 0x0000000088600000, 0x0000000088600000| Untracked 
| 135|0x0000000088700000, 0x0000000088700000, 0x0000000088800000|  0%| F|  |TAMS 0x0000000088700000, 0x0000000088700000| Untracked 
| 136|0x0000000088800000, 0x0000000088800000, 0x0000000088900000|  0%| F|  |TAMS 0x0000000088800000, 0x0000000088800000| Untracked 
| 137|0x0000000088900000, 0x0000000088900000, 0x0000000088a00000|  0%| F|  |TAMS 0x0000000088900000, 0x0000000088900000| Untracked 
| 138|0x0000000088a00000, 0x0000000088a00000, 0x0000000088b00000|  0%| F|  |TAMS 0x0000000088a00000, 0x0000000088a00000| Untracked 
| 139|0x0000000088b00000, 0x0000000088b00000, 0x0000000088c00000|  0%| F|  |TAMS 0x0000000088b00000, 0x0000000088b00000| Untracked 

Card table byte_map: [0x0000019eca610000,0x0000019ecaa10000] _byte_map_base: 0x0000019eca210000

Marking Bits (Prev, Next): (CMBitMap*) 0x0000019eb710ad90, (CMBitMap*) 0x0000019eb710ad58
 Prev Bits: [0x0000019ecce10000, 0x0000019ecee10000)
 Next Bits: [0x0000019ecae10000, 0x0000019ecce10000)

Polling page: 0x0000019eb71b0000

Metaspace:

Usage:
  Non-class:     69.45 MB capacity,    68.17 MB ( 98%) used,     1.07 MB (  2%) free+waste,   227.19 KB ( <1%) overhead. 
      Class:     10.97 MB capacity,    10.21 MB ( 93%) used,   676.30 KB (  6%) free+waste,   104.81 KB ( <1%) overhead. 
       Both:     80.42 MB capacity,    78.37 MB ( 97%) used,     1.73 MB (  2%) free+waste,   332.00 KB ( <1%) overhead. 

Virtual space:
  Non-class space:       70.00 MB reserved,      69.62 MB (>99%) committed 
      Class space:        1.00 GB reserved,      11.00 MB (  1%) committed 
             Both:        1.07 GB reserved,      80.62 MB (  7%) committed 

Chunk freelists:
   Non-Class:  44.00 KB
       Class:  29.00 KB
        Both:  73.00 KB

MaxMetaspaceSize: 17179869184.00 GB
CompressedClassSpaceSize: 1.00 GB

CodeHeap 'non-profiled nmethods': size=120064Kb used=3904Kb max_used=3904Kb free=116159Kb
 bounds [0x0000019ec26a0000, 0x0000019ec2a80000, 0x0000019ec9be0000]
CodeHeap 'profiled nmethods': size=120000Kb used=17446Kb max_used=17446Kb free=102553Kb
 bounds [0x0000019ebb170000, 0x0000019ebc280000, 0x0000019ec26a0000]
CodeHeap 'non-nmethods': size=5696Kb used=2271Kb max_used=2308Kb free=3424Kb
 bounds [0x0000019ebabe0000, 0x0000019ebae50000, 0x0000019ebb170000]
 total_blobs=9587 nmethods=8717 adapters=781
 compilation: enabled
              stopped_count=0, restarted_count=0
 full_count=0

Compilation events (20 events):
Event: 24.099 Thread 0x0000019ed1499000 8847       3       org.gradle.api.internal.provider.DefaultProperty::unpackState (5 bytes)
Event: 24.099 Thread 0x0000019ed1499000 nmethod 8847 0x0000019ebc275a90 code [0x0000019ebc275c60, 0x0000019ebc275fd8]
Event: 24.099 Thread 0x0000019ed1499000 8848       3       org.gradle.api.internal.provider.DefaultProperty::getProvider (8 bytes)
Event: 24.099 Thread 0x0000019ed1499000 nmethod 8848 0x0000019ebc276090 code [0x0000019ebc276240, 0x0000019ebc2764d8]
Event: 24.099 Thread 0x0000019ed1499000 8849       3       org.gradle.api.internal.provider.DefaultProperty::value (7 bytes)
Event: 24.099 Thread 0x0000019ed1499000 nmethod 8849 0x0000019ebc276590 code [0x0000019ebc276740, 0x0000019ebc2768e8]
Event: 24.100 Thread 0x0000019ed1499000 8851       3       org.gradle.internal.instantiation.generator.AsmBackedClassGenerator$ClassBuilderImpl::mixInGroovyObject (67 bytes)
Event: 24.101 Thread 0x0000019ed1499000 nmethod 8851 0x0000019ebc276990 code [0x0000019ebc276c40, 0x0000019ebc2777b8]
Event: 24.106 Thread 0x0000019ed147a000 nmethod 8840 0x0000019ec2a6f510 code [0x0000019ec2a6f700, 0x0000019ec2a6fd68]
Event: 24.106 Thread 0x0000019ed147a000 8850 %     4       org.gradle.internal.instantiation.generator.AbstractClassGenerator::inspectType @ 207 (560 bytes)
Event: 24.154 Thread 0x0000019ed1499000 8853       3       org.gradle.internal.execution.history.changes.AbsolutePathFingerprintCompareStrategy$$Lambda$796/0x0000000100aa6040::hasSameContent (12 bytes)
Event: 24.155 Thread 0x0000019ed1499000 nmethod 8853 0x0000019ebc277c10 code [0x0000019ebc277e20, 0x0000019ebc278368]
Event: 24.155 Thread 0x0000019ed1499000 8854       3       org.gradle.internal.execution.history.changes.AbsolutePathFingerprintCompareStrategy::lambda$new$0 (16 bytes)
Event: 24.155 Thread 0x0000019ed1499000 nmethod 8854 0x0000019ebc278510 code [0x0000019ebc2786e0, 0x0000019ebc278988]
Event: 24.162 Thread 0x0000019ed1499000 8855       3       org.gradle.api.internal.provider.AbstractMinimalProvider::unpackState (5 bytes)
Event: 24.164 Thread 0x0000019ed1499000 nmethod 8855 0x0000019ebc278b10 code [0x0000019ebc278ce0, 0x0000019ebc279038]
Event: 24.164 Thread 0x0000019ed1499000 8856       3       org.gradle.internal.snapshot.impl.IsolatedArray::<init> (11 bytes)
Event: 24.164 Thread 0x0000019ed1499000 nmethod 8856 0x0000019ebc279110 code [0x0000019ebc2792e0, 0x0000019ebc279558]
Event: 24.164 Thread 0x0000019ed1499000 8857       3       org.gradle.internal.snapshot.impl.AbstractArraySnapshot::<init> (10 bytes)
Event: 24.165 Thread 0x0000019ed1499000 nmethod 8857 0x0000019ebc279690 code [0x0000019ebc279840, 0x0000019ebc2799f8]

GC Heap History (20 events):
Event: 17.141 GC heap after
{Heap after GC invocations=28 (full 0):
 garbage-first heap   total 95232K, used 49271K [0x0000000080000000, 0x0000000100000000)
  region size 1024K, 3 young (3072K), 3 survivors (3072K)
 Metaspace       used 62320K, capacity 63820K, committed 63868K, reserved 1105920K
  class space    used 7894K, capacity 8417K, committed 8448K, reserved 1048576K
}
Event: 17.695 GC heap before
{Heap before GC invocations=29 (full 0):
 garbage-first heap   total 95232K, used 71799K [0x0000000080000000, 0x0000000100000000)
  region size 1024K, 24 young (24576K), 3 survivors (3072K)
 Metaspace       used 63261K, capacity 64811K, committed 65148K, reserved 1105920K
  class space    used 8040K, capacity 8591K, committed 8704K, reserved 1048576K
}
Event: 17.704 GC heap after
{Heap after GC invocations=30 (full 0):
 garbage-first heap   total 95232K, used 50245K [0x0000000080000000, 0x0000000100000000)
  region size 1024K, 2 young (2048K), 2 survivors (2048K)
 Metaspace       used 63261K, capacity 64811K, committed 65148K, reserved 1105920K
  class space    used 8040K, capacity 8591K, committed 8704K, reserved 1048576K
}
Event: 17.893 GC heap before
{Heap before GC invocations=30 (full 0):
 garbage-first heap   total 95232K, used 70725K [0x0000000080000000, 0x0000000100000000)
  region size 1024K, 23 young (23552K), 2 survivors (2048K)
 Metaspace       used 63636K, capacity 65230K, committed 65404K, reserved 1105920K
  class space    used 8083K, capacity 8667K, committed 8704K, reserved 1048576K
}
Event: 17.904 GC heap after
{Heap after GC invocations=31 (full 0):
 garbage-first heap   total 114688K, used 52518K [0x0000000080000000, 0x0000000100000000)
  region size 1024K, 3 young (3072K), 3 survivors (3072K)
 Metaspace       used 63636K, capacity 65230K, committed 65404K, reserved 1105920K
  class space    used 8083K, capacity 8667K, committed 8704K, reserved 1048576K
}
Event: 18.760 GC heap before
{Heap before GC invocations=32 (full 0):
 garbage-first heap   total 114688K, used 80166K [0x0000000080000000, 0x0000000100000000)
  region size 1024K, 30 young (30720K), 3 survivors (3072K)
 Metaspace       used 67279K, capacity 68952K, committed 69116K, reserved 1110016K
  class space    used 8704K, capacity 9287K, committed 9344K, reserved 1048576K
}
Event: 18.773 GC heap after
{Heap after GC invocations=33 (full 0):
 garbage-first heap   total 114688K, used 54357K [0x0000000080000000, 0x0000000100000000)
  region size 1024K, 4 young (4096K), 4 survivors (4096K)
 Metaspace       used 67279K, capacity 68952K, committed 69116K, reserved 1110016K
  class space    used 8704K, capacity 9287K, committed 9344K, reserved 1048576K
}
Event: 19.127 GC heap before
{Heap before GC invocations=33 (full 0):
 garbage-first heap   total 114688K, used 82005K [0x0000000080000000, 0x0000000100000000)
  region size 1024K, 31 young (31744K), 4 survivors (4096K)
 Metaspace       used 68547K, capacity 70171K, committed 70268K, reserved 1110016K
  class space    used 8862K, capacity 9432K, committed 9472K, reserved 1048576K
}
Event: 19.141 GC heap after
{Heap after GC invocations=34 (full 0):
 garbage-first heap   total 114688K, used 56236K [0x0000000080000000, 0x0000000100000000)
  region size 1024K, 4 young (4096K), 4 survivors (4096K)
 Metaspace       used 68547K, capacity 70171K, committed 70268K, reserved 1110016K
  class space    used 8862K, capacity 9432K, committed 9472K, reserved 1048576K
}
Event: 19.590 GC heap before
{Heap before GC invocations=34 (full 0):
 garbage-first heap   total 114688K, used 84908K [0x0000000080000000, 0x0000000100000000)
  region size 1024K, 32 young (32768K), 4 survivors (4096K)
 Metaspace       used 69635K, capacity 71298K, committed 71548K, reserved 1112064K
  class space    used 9029K, capacity 9633K, committed 9728K, reserved 1048576K
}
Event: 19.611 GC heap after
{Heap after GC invocations=35 (full 0):
 garbage-first heap   total 114688K, used 58452K [0x0000000080000000, 0x0000000100000000)
  region size 1024K, 4 young (4096K), 4 survivors (4096K)
 Metaspace       used 69635K, capacity 71298K, committed 71548K, reserved 1112064K
  class space    used 9029K, capacity 9633K, committed 9728K, reserved 1048576K
}
Event: 20.326 GC heap before
{Heap before GC invocations=36 (full 0):
 garbage-first heap   total 114688K, used 87124K [0x0000000080000000, 0x0000000100000000)
  region size 1024K, 32 young (32768K), 4 survivors (4096K)
 Metaspace       used 72749K, capacity 74485K, committed 74620K, reserved 1114112K
  class space    used 9507K, capacity 10154K, committed 10240K, reserved 1048576K
}
Event: 20.352 GC heap after
{Heap after GC invocations=37 (full 0):
 garbage-first heap   total 143360K, used 59741K [0x0000000080000000, 0x0000000100000000)
  region size 1024K, 2 young (2048K), 2 survivors (2048K)
 Metaspace       used 72749K, capacity 74485K, committed 74620K, reserved 1114112K
  class space    used 9507K, capacity 10154K, committed 10240K, reserved 1048576K
}
Event: 21.259 GC heap before
{Heap before GC invocations=37 (full 0):
 garbage-first heap   total 143360K, used 98653K [0x0000000080000000, 0x0000000100000000)
  region size 1024K, 40 young (40960K), 2 survivors (2048K)
 Metaspace       used 76092K, capacity 77865K, committed 78076K, reserved 1116160K
  class space    used 9913K, capacity 10566K, committed 10624K, reserved 1048576K
}
Event: 21.276 GC heap after
{Heap after GC invocations=38 (full 0):
 garbage-first heap   total 143360K, used 63090K [0x0000000080000000, 0x0000000100000000)
  region size 1024K, 5 young (5120K), 5 survivors (5120K)
 Metaspace       used 76092K, capacity 77865K, committed 78076K, reserved 1116160K
  class space    used 9913K, capacity 10566K, committed 10624K, reserved 1048576K
}
Event: 22.620 GC heap before
{Heap before GC invocations=38 (full 0):
 garbage-first heap   total 143360K, used 104050K [0x0000000080000000, 0x0000000100000000)
  region size 1024K, 46 young (47104K), 5 survivors (5120K)
 Metaspace       used 78839K, capacity 80867K, committed 81148K, reserved 1120256K
  class space    used 10350K, capacity 11097K, committed 11136K, reserved 1048576K
}
Event: 22.659 GC heap after
{Heap after GC invocations=39 (full 0):
 garbage-first heap   total 143360K, used 65956K [0x0000000080000000, 0x0000000100000000)
  region size 1024K, 4 young (4096K), 4 survivors (4096K)
 Metaspace       used 78839K, capacity 80867K, committed 81148K, reserved 1120256K
  class space    used 10350K, capacity 11097K, committed 11136K, reserved 1048576K
}
Event: 23.847 GC heap before
{Heap before GC invocations=39 (full 0):
 garbage-first heap   total 143360K, used 106916K [0x0000000080000000, 0x0000000100000000)
  region size 1024K, 45 young (46080K), 4 survivors (4096K)
 Metaspace       used 79256K, capacity 81281K, committed 81404K, reserved 1120256K
  class space    used 10365K, capacity 11115K, committed 11136K, reserved 1048576K
}
Event: 23.861 GC heap after
{Heap after GC invocations=40 (full 0):
 garbage-first heap   total 143360K, used 68428K [0x0000000080000000, 0x0000000100000000)
  region size 1024K, 6 young (6144K), 6 survivors (6144K)
 Metaspace       used 79256K, capacity 81281K, committed 81404K, reserved 1120256K
  class space    used 10365K, capacity 11115K, committed 11136K, reserved 1048576K
}
Event: 24.180 GC heap before
{Heap before GC invocations=40 (full 0):
 garbage-first heap   total 143360K, used 84812K [0x0000000080000000, 0x0000000100000000)
  region size 1024K, 24 young (24576K), 6 survivors (6144K)
 Metaspace       used 80255K, capacity 82355K, committed 82556K, reserved 1120256K
  class space    used 10453K, capacity 11235K, committed 11264K, reserved 1048576K
}

Deoptimization events (20 events):
Event: 23.931 Thread 0x0000019ed436f800 DEOPT PACKING pc=0x0000019ec2a54408 sp=0x00000007c0bfcc10
Event: 23.931 Thread 0x0000019ed436f800 DEOPT UNPACKING pc=0x0000019ebac078af sp=0x00000007c0bfcbf0 mode 2
Event: 23.931 Thread 0x0000019ed436f800 Uncommon trap: trap_request=0xffffffc6 fr.pc=0x0000019ec2a54408 relative=0x0000000000000ba8
Event: 23.931 Thread 0x0000019ed436f800 Uncommon trap: reason=bimorphic_or_optimized_type_check action=maybe_recompile pc=0x0000019ec2a54408 method=org.gradle.internal.snapshot.ChildMap$Entry.handleAncestorDescendantOrExactMatch(Lorg/gradle/internal/snapshot/VfsRelativePath;Lorg/gradle/internal
Event: 23.931 Thread 0x0000019ed436f800 DEOPT PACKING pc=0x0000019ec2a54408 sp=0x00000007c0bfc990
Event: 23.931 Thread 0x0000019ed436f800 DEOPT UNPACKING pc=0x0000019ebac078af sp=0x00000007c0bfc970 mode 2
Event: 23.931 Thread 0x0000019ed436f800 Uncommon trap: trap_request=0xffffffde fr.pc=0x0000019ec2a5445c relative=0x0000000000000bfc
Event: 23.931 Thread 0x0000019ed436f800 Uncommon trap: reason=class_check action=maybe_recompile pc=0x0000019ec2a5445c method=org.gradle.internal.snapshot.ChildMap$Entry.handleAncestorDescendantOrExactMatch(Lorg/gradle/internal/snapshot/VfsRelativePath;Lorg/gradle/internal/snapshot/CaseSensitiv
Event: 23.931 Thread 0x0000019ed436f800 DEOPT PACKING pc=0x0000019ec2a5445c sp=0x00000007c0bfc710
Event: 23.931 Thread 0x0000019ed436f800 DEOPT UNPACKING pc=0x0000019ebac078af sp=0x00000007c0bfc6f8 mode 2
Event: 23.935 Thread 0x0000019ed436f800 DEOPT PACKING pc=0x0000019ebbf35ec4 sp=0x00000007c0bfb890
Event: 23.935 Thread 0x0000019ed436f800 DEOPT UNPACKING pc=0x0000019ebac076ce sp=0x00000007c0bfae30 mode 0
Event: 23.947 Thread 0x0000019ed436f800 DEOPT PACKING pc=0x0000019ebc135eb1 sp=0x00000007c0bfb4d0
Event: 23.947 Thread 0x0000019ed436f800 DEOPT UNPACKING pc=0x0000019ebac076ce sp=0x00000007c0bfa998 mode 0
Event: 24.076 Thread 0x0000019ed436f800 DEOPT PACKING pc=0x0000019ebbf7c0e8 sp=0x00000007c0bfbf50
Event: 24.076 Thread 0x0000019ed436f800 DEOPT UNPACKING pc=0x0000019ebac076ce sp=0x00000007c0bfb460 mode 0
Event: 24.082 Thread 0x0000019ed436f800 Uncommon trap: trap_request=0xffffffc6 fr.pc=0x0000019ec2a54408 relative=0x0000000000000ba8
Event: 24.082 Thread 0x0000019ed436f800 Uncommon trap: reason=bimorphic_or_optimized_type_check action=maybe_recompile pc=0x0000019ec2a54408 method=org.gradle.internal.snapshot.ChildMap$Entry.handleAncestorDescendantOrExactMatch(Lorg/gradle/internal/snapshot/VfsRelativePath;Lorg/gradle/internal
Event: 24.082 Thread 0x0000019ed436f800 DEOPT PACKING pc=0x0000019ec2a54408 sp=0x00000007c0bfaf80
Event: 24.083 Thread 0x0000019ed436f800 DEOPT UNPACKING pc=0x0000019ebac078af sp=0x00000007c0bfaf60 mode 2

Classes redefined (0 events):
No events

Internal exceptions (20 events):
Event: 21.161 Thread 0x0000019ed3eff800 Exception <a 'java/lang/ClassNotFoundException'{0x0000000086a56f08}: org/gradle/api/internal/file/collections/DefaultConfigurableFileCollectionBeanInfo> (0x0000000086a56f08) thrown at [./src/hotspot/share/classfile/systemDictionary.cpp, line 231]
Event: 21.161 Thread 0x0000019ed3eff800 Exception <a 'java/lang/ClassNotFoundException'{0x0000000086a706a0}: org/gradle/api/internal/file/CompositeFileCollectionBeanInfo> (0x0000000086a706a0) thrown at [./src/hotspot/share/classfile/systemDictionary.cpp, line 231]
Event: 21.162 Thread 0x0000019ed3eff800 Exception <a 'java/lang/ClassNotFoundException'{0x0000000086a8a330}: org/gradle/api/internal/file/CompositeFileCollectionCustomizer> (0x0000000086a8a330) thrown at [./src/hotspot/share/classfile/systemDictionary.cpp, line 231]
Event: 21.163 Thread 0x0000019ed3eff800 Exception <a 'java/lang/ClassNotFoundException'{0x0000000086aaf9f8}: org/gradle/api/internal/file/collections/DefaultConfigurableFileCollectionCustomizer> (0x0000000086aaf9f8) thrown at [./src/hotspot/share/classfile/systemDictionary.cpp, line 231]
Event: 21.688 Thread 0x0000019ed2de2000 Exception <a 'java/lang/NoSuchMethodError'{0x0000000088107690}: <clinit>> (0x0000000088107690) thrown at [./src/hotspot/share/prims/jni.cpp, line 1362]
Event: 21.695 Thread 0x0000019ed2de2000 Exception <a 'java/lang/NoSuchMethodError'{0x0000000088112e28}: <clinit>> (0x0000000088112e28) thrown at [./src/hotspot/share/prims/jni.cpp, line 1362]
Event: 21.702 Thread 0x0000019ed2de2000 Exception <a 'java/lang/NoSuchMethodError'{0x00000000881541e0}: <clinit>> (0x00000000881541e0) thrown at [./src/hotspot/share/prims/jni.cpp, line 1362]
Event: 21.705 Thread 0x0000019ed2de2000 Exception <a 'java/lang/NoSuchMethodError'{0x0000000088168280}: <clinit>> (0x0000000088168280) thrown at [./src/hotspot/share/prims/jni.cpp, line 1362]
Event: 21.706 Thread 0x0000019ed2de2000 Exception <a 'java/lang/NoSuchMethodError'{0x0000000088169a00}: <clinit>> (0x0000000088169a00) thrown at [./src/hotspot/share/prims/jni.cpp, line 1362]
Event: 21.770 Thread 0x0000019ed2c13000 Exception <a 'java/lang/NoSuchMethodError'{0x0000000087ffd708}: <clinit>> (0x0000000087ffd708) thrown at [./src/hotspot/share/prims/jni.cpp, line 1362]
Event: 21.788 Thread 0x0000019ed2c13000 Exception <a 'java/lang/NoSuchMethodError'{0x0000000087e12020}: <clinit>> (0x0000000087e12020) thrown at [./src/hotspot/share/prims/jni.cpp, line 1362]
Event: 21.800 Thread 0x0000019ed2c13000 Exception <a 'java/lang/NoSuchMethodError'{0x0000000087e2b2a8}: <clinit>> (0x0000000087e2b2a8) thrown at [./src/hotspot/share/prims/jni.cpp, line 1362]
Event: 21.847 Thread 0x0000019ed2de2000 Exception <a 'java/lang/NoSuchMethodError'{0x0000000087c8b078}: <clinit>> (0x0000000087c8b078) thrown at [./src/hotspot/share/prims/jni.cpp, line 1362]
Event: 21.922 Thread 0x0000019ed3eff800 Exception <a 'java/lang/NoSuchMethodError'{0x0000000087b831d8}: 'java.lang.Object java.lang.invoke.Invokers$Holder.linkToTargetMethod(java.lang.Object, java.lang.Object, java.lang.Object, int, java.lang.Object, java.lang.Object)'> (0x0000000087b831d8) thrown at [./src/hotspot/share/interpreter/linkResolver.cpp, line 773]
Event: 21.973 Thread 0x0000019ed3eff800 Exception <a 'java/lang/IncompatibleClassChangeError'{0x0000000087bee110}: Found class java.lang.Object, but interface was expected> (0x0000000087bee110) thrown at [./src/hotspot/share/interpreter/linkResolver.cpp, line 839]
Event: 22.012 Thread 0x0000019ed3eff800 Exception <a 'java/lang/NoSuchMethodError'{0x00000000879e6780}: 'int java.lang.invoke.DirectMethodHandle$Holder.invokeStaticInit(java.lang.Object, java.lang.Object, java.lang.Object, java.lang.Object, java.lang.Object)'> (0x00000000879e6780) thrown at [./src/hotspot/share/interpreter/linkResolver.cpp, line 773]
Event: 22.468 Thread 0x0000019ed2c0b000 Exception <a 'java/lang/NoSuchMethodError'{0x0000000086b0a9d8}: 'java.lang.Object java.lang.invoke.DirectMethodHandle$Holder.invokeSpecialIFC(java.lang.Object, java.lang.Object, java.lang.Object)'> (0x0000000086b0a9d8) thrown at [./src/hotspot/share/interpreter/linkResolver.cpp, line 773]
Event: 22.468 Thread 0x0000019ed2c15800 Exception <a 'java/lang/NoSuchMethodError'{0x0000000086b11a68}: 'java.lang.Object java.lang.invoke.DirectMethodHandle$Holder.invokeSpecialIFC(java.lang.Object, java.lang.Object, java.lang.Object)'> (0x0000000086b11a68) thrown at [./src/hotspot/share/interpreter/linkResolver.cpp, line 773]
Event: 22.468 Thread 0x0000019ed2c10800 Exception <a 'java/lang/NoSuchMethodError'{0x0000000086b1ff58}: 'java.lang.Object java.lang.invoke.DirectMethodHandle$Holder.invokeSpecialIFC(java.lang.Object, java.lang.Object, java.lang.Object)'> (0x0000000086b1ff58) thrown at [./src/hotspot/share/interpreter/linkResolver.cpp, line 773]
Event: 22.825 Thread 0x0000019ed2c10800 Exception <a 'java/lang/NoSuchMethodError'{0x00000000884d67b8}: 'void java.lang.invoke.DirectMethodHandle$Holder.invokeVirtual(java.lang.Object, java.lang.Object)'> (0x00000000884d67b8) thrown at [./src/hotspot/share/interpreter/linkResolver.cpp, line 773]

Events (20 events):
Event: 24.174 loading class com/google/common/io/CharSource done
Event: 24.175 loading class com/google/common/io/ByteSource$AsCharSource
Event: 24.175 loading class com/google/common/io/ByteSource$AsCharSource done
Event: 24.176 loading class com/google/common/io/Closer
Event: 24.176 loading class com/google/common/io/Closer done
Event: 24.177 loading class com/google/common/io/Closer$Suppressor
Event: 24.177 loading class com/google/common/io/Closer$Suppressor done
Event: 24.177 loading class com/google/common/io/Closer$SuppressingSuppressor
Event: 24.177 loading class com/google/common/io/Closer$SuppressingSuppressor done
Event: 24.178 loading class com/google/common/io/ByteStreams
Event: 24.178 loading class com/google/common/io/ByteStreams done
Event: 24.179 loading class com/google/common/io/ByteStreams$1
Event: 24.179 loading class com/google/common/io/ByteStreams$1 done
Event: 24.179 loading class com/google/common/io/ByteStreams$LimitedInputStream
Event: 24.179 loading class com/google/common/io/ByteStreams$LimitedInputStream done
Event: 24.179 loading class com/google/common/io/ByteArrayDataOutput
Event: 24.180 loading class com/google/common/io/ByteArrayDataOutput done
Event: 24.180 loading class com/google/common/io/ByteArrayDataInput
Event: 24.180 loading class com/google/common/io/ByteArrayDataInput done
Event: 24.180 Executing VM operation: G1CollectForAllocation


Dynamic libraries:
0x00007ff68ce00000 - 0x00007ff68ce0a000 	C:\Program Files\Android\Android Studio\jre\bin\java.exe
0x00007ffd0dd70000 - 0x00007ffd0df65000 	C:\WINDOWS\SYSTEM32\ntdll.dll
0x00007ffd0daf0000 - 0x00007ffd0dbae000 	C:\WINDOWS\System32\KERNEL32.DLL
0x00007ffd0b8c0000 - 0x00007ffd0bb89000 	C:\WINDOWS\System32\KERNELBASE.dll
0x00007ffd0b730000 - 0x00007ffd0b830000 	C:\WINDOWS\System32\ucrtbase.dll
0x00007ffd06f70000 - 0x00007ffd06f87000 	C:\Program Files\Android\Android Studio\jre\bin\VCRUNTIME140.dll
0x00007ffd047f0000 - 0x00007ffd04809000 	C:\Program Files\Android\Android Studio\jre\bin\jli.dll
0x00007ffd0bdc0000 - 0x00007ffd0bf61000 	C:\WINDOWS\System32\USER32.dll
0x00007ffd0b490000 - 0x00007ffd0b4b2000 	C:\WINDOWS\System32\win32u.dll
0x00007ffd0bf70000 - 0x00007ffd0bf9b000 	C:\WINDOWS\System32\GDI32.dll
0x00007ffd0b4c0000 - 0x00007ffd0b5cb000 	C:\WINDOWS\System32\gdi32full.dll
0x00007ffd0bc40000 - 0x00007ffd0bcdd000 	C:\WINDOWS\System32\msvcp_win.dll
0x00007ffcfb110000 - 0x00007ffcfb3aa000 	C:\WINDOWS\WinSxS\amd64_microsoft.windows.common-controls_6595b64144ccf1df_6.0.19041.1110_none_60b5254171f9507e\COMCTL32.dll
0x00007ffd0d590000 - 0x00007ffd0d62e000 	C:\WINDOWS\System32\msvcrt.dll
0x00007ffd0c0d0000 - 0x00007ffd0c100000 	C:\WINDOWS\System32\IMM32.DLL
0x00007ffcffb20000 - 0x00007ffcffbbd000 	C:\Program Files\Android\Android Studio\jre\bin\msvcp140.dll
0x00007ffce1940000 - 0x00007ffce240f000 	C:\Program Files\Android\Android Studio\jre\bin\server\jvm.dll
0x00007ffd0d3f0000 - 0x00007ffd0d49c000 	C:\WINDOWS\System32\ADVAPI32.dll
0x00007ffd0c840000 - 0x00007ffd0c8db000 	C:\WINDOWS\System32\sechost.dll
0x00007ffd0bfa0000 - 0x00007ffd0c0ca000 	C:\WINDOWS\System32\RPCRT4.dll
0x00007ffd0cd60000 - 0x00007ffd0cd68000 	C:\WINDOWS\System32\PSAPI.DLL
0x00007ffd06fe0000 - 0x00007ffd06fe9000 	C:\WINDOWS\SYSTEM32\WSOCK32.dll
0x00007ffd0d520000 - 0x00007ffd0d58b000 	C:\WINDOWS\System32\WS2_32.dll
0x00007ffcff020000 - 0x00007ffcff047000 	C:\WINDOWS\SYSTEM32\WINMM.dll
0x00007ffd010a0000 - 0x00007ffd010aa000 	C:\WINDOWS\SYSTEM32\VERSION.dll
0x00007ffd09390000 - 0x00007ffd093a2000 	C:\WINDOWS\SYSTEM32\kernel.appcore.dll
0x00007ffd059e0000 - 0x00007ffd059f1000 	C:\Program Files\Android\Android Studio\jre\bin\verify.dll
0x00007ffcf6f30000 - 0x00007ffcf7114000 	C:\WINDOWS\SYSTEM32\DBGHELP.DLL
0x00007ffcf6ef0000 - 0x00007ffcf6f1c000 	C:\WINDOWS\SYSTEM32\dbgcore.DLL
0x00007ffd0bd30000 - 0x00007ffd0bdb3000 	C:\WINDOWS\System32\bcryptPrimitives.dll
0x00007ffd05950000 - 0x00007ffd05979000 	C:\Program Files\Android\Android Studio\jre\bin\java.dll
0x00007ffd06f60000 - 0x00007ffd06f6b000 	C:\Program Files\Android\Android Studio\jre\bin\jimage.dll
0x00007ffd058a0000 - 0x00007ffd058b8000 	C:\Program Files\Android\Android Studio\jre\bin\zip.dll
0x00007ffd0c100000 - 0x00007ffd0c83f000 	C:\WINDOWS\System32\SHELL32.dll
0x00007ffd09590000 - 0x00007ffd09d20000 	C:\WINDOWS\SYSTEM32\windows.storage.dll
0x00007ffd0d790000 - 0x00007ffd0dae5000 	C:\WINDOWS\System32\combase.dll
0x00007ffd0aee0000 - 0x00007ffd0af0c000 	C:\WINDOWS\SYSTEM32\Wldp.dll
0x00007ffd0ced0000 - 0x00007ffd0cf7d000 	C:\WINDOWS\System32\SHCORE.dll
0x00007ffd0d730000 - 0x00007ffd0d785000 	C:\WINDOWS\System32\shlwapi.dll
0x00007ffd0b3d0000 - 0x00007ffd0b3ef000 	C:\WINDOWS\SYSTEM32\profapi.dll
0x00007ffd05880000 - 0x00007ffd0589a000 	C:\Program Files\Android\Android Studio\jre\bin\net.dll
0x00007ffcfe6d0000 - 0x00007ffcfe7d8000 	C:\WINDOWS\SYSTEM32\WINHTTP.dll
0x00007ffd0ac40000 - 0x00007ffd0acaa000 	C:\WINDOWS\system32\mswsock.dll
0x00007ffd04fb0000 - 0x00007ffd04fc4000 	C:\Program Files\Android\Android Studio\jre\bin\nio.dll
0x00007ffcf7cf0000 - 0x00007ffcf7d17000 	C:\Program Files\Java\jdk-17.0.1\native\8bec1ad78214c89d9ad589b4d07fe93259594b29d510b10fafb7a158f7737e5d\windows-amd64\native-platform.dll
0x00007ffce2ca0000 - 0x00007ffce2ddd000 	C:\Program Files\Java\jdk-17.0.1\native\53dbd7edfb1c66fb8903c78663c9afc45aea4f116125fa6feffd364cf09443e8\windows-amd64\native-platform-file-events.dll
0x00007ffd06290000 - 0x00007ffd0629a000 	C:\Program Files\Android\Android Studio\jre\bin\management.dll
0x00007ffd05940000 - 0x00007ffd0594c000 	C:\Program Files\Android\Android Studio\jre\bin\management_ext.dll
0x00007ffd0ae30000 - 0x00007ffd0ae48000 	C:\WINDOWS\SYSTEM32\CRYPTSP.dll
0x00007ffd0a550000 - 0x00007ffd0a584000 	C:\WINDOWS\system32\rsaenh.dll
0x00007ffd0b890000 - 0x00007ffd0b8b7000 	C:\WINDOWS\System32\bcrypt.dll
0x00007ffd0b390000 - 0x00007ffd0b3be000 	C:\WINDOWS\SYSTEM32\USERENV.dll
0x00007ffd0ae50000 - 0x00007ffd0ae5c000 	C:\WINDOWS\SYSTEM32\CRYPTBASE.dll
0x00007ffd0a8e0000 - 0x00007ffd0a91b000 	C:\WINDOWS\SYSTEM32\IPHLPAPI.DLL
0x00007ffd0d6c0000 - 0x00007ffd0d6c8000 	C:\WINDOWS\System32\NSI.dll
0x00007ffd02270000 - 0x00007ffd02287000 	C:\WINDOWS\SYSTEM32\dhcpcsvc6.DLL
0x00007ffd02210000 - 0x00007ffd0222d000 	C:\WINDOWS\SYSTEM32\dhcpcsvc.DLL
0x00007ffd0a920000 - 0x00007ffd0a9ec000 	C:\WINDOWS\SYSTEM32\DNSAPI.dll

dbghelp: loaded successfully - version: 4.0.5 - missing functions: none
symbol engine: initialized successfully - sym options: 0x614 - pdb path: .;C:\Program Files\Android\Android Studio\jre\bin;C:\WINDOWS\SYSTEM32;C:\WINDOWS\WinSxS\amd64_microsoft.windows.common-controls_6595b64144ccf1df_6.0.19041.1110_none_60b5254171f9507e;C:\Program Files\Android\Android Studio\jre\bin\server;C:\Program Files\Java\jdk-17.0.1\native\8bec1ad78214c89d9ad589b4d07fe93259594b29d510b10fafb7a158f7737e5d\windows-amd64;C:\Program Files\Java\jdk-17.0.1\native\53dbd7edfb1c66fb8903c78663c9afc45aea4f116125fa6feffd364cf09443e8\windows-amd64

VM Arguments:
jvm_args: --add-opens=java.base/java.util=ALL-UNNAMED --add-opens=java.base/java.lang=ALL-UNNAMED --add-opens=java.base/java.lang.invoke=ALL-UNNAMED --add-opens=java.base/java.util=ALL-UNNAMED --add-opens=java.prefs/java.util.prefs=ALL-UNNAMED --add-opens=java.prefs/java.util.prefs=ALL-UNNAMED --add-opens=java.base/java.nio.charset=ALL-UNNAMED --add-opens=java.base/java.net=ALL-UNNAMED --add-opens=java.base/java.util.concurrent.atomic=ALL-UNNAMED -Xmx2048m -Dfile.encoding=UTF-8 -Duser.country=US -Duser.language=en -Duser.variant 
java_command: org.gradle.launcher.daemon.bootstrap.GradleDaemon 7.0.2
java_class_path (initial): C:\Program Files\Java\jdk-17.0.1\wrapper\dists\gradle-7.0.2-bin\857tjihv64xamwrf0h14cai3r\gradle-7.0.2\lib\gradle-launcher-7.0.2.jar
Launcher Type: SUN_STANDARD

[Global flags]
     intx CICompilerCount                          = 3                                         {product} {ergonomic}
     uint ConcGCThreads                            = 1                                         {product} {ergonomic}
     uint G1ConcRefinementThreads                  = 4                                         {product} {ergonomic}
   size_t G1HeapRegionSize                         = 1048576                                   {product} {ergonomic}
    uintx GCDrainStackTargetSize                   = 64                                        {product} {ergonomic}
   size_t InitialHeapSize                          = 67108864                                  {product} {ergonomic}
   size_t MarkStackSize                            = 4194304                                   {product} {ergonomic}
   size_t MaxHeapSize                              = 2147483648                                {product} {command line}
   size_t MaxNewSize                               = 1287651328                                {product} {ergonomic}
   size_t MinHeapDeltaBytes                        = 1048576                                   {product} {ergonomic}
    uintx NonNMethodCodeHeapSize                   = 5830732                                {pd product} {ergonomic}
    uintx NonProfiledCodeHeapSize                  = 122913754                              {pd product} {ergonomic}
    uintx ProfiledCodeHeapSize                     = 122913754                              {pd product} {ergonomic}
    uintx ReservedCodeCacheSize                    = 251658240                              {pd product} {ergonomic}
     bool SegmentedCodeCache                       = true                                      {product} {ergonomic}
     bool UseCompressedClassPointers               = true                                 {lp64_product} {ergonomic}
     bool UseCompressedOops                        = true                                 {lp64_product} {ergonomic}
     bool UseG1GC                                  = true                                      {product} {ergonomic}
     bool UseLargePagesIndividualAllocation        = false                                  {pd product} {ergonomic}

Logging:
Log output configuration:
 #0: stdout all=warning uptime,level,tags
 #1: stderr all=off uptime,level,tags

Environment Variables:
PATH=C:\Program Files\Common Files\Oracle\Java\javapath;C:\WINDOWS\system32;C:\WINDOWS;C:\WINDOWS\System32\Wbem;C:\WINDOWS\System32\WindowsPowerShell\v1.0\;C:\WINDOWS\System32\OpenSSH\;C:\Program Files\dotnet\;C:\Program Files\Microsoft SQL Server\130\Tools\Binn\;C:\Program Files\Microsoft SQL Server\Client SDK\ODBC\170\Tools\Binn\;C:\Program Files (x86)\dotnet\;C:\Program Files\Git\cmd;C:\Users\MinhNgan\AppData\Local\Microsoft\WindowsApps
USERNAME=MinhNgan
OS=Windows_NT
PROCESSOR_IDENTIFIER=Intel64 Family 6 Model 69 Stepping 1, GenuineIntel



---------------  S Y S T E M  ---------------

OS: Windows 10 , 64 bit Build 19041 (10.0.19041.1202)
OS uptime: 0 days 1:02 hours

CPU:total 4 (initial active 4) (2 cores per cpu, 2 threads per core) family 6 model 69 stepping 1 microcode 0x25, cmov, cx8, fxsr, mmx, sse, sse2, sse3, ssse3, sse4.1, sse4.2, popcnt, avx, avx2, aes, clmul, erms, lzcnt, ht, tsc, tscinvbit, bmi1, bmi2, fma

Memory: 4k page, system-wide physical 3979M (60M free)
TotalPageFile size 6979M (AvailPageFile size 45M)
current process WorkingSet (physical memory assigned to process): 208M, peak: 219M
current process commit charge ("private bytes"): 379M, peak: 433M

vm_info: OpenJDK 64-Bit Server VM (11.0.10+0-b96-7249189) for windows-amd64 JRE (11.0.10+0-b96-7249189), built on Mar 31 2021 21:44:00 by "builder" with MS VC++ 14.0 (VS2015)

END.
