#
# There is insufficient memory for the Java Runtime Environment to continue.
# Native memory allocation (mmap) failed to map 24117248 bytes for Failed to commit area from 0x0000000087000000 to 0x0000000088700000 of length 24117248.
# Possible reasons:
#   The system is out of physical RAM or swap space
#   The process is running with CompressedOops enabled, and the Java Heap may be blocking the growth of the native heap
# Possible solutions:
#   Reduce memory load on the system
#   Increase physical memory or swap space
#   Check if swap backing store is full
#   Decrease Java heap size (-Xmx/-Xms)
#   Decrease number of Java threads
#   Decrease Java thread stack sizes (-Xss)
#   Set larger code cache with -XX:ReservedCodeCacheSize=
#   JVM is running with Unscaled Compressed Oops mode in which the Java heap is
#     placed in the first 4GB address space. The Java Heap base address is the
#     maximum limit for the native heap growth. Please use -XX:HeapBaseMinAddress
#     to set the Java Heap base and to place the Java Heap above 4GB virtual address.
# This output file may be truncated or incomplete.
#
#  Out of Memory Error (./src/hotspot/os/windows/os_windows.cpp:3301), pid=7340, tid=8580
#
# JRE version: OpenJDK Runtime Environment (11.0.10) (build 11.0.10+0-b96-7249189)
# Java VM: OpenJDK 64-Bit Server VM (11.0.10+0-b96-7249189, mixed mode, tiered, compressed oops, g1 gc, windows-amd64)
# No core dump will be written. Minidumps are not enabled by default on client versions of Windows
#

---------------  S U M M A R Y ------------

Command Line: --add-opens=java.base/java.util=ALL-UNNAMED --add-opens=java.base/java.lang=ALL-UNNAMED --add-opens=java.base/java.lang.invoke=ALL-UNNAMED --add-opens=java.base/java.util=ALL-UNNAMED --add-opens=java.prefs/java.util.prefs=ALL-UNNAMED --add-opens=java.prefs/java.util.prefs=ALL-UNNAMED --add-opens=java.base/java.nio.charset=ALL-UNNAMED --add-opens=java.base/java.net=ALL-UNNAMED --add-opens=java.base/java.util.concurrent.atomic=ALL-UNNAMED -Xmx2048m -Dfile.encoding=UTF-8 -Duser.country=US -Duser.language=en -Duser.variant org.gradle.launcher.daemon.bootstrap.GradleDaemon 7.0.2

Host: Intel(R) Core(TM) i5-4210U CPU @ 1.70GHz, 4 cores, 3G,  Windows 10 , 64 bit Build 19041 (10.0.19041.1348)
Time: Sat Dec  4 15:01:46 2021 SE Asia Standard Time elapsed time: 17.571700 seconds (0d 0h 0m 17s)

---------------  T H R E A D  ---------------

Current thread (0x000002667f0ef800):  VMThread "VM Thread" [stack: 0x000000813ec00000,0x000000813ed00000] [id=8580]

Stack: [0x000000813ec00000,0x000000813ed00000]
[error occurred during error reporting (printing stack bounds), id 0xc0000005, EXCEPTION_ACCESS_VIOLATION (0xc0000005) at pc=0x00000266688b0f2d]

Native frames: (J=compiled Java code, j=interpreted, Vv=VM code, C=native code)
V  [jvm.dll+0x5ecfaa]
V  [jvm.dll+0x722bd5]
V  [jvm.dll+0x72412d]
V  [jvm.dll+0x724745]
V  [jvm.dll+0x7246fb]
V  [jvm.dll+0x5ec348]
V  [jvm.dll+0x5ecad8]
C  [ntdll.dll+0xa20cf]
C  [ntdll.dll+0x51454]
C  [ntdll.dll+0xa0bfe]
C  0x00000266688b0f2d

VM_Operation (0x000000813fff51d0): G1CollectForAllocation, mode: safepoint, requested by thread 0x0000026601aa5000


---------------  P R O C E S S  ---------------

Threads class SMR info:
_java_thread_list=0x000002660020e130, length=43, elements={
0x0000026664dba800, 0x000002667f0f7000, 0x000002667f0fd000, 0x000002667f152800,
0x000002667f155800, 0x000002667f159800, 0x000002667f15d000, 0x000002667f164000,
0x000002667f168000, 0x000002667fbd1800, 0x000002660174e000, 0x0000026600033800,
0x00000266028f6800, 0x00000266012c6000, 0x0000026601afa000, 0x000002660207a800,
0x0000026601aa5000, 0x00000266020af800, 0x00000266020b0000, 0x00000266028fb000,
0x00000266028f7800, 0x00000266028f8800, 0x00000266028fb800, 0x00000266010f4800,
0x00000266028f9800, 0x00000266028fc800, 0x00000266028fa000, 0x00000266028fd800,
0x00000266028fe000, 0x0000026600a71000, 0x0000026600a72000, 0x0000026600a6e000,
0x0000026600a70000, 0x0000026600a6e800, 0x0000026600a72800, 0x0000026600a76800,
0x0000026600a76000, 0x0000026600a75000, 0x0000026600a79000, 0x0000026600a7a000,
0x0000026600a74800, 0x0000026600a7b800, 0x0000026600a7c800
}

Java Threads: ( => current thread )
  0x0000026664dba800 JavaThread "main" [_thread_blocked, id=4700, stack(0x000000813e600000,0x000000813e700000)]
  0x000002667f0f7000 JavaThread "Reference Handler" daemon [_thread_blocked, id=4112, stack(0x000000813ed00000,0x000000813ee00000)]
  0x000002667f0fd000 JavaThread "Finalizer" daemon [_thread_blocked, id=4448, stack(0x000000813ee00000,0x000000813ef00000)]
  0x000002667f152800 JavaThread "Signal Dispatcher" daemon [_thread_blocked, id=10132, stack(0x000000813ef00000,0x000000813f000000)]
  0x000002667f155800 JavaThread "Attach Listener" daemon [_thread_blocked, id=5232, stack(0x000000813f000000,0x000000813f100000)]
  0x000002667f159800 JavaThread "Service Thread" daemon [_thread_blocked, id=5236, stack(0x000000813f100000,0x000000813f200000)]
  0x000002667f15d000 JavaThread "C2 CompilerThread0" daemon [_thread_in_native, id=5312, stack(0x000000813f200000,0x000000813f300000)]
  0x000002667f164000 JavaThread "C1 CompilerThread0" daemon [_thread_blocked, id=5708, stack(0x000000813f300000,0x000000813f400000)]
  0x000002667f168000 JavaThread "Sweeper thread" daemon [_thread_blocked, id=5492, stack(0x000000813f400000,0x000000813f500000)]
  0x000002667fbd1800 JavaThread "Common-Cleaner" daemon [_thread_blocked, id=5376, stack(0x000000813f500000,0x000000813f600000)]
  0x000002660174e000 JavaThread "Daemon health stats" [_thread_blocked, id=5636, stack(0x000000813f900000,0x000000813fa00000)]
  0x0000026600033800 JavaThread "Incoming local TCP Connector on port 49724" [_thread_in_native, id=6844, stack(0x000000813f700000,0x000000813f800000)]
  0x00000266028f6800 JavaThread "Daemon periodic checks" [_thread_blocked, id=5668, stack(0x000000813fa00000,0x000000813fb00000)]
  0x00000266012c6000 JavaThread "Daemon" [_thread_blocked, id=7848, stack(0x000000813fc00000,0x000000813fd00000)]
  0x0000026601afa000 JavaThread "Handler for socket connection from /127.0.0.1:49724 to /127.0.0.1:49725" [_thread_in_native, id=5060, stack(0x000000813fd00000,0x000000813fe00000)]
  0x000002660207a800 JavaThread "Cancel handler" [_thread_blocked, id=5056, stack(0x000000813fe00000,0x000000813ff00000)]
  0x0000026601aa5000 JavaThread "Daemon worker" [_thread_blocked, id=4088, stack(0x000000813ff00000,0x0000008140000000)]
  0x00000266020af800 JavaThread "Asynchronous log dispatcher for DefaultDaemonConnection: socket connection from /127.0.0.1:49724 to /127.0.0.1:49725" [_thread_blocked, id=6412, stack(0x0000008140000000,0x0000008140100000)]
  0x00000266020b0000 JavaThread "Stdin handler" [_thread_blocked, id=9864, stack(0x0000008140100000,0x0000008140200000)]
  0x00000266028fb000 JavaThread "Daemon client event forwarder" [_thread_blocked, id=9932, stack(0x0000008140200000,0x0000008140300000)]
  0x00000266028f7800 JavaThread "Cache worker for file hash cache (C:\Program Files\Java\jdk-17.0.1\caches\7.0.2\fileHashes)" [_thread_blocked, id=4024, stack(0x0000008140500000,0x0000008140600000)]
  0x00000266028f8800 JavaThread "File lock request listener" [_thread_in_native, id=3828, stack(0x0000008140600000,0x0000008140700000)]
  0x00000266028fb800 JavaThread "Cache worker for journal cache (C:\Program Files\Java\jdk-17.0.1\caches\journal-1)" [_thread_blocked, id=7876, stack(0x0000008140700000,0x0000008140800000)]
  0x00000266010f4800 JavaThread "C2 CompilerThread1" daemon [_thread_blocked, id=6864, stack(0x000000813fb00000,0x000000813fc00000)]
  0x00000266028f9800 JavaThread "Cache worker for file hash cache (C:\Users\MinhNgan\AndroidStudioProjects\Android_hepat\.gradle\7.0.2\fileHashes)" [_thread_blocked, id=5456, stack(0x0000008140800000,0x0000008140900000)]
  0x00000266028fc800 JavaThread "File watcher server" daemon [_thread_in_native, id=6148, stack(0x0000008140900000,0x0000008140a00000)]
  0x00000266028fa000 JavaThread "File watcher consumer" daemon [_thread_blocked, id=6200, stack(0x0000008140a00000,0x0000008140b00000)]
  0x00000266028fd800 JavaThread "Cache worker for checksums cache (C:\Users\MinhNgan\AndroidStudioProjects\Android_hepat\.gradle\checksums)" [_thread_blocked, id=6204, stack(0x0000008140b00000,0x0000008140c00000)]
  0x00000266028fe000 JavaThread "Cache worker for cache directory md-supplier (C:\Program Files\Java\jdk-17.0.1\caches\7.0.2\md-supplier)" [_thread_blocked, id=6208, stack(0x0000008140c00000,0x0000008140d00000)]
  0x0000026600a71000 JavaThread "Cache worker for cache directory md-rule (C:\Program Files\Java\jdk-17.0.1\caches\7.0.2\md-rule)" [_thread_blocked, id=6228, stack(0x0000008140d00000,0x0000008140e00000)]
  0x0000026600a72000 JavaThread "Cache worker for execution history cache (C:\Program Files\Java\jdk-17.0.1\caches\7.0.2\executionHistory)" [_thread_blocked, id=6224, stack(0x0000008140e00000,0x0000008140f00000)]
  0x0000026600a6e000 JavaThread "jar transforms" [_thread_blocked, id=6216, stack(0x0000008140f00000,0x0000008141000000)]
  0x0000026600a70000 JavaThread "jar transforms Thread 2" [_thread_blocked, id=6212, stack(0x0000008141000000,0x0000008141100000)]
  0x0000026600a6e800 JavaThread "Cache worker for file content cache (C:\Program Files\Java\jdk-17.0.1\caches\7.0.2\fileContent)" [_thread_blocked, id=5156, stack(0x0000008141100000,0x0000008141200000)]
  0x0000026600a72800 JavaThread "Cache worker for dependencies-accessors (C:\Users\MinhNgan\AndroidStudioProjects\Android_hepat\.gradle\7.0.2\dependencies-accessors)" [_thread_blocked, id=6236, stack(0x0000008141200000,0x0000008141300000)]
  0x0000026600a76800 JavaThread "jar transforms Thread 3" [_thread_blocked, id=6240, stack(0x0000008141300000,0x0000008141400000)]
  0x0000026600a76000 JavaThread "Cache worker for Build Output Cleanup Cache (C:\Users\MinhNgan\AndroidStudioProjects\Android_hepat\.gradle\buildOutputCleanup)" [_thread_blocked, id=5400, stack(0x0000008141400000,0x0000008141500000)]
  0x0000026600a75000 JavaThread "Build operations" [_thread_blocked, id=6520, stack(0x0000008141500000,0x0000008141600000)]
  0x0000026600a79000 JavaThread "Build operations Thread 2" [_thread_blocked, id=7856, stack(0x0000008141600000,0x0000008141700000)]
  0x0000026600a7a000 JavaThread "Build operations Thread 3" [_thread_blocked, id=3420, stack(0x0000008141700000,0x0000008141800000)]
  0x0000026600a74800 JavaThread "Build operations Thread 4" [_thread_blocked, id=5840, stack(0x0000008141800000,0x0000008141900000)]
  0x0000026600a7b800 JavaThread "jar transforms Thread 4" [_thread_blocked, id=4608, stack(0x0000008141900000,0x0000008141a00000)]
  0x0000026600a7c800 JavaThread "Memory manager" [_thread_blocked, id=7012, stack(0x0000008141a00000,0x0000008141b00000)]

Other Threads:
=>0x000002667f0ef800 VMThread "VM Thread" [stack: 0x000000813ec00000,0x000000813ed00000] [id=8580]
  0x000002667fc0b800 WatcherThread [stack: 0x000000813f600000,0x000000813f700000] [id=5496]
  0x0000026664dd3000 GCTaskThread "GC Thread#0" [stack: 0x000000813e700000,0x000000813e800000] [id=4744]
  0x00000266000ec800 GCTaskThread "GC Thread#1" [stack: 0x000000813f800000,0x000000813f900000] [id=5644]
  0x00000266021d5800 GCTaskThread "GC Thread#2" [stack: 0x0000008140300000,0x0000008140400000] [id=9912]
  0x0000026601a17000 GCTaskThread "GC Thread#3" [stack: 0x0000008140400000,0x0000008140500000] [id=4012]
  0x0000026664e04800 ConcurrentGCThread "G1 Main Marker" [stack: 0x000000813e800000,0x000000813e900000] [id=1188]
  0x0000026664e05800 ConcurrentGCThread "G1 Conc#0" [stack: 0x000000813e900000,0x000000813ea00000] [id=1264]
  0x0000026664e60000 ConcurrentGCThread "G1 Refine#0" [stack: 0x000000813ea00000,0x000000813eb00000] [id=8548]
  0x0000026664e61800 ConcurrentGCThread "G1 Young RemSet Sampling" [stack: 0x000000813eb00000,0x000000813ec00000] [id=8428]

Threads with active compile tasks:
C2 CompilerThread0  17594 6975 %     4       org.gradle.internal.instantiation.generator.AbstractClassGenerator::inspectType @ 107 (560 bytes)
C2 CompilerThread1  17594 7218       4       java.lang.Class::getMethod (59 bytes)

VM state:at safepoint (normal execution)

VM Mutex/Monitor currently owned by a thread:  ([mutex/lock_event])
[0x0000026664db7270] Threads_lock - owner thread: 0x000002667f0ef800
[0x0000026664db8080] Heap_lock - owner thread: 0x0000026601aa5000

Heap address: 0x0000000080000000, size: 2048 MB, Compressed Oops mode: 32-bit
Narrow klass base: 0x0000000000000000, Narrow klass shift: 3
Compressed class space size: 1073741824 Address: 0x0000000100000000

Heap:
 garbage-first heap   total 138240K, used 60641K [0x0000000080000000, 0x0000000100000000)
  region size 1024K, 5 young (5120K), 5 survivors (5120K)
 Metaspace       used 73948K, capacity 75734K, committed 75964K, reserved 1116160K
  class space    used 9660K, capacity 10307K, committed 10368K, reserved 1048576K
Heap Regions: E=young(eden), S=young(survivor), O=old, HS=humongous(starts), HC=humongous(continues), CS=collection set, F=free, A=archive, TAMS=top-at-mark-start (previous, next)
|   0|0x0000000080000000, 0x0000000080100000, 0x0000000080100000|100%|HS|  |TAMS 0x0000000080100000, 0x0000000080100000| Complete 
|   1|0x0000000080100000, 0x0000000080200000, 0x0000000080200000|100%|HC|  |TAMS 0x0000000080200000, 0x0000000080200000| Complete 
|   2|0x0000000080200000, 0x0000000080300000, 0x0000000080300000|100%|HC|  |TAMS 0x0000000080300000, 0x0000000080300000| Complete 
|   3|0x0000000080300000, 0x0000000080400000, 0x0000000080400000|100%| O|  |TAMS 0x0000000080400000, 0x0000000080400000| Untracked 
|   4|0x0000000080400000, 0x0000000080500000, 0x0000000080500000|100%| O|  |TAMS 0x0000000080500000, 0x0000000080500000| Untracked 
|   5|0x0000000080500000, 0x0000000080600000, 0x0000000080600000|100%| O|  |TAMS 0x0000000080600000, 0x0000000080600000| Untracked 
|   6|0x0000000080600000, 0x0000000080700000, 0x0000000080700000|100%| O|  |TAMS 0x0000000080700000, 0x0000000080700000| Untracked 
|   7|0x0000000080700000, 0x0000000080800000, 0x0000000080800000|100%| O|  |TAMS 0x0000000080800000, 0x0000000080800000| Untracked 
|   8|0x0000000080800000, 0x0000000080900000, 0x0000000080900000|100%| O|  |TAMS 0x0000000080900000, 0x0000000080900000| Untracked 
|   9|0x0000000080900000, 0x0000000080a00000, 0x0000000080a00000|100%| O|  |TAMS 0x0000000080a00000, 0x0000000080a00000| Untracked 
|  10|0x0000000080a00000, 0x0000000080b00000, 0x0000000080b00000|100%| O|  |TAMS 0x0000000080b00000, 0x0000000080b00000| Untracked 
|  11|0x0000000080b00000, 0x0000000080c00000, 0x0000000080c00000|100%| O|  |TAMS 0x0000000080c00000, 0x0000000080c00000| Untracked 
|  12|0x0000000080c00000, 0x0000000080d00000, 0x0000000080d00000|100%| O|  |TAMS 0x0000000080d00000, 0x0000000080d00000| Untracked 
|  13|0x0000000080d00000, 0x0000000080e00000, 0x0000000080e00000|100%| O|  |TAMS 0x0000000080e00000, 0x0000000080e00000| Untracked 
|  14|0x0000000080e00000, 0x0000000080f00000, 0x0000000080f00000|100%| O|  |TAMS 0x0000000080f00000, 0x0000000080f00000| Untracked 
|  15|0x0000000080f00000, 0x0000000081000000, 0x0000000081000000|100%| O|  |TAMS 0x0000000081000000, 0x0000000081000000| Untracked 
|  16|0x0000000081000000, 0x0000000081100000, 0x0000000081100000|100%| O|  |TAMS 0x0000000081100000, 0x0000000081100000| Untracked 
|  17|0x0000000081100000, 0x0000000081200000, 0x0000000081200000|100%| O|  |TAMS 0x0000000081200000, 0x0000000081200000| Untracked 
|  18|0x0000000081200000, 0x0000000081300000, 0x0000000081300000|100%| O|  |TAMS 0x0000000081300000, 0x0000000081300000| Untracked 
|  19|0x0000000081300000, 0x0000000081400000, 0x0000000081400000|100%| O|  |TAMS 0x0000000081400000, 0x0000000081400000| Untracked 
|  20|0x0000000081400000, 0x0000000081500000, 0x0000000081500000|100%| O|  |TAMS 0x0000000081500000, 0x0000000081500000| Untracked 
|  21|0x0000000081500000, 0x0000000081600000, 0x0000000081600000|100%| O|  |TAMS 0x0000000081600000, 0x0000000081600000| Untracked 
|  22|0x0000000081600000, 0x0000000081700000, 0x0000000081700000|100%| O|  |TAMS 0x0000000081700000, 0x0000000081700000| Untracked 
|  23|0x0000000081700000, 0x0000000081800000, 0x0000000081800000|100%| O|  |TAMS 0x0000000081800000, 0x0000000081800000| Untracked 
|  24|0x0000000081800000, 0x0000000081900000, 0x0000000081900000|100%| O|  |TAMS 0x0000000081900000, 0x0000000081900000| Untracked 
|  25|0x0000000081900000, 0x0000000081a00000, 0x0000000081a00000|100%| O|  |TAMS 0x0000000081a00000, 0x0000000081a00000| Untracked 
|  26|0x0000000081a00000, 0x0000000081b00000, 0x0000000081b00000|100%| O|  |TAMS 0x0000000081b00000, 0x0000000081b00000| Untracked 
|  27|0x0000000081b00000, 0x0000000081c00000, 0x0000000081c00000|100%|HS|  |TAMS 0x0000000081c00000, 0x0000000081c00000| Complete 
|  28|0x0000000081c00000, 0x0000000081d00000, 0x0000000081d00000|100%|HS|  |TAMS 0x0000000081d00000, 0x0000000081d00000| Complete 
|  29|0x0000000081d00000, 0x0000000081e00000, 0x0000000081e00000|100%|HS|  |TAMS 0x0000000081e00000, 0x0000000081e00000| Complete 
|  30|0x0000000081e00000, 0x0000000081f00000, 0x0000000081f00000|100%|HC|  |TAMS 0x0000000081f00000, 0x0000000081f00000| Complete 
|  31|0x0000000081f00000, 0x0000000082000000, 0x0000000082000000|100%| O|  |TAMS 0x0000000082000000, 0x0000000082000000| Untracked 
|  32|0x0000000082000000, 0x0000000082100000, 0x0000000082100000|100%| O|  |TAMS 0x0000000082100000, 0x0000000082100000| Untracked 
|  33|0x0000000082100000, 0x0000000082200000, 0x0000000082200000|100%| O|  |TAMS 0x0000000082200000, 0x0000000082200000| Untracked 
|  34|0x0000000082200000, 0x0000000082300000, 0x0000000082300000|100%| O|  |TAMS 0x0000000082300000, 0x0000000082300000| Untracked 
|  35|0x0000000082300000, 0x0000000082400000, 0x0000000082400000|100%| O|  |TAMS 0x0000000082400000, 0x0000000082400000| Untracked 
|  36|0x0000000082400000, 0x0000000082500000, 0x0000000082500000|100%| O|  |TAMS 0x0000000082500000, 0x0000000082500000| Untracked 
|  37|0x0000000082500000, 0x0000000082600000, 0x0000000082600000|100%| O|  |TAMS 0x0000000082600000, 0x0000000082600000| Untracked 
|  38|0x0000000082600000, 0x0000000082700000, 0x0000000082700000|100%| O|  |TAMS 0x0000000082700000, 0x0000000082700000| Untracked 
|  39|0x0000000082700000, 0x0000000082800000, 0x0000000082800000|100%| O|  |TAMS 0x0000000082800000, 0x0000000082800000| Untracked 
|  40|0x0000000082800000, 0x0000000082900000, 0x0000000082900000|100%| O|  |TAMS 0x0000000082900000, 0x0000000082900000| Untracked 
|  41|0x0000000082900000, 0x0000000082a00000, 0x0000000082a00000|100%| O|  |TAMS 0x0000000082a00000, 0x0000000082a00000| Untracked 
|  42|0x0000000082a00000, 0x0000000082b00000, 0x0000000082b00000|100%| O|  |TAMS 0x0000000082b00000, 0x0000000082b00000| Untracked 
|  43|0x0000000082b00000, 0x0000000082c00000, 0x0000000082c00000|100%| O|  |TAMS 0x0000000082c00000, 0x0000000082c00000| Untracked 
|  44|0x0000000082c00000, 0x0000000082d00000, 0x0000000082d00000|100%| O|  |TAMS 0x0000000082d00000, 0x0000000082d00000| Untracked 
|  45|0x0000000082d00000, 0x0000000082e00000, 0x0000000082e00000|100%| O|  |TAMS 0x0000000082e00000, 0x0000000082e00000| Untracked 
|  46|0x0000000082e00000, 0x0000000082f00000, 0x0000000082f00000|100%| O|  |TAMS 0x0000000082f00000, 0x0000000082f00000| Untracked 
|  47|0x0000000082f00000, 0x0000000083000000, 0x0000000083000000|100%| O|  |TAMS 0x0000000083000000, 0x0000000083000000| Untracked 
|  48|0x0000000083000000, 0x0000000083100000, 0x0000000083100000|100%| O|  |TAMS 0x0000000083100000, 0x0000000083100000| Untracked 
|  49|0x0000000083100000, 0x0000000083200000, 0x0000000083200000|100%| O|  |TAMS 0x0000000083200000, 0x0000000083200000| Untracked 
|  50|0x0000000083200000, 0x0000000083300000, 0x0000000083300000|100%| O|  |TAMS 0x0000000083240600, 0x0000000083300000| Untracked 
|  51|0x0000000083300000, 0x0000000083400000, 0x0000000083400000|100%| O|  |TAMS 0x0000000083300000, 0x0000000083400000| Untracked 
|  52|0x0000000083400000, 0x0000000083500000, 0x0000000083500000|100%| O|  |TAMS 0x0000000083400000, 0x0000000083500000| Untracked 
|  53|0x0000000083500000, 0x0000000083600000, 0x0000000083600000|100%| O|  |TAMS 0x0000000083500000, 0x0000000083600000| Untracked 
|  54|0x0000000083600000, 0x0000000083700000, 0x0000000083700000|100%| O|  |TAMS 0x0000000083600000, 0x0000000083700000| Untracked 
|  55|0x0000000083700000, 0x0000000083700000, 0x0000000083800000|  0%| F|  |TAMS 0x0000000083700000, 0x0000000083700000| Untracked 
|  56|0x0000000083800000, 0x0000000083800000, 0x0000000083900000|  0%| F|  |TAMS 0x0000000083800000, 0x0000000083800000| Untracked 
|  57|0x0000000083900000, 0x0000000083900000, 0x0000000083a00000|  0%| F|  |TAMS 0x0000000083900000, 0x0000000083900000| Untracked 
|  58|0x0000000083a00000, 0x0000000083a00000, 0x0000000083b00000|  0%| F|  |TAMS 0x0000000083a00000, 0x0000000083a00000| Untracked 
|  59|0x0000000083b00000, 0x0000000083b00000, 0x0000000083c00000|  0%| F|  |TAMS 0x0000000083b00000, 0x0000000083b00000| Untracked 
|  60|0x0000000083c00000, 0x0000000083c00000, 0x0000000083d00000|  0%| F|  |TAMS 0x0000000083c00000, 0x0000000083c00000| Untracked 
|  61|0x0000000083d00000, 0x0000000083d00000, 0x0000000083e00000|  0%| F|  |TAMS 0x0000000083d00000, 0x0000000083d00000| Untracked 
|  62|0x0000000083e00000, 0x0000000083e00000, 0x0000000083f00000|  0%| F|  |TAMS 0x0000000083e00000, 0x0000000083e00000| Untracked 
|  63|0x0000000083f00000, 0x0000000083f00000, 0x0000000084000000|  0%| F|  |TAMS 0x0000000083f00000, 0x0000000083f00000| Untracked 
|  64|0x0000000084000000, 0x0000000084000000, 0x0000000084100000|  0%| F|  |TAMS 0x0000000084000000, 0x0000000084000000| Untracked 
|  65|0x0000000084100000, 0x0000000084100000, 0x0000000084200000|  0%| F|  |TAMS 0x0000000084100000, 0x0000000084100000| Untracked 
|  66|0x0000000084200000, 0x0000000084200000, 0x0000000084300000|  0%| F|  |TAMS 0x0000000084200000, 0x0000000084200000| Untracked 
|  67|0x0000000084300000, 0x0000000084300000, 0x0000000084400000|  0%| F|  |TAMS 0x0000000084300000, 0x0000000084300000| Untracked 
|  68|0x0000000084400000, 0x0000000084400000, 0x0000000084500000|  0%| F|  |TAMS 0x0000000084400000, 0x0000000084400000| Untracked 
|  69|0x0000000084500000, 0x0000000084500000, 0x0000000084600000|  0%| F|  |TAMS 0x0000000084500000, 0x0000000084500000| Untracked 
|  70|0x0000000084600000, 0x0000000084600000, 0x0000000084700000|  0%| F|  |TAMS 0x0000000084600000, 0x0000000084600000| Untracked 
|  71|0x0000000084700000, 0x0000000084738730, 0x0000000084800000| 22%| S|CS|TAMS 0x0000000084700000, 0x0000000084700000| Complete 
|  72|0x0000000084800000, 0x0000000084900000, 0x0000000084900000|100%| S|CS|TAMS 0x0000000084800000, 0x0000000084800000| Complete 
|  73|0x0000000084900000, 0x0000000084a00000, 0x0000000084a00000|100%| S|CS|TAMS 0x0000000084900000, 0x0000000084900000| Complete 
|  74|0x0000000084a00000, 0x0000000084b00000, 0x0000000084b00000|100%| S|CS|TAMS 0x0000000084a00000, 0x0000000084a00000| Complete 
|  75|0x0000000084b00000, 0x0000000084b00000, 0x0000000084c00000|  0%| F|  |TAMS 0x0000000084b00000, 0x0000000084b00000| Untracked 
|  76|0x0000000084c00000, 0x0000000084c00000, 0x0000000084d00000|  0%| F|  |TAMS 0x0000000084c00000, 0x0000000084c00000| Untracked 
|  77|0x0000000084d00000, 0x0000000084d00000, 0x0000000084e00000|  0%| F|  |TAMS 0x0000000084d00000, 0x0000000084d00000| Untracked 
|  78|0x0000000084e00000, 0x0000000084e00000, 0x0000000084f00000|  0%| F|  |TAMS 0x0000000084e00000, 0x0000000084e00000| Untracked 
|  79|0x0000000084f00000, 0x0000000085000000, 0x0000000085000000|100%| S|CS|TAMS 0x0000000084f00000, 0x0000000084f00000| Complete 
|  80|0x0000000085000000, 0x0000000085000000, 0x0000000085100000|  0%| F|  |TAMS 0x0000000085000000, 0x0000000085000000| Untracked 
|  81|0x0000000085100000, 0x0000000085100000, 0x0000000085200000|  0%| F|  |TAMS 0x0000000085100000, 0x0000000085100000| Untracked 
|  82|0x0000000085200000, 0x0000000085200000, 0x0000000085300000|  0%| F|  |TAMS 0x0000000085200000, 0x0000000085200000| Untracked 
|  83|0x0000000085300000, 0x0000000085300000, 0x0000000085400000|  0%| F|  |TAMS 0x0000000085300000, 0x0000000085300000| Untracked 
|  84|0x0000000085400000, 0x0000000085400000, 0x0000000085500000|  0%| F|  |TAMS 0x0000000085400000, 0x0000000085400000| Untracked 
|  85|0x0000000085500000, 0x0000000085500000, 0x0000000085600000|  0%| F|  |TAMS 0x0000000085500000, 0x0000000085500000| Untracked 
|  86|0x0000000085600000, 0x0000000085600000, 0x0000000085700000|  0%| F|  |TAMS 0x0000000085600000, 0x0000000085600000| Untracked 
|  87|0x0000000085700000, 0x0000000085700000, 0x0000000085800000|  0%| F|  |TAMS 0x0000000085700000, 0x0000000085700000| Untracked 
|  88|0x0000000085800000, 0x0000000085800000, 0x0000000085900000|  0%| F|  |TAMS 0x0000000085800000, 0x0000000085800000| Untracked 
|  89|0x0000000085900000, 0x0000000085900000, 0x0000000085a00000|  0%| F|  |TAMS 0x0000000085900000, 0x0000000085900000| Untracked 
|  90|0x0000000085a00000, 0x0000000085a00000, 0x0000000085b00000|  0%| F|  |TAMS 0x0000000085a00000, 0x0000000085a00000| Untracked 
|  91|0x0000000085b00000, 0x0000000085b00000, 0x0000000085c00000|  0%| F|  |TAMS 0x0000000085b00000, 0x0000000085b00000| Untracked 
|  92|0x0000000085c00000, 0x0000000085c00000, 0x0000000085d00000|  0%| F|  |TAMS 0x0000000085c00000, 0x0000000085c00000| Untracked 
|  93|0x0000000085d00000, 0x0000000085d00000, 0x0000000085e00000|  0%| F|  |TAMS 0x0000000085d00000, 0x0000000085d00000| Untracked 
|  94|0x0000000085e00000, 0x0000000085e00000, 0x0000000085f00000|  0%| F|  |TAMS 0x0000000085e00000, 0x0000000085e00000| Untracked 
|  95|0x0000000085f00000, 0x0000000085f00000, 0x0000000086000000|  0%| F|  |TAMS 0x0000000085f00000, 0x0000000085f00000| Untracked 
|  96|0x0000000086000000, 0x0000000086000000, 0x0000000086100000|  0%| F|  |TAMS 0x0000000086000000, 0x0000000086000000| Untracked 
|  97|0x0000000086100000, 0x0000000086100000, 0x0000000086200000|  0%| F|  |TAMS 0x0000000086100000, 0x0000000086100000| Untracked 
|  98|0x0000000086200000, 0x0000000086200000, 0x0000000086300000|  0%| F|  |TAMS 0x0000000086200000, 0x0000000086200000| Untracked 
|  99|0x0000000086300000, 0x0000000086300000, 0x0000000086400000|  0%| F|  |TAMS 0x0000000086300000, 0x0000000086300000| Untracked 
| 100|0x0000000086400000, 0x0000000086400000, 0x0000000086500000|  0%| F|  |TAMS 0x0000000086400000, 0x0000000086400000| Untracked 
| 101|0x0000000086500000, 0x0000000086500000, 0x0000000086600000|  0%| F|  |TAMS 0x0000000086500000, 0x0000000086500000| Untracked 
| 102|0x0000000086600000, 0x0000000086600000, 0x0000000086700000|  0%| F|  |TAMS 0x0000000086600000, 0x0000000086600000| Untracked 
| 103|0x0000000086700000, 0x0000000086700000, 0x0000000086800000|  0%| F|  |TAMS 0x0000000086700000, 0x0000000086700000| Untracked 
| 104|0x0000000086800000, 0x0000000086800000, 0x0000000086900000|  0%| F|  |TAMS 0x0000000086800000, 0x0000000086800000| Untracked 
| 105|0x0000000086900000, 0x0000000086900000, 0x0000000086a00000|  0%| F|  |TAMS 0x0000000086900000, 0x0000000086900000| Untracked 
| 106|0x0000000086a00000, 0x0000000086a00000, 0x0000000086b00000|  0%| F|  |TAMS 0x0000000086a00000, 0x0000000086a00000| Untracked 
| 107|0x0000000086b00000, 0x0000000086b00000, 0x0000000086c00000|  0%| F|  |TAMS 0x0000000086b00000, 0x0000000086b00000| Untracked 
| 108|0x0000000086c00000, 0x0000000086c00000, 0x0000000086d00000|  0%| F|  |TAMS 0x0000000086c00000, 0x0000000086c00000| Untracked 
| 109|0x0000000086d00000, 0x0000000086d00000, 0x0000000086e00000|  0%| F|  |TAMS 0x0000000086d00000, 0x0000000086d00000| Untracked 
| 110|0x0000000086e00000, 0x0000000086e00000, 0x0000000086f00000|  0%| F|  |TAMS 0x0000000086e00000, 0x0000000086e00000| Untracked 
| 111|0x0000000086f00000, 0x0000000086f00000, 0x0000000087000000|  0%| F|  |TAMS 0x0000000086f00000, 0x0000000086f00000| Untracked 

Card table byte_map: [0x00000266782e0000,0x00000266786e0000] _byte_map_base: 0x0000026677ee0000

Marking Bits (Prev, Next): (CMBitMap*) 0x0000026664dfb788, (CMBitMap*) 0x0000026664dfb7c0
 Prev Bits: [0x0000026678ae0000, 0x000002667aae0000)
 Next Bits: [0x000002667aae0000, 0x000002667cae0000)

Polling page: 0x00000266634e0000

Metaspace:

Usage:
  Non-class:     63.89 MB capacity,    62.78 MB ( 98%) used,   954.98 KB (  1%) free+waste,   183.94 KB ( <1%) overhead. 
      Class:     10.07 MB capacity,     9.43 MB ( 94%) used,   560.89 KB (  5%) free+waste,    85.81 KB ( <1%) overhead. 
       Both:     73.96 MB capacity,    72.22 MB ( 98%) used,     1.48 MB (  2%) free+waste,   269.75 KB ( <1%) overhead. 

Virtual space:
  Non-class space:       66.00 MB reserved,      64.06 MB ( 97%) committed 
      Class space:        1.00 GB reserved,      10.13 MB ( <1%) committed 
             Both:        1.06 GB reserved,      74.18 MB (  7%) committed 

Chunk freelists:
   Non-Class:  1.00 KB
       Class:  0 bytes
        Both:  1.00 KB

MaxMetaspaceSize: 17179869184.00 GB
CompressedClassSpaceSize: 1.00 GB

CodeHeap 'non-profiled nmethods': size=120064Kb used=4308Kb max_used=4308Kb free=115755Kb
 bounds [0x0000026670370000, 0x00000266707b0000, 0x00000266778b0000]
CodeHeap 'profiled nmethods': size=120000Kb used=15403Kb max_used=15403Kb free=104597Kb
 bounds [0x0000026668e40000, 0x0000026669d50000, 0x0000026670370000]
CodeHeap 'non-nmethods': size=5696Kb used=2266Kb max_used=2303Kb free=3429Kb
 bounds [0x00000266688b0000, 0x0000026668b20000, 0x0000026668e40000]
 total_blobs=8050 nmethods=7188 adapters=773
 compilation: enabled
              stopped_count=0, restarted_count=0
 full_count=0

Compilation events (20 events):
Event: 17.536 Thread 0x000002667f164000 7242       3       com.sun.xml.bind.v2.model.impl.PropertyInfoImpl::nav (8 bytes)
Event: 17.536 Thread 0x000002667f164000 nmethod 7242 0x0000026669d47d90 code [0x0000026669d47f40, 0x0000026669d480b8]
Event: 17.537 Thread 0x000002667f164000 7243       1       java.util.Collections$EmptyMap::containsKey (2 bytes)
Event: 17.538 Thread 0x000002667f164000 nmethod 7243 0x00000266707a4a90 code [0x00000266707a4c40, 0x00000266707a4cf8]
Event: 17.542 Thread 0x000002667f164000 7244       3       com.sun.xml.bind.v2.model.nav.ReflectionNavigator::erasure (12 bytes)
Event: 17.542 Thread 0x000002667f164000 nmethod 7244 0x0000026669d48190 code [0x0000026669d48360, 0x0000026669d48588]
Event: 17.542 Thread 0x000002667f164000 7245       3       com.sun.xml.bind.v2.model.nav.ReflectionNavigator$6::onClass (10 bytes)
Event: 17.542 Thread 0x000002667f164000 nmethod 7245 0x0000026669d48690 code [0x0000026669d48840, 0x0000026669d48a98]
Event: 17.542 Thread 0x000002667f164000 7246       3       com.sun.xml.bind.v2.model.impl.PropertyInfoImpl::reader (8 bytes)
Event: 17.543 Thread 0x000002667f164000 nmethod 7246 0x0000026669d48b90 code [0x0000026669d48d40, 0x0000026669d48eb8]
Event: 17.543 Thread 0x000002667f164000 7247       3       com.sun.xml.bind.v2.model.impl.RuntimeClassInfoImpl$RuntimePropertySeed::readAnnotation (11 bytes)
Event: 17.543 Thread 0x000002667f164000 nmethod 7247 0x0000026669d48f90 code [0x0000026669d49140, 0x0000026669d49308]
Event: 17.543 Thread 0x000002667f164000 7248       3       com.sun.xml.bind.v2.model.impl.FieldPropertySeed::readAnnotation (19 bytes)
Event: 17.543 Thread 0x000002667f164000 nmethod 7248 0x0000026669d49410 code [0x0000026669d495e0, 0x0000026669d49828]
Event: 17.543 Thread 0x000002667f164000 7249       3       com.sun.xml.bind.v2.model.annotation.RuntimeInlineAnnotationReader::getFieldAnnotation (11 bytes)
Event: 17.544 Thread 0x000002667f164000 nmethod 7249 0x0000026669d49990 code [0x0000026669d49be0, 0x0000026669d4a478]
Event: 17.544 Thread 0x000002667f164000 7250       1       com.sun.xml.bind.v2.model.impl.PropertyInfoImpl::isCollection (5 bytes)
Event: 17.545 Thread 0x000002667f164000 nmethod 7250 0x00000266707a4d90 code [0x00000266707a4f40, 0x00000266707a4ff8]
Event: 17.546 Thread 0x000002667f164000 7251       3       com.sun.xml.bind.v2.model.annotation.RuntimeInlineAnnotationReader::getPackageAnnotation (11 bytes)
Event: 17.546 Thread 0x000002667f164000 nmethod 7251 0x0000026669d4a790 code [0x0000026669d4a960, 0x0000026669d4ab68]

GC Heap History (20 events):
Event: 9.537 GC heap after
{Heap after GC invocations=14 (full 0):
 garbage-first heap   total 95232K, used 29830K [0x0000000080000000, 0x0000000100000000)
  region size 1024K, 3 young (3072K), 3 survivors (3072K)
 Metaspace       used 46522K, capacity 47765K, committed 47792K, reserved 1091584K
  class space    used 5955K, capacity 6400K, committed 6400K, reserved 1048576K
}
Event: 10.923 GC heap before
{Heap before GC invocations=14 (full 0):
 garbage-first heap   total 95232K, used 76934K [0x0000000080000000, 0x0000000100000000)
  region size 1024K, 46 young (47104K), 3 survivors (3072K)
 Metaspace       used 49153K, capacity 50492K, committed 50736K, reserved 1093632K
  class space    used 6267K, capacity 6716K, committed 6784K, reserved 1048576K
}
Event: 10.936 GC heap after
{Heap after GC invocations=15 (full 0):
 garbage-first heap   total 95232K, used 41544K [0x0000000080000000, 0x0000000100000000)
  region size 1024K, 6 young (6144K), 6 survivors (6144K)
 Metaspace       used 49153K, capacity 50492K, committed 50736K, reserved 1093632K
  class space    used 6267K, capacity 6716K, committed 6784K, reserved 1048576K
}
Event: 11.861 GC heap before
{Heap before GC invocations=15 (full 0):
 garbage-first heap   total 95232K, used 74312K [0x0000000080000000, 0x0000000100000000)
  region size 1024K, 38 young (38912K), 6 survivors (6144K)
 Metaspace       used 53948K, capacity 55301K, committed 55344K, reserved 1097728K
  class space    used 6831K, capacity 7296K, committed 7296K, reserved 1048576K
}
Event: 11.871 GC heap after
{Heap after GC invocations=16 (full 0):
 garbage-first heap   total 95232K, used 43645K [0x0000000080000000, 0x0000000100000000)
  region size 1024K, 2 young (2048K), 2 survivors (2048K)
 Metaspace       used 53948K, capacity 55301K, committed 55344K, reserved 1097728K
  class space    used 6831K, capacity 7296K, committed 7296K, reserved 1048576K
}
Event: 12.886 GC heap before
{Heap before GC invocations=16 (full 0):
 garbage-first heap   total 95232K, used 71293K [0x0000000080000000, 0x0000000100000000)
  region size 1024K, 30 young (30720K), 2 survivors (2048K)
 Metaspace       used 58281K, capacity 59730K, committed 59824K, reserved 1101824K
  class space    used 7376K, capacity 7895K, committed 7936K, reserved 1048576K
}
Event: 12.894 GC heap after
{Heap after GC invocations=17 (full 0):
 garbage-first heap   total 95232K, used 45169K [0x0000000080000000, 0x0000000100000000)
  region size 1024K, 3 young (3072K), 3 survivors (3072K)
 Metaspace       used 58281K, capacity 59730K, committed 59824K, reserved 1101824K
  class space    used 7376K, capacity 7895K, committed 7936K, reserved 1048576K
}
Event: 13.716 GC heap before
{Heap before GC invocations=18 (full 0):
 garbage-first heap   total 95232K, used 74865K [0x0000000080000000, 0x0000000100000000)
  region size 1024K, 33 young (33792K), 3 survivors (3072K)
 Metaspace       used 61203K, capacity 62723K, committed 62908K, reserved 1103872K
  class space    used 7729K, capacity 8246K, committed 8320K, reserved 1048576K
}
Event: 13.729 GC heap after
{Heap after GC invocations=19 (full 0):
 garbage-first heap   total 95232K, used 48039K [0x0000000080000000, 0x0000000100000000)
  region size 1024K, 5 young (5120K), 5 survivors (5120K)
 Metaspace       used 61203K, capacity 62723K, committed 62908K, reserved 1103872K
  class space    used 7729K, capacity 8246K, committed 8320K, reserved 1048576K
}
Event: 14.047 GC heap before
{Heap before GC invocations=20 (full 0):
 garbage-first heap   total 95232K, used 60327K [0x0000000080000000, 0x0000000100000000)
  region size 1024K, 18 young (18432K), 5 survivors (5120K)
 Metaspace       used 62416K, capacity 63878K, committed 64060K, reserved 1105920K
  class space    used 7895K, capacity 8417K, committed 8448K, reserved 1048576K
}
Event: 14.059 GC heap after
{Heap after GC invocations=21 (full 0):
 garbage-first heap   total 114688K, used 49209K [0x0000000080000000, 0x0000000100000000)
  region size 1024K, 2 young (2048K), 2 survivors (2048K)
 Metaspace       used 62416K, capacity 63878K, committed 64060K, reserved 1105920K
  class space    used 7895K, capacity 8417K, committed 8448K, reserved 1048576K
}
Event: 14.707 GC heap before
{Heap before GC invocations=22 (full 0):
 garbage-first heap   total 114688K, used 86073K [0x0000000080000000, 0x0000000100000000)
  region size 1024K, 37 young (37888K), 2 survivors (2048K)
 Metaspace       used 63428K, capacity 65055K, committed 65340K, reserved 1105920K
  class space    used 8052K, capacity 8632K, committed 8704K, reserved 1048576K
}
Event: 14.716 GC heap after
{Heap after GC invocations=23 (full 0):
 garbage-first heap   total 114688K, used 51642K [0x0000000080000000, 0x0000000100000000)
  region size 1024K, 4 young (4096K), 4 survivors (4096K)
 Metaspace       used 63428K, capacity 65055K, committed 65340K, reserved 1105920K
  class space    used 8052K, capacity 8632K, committed 8704K, reserved 1048576K
}
Event: 15.541 GC heap before
{Heap before GC invocations=23 (full 0):
 garbage-first heap   total 114688K, used 86458K [0x0000000080000000, 0x0000000100000000)
  region size 1024K, 38 young (38912K), 4 survivors (4096K)
 Metaspace       used 67334K, capacity 68960K, committed 69052K, reserved 1110016K
  class space    used 8706K, capacity 9289K, committed 9344K, reserved 1048576K
}
Event: 15.552 GC heap after
{Heap after GC invocations=24 (full 0):
 garbage-first heap   total 114688K, used 54129K [0x0000000080000000, 0x0000000100000000)
  region size 1024K, 3 young (3072K), 3 survivors (3072K)
 Metaspace       used 67334K, capacity 68960K, committed 69052K, reserved 1110016K
  class space    used 8706K, capacity 9289K, committed 9344K, reserved 1048576K
}
Event: 16.022 GC heap before
{Heap before GC invocations=24 (full 0):
 garbage-first heap   total 114688K, used 88945K [0x0000000080000000, 0x0000000100000000)
  region size 1024K, 37 young (37888K), 3 survivors (3072K)
 Metaspace       used 69012K, capacity 70654K, committed 70844K, reserved 1110016K
  class space    used 8923K, capacity 9504K, committed 9600K, reserved 1048576K
}
Event: 16.033 GC heap after
{Heap after GC invocations=25 (full 0):
 garbage-first heap   total 114688K, used 56577K [0x0000000080000000, 0x0000000100000000)
  region size 1024K, 5 young (5120K), 5 survivors (5120K)
 Metaspace       used 69012K, capacity 70654K, committed 70844K, reserved 1110016K
  class space    used 8923K, capacity 9504K, committed 9600K, reserved 1048576K
}
Event: 16.671 GC heap before
{Heap before GC invocations=26 (full 0):
 garbage-first heap   total 114688K, used 90369K [0x0000000080000000, 0x0000000100000000)
  region size 1024K, 38 young (38912K), 5 survivors (5120K)
 Metaspace       used 70707K, capacity 72429K, committed 72636K, reserved 1112064K
  class space    used 9177K, capacity 9788K, committed 9856K, reserved 1048576K
}
Event: 16.686 GC heap after
{Heap after GC invocations=27 (full 0):
 garbage-first heap   total 114688K, used 58945K [0x0000000080000000, 0x0000000100000000)
  region size 1024K, 5 young (5120K), 5 survivors (5120K)
 Metaspace       used 70707K, capacity 72429K, committed 72636K, reserved 1112064K
  class space    used 9177K, capacity 9788K, committed 9856K, reserved 1048576K
}
Event: 17.548 GC heap before
{Heap before GC invocations=27 (full 0):
 garbage-first heap   total 114688K, used 91713K [0x0000000080000000, 0x0000000100000000)
  region size 1024K, 37 young (37888K), 5 survivors (5120K)
 Metaspace       used 73948K, capacity 75734K, committed 75964K, reserved 1116160K
  class space    used 9660K, capacity 10307K, committed 10368K, reserved 1048576K
}

Deoptimization events (20 events):
Event: 16.777 Thread 0x0000026601aa5000 DEOPT PACKING pc=0x00000266699ce5a5 sp=0x000000813fff8890
Event: 16.777 Thread 0x0000026601aa5000 DEOPT UNPACKING pc=0x00000266688d76ce sp=0x000000813fff7e30 mode 0
Event: 16.850 Thread 0x0000026601aa5000 DEOPT PACKING pc=0x0000026669cb90b8 sp=0x000000813fff8510
Event: 16.850 Thread 0x0000026601aa5000 DEOPT UNPACKING pc=0x00000266688d76ce sp=0x000000813fff7a18 mode 0
Event: 16.855 Thread 0x0000026601aa5000 DEOPT PACKING pc=0x0000026669a695a7 sp=0x000000813fff7dc0
Event: 16.855 Thread 0x0000026601aa5000 DEOPT UNPACKING pc=0x00000266688d76ce sp=0x000000813fff7270 mode 0
Event: 16.956 Thread 0x0000026601aa5000 DEOPT PACKING pc=0x0000026669cb90b8 sp=0x000000813fff81b0
Event: 16.956 Thread 0x0000026601aa5000 DEOPT UNPACKING pc=0x00000266688d76ce sp=0x000000813fff76b8 mode 0
Event: 17.100 Thread 0x0000026601aa5000 Uncommon trap: trap_request=0xffffff4d fr.pc=0x00000266705fb14c relative=0x0000000000000b6c
Event: 17.100 Thread 0x0000026601aa5000 Uncommon trap: reason=unstable_if action=reinterpret pc=0x00000266705fb14c method=sun.nio.fs.WindowsPathParser.normalize(Ljava/lang/StringBuilder;Ljava/lang/String;I)Ljava/lang/String; @ 172 c2
Event: 17.100 Thread 0x0000026601aa5000 DEOPT PACKING pc=0x00000266705fb14c sp=0x000000813fff9c50
Event: 17.100 Thread 0x0000026601aa5000 DEOPT UNPACKING pc=0x00000266688d78af sp=0x000000813fff9c20 mode 2
Event: 17.140 Thread 0x0000026601aa5000 Uncommon trap: trap_request=0xffffff4d fr.pc=0x00000266704a2ab8 relative=0x0000000000000838
Event: 17.140 Thread 0x0000026601aa5000 Uncommon trap: reason=unstable_if action=reinterpret pc=0x00000266704a2ab8 method=java.util.jar.JarFile.getVersionedEntry(Ljava/lang/String;Ljava/util/jar/JarEntry;)Ljava/util/jar/JarEntry; @ 67 c2
Event: 17.140 Thread 0x0000026601aa5000 DEOPT PACKING pc=0x00000266704a2ab8 sp=0x000000813fff7de0
Event: 17.140 Thread 0x0000026601aa5000 DEOPT UNPACKING pc=0x00000266688d78af sp=0x000000813fff7dc8 mode 2
Event: 17.156 Thread 0x0000026601aa5000 Uncommon trap: trap_request=0xffffff4d fr.pc=0x0000026670746888 relative=0x00000000000001a8
Event: 17.156 Thread 0x0000026601aa5000 Uncommon trap: reason=unstable_if action=reinterpret pc=0x0000026670746888 method=java.util.StringTokenizer.scanToken(I)I @ 42 c2
Event: 17.156 Thread 0x0000026601aa5000 DEOPT PACKING pc=0x0000026670746888 sp=0x000000813fff9b90
Event: 17.156 Thread 0x0000026601aa5000 DEOPT UNPACKING pc=0x00000266688d78af sp=0x000000813fff9b20 mode 2

Classes redefined (0 events):
No events

Internal exceptions (20 events):
Event: 16.065 Thread 0x0000026601aa5000 Exception <a 'java/lang/ClassNotFoundException'{0x0000000086ca42a8}: org/gradle/api/internal/AbstractValidatingNamedDomainObjectContainerBeanInfo> (0x0000000086ca42a8) thrown at [./src/hotspot/share/classfile/systemDictionary.cpp, line 231]
Event: 16.066 Thread 0x0000026601aa5000 Exception <a 'java/lang/ClassNotFoundException'{0x0000000086cbeb68}: org/gradle/api/internal/AbstractValidatingNamedDomainObjectContainerCustomizer> (0x0000000086cbeb68) thrown at [./src/hotspot/share/classfile/systemDictionary.cpp, line 231]
Event: 16.071 Thread 0x0000026601aa5000 Exception <a 'java/lang/ClassNotFoundException'{0x0000000086cf4018}: org/gradle/api/internal/artifacts/configurations/DefaultConfigurationContainerCustomizer> (0x0000000086cf4018) thrown at [./src/hotspot/share/classfile/systemDictionary.cpp, line 231]
Event: 16.073 Thread 0x0000026601aa5000 Exception <a 'java/lang/ClassNotFoundException'{0x0000000086b34d38}: org/gradle/api/internal/artifacts/configurations/DefaultConfigurationContainer_DecoratedCustomizer> (0x0000000086b34d38) thrown at [./src/hotspot/share/classfile/systemDictionary.cpp, line 231]
Event: 16.089 Thread 0x0000026601aa5000 Exception <a 'java/lang/ClassNotFoundException'{0x00000000869b4740}: org/gradle/api/internal/artifacts/configurations/DefaultConfiguration_DecoratedBeanInfo> (0x00000000869b4740) thrown at [./src/hotspot/share/classfile/systemDictionary.cpp, line 231]
Event: 16.090 Thread 0x0000026601aa5000 Exception <a 'java/lang/ClassNotFoundException'{0x00000000869de080}: org/gradle/api/internal/artifacts/configurations/DefaultConfigurationBeanInfo> (0x00000000869de080) thrown at [./src/hotspot/share/classfile/systemDictionary.cpp, line 231]
Event: 16.090 Thread 0x0000026601aa5000 Exception <a 'java/lang/ClassNotFoundException'{0x00000000869f7660}: org/gradle/api/internal/file/AbstractFileCollectionBeanInfo> (0x00000000869f7660) thrown at [./src/hotspot/share/classfile/systemDictionary.cpp, line 231]
Event: 16.091 Thread 0x0000026601aa5000 Exception <a 'java/lang/ClassNotFoundException'{0x0000000086811148}: org/gradle/api/internal/file/AbstractFileCollectionCustomizer> (0x0000000086811148) thrown at [./src/hotspot/share/classfile/systemDictionary.cpp, line 231]
Event: 16.095 Thread 0x0000026601aa5000 Exception <a 'java/lang/ClassNotFoundException'{0x000000008684cad8}: org/gradle/api/internal/artifacts/configurations/DefaultConfigurationCustomizer> (0x000000008684cad8) thrown at [./src/hotspot/share/classfile/systemDictionary.cpp, line 231]
Event: 16.099 Thread 0x0000026601aa5000 Exception <a 'java/lang/ClassNotFoundException'{0x00000000868c7b90}: org/gradle/api/internal/artifacts/configurations/DefaultConfiguration_DecoratedCustomizer> (0x00000000868c7b90) thrown at [./src/hotspot/share/classfile/systemDictionary.cpp, line 231]
Event: 16.126 Thread 0x0000026601aa5000 Exception <a 'java/lang/ClassNotFoundException'{0x0000000086550788}: org/codehaus/groovy/runtime/MethodClosureBeanInfo> (0x0000000086550788) thrown at [./src/hotspot/share/classfile/systemDictionary.cpp, line 231]
Event: 16.133 Thread 0x0000026601aa5000 Exception <a 'java/lang/ClassNotFoundException'{0x00000000863294c8}: org/codehaus/groovy/runtime/MethodClosureCustomizer> (0x00000000863294c8) thrown at [./src/hotspot/share/classfile/systemDictionary.cpp, line 231]
Event: 16.137 Thread 0x0000026601aa5000 Exception <a 'java/lang/ClassNotFoundException'{0x00000000863921f8}: org/gradle/api/internal/artifacts/configurations/DefaultConfiguration$ConfigurationResolvableDependencies_DecoratedBeanInfo> (0x00000000863921f8) thrown at [./src/hotspot/share/classfile/systemDictionary.cpp, line 231]
Event: 16.139 Thread 0x0000026601aa5000 Exception <a 'java/lang/ClassNotFoundException'{0x00000000863c3e18}: org/gradle/api/internal/artifacts/configurations/DefaultConfiguration$ConfigurationResolvableDependenciesBeanInfo> (0x00000000863c3e18) thrown at [./src/hotspot/share/classfile/systemDictionary.cpp, line 231]
Event: 16.140 Thread 0x0000026601aa5000 Exception <a 'java/lang/ClassNotFoundException'{0x00000000863f7390}: org/gradle/api/internal/artifacts/configurations/DefaultConfiguration$ConfigurationResolvableDependenciesCustomizer> (0x00000000863f7390) thrown at [./src/hotspot/share/classfile/systemDictionary.cpp, line 231]
Event: 16.142 Thread 0x0000026601aa5000 Exception <a 'java/lang/ClassNotFoundException'{0x000000008623c330}: org/gradle/api/internal/artifacts/configurations/DefaultConfiguration$ConfigurationResolvableDependencies_DecoratedCustomizer> (0x000000008623c330) thrown at [./src/hotspot/share/classfile/systemDictionary.cpp, line 231]
Event: 16.754 Thread 0x0000026601aa5000 Exception <a 'java/lang/NoSuchMethodError'{0x0000000086cf6720}: 'java.lang.Object java.lang.invoke.Invokers$Holder.linkToTargetMethod(java.lang.Object, int, java.lang.Object)'> (0x0000000086cf6720) thrown at [./src/hotspot/share/interpreter/linkResolver.cpp, line 773]
Event: 17.048 Thread 0x0000026601aa5000 Exception <a 'sun/nio/fs/WindowsException'{0x00000000860225c8}> (0x00000000860225c8) thrown at [./src/hotspot/share/prims/jni.cpp, line 615]
Event: 17.049 Thread 0x0000026601aa5000 Exception <a 'sun/nio/fs/WindowsException'{0x0000000086022b98}> (0x0000000086022b98) thrown at [./src/hotspot/share/prims/jni.cpp, line 615]
Event: 17.203 Thread 0x0000026601aa5000 Exception <a 'java/lang/NullPointerException'{0x00000000858c0c08}> (0x00000000858c0c08) thrown at [./src/hotspot/share/interpreter/linkResolver.cpp, line 1440]

Events (20 events):
Event: 17.483 loading class com/android/repository/impl/meta/TrimStringAdapter done
Event: 17.483 loading class javax/xml/bind/annotation/adapters/XmlAdapter
Event: 17.483 loading class javax/xml/bind/annotation/adapters/XmlAdapter done
Event: 17.487 loading class com/sun/xml/bind/v2/model/core/Adapter
Event: 17.487 loading class com/sun/xml/bind/v2/model/core/Adapter done
Event: 17.488 loading class com/sun/xml/bind/v2/runtime/reflect/Utils
Event: 17.488 loading class com/sun/xml/bind/v2/runtime/reflect/Utils done
Event: 17.489 loading class com/sun/xml/bind/v2/runtime/reflect/Utils$1
Event: 17.489 loading class com/sun/xml/bind/v2/runtime/reflect/Utils$1 done
Event: 17.491 loading class javax/xml/bind/annotation/adapters/CollapsedStringAdapter
Event: 17.491 loading class javax/xml/bind/annotation/adapters/CollapsedStringAdapter done
Event: 17.493 loading class javax/xml/bind/annotation/XmlSchemaType$DEFAULT
Event: 17.493 loading class javax/xml/bind/annotation/XmlSchemaType$DEFAULT done
Event: 17.502 loading class com/android/repository/api/RepositorySource
Event: 17.502 loading class com/android/repository/api/RepositorySource done
Event: 17.517 loading class com/sun/xml/bind/v2/model/impl/GetterSetterPropertySeed
Event: 17.517 loading class com/sun/xml/bind/v2/model/impl/GetterSetterPropertySeed done
Event: 17.540 loading class com/android/repository/impl/meta/Archive$HostConfig
Event: 17.540 loading class com/android/repository/impl/meta/Archive$HostConfig done
Event: 17.548 Executing VM operation: G1CollectForAllocation


Dynamic libraries:
0x00007ff674880000 - 0x00007ff67488a000 	C:\Program Files\Android\Android Studio\jre\bin\java.exe
0x00007ffd8b4f0000 - 0x00007ffd8b6e5000 	C:\WINDOWS\SYSTEM32\ntdll.dll
0x00007ffd89540000 - 0x00007ffd895fe000 	C:\WINDOWS\System32\KERNEL32.DLL
0x00007ffd89210000 - 0x00007ffd894d8000 	C:\WINDOWS\System32\KERNELBASE.dll
0x00007ffd88eb0000 - 0x00007ffd88fb0000 	C:\WINDOWS\System32\ucrtbase.dll
0x00007ffd68670000 - 0x00007ffd68687000 	C:\Program Files\Android\Android Studio\jre\bin\VCRUNTIME140.dll
0x00007ffd778f0000 - 0x00007ffd77909000 	C:\Program Files\Android\Android Studio\jre\bin\jli.dll
0x00007ffd898f0000 - 0x00007ffd89a91000 	C:\WINDOWS\System32\USER32.dll
0x00007ffd78950000 - 0x00007ffd78bea000 	C:\WINDOWS\WinSxS\amd64_microsoft.windows.common-controls_6595b64144ccf1df_6.0.19041.1110_none_60b5254171f9507e\COMCTL32.dll
0x00007ffd88e80000 - 0x00007ffd88ea2000 	C:\WINDOWS\System32\win32u.dll
0x00007ffd896b0000 - 0x00007ffd896db000 	C:\WINDOWS\System32\GDI32.dll
0x00007ffd8af70000 - 0x00007ffd8b00e000 	C:\WINDOWS\System32\msvcrt.dll
0x00007ffd88fb0000 - 0x00007ffd890bb000 	C:\WINDOWS\System32\gdi32full.dll
0x00007ffd89170000 - 0x00007ffd8920d000 	C:\WINDOWS\System32\msvcp_win.dll
0x00007ffd8b2a0000 - 0x00007ffd8b2d0000 	C:\WINDOWS\System32\IMM32.DLL
0x00007ffd446c0000 - 0x00007ffd4475d000 	C:\Program Files\Android\Android Studio\jre\bin\msvcp140.dll
0x00007ffd44760000 - 0x00007ffd4522f000 	C:\Program Files\Android\Android Studio\jre\bin\server\jvm.dll
0x00007ffd89b40000 - 0x00007ffd89bec000 	C:\WINDOWS\System32\ADVAPI32.dll
0x00007ffd89f50000 - 0x00007ffd89feb000 	C:\WINDOWS\System32\sechost.dll
0x00007ffd8b070000 - 0x00007ffd8b19a000 	C:\WINDOWS\System32\RPCRT4.dll
0x00007ffd89aa0000 - 0x00007ffd89aa8000 	C:\WINDOWS\System32\PSAPI.DLL
0x00007ffd76910000 - 0x00007ffd76919000 	C:\WINDOWS\SYSTEM32\WSOCK32.dll
0x00007ffd81690000 - 0x00007ffd8169a000 	C:\WINDOWS\SYSTEM32\VERSION.dll
0x00007ffd7cd20000 - 0x00007ffd7cd47000 	C:\WINDOWS\SYSTEM32\WINMM.dll
0x00007ffd8a930000 - 0x00007ffd8a99b000 	C:\WINDOWS\System32\WS2_32.dll
0x00007ffd86b10000 - 0x00007ffd86b22000 	C:\WINDOWS\SYSTEM32\kernel.appcore.dll
0x00007ffd625e0000 - 0x00007ffd625f1000 	C:\Program Files\Android\Android Studio\jre\bin\verify.dll
0x00007ffd75210000 - 0x00007ffd753f4000 	C:\WINDOWS\SYSTEM32\DBGHELP.DLL
0x00007ffd751b0000 - 0x00007ffd751dc000 	C:\WINDOWS\SYSTEM32\dbgcore.DLL
0x00007ffd88c90000 - 0x00007ffd88d13000 	C:\WINDOWS\System32\bcryptPrimitives.dll
0x00007ffd47250000 - 0x00007ffd47279000 	C:\Program Files\Android\Android Studio\jre\bin\java.dll
0x00007ffd69210000 - 0x00007ffd6921b000 	C:\Program Files\Android\Android Studio\jre\bin\jimage.dll
0x00007ffd47230000 - 0x00007ffd47248000 	C:\Program Files\Android\Android Studio\jre\bin\zip.dll
0x00007ffd89ff0000 - 0x00007ffd8a72f000 	C:\WINDOWS\System32\SHELL32.dll
0x00007ffd86d10000 - 0x00007ffd874a0000 	C:\WINDOWS\SYSTEM32\windows.storage.dll
0x00007ffd89bf0000 - 0x00007ffd89f45000 	C:\WINDOWS\System32\combase.dll
0x00007ffd88660000 - 0x00007ffd8868e000 	C:\WINDOWS\SYSTEM32\Wldp.dll
0x00007ffd89600000 - 0x00007ffd896ad000 	C:\WINDOWS\System32\SHCORE.dll
0x00007ffd8b2d0000 - 0x00007ffd8b325000 	C:\WINDOWS\System32\shlwapi.dll
0x00007ffd88b50000 - 0x00007ffd88b6f000 	C:\WINDOWS\SYSTEM32\profapi.dll
0x00007ffd470f0000 - 0x00007ffd4710a000 	C:\Program Files\Android\Android Studio\jre\bin\net.dll
0x00007ffd7a760000 - 0x00007ffd7a86c000 	C:\WINDOWS\SYSTEM32\WINHTTP.dll
0x00007ffd883c0000 - 0x00007ffd8842a000 	C:\WINDOWS\system32\mswsock.dll
0x00007ffd470d0000 - 0x00007ffd470e4000 	C:\Program Files\Android\Android Studio\jre\bin\nio.dll
0x00007ffd77cf0000 - 0x00007ffd77d17000 	C:\Program Files\Java\jdk-17.0.1\native\8bec1ad78214c89d9ad589b4d07fe93259594b29d510b10fafb7a158f7737e5d\windows-amd64\native-platform.dll
0x00007ffd61750000 - 0x00007ffd6188d000 	C:\Program Files\Java\jdk-17.0.1\native\53dbd7edfb1c66fb8903c78663c9afc45aea4f116125fa6feffd364cf09443e8\windows-amd64\native-platform-file-events.dll
0x00007ffd62740000 - 0x00007ffd6274a000 	C:\Program Files\Android\Android Studio\jre\bin\management.dll
0x00007ffd5dc00000 - 0x00007ffd5dc0c000 	C:\Program Files\Android\Android Studio\jre\bin\management_ext.dll
0x00007ffd885b0000 - 0x00007ffd885c8000 	C:\WINDOWS\SYSTEM32\CRYPTSP.dll
0x00007ffd87cd0000 - 0x00007ffd87d04000 	C:\WINDOWS\system32\rsaenh.dll
0x00007ffd88c60000 - 0x00007ffd88c87000 	C:\WINDOWS\System32\bcrypt.dll
0x00007ffd88ad0000 - 0x00007ffd88afe000 	C:\WINDOWS\SYSTEM32\USERENV.dll
0x00007ffd885d0000 - 0x00007ffd885dc000 	C:\WINDOWS\SYSTEM32\CRYPTBASE.dll
0x00007ffd88060000 - 0x00007ffd8809b000 	C:\WINDOWS\SYSTEM32\IPHLPAPI.DLL
0x00007ffd8a920000 - 0x00007ffd8a928000 	C:\WINDOWS\System32\NSI.dll
0x00007ffd7ec80000 - 0x00007ffd7ec97000 	C:\WINDOWS\SYSTEM32\dhcpcsvc6.DLL
0x00007ffd81570000 - 0x00007ffd8158d000 	C:\WINDOWS\SYSTEM32\dhcpcsvc.DLL
0x00007ffd880b0000 - 0x00007ffd8817b000 	C:\WINDOWS\SYSTEM32\DNSAPI.dll

dbghelp: loaded successfully - version: 4.0.5 - missing functions: none
symbol engine: initialized successfully - sym options: 0x614 - pdb path: .;C:\Program Files\Android\Android Studio\jre\bin;C:\WINDOWS\SYSTEM32;C:\WINDOWS\WinSxS\amd64_microsoft.windows.common-controls_6595b64144ccf1df_6.0.19041.1110_none_60b5254171f9507e;C:\Program Files\Android\Android Studio\jre\bin\server;C:\Program Files\Java\jdk-17.0.1\native\8bec1ad78214c89d9ad589b4d07fe93259594b29d510b10fafb7a158f7737e5d\windows-amd64;C:\Program Files\Java\jdk-17.0.1\native\53dbd7edfb1c66fb8903c78663c9afc45aea4f116125fa6feffd364cf09443e8\windows-amd64

VM Arguments:
jvm_args: --add-opens=java.base/java.util=ALL-UNNAMED --add-opens=java.base/java.lang=ALL-UNNAMED --add-opens=java.base/java.lang.invoke=ALL-UNNAMED --add-opens=java.base/java.util=ALL-UNNAMED --add-opens=java.prefs/java.util.prefs=ALL-UNNAMED --add-opens=java.prefs/java.util.prefs=ALL-UNNAMED --add-opens=java.base/java.nio.charset=ALL-UNNAMED --add-opens=java.base/java.net=ALL-UNNAMED --add-opens=java.base/java.util.concurrent.atomic=ALL-UNNAMED -Xmx2048m -Dfile.encoding=UTF-8 -Duser.country=US -Duser.language=en -Duser.variant 
java_command: org.gradle.launcher.daemon.bootstrap.GradleDaemon 7.0.2
java_class_path (initial): C:\Program Files\Java\jdk-17.0.1\wrapper\dists\gradle-7.0.2-bin\857tjihv64xamwrf0h14cai3r\gradle-7.0.2\lib\gradle-launcher-7.0.2.jar
Launcher Type: SUN_STANDARD

[Global flags]
     intx CICompilerCount                          = 3                                         {product} {ergonomic}
     uint ConcGCThreads                            = 1                                         {product} {ergonomic}
     uint G1ConcRefinementThreads                  = 4                                         {product} {ergonomic}
   size_t G1HeapRegionSize                         = 1048576                                   {product} {ergonomic}
    uintx GCDrainStackTargetSize                   = 64                                        {product} {ergonomic}
   size_t InitialHeapSize                          = 67108864                                  {product} {ergonomic}
   size_t MarkStackSize                            = 4194304                                   {product} {ergonomic}
   size_t MaxHeapSize                              = 2147483648                                {product} {command line}
   size_t MaxNewSize                               = 1287651328                                {product} {ergonomic}
   size_t MinHeapDeltaBytes                        = 1048576                                   {product} {ergonomic}
    uintx NonNMethodCodeHeapSize                   = 5830732                                {pd product} {ergonomic}
    uintx NonProfiledCodeHeapSize                  = 122913754                              {pd product} {ergonomic}
    uintx ProfiledCodeHeapSize                     = 122913754                              {pd product} {ergonomic}
    uintx ReservedCodeCacheSize                    = 251658240                              {pd product} {ergonomic}
     bool SegmentedCodeCache                       = true                                      {product} {ergonomic}
     bool UseCompressedClassPointers               = true                                 {lp64_product} {ergonomic}
     bool UseCompressedOops                        = true                                 {lp64_product} {ergonomic}
     bool UseG1GC                                  = true                                      {product} {ergonomic}
     bool UseLargePagesIndividualAllocation        = false                                  {pd product} {ergonomic}

Logging:
Log output configuration:
 #0: stdout all=warning uptime,level,tags
 #1: stderr all=off uptime,level,tags

Environment Variables:
PATH=C:\Program Files\Common Files\Oracle\Java\javapath;C:\WINDOWS\system32;C:\WINDOWS;C:\WINDOWS\System32\Wbem;C:\WINDOWS\System32\WindowsPowerShell\v1.0\;C:\WINDOWS\System32\OpenSSH\;C:\Program Files\dotnet\;C:\Program Files\Microsoft SQL Server\Client SDK\ODBC\170\Tools\Binn\;C:\Program Files (x86)\dotnet\;C:\Program Files\Git\cmd;C:\Users\MinhNgan\AppData\Local\Microsoft\WindowsApps
USERNAME=MinhNgan
OS=Windows_NT
PROCESSOR_IDENTIFIER=Intel64 Family 6 Model 69 Stepping 1, GenuineIntel



---------------  S Y S T E M  ---------------

OS: Windows 10 , 64 bit Build 19041 (10.0.19041.1348)
OS uptime: 0 days 0:04 hours

CPU:total 4 (initial active 4) (2 cores per cpu, 2 threads per core) family 6 model 69 stepping 1 microcode 0x25, cmov, cx8, fxsr, mmx, sse, sse2, sse3, ssse3, sse4.1, sse4.2, popcnt, avx, avx2, aes, clmul, erms, lzcnt, ht, tsc, tscinvbit, bmi1, bmi2, fma

Memory: 4k page, system-wide physical 3979M (199M free)
TotalPageFile size 6979M (AvailPageFile size 8M)
current process WorkingSet (physical memory assigned to process): 331M, peak: 331M
current process commit charge ("private bytes"): 357M, peak: 380M

vm_info: OpenJDK 64-Bit Server VM (11.0.10+0-b96-7249189) for windows-amd64 JRE (11.0.10+0-b96-7249189), built on Mar 31 2021 21:44:00 by "builder" with MS VC++ 14.0 (VS2015)

END.
