#
# There is insufficient memory for the Java Runtime Environment to continue.
# Native memory allocation (mmap) failed to map 13631488 bytes for Failed to commit area from 0x0000000084000000 to 0x0000000084d00000 of length 13631488.
# Possible reasons:
#   The system is out of physical RAM or swap space
#   The process is running with CompressedOops enabled, and the Java Heap may be blocking the growth of the native heap
# Possible solutions:
#   Reduce memory load on the system
#   Increase physical memory or swap space
#   Check if swap backing store is full
#   Decrease Java heap size (-Xmx/-Xms)
#   Decrease number of Java threads
#   Decrease Java thread stack sizes (-Xss)
#   Set larger code cache with -XX:ReservedCodeCacheSize=
#   JVM is running with Unscaled Compressed Oops mode in which the Java heap is
#     placed in the first 4GB address space. The Java Heap base address is the
#     maximum limit for the native heap growth. Please use -XX:HeapBaseMinAddress
#     to set the Java Heap base and to place the Java Heap above 4GB virtual address.
# This output file may be truncated or incomplete.
#
#  Out of Memory Error (./src/hotspot/os/windows/os_windows.cpp:3301), pid=2420, tid=400
#
# JRE version: OpenJDK Runtime Environment (11.0.10) (build 11.0.10+0-b96-7249189)
# Java VM: OpenJDK 64-Bit Server VM (11.0.10+0-b96-7249189, mixed mode, tiered, compressed oops, g1 gc, windows-amd64)
# No core dump will be written. Minidumps are not enabled by default on client versions of Windows
#

---------------  S U M M A R Y ------------

Command Line: --add-opens=java.base/java.util=ALL-UNNAMED --add-opens=java.base/java.lang=ALL-UNNAMED --add-opens=java.base/java.lang.invoke=ALL-UNNAMED --add-opens=java.base/java.util=ALL-UNNAMED --add-opens=java.prefs/java.util.prefs=ALL-UNNAMED --add-opens=java.prefs/java.util.prefs=ALL-UNNAMED --add-opens=java.base/java.nio.charset=ALL-UNNAMED --add-opens=java.base/java.net=ALL-UNNAMED --add-opens=java.base/java.util.concurrent.atomic=ALL-UNNAMED -Xmx2048m -Dfile.encoding=UTF-8 -Duser.country=US -Duser.language=en -Duser.variant org.gradle.launcher.daemon.bootstrap.GradleDaemon 7.0.2

Host: Intel(R) Core(TM) i5-4210U CPU @ 1.70GHz, 4 cores, 3G,  Windows 10 , 64 bit Build 19041 (10.0.19041.1348)
Time: Sat Dec  4 15:07:04 2021 SE Asia Standard Time elapsed time: 4.515980 seconds (0d 0h 0m 4s)

---------------  T H R E A D  ---------------

Current thread (0x000001f4c1e92000):  VMThread "VM Thread" [stack: 0x000000a315000000,0x000000a315100000] [id=400]

Stack: [0x000000a315000000,0x000000a315100000]
[error occurred during error reporting (printing stack bounds), id 0xc0000005, EXCEPTION_ACCESS_VIOLATION (0xc0000005) at pc=0x000001f4abdf0f2d]

Native frames: (J=compiled Java code, j=interpreted, Vv=VM code, C=native code)
V  [jvm.dll+0x5ecfaa]
V  [jvm.dll+0x722bd5]
V  [jvm.dll+0x72412d]
V  [jvm.dll+0x724745]
V  [jvm.dll+0x7246fb]
V  [jvm.dll+0x5ec348]
V  [jvm.dll+0x5ecad8]
C  [ntdll.dll+0xa20cf]
C  [ntdll.dll+0x51454]
C  [ntdll.dll+0xa0bfe]
C  0x000001f4abdf0f2d

VM_Operation (0x000000a3162f96c0): CollectForMetadataAllocation, mode: safepoint, requested by thread 0x000001f4c45f2800


---------------  P R O C E S S  ---------------

Threads class SMR info:
_java_thread_list=0x000001f4c4637820, length=20, elements={
0x000001f4a82fc000, 0x000001f4c1e99800, 0x000001f4c1e9f000, 0x000001f4c1ef5000,
0x000001f4c1ef9000, 0x000001f4c1efe000, 0x000001f4c1f06800, 0x000001f4c1f13800,
0x000001f4c1efc800, 0x000001f4c1f00800, 0x000001f4c1f01800, 0x000001f4c1eff800,
0x000001f4c1efd000, 0x000001f4c1efb800, 0x000001f4c1eff000, 0x000001f4c1f02000,
0x000001f4c45f2800, 0x000001f4c45f2000, 0x000001f4c45f6000, 0x000001f4c45f0800
}

Java Threads: ( => current thread )
  0x000001f4a82fc000 JavaThread "main" [_thread_blocked, id=5084, stack(0x000000a314a00000,0x000000a314b00000)]
  0x000001f4c1e99800 JavaThread "Reference Handler" daemon [_thread_blocked, id=996, stack(0x000000a315100000,0x000000a315200000)]
  0x000001f4c1e9f000 JavaThread "Finalizer" daemon [_thread_blocked, id=1348, stack(0x000000a315200000,0x000000a315300000)]
  0x000001f4c1ef5000 JavaThread "Signal Dispatcher" daemon [_thread_blocked, id=1000, stack(0x000000a315300000,0x000000a315400000)]
  0x000001f4c1ef9000 JavaThread "Attach Listener" daemon [_thread_blocked, id=4948, stack(0x000000a315400000,0x000000a315500000)]
  0x000001f4c1efe000 JavaThread "Service Thread" daemon [_thread_blocked, id=5820, stack(0x000000a315500000,0x000000a315600000)]
  0x000001f4c1f06800 JavaThread "C2 CompilerThread0" daemon [_thread_blocked, id=6712, stack(0x000000a315600000,0x000000a315700000)]
  0x000001f4c1f13800 JavaThread "C1 CompilerThread0" daemon [_thread_blocked, id=7880, stack(0x000000a315700000,0x000000a315800000)]
  0x000001f4c1efc800 JavaThread "Sweeper thread" daemon [_thread_blocked, id=7068, stack(0x000000a315800000,0x000000a315900000)]
  0x000001f4c1f00800 JavaThread "Common-Cleaner" daemon [_thread_blocked, id=6632, stack(0x000000a315900000,0x000000a315a00000)]
  0x000001f4c1f01800 JavaThread "Daemon health stats" [_thread_blocked, id=9108, stack(0x000000a315c00000,0x000000a315d00000)]
  0x000001f4c1eff800 JavaThread "Incoming local TCP Connector on port 49802" [_thread_in_native, id=1908, stack(0x000000a315d00000,0x000000a315e00000)]
  0x000001f4c1efd000 JavaThread "Daemon periodic checks" [_thread_blocked, id=7740, stack(0x000000a315e00000,0x000000a315f00000)]
  0x000001f4c1efb800 JavaThread "Daemon" [_thread_blocked, id=5656, stack(0x000000a315f00000,0x000000a316000000)]
  0x000001f4c1eff000 JavaThread "Handler for socket connection from /127.0.0.1:49802 to /127.0.0.1:49803" [_thread_in_native, id=1320, stack(0x000000a316000000,0x000000a316100000)]
  0x000001f4c1f02000 JavaThread "Cancel handler" [_thread_blocked, id=8908, stack(0x000000a316100000,0x000000a316200000)]
  0x000001f4c45f2800 JavaThread "Daemon worker" [_thread_blocked, id=9040, stack(0x000000a316200000,0x000000a316300000)]
  0x000001f4c45f2000 JavaThread "Asynchronous log dispatcher for DefaultDaemonConnection: socket connection from /127.0.0.1:49802 to /127.0.0.1:49803" [_thread_blocked, id=7040, stack(0x000000a316300000,0x000000a316400000)]
  0x000001f4c45f6000 JavaThread "Stdin handler" [_thread_blocked, id=6768, stack(0x000000a316400000,0x000000a316500000)]
  0x000001f4c45f0800 JavaThread "Daemon client event forwarder" [_thread_blocked, id=1096, stack(0x000000a316500000,0x000000a316600000)]

Other Threads:
=>0x000001f4c1e92000 VMThread "VM Thread" [stack: 0x000000a315000000,0x000000a315100000] [id=400]
  0x000001f4c299c000 WatcherThread [stack: 0x000000a315a00000,0x000000a315b00000] [id=1608]
  0x000001f4a8313800 GCTaskThread "GC Thread#0" [stack: 0x000000a314b00000,0x000000a314c00000] [id=5052]
  0x000001f4c3274000 GCTaskThread "GC Thread#1" [stack: 0x000000a315b00000,0x000000a315c00000] [id=9064]
  0x000001f4c46d0000 GCTaskThread "GC Thread#2" [stack: 0x000000a316600000,0x000000a316700000] [id=9464]
  0x000001f4c43a4800 GCTaskThread "GC Thread#3" [stack: 0x000000a316700000,0x000000a316800000] [id=1780]
  0x000001f4a8345000 ConcurrentGCThread "G1 Main Marker" [stack: 0x000000a314c00000,0x000000a314d00000] [id=5248]
  0x000001f4a8346000 ConcurrentGCThread "G1 Conc#0" [stack: 0x000000a314d00000,0x000000a314e00000] [id=5244]
  0x000001f4a839f000 ConcurrentGCThread "G1 Refine#0" [stack: 0x000000a314e00000,0x000000a314f00000] [id=6708]
  0x000001f4a83a0000 ConcurrentGCThread "G1 Young RemSet Sampling" [stack: 0x000000a314f00000,0x000000a315000000] [id=988]

Threads with active compile tasks:
C2 CompilerThread0   4540 1869       4       java.lang.AbstractStringBuilder::append (55 bytes)

VM state:at safepoint (normal execution)

VM Mutex/Monitor currently owned by a thread:  ([mutex/lock_event])
[0x000001f4a82f8ae0] Threads_lock - owner thread: 0x000001f4c1e92000
[0x000001f4a82fa4c0] Heap_lock - owner thread: 0x000001f4c45f2800

Heap address: 0x0000000080000000, size: 2048 MB, Compressed Oops mode: 32-bit
Narrow klass base: 0x0000000000000000, Narrow klass shift: 3
Compressed class space size: 1073741824 Address: 0x0000000100000000

Heap:
 garbage-first heap   total 78848K, used 17077K [0x0000000080000000, 0x0000000100000000)
  region size 1024K, 1 young (1024K), 1 survivors (1024K)
 Metaspace       used 19229K, capacity 19644K, committed 19712K, reserved 1077248K
  class space    used 2330K, capacity 2500K, committed 2560K, reserved 1048576K
Heap Regions: E=young(eden), S=young(survivor), O=old, HS=humongous(starts), HC=humongous(continues), CS=collection set, F=free, A=archive, TAMS=top-at-mark-start (previous, next)
|   0|0x0000000080000000, 0x0000000080100000, 0x0000000080100000|100%|HS|  |TAMS 0x0000000080000000, 0x0000000080100000| Complete 
|   1|0x0000000080100000, 0x0000000080200000, 0x0000000080200000|100%|HC|  |TAMS 0x0000000080100000, 0x0000000080200000| Complete 
|   2|0x0000000080200000, 0x0000000080300000, 0x0000000080300000|100%|HC|  |TAMS 0x0000000080200000, 0x0000000080300000| Complete 
|   3|0x0000000080300000, 0x0000000080400000, 0x0000000080400000|100%| O|  |TAMS 0x0000000080300000, 0x0000000080400000| Untracked 
|   4|0x0000000080400000, 0x0000000080500000, 0x0000000080500000|100%| O|  |TAMS 0x0000000080400000, 0x0000000080500000| Untracked 
|   5|0x0000000080500000, 0x0000000080600000, 0x0000000080600000|100%| O|  |TAMS 0x0000000080500000, 0x0000000080600000| Untracked 
|   6|0x0000000080600000, 0x0000000080700000, 0x0000000080700000|100%| O|  |TAMS 0x0000000080600000, 0x0000000080700000| Untracked 
|   7|0x0000000080700000, 0x0000000080800000, 0x0000000080800000|100%| O|  |TAMS 0x0000000080700000, 0x0000000080800000| Untracked 
|   8|0x0000000080800000, 0x0000000080900000, 0x0000000080900000|100%| O|  |TAMS 0x0000000080800000, 0x0000000080900000| Untracked 
|   9|0x0000000080900000, 0x0000000080a00000, 0x0000000080a00000|100%| O|  |TAMS 0x0000000080900000, 0x0000000080a00000| Untracked 
|  10|0x0000000080a00000, 0x0000000080b00000, 0x0000000080b00000|100%| O|  |TAMS 0x0000000080a00000, 0x0000000080b00000| Untracked 
|  11|0x0000000080b00000, 0x0000000080c00000, 0x0000000080c00000|100%| O|  |TAMS 0x0000000080b00000, 0x0000000080c00000| Untracked 
|  12|0x0000000080c00000, 0x0000000080d00000, 0x0000000080d00000|100%| O|  |TAMS 0x0000000080c00000, 0x0000000080d00000| Untracked 
|  13|0x0000000080d00000, 0x0000000080e00000, 0x0000000080e00000|100%| O|  |TAMS 0x0000000080d00000, 0x0000000080e00000| Untracked 
|  14|0x0000000080e00000, 0x0000000080f00000, 0x0000000080f00000|100%| O|  |TAMS 0x0000000080e00000, 0x0000000080f00000| Untracked 
|  15|0x0000000080f00000, 0x0000000080fc5800, 0x0000000081000000| 77%| O|  |TAMS 0x0000000080f00000, 0x0000000080fc5800| Untracked 
|  16|0x0000000081000000, 0x0000000081000000, 0x0000000081100000|  0%| F|  |TAMS 0x0000000081000000, 0x0000000081000000| Untracked 
|  17|0x0000000081100000, 0x0000000081100000, 0x0000000081200000|  0%| F|  |TAMS 0x0000000081100000, 0x0000000081100000| Untracked 
|  18|0x0000000081200000, 0x0000000081200000, 0x0000000081300000|  0%| F|  |TAMS 0x0000000081200000, 0x0000000081200000| Untracked 
|  19|0x0000000081300000, 0x0000000081300000, 0x0000000081400000|  0%| F|  |TAMS 0x0000000081300000, 0x0000000081300000| Untracked 
|  20|0x0000000081400000, 0x0000000081400000, 0x0000000081500000|  0%| F|  |TAMS 0x0000000081400000, 0x0000000081400000| Untracked 
|  21|0x0000000081500000, 0x0000000081500000, 0x0000000081600000|  0%| F|  |TAMS 0x0000000081500000, 0x0000000081500000| Untracked 
|  22|0x0000000081600000, 0x0000000081600000, 0x0000000081700000|  0%| F|  |TAMS 0x0000000081600000, 0x0000000081600000| Untracked 
|  23|0x0000000081700000, 0x0000000081700000, 0x0000000081800000|  0%| F|  |TAMS 0x0000000081700000, 0x0000000081700000| Untracked 
|  24|0x0000000081800000, 0x0000000081800000, 0x0000000081900000|  0%| F|  |TAMS 0x0000000081800000, 0x0000000081800000| Untracked 
|  25|0x0000000081900000, 0x0000000081900000, 0x0000000081a00000|  0%| F|  |TAMS 0x0000000081900000, 0x0000000081900000| Untracked 
|  26|0x0000000081a00000, 0x0000000081a00000, 0x0000000081b00000|  0%| F|  |TAMS 0x0000000081a00000, 0x0000000081a00000| Untracked 
|  27|0x0000000081b00000, 0x0000000081b00000, 0x0000000081c00000|  0%| F|  |TAMS 0x0000000081b00000, 0x0000000081b00000| Untracked 
|  28|0x0000000081c00000, 0x0000000081c00000, 0x0000000081d00000|  0%| F|  |TAMS 0x0000000081c00000, 0x0000000081c00000| Untracked 
|  29|0x0000000081d00000, 0x0000000081d00000, 0x0000000081e00000|  0%| F|  |TAMS 0x0000000081d00000, 0x0000000081d00000| Untracked 
|  30|0x0000000081e00000, 0x0000000081e00000, 0x0000000081f00000|  0%| F|  |TAMS 0x0000000081e00000, 0x0000000081e00000| Untracked 
|  31|0x0000000081f00000, 0x0000000081f00000, 0x0000000082000000|  0%| F|  |TAMS 0x0000000081f00000, 0x0000000081f00000| Untracked 
|  32|0x0000000082000000, 0x0000000082000000, 0x0000000082100000|  0%| F|  |TAMS 0x0000000082000000, 0x0000000082000000| Untracked 
|  33|0x0000000082100000, 0x0000000082100000, 0x0000000082200000|  0%| F|  |TAMS 0x0000000082100000, 0x0000000082100000| Untracked 
|  34|0x0000000082200000, 0x0000000082200000, 0x0000000082300000|  0%| F|  |TAMS 0x0000000082200000, 0x0000000082200000| Untracked 
|  35|0x0000000082300000, 0x0000000082300000, 0x0000000082400000|  0%| F|  |TAMS 0x0000000082300000, 0x0000000082300000| Untracked 
|  36|0x0000000082400000, 0x0000000082400000, 0x0000000082500000|  0%| F|  |TAMS 0x0000000082400000, 0x0000000082400000| Untracked 
|  37|0x0000000082500000, 0x0000000082500000, 0x0000000082600000|  0%| F|  |TAMS 0x0000000082500000, 0x0000000082500000| Untracked 
|  38|0x0000000082600000, 0x0000000082600000, 0x0000000082700000|  0%| F|  |TAMS 0x0000000082600000, 0x0000000082600000| Untracked 
|  39|0x0000000082700000, 0x0000000082700000, 0x0000000082800000|  0%| F|  |TAMS 0x0000000082700000, 0x0000000082700000| Untracked 
|  40|0x0000000082800000, 0x0000000082800000, 0x0000000082900000|  0%| F|  |TAMS 0x0000000082800000, 0x0000000082800000| Untracked 
|  41|0x0000000082900000, 0x0000000082900000, 0x0000000082a00000|  0%| F|  |TAMS 0x0000000082900000, 0x0000000082900000| Untracked 
|  42|0x0000000082a00000, 0x0000000082a00000, 0x0000000082b00000|  0%| F|  |TAMS 0x0000000082a00000, 0x0000000082a00000| Untracked 
|  43|0x0000000082b00000, 0x0000000082be7db0, 0x0000000082c00000| 90%| S|CS|TAMS 0x0000000082b00000, 0x0000000082b00000| Complete 
|  44|0x0000000082c00000, 0x0000000082c00000, 0x0000000082d00000|  0%| F|  |TAMS 0x0000000082c00000, 0x0000000082c00000| Untracked 
|  45|0x0000000082d00000, 0x0000000082d00000, 0x0000000082e00000|  0%| F|  |TAMS 0x0000000082d00000, 0x0000000082d00000| Untracked 
|  46|0x0000000082e00000, 0x0000000082e00000, 0x0000000082f00000|  0%| F|  |TAMS 0x0000000082e00000, 0x0000000082e00000| Untracked 
|  47|0x0000000082f00000, 0x0000000082f00000, 0x0000000083000000|  0%| F|  |TAMS 0x0000000082f00000, 0x0000000082f00000| Untracked 
|  48|0x0000000083000000, 0x0000000083000000, 0x0000000083100000|  0%| F|  |TAMS 0x0000000083000000, 0x0000000083000000| Untracked 
|  49|0x0000000083100000, 0x0000000083100000, 0x0000000083200000|  0%| F|  |TAMS 0x0000000083100000, 0x0000000083100000| Untracked 
|  50|0x0000000083200000, 0x0000000083200000, 0x0000000083300000|  0%| F|  |TAMS 0x0000000083200000, 0x0000000083200000| Untracked 
|  51|0x0000000083300000, 0x0000000083300000, 0x0000000083400000|  0%| F|  |TAMS 0x0000000083300000, 0x0000000083300000| Untracked 
|  52|0x0000000083400000, 0x0000000083400000, 0x0000000083500000|  0%| F|  |TAMS 0x0000000083400000, 0x0000000083400000| Untracked 
|  53|0x0000000083500000, 0x0000000083500000, 0x0000000083600000|  0%| F|  |TAMS 0x0000000083500000, 0x0000000083500000| Untracked 
|  54|0x0000000083600000, 0x0000000083600000, 0x0000000083700000|  0%| F|  |TAMS 0x0000000083600000, 0x0000000083600000| Untracked 
|  55|0x0000000083700000, 0x0000000083700000, 0x0000000083800000|  0%| F|  |TAMS 0x0000000083700000, 0x0000000083700000| Untracked 
|  56|0x0000000083800000, 0x0000000083800000, 0x0000000083900000|  0%| F|  |TAMS 0x0000000083800000, 0x0000000083800000| Untracked 
|  57|0x0000000083900000, 0x0000000083900000, 0x0000000083a00000|  0%| F|  |TAMS 0x0000000083900000, 0x0000000083900000| Untracked 
|  58|0x0000000083a00000, 0x0000000083a00000, 0x0000000083b00000|  0%| F|  |TAMS 0x0000000083a00000, 0x0000000083a00000| Untracked 
|  59|0x0000000083b00000, 0x0000000083b00000, 0x0000000083c00000|  0%| F|  |TAMS 0x0000000083b00000, 0x0000000083b00000| Untracked 
|  60|0x0000000083c00000, 0x0000000083c00000, 0x0000000083d00000|  0%| F|  |TAMS 0x0000000083c00000, 0x0000000083c00000| Untracked 
|  61|0x0000000083d00000, 0x0000000083d00000, 0x0000000083e00000|  0%| F|  |TAMS 0x0000000083d00000, 0x0000000083d00000| Untracked 
|  62|0x0000000083e00000, 0x0000000083e00000, 0x0000000083f00000|  0%| F|  |TAMS 0x0000000083e00000, 0x0000000083e00000| Untracked 
|  63|0x0000000083f00000, 0x0000000083f00000, 0x0000000084000000|  0%| F|  |TAMS 0x0000000083f00000, 0x0000000083f00000| Untracked 

Card table byte_map: [0x000001f4bb1f0000,0x000001f4bb5f0000] _byte_map_base: 0x000001f4badf0000

Marking Bits (Prev, Next): (CMBitMap*) 0x000001f4a833c0f8, (CMBitMap*) 0x000001f4a833c130
 Prev Bits: [0x000001f4bb9f0000, 0x000001f4bd9f0000)
 Next Bits: [0x000001f4bd9f0000, 0x000001f4bf9f0000)

Polling page: 0x000001f4a7ae0000

Metaspace:

Usage:
  Non-class:     16.74 MB capacity,    16.50 MB ( 99%) used,   210.91 KB (  1%) free+waste,    34.06 KB ( <1%) overhead. 
      Class:      2.44 MB capacity,     2.28 MB ( 93%) used,   152.43 KB (  6%) free+waste,    16.94 KB ( <1%) overhead. 
       Both:     19.18 MB capacity,    18.78 MB ( 98%) used,   363.34 KB (  2%) free+waste,    51.00 KB ( <1%) overhead. 

Virtual space:
  Non-class space:       28.00 MB reserved,      16.75 MB ( 60%) committed 
      Class space:        1.00 GB reserved,       2.50 MB ( <1%) committed 
             Both:        1.03 GB reserved,      19.25 MB (  2%) committed 

Chunk freelists:
   Non-Class:  8.00 KB
       Class:  28.00 KB
        Both:  36.00 KB

MaxMetaspaceSize: 17179869184.00 GB
CompressedClassSpaceSize: 1.00 GB

CodeHeap 'non-profiled nmethods': size=120064Kb used=806Kb max_used=806Kb free=119257Kb
 bounds [0x000001f4b38b0000, 0x000001f4b3b20000, 0x000001f4badf0000]
CodeHeap 'profiled nmethods': size=120000Kb used=3853Kb max_used=3853Kb free=116146Kb
 bounds [0x000001f4ac380000, 0x000001f4ac750000, 0x000001f4b38b0000]
CodeHeap 'non-nmethods': size=5696Kb used=1129Kb max_used=1145Kb free=4566Kb
 bounds [0x000001f4abdf0000, 0x000001f4ac060000, 0x000001f4ac380000]
 total_blobs=2332 nmethods=1868 adapters=376
 compilation: enabled
              stopped_count=0, restarted_count=0
 full_count=0

Compilation events (20 events):
Event: 4.475 Thread 0x000001f4c1f13800 nmethod 1863 0x000001f4b3978f10 code [0x000001f4b39790c0, 0x000001f4b3979178]
Event: 4.475 Thread 0x000001f4c1f13800 1864       1       sun.reflect.generics.tree.SimpleClassTypeSignature::getDollar (5 bytes)
Event: 4.475 Thread 0x000001f4c1f13800 nmethod 1864 0x000001f4b3979210 code [0x000001f4b39793c0, 0x000001f4b3979478]
Event: 4.478 Thread 0x000001f4c1f13800 1866       3       org.gradle.internal.service.DefaultServiceRegistry$OwnServices::add (66 bytes)
Event: 4.480 Thread 0x000001f4c1f13800 nmethod 1866 0x000001f4ac73fe90 code [0x000001f4ac7401a0, 0x000001f4ac741338]
Event: 4.480 Thread 0x000001f4c1f13800 1867       3       org.gradle.internal.service.DefaultServiceRegistry::access$1000 (5 bytes)
Event: 4.480 Thread 0x000001f4c1f13800 nmethod 1867 0x000001f4ac741990 code [0x000001f4ac741b40, 0x000001f4ac741c48]
Event: 4.480 Thread 0x000001f4c1f13800 1868       3       org.gradle.internal.service.DefaultServiceRegistry$OwnServices$ProviderAnalyser::addProviderForClassHierarchy (16 bytes)
Event: 4.480 Thread 0x000001f4c1f13800 nmethod 1868 0x000001f4ac741d10 code [0x000001f4ac741ee0, 0x000001f4ac7420d8]
Event: 4.482 Thread 0x000001f4c1f06800 1869       4       java.lang.AbstractStringBuilder::append (55 bytes)
Event: 4.483 Thread 0x000001f4c1f13800 1870       3       java.lang.StringBuilder::<init> (18 bytes)
Event: 4.484 Thread 0x000001f4c1f13800 nmethod 1870 0x000001f4ac742210 code [0x000001f4ac742400, 0x000001f4ac7426d8]
Event: 4.484 Thread 0x000001f4c1f13800 1871       3       java.lang.reflect.Constructor::<init> (50 bytes)
Event: 4.484 Thread 0x000001f4c1f13800 nmethod 1871 0x000001f4ac742890 code [0x000001f4ac742a60, 0x000001f4ac742ed8]
Event: 4.498 Thread 0x000001f4c1f13800 1873       1       org.gradle.internal.service.DefaultServiceRegistry::access$1600 (5 bytes)
Event: 4.499 Thread 0x000001f4c1f13800 nmethod 1873 0x000001f4b3979510 code [0x000001f4b39796c0, 0x000001f4b3979758]
Event: 4.499 Thread 0x000001f4c1f13800 1874       3       org.gradle.internal.service.DefaultServiceRegistry$OwnServices::getProviders (26 bytes)
Event: 4.499 Thread 0x000001f4c1f13800 nmethod 1874 0x000001f4ac743010 code [0x000001f4ac7431e0, 0x000001f4ac743548]
Event: 4.499 Thread 0x000001f4c1f13800 1875       1       java.lang.reflect.Method::getRoot (5 bytes)
Event: 4.500 Thread 0x000001f4c1f13800 nmethod 1875 0x000001f4b3979810 code [0x000001f4b39799c0, 0x000001f4b3979a78]

GC Heap History (9 events):
Event: 0.789 GC heap before
{Heap before GC invocations=0 (full 0):
 garbage-first heap   total 65536K, used 16384K [0x0000000080000000, 0x0000000100000000)
  region size 1024K, 14 young (14336K), 0 survivors (0K)
 Metaspace       used 6771K, capacity 6985K, committed 7168K, reserved 1056768K
  class space    used 584K, capacity 650K, committed 768K, reserved 1048576K
}
Event: 0.796 GC heap after
{Heap after GC invocations=1 (full 0):
 garbage-first heap   total 65536K, used 4543K [0x0000000080000000, 0x0000000100000000)
  region size 1024K, 2 young (2048K), 2 survivors (2048K)
 Metaspace       used 6771K, capacity 6985K, committed 7168K, reserved 1056768K
  class space    used 584K, capacity 650K, committed 768K, reserved 1048576K
}
Event: 1.922 GC heap before
{Heap before GC invocations=1 (full 0):
 garbage-first heap   total 65536K, used 18879K [0x0000000080000000, 0x0000000100000000)
  region size 1024K, 14 young (14336K), 2 survivors (2048K)
 Metaspace       used 9919K, capacity 10114K, committed 10368K, reserved 1058816K
  class space    used 1022K, capacity 1102K, committed 1152K, reserved 1048576K
}
Event: 1.928 GC heap after
{Heap after GC invocations=2 (full 0):
 garbage-first heap   total 65536K, used 9492K [0x0000000080000000, 0x0000000100000000)
  region size 1024K, 2 young (2048K), 2 survivors (2048K)
 Metaspace       used 9919K, capacity 10114K, committed 10368K, reserved 1058816K
  class space    used 1022K, capacity 1102K, committed 1152K, reserved 1048576K
}
Event: 2.697 GC heap before
{Heap before GC invocations=2 (full 0):
 garbage-first heap   total 65536K, used 45332K [0x0000000080000000, 0x0000000100000000)
  region size 1024K, 37 young (37888K), 2 survivors (2048K)
 Metaspace       used 10875K, capacity 11131K, committed 11264K, reserved 1058816K
  class space    used 1126K, capacity 1206K, committed 1280K, reserved 1048576K
}
Event: 2.704 GC heap after
{Heap after GC invocations=3 (full 0):
 garbage-first heap   total 65536K, used 13627K [0x0000000080000000, 0x0000000100000000)
  region size 1024K, 5 young (5120K), 5 survivors (5120K)
 Metaspace       used 10875K, capacity 11131K, committed 11264K, reserved 1058816K
  class space    used 1126K, capacity 1206K, committed 1280K, reserved 1048576K
}
Event: 4.207 GC heap before
{Heap before GC invocations=3 (full 0):
 garbage-first heap   total 65536K, used 44347K [0x0000000080000000, 0x0000000100000000)
  region size 1024K, 35 young (35840K), 5 survivors (5120K)
 Metaspace       used 17318K, capacity 17693K, committed 17792K, reserved 1064960K
  class space    used 2002K, capacity 2124K, committed 2176K, reserved 1048576K
}
Event: 4.217 GC heap after
{Heap after GC invocations=4 (full 0):
 garbage-first heap   total 65536K, used 16309K [0x0000000080000000, 0x0000000100000000)
  region size 1024K, 3 young (3072K), 3 survivors (3072K)
 Metaspace       used 17318K, capacity 17693K, committed 17792K, reserved 1064960K
  class space    used 2002K, capacity 2124K, committed 2176K, reserved 1048576K
}
Event: 4.500 GC heap before
{Heap before GC invocations=4 (full 0):
 garbage-first heap   total 65536K, used 34741K [0x0000000080000000, 0x0000000100000000)
  region size 1024K, 23 young (23552K), 3 survivors (3072K)
 Metaspace       used 19229K, capacity 19644K, committed 19712K, reserved 1077248K
  class space    used 2330K, capacity 2500K, committed 2560K, reserved 1048576K
}

Deoptimization events (20 events):
Event: 3.913 Thread 0x000001f4a82fc000 DEOPT PACKING pc=0x000001f4b3921474 sp=0x000000a314afda80
Event: 3.913 Thread 0x000001f4a82fc000 DEOPT UNPACKING pc=0x000001f4abe178af sp=0x000000a314afda18 mode 2
Event: 4.021 Thread 0x000001f4c1eff800 Uncommon trap: trap_request=0xffffffc6 fr.pc=0x000001f4b39210a4 relative=0x0000000000000084
Event: 4.021 Thread 0x000001f4c1eff800 Uncommon trap: reason=bimorphic_or_optimized_type_check action=maybe_recompile pc=0x000001f4b39210a4 method=java.util.AbstractList$Itr.hasNext()Z @ 8 c2
Event: 4.021 Thread 0x000001f4c1eff800 DEOPT PACKING pc=0x000001f4b39210a4 sp=0x000000a315dfde80
Event: 4.021 Thread 0x000001f4c1eff800 DEOPT UNPACKING pc=0x000001f4abe178af sp=0x000000a315dfde18 mode 2
Event: 4.021 Thread 0x000001f4c1eff800 Uncommon trap: trap_request=0xffffffc6 fr.pc=0x000001f4b3921474 relative=0x0000000000000134
Event: 4.021 Thread 0x000001f4c1eff800 Uncommon trap: reason=bimorphic_or_optimized_type_check action=maybe_recompile pc=0x000001f4b3921474 method=java.util.AbstractList$Itr.next()Ljava/lang/Object; @ 14 c2
Event: 4.021 Thread 0x000001f4c1eff800 DEOPT PACKING pc=0x000001f4b3921474 sp=0x000000a315dfde70
Event: 4.021 Thread 0x000001f4c1eff800 DEOPT UNPACKING pc=0x000001f4abe178af sp=0x000000a315dfde08 mode 2
Event: 4.088 Thread 0x000001f4c1eff000 DEOPT PACKING pc=0x000001f4ac41c07f sp=0x000000a3160f9c00
Event: 4.088 Thread 0x000001f4c1eff000 DEOPT UNPACKING pc=0x000001f4abe176ce sp=0x000000a3160f9050 mode 0
Event: 4.157 Thread 0x000001f4c45f2800 Uncommon trap: trap_request=0xffffffc6 fr.pc=0x000001f4b38fa288 relative=0x00000000000009e8
Event: 4.157 Thread 0x000001f4c45f2800 Uncommon trap: reason=bimorphic_or_optimized_type_check action=maybe_recompile pc=0x000001f4b38fa288 method=java.util.HashMap.putVal(ILjava/lang/Object;Ljava/lang/Object;ZZ)Ljava/lang/Object; @ 253 c2
Event: 4.157 Thread 0x000001f4c45f2800 DEOPT PACKING pc=0x000001f4b38fa288 sp=0x000000a3162fed10
Event: 4.157 Thread 0x000001f4c45f2800 DEOPT UNPACKING pc=0x000001f4abe178af sp=0x000000a3162fec48 mode 2
Event: 4.157 Thread 0x000001f4c45f2800 Uncommon trap: trap_request=0xffffffc6 fr.pc=0x000001f4b38fa288 relative=0x00000000000009e8
Event: 4.157 Thread 0x000001f4c45f2800 Uncommon trap: reason=bimorphic_or_optimized_type_check action=maybe_recompile pc=0x000001f4b38fa288 method=java.util.HashMap.putVal(ILjava/lang/Object;Ljava/lang/Object;ZZ)Ljava/lang/Object; @ 253 c2
Event: 4.157 Thread 0x000001f4c45f2800 DEOPT PACKING pc=0x000001f4b38fa288 sp=0x000000a3162fee00
Event: 4.157 Thread 0x000001f4c45f2800 DEOPT UNPACKING pc=0x000001f4abe178af sp=0x000000a3162fed38 mode 2

Classes redefined (0 events):
No events

Internal exceptions (20 events):
Event: 0.985 Thread 0x000001f4a82fc000 Exception <a 'java/lang/NoSuchMethodError'{0x0000000083b11b48}: 'java.lang.Object java.lang.invoke.DirectMethodHandle$Holder.invokeVirtual(java.lang.Object, java.lang.Object, java.lang.Object, java.lang.Object, java.lang.Object, java.lang.Object, java.lang.Object)'> (0x0000000083b11b48) thrown at [./src/hotspot/share/interpreter/linkResolver.cpp, line 773]
Event: 0.998 Thread 0x000001f4a82fc000 Exception <a 'java/lang/NoSuchMethodError'{0x0000000083b20e38}: 'java.lang.Object java.lang.invoke.Invokers$Holder.invoker(java.lang.Object, java.lang.Object, java.lang.Object)'> (0x0000000083b20e38) thrown at [./src/hotspot/share/interpreter/linkResolver.cpp, line 773]
Event: 1.013 Thread 0x000001f4a82fc000 Exception <a 'java/lang/NoSuchMethodError'{0x0000000083b31eb0}: 'void java.lang.invoke.DelegatingMethodHandle$Holder.delegate(java.lang.Object, java.lang.Object, int, java.lang.Object)'> (0x0000000083b31eb0) thrown at [./src/hotspot/share/interpreter/linkResolver.cpp, line 773]
Event: 2.662 Thread 0x000001f4a82fc000 Exception <a 'java/security/PrivilegedActionException'{0x0000000081c6edc0}> (0x0000000081c6edc0) thrown at [./src/hotspot/share/prims/jvm.cpp, line 1306]
Event: 2.662 Thread 0x000001f4a82fc000 Exception <a 'java/security/PrivilegedActionException'{0x0000000081c6f338}> (0x0000000081c6f338) thrown at [./src/hotspot/share/prims/jvm.cpp, line 1306]
Event: 3.035 Thread 0x000001f4a82fc000 Exception <a 'java/lang/NoSuchMethodError'{0x0000000082f467e0}: 'java.lang.Object java.lang.invoke.DirectMethodHandle$Holder.invokeStaticInit(java.lang.Object, java.lang.Object, java.lang.Object)'> (0x0000000082f467e0) thrown at [./src/hotspot/share/interpreter/linkResolver.cpp, line 773]
Event: 3.233 Thread 0x000001f4a82fc000 Exception <a 'java/lang/NoSuchMethodError'{0x0000000082aa9140}: 'java.lang.Object java.lang.invoke.DirectMethodHandle$Holder.invokeStaticInit(java.lang.Object, int, int, int, int)'> (0x0000000082aa9140) thrown at [./src/hotspot/share/interpreter/linkResolver.cpp, line 773]
Event: 3.567 Thread 0x000001f4a82fc000 Exception <a 'java/lang/NoSuchMethodError'{0x0000000082ac20a0}: 'java.lang.Object java.lang.invoke.DirectMethodHandle$Holder.invokeStaticInit(java.lang.Object, java.lang.Object, int, int, int, int)'> (0x0000000082ac20a0) thrown at [./src/hotspot/share/interpreter/linkResolver.cpp, line 773]
Event: 3.992 Thread 0x000001f4a82fc000 Exception <a 'java/io/IOException'{0x00000000828f0818}> (0x00000000828f0818) thrown at [./src/hotspot/share/prims/jni.cpp, line 615]
Event: 4.081 Thread 0x000001f4c1eff000 Exception <a 'java/lang/NoSuchMethodError'{0x0000000082508ca0}: <clinit>> (0x0000000082508ca0) thrown at [./src/hotspot/share/prims/jni.cpp, line 1362]
Event: 4.085 Thread 0x000001f4c1eff000 Exception <a 'java/lang/NoSuchMethodError'{0x0000000082511538}: <clinit>> (0x0000000082511538) thrown at [./src/hotspot/share/prims/jni.cpp, line 1362]
Event: 4.089 Thread 0x000001f4c1eff000 Exception <a 'java/lang/NoSuchMethodError'{0x0000000082527950}: <clinit>> (0x0000000082527950) thrown at [./src/hotspot/share/prims/jni.cpp, line 1362]
Event: 4.107 Thread 0x000001f4c1eff000 Exception <a 'java/lang/NoSuchMethodError'{0x00000000825816d8}: <clinit>> (0x00000000825816d8) thrown at [./src/hotspot/share/prims/jni.cpp, line 1362]
Event: 4.113 Thread 0x000001f4c1eff000 Exception <a 'java/lang/NoSuchMethodError'{0x00000000825bd660}: <clinit>> (0x00000000825bd660) thrown at [./src/hotspot/share/prims/jni.cpp, line 1362]
Event: 4.120 Thread 0x000001f4c1eff000 Exception <a 'java/lang/NoSuchMethodError'{0x00000000825f0518}: <clinit>> (0x00000000825f0518) thrown at [./src/hotspot/share/prims/jni.cpp, line 1362]
Event: 4.205 Thread 0x000001f4c45f2800 Exception <a 'java/lang/NoSuchMethodError'{0x00000000822e8820}: 'void java.lang.invoke.DirectMethodHandle$Holder.invokeVirtual(java.lang.Object, java.lang.Object, java.lang.Object, java.lang.Object)'> (0x00000000822e8820) thrown at [./src/hotspot/share/interpreter/linkResolver.cpp, line 773]
Event: 4.206 Thread 0x000001f4c45f2800 Exception <a 'java/lang/NoSuchMethodError'{0x00000000822f5288}: 'void java.lang.invoke.DelegatingMethodHandle$Holder.reinvoke_L(java.lang.Object, java.lang.Object, java.lang.Object, java.lang.Object)'> (0x00000000822f5288) thrown at [./src/hotspot/share/interpreter/linkResolver.cpp, line 773]
Event: 4.224 Thread 0x000001f4c45f2800 Exception <a 'java/lang/NoSuchMethodError'{0x0000000083f4b5c0}: 'long java.lang.invoke.DirectMethodHandle$Holder.invokeInterface(java.lang.Object, java.lang.Object)'> (0x0000000083f4b5c0) thrown at [./src/hotspot/share/interpreter/linkResolver.cpp, line 773]
Event: 4.227 Thread 0x000001f4c45f2800 Exception <a 'java/lang/NoSuchMethodError'{0x0000000083f6e7d0}: 'void java.lang.invoke.DelegatingMethodHandle$Holder.reinvoke_L(java.lang.Object, java.lang.Object, java.lang.Object, java.lang.Object, java.lang.Object, java.lang.Object, java.lang.Object)'> (0x0000000083f6e7d0) thrown at [./src/hotspot/share/interpreter/linkResolver.cpp, line 773]
Event: 4.465 Thread 0x000001f4c45f2800 Exception <a 'java/lang/NoSuchMethodError'{0x0000000082fca4a0}: 'java.lang.Object java.lang.invoke.DirectMethodHandle$Holder.invokeVirtual(java.lang.Object, java.lang.Object, java.lang.Object)'> (0x0000000082fca4a0) thrown at [./src/hotspot/share/interpreter/linkResolver.cpp, line 773]

Events (20 events):
Event: 4.492 loading class org/gradle/configurationcache/problems/ConfigurationCacheProblems done
Event: 4.493 loading class org/gradle/configurationcache/ConfigurationCacheClassLoaderScopeRegistryListener
Event: 4.493 loading class org/gradle/configurationcache/ConfigurationCacheClassLoaderScopeRegistryListener done
Event: 4.495 loading class org/gradle/initialization/ClassLoaderScopeRegistryListener
Event: 4.495 loading class org/gradle/initialization/ClassLoaderScopeRegistryListener done
Event: 4.496 loading class org/gradle/configurationcache/serialization/ScopeLookup
Event: 4.496 loading class org/gradle/configurationcache/serialization/ScopeLookup done
Event: 4.497 loading class org/gradle/internal/service/scopes/BuildTreeScopeInitializer
Event: 4.497 loading class org/gradle/internal/service/scopes/BuildTreeScopeInitializer done
Event: 4.498 loading class org/gradle/internal/enterprise/core/GradleEnterprisePluginManager
Event: 4.498 loading class org/gradle/internal/enterprise/core/GradleEnterprisePluginManager done
Event: 4.499 loading class org/gradle/api/resources/MissingResourceException
Event: 4.499 loading class org/gradle/api/resources/MissingResourceException done
Event: 4.499 loading class org/gradle/api/resources/ResourceException
Event: 4.499 loading class org/gradle/api/resources/ResourceException done
Event: 4.499 loading class org/gradle/initialization/layout/BuildLayoutConfiguration
Event: 4.499 loading class org/gradle/initialization/layout/BuildLayoutConfiguration done
Event: 4.500 loading class org/gradle/internal/scripts/DefaultScriptFileResolver
Event: 4.500 loading class org/gradle/internal/scripts/DefaultScriptFileResolver done
Event: 4.500 Executing VM operation: CollectForMetadataAllocation


Dynamic libraries:
0x00007ff7bd820000 - 0x00007ff7bd82a000 	C:\Program Files\Android\Android Studio\jre\bin\java.exe
0x00007ffd8b4f0000 - 0x00007ffd8b6e5000 	C:\WINDOWS\SYSTEM32\ntdll.dll
0x00007ffd89540000 - 0x00007ffd895fe000 	C:\WINDOWS\System32\KERNEL32.DLL
0x00007ffd89210000 - 0x00007ffd894d8000 	C:\WINDOWS\System32\KERNELBASE.dll
0x00007ffd88eb0000 - 0x00007ffd88fb0000 	C:\WINDOWS\System32\ucrtbase.dll
0x00007ffd68670000 - 0x00007ffd68687000 	C:\Program Files\Android\Android Studio\jre\bin\VCRUNTIME140.dll
0x00007ffd83450000 - 0x00007ffd83469000 	C:\Program Files\Android\Android Studio\jre\bin\jli.dll
0x00007ffd78950000 - 0x00007ffd78bea000 	C:\WINDOWS\WinSxS\amd64_microsoft.windows.common-controls_6595b64144ccf1df_6.0.19041.1110_none_60b5254171f9507e\COMCTL32.dll
0x00007ffd8af70000 - 0x00007ffd8b00e000 	C:\WINDOWS\System32\msvcrt.dll
0x00007ffd898f0000 - 0x00007ffd89a91000 	C:\WINDOWS\System32\USER32.dll
0x00007ffd88e80000 - 0x00007ffd88ea2000 	C:\WINDOWS\System32\win32u.dll
0x00007ffd896b0000 - 0x00007ffd896db000 	C:\WINDOWS\System32\GDI32.dll
0x00007ffd88fb0000 - 0x00007ffd890bb000 	C:\WINDOWS\System32\gdi32full.dll
0x00007ffd89170000 - 0x00007ffd8920d000 	C:\WINDOWS\System32\msvcp_win.dll
0x00007ffd8b2a0000 - 0x00007ffd8b2d0000 	C:\WINDOWS\System32\IMM32.DLL
0x00007ffd446c0000 - 0x00007ffd4475d000 	C:\Program Files\Android\Android Studio\jre\bin\msvcp140.dll
0x00007ffd44760000 - 0x00007ffd4522f000 	C:\Program Files\Android\Android Studio\jre\bin\server\jvm.dll
0x00007ffd89b40000 - 0x00007ffd89bec000 	C:\WINDOWS\System32\ADVAPI32.dll
0x00007ffd89f50000 - 0x00007ffd89feb000 	C:\WINDOWS\System32\sechost.dll
0x00007ffd8b070000 - 0x00007ffd8b19a000 	C:\WINDOWS\System32\RPCRT4.dll
0x00007ffd89aa0000 - 0x00007ffd89aa8000 	C:\WINDOWS\System32\PSAPI.DLL
0x00007ffd76910000 - 0x00007ffd76919000 	C:\WINDOWS\SYSTEM32\WSOCK32.dll
0x00007ffd81690000 - 0x00007ffd8169a000 	C:\WINDOWS\SYSTEM32\VERSION.dll
0x00007ffd8a930000 - 0x00007ffd8a99b000 	C:\WINDOWS\System32\WS2_32.dll
0x00007ffd7cd20000 - 0x00007ffd7cd47000 	C:\WINDOWS\SYSTEM32\WINMM.dll
0x00007ffd86b10000 - 0x00007ffd86b22000 	C:\WINDOWS\SYSTEM32\kernel.appcore.dll
0x00007ffd625e0000 - 0x00007ffd625f1000 	C:\Program Files\Android\Android Studio\jre\bin\verify.dll
0x00007ffd75210000 - 0x00007ffd753f4000 	C:\WINDOWS\SYSTEM32\DBGHELP.DLL
0x00007ffd751b0000 - 0x00007ffd751dc000 	C:\WINDOWS\SYSTEM32\dbgcore.DLL
0x00007ffd88c90000 - 0x00007ffd88d13000 	C:\WINDOWS\System32\bcryptPrimitives.dll
0x00007ffd47250000 - 0x00007ffd47279000 	C:\Program Files\Android\Android Studio\jre\bin\java.dll
0x00007ffd69210000 - 0x00007ffd6921b000 	C:\Program Files\Android\Android Studio\jre\bin\jimage.dll
0x00007ffd47230000 - 0x00007ffd47248000 	C:\Program Files\Android\Android Studio\jre\bin\zip.dll
0x00007ffd89ff0000 - 0x00007ffd8a72f000 	C:\WINDOWS\System32\SHELL32.dll
0x00007ffd86d10000 - 0x00007ffd874a0000 	C:\WINDOWS\SYSTEM32\windows.storage.dll
0x00007ffd89bf0000 - 0x00007ffd89f45000 	C:\WINDOWS\System32\combase.dll
0x00007ffd88660000 - 0x00007ffd8868e000 	C:\WINDOWS\SYSTEM32\Wldp.dll
0x00007ffd89600000 - 0x00007ffd896ad000 	C:\WINDOWS\System32\SHCORE.dll
0x00007ffd8b2d0000 - 0x00007ffd8b325000 	C:\WINDOWS\System32\shlwapi.dll
0x00007ffd88b50000 - 0x00007ffd88b6f000 	C:\WINDOWS\SYSTEM32\profapi.dll
0x00007ffd470f0000 - 0x00007ffd4710a000 	C:\Program Files\Android\Android Studio\jre\bin\net.dll
0x00007ffd7a760000 - 0x00007ffd7a86c000 	C:\WINDOWS\SYSTEM32\WINHTTP.dll
0x00007ffd883c0000 - 0x00007ffd8842a000 	C:\WINDOWS\system32\mswsock.dll
0x00007ffd470d0000 - 0x00007ffd470e4000 	C:\Program Files\Android\Android Studio\jre\bin\nio.dll
0x00007ffd77cf0000 - 0x00007ffd77d17000 	C:\Program Files\Java\jdk-17.0.1\native\8bec1ad78214c89d9ad589b4d07fe93259594b29d510b10fafb7a158f7737e5d\windows-amd64\native-platform.dll
0x00007ffd61750000 - 0x00007ffd6188d000 	C:\Program Files\Java\jdk-17.0.1\native\53dbd7edfb1c66fb8903c78663c9afc45aea4f116125fa6feffd364cf09443e8\windows-amd64\native-platform-file-events.dll
0x00007ffd62740000 - 0x00007ffd6274a000 	C:\Program Files\Android\Android Studio\jre\bin\management.dll
0x00007ffd5dc00000 - 0x00007ffd5dc0c000 	C:\Program Files\Android\Android Studio\jre\bin\management_ext.dll
0x00007ffd885b0000 - 0x00007ffd885c8000 	C:\WINDOWS\SYSTEM32\CRYPTSP.dll
0x00007ffd87cd0000 - 0x00007ffd87d04000 	C:\WINDOWS\system32\rsaenh.dll
0x00007ffd88c60000 - 0x00007ffd88c87000 	C:\WINDOWS\System32\bcrypt.dll
0x00007ffd88ad0000 - 0x00007ffd88afe000 	C:\WINDOWS\SYSTEM32\USERENV.dll
0x00007ffd885d0000 - 0x00007ffd885dc000 	C:\WINDOWS\SYSTEM32\CRYPTBASE.dll
0x00007ffd88060000 - 0x00007ffd8809b000 	C:\WINDOWS\SYSTEM32\IPHLPAPI.DLL
0x00007ffd8a920000 - 0x00007ffd8a928000 	C:\WINDOWS\System32\NSI.dll
0x00007ffd7ec80000 - 0x00007ffd7ec97000 	C:\WINDOWS\SYSTEM32\dhcpcsvc6.DLL
0x00007ffd81570000 - 0x00007ffd8158d000 	C:\WINDOWS\SYSTEM32\dhcpcsvc.DLL
0x00007ffd880b0000 - 0x00007ffd8817b000 	C:\WINDOWS\SYSTEM32\DNSAPI.dll

dbghelp: loaded successfully - version: 4.0.5 - missing functions: none
symbol engine: initialized successfully - sym options: 0x614 - pdb path: .;C:\Program Files\Android\Android Studio\jre\bin;C:\WINDOWS\SYSTEM32;C:\WINDOWS\WinSxS\amd64_microsoft.windows.common-controls_6595b64144ccf1df_6.0.19041.1110_none_60b5254171f9507e;C:\Program Files\Android\Android Studio\jre\bin\server;C:\Program Files\Java\jdk-17.0.1\native\8bec1ad78214c89d9ad589b4d07fe93259594b29d510b10fafb7a158f7737e5d\windows-amd64;C:\Program Files\Java\jdk-17.0.1\native\53dbd7edfb1c66fb8903c78663c9afc45aea4f116125fa6feffd364cf09443e8\windows-amd64

VM Arguments:
jvm_args: --add-opens=java.base/java.util=ALL-UNNAMED --add-opens=java.base/java.lang=ALL-UNNAMED --add-opens=java.base/java.lang.invoke=ALL-UNNAMED --add-opens=java.base/java.util=ALL-UNNAMED --add-opens=java.prefs/java.util.prefs=ALL-UNNAMED --add-opens=java.prefs/java.util.prefs=ALL-UNNAMED --add-opens=java.base/java.nio.charset=ALL-UNNAMED --add-opens=java.base/java.net=ALL-UNNAMED --add-opens=java.base/java.util.concurrent.atomic=ALL-UNNAMED -Xmx2048m -Dfile.encoding=UTF-8 -Duser.country=US -Duser.language=en -Duser.variant 
java_command: org.gradle.launcher.daemon.bootstrap.GradleDaemon 7.0.2
java_class_path (initial): C:\Program Files\Java\jdk-17.0.1\wrapper\dists\gradle-7.0.2-bin\857tjihv64xamwrf0h14cai3r\gradle-7.0.2\lib\gradle-launcher-7.0.2.jar
Launcher Type: SUN_STANDARD

[Global flags]
     intx CICompilerCount                          = 3                                         {product} {ergonomic}
     uint ConcGCThreads                            = 1                                         {product} {ergonomic}
     uint G1ConcRefinementThreads                  = 4                                         {product} {ergonomic}
   size_t G1HeapRegionSize                         = 1048576                                   {product} {ergonomic}
    uintx GCDrainStackTargetSize                   = 64                                        {product} {ergonomic}
   size_t InitialHeapSize                          = 67108864                                  {product} {ergonomic}
   size_t MarkStackSize                            = 4194304                                   {product} {ergonomic}
   size_t MaxHeapSize                              = 2147483648                                {product} {command line}
   size_t MaxNewSize                               = 1287651328                                {product} {ergonomic}
   size_t MinHeapDeltaBytes                        = 1048576                                   {product} {ergonomic}
    uintx NonNMethodCodeHeapSize                   = 5830732                                {pd product} {ergonomic}
    uintx NonProfiledCodeHeapSize                  = 122913754                              {pd product} {ergonomic}
    uintx ProfiledCodeHeapSize                     = 122913754                              {pd product} {ergonomic}
    uintx ReservedCodeCacheSize                    = 251658240                              {pd product} {ergonomic}
     bool SegmentedCodeCache                       = true                                      {product} {ergonomic}
     bool UseCompressedClassPointers               = true                                 {lp64_product} {ergonomic}
     bool UseCompressedOops                        = true                                 {lp64_product} {ergonomic}
     bool UseG1GC                                  = true                                      {product} {ergonomic}
     bool UseLargePagesIndividualAllocation        = false                                  {pd product} {ergonomic}

Logging:
Log output configuration:
 #0: stdout all=warning uptime,level,tags
 #1: stderr all=off uptime,level,tags

Environment Variables:
PATH=C:\Program Files\Common Files\Oracle\Java\javapath;C:\WINDOWS\system32;C:\WINDOWS;C:\WINDOWS\System32\Wbem;C:\WINDOWS\System32\WindowsPowerShell\v1.0\;C:\WINDOWS\System32\OpenSSH\;C:\Program Files\dotnet\;C:\Program Files\Microsoft SQL Server\Client SDK\ODBC\170\Tools\Binn\;C:\Program Files (x86)\dotnet\;C:\Program Files\Git\cmd;C:\Users\MinhNgan\AppData\Local\Microsoft\WindowsApps
USERNAME=MinhNgan
OS=Windows_NT
PROCESSOR_IDENTIFIER=Intel64 Family 6 Model 69 Stepping 1, GenuineIntel



---------------  S Y S T E M  ---------------

OS: Windows 10 , 64 bit Build 19041 (10.0.19041.1348)
OS uptime: 0 days 0:09 hours

CPU:total 4 (initial active 4) (2 cores per cpu, 2 threads per core) family 6 model 69 stepping 1 microcode 0x25, cmov, cx8, fxsr, mmx, sse, sse2, sse3, ssse3, sse4.1, sse4.2, popcnt, avx, avx2, aes, clmul, erms, lzcnt, ht, tsc, tscinvbit, bmi1, bmi2, fma

Memory: 4k page, system-wide physical 3979M (225M free)
TotalPageFile size 6979M (AvailPageFile size 2M)
current process WorkingSet (physical memory assigned to process): 140M, peak: 140M
current process commit charge ("private bytes"): 177M, peak: 190M

vm_info: OpenJDK 64-Bit Server VM (11.0.10+0-b96-7249189) for windows-amd64 JRE (11.0.10+0-b96-7249189), built on Mar 31 2021 21:44:00 by "builder" with MS VC++ 14.0 (VS2015)

END.
