#
# There is insufficient memory for the Java Runtime Environment to continue.
# Native memory allocation (mmap) failed to map 49283072 bytes for Failed to commit area from 0x0000000088700000 to 0x000000008b600000 of length 49283072.
# Possible reasons:
#   The system is out of physical RAM or swap space
#   The process is running with CompressedOops enabled, and the Java Heap may be blocking the growth of the native heap
# Possible solutions:
#   Reduce memory load on the system
#   Increase physical memory or swap space
#   Check if swap backing store is full
#   Decrease Java heap size (-Xmx/-Xms)
#   Decrease number of Java threads
#   Decrease Java thread stack sizes (-Xss)
#   Set larger code cache with -XX:ReservedCodeCacheSize=
#   JVM is running with Unscaled Compressed Oops mode in which the Java heap is
#     placed in the first 4GB address space. The Java Heap base address is the
#     maximum limit for the native heap growth. Please use -XX:HeapBaseMinAddress
#     to set the Java Heap base and to place the Java Heap above 4GB virtual address.
# This output file may be truncated or incomplete.
#
#  Out of Memory Error (./src/hotspot/os/windows/os_windows.cpp:3301), pid=9572, tid=9256
#
# JRE version: OpenJDK Runtime Environment (11.0.10) (build 11.0.10+0-b96-7249189)
# Java VM: OpenJDK 64-Bit Server VM (11.0.10+0-b96-7249189, mixed mode, tiered, compressed oops, g1 gc, windows-amd64)
# No core dump will be written. Minidumps are not enabled by default on client versions of Windows
#

---------------  S U M M A R Y ------------

Command Line: --add-opens=java.base/java.util=ALL-UNNAMED --add-opens=java.base/java.lang=ALL-UNNAMED --add-opens=java.base/java.lang.invoke=ALL-UNNAMED --add-opens=java.base/java.util=ALL-UNNAMED --add-opens=java.prefs/java.util.prefs=ALL-UNNAMED --add-opens=java.prefs/java.util.prefs=ALL-UNNAMED --add-opens=java.base/java.nio.charset=ALL-UNNAMED --add-opens=java.base/java.net=ALL-UNNAMED --add-opens=java.base/java.util.concurrent.atomic=ALL-UNNAMED -Xmx2048m -Dfile.encoding=UTF-8 -Duser.country=US -Duser.language=en -Duser.variant org.gradle.launcher.daemon.bootstrap.GradleDaemon 7.0.2

Host: Intel(R) Core(TM) i5-4210U CPU @ 1.70GHz, 4 cores, 3G,  Windows 10 , 64 bit Build 19041 (10.0.19041.1202)
Time: Mon Nov  8 21:19:40 2021 SE Asia Standard Time elapsed time: 15.432742 seconds (0d 0h 0m 15s)

---------------  T H R E A D  ---------------

Current thread (0x00000185fee94800):  VMThread "VM Thread" [stack: 0x0000005c6ba00000,0x0000005c6bb00000] [id=9256]

Stack: [0x0000005c6ba00000,0x0000005c6bb00000]
[error occurred during error reporting (printing stack bounds), id 0xc0000005, EXCEPTION_ACCESS_VIOLATION (0xc0000005) at pc=0x00000185ecdf0f2d]

Native frames: (J=compiled Java code, j=interpreted, Vv=VM code, C=native code)
V  [jvm.dll+0x5ecfaa]
V  [jvm.dll+0x722bd5]
V  [jvm.dll+0x72412d]
V  [jvm.dll+0x724745]
V  [jvm.dll+0x7246fb]
V  [jvm.dll+0x5ec348]
V  [jvm.dll+0x5ecad8]
C  [ntdll.dll+0xa20cf]
C  [ntdll.dll+0x51454]
C  [ntdll.dll+0xa0bfe]
C  0x00000185ecdf0f2d

VM_Operation (0x0000005c6cef69f0): G1CollectForAllocation, mode: safepoint, requested by thread 0x0000018585580000


---------------  P R O C E S S  ---------------

Threads class SMR info:
_java_thread_list=0x000001858810c5d0, length=42, elements={
0x00000185e92fc800, 0x00000185fee99800, 0x00000185fee9d000, 0x00000185feef4800,
0x00000185feef5800, 0x00000185feef8800, 0x00000185fef02800, 0x00000185fef13000,
0x00000185fef14000, 0x00000185ff96f000, 0x0000018584f92800, 0x0000018584c76800,
0x00000185849e3000, 0x0000018584cc5000, 0x000001858526b000, 0x000001858557b800,
0x0000018585580000, 0x0000018585582000, 0x00000185858cf000, 0x0000018584ab9800,
0x0000018584aba000, 0x0000018584abb000, 0x0000018584abc000, 0x00000185860ce800,
0x00000185860cb800, 0x00000185860ce000, 0x00000185860cc800, 0x00000185860cd000,
0x00000185860ca800, 0x00000185860d3800, 0x00000185860d0800, 0x00000185860d5800,
0x00000185860d4800, 0x00000185860cf800, 0x00000185860d6000, 0x00000185860d7000,
0x00000185860d7800, 0x00000185860d2000, 0x00000185860d8800, 0x00000185860d9800,
0x000001858406d800, 0x000001858406b000
}

Java Threads: ( => current thread )
  0x00000185e92fc800 JavaThread "main" [_thread_blocked, id=3796, stack(0x0000005c6b400000,0x0000005c6b500000)]
  0x00000185fee99800 JavaThread "Reference Handler" daemon [_thread_blocked, id=10160, stack(0x0000005c6bb00000,0x0000005c6bc00000)]
  0x00000185fee9d000 JavaThread "Finalizer" daemon [_thread_blocked, id=6360, stack(0x0000005c6bc00000,0x0000005c6bd00000)]
  0x00000185feef4800 JavaThread "Signal Dispatcher" daemon [_thread_blocked, id=9312, stack(0x0000005c6bd00000,0x0000005c6be00000)]
  0x00000185feef5800 JavaThread "Attach Listener" daemon [_thread_blocked, id=6268, stack(0x0000005c6be00000,0x0000005c6bf00000)]
  0x00000185feef8800 JavaThread "Service Thread" daemon [_thread_blocked, id=10052, stack(0x0000005c6bf00000,0x0000005c6c000000)]
  0x00000185fef02800 JavaThread "C2 CompilerThread0" daemon [_thread_in_native, id=7888, stack(0x0000005c6c000000,0x0000005c6c100000)]
  0x00000185fef13000 JavaThread "C1 CompilerThread0" daemon [_thread_blocked, id=5264, stack(0x0000005c6c100000,0x0000005c6c200000)]
  0x00000185fef14000 JavaThread "Sweeper thread" daemon [_thread_blocked, id=2028, stack(0x0000005c6c200000,0x0000005c6c300000)]
  0x00000185ff96f000 JavaThread "Common-Cleaner" daemon [_thread_blocked, id=4104, stack(0x0000005c6c300000,0x0000005c6c400000)]
  0x0000018584f92800 JavaThread "Daemon health stats" [_thread_blocked, id=6108, stack(0x0000005c6c600000,0x0000005c6c700000)]
  0x0000018584c76800 JavaThread "Incoming local TCP Connector on port 50349" [_thread_in_native, id=6212, stack(0x0000005c6c900000,0x0000005c6ca00000)]
  0x00000185849e3000 JavaThread "Daemon periodic checks" [_thread_blocked, id=820, stack(0x0000005c6ca00000,0x0000005c6cb00000)]
  0x0000018584cc5000 JavaThread "Daemon" [_thread_blocked, id=3580, stack(0x0000005c6cb00000,0x0000005c6cc00000)]
  0x000001858526b000 JavaThread "Handler for socket connection from /127.0.0.1:50349 to /127.0.0.1:50350" [_thread_in_native, id=5328, stack(0x0000005c6cc00000,0x0000005c6cd00000)]
  0x000001858557b800 JavaThread "Cancel handler" [_thread_blocked, id=3780, stack(0x0000005c6cd00000,0x0000005c6ce00000)]
  0x0000018585580000 JavaThread "Daemon worker" [_thread_blocked, id=7288, stack(0x0000005c6ce00000,0x0000005c6cf00000)]
  0x0000018585582000 JavaThread "Asynchronous log dispatcher for DefaultDaemonConnection: socket connection from /127.0.0.1:50349 to /127.0.0.1:50350" [_thread_blocked, id=6432, stack(0x0000005c6cf00000,0x0000005c6d000000)]
  0x00000185858cf000 JavaThread "Stdin handler" [_thread_blocked, id=9024, stack(0x0000005c6d000000,0x0000005c6d100000)]
  0x0000018584ab9800 JavaThread "Daemon client event forwarder" [_thread_blocked, id=2568, stack(0x0000005c6d100000,0x0000005c6d200000)]
  0x0000018584aba000 JavaThread "Cache worker for file hash cache (C:\Users\MinhNgan\.gradle\caches\7.0.2\fileHashes)" [_thread_blocked, id=2532, stack(0x0000005c6d200000,0x0000005c6d300000)]
  0x0000018584abb000 JavaThread "File lock request listener" [_thread_in_native, id=9596, stack(0x0000005c6d300000,0x0000005c6d400000)]
  0x0000018584abc000 JavaThread "Cache worker for journal cache (C:\Users\MinhNgan\.gradle\caches\journal-1)" [_thread_blocked, id=5548, stack(0x0000005c6d400000,0x0000005c6d500000)]
  0x00000185860ce800 JavaThread "Cache worker for file hash cache (C:\Users\MinhNgan\AndroidStudioProjects\Android_hepat\.gradle\7.0.2\fileHashes)" [_thread_blocked, id=68, stack(0x0000005c6d500000,0x0000005c6d600000)]
  0x00000185860cb800 JavaThread "File watcher server" daemon [_thread_in_native, id=5212, stack(0x0000005c6d600000,0x0000005c6d700000)]
  0x00000185860ce000 JavaThread "File watcher consumer" daemon [_thread_blocked, id=7148, stack(0x0000005c6d700000,0x0000005c6d800000)]
  0x00000185860cc800 JavaThread "jar transforms" [_thread_blocked, id=6224, stack(0x0000005c6d800000,0x0000005c6d900000)]
  0x00000185860cd000 JavaThread "jar transforms Thread 2" [_thread_blocked, id=8132, stack(0x0000005c6d900000,0x0000005c6da00000)]
  0x00000185860ca800 JavaThread "jar transforms Thread 3" [_thread_blocked, id=1200, stack(0x0000005c6da00000,0x0000005c6db00000)]
  0x00000185860d3800 JavaThread "jar transforms Thread 4" [_thread_blocked, id=9300, stack(0x0000005c6db00000,0x0000005c6dc00000)]
  0x00000185860d0800 JavaThread "Cache worker for checksums cache (C:\Users\MinhNgan\AndroidStudioProjects\Android_hepat\.gradle\checksums)" [_thread_blocked, id=6172, stack(0x0000005c6dc00000,0x0000005c6dd00000)]
  0x00000185860d5800 JavaThread "Cache worker for cache directory md-supplier (C:\Users\MinhNgan\.gradle\caches\7.0.2\md-supplier)" [_thread_blocked, id=2852, stack(0x0000005c6dd00000,0x0000005c6de00000)]
  0x00000185860d4800 JavaThread "Cache worker for cache directory md-rule (C:\Users\MinhNgan\.gradle\caches\7.0.2\md-rule)" [_thread_blocked, id=5188, stack(0x0000005c6de00000,0x0000005c6df00000)]
  0x00000185860cf800 JavaThread "Cache worker for execution history cache (C:\Users\MinhNgan\.gradle\caches\7.0.2\executionHistory)" [_thread_blocked, id=5892, stack(0x0000005c6df00000,0x0000005c6e000000)]
  0x00000185860d6000 JavaThread "Cache worker for file content cache (C:\Users\MinhNgan\.gradle\caches\7.0.2\fileContent)" [_thread_blocked, id=5360, stack(0x0000005c6e000000,0x0000005c6e100000)]
  0x00000185860d7000 JavaThread "Cache worker for dependencies-accessors (C:\Users\MinhNgan\AndroidStudioProjects\Android_hepat\.gradle\7.0.2\dependencies-accessors)" [_thread_blocked, id=9268, stack(0x0000005c6e100000,0x0000005c6e200000)]
  0x00000185860d7800 JavaThread "Cache worker for Build Output Cleanup Cache (C:\Users\MinhNgan\AndroidStudioProjects\Android_hepat\.gradle\buildOutputCleanup)" [_thread_blocked, id=7592, stack(0x0000005c6e200000,0x0000005c6e300000)]
  0x00000185860d2000 JavaThread "Build operations" [_thread_blocked, id=4436, stack(0x0000005c6e300000,0x0000005c6e400000)]
  0x00000185860d8800 JavaThread "Build operations Thread 2" [_thread_blocked, id=10000, stack(0x0000005c6e400000,0x0000005c6e500000)]
  0x00000185860d9800 JavaThread "Build operations Thread 3" [_thread_blocked, id=6312, stack(0x0000005c6e500000,0x0000005c6e600000)]
  0x000001858406d800 JavaThread "Build operations Thread 4" [_thread_blocked, id=1912, stack(0x0000005c6e600000,0x0000005c6e700000)]
  0x000001858406b000 JavaThread "Memory manager" [_thread_blocked, id=6516, stack(0x0000005c6e700000,0x0000005c6e800000)]

Other Threads:
=>0x00000185fee94800 VMThread "VM Thread" [stack: 0x0000005c6ba00000,0x0000005c6bb00000] [id=9256]
  0x00000185ff99b000 WatcherThread [stack: 0x0000005c6c400000,0x0000005c6c500000] [id=6132]
  0x00000185e9315000 GCTaskThread "GC Thread#0" [stack: 0x0000005c6b500000,0x0000005c6b600000] [id=964]
  0x0000018584384000 GCTaskThread "GC Thread#1" [stack: 0x0000005c6c500000,0x0000005c6c600000] [id=1316]
  0x0000018584499800 GCTaskThread "GC Thread#2" [stack: 0x0000005c6c700000,0x0000005c6c800000] [id=7084]
  0x0000018584489800 GCTaskThread "GC Thread#3" [stack: 0x0000005c6c800000,0x0000005c6c900000] [id=9444]
  0x00000185e9345000 ConcurrentGCThread "G1 Main Marker" [stack: 0x0000005c6b600000,0x0000005c6b700000] [id=5836]
  0x00000185e9347000 ConcurrentGCThread "G1 Conc#0" [stack: 0x0000005c6b700000,0x0000005c6b800000] [id=8208]
  0x00000185e93a0000 ConcurrentGCThread "G1 Refine#0" [stack: 0x0000005c6b800000,0x0000005c6b900000] [id=5584]
  0x00000185e93a3000 ConcurrentGCThread "G1 Young RemSet Sampling" [stack: 0x0000005c6b900000,0x0000005c6ba00000] [id=9804]

Threads with active compile tasks:
C2 CompilerThread0  15470 6196       4       org.objectweb.asm.Frame::execute (2318 bytes)
C1 CompilerThread0  15470 6274       2       java.nio.HeapByteBuffer::compact (85 bytes)

VM state:at safepoint (normal execution)

VM Mutex/Monitor currently owned by a thread:  ([mutex/lock_event])
[0x00000185e92f9e20] Threads_lock - owner thread: 0x00000185fee94800
[0x00000185e92f9130] Heap_lock - owner thread: 0x0000018585580000

Heap address: 0x0000000080000000, size: 2048 MB, Compressed Oops mode: 32-bit
Narrow klass base: 0x0000000000000000, Narrow klass shift: 3
Compressed class space size: 1073741824 Address: 0x0000000100000000

Heap:
 garbage-first heap   total 186368K, used 75658K [0x0000000080000000, 0x0000000100000000)
  region size 1024K, 1 young (1024K), 1 survivors (1024K)
 Metaspace       used 63981K, capacity 65688K, committed 65768K, reserved 1105920K
  class space    used 8120K, capacity 8734K, committed 8780K, reserved 1048576K
Heap Regions: E=young(eden), S=young(survivor), O=old, HS=humongous(starts), HC=humongous(continues), CS=collection set, F=free, A=archive, TAMS=top-at-mark-start (previous, next)
|   0|0x0000000080000000, 0x0000000080100000, 0x0000000080100000|100%| O|  |TAMS 0x0000000080100000, 0x0000000080100000| Untracked 
|   1|0x0000000080100000, 0x0000000080200000, 0x0000000080200000|100%| O|  |TAMS 0x0000000080200000, 0x0000000080200000| Untracked 
|   2|0x0000000080200000, 0x0000000080300000, 0x0000000080300000|100%| O|  |TAMS 0x0000000080300000, 0x0000000080300000| Untracked 
|   3|0x0000000080300000, 0x0000000080400000, 0x0000000080400000|100%|HS|  |TAMS 0x0000000080400000, 0x0000000080400000| Complete 
|   4|0x0000000080400000, 0x0000000080500000, 0x0000000080500000|100%|HC|  |TAMS 0x0000000080500000, 0x0000000080500000| Complete 
|   5|0x0000000080500000, 0x0000000080600000, 0x0000000080600000|100%|HC|  |TAMS 0x0000000080600000, 0x0000000080600000| Complete 
|   6|0x0000000080600000, 0x0000000080700000, 0x0000000080700000|100%| O|  |TAMS 0x0000000080700000, 0x0000000080700000| Untracked 
|   7|0x0000000080700000, 0x0000000080800000, 0x0000000080800000|100%| O|  |TAMS 0x0000000080800000, 0x0000000080800000| Untracked 
|   8|0x0000000080800000, 0x0000000080900000, 0x0000000080900000|100%| O|  |TAMS 0x0000000080900000, 0x0000000080900000| Untracked 
|   9|0x0000000080900000, 0x0000000080a00000, 0x0000000080a00000|100%| O|  |TAMS 0x0000000080a00000, 0x0000000080a00000| Untracked 
|  10|0x0000000080a00000, 0x0000000080b00000, 0x0000000080b00000|100%| O|  |TAMS 0x0000000080b00000, 0x0000000080b00000| Untracked 
|  11|0x0000000080b00000, 0x0000000080c00000, 0x0000000080c00000|100%| O|  |TAMS 0x0000000080c00000, 0x0000000080c00000| Untracked 
|  12|0x0000000080c00000, 0x0000000080d00000, 0x0000000080d00000|100%| O|  |TAMS 0x0000000080d00000, 0x0000000080d00000| Untracked 
|  13|0x0000000080d00000, 0x0000000080e00000, 0x0000000080e00000|100%| O|  |TAMS 0x0000000080e00000, 0x0000000080e00000| Untracked 
|  14|0x0000000080e00000, 0x0000000080f00000, 0x0000000080f00000|100%| O|  |TAMS 0x0000000080f00000, 0x0000000080f00000| Untracked 
|  15|0x0000000080f00000, 0x0000000081000000, 0x0000000081000000|100%| O|  |TAMS 0x0000000081000000, 0x0000000081000000| Untracked 
|  16|0x0000000081000000, 0x0000000081100000, 0x0000000081100000|100%|HS|  |TAMS 0x0000000081100000, 0x0000000081100000| Complete 
|  17|0x0000000081100000, 0x0000000081200000, 0x0000000081200000|100%|HC|  |TAMS 0x0000000081200000, 0x0000000081200000| Complete 
|  18|0x0000000081200000, 0x0000000081300000, 0x0000000081300000|100%|HS|  |TAMS 0x0000000081300000, 0x0000000081300000| Complete 
|  19|0x0000000081300000, 0x0000000081400000, 0x0000000081400000|100%|HC|  |TAMS 0x0000000081400000, 0x0000000081400000| Complete 
|  20|0x0000000081400000, 0x0000000081500000, 0x0000000081500000|100%|HC|  |TAMS 0x0000000081500000, 0x0000000081500000| Complete 
|  21|0x0000000081500000, 0x0000000081600000, 0x0000000081600000|100%|HS|  |TAMS 0x0000000081600000, 0x0000000081600000| Complete 
|  22|0x0000000081600000, 0x0000000081700000, 0x0000000081700000|100%|HC|  |TAMS 0x0000000081700000, 0x0000000081700000| Complete 
|  23|0x0000000081700000, 0x0000000081800000, 0x0000000081800000|100%|HC|  |TAMS 0x0000000081800000, 0x0000000081800000| Complete 
|  24|0x0000000081800000, 0x0000000081900000, 0x0000000081900000|100%|HC|  |TAMS 0x0000000081900000, 0x0000000081900000| Complete 
|  25|0x0000000081900000, 0x0000000081a00000, 0x0000000081a00000|100%|HC|  |TAMS 0x0000000081a00000, 0x0000000081a00000| Complete 
|  26|0x0000000081a00000, 0x0000000081b00000, 0x0000000081b00000|100%| O|  |TAMS 0x0000000081b00000, 0x0000000081b00000| Untracked 
|  27|0x0000000081b00000, 0x0000000081c00000, 0x0000000081c00000|100%| O|  |TAMS 0x0000000081c00000, 0x0000000081c00000| Untracked 
|  28|0x0000000081c00000, 0x0000000081d00000, 0x0000000081d00000|100%| O|  |TAMS 0x0000000081d00000, 0x0000000081d00000| Untracked 
|  29|0x0000000081d00000, 0x0000000081e00000, 0x0000000081e00000|100%| O|  |TAMS 0x0000000081e00000, 0x0000000081e00000| Untracked 
|  30|0x0000000081e00000, 0x0000000081f00000, 0x0000000081f00000|100%| O|  |TAMS 0x0000000081f00000, 0x0000000081f00000| Untracked 
|  31|0x0000000081f00000, 0x0000000082000000, 0x0000000082000000|100%| O|  |TAMS 0x0000000082000000, 0x0000000082000000| Untracked 
|  32|0x0000000082000000, 0x0000000082100000, 0x0000000082100000|100%| O|  |TAMS 0x0000000082100000, 0x0000000082100000| Untracked 
|  33|0x0000000082100000, 0x0000000082200000, 0x0000000082200000|100%|HS|  |TAMS 0x0000000082200000, 0x0000000082200000| Complete 
|  34|0x0000000082200000, 0x0000000082300000, 0x0000000082300000|100%|HC|  |TAMS 0x0000000082300000, 0x0000000082300000| Complete 
|  35|0x0000000082300000, 0x0000000082400000, 0x0000000082400000|100%|HC|  |TAMS 0x0000000082400000, 0x0000000082400000| Complete 
|  36|0x0000000082400000, 0x0000000082500000, 0x0000000082500000|100%| O|  |TAMS 0x0000000082500000, 0x0000000082500000| Untracked 
|  37|0x0000000082500000, 0x0000000082600000, 0x0000000082600000|100%| O|  |TAMS 0x0000000082600000, 0x0000000082600000| Untracked 
|  38|0x0000000082600000, 0x0000000082700000, 0x0000000082700000|100%| O|  |TAMS 0x0000000082700000, 0x0000000082700000| Untracked 
|  39|0x0000000082700000, 0x0000000082800000, 0x0000000082800000|100%| O|  |TAMS 0x0000000082800000, 0x0000000082800000| Untracked 
|  40|0x0000000082800000, 0x0000000082900000, 0x0000000082900000|100%| O|  |TAMS 0x0000000082900000, 0x0000000082900000| Untracked 
|  41|0x0000000082900000, 0x0000000082a00000, 0x0000000082a00000|100%|HS|  |TAMS 0x0000000082a00000, 0x0000000082a00000| Complete 
|  42|0x0000000082a00000, 0x0000000082b00000, 0x0000000082b00000|100%|HC|  |TAMS 0x0000000082b00000, 0x0000000082b00000| Complete 
|  43|0x0000000082b00000, 0x0000000082c00000, 0x0000000082c00000|100%|HC|  |TAMS 0x0000000082c00000, 0x0000000082c00000| Complete 
|  44|0x0000000082c00000, 0x0000000082d00000, 0x0000000082d00000|100%|HC|  |TAMS 0x0000000082d00000, 0x0000000082d00000| Complete 
|  45|0x0000000082d00000, 0x0000000082e00000, 0x0000000082e00000|100%|HC|  |TAMS 0x0000000082e00000, 0x0000000082e00000| Complete 
|  46|0x0000000082e00000, 0x0000000082f00000, 0x0000000082f00000|100%| O|  |TAMS 0x0000000082f00000, 0x0000000082f00000| Untracked 
|  47|0x0000000082f00000, 0x0000000083000000, 0x0000000083000000|100%| O|  |TAMS 0x0000000083000000, 0x0000000083000000| Untracked 
|  48|0x0000000083000000, 0x0000000083100000, 0x0000000083100000|100%| O|  |TAMS 0x0000000083100000, 0x0000000083100000| Untracked 
|  49|0x0000000083100000, 0x0000000083200000, 0x0000000083200000|100%| O|  |TAMS 0x0000000083200000, 0x0000000083200000| Untracked 
|  50|0x0000000083200000, 0x0000000083300000, 0x0000000083300000|100%| O|  |TAMS 0x0000000083300000, 0x0000000083300000| Untracked 
|  51|0x0000000083300000, 0x0000000083400000, 0x0000000083400000|100%| O|  |TAMS 0x0000000083400000, 0x0000000083400000| Untracked 
|  52|0x0000000083400000, 0x0000000083500000, 0x0000000083500000|100%| O|  |TAMS 0x0000000083500000, 0x0000000083500000| Untracked 
|  53|0x0000000083500000, 0x0000000083600000, 0x0000000083600000|100%| O|  |TAMS 0x0000000083600000, 0x0000000083600000| Untracked 
|  54|0x0000000083600000, 0x0000000083700000, 0x0000000083700000|100%| O|  |TAMS 0x0000000083700000, 0x0000000083700000| Untracked 
|  55|0x0000000083700000, 0x0000000083800000, 0x0000000083800000|100%|HS|  |TAMS 0x0000000083800000, 0x0000000083800000| Complete 
|  56|0x0000000083800000, 0x0000000083900000, 0x0000000083900000|100%|HS|  |TAMS 0x0000000083900000, 0x0000000083900000| Complete 
|  57|0x0000000083900000, 0x0000000083a00000, 0x0000000083a00000|100%|HS|  |TAMS 0x0000000083a00000, 0x0000000083a00000| Complete 
|  58|0x0000000083a00000, 0x0000000083b00000, 0x0000000083b00000|100%|HC|  |TAMS 0x0000000083b00000, 0x0000000083b00000| Complete 
|  59|0x0000000083b00000, 0x0000000083c00000, 0x0000000083c00000|100%| O|  |TAMS 0x0000000083c00000, 0x0000000083c00000| Untracked 
|  60|0x0000000083c00000, 0x0000000083d00000, 0x0000000083d00000|100%| O|  |TAMS 0x0000000083d00000, 0x0000000083d00000| Untracked 
|  61|0x0000000083d00000, 0x0000000083e00000, 0x0000000083e00000|100%| O|  |TAMS 0x0000000083e00000, 0x0000000083e00000| Untracked 
|  62|0x0000000083e00000, 0x0000000083f00000, 0x0000000083f00000|100%| O|  |TAMS 0x0000000083f00000, 0x0000000083f00000| Untracked 
|  63|0x0000000083f00000, 0x0000000084000000, 0x0000000084000000|100%| O|  |TAMS 0x0000000084000000, 0x0000000084000000| Untracked 
|  64|0x0000000084000000, 0x0000000084100000, 0x0000000084100000|100%| O|  |TAMS 0x0000000084100000, 0x0000000084100000| Untracked 
|  65|0x0000000084100000, 0x0000000084200000, 0x0000000084200000|100%| O|  |TAMS 0x0000000084200000, 0x0000000084200000| Untracked 
|  66|0x0000000084200000, 0x0000000084300000, 0x0000000084300000|100%| O|  |TAMS 0x0000000084300000, 0x0000000084300000| Untracked 
|  67|0x0000000084300000, 0x0000000084400000, 0x0000000084400000|100%| O|  |TAMS 0x000000008438f200, 0x0000000084400000| Untracked 
|  68|0x0000000084400000, 0x0000000084500000, 0x0000000084500000|100%| O|  |TAMS 0x0000000084400000, 0x0000000084500000| Untracked 
|  69|0x0000000084500000, 0x0000000084600000, 0x0000000084600000|100%| O|  |TAMS 0x0000000084500000, 0x0000000084600000| Untracked 
|  70|0x0000000084600000, 0x0000000084700000, 0x0000000084700000|100%| O|  |TAMS 0x0000000084600000, 0x0000000084700000| Untracked 
|  71|0x0000000084700000, 0x0000000084800000, 0x0000000084800000|100%| O|  |TAMS 0x0000000084700000, 0x0000000084800000| Untracked 
|  72|0x0000000084800000, 0x00000000848fd200, 0x0000000084900000| 98%| O|  |TAMS 0x0000000084800000, 0x00000000848fd200| Untracked 
|  73|0x0000000084900000, 0x0000000084900000, 0x0000000084a00000|  0%| F|  |TAMS 0x0000000084900000, 0x0000000084900000| Untracked 
|  74|0x0000000084a00000, 0x0000000084a00000, 0x0000000084b00000|  0%| F|  |TAMS 0x0000000084a00000, 0x0000000084a00000| Untracked 
|  75|0x0000000084b00000, 0x0000000084b00000, 0x0000000084c00000|  0%| F|  |TAMS 0x0000000084b00000, 0x0000000084b00000| Untracked 
|  76|0x0000000084c00000, 0x0000000084c00000, 0x0000000084d00000|  0%| F|  |TAMS 0x0000000084c00000, 0x0000000084c00000| Untracked 
|  77|0x0000000084d00000, 0x0000000084d00000, 0x0000000084e00000|  0%| F|  |TAMS 0x0000000084d00000, 0x0000000084d00000| Untracked 
|  78|0x0000000084e00000, 0x0000000084e00000, 0x0000000084f00000|  0%| F|  |TAMS 0x0000000084e00000, 0x0000000084e00000| Untracked 
|  79|0x0000000084f00000, 0x0000000084f00000, 0x0000000085000000|  0%| F|  |TAMS 0x0000000084f00000, 0x0000000084f00000| Untracked 
|  80|0x0000000085000000, 0x0000000085000000, 0x0000000085100000|  0%| F|  |TAMS 0x0000000085000000, 0x0000000085000000| Untracked 
|  81|0x0000000085100000, 0x0000000085100000, 0x0000000085200000|  0%| F|  |TAMS 0x0000000085100000, 0x0000000085100000| Untracked 
|  82|0x0000000085200000, 0x0000000085200000, 0x0000000085300000|  0%| F|  |TAMS 0x0000000085200000, 0x0000000085200000| Untracked 
|  83|0x0000000085300000, 0x0000000085300000, 0x0000000085400000|  0%| F|  |TAMS 0x0000000085300000, 0x0000000085300000| Untracked 
|  84|0x0000000085400000, 0x0000000085400000, 0x0000000085500000|  0%| F|  |TAMS 0x0000000085400000, 0x0000000085400000| Untracked 
|  85|0x0000000085500000, 0x0000000085500000, 0x0000000085600000|  0%| F|  |TAMS 0x0000000085500000, 0x0000000085500000| Untracked 
|  86|0x0000000085600000, 0x0000000085600000, 0x0000000085700000|  0%| F|  |TAMS 0x0000000085600000, 0x0000000085600000| Untracked 
|  87|0x0000000085700000, 0x0000000085700000, 0x0000000085800000|  0%| F|  |TAMS 0x0000000085700000, 0x0000000085700000| Untracked 
|  88|0x0000000085800000, 0x0000000085800000, 0x0000000085900000|  0%| F|  |TAMS 0x0000000085800000, 0x0000000085800000| Untracked 
|  89|0x0000000085900000, 0x0000000085900000, 0x0000000085a00000|  0%| F|  |TAMS 0x0000000085900000, 0x0000000085900000| Untracked 
|  90|0x0000000085a00000, 0x0000000085a00000, 0x0000000085b00000|  0%| F|  |TAMS 0x0000000085a00000, 0x0000000085a00000| Untracked 
|  91|0x0000000085b00000, 0x0000000085b00000, 0x0000000085c00000|  0%| F|  |TAMS 0x0000000085b00000, 0x0000000085b00000| Untracked 
|  92|0x0000000085c00000, 0x0000000085c00000, 0x0000000085d00000|  0%| F|  |TAMS 0x0000000085c00000, 0x0000000085c00000| Untracked 
|  93|0x0000000085d00000, 0x0000000085d00000, 0x0000000085e00000|  0%| F|  |TAMS 0x0000000085d00000, 0x0000000085d00000| Untracked 
|  94|0x0000000085e00000, 0x0000000085e00000, 0x0000000085f00000|  0%| F|  |TAMS 0x0000000085e00000, 0x0000000085e00000| Untracked 
|  95|0x0000000085f00000, 0x0000000085f00000, 0x0000000086000000|  0%| F|  |TAMS 0x0000000085f00000, 0x0000000085f00000| Untracked 
|  96|0x0000000086000000, 0x0000000086000000, 0x0000000086100000|  0%| F|  |TAMS 0x0000000086000000, 0x0000000086000000| Untracked 
|  97|0x0000000086100000, 0x0000000086100000, 0x0000000086200000|  0%| F|  |TAMS 0x0000000086100000, 0x0000000086100000| Untracked 
|  98|0x0000000086200000, 0x0000000086200000, 0x0000000086300000|  0%| F|  |TAMS 0x0000000086200000, 0x0000000086200000| Untracked 
|  99|0x0000000086300000, 0x0000000086300000, 0x0000000086400000|  0%| F|  |TAMS 0x0000000086300000, 0x0000000086300000| Untracked 
| 100|0x0000000086400000, 0x0000000086400000, 0x0000000086500000|  0%| F|  |TAMS 0x0000000086400000, 0x0000000086400000| Untracked 
| 101|0x0000000086500000, 0x0000000086500000, 0x0000000086600000|  0%| F|  |TAMS 0x0000000086500000, 0x0000000086500000| Untracked 
| 102|0x0000000086600000, 0x0000000086600000, 0x0000000086700000|  0%| F|  |TAMS 0x0000000086600000, 0x0000000086600000| Untracked 
| 103|0x0000000086700000, 0x0000000086700000, 0x0000000086800000|  0%| F|  |TAMS 0x0000000086700000, 0x0000000086700000| Untracked 
| 104|0x0000000086800000, 0x0000000086800000, 0x0000000086900000|  0%| F|  |TAMS 0x0000000086800000, 0x0000000086800000| Untracked 
| 105|0x0000000086900000, 0x0000000086900000, 0x0000000086a00000|  0%| F|  |TAMS 0x0000000086900000, 0x0000000086900000| Untracked 
| 106|0x0000000086a00000, 0x0000000086a00000, 0x0000000086b00000|  0%| F|  |TAMS 0x0000000086a00000, 0x0000000086a00000| Untracked 
| 107|0x0000000086b00000, 0x0000000086b00000, 0x0000000086c00000|  0%| F|  |TAMS 0x0000000086b00000, 0x0000000086b00000| Untracked 
| 108|0x0000000086c00000, 0x0000000086c00000, 0x0000000086d00000|  0%| F|  |TAMS 0x0000000086c00000, 0x0000000086c00000| Untracked 
| 109|0x0000000086d00000, 0x0000000086d00000, 0x0000000086e00000|  0%| F|  |TAMS 0x0000000086d00000, 0x0000000086d00000| Untracked 
| 110|0x0000000086e00000, 0x0000000086e00000, 0x0000000086f00000|  0%| F|  |TAMS 0x0000000086e00000, 0x0000000086e00000| Untracked 
| 111|0x0000000086f00000, 0x0000000086f00000, 0x0000000087000000|  0%| F|  |TAMS 0x0000000086f00000, 0x0000000086f00000| Untracked 
| 112|0x0000000087000000, 0x0000000087000000, 0x0000000087100000|  0%| F|  |TAMS 0x0000000087000000, 0x0000000087000000| Untracked 
| 113|0x0000000087100000, 0x0000000087100000, 0x0000000087200000|  0%| F|  |TAMS 0x0000000087100000, 0x0000000087100000| Untracked 
| 114|0x0000000087200000, 0x0000000087200000, 0x0000000087300000|  0%| F|  |TAMS 0x0000000087200000, 0x0000000087200000| Untracked 
| 115|0x0000000087300000, 0x0000000087300000, 0x0000000087400000|  0%| F|  |TAMS 0x0000000087300000, 0x0000000087300000| Untracked 
| 116|0x0000000087400000, 0x0000000087400000, 0x0000000087500000|  0%| F|  |TAMS 0x0000000087400000, 0x0000000087400000| Untracked 
| 117|0x0000000087500000, 0x0000000087500000, 0x0000000087600000|  0%| F|  |TAMS 0x0000000087500000, 0x0000000087500000| Untracked 
| 118|0x0000000087600000, 0x0000000087600000, 0x0000000087700000|  0%| F|  |TAMS 0x0000000087600000, 0x0000000087600000| Untracked 
| 119|0x0000000087700000, 0x0000000087700000, 0x0000000087800000|  0%| F|  |TAMS 0x0000000087700000, 0x0000000087700000| Untracked 
| 120|0x0000000087800000, 0x0000000087800000, 0x0000000087900000|  0%| F|  |TAMS 0x0000000087800000, 0x0000000087800000| Untracked 
| 121|0x0000000087900000, 0x0000000087900000, 0x0000000087a00000|  0%| F|  |TAMS 0x0000000087900000, 0x0000000087900000| Untracked 
| 122|0x0000000087a00000, 0x0000000087a00000, 0x0000000087b00000|  0%| F|  |TAMS 0x0000000087a00000, 0x0000000087a00000| Untracked 
| 123|0x0000000087b00000, 0x0000000087b00000, 0x0000000087c00000|  0%| F|  |TAMS 0x0000000087b00000, 0x0000000087b00000| Untracked 
| 124|0x0000000087c00000, 0x0000000087c00000, 0x0000000087d00000|  0%| F|  |TAMS 0x0000000087c00000, 0x0000000087c00000| Untracked 
| 125|0x0000000087d00000, 0x0000000087d00000, 0x0000000087e00000|  0%| F|  |TAMS 0x0000000087d00000, 0x0000000087d00000| Untracked 
| 126|0x0000000087e00000, 0x0000000087e00000, 0x0000000087f00000|  0%| F|  |TAMS 0x0000000087e00000, 0x0000000087e00000| Untracked 
| 127|0x0000000087f00000, 0x0000000087f00000, 0x0000000088000000|  0%| F|  |TAMS 0x0000000087f00000, 0x0000000087f00000| Untracked 
| 128|0x0000000088000000, 0x00000000880e5830, 0x0000000088100000| 89%| S|CS|TAMS 0x0000000088000000, 0x0000000088000000| Complete 
| 129|0x0000000088100000, 0x0000000088100000, 0x0000000088200000|  0%| F|  |TAMS 0x0000000088100000, 0x0000000088100000| Untracked 
| 130|0x0000000088200000, 0x0000000088200000, 0x0000000088300000|  0%| F|  |TAMS 0x0000000088200000, 0x0000000088200000| Untracked 
| 131|0x0000000088300000, 0x0000000088300000, 0x0000000088400000|  0%| F|  |TAMS 0x0000000088300000, 0x0000000088300000| Untracked 
| 132|0x0000000088400000, 0x0000000088400000, 0x0000000088500000|  0%| F|  |TAMS 0x0000000088400000, 0x0000000088400000| Untracked 
| 133|0x0000000088500000, 0x0000000088500000, 0x0000000088600000|  0%| F|  |TAMS 0x0000000088500000, 0x0000000088500000| Untracked 
| 134|0x0000000088600000, 0x0000000088600000, 0x0000000088700000|  0%| F|  |TAMS 0x0000000088600000, 0x0000000088600000| Untracked 

Card table byte_map: [0x00000185fc1f0000,0x00000185fc5f0000] _byte_map_base: 0x00000185fbdf0000

Marking Bits (Prev, Next): (CMBitMap*) 0x00000185e933bf18, (CMBitMap*) 0x00000185e933bf50
 Prev Bits: [0x00000185fc9f0000, 0x00000185fe9f0000)
 Next Bits: [0x0000018580000000, 0x0000018582000000)

Polling page: 0x00000185e7110000

Metaspace:

Usage:
  Non-class:     55.62 MB capacity,    54.55 MB ( 98%) used,   929.38 KB (  2%) free+waste,   164.00 KB ( <1%) overhead. 
      Class:      8.53 MB capacity,     7.93 MB ( 93%) used,   535.70 KB (  6%) free+waste,    77.63 KB ( <1%) overhead. 
       Both:     64.15 MB capacity,    62.48 MB ( 97%) used,     1.43 MB (  2%) free+waste,   241.63 KB ( <1%) overhead. 

Virtual space:
  Non-class space:       56.00 MB reserved,      55.65 MB (>99%) committed 
      Class space:        1.00 GB reserved,       8.57 MB ( <1%) committed 
             Both:        1.05 GB reserved,      64.23 MB (  6%) committed 

Chunk freelists:
   Non-Class:  34.00 KB
       Class:  2.00 KB
        Both:  36.00 KB

MaxMetaspaceSize: 17179869184.00 GB
CompressedClassSpaceSize: 1.00 GB

CodeHeap 'non-profiled nmethods': size=120064Kb used=2811Kb max_used=2811Kb free=117252Kb
 bounds [0x00000185f48b0000, 0x00000185f4b70000, 0x00000185fbdf0000]
CodeHeap 'profiled nmethods': size=120000Kb used=12985Kb max_used=12985Kb free=107014Kb
 bounds [0x00000185ed380000, 0x00000185ee030000, 0x00000185f48b0000]
CodeHeap 'non-nmethods': size=5696Kb used=2264Kb max_used=2290Kb free=3431Kb
 bounds [0x00000185ecdf0000, 0x00000185ed060000, 0x00000185ed380000]
 total_blobs=7046 nmethods=6189 adapters=768
 compilation: enabled
              stopped_count=0, restarted_count=0
 full_count=0

Compilation events (20 events):
Event: 15.332 Thread 0x00000185fef13000 nmethod 6264 0x00000185ee02bb90 code [0x00000185ee02bd40, 0x00000185ee02be68]
Event: 15.333 Thread 0x00000185fef13000 6265       2       org.gradle.internal.ImmutableActionSet::<init> (5 bytes)
Event: 15.334 Thread 0x00000185fef13000 nmethod 6265 0x00000185ee02bf10 code [0x00000185ee02c0c0, 0x00000185ee02c1b8]
Event: 15.334 Thread 0x00000185fef13000 6267       2       org.gradle.internal.ImmutableActionSet::add (93 bytes)
Event: 15.334 Thread 0x00000185fef13000 nmethod 6267 0x00000185ee02c290 code [0x00000185ee02c4a0, 0x00000185ee02c838]
Event: 15.334 Thread 0x00000185fef13000 6268       2       org.gradle.internal.operations.DefaultBuildOperationListenerManager$1::finished (48 bytes)
Event: 15.335 Thread 0x00000185fef13000 nmethod 6268 0x00000185ee02ca10 code [0x00000185ee02cc00, 0x00000185ee02ce48]
Event: 15.335 Thread 0x00000185fef13000 6266       1       org.gradle.api.internal.project.DefaultProjectStateRegistry$CalculatedModelValueImpl::getOrNull (5 bytes)
Event: 15.335 Thread 0x00000185fef13000 nmethod 6266 0x00000185f4b6e590 code [0x00000185f4b6e740, 0x00000185f4b6e7f8]
Event: 15.335 Thread 0x00000185fef13000 6269       1       org.gradle.api.internal.collections.AbstractIterationOrderRetainingElementSource::getMutationGuard (5 bytes)
Event: 15.335 Thread 0x00000185fef13000 nmethod 6269 0x00000185f4b6e890 code [0x00000185f4b6ea40, 0x00000185f4b6eaf8]
Event: 15.335 Thread 0x00000185fef13000 6270       2       org.gradle.internal.event.BroadcastDispatch::<init> (6 bytes)
Event: 15.336 Thread 0x00000185fef13000 nmethod 6270 0x00000185ee02d010 code [0x00000185ee02d1c0, 0x00000185ee02d2f8]
Event: 15.336 Thread 0x00000185fef13000 6271       2       org.gradle.internal.event.BroadcastDispatch::<init> (6 bytes)
Event: 15.342 Thread 0x00000185fef13000 nmethod 6271 0x00000185ee02d390 code [0x00000185ee02d540, 0x00000185ee02d678]
Event: 15.380 Thread 0x00000185fef13000 6272       1       java.nio.charset.CharsetDecoder::charset (5 bytes)
Event: 15.384 Thread 0x00000185fef13000 nmethod 6272 0x00000185f4b6eb90 code [0x00000185f4b6ed40, 0x00000185f4b6edf8]
Event: 15.384 Thread 0x00000185fef13000 6273   !   2       sun.nio.cs.StreamDecoder::readBytes (289 bytes)
Event: 15.393 Thread 0x00000185fef13000 nmethod 6273 0x00000185ee02d710 code [0x00000185ee02d9c0, 0x00000185ee02e0a8]
Event: 15.393 Thread 0x00000185fef13000 6274       2       java.nio.HeapByteBuffer::compact (85 bytes)

GC Heap History (20 events):
Event: 8.284 GC heap after
{Heap after GC invocations=16 (full 0):
 garbage-first heap   total 95232K, used 39618K [0x0000000080000000, 0x0000000100000000)
  region size 1024K, 2 young (2048K), 2 survivors (2048K)
 Metaspace       used 40695K, capacity 41730K, committed 41960K, reserved 1085440K
  class space    used 5214K, capacity 5577K, committed 5708K, reserved 1048576K
}
Event: 8.738 GC heap before
{Heap before GC invocations=16 (full 0):
 garbage-first heap   total 95232K, used 54978K [0x0000000080000000, 0x0000000100000000)
  region size 1024K, 18 young (18432K), 2 survivors (2048K)
 Metaspace       used 41860K, capacity 42975K, committed 43112K, reserved 1087488K
  class space    used 5379K, capacity 5780K, committed 5836K, reserved 1048576K
}
Event: 8.744 GC heap after
{Heap after GC invocations=17 (full 0):
 garbage-first heap   total 95232K, used 40140K [0x0000000080000000, 0x0000000100000000)
  region size 1024K, 3 young (3072K), 3 survivors (3072K)
 Metaspace       used 41860K, capacity 42975K, committed 43112K, reserved 1087488K
  class space    used 5379K, capacity 5780K, committed 5836K, reserved 1048576K
}
Event: 8.937 GC heap before
{Heap before GC invocations=18 (full 0):
 garbage-first heap   total 95232K, used 50380K [0x0000000080000000, 0x0000000100000000)
  region size 1024K, 9 young (9216K), 3 survivors (3072K)
 Metaspace       used 42078K, capacity 43155K, committed 43368K, reserved 1087488K
  class space    used 5396K, capacity 5791K, committed 5836K, reserved 1048576K
}
Event: 8.947 GC heap after
{Heap after GC invocations=19 (full 0):
 garbage-first heap   total 114688K, used 46778K [0x0000000080000000, 0x0000000100000000)
  region size 1024K, 4 young (4096K), 4 survivors (4096K)
 Metaspace       used 42078K, capacity 43155K, committed 43368K, reserved 1087488K
  class space    used 5396K, capacity 5791K, committed 5836K, reserved 1048576K
}
Event: 10.088 GC heap before
{Heap before GC invocations=20 (full 0):
 garbage-first heap   total 114688K, used 86714K [0x0000000080000000, 0x0000000100000000)
  region size 1024K, 39 young (39936K), 4 survivors (4096K)
 Metaspace       used 44475K, capacity 45712K, committed 45928K, reserved 1089536K
  class space    used 5586K, capacity 6021K, committed 6092K, reserved 1048576K
}
Event: 10.107 GC heap after
{Heap after GC invocations=21 (full 0):
 garbage-first heap   total 114688K, used 53621K [0x0000000080000000, 0x0000000100000000)
  region size 1024K, 5 young (5120K), 5 survivors (5120K)
 Metaspace       used 44475K, capacity 45712K, committed 45928K, reserved 1089536K
  class space    used 5586K, capacity 6021K, committed 6092K, reserved 1048576K
}
Event: 10.629 GC heap before
{Heap before GC invocations=21 (full 0):
 garbage-first heap   total 114688K, used 87413K [0x0000000080000000, 0x0000000100000000)
  region size 1024K, 38 young (38912K), 5 survivors (5120K)
 Metaspace       used 46562K, capacity 47893K, committed 48104K, reserved 1091584K
  class space    used 5925K, capacity 6366K, committed 6476K, reserved 1048576K
}
Event: 10.641 GC heap after
{Heap after GC invocations=22 (full 0):
 garbage-first heap   total 114688K, used 55732K [0x0000000080000000, 0x0000000100000000)
  region size 1024K, 2 young (2048K), 2 survivors (2048K)
 Metaspace       used 46562K, capacity 47893K, committed 48104K, reserved 1091584K
  class space    used 5925K, capacity 6366K, committed 6476K, reserved 1048576K
}
Event: 11.188 GC heap before
{Heap before GC invocations=22 (full 0):
 garbage-first heap   total 114688K, used 89524K [0x0000000080000000, 0x0000000100000000)
  region size 1024K, 35 young (35840K), 2 survivors (2048K)
 Metaspace       used 48668K, capacity 50079K, committed 50152K, reserved 1093632K
  class space    used 6249K, capacity 6709K, committed 6732K, reserved 1048576K
}
Event: 11.200 GC heap after
{Heap after GC invocations=23 (full 0):
 garbage-first heap   total 114688K, used 57077K [0x0000000080000000, 0x0000000100000000)
  region size 1024K, 4 young (4096K), 4 survivors (4096K)
 Metaspace       used 48668K, capacity 50079K, committed 50152K, reserved 1093632K
  class space    used 6249K, capacity 6709K, committed 6732K, reserved 1048576K
}
Event: 12.117 GC heap before
{Heap before GC invocations=24 (full 0):
 garbage-first heap   total 114688K, used 79605K [0x0000000080000000, 0x0000000100000000)
  region size 1024K, 28 young (28672K), 4 survivors (4096K)
 Metaspace       used 49637K, capacity 51080K, committed 51304K, reserved 1093632K
  class space    used 6337K, capacity 6819K, committed 6860K, reserved 1048576K
}
Event: 12.139 GC heap after
{Heap after GC invocations=25 (full 0):
 garbage-first heap   total 138240K, used 58755K [0x0000000080000000, 0x0000000100000000)
  region size 1024K, 3 young (3072K), 3 survivors (3072K)
 Metaspace       used 49637K, capacity 51080K, committed 51304K, reserved 1093632K
  class space    used 6337K, capacity 6819K, committed 6860K, reserved 1048576K
}
Event: 13.336 GC heap before
{Heap before GC invocations=26 (full 0):
 garbage-first heap   total 138240K, used 103811K [0x0000000080000000, 0x0000000100000000)
  region size 1024K, 44 young (45056K), 3 survivors (3072K)
 Metaspace       used 53829K, capacity 55439K, committed 55784K, reserved 1097728K
  class space    used 6858K, capacity 7397K, committed 7500K, reserved 1048576K
}
Event: 13.367 GC heap after
{Heap after GC invocations=27 (full 0):
 garbage-first heap   total 138240K, used 68606K [0x0000000080000000, 0x0000000100000000)
  region size 1024K, 6 young (6144K), 6 survivors (6144K)
 Metaspace       used 53829K, capacity 55439K, committed 55784K, reserved 1097728K
  class space    used 6858K, capacity 7397K, committed 7500K, reserved 1048576K
}
Event: 14.430 GC heap before
{Heap before GC invocations=27 (full 0):
 garbage-first heap   total 138240K, used 107518K [0x0000000080000000, 0x0000000100000000)
  region size 1024K, 44 young (45056K), 6 survivors (6144K)
 Metaspace       used 59604K, capacity 61322K, committed 61416K, reserved 1101824K
  class space    used 7590K, capacity 8204K, committed 8268K, reserved 1048576K
}
Event: 14.463 GC heap after
{Heap after GC invocations=28 (full 0):
 garbage-first heap   total 138240K, used 71722K [0x0000000080000000, 0x0000000100000000)
  region size 1024K, 3 young (3072K), 3 survivors (3072K)
 Metaspace       used 59604K, capacity 61322K, committed 61416K, reserved 1101824K
  class space    used 7590K, capacity 8204K, committed 8268K, reserved 1048576K
}
Event: 15.243 GC heap before
{Heap before GC invocations=29 (full 0):
 garbage-first heap   total 138240K, used 108586K [0x0000000080000000, 0x0000000100000000)
  region size 1024K, 40 young (40960K), 3 survivors (3072K)
 Metaspace       used 63519K, capacity 65229K, committed 65512K, reserved 1105920K
  class space    used 8042K, capacity 8667K, committed 8780K, reserved 1048576K
}
Event: 15.258 GC heap after
{Heap after GC invocations=30 (full 0):
 garbage-first heap   total 138240K, used 74752K [0x0000000080000000, 0x0000000100000000)
  region size 1024K, 5 young (5120K), 5 survivors (5120K)
 Metaspace       used 63519K, capacity 65229K, committed 65512K, reserved 1105920K
  class space    used 8042K, capacity 8667K, committed 8780K, reserved 1048576K
}
Event: 15.393 GC heap before
{Heap before GC invocations=30 (full 0):
 garbage-first heap   total 138240K, used 79872K [0x0000000080000000, 0x0000000100000000)
  region size 1024K, 11 young (11264K), 5 survivors (5120K)
 Metaspace       used 63981K, capacity 65688K, committed 65768K, reserved 1105920K
  class space    used 8120K, capacity 8734K, committed 8780K, reserved 1048576K
}

Deoptimization events (20 events):
Event: 14.726 Thread 0x0000018585580000 DEOPT PACKING pc=0x00000185ede3f5dd sp=0x0000005c6cef3d80
Event: 14.726 Thread 0x0000018585580000 DEOPT UNPACKING pc=0x00000185ece176ce sp=0x0000005c6cef3238 mode 0
Event: 14.726 Thread 0x0000018585580000 DEOPT PACKING pc=0x00000185ede3f5dd sp=0x0000005c6cef3d80
Event: 14.726 Thread 0x0000018585580000 DEOPT UNPACKING pc=0x00000185ece176ce sp=0x0000005c6cef3238 mode 0
Event: 14.727 Thread 0x0000018585580000 DEOPT PACKING pc=0x00000185ede3f5dd sp=0x0000005c6cef3d80
Event: 14.727 Thread 0x0000018585580000 DEOPT UNPACKING pc=0x00000185ece176ce sp=0x0000005c6cef3238 mode 0
Event: 14.731 Thread 0x0000018585580000 Uncommon trap: trap_request=0xffffffc6 fr.pc=0x00000185f4b3dff4 relative=0x0000000000001514
Event: 14.731 Thread 0x0000018585580000 Uncommon trap: reason=bimorphic_or_optimized_type_check action=maybe_recompile pc=0x00000185f4b3dff4 method=jdk.internal.loader.Resource.getBytes()[B @ 115 c2
Event: 14.731 Thread 0x0000018585580000 DEOPT PACKING pc=0x00000185f4b3dff4 sp=0x0000005c6cef44f0
Event: 14.731 Thread 0x0000018585580000 DEOPT UNPACKING pc=0x00000185ece178af sp=0x0000005c6cef4500 mode 2
Event: 14.733 Thread 0x0000018585580000 Uncommon trap: trap_request=0xffffffc6 fr.pc=0x00000185f4b3dff4 relative=0x0000000000001514
Event: 14.733 Thread 0x0000018585580000 Uncommon trap: reason=bimorphic_or_optimized_type_check action=maybe_recompile pc=0x00000185f4b3dff4 method=jdk.internal.loader.Resource.getBytes()[B @ 115 c2
Event: 14.733 Thread 0x0000018585580000 DEOPT PACKING pc=0x00000185f4b3dff4 sp=0x0000005c6cef11c0
Event: 14.733 Thread 0x0000018585580000 DEOPT UNPACKING pc=0x00000185ece178af sp=0x0000005c6cef11d0 mode 2
Event: 15.240 Thread 0x0000018585580000 Uncommon trap: trap_request=0xffffff4d fr.pc=0x00000185f4b4391c relative=0x000000000000033c
Event: 15.240 Thread 0x0000018585580000 Uncommon trap: reason=unstable_if action=reinterpret pc=0x00000185f4b4391c method=org.gradle.internal.reflect.PropertyAccessorType.of(Ljava/lang/reflect/Method;)Lorg/gradle/internal/reflect/PropertyAccessorType; @ 56 c2
Event: 15.240 Thread 0x0000018585580000 DEOPT PACKING pc=0x00000185f4b4391c sp=0x0000005c6cef7910
Event: 15.240 Thread 0x0000018585580000 DEOPT UNPACKING pc=0x00000185ece178af sp=0x0000005c6cef78d0 mode 2
Event: 15.320 Thread 0x0000018585580000 DEOPT PACKING pc=0x00000185edfa1947 sp=0x0000005c6cef6c40
Event: 15.320 Thread 0x0000018585580000 DEOPT UNPACKING pc=0x00000185ece176ce sp=0x0000005c6cef6110 mode 0

Classes redefined (0 events):
No events

Internal exceptions (20 events):
Event: 12.507 Thread 0x0000018585580000 Exception <a 'java/lang/ClassNotFoundException'{0x0000000087f10e48}: org/gradle/api/internal/ConventionTaskBeanInfo> (0x0000000087f10e48) thrown at [./src/hotspot/share/classfile/systemDictionary.cpp, line 231]
Event: 12.510 Thread 0x0000018585580000 Exception <a 'java/lang/ClassNotFoundException'{0x0000000087f38c58}: org/gradle/api/DefaultTaskBeanInfo> (0x0000000087f38c58) thrown at [./src/hotspot/share/classfile/systemDictionary.cpp, line 231]
Event: 12.514 Thread 0x0000018585580000 Exception <a 'java/lang/ClassNotFoundException'{0x0000000087f64b20}: org/gradle/api/internal/AbstractTaskBeanInfo> (0x0000000087f64b20) thrown at [./src/hotspot/share/classfile/systemDictionary.cpp, line 231]
Event: 12.517 Thread 0x0000018585580000 Exception <a 'java/lang/ClassNotFoundException'{0x0000000087f90bf0}: org/gradle/api/internal/AbstractTaskCustomizer> (0x0000000087f90bf0) thrown at [./src/hotspot/share/classfile/systemDictionary.cpp, line 231]
Event: 12.527 Thread 0x0000018585580000 Exception <a 'java/lang/ClassNotFoundException'{0x0000000087e01570}: org/gradle/api/DefaultTaskCustomizer> (0x0000000087e01570) thrown at [./src/hotspot/share/classfile/systemDictionary.cpp, line 231]
Event: 12.543 Thread 0x0000018585580000 Exception <a 'java/lang/ClassNotFoundException'{0x0000000087e81578}: org/gradle/api/internal/ConventionTaskCustomizer> (0x0000000087e81578) thrown at [./src/hotspot/share/classfile/systemDictionary.cpp, line 231]
Event: 12.547 Thread 0x0000018585580000 Exception <a 'java/lang/ClassNotFoundException'{0x0000000087eb88f0}: org/gradle/api/tasks/DeleteCustomizer> (0x0000000087eb88f0) thrown at [./src/hotspot/share/classfile/systemDictionary.cpp, line 231]
Event: 12.560 Thread 0x0000018585580000 Exception <a 'java/lang/ClassNotFoundException'{0x0000000087ef6e10}: org/gradle/api/tasks/Delete_DecoratedCustomizer> (0x0000000087ef6e10) thrown at [./src/hotspot/share/classfile/systemDictionary.cpp, line 231]
Event: 12.619 Thread 0x0000018585580000 Exception <a 'java/lang/ClassNotFoundException'{0x0000000087c4c4b8}: build_5qz5yakvh4qqqlo5mq00qos0fBeanInfo> (0x0000000087c4c4b8) thrown at [./src/hotspot/share/classfile/systemDictionary.cpp, line 231]
Event: 12.619 Thread 0x0000018585580000 Exception <a 'java/lang/ClassNotFoundException'{0x0000000087c573e0}: build_5qz5yakvh4qqqlo5mq00qos0fCustomizer> (0x0000000087c573e0) thrown at [./src/hotspot/share/classfile/systemDictionary.cpp, line 231]
Event: 12.878 Thread 0x0000018585580000 Exception <a 'java/lang/NoSuchMethodError'{0x000000008711b608}: 'java.lang.Object java.lang.invoke.DirectMethodHandle$Holder.invokeStatic(java.lang.Object, java.lang.Object, java.lang.Object, java.lang.Object, int)'> (0x000000008711b608) thrown at [./src/hotspot/share/interpreter/linkResolver.cpp, line 773]
Event: 12.878 Thread 0x0000018585580000 Exception <a 'java/lang/NoSuchMethodError'{0x0000000087120000}: 'java.lang.Object java.lang.invoke.DirectMethodHandle$Holder.invokeSpecial(java.lang.Object, java.lang.Object, java.lang.Object, java.lang.Object, java.lang.Object, int)'> (0x0000000087120000) thrown at [./src/hotspot/share/interpreter/linkResolver.cpp, line 773]
Event: 12.878 Thread 0x0000018585580000 Exception <a 'java/lang/NoSuchMethodError'{0x0000000087124640}: 'java.lang.Object java.lang.invoke.Invokers$Holder.linkToTargetMethod(java.lang.Object, java.lang.Object, java.lang.Object, int, java.lang.Object)'> (0x0000000087124640) thrown at [./src/hotspot/share/interpreter/linkResolver.cpp, line 773]
Event: 13.207 Thread 0x0000018585580000 Exception <a 'java/lang/NoSuchMethodError'{0x0000000086204de0}: 'java.lang.Object java.lang.invoke.DirectMethodHandle$Holder.invokeSpecial(java.lang.Object, java.lang.Object, int, int, java.lang.Object, java.lang.Object, java.lang.Object)'> (0x0000000086204de0) thrown at [./src/hotspot/share/interpreter/linkResolver.cpp, line 773]
Event: 13.207 Thread 0x0000018585580000 Exception <a 'java/lang/NoSuchMethodError'{0x0000000086209360}: 'java.lang.Object java.lang.invoke.DelegatingMethodHandle$Holder.reinvoke_L(java.lang.Object, int, int, java.lang.Object, java.lang.Object, java.lang.Object)'> (0x0000000086209360) thrown at [./src/hotspot/share/interpreter/linkResolver.cpp, line 773]
Event: 13.713 Thread 0x0000018585580000 Exception <a 'java/lang/NoSuchMethodError'{0x00000000880fe0e8}: 'int java.lang.invoke.DirectMethodHandle$Holder.invokeInterface(java.lang.Object, java.lang.Object, java.lang.Object, java.lang.Object)'> (0x00000000880fe0e8) thrown at [./src/hotspot/share/interpreter/linkResolver.cpp, line 773]
Event: 14.066 Thread 0x0000018585580000 Exception <a 'java/lang/NoSuchMethodError'{0x00000000871e3938}: 'void java.lang.invoke.DirectMethodHandle$Holder.invokeInterface(java.lang.Object, java.lang.Object, java.lang.Object, java.lang.Object)'> (0x00000000871e3938) thrown at [./src/hotspot/share/interpreter/linkResolver.cpp, line 773]
Event: 14.234 Thread 0x0000018585580000 Exception <a 'java/lang/IncompatibleClassChangeError'{0x00000000869bcb98}: Found class java.lang.Object, but interface was expected> (0x00000000869bcb98) thrown at [./src/hotspot/share/interpreter/linkResolver.cpp, line 839]
Event: 14.464 Thread 0x0000018585580000 Implicit null exception at 0x00000185f4a75c8b to 0x00000185f4a75d64
Event: 14.786 Thread 0x0000018585580000 Exception <a 'sun/nio/fs/WindowsException'{0x000000008799d1a8}> (0x000000008799d1a8) thrown at [./src/hotspot/share/prims/jni.cpp, line 615]

Events (20 events):
Event: 15.364 loading class com/android/tools/build/jetifier/processor/Processor$Companion done
Event: 15.366 loading class com/android/tools/build/jetifier/core/config/ConfigParser
Event: 15.366 loading class com/android/tools/build/jetifier/core/config/ConfigParser done
Event: 15.367 loading class com/android/tools/build/jetifier/core/utils/Log
Event: 15.367 loading class com/android/tools/build/jetifier/core/utils/Log done
Event: 15.375 loading class com/android/tools/build/jetifier/core/utils/LogLevel
Event: 15.375 loading class com/android/tools/build/jetifier/core/utils/LogLevel done
Event: 15.376 loading class com/android/tools/build/jetifier/core/utils/StdOutLogConsumer
Event: 15.376 loading class com/android/tools/build/jetifier/core/utils/StdOutLogConsumer done
Event: 15.377 loading class com/android/tools/build/jetifier/core/utils/LogConsumer
Event: 15.377 loading class com/android/tools/build/jetifier/core/utils/LogConsumer done
Event: 15.379 loading class kotlin/text/Charsets
Event: 15.379 loading class kotlin/text/Charsets done
Event: 15.379 loading class kotlin/text/Charsets
Event: 15.379 loading class kotlin/text/Charsets done
Event: 15.380 loading class kotlin/io/TextStreamsKt
Event: 15.380 loading class kotlin/io/TextStreamsKt done
Event: 15.380 loading class kotlin/io/TextStreamsKt
Event: 15.380 loading class kotlin/io/TextStreamsKt done
Event: 15.393 Executing VM operation: G1CollectForAllocation


Dynamic libraries:
0x00007ff763750000 - 0x00007ff76375a000 	C:\Program Files\Android\Android Studio\jre\bin\java.exe
0x00007fff96830000 - 0x00007fff96a25000 	C:\WINDOWS\SYSTEM32\ntdll.dll
0x00007fff962b0000 - 0x00007fff9636e000 	C:\WINDOWS\System32\KERNEL32.DLL
0x00007fff93fd0000 - 0x00007fff94299000 	C:\WINDOWS\System32\KERNELBASE.dll
0x00007fff94720000 - 0x00007fff94820000 	C:\WINDOWS\System32\ucrtbase.dll
0x00007fff66ed0000 - 0x00007fff66ee7000 	C:\Program Files\Android\Android Studio\jre\bin\VCRUNTIME140.dll
0x00007fff8fa30000 - 0x00007fff8fa49000 	C:\Program Files\Android\Android Studio\jre\bin\jli.dll
0x00007fff94f00000 - 0x00007fff950a1000 	C:\WINDOWS\System32\USER32.dll
0x00007fff93fa0000 - 0x00007fff93fc2000 	C:\WINDOWS\System32\win32u.dll
0x00007fff83ca0000 - 0x00007fff83f3a000 	C:\WINDOWS\WinSxS\amd64_microsoft.windows.common-controls_6595b64144ccf1df_6.0.19041.1110_none_60b5254171f9507e\COMCTL32.dll
0x00007fff96720000 - 0x00007fff9674b000 	C:\WINDOWS\System32\GDI32.dll
0x00007fff95d50000 - 0x00007fff95dee000 	C:\WINDOWS\System32\msvcrt.dll
0x00007fff945e0000 - 0x00007fff946eb000 	C:\WINDOWS\System32\gdi32full.dll
0x00007fff94490000 - 0x00007fff9452d000 	C:\WINDOWS\System32\msvcp_win.dll
0x00007fff96570000 - 0x00007fff965a0000 	C:\WINDOWS\System32\IMM32.DLL
0x00007fff61130000 - 0x00007fff611cd000 	C:\Program Files\Android\Android Studio\jre\bin\msvcp140.dll
0x00007fff66ef0000 - 0x00007fff679bf000 	C:\Program Files\Android\Android Studio\jre\bin\server\jvm.dll
0x00007fff961f0000 - 0x00007fff9629c000 	C:\WINDOWS\System32\ADVAPI32.dll
0x00007fff96750000 - 0x00007fff967eb000 	C:\WINDOWS\System32\sechost.dll
0x00007fff94d00000 - 0x00007fff94e2a000 	C:\WINDOWS\System32\RPCRT4.dll
0x00007fff962a0000 - 0x00007fff962a8000 	C:\WINDOWS\System32\PSAPI.DLL
0x00007fff86060000 - 0x00007fff86087000 	C:\WINDOWS\SYSTEM32\WINMM.dll
0x00007fff86720000 - 0x00007fff8672a000 	C:\WINDOWS\SYSTEM32\VERSION.dll
0x00007fff82ce0000 - 0x00007fff82ce9000 	C:\WINDOWS\SYSTEM32\WSOCK32.dll
0x00007fff95df0000 - 0x00007fff95e5b000 	C:\WINDOWS\System32\ws2_32.DLL
0x00007fff91e50000 - 0x00007fff91e62000 	C:\WINDOWS\SYSTEM32\kernel.appcore.dll
0x00007fff66eb0000 - 0x00007fff66ec1000 	C:\Program Files\Android\Android Studio\jre\bin\verify.dll
0x00007fff7ff80000 - 0x00007fff80164000 	C:\WINDOWS\SYSTEM32\DBGHELP.DLL
0x00007fff7ff50000 - 0x00007fff7ff7c000 	C:\WINDOWS\SYSTEM32\dbgcore.DLL
0x00007fff942a0000 - 0x00007fff94323000 	C:\WINDOWS\System32\bcryptPrimitives.dll
0x00007fff66e80000 - 0x00007fff66ea9000 	C:\Program Files\Android\Android Studio\jre\bin\java.dll
0x00007fff82c00000 - 0x00007fff82c0b000 	C:\Program Files\Android\Android Studio\jre\bin\jimage.dll
0x00007fff66e60000 - 0x00007fff66e78000 	C:\Program Files\Android\Android Studio\jre\bin\zip.dll
0x00007fff950b0000 - 0x00007fff957ef000 	C:\WINDOWS\System32\SHELL32.dll
0x00007fff92050000 - 0x00007fff927e0000 	C:\WINDOWS\SYSTEM32\windows.storage.dll
0x00007fff94880000 - 0x00007fff94bd5000 	C:\WINDOWS\System32\combase.dll
0x00007fff939a0000 - 0x00007fff939cc000 	C:\WINDOWS\SYSTEM32\Wldp.dll
0x00007fff96650000 - 0x00007fff966fd000 	C:\WINDOWS\System32\SHCORE.dll
0x00007fff95f00000 - 0x00007fff95f55000 	C:\WINDOWS\System32\shlwapi.dll
0x00007fff93e90000 - 0x00007fff93eaf000 	C:\WINDOWS\SYSTEM32\profapi.dll
0x00007fff66e40000 - 0x00007fff66e5a000 	C:\Program Files\Android\Android Studio\jre\bin\net.dll
0x00007fff85cc0000 - 0x00007fff85dc8000 	C:\WINDOWS\SYSTEM32\WINHTTP.dll
0x00007fff93700000 - 0x00007fff9376a000 	C:\WINDOWS\system32\mswsock.dll
0x00007fff66e20000 - 0x00007fff66e34000 	C:\Program Files\Android\Android Studio\jre\bin\nio.dll
0x00007fff8dfc0000 - 0x00007fff8dfe7000 	C:\Users\MinhNgan\.gradle\native\8bec1ad78214c89d9ad589b4d07fe93259594b29d510b10fafb7a158f7737e5d\windows-amd64\native-platform.dll
0x00007fff6d600000 - 0x00007fff6d73d000 	C:\Users\MinhNgan\.gradle\native\53dbd7edfb1c66fb8903c78663c9afc45aea4f116125fa6feffd364cf09443e8\windows-amd64\native-platform-file-events.dll
0x00007fff662d0000 - 0x00007fff662da000 	C:\Program Files\Android\Android Studio\jre\bin\management.dll
0x00007fff662a0000 - 0x00007fff662ac000 	C:\Program Files\Android\Android Studio\jre\bin\management_ext.dll
0x00007fff938f0000 - 0x00007fff93908000 	C:\WINDOWS\SYSTEM32\CRYPTSP.dll
0x00007fff93010000 - 0x00007fff93044000 	C:\WINDOWS\system32\rsaenh.dll
0x00007fff946f0000 - 0x00007fff94717000 	C:\WINDOWS\System32\bcrypt.dll
0x00007fff93e50000 - 0x00007fff93e7e000 	C:\WINDOWS\SYSTEM32\USERENV.dll
0x00007fff93910000 - 0x00007fff9391c000 	C:\WINDOWS\SYSTEM32\CRYPTBASE.dll
0x00007fff933a0000 - 0x00007fff933db000 	C:\WINDOWS\SYSTEM32\IPHLPAPI.DLL
0x00007fff96370000 - 0x00007fff96378000 	C:\WINDOWS\System32\NSI.dll
0x00007fff88230000 - 0x00007fff88247000 	C:\WINDOWS\SYSTEM32\dhcpcsvc6.DLL
0x00007fff8aad0000 - 0x00007fff8aaed000 	C:\WINDOWS\SYSTEM32\dhcpcsvc.DLL
0x00007fff933e0000 - 0x00007fff934ac000 	C:\WINDOWS\SYSTEM32\DNSAPI.dll

dbghelp: loaded successfully - version: 4.0.5 - missing functions: none
symbol engine: initialized successfully - sym options: 0x614 - pdb path: .;C:\Program Files\Android\Android Studio\jre\bin;C:\WINDOWS\SYSTEM32;C:\WINDOWS\WinSxS\amd64_microsoft.windows.common-controls_6595b64144ccf1df_6.0.19041.1110_none_60b5254171f9507e;C:\Program Files\Android\Android Studio\jre\bin\server;C:\Users\MinhNgan\.gradle\native\8bec1ad78214c89d9ad589b4d07fe93259594b29d510b10fafb7a158f7737e5d\windows-amd64;C:\Users\MinhNgan\.gradle\native\53dbd7edfb1c66fb8903c78663c9afc45aea4f116125fa6feffd364cf09443e8\windows-amd64

VM Arguments:
jvm_args: --add-opens=java.base/java.util=ALL-UNNAMED --add-opens=java.base/java.lang=ALL-UNNAMED --add-opens=java.base/java.lang.invoke=ALL-UNNAMED --add-opens=java.base/java.util=ALL-UNNAMED --add-opens=java.prefs/java.util.prefs=ALL-UNNAMED --add-opens=java.prefs/java.util.prefs=ALL-UNNAMED --add-opens=java.base/java.nio.charset=ALL-UNNAMED --add-opens=java.base/java.net=ALL-UNNAMED --add-opens=java.base/java.util.concurrent.atomic=ALL-UNNAMED -Xmx2048m -Dfile.encoding=UTF-8 -Duser.country=US -Duser.language=en -Duser.variant 
java_command: org.gradle.launcher.daemon.bootstrap.GradleDaemon 7.0.2
java_class_path (initial): C:\Users\MinhNgan\.gradle\wrapper\dists\gradle-7.0.2-bin\857tjihv64xamwrf0h14cai3r\gradle-7.0.2\lib\gradle-launcher-7.0.2.jar
Launcher Type: SUN_STANDARD

[Global flags]
     intx CICompilerCount                          = 3                                         {product} {ergonomic}
     uint ConcGCThreads                            = 1                                         {product} {ergonomic}
     uint G1ConcRefinementThreads                  = 4                                         {product} {ergonomic}
   size_t G1HeapRegionSize                         = 1048576                                   {product} {ergonomic}
    uintx GCDrainStackTargetSize                   = 64                                        {product} {ergonomic}
   size_t InitialHeapSize                          = 67108864                                  {product} {ergonomic}
   size_t MarkStackSize                            = 4194304                                   {product} {ergonomic}
   size_t MaxHeapSize                              = 2147483648                                {product} {command line}
   size_t MaxNewSize                               = 1287651328                                {product} {ergonomic}
   size_t MinHeapDeltaBytes                        = 1048576                                   {product} {ergonomic}
    uintx NonNMethodCodeHeapSize                   = 5830732                                {pd product} {ergonomic}
    uintx NonProfiledCodeHeapSize                  = 122913754                              {pd product} {ergonomic}
    uintx ProfiledCodeHeapSize                     = 122913754                              {pd product} {ergonomic}
    uintx ReservedCodeCacheSize                    = 251658240                              {pd product} {ergonomic}
     bool SegmentedCodeCache                       = true                                      {product} {ergonomic}
     bool UseCompressedClassPointers               = true                                 {lp64_product} {ergonomic}
     bool UseCompressedOops                        = true                                 {lp64_product} {ergonomic}
     bool UseG1GC                                  = true                                      {product} {ergonomic}
     bool UseLargePagesIndividualAllocation        = false                                  {pd product} {ergonomic}

Logging:
Log output configuration:
 #0: stdout all=warning uptime,level,tags
 #1: stderr all=off uptime,level,tags

Environment Variables:
PATH=C:\Program Files\Common Files\Oracle\Java\javapath;C:\WINDOWS\system32;C:\WINDOWS;C:\WINDOWS\System32\Wbem;C:\WINDOWS\System32\WindowsPowerShell\v1.0\;C:\WINDOWS\System32\OpenSSH\;C:\Program Files\dotnet\;C:\Program Files\Microsoft SQL Server\130\Tools\Binn\;C:\Program Files\Microsoft SQL Server\Client SDK\ODBC\170\Tools\Binn\;C:\Program Files (x86)\dotnet\;C:\Program Files\Git\cmd;C:\Users\MinhNgan\AppData\Local\Microsoft\WindowsApps
USERNAME=MinhNgan
OS=Windows_NT
PROCESSOR_IDENTIFIER=Intel64 Family 6 Model 69 Stepping 1, GenuineIntel



---------------  S Y S T E M  ---------------

OS: Windows 10 , 64 bit Build 19041 (10.0.19041.1202)
OS uptime: 0 days 0:23 hours

CPU:total 4 (initial active 4) (2 cores per cpu, 2 threads per core) family 6 model 69 stepping 1 microcode 0x25, cmov, cx8, fxsr, mmx, sse, sse2, sse3, ssse3, sse4.1, sse4.2, popcnt, avx, avx2, aes, clmul, erms, lzcnt, ht, tsc, tscinvbit, bmi1, bmi2, fma

Memory: 4k page, system-wide physical 3979M (137M free)
TotalPageFile size 6979M (AvailPageFile size 12M)
current process WorkingSet (physical memory assigned to process): 197M, peak: 229M
current process commit charge ("private bytes"): 348M, peak: 393M

vm_info: OpenJDK 64-Bit Server VM (11.0.10+0-b96-7249189) for windows-amd64 JRE (11.0.10+0-b96-7249189), built on Mar 31 2021 21:44:00 by "builder" with MS VC++ 14.0 (VS2015)

END.
