#
# There is insufficient memory for the Java Runtime Environment to continue.
# Native memory allocation (malloc) failed to allocate 2198736 bytes for Chunk::new
# Possible reasons:
#   The system is out of physical RAM or swap space
#   The process is running with CompressedOops enabled, and the Java Heap may be blocking the growth of the native heap
# Possible solutions:
#   Reduce memory load on the system
#   Increase physical memory or swap space
#   Check if swap backing store is full
#   Decrease Java heap size (-Xmx/-Xms)
#   Decrease number of Java threads
#   Decrease Java thread stack sizes (-Xss)
#   Set larger code cache with -XX:ReservedCodeCacheSize=
#   JVM is running with Unscaled Compressed Oops mode in which the Java heap is
#     placed in the first 4GB address space. The Java Heap base address is the
#     maximum limit for the native heap growth. Please use -XX:HeapBaseMinAddress
#     to set the Java Heap base and to place the Java Heap above 4GB virtual address.
# This output file may be truncated or incomplete.
#
#  Out of Memory Error (./src/hotspot/share/memory/arena.cpp:197), pid=2400, tid=9412
#
# JRE version: OpenJDK Runtime Environment (11.0.10) (build 11.0.10+0-b96-7249189)
# Java VM: OpenJDK 64-Bit Server VM (11.0.10+0-b96-7249189, mixed mode, tiered, compressed oops, g1 gc, windows-amd64)
# No core dump will be written. Minidumps are not enabled by default on client versions of Windows
#

---------------  S U M M A R Y ------------

Command Line: --add-opens=java.base/java.util=ALL-UNNAMED --add-opens=java.base/java.lang=ALL-UNNAMED --add-opens=java.base/java.lang.invoke=ALL-UNNAMED --add-opens=java.base/java.util=ALL-UNNAMED --add-opens=java.prefs/java.util.prefs=ALL-UNNAMED --add-opens=java.prefs/java.util.prefs=ALL-UNNAMED --add-opens=java.base/java.nio.charset=ALL-UNNAMED --add-opens=java.base/java.net=ALL-UNNAMED --add-opens=java.base/java.util.concurrent.atomic=ALL-UNNAMED -Xmx2048m -Dfile.encoding=UTF-8 -Duser.country=US -Duser.language=en -Duser.variant org.gradle.launcher.daemon.bootstrap.GradleDaemon 7.0.2

Host: Intel(R) Core(TM) i5-4210U CPU @ 1.70GHz, 4 cores, 3G,  Windows 10 , 64 bit Build 19041 (10.0.19041.1348)
Time: Tue Nov 30 11:27:02 2021 SE Asia Standard Time elapsed time: 640.924363 seconds (0d 0h 10m 40s)

---------------  T H R E A D  ---------------

Current thread (0x0000019b4d949800):  JavaThread "C2 CompilerThread0" daemon [_thread_in_native, id=9412, stack(0x00000060a7f00000,0x00000060a8000000)]


Current CompileTask:
C2: 640924 20437   !   4       java.io.ObjectOutputStream::writeSerialData (221 bytes)

Stack: [0x00000060a7f00000,0x00000060a8000000]
Native frames: (J=compiled Java code, j=interpreted, Vv=VM code, C=native code)
V  [jvm.dll+0x5ecfaa]
V  [jvm.dll+0x722bd5]
V  [jvm.dll+0x72412d]
V  [jvm.dll+0x7247e3]
V  [jvm.dll+0x242928]
V  [jvm.dll+0xbc4fc]
V  [jvm.dll+0xbca0c]
V  [jvm.dll+0x352d7d]
V  [jvm.dll+0x320ad3]
V  [jvm.dll+0x31ffca]
V  [jvm.dll+0x1fb602]
V  [jvm.dll+0x1fa7f4]
V  [jvm.dll+0x18354c]
V  [jvm.dll+0x208ee7]
V  [jvm.dll+0x207731]
V  [jvm.dll+0x6eb1cf]
V  [jvm.dll+0x6e3d45]
V  [jvm.dll+0x5ebe96]
C  [ucrtbase.dll+0x21bb2]
C  [KERNEL32.DLL+0x17034]
C  [ntdll.dll+0x52651]


---------------  P R O C E S S  ---------------

Threads class SMR info:
_java_thread_list=0x0000019b526008b0, length=55, elements={
0x0000019b31dcb000, 0x0000019b4d8e7000, 0x0000019b4d8ed000, 0x0000019b4d941800,
0x0000019b4d944800, 0x0000019b4d946000, 0x0000019b4d949800, 0x0000019b4d94f000,
0x0000019b4d95b800, 0x0000019b4d956800, 0x0000019b4d957800, 0x0000019b4d958000,
0x0000019b4d959000, 0x0000019b50132000, 0x0000019b50133000, 0x0000019b50134000,
0x0000019b50136800, 0x0000019b50137000, 0x0000019b50134800, 0x0000019b5013b000,
0x0000019b5013c000, 0x0000019b5013d000, 0x0000019b507f2000, 0x0000019b507f1800,
0x0000019b507f4000, 0x0000019b4effb000, 0x0000019b507f9800, 0x0000019b507f3000,
0x0000019b507f4800, 0x0000019b507ef000, 0x0000019b507f5800, 0x0000019b507ef800,
0x0000019b507fc000, 0x0000019b507f8800, 0x0000019b507fa800, 0x0000019b507fb000,
0x0000019b507f6800, 0x0000019b507fd000, 0x0000019b507f7000, 0x0000019b507f8000,
0x0000019b507fd800, 0x0000019b4effa000, 0x0000019b4eff9800, 0x0000019b4eff6000,
0x0000019b4eff5000, 0x0000019b4eff7000, 0x0000019b4effd800, 0x0000019b4eff7800,
0x0000019b4effe000, 0x0000019b4eff8800, 0x0000019b4f002800, 0x0000019b4f001800,
0x0000019b4f003000, 0x0000019b4f004000, 0x0000019b4f000000
}

Java Threads: ( => current thread )
  0x0000019b31dcb000 JavaThread "main" [_thread_blocked, id=6896, stack(0x00000060a7300000,0x00000060a7400000)]
  0x0000019b4d8e7000 JavaThread "Reference Handler" daemon [_thread_blocked, id=5348, stack(0x00000060a7a00000,0x00000060a7b00000)]
  0x0000019b4d8ed000 JavaThread "Finalizer" daemon [_thread_blocked, id=4192, stack(0x00000060a7b00000,0x00000060a7c00000)]
  0x0000019b4d941800 JavaThread "Signal Dispatcher" daemon [_thread_blocked, id=7624, stack(0x00000060a7c00000,0x00000060a7d00000)]
  0x0000019b4d944800 JavaThread "Attach Listener" daemon [_thread_blocked, id=8532, stack(0x00000060a7d00000,0x00000060a7e00000)]
  0x0000019b4d946000 JavaThread "Service Thread" daemon [_thread_blocked, id=8744, stack(0x00000060a7e00000,0x00000060a7f00000)]
=>0x0000019b4d949800 JavaThread "C2 CompilerThread0" daemon [_thread_in_native, id=9412, stack(0x00000060a7f00000,0x00000060a8000000)]
  0x0000019b4d94f000 JavaThread "C1 CompilerThread0" daemon [_thread_blocked, id=9788, stack(0x00000060a8000000,0x00000060a8100000)]
  0x0000019b4d95b800 JavaThread "Sweeper thread" daemon [_thread_blocked, id=8908, stack(0x00000060a8100000,0x00000060a8200000)]
  0x0000019b4d956800 JavaThread "Common-Cleaner" daemon [_thread_blocked, id=2916, stack(0x00000060a8200000,0x00000060a8300000)]
  0x0000019b4d957800 JavaThread "Daemon health stats" [_thread_blocked, id=10080, stack(0x00000060a8500000,0x00000060a8600000)]
  0x0000019b4d958000 JavaThread "Incoming local TCP Connector on port 49765" [_thread_in_native, id=1256, stack(0x00000060a8600000,0x00000060a8700000)]
  0x0000019b4d959000 JavaThread "Daemon periodic checks" [_thread_blocked, id=4460, stack(0x00000060a8700000,0x00000060a8800000)]
  0x0000019b50132000 JavaThread "Cache worker for file hash cache (C:\Program Files\Java\jdk-17.0.1\caches\7.0.2\fileHashes)" [_thread_blocked, id=6324, stack(0x00000060a9100000,0x00000060a9200000)]
  0x0000019b50133000 JavaThread "File lock request listener" [_thread_in_native, id=4576, stack(0x00000060a9200000,0x00000060a9300000)]
  0x0000019b50134000 JavaThread "Cache worker for journal cache (C:\Program Files\Java\jdk-17.0.1\caches\journal-1)" [_thread_blocked, id=3416, stack(0x00000060a9300000,0x00000060a9400000)]
  0x0000019b50136800 JavaThread "File watcher server" daemon [_thread_in_native, id=1116, stack(0x00000060a9500000,0x00000060a9600000)]
  0x0000019b50137000 JavaThread "File watcher consumer" daemon [_thread_blocked, id=8928, stack(0x00000060a9600000,0x00000060a9700000)]
  0x0000019b50134800 JavaThread "Cache worker for execution history cache (C:\Program Files\Java\jdk-17.0.1\caches\7.0.2\executionHistory)" [_thread_blocked, id=1908, stack(0x00000060a9a00000,0x00000060a9b00000)]
  0x0000019b5013b000 JavaThread "jar transforms" [_thread_blocked, id=1020, stack(0x00000060a9b00000,0x00000060a9c00000)]
  0x0000019b5013c000 JavaThread "jar transforms Thread 2" [_thread_blocked, id=1824, stack(0x00000060a9c00000,0x00000060a9d00000)]
  0x0000019b5013d000 JavaThread "Cache worker for file content cache (C:\Program Files\Java\jdk-17.0.1\caches\7.0.2\fileContent)" [_thread_blocked, id=6932, stack(0x00000060a9d00000,0x00000060a9e00000)]
  0x0000019b507f2000 JavaThread "jar transforms Thread 3" [_thread_blocked, id=10132, stack(0x00000060a9f00000,0x00000060aa000000)]
  0x0000019b507f1800 JavaThread "jar transforms Thread 4" [_thread_blocked, id=1620, stack(0x00000060aa500000,0x00000060aa600000)]
  0x0000019b507f4000 JavaThread "Memory manager" [_thread_blocked, id=5608, stack(0x00000060aa600000,0x00000060aa700000)]
  0x0000019b4effb000 JavaThread "Cache worker for Java compile cache (C:\Program Files\Java\jdk-17.0.1\caches\7.0.2\javaCompile)" [_thread_blocked, id=4356, stack(0x00000060a7000000,0x00000060a7100000)]
  0x0000019b507f9800 JavaThread "ForkJoinPool.commonPool-worker-1" daemon [_thread_blocked, id=9336, stack(0x00000060ab100000,0x00000060ab200000)]
  0x0000019b507f3000 JavaThread "Daemon Thread 3" [_thread_blocked, id=7300, stack(0x00000060a7100000,0x00000060a7200000)]
  0x0000019b507f4800 JavaThread "Handler for socket connection from /127.0.0.1:49765 to /127.0.0.1:49977" [_thread_in_native, id=448, stack(0x00000060a7200000,0x00000060a7300000)]
  0x0000019b507ef000 JavaThread "Cancel handler" [_thread_blocked, id=5644, stack(0x00000060a8800000,0x00000060a8900000)]
  0x0000019b507f5800 JavaThread "Daemon worker Thread 3" [_thread_in_Java, id=9388, stack(0x00000060a8900000,0x00000060a8a00000)]
  0x0000019b507ef800 JavaThread "Asynchronous log dispatcher for DefaultDaemonConnection: socket connection from /127.0.0.1:49765 to /127.0.0.1:49977" [_thread_blocked, id=5516, stack(0x00000060a8a00000,0x00000060a8b00000)]
  0x0000019b507fc000 JavaThread "Stdin handler" [_thread_blocked, id=9356, stack(0x00000060a8b00000,0x00000060a8c00000)]
  0x0000019b507f8800 JavaThread "Daemon client event forwarder" [_thread_blocked, id=4752, stack(0x00000060a8c00000,0x00000060a8d00000)]
  0x0000019b507fa800 JavaThread "Cache worker for file hash cache (C:\Users\MinhNgan\AndroidStudioProjects\Android_hepat_1\.gradle\7.0.2\fileHashes)" [_thread_blocked, id=6408, stack(0x00000060a8d00000,0x00000060a8e00000)]
  0x0000019b507fb000 JavaThread "Cache worker for checksums cache (C:\Users\MinhNgan\AndroidStudioProjects\Android_hepat_1\.gradle\checksums)" [_thread_blocked, id=5588, stack(0x00000060a8e00000,0x00000060a8f00000)]
  0x0000019b507f6800 JavaThread "Cache worker for cache directory md-supplier (C:\Program Files\Java\jdk-17.0.1\caches\7.0.2\md-supplier)" [_thread_blocked, id=7128, stack(0x00000060a9400000,0x00000060a9500000)]
  0x0000019b507fd000 JavaThread "Cache worker for cache directory md-rule (C:\Program Files\Java\jdk-17.0.1\caches\7.0.2\md-rule)" [_thread_blocked, id=7628, stack(0x00000060a9700000,0x00000060a9800000)]
  0x0000019b507f7000 JavaThread "Cache worker for dependencies-accessors (C:\Users\MinhNgan\AndroidStudioProjects\Android_hepat_1\.gradle\7.0.2\dependencies-accessors)" [_thread_blocked, id=2508, stack(0x00000060a9800000,0x00000060a9900000)]
  0x0000019b507f8000 JavaThread "Cache worker for Build Output Cleanup Cache (C:\Users\MinhNgan\AndroidStudioProjects\Android_hepat_1\.gradle\buildOutputCleanup)" [_thread_blocked, id=5092, stack(0x00000060a9900000,0x00000060a9a00000)]
  0x0000019b507fd800 JavaThread "Build operations" [_thread_blocked, id=8000, stack(0x00000060a9e00000,0x00000060a9f00000)]
  0x0000019b4effa000 JavaThread "Build operations Thread 2" [_thread_blocked, id=7028, stack(0x00000060aa000000,0x00000060aa100000)]
  0x0000019b4eff9800 JavaThread "Build operations Thread 3" [_thread_blocked, id=4476, stack(0x00000060aa100000,0x00000060aa200000)]
  0x0000019b4eff6000 JavaThread "Build operations Thread 4" [_thread_blocked, id=8476, stack(0x00000060aa200000,0x00000060aa300000)]
  0x0000019b4eff5000 JavaThread "build event listener" [_thread_blocked, id=7204, stack(0x00000060aa300000,0x00000060aa400000)]
  0x0000019b4eff7000 JavaThread "Execution worker for ':' Thread 3" [_thread_blocked, id=9548, stack(0x00000060aa800000,0x00000060aa900000)]
  0x0000019b4effd800 JavaThread "Cache worker for execution history cache (C:\Users\MinhNgan\AndroidStudioProjects\Android_hepat_1\.gradle\7.0.2\executionHistory)" [_thread_blocked, id=3244, stack(0x00000060aa900000,0x00000060aaa00000)]
  0x0000019b4eff7800 JavaThread "Cache worker for Java compile cache (C:\Users\MinhNgan\AndroidStudioProjects\Android_hepat_1\.gradle\7.0.2\javaCompile)" [_thread_blocked, id=6032, stack(0x00000060aaa00000,0x00000060aab00000)]
  0x0000019b4effe000 JavaThread "WorkerExecutor Queue" [_thread_blocked, id=7416, stack(0x00000060aab00000,0x00000060aac00000)]
  0x0000019b4eff8800 JavaThread "WorkerExecutor Queue Thread 2" [_thread_blocked, id=7424, stack(0x00000060aac00000,0x00000060aad00000)]
  0x0000019b4f002800 JavaThread "WorkerExecutor Queue Thread 3" [_thread_blocked, id=5804, stack(0x00000060aad00000,0x00000060aae00000)]
  0x0000019b4f001800 JavaThread "WorkerExecutor Queue Thread 4" [_thread_blocked, id=3460, stack(0x00000060aae00000,0x00000060aaf00000)]
  0x0000019b4f003000 JavaThread "WorkerExecutor Queue Thread 5" [_thread_blocked, id=5604, stack(0x00000060aaf00000,0x00000060ab000000)]
  0x0000019b4f004000 JavaThread "ForkJoinPool.commonPool-worker-5" daemon [_thread_blocked, id=1344, stack(0x00000060ab000000,0x00000060ab100000)]
  0x0000019b4f000000 JavaThread "ForkJoinPool.commonPool-worker-7" daemon [_thread_blocked, id=4060, stack(0x00000060ab200000,0x00000060ab300000)]

Other Threads:
  0x0000019b4d8df800 VMThread "VM Thread" [stack: 0x00000060a7900000,0x00000060a7a00000] [id=2472]
  0x0000019b4e3e5800 WatcherThread [stack: 0x00000060a8300000,0x00000060a8400000] [id=2676]
  0x0000019b31de3000 GCTaskThread "GC Thread#0" [stack: 0x00000060a7400000,0x00000060a7500000] [id=9172]
  0x0000019b4e2f3000 GCTaskThread "GC Thread#1" [stack: 0x00000060a8400000,0x00000060a8500000] [id=2572]
  0x0000019b4e2f4800 GCTaskThread "GC Thread#2" [stack: 0x00000060a8f00000,0x00000060a9000000] [id=6396]
  0x0000019b4e2f2800 GCTaskThread "GC Thread#3" [stack: 0x00000060a9000000,0x00000060a9100000] [id=9252]
  0x0000019b31e14800 ConcurrentGCThread "G1 Main Marker" [stack: 0x00000060a7500000,0x00000060a7600000] [id=9136]
  0x0000019b31e16800 ConcurrentGCThread "G1 Conc#0" [stack: 0x00000060a7600000,0x00000060a7700000] [id=7188]
  0x0000019b31e70800 ConcurrentGCThread "G1 Refine#0" [stack: 0x00000060a7700000,0x00000060a7800000] [id=2436]
  0x0000019b31e71800 ConcurrentGCThread "G1 Young RemSet Sampling" [stack: 0x00000060a7800000,0x00000060a7900000] [id=10076]

Threads with active compile tasks:
C2 CompilerThread0 640973 20437   !   4       java.io.ObjectOutputStream::writeSerialData (221 bytes)

VM state:not at safepoint (normal execution)

VM Mutex/Monitor currently owned by a thread: None

Heap address: 0x0000000080000000, size: 2048 MB, Compressed Oops mode: 32-bit
Narrow klass base: 0x0000000000000000, Narrow klass shift: 3
Compressed class space size: 1073741824 Address: 0x0000000100000000

Heap:
 garbage-first heap   total 219136K, used 152157K [0x0000000080000000, 0x0000000100000000)
  region size 1024K, 3 young (3072K), 1 survivors (1024K)
 Metaspace       used 119689K, capacity 122820K, committed 122908K, reserved 1157120K
  class space    used 15048K, capacity 16197K, committed 16256K, reserved 1048576K
Heap Regions: E=young(eden), S=young(survivor), O=old, HS=humongous(starts), HC=humongous(continues), CS=collection set, F=free, A=archive, TAMS=top-at-mark-start (previous, next)
|   0|0x0000000080000000, 0x0000000080100000, 0x0000000080100000|100%|HS|  |TAMS 0x0000000080100000, 0x0000000080100000| Complete 
|   1|0x0000000080100000, 0x0000000080200000, 0x0000000080200000|100%|HC|  |TAMS 0x0000000080200000, 0x0000000080200000| Complete 
|   2|0x0000000080200000, 0x0000000080300000, 0x0000000080300000|100%|HC|  |TAMS 0x0000000080300000, 0x0000000080300000| Complete 
|   3|0x0000000080300000, 0x0000000080400000, 0x0000000080400000|100%| O|  |TAMS 0x0000000080400000, 0x0000000080400000| Untracked 
|   4|0x0000000080400000, 0x0000000080500000, 0x0000000080500000|100%| O|  |TAMS 0x0000000080500000, 0x0000000080500000| Untracked 
|   5|0x0000000080500000, 0x0000000080600000, 0x0000000080600000|100%| O|  |TAMS 0x0000000080600000, 0x0000000080600000| Untracked 
|   6|0x0000000080600000, 0x0000000080700000, 0x0000000080700000|100%| O|  |TAMS 0x0000000080700000, 0x0000000080700000| Untracked 
|   7|0x0000000080700000, 0x0000000080800000, 0x0000000080800000|100%| O|  |TAMS 0x0000000080800000, 0x0000000080800000| Untracked 
|   8|0x0000000080800000, 0x0000000080900000, 0x0000000080900000|100%| O|  |TAMS 0x0000000080900000, 0x0000000080900000| Untracked 
|   9|0x0000000080900000, 0x0000000080a00000, 0x0000000080a00000|100%| O|  |TAMS 0x0000000080a00000, 0x0000000080a00000| Untracked 
|  10|0x0000000080a00000, 0x0000000080b00000, 0x0000000080b00000|100%| O|  |TAMS 0x0000000080b00000, 0x0000000080b00000| Untracked 
|  11|0x0000000080b00000, 0x0000000080c00000, 0x0000000080c00000|100%| O|  |TAMS 0x0000000080c00000, 0x0000000080c00000| Untracked 
|  12|0x0000000080c00000, 0x0000000080d00000, 0x0000000080d00000|100%| O|  |TAMS 0x0000000080d00000, 0x0000000080d00000| Untracked 
|  13|0x0000000080d00000, 0x0000000080e00000, 0x0000000080e00000|100%| O|  |TAMS 0x0000000080e00000, 0x0000000080e00000| Untracked 
|  14|0x0000000080e00000, 0x0000000080f00000, 0x0000000080f00000|100%| O|  |TAMS 0x0000000080f00000, 0x0000000080f00000| Untracked 
|  15|0x0000000080f00000, 0x0000000081000000, 0x0000000081000000|100%| O|  |TAMS 0x0000000081000000, 0x0000000081000000| Untracked 
|  16|0x0000000081000000, 0x0000000081100000, 0x0000000081100000|100%| O|  |TAMS 0x0000000081100000, 0x0000000081100000| Untracked 
|  17|0x0000000081100000, 0x0000000081200000, 0x0000000081200000|100%| O|  |TAMS 0x0000000081200000, 0x0000000081200000| Untracked 
|  18|0x0000000081200000, 0x0000000081300000, 0x0000000081300000|100%| O|  |TAMS 0x0000000081300000, 0x0000000081300000| Untracked 
|  19|0x0000000081300000, 0x0000000081400000, 0x0000000081400000|100%| O|  |TAMS 0x0000000081400000, 0x0000000081400000| Untracked 
|  20|0x0000000081400000, 0x0000000081500000, 0x0000000081500000|100%| O|  |TAMS 0x0000000081500000, 0x0000000081500000| Untracked 
|  21|0x0000000081500000, 0x0000000081600000, 0x0000000081600000|100%| O|  |TAMS 0x0000000081600000, 0x0000000081600000| Untracked 
|  22|0x0000000081600000, 0x0000000081700000, 0x0000000081700000|100%| O|  |TAMS 0x0000000081700000, 0x0000000081700000| Untracked 
|  23|0x0000000081700000, 0x0000000081800000, 0x0000000081800000|100%| O|  |TAMS 0x0000000081800000, 0x0000000081800000| Untracked 
|  24|0x0000000081800000, 0x0000000081900000, 0x0000000081900000|100%| O|  |TAMS 0x0000000081900000, 0x0000000081900000| Untracked 
|  25|0x0000000081900000, 0x0000000081a00000, 0x0000000081a00000|100%| O|  |TAMS 0x0000000081a00000, 0x0000000081a00000| Untracked 
|  26|0x0000000081a00000, 0x0000000081b00000, 0x0000000081b00000|100%| O|  |TAMS 0x0000000081b00000, 0x0000000081b00000| Untracked 
|  27|0x0000000081b00000, 0x0000000081c00000, 0x0000000081c00000|100%| O|  |TAMS 0x0000000081c00000, 0x0000000081c00000| Untracked 
|  28|0x0000000081c00000, 0x0000000081d00000, 0x0000000081d00000|100%| O|  |TAMS 0x0000000081d00000, 0x0000000081d00000| Untracked 
|  29|0x0000000081d00000, 0x0000000081e00000, 0x0000000081e00000|100%| O|  |TAMS 0x0000000081e00000, 0x0000000081e00000| Untracked 
|  30|0x0000000081e00000, 0x0000000081f00000, 0x0000000081f00000|100%| O|  |TAMS 0x0000000081f00000, 0x0000000081f00000| Untracked 
|  31|0x0000000081f00000, 0x0000000082000000, 0x0000000082000000|100%|HS|  |TAMS 0x0000000082000000, 0x0000000082000000| Complete 
|  32|0x0000000082000000, 0x0000000082100000, 0x0000000082100000|100%|HS|  |TAMS 0x0000000082100000, 0x0000000082100000| Complete 
|  33|0x0000000082100000, 0x0000000082200000, 0x0000000082200000|100%| O|  |TAMS 0x0000000082200000, 0x0000000082200000| Untracked 
|  34|0x0000000082200000, 0x0000000082300000, 0x0000000082300000|100%| O|  |TAMS 0x0000000082300000, 0x0000000082300000| Untracked 
|  35|0x0000000082300000, 0x0000000082400000, 0x0000000082400000|100%|HS|  |TAMS 0x0000000082400000, 0x0000000082400000| Complete 
|  36|0x0000000082400000, 0x0000000082500000, 0x0000000082500000|100%|HC|  |TAMS 0x0000000082500000, 0x0000000082500000| Complete 
|  37|0x0000000082500000, 0x0000000082600000, 0x0000000082600000|100%| O|  |TAMS 0x0000000082600000, 0x0000000082600000| Untracked 
|  38|0x0000000082600000, 0x0000000082700000, 0x0000000082700000|100%| O|  |TAMS 0x0000000082700000, 0x0000000082700000| Untracked 
|  39|0x0000000082700000, 0x0000000082800000, 0x0000000082800000|100%| O|  |TAMS 0x0000000082800000, 0x0000000082800000| Untracked 
|  40|0x0000000082800000, 0x0000000082900000, 0x0000000082900000|100%| O|  |TAMS 0x0000000082900000, 0x0000000082900000| Untracked 
|  41|0x0000000082900000, 0x0000000082a00000, 0x0000000082a00000|100%| O|  |TAMS 0x0000000082a00000, 0x0000000082a00000| Untracked 
|  42|0x0000000082a00000, 0x0000000082b00000, 0x0000000082b00000|100%| O|  |TAMS 0x0000000082b00000, 0x0000000082b00000| Untracked 
|  43|0x0000000082b00000, 0x0000000082c00000, 0x0000000082c00000|100%| O|  |TAMS 0x0000000082c00000, 0x0000000082c00000| Untracked 
|  44|0x0000000082c00000, 0x0000000082d00000, 0x0000000082d00000|100%| O|  |TAMS 0x0000000082d00000, 0x0000000082d00000| Untracked 
|  45|0x0000000082d00000, 0x0000000082e00000, 0x0000000082e00000|100%| O|  |TAMS 0x0000000082e00000, 0x0000000082e00000| Untracked 
|  46|0x0000000082e00000, 0x0000000082f00000, 0x0000000082f00000|100%| O|  |TAMS 0x0000000082f00000, 0x0000000082f00000| Untracked 
|  47|0x0000000082f00000, 0x0000000083000000, 0x0000000083000000|100%| O|  |TAMS 0x0000000083000000, 0x0000000083000000| Untracked 
|  48|0x0000000083000000, 0x0000000083100000, 0x0000000083100000|100%| O|  |TAMS 0x0000000083100000, 0x0000000083100000| Untracked 
|  49|0x0000000083100000, 0x0000000083200000, 0x0000000083200000|100%| O|  |TAMS 0x0000000083200000, 0x0000000083200000| Untracked 
|  50|0x0000000083200000, 0x0000000083300000, 0x0000000083300000|100%| O|  |TAMS 0x0000000083300000, 0x0000000083300000| Untracked 
|  51|0x0000000083300000, 0x0000000083400000, 0x0000000083400000|100%| O|  |TAMS 0x0000000083400000, 0x0000000083400000| Untracked 
|  52|0x0000000083400000, 0x0000000083500000, 0x0000000083500000|100%| O|  |TAMS 0x0000000083500000, 0x0000000083500000| Untracked 
|  53|0x0000000083500000, 0x0000000083600000, 0x0000000083600000|100%| O|  |TAMS 0x0000000083600000, 0x0000000083600000| Untracked 
|  54|0x0000000083600000, 0x0000000083700000, 0x0000000083700000|100%| O|  |TAMS 0x0000000083700000, 0x0000000083700000| Untracked 
|  55|0x0000000083700000, 0x0000000083800000, 0x0000000083800000|100%| O|  |TAMS 0x0000000083800000, 0x0000000083800000| Untracked 
|  56|0x0000000083800000, 0x0000000083900000, 0x0000000083900000|100%| O|  |TAMS 0x0000000083900000, 0x0000000083900000| Untracked 
|  57|0x0000000083900000, 0x0000000083a00000, 0x0000000083a00000|100%| O|  |TAMS 0x0000000083a00000, 0x0000000083a00000| Untracked 
|  58|0x0000000083a00000, 0x0000000083b00000, 0x0000000083b00000|100%|HS|  |TAMS 0x0000000083a00000, 0x0000000083a00000| Complete 
|  59|0x0000000083b00000, 0x0000000083c00000, 0x0000000083c00000|100%| O|  |TAMS 0x0000000083c00000, 0x0000000083c00000| Untracked 
|  60|0x0000000083c00000, 0x0000000083d00000, 0x0000000083d00000|100%| O|  |TAMS 0x0000000083d00000, 0x0000000083d00000| Untracked 
|  61|0x0000000083d00000, 0x0000000083e00000, 0x0000000083e00000|100%| O|  |TAMS 0x0000000083e00000, 0x0000000083e00000| Untracked 
|  62|0x0000000083e00000, 0x0000000083f00000, 0x0000000083f00000|100%| O|  |TAMS 0x0000000083f00000, 0x0000000083f00000| Untracked 
|  63|0x0000000083f00000, 0x0000000084000000, 0x0000000084000000|100%| O|  |TAMS 0x0000000084000000, 0x0000000084000000| Untracked 
|  64|0x0000000084000000, 0x0000000084100000, 0x0000000084100000|100%| O|  |TAMS 0x0000000084100000, 0x0000000084100000| Untracked 
|  65|0x0000000084100000, 0x0000000084200000, 0x0000000084200000|100%| O|  |TAMS 0x0000000084200000, 0x0000000084200000| Untracked 
|  66|0x0000000084200000, 0x0000000084300000, 0x0000000084300000|100%| O|  |TAMS 0x0000000084300000, 0x0000000084300000| Untracked 
|  67|0x0000000084300000, 0x0000000084400000, 0x0000000084400000|100%| O|  |TAMS 0x0000000084400000, 0x0000000084400000| Untracked 
|  68|0x0000000084400000, 0x0000000084500000, 0x0000000084500000|100%| O|  |TAMS 0x0000000084400000, 0x0000000084500000| Untracked 
|  69|0x0000000084500000, 0x0000000084600000, 0x0000000084600000|100%| O|  |TAMS 0x0000000084600000, 0x0000000084600000| Untracked 
|  70|0x0000000084600000, 0x0000000084700000, 0x0000000084700000|100%| O|  |TAMS 0x0000000084700000, 0x0000000084700000| Untracked 
|  71|0x0000000084700000, 0x0000000084800000, 0x0000000084800000|100%| O|  |TAMS 0x0000000084800000, 0x0000000084800000| Untracked 
|  72|0x0000000084800000, 0x0000000084900000, 0x0000000084900000|100%| O|  |TAMS 0x0000000084900000, 0x0000000084900000| Untracked 
|  73|0x0000000084900000, 0x0000000084a00000, 0x0000000084a00000|100%| O|  |TAMS 0x0000000084a00000, 0x0000000084a00000| Untracked 
|  74|0x0000000084a00000, 0x0000000084b00000, 0x0000000084b00000|100%| O|  |TAMS 0x0000000084b00000, 0x0000000084b00000| Untracked 
|  75|0x0000000084b00000, 0x0000000084c00000, 0x0000000084c00000|100%| O|  |TAMS 0x0000000084c00000, 0x0000000084c00000| Untracked 
|  76|0x0000000084c00000, 0x0000000084d00000, 0x0000000084d00000|100%| O|  |TAMS 0x0000000084d00000, 0x0000000084d00000| Untracked 
|  77|0x0000000084d00000, 0x0000000084e00000, 0x0000000084e00000|100%| O|  |TAMS 0x0000000084e00000, 0x0000000084e00000| Untracked 
|  78|0x0000000084e00000, 0x0000000084f00000, 0x0000000084f00000|100%| O|  |TAMS 0x0000000084f00000, 0x0000000084f00000| Untracked 
|  79|0x0000000084f00000, 0x0000000084f00000, 0x0000000085000000|  0%| F|  |TAMS 0x0000000084f00000, 0x0000000084f00000| Untracked 
|  80|0x0000000085000000, 0x0000000085100000, 0x0000000085100000|100%| O|  |TAMS 0x0000000085100000, 0x0000000085100000| Untracked 
|  81|0x0000000085100000, 0x0000000085200000, 0x0000000085200000|100%| O|  |TAMS 0x0000000085200000, 0x0000000085200000| Untracked 
|  82|0x0000000085200000, 0x0000000085300000, 0x0000000085300000|100%| O|  |TAMS 0x0000000085300000, 0x0000000085300000| Untracked 
|  83|0x0000000085300000, 0x0000000085400000, 0x0000000085400000|100%| O|  |TAMS 0x0000000085400000, 0x0000000085400000| Untracked 
|  84|0x0000000085400000, 0x0000000085500000, 0x0000000085500000|100%| O|  |TAMS 0x0000000085400000, 0x0000000085500000| Untracked 
|  85|0x0000000085500000, 0x0000000085600000, 0x0000000085600000|100%| O|  |TAMS 0x00000000855d3000, 0x0000000085600000| Untracked 
|  86|0x0000000085600000, 0x0000000085700000, 0x0000000085700000|100%| O|  |TAMS 0x0000000085700000, 0x0000000085700000| Untracked 
|  87|0x0000000085700000, 0x0000000085800000, 0x0000000085800000|100%|HS|  |TAMS 0x0000000085800000, 0x0000000085800000| Complete 
|  88|0x0000000085800000, 0x0000000085900000, 0x0000000085900000|100%|HC|  |TAMS 0x0000000085900000, 0x0000000085900000| Complete 
|  89|0x0000000085900000, 0x0000000085a00000, 0x0000000085a00000|100%| O|  |TAMS 0x0000000085a00000, 0x0000000085a00000| Untracked 
|  90|0x0000000085a00000, 0x0000000085b00000, 0x0000000085b00000|100%| O|  |TAMS 0x0000000085b00000, 0x0000000085b00000| Untracked 
|  91|0x0000000085b00000, 0x0000000085c00000, 0x0000000085c00000|100%| O|  |TAMS 0x0000000085c00000, 0x0000000085c00000| Untracked 
|  92|0x0000000085c00000, 0x0000000085d00000, 0x0000000085d00000|100%| O|  |TAMS 0x0000000085d00000, 0x0000000085d00000| Untracked 
|  93|0x0000000085d00000, 0x0000000085e00000, 0x0000000085e00000|100%| O|  |TAMS 0x0000000085e00000, 0x0000000085e00000| Untracked 
|  94|0x0000000085e00000, 0x0000000085f00000, 0x0000000085f00000|100%| O|  |TAMS 0x0000000085f00000, 0x0000000085f00000| Untracked 
|  95|0x0000000085f00000, 0x0000000086000000, 0x0000000086000000|100%| O|  |TAMS 0x0000000086000000, 0x0000000086000000| Untracked 
|  96|0x0000000086000000, 0x0000000086100000, 0x0000000086100000|100%| O|  |TAMS 0x0000000086100000, 0x0000000086100000| Untracked 
|  97|0x0000000086100000, 0x0000000086200000, 0x0000000086200000|100%| O|  |TAMS 0x0000000086200000, 0x0000000086200000| Untracked 
|  98|0x0000000086200000, 0x0000000086300000, 0x0000000086300000|100%| O|  |TAMS 0x0000000086300000, 0x0000000086300000| Untracked 
|  99|0x0000000086300000, 0x0000000086400000, 0x0000000086400000|100%| O|  |TAMS 0x0000000086300000, 0x0000000086400000| Untracked 
| 100|0x0000000086400000, 0x0000000086500000, 0x0000000086500000|100%| O|  |TAMS 0x0000000086500000, 0x0000000086500000| Untracked 
| 101|0x0000000086500000, 0x0000000086600000, 0x0000000086600000|100%| O|  |TAMS 0x0000000086600000, 0x0000000086600000| Untracked 
| 102|0x0000000086600000, 0x0000000086700000, 0x0000000086700000|100%| O|  |TAMS 0x0000000086600000, 0x0000000086700000| Untracked 
| 103|0x0000000086700000, 0x0000000086800000, 0x0000000086800000|100%| O|  |TAMS 0x0000000086700000, 0x0000000086800000| Untracked 
| 104|0x0000000086800000, 0x0000000086900000, 0x0000000086900000|100%| O|  |TAMS 0x0000000086800000, 0x0000000086900000| Untracked 
| 105|0x0000000086900000, 0x000000008692b200, 0x0000000086a00000| 16%| O|  |TAMS 0x0000000086900000, 0x000000008692b200| Untracked 
| 106|0x0000000086a00000, 0x0000000086b00000, 0x0000000086b00000|100%|HS|  |TAMS 0x0000000086a00000, 0x0000000086a00000| Complete 
| 107|0x0000000086b00000, 0x0000000086c00000, 0x0000000086c00000|100%|HC|  |TAMS 0x0000000086b00000, 0x0000000086b00000| Complete 
| 108|0x0000000086c00000, 0x0000000086d00000, 0x0000000086d00000|100%|HS|  |TAMS 0x0000000086c00000, 0x0000000086c00000| Complete 
| 109|0x0000000086d00000, 0x0000000086e00000, 0x0000000086e00000|100%|HC|  |TAMS 0x0000000086d00000, 0x0000000086d00000| Complete 
| 110|0x0000000086e00000, 0x0000000086f00000, 0x0000000086f00000|100%| O|  |TAMS 0x0000000086f00000, 0x0000000086f00000| Untracked 
| 111|0x0000000086f00000, 0x0000000087000000, 0x0000000087000000|100%| O|  |TAMS 0x0000000087000000, 0x0000000087000000| Untracked 
| 112|0x0000000087000000, 0x0000000087100000, 0x0000000087100000|100%| O|  |TAMS 0x0000000087100000, 0x0000000087100000| Untracked 
| 113|0x0000000087100000, 0x0000000087200000, 0x0000000087200000|100%|HS|  |TAMS 0x0000000087100000, 0x0000000087100000| Complete 
| 114|0x0000000087200000, 0x0000000087300000, 0x0000000087300000|100%|HC|  |TAMS 0x0000000087200000, 0x0000000087200000| Complete 
| 115|0x0000000087300000, 0x0000000087400000, 0x0000000087400000|100%|HS|  |TAMS 0x0000000087300000, 0x0000000087300000| Complete 
| 116|0x0000000087400000, 0x0000000087500000, 0x0000000087500000|100%|HC|  |TAMS 0x0000000087400000, 0x0000000087400000| Complete 
| 117|0x0000000087500000, 0x0000000087600000, 0x0000000087600000|100%|HS|  |TAMS 0x0000000087500000, 0x0000000087500000| Complete 
| 118|0x0000000087600000, 0x0000000087700000, 0x0000000087700000|100%|HC|  |TAMS 0x0000000087600000, 0x0000000087600000| Complete 
| 119|0x0000000087700000, 0x0000000087800000, 0x0000000087800000|100%|HS|  |TAMS 0x0000000087700000, 0x0000000087700000| Complete 
| 120|0x0000000087800000, 0x0000000087900000, 0x0000000087900000|100%|HC|  |TAMS 0x0000000087800000, 0x0000000087800000| Complete 
| 121|0x0000000087900000, 0x0000000087a00000, 0x0000000087a00000|100%|HS|  |TAMS 0x0000000087900000, 0x0000000087900000| Complete 
| 122|0x0000000087a00000, 0x0000000087b00000, 0x0000000087b00000|100%|HC|  |TAMS 0x0000000087a00000, 0x0000000087a00000| Complete 
| 123|0x0000000087b00000, 0x0000000087b00000, 0x0000000087c00000|  0%| F|  |TAMS 0x0000000087b00000, 0x0000000087b00000| Untracked 
| 124|0x0000000087c00000, 0x0000000087d00000, 0x0000000087d00000|100%| O|  |TAMS 0x0000000087d00000, 0x0000000087d00000| Untracked 
| 125|0x0000000087d00000, 0x0000000087e00000, 0x0000000087e00000|100%| O|  |TAMS 0x0000000087e00000, 0x0000000087e00000| Untracked 
| 126|0x0000000087e00000, 0x0000000087f00000, 0x0000000087f00000|100%| O|  |TAMS 0x0000000087f00000, 0x0000000087f00000| Untracked 
| 127|0x0000000087f00000, 0x0000000088000000, 0x0000000088000000|100%| O|  |TAMS 0x0000000088000000, 0x0000000088000000| Untracked 
| 128|0x0000000088000000, 0x0000000088100000, 0x0000000088100000|100%| O|  |TAMS 0x0000000088100000, 0x0000000088100000| Untracked 
| 129|0x0000000088100000, 0x0000000088200000, 0x0000000088200000|100%| O|  |TAMS 0x0000000088200000, 0x0000000088200000| Untracked 
| 130|0x0000000088200000, 0x0000000088300000, 0x0000000088300000|100%| O|  |TAMS 0x0000000088300000, 0x0000000088300000| Untracked 
| 131|0x0000000088300000, 0x0000000088400000, 0x0000000088400000|100%| O|  |TAMS 0x0000000088400000, 0x0000000088400000| Untracked 
| 132|0x0000000088400000, 0x0000000088500000, 0x0000000088500000|100%| O|  |TAMS 0x0000000088500000, 0x0000000088500000| Untracked 
| 133|0x0000000088500000, 0x0000000088600000, 0x0000000088600000|100%| O|  |TAMS 0x0000000088600000, 0x0000000088600000| Untracked 
| 134|0x0000000088600000, 0x0000000088700000, 0x0000000088700000|100%|HS|  |TAMS 0x0000000088600000, 0x0000000088600000| Complete 
| 135|0x0000000088700000, 0x0000000088800000, 0x0000000088800000|100%|HC|  |TAMS 0x0000000088700000, 0x0000000088700000| Complete 
| 136|0x0000000088800000, 0x0000000088900000, 0x0000000088900000|100%|HS|  |TAMS 0x0000000088800000, 0x0000000088800000| Complete 
| 137|0x0000000088900000, 0x0000000088a00000, 0x0000000088a00000|100%|HC|  |TAMS 0x0000000088900000, 0x0000000088900000| Complete 
| 138|0x0000000088a00000, 0x0000000088b00000, 0x0000000088b00000|100%|HS|  |TAMS 0x0000000088a00000, 0x0000000088a00000| Complete 
| 139|0x0000000088b00000, 0x0000000088c00000, 0x0000000088c00000|100%|HC|  |TAMS 0x0000000088b00000, 0x0000000088b00000| Complete 
| 140|0x0000000088c00000, 0x0000000088d00000, 0x0000000088d00000|100%|HS|  |TAMS 0x0000000088c00000, 0x0000000088c00000| Complete 
| 141|0x0000000088d00000, 0x0000000088e00000, 0x0000000088e00000|100%|HC|  |TAMS 0x0000000088d00000, 0x0000000088d00000| Complete 
| 142|0x0000000088e00000, 0x0000000088f00000, 0x0000000088f00000|100%|HS|  |TAMS 0x0000000088e00000, 0x0000000088e00000| Complete 
| 143|0x0000000088f00000, 0x0000000089000000, 0x0000000089000000|100%|HC|  |TAMS 0x0000000088f00000, 0x0000000088f00000| Complete 
| 144|0x0000000089000000, 0x0000000089100000, 0x0000000089100000|100%|HS|  |TAMS 0x0000000089000000, 0x0000000089000000| Complete 
| 145|0x0000000089100000, 0x0000000089200000, 0x0000000089200000|100%|HC|  |TAMS 0x0000000089100000, 0x0000000089100000| Complete 
| 146|0x0000000089200000, 0x0000000089300000, 0x0000000089300000|100%|HS|  |TAMS 0x0000000089200000, 0x0000000089200000| Complete 
| 147|0x0000000089300000, 0x0000000089400000, 0x0000000089400000|100%|HC|  |TAMS 0x0000000089300000, 0x0000000089300000| Complete 
| 148|0x0000000089400000, 0x0000000089500000, 0x0000000089500000|100%|HS|  |TAMS 0x0000000089400000, 0x0000000089400000| Complete 
| 149|0x0000000089500000, 0x0000000089600000, 0x0000000089600000|100%|HC|  |TAMS 0x0000000089500000, 0x0000000089500000| Complete 
| 150|0x0000000089600000, 0x0000000089600000, 0x0000000089700000|  0%| F|  |TAMS 0x0000000089600000, 0x0000000089600000| Untracked 
| 151|0x0000000089700000, 0x0000000089700000, 0x0000000089800000|  0%| F|  |TAMS 0x0000000089700000, 0x0000000089700000| Untracked 
| 152|0x0000000089800000, 0x0000000089800000, 0x0000000089900000|  0%| F|  |TAMS 0x0000000089800000, 0x0000000089800000| Untracked 
| 153|0x0000000089900000, 0x0000000089900000, 0x0000000089a00000|  0%| F|  |TAMS 0x0000000089900000, 0x0000000089900000| Untracked 
| 154|0x0000000089a00000, 0x0000000089a00000, 0x0000000089b00000|  0%| F|  |TAMS 0x0000000089a00000, 0x0000000089a00000| Untracked 
| 155|0x0000000089b00000, 0x0000000089b00000, 0x0000000089c00000|  0%| F|  |TAMS 0x0000000089b00000, 0x0000000089b00000| Untracked 
| 156|0x0000000089c00000, 0x0000000089c00000, 0x0000000089d00000|  0%| F|  |TAMS 0x0000000089c00000, 0x0000000089c00000| Untracked 
| 157|0x0000000089d00000, 0x0000000089d00000, 0x0000000089e00000|  0%| F|  |TAMS 0x0000000089d00000, 0x0000000089d00000| Untracked 
| 158|0x0000000089e00000, 0x0000000089e00000, 0x0000000089f00000|  0%| F|  |TAMS 0x0000000089e00000, 0x0000000089e00000| Untracked 
| 159|0x0000000089f00000, 0x0000000089f00000, 0x000000008a000000|  0%| F|  |TAMS 0x0000000089f00000, 0x0000000089f00000| Untracked 
| 160|0x000000008a000000, 0x000000008a000000, 0x000000008a100000|  0%| F|  |TAMS 0x000000008a000000, 0x000000008a000000| Untracked 
| 161|0x000000008a100000, 0x000000008a100000, 0x000000008a200000|  0%| F|  |TAMS 0x000000008a100000, 0x000000008a100000| Untracked 
| 162|0x000000008a200000, 0x000000008a200000, 0x000000008a300000|  0%| F|  |TAMS 0x000000008a200000, 0x000000008a200000| Untracked 
| 163|0x000000008a300000, 0x000000008a300000, 0x000000008a400000|  0%| F|  |TAMS 0x000000008a300000, 0x000000008a300000| Untracked 
| 164|0x000000008a400000, 0x000000008a400000, 0x000000008a500000|  0%| F|  |TAMS 0x000000008a400000, 0x000000008a400000| Untracked 
| 165|0x000000008a500000, 0x000000008a500000, 0x000000008a600000|  0%| F|  |TAMS 0x000000008a500000, 0x000000008a500000| Untracked 
| 166|0x000000008a600000, 0x000000008a600000, 0x000000008a700000|  0%| F|  |TAMS 0x000000008a600000, 0x000000008a600000| Untracked 
| 167|0x000000008a700000, 0x000000008a700000, 0x000000008a800000|  0%| F|  |TAMS 0x000000008a700000, 0x000000008a700000| Untracked 
| 168|0x000000008a800000, 0x000000008a800000, 0x000000008a900000|  0%| F|  |TAMS 0x000000008a800000, 0x000000008a800000| Untracked 
| 169|0x000000008a900000, 0x000000008a900000, 0x000000008aa00000|  0%| F|  |TAMS 0x000000008a900000, 0x000000008a900000| Untracked 
| 170|0x000000008aa00000, 0x000000008aa00000, 0x000000008ab00000|  0%| F|  |TAMS 0x000000008aa00000, 0x000000008aa00000| Untracked 
| 171|0x000000008ab00000, 0x000000008ab00000, 0x000000008ac00000|  0%| F|  |TAMS 0x000000008ab00000, 0x000000008ab00000| Untracked 
| 172|0x000000008ac00000, 0x000000008ac00000, 0x000000008ad00000|  0%| F|  |TAMS 0x000000008ac00000, 0x000000008ac00000| Untracked 
| 173|0x000000008ad00000, 0x000000008ad00000, 0x000000008ae00000|  0%| F|  |TAMS 0x000000008ad00000, 0x000000008ad00000| Untracked 
| 174|0x000000008ae00000, 0x000000008ae00000, 0x000000008af00000|  0%| F|  |TAMS 0x000000008ae00000, 0x000000008ae00000| Untracked 
| 175|0x000000008af00000, 0x000000008af00000, 0x000000008b000000|  0%| F|  |TAMS 0x000000008af00000, 0x000000008af00000| Untracked 
| 176|0x000000008b000000, 0x000000008b000000, 0x000000008b100000|  0%| F|  |TAMS 0x000000008b000000, 0x000000008b000000| Untracked 
| 177|0x000000008b100000, 0x000000008b100000, 0x000000008b200000|  0%| F|  |TAMS 0x000000008b100000, 0x000000008b100000| Untracked 
| 178|0x000000008b200000, 0x000000008b200000, 0x000000008b300000|  0%| F|  |TAMS 0x000000008b200000, 0x000000008b200000| Untracked 
| 179|0x000000008b300000, 0x000000008b300000, 0x000000008b400000|  0%| F|  |TAMS 0x000000008b300000, 0x000000008b300000| Untracked 
| 180|0x000000008b400000, 0x000000008b400000, 0x000000008b500000|  0%| F|  |TAMS 0x000000008b400000, 0x000000008b400000| Untracked 
| 181|0x000000008b500000, 0x000000008b500000, 0x000000008b600000|  0%| F|  |TAMS 0x000000008b500000, 0x000000008b500000| Untracked 
| 182|0x000000008b600000, 0x000000008b600000, 0x000000008b700000|  0%| F|  |TAMS 0x000000008b600000, 0x000000008b600000| Untracked 
| 183|0x000000008b700000, 0x000000008b700000, 0x000000008b800000|  0%| F|  |TAMS 0x000000008b700000, 0x000000008b700000| Untracked 
| 184|0x000000008b800000, 0x000000008b800000, 0x000000008b900000|  0%| F|  |TAMS 0x000000008b800000, 0x000000008b800000| Untracked 
| 185|0x000000008b900000, 0x000000008b900000, 0x000000008ba00000|  0%| F|  |TAMS 0x000000008b900000, 0x000000008b900000| Untracked 
| 186|0x000000008ba00000, 0x000000008ba00000, 0x000000008bb00000|  0%| F|  |TAMS 0x000000008ba00000, 0x000000008ba00000| Untracked 
| 187|0x000000008bb00000, 0x000000008bb00000, 0x000000008bc00000|  0%| F|  |TAMS 0x000000008bb00000, 0x000000008bb00000| Untracked 
| 188|0x000000008bc00000, 0x000000008bc00000, 0x000000008bd00000|  0%| F|  |TAMS 0x000000008bc00000, 0x000000008bc00000| Untracked 
| 189|0x000000008bd00000, 0x000000008bd00000, 0x000000008be00000|  0%| F|  |TAMS 0x000000008bd00000, 0x000000008bd00000| Untracked 
| 190|0x000000008be00000, 0x000000008be00000, 0x000000008bf00000|  0%| F|  |TAMS 0x000000008be00000, 0x000000008be00000| Untracked 
| 191|0x000000008bf00000, 0x000000008bf00000, 0x000000008c000000|  0%| F|  |TAMS 0x000000008bf00000, 0x000000008bf00000| Untracked 
| 192|0x000000008c000000, 0x000000008c000000, 0x000000008c100000|  0%| F|  |TAMS 0x000000008c000000, 0x000000008c000000| Untracked 
| 193|0x000000008c100000, 0x000000008c100000, 0x000000008c200000|  0%| F|  |TAMS 0x000000008c100000, 0x000000008c100000| Untracked 
| 194|0x000000008c200000, 0x000000008c200000, 0x000000008c300000|  0%| F|  |TAMS 0x000000008c200000, 0x000000008c200000| Untracked 
| 195|0x000000008c300000, 0x000000008c300000, 0x000000008c400000|  0%| F|  |TAMS 0x000000008c300000, 0x000000008c300000| Untracked 
| 196|0x000000008c400000, 0x000000008c400000, 0x000000008c500000|  0%| F|  |TAMS 0x000000008c400000, 0x000000008c400000| Untracked 
| 197|0x000000008c500000, 0x000000008c500000, 0x000000008c600000|  0%| F|  |TAMS 0x000000008c500000, 0x000000008c500000| Untracked 
| 198|0x000000008c600000, 0x000000008c600000, 0x000000008c700000|  0%| F|  |TAMS 0x000000008c600000, 0x000000008c600000| Untracked 
| 199|0x000000008c700000, 0x000000008c700000, 0x000000008c800000|  0%| F|  |TAMS 0x000000008c700000, 0x000000008c700000| Untracked 
| 200|0x000000008c800000, 0x000000008c800000, 0x000000008c900000|  0%| F|  |TAMS 0x000000008c800000, 0x000000008c800000| Untracked 
| 201|0x000000008c900000, 0x000000008c900000, 0x000000008ca00000|  0%| F|  |TAMS 0x000000008c900000, 0x000000008c900000| Untracked 
| 202|0x000000008ca00000, 0x000000008ca00000, 0x000000008cb00000|  0%| F|  |TAMS 0x000000008ca00000, 0x000000008ca00000| Untracked 
| 203|0x000000008cb00000, 0x000000008cb6c3b8, 0x000000008cc00000| 42%| S|CS|TAMS 0x000000008cb00000, 0x000000008cb00000| Complete 
| 204|0x000000008cc00000, 0x000000008cc00000, 0x000000008cd00000|  0%| F|  |TAMS 0x000000008cc00000, 0x000000008cc00000| Untracked 
| 205|0x000000008cd00000, 0x000000008cd00000, 0x000000008ce00000|  0%| F|  |TAMS 0x000000008cd00000, 0x000000008cd00000| Untracked 
| 206|0x000000008ce00000, 0x000000008ce00000, 0x000000008cf00000|  0%| F|  |TAMS 0x000000008ce00000, 0x000000008ce00000| Untracked 
| 207|0x000000008cf00000, 0x000000008cf00000, 0x000000008d000000|  0%| F|  |TAMS 0x000000008cf00000, 0x000000008cf00000| Untracked 
| 208|0x000000008d000000, 0x000000008d000000, 0x000000008d100000|  0%| F|  |TAMS 0x000000008d000000, 0x000000008d000000| Untracked 
| 209|0x000000008d100000, 0x000000008d100000, 0x000000008d200000|  0%| F|  |TAMS 0x000000008d100000, 0x000000008d100000| Untracked 
| 210|0x000000008d200000, 0x000000008d200000, 0x000000008d300000|  0%| F|  |TAMS 0x000000008d200000, 0x000000008d200000| Untracked 
| 211|0x000000008d300000, 0x000000008d300000, 0x000000008d400000|  0%| F|  |TAMS 0x000000008d300000, 0x000000008d300000| Untracked 
| 212|0x000000008d400000, 0x000000008d496cf8, 0x000000008d500000| 58%| E|  |TAMS 0x000000008d400000, 0x000000008d400000| Complete 
| 213|0x000000008d500000, 0x000000008d600000, 0x000000008d600000|100%| E|CS|TAMS 0x000000008d500000, 0x000000008d500000| Complete 

Card table byte_map: [0x0000019b46ae0000,0x0000019b46ee0000] _byte_map_base: 0x0000019b466e0000

Marking Bits (Prev, Next): (CMBitMap*) 0x0000019b31e0b998, (CMBitMap*) 0x0000019b31e0b9d0
 Prev Bits: [0x0000019b472e0000, 0x0000019b492e0000)
 Next Bits: [0x0000019b492e0000, 0x0000019b4b2e0000)

Polling page: 0x0000019b31eb0000

Metaspace:

Usage:
  Non-class:    104.12 MB capacity,   102.19 MB ( 98%) used,     1.56 MB (  2%) free+waste,   380.63 KB ( <1%) overhead. 
      Class:     15.82 MB capacity,    14.70 MB ( 93%) used,   982.03 KB (  6%) free+waste,   166.81 KB (  1%) overhead. 
       Both:    119.94 MB capacity,   116.88 MB ( 97%) used,     2.52 MB (  2%) free+waste,   547.44 KB ( <1%) overhead. 

Virtual space:
  Non-class space:      106.00 MB reserved,     104.15 MB ( 98%) committed 
      Class space:        1.00 GB reserved,      15.88 MB (  2%) committed 
             Both:        1.10 GB reserved,     120.03 MB ( 11%) committed 

Chunk freelists:
   Non-Class:  29.00 KB
       Class:  59.00 KB
        Both:  88.00 KB

MaxMetaspaceSize: 17179869184.00 GB
CompressedClassSpaceSize: 1.00 GB

CodeHeap 'non-profiled nmethods': size=120064Kb used=11455Kb max_used=11455Kb free=108608Kb
 bounds [0x0000019b3eb80000, 0x0000019b3f6c0000, 0x0000019b460c0000]
CodeHeap 'profiled nmethods': size=120000Kb used=41943Kb max_used=41943Kb free=78056Kb
 bounds [0x0000019b37650000, 0x0000019b39f60000, 0x0000019b3eb80000]
CodeHeap 'non-nmethods': size=5696Kb used=2357Kb max_used=2412Kb free=3338Kb
 bounds [0x0000019b370c0000, 0x0000019b37330000, 0x0000019b37650000]
 total_blobs=19940 nmethods=18962 adapters=887
 compilation: enabled
              stopped_count=0, restarted_count=0
 full_count=0

Compilation events (20 events):
Event: 640.327 Thread 0x0000019b4d949800 nmethod 20429 0x0000019b3eda8410 code [0x0000019b3eda85e0, 0x0000019b3eda95d8]
Event: 640.327 Thread 0x0000019b4d949800 20427       4       java.math.BigInteger::implSquareToLen (154 bytes)
Event: 640.367 Thread 0x0000019b4d949800 nmethod 20427 0x0000019b3edd8210 code [0x0000019b3edd83c0, 0x0000019b3edd8fd8]
Event: 640.367 Thread 0x0000019b4d949800 20428       4       java.math.BigInteger::primitiveLeftShift (79 bytes)
Event: 640.377 Thread 0x0000019b4d949800 nmethod 20428 0x0000019b3edab190 code [0x0000019b3edab320, 0x0000019b3edab5d8]
Event: 640.377 Thread 0x0000019b4d949800 20426       4       java.math.MutableBigInteger::mulsub (110 bytes)
Event: 640.388 Thread 0x0000019b4d949800 nmethod 20426 0x0000019b3edb1690 code [0x0000019b3edb1820, 0x0000019b3edb1c58]
Event: 640.389 Thread 0x0000019b4d949800 20430       4       java.math.BigInteger::mulAdd (19 bytes)
Event: 640.391 Thread 0x0000019b4d949800 nmethod 20430 0x0000019b3ed91310 code [0x0000019b3ed914a0, 0x0000019b3ed915f8]
Event: 640.404 Thread 0x0000019b4d949800 20434       4       com.google.common.io.ByteStreams$1::write (6 bytes)
Event: 640.404 Thread 0x0000019b4d949800 nmethod 20434 0x0000019b3eda6610 code [0x0000019b3eda67a0, 0x0000019b3eda6818]
Event: 640.491 Thread 0x0000019b4d94f000 20435       3       org.gradle.internal.snapshot.impl.SnapshotSerializer::write (886 bytes)
Event: 640.500 Thread 0x0000019b4d949800 20437   !   4       java.io.ObjectOutputStream::writeSerialData (221 bytes)
Event: 640.501 Thread 0x0000019b4d94f000 nmethod 20435 0x0000019b39f49010 code [0x0000019b39f49b00, 0x0000019b39f51e38]
Event: 640.501 Thread 0x0000019b4d94f000 20436       3       org.gradle.internal.execution.history.impl.FingerprintMapSerializer::write (76 bytes)
Event: 640.502 Thread 0x0000019b4d94f000 nmethod 20436 0x0000019b39f53990 code [0x0000019b39f53c00, 0x0000019b39f545e8]
Event: 640.608 Thread 0x0000019b4d94f000 20439       1       java.util.concurrent.SynchronousQueue::isEmpty (2 bytes)
Event: 640.608 Thread 0x0000019b4d94f000 nmethod 20439 0x0000019b3eda8090 code [0x0000019b3eda8240, 0x0000019b3eda82f8]
Event: 640.622 Thread 0x0000019b4d94f000 20440       3       java.util.IdentityHashMap::clear (39 bytes)
Event: 640.623 Thread 0x0000019b4d94f000 nmethod 20440 0x0000019b39f54890 code [0x0000019b39f54a60, 0x0000019b39f54d98]

GC Heap History (20 events):
Event: 387.976 GC heap before
{Heap before GC invocations=87 (full 0):
 garbage-first heap   total 219136K, used 126418K [0x0000000080000000, 0x0000000100000000)
  region size 1024K, 10 young (10240K), 4 survivors (4096K)
 Metaspace       used 118622K, capacity 121783K, committed 122140K, reserved 1155072K
  class space    used 15028K, capacity 16160K, committed 16256K, reserved 1048576K
}
Event: 388.287 GC heap after
{Heap after GC invocations=88 (full 0):
 garbage-first heap   total 219136K, used 119551K [0x0000000080000000, 0x0000000100000000)
  region size 1024K, 1 young (1024K), 1 survivors (1024K)
 Metaspace       used 118622K, capacity 121783K, committed 122140K, reserved 1155072K
  class space    used 15028K, capacity 16160K, committed 16256K, reserved 1048576K
}
Event: 627.891 GC heap before
{Heap before GC invocations=88 (full 0):
 garbage-first heap   total 219136K, used 179967K [0x0000000080000000, 0x0000000100000000)
  region size 1024K, 60 young (61440K), 1 survivors (1024K)
 Metaspace       used 118969K, capacity 122109K, committed 122396K, reserved 1155072K
  class space    used 15034K, capacity 16171K, committed 16256K, reserved 1048576K
}
Event: 628.024 GC heap after
{Heap after GC invocations=89 (full 0):
 garbage-first heap   total 219136K, used 123970K [0x0000000080000000, 0x0000000100000000)
  region size 1024K, 5 young (5120K), 5 survivors (5120K)
 Metaspace       used 118969K, capacity 122109K, committed 122396K, reserved 1155072K
  class space    used 15034K, capacity 16171K, committed 16256K, reserved 1048576K
}
Event: 632.973 GC heap before
{Heap before GC invocations=90 (full 0):
 garbage-first heap   total 219136K, used 179266K [0x0000000080000000, 0x0000000100000000)
  region size 1024K, 61 young (62464K), 5 survivors (5120K)
 Metaspace       used 119080K, capacity 122128K, committed 122396K, reserved 1155072K
  class space    used 15035K, capacity 16174K, committed 16256K, reserved 1048576K
}
Event: 633.193 GC heap after
{Heap after GC invocations=91 (full 0):
 garbage-first heap   total 219136K, used 136062K [0x0000000080000000, 0x0000000100000000)
  region size 1024K, 8 young (8192K), 8 survivors (8192K)
 Metaspace       used 119080K, capacity 122128K, committed 122396K, reserved 1155072K
  class space    used 15035K, capacity 16174K, committed 16256K, reserved 1048576K
}
Event: 633.349 GC heap before
{Heap before GC invocations=91 (full 0):
 garbage-first heap   total 219136K, used 138110K [0x0000000080000000, 0x0000000100000000)
  region size 1024K, 10 young (10240K), 8 survivors (8192K)
 Metaspace       used 119083K, capacity 122128K, committed 122396K, reserved 1155072K
  class space    used 15035K, capacity 16174K, committed 16256K, reserved 1048576K
}
Event: 633.414 GC heap after
{Heap after GC invocations=92 (full 0):
 garbage-first heap   total 219136K, used 128703K [0x0000000080000000, 0x0000000100000000)
  region size 1024K, 2 young (2048K), 2 survivors (2048K)
 Metaspace       used 119083K, capacity 122128K, committed 122396K, reserved 1155072K
  class space    used 15035K, capacity 16174K, committed 16256K, reserved 1048576K
}
Event: 633.573 GC heap before
{Heap before GC invocations=92 (full 0):
 garbage-first heap   total 219136K, used 136895K [0x0000000080000000, 0x0000000100000000)
  region size 1024K, 10 young (10240K), 2 survivors (2048K)
 Metaspace       used 119098K, capacity 122192K, committed 122396K, reserved 1155072K
  class space    used 15035K, capacity 16174K, committed 16256K, reserved 1048576K
}
Event: 633.600 GC heap after
{Heap after GC invocations=93 (full 0):
 garbage-first heap   total 219136K, used 121915K [0x0000000080000000, 0x0000000100000000)
  region size 1024K, 2 young (2048K), 2 survivors (2048K)
 Metaspace       used 119098K, capacity 122192K, committed 122396K, reserved 1155072K
  class space    used 15035K, capacity 16174K, committed 16256K, reserved 1048576K
}
Event: 633.895 GC heap before
{Heap before GC invocations=93 (full 0):
 garbage-first heap   total 219136K, used 130107K [0x0000000080000000, 0x0000000100000000)
  region size 1024K, 10 young (10240K), 2 survivors (2048K)
 Metaspace       used 119135K, capacity 122194K, committed 122396K, reserved 1155072K
  class space    used 15035K, capacity 16174K, committed 16256K, reserved 1048576K
}
Event: 633.938 GC heap after
{Heap after GC invocations=94 (full 0):
 garbage-first heap   total 219136K, used 116426K [0x0000000080000000, 0x0000000100000000)
  region size 1024K, 1 young (1024K), 1 survivors (1024K)
 Metaspace       used 119135K, capacity 122194K, committed 122396K, reserved 1155072K
  class space    used 15035K, capacity 16174K, committed 16256K, reserved 1048576K
}
Event: 635.577 GC heap before
{Heap before GC invocations=94 (full 0):
 garbage-first heap   total 219136K, used 173770K [0x0000000080000000, 0x0000000100000000)
  region size 1024K, 57 young (58368K), 1 survivors (1024K)
 Metaspace       used 119275K, capacity 122327K, committed 122652K, reserved 1155072K
  class space    used 15035K, capacity 16174K, committed 16256K, reserved 1048576K
}
Event: 635.609 GC heap after
{Heap after GC invocations=95 (full 0):
 garbage-first heap   total 219136K, used 118881K [0x0000000080000000, 0x0000000100000000)
  region size 1024K, 4 young (4096K), 4 survivors (4096K)
 Metaspace       used 119275K, capacity 122327K, committed 122652K, reserved 1155072K
  class space    used 15035K, capacity 16174K, committed 16256K, reserved 1048576K
}
Event: 639.404 GC heap before
{Heap before GC invocations=96 (full 0):
 garbage-first heap   total 219136K, used 175201K [0x0000000080000000, 0x0000000100000000)
  region size 1024K, 60 young (61440K), 4 survivors (4096K)
 Metaspace       used 119674K, capacity 122820K, committed 122908K, reserved 1157120K
  class space    used 15048K, capacity 16197K, committed 16256K, reserved 1048576K
}
Event: 639.508 GC heap after
{Heap after GC invocations=97 (full 0):
 garbage-first heap   total 219136K, used 120425K [0x0000000080000000, 0x0000000100000000)
  region size 1024K, 5 young (5120K), 5 survivors (5120K)
 Metaspace       used 119674K, capacity 122820K, committed 122908K, reserved 1157120K
  class space    used 15048K, capacity 16197K, committed 16256K, reserved 1048576K
}
Event: 639.676 GC heap before
{Heap before GC invocations=97 (full 0):
 garbage-first heap   total 219136K, used 125545K [0x0000000080000000, 0x0000000100000000)
  region size 1024K, 10 young (10240K), 5 survivors (5120K)
 Metaspace       used 119674K, capacity 122820K, committed 122908K, reserved 1157120K
  class space    used 15048K, capacity 16197K, committed 16256K, reserved 1048576K
}
Event: 639.796 GC heap after
{Heap after GC invocations=98 (full 0):
 garbage-first heap   total 219136K, used 119797K [0x0000000080000000, 0x0000000100000000)
  region size 1024K, 1 young (1024K), 1 survivors (1024K)
 Metaspace       used 119674K, capacity 122820K, committed 122908K, reserved 1157120K
  class space    used 15048K, capacity 16197K, committed 16256K, reserved 1048576K
}
Event: 640.020 GC heap before
{Heap before GC invocations=98 (full 0):
 garbage-first heap   total 219136K, used 127989K [0x0000000080000000, 0x0000000100000000)
  region size 1024K, 10 young (10240K), 1 survivors (1024K)
 Metaspace       used 119675K, capacity 122820K, committed 122908K, reserved 1157120K
  class space    used 15048K, capacity 16197K, committed 16256K, reserved 1048576K
}
Event: 640.059 GC heap after
{Heap after GC invocations=99 (full 0):
 garbage-first heap   total 219136K, used 119389K [0x0000000080000000, 0x0000000100000000)
  region size 1024K, 1 young (1024K), 1 survivors (1024K)
 Metaspace       used 119675K, capacity 122820K, committed 122908K, reserved 1157120K
  class space    used 15048K, capacity 16197K, committed 16256K, reserved 1048576K
}

Deoptimization events (20 events):
Event: 640.277 Thread 0x0000019b4eff8800 DEOPT PACKING pc=0x0000019b39d9107c sp=0x00000060aacfcf80
Event: 640.277 Thread 0x0000019b4eff8800 DEOPT UNPACKING pc=0x0000019b370e76ce sp=0x00000060aacfc448 mode 0
Event: 640.277 Thread 0x0000019b4eff8800 DEOPT PACKING pc=0x0000019b38251822 sp=0x00000060aacfced0
Event: 640.277 Thread 0x0000019b4eff8800 DEOPT UNPACKING pc=0x0000019b370e76ce sp=0x00000060aacfc348 mode 0
Event: 640.277 Thread 0x0000019b4eff8800 DEOPT PACKING pc=0x0000019b38250f34 sp=0x00000060aacfcf20
Event: 640.278 Thread 0x0000019b4eff8800 DEOPT UNPACKING pc=0x0000019b370e76ce sp=0x00000060aacfc3e0 mode 0
Event: 640.278 Thread 0x0000019b4eff8800 DEOPT PACKING pc=0x0000019b38251822 sp=0x00000060aacfced0
Event: 640.278 Thread 0x0000019b4eff8800 DEOPT UNPACKING pc=0x0000019b370e76ce sp=0x00000060aacfc348 mode 0
Event: 640.279 Thread 0x0000019b4eff8800 DEOPT PACKING pc=0x0000019b38250f34 sp=0x00000060aacfcf20
Event: 640.279 Thread 0x0000019b4eff8800 DEOPT UNPACKING pc=0x0000019b370e76ce sp=0x00000060aacfc3e0 mode 0
Event: 640.280 Thread 0x0000019b4eff8800 DEOPT PACKING pc=0x0000019b38251822 sp=0x00000060aacfced0
Event: 640.280 Thread 0x0000019b4eff8800 DEOPT UNPACKING pc=0x0000019b370e76ce sp=0x00000060aacfc348 mode 0
Event: 640.281 Thread 0x0000019b4eff8800 DEOPT PACKING pc=0x0000019b38251822 sp=0x00000060aacfced0
Event: 640.281 Thread 0x0000019b4eff8800 DEOPT UNPACKING pc=0x0000019b370e76ce sp=0x00000060aacfc348 mode 0
Event: 640.281 Thread 0x0000019b4eff8800 DEOPT PACKING pc=0x0000019b39d9107c sp=0x00000060aacfcf80
Event: 640.281 Thread 0x0000019b4eff8800 DEOPT UNPACKING pc=0x0000019b370e76ce sp=0x00000060aacfc448 mode 0
Event: 640.282 Thread 0x0000019b4eff8800 DEOPT PACKING pc=0x0000019b38251822 sp=0x00000060aacfced0
Event: 640.282 Thread 0x0000019b4eff8800 DEOPT UNPACKING pc=0x0000019b370e76ce sp=0x00000060aacfc348 mode 0
Event: 640.283 Thread 0x0000019b4eff8800 DEOPT PACKING pc=0x0000019b38250f34 sp=0x00000060aacfcf20
Event: 640.283 Thread 0x0000019b4eff8800 DEOPT UNPACKING pc=0x0000019b370e76ce sp=0x00000060aacfc3e0 mode 0

Classes redefined (0 events):
No events

Internal exceptions (20 events):
Event: 636.268 Thread 0x0000019b4effc000 Exception <a 'sun/nio/fs/WindowsException'{0x000000008c42dfa8}> (0x000000008c42dfa8) thrown at [./src/hotspot/share/prims/jni.cpp, line 615]
Event: 636.285 Thread 0x0000019b4effc000 Exception <a 'sun/nio/fs/WindowsException'{0x000000008c4748d0}> (0x000000008c4748d0) thrown at [./src/hotspot/share/prims/jni.cpp, line 615]
Event: 636.331 Thread 0x0000019b4effc000 Exception <a 'sun/nio/fs/WindowsException'{0x000000008c4cf478}> (0x000000008c4cf478) thrown at [./src/hotspot/share/prims/jni.cpp, line 615]
Event: 636.479 Thread 0x0000019b4effc000 Exception <a 'sun/nio/fs/WindowsException'{0x000000008c4fada8}> (0x000000008c4fada8) thrown at [./src/hotspot/share/prims/jni.cpp, line 615]
Event: 636.626 Thread 0x0000019b4effc000 Exception <a 'sun/nio/fs/WindowsException'{0x000000008c361fe0}> (0x000000008c361fe0) thrown at [./src/hotspot/share/prims/jni.cpp, line 615]
Event: 637.018 Thread 0x0000019b4effc000 Exception <a 'sun/nio/fs/WindowsException'{0x000000008c3a9cc8}> (0x000000008c3a9cc8) thrown at [./src/hotspot/share/prims/jni.cpp, line 615]
Event: 637.039 Thread 0x0000019b4effc000 Exception <a 'sun/nio/fs/WindowsException'{0x000000008c3ef9d8}> (0x000000008c3ef9d8) thrown at [./src/hotspot/share/prims/jni.cpp, line 615]
Event: 637.049 Thread 0x0000019b4effc000 Exception <a 'sun/nio/fs/WindowsException'{0x000000008c25c568}> (0x000000008c25c568) thrown at [./src/hotspot/share/prims/jni.cpp, line 615]
Event: 637.058 Thread 0x0000019b4effc000 Exception <a 'sun/nio/fs/WindowsException'{0x000000008c29c968}> (0x000000008c29c968) thrown at [./src/hotspot/share/prims/jni.cpp, line 615]
Event: 637.067 Thread 0x0000019b4effc000 Exception <a 'sun/nio/fs/WindowsException'{0x000000008c2c7360}> (0x000000008c2c7360) thrown at [./src/hotspot/share/prims/jni.cpp, line 615]
Event: 637.082 Thread 0x0000019b4effc000 Exception <a 'sun/nio/fs/WindowsException'{0x000000008c2f10d0}> (0x000000008c2f10d0) thrown at [./src/hotspot/share/prims/jni.cpp, line 615]
Event: 637.102 Thread 0x0000019b4effc000 Exception <a 'sun/nio/fs/WindowsException'{0x000000008c11d500}> (0x000000008c11d500) thrown at [./src/hotspot/share/prims/jni.cpp, line 615]
Event: 637.141 Thread 0x0000019b4effc000 Exception <a 'sun/nio/fs/WindowsException'{0x000000008c147248}> (0x000000008c147248) thrown at [./src/hotspot/share/prims/jni.cpp, line 615]
Event: 638.301 Thread 0x0000019b4eff8800 Exception <a 'sun/nio/fs/WindowsException'{0x000000008ae26e00}> (0x000000008ae26e00) thrown at [./src/hotspot/share/prims/jni.cpp, line 615]
Event: 638.306 Thread 0x0000019b4effe000 Exception <a 'sun/nio/fs/WindowsException'{0x000000008ae70738}> (0x000000008ae70738) thrown at [./src/hotspot/share/prims/jni.cpp, line 615]
Event: 638.711 Thread 0x0000019b4eff8800 Exception <a 'sun/nio/fs/WindowsException'{0x000000008acf93a8}> (0x000000008acf93a8) thrown at [./src/hotspot/share/prims/jni.cpp, line 615]
Event: 638.751 Thread 0x0000019b4effe000 Exception <a 'sun/nio/fs/WindowsException'{0x000000008abb1ec0}> (0x000000008abb1ec0) thrown at [./src/hotspot/share/prims/jni.cpp, line 615]
Event: 638.758 Thread 0x0000019b4effe000 Exception <a 'sun/nio/fs/WindowsException'{0x000000008abff5d0}> (0x000000008abff5d0) thrown at [./src/hotspot/share/prims/jni.cpp, line 615]
Event: 639.030 Thread 0x0000019b4f001800 Exception <a 'sun/nio/fs/WindowsException'{0x000000008a695fd0}> (0x000000008a695fd0) thrown at [./src/hotspot/share/prims/jni.cpp, line 615]
Event: 639.191 Thread 0x0000019b4f001800 Exception <a 'sun/nio/fs/WindowsException'{0x000000008a0477d0}> (0x000000008a0477d0) thrown at [./src/hotspot/share/prims/jni.cpp, line 615]

Events (20 events):
Event: 640.004 Executing VM operation: RevokeBias done
Event: 640.007 Thread 0x0000019b4f004000 Thread added: 0x0000019b4f004000
Event: 640.007 Thread 0x0000019b4f000000 Thread added: 0x0000019b4f000000
Event: 640.008 Executing VM operation: G1CollectForAllocation
Event: 640.060 Executing VM operation: G1CollectForAllocation done
Event: 640.060 Executing VM operation: RevokeBias
Event: 640.066 Executing VM operation: RevokeBias done
Event: 640.066 Executing VM operation: RevokeBias
Event: 640.084 Executing VM operation: RevokeBias done
Event: 640.085 Executing VM operation: RevokeBias
Event: 640.093 Executing VM operation: RevokeBias done
Event: 640.246 Executing VM operation: RevokeBias
Event: 640.246 Executing VM operation: RevokeBias done
Event: 640.621 Executing VM operation: RevokeBias
Event: 640.632 Executing VM operation: RevokeBias done
Event: 640.633 Executing VM operation: RevokeBias
Event: 640.638 Executing VM operation: RevokeBias done
Event: 640.640 Thread 0x0000019b4effc000 Thread exited: 0x0000019b4effc000
Event: 640.643 Executing VM operation: RevokeBias
Event: 640.643 Thread 0x0000019b4effc800 Thread exited: 0x0000019b4effc800


Dynamic libraries:
0x00007ff64cd90000 - 0x00007ff64cd9a000 	C:\Program Files\Android\Android Studio\jre\bin\java.exe
0x00007ffc393d0000 - 0x00007ffc395c5000 	C:\WINDOWS\SYSTEM32\ntdll.dll
0x00007ffc38670000 - 0x00007ffc3872e000 	C:\WINDOWS\System32\KERNEL32.DLL
0x00007ffc37010000 - 0x00007ffc372d8000 	C:\WINDOWS\System32\KERNELBASE.dll
0x00007ffc36e60000 - 0x00007ffc36f60000 	C:\WINDOWS\System32\ucrtbase.dll
0x00007ffc23ce0000 - 0x00007ffc23cf7000 	C:\Program Files\Android\Android Studio\jre\bin\VCRUNTIME140.dll
0x00007ffc0fa80000 - 0x00007ffc0fa99000 	C:\Program Files\Android\Android Studio\jre\bin\jli.dll
0x00007ffc37550000 - 0x00007ffc376f1000 	C:\WINDOWS\System32\USER32.dll
0x00007ffc266e0000 - 0x00007ffc2697a000 	C:\WINDOWS\WinSxS\amd64_microsoft.windows.common-controls_6595b64144ccf1df_6.0.19041.1110_none_60b5254171f9507e\COMCTL32.dll
0x00007ffc37750000 - 0x00007ffc377ee000 	C:\WINDOWS\System32\msvcrt.dll
0x00007ffc38280000 - 0x00007ffc382ab000 	C:\WINDOWS\System32\GDI32.dll
0x00007ffc36d50000 - 0x00007ffc36e5b000 	C:\WINDOWS\System32\gdi32full.dll
0x00007ffc36f90000 - 0x00007ffc36fb2000 	C:\WINDOWS\System32\win32u.dll
0x00007ffc36af0000 - 0x00007ffc36b8d000 	C:\WINDOWS\System32\msvcp_win.dll
0x00007ffc37710000 - 0x00007ffc37740000 	C:\WINDOWS\System32\IMM32.DLL
0x00007ffc31090000 - 0x00007ffc3112d000 	C:\Program Files\Android\Android Studio\jre\bin\msvcp140.dll
0x00007ffbf27d0000 - 0x00007ffbf329f000 	C:\Program Files\Android\Android Studio\jre\bin\server\jvm.dll
0x00007ffc37f60000 - 0x00007ffc3800c000 	C:\WINDOWS\System32\ADVAPI32.dll
0x00007ffc38730000 - 0x00007ffc387cb000 	C:\WINDOWS\System32\sechost.dll
0x00007ffc37420000 - 0x00007ffc3754a000 	C:\WINDOWS\System32\RPCRT4.dll
0x00007ffc37740000 - 0x00007ffc37748000 	C:\WINDOWS\System32\PSAPI.DLL
0x00007ffc242b0000 - 0x00007ffc242b9000 	C:\WINDOWS\SYSTEM32\WSOCK32.dll
0x00007ffc38880000 - 0x00007ffc388eb000 	C:\WINDOWS\System32\WS2_32.dll
0x00007ffc2b010000 - 0x00007ffc2b01a000 	C:\WINDOWS\SYSTEM32\VERSION.dll
0x00007ffc2ae30000 - 0x00007ffc2ae57000 	C:\WINDOWS\SYSTEM32\WINMM.dll
0x00007ffc349f0000 - 0x00007ffc34a02000 	C:\WINDOWS\SYSTEM32\kernel.appcore.dll
0x00007ffc0f890000 - 0x00007ffc0f8a1000 	C:\Program Files\Android\Android Studio\jre\bin\verify.dll
0x00007ffc23320000 - 0x00007ffc23504000 	C:\WINDOWS\SYSTEM32\DBGHELP.DLL
0x00007ffc232f0000 - 0x00007ffc2331c000 	C:\WINDOWS\SYSTEM32\dbgcore.DLL
0x00007ffc37390000 - 0x00007ffc37413000 	C:\WINDOWS\System32\bcryptPrimitives.dll
0x00007ffc0c9d0000 - 0x00007ffc0c9f9000 	C:\Program Files\Android\Android Studio\jre\bin\java.dll
0x00007ffc242a0000 - 0x00007ffc242ab000 	C:\Program Files\Android\Android Studio\jre\bin\jimage.dll
0x00007ffc0f870000 - 0x00007ffc0f888000 	C:\Program Files\Android\Android Studio\jre\bin\zip.dll
0x00007ffc38b20000 - 0x00007ffc3925f000 	C:\WINDOWS\System32\SHELL32.dll
0x00007ffc34bf0000 - 0x00007ffc35380000 	C:\WINDOWS\SYSTEM32\windows.storage.dll
0x00007ffc382b0000 - 0x00007ffc38605000 	C:\WINDOWS\System32\combase.dll
0x00007ffc36540000 - 0x00007ffc3656e000 	C:\WINDOWS\SYSTEM32\Wldp.dll
0x00007ffc38010000 - 0x00007ffc380bd000 	C:\WINDOWS\System32\SHCORE.dll
0x00007ffc377f0000 - 0x00007ffc37845000 	C:\WINDOWS\System32\shlwapi.dll
0x00007ffc36a30000 - 0x00007ffc36a4f000 	C:\WINDOWS\SYSTEM32\profapi.dll
0x00007ffbf5650000 - 0x00007ffbf566a000 	C:\Program Files\Android\Android Studio\jre\bin\net.dll
0x00007ffc28470000 - 0x00007ffc2857c000 	C:\WINDOWS\SYSTEM32\WINHTTP.dll
0x00007ffc362a0000 - 0x00007ffc3630a000 	C:\WINDOWS\system32\mswsock.dll
0x00007ffbf5630000 - 0x00007ffbf5644000 	C:\Program Files\Android\Android Studio\jre\bin\nio.dll
0x00007ffc0b8c0000 - 0x00007ffc0b8e7000 	C:\Program Files\Java\jdk-17.0.1\native\8bec1ad78214c89d9ad589b4d07fe93259594b29d510b10fafb7a158f7737e5d\windows-amd64\native-platform.dll
0x00007ffc0b600000 - 0x00007ffc0b73d000 	C:\Program Files\Java\jdk-17.0.1\native\53dbd7edfb1c66fb8903c78663c9afc45aea4f116125fa6feffd364cf09443e8\windows-amd64\native-platform-file-events.dll
0x00007ffc1b440000 - 0x00007ffc1b44a000 	C:\Program Files\Android\Android Studio\jre\bin\management.dll
0x00007ffc17080000 - 0x00007ffc1708c000 	C:\Program Files\Android\Android Studio\jre\bin\management_ext.dll
0x00007ffc36490000 - 0x00007ffc364a8000 	C:\WINDOWS\SYSTEM32\CRYPTSP.dll
0x00007ffc35bb0000 - 0x00007ffc35be4000 	C:\WINDOWS\system32\rsaenh.dll
0x00007ffc36f60000 - 0x00007ffc36f87000 	C:\WINDOWS\System32\bcrypt.dll
0x00007ffc369f0000 - 0x00007ffc36a1e000 	C:\WINDOWS\SYSTEM32\USERENV.dll
0x00007ffc364b0000 - 0x00007ffc364bc000 	C:\WINDOWS\SYSTEM32\CRYPTBASE.dll
0x00007ffc35f40000 - 0x00007ffc35f7b000 	C:\WINDOWS\SYSTEM32\IPHLPAPI.DLL
0x00007ffc380c0000 - 0x00007ffc380c8000 	C:\WINDOWS\System32\NSI.dll
0x00007ffc2b2a0000 - 0x00007ffc2b2b7000 	C:\WINDOWS\SYSTEM32\dhcpcsvc6.DLL
0x00007ffc2f3c0000 - 0x00007ffc2f3dd000 	C:\WINDOWS\SYSTEM32\dhcpcsvc.DLL
0x00007ffc35f80000 - 0x00007ffc3604b000 	C:\WINDOWS\SYSTEM32\DNSAPI.dll
0x00007ffc306d0000 - 0x00007ffc306f7000 	C:\Program Files\Android\Android Studio\jre\bin\sunec.dll

dbghelp: loaded successfully - version: 4.0.5 - missing functions: none
symbol engine: initialized successfully - sym options: 0x614 - pdb path: .;C:\Program Files\Android\Android Studio\jre\bin;C:\WINDOWS\SYSTEM32;C:\WINDOWS\WinSxS\amd64_microsoft.windows.common-controls_6595b64144ccf1df_6.0.19041.1110_none_60b5254171f9507e;C:\Program Files\Android\Android Studio\jre\bin\server;C:\Program Files\Java\jdk-17.0.1\native\8bec1ad78214c89d9ad589b4d07fe93259594b29d510b10fafb7a158f7737e5d\windows-amd64;C:\Program Files\Java\jdk-17.0.1\native\53dbd7edfb1c66fb8903c78663c9afc45aea4f116125fa6feffd364cf09443e8\windows-amd64

VM Arguments:
jvm_args: --add-opens=java.base/java.util=ALL-UNNAMED --add-opens=java.base/java.lang=ALL-UNNAMED --add-opens=java.base/java.lang.invoke=ALL-UNNAMED --add-opens=java.base/java.util=ALL-UNNAMED --add-opens=java.prefs/java.util.prefs=ALL-UNNAMED --add-opens=java.prefs/java.util.prefs=ALL-UNNAMED --add-opens=java.base/java.nio.charset=ALL-UNNAMED --add-opens=java.base/java.net=ALL-UNNAMED --add-opens=java.base/java.util.concurrent.atomic=ALL-UNNAMED -Xmx2048m -Dfile.encoding=UTF-8 -Duser.country=US -Duser.language=en -Duser.variant 
java_command: org.gradle.launcher.daemon.bootstrap.GradleDaemon 7.0.2
java_class_path (initial): C:\Program Files\Java\jdk-17.0.1\wrapper\dists\gradle-7.0.2-bin\857tjihv64xamwrf0h14cai3r\gradle-7.0.2\lib\gradle-launcher-7.0.2.jar
Launcher Type: SUN_STANDARD

[Global flags]
     intx CICompilerCount                          = 3                                         {product} {ergonomic}
     uint ConcGCThreads                            = 1                                         {product} {ergonomic}
     uint G1ConcRefinementThreads                  = 4                                         {product} {ergonomic}
   size_t G1HeapRegionSize                         = 1048576                                   {product} {ergonomic}
    uintx GCDrainStackTargetSize                   = 64                                        {product} {ergonomic}
   size_t InitialHeapSize                          = 67108864                                  {product} {ergonomic}
   size_t MarkStackSize                            = 4194304                                   {product} {ergonomic}
   size_t MaxHeapSize                              = 2147483648                                {product} {command line}
   size_t MaxNewSize                               = 1287651328                                {product} {ergonomic}
   size_t MinHeapDeltaBytes                        = 1048576                                   {product} {ergonomic}
    uintx NonNMethodCodeHeapSize                   = 5830732                                {pd product} {ergonomic}
    uintx NonProfiledCodeHeapSize                  = 122913754                              {pd product} {ergonomic}
    uintx ProfiledCodeHeapSize                     = 122913754                              {pd product} {ergonomic}
    uintx ReservedCodeCacheSize                    = 251658240                              {pd product} {ergonomic}
     bool SegmentedCodeCache                       = true                                      {product} {ergonomic}
     bool UseCompressedClassPointers               = true                                 {lp64_product} {ergonomic}
     bool UseCompressedOops                        = true                                 {lp64_product} {ergonomic}
     bool UseG1GC                                  = true                                      {product} {ergonomic}
     bool UseLargePagesIndividualAllocation        = false                                  {pd product} {ergonomic}

Logging:
Log output configuration:
 #0: stdout all=warning uptime,level,tags
 #1: stderr all=off uptime,level,tags

Environment Variables:
PATH=C:\Program Files\Common Files\Oracle\Java\javapath;C:\WINDOWS\system32;C:\WINDOWS;C:\WINDOWS\System32\Wbem;C:\WINDOWS\System32\WindowsPowerShell\v1.0\;C:\WINDOWS\System32\OpenSSH\;C:\Program Files\dotnet\;C:\Program Files\Microsoft SQL Server\Client SDK\ODBC\170\Tools\Binn\;C:\Program Files (x86)\dotnet\;C:\Program Files\Git\cmd;C:\Users\MinhNgan\AppData\Local\Microsoft\WindowsApps
USERNAME=MinhNgan
OS=Windows_NT
PROCESSOR_IDENTIFIER=Intel64 Family 6 Model 69 Stepping 1, GenuineIntel



---------------  S Y S T E M  ---------------

OS: Windows 10 , 64 bit Build 19041 (10.0.19041.1348)
OS uptime: 0 days 0:13 hours

CPU:total 4 (initial active 4) (2 cores per cpu, 2 threads per core) family 6 model 69 stepping 1 microcode 0x25, cmov, cx8, fxsr, mmx, sse, sse2, sse3, ssse3, sse4.1, sse4.2, popcnt, avx, avx2, aes, clmul, erms, lzcnt, ht, tsc, tscinvbit, bmi1, bmi2, fma

Memory: 4k page, system-wide physical 3979M (181M free)
TotalPageFile size 6979M (AvailPageFile size 6M)
current process WorkingSet (physical memory assigned to process): 254M, peak: 403M
current process commit charge ("private bytes"): 555M, peak: 558M

vm_info: OpenJDK 64-Bit Server VM (11.0.10+0-b96-7249189) for windows-amd64 JRE (11.0.10+0-b96-7249189), built on Mar 31 2021 21:44:00 by "builder" with MS VC++ 14.0 (VS2015)

END.
