#
# There is insufficient memory for the Java Runtime Environment to continue.
# Native memory allocation (malloc) failed to allocate 1885296 bytes for Chunk::new
# Possible reasons:
#   The system is out of physical RAM or swap space
#   The process is running with CompressedOops enabled, and the Java Heap may be blocking the growth of the native heap
# Possible solutions:
#   Reduce memory load on the system
#   Increase physical memory or swap space
#   Check if swap backing store is full
#   Decrease Java heap size (-Xmx/-Xms)
#   Decrease number of Java threads
#   Decrease Java thread stack sizes (-Xss)
#   Set larger code cache with -XX:ReservedCodeCacheSize=
#   JVM is running with Unscaled Compressed Oops mode in which the Java heap is
#     placed in the first 4GB address space. The Java Heap base address is the
#     maximum limit for the native heap growth. Please use -XX:HeapBaseMinAddress
#     to set the Java Heap base and to place the Java Heap above 4GB virtual address.
# This output file may be truncated or incomplete.
#
#  Out of Memory Error (./src/hotspot/share/memory/arena.cpp:197), pid=7600, tid=4548
#
# JRE version: OpenJDK Runtime Environment (11.0.10) (build 11.0.10+0-b96-7249189)
# Java VM: OpenJDK 64-Bit Server VM (11.0.10+0-b96-7249189, mixed mode, tiered, compressed oops, g1 gc, windows-amd64)
# No core dump will be written. Minidumps are not enabled by default on client versions of Windows
#

---------------  S U M M A R Y ------------

Command Line: --add-opens=java.base/java.util=ALL-UNNAMED --add-opens=java.base/java.lang=ALL-UNNAMED --add-opens=java.base/java.lang.invoke=ALL-UNNAMED --add-opens=java.base/java.util=ALL-UNNAMED --add-opens=java.prefs/java.util.prefs=ALL-UNNAMED --add-opens=java.prefs/java.util.prefs=ALL-UNNAMED --add-opens=java.base/java.nio.charset=ALL-UNNAMED --add-opens=java.base/java.net=ALL-UNNAMED --add-opens=java.base/java.util.concurrent.atomic=ALL-UNNAMED -Xmx2048m -Dfile.encoding=UTF-8 -Duser.country=US -Duser.language=en -Duser.variant org.gradle.launcher.daemon.bootstrap.GradleDaemon 7.0.2

Host: Intel(R) Core(TM) i5-4210U CPU @ 1.70GHz, 4 cores, 3G,  Windows 10 , 64 bit Build 19041 (10.0.19041.1202)
Time: Wed Nov 10 15:00:23 2021 SE Asia Standard Time elapsed time: 25.073693 seconds (0d 0h 0m 25s)

---------------  T H R E A D  ---------------

Current thread (0x000001c14a1dc800):  JavaThread "C2 CompilerThread0" daemon [_thread_in_native, id=4548, stack(0x000000134e300000,0x000000134e400000)]


Current CompileTask:
C2:  25073 7265 %     4       groovy.lang.MetaClassImpl::inheritInterfaceNewMetaMethods @ 100 (195 bytes)

Stack: [0x000000134e300000,0x000000134e400000]
Native frames: (J=compiled Java code, j=interpreted, Vv=VM code, C=native code)
V  [jvm.dll+0x5ecfaa]
V  [jvm.dll+0x722bd5]
V  [jvm.dll+0x72412d]
V  [jvm.dll+0x7247e3]
V  [jvm.dll+0x242928]
V  [jvm.dll+0xbc4fc]
V  [jvm.dll+0xbca0c]
V  [jvm.dll+0x352d3b]
V  [jvm.dll+0x19800c]
V  [jvm.dll+0x1fb70e]
V  [jvm.dll+0x1fa7f4]
V  [jvm.dll+0x18354c]
V  [jvm.dll+0x208ee7]
V  [jvm.dll+0x207731]
V  [jvm.dll+0x6eb1cf]
V  [jvm.dll+0x6e3d45]
V  [jvm.dll+0x5ebe96]
C  [ucrtbase.dll+0x21bb2]
C  [KERNEL32.DLL+0x17034]
C  [ntdll.dll+0x52651]


---------------  P R O C E S S  ---------------

Threads class SMR info:
_java_thread_list=0x000001c151784590, length=47, elements={
0x000001c12e68b000, 0x000001c14a178800, 0x000001c14a184000, 0x000001c14a1d3000,
0x000001c14a1d5000, 0x000001c14a1d7000, 0x000001c14a1dc800, 0x000001c14a1e1800,
0x000001c14ab33000, 0x000001c14ac40000, 0x000001c14c41a000, 0x000001c14c481800,
0x000001c14bd44800, 0x000001c14c0f3800, 0x000001c14c474800, 0x000001c14bfd0800,
0x000001c14ca40800, 0x000001c14c3ed000, 0x000001c14c573000, 0x000001c14ca35800,
0x000001c14ca36000, 0x000001c14ca38000, 0x000001c14ca32000, 0x000001c14ca38800,
0x000001c14ca34800, 0x000001c14ca37000, 0x000001c14ca33000, 0x000001c14ca33800,
0x000001c14cb2e800, 0x000001c14cb30000, 0x000001c14cb33800, 0x000001c14cb2d800,
0x000001c14cb34000, 0x000001c14cb2f000, 0x000001c14cb31000, 0x000001c14f61c000,
0x000001c14f61c800, 0x000001c14f621800, 0x000001c14f620800, 0x000001c14f61d800,
0x000001c14f622800, 0x000001c14f623000, 0x000001c14f620000, 0x000001c14f624000,
0x000001c14f61e000, 0x000001c14f625000, 0x000001c14f61f000
}

Java Threads: ( => current thread )
  0x000001c12e68b000 JavaThread "main" [_thread_blocked, id=5396, stack(0x000000134d700000,0x000000134d800000)]
  0x000001c14a178800 JavaThread "Reference Handler" daemon [_thread_blocked, id=9416, stack(0x000000134de00000,0x000000134df00000)]
  0x000001c14a184000 JavaThread "Finalizer" daemon [_thread_blocked, id=3480, stack(0x000000134df00000,0x000000134e000000)]
  0x000001c14a1d3000 JavaThread "Signal Dispatcher" daemon [_thread_blocked, id=9708, stack(0x000000134e000000,0x000000134e100000)]
  0x000001c14a1d5000 JavaThread "Attach Listener" daemon [_thread_blocked, id=11136, stack(0x000000134e100000,0x000000134e200000)]
  0x000001c14a1d7000 JavaThread "Service Thread" daemon [_thread_blocked, id=9336, stack(0x000000134e200000,0x000000134e300000)]
=>0x000001c14a1dc800 JavaThread "C2 CompilerThread0" daemon [_thread_in_native, id=4548, stack(0x000000134e300000,0x000000134e400000)]
  0x000001c14a1e1800 JavaThread "C1 CompilerThread0" daemon [_thread_blocked, id=7588, stack(0x000000134e400000,0x000000134e500000)]
  0x000001c14ab33000 JavaThread "Sweeper thread" daemon [_thread_blocked, id=6820, stack(0x000000134e500000,0x000000134e600000)]
  0x000001c14ac40000 JavaThread "Common-Cleaner" daemon [_thread_blocked, id=2996, stack(0x000000134e600000,0x000000134e700000)]
  0x000001c14c41a000 JavaThread "Daemon health stats" [_thread_blocked, id=4480, stack(0x000000134e900000,0x000000134ea00000)]
  0x000001c14c481800 JavaThread "Incoming local TCP Connector on port 52799" [_thread_in_native, id=11592, stack(0x000000134ea00000,0x000000134eb00000)]
  0x000001c14bd44800 JavaThread "Daemon periodic checks" [_thread_blocked, id=1252, stack(0x000000134eb00000,0x000000134ec00000)]
  0x000001c14c0f3800 JavaThread "Daemon" [_thread_blocked, id=11712, stack(0x000000134ec00000,0x000000134ed00000)]
  0x000001c14c474800 JavaThread "Handler for socket connection from /127.0.0.1:52799 to /127.0.0.1:52800" [_thread_in_native, id=3940, stack(0x000000134ed00000,0x000000134ee00000)]
  0x000001c14bfd0800 JavaThread "Cancel handler" [_thread_blocked, id=4756, stack(0x000000134ee00000,0x000000134ef00000)]
  0x000001c14ca40800 JavaThread "Daemon worker" [_thread_blocked, id=2076, stack(0x000000134ef00000,0x000000134f000000)]
  0x000001c14c3ed000 JavaThread "Asynchronous log dispatcher for DefaultDaemonConnection: socket connection from /127.0.0.1:52799 to /127.0.0.1:52800" [_thread_blocked, id=9464, stack(0x000000134f000000,0x000000134f100000)]
  0x000001c14c573000 JavaThread "Stdin handler" [_thread_blocked, id=4376, stack(0x000000134f100000,0x000000134f200000)]
  0x000001c14ca35800 JavaThread "Daemon client event forwarder" [_thread_blocked, id=1992, stack(0x000000134f200000,0x000000134f300000)]
  0x000001c14ca36000 JavaThread "Cache worker for file hash cache (C:\Program Files\Java\jdk-17.0.1\caches\7.0.2\fileHashes)" [_thread_blocked, id=2044, stack(0x000000134f500000,0x000000134f600000)]
  0x000001c14ca38000 JavaThread "File lock request listener" [_thread_in_native, id=4984, stack(0x000000134f600000,0x000000134f700000)]
  0x000001c14ca32000 JavaThread "Cache worker for journal cache (C:\Program Files\Java\jdk-17.0.1\caches\journal-1)" [_thread_blocked, id=5172, stack(0x000000134f700000,0x000000134f800000)]
  0x000001c14ca38800 JavaThread "Cache worker for file hash cache (C:\Users\MinhNgan\AndroidStudioProjects\Android_hepat\.gradle\7.0.2\fileHashes)" [_thread_blocked, id=4432, stack(0x000000134f800000,0x000000134f900000)]
  0x000001c14ca34800 JavaThread "File watcher server" daemon [_thread_in_native, id=9616, stack(0x000000134f900000,0x000000134fa00000)]
  0x000001c14ca37000 JavaThread "File watcher consumer" daemon [_thread_blocked, id=6120, stack(0x000000134fa00000,0x000000134fb00000)]
  0x000001c14ca33000 JavaThread "Cache worker for checksums cache (C:\Users\MinhNgan\AndroidStudioProjects\Android_hepat\.gradle\checksums)" [_thread_blocked, id=9784, stack(0x000000134fb00000,0x000000134fc00000)]
  0x000001c14ca33800 JavaThread "Cache worker for cache directory md-supplier (C:\Program Files\Java\jdk-17.0.1\caches\7.0.2\md-supplier)" [_thread_blocked, id=7244, stack(0x000000134fc00000,0x000000134fd00000)]
  0x000001c14cb2e800 JavaThread "Cache worker for cache directory md-rule (C:\Program Files\Java\jdk-17.0.1\caches\7.0.2\md-rule)" [_thread_blocked, id=6184, stack(0x000000134fd00000,0x000000134fe00000)]
  0x000001c14cb30000 JavaThread "Cache worker for execution history cache (C:\Program Files\Java\jdk-17.0.1\caches\7.0.2\executionHistory)" [_thread_blocked, id=12008, stack(0x000000134fe00000,0x000000134ff00000)]
  0x000001c14cb33800 JavaThread "jar transforms" [_thread_blocked, id=8904, stack(0x000000134ff00000,0x0000001350000000)]
  0x000001c14cb2d800 JavaThread "jar transforms Thread 2" [_thread_blocked, id=6276, stack(0x0000001350000000,0x0000001350100000)]
  0x000001c14cb34000 JavaThread "Cache worker for file content cache (C:\Program Files\Java\jdk-17.0.1\caches\7.0.2\fileContent)" [_thread_blocked, id=11572, stack(0x0000001350100000,0x0000001350200000)]
  0x000001c14cb2f000 JavaThread "Cache worker for dependencies-accessors (C:\Users\MinhNgan\AndroidStudioProjects\Android_hepat\.gradle\7.0.2\dependencies-accessors)" [_thread_blocked, id=2860, stack(0x0000001350200000,0x0000001350300000)]
  0x000001c14cb31000 JavaThread "jar transforms Thread 3" [_thread_blocked, id=9516, stack(0x0000001350300000,0x0000001350400000)]
  0x000001c14f61c000 JavaThread "Cache worker for Build Output Cleanup Cache (C:\Users\MinhNgan\AndroidStudioProjects\Android_hepat\.gradle\buildOutputCleanup)" [_thread_blocked, id=2828, stack(0x0000001350400000,0x0000001350500000)]
  0x000001c14f61c800 JavaThread "Build operations" [_thread_blocked, id=10072, stack(0x0000001350500000,0x0000001350600000)]
  0x000001c14f621800 JavaThread "Build operations Thread 2" [_thread_blocked, id=6264, stack(0x0000001350600000,0x0000001350700000)]
  0x000001c14f620800 JavaThread "Build operations Thread 3" [_thread_blocked, id=12240, stack(0x0000001350700000,0x0000001350800000)]
  0x000001c14f61d800 JavaThread "Build operations Thread 4" [_thread_blocked, id=9368, stack(0x0000001350800000,0x0000001350900000)]
  0x000001c14f622800 JavaThread "jar transforms Thread 4" [_thread_blocked, id=5620, stack(0x0000001350900000,0x0000001350a00000)]
  0x000001c14f623000 JavaThread "Memory manager" [_thread_blocked, id=8860, stack(0x0000001350a00000,0x0000001350b00000)]
  0x000001c14f620000 JavaThread "build event listener" [_thread_blocked, id=8724, stack(0x0000001350b00000,0x0000001350c00000)]
  0x000001c14f624000 JavaThread "Execution worker for ':'" [_thread_blocked, id=11636, stack(0x0000001350c00000,0x0000001350d00000)]
  0x000001c14f61e000 JavaThread "Execution worker for ':' Thread 2" [_thread_blocked, id=8808, stack(0x0000001350d00000,0x0000001350e00000)]
  0x000001c14f625000 JavaThread "Execution worker for ':' Thread 3" [_thread_in_native, id=9320, stack(0x0000001350e00000,0x0000001350f00000)]
  0x000001c14f61f000 JavaThread "Cache worker for execution history cache (C:\Users\MinhNgan\AndroidStudioProjects\Android_hepat\.gradle\7.0.2\executionHistory)" [_thread_blocked, id=10256, stack(0x0000001350f00000,0x0000001351000000)]

Other Threads:
  0x000001c14a172800 VMThread "VM Thread" [stack: 0x000000134dd00000,0x000000134de00000] [id=7048]
  0x000001c14acad000 WatcherThread [stack: 0x000000134e700000,0x000000134e800000] [id=8700]
  0x000001c12e6a3800 GCTaskThread "GC Thread#0" [stack: 0x000000134d800000,0x000000134d900000] [id=5780]
  0x000001c14af50000 GCTaskThread "GC Thread#1" [stack: 0x000000134e800000,0x000000134e900000] [id=6920]
  0x000001c14ca41800 GCTaskThread "GC Thread#2" [stack: 0x000000134f300000,0x000000134f400000] [id=11596]
  0x000001c14c56e000 GCTaskThread "GC Thread#3" [stack: 0x000000134f400000,0x000000134f500000] [id=3008]
  0x000001c12e6d5000 ConcurrentGCThread "G1 Main Marker" [stack: 0x000000134d900000,0x000000134da00000] [id=4564]
  0x000001c12e6d7800 ConcurrentGCThread "G1 Conc#0" [stack: 0x000000134da00000,0x000000134db00000] [id=12000]
  0x000001c12e733800 ConcurrentGCThread "G1 Refine#0" [stack: 0x000000134db00000,0x000000134dc00000] [id=8720]
  0x000001c12e734800 ConcurrentGCThread "G1 Young RemSet Sampling" [stack: 0x000000134dc00000,0x000000134dd00000] [id=7500]

Threads with active compile tasks:
C2 CompilerThread0  25135 7265 %     4       groovy.lang.MetaClassImpl::inheritInterfaceNewMetaMethods @ 100 (195 bytes)

VM state:not at safepoint (normal execution)

VM Mutex/Monitor currently owned by a thread: None

Heap address: 0x0000000080000000, size: 2048 MB, Compressed Oops mode: 32-bit
Narrow klass base: 0x0000000000000000, Narrow klass shift: 3
Compressed class space size: 1073741824 Address: 0x0000000100000000

Heap:
 garbage-first heap   total 149504K, used 93491K [0x0000000080000000, 0x0000000100000000)
  region size 1024K, 37 young (37888K), 5 survivors (5120K)
 Metaspace       used 77852K, capacity 79816K, committed 80048K, reserved 1118208K
  class space    used 10202K, capacity 10924K, committed 11008K, reserved 1048576K
Heap Regions: E=young(eden), S=young(survivor), O=old, HS=humongous(starts), HC=humongous(continues), CS=collection set, F=free, A=archive, TAMS=top-at-mark-start (previous, next)
|   0|0x0000000080000000, 0x0000000080100000, 0x0000000080100000|100%|HS|  |TAMS 0x0000000080100000, 0x0000000080000000| Complete 
|   1|0x0000000080100000, 0x0000000080200000, 0x0000000080200000|100%|HC|  |TAMS 0x0000000080200000, 0x0000000080100000| Complete 
|   2|0x0000000080200000, 0x0000000080300000, 0x0000000080300000|100%|HC|  |TAMS 0x0000000080300000, 0x0000000080200000| Complete 
|   3|0x0000000080300000, 0x0000000080400000, 0x0000000080400000|100%| O|  |TAMS 0x0000000080400000, 0x0000000080300000| Untracked 
|   4|0x0000000080400000, 0x0000000080500000, 0x0000000080500000|100%| O|  |TAMS 0x0000000080500000, 0x0000000080400000| Untracked 
|   5|0x0000000080500000, 0x0000000080600000, 0x0000000080600000|100%| O|  |TAMS 0x0000000080600000, 0x0000000080500000| Untracked 
|   6|0x0000000080600000, 0x0000000080700000, 0x0000000080700000|100%| O|  |TAMS 0x0000000080700000, 0x0000000080600000| Untracked 
|   7|0x0000000080700000, 0x0000000080800000, 0x0000000080800000|100%| O|  |TAMS 0x0000000080800000, 0x0000000080700000| Untracked 
|   8|0x0000000080800000, 0x0000000080900000, 0x0000000080900000|100%| O|  |TAMS 0x0000000080900000, 0x0000000080800000| Untracked 
|   9|0x0000000080900000, 0x0000000080a00000, 0x0000000080a00000|100%| O|  |TAMS 0x0000000080a00000, 0x0000000080900000| Untracked 
|  10|0x0000000080a00000, 0x0000000080b00000, 0x0000000080b00000|100%| O|  |TAMS 0x0000000080b00000, 0x0000000080a00000| Untracked 
|  11|0x0000000080b00000, 0x0000000080c00000, 0x0000000080c00000|100%| O|  |TAMS 0x0000000080c00000, 0x0000000080b00000| Untracked 
|  12|0x0000000080c00000, 0x0000000080d00000, 0x0000000080d00000|100%| O|  |TAMS 0x0000000080d00000, 0x0000000080c00000| Untracked 
|  13|0x0000000080d00000, 0x0000000080e00000, 0x0000000080e00000|100%| O|  |TAMS 0x0000000080e00000, 0x0000000080d00000| Untracked 
|  14|0x0000000080e00000, 0x0000000080f00000, 0x0000000080f00000|100%| O|  |TAMS 0x0000000080f00000, 0x0000000080e00000| Untracked 
|  15|0x0000000080f00000, 0x0000000081000000, 0x0000000081000000|100%| O|  |TAMS 0x0000000081000000, 0x0000000080f00000| Untracked 
|  16|0x0000000081000000, 0x0000000081100000, 0x0000000081100000|100%| O|  |TAMS 0x0000000081100000, 0x0000000081000000| Untracked 
|  17|0x0000000081100000, 0x0000000081200000, 0x0000000081200000|100%| O|  |TAMS 0x0000000081200000, 0x0000000081100000| Untracked 
|  18|0x0000000081200000, 0x0000000081300000, 0x0000000081300000|100%| O|  |TAMS 0x0000000081300000, 0x0000000081200000| Untracked 
|  19|0x0000000081300000, 0x0000000081400000, 0x0000000081400000|100%| O|  |TAMS 0x0000000081400000, 0x0000000081300000| Untracked 
|  20|0x0000000081400000, 0x0000000081500000, 0x0000000081500000|100%| O|  |TAMS 0x0000000081500000, 0x0000000081400000| Untracked 
|  21|0x0000000081500000, 0x0000000081600000, 0x0000000081600000|100%| O|  |TAMS 0x0000000081600000, 0x0000000081500000| Untracked 
|  22|0x0000000081600000, 0x0000000081700000, 0x0000000081700000|100%| O|  |TAMS 0x0000000081700000, 0x0000000081600000| Untracked 
|  23|0x0000000081700000, 0x0000000081800000, 0x0000000081800000|100%| O|  |TAMS 0x0000000081800000, 0x0000000081700000| Untracked 
|  24|0x0000000081800000, 0x0000000081900000, 0x0000000081900000|100%| O|  |TAMS 0x0000000081900000, 0x0000000081800000| Untracked 
|  25|0x0000000081900000, 0x0000000081a00000, 0x0000000081a00000|100%| O|  |TAMS 0x0000000081a00000, 0x0000000081900000| Untracked 
|  26|0x0000000081a00000, 0x0000000081b00000, 0x0000000081b00000|100%| O|  |TAMS 0x0000000081b00000, 0x0000000081a00000| Untracked 
|  27|0x0000000081b00000, 0x0000000081c00000, 0x0000000081c00000|100%| O|  |TAMS 0x0000000081c00000, 0x0000000081b00000| Untracked 
|  28|0x0000000081c00000, 0x0000000081d00000, 0x0000000081d00000|100%|HS|  |TAMS 0x0000000081d00000, 0x0000000081c00000| Complete 
|  29|0x0000000081d00000, 0x0000000081e00000, 0x0000000081e00000|100%| O|  |TAMS 0x0000000081e00000, 0x0000000081d00000| Untracked 
|  30|0x0000000081e00000, 0x0000000081f00000, 0x0000000081f00000|100%|HS|  |TAMS 0x0000000081f00000, 0x0000000081e00000| Complete 
|  31|0x0000000081f00000, 0x0000000082000000, 0x0000000082000000|100%|HS|  |TAMS 0x0000000082000000, 0x0000000081f00000| Complete 
|  32|0x0000000082000000, 0x0000000082100000, 0x0000000082100000|100%|HC|  |TAMS 0x0000000082100000, 0x0000000082000000| Complete 
|  33|0x0000000082100000, 0x0000000082200000, 0x0000000082200000|100%| O|  |TAMS 0x0000000082200000, 0x0000000082100000| Untracked 
|  34|0x0000000082200000, 0x0000000082300000, 0x0000000082300000|100%| O|  |TAMS 0x0000000082300000, 0x0000000082200000| Untracked 
|  35|0x0000000082300000, 0x0000000082400000, 0x0000000082400000|100%| O|  |TAMS 0x0000000082400000, 0x0000000082300000| Untracked 
|  36|0x0000000082400000, 0x0000000082500000, 0x0000000082500000|100%| O|  |TAMS 0x0000000082500000, 0x0000000082400000| Untracked 
|  37|0x0000000082500000, 0x0000000082600000, 0x0000000082600000|100%| O|  |TAMS 0x0000000082600000, 0x0000000082500000| Untracked 
|  38|0x0000000082600000, 0x0000000082700000, 0x0000000082700000|100%| O|  |TAMS 0x0000000082700000, 0x0000000082600000| Untracked 
|  39|0x0000000082700000, 0x0000000082800000, 0x0000000082800000|100%| O|  |TAMS 0x0000000082800000, 0x0000000082700000| Untracked 
|  40|0x0000000082800000, 0x0000000082900000, 0x0000000082900000|100%| O|  |TAMS 0x0000000082900000, 0x0000000082800000| Untracked 
|  41|0x0000000082900000, 0x0000000082a00000, 0x0000000082a00000|100%| O|  |TAMS 0x0000000082a00000, 0x0000000082900000| Untracked 
|  42|0x0000000082a00000, 0x0000000082b00000, 0x0000000082b00000|100%| O|  |TAMS 0x0000000082b00000, 0x0000000082a00000| Untracked 
|  43|0x0000000082b00000, 0x0000000082c00000, 0x0000000082c00000|100%| O|  |TAMS 0x0000000082c00000, 0x0000000082b00000| Untracked 
|  44|0x0000000082c00000, 0x0000000082d00000, 0x0000000082d00000|100%| O|  |TAMS 0x0000000082d00000, 0x0000000082c00000| Untracked 
|  45|0x0000000082d00000, 0x0000000082e00000, 0x0000000082e00000|100%| O|  |TAMS 0x0000000082e00000, 0x0000000082d00000| Untracked 
|  46|0x0000000082e00000, 0x0000000082f00000, 0x0000000082f00000|100%| O|  |TAMS 0x0000000082f00000, 0x0000000082e00000| Untracked 
|  47|0x0000000082f00000, 0x0000000083000000, 0x0000000083000000|100%| O|  |TAMS 0x0000000083000000, 0x0000000082f00000| Untracked 
|  48|0x0000000083000000, 0x0000000083100000, 0x0000000083100000|100%| O|  |TAMS 0x0000000083100000, 0x0000000083000000| Untracked 
|  49|0x0000000083100000, 0x0000000083200000, 0x0000000083200000|100%| O|  |TAMS 0x0000000083197c00, 0x0000000083100000| Untracked 
|  50|0x0000000083200000, 0x0000000083300000, 0x0000000083300000|100%| O|  |TAMS 0x0000000083200000, 0x0000000083200000| Untracked 
|  51|0x0000000083300000, 0x0000000083400000, 0x0000000083400000|100%| O|  |TAMS 0x0000000083300000, 0x0000000083300000| Untracked 
|  52|0x0000000083400000, 0x0000000083500000, 0x0000000083500000|100%| O|  |TAMS 0x0000000083400000, 0x0000000083400000| Untracked 
|  53|0x0000000083500000, 0x0000000083600000, 0x0000000083600000|100%| O|  |TAMS 0x0000000083500000, 0x0000000083500000| Untracked 
|  54|0x0000000083600000, 0x0000000083700000, 0x0000000083700000|100%| O|  |TAMS 0x0000000083600000, 0x0000000083600000| Untracked 
|  55|0x0000000083700000, 0x0000000083800000, 0x0000000083800000|100%| O|  |TAMS 0x0000000083700000, 0x0000000083700000| Untracked 
|  56|0x0000000083800000, 0x0000000083815000, 0x0000000083900000|  8%| O|  |TAMS 0x0000000083800000, 0x0000000083800000| Untracked 
|  57|0x0000000083900000, 0x0000000083900000, 0x0000000083a00000|  0%| F|  |TAMS 0x0000000083900000, 0x0000000083900000| Untracked 
|  58|0x0000000083a00000, 0x0000000083a00000, 0x0000000083b00000|  0%| F|  |TAMS 0x0000000083a00000, 0x0000000083a00000| Untracked 
|  59|0x0000000083b00000, 0x0000000083b00000, 0x0000000083c00000|  0%| F|  |TAMS 0x0000000083b00000, 0x0000000083b00000| Untracked 
|  60|0x0000000083c00000, 0x0000000083c00000, 0x0000000083d00000|  0%| F|  |TAMS 0x0000000083c00000, 0x0000000083c00000| Untracked 
|  61|0x0000000083d00000, 0x0000000083d00000, 0x0000000083e00000|  0%| F|  |TAMS 0x0000000083d00000, 0x0000000083d00000| Untracked 
|  62|0x0000000083e00000, 0x0000000083e00000, 0x0000000083f00000|  0%| F|  |TAMS 0x0000000083e00000, 0x0000000083e00000| Untracked 
|  63|0x0000000083f00000, 0x0000000083f00000, 0x0000000084000000|  0%| F|  |TAMS 0x0000000083f00000, 0x0000000083f00000| Untracked 
|  64|0x0000000084000000, 0x0000000084000000, 0x0000000084100000|  0%| F|  |TAMS 0x0000000084000000, 0x0000000084000000| Untracked 
|  65|0x0000000084100000, 0x0000000084100000, 0x0000000084200000|  0%| F|  |TAMS 0x0000000084100000, 0x0000000084100000| Untracked 
|  66|0x0000000084200000, 0x0000000084200000, 0x0000000084300000|  0%| F|  |TAMS 0x0000000084200000, 0x0000000084200000| Untracked 
|  67|0x0000000084300000, 0x0000000084300000, 0x0000000084400000|  0%| F|  |TAMS 0x0000000084300000, 0x0000000084300000| Untracked 
|  68|0x0000000084400000, 0x0000000084400000, 0x0000000084500000|  0%| F|  |TAMS 0x0000000084400000, 0x0000000084400000| Untracked 
|  69|0x0000000084500000, 0x0000000084500000, 0x0000000084600000|  0%| F|  |TAMS 0x0000000084500000, 0x0000000084500000| Untracked 
|  70|0x0000000084600000, 0x0000000084600000, 0x0000000084700000|  0%| F|  |TAMS 0x0000000084600000, 0x0000000084600000| Untracked 
|  71|0x0000000084700000, 0x0000000084700000, 0x0000000084800000|  0%| F|  |TAMS 0x0000000084700000, 0x0000000084700000| Untracked 
|  72|0x0000000084800000, 0x0000000084800000, 0x0000000084900000|  0%| F|  |TAMS 0x0000000084800000, 0x0000000084800000| Untracked 
|  73|0x0000000084900000, 0x0000000084900000, 0x0000000084a00000|  0%| F|  |TAMS 0x0000000084900000, 0x0000000084900000| Untracked 
|  74|0x0000000084a00000, 0x0000000084a00000, 0x0000000084b00000|  0%| F|  |TAMS 0x0000000084a00000, 0x0000000084a00000| Untracked 
|  75|0x0000000084b00000, 0x0000000084b00000, 0x0000000084c00000|  0%| F|  |TAMS 0x0000000084b00000, 0x0000000084b00000| Untracked 
|  76|0x0000000084c00000, 0x0000000084c00000, 0x0000000084d00000|  0%| F|  |TAMS 0x0000000084c00000, 0x0000000084c00000| Untracked 
|  77|0x0000000084d00000, 0x0000000084d00000, 0x0000000084e00000|  0%| F|  |TAMS 0x0000000084d00000, 0x0000000084d00000| Untracked 
|  78|0x0000000084e00000, 0x0000000084e00000, 0x0000000084f00000|  0%| F|  |TAMS 0x0000000084e00000, 0x0000000084e00000| Untracked 
|  79|0x0000000084f00000, 0x0000000084f37e38, 0x0000000085000000| 21%| S|CS|TAMS 0x0000000084f00000, 0x0000000084f00000| Complete 
|  80|0x0000000085000000, 0x0000000085100000, 0x0000000085100000|100%| S|CS|TAMS 0x0000000085000000, 0x0000000085000000| Complete 
|  81|0x0000000085100000, 0x0000000085200000, 0x0000000085200000|100%| S|CS|TAMS 0x0000000085100000, 0x0000000085100000| Complete 
|  82|0x0000000085200000, 0x0000000085300000, 0x0000000085300000|100%| S|CS|TAMS 0x0000000085200000, 0x0000000085200000| Complete 
|  83|0x0000000085300000, 0x0000000085400000, 0x0000000085400000|100%| S|CS|TAMS 0x0000000085300000, 0x0000000085300000| Complete 
|  84|0x0000000085400000, 0x0000000085400000, 0x0000000085500000|  0%| F|  |TAMS 0x0000000085400000, 0x0000000085400000| Untracked 
|  85|0x0000000085500000, 0x0000000085500000, 0x0000000085600000|  0%| F|  |TAMS 0x0000000085500000, 0x0000000085500000| Untracked 
|  86|0x0000000085600000, 0x0000000085600000, 0x0000000085700000|  0%| F|  |TAMS 0x0000000085600000, 0x0000000085600000| Untracked 
|  87|0x0000000085700000, 0x0000000085700000, 0x0000000085800000|  0%| F|  |TAMS 0x0000000085700000, 0x0000000085700000| Untracked 
|  88|0x0000000085800000, 0x0000000085800000, 0x0000000085900000|  0%| F|  |TAMS 0x0000000085800000, 0x0000000085800000| Untracked 
|  89|0x0000000085900000, 0x0000000085900000, 0x0000000085a00000|  0%| F|  |TAMS 0x0000000085900000, 0x0000000085900000| Untracked 
|  90|0x0000000085a00000, 0x0000000085a00000, 0x0000000085b00000|  0%| F|  |TAMS 0x0000000085a00000, 0x0000000085a00000| Untracked 
|  91|0x0000000085b00000, 0x0000000085b00000, 0x0000000085c00000|  0%| F|  |TAMS 0x0000000085b00000, 0x0000000085b00000| Untracked 
|  92|0x0000000085c00000, 0x0000000085c00000, 0x0000000085d00000|  0%| F|  |TAMS 0x0000000085c00000, 0x0000000085c00000| Untracked 
|  93|0x0000000085d00000, 0x0000000085d00000, 0x0000000085e00000|  0%| F|  |TAMS 0x0000000085d00000, 0x0000000085d00000| Untracked 
|  94|0x0000000085e00000, 0x0000000085e00000, 0x0000000085f00000|  0%| F|  |TAMS 0x0000000085e00000, 0x0000000085e00000| Untracked 
|  95|0x0000000085f00000, 0x0000000085f00000, 0x0000000086000000|  0%| F|  |TAMS 0x0000000085f00000, 0x0000000085f00000| Untracked 
|  96|0x0000000086000000, 0x0000000086000000, 0x0000000086100000|  0%| F|  |TAMS 0x0000000086000000, 0x0000000086000000| Untracked 
|  97|0x0000000086100000, 0x0000000086100000, 0x0000000086200000|  0%| F|  |TAMS 0x0000000086100000, 0x0000000086100000| Untracked 
|  98|0x0000000086200000, 0x0000000086200000, 0x0000000086300000|  0%| F|  |TAMS 0x0000000086200000, 0x0000000086200000| Untracked 
|  99|0x0000000086300000, 0x0000000086300000, 0x0000000086400000|  0%| F|  |TAMS 0x0000000086300000, 0x0000000086300000| Untracked 
| 100|0x0000000086400000, 0x0000000086400000, 0x0000000086500000|  0%| F|  |TAMS 0x0000000086400000, 0x0000000086400000| Untracked 
| 101|0x0000000086500000, 0x0000000086500000, 0x0000000086600000|  0%| F|  |TAMS 0x0000000086500000, 0x0000000086500000| Untracked 
| 102|0x0000000086600000, 0x0000000086600000, 0x0000000086700000|  0%| F|  |TAMS 0x0000000086600000, 0x0000000086600000| Untracked 
| 103|0x0000000086700000, 0x0000000086700000, 0x0000000086800000|  0%| F|  |TAMS 0x0000000086700000, 0x0000000086700000| Untracked 
| 104|0x0000000086800000, 0x0000000086800000, 0x0000000086900000|  0%| F|  |TAMS 0x0000000086800000, 0x0000000086800000| Untracked 
| 105|0x0000000086900000, 0x0000000086900000, 0x0000000086a00000|  0%| F|  |TAMS 0x0000000086900000, 0x0000000086900000| Untracked 
| 106|0x0000000086a00000, 0x0000000086a00000, 0x0000000086b00000|  0%| F|  |TAMS 0x0000000086a00000, 0x0000000086a00000| Untracked 
| 107|0x0000000086b00000, 0x0000000086b00000, 0x0000000086c00000|  0%| F|  |TAMS 0x0000000086b00000, 0x0000000086b00000| Untracked 
| 108|0x0000000086c00000, 0x0000000086c00000, 0x0000000086d00000|  0%| F|  |TAMS 0x0000000086c00000, 0x0000000086c00000| Untracked 
| 109|0x0000000086d00000, 0x0000000086d00000, 0x0000000086e00000|  0%| F|  |TAMS 0x0000000086d00000, 0x0000000086d00000| Untracked 
| 110|0x0000000086e00000, 0x0000000086e00000, 0x0000000086f00000|  0%| F|  |TAMS 0x0000000086e00000, 0x0000000086e00000| Untracked 
| 111|0x0000000086f00000, 0x0000000086f00000, 0x0000000087000000|  0%| F|  |TAMS 0x0000000086f00000, 0x0000000086f00000| Untracked 
| 112|0x0000000087000000, 0x0000000087000000, 0x0000000087100000|  0%| F|  |TAMS 0x0000000087000000, 0x0000000087000000| Untracked 
| 113|0x0000000087100000, 0x0000000087100000, 0x0000000087200000|  0%| F|  |TAMS 0x0000000087100000, 0x0000000087100000| Untracked 
| 114|0x0000000087200000, 0x000000008726fef0, 0x0000000087300000| 43%| E|  |TAMS 0x0000000087200000, 0x0000000087200000| Complete 
| 115|0x0000000087300000, 0x0000000087400000, 0x0000000087400000|100%| E|CS|TAMS 0x0000000087300000, 0x0000000087300000| Complete 
| 116|0x0000000087400000, 0x0000000087500000, 0x0000000087500000|100%| E|CS|TAMS 0x0000000087400000, 0x0000000087400000| Complete 
| 117|0x0000000087500000, 0x0000000087600000, 0x0000000087600000|100%| E|CS|TAMS 0x0000000087500000, 0x0000000087500000| Complete 
| 118|0x0000000087600000, 0x0000000087700000, 0x0000000087700000|100%| E|CS|TAMS 0x0000000087600000, 0x0000000087600000| Complete 
| 119|0x0000000087700000, 0x0000000087800000, 0x0000000087800000|100%| E|CS|TAMS 0x0000000087700000, 0x0000000087700000| Complete 
| 120|0x0000000087800000, 0x0000000087900000, 0x0000000087900000|100%| E|CS|TAMS 0x0000000087800000, 0x0000000087800000| Complete 
| 121|0x0000000087900000, 0x0000000087a00000, 0x0000000087a00000|100%| E|CS|TAMS 0x0000000087900000, 0x0000000087900000| Complete 
| 122|0x0000000087a00000, 0x0000000087b00000, 0x0000000087b00000|100%| E|CS|TAMS 0x0000000087a00000, 0x0000000087a00000| Complete 
| 123|0x0000000087b00000, 0x0000000087c00000, 0x0000000087c00000|100%| E|CS|TAMS 0x0000000087b00000, 0x0000000087b00000| Complete 
| 124|0x0000000087c00000, 0x0000000087d00000, 0x0000000087d00000|100%| E|CS|TAMS 0x0000000087c00000, 0x0000000087c00000| Complete 
| 125|0x0000000087d00000, 0x0000000087e00000, 0x0000000087e00000|100%| E|CS|TAMS 0x0000000087d00000, 0x0000000087d00000| Complete 
| 126|0x0000000087e00000, 0x0000000087f00000, 0x0000000087f00000|100%| E|CS|TAMS 0x0000000087e00000, 0x0000000087e00000| Complete 
| 127|0x0000000087f00000, 0x0000000088000000, 0x0000000088000000|100%| E|CS|TAMS 0x0000000087f00000, 0x0000000087f00000| Complete 
| 128|0x0000000088000000, 0x0000000088100000, 0x0000000088100000|100%| E|CS|TAMS 0x0000000088000000, 0x0000000088000000| Complete 
| 129|0x0000000088100000, 0x0000000088200000, 0x0000000088200000|100%| E|CS|TAMS 0x0000000088100000, 0x0000000088100000| Complete 
| 130|0x0000000088200000, 0x0000000088300000, 0x0000000088300000|100%| E|CS|TAMS 0x0000000088200000, 0x0000000088200000| Complete 
| 131|0x0000000088300000, 0x0000000088400000, 0x0000000088400000|100%| E|CS|TAMS 0x0000000088300000, 0x0000000088300000| Complete 
| 132|0x0000000088400000, 0x0000000088500000, 0x0000000088500000|100%| E|CS|TAMS 0x0000000088400000, 0x0000000088400000| Complete 
| 133|0x0000000088500000, 0x0000000088600000, 0x0000000088600000|100%| E|CS|TAMS 0x0000000088500000, 0x0000000088500000| Complete 
| 134|0x0000000088600000, 0x0000000088700000, 0x0000000088700000|100%| E|CS|TAMS 0x0000000088600000, 0x0000000088600000| Complete 
| 135|0x0000000088700000, 0x0000000088800000, 0x0000000088800000|100%| E|CS|TAMS 0x0000000088700000, 0x0000000088700000| Complete 
| 136|0x0000000088800000, 0x0000000088900000, 0x0000000088900000|100%| E|CS|TAMS 0x0000000088800000, 0x0000000088800000| Complete 
| 137|0x0000000088900000, 0x0000000088a00000, 0x0000000088a00000|100%| E|CS|TAMS 0x0000000088900000, 0x0000000088900000| Complete 
| 138|0x0000000088a00000, 0x0000000088b00000, 0x0000000088b00000|100%| E|CS|TAMS 0x0000000088a00000, 0x0000000088a00000| Complete 
| 139|0x0000000088b00000, 0x0000000088c00000, 0x0000000088c00000|100%| E|CS|TAMS 0x0000000088b00000, 0x0000000088b00000| Complete 
| 140|0x0000000088c00000, 0x0000000088d00000, 0x0000000088d00000|100%| E|CS|TAMS 0x0000000088c00000, 0x0000000088c00000| Complete 
| 141|0x0000000088d00000, 0x0000000088e00000, 0x0000000088e00000|100%| E|CS|TAMS 0x0000000088d00000, 0x0000000088d00000| Complete 
| 142|0x0000000088e00000, 0x0000000088f00000, 0x0000000088f00000|100%| E|CS|TAMS 0x0000000088e00000, 0x0000000088e00000| Complete 
| 143|0x0000000088f00000, 0x0000000089000000, 0x0000000089000000|100%| E|CS|TAMS 0x0000000088f00000, 0x0000000088f00000| Complete 
| 144|0x0000000089000000, 0x0000000089100000, 0x0000000089100000|100%| E|CS|TAMS 0x0000000089000000, 0x0000000089000000| Complete 
| 145|0x0000000089100000, 0x0000000089200000, 0x0000000089200000|100%| E|CS|TAMS 0x0000000089100000, 0x0000000089100000| Complete 

Card table byte_map: [0x000001c1433c0000,0x000001c1437c0000] _byte_map_base: 0x000001c142fc0000

Marking Bits (Prev, Next): (CMBitMap*) 0x000001c12e6cc2f0, (CMBitMap*) 0x000001c12e6cc2b8
 Prev Bits: [0x000001c145bc0000, 0x000001c147bc0000)
 Next Bits: [0x000001c143bc0000, 0x000001c145bc0000)

Polling page: 0x000001c12e4f0000

Metaspace:

Usage:
  Non-class:     67.28 MB capacity,    66.08 MB ( 98%) used,     1.00 MB (  1%) free+waste,   203.25 KB ( <1%) overhead. 
      Class:     10.67 MB capacity,     9.97 MB ( 93%) used,   621.98 KB (  6%) free+waste,    95.06 KB ( <1%) overhead. 
       Both:     77.95 MB capacity,    76.04 MB ( 98%) used,     1.61 MB (  2%) free+waste,   298.31 KB ( <1%) overhead. 

Virtual space:
  Non-class space:       68.00 MB reserved,      67.42 MB (>99%) committed 
      Class space:        1.00 GB reserved,      10.75 MB (  1%) committed 
             Both:        1.07 GB reserved,      78.17 MB (  7%) committed 

Chunk freelists:
   Non-Class:  20.00 KB
       Class:  20.00 KB
        Both:  40.00 KB

MaxMetaspaceSize: 17179869184.00 GB
CompressedClassSpaceSize: 1.00 GB

CodeHeap 'non-profiled nmethods': size=120064Kb used=3156Kb max_used=3156Kb free=116907Kb
 bounds [0x000001c13b460000, 0x000001c13b780000, 0x000001c1429a0000]
CodeHeap 'profiled nmethods': size=120000Kb used=14658Kb max_used=14658Kb free=105341Kb
 bounds [0x000001c133f30000, 0x000001c134d90000, 0x000001c13b460000]
CodeHeap 'non-nmethods': size=5696Kb used=2271Kb max_used=2308Kb free=3424Kb
 bounds [0x000001c1339a0000, 0x000001c133c10000, 0x000001c133f30000]
 total_blobs=8208 nmethods=7338 adapters=781
 compilation: enabled
              stopped_count=0, restarted_count=0
 full_count=0

Compilation events (20 events):
Event: 25.004 Thread 0x000001c14a1e1800 7465       2       com.sun.org.apache.xerces.internal.util.XMLChar::isSpace (22 bytes)
Event: 25.004 Thread 0x000001c14a1e1800 nmethod 7465 0x000001c134d7c690 code [0x000001c134d7c840, 0x000001c134d7c978]
Event: 25.004 Thread 0x000001c14a1e1800 7466       2       com.sun.org.apache.xerces.internal.util.SymbolTable::hash (53 bytes)
Event: 25.004 Thread 0x000001c14a1e1800 nmethod 7466 0x000001c134d7ca90 code [0x000001c134d7cc60, 0x000001c134d7ce48]
Event: 25.005 Thread 0x000001c14a1e1800 7467       2       com.sun.org.apache.xerces.internal.impl.XMLEntityScanner::skipSpaces (350 bytes)
Event: 25.006 Thread 0x000001c14a1e1800 nmethod 7467 0x000001c134d7cf90 code [0x000001c134d7d1c0, 0x000001c134d7d7e8]
Event: 25.006 Thread 0x000001c14a1e1800 7468       2       com.sun.org.apache.xerces.internal.utils.XMLLimitAnalyzer::addValue (11 bytes)
Event: 25.006 Thread 0x000001c14a1e1800 nmethod 7468 0x000001c134d7dc90 code [0x000001c134d7de40, 0x000001c134d7df68]
Event: 25.007 Thread 0x000001c14a1e1800 7469       2       com.sun.org.apache.xerces.internal.utils.XMLLimitAnalyzer::addValue (260 bytes)
Event: 25.008 Thread 0x000001c14a1e1800 nmethod 7469 0x000001c134d7e010 code [0x000001c134d7e2c0, 0x000001c134d7eba8]
Event: 25.020 Thread 0x000001c14a1e1800 7474       2       java.util.AbstractList$RandomAccessSpliterator::estimateSize (11 bytes)
Event: 25.020 Thread 0x000001c14a1e1800 nmethod 7474 0x000001c134d7f290 code [0x000001c134d7f440, 0x000001c134d7f568]
Event: 25.020 Thread 0x000001c14a1e1800 7475       2       java.util.AbstractList$RandomAccessSpliterator::checkAbstractListModCount (21 bytes)
Event: 25.020 Thread 0x000001c14a1e1800 nmethod 7475 0x000001c134d7f610 code [0x000001c134d7f7c0, 0x000001c134d7f968]
Event: 25.054 Thread 0x000001c14a1e1800 7476  s    2       sun.nio.fs.WindowsDirectoryStream$WindowsDirectoryIterator::hasNext (35 bytes)
Event: 25.055 Thread 0x000001c14a1e1800 nmethod 7476 0x000001c134d7fa90 code [0x000001c134d7fc40, 0x000001c134d7ff68]
Event: 25.055 Thread 0x000001c14a1e1800 7477       2       org.gradle.cache.internal.DefaultCacheAccess$UnitOfWorkFileAccess::writeFile (14 bytes)
Event: 25.056 Thread 0x000001c14a1e1800 nmethod 7477 0x000001c134d80010 code [0x000001c134d801e0, 0x000001c134d80338]
Event: 25.056 Thread 0x000001c14a1e1800 7478       2       org.gradle.cache.internal.DefaultFileLockManager$DefaultFileLock::writeFile (10 bytes)
Event: 25.057 Thread 0x000001c14a1e1800 nmethod 7478 0x000001c134d80410 code [0x000001c134d805e0, 0x000001c134d807d8]

GC Heap History (20 events):
Event: 17.688 GC heap before
{Heap before GC invocations=23 (full 0):
 garbage-first heap   total 78848K, used 63658K [0x0000000080000000, 0x0000000100000000)
  region size 1024K, 22 young (22528K), 1 survivors (1024K)
 Metaspace       used 55576K, capacity 56901K, committed 57136K, reserved 1099776K
  class space    used 7017K, capacity 7502K, committed 7552K, reserved 1048576K
}
Event: 17.696 GC heap after
{Heap after GC invocations=24 (full 0):
 garbage-first heap   total 78848K, used 42788K [0x0000000080000000, 0x0000000100000000)
  region size 1024K, 2 young (2048K), 2 survivors (2048K)
 Metaspace       used 55576K, capacity 56901K, committed 57136K, reserved 1099776K
  class space    used 7017K, capacity 7502K, committed 7552K, reserved 1048576K
}
Event: 18.329 GC heap before
{Heap before GC invocations=24 (full 0):
 garbage-first heap   total 78848K, used 63268K [0x0000000080000000, 0x0000000100000000)
  region size 1024K, 23 young (23552K), 2 survivors (2048K)
 Metaspace       used 59163K, capacity 60672K, committed 60976K, reserved 1101824K
  class space    used 7480K, capacity 8015K, committed 8064K, reserved 1048576K
}
Event: 18.345 GC heap after
{Heap after GC invocations=25 (full 0):
 garbage-first heap   total 95232K, used 44910K [0x0000000080000000, 0x0000000100000000)
  region size 1024K, 3 young (3072K), 3 survivors (3072K)
 Metaspace       used 59163K, capacity 60672K, committed 60976K, reserved 1101824K
  class space    used 7480K, capacity 8015K, committed 8064K, reserved 1048576K
}
Event: 19.388 GC heap before
{Heap before GC invocations=26 (full 0):
 garbage-first heap   total 95232K, used 70510K [0x0000000080000000, 0x0000000100000000)
  region size 1024K, 29 young (29696K), 3 survivors (3072K)
 Metaspace       used 61158K, capacity 62602K, committed 62768K, reserved 1103872K
  class space    used 7724K, capacity 8246K, committed 8320K, reserved 1048576K
}
Event: 19.411 GC heap after
{Heap after GC invocations=27 (full 0):
 garbage-first heap   total 95232K, used 48309K [0x0000000080000000, 0x0000000100000000)
  region size 1024K, 4 young (4096K), 4 survivors (4096K)
 Metaspace       used 61158K, capacity 62602K, committed 62768K, reserved 1103872K
  class space    used 7724K, capacity 8246K, committed 8320K, reserved 1048576K
}
Event: 19.906 GC heap before
{Heap before GC invocations=27 (full 0):
 garbage-first heap   total 95232K, used 60597K [0x0000000080000000, 0x0000000100000000)
  region size 1024K, 17 young (17408K), 4 survivors (4096K)
 Metaspace       used 62382K, capacity 63888K, committed 63920K, reserved 1105920K
  class space    used 7889K, capacity 8417K, committed 8448K, reserved 1048576K
}
Event: 19.928 GC heap after
{Heap after GC invocations=28 (full 0):
 garbage-first heap   total 95232K, used 49312K [0x0000000080000000, 0x0000000100000000)
  region size 1024K, 3 young (3072K), 3 survivors (3072K)
 Metaspace       used 62382K, capacity 63888K, committed 63920K, reserved 1105920K
  class space    used 7889K, capacity 8417K, committed 8448K, reserved 1048576K
}
Event: 20.850 GC heap before
{Heap before GC invocations=29 (full 0):
 garbage-first heap   total 95232K, used 72864K [0x0000000080000000, 0x0000000100000000)
  region size 1024K, 25 young (25600K), 3 survivors (3072K)
 Metaspace       used 63326K, capacity 64815K, committed 64944K, reserved 1105920K
  class space    used 8034K, capacity 8591K, committed 8704K, reserved 1048576K
}
Event: 20.864 GC heap after
{Heap after GC invocations=30 (full 0):
 garbage-first heap   total 95232K, used 50763K [0x0000000080000000, 0x0000000100000000)
  region size 1024K, 3 young (3072K), 3 survivors (3072K)
 Metaspace       used 63326K, capacity 64815K, committed 64944K, reserved 1105920K
  class space    used 8034K, capacity 8591K, committed 8704K, reserved 1048576K
}
Event: 21.148 GC heap before
{Heap before GC invocations=30 (full 0):
 garbage-first heap   total 95232K, used 72267K [0x0000000080000000, 0x0000000100000000)
  region size 1024K, 24 young (24576K), 3 survivors (3072K)
 Metaspace       used 63869K, capacity 65490K, committed 65712K, reserved 1105920K
  class space    used 8097K, capacity 8667K, committed 8704K, reserved 1048576K
}
Event: 21.164 GC heap after
{Heap after GC invocations=31 (full 0):
 garbage-first heap   total 123904K, used 53069K [0x0000000080000000, 0x0000000100000000)
  region size 1024K, 3 young (3072K), 3 survivors (3072K)
 Metaspace       used 63869K, capacity 65490K, committed 65712K, reserved 1105920K
  class space    used 8097K, capacity 8667K, committed 8704K, reserved 1048576K
}
Event: 22.153 GC heap before
{Heap before GC invocations=32 (full 0):
 garbage-first heap   total 123904K, used 85837K [0x0000000080000000, 0x0000000100000000)
  region size 1024K, 35 young (35840K), 3 survivors (3072K)
 Metaspace       used 68085K, capacity 69696K, committed 69808K, reserved 1110016K
  class space    used 8792K, capacity 9361K, committed 9472K, reserved 1048576K
}
Event: 22.172 GC heap after
{Heap after GC invocations=33 (full 0):
 garbage-first heap   total 123904K, used 54829K [0x0000000080000000, 0x0000000100000000)
  region size 1024K, 4 young (4096K), 4 survivors (4096K)
 Metaspace       used 68085K, capacity 69696K, committed 69808K, reserved 1110016K
  class space    used 8792K, capacity 9361K, committed 9472K, reserved 1048576K
}
Event: 22.723 GC heap before
{Heap before GC invocations=33 (full 0):
 garbage-first heap   total 123904K, used 88621K [0x0000000080000000, 0x0000000100000000)
  region size 1024K, 37 young (37888K), 4 survivors (4096K)
 Metaspace       used 68928K, capacity 70589K, committed 70704K, reserved 1110016K
  class space    used 8905K, capacity 9505K, committed 9600K, reserved 1048576K
}
Event: 22.737 GC heap after
{Heap after GC invocations=34 (full 0):
 garbage-first heap   total 123904K, used 57360K [0x0000000080000000, 0x0000000100000000)
  region size 1024K, 5 young (5120K), 5 survivors (5120K)
 Metaspace       used 68928K, capacity 70589K, committed 70704K, reserved 1110016K
  class space    used 8905K, capacity 9505K, committed 9600K, reserved 1048576K
}
Event: 23.262 GC heap before
{Heap before GC invocations=34 (full 0):
 garbage-first heap   total 123904K, used 91152K [0x0000000080000000, 0x0000000100000000)
  region size 1024K, 38 young (38912K), 5 survivors (5120K)
 Metaspace       used 71121K, capacity 72861K, committed 73136K, reserved 1112064K
  class space    used 9227K, capacity 9867K, committed 9984K, reserved 1048576K
}
Event: 23.276 GC heap after
{Heap after GC invocations=35 (full 0):
 garbage-first heap   total 123904K, used 59761K [0x0000000080000000, 0x0000000100000000)
  region size 1024K, 5 young (5120K), 5 survivors (5120K)
 Metaspace       used 71121K, capacity 72861K, committed 73136K, reserved 1112064K
  class space    used 9227K, capacity 9867K, committed 9984K, reserved 1048576K
}
Event: 24.068 GC heap before
{Heap before GC invocations=35 (full 0):
 garbage-first heap   total 123904K, used 93553K [0x0000000080000000, 0x0000000100000000)
  region size 1024K, 38 young (38912K), 5 survivors (5120K)
 Metaspace       used 75545K, capacity 77343K, committed 77488K, reserved 1116160K
  class space    used 9833K, capacity 10477K, committed 10496K, reserved 1048576K
}
Event: 24.090 GC heap after
{Heap after GC invocations=36 (full 0):
 garbage-first heap   total 149504K, used 61747K [0x0000000080000000, 0x0000000100000000)
  region size 1024K, 5 young (5120K), 5 survivors (5120K)
 Metaspace       used 75545K, capacity 77343K, committed 77488K, reserved 1116160K
  class space    used 9833K, capacity 10477K, committed 10496K, reserved 1048576K
}

Deoptimization events (20 events):
Event: 24.733 Thread 0x000001c14f625000 DEOPT PACKING pc=0x000001c1347e4024 sp=0x0000001350efde00
Event: 24.733 Thread 0x000001c14f625000 DEOPT UNPACKING pc=0x000001c1339c76ce sp=0x0000001350efd2e8 mode 0
Event: 24.733 Thread 0x000001c14f625000 DEOPT PACKING pc=0x000001c1347e413c sp=0x0000001350efdeb0
Event: 24.733 Thread 0x000001c14f625000 DEOPT UNPACKING pc=0x000001c1339c76ce sp=0x0000001350efd3a0 mode 0
Event: 24.742 Thread 0x000001c14f625000 Uncommon trap: trap_request=0xffffffc6 fr.pc=0x000001c13b670630 relative=0x0000000000000450
Event: 24.742 Thread 0x000001c14f625000 Uncommon trap: reason=bimorphic_or_optimized_type_check action=maybe_recompile pc=0x000001c13b670630 method=java.util.Collections$SetFromMap.remove(Ljava/lang/Object;)Z @ 5 c2
Event: 24.742 Thread 0x000001c14f625000 DEOPT PACKING pc=0x000001c13b670630 sp=0x0000001350efe800
Event: 24.742 Thread 0x000001c14f625000 DEOPT UNPACKING pc=0x000001c1339c78af sp=0x0000001350efe7f8 mode 2
Event: 24.745 Thread 0x000001c14f625000 Uncommon trap: trap_request=0xffffffc6 fr.pc=0x000001c13b670630 relative=0x0000000000000450
Event: 24.745 Thread 0x000001c14f625000 Uncommon trap: reason=bimorphic_or_optimized_type_check action=maybe_recompile pc=0x000001c13b670630 method=java.util.Collections$SetFromMap.remove(Ljava/lang/Object;)Z @ 5 c2
Event: 24.745 Thread 0x000001c14f625000 DEOPT PACKING pc=0x000001c13b670630 sp=0x0000001350efe800
Event: 24.745 Thread 0x000001c14f625000 DEOPT UNPACKING pc=0x000001c1339c78af sp=0x0000001350efe7f8 mode 2
Event: 24.745 Thread 0x000001c14f625000 Uncommon trap: trap_request=0xffffffc6 fr.pc=0x000001c13b670630 relative=0x0000000000000450
Event: 24.745 Thread 0x000001c14f625000 Uncommon trap: reason=bimorphic_or_optimized_type_check action=maybe_recompile pc=0x000001c13b670630 method=java.util.Collections$SetFromMap.remove(Ljava/lang/Object;)Z @ 5 c2
Event: 24.745 Thread 0x000001c14f625000 DEOPT PACKING pc=0x000001c13b670630 sp=0x0000001350efe6a0
Event: 24.746 Thread 0x000001c14f625000 DEOPT UNPACKING pc=0x000001c1339c78af sp=0x0000001350efe698 mode 2
Event: 24.893 Thread 0x000001c14f625000 Uncommon trap: trap_request=0xffffffc6 fr.pc=0x000001c13b670630 relative=0x0000000000000450
Event: 24.893 Thread 0x000001c14f625000 Uncommon trap: reason=bimorphic_or_optimized_type_check action=maybe_recompile pc=0x000001c13b670630 method=java.util.Collections$SetFromMap.remove(Ljava/lang/Object;)Z @ 5 c2
Event: 24.893 Thread 0x000001c14f625000 DEOPT PACKING pc=0x000001c13b670630 sp=0x0000001350efe800
Event: 24.893 Thread 0x000001c14f625000 DEOPT UNPACKING pc=0x000001c1339c78af sp=0x0000001350efe7f8 mode 2

Classes redefined (0 events):
No events

Internal exceptions (20 events):
Event: 24.390 Thread 0x000001c14ca40800 Exception <a 'java/lang/ClassNotFoundException'{0x0000000088609d38}: com/android/build/gradle/internal/api/ReadOnlyBuildTypeBeanInfo> (0x0000000088609d38) thrown at [./src/hotspot/share/classfile/systemDictionary.cpp, line 231]
Event: 24.391 Thread 0x000001c14ca40800 Exception <a 'java/lang/ClassNotFoundException'{0x0000000088624af8}: com/android/build/gradle/internal/api/ReadOnlyBaseConfigBeanInfo> (0x0000000088624af8) thrown at [./src/hotspot/share/classfile/systemDictionary.cpp, line 231]
Event: 24.392 Thread 0x000001c14ca40800 Exception <a 'java/lang/ClassNotFoundException'{0x000000008863fe10}: com/android/build/gradle/internal/api/ReadOnlyBaseConfigCustomizer> (0x000000008863fe10) thrown at [./src/hotspot/share/classfile/systemDictionary.cpp, line 231]
Event: 24.394 Thread 0x000001c14ca40800 Exception <a 'java/lang/ClassNotFoundException'{0x000000008866b098}: com/android/build/gradle/internal/api/ReadOnlyBuildTypeCustomizer> (0x000000008866b098) thrown at [./src/hotspot/share/classfile/systemDictionary.cpp, line 231]
Event: 24.409 Thread 0x000001c14ca40800 Exception <a 'java/lang/ClassNotFoundException'{0x00000000885d5270}: com/android/build/gradle/internal/api/ImmutableFlavorListBeanInfo> (0x00000000885d5270) thrown at [./src/hotspot/share/classfile/systemDictionary.cpp, line 231]
Event: 24.410 Thread 0x000001c14ca40800 Exception <a 'java/lang/ClassNotFoundException'{0x00000000885f0d50}: com/android/build/gradle/internal/api/ImmutableFlavorListCustomizer> (0x00000000885f0d50) thrown at [./src/hotspot/share/classfile/systemDictionary.cpp, line 231]
Event: 24.422 Thread 0x000001c14ca40800 Exception <a 'java/lang/ClassNotFoundException'{0x00000000884d7ad0}: org/gradle/api/internal/file/collections/DefaultConfigurableFileCollectionBeanInfo> (0x00000000884d7ad0) thrown at [./src/hotspot/share/classfile/systemDictionary.cpp, line 231]
Event: 24.423 Thread 0x000001c14ca40800 Exception <a 'java/lang/ClassNotFoundException'{0x00000000884f1268}: org/gradle/api/internal/file/CompositeFileCollectionBeanInfo> (0x00000000884f1268) thrown at [./src/hotspot/share/classfile/systemDictionary.cpp, line 231]
Event: 24.424 Thread 0x000001c14ca40800 Exception <a 'java/lang/ClassNotFoundException'{0x000000008830b108}: org/gradle/api/internal/file/CompositeFileCollectionCustomizer> (0x000000008830b108) thrown at [./src/hotspot/share/classfile/systemDictionary.cpp, line 231]
Event: 24.425 Thread 0x000001c14ca40800 Exception <a 'java/lang/ClassNotFoundException'{0x00000000883307d0}: org/gradle/api/internal/file/collections/DefaultConfigurableFileCollectionCustomizer> (0x00000000883307d0) thrown at [./src/hotspot/share/classfile/systemDictionary.cpp, line 231]
Event: 24.736 Thread 0x000001c14ca35800 Exception <a 'java/lang/NoSuchMethodError'{0x0000000087a76f18}: <clinit>> (0x0000000087a76f18) thrown at [./src/hotspot/share/prims/jni.cpp, line 1362]
Event: 24.740 Thread 0x000001c14ca35800 Exception <a 'java/lang/NoSuchMethodError'{0x0000000087a82888}: <clinit>> (0x0000000087a82888) thrown at [./src/hotspot/share/prims/jni.cpp, line 1362]
Event: 24.743 Thread 0x000001c14ca35800 Exception <a 'java/lang/NoSuchMethodError'{0x0000000087afd3b8}: <clinit>> (0x0000000087afd3b8) thrown at [./src/hotspot/share/prims/jni.cpp, line 1362]
Event: 24.748 Thread 0x000001c14ca35800 Exception <a 'java/lang/NoSuchMethodError'{0x00000000879118f0}: <clinit>> (0x00000000879118f0) thrown at [./src/hotspot/share/prims/jni.cpp, line 1362]
Event: 24.749 Thread 0x000001c14ca35800 Exception <a 'java/lang/NoSuchMethodError'{0x0000000087913070}: <clinit>> (0x0000000087913070) thrown at [./src/hotspot/share/prims/jni.cpp, line 1362]
Event: 24.792 Thread 0x000001c14f620000 Exception <a 'java/lang/NoSuchMethodError'{0x0000000087774978}: <clinit>> (0x0000000087774978) thrown at [./src/hotspot/share/prims/jni.cpp, line 1362]
Event: 24.843 Thread 0x000001c14f620000 Exception <a 'java/lang/NoSuchMethodError'{0x00000000877890a0}: <clinit>> (0x00000000877890a0) thrown at [./src/hotspot/share/prims/jni.cpp, line 1362]
Event: 24.857 Thread 0x000001c14f620000 Exception <a 'java/lang/NoSuchMethodError'{0x00000000877a2340}: <clinit>> (0x00000000877a2340) thrown at [./src/hotspot/share/prims/jni.cpp, line 1362]
Event: 24.898 Thread 0x000001c14ca35800 Exception <a 'java/lang/NoSuchMethodError'{0x000000008757a028}: <clinit>> (0x000000008757a028) thrown at [./src/hotspot/share/prims/jni.cpp, line 1362]
Event: 25.016 Thread 0x000001c14f625000 Exception <a 'java/lang/NoSuchMethodError'{0x0000000087477790}: 'java.lang.Object java.lang.invoke.Invokers$Holder.linkToTargetMethod(java.lang.Object, java.lang.Object, java.lang.Object, int, java.lang.Object, java.lang.Object)'> (0x0000000087477790) thrown at [./src/hotspot/share/interpreter/linkResolver.cpp, line 773]

Events (20 events):
Event: 25.024 loading class org/gradle/internal/operations/BuildOperationContext
Event: 25.024 loading class org/gradle/internal/operations/BuildOperationContext done
Event: 25.024 loading class org/gradle/internal/execution/steps/CaptureStateBeforeExecutionStep
Event: 25.024 loading class org/gradle/internal/execution/steps/CaptureStateBeforeExecutionStep done
Event: 25.025 loading class org/gradle/internal/execution/steps/CaptureStateBeforeExecutionStep$Operation$Details
Event: 25.025 loading class org/gradle/internal/execution/steps/CaptureStateBeforeExecutionStep$Operation$Details done
Event: 25.030 loading class org/gradle/internal/execution/steps/CaptureStateBeforeExecutionStep$Operation$Details$1
Event: 25.030 loading class org/gradle/internal/execution/steps/CaptureStateBeforeExecutionStep$Operation$Details$1 done
Event: 25.031 loading class org/gradle/internal/execution/steps/BuildOperationStep$1
Event: 25.031 loading class org/gradle/internal/execution/steps/BuildOperationStep$1 done
Event: 25.032 loading class org/gradle/internal/execution/steps/CaptureStateBeforeExecutionStep$ImplementationsBuilder
Event: 25.032 loading class org/gradle/internal/execution/steps/CaptureStateBeforeExecutionStep$ImplementationsBuilder done
Event: 25.033 loading class com/google/common/collect/ImmutableSortedMap
Event: 25.033 loading class com/google/common/collect/ImmutableSortedMap done
Event: 25.033 loading class org/gradle/internal/execution/history/AfterPreviousExecutionState
Event: 25.033 loading class org/gradle/internal/execution/history/AfterPreviousExecutionState done
Event: 25.039 loading class com/google/common/collect/ImmutableSortedMap
Event: 25.039 loading class com/google/common/collect/ImmutableSortedMap done
Event: 25.045 loading class org/gradle/internal/execution/DefaultOutputSnapshotter$1
Event: 25.045 loading class org/gradle/internal/execution/DefaultOutputSnapshotter$1 done


Dynamic libraries:
0x00007ff6998e0000 - 0x00007ff6998ea000 	C:\Program Files\Android\Android Studio\jre\bin\java.exe
0x00007ffd0dd70000 - 0x00007ffd0df65000 	C:\WINDOWS\SYSTEM32\ntdll.dll
0x00007ffd0daf0000 - 0x00007ffd0dbae000 	C:\WINDOWS\System32\KERNEL32.DLL
0x00007ffd0b8c0000 - 0x00007ffd0bb89000 	C:\WINDOWS\System32\KERNELBASE.dll
0x00007ffd0b730000 - 0x00007ffd0b830000 	C:\WINDOWS\System32\ucrtbase.dll
0x00007ffd06f90000 - 0x00007ffd06fa9000 	C:\Program Files\Android\Android Studio\jre\bin\jli.dll
0x00007ffd06f70000 - 0x00007ffd06f87000 	C:\Program Files\Android\Android Studio\jre\bin\VCRUNTIME140.dll
0x00007ffd0bdc0000 - 0x00007ffd0bf61000 	C:\WINDOWS\System32\USER32.dll
0x00007ffd0b490000 - 0x00007ffd0b4b2000 	C:\WINDOWS\System32\win32u.dll
0x00007ffd0bf70000 - 0x00007ffd0bf9b000 	C:\WINDOWS\System32\GDI32.dll
0x00007ffd0b4c0000 - 0x00007ffd0b5cb000 	C:\WINDOWS\System32\gdi32full.dll
0x00007ffcfb110000 - 0x00007ffcfb3aa000 	C:\WINDOWS\WinSxS\amd64_microsoft.windows.common-controls_6595b64144ccf1df_6.0.19041.1110_none_60b5254171f9507e\COMCTL32.dll
0x00007ffd0bc40000 - 0x00007ffd0bcdd000 	C:\WINDOWS\System32\msvcp_win.dll
0x00007ffd0d590000 - 0x00007ffd0d62e000 	C:\WINDOWS\System32\msvcrt.dll
0x00007ffd0c0d0000 - 0x00007ffd0c100000 	C:\WINDOWS\System32\IMM32.DLL
0x00007ffcffb20000 - 0x00007ffcffbbd000 	C:\Program Files\Android\Android Studio\jre\bin\msvcp140.dll
0x00007ffce1940000 - 0x00007ffce240f000 	C:\Program Files\Android\Android Studio\jre\bin\server\jvm.dll
0x00007ffd0d3f0000 - 0x00007ffd0d49c000 	C:\WINDOWS\System32\ADVAPI32.dll
0x00007ffd0c840000 - 0x00007ffd0c8db000 	C:\WINDOWS\System32\sechost.dll
0x00007ffd0bfa0000 - 0x00007ffd0c0ca000 	C:\WINDOWS\System32\RPCRT4.dll
0x00007ffd0cd60000 - 0x00007ffd0cd68000 	C:\WINDOWS\System32\PSAPI.DLL
0x00007ffcff020000 - 0x00007ffcff047000 	C:\WINDOWS\SYSTEM32\WINMM.dll
0x00007ffd010a0000 - 0x00007ffd010aa000 	C:\WINDOWS\SYSTEM32\VERSION.dll
0x00007ffd06fe0000 - 0x00007ffd06fe9000 	C:\WINDOWS\SYSTEM32\WSOCK32.dll
0x00007ffd0d520000 - 0x00007ffd0d58b000 	C:\WINDOWS\System32\WS2_32.dll
0x00007ffd09390000 - 0x00007ffd093a2000 	C:\WINDOWS\SYSTEM32\kernel.appcore.dll
0x00007ffd059e0000 - 0x00007ffd059f1000 	C:\Program Files\Android\Android Studio\jre\bin\verify.dll
0x00007ffcf6f30000 - 0x00007ffcf7114000 	C:\WINDOWS\SYSTEM32\DBGHELP.DLL
0x00007ffcf6ef0000 - 0x00007ffcf6f1c000 	C:\WINDOWS\SYSTEM32\dbgcore.DLL
0x00007ffd0bd30000 - 0x00007ffd0bdb3000 	C:\WINDOWS\System32\bcryptPrimitives.dll
0x00007ffd05950000 - 0x00007ffd05979000 	C:\Program Files\Android\Android Studio\jre\bin\java.dll
0x00007ffd06f60000 - 0x00007ffd06f6b000 	C:\Program Files\Android\Android Studio\jre\bin\jimage.dll
0x00007ffd058a0000 - 0x00007ffd058b8000 	C:\Program Files\Android\Android Studio\jre\bin\zip.dll
0x00007ffd0c100000 - 0x00007ffd0c83f000 	C:\WINDOWS\System32\SHELL32.dll
0x00007ffd09590000 - 0x00007ffd09d20000 	C:\WINDOWS\SYSTEM32\windows.storage.dll
0x00007ffd0d790000 - 0x00007ffd0dae5000 	C:\WINDOWS\System32\combase.dll
0x00007ffd0aee0000 - 0x00007ffd0af0c000 	C:\WINDOWS\SYSTEM32\Wldp.dll
0x00007ffd0ced0000 - 0x00007ffd0cf7d000 	C:\WINDOWS\System32\SHCORE.dll
0x00007ffd0d730000 - 0x00007ffd0d785000 	C:\WINDOWS\System32\shlwapi.dll
0x00007ffd0b3d0000 - 0x00007ffd0b3ef000 	C:\WINDOWS\SYSTEM32\profapi.dll
0x00007ffd05880000 - 0x00007ffd0589a000 	C:\Program Files\Android\Android Studio\jre\bin\net.dll
0x00007ffcfe6d0000 - 0x00007ffcfe7d8000 	C:\WINDOWS\SYSTEM32\WINHTTP.dll
0x00007ffd0ac40000 - 0x00007ffd0acaa000 	C:\WINDOWS\system32\mswsock.dll
0x00007ffd04fb0000 - 0x00007ffd04fc4000 	C:\Program Files\Android\Android Studio\jre\bin\nio.dll
0x00007ffcf7cf0000 - 0x00007ffcf7d17000 	C:\Program Files\Java\jdk-17.0.1\native\8bec1ad78214c89d9ad589b4d07fe93259594b29d510b10fafb7a158f7737e5d\windows-amd64\native-platform.dll
0x00007ffce2ca0000 - 0x00007ffce2ddd000 	C:\Program Files\Java\jdk-17.0.1\native\53dbd7edfb1c66fb8903c78663c9afc45aea4f116125fa6feffd364cf09443e8\windows-amd64\native-platform-file-events.dll
0x00007ffd06290000 - 0x00007ffd0629a000 	C:\Program Files\Android\Android Studio\jre\bin\management.dll
0x00007ffd05940000 - 0x00007ffd0594c000 	C:\Program Files\Android\Android Studio\jre\bin\management_ext.dll
0x00007ffd0ae30000 - 0x00007ffd0ae48000 	C:\WINDOWS\SYSTEM32\CRYPTSP.dll
0x00007ffd0a550000 - 0x00007ffd0a584000 	C:\WINDOWS\system32\rsaenh.dll
0x00007ffd0b890000 - 0x00007ffd0b8b7000 	C:\WINDOWS\System32\bcrypt.dll
0x00007ffd0b390000 - 0x00007ffd0b3be000 	C:\WINDOWS\SYSTEM32\USERENV.dll
0x00007ffd0ae50000 - 0x00007ffd0ae5c000 	C:\WINDOWS\SYSTEM32\CRYPTBASE.dll
0x00007ffd0a8e0000 - 0x00007ffd0a91b000 	C:\WINDOWS\SYSTEM32\IPHLPAPI.DLL
0x00007ffd0d6c0000 - 0x00007ffd0d6c8000 	C:\WINDOWS\System32\NSI.dll
0x00007ffd02270000 - 0x00007ffd02287000 	C:\WINDOWS\SYSTEM32\dhcpcsvc6.DLL
0x00007ffd02210000 - 0x00007ffd0222d000 	C:\WINDOWS\SYSTEM32\dhcpcsvc.DLL
0x00007ffd0a920000 - 0x00007ffd0a9ec000 	C:\WINDOWS\SYSTEM32\DNSAPI.dll

dbghelp: loaded successfully - version: 4.0.5 - missing functions: none
symbol engine: initialized successfully - sym options: 0x614 - pdb path: .;C:\Program Files\Android\Android Studio\jre\bin;C:\WINDOWS\SYSTEM32;C:\WINDOWS\WinSxS\amd64_microsoft.windows.common-controls_6595b64144ccf1df_6.0.19041.1110_none_60b5254171f9507e;C:\Program Files\Android\Android Studio\jre\bin\server;C:\Program Files\Java\jdk-17.0.1\native\8bec1ad78214c89d9ad589b4d07fe93259594b29d510b10fafb7a158f7737e5d\windows-amd64;C:\Program Files\Java\jdk-17.0.1\native\53dbd7edfb1c66fb8903c78663c9afc45aea4f116125fa6feffd364cf09443e8\windows-amd64

VM Arguments:
jvm_args: --add-opens=java.base/java.util=ALL-UNNAMED --add-opens=java.base/java.lang=ALL-UNNAMED --add-opens=java.base/java.lang.invoke=ALL-UNNAMED --add-opens=java.base/java.util=ALL-UNNAMED --add-opens=java.prefs/java.util.prefs=ALL-UNNAMED --add-opens=java.prefs/java.util.prefs=ALL-UNNAMED --add-opens=java.base/java.nio.charset=ALL-UNNAMED --add-opens=java.base/java.net=ALL-UNNAMED --add-opens=java.base/java.util.concurrent.atomic=ALL-UNNAMED -Xmx2048m -Dfile.encoding=UTF-8 -Duser.country=US -Duser.language=en -Duser.variant 
java_command: org.gradle.launcher.daemon.bootstrap.GradleDaemon 7.0.2
java_class_path (initial): C:\Program Files\Java\jdk-17.0.1\wrapper\dists\gradle-7.0.2-bin\857tjihv64xamwrf0h14cai3r\gradle-7.0.2\lib\gradle-launcher-7.0.2.jar
Launcher Type: SUN_STANDARD

[Global flags]
     intx CICompilerCount                          = 3                                         {product} {ergonomic}
     uint ConcGCThreads                            = 1                                         {product} {ergonomic}
     uint G1ConcRefinementThreads                  = 4                                         {product} {ergonomic}
   size_t G1HeapRegionSize                         = 1048576                                   {product} {ergonomic}
    uintx GCDrainStackTargetSize                   = 64                                        {product} {ergonomic}
   size_t InitialHeapSize                          = 67108864                                  {product} {ergonomic}
   size_t MarkStackSize                            = 4194304                                   {product} {ergonomic}
   size_t MaxHeapSize                              = 2147483648                                {product} {command line}
   size_t MaxNewSize                               = 1287651328                                {product} {ergonomic}
   size_t MinHeapDeltaBytes                        = 1048576                                   {product} {ergonomic}
    uintx NonNMethodCodeHeapSize                   = 5830732                                {pd product} {ergonomic}
    uintx NonProfiledCodeHeapSize                  = 122913754                              {pd product} {ergonomic}
    uintx ProfiledCodeHeapSize                     = 122913754                              {pd product} {ergonomic}
    uintx ReservedCodeCacheSize                    = 251658240                              {pd product} {ergonomic}
     bool SegmentedCodeCache                       = true                                      {product} {ergonomic}
     bool UseCompressedClassPointers               = true                                 {lp64_product} {ergonomic}
     bool UseCompressedOops                        = true                                 {lp64_product} {ergonomic}
     bool UseG1GC                                  = true                                      {product} {ergonomic}
     bool UseLargePagesIndividualAllocation        = false                                  {pd product} {ergonomic}

Logging:
Log output configuration:
 #0: stdout all=warning uptime,level,tags
 #1: stderr all=off uptime,level,tags

Environment Variables:
PATH=C:\Program Files\Common Files\Oracle\Java\javapath;C:\WINDOWS\system32;C:\WINDOWS;C:\WINDOWS\System32\Wbem;C:\WINDOWS\System32\WindowsPowerShell\v1.0\;C:\WINDOWS\System32\OpenSSH\;C:\Program Files\dotnet\;C:\Program Files\Microsoft SQL Server\130\Tools\Binn\;C:\Program Files\Microsoft SQL Server\Client SDK\ODBC\170\Tools\Binn\;C:\Program Files (x86)\dotnet\;C:\Program Files\Git\cmd;C:\Users\MinhNgan\AppData\Local\Microsoft\WindowsApps
USERNAME=MinhNgan
OS=Windows_NT
PROCESSOR_IDENTIFIER=Intel64 Family 6 Model 69 Stepping 1, GenuineIntel



---------------  S Y S T E M  ---------------

OS: Windows 10 , 64 bit Build 19041 (10.0.19041.1202)
OS uptime: 0 days 0:58 hours

CPU:total 4 (initial active 4) (2 cores per cpu, 2 threads per core) family 6 model 69 stepping 1 microcode 0x25, cmov, cx8, fxsr, mmx, sse, sse2, sse3, ssse3, sse4.1, sse4.2, popcnt, avx, avx2, aes, clmul, erms, lzcnt, ht, tsc, tscinvbit, bmi1, bmi2, fma

Memory: 4k page, system-wide physical 3979M (179M free)
TotalPageFile size 6979M (AvailPageFile size 5M)
current process WorkingSet (physical memory assigned to process): 196M, peak: 242M
current process commit charge ("private bytes"): 382M, peak: 385M

vm_info: OpenJDK 64-Bit Server VM (11.0.10+0-b96-7249189) for windows-amd64 JRE (11.0.10+0-b96-7249189), built on Mar 31 2021 21:44:00 by "builder" with MS VC++ 14.0 (VS2015)

END.
