#
# There is insufficient memory for the Java Runtime Environment to continue.
# Native memory allocation (mmap) failed to map 46137344 bytes for Failed to commit area from 0x000000008d800000 to 0x0000000090400000 of length 46137344.
# Possible reasons:
#   The system is out of physical RAM or swap space
#   The process is running with CompressedOops enabled, and the Java Heap may be blocking the growth of the native heap
# Possible solutions:
#   Reduce memory load on the system
#   Increase physical memory or swap space
#   Check if swap backing store is full
#   Decrease Java heap size (-Xmx/-Xms)
#   Decrease number of Java threads
#   Decrease Java thread stack sizes (-Xss)
#   Set larger code cache with -XX:ReservedCodeCacheSize=
#   JVM is running with Unscaled Compressed Oops mode in which the Java heap is
#     placed in the first 4GB address space. The Java Heap base address is the
#     maximum limit for the native heap growth. Please use -XX:HeapBaseMinAddress
#     to set the Java Heap base and to place the Java Heap above 4GB virtual address.
# This output file may be truncated or incomplete.
#
#  Out of Memory Error (./src/hotspot/os/windows/os_windows.cpp:3301), pid=7324, tid=4800
#
# JRE version: OpenJDK Runtime Environment (11.0.10) (build 11.0.10+0-b96-7249189)
# Java VM: OpenJDK 64-Bit Server VM (11.0.10+0-b96-7249189, mixed mode, tiered, compressed oops, g1 gc, windows-amd64)
# No core dump will be written. Minidumps are not enabled by default on client versions of Windows
#

---------------  S U M M A R Y ------------

Command Line: --add-opens=java.base/java.util=ALL-UNNAMED --add-opens=java.base/java.lang=ALL-UNNAMED --add-opens=java.base/java.lang.invoke=ALL-UNNAMED --add-opens=java.base/java.util=ALL-UNNAMED --add-opens=java.prefs/java.util.prefs=ALL-UNNAMED --add-opens=java.prefs/java.util.prefs=ALL-UNNAMED --add-opens=java.base/java.nio.charset=ALL-UNNAMED --add-opens=java.base/java.net=ALL-UNNAMED --add-opens=java.base/java.util.concurrent.atomic=ALL-UNNAMED -Xmx2048m -Dfile.encoding=UTF-8 -Duser.country=US -Duser.language=en -Duser.variant org.gradle.launcher.daemon.bootstrap.GradleDaemon 7.0.2

Host: Intel(R) Core(TM) i5-4210U CPU @ 1.70GHz, 4 cores, 3G,  Windows 10 , 64 bit Build 19041 (10.0.19041.1202)
Time: Wed Nov 10 11:42:06 2021 SE Asia Standard Time elapsed time: 31.607239 seconds (0d 0h 0m 31s)

---------------  T H R E A D  ---------------

Current thread (0x00000206ce8f0000):  VMThread "VM Thread" [stack: 0x000000c648d00000,0x000000c648e00000] [id=4800]

Stack: [0x000000c648d00000,0x000000c648e00000]
[error occurred during error reporting (printing stack bounds), id 0xc0000005, EXCEPTION_ACCESS_VIOLATION (0xc0000005) at pc=0x00000206b80d0f2d]

Native frames: (J=compiled Java code, j=interpreted, Vv=VM code, C=native code)
V  [jvm.dll+0x5ecfaa]
V  [jvm.dll+0x722bd5]
V  [jvm.dll+0x72412d]
V  [jvm.dll+0x724745]
V  [jvm.dll+0x7246fb]
V  [jvm.dll+0x5ec348]
V  [jvm.dll+0x5ecad8]
C  [ntdll.dll+0xa20cf]
C  [ntdll.dll+0x51454]
C  [ntdll.dll+0xa0bfe]
C  0x00000206b80d0f2d

VM_Operation (0x000000c649ff96c0): G1CollectForAllocation, mode: safepoint, requested by thread 0x00000206d1264000


---------------  P R O C E S S  ---------------

Threads class SMR info:
_java_thread_list=0x00000206d010fc40, length=42, elements={
0x00000206b2dfb000, 0x00000206ce8fa000, 0x00000206ce904000, 0x00000206ce951000,
0x00000206ce952000, 0x00000206ce957800, 0x00000206ce95e800, 0x00000206ce964800,
0x00000206ce97e000, 0x00000206cf3cd800, 0x00000206d0e31800, 0x00000206d0a1a000,
0x00000206d03e0800, 0x00000206d0e5e800, 0x00000206d0b79800, 0x00000206d1149800,
0x00000206d1264000, 0x00000206d1721800, 0x00000206d07b9800, 0x00000206d0d31800,
0x00000206d0d2d000, 0x00000206d0d2e000, 0x00000206d0d30800, 0x00000206d0d2f000,
0x00000206d0d2b800, 0x00000206d0d2f800, 0x00000206d0d32000, 0x00000206d0d2c800,
0x00000206d17f6000, 0x00000206d17f4800, 0x00000206d17f7000, 0x00000206d17f3000,
0x00000206d17f1000, 0x00000206d17f8000, 0x00000206d17f2000, 0x00000206d17f9800,
0x00000206d17f3800, 0x00000206d17fa000, 0x00000206d17fb000, 0x00000206d17fc000,
0x00000206d17fe800, 0x00000206d17fc800
}

Java Threads: ( => current thread )
  0x00000206b2dfb000 JavaThread "main" [_thread_blocked, id=3444, stack(0x000000c648700000,0x000000c648800000)]
  0x00000206ce8fa000 JavaThread "Reference Handler" daemon [_thread_blocked, id=8752, stack(0x000000c648e00000,0x000000c648f00000)]
  0x00000206ce904000 JavaThread "Finalizer" daemon [_thread_blocked, id=9180, stack(0x000000c648f00000,0x000000c649000000)]
  0x00000206ce951000 JavaThread "Signal Dispatcher" daemon [_thread_blocked, id=8272, stack(0x000000c649000000,0x000000c649100000)]
  0x00000206ce952000 JavaThread "Attach Listener" daemon [_thread_blocked, id=8692, stack(0x000000c649100000,0x000000c649200000)]
  0x00000206ce957800 JavaThread "Service Thread" daemon [_thread_blocked, id=1744, stack(0x000000c649200000,0x000000c649300000)]
  0x00000206ce95e800 JavaThread "C2 CompilerThread0" daemon [_thread_in_native, id=9072, stack(0x000000c649300000,0x000000c649400000)]
  0x00000206ce964800 JavaThread "C1 CompilerThread0" daemon [_thread_blocked, id=8644, stack(0x000000c649400000,0x000000c649500000)]
  0x00000206ce97e000 JavaThread "Sweeper thread" daemon [_thread_blocked, id=3828, stack(0x000000c649500000,0x000000c649600000)]
  0x00000206cf3cd800 JavaThread "Common-Cleaner" daemon [_thread_blocked, id=2616, stack(0x000000c649600000,0x000000c649700000)]
  0x00000206d0e31800 JavaThread "Daemon health stats" [_thread_blocked, id=9384, stack(0x000000c649900000,0x000000c649a00000)]
  0x00000206d0a1a000 JavaThread "Incoming local TCP Connector on port 50699" [_thread_in_native, id=7408, stack(0x000000c649a00000,0x000000c649b00000)]
  0x00000206d03e0800 JavaThread "Daemon periodic checks" [_thread_blocked, id=6492, stack(0x000000c649b00000,0x000000c649c00000)]
  0x00000206d0e5e800 JavaThread "Daemon" [_thread_blocked, id=7340, stack(0x000000c649c00000,0x000000c649d00000)]
  0x00000206d0b79800 JavaThread "Handler for socket connection from /127.0.0.1:50699 to /127.0.0.1:50700" [_thread_in_native, id=9660, stack(0x000000c649d00000,0x000000c649e00000)]
  0x00000206d1149800 JavaThread "Cancel handler" [_thread_blocked, id=8380, stack(0x000000c649e00000,0x000000c649f00000)]
  0x00000206d1264000 JavaThread "Daemon worker" [_thread_blocked, id=6812, stack(0x000000c649f00000,0x000000c64a000000)]
  0x00000206d1721800 JavaThread "Asynchronous log dispatcher for DefaultDaemonConnection: socket connection from /127.0.0.1:50699 to /127.0.0.1:50700" [_thread_blocked, id=4768, stack(0x000000c64a000000,0x000000c64a100000)]
  0x00000206d07b9800 JavaThread "Stdin handler" [_thread_blocked, id=5876, stack(0x000000c64a100000,0x000000c64a200000)]
  0x00000206d0d31800 JavaThread "Daemon client event forwarder" [_thread_blocked, id=7740, stack(0x000000c64a200000,0x000000c64a300000)]
  0x00000206d0d2d000 JavaThread "Cache worker for file hash cache (C:\Program Files\Java\jdk-17.0.1\caches\7.0.2\fileHashes)" [_thread_blocked, id=1748, stack(0x000000c64a500000,0x000000c64a600000)]
  0x00000206d0d2e000 JavaThread "File lock request listener" [_thread_in_native, id=5604, stack(0x000000c64a600000,0x000000c64a700000)]
  0x00000206d0d30800 JavaThread "Cache worker for journal cache (C:\Program Files\Java\jdk-17.0.1\caches\journal-1)" [_thread_blocked, id=8060, stack(0x000000c64a700000,0x000000c64a800000)]
  0x00000206d0d2f000 JavaThread "Cache worker for file hash cache (C:\Users\MinhNgan\AndroidStudioProjects\Android_hepat\.gradle\7.0.2\fileHashes)" [_thread_blocked, id=5144, stack(0x000000c64a800000,0x000000c64a900000)]
  0x00000206d0d2b800 JavaThread "File watcher server" daemon [_thread_in_native, id=4436, stack(0x000000c64a900000,0x000000c64aa00000)]
  0x00000206d0d2f800 JavaThread "File watcher consumer" daemon [_thread_blocked, id=3304, stack(0x000000c64aa00000,0x000000c64ab00000)]
  0x00000206d0d32000 JavaThread "jar transforms" [_thread_blocked, id=3876, stack(0x000000c64ab00000,0x000000c64ac00000)]
  0x00000206d0d2c800 JavaThread "jar transforms Thread 2" [_thread_blocked, id=8668, stack(0x000000c64ac00000,0x000000c64ad00000)]
  0x00000206d17f6000 JavaThread "jar transforms Thread 3" [_thread_blocked, id=2096, stack(0x000000c64ad00000,0x000000c64ae00000)]
  0x00000206d17f4800 JavaThread "jar transforms Thread 4" [_thread_blocked, id=7464, stack(0x000000c64ae00000,0x000000c64af00000)]
  0x00000206d17f7000 JavaThread "Cache worker for checksums cache (C:\Users\MinhNgan\AndroidStudioProjects\Android_hepat\.gradle\checksums)" [_thread_blocked, id=9476, stack(0x000000c64af00000,0x000000c64b000000)]
  0x00000206d17f3000 JavaThread "Cache worker for cache directory md-supplier (C:\Program Files\Java\jdk-17.0.1\caches\7.0.2\md-supplier)" [_thread_blocked, id=4304, stack(0x000000c64b000000,0x000000c64b100000)]
  0x00000206d17f1000 JavaThread "Cache worker for cache directory md-rule (C:\Program Files\Java\jdk-17.0.1\caches\7.0.2\md-rule)" [_thread_blocked, id=4784, stack(0x000000c64b100000,0x000000c64b200000)]
  0x00000206d17f8000 JavaThread "Cache worker for execution history cache (C:\Program Files\Java\jdk-17.0.1\caches\7.0.2\executionHistory)" [_thread_blocked, id=2944, stack(0x000000c64b200000,0x000000c64b300000)]
  0x00000206d17f2000 JavaThread "Cache worker for file content cache (C:\Program Files\Java\jdk-17.0.1\caches\7.0.2\fileContent)" [_thread_blocked, id=9308, stack(0x000000c64b300000,0x000000c64b400000)]
  0x00000206d17f9800 JavaThread "Cache worker for dependencies-accessors (C:\Users\MinhNgan\AndroidStudioProjects\Android_hepat\.gradle\7.0.2\dependencies-accessors)" [_thread_blocked, id=9572, stack(0x000000c64b400000,0x000000c64b500000)]
  0x00000206d17f3800 JavaThread "Cache worker for Build Output Cleanup Cache (C:\Users\MinhNgan\AndroidStudioProjects\Android_hepat\.gradle\buildOutputCleanup)" [_thread_blocked, id=8108, stack(0x000000c64b500000,0x000000c64b600000)]
  0x00000206d17fa000 JavaThread "Build operations" [_thread_blocked, id=9168, stack(0x000000c64b600000,0x000000c64b700000)]
  0x00000206d17fb000 JavaThread "Build operations Thread 2" [_thread_blocked, id=2064, stack(0x000000c64b700000,0x000000c64b800000)]
  0x00000206d17fc000 JavaThread "Build operations Thread 3" [_thread_blocked, id=7396, stack(0x000000c64b800000,0x000000c64b900000)]
  0x00000206d17fe800 JavaThread "Build operations Thread 4" [_thread_blocked, id=5476, stack(0x000000c64b900000,0x000000c64ba00000)]
  0x00000206d17fc800 JavaThread "Memory manager" [_thread_blocked, id=9184, stack(0x000000c64ba00000,0x000000c64bb00000)]

Other Threads:
=>0x00000206ce8f0000 VMThread "VM Thread" [stack: 0x000000c648d00000,0x000000c648e00000] [id=4800]
  0x00000206cf40f000 WatcherThread [stack: 0x000000c649700000,0x000000c649800000] [id=10136]
  0x00000206b2e13800 GCTaskThread "GC Thread#0" [stack: 0x000000c648800000,0x000000c648900000] [id=5168]
  0x00000206cfda9800 GCTaskThread "GC Thread#1" [stack: 0x000000c649800000,0x000000c649900000] [id=4760]
  0x00000206d1585000 GCTaskThread "GC Thread#2" [stack: 0x000000c64a300000,0x000000c64a400000] [id=7944]
  0x00000206d150e000 GCTaskThread "GC Thread#3" [stack: 0x000000c64a400000,0x000000c64a500000] [id=3180]
  0x00000206b2e43800 ConcurrentGCThread "G1 Main Marker" [stack: 0x000000c648900000,0x000000c648a00000] [id=4388]
  0x00000206b2e46000 ConcurrentGCThread "G1 Conc#0" [stack: 0x000000c648a00000,0x000000c648b00000] [id=5284]
  0x00000206b2e9f800 ConcurrentGCThread "G1 Refine#0" [stack: 0x000000c648b00000,0x000000c648c00000] [id=10116]
  0x00000206b2ea0800 ConcurrentGCThread "G1 Young RemSet Sampling" [stack: 0x000000c648c00000,0x000000c648d00000] [id=10204]

Threads with active compile tasks:
C2 CompilerThread0  31637 11244       4       org.gradle.internal.service.DefaultServiceRegistry$OwnServices::getService (309 bytes)

VM state:at safepoint (normal execution)

VM Mutex/Monitor currently owned by a thread:  ([mutex/lock_event])
[0x00000206b2df73c0] Threads_lock - owner thread: 0x00000206ce8f0000
[0x00000206b2df7570] Heap_lock - owner thread: 0x00000206d1264000

Heap address: 0x0000000080000000, size: 2048 MB, Compressed Oops mode: 32-bit
Narrow klass base: 0x0000000000000000, Narrow klass shift: 3
Compressed class space size: 1073741824 Address: 0x0000000100000000

Heap:
 garbage-first heap   total 266240K, used 106484K [0x0000000080000000, 0x0000000100000000)
  region size 1024K, 10 young (10240K), 10 survivors (10240K)
 Metaspace       used 101931K, capacity 104643K, committed 104832K, reserved 1140736K
  class space    used 13216K, capacity 14198K, committed 14208K, reserved 1048576K
Heap Regions: E=young(eden), S=young(survivor), O=old, HS=humongous(starts), HC=humongous(continues), CS=collection set, F=free, A=archive, TAMS=top-at-mark-start (previous, next)
|   0|0x0000000080000000, 0x0000000080100000, 0x0000000080100000|100%|HS|  |TAMS 0x0000000080100000, 0x0000000080000000| Complete 
|   1|0x0000000080100000, 0x0000000080200000, 0x0000000080200000|100%|HC|  |TAMS 0x0000000080200000, 0x0000000080100000| Complete 
|   2|0x0000000080200000, 0x0000000080300000, 0x0000000080300000|100%|HC|  |TAMS 0x0000000080300000, 0x0000000080200000| Complete 
|   3|0x0000000080300000, 0x0000000080400000, 0x0000000080400000|100%| O|  |TAMS 0x0000000080400000, 0x0000000080300000| Untracked 
|   4|0x0000000080400000, 0x0000000080500000, 0x0000000080500000|100%| O|  |TAMS 0x0000000080500000, 0x0000000080400000| Untracked 
|   5|0x0000000080500000, 0x0000000080600000, 0x0000000080600000|100%| O|  |TAMS 0x0000000080600000, 0x0000000080500000| Untracked 
|   6|0x0000000080600000, 0x0000000080700000, 0x0000000080700000|100%| O|  |TAMS 0x0000000080700000, 0x0000000080600000| Untracked 
|   7|0x0000000080700000, 0x0000000080800000, 0x0000000080800000|100%| O|  |TAMS 0x0000000080800000, 0x0000000080700000| Untracked 
|   8|0x0000000080800000, 0x0000000080900000, 0x0000000080900000|100%| O|  |TAMS 0x0000000080900000, 0x0000000080800000| Untracked 
|   9|0x0000000080900000, 0x0000000080a00000, 0x0000000080a00000|100%| O|  |TAMS 0x0000000080a00000, 0x0000000080900000| Untracked 
|  10|0x0000000080a00000, 0x0000000080b00000, 0x0000000080b00000|100%| O|  |TAMS 0x0000000080b00000, 0x0000000080a00000| Untracked 
|  11|0x0000000080b00000, 0x0000000080c00000, 0x0000000080c00000|100%| O|  |TAMS 0x0000000080c00000, 0x0000000080b00000| Untracked 
|  12|0x0000000080c00000, 0x0000000080d00000, 0x0000000080d00000|100%| O|  |TAMS 0x0000000080d00000, 0x0000000080c00000| Untracked 
|  13|0x0000000080d00000, 0x0000000080e00000, 0x0000000080e00000|100%| O|  |TAMS 0x0000000080e00000, 0x0000000080d00000| Untracked 
|  14|0x0000000080e00000, 0x0000000080f00000, 0x0000000080f00000|100%| O|  |TAMS 0x0000000080f00000, 0x0000000080e00000| Untracked 
|  15|0x0000000080f00000, 0x0000000081000000, 0x0000000081000000|100%| O|  |TAMS 0x0000000081000000, 0x0000000080f00000| Untracked 
|  16|0x0000000081000000, 0x0000000081100000, 0x0000000081100000|100%|HS|  |TAMS 0x0000000081100000, 0x0000000081000000| Complete 
|  17|0x0000000081100000, 0x0000000081200000, 0x0000000081200000|100%|HC|  |TAMS 0x0000000081200000, 0x0000000081100000| Complete 
|  18|0x0000000081200000, 0x0000000081300000, 0x0000000081300000|100%|HS|  |TAMS 0x0000000081300000, 0x0000000081200000| Complete 
|  19|0x0000000081300000, 0x0000000081400000, 0x0000000081400000|100%|HC|  |TAMS 0x0000000081400000, 0x0000000081300000| Complete 
|  20|0x0000000081400000, 0x0000000081500000, 0x0000000081500000|100%|HC|  |TAMS 0x0000000081500000, 0x0000000081400000| Complete 
|  21|0x0000000081500000, 0x0000000081600000, 0x0000000081600000|100%|HS|  |TAMS 0x0000000081600000, 0x0000000081500000| Complete 
|  22|0x0000000081600000, 0x0000000081700000, 0x0000000081700000|100%|HC|  |TAMS 0x0000000081700000, 0x0000000081600000| Complete 
|  23|0x0000000081700000, 0x0000000081800000, 0x0000000081800000|100%|HC|  |TAMS 0x0000000081800000, 0x0000000081700000| Complete 
|  24|0x0000000081800000, 0x0000000081900000, 0x0000000081900000|100%|HC|  |TAMS 0x0000000081900000, 0x0000000081800000| Complete 
|  25|0x0000000081900000, 0x0000000081a00000, 0x0000000081a00000|100%|HC|  |TAMS 0x0000000081a00000, 0x0000000081900000| Complete 
|  26|0x0000000081a00000, 0x0000000081b00000, 0x0000000081b00000|100%| O|  |TAMS 0x0000000081b00000, 0x0000000081a00000| Untracked 
|  27|0x0000000081b00000, 0x0000000081c00000, 0x0000000081c00000|100%| O|  |TAMS 0x0000000081c00000, 0x0000000081b00000| Untracked 
|  28|0x0000000081c00000, 0x0000000081d00000, 0x0000000081d00000|100%| O|  |TAMS 0x0000000081d00000, 0x0000000081c00000| Untracked 
|  29|0x0000000081d00000, 0x0000000081e00000, 0x0000000081e00000|100%| O|  |TAMS 0x0000000081e00000, 0x0000000081d00000| Untracked 
|  30|0x0000000081e00000, 0x0000000081f00000, 0x0000000081f00000|100%| O|  |TAMS 0x0000000081f00000, 0x0000000081e00000| Untracked 
|  31|0x0000000081f00000, 0x0000000082000000, 0x0000000082000000|100%| O|  |TAMS 0x0000000082000000, 0x0000000081f00000| Untracked 
|  32|0x0000000082000000, 0x0000000082100000, 0x0000000082100000|100%| O|  |TAMS 0x0000000082100000, 0x0000000082000000| Untracked 
|  33|0x0000000082100000, 0x0000000082200000, 0x0000000082200000|100%| O|  |TAMS 0x0000000082200000, 0x0000000082100000| Untracked 
|  34|0x0000000082200000, 0x0000000082300000, 0x0000000082300000|100%| O|  |TAMS 0x0000000082300000, 0x0000000082200000| Untracked 
|  35|0x0000000082300000, 0x0000000082400000, 0x0000000082400000|100%| O|  |TAMS 0x0000000082400000, 0x0000000082300000| Untracked 
|  36|0x0000000082400000, 0x0000000082500000, 0x0000000082500000|100%| O|  |TAMS 0x0000000082500000, 0x0000000082400000| Untracked 
|  37|0x0000000082500000, 0x0000000082600000, 0x0000000082600000|100%| O|  |TAMS 0x0000000082600000, 0x0000000082500000| Untracked 
|  38|0x0000000082600000, 0x0000000082700000, 0x0000000082700000|100%|HS|  |TAMS 0x0000000082700000, 0x0000000082600000| Complete 
|  39|0x0000000082700000, 0x0000000082800000, 0x0000000082800000|100%|HC|  |TAMS 0x0000000082800000, 0x0000000082700000| Complete 
|  40|0x0000000082800000, 0x0000000082900000, 0x0000000082900000|100%|HC|  |TAMS 0x0000000082900000, 0x0000000082800000| Complete 
|  41|0x0000000082900000, 0x0000000082a00000, 0x0000000082a00000|100%|HC|  |TAMS 0x0000000082a00000, 0x0000000082900000| Complete 
|  42|0x0000000082a00000, 0x0000000082b00000, 0x0000000082b00000|100%|HC|  |TAMS 0x0000000082b00000, 0x0000000082a00000| Complete 
|  43|0x0000000082b00000, 0x0000000082c00000, 0x0000000082c00000|100%|HS|  |TAMS 0x0000000082c00000, 0x0000000082b00000| Complete 
|  44|0x0000000082c00000, 0x0000000082d00000, 0x0000000082d00000|100%|HC|  |TAMS 0x0000000082d00000, 0x0000000082c00000| Complete 
|  45|0x0000000082d00000, 0x0000000082e00000, 0x0000000082e00000|100%|HC|  |TAMS 0x0000000082e00000, 0x0000000082d00000| Complete 
|  46|0x0000000082e00000, 0x0000000082f00000, 0x0000000082f00000|100%| O|  |TAMS 0x0000000082f00000, 0x0000000082e00000| Untracked 
|  47|0x0000000082f00000, 0x0000000083000000, 0x0000000083000000|100%| O|  |TAMS 0x0000000083000000, 0x0000000082f00000| Untracked 
|  48|0x0000000083000000, 0x0000000083100000, 0x0000000083100000|100%| O|  |TAMS 0x0000000083100000, 0x0000000083000000| Untracked 
|  49|0x0000000083100000, 0x0000000083200000, 0x0000000083200000|100%| O|  |TAMS 0x0000000083200000, 0x0000000083100000| Untracked 
|  50|0x0000000083200000, 0x0000000083300000, 0x0000000083300000|100%| O|  |TAMS 0x0000000083300000, 0x0000000083200000| Untracked 
|  51|0x0000000083300000, 0x0000000083400000, 0x0000000083400000|100%| O|  |TAMS 0x0000000083400000, 0x0000000083300000| Untracked 
|  52|0x0000000083400000, 0x0000000083500000, 0x0000000083500000|100%| O|  |TAMS 0x0000000083500000, 0x0000000083400000| Untracked 
|  53|0x0000000083500000, 0x0000000083600000, 0x0000000083600000|100%| O|  |TAMS 0x0000000083600000, 0x0000000083500000| Untracked 
|  54|0x0000000083600000, 0x0000000083700000, 0x0000000083700000|100%| O|  |TAMS 0x0000000083700000, 0x0000000083600000| Untracked 
|  55|0x0000000083700000, 0x0000000083800000, 0x0000000083800000|100%|HS|  |TAMS 0x0000000083800000, 0x0000000083700000| Complete 
|  56|0x0000000083800000, 0x0000000083900000, 0x0000000083900000|100%|HS|  |TAMS 0x0000000083900000, 0x0000000083800000| Complete 
|  57|0x0000000083900000, 0x0000000083a00000, 0x0000000083a00000|100%| O|  |TAMS 0x0000000083a00000, 0x0000000083900000| Untracked 
|  58|0x0000000083a00000, 0x0000000083b00000, 0x0000000083b00000|100%| O|  |TAMS 0x0000000083b00000, 0x0000000083a00000| Untracked 
|  59|0x0000000083b00000, 0x0000000083c00000, 0x0000000083c00000|100%|HS|  |TAMS 0x0000000083c00000, 0x0000000083b00000| Complete 
|  60|0x0000000083c00000, 0x0000000083d00000, 0x0000000083d00000|100%|HC|  |TAMS 0x0000000083d00000, 0x0000000083c00000| Complete 
|  61|0x0000000083d00000, 0x0000000083e00000, 0x0000000083e00000|100%| O|  |TAMS 0x0000000083e00000, 0x0000000083d00000| Untracked 
|  62|0x0000000083e00000, 0x0000000083f00000, 0x0000000083f00000|100%| O|  |TAMS 0x0000000083f00000, 0x0000000083e00000| Untracked 
|  63|0x0000000083f00000, 0x0000000084000000, 0x0000000084000000|100%| O|  |TAMS 0x0000000084000000, 0x0000000083f00000| Untracked 
|  64|0x0000000084000000, 0x0000000084100000, 0x0000000084100000|100%| O|  |TAMS 0x0000000084100000, 0x0000000084000000| Untracked 
|  65|0x0000000084100000, 0x0000000084200000, 0x0000000084200000|100%| O|  |TAMS 0x0000000084200000, 0x0000000084100000| Untracked 
|  66|0x0000000084200000, 0x0000000084300000, 0x0000000084300000|100%| O|  |TAMS 0x0000000084300000, 0x0000000084200000| Untracked 
|  67|0x0000000084300000, 0x0000000084400000, 0x0000000084400000|100%| O|  |TAMS 0x0000000084400000, 0x0000000084300000| Untracked 
|  68|0x0000000084400000, 0x0000000084500000, 0x0000000084500000|100%| O|  |TAMS 0x0000000084500000, 0x0000000084400000| Untracked 
|  69|0x0000000084500000, 0x0000000084600000, 0x0000000084600000|100%| O|  |TAMS 0x0000000084600000, 0x0000000084500000| Untracked 
|  70|0x0000000084600000, 0x0000000084700000, 0x0000000084700000|100%| O|  |TAMS 0x0000000084700000, 0x0000000084600000| Untracked 
|  71|0x0000000084700000, 0x0000000084800000, 0x0000000084800000|100%| O|  |TAMS 0x0000000084800000, 0x0000000084700000| Untracked 
|  72|0x0000000084800000, 0x0000000084900000, 0x0000000084900000|100%| O|  |TAMS 0x0000000084900000, 0x0000000084800000| Untracked 
|  73|0x0000000084900000, 0x0000000084a00000, 0x0000000084a00000|100%| O|  |TAMS 0x0000000084a00000, 0x0000000084900000| Untracked 
|  74|0x0000000084a00000, 0x0000000084b00000, 0x0000000084b00000|100%| O|  |TAMS 0x0000000084b00000, 0x0000000084a00000| Untracked 
|  75|0x0000000084b00000, 0x0000000084c00000, 0x0000000084c00000|100%| O|  |TAMS 0x0000000084c00000, 0x0000000084b00000| Untracked 
|  76|0x0000000084c00000, 0x0000000084d00000, 0x0000000084d00000|100%| O|  |TAMS 0x0000000084d00000, 0x0000000084c00000| Untracked 
|  77|0x0000000084d00000, 0x0000000084e00000, 0x0000000084e00000|100%| O|  |TAMS 0x0000000084e00000, 0x0000000084d00000| Untracked 
|  78|0x0000000084e00000, 0x0000000084f00000, 0x0000000084f00000|100%| O|  |TAMS 0x0000000084f00000, 0x0000000084e00000| Untracked 
|  79|0x0000000084f00000, 0x0000000085000000, 0x0000000085000000|100%| O|  |TAMS 0x0000000085000000, 0x0000000084f00000| Untracked 
|  80|0x0000000085000000, 0x0000000085100000, 0x0000000085100000|100%| O|  |TAMS 0x0000000085100000, 0x0000000085000000| Untracked 
|  81|0x0000000085100000, 0x0000000085200000, 0x0000000085200000|100%| O|  |TAMS 0x0000000085200000, 0x0000000085100000| Untracked 
|  82|0x0000000085200000, 0x0000000085300000, 0x0000000085300000|100%| O|  |TAMS 0x00000000852d8000, 0x0000000085200000| Untracked 
|  83|0x0000000085300000, 0x0000000085400000, 0x0000000085400000|100%| O|  |TAMS 0x0000000085300000, 0x0000000085300000| Untracked 
|  84|0x0000000085400000, 0x0000000085500000, 0x0000000085500000|100%| O|  |TAMS 0x0000000085400000, 0x0000000085400000| Untracked 
|  85|0x0000000085500000, 0x0000000085600000, 0x0000000085600000|100%| O|  |TAMS 0x0000000085500000, 0x0000000085500000| Untracked 
|  86|0x0000000085600000, 0x0000000085700000, 0x0000000085700000|100%| O|  |TAMS 0x0000000085600000, 0x0000000085600000| Untracked 
|  87|0x0000000085700000, 0x0000000085800000, 0x0000000085800000|100%| O|  |TAMS 0x0000000085700000, 0x0000000085700000| Untracked 
|  88|0x0000000085800000, 0x0000000085900000, 0x0000000085900000|100%| O|  |TAMS 0x0000000085800000, 0x0000000085800000| Untracked 
|  89|0x0000000085900000, 0x0000000085a00000, 0x0000000085a00000|100%| O|  |TAMS 0x0000000085900000, 0x0000000085900000| Untracked 
|  90|0x0000000085a00000, 0x0000000085b00000, 0x0000000085b00000|100%| O|  |TAMS 0x0000000085a00000, 0x0000000085a00000| Untracked 
|  91|0x0000000085b00000, 0x0000000085c00000, 0x0000000085c00000|100%| O|  |TAMS 0x0000000085b00000, 0x0000000085b00000| Untracked 
|  92|0x0000000085c00000, 0x0000000085d00000, 0x0000000085d00000|100%| O|  |TAMS 0x0000000085c00000, 0x0000000085c00000| Untracked 
|  93|0x0000000085d00000, 0x0000000085e00000, 0x0000000085e00000|100%| O|  |TAMS 0x0000000085d00000, 0x0000000085d00000| Untracked 
|  94|0x0000000085e00000, 0x0000000085e2a000, 0x0000000085f00000| 16%| O|  |TAMS 0x0000000085e00000, 0x0000000085e00000| Untracked 
|  95|0x0000000085f00000, 0x0000000085f00000, 0x0000000086000000|  0%| F|  |TAMS 0x0000000085f00000, 0x0000000085f00000| Untracked 
|  96|0x0000000086000000, 0x0000000086000000, 0x0000000086100000|  0%| F|  |TAMS 0x0000000086000000, 0x0000000086000000| Untracked 
|  97|0x0000000086100000, 0x0000000086100000, 0x0000000086200000|  0%| F|  |TAMS 0x0000000086100000, 0x0000000086100000| Untracked 
|  98|0x0000000086200000, 0x0000000086200000, 0x0000000086300000|  0%| F|  |TAMS 0x0000000086200000, 0x0000000086200000| Untracked 
|  99|0x0000000086300000, 0x0000000086300000, 0x0000000086400000|  0%| F|  |TAMS 0x0000000086300000, 0x0000000086300000| Untracked 
| 100|0x0000000086400000, 0x0000000086400000, 0x0000000086500000|  0%| F|  |TAMS 0x0000000086400000, 0x0000000086400000| Untracked 
| 101|0x0000000086500000, 0x0000000086500000, 0x0000000086600000|  0%| F|  |TAMS 0x0000000086500000, 0x0000000086500000| Untracked 
| 102|0x0000000086600000, 0x0000000086600000, 0x0000000086700000|  0%| F|  |TAMS 0x0000000086600000, 0x0000000086600000| Untracked 
| 103|0x0000000086700000, 0x0000000086700000, 0x0000000086800000|  0%| F|  |TAMS 0x0000000086700000, 0x0000000086700000| Untracked 
| 104|0x0000000086800000, 0x0000000086800000, 0x0000000086900000|  0%| F|  |TAMS 0x0000000086800000, 0x0000000086800000| Untracked 
| 105|0x0000000086900000, 0x0000000086900000, 0x0000000086a00000|  0%| F|  |TAMS 0x0000000086900000, 0x0000000086900000| Untracked 
| 106|0x0000000086a00000, 0x0000000086a00000, 0x0000000086b00000|  0%| F|  |TAMS 0x0000000086a00000, 0x0000000086a00000| Untracked 
| 107|0x0000000086b00000, 0x0000000086b00000, 0x0000000086c00000|  0%| F|  |TAMS 0x0000000086b00000, 0x0000000086b00000| Untracked 
| 108|0x0000000086c00000, 0x0000000086c00000, 0x0000000086d00000|  0%| F|  |TAMS 0x0000000086c00000, 0x0000000086c00000| Untracked 
| 109|0x0000000086d00000, 0x0000000086d00000, 0x0000000086e00000|  0%| F|  |TAMS 0x0000000086d00000, 0x0000000086d00000| Untracked 
| 110|0x0000000086e00000, 0x0000000086e00000, 0x0000000086f00000|  0%| F|  |TAMS 0x0000000086e00000, 0x0000000086e00000| Untracked 
| 111|0x0000000086f00000, 0x0000000086f00000, 0x0000000087000000|  0%| F|  |TAMS 0x0000000086f00000, 0x0000000086f00000| Untracked 
| 112|0x0000000087000000, 0x0000000087000000, 0x0000000087100000|  0%| F|  |TAMS 0x0000000087000000, 0x0000000087000000| Untracked 
| 113|0x0000000087100000, 0x0000000087100000, 0x0000000087200000|  0%| F|  |TAMS 0x0000000087100000, 0x0000000087100000| Untracked 
| 114|0x0000000087200000, 0x0000000087200000, 0x0000000087300000|  0%| F|  |TAMS 0x0000000087200000, 0x0000000087200000| Untracked 
| 115|0x0000000087300000, 0x0000000087300000, 0x0000000087400000|  0%| F|  |TAMS 0x0000000087300000, 0x0000000087300000| Untracked 
| 116|0x0000000087400000, 0x0000000087400000, 0x0000000087500000|  0%| F|  |TAMS 0x0000000087400000, 0x0000000087400000| Untracked 
| 117|0x0000000087500000, 0x0000000087500000, 0x0000000087600000|  0%| F|  |TAMS 0x0000000087500000, 0x0000000087500000| Untracked 
| 118|0x0000000087600000, 0x0000000087600000, 0x0000000087700000|  0%| F|  |TAMS 0x0000000087600000, 0x0000000087600000| Untracked 
| 119|0x0000000087700000, 0x0000000087700000, 0x0000000087800000|  0%| F|  |TAMS 0x0000000087700000, 0x0000000087700000| Untracked 
| 120|0x0000000087800000, 0x0000000087800000, 0x0000000087900000|  0%| F|  |TAMS 0x0000000087800000, 0x0000000087800000| Untracked 
| 121|0x0000000087900000, 0x0000000087900000, 0x0000000087a00000|  0%| F|  |TAMS 0x0000000087900000, 0x0000000087900000| Untracked 
| 122|0x0000000087a00000, 0x0000000087a00000, 0x0000000087b00000|  0%| F|  |TAMS 0x0000000087a00000, 0x0000000087a00000| Untracked 
| 123|0x0000000087b00000, 0x0000000087b00000, 0x0000000087c00000|  0%| F|  |TAMS 0x0000000087b00000, 0x0000000087b00000| Untracked 
| 124|0x0000000087c00000, 0x0000000087c00000, 0x0000000087d00000|  0%| F|  |TAMS 0x0000000087c00000, 0x0000000087c00000| Untracked 
| 125|0x0000000087d00000, 0x0000000087d00000, 0x0000000087e00000|  0%| F|  |TAMS 0x0000000087d00000, 0x0000000087d00000| Untracked 
| 126|0x0000000087e00000, 0x0000000087e00000, 0x0000000087f00000|  0%| F|  |TAMS 0x0000000087e00000, 0x0000000087e00000| Untracked 
| 127|0x0000000087f00000, 0x0000000087f00000, 0x0000000088000000|  0%| F|  |TAMS 0x0000000087f00000, 0x0000000087f00000| Untracked 
| 128|0x0000000088000000, 0x0000000088000000, 0x0000000088100000|  0%| F|  |TAMS 0x0000000088000000, 0x0000000088000000| Untracked 
| 129|0x0000000088100000, 0x0000000088100000, 0x0000000088200000|  0%| F|  |TAMS 0x0000000088100000, 0x0000000088100000| Untracked 
| 130|0x0000000088200000, 0x00000000882d3190, 0x0000000088300000| 82%| S|CS|TAMS 0x0000000088200000, 0x0000000088200000| Complete 
| 131|0x0000000088300000, 0x0000000088400000, 0x0000000088400000|100%| S|CS|TAMS 0x0000000088300000, 0x0000000088300000| Complete 
| 132|0x0000000088400000, 0x0000000088500000, 0x0000000088500000|100%| S|CS|TAMS 0x0000000088400000, 0x0000000088400000| Complete 
| 133|0x0000000088500000, 0x0000000088600000, 0x0000000088600000|100%| S|CS|TAMS 0x0000000088500000, 0x0000000088500000| Complete 
| 134|0x0000000088600000, 0x0000000088700000, 0x0000000088700000|100%| S|CS|TAMS 0x0000000088600000, 0x0000000088600000| Complete 
| 135|0x0000000088700000, 0x0000000088800000, 0x0000000088800000|100%| S|CS|TAMS 0x0000000088700000, 0x0000000088700000| Complete 
| 136|0x0000000088800000, 0x0000000088900000, 0x0000000088900000|100%| S|CS|TAMS 0x0000000088800000, 0x0000000088800000| Complete 
| 137|0x0000000088900000, 0x0000000088a00000, 0x0000000088a00000|100%| S|CS|TAMS 0x0000000088900000, 0x0000000088900000| Complete 
| 138|0x0000000088a00000, 0x0000000088b00000, 0x0000000088b00000|100%| S|CS|TAMS 0x0000000088a00000, 0x0000000088a00000| Complete 
| 139|0x0000000088b00000, 0x0000000088c00000, 0x0000000088c00000|100%| S|CS|TAMS 0x0000000088b00000, 0x0000000088b00000| Complete 
| 140|0x0000000088c00000, 0x0000000088c00000, 0x0000000088d00000|  0%| F|  |TAMS 0x0000000088c00000, 0x0000000088c00000| Untracked 
| 141|0x0000000088d00000, 0x0000000088d00000, 0x0000000088e00000|  0%| F|  |TAMS 0x0000000088d00000, 0x0000000088d00000| Untracked 
| 142|0x0000000088e00000, 0x0000000088e00000, 0x0000000088f00000|  0%| F|  |TAMS 0x0000000088e00000, 0x0000000088e00000| Untracked 
| 143|0x0000000088f00000, 0x0000000088f00000, 0x0000000089000000|  0%| F|  |TAMS 0x0000000088f00000, 0x0000000088f00000| Untracked 
| 144|0x0000000089000000, 0x0000000089000000, 0x0000000089100000|  0%| F|  |TAMS 0x0000000089000000, 0x0000000089000000| Untracked 
| 145|0x0000000089100000, 0x0000000089100000, 0x0000000089200000|  0%| F|  |TAMS 0x0000000089100000, 0x0000000089100000| Untracked 
| 146|0x0000000089200000, 0x0000000089200000, 0x0000000089300000|  0%| F|  |TAMS 0x0000000089200000, 0x0000000089200000| Untracked 
| 147|0x0000000089300000, 0x0000000089300000, 0x0000000089400000|  0%| F|  |TAMS 0x0000000089300000, 0x0000000089300000| Untracked 
| 148|0x0000000089400000, 0x0000000089400000, 0x0000000089500000|  0%| F|  |TAMS 0x0000000089400000, 0x0000000089400000| Untracked 
| 149|0x0000000089500000, 0x0000000089500000, 0x0000000089600000|  0%| F|  |TAMS 0x0000000089500000, 0x0000000089500000| Untracked 
| 150|0x0000000089600000, 0x0000000089600000, 0x0000000089700000|  0%| F|  |TAMS 0x0000000089600000, 0x0000000089600000| Untracked 
| 151|0x0000000089700000, 0x0000000089700000, 0x0000000089800000|  0%| F|  |TAMS 0x0000000089700000, 0x0000000089700000| Untracked 
| 152|0x0000000089800000, 0x0000000089800000, 0x0000000089900000|  0%| F|  |TAMS 0x0000000089800000, 0x0000000089800000| Untracked 
| 153|0x0000000089900000, 0x0000000089900000, 0x0000000089a00000|  0%| F|  |TAMS 0x0000000089900000, 0x0000000089900000| Untracked 
| 154|0x0000000089a00000, 0x0000000089a00000, 0x0000000089b00000|  0%| F|  |TAMS 0x0000000089a00000, 0x0000000089a00000| Untracked 
| 155|0x0000000089b00000, 0x0000000089b00000, 0x0000000089c00000|  0%| F|  |TAMS 0x0000000089b00000, 0x0000000089b00000| Untracked 
| 156|0x0000000089c00000, 0x0000000089c00000, 0x0000000089d00000|  0%| F|  |TAMS 0x0000000089c00000, 0x0000000089c00000| Untracked 
| 157|0x0000000089d00000, 0x0000000089d00000, 0x0000000089e00000|  0%| F|  |TAMS 0x0000000089d00000, 0x0000000089d00000| Untracked 
| 158|0x0000000089e00000, 0x0000000089e00000, 0x0000000089f00000|  0%| F|  |TAMS 0x0000000089e00000, 0x0000000089e00000| Untracked 
| 159|0x0000000089f00000, 0x0000000089f00000, 0x000000008a000000|  0%| F|  |TAMS 0x0000000089f00000, 0x0000000089f00000| Untracked 
| 160|0x000000008a000000, 0x000000008a000000, 0x000000008a100000|  0%| F|  |TAMS 0x000000008a000000, 0x000000008a000000| Untracked 
| 161|0x000000008a100000, 0x000000008a100000, 0x000000008a200000|  0%| F|  |TAMS 0x000000008a100000, 0x000000008a100000| Untracked 
| 162|0x000000008a200000, 0x000000008a200000, 0x000000008a300000|  0%| F|  |TAMS 0x000000008a200000, 0x000000008a200000| Untracked 
| 163|0x000000008a300000, 0x000000008a300000, 0x000000008a400000|  0%| F|  |TAMS 0x000000008a300000, 0x000000008a300000| Untracked 
| 164|0x000000008a400000, 0x000000008a400000, 0x000000008a500000|  0%| F|  |TAMS 0x000000008a400000, 0x000000008a400000| Untracked 
| 165|0x000000008a500000, 0x000000008a500000, 0x000000008a600000|  0%| F|  |TAMS 0x000000008a500000, 0x000000008a500000| Untracked 
| 166|0x000000008a600000, 0x000000008a600000, 0x000000008a700000|  0%| F|  |TAMS 0x000000008a600000, 0x000000008a600000| Untracked 
| 167|0x000000008a700000, 0x000000008a700000, 0x000000008a800000|  0%| F|  |TAMS 0x000000008a700000, 0x000000008a700000| Untracked 
| 168|0x000000008a800000, 0x000000008a800000, 0x000000008a900000|  0%| F|  |TAMS 0x000000008a800000, 0x000000008a800000| Untracked 
| 169|0x000000008a900000, 0x000000008a900000, 0x000000008aa00000|  0%| F|  |TAMS 0x000000008a900000, 0x000000008a900000| Untracked 
| 170|0x000000008aa00000, 0x000000008aa00000, 0x000000008ab00000|  0%| F|  |TAMS 0x000000008aa00000, 0x000000008aa00000| Untracked 
| 171|0x000000008ab00000, 0x000000008ab00000, 0x000000008ac00000|  0%| F|  |TAMS 0x000000008ab00000, 0x000000008ab00000| Untracked 
| 172|0x000000008ac00000, 0x000000008ac00000, 0x000000008ad00000|  0%| F|  |TAMS 0x000000008ac00000, 0x000000008ac00000| Untracked 
| 173|0x000000008ad00000, 0x000000008ad00000, 0x000000008ae00000|  0%| F|  |TAMS 0x000000008ad00000, 0x000000008ad00000| Untracked 
| 174|0x000000008ae00000, 0x000000008ae00000, 0x000000008af00000|  0%| F|  |TAMS 0x000000008ae00000, 0x000000008ae00000| Untracked 
| 175|0x000000008af00000, 0x000000008af00000, 0x000000008b000000|  0%| F|  |TAMS 0x000000008af00000, 0x000000008af00000| Untracked 
| 176|0x000000008b000000, 0x000000008b000000, 0x000000008b100000|  0%| F|  |TAMS 0x000000008b000000, 0x000000008b000000| Untracked 
| 177|0x000000008b100000, 0x000000008b100000, 0x000000008b200000|  0%| F|  |TAMS 0x000000008b100000, 0x000000008b100000| Untracked 
| 178|0x000000008b200000, 0x000000008b200000, 0x000000008b300000|  0%| F|  |TAMS 0x000000008b200000, 0x000000008b200000| Untracked 
| 179|0x000000008b300000, 0x000000008b300000, 0x000000008b400000|  0%| F|  |TAMS 0x000000008b300000, 0x000000008b300000| Untracked 
| 180|0x000000008b400000, 0x000000008b400000, 0x000000008b500000|  0%| F|  |TAMS 0x000000008b400000, 0x000000008b400000| Untracked 
| 181|0x000000008b500000, 0x000000008b500000, 0x000000008b600000|  0%| F|  |TAMS 0x000000008b500000, 0x000000008b500000| Untracked 
| 182|0x000000008b600000, 0x000000008b600000, 0x000000008b700000|  0%| F|  |TAMS 0x000000008b600000, 0x000000008b600000| Untracked 
| 183|0x000000008b700000, 0x000000008b700000, 0x000000008b800000|  0%| F|  |TAMS 0x000000008b700000, 0x000000008b700000| Untracked 
| 184|0x000000008b800000, 0x000000008b800000, 0x000000008b900000|  0%| F|  |TAMS 0x000000008b800000, 0x000000008b800000| Untracked 
| 185|0x000000008b900000, 0x000000008b900000, 0x000000008ba00000|  0%| F|  |TAMS 0x000000008b900000, 0x000000008b900000| Untracked 
| 186|0x000000008ba00000, 0x000000008ba00000, 0x000000008bb00000|  0%| F|  |TAMS 0x000000008ba00000, 0x000000008ba00000| Untracked 
| 187|0x000000008bb00000, 0x000000008bb00000, 0x000000008bc00000|  0%| F|  |TAMS 0x000000008bb00000, 0x000000008bb00000| Untracked 
| 188|0x000000008bc00000, 0x000000008bc00000, 0x000000008bd00000|  0%| F|  |TAMS 0x000000008bc00000, 0x000000008bc00000| Untracked 
| 189|0x000000008bd00000, 0x000000008bd00000, 0x000000008be00000|  0%| F|  |TAMS 0x000000008bd00000, 0x000000008bd00000| Untracked 
| 190|0x000000008be00000, 0x000000008be00000, 0x000000008bf00000|  0%| F|  |TAMS 0x000000008be00000, 0x000000008be00000| Untracked 
| 191|0x000000008bf00000, 0x000000008bf00000, 0x000000008c000000|  0%| F|  |TAMS 0x000000008bf00000, 0x000000008bf00000| Untracked 
| 192|0x000000008c000000, 0x000000008c000000, 0x000000008c100000|  0%| F|  |TAMS 0x000000008c000000, 0x000000008c000000| Untracked 
| 193|0x000000008c100000, 0x000000008c100000, 0x000000008c200000|  0%| F|  |TAMS 0x000000008c100000, 0x000000008c100000| Untracked 
| 194|0x000000008c200000, 0x000000008c200000, 0x000000008c300000|  0%| F|  |TAMS 0x000000008c200000, 0x000000008c200000| Untracked 
| 195|0x000000008c300000, 0x000000008c300000, 0x000000008c400000|  0%| F|  |TAMS 0x000000008c300000, 0x000000008c300000| Untracked 
| 196|0x000000008c400000, 0x000000008c400000, 0x000000008c500000|  0%| F|  |TAMS 0x000000008c400000, 0x000000008c400000| Untracked 
| 197|0x000000008c500000, 0x000000008c500000, 0x000000008c600000|  0%| F|  |TAMS 0x000000008c500000, 0x000000008c500000| Untracked 
| 198|0x000000008c600000, 0x000000008c600000, 0x000000008c700000|  0%| F|  |TAMS 0x000000008c600000, 0x000000008c600000| Untracked 
| 199|0x000000008c700000, 0x000000008c700000, 0x000000008c800000|  0%| F|  |TAMS 0x000000008c700000, 0x000000008c700000| Untracked 
| 200|0x000000008c800000, 0x000000008c800000, 0x000000008c900000|  0%| F|  |TAMS 0x000000008c800000, 0x000000008c800000| Untracked 
| 201|0x000000008c900000, 0x000000008c900000, 0x000000008ca00000|  0%| F|  |TAMS 0x000000008c900000, 0x000000008c900000| Untracked 
| 202|0x000000008ca00000, 0x000000008ca00000, 0x000000008cb00000|  0%| F|  |TAMS 0x000000008ca00000, 0x000000008ca00000| Untracked 
| 203|0x000000008cb00000, 0x000000008cb00000, 0x000000008cc00000|  0%| F|  |TAMS 0x000000008cb00000, 0x000000008cb00000| Untracked 
| 204|0x000000008cc00000, 0x000000008cc00000, 0x000000008cd00000|  0%| F|  |TAMS 0x000000008cc00000, 0x000000008cc00000| Untracked 
| 205|0x000000008cd00000, 0x000000008cd00000, 0x000000008ce00000|  0%| F|  |TAMS 0x000000008cd00000, 0x000000008cd00000| Untracked 
| 206|0x000000008ce00000, 0x000000008ce00000, 0x000000008cf00000|  0%| F|  |TAMS 0x000000008ce00000, 0x000000008ce00000| Untracked 
| 207|0x000000008cf00000, 0x000000008cf00000, 0x000000008d000000|  0%| F|  |TAMS 0x000000008cf00000, 0x000000008cf00000| Untracked 
| 208|0x000000008d000000, 0x000000008d000000, 0x000000008d100000|  0%| F|  |TAMS 0x000000008d000000, 0x000000008d000000| Untracked 
| 209|0x000000008d100000, 0x000000008d100000, 0x000000008d200000|  0%| F|  |TAMS 0x000000008d100000, 0x000000008d100000| Untracked 
| 210|0x000000008d200000, 0x000000008d200000, 0x000000008d300000|  0%| F|  |TAMS 0x000000008d200000, 0x000000008d200000| Untracked 
| 211|0x000000008d300000, 0x000000008d300000, 0x000000008d400000|  0%| F|  |TAMS 0x000000008d300000, 0x000000008d300000| Untracked 
| 212|0x000000008d400000, 0x000000008d400000, 0x000000008d500000|  0%| F|  |TAMS 0x000000008d400000, 0x000000008d400000| Untracked 
| 213|0x000000008d500000, 0x000000008d500000, 0x000000008d600000|  0%| F|  |TAMS 0x000000008d500000, 0x000000008d500000| Untracked 
| 214|0x000000008d600000, 0x000000008d600000, 0x000000008d700000|  0%| F|  |TAMS 0x000000008d600000, 0x000000008d600000| Untracked 
| 215|0x000000008d700000, 0x000000008d700000, 0x000000008d800000|  0%| F|  |TAMS 0x000000008d700000, 0x000000008d700000| Untracked 

Card table byte_map: [0x00000206c7af0000,0x00000206c7ef0000] _byte_map_base: 0x00000206c76f0000

Marking Bits (Prev, Next): (CMBitMap*) 0x00000206b2e3ada8, (CMBitMap*) 0x00000206b2e3ade0
 Prev Bits: [0x00000206c82f0000, 0x00000206ca2f0000)
 Next Bits: [0x00000206ca2f0000, 0x00000206cc2f0000)

Polling page: 0x00000206b2ee0000

Metaspace:

Usage:
  Non-class:     88.33 MB capacity,    86.64 MB ( 98%) used,     1.40 MB (  2%) free+waste,   295.38 KB ( <1%) overhead. 
      Class:     13.87 MB capacity,    12.91 MB ( 93%) used,   843.63 KB (  6%) free+waste,   138.19 KB ( <1%) overhead. 
       Both:    102.19 MB capacity,    99.54 MB ( 97%) used,     2.22 MB (  2%) free+waste,   433.56 KB ( <1%) overhead. 

Virtual space:
  Non-class space:       90.00 MB reserved,      88.50 MB ( 98%) committed 
      Class space:        1.00 GB reserved,      13.88 MB (  1%) committed 
             Both:        1.09 GB reserved,     102.38 MB (  9%) committed 

Chunk freelists:
   Non-Class:  0 bytes
       Class:  0 bytes
        Both:  0 bytes

MaxMetaspaceSize: 17179869184.00 GB
CompressedClassSpaceSize: 1.00 GB

CodeHeap 'non-profiled nmethods': size=120064Kb used=5050Kb max_used=5050Kb free=115014Kb
 bounds [0x00000206bfb90000, 0x00000206c0080000, 0x00000206c70d0000]
CodeHeap 'profiled nmethods': size=120000Kb used=23334Kb max_used=23334Kb free=96665Kb
 bounds [0x00000206b8660000, 0x00000206b9d30000, 0x00000206bfb90000]
CodeHeap 'non-nmethods': size=5696Kb used=2317Kb max_used=2363Kb free=3378Kb
 bounds [0x00000206b80d0000, 0x00000206b8340000, 0x00000206b8660000]
 total_blobs=12361 nmethods=11437 adapters=833
 compilation: enabled
              stopped_count=0, restarted_count=0
 full_count=0

Compilation events (20 events):
Event: 31.530 Thread 0x00000206ce964800 11666   !   3       jdk.internal.reflect.GeneratedMethodAccessor22::invoke (66 bytes)
Event: 31.530 Thread 0x00000206ce964800 nmethod 11666 0x00000206b9d23510 code [0x00000206b9d23760, 0x00000206b9d240d8]
Event: 31.530 Thread 0x00000206ce964800 11667       3       java.util.ArrayList::writeObject (60 bytes)
Event: 31.531 Thread 0x00000206ce964800 nmethod 11667 0x00000206b9d24490 code [0x00000206b9d246a0, 0x00000206b9d24bb8]
Event: 31.531 Thread 0x00000206ce964800 11668       3       java.io.ObjectOutputStream$BlockDataOutputStream::writeBlockHeader (70 bytes)
Event: 31.531 Thread 0x00000206ce964800 nmethod 11668 0x00000206b9d24e10 code [0x00000206b9d25000, 0x00000206b9d253c8]
Event: 31.532 Thread 0x00000206ce964800 11669       2       org.gradle.internal.logging.text.AbstractLineChoppingStyledTextOutput$1::execute (9 bytes)
Event: 31.533 Thread 0x00000206ce964800 nmethod 11669 0x00000206b9d25590 code [0x00000206b9d25740, 0x00000206b9d25888]
Event: 31.533 Thread 0x00000206ce964800 11670       2       org.gradle.internal.logging.text.AbstractLineChoppingStyledTextOutput$1::execute (130 bytes)
Event: 31.534 Thread 0x00000206ce964800 nmethod 11670 0x00000206b9d25990 code [0x00000206b9d25bc0, 0x00000206b9d25f98]
Event: 31.534 Thread 0x00000206ce964800 11672       3       java.io.ObjectStreamClass$3::compare (12 bytes)
Event: 31.534 Thread 0x00000206ce964800 nmethod 11672 0x00000206b9d26290 code [0x00000206b9d26440, 0x00000206b9d26588]
Event: 31.534 Thread 0x00000206ce964800 11671       3       java.io.ObjectStreamClass$3::compare (13 bytes)
Event: 31.534 Thread 0x00000206ce964800 nmethod 11671 0x00000206b9d26690 code [0x00000206b9d26860, 0x00000206b9d26be8]
Event: 31.534 Thread 0x00000206ce964800 11673       3       java.io.ObjectOutputStream$BlockDataOutputStream::writeUTF (11 bytes)
Event: 31.535 Thread 0x00000206ce964800 nmethod 11673 0x00000206b9d26d90 code [0x00000206b9d26f60, 0x00000206b9d27118]
Event: 31.537 Thread 0x00000206ce964800 11674   !   3       java.nio.DirectByteBuffer::put (151 bytes)
Event: 31.539 Thread 0x00000206ce964800 nmethod 11674 0x00000206b9d27210 code [0x00000206b9d27540, 0x00000206b9d284a8]
Event: 31.540 Thread 0x00000206ce964800 11675       3       org.gradle.internal.remote.internal.inet.SocketConnection$SocketOutputStream::write (78 bytes)
Event: 31.541 Thread 0x00000206ce964800 nmethod 11675 0x00000206b9d28c90 code [0x00000206b9d28ee0, 0x00000206b9d297a8]

GC Heap History (20 events):
Event: 19.121 GC heap after
{Heap after GC invocations=47 (full 0):
 garbage-first heap   total 150528K, used 75111K [0x0000000080000000, 0x0000000100000000)
  region size 1024K, 6 young (6144K), 6 survivors (6144K)
 Metaspace       used 67772K, capacity 69742K, committed 70016K, reserved 1110016K
  class space    used 8654K, capacity 9316K, committed 9344K, reserved 1048576K
}
Event: 20.426 GC heap before
{Heap before GC invocations=48 (full 0):
 garbage-first heap   total 150528K, used 89447K [0x0000000080000000, 0x0000000100000000)
  region size 1024K, 21 young (21504K), 6 survivors (6144K)
 Metaspace       used 69051K, capacity 70966K, committed 71296K, reserved 1112064K
  class space    used 8829K, capacity 9488K, committed 9600K, reserved 1048576K
}
Event: 20.471 GC heap after
{Heap after GC invocations=49 (full 0):
 garbage-first heap   total 181248K, used 77017K [0x0000000080000000, 0x0000000100000000)
  region size 1024K, 2 young (2048K), 2 survivors (2048K)
 Metaspace       used 69051K, capacity 70966K, committed 71296K, reserved 1112064K
  class space    used 8829K, capacity 9488K, committed 9600K, reserved 1048576K
}
Event: 21.102 GC heap before
{Heap before GC invocations=50 (full 0):
 garbage-first heap   total 181248K, used 120025K [0x0000000080000000, 0x0000000100000000)
  region size 1024K, 43 young (44032K), 2 survivors (2048K)
 Metaspace       used 70552K, capacity 72561K, committed 72832K, reserved 1112064K
  class space    used 9036K, capacity 9736K, committed 9856K, reserved 1048576K
}
Event: 21.112 GC heap after
{Heap after GC invocations=51 (full 0):
 garbage-first heap   total 181248K, used 79717K [0x0000000080000000, 0x0000000100000000)
  region size 1024K, 5 young (5120K), 5 survivors (5120K)
 Metaspace       used 70552K, capacity 72561K, committed 72832K, reserved 1112064K
  class space    used 9036K, capacity 9736K, committed 9856K, reserved 1048576K
}
Event: 22.050 GC heap before
{Heap before GC invocations=51 (full 0):
 garbage-first heap   total 181248K, used 123749K [0x0000000080000000, 0x0000000100000000)
  region size 1024K, 48 young (49152K), 5 survivors (5120K)
 Metaspace       used 75268K, capacity 77295K, committed 77440K, reserved 1116160K
  class space    used 9788K, capacity 10499K, committed 10624K, reserved 1048576K
}
Event: 22.073 GC heap after
{Heap after GC invocations=52 (full 0):
 garbage-first heap   total 181248K, used 82595K [0x0000000080000000, 0x0000000100000000)
  region size 1024K, 3 young (3072K), 3 survivors (3072K)
 Metaspace       used 75268K, capacity 77295K, committed 77440K, reserved 1116160K
  class space    used 9788K, capacity 10499K, committed 10624K, reserved 1048576K
}
Event: 22.696 GC heap before
{Heap before GC invocations=52 (full 0):
 garbage-first heap   total 181248K, used 129699K [0x0000000080000000, 0x0000000100000000)
  region size 1024K, 49 young (50176K), 3 survivors (3072K)
 Metaspace       used 76820K, capacity 78878K, committed 79104K, reserved 1118208K
  class space    used 10039K, capacity 10751K, committed 10752K, reserved 1048576K
}
Event: 22.706 GC heap after
{Heap after GC invocations=53 (full 0):
 garbage-first heap   total 181248K, used 84720K [0x0000000080000000, 0x0000000100000000)
  region size 1024K, 5 young (5120K), 5 survivors (5120K)
 Metaspace       used 76820K, capacity 78878K, committed 79104K, reserved 1118208K
  class space    used 10039K, capacity 10751K, committed 10752K, reserved 1048576K
}
Event: 23.784 GC heap before
{Heap before GC invocations=53 (full 0):
 garbage-first heap   total 181248K, used 132848K [0x0000000080000000, 0x0000000100000000)
  region size 1024K, 52 young (53248K), 5 survivors (5120K)
 Metaspace       used 80162K, capacity 82373K, committed 82560K, reserved 1120256K
  class space    used 10485K, capacity 11265K, committed 11392K, reserved 1048576K
}
Event: 23.803 GC heap after
{Heap after GC invocations=54 (full 0):
 garbage-first heap   total 181248K, used 87699K [0x0000000080000000, 0x0000000100000000)
  region size 1024K, 6 young (6144K), 6 survivors (6144K)
 Metaspace       used 80162K, capacity 82373K, committed 82560K, reserved 1120256K
  class space    used 10485K, capacity 11265K, committed 11392K, reserved 1048576K
}
Event: 24.063 GC heap before
{Heap before GC invocations=54 (full 0):
 garbage-first heap   total 181248K, used 105107K [0x0000000080000000, 0x0000000100000000)
  region size 1024K, 25 young (25600K), 6 survivors (6144K)
 Metaspace       used 81459K, capacity 83681K, committed 83968K, reserved 1122304K
  class space    used 10637K, capacity 11423K, committed 11520K, reserved 1048576K
}
Event: 24.080 GC heap after
{Heap after GC invocations=55 (full 0):
 garbage-first heap   total 221184K, used 89650K [0x0000000080000000, 0x0000000100000000)
  region size 1024K, 5 young (5120K), 5 survivors (5120K)
 Metaspace       used 81459K, capacity 83681K, committed 83968K, reserved 1122304K
  class space    used 10637K, capacity 11423K, committed 11520K, reserved 1048576K
}
Event: 26.037 GC heap before
{Heap before GC invocations=56 (full 0):
 garbage-first heap   total 221184K, used 152114K [0x0000000080000000, 0x0000000100000000)
  region size 1024K, 65 young (66560K), 5 survivors (5120K)
 Metaspace       used 89284K, capacity 91622K, committed 91776K, reserved 1128448K
  class space    used 11568K, capacity 12346K, committed 12416K, reserved 1048576K
}
Event: 26.058 GC heap after
{Heap after GC invocations=57 (full 0):
 garbage-first heap   total 221184K, used 92208K [0x0000000080000000, 0x0000000100000000)
  region size 1024K, 8 young (8192K), 8 survivors (8192K)
 Metaspace       used 89284K, capacity 91622K, committed 91776K, reserved 1128448K
  class space    used 11568K, capacity 12346K, committed 12416K, reserved 1048576K
}
Event: 28.443 GC heap before
{Heap before GC invocations=57 (full 0):
 garbage-first heap   total 221184K, used 160816K [0x0000000080000000, 0x0000000100000000)
  region size 1024K, 76 young (77824K), 8 survivors (8192K)
 Metaspace       used 91514K, capacity 94031K, committed 94208K, reserved 1130496K
  class space    used 11827K, capacity 12700K, committed 12800K, reserved 1048576K
}
Event: 28.476 GC heap after
{Heap after GC invocations=58 (full 0):
 garbage-first heap   total 221184K, used 96842K [0x0000000080000000, 0x0000000100000000)
  region size 1024K, 9 young (9216K), 9 survivors (9216K)
 Metaspace       used 91514K, capacity 94031K, committed 94208K, reserved 1130496K
  class space    used 11827K, capacity 12700K, committed 12800K, reserved 1048576K
}
Event: 30.157 GC heap before
{Heap before GC invocations=58 (full 0):
 garbage-first heap   total 221184K, used 177738K [0x0000000080000000, 0x0000000100000000)
  region size 1024K, 89 young (91136K), 9 survivors (9216K)
 Metaspace       used 96951K, capacity 99580K, committed 99712K, reserved 1136640K
  class space    used 12519K, capacity 13414K, committed 13440K, reserved 1048576K
}
Event: 30.201 GC heap after
{Heap after GC invocations=59 (full 0):
 garbage-first heap   total 221184K, used 101106K [0x0000000080000000, 0x0000000100000000)
  region size 1024K, 9 young (9216K), 9 survivors (9216K)
 Metaspace       used 96951K, capacity 99580K, committed 99712K, reserved 1136640K
  class space    used 12519K, capacity 13414K, committed 13440K, reserved 1048576K
}
Event: 31.560 GC heap before
{Heap before GC invocations=59 (full 0):
 garbage-first heap   total 221184K, used 178930K [0x0000000080000000, 0x0000000100000000)
  region size 1024K, 85 young (87040K), 9 survivors (9216K)
 Metaspace       used 101931K, capacity 104643K, committed 104832K, reserved 1140736K
  class space    used 13216K, capacity 14198K, committed 14208K, reserved 1048576K
}

Deoptimization events (20 events):
Event: 31.497 Thread 0x00000206d1264000 DEOPT PACKING pc=0x00000206b9591dad sp=0x000000c649ff95b0
Event: 31.497 Thread 0x00000206d1264000 DEOPT UNPACKING pc=0x00000206b80f76ce sp=0x000000c649ff8a80 mode 0
Event: 31.506 Thread 0x00000206d1264000 DEOPT PACKING pc=0x00000206b95924e1 sp=0x000000c649ff8930
Event: 31.506 Thread 0x00000206d1264000 DEOPT UNPACKING pc=0x00000206b80f76ce sp=0x000000c649ff7df8 mode 0
Event: 31.533 Thread 0x00000206d0d31800 Uncommon trap: trap_request=0xffffffd6 fr.pc=0x00000206c0006084 relative=0x00000000000007c4
Event: 31.533 Thread 0x00000206d0d31800 Uncommon trap: reason=array_check action=maybe_recompile pc=0x00000206c0006084 method=java.util.TimSort.binarySort([Ljava/lang/Object;IIILjava/util/Comparator;)V @ 193 c2
Event: 31.533 Thread 0x00000206d0d31800 DEOPT PACKING pc=0x00000206c0006084 sp=0x000000c64a2f9e20
Event: 31.533 Thread 0x00000206d0d31800 DEOPT UNPACKING pc=0x00000206b80f78af sp=0x000000c64a2f9dc8 mode 2
Event: 31.534 Thread 0x00000206d0d31800 Uncommon trap: trap_request=0xffffffd6 fr.pc=0x00000206c0006144 relative=0x0000000000000884
Event: 31.534 Thread 0x00000206d0d31800 Uncommon trap: reason=array_check action=maybe_recompile pc=0x00000206c0006144 method=java.util.TimSort.binarySort([Ljava/lang/Object;IIILjava/util/Comparator;)V @ 183 c2
Event: 31.534 Thread 0x00000206d0d31800 DEOPT PACKING pc=0x00000206c0006144 sp=0x000000c64a2f9e20
Event: 31.534 Thread 0x00000206d0d31800 DEOPT UNPACKING pc=0x00000206b80f78af sp=0x000000c64a2f9dc8 mode 2
Event: 31.534 Thread 0x00000206d0d31800 Uncommon trap: trap_request=0xffffff6e fr.pc=0x00000206bffb8f40 relative=0x00000000000006e0
Event: 31.534 Thread 0x00000206d0d31800 Uncommon trap: reason=speculate_class_check action=maybe_recompile pc=0x00000206bffb8f40 method=sun.security.provider.DigestBase.implCompressMultiBlock([BII)I @ 11 c2
Event: 31.534 Thread 0x00000206d0d31800 DEOPT PACKING pc=0x00000206bffb8f40 sp=0x000000c64a2f9ea0
Event: 31.534 Thread 0x00000206d0d31800 DEOPT UNPACKING pc=0x00000206b80f78af sp=0x000000c64a2f9dc8 mode 2
Event: 31.535 Thread 0x00000206d0d31800 Uncommon trap: trap_request=0xffffff6e fr.pc=0x00000206bffb8f40 relative=0x00000000000006e0
Event: 31.535 Thread 0x00000206d0d31800 Uncommon trap: reason=speculate_class_check action=maybe_recompile pc=0x00000206bffb8f40 method=sun.security.provider.DigestBase.implCompressMultiBlock([BII)I @ 11 c2
Event: 31.535 Thread 0x00000206d0d31800 DEOPT PACKING pc=0x00000206bffb8f40 sp=0x000000c64a2fa800
Event: 31.536 Thread 0x00000206d0d31800 DEOPT UNPACKING pc=0x00000206b80f78af sp=0x000000c64a2fa728 mode 2

Classes redefined (0 events):
No events

Internal exceptions (20 events):
Event: 31.180 Thread 0x00000206d1264000 Exception <a 'java/lang/ClassNotFoundException'{0x0000000089a31168}: org/gradle/api/tasks/SourceSetBeanInfo> (0x0000000089a31168) thrown at [./src/hotspot/share/classfile/systemDictionary.cpp, line 231]
Event: 31.180 Thread 0x00000206d1264000 Exception <a 'java/lang/ClassNotFoundException'{0x0000000089a50d90}: org/gradle/api/tasks/SourceSetCustomizer> (0x0000000089a50d90) thrown at [./src/hotspot/share/classfile/systemDictionary.cpp, line 231]
Event: 31.185 Thread 0x00000206d1264000 Exception <a 'java/lang/ClassNotFoundException'{0x0000000089acd830}: java/util/LinkedHashMapBeanInfo> (0x0000000089acd830) thrown at [./src/hotspot/share/classfile/systemDictionary.cpp, line 231]
Event: 31.185 Thread 0x00000206d1264000 Exception <a 'java/lang/ClassNotFoundException'{0x0000000089ad7420}: java/util/HashMapBeanInfo> (0x0000000089ad7420) thrown at [./src/hotspot/share/classfile/systemDictionary.cpp, line 231]
Event: 31.186 Thread 0x00000206d1264000 Exception <a 'java/lang/ClassNotFoundException'{0x0000000089ae1838}: java/util/AbstractMapBeanInfo> (0x0000000089ae1838) thrown at [./src/hotspot/share/classfile/systemDictionary.cpp, line 231]
Event: 31.186 Thread 0x00000206d1264000 Exception <a 'java/lang/ClassNotFoundException'{0x0000000089aebd08}: java/util/AbstractMapCustomizer> (0x0000000089aebd08) thrown at [./src/hotspot/share/classfile/systemDictionary.cpp, line 231]
Event: 31.188 Thread 0x00000206d1264000 Exception <a 'java/lang/ClassNotFoundException'{0x0000000089affd08}: java/util/HashMapCustomizer> (0x0000000089affd08) thrown at [./src/hotspot/share/classfile/systemDictionary.cpp, line 231]
Event: 31.189 Thread 0x00000206d1264000 Exception <a 'java/lang/ClassNotFoundException'{0x0000000089921028}: java/util/LinkedHashMapCustomizer> (0x0000000089921028) thrown at [./src/hotspot/share/classfile/systemDictionary.cpp, line 231]
Event: 31.196 Thread 0x00000206d1264000 Exception <a 'java/lang/ClassNotFoundException'{0x00000000899945a8}: org/gradle/api/plugins/internal/DefaultJavaPluginConventionBeanInfo> (0x00000000899945a8) thrown at [./src/hotspot/share/classfile/systemDictionary.cpp, line 231]
Event: 31.197 Thread 0x00000206d1264000 Exception <a 'java/lang/ClassNotFoundException'{0x00000000899b7d80}: org/gradle/api/plugins/JavaPluginConventionBeanInfo> (0x00000000899b7d80) thrown at [./src/hotspot/share/classfile/systemDictionary.cpp, line 231]
Event: 31.198 Thread 0x00000206d1264000 Exception <a 'java/lang/ClassNotFoundException'{0x00000000899db650}: org/gradle/api/plugins/JavaPluginConventionCustomizer> (0x00000000899db650) thrown at [./src/hotspot/share/classfile/systemDictionary.cpp, line 231]
Event: 31.199 Thread 0x00000206d1264000 Exception <a 'java/lang/ClassNotFoundException'{0x00000000898174e0}: org/gradle/api/plugins/internal/DefaultJavaPluginConventionCustomizer> (0x00000000898174e0) thrown at [./src/hotspot/share/classfile/systemDictionary.cpp, line 231]
Event: 31.204 Thread 0x00000206d1264000 Exception <a 'java/lang/ClassNotFoundException'{0x000000008988e6e8}: org/gradle/api/plugins/internal/DefaultBasePluginConventionBeanInfo> (0x000000008988e6e8) thrown at [./src/hotspot/share/classfile/systemDictionary.cpp, line 231]
Event: 31.205 Thread 0x00000206d1264000 Exception <a 'java/lang/ClassNotFoundException'{0x00000000898b1ec0}: org/gradle/api/plugins/BasePluginConventionBeanInfo> (0x00000000898b1ec0) thrown at [./src/hotspot/share/classfile/systemDictionary.cpp, line 231]
Event: 31.206 Thread 0x00000206d1264000 Exception <a 'java/lang/ClassNotFoundException'{0x00000000898d5790}: org/gradle/api/plugins/BasePluginConventionCustomizer> (0x00000000898d5790) thrown at [./src/hotspot/share/classfile/systemDictionary.cpp, line 231]
Event: 31.207 Thread 0x00000206d1264000 Exception <a 'java/lang/ClassNotFoundException'{0x00000000897079c8}: org/gradle/api/plugins/internal/DefaultBasePluginConventionCustomizer> (0x00000000897079c8) thrown at [./src/hotspot/share/classfile/systemDictionary.cpp, line 231]
Event: 31.530 Thread 0x00000206d0d31800 Exception <a 'java/lang/NoSuchMethodError'{0x0000000088c8d868}: <clinit>> (0x0000000088c8d868) thrown at [./src/hotspot/share/prims/jni.cpp, line 1362]
Event: 31.534 Thread 0x00000206d0d31800 Exception <a 'java/lang/NoSuchMethodError'{0x0000000088cab3f8}: <clinit>> (0x0000000088cab3f8) thrown at [./src/hotspot/share/prims/jni.cpp, line 1362]
Event: 31.535 Thread 0x00000206d0d31800 Exception <a 'java/lang/NoSuchMethodError'{0x0000000088cbb178}: <clinit>> (0x0000000088cbb178) thrown at [./src/hotspot/share/prims/jni.cpp, line 1362]
Event: 31.553 Thread 0x00000206d1264000 Exception <a 'java/lang/NoSuchMethodError'{0x0000000088cc35a8}: 'java.lang.Object java.lang.invoke.Invokers$Holder.linkToTargetMethod(java.lang.Object, java.lang.Object, java.lang.Object, int, java.lang.Object, java.lang.Object)'> (0x0000000088cc35a8) thrown at [./src/hotspot/share/interpreter/linkResolver.cpp, line 773]

Events (20 events):
Event: 31.555 loading class org/gradle/internal/watch/vfs/BuildFinishedFileSystemWatchingBuildOperationType$Details done
Event: 31.556 loading class org/gradle/internal/watch/vfs/BuildFinishedFileSystemWatchingBuildOperationType$Details$1
Event: 31.556 loading class org/gradle/internal/watch/vfs/BuildFinishedFileSystemWatchingBuildOperationType$Details$1 done
Event: 31.557 loading class org/gradle/internal/watch/registry/impl/DefaultFileWatcherRegistry$2
Event: 31.557 loading class org/gradle/internal/watch/registry/impl/DefaultFileWatcherRegistry$2 done
Event: 31.558 loading class org/gradle/internal/snapshot/SnapshotHierarchy
Event: 31.558 loading class org/gradle/internal/snapshot/SnapshotHierarchy done
Event: 31.558 loading class org/gradle/internal/snapshot/SnapshotHierarchy
Event: 31.558 loading class org/gradle/internal/snapshot/SnapshotHierarchy done
Event: 31.558 loading class org/gradle/internal/watch/vfs/impl/WatchingVirtualFileSystem$2
Event: 31.558 loading class org/gradle/internal/watch/vfs/impl/WatchingVirtualFileSystem$2 done
Event: 31.559 loading class org/gradle/internal/snapshot/SnapshotHierarchy
Event: 31.559 loading class org/gradle/internal/snapshot/SnapshotHierarchy done
Event: 31.559 loading class org/gradle/internal/snapshot/SnapshotHierarchy
Event: 31.559 loading class org/gradle/internal/snapshot/SnapshotHierarchy done
Event: 31.559 loading class org/gradle/internal/watch/registry/impl/WatchableHierarchies$Invalidator
Event: 31.559 loading class org/gradle/internal/watch/registry/impl/WatchableHierarchies$Invalidator done
Event: 31.559 loading class org/gradle/internal/watch/registry/impl/WatchableHierarchies$Invalidator
Event: 31.559 loading class org/gradle/internal/watch/registry/impl/WatchableHierarchies$Invalidator done
Event: 31.560 Executing VM operation: G1CollectForAllocation


Dynamic libraries:
0x00007ff6a2710000 - 0x00007ff6a271a000 	C:\Program Files\Android\Android Studio\jre\bin\java.exe
0x00007ffd43e30000 - 0x00007ffd44025000 	C:\WINDOWS\SYSTEM32\ntdll.dll
0x00007ffd42900000 - 0x00007ffd429be000 	C:\WINDOWS\System32\KERNEL32.DLL
0x00007ffd41b00000 - 0x00007ffd41dc9000 	C:\WINDOWS\System32\KERNELBASE.dll
0x00007ffd41680000 - 0x00007ffd41780000 	C:\WINDOWS\System32\ucrtbase.dll
0x00007ffcf9470000 - 0x00007ffcf9487000 	C:\Program Files\Android\Android Studio\jre\bin\VCRUNTIME140.dll
0x00007ffd3a790000 - 0x00007ffd3a7a9000 	C:\Program Files\Android\Android Studio\jre\bin\jli.dll
0x00007ffd42ba0000 - 0x00007ffd42d41000 	C:\WINDOWS\System32\USER32.dll
0x00007ffd41890000 - 0x00007ffd418b2000 	C:\WINDOWS\System32\win32u.dll
0x00007ffd42f00000 - 0x00007ffd42f2b000 	C:\WINDOWS\System32\GDI32.dll
0x00007ffd41780000 - 0x00007ffd4188b000 	C:\WINDOWS\System32\gdi32full.dll
0x00007ffd31160000 - 0x00007ffd313fa000 	C:\WINDOWS\WinSxS\amd64_microsoft.windows.common-controls_6595b64144ccf1df_6.0.19041.1110_none_60b5254171f9507e\COMCTL32.dll
0x00007ffd415e0000 - 0x00007ffd4167d000 	C:\WINDOWS\System32\msvcp_win.dll
0x00007ffd429d0000 - 0x00007ffd42a6e000 	C:\WINDOWS\System32\msvcrt.dll
0x00007ffd42800000 - 0x00007ffd42830000 	C:\WINDOWS\System32\IMM32.DLL
0x00007ffcf9280000 - 0x00007ffcf931d000 	C:\Program Files\Android\Android Studio\jre\bin\msvcp140.dll
0x00007ffcf3880000 - 0x00007ffcf434f000 	C:\Program Files\Android\Android Studio\jre\bin\server\jvm.dll
0x00007ffd42f90000 - 0x00007ffd4303c000 	C:\WINDOWS\System32\ADVAPI32.dll
0x00007ffd43290000 - 0x00007ffd4332b000 	C:\WINDOWS\System32\sechost.dll
0x00007ffd426d0000 - 0x00007ffd427fa000 	C:\WINDOWS\System32\RPCRT4.dll
0x00007ffd429c0000 - 0x00007ffd429c8000 	C:\WINDOWS\System32\PSAPI.DLL
0x00007ffcfbdd0000 - 0x00007ffcfbdd9000 	C:\WINDOWS\SYSTEM32\WSOCK32.dll
0x00007ffd34dc0000 - 0x00007ffd34de7000 	C:\WINDOWS\SYSTEM32\WINMM.dll
0x00007ffd43c90000 - 0x00007ffd43cfb000 	C:\WINDOWS\System32\WS2_32.dll
0x00007ffd35fd0000 - 0x00007ffd35fda000 	C:\WINDOWS\SYSTEM32\VERSION.dll
0x00007ffd3f450000 - 0x00007ffd3f462000 	C:\WINDOWS\SYSTEM32\kernel.appcore.dll
0x00007ffcf9450000 - 0x00007ffcf9461000 	C:\Program Files\Android\Android Studio\jre\bin\verify.dll
0x00007ffd2dd40000 - 0x00007ffd2df24000 	C:\WINDOWS\SYSTEM32\DBGHELP.DLL
0x00007ffd2e6e0000 - 0x00007ffd2e70c000 	C:\WINDOWS\SYSTEM32\dbgcore.DLL
0x00007ffd41550000 - 0x00007ffd415d3000 	C:\WINDOWS\System32\bcryptPrimitives.dll
0x00007ffcf9420000 - 0x00007ffcf9449000 	C:\Program Files\Android\Android Studio\jre\bin\java.dll
0x00007ffcf9c80000 - 0x00007ffcf9c8b000 	C:\Program Files\Android\Android Studio\jre\bin\jimage.dll
0x00007ffcf9400000 - 0x00007ffcf9418000 	C:\Program Files\Android\Android Studio\jre\bin\zip.dll
0x00007ffd41f90000 - 0x00007ffd426cf000 	C:\WINDOWS\System32\SHELL32.dll
0x00007ffd3f650000 - 0x00007ffd3fde0000 	C:\WINDOWS\SYSTEM32\windows.storage.dll
0x00007ffd437b0000 - 0x00007ffd43b05000 	C:\WINDOWS\System32\combase.dll
0x00007ffd40fa0000 - 0x00007ffd40fcc000 	C:\WINDOWS\SYSTEM32\Wldp.dll
0x00007ffd43170000 - 0x00007ffd4321d000 	C:\WINDOWS\System32\SHCORE.dll
0x00007ffd42f30000 - 0x00007ffd42f85000 	C:\WINDOWS\System32\shlwapi.dll
0x00007ffd41490000 - 0x00007ffd414af000 	C:\WINDOWS\SYSTEM32\profapi.dll
0x00007ffcf93e0000 - 0x00007ffcf93fa000 	C:\Program Files\Android\Android Studio\jre\bin\net.dll
0x00007ffd33100000 - 0x00007ffd33208000 	C:\WINDOWS\SYSTEM32\WINHTTP.dll
0x00007ffd40d00000 - 0x00007ffd40d6a000 	C:\WINDOWS\system32\mswsock.dll
0x00007ffcf93c0000 - 0x00007ffcf93d4000 	C:\Program Files\Android\Android Studio\jre\bin\nio.dll
0x00007ffd215e0000 - 0x00007ffd21607000 	C:\Program Files\Java\jdk-17.0.1\native\8bec1ad78214c89d9ad589b4d07fe93259594b29d510b10fafb7a158f7737e5d\windows-amd64\native-platform.dll
0x00007ffd16620000 - 0x00007ffd1675d000 	C:\Program Files\Java\jdk-17.0.1\native\53dbd7edfb1c66fb8903c78663c9afc45aea4f116125fa6feffd364cf09443e8\windows-amd64\native-platform-file-events.dll
0x00007ffcf9390000 - 0x00007ffcf939a000 	C:\Program Files\Android\Android Studio\jre\bin\management.dll
0x00007ffcf9380000 - 0x00007ffcf938c000 	C:\Program Files\Android\Android Studio\jre\bin\management_ext.dll
0x00007ffd40ef0000 - 0x00007ffd40f08000 	C:\WINDOWS\SYSTEM32\CRYPTSP.dll
0x00007ffd40610000 - 0x00007ffd40644000 	C:\WINDOWS\system32\rsaenh.dll
0x00007ffd41970000 - 0x00007ffd41997000 	C:\WINDOWS\System32\bcrypt.dll
0x00007ffd41450000 - 0x00007ffd4147e000 	C:\WINDOWS\SYSTEM32\USERENV.dll
0x00007ffd40f10000 - 0x00007ffd40f1c000 	C:\WINDOWS\SYSTEM32\CRYPTBASE.dll
0x00007ffd409a0000 - 0x00007ffd409db000 	C:\WINDOWS\SYSTEM32\IPHLPAPI.DLL
0x00007ffd43220000 - 0x00007ffd43228000 	C:\WINDOWS\System32\NSI.dll
0x00007ffd390f0000 - 0x00007ffd39107000 	C:\WINDOWS\SYSTEM32\dhcpcsvc6.DLL
0x00007ffd390d0000 - 0x00007ffd390ed000 	C:\WINDOWS\SYSTEM32\dhcpcsvc.DLL
0x00007ffd409e0000 - 0x00007ffd40aac000 	C:\WINDOWS\SYSTEM32\DNSAPI.dll

dbghelp: loaded successfully - version: 4.0.5 - missing functions: none
symbol engine: initialized successfully - sym options: 0x614 - pdb path: .;C:\Program Files\Android\Android Studio\jre\bin;C:\WINDOWS\SYSTEM32;C:\WINDOWS\WinSxS\amd64_microsoft.windows.common-controls_6595b64144ccf1df_6.0.19041.1110_none_60b5254171f9507e;C:\Program Files\Android\Android Studio\jre\bin\server;C:\Program Files\Java\jdk-17.0.1\native\8bec1ad78214c89d9ad589b4d07fe93259594b29d510b10fafb7a158f7737e5d\windows-amd64;C:\Program Files\Java\jdk-17.0.1\native\53dbd7edfb1c66fb8903c78663c9afc45aea4f116125fa6feffd364cf09443e8\windows-amd64

VM Arguments:
jvm_args: --add-opens=java.base/java.util=ALL-UNNAMED --add-opens=java.base/java.lang=ALL-UNNAMED --add-opens=java.base/java.lang.invoke=ALL-UNNAMED --add-opens=java.base/java.util=ALL-UNNAMED --add-opens=java.prefs/java.util.prefs=ALL-UNNAMED --add-opens=java.prefs/java.util.prefs=ALL-UNNAMED --add-opens=java.base/java.nio.charset=ALL-UNNAMED --add-opens=java.base/java.net=ALL-UNNAMED --add-opens=java.base/java.util.concurrent.atomic=ALL-UNNAMED -Xmx2048m -Dfile.encoding=UTF-8 -Duser.country=US -Duser.language=en -Duser.variant 
java_command: org.gradle.launcher.daemon.bootstrap.GradleDaemon 7.0.2
java_class_path (initial): C:\Program Files\Java\jdk-17.0.1\wrapper\dists\gradle-7.0.2-bin\857tjihv64xamwrf0h14cai3r\gradle-7.0.2\lib\gradle-launcher-7.0.2.jar
Launcher Type: SUN_STANDARD

[Global flags]
     intx CICompilerCount                          = 3                                         {product} {ergonomic}
     uint ConcGCThreads                            = 1                                         {product} {ergonomic}
     uint G1ConcRefinementThreads                  = 4                                         {product} {ergonomic}
   size_t G1HeapRegionSize                         = 1048576                                   {product} {ergonomic}
    uintx GCDrainStackTargetSize                   = 64                                        {product} {ergonomic}
   size_t InitialHeapSize                          = 67108864                                  {product} {ergonomic}
   size_t MarkStackSize                            = 4194304                                   {product} {ergonomic}
   size_t MaxHeapSize                              = 2147483648                                {product} {command line}
   size_t MaxNewSize                               = 1287651328                                {product} {ergonomic}
   size_t MinHeapDeltaBytes                        = 1048576                                   {product} {ergonomic}
    uintx NonNMethodCodeHeapSize                   = 5830732                                {pd product} {ergonomic}
    uintx NonProfiledCodeHeapSize                  = 122913754                              {pd product} {ergonomic}
    uintx ProfiledCodeHeapSize                     = 122913754                              {pd product} {ergonomic}
    uintx ReservedCodeCacheSize                    = 251658240                              {pd product} {ergonomic}
     bool SegmentedCodeCache                       = true                                      {product} {ergonomic}
     bool UseCompressedClassPointers               = true                                 {lp64_product} {ergonomic}
     bool UseCompressedOops                        = true                                 {lp64_product} {ergonomic}
     bool UseG1GC                                  = true                                      {product} {ergonomic}
     bool UseLargePagesIndividualAllocation        = false                                  {pd product} {ergonomic}

Logging:
Log output configuration:
 #0: stdout all=warning uptime,level,tags
 #1: stderr all=off uptime,level,tags

Environment Variables:
PATH=C:\Program Files\Common Files\Oracle\Java\javapath;C:\WINDOWS\system32;C:\WINDOWS;C:\WINDOWS\System32\Wbem;C:\WINDOWS\System32\WindowsPowerShell\v1.0\;C:\WINDOWS\System32\OpenSSH\;C:\Program Files\dotnet\;C:\Program Files\Microsoft SQL Server\130\Tools\Binn\;C:\Program Files\Microsoft SQL Server\Client SDK\ODBC\170\Tools\Binn\;C:\Program Files (x86)\dotnet\;C:\Program Files\Git\cmd;C:\Users\MinhNgan\AppData\Local\Microsoft\WindowsApps
USERNAME=MinhNgan
OS=Windows_NT
PROCESSOR_IDENTIFIER=Intel64 Family 6 Model 69 Stepping 1, GenuineIntel



---------------  S Y S T E M  ---------------

OS: Windows 10 , 64 bit Build 19041 (10.0.19041.1202)
OS uptime: 0 days 0:13 hours

CPU:total 4 (initial active 4) (2 cores per cpu, 2 threads per core) family 6 model 69 stepping 1 microcode 0x25, cmov, cx8, fxsr, mmx, sse, sse2, sse3, ssse3, sse4.1, sse4.2, popcnt, avx, avx2, aes, clmul, erms, lzcnt, ht, tsc, tscinvbit, bmi1, bmi2, fma

Memory: 4k page, system-wide physical 3979M (242M free)
TotalPageFile size 6979M (AvailPageFile size 4M)
current process WorkingSet (physical memory assigned to process): 354M, peak: 354M
current process commit charge ("private bytes"): 501M, peak: 545M

vm_info: OpenJDK 64-Bit Server VM (11.0.10+0-b96-7249189) for windows-amd64 JRE (11.0.10+0-b96-7249189), built on Mar 31 2021 21:44:00 by "builder" with MS VC++ 14.0 (VS2015)

END.
