#
# There is insufficient memory for the Java Runtime Environment to continue.
# Native memory allocation (malloc) failed to allocate 2241296 bytes for Chunk::new
# Possible reasons:
#   The system is out of physical RAM or swap space
#   The process is running with CompressedOops enabled, and the Java Heap may be blocking the growth of the native heap
# Possible solutions:
#   Reduce memory load on the system
#   Increase physical memory or swap space
#   Check if swap backing store is full
#   Decrease Java heap size (-Xmx/-Xms)
#   Decrease number of Java threads
#   Decrease Java thread stack sizes (-Xss)
#   Set larger code cache with -XX:ReservedCodeCacheSize=
#   JVM is running with Unscaled Compressed Oops mode in which the Java heap is
#     placed in the first 4GB address space. The Java Heap base address is the
#     maximum limit for the native heap growth. Please use -XX:HeapBaseMinAddress
#     to set the Java Heap base and to place the Java Heap above 4GB virtual address.
# This output file may be truncated or incomplete.
#
#  Out of Memory Error (./src/hotspot/share/memory/arena.cpp:197), pid=1344, tid=1548
#
# JRE version: OpenJDK Runtime Environment (11.0.10) (build 11.0.10+0-b96-7249189)
# Java VM: OpenJDK 64-Bit Server VM (11.0.10+0-b96-7249189, mixed mode, tiered, compressed oops, g1 gc, windows-amd64)
# No core dump will be written. Minidumps are not enabled by default on client versions of Windows
#

---------------  S U M M A R Y ------------

Command Line: --add-opens=java.base/java.util=ALL-UNNAMED --add-opens=java.base/java.lang=ALL-UNNAMED --add-opens=java.base/java.lang.invoke=ALL-UNNAMED --add-opens=java.base/java.util=ALL-UNNAMED --add-opens=java.prefs/java.util.prefs=ALL-UNNAMED --add-opens=java.prefs/java.util.prefs=ALL-UNNAMED --add-opens=java.base/java.nio.charset=ALL-UNNAMED --add-opens=java.base/java.net=ALL-UNNAMED --add-opens=java.base/java.util.concurrent.atomic=ALL-UNNAMED -Xmx2048m -Dfile.encoding=UTF-8 -Duser.country=US -Duser.language=en -Duser.variant org.gradle.launcher.daemon.bootstrap.GradleDaemon 7.0.2

Host: Intel(R) Core(TM) i5-4210U CPU @ 1.70GHz, 4 cores, 3G,  Windows 10 , 64 bit Build 19041 (10.0.19041.1202)
Time: Mon Nov  8 20:53:24 2021 SE Asia Standard Time elapsed time: 15.028028 seconds (0d 0h 0m 15s)

---------------  T H R E A D  ---------------

Current thread (0x00000215ffee6800):  JavaThread "C2 CompilerThread0" daemon [_thread_in_native, id=1548, stack(0x00000041dce00000,0x00000041dcf00000)]


Current CompileTask:
C2:  15028 5641   !   4       com.google.common.reflect.TypeVisitor::visit (225 bytes)

Stack: [0x00000041dce00000,0x00000041dcf00000]
Native frames: (J=compiled Java code, j=interpreted, Vv=VM code, C=native code)
V  [jvm.dll+0x5ecfaa]
V  [jvm.dll+0x722bd5]
V  [jvm.dll+0x72412d]
V  [jvm.dll+0x7247e3]
V  [jvm.dll+0x242928]
V  [jvm.dll+0xbc4fc]
V  [jvm.dll+0xbca0c]
V  [jvm.dll+0x352d7d]
V  [jvm.dll+0x320ad3]
V  [jvm.dll+0x31ffca]
V  [jvm.dll+0x1fb602]
V  [jvm.dll+0x1fa7f4]
V  [jvm.dll+0x18354c]
V  [jvm.dll+0x208ee7]
V  [jvm.dll+0x207731]
V  [jvm.dll+0x6eb1cf]
V  [jvm.dll+0x6e3d45]
V  [jvm.dll+0x5ebe96]
C  [ucrtbase.dll+0x21bb2]
C  [KERNEL32.DLL+0x17034]
C  [ntdll.dll+0x52651]


---------------  P R O C E S S  ---------------

Threads class SMR info:
_java_thread_list=0x0000021582f485b0, length=41, elements={
0x00000215e62df800, 0x00000215ffe78000, 0x00000215ffe7c000, 0x00000215ffed1000,
0x00000215ffed2000, 0x00000215ffed6800, 0x00000215ffee6800, 0x00000215ffee8800,
0x00000215ffeeb000, 0x000002158095e800, 0x00000215813fd000, 0x00000215818e8000,
0x00000215817f0000, 0x00000215818a3000, 0x0000021580dbd800, 0x00000215813bf800,
0x00000215813c0800, 0x00000215823c1000, 0x0000021582738800, 0x0000021582738000,
0x000002158273c000, 0x0000021582737000, 0x000002158273c800, 0x000002158273d800,
0x0000021582739800, 0x000002158273a000, 0x000002158273b000, 0x0000021582a04000,
0x0000021582a01800, 0x00000215829fe000, 0x0000021582a03000, 0x0000021582a04800,
0x0000021582a00800, 0x0000021582a05800, 0x0000021582a00000, 0x0000021582a06800,
0x0000021582a07000, 0x0000021582a0d000, 0x0000021582a0a800, 0x0000021582a09800,
0x0000021582a08000
}

Java Threads: ( => current thread )
  0x00000215e62df800 JavaThread "main" [_thread_blocked, id=10488, stack(0x00000041dc200000,0x00000041dc300000)]
  0x00000215ffe78000 JavaThread "Reference Handler" daemon [_thread_blocked, id=10536, stack(0x00000041dc900000,0x00000041dca00000)]
  0x00000215ffe7c000 JavaThread "Finalizer" daemon [_thread_blocked, id=4176, stack(0x00000041dca00000,0x00000041dcb00000)]
  0x00000215ffed1000 JavaThread "Signal Dispatcher" daemon [_thread_blocked, id=3996, stack(0x00000041dcb00000,0x00000041dcc00000)]
  0x00000215ffed2000 JavaThread "Attach Listener" daemon [_thread_blocked, id=10624, stack(0x00000041dcc00000,0x00000041dcd00000)]
  0x00000215ffed6800 JavaThread "Service Thread" daemon [_thread_blocked, id=4076, stack(0x00000041dcd00000,0x00000041dce00000)]
=>0x00000215ffee6800 JavaThread "C2 CompilerThread0" daemon [_thread_in_native, id=1548, stack(0x00000041dce00000,0x00000041dcf00000)]
  0x00000215ffee8800 JavaThread "C1 CompilerThread0" daemon [_thread_blocked, id=7876, stack(0x00000041dcf00000,0x00000041dd000000)]
  0x00000215ffeeb000 JavaThread "Sweeper thread" daemon [_thread_blocked, id=7432, stack(0x00000041dd000000,0x00000041dd100000)]
  0x000002158095e800 JavaThread "Common-Cleaner" daemon [_thread_blocked, id=5448, stack(0x00000041dd100000,0x00000041dd200000)]
  0x00000215813fd000 JavaThread "Daemon health stats" [_thread_blocked, id=6976, stack(0x00000041dd400000,0x00000041dd500000)]
  0x00000215818e8000 JavaThread "Incoming local TCP Connector on port 50260" [_thread_in_native, id=11108, stack(0x00000041dd500000,0x00000041dd600000)]
  0x00000215817f0000 JavaThread "Daemon periodic checks" [_thread_blocked, id=3432, stack(0x00000041dd600000,0x00000041dd700000)]
  0x00000215818a3000 JavaThread "Daemon" [_thread_blocked, id=5248, stack(0x00000041dd700000,0x00000041dd800000)]
  0x0000021580dbd800 JavaThread "Handler for socket connection from /127.0.0.1:50260 to /127.0.0.1:50261" [_thread_in_native, id=5788, stack(0x00000041dd800000,0x00000041dd900000)]
  0x00000215813bf800 JavaThread "Cancel handler" [_thread_blocked, id=2464, stack(0x00000041dd900000,0x00000041dda00000)]
  0x00000215813c0800 JavaThread "Daemon worker" [_thread_in_Java, id=11068, stack(0x00000041dda00000,0x00000041ddb00000)]
  0x00000215823c1000 JavaThread "Asynchronous log dispatcher for DefaultDaemonConnection: socket connection from /127.0.0.1:50260 to /127.0.0.1:50261" [_thread_blocked, id=7284, stack(0x00000041ddb00000,0x00000041ddc00000)]
  0x0000021582738800 JavaThread "Stdin handler" [_thread_blocked, id=2664, stack(0x00000041ddc00000,0x00000041ddd00000)]
  0x0000021582738000 JavaThread "Daemon client event forwarder" [_thread_blocked, id=9096, stack(0x00000041ddd00000,0x00000041dde00000)]
  0x000002158273c000 JavaThread "Cache worker for file hash cache (C:\Users\MinhNgan\.gradle\caches\7.0.2\fileHashes)" [_thread_blocked, id=11096, stack(0x00000041de000000,0x00000041de100000)]
  0x0000021582737000 JavaThread "File lock request listener" [_thread_in_native, id=5180, stack(0x00000041de100000,0x00000041de200000)]
  0x000002158273c800 JavaThread "Cache worker for journal cache (C:\Users\MinhNgan\.gradle\caches\journal-1)" [_thread_blocked, id=10588, stack(0x00000041de200000,0x00000041de300000)]
  0x000002158273d800 JavaThread "Cache worker for file hash cache (C:\Users\MinhNgan\AndroidStudioProjects\Android_hepat\.gradle\7.0.2\fileHashes)" [_thread_blocked, id=4160, stack(0x00000041de300000,0x00000041de400000)]
  0x0000021582739800 JavaThread "File watcher server" daemon [_thread_in_native, id=1640, stack(0x00000041de400000,0x00000041de500000)]
  0x000002158273a000 JavaThread "File watcher consumer" daemon [_thread_blocked, id=2524, stack(0x00000041de500000,0x00000041de600000)]
  0x000002158273b000 JavaThread "Cache worker for checksums cache (C:\Users\MinhNgan\AndroidStudioProjects\Android_hepat\.gradle\checksums)" [_thread_blocked, id=11232, stack(0x00000041de600000,0x00000041de700000)]
  0x0000021582a04000 JavaThread "Cache worker for cache directory md-supplier (C:\Users\MinhNgan\.gradle\caches\7.0.2\md-supplier)" [_thread_blocked, id=1012, stack(0x00000041de700000,0x00000041de800000)]
  0x0000021582a01800 JavaThread "Cache worker for cache directory md-rule (C:\Users\MinhNgan\.gradle\caches\7.0.2\md-rule)" [_thread_blocked, id=776, stack(0x00000041de800000,0x00000041de900000)]
  0x00000215829fe000 JavaThread "Cache worker for execution history cache (C:\Users\MinhNgan\.gradle\caches\7.0.2\executionHistory)" [_thread_blocked, id=7272, stack(0x00000041de900000,0x00000041dea00000)]
  0x0000021582a03000 JavaThread "jar transforms" [_thread_blocked, id=10680, stack(0x00000041dea00000,0x00000041deb00000)]
  0x0000021582a04800 JavaThread "jar transforms Thread 2" [_thread_blocked, id=5136, stack(0x00000041deb00000,0x00000041dec00000)]
  0x0000021582a00800 JavaThread "Cache worker for file content cache (C:\Users\MinhNgan\.gradle\caches\7.0.2\fileContent)" [_thread_blocked, id=360, stack(0x00000041dec00000,0x00000041ded00000)]
  0x0000021582a05800 JavaThread "Cache worker for dependencies-accessors (C:\Users\MinhNgan\AndroidStudioProjects\Android_hepat\.gradle\7.0.2\dependencies-accessors)" [_thread_blocked, id=7100, stack(0x00000041ded00000,0x00000041dee00000)]
  0x0000021582a00000 JavaThread "jar transforms Thread 3" [_thread_blocked, id=7472, stack(0x00000041dee00000,0x00000041def00000)]
  0x0000021582a06800 JavaThread "Cache worker for Build Output Cleanup Cache (C:\Users\MinhNgan\AndroidStudioProjects\Android_hepat\.gradle\buildOutputCleanup)" [_thread_blocked, id=1516, stack(0x00000041def00000,0x00000041df000000)]
  0x0000021582a07000 JavaThread "Build operations" [_thread_blocked, id=1376, stack(0x00000041df000000,0x00000041df100000)]
  0x0000021582a0d000 JavaThread "Build operations Thread 2" [_thread_blocked, id=4964, stack(0x00000041df100000,0x00000041df200000)]
  0x0000021582a0a800 JavaThread "Build operations Thread 3" [_thread_blocked, id=4572, stack(0x00000041df200000,0x00000041df300000)]
  0x0000021582a09800 JavaThread "Build operations Thread 4" [_thread_blocked, id=10668, stack(0x00000041df300000,0x00000041df400000)]
  0x0000021582a08000 JavaThread "jar transforms Thread 4" [_thread_blocked, id=8456, stack(0x00000041df400000,0x00000041df500000)]

Other Threads:
  0x00000215ffe70800 VMThread "VM Thread" [stack: 0x00000041dc800000,0x00000041dc900000] [id=10384]
  0x000002158098d000 WatcherThread [stack: 0x00000041dd200000,0x00000041dd300000] [id=1356]
  0x00000215e62f3000 GCTaskThread "GC Thread#0" [stack: 0x00000041dc300000,0x00000041dc400000] [id=10292]
  0x0000021580c65000 GCTaskThread "GC Thread#1" [stack: 0x00000041dd300000,0x00000041dd400000] [id=384]
  0x0000021582711800 GCTaskThread "GC Thread#2" [stack: 0x00000041dde00000,0x00000041ddf00000] [id=9040]
  0x0000021582889800 GCTaskThread "GC Thread#3" [stack: 0x00000041ddf00000,0x00000041de000000] [id=4448]
  0x00000215e6323000 ConcurrentGCThread "G1 Main Marker" [stack: 0x00000041dc400000,0x00000041dc500000] [id=3640]
  0x00000215e6324800 ConcurrentGCThread "G1 Conc#0" [stack: 0x00000041dc500000,0x00000041dc600000] [id=5596]
  0x00000215e637f800 ConcurrentGCThread "G1 Refine#0" [stack: 0x00000041dc600000,0x00000041dc700000] [id=2556]
  0x00000215e6380800 ConcurrentGCThread "G1 Young RemSet Sampling" [stack: 0x00000041dc700000,0x00000041dc800000] [id=3032]

Threads with active compile tasks:
C2 CompilerThread0  15083 5641   !   4       com.google.common.reflect.TypeVisitor::visit (225 bytes)

VM state:not at safepoint (normal execution)

VM Mutex/Monitor currently owned by a thread: None

Heap address: 0x0000000080000000, size: 2048 MB, Compressed Oops mode: 32-bit
Narrow klass base: 0x0000000000000000, Narrow klass shift: 3
Compressed class space size: 1073741824 Address: 0x0000000100000000

Heap:
 garbage-first heap   total 114688K, used 51196K [0x0000000080000000, 0x0000000100000000)
  region size 1024K, 11 young (11264K), 3 survivors (3072K)
 Metaspace       used 57456K, capacity 58902K, committed 59084K, reserved 1099776K
  class space    used 7285K, capacity 7811K, committed 7884K, reserved 1048576K
Heap Regions: E=young(eden), S=young(survivor), O=old, HS=humongous(starts), HC=humongous(continues), CS=collection set, F=free, A=archive, TAMS=top-at-mark-start (previous, next)
|   0|0x0000000080000000, 0x0000000080100000, 0x0000000080100000|100%| O|  |TAMS 0x0000000080100000, 0x0000000080000000| Untracked 
|   1|0x0000000080100000, 0x0000000080200000, 0x0000000080200000|100%| O|  |TAMS 0x0000000080200000, 0x0000000080100000| Untracked 
|   2|0x0000000080200000, 0x0000000080300000, 0x0000000080300000|100%| O|  |TAMS 0x0000000080300000, 0x0000000080200000| Untracked 
|   3|0x0000000080300000, 0x0000000080400000, 0x0000000080400000|100%|HS|  |TAMS 0x0000000080400000, 0x0000000080300000| Complete 
|   4|0x0000000080400000, 0x0000000080500000, 0x0000000080500000|100%|HC|  |TAMS 0x0000000080500000, 0x0000000080400000| Complete 
|   5|0x0000000080500000, 0x0000000080600000, 0x0000000080600000|100%|HC|  |TAMS 0x0000000080600000, 0x0000000080500000| Complete 
|   6|0x0000000080600000, 0x0000000080700000, 0x0000000080700000|100%| O|  |TAMS 0x0000000080700000, 0x0000000080600000| Untracked 
|   7|0x0000000080700000, 0x0000000080800000, 0x0000000080800000|100%| O|  |TAMS 0x0000000080800000, 0x0000000080700000| Untracked 
|   8|0x0000000080800000, 0x0000000080900000, 0x0000000080900000|100%| O|  |TAMS 0x0000000080900000, 0x0000000080800000| Untracked 
|   9|0x0000000080900000, 0x0000000080a00000, 0x0000000080a00000|100%| O|  |TAMS 0x0000000080a00000, 0x0000000080900000| Untracked 
|  10|0x0000000080a00000, 0x0000000080b00000, 0x0000000080b00000|100%| O|  |TAMS 0x0000000080b00000, 0x0000000080a00000| Untracked 
|  11|0x0000000080b00000, 0x0000000080c00000, 0x0000000080c00000|100%| O|  |TAMS 0x0000000080c00000, 0x0000000080b00000| Untracked 
|  12|0x0000000080c00000, 0x0000000080d00000, 0x0000000080d00000|100%| O|  |TAMS 0x0000000080d00000, 0x0000000080c00000| Untracked 
|  13|0x0000000080d00000, 0x0000000080e00000, 0x0000000080e00000|100%| O|  |TAMS 0x0000000080e00000, 0x0000000080d00000| Untracked 
|  14|0x0000000080e00000, 0x0000000080f00000, 0x0000000080f00000|100%| O|  |TAMS 0x0000000080f00000, 0x0000000080e00000| Untracked 
|  15|0x0000000080f00000, 0x0000000081000000, 0x0000000081000000|100%| O|  |TAMS 0x0000000081000000, 0x0000000080f00000| Untracked 
|  16|0x0000000081000000, 0x0000000081100000, 0x0000000081100000|100%| O|  |TAMS 0x0000000081100000, 0x0000000081000000| Untracked 
|  17|0x0000000081100000, 0x0000000081200000, 0x0000000081200000|100%| O|  |TAMS 0x0000000081200000, 0x0000000081100000| Untracked 
|  18|0x0000000081200000, 0x0000000081300000, 0x0000000081300000|100%| O|  |TAMS 0x0000000081300000, 0x0000000081200000| Untracked 
|  19|0x0000000081300000, 0x0000000081400000, 0x0000000081400000|100%| O|  |TAMS 0x0000000081400000, 0x0000000081300000| Untracked 
|  20|0x0000000081400000, 0x0000000081500000, 0x0000000081500000|100%| O|  |TAMS 0x0000000081500000, 0x0000000081400000| Untracked 
|  21|0x0000000081500000, 0x0000000081600000, 0x0000000081600000|100%| O|  |TAMS 0x0000000081524e00, 0x0000000081500000| Untracked 
|  22|0x0000000081600000, 0x0000000081700000, 0x0000000081700000|100%| O|  |TAMS 0x0000000081600000, 0x0000000081600000| Untracked 
|  23|0x0000000081700000, 0x0000000081800000, 0x0000000081800000|100%| O|  |TAMS 0x0000000081700000, 0x0000000081700000| Untracked 
|  24|0x0000000081800000, 0x0000000081900000, 0x0000000081900000|100%|HS|  |TAMS 0x0000000081800000, 0x0000000081800000| Complete 
|  25|0x0000000081900000, 0x0000000081a00000, 0x0000000081a00000|100%| O|  |TAMS 0x0000000081900000, 0x0000000081900000| Untracked 
|  26|0x0000000081a00000, 0x0000000081b00000, 0x0000000081b00000|100%| O|  |TAMS 0x0000000081a00000, 0x0000000081a00000| Untracked 
|  27|0x0000000081b00000, 0x0000000081c00000, 0x0000000081c00000|100%|HS|  |TAMS 0x0000000081b00000, 0x0000000081b00000| Complete 
|  28|0x0000000081c00000, 0x0000000081d00000, 0x0000000081d00000|100%|HS|  |TAMS 0x0000000081c00000, 0x0000000081c00000| Complete 
|  29|0x0000000081d00000, 0x0000000081e00000, 0x0000000081e00000|100%|HC|  |TAMS 0x0000000081d00000, 0x0000000081d00000| Complete 
|  30|0x0000000081e00000, 0x0000000081f00000, 0x0000000081f00000|100%| O|  |TAMS 0x0000000081e00000, 0x0000000081e00000| Untracked 
|  31|0x0000000081f00000, 0x0000000082000000, 0x0000000082000000|100%| O|  |TAMS 0x0000000081f00000, 0x0000000081f00000| Untracked 
|  32|0x0000000082000000, 0x0000000082100000, 0x0000000082100000|100%| O|  |TAMS 0x0000000082000000, 0x0000000082000000| Untracked 
|  33|0x0000000082100000, 0x0000000082200000, 0x0000000082200000|100%| O|  |TAMS 0x0000000082100000, 0x0000000082100000| Untracked 
|  34|0x0000000082200000, 0x0000000082300000, 0x0000000082300000|100%| O|  |TAMS 0x0000000082200000, 0x0000000082200000| Untracked 
|  35|0x0000000082300000, 0x0000000082400000, 0x0000000082400000|100%| O|  |TAMS 0x0000000082300000, 0x0000000082300000| Untracked 
|  36|0x0000000082400000, 0x0000000082500000, 0x0000000082500000|100%| O|  |TAMS 0x0000000082400000, 0x0000000082400000| Untracked 
|  37|0x0000000082500000, 0x0000000082600000, 0x0000000082600000|100%| O|  |TAMS 0x0000000082500000, 0x0000000082500000| Untracked 
|  38|0x0000000082600000, 0x0000000082700000, 0x0000000082700000|100%| O|  |TAMS 0x0000000082600000, 0x0000000082600000| Untracked 
|  39|0x0000000082700000, 0x0000000082800000, 0x0000000082800000|100%| O|  |TAMS 0x0000000082700000, 0x0000000082700000| Untracked 
|  40|0x0000000082800000, 0x00000000828c2c00, 0x0000000082900000| 76%| O|  |TAMS 0x0000000082800000, 0x0000000082800000| Untracked 
|  41|0x0000000082900000, 0x0000000082900000, 0x0000000082a00000|  0%| F|  |TAMS 0x0000000082900000, 0x0000000082900000| Untracked 
|  42|0x0000000082a00000, 0x0000000082a00000, 0x0000000082b00000|  0%| F|  |TAMS 0x0000000082a00000, 0x0000000082a00000| Untracked 
|  43|0x0000000082b00000, 0x0000000082b00000, 0x0000000082c00000|  0%| F|  |TAMS 0x0000000082b00000, 0x0000000082b00000| Untracked 
|  44|0x0000000082c00000, 0x0000000082c00000, 0x0000000082d00000|  0%| F|  |TAMS 0x0000000082c00000, 0x0000000082c00000| Untracked 
|  45|0x0000000082d00000, 0x0000000082d00000, 0x0000000082e00000|  0%| F|  |TAMS 0x0000000082d00000, 0x0000000082d00000| Untracked 
|  46|0x0000000082e00000, 0x0000000082e00000, 0x0000000082f00000|  0%| F|  |TAMS 0x0000000082e00000, 0x0000000082e00000| Untracked 
|  47|0x0000000082f00000, 0x0000000082f00000, 0x0000000083000000|  0%| F|  |TAMS 0x0000000082f00000, 0x0000000082f00000| Untracked 
|  48|0x0000000083000000, 0x0000000083000000, 0x0000000083100000|  0%| F|  |TAMS 0x0000000083000000, 0x0000000083000000| Untracked 
|  49|0x0000000083100000, 0x0000000083100000, 0x0000000083200000|  0%| F|  |TAMS 0x0000000083100000, 0x0000000083100000| Untracked 
|  50|0x0000000083200000, 0x0000000083200000, 0x0000000083300000|  0%| F|  |TAMS 0x0000000083200000, 0x0000000083200000| Untracked 
|  51|0x0000000083300000, 0x0000000083300000, 0x0000000083400000|  0%| F|  |TAMS 0x0000000083300000, 0x0000000083300000| Untracked 
|  52|0x0000000083400000, 0x0000000083400000, 0x0000000083500000|  0%| F|  |TAMS 0x0000000083400000, 0x0000000083400000| Untracked 
|  53|0x0000000083500000, 0x0000000083500000, 0x0000000083600000|  0%| F|  |TAMS 0x0000000083500000, 0x0000000083500000| Untracked 
|  54|0x0000000083600000, 0x0000000083600000, 0x0000000083700000|  0%| F|  |TAMS 0x0000000083600000, 0x0000000083600000| Untracked 
|  55|0x0000000083700000, 0x0000000083700000, 0x0000000083800000|  0%| F|  |TAMS 0x0000000083700000, 0x0000000083700000| Untracked 
|  56|0x0000000083800000, 0x0000000083800000, 0x0000000083900000|  0%| F|  |TAMS 0x0000000083800000, 0x0000000083800000| Untracked 
|  57|0x0000000083900000, 0x0000000083900000, 0x0000000083a00000|  0%| F|  |TAMS 0x0000000083900000, 0x0000000083900000| Untracked 
|  58|0x0000000083a00000, 0x0000000083a00000, 0x0000000083b00000|  0%| F|  |TAMS 0x0000000083a00000, 0x0000000083a00000| Untracked 
|  59|0x0000000083b00000, 0x0000000083b3c7c8, 0x0000000083c00000| 23%| S|CS|TAMS 0x0000000083b00000, 0x0000000083b00000| Complete 
|  60|0x0000000083c00000, 0x0000000083d00000, 0x0000000083d00000|100%| S|CS|TAMS 0x0000000083c00000, 0x0000000083c00000| Complete 
|  61|0x0000000083d00000, 0x0000000083e00000, 0x0000000083e00000|100%| S|CS|TAMS 0x0000000083d00000, 0x0000000083d00000| Complete 
|  62|0x0000000083e00000, 0x0000000083e00000, 0x0000000083f00000|  0%| F|  |TAMS 0x0000000083e00000, 0x0000000083e00000| Untracked 
|  63|0x0000000083f00000, 0x0000000083f00000, 0x0000000084000000|  0%| F|  |TAMS 0x0000000083f00000, 0x0000000083f00000| Untracked 
|  64|0x0000000084000000, 0x0000000084000000, 0x0000000084100000|  0%| F|  |TAMS 0x0000000084000000, 0x0000000084000000| Untracked 
|  65|0x0000000084100000, 0x0000000084100000, 0x0000000084200000|  0%| F|  |TAMS 0x0000000084100000, 0x0000000084100000| Untracked 
|  66|0x0000000084200000, 0x0000000084200000, 0x0000000084300000|  0%| F|  |TAMS 0x0000000084200000, 0x0000000084200000| Untracked 
|  67|0x0000000084300000, 0x0000000084300000, 0x0000000084400000|  0%| F|  |TAMS 0x0000000084300000, 0x0000000084300000| Untracked 
|  68|0x0000000084400000, 0x0000000084400000, 0x0000000084500000|  0%| F|  |TAMS 0x0000000084400000, 0x0000000084400000| Untracked 
|  69|0x0000000084500000, 0x0000000084500000, 0x0000000084600000|  0%| F|  |TAMS 0x0000000084500000, 0x0000000084500000| Untracked 
|  70|0x0000000084600000, 0x0000000084600000, 0x0000000084700000|  0%| F|  |TAMS 0x0000000084600000, 0x0000000084600000| Untracked 
|  71|0x0000000084700000, 0x0000000084700000, 0x0000000084800000|  0%| F|  |TAMS 0x0000000084700000, 0x0000000084700000| Untracked 
|  72|0x0000000084800000, 0x0000000084800000, 0x0000000084900000|  0%| F|  |TAMS 0x0000000084800000, 0x0000000084800000| Untracked 
|  73|0x0000000084900000, 0x0000000084900000, 0x0000000084a00000|  0%| F|  |TAMS 0x0000000084900000, 0x0000000084900000| Untracked 
|  74|0x0000000084a00000, 0x0000000084a00000, 0x0000000084b00000|  0%| F|  |TAMS 0x0000000084a00000, 0x0000000084a00000| Untracked 
|  75|0x0000000084b00000, 0x0000000084b00000, 0x0000000084c00000|  0%| F|  |TAMS 0x0000000084b00000, 0x0000000084b00000| Untracked 
|  76|0x0000000084c00000, 0x0000000084c00000, 0x0000000084d00000|  0%| F|  |TAMS 0x0000000084c00000, 0x0000000084c00000| Untracked 
|  77|0x0000000084d00000, 0x0000000084d00000, 0x0000000084e00000|  0%| F|  |TAMS 0x0000000084d00000, 0x0000000084d00000| Untracked 
|  78|0x0000000084e00000, 0x0000000084e00000, 0x0000000084f00000|  0%| F|  |TAMS 0x0000000084e00000, 0x0000000084e00000| Untracked 
|  79|0x0000000084f00000, 0x0000000084f00000, 0x0000000085000000|  0%| F|  |TAMS 0x0000000084f00000, 0x0000000084f00000| Untracked 
|  80|0x0000000085000000, 0x0000000085000000, 0x0000000085100000|  0%| F|  |TAMS 0x0000000085000000, 0x0000000085000000| Untracked 
|  81|0x0000000085100000, 0x0000000085100000, 0x0000000085200000|  0%| F|  |TAMS 0x0000000085100000, 0x0000000085100000| Untracked 
|  82|0x0000000085200000, 0x0000000085200000, 0x0000000085300000|  0%| F|  |TAMS 0x0000000085200000, 0x0000000085200000| Untracked 
|  83|0x0000000085300000, 0x0000000085300000, 0x0000000085400000|  0%| F|  |TAMS 0x0000000085300000, 0x0000000085300000| Untracked 
|  84|0x0000000085400000, 0x0000000085400000, 0x0000000085500000|  0%| F|  |TAMS 0x0000000085400000, 0x0000000085400000| Untracked 
|  85|0x0000000085500000, 0x0000000085500000, 0x0000000085600000|  0%| F|  |TAMS 0x0000000085500000, 0x0000000085500000| Untracked 
|  86|0x0000000085600000, 0x0000000085600000, 0x0000000085700000|  0%| F|  |TAMS 0x0000000085600000, 0x0000000085600000| Untracked 
|  87|0x0000000085700000, 0x0000000085700000, 0x0000000085800000|  0%| F|  |TAMS 0x0000000085700000, 0x0000000085700000| Untracked 
|  88|0x0000000085800000, 0x0000000085800000, 0x0000000085900000|  0%| F|  |TAMS 0x0000000085800000, 0x0000000085800000| Untracked 
|  89|0x0000000085900000, 0x0000000085900000, 0x0000000085a00000|  0%| F|  |TAMS 0x0000000085900000, 0x0000000085900000| Untracked 
|  90|0x0000000085a00000, 0x0000000085a00000, 0x0000000085b00000|  0%| F|  |TAMS 0x0000000085a00000, 0x0000000085a00000| Untracked 
|  91|0x0000000085b00000, 0x0000000085b00000, 0x0000000085c00000|  0%| F|  |TAMS 0x0000000085b00000, 0x0000000085b00000| Untracked 
|  92|0x0000000085c00000, 0x0000000085c00000, 0x0000000085d00000|  0%| F|  |TAMS 0x0000000085c00000, 0x0000000085c00000| Untracked 
|  93|0x0000000085d00000, 0x0000000085d00000, 0x0000000085e00000|  0%| F|  |TAMS 0x0000000085d00000, 0x0000000085d00000| Untracked 
|  94|0x0000000085e00000, 0x0000000085e00000, 0x0000000085f00000|  0%| F|  |TAMS 0x0000000085e00000, 0x0000000085e00000| Untracked 
|  95|0x0000000085f00000, 0x0000000085f00000, 0x0000000086000000|  0%| F|  |TAMS 0x0000000085f00000, 0x0000000085f00000| Untracked 
|  96|0x0000000086000000, 0x0000000086000000, 0x0000000086100000|  0%| F|  |TAMS 0x0000000086000000, 0x0000000086000000| Untracked 
|  97|0x0000000086100000, 0x0000000086100000, 0x0000000086200000|  0%| F|  |TAMS 0x0000000086100000, 0x0000000086100000| Untracked 
|  98|0x0000000086200000, 0x0000000086200000, 0x0000000086300000|  0%| F|  |TAMS 0x0000000086200000, 0x0000000086200000| Untracked 
|  99|0x0000000086300000, 0x0000000086300000, 0x0000000086400000|  0%| F|  |TAMS 0x0000000086300000, 0x0000000086300000| Untracked 
| 100|0x0000000086400000, 0x0000000086400000, 0x0000000086500000|  0%| F|  |TAMS 0x0000000086400000, 0x0000000086400000| Untracked 
| 101|0x0000000086500000, 0x0000000086500000, 0x0000000086600000|  0%| F|  |TAMS 0x0000000086500000, 0x0000000086500000| Untracked 
| 102|0x0000000086600000, 0x0000000086600000, 0x0000000086700000|  0%| F|  |TAMS 0x0000000086600000, 0x0000000086600000| Untracked 
| 103|0x0000000086700000, 0x0000000086700000, 0x0000000086800000|  0%| F|  |TAMS 0x0000000086700000, 0x0000000086700000| Untracked 
| 104|0x0000000086800000, 0x0000000086880800, 0x0000000086900000| 50%| E|  |TAMS 0x0000000086800000, 0x0000000086800000| Complete 
| 105|0x0000000086900000, 0x0000000086a00000, 0x0000000086a00000|100%| E|CS|TAMS 0x0000000086900000, 0x0000000086900000| Complete 
| 106|0x0000000086a00000, 0x0000000086b00000, 0x0000000086b00000|100%| E|CS|TAMS 0x0000000086a00000, 0x0000000086a00000| Complete 
| 107|0x0000000086b00000, 0x0000000086c00000, 0x0000000086c00000|100%| E|CS|TAMS 0x0000000086b00000, 0x0000000086b00000| Complete 
| 108|0x0000000086c00000, 0x0000000086d00000, 0x0000000086d00000|100%| E|CS|TAMS 0x0000000086c00000, 0x0000000086c00000| Complete 
| 109|0x0000000086d00000, 0x0000000086e00000, 0x0000000086e00000|100%| E|CS|TAMS 0x0000000086d00000, 0x0000000086d00000| Complete 
| 110|0x0000000086e00000, 0x0000000086f00000, 0x0000000086f00000|100%| E|CS|TAMS 0x0000000086e00000, 0x0000000086e00000| Complete 
| 111|0x0000000086f00000, 0x0000000087000000, 0x0000000087000000|100%| E|CS|TAMS 0x0000000086f00000, 0x0000000086f00000| Complete 

Card table byte_map: [0x00000215f91d0000,0x00000215f95d0000] _byte_map_base: 0x00000215f8dd0000

Marking Bits (Prev, Next): (CMBitMap*) 0x00000215e631a450, (CMBitMap*) 0x00000215e631a418
 Prev Bits: [0x00000215fb9d0000, 0x00000215fd9d0000)
 Next Bits: [0x00000215f99d0000, 0x00000215fb9d0000)

Polling page: 0x00000215e41d0000

Metaspace:

Usage:
  Non-class:     49.89 MB capacity,    49.00 MB ( 98%) used,   764.98 KB (  1%) free+waste,   148.00 KB ( <1%) overhead. 
      Class:      7.63 MB capacity,     7.12 MB ( 93%) used,   453.63 KB (  6%) free+waste,    70.25 KB ( <1%) overhead. 
       Both:     57.52 MB capacity,    56.12 MB ( 98%) used,     1.19 MB (  2%) free+waste,   218.25 KB ( <1%) overhead. 

Virtual space:
  Non-class space:       50.00 MB reserved,      50.00 MB (100%) committed 
      Class space:        1.00 GB reserved,       7.70 MB ( <1%) committed 
             Both:        1.05 GB reserved,      57.70 MB (  5%) committed 

Chunk freelists:
   Non-Class:  45.00 KB
       Class:  1.00 KB
        Both:  46.00 KB

MaxMetaspaceSize: 17179869184.00 GB
CompressedClassSpaceSize: 1.00 GB

CodeHeap 'non-profiled nmethods': size=120064Kb used=2396Kb max_used=2396Kb free=117667Kb
 bounds [0x00000215f1890000, 0x00000215f1b00000, 0x00000215f8dd0000]
CodeHeap 'profiled nmethods': size=120000Kb used=11467Kb max_used=11467Kb free=108532Kb
 bounds [0x00000215ea360000, 0x00000215eaea0000, 0x00000215f1890000]
CodeHeap 'non-nmethods': size=5696Kb used=2243Kb max_used=2270Kb free=3452Kb
 bounds [0x00000215e9dd0000, 0x00000215ea040000, 0x00000215ea360000]
 total_blobs=6500 nmethods=5671 adapters=740
 compilation: enabled
              stopped_count=0, restarted_count=0
 full_count=0

Compilation events (20 events):
Event: 14.987 Thread 0x00000215ffee8800 5710       3       java.util.TreeMap::navigableKeySet (27 bytes)
Event: 14.987 Thread 0x00000215ffee8800 nmethod 5710 0x00000215eae84e10 code [0x00000215eae84fe0, 0x00000215eae853b8]
Event: 14.989 Thread 0x00000215ffee8800 5712       3       java.util.TreeMap$Values::size (8 bytes)
Event: 14.989 Thread 0x00000215ffee8800 nmethod 5712 0x00000215eae85510 code [0x00000215eae856c0, 0x00000215eae857f8]
Event: 14.992 Thread 0x00000215ffee8800 5713       3       java.util.TreeMap$KeySet::iterator (32 bytes)
Event: 14.993 Thread 0x00000215ffee8800 nmethod 5713 0x00000215eae85890 code [0x00000215eae85ac0, 0x00000215eae86258]
Event: 14.993 Thread 0x00000215ffee8800 5714       3       java.util.TreeMap::keySet (5 bytes)
Event: 14.994 Thread 0x00000215ffee8800 nmethod 5714 0x00000215eae86490 code [0x00000215eae86680, 0x00000215eae86ad8]
Event: 14.998 Thread 0x00000215ffee8800 5715       3       javax.management.ImmutableDescriptor::<init> (197 bytes)
Event: 15.000 Thread 0x00000215ffee8800 nmethod 5715 0x00000215eae86c90 code [0x00000215eae87040, 0x00000215eae88b68]
Event: 15.002 Thread 0x00000215ffee8800 5716       3       java.util.TreeMap$KeySet::size (10 bytes)
Event: 15.002 Thread 0x00000215ffee8800 nmethod 5716 0x00000215eae89310 code [0x00000215eae894c0, 0x00000215eae89688]
Event: 15.009 Thread 0x00000215ffee8800 5717       1       com.sun.management.internal.DiagnosticCommandArgumentInfo::getName (5 bytes)
Event: 15.009 Thread 0x00000215ffee8800 nmethod 5717 0x00000215f1ae6d10 code [0x00000215f1ae6ec0, 0x00000215f1ae6f78]
Event: 15.010 Thread 0x00000215ffee8800 5718       1       com.sun.management.internal.DiagnosticCommandInfo::getArgumentsInfo (5 bytes)
Event: 15.010 Thread 0x00000215ffee8800 nmethod 5718 0x00000215f1ae7010 code [0x00000215f1ae71c0, 0x00000215f1ae7278]
Event: 15.015 Thread 0x00000215ffee8800 5719       3       java.util.Collections$EmptyMap::values (4 bytes)
Event: 15.015 Thread 0x00000215ffee8800 nmethod 5719 0x00000215eae89790 code [0x00000215eae89940, 0x00000215eae89a98]
Event: 15.015 Thread 0x00000215ffee8800 5720       3       java.util.Collections$EmptySet::toArray (11 bytes)
Event: 15.016 Thread 0x00000215ffee8800 nmethod 5720 0x00000215eae89b90 code [0x00000215eae89d60, 0x00000215eae8a038]

GC Heap History (20 events):
Event: 6.594 GC heap before
{Heap before GC invocations=8 (full 0):
 garbage-first heap   total 65536K, used 42877K [0x0000000080000000, 0x0000000100000000)
  region size 1024K, 28 young (28672K), 3 survivors (3072K)
 Metaspace       used 25921K, capacity 26485K, committed 26752K, reserved 1073152K
  class space    used 3389K, capacity 3599K, committed 3712K, reserved 1048576K
}
Event: 6.603 GC heap after
{Heap after GC invocations=9 (full 0):
 garbage-first heap   total 65536K, used 18223K [0x0000000080000000, 0x0000000100000000)
  region size 1024K, 3 young (3072K), 3 survivors (3072K)
 Metaspace       used 25921K, capacity 26485K, committed 26752K, reserved 1073152K
  class space    used 3389K, capacity 3599K, committed 3712K, reserved 1048576K
}
Event: 7.488 GC heap before
{Heap before GC invocations=9 (full 0):
 garbage-first heap   total 65536K, used 44847K [0x0000000080000000, 0x0000000100000000)
  region size 1024K, 29 young (29696K), 3 survivors (3072K)
 Metaspace       used 28309K, capacity 28984K, committed 29184K, reserved 1075200K
  class space    used 3770K, capacity 4028K, committed 4096K, reserved 1048576K
}
Event: 7.496 GC heap after
{Heap after GC invocations=10 (full 0):
 garbage-first heap   total 78848K, used 19190K [0x0000000080000000, 0x0000000100000000)
  region size 1024K, 3 young (3072K), 3 survivors (3072K)
 Metaspace       used 28309K, capacity 28984K, committed 29184K, reserved 1075200K
  class space    used 3770K, capacity 4028K, committed 4096K, reserved 1048576K
}
Event: 8.458 GC heap before
{Heap before GC invocations=10 (full 0):
 garbage-first heap   total 78848K, used 48886K [0x0000000080000000, 0x0000000100000000)
  region size 1024K, 33 young (33792K), 3 survivors (3072K)
 Metaspace       used 35076K, capacity 35830K, committed 35840K, reserved 1081344K
  class space    used 4542K, capacity 4864K, committed 4864K, reserved 1048576K
}
Event: 8.470 GC heap after
{Heap after GC invocations=11 (full 0):
 garbage-first heap   total 78848K, used 21932K [0x0000000080000000, 0x0000000100000000)
  region size 1024K, 5 young (5120K), 5 survivors (5120K)
 Metaspace       used 35076K, capacity 35830K, committed 35840K, reserved 1081344K
  class space    used 4542K, capacity 4864K, committed 4864K, reserved 1048576K
}
Event: 9.003 GC heap before
{Heap before GC invocations=12 (full 0):
 garbage-first heap   total 78848K, used 53676K [0x0000000080000000, 0x0000000100000000)
  region size 1024K, 36 young (36864K), 5 survivors (5120K)
 Metaspace       used 37114K, capacity 37974K, committed 38220K, reserved 1083392K
  class space    used 4802K, capacity 5126K, committed 5196K, reserved 1048576K
}
Event: 9.022 GC heap after
{Heap after GC invocations=13 (full 0):
 garbage-first heap   total 78848K, used 24569K [0x0000000080000000, 0x0000000100000000)
  region size 1024K, 3 young (3072K), 3 survivors (3072K)
 Metaspace       used 37114K, capacity 37974K, committed 38220K, reserved 1083392K
  class space    used 4802K, capacity 5126K, committed 5196K, reserved 1048576K
}
Event: 9.505 GC heap before
{Heap before GC invocations=14 (full 0):
 garbage-first heap   total 78848K, used 58361K [0x0000000080000000, 0x0000000100000000)
  region size 1024K, 33 young (33792K), 3 survivors (3072K)
 Metaspace       used 39590K, capacity 40494K, committed 40780K, reserved 1085440K
  class space    used 5062K, capacity 5390K, committed 5452K, reserved 1048576K
}
Event: 9.514 GC heap after
{Heap after GC invocations=15 (full 0):
 garbage-first heap   total 78848K, used 26517K [0x0000000080000000, 0x0000000100000000)
  region size 1024K, 3 young (3072K), 3 survivors (3072K)
 Metaspace       used 39590K, capacity 40494K, committed 40780K, reserved 1085440K
  class space    used 5062K, capacity 5390K, committed 5452K, reserved 1048576K
}
Event: 9.983 GC heap before
{Heap before GC invocations=15 (full 0):
 garbage-first heap   total 78848K, used 57237K [0x0000000080000000, 0x0000000100000000)
  region size 1024K, 33 young (33792K), 3 survivors (3072K)
 Metaspace       used 42847K, capacity 43921K, committed 43980K, reserved 1087488K
  class space    used 5461K, capacity 5822K, committed 5836K, reserved 1048576K
}
Event: 9.991 GC heap after
{Heap after GC invocations=16 (full 0):
 garbage-first heap   total 95232K, used 27482K [0x0000000080000000, 0x0000000100000000)
  region size 1024K, 4 young (4096K), 4 survivors (4096K)
 Metaspace       used 42847K, capacity 43921K, committed 43980K, reserved 1087488K
  class space    used 5461K, capacity 5822K, committed 5836K, reserved 1048576K
}
Event: 10.604 GC heap before
{Heap before GC invocations=16 (full 0):
 garbage-first heap   total 95232K, used 66394K [0x0000000080000000, 0x0000000100000000)
  region size 1024K, 42 young (43008K), 4 survivors (4096K)
 Metaspace       used 45746K, capacity 46888K, committed 47052K, reserved 1089536K
  class space    used 5876K, capacity 6301K, committed 6348K, reserved 1048576K
}
Event: 10.615 GC heap after
{Heap after GC invocations=17 (full 0):
 garbage-first heap   total 95232K, used 29144K [0x0000000080000000, 0x0000000100000000)
  region size 1024K, 3 young (3072K), 3 survivors (3072K)
 Metaspace       used 45746K, capacity 46888K, committed 47052K, reserved 1089536K
  class space    used 5876K, capacity 6301K, committed 6348K, reserved 1048576K
}
Event: 13.142 GC heap before
{Heap before GC invocations=17 (full 0):
 garbage-first heap   total 95232K, used 75224K [0x0000000080000000, 0x0000000100000000)
  region size 1024K, 45 young (46080K), 3 survivors (3072K)
 Metaspace       used 47548K, capacity 48701K, committed 48844K, reserved 1091584K
  class space    used 6071K, capacity 6493K, committed 6604K, reserved 1048576K
}
Event: 13.168 GC heap after
{Heap after GC invocations=18 (full 0):
 garbage-first heap   total 95232K, used 41471K [0x0000000080000000, 0x0000000100000000)
  region size 1024K, 6 young (6144K), 6 survivors (6144K)
 Metaspace       used 47548K, capacity 48701K, committed 48844K, reserved 1091584K
  class space    used 6071K, capacity 6493K, committed 6604K, reserved 1048576K
}
Event: 13.919 GC heap before
{Heap before GC invocations=18 (full 0):
 garbage-first heap   total 95232K, used 71167K [0x0000000080000000, 0x0000000100000000)
  region size 1024K, 35 young (35840K), 6 survivors (6144K)
 Metaspace       used 51404K, capacity 52675K, committed 52940K, reserved 1095680K
  class space    used 6537K, capacity 7019K, committed 7116K, reserved 1048576K
}
Event: 13.934 GC heap after
{Heap after GC invocations=19 (full 0):
 garbage-first heap   total 95232K, used 43334K [0x0000000080000000, 0x0000000100000000)
  region size 1024K, 2 young (2048K), 2 survivors (2048K)
 Metaspace       used 51404K, capacity 52675K, committed 52940K, reserved 1095680K
  class space    used 6537K, capacity 7019K, committed 7116K, reserved 1048576K
}
Event: 14.623 GC heap before
{Heap before GC invocations=19 (full 0):
 garbage-first heap   total 95232K, used 73030K [0x0000000080000000, 0x0000000100000000)
  region size 1024K, 31 young (31744K), 2 survivors (2048K)
 Metaspace       used 55954K, capacity 57296K, committed 57548K, reserved 1099776K
  class space    used 7081K, capacity 7572K, committed 7628K, reserved 1048576K
}
Event: 14.631 GC heap after
{Heap after GC invocations=20 (full 0):
 garbage-first heap   total 114688K, used 44028K [0x0000000080000000, 0x0000000100000000)
  region size 1024K, 3 young (3072K), 3 survivors (3072K)
 Metaspace       used 55954K, capacity 57296K, committed 57548K, reserved 1099776K
  class space    used 7081K, capacity 7572K, committed 7628K, reserved 1048576K
}

Deoptimization events (20 events):
Event: 13.466 Thread 0x00000215813c0800 DEOPT PACKING pc=0x00000215f1a15e24 sp=0x00000041ddaf7c30
Event: 13.466 Thread 0x00000215813c0800 DEOPT UNPACKING pc=0x00000215e9df78af sp=0x00000041ddaf7b88 mode 2
Event: 13.499 Thread 0x00000215813c0800 Uncommon trap: trap_request=0xffffff45 fr.pc=0x00000215f199a76c relative=0x000000000000020c
Event: 13.499 Thread 0x00000215813c0800 Uncommon trap: reason=unstable_fused_if action=reinterpret pc=0x00000215f199a76c method=org.objectweb.asm.ByteVector.putUTF8(Ljava/lang/String;)Lorg/objectweb/asm/ByteVector; @ 93 c2
Event: 13.499 Thread 0x00000215813c0800 DEOPT PACKING pc=0x00000215f199a76c sp=0x00000041ddaf7f50
Event: 13.499 Thread 0x00000215813c0800 DEOPT UNPACKING pc=0x00000215e9df78af sp=0x00000041ddaf7ed0 mode 2
Event: 14.107 Thread 0x00000215813c0800 DEOPT PACKING pc=0x00000215eada1c98 sp=0x00000041ddaf6c40
Event: 14.107 Thread 0x00000215813c0800 DEOPT UNPACKING pc=0x00000215e9df76ce sp=0x00000041ddaf60c0 mode 0
Event: 14.107 Thread 0x00000215813c0800 DEOPT PACKING pc=0x00000215eada11d4 sp=0x00000041ddaf6bf0
Event: 14.107 Thread 0x00000215813c0800 DEOPT UNPACKING pc=0x00000215e9df76ce sp=0x00000041ddaf6098 mode 0
Event: 14.196 Thread 0x00000215813c0800 Uncommon trap: trap_request=0xffffffc6 fr.pc=0x00000215f19b31fc relative=0x000000000000047c
Event: 14.196 Thread 0x00000215813c0800 Uncommon trap: reason=bimorphic_or_optimized_type_check action=maybe_recompile pc=0x00000215f19b31fc method=java.util.Spliterators$IteratorSpliterator.tryAdvance(Ljava/util/function/Consumer;)Z @ 50 c2
Event: 14.196 Thread 0x00000215813c0800 DEOPT PACKING pc=0x00000215f19b31fc sp=0x00000041ddaf7af0
Event: 14.196 Thread 0x00000215813c0800 DEOPT UNPACKING pc=0x00000215e9df78af sp=0x00000041ddaf7a90 mode 2
Event: 14.409 Thread 0x00000215813c0800 Uncommon trap: trap_request=0xffffffc6 fr.pc=0x00000215f1a05874 relative=0x0000000000003bd4
Event: 14.409 Thread 0x00000215813c0800 Uncommon trap: reason=bimorphic_or_optimized_type_check action=maybe_recompile pc=0x00000215f1a05874 method=java.util.AbstractCollection.addAll(Ljava/util/Collection;)Z @ 29 c2
Event: 14.409 Thread 0x00000215813c0800 DEOPT PACKING pc=0x00000215f1a05874 sp=0x00000041ddaf8600
Event: 14.409 Thread 0x00000215813c0800 DEOPT UNPACKING pc=0x00000215e9df78af sp=0x00000041ddaf8600 mode 2
Event: 14.548 Thread 0x00000215813c0800 DEOPT PACKING pc=0x00000215eaad6ce1 sp=0x00000041ddaf7c80
Event: 14.548 Thread 0x00000215813c0800 DEOPT UNPACKING pc=0x00000215e9df76ce sp=0x00000041ddaf7138 mode 0

Classes redefined (0 events):
No events

Internal exceptions (20 events):
Event: 13.174 Thread 0x0000021582738000 Exception <a 'java/lang/NoSuchMethodError'{0x0000000085cb6dc8}: <clinit>> (0x0000000085cb6dc8) thrown at [./src/hotspot/share/prims/jni.cpp, line 1362]
Event: 13.174 Thread 0x0000021582738000 Exception <a 'java/lang/NoSuchMethodError'{0x0000000085cb8368}: <clinit>> (0x0000000085cb8368) thrown at [./src/hotspot/share/prims/jni.cpp, line 1362]
Event: 13.174 Thread 0x0000021582738000 Exception <a 'java/lang/NoSuchMethodError'{0x0000000085cb9b08}: <clinit>> (0x0000000085cb9b08) thrown at [./src/hotspot/share/prims/jni.cpp, line 1362]
Event: 13.174 Thread 0x0000021582738000 Exception <a 'java/lang/NoSuchMethodError'{0x0000000085cbad70}: <clinit>> (0x0000000085cbad70) thrown at [./src/hotspot/share/prims/jni.cpp, line 1362]
Event: 13.176 Thread 0x0000021582738000 Exception <a 'java/lang/NoSuchMethodError'{0x0000000085cc7310}: <clinit>> (0x0000000085cc7310) thrown at [./src/hotspot/share/prims/jni.cpp, line 1362]
Event: 13.177 Thread 0x0000021582738000 Exception <a 'java/lang/NoSuchMethodError'{0x0000000085cd3d00}: <clinit>> (0x0000000085cd3d00) thrown at [./src/hotspot/share/prims/jni.cpp, line 1362]
Event: 13.180 Thread 0x0000021582738000 Exception <a 'java/lang/NoSuchMethodError'{0x0000000085cec578}: <clinit>> (0x0000000085cec578) thrown at [./src/hotspot/share/prims/jni.cpp, line 1362]
Event: 13.187 Thread 0x00000215813c0800 Implicit null exception at 0x00000215f1a4bca3 to 0x00000215f1a4bed0
Event: 13.214 Thread 0x00000215813c0800 Exception <a 'java/lang/ClassNotFoundException'{0x0000000085b3a910}: build_5qz5yakvh4qqqlo5mq00qos0fBeanInfo> (0x0000000085b3a910) thrown at [./src/hotspot/share/classfile/systemDictionary.cpp, line 231]
Event: 13.214 Thread 0x00000215813c0800 Exception <a 'java/lang/ClassNotFoundException'{0x0000000085b45838}: build_5qz5yakvh4qqqlo5mq00qos0fCustomizer> (0x0000000085b45838) thrown at [./src/hotspot/share/classfile/systemDictionary.cpp, line 231]
Event: 13.224 Thread 0x00000215813c0800 Exception <a 'java/lang/ClassNotFoundException'{0x0000000085ba8280}: org/gradle/api/internal/plugins/DefaultObjectConfigurationActionBeanInfo> (0x0000000085ba8280) thrown at [./src/hotspot/share/classfile/systemDictionary.cpp, line 231]
Event: 13.225 Thread 0x00000215813c0800 Exception <a 'java/lang/ClassNotFoundException'{0x0000000085bda538}: org/gradle/api/internal/plugins/DefaultObjectConfigurationActionCustomizer> (0x0000000085bda538) thrown at [./src/hotspot/share/classfile/systemDictionary.cpp, line 231]
Event: 13.451 Thread 0x00000215813c0800 Exception <a 'java/lang/NoSuchMethodError'{0x00000000850e8068}: 'java.lang.Object java.lang.invoke.DirectMethodHandle$Holder.invokeStatic(java.lang.Object, java.lang.Object, java.lang.Object, java.lang.Object, int)'> (0x00000000850e8068) thrown at [./src/hotspot/share/interpreter/linkResolver.cpp, line 773]
Event: 13.451 Thread 0x00000215813c0800 Exception <a 'java/lang/NoSuchMethodError'{0x00000000850eca60}: 'java.lang.Object java.lang.invoke.DirectMethodHandle$Holder.invokeSpecial(java.lang.Object, java.lang.Object, java.lang.Object, java.lang.Object, java.lang.Object, int)'> (0x00000000850eca60) thrown at [./src/hotspot/share/interpreter/linkResolver.cpp, line 773]
Event: 13.452 Thread 0x00000215813c0800 Exception <a 'java/lang/NoSuchMethodError'{0x00000000850f10a0}: 'java.lang.Object java.lang.invoke.Invokers$Holder.linkToTargetMethod(java.lang.Object, java.lang.Object, java.lang.Object, int, java.lang.Object)'> (0x00000000850f10a0) thrown at [./src/hotspot/share/interpreter/linkResolver.cpp, line 773]
Event: 13.865 Thread 0x00000215813c0800 Exception <a 'java/lang/NoSuchMethodError'{0x00000000841a0b10}: 'java.lang.Object java.lang.invoke.DirectMethodHandle$Holder.invokeSpecial(java.lang.Object, java.lang.Object, int, int, java.lang.Object, java.lang.Object, java.lang.Object)'> (0x00000000841a0b10) thrown at [./src/hotspot/share/interpreter/linkResolver.cpp, line 773]
Event: 13.865 Thread 0x00000215813c0800 Exception <a 'java/lang/NoSuchMethodError'{0x00000000841a5090}: 'java.lang.Object java.lang.invoke.DelegatingMethodHandle$Holder.reinvoke_L(java.lang.Object, int, int, java.lang.Object, java.lang.Object, java.lang.Object)'> (0x00000000841a5090) thrown at [./src/hotspot/share/interpreter/linkResolver.cpp, line 773]
Event: 14.214 Thread 0x00000215813c0800 Exception <a 'java/lang/NoSuchMethodError'{0x000000008523fd98}: 'int java.lang.invoke.DirectMethodHandle$Holder.invokeInterface(java.lang.Object, java.lang.Object, java.lang.Object, java.lang.Object)'> (0x000000008523fd98) thrown at [./src/hotspot/share/interpreter/linkResolver.cpp, line 773]
Event: 14.566 Thread 0x00000215813c0800 Exception <a 'java/lang/NoSuchMethodError'{0x0000000084253848}: 'void java.lang.invoke.DirectMethodHandle$Holder.invokeInterface(java.lang.Object, java.lang.Object, java.lang.Object, java.lang.Object)'> (0x0000000084253848) thrown at [./src/hotspot/share/interpreter/linkResolver.cpp, line 773]
Event: 14.827 Thread 0x00000215813c0800 Exception <a 'java/lang/IncompatibleClassChangeError'{0x0000000086a7ea18}: Found class java.lang.Object, but interface was expected> (0x0000000086a7ea18) thrown at [./src/hotspot/share/interpreter/linkResolver.cpp, line 839]

Events (20 events):
Event: 14.967 loading class com/sun/management/internal/DiagnosticCommandImpl$OperationInfoComparator
Event: 14.968 loading class com/sun/management/internal/DiagnosticCommandImpl$OperationInfoComparator done
Event: 14.970 loading class com/sun/management/internal/DiagnosticCommandInfo
Event: 14.971 loading class com/sun/management/internal/DiagnosticCommandInfo done
Event: 14.973 loading class com/sun/management/internal/DiagnosticCommandArgumentInfo
Event: 14.973 loading class com/sun/management/internal/DiagnosticCommandArgumentInfo done
Event: 14.981 loading class com/sun/management/internal/DiagnosticCommandImpl$Wrapper
Event: 14.982 loading class com/sun/management/internal/DiagnosticCommandImpl$Wrapper done
Event: 15.011 loading class java/util/PropertyPermission
Event: 15.011 loading class java/util/PropertyPermission done
Event: 15.012 loading class com/sun/management/GcInfo
Event: 15.012 loading class javax/management/openmbean/CompositeDataView
Event: 15.013 loading class javax/management/openmbean/CompositeDataView done
Event: 15.013 loading class com/sun/management/GcInfo done
Event: 15.017 loading class sun/management/ManagementFactoryHelper$1
Event: 15.017 loading class java/lang/management/BufferPoolMXBean
Event: 15.017 loading class java/lang/management/BufferPoolMXBean done
Event: 15.017 loading class sun/management/ManagementFactoryHelper$1 done
Event: 15.017 loading class sun/nio/ch/FileChannelImpl$1
Event: 15.017 loading class sun/nio/ch/FileChannelImpl$1 done


Dynamic libraries:
0x00007ff7ad370000 - 0x00007ff7ad37a000 	C:\Program Files\Android\Android Studio\jre\bin\java.exe
0x00007ffecaa30000 - 0x00007ffecac25000 	C:\WINDOWS\SYSTEM32\ntdll.dll
0x00007ffec8d10000 - 0x00007ffec8dce000 	C:\WINDOWS\System32\KERNEL32.DLL
0x00007ffec83c0000 - 0x00007ffec8689000 	C:\WINDOWS\System32\KERNELBASE.dll
0x00007ffec87d0000 - 0x00007ffec88d0000 	C:\WINDOWS\System32\ucrtbase.dll
0x00007ffec2cf0000 - 0x00007ffec2d07000 	C:\Program Files\Android\Android Studio\jre\bin\VCRUNTIME140.dll
0x00007ffec2810000 - 0x00007ffec2829000 	C:\Program Files\Android\Android Studio\jre\bin\jli.dll
0x00007ffec9640000 - 0x00007ffec97e1000 	C:\WINDOWS\System32\USER32.dll
0x00007ffec8770000 - 0x00007ffec8792000 	C:\WINDOWS\System32\win32u.dll
0x00007ffeb7e80000 - 0x00007ffeb811a000 	C:\WINDOWS\WinSxS\amd64_microsoft.windows.common-controls_6595b64144ccf1df_6.0.19041.1110_none_60b5254171f9507e\COMCTL32.dll
0x00007ffec8ce0000 - 0x00007ffec8d0b000 	C:\WINDOWS\System32\GDI32.dll
0x00007ffec9f80000 - 0x00007ffeca01e000 	C:\WINDOWS\System32\msvcrt.dll
0x00007ffec8150000 - 0x00007ffec825b000 	C:\WINDOWS\System32\gdi32full.dll
0x00007ffec8930000 - 0x00007ffec89cd000 	C:\WINDOWS\System32\msvcp_win.dll
0x00007ffec9f50000 - 0x00007ffec9f80000 	C:\WINDOWS\System32\IMM32.DLL
0x00007ffec1410000 - 0x00007ffec14ad000 	C:\Program Files\Android\Android Studio\jre\bin\msvcp140.dll
0x00007ffe9ef20000 - 0x00007ffe9f9ef000 	C:\Program Files\Android\Android Studio\jre\bin\server\jvm.dll
0x00007ffec8c20000 - 0x00007ffec8ccc000 	C:\WINDOWS\System32\ADVAPI32.dll
0x00007ffec8fe0000 - 0x00007ffec907b000 	C:\WINDOWS\System32\sechost.dll
0x00007ffec8e50000 - 0x00007ffec8f7a000 	C:\WINDOWS\System32\RPCRT4.dll
0x00007ffeca9e0000 - 0x00007ffeca9e8000 	C:\WINDOWS\System32\PSAPI.DLL
0x00007ffec2d70000 - 0x00007ffec2d79000 	C:\WINDOWS\SYSTEM32\WSOCK32.dll
0x00007ffebaa90000 - 0x00007ffebaab7000 	C:\WINDOWS\SYSTEM32\WINMM.dll
0x00007ffec99d0000 - 0x00007ffec9a3b000 	C:\WINDOWS\System32\WS2_32.dll
0x00007ffec0950000 - 0x00007ffec095a000 	C:\WINDOWS\SYSTEM32\VERSION.dll
0x00007ffec6050000 - 0x00007ffec6062000 	C:\WINDOWS\SYSTEM32\kernel.appcore.dll
0x00007ffec2cb0000 - 0x00007ffec2cc1000 	C:\Program Files\Android\Android Studio\jre\bin\verify.dll
0x00007ffeb4960000 - 0x00007ffeb4b44000 	C:\WINDOWS\SYSTEM32\DBGHELP.DLL
0x00007ffeb4920000 - 0x00007ffeb494c000 	C:\WINDOWS\SYSTEM32\dbgcore.DLL
0x00007ffec8690000 - 0x00007ffec8713000 	C:\WINDOWS\System32\bcryptPrimitives.dll
0x00007ffec2c40000 - 0x00007ffec2c69000 	C:\Program Files\Android\Android Studio\jre\bin\java.dll
0x00007ffec2ce0000 - 0x00007ffec2ceb000 	C:\Program Files\Android\Android Studio\jre\bin\jimage.dll
0x00007ffec2c10000 - 0x00007ffec2c28000 	C:\Program Files\Android\Android Studio\jre\bin\zip.dll
0x00007ffeca020000 - 0x00007ffeca75f000 	C:\WINDOWS\System32\SHELL32.dll
0x00007ffec6250000 - 0x00007ffec69e0000 	C:\WINDOWS\SYSTEM32\windows.storage.dll
0x00007ffec9bf0000 - 0x00007ffec9f45000 	C:\WINDOWS\System32\combase.dll
0x00007ffec7ba0000 - 0x00007ffec7bcc000 	C:\WINDOWS\SYSTEM32\Wldp.dll
0x00007ffec9a40000 - 0x00007ffec9aed000 	C:\WINDOWS\System32\SHCORE.dll
0x00007ffec9b90000 - 0x00007ffec9be5000 	C:\WINDOWS\System32\shlwapi.dll
0x00007ffec8090000 - 0x00007ffec80af000 	C:\WINDOWS\SYSTEM32\profapi.dll
0x00007ffec2740000 - 0x00007ffec275a000 	C:\Program Files\Android\Android Studio\jre\bin\net.dll
0x00007ffeb9c80000 - 0x00007ffeb9d88000 	C:\WINDOWS\SYSTEM32\WINHTTP.dll
0x00007ffec7900000 - 0x00007ffec796a000 	C:\WINDOWS\system32\mswsock.dll
0x00007ffec2660000 - 0x00007ffec2674000 	C:\Program Files\Android\Android Studio\jre\bin\nio.dll
0x00007ffec1350000 - 0x00007ffec1377000 	C:\Users\MinhNgan\.gradle\native\8bec1ad78214c89d9ad589b4d07fe93259594b29d510b10fafb7a158f7737e5d\windows-amd64\native-platform.dll
0x00007ffe9d990000 - 0x00007ffe9dacd000 	C:\Users\MinhNgan\.gradle\native\53dbd7edfb1c66fb8903c78663c9afc45aea4f116125fa6feffd364cf09443e8\windows-amd64\native-platform-file-events.dll
0x00007ffec2ca0000 - 0x00007ffec2caa000 	C:\Program Files\Android\Android Studio\jre\bin\management.dll
0x00007ffec2730000 - 0x00007ffec273c000 	C:\Program Files\Android\Android Studio\jre\bin\management_ext.dll
0x00007ffec7af0000 - 0x00007ffec7b08000 	C:\WINDOWS\SYSTEM32\CRYPTSP.dll
0x00007ffec7210000 - 0x00007ffec7244000 	C:\WINDOWS\system32\rsaenh.dll
0x00007ffec87a0000 - 0x00007ffec87c7000 	C:\WINDOWS\System32\bcrypt.dll
0x00007ffec8050000 - 0x00007ffec807e000 	C:\WINDOWS\SYSTEM32\USERENV.dll
0x00007ffec7b10000 - 0x00007ffec7b1c000 	C:\WINDOWS\SYSTEM32\CRYPTBASE.dll
0x00007ffec75a0000 - 0x00007ffec75db000 	C:\WINDOWS\SYSTEM32\IPHLPAPI.DLL
0x00007ffec8cd0000 - 0x00007ffec8cd8000 	C:\WINDOWS\System32\NSI.dll
0x00007ffebc9f0000 - 0x00007ffebca07000 	C:\WINDOWS\SYSTEM32\dhcpcsvc6.DLL
0x00007ffebfd70000 - 0x00007ffebfd8d000 	C:\WINDOWS\SYSTEM32\dhcpcsvc.DLL
0x00007ffec75f0000 - 0x00007ffec76bc000 	C:\WINDOWS\SYSTEM32\DNSAPI.dll

dbghelp: loaded successfully - version: 4.0.5 - missing functions: none
symbol engine: initialized successfully - sym options: 0x614 - pdb path: .;C:\Program Files\Android\Android Studio\jre\bin;C:\WINDOWS\SYSTEM32;C:\WINDOWS\WinSxS\amd64_microsoft.windows.common-controls_6595b64144ccf1df_6.0.19041.1110_none_60b5254171f9507e;C:\Program Files\Android\Android Studio\jre\bin\server;C:\Users\MinhNgan\.gradle\native\8bec1ad78214c89d9ad589b4d07fe93259594b29d510b10fafb7a158f7737e5d\windows-amd64;C:\Users\MinhNgan\.gradle\native\53dbd7edfb1c66fb8903c78663c9afc45aea4f116125fa6feffd364cf09443e8\windows-amd64

VM Arguments:
jvm_args: --add-opens=java.base/java.util=ALL-UNNAMED --add-opens=java.base/java.lang=ALL-UNNAMED --add-opens=java.base/java.lang.invoke=ALL-UNNAMED --add-opens=java.base/java.util=ALL-UNNAMED --add-opens=java.prefs/java.util.prefs=ALL-UNNAMED --add-opens=java.prefs/java.util.prefs=ALL-UNNAMED --add-opens=java.base/java.nio.charset=ALL-UNNAMED --add-opens=java.base/java.net=ALL-UNNAMED --add-opens=java.base/java.util.concurrent.atomic=ALL-UNNAMED -Xmx2048m -Dfile.encoding=UTF-8 -Duser.country=US -Duser.language=en -Duser.variant 
java_command: org.gradle.launcher.daemon.bootstrap.GradleDaemon 7.0.2
java_class_path (initial): C:\Users\MinhNgan\.gradle\wrapper\dists\gradle-7.0.2-bin\857tjihv64xamwrf0h14cai3r\gradle-7.0.2\lib\gradle-launcher-7.0.2.jar
Launcher Type: SUN_STANDARD

[Global flags]
     intx CICompilerCount                          = 3                                         {product} {ergonomic}
     uint ConcGCThreads                            = 1                                         {product} {ergonomic}
     uint G1ConcRefinementThreads                  = 4                                         {product} {ergonomic}
   size_t G1HeapRegionSize                         = 1048576                                   {product} {ergonomic}
    uintx GCDrainStackTargetSize                   = 64                                        {product} {ergonomic}
   size_t InitialHeapSize                          = 67108864                                  {product} {ergonomic}
   size_t MarkStackSize                            = 4194304                                   {product} {ergonomic}
   size_t MaxHeapSize                              = 2147483648                                {product} {command line}
   size_t MaxNewSize                               = 1287651328                                {product} {ergonomic}
   size_t MinHeapDeltaBytes                        = 1048576                                   {product} {ergonomic}
    uintx NonNMethodCodeHeapSize                   = 5830732                                {pd product} {ergonomic}
    uintx NonProfiledCodeHeapSize                  = 122913754                              {pd product} {ergonomic}
    uintx ProfiledCodeHeapSize                     = 122913754                              {pd product} {ergonomic}
    uintx ReservedCodeCacheSize                    = 251658240                              {pd product} {ergonomic}
     bool SegmentedCodeCache                       = true                                      {product} {ergonomic}
     bool UseCompressedClassPointers               = true                                 {lp64_product} {ergonomic}
     bool UseCompressedOops                        = true                                 {lp64_product} {ergonomic}
     bool UseG1GC                                  = true                                      {product} {ergonomic}
     bool UseLargePagesIndividualAllocation        = false                                  {pd product} {ergonomic}

Logging:
Log output configuration:
 #0: stdout all=warning uptime,level,tags
 #1: stderr all=off uptime,level,tags

Environment Variables:
PATH=C:\Program Files\Common Files\Oracle\Java\javapath;C:\WINDOWS\system32;C:\WINDOWS;C:\WINDOWS\System32\Wbem;C:\WINDOWS\System32\WindowsPowerShell\v1.0\;C:\WINDOWS\System32\OpenSSH\;C:\Program Files\dotnet\;C:\Program Files\Microsoft SQL Server\130\Tools\Binn\;C:\Program Files\Microsoft SQL Server\Client SDK\ODBC\170\Tools\Binn\;C:\Program Files (x86)\dotnet\;C:\Program Files\Git\cmd;C:\Users\MinhNgan\AppData\Local\Microsoft\WindowsApps
USERNAME=MinhNgan
OS=Windows_NT
PROCESSOR_IDENTIFIER=Intel64 Family 6 Model 69 Stepping 1, GenuineIntel



---------------  S Y S T E M  ---------------

OS: Windows 10 , 64 bit Build 19041 (10.0.19041.1202)
OS uptime: 0 days 0:17 hours

CPU:total 4 (initial active 4) (2 cores per cpu, 2 threads per core) family 6 model 69 stepping 1 microcode 0x25, cmov, cx8, fxsr, mmx, sse, sse2, sse3, ssse3, sse4.1, sse4.2, popcnt, avx, avx2, aes, clmul, erms, lzcnt, ht, tsc, tscinvbit, bmi1, bmi2, fma

Memory: 4k page, system-wide physical 3979M (127M free)
TotalPageFile size 6979M (AvailPageFile size 5M)
current process WorkingSet (physical memory assigned to process): 197M, peak: 237M
current process commit charge ("private bytes"): 313M, peak: 315M

vm_info: OpenJDK 64-Bit Server VM (11.0.10+0-b96-7249189) for windows-amd64 JRE (11.0.10+0-b96-7249189), built on Mar 31 2021 21:44:00 by "builder" with MS VC++ 14.0 (VS2015)

END.
