#
# There is insufficient memory for the Java Runtime Environment to continue.
# Native memory allocation (malloc) failed to allocate 1262736 bytes for Chunk::new
# Possible reasons:
#   The system is out of physical RAM or swap space
#   The process is running with CompressedOops enabled, and the Java Heap may be blocking the growth of the native heap
# Possible solutions:
#   Reduce memory load on the system
#   Increase physical memory or swap space
#   Check if swap backing store is full
#   Decrease Java heap size (-Xmx/-Xms)
#   Decrease number of Java threads
#   Decrease Java thread stack sizes (-Xss)
#   Set larger code cache with -XX:ReservedCodeCacheSize=
#   JVM is running with Unscaled Compressed Oops mode in which the Java heap is
#     placed in the first 4GB address space. The Java Heap base address is the
#     maximum limit for the native heap growth. Please use -XX:HeapBaseMinAddress
#     to set the Java Heap base and to place the Java Heap above 4GB virtual address.
# This output file may be truncated or incomplete.
#
#  Out of Memory Error (./src/hotspot/share/memory/arena.cpp:197), pid=1788, tid=11044
#
# JRE version: OpenJDK Runtime Environment (11.0.10) (build 11.0.10+0-b96-7249189)
# Java VM: OpenJDK 64-Bit Server VM (11.0.10+0-b96-7249189, mixed mode, tiered, compressed oops, g1 gc, windows-amd64)
# No core dump will be written. Minidumps are not enabled by default on client versions of Windows
#

---------------  S U M M A R Y ------------

Command Line: --add-opens=java.base/java.util=ALL-UNNAMED --add-opens=java.base/java.lang=ALL-UNNAMED --add-opens=java.base/java.lang.invoke=ALL-UNNAMED --add-opens=java.base/java.util=ALL-UNNAMED --add-opens=java.prefs/java.util.prefs=ALL-UNNAMED --add-opens=java.prefs/java.util.prefs=ALL-UNNAMED --add-opens=java.base/java.nio.charset=ALL-UNNAMED --add-opens=java.base/java.net=ALL-UNNAMED --add-opens=java.base/java.util.concurrent.atomic=ALL-UNNAMED -Xmx2048m -Dfile.encoding=UTF-8 -Duser.country=US -Duser.language=en -Duser.variant org.gradle.launcher.daemon.bootstrap.GradleDaemon 7.0.2

Host: Intel(R) Core(TM) i5-4210U CPU @ 1.70GHz, 4 cores, 3G,  Windows 10 , 64 bit Build 19041 (10.0.19041.1202)
Time: Sun Nov  7 13:13:18 2021 SE Asia Standard Time elapsed time: 23.828008 seconds (0d 0h 0m 23s)

---------------  T H R E A D  ---------------

Current thread (0x00000140fd2e9000):  JavaThread "C2 CompilerThread0" daemon [_thread_in_native, id=11044, stack(0x0000003f5e800000,0x0000003f5e900000)]


Current CompileTask:
C2:  23828 3691       4       org.codehaus.groovy.runtime.metaclass.MetaMethodIndex::addMethodToList (131 bytes)

Stack: [0x0000003f5e800000,0x0000003f5e900000]
Native frames: (J=compiled Java code, j=interpreted, Vv=VM code, C=native code)
V  [jvm.dll+0x5ecfaa]
V  [jvm.dll+0x722bd5]
V  [jvm.dll+0x72412d]
V  [jvm.dll+0x7247e3]
V  [jvm.dll+0x242928]
V  [jvm.dll+0xbc4fc]
V  [jvm.dll+0xbca0c]
V  [jvm.dll+0x352d7d]
V  [jvm.dll+0x320ad3]
V  [jvm.dll+0x31ffca]
V  [jvm.dll+0x1fb602]
V  [jvm.dll+0x1fa7f4]
V  [jvm.dll+0x18354c]
V  [jvm.dll+0x208ee7]
V  [jvm.dll+0x207731]
V  [jvm.dll+0x6eb1cf]
V  [jvm.dll+0x6e3d45]
V  [jvm.dll+0x5ebe96]
C  [ucrtbase.dll+0x21bb2]
C  [KERNEL32.DLL+0x17034]
C  [ntdll.dll+0x52651]


---------------  P R O C E S S  ---------------

Threads class SMR info:
_java_thread_list=0x000001409113c800, length=35, elements={
0x00000140f07cb800, 0x00000140fd28a000, 0x00000140fd28b000, 0x00000140fd2e0800,
0x00000140fd2e2000, 0x00000140fd2e5000, 0x00000140fd2e9000, 0x00000140fdc31000,
0x00000140fdc56800, 0x00000140fdd49800, 0x00000140ff4d8800, 0x00000140fddba000,
0x00000140feab5000, 0x00000140fdf23800, 0x00000140fe114000, 0x00000140ff09d800,
0x00000140ff09e000, 0x00000140fe1ae000, 0x00000140fe1ab000, 0x00000140ff33d800,
0x00000140ff33e800, 0x00000140ff33f800, 0x00000140ff33d000, 0x00000140ff340000,
0x00000140ff341000, 0x00000140ff341800, 0x00000140ff33c000, 0x00000140ff342800,
0x000001408f713000, 0x000001408f716800, 0x000001408f718000, 0x000001408f714000,
0x000001408f715800, 0x000001408f712800, 0x000001408f719800
}

Java Threads: ( => current thread )
  0x00000140f07cb800 JavaThread "main" [_thread_blocked, id=2300, stack(0x0000003f5dc00000,0x0000003f5dd00000)]
  0x00000140fd28a000 JavaThread "Reference Handler" daemon [_thread_blocked, id=2380, stack(0x0000003f5e300000,0x0000003f5e400000)]
  0x00000140fd28b000 JavaThread "Finalizer" daemon [_thread_blocked, id=2080, stack(0x0000003f5e400000,0x0000003f5e500000)]
  0x00000140fd2e0800 JavaThread "Signal Dispatcher" daemon [_thread_blocked, id=4232, stack(0x0000003f5e500000,0x0000003f5e600000)]
  0x00000140fd2e2000 JavaThread "Attach Listener" daemon [_thread_blocked, id=2368, stack(0x0000003f5e600000,0x0000003f5e700000)]
  0x00000140fd2e5000 JavaThread "Service Thread" daemon [_thread_blocked, id=8004, stack(0x0000003f5e700000,0x0000003f5e800000)]
=>0x00000140fd2e9000 JavaThread "C2 CompilerThread0" daemon [_thread_in_native, id=11044, stack(0x0000003f5e800000,0x0000003f5e900000)]
  0x00000140fdc31000 JavaThread "C1 CompilerThread0" daemon [_thread_blocked, id=5508, stack(0x0000003f5e900000,0x0000003f5ea00000)]
  0x00000140fdc56800 JavaThread "Sweeper thread" daemon [_thread_blocked, id=3676, stack(0x0000003f5ea00000,0x0000003f5eb00000)]
  0x00000140fdd49800 JavaThread "Common-Cleaner" daemon [_thread_blocked, id=10948, stack(0x0000003f5eb00000,0x0000003f5ec00000)]
  0x00000140ff4d8800 JavaThread "Daemon health stats" [_thread_blocked, id=5832, stack(0x0000003f5ee00000,0x0000003f5ef00000)]
  0x00000140fddba000 JavaThread "Incoming local TCP Connector on port 50027" [_thread_in_native, id=5676, stack(0x0000003f5f100000,0x0000003f5f200000)]
  0x00000140feab5000 JavaThread "Daemon periodic checks" [_thread_blocked, id=7484, stack(0x0000003f5f200000,0x0000003f5f300000)]
  0x00000140fdf23800 JavaThread "Daemon" [_thread_blocked, id=3776, stack(0x0000003f5f300000,0x0000003f5f400000)]
  0x00000140fe114000 JavaThread "Handler for socket connection from /127.0.0.1:50027 to /127.0.0.1:50028" [_thread_in_native, id=3820, stack(0x0000003f5f400000,0x0000003f5f500000)]
  0x00000140ff09d800 JavaThread "Cancel handler" [_thread_blocked, id=1492, stack(0x0000003f5f500000,0x0000003f5f600000)]
  0x00000140ff09e000 JavaThread "Daemon worker" [_thread_in_vm, id=8648, stack(0x0000003f5f600000,0x0000003f5f700000)]
  0x00000140fe1ae000 JavaThread "Asynchronous log dispatcher for DefaultDaemonConnection: socket connection from /127.0.0.1:50027 to /127.0.0.1:50028" [_thread_blocked, id=10604, stack(0x0000003f5f700000,0x0000003f5f800000)]
  0x00000140fe1ab000 JavaThread "Stdin handler" [_thread_blocked, id=6092, stack(0x0000003f5f800000,0x0000003f5f900000)]
  0x00000140ff33d800 JavaThread "Daemon client event forwarder" [_thread_blocked, id=11116, stack(0x0000003f5f900000,0x0000003f5fa00000)]
  0x00000140ff33e800 JavaThread "Cache worker for file hash cache (C:\Users\MinhNgan\.gradle\caches\7.0.2\fileHashes)" [_thread_blocked, id=9712, stack(0x0000003f5fa00000,0x0000003f5fb00000)]
  0x00000140ff33f800 JavaThread "File lock request listener" [_thread_in_native, id=7524, stack(0x0000003f5fb00000,0x0000003f5fc00000)]
  0x00000140ff33d000 JavaThread "Cache worker for journal cache (C:\Users\MinhNgan\.gradle\caches\journal-1)" [_thread_blocked, id=7808, stack(0x0000003f5fc00000,0x0000003f5fd00000)]
  0x00000140ff340000 JavaThread "Cache worker for file hash cache (C:\Users\MinhNgan\AndroidStudioProjects\Android_hepat\.gradle\7.0.2\fileHashes)" [_thread_blocked, id=2508, stack(0x0000003f5fd00000,0x0000003f5fe00000)]
  0x00000140ff341000 JavaThread "File watcher server" daemon [_thread_in_native, id=2748, stack(0x0000003f5fe00000,0x0000003f5ff00000)]
  0x00000140ff341800 JavaThread "File watcher consumer" daemon [_thread_blocked, id=4852, stack(0x0000003f5ff00000,0x0000003f60000000)]
  0x00000140ff33c000 JavaThread "Cache worker for checksums cache (C:\Users\MinhNgan\AndroidStudioProjects\Android_hepat\.gradle\checksums)" [_thread_blocked, id=2584, stack(0x0000003f60000000,0x0000003f60100000)]
  0x00000140ff342800 JavaThread "Cache worker for cache directory md-supplier (C:\Users\MinhNgan\.gradle\caches\7.0.2\md-supplier)" [_thread_blocked, id=9840, stack(0x0000003f60100000,0x0000003f60200000)]
  0x000001408f713000 JavaThread "Cache worker for cache directory md-rule (C:\Users\MinhNgan\.gradle\caches\7.0.2\md-rule)" [_thread_blocked, id=8928, stack(0x0000003f60200000,0x0000003f60300000)]
  0x000001408f716800 JavaThread "Cache worker for execution history cache (C:\Users\MinhNgan\.gradle\caches\7.0.2\executionHistory)" [_thread_blocked, id=8808, stack(0x0000003f60300000,0x0000003f60400000)]
  0x000001408f718000 JavaThread "jar transforms" [_thread_blocked, id=7144, stack(0x0000003f60400000,0x0000003f60500000)]
  0x000001408f714000 JavaThread "jar transforms Thread 2" [_thread_blocked, id=8676, stack(0x0000003f60500000,0x0000003f60600000)]
  0x000001408f715800 JavaThread "Cache worker for file content cache (C:\Users\MinhNgan\.gradle\caches\7.0.2\fileContent)" [_thread_blocked, id=9196, stack(0x0000003f60600000,0x0000003f60700000)]
  0x000001408f712800 JavaThread "Cache worker for dependencies-accessors (C:\Users\MinhNgan\AndroidStudioProjects\Android_hepat\.gradle\7.0.2\dependencies-accessors)" [_thread_blocked, id=9192, stack(0x0000003f60700000,0x0000003f60800000)]
  0x000001408f719800 JavaThread "jar transforms Thread 3" [_thread_blocked, id=9188, stack(0x0000003f60800000,0x0000003f60900000)]

Other Threads:
  0x00000140fd280000 VMThread "VM Thread" [stack: 0x0000003f5e200000,0x0000003f5e300000] [id=3188]
  0x00000140fddbf000 WatcherThread [stack: 0x0000003f5ec00000,0x0000003f5ed00000] [id=2420]
  0x00000140f07e3000 GCTaskThread "GC Thread#0" [stack: 0x0000003f5dd00000,0x0000003f5de00000] [id=9472]
  0x00000140fe4b5800 GCTaskThread "GC Thread#1" [stack: 0x0000003f5ed00000,0x0000003f5ee00000] [id=2480]
  0x00000140ff12f000 GCTaskThread "GC Thread#2" [stack: 0x0000003f5ef00000,0x0000003f5f000000] [id=5072]
  0x00000140fef90800 GCTaskThread "GC Thread#3" [stack: 0x0000003f5f000000,0x0000003f5f100000] [id=6324]
  0x00000140f0814800 ConcurrentGCThread "G1 Main Marker" [stack: 0x0000003f5de00000,0x0000003f5df00000] [id=3428]
  0x00000140f0817000 ConcurrentGCThread "G1 Conc#0" [stack: 0x0000003f5df00000,0x0000003f5e000000] [id=5228]
  0x00000140f0870000 ConcurrentGCThread "G1 Refine#0" [stack: 0x0000003f5e000000,0x0000003f5e100000] [id=3080]
  0x00000140f0871000 ConcurrentGCThread "G1 Young RemSet Sampling" [stack: 0x0000003f5e100000,0x0000003f5e200000] [id=2324]

Threads with active compile tasks:
C2 CompilerThread0  23902 3691       4       org.codehaus.groovy.runtime.metaclass.MetaMethodIndex::addMethodToList (131 bytes)

VM state:not at safepoint (normal execution)

VM Mutex/Monitor currently owned by a thread: None

Heap address: 0x0000000080000000, size: 2048 MB, Compressed Oops mode: 32-bit
Narrow klass base: 0x0000000000000000, Narrow klass shift: 3
Compressed class space size: 1073741824 Address: 0x0000000100000000

Heap:
 garbage-first heap   total 65536K, used 30423K [0x0000000080000000, 0x0000000100000000)
  region size 1024K, 6 young (6144K), 2 survivors (2048K)
 Metaspace       used 42671K, capacity 43686K, committed 43900K, reserved 1087488K
  class space    used 5417K, capacity 5785K, committed 5888K, reserved 1048576K
Heap Regions: E=young(eden), S=young(survivor), O=old, HS=humongous(starts), HC=humongous(continues), CS=collection set, F=free, A=archive, TAMS=top-at-mark-start (previous, next)
|   0|0x0000000080000000, 0x0000000080100000, 0x0000000080100000|100%| O|  |TAMS 0x0000000080100000, 0x0000000080000000| Untracked 
|   1|0x0000000080100000, 0x0000000080200000, 0x0000000080200000|100%| O|  |TAMS 0x0000000080200000, 0x0000000080100000| Untracked 
|   2|0x0000000080200000, 0x0000000080300000, 0x0000000080300000|100%| O|  |TAMS 0x0000000080300000, 0x0000000080200000| Untracked 
|   3|0x0000000080300000, 0x0000000080400000, 0x0000000080400000|100%|HS|  |TAMS 0x0000000080400000, 0x0000000080300000| Complete 
|   4|0x0000000080400000, 0x0000000080500000, 0x0000000080500000|100%|HC|  |TAMS 0x0000000080500000, 0x0000000080400000| Complete 
|   5|0x0000000080500000, 0x0000000080600000, 0x0000000080600000|100%|HC|  |TAMS 0x0000000080600000, 0x0000000080500000| Complete 
|   6|0x0000000080600000, 0x0000000080700000, 0x0000000080700000|100%| O|  |TAMS 0x0000000080700000, 0x0000000080600000| Untracked 
|   7|0x0000000080700000, 0x0000000080800000, 0x0000000080800000|100%| O|  |TAMS 0x0000000080800000, 0x0000000080700000| Untracked 
|   8|0x0000000080800000, 0x0000000080900000, 0x0000000080900000|100%| O|  |TAMS 0x0000000080900000, 0x0000000080800000| Untracked 
|   9|0x0000000080900000, 0x0000000080a00000, 0x0000000080a00000|100%| O|  |TAMS 0x0000000080a00000, 0x0000000080900000| Untracked 
|  10|0x0000000080a00000, 0x0000000080b00000, 0x0000000080b00000|100%| O|  |TAMS 0x0000000080b00000, 0x0000000080a00000| Untracked 
|  11|0x0000000080b00000, 0x0000000080c00000, 0x0000000080c00000|100%| O|  |TAMS 0x0000000080c00000, 0x0000000080b00000| Untracked 
|  12|0x0000000080c00000, 0x0000000080d00000, 0x0000000080d00000|100%| O|  |TAMS 0x0000000080d00000, 0x0000000080c00000| Untracked 
|  13|0x0000000080d00000, 0x0000000080e00000, 0x0000000080e00000|100%| O|  |TAMS 0x0000000080e00000, 0x0000000080d00000| Untracked 
|  14|0x0000000080e00000, 0x0000000080f00000, 0x0000000080f00000|100%| O|  |TAMS 0x0000000080f00000, 0x0000000080e00000| Untracked 
|  15|0x0000000080f00000, 0x0000000081000000, 0x0000000081000000|100%| O|  |TAMS 0x0000000081000000, 0x0000000080f00000| Untracked 
|  16|0x0000000081000000, 0x0000000081100000, 0x0000000081100000|100%| O|  |TAMS 0x0000000081100000, 0x0000000081000000| Untracked 
|  17|0x0000000081100000, 0x0000000081200000, 0x0000000081200000|100%| O|  |TAMS 0x0000000081200000, 0x0000000081100000| Untracked 
|  18|0x0000000081200000, 0x0000000081300000, 0x0000000081300000|100%| O|  |TAMS 0x0000000081300000, 0x0000000081200000| Untracked 
|  19|0x0000000081300000, 0x0000000081400000, 0x0000000081400000|100%| O|  |TAMS 0x0000000081400000, 0x0000000081300000| Untracked 
|  20|0x0000000081400000, 0x0000000081500000, 0x0000000081500000|100%| O|  |TAMS 0x0000000081500000, 0x0000000081400000| Untracked 
|  21|0x0000000081500000, 0x0000000081600000, 0x0000000081600000|100%| O|  |TAMS 0x0000000081572a00, 0x0000000081500000| Untracked 
|  22|0x0000000081600000, 0x0000000081700000, 0x0000000081700000|100%| O|  |TAMS 0x0000000081600000, 0x0000000081600000| Untracked 
|  23|0x0000000081700000, 0x0000000081800000, 0x0000000081800000|100%| O|  |TAMS 0x0000000081700000, 0x0000000081700000| Untracked 
|  24|0x0000000081800000, 0x0000000081800000, 0x0000000081900000|  0%| F|  |TAMS 0x0000000081800000, 0x0000000081800000| Untracked 
|  25|0x0000000081900000, 0x0000000081a00000, 0x0000000081a00000|100%| O|  |TAMS 0x0000000081900000, 0x0000000081900000| Untracked 
|  26|0x0000000081a00000, 0x0000000081a24000, 0x0000000081b00000| 14%| O|  |TAMS 0x0000000081a00000, 0x0000000081a00000| Untracked 
|  27|0x0000000081b00000, 0x0000000081b00000, 0x0000000081c00000|  0%| F|  |TAMS 0x0000000081b00000, 0x0000000081b00000| Untracked 
|  28|0x0000000081c00000, 0x0000000081c00000, 0x0000000081d00000|  0%| F|  |TAMS 0x0000000081c00000, 0x0000000081c00000| Untracked 
|  29|0x0000000081d00000, 0x0000000081d00000, 0x0000000081e00000|  0%| F|  |TAMS 0x0000000081d00000, 0x0000000081d00000| Untracked 
|  30|0x0000000081e00000, 0x0000000081e00000, 0x0000000081f00000|  0%| F|  |TAMS 0x0000000081e00000, 0x0000000081e00000| Untracked 
|  31|0x0000000081f00000, 0x0000000081f00000, 0x0000000082000000|  0%| F|  |TAMS 0x0000000081f00000, 0x0000000081f00000| Untracked 
|  32|0x0000000082000000, 0x0000000082000000, 0x0000000082100000|  0%| F|  |TAMS 0x0000000082000000, 0x0000000082000000| Untracked 
|  33|0x0000000082100000, 0x0000000082100000, 0x0000000082200000|  0%| F|  |TAMS 0x0000000082100000, 0x0000000082100000| Untracked 
|  34|0x0000000082200000, 0x0000000082200000, 0x0000000082300000|  0%| F|  |TAMS 0x0000000082200000, 0x0000000082200000| Untracked 
|  35|0x0000000082300000, 0x0000000082300000, 0x0000000082400000|  0%| F|  |TAMS 0x0000000082300000, 0x0000000082300000| Untracked 
|  36|0x0000000082400000, 0x0000000082400000, 0x0000000082500000|  0%| F|  |TAMS 0x0000000082400000, 0x0000000082400000| Untracked 
|  37|0x0000000082500000, 0x0000000082500000, 0x0000000082600000|  0%| F|  |TAMS 0x0000000082500000, 0x0000000082500000| Untracked 
|  38|0x0000000082600000, 0x0000000082600000, 0x0000000082700000|  0%| F|  |TAMS 0x0000000082600000, 0x0000000082600000| Untracked 
|  39|0x0000000082700000, 0x0000000082700000, 0x0000000082800000|  0%| F|  |TAMS 0x0000000082700000, 0x0000000082700000| Untracked 
|  40|0x0000000082800000, 0x0000000082800000, 0x0000000082900000|  0%| F|  |TAMS 0x0000000082800000, 0x0000000082800000| Untracked 
|  41|0x0000000082900000, 0x0000000082991e60, 0x0000000082a00000| 56%| S|CS|TAMS 0x0000000082900000, 0x0000000082900000| Complete 
|  42|0x0000000082a00000, 0x0000000082b00000, 0x0000000082b00000|100%| S|CS|TAMS 0x0000000082a00000, 0x0000000082a00000| Complete 
|  43|0x0000000082b00000, 0x0000000082b00000, 0x0000000082c00000|  0%| F|  |TAMS 0x0000000082b00000, 0x0000000082b00000| Untracked 
|  44|0x0000000082c00000, 0x0000000082c00000, 0x0000000082d00000|  0%| F|  |TAMS 0x0000000082c00000, 0x0000000082c00000| Untracked 
|  45|0x0000000082d00000, 0x0000000082d00000, 0x0000000082e00000|  0%| F|  |TAMS 0x0000000082d00000, 0x0000000082d00000| Untracked 
|  46|0x0000000082e00000, 0x0000000082e00000, 0x0000000082f00000|  0%| F|  |TAMS 0x0000000082e00000, 0x0000000082e00000| Untracked 
|  47|0x0000000082f00000, 0x0000000082f00000, 0x0000000083000000|  0%| F|  |TAMS 0x0000000082f00000, 0x0000000082f00000| Untracked 
|  48|0x0000000083000000, 0x0000000083000000, 0x0000000083100000|  0%| F|  |TAMS 0x0000000083000000, 0x0000000083000000| Untracked 
|  49|0x0000000083100000, 0x0000000083100000, 0x0000000083200000|  0%| F|  |TAMS 0x0000000083100000, 0x0000000083100000| Untracked 
|  50|0x0000000083200000, 0x0000000083200000, 0x0000000083300000|  0%| F|  |TAMS 0x0000000083200000, 0x0000000083200000| Untracked 
|  51|0x0000000083300000, 0x0000000083300000, 0x0000000083400000|  0%| F|  |TAMS 0x0000000083300000, 0x0000000083300000| Untracked 
|  52|0x0000000083400000, 0x0000000083400000, 0x0000000083500000|  0%| F|  |TAMS 0x0000000083400000, 0x0000000083400000| Untracked 
|  53|0x0000000083500000, 0x0000000083500000, 0x0000000083600000|  0%| F|  |TAMS 0x0000000083500000, 0x0000000083500000| Untracked 
|  54|0x0000000083600000, 0x0000000083600000, 0x0000000083700000|  0%| F|  |TAMS 0x0000000083600000, 0x0000000083600000| Untracked 
|  55|0x0000000083700000, 0x0000000083700000, 0x0000000083800000|  0%| F|  |TAMS 0x0000000083700000, 0x0000000083700000| Untracked 
|  56|0x0000000083800000, 0x0000000083800000, 0x0000000083900000|  0%| F|  |TAMS 0x0000000083800000, 0x0000000083800000| Untracked 
|  57|0x0000000083900000, 0x0000000083900000, 0x0000000083a00000|  0%| F|  |TAMS 0x0000000083900000, 0x0000000083900000| Untracked 
|  58|0x0000000083a00000, 0x0000000083a00000, 0x0000000083b00000|  0%| F|  |TAMS 0x0000000083a00000, 0x0000000083a00000| Untracked 
|  59|0x0000000083b00000, 0x0000000083b00000, 0x0000000083c00000|  0%| F|  |TAMS 0x0000000083b00000, 0x0000000083b00000| Untracked 
|  60|0x0000000083c00000, 0x0000000083c5f218, 0x0000000083d00000| 37%| E|  |TAMS 0x0000000083c00000, 0x0000000083c00000| Complete 
|  61|0x0000000083d00000, 0x0000000083e00000, 0x0000000083e00000|100%| E|CS|TAMS 0x0000000083d00000, 0x0000000083d00000| Complete 
|  62|0x0000000083e00000, 0x0000000083f00000, 0x0000000083f00000|100%| E|CS|TAMS 0x0000000083e00000, 0x0000000083e00000| Complete 
|  63|0x0000000083f00000, 0x0000000084000000, 0x0000000084000000|100%| E|CS|TAMS 0x0000000083f00000, 0x0000000083f00000| Complete 

Card table byte_map: [0x00000140f64d0000,0x00000140f68d0000] _byte_map_base: 0x00000140f60d0000

Marking Bits (Prev, Next): (CMBitMap*) 0x00000140f080bd68, (CMBitMap*) 0x00000140f080bda0
 Prev Bits: [0x00000140f6cd0000, 0x00000140f8cd0000)
 Next Bits: [0x00000140f8cd0000, 0x00000140facd0000)

Polling page: 0x00000140f0620000

Metaspace:

Usage:
  Non-class:     37.01 MB capacity,    36.38 MB ( 98%) used,   548.02 KB (  1%) free+waste,    98.19 KB ( <1%) overhead. 
      Class:      5.65 MB capacity,     5.29 MB ( 94%) used,   321.02 KB (  6%) free+waste,    46.88 KB ( <1%) overhead. 
       Both:     42.66 MB capacity,    41.67 MB ( 98%) used,   869.04 KB (  2%) free+waste,   145.06 KB ( <1%) overhead. 

Virtual space:
  Non-class space:       38.00 MB reserved,      37.12 MB ( 98%) committed 
      Class space:        1.00 GB reserved,       5.75 MB ( <1%) committed 
             Both:        1.04 GB reserved,      42.87 MB (  4%) committed 

Chunk freelists:
   Non-Class:  47.00 KB
       Class:  7.00 KB
        Both:  54.00 KB

MaxMetaspaceSize: 17179869184.00 GB
CompressedClassSpaceSize: 1.00 GB

CodeHeap 'non-profiled nmethods': size=120064Kb used=1662Kb max_used=1662Kb free=118401Kb
 bounds [0x0000014087ac0000, 0x0000014087d30000, 0x000001408f000000]
CodeHeap 'profiled nmethods': size=120000Kb used=7827Kb max_used=7827Kb free=112172Kb
 bounds [0x0000014080590000, 0x0000014080d40000, 0x0000014087ac0000]
CodeHeap 'non-nmethods': size=5696Kb used=2202Kb max_used=2229Kb free=3493Kb
 bounds [0x0000014080000000, 0x0000014080270000, 0x0000014080590000]
 total_blobs=4439 nmethods=3671 adapters=679
 compilation: enabled
              stopped_count=0, restarted_count=0
 full_count=0

Compilation events (20 events):
Event: 23.638 Thread 0x00000140fdc31000 3692       3       java.util.stream.SpinedBuffer::ensureCapacity (138 bytes)
Event: 23.640 Thread 0x00000140fdc31000 nmethod 3692 0x0000014080d2f890 code [0x0000014080d2fb20, 0x0000014080d30c48]
Event: 23.641 Thread 0x00000140fdc31000 3693       3       java.util.Arrays::sort (47 bytes)
Event: 23.641 Thread 0x00000140fdc31000 nmethod 3693 0x0000014080d31190 code [0x0000014080d31380, 0x0000014080d316b8]
Event: 23.644 Thread 0x00000140fd2e9000 nmethod 3677 0x0000014087c5e990 code [0x0000014087c5eb80, 0x0000014087c5f590]
Event: 23.644 Thread 0x00000140fd2e9000 3691       4       org.codehaus.groovy.runtime.metaclass.MetaMethodIndex::addMethodToList (131 bytes)
Event: 23.646 Thread 0x00000140fdc31000 3694       3       java.util.ArrayList::sort (45 bytes)
Event: 23.648 Thread 0x00000140fdc31000 nmethod 3694 0x0000014080d31810 code [0x0000014080d319e0, 0x0000014080d31c38]
Event: 23.648 Thread 0x00000140fdc31000 3695       3       com.sun.beans.util.Cache::getEntryValue (33 bytes)
Event: 23.649 Thread 0x00000140fdc31000 nmethod 3695 0x0000014080d31d90 code [0x0000014080d31f80, 0x0000014080d32448]
Event: 23.649 Thread 0x00000140fdc31000 3696       3       java.util.stream.SpinedBuffer::<init> (18 bytes)
Event: 23.649 Thread 0x00000140fdc31000 nmethod 3696 0x0000014080d32610 code [0x0000014080d327e0, 0x0000014080d32a98]
Event: 23.649 Thread 0x00000140fdc31000 3697       3       java.util.stream.AbstractSpinedBuffer::<init> (10 bytes)
Event: 23.649 Thread 0x00000140fdc31000 nmethod 3697 0x0000014080d32b90 code [0x0000014080d32d40, 0x0000014080d32e98]
Event: 23.649 Thread 0x00000140fdc31000 3698       3       java.util.Arrays::stream (8 bytes)
Event: 23.650 Thread 0x00000140fdc31000 nmethod 3698 0x0000014080d32f90 code [0x0000014080d331e0, 0x0000014080d338c8]
Event: 23.650 Thread 0x00000140fdc31000 3700       3       org.codehaus.groovy.runtime.metaclass.MetaMethodIndex::getMethods (82 bytes)
Event: 23.652 Thread 0x00000140fdc31000 nmethod 3700 0x0000014080d33c10 code [0x0000014080d33e20, 0x0000014080d34408]
Event: 23.652 Thread 0x00000140fdc31000 3699       3       java.util.ArrayList::<init> (63 bytes)
Event: 23.652 Thread 0x00000140fdc31000 nmethod 3699 0x0000014080d34690 code [0x0000014080d348a0, 0x0000014080d34df8]

GC Heap History (20 events):
Event: 16.367 GC heap before
{Heap before GC invocations=7 (full 0):
 garbage-first heap   total 65536K, used 43212K [0x0000000080000000, 0x0000000100000000)
  region size 1024K, 28 young (28672K), 2 survivors (2048K)
 Metaspace       used 23331K, capacity 23888K, committed 24112K, reserved 1071104K
  class space    used 2958K, capacity 3156K, committed 3200K, reserved 1048576K
}
Event: 16.372 GC heap after
{Heap after GC invocations=8 (full 0):
 garbage-first heap   total 65536K, used 17455K [0x0000000080000000, 0x0000000100000000)
  region size 1024K, 3 young (3072K), 3 survivors (3072K)
 Metaspace       used 23331K, capacity 23888K, committed 24112K, reserved 1071104K
  class space    used 2958K, capacity 3156K, committed 3200K, reserved 1048576K
}
Event: 17.163 GC heap before
{Heap before GC invocations=8 (full 0):
 garbage-first heap   total 65536K, used 44079K [0x0000000080000000, 0x0000000100000000)
  region size 1024K, 29 young (29696K), 3 survivors (3072K)
 Metaspace       used 25958K, capacity 26553K, committed 26672K, reserved 1073152K
  class space    used 3391K, capacity 3599K, committed 3712K, reserved 1048576K
}
Event: 17.172 GC heap after
{Heap after GC invocations=9 (full 0):
 garbage-first heap   total 65536K, used 18470K [0x0000000080000000, 0x0000000100000000)
  region size 1024K, 3 young (3072K), 3 survivors (3072K)
 Metaspace       used 25958K, capacity 26553K, committed 26672K, reserved 1073152K
  class space    used 3391K, capacity 3599K, committed 3712K, reserved 1048576K
}
Event: 18.197 GC heap before
{Heap before GC invocations=9 (full 0):
 garbage-first heap   total 65536K, used 46118K [0x0000000080000000, 0x0000000100000000)
  region size 1024K, 30 young (30720K), 3 survivors (3072K)
 Metaspace       used 28435K, capacity 29116K, committed 29360K, reserved 1075200K
  class space    used 3781K, capacity 4028K, committed 4096K, reserved 1048576K
}
Event: 18.203 GC heap after
{Heap after GC invocations=10 (full 0):
 garbage-first heap   total 65536K, used 19351K [0x0000000080000000, 0x0000000100000000)
  region size 1024K, 3 young (3072K), 3 survivors (3072K)
 Metaspace       used 28435K, capacity 29116K, committed 29360K, reserved 1075200K
  class space    used 3781K, capacity 4028K, committed 4096K, reserved 1048576K
}
Event: 19.421 GC heap before
{Heap before GC invocations=10 (full 0):
 garbage-first heap   total 65536K, used 45975K [0x0000000080000000, 0x0000000100000000)
  region size 1024K, 30 young (30720K), 3 survivors (3072K)
 Metaspace       used 34625K, capacity 35418K, committed 35504K, reserved 1079296K
  class space    used 4515K, capacity 4832K, committed 4864K, reserved 1048576K
}
Event: 19.432 GC heap after
{Heap after GC invocations=11 (full 0):
 garbage-first heap   total 65536K, used 21916K [0x0000000080000000, 0x0000000100000000)
  region size 1024K, 4 young (4096K), 4 survivors (4096K)
 Metaspace       used 34625K, capacity 35418K, committed 35504K, reserved 1079296K
  class space    used 4515K, capacity 4832K, committed 4864K, reserved 1048576K
}
Event: 19.466 GC heap before
{Heap before GC invocations=11 (full 0):
 garbage-first heap   total 65536K, used 21916K [0x0000000080000000, 0x0000000100000000)
  region size 1024K, 6 young (6144K), 4 survivors (4096K)
 Metaspace       used 34824K, capacity 35610K, committed 35708K, reserved 1081344K
  class space    used 4530K, capacity 4832K, committed 4864K, reserved 1048576K
}
Event: 19.479 GC heap after
{Heap after GC invocations=12 (full 0):
 garbage-first heap   total 65536K, used 23167K [0x0000000080000000, 0x0000000100000000)
  region size 1024K, 2 young (2048K), 2 survivors (2048K)
 Metaspace       used 34824K, capacity 35610K, committed 35708K, reserved 1081344K
  class space    used 4530K, capacity 4832K, committed 4864K, reserved 1048576K
}
Event: 20.271 GC heap before
{Heap before GC invocations=13 (full 0):
 garbage-first heap   total 65536K, used 37503K [0x0000000080000000, 0x0000000100000000)
  region size 1024K, 17 young (17408K), 2 survivors (2048K)
 Metaspace       used 35894K, capacity 36763K, committed 36860K, reserved 1081344K
  class space    used 4614K, capacity 4916K, committed 4992K, reserved 1048576K
}
Event: 20.276 GC heap after
{Heap after GC invocations=14 (full 0):
 garbage-first heap   total 65536K, used 24477K [0x0000000080000000, 0x0000000100000000)
  region size 1024K, 3 young (3072K), 3 survivors (3072K)
 Metaspace       used 35894K, capacity 36763K, committed 36860K, reserved 1081344K
  class space    used 4614K, capacity 4916K, committed 4992K, reserved 1048576K
}
Event: 21.323 GC heap before
{Heap before GC invocations=14 (full 0):
 garbage-first heap   total 65536K, used 40861K [0x0000000080000000, 0x0000000100000000)
  region size 1024K, 19 young (19456K), 3 survivors (3072K)
 Metaspace       used 37137K, capacity 38042K, committed 38396K, reserved 1083392K
  class space    used 4796K, capacity 5126K, committed 5248K, reserved 1048576K
}
Event: 21.330 GC heap after
{Heap after GC invocations=15 (full 0):
 garbage-first heap   total 65536K, used 24336K [0x0000000080000000, 0x0000000100000000)
  region size 1024K, 2 young (2048K), 2 survivors (2048K)
 Metaspace       used 37137K, capacity 38042K, committed 38396K, reserved 1083392K
  class space    used 4796K, capacity 5126K, committed 5248K, reserved 1048576K
}
Event: 21.951 GC heap before
{Heap before GC invocations=15 (full 0):
 garbage-first heap   total 65536K, used 44816K [0x0000000080000000, 0x0000000100000000)
  region size 1024K, 20 young (20480K), 2 survivors (2048K)
 Metaspace       used 38720K, capacity 39635K, committed 39804K, reserved 1083392K
  class space    used 4922K, capacity 5251K, committed 5376K, reserved 1048576K
}
Event: 21.961 GC heap after
{Heap after GC invocations=16 (full 0):
 garbage-first heap   total 65536K, used 25767K [0x0000000080000000, 0x0000000100000000)
  region size 1024K, 3 young (3072K), 3 survivors (3072K)
 Metaspace       used 38720K, capacity 39635K, committed 39804K, reserved 1083392K
  class space    used 4922K, capacity 5251K, committed 5376K, reserved 1048576K
}
Event: 22.690 GC heap before
{Heap before GC invocations=16 (full 0):
 garbage-first heap   total 65536K, used 44199K [0x0000000080000000, 0x0000000100000000)
  region size 1024K, 21 young (21504K), 3 survivors (3072K)
 Metaspace       used 40073K, capacity 40999K, committed 41212K, reserved 1085440K
  class space    used 5134K, capacity 5492K, committed 5504K, reserved 1048576K
}
Event: 22.701 GC heap after
{Heap after GC invocations=17 (full 0):
 garbage-first heap   total 65536K, used 26743K [0x0000000080000000, 0x0000000100000000)
  region size 1024K, 3 young (3072K), 3 survivors (3072K)
 Metaspace       used 40073K, capacity 40999K, committed 41212K, reserved 1085440K
  class space    used 5134K, capacity 5492K, committed 5504K, reserved 1048576K
}
Event: 23.545 GC heap before
{Heap before GC invocations=17 (full 0):
 garbage-first heap   total 65536K, used 47223K [0x0000000080000000, 0x0000000100000000)
  region size 1024K, 22 young (22528K), 3 survivors (3072K)
 Metaspace       used 42463K, capacity 43426K, committed 43516K, reserved 1087488K
  class space    used 5388K, capacity 5741K, committed 5760K, reserved 1048576K
}
Event: 23.552 GC heap after
{Heap after GC invocations=18 (full 0):
 garbage-first heap   total 65536K, used 27351K [0x0000000080000000, 0x0000000100000000)
  region size 1024K, 2 young (2048K), 2 survivors (2048K)
 Metaspace       used 42463K, capacity 43426K, committed 43516K, reserved 1087488K
  class space    used 5388K, capacity 5741K, committed 5760K, reserved 1048576K
}

Deoptimization events (20 events):
Event: 23.106 Thread 0x00000140ff09e000 DEOPT PACKING pc=0x0000014087bd90c8 sp=0x0000003f5f6f9320
Event: 23.106 Thread 0x00000140ff09e000 DEOPT UNPACKING pc=0x00000140800278af sp=0x0000003f5f6f9240 mode 2
Event: 23.106 Thread 0x00000140ff09e000 Uncommon trap: trap_request=0xffffff4d fr.pc=0x0000014087b14b14 relative=0x00000000000000d4
Event: 23.106 Thread 0x00000140ff09e000 Uncommon trap: reason=unstable_if action=reinterpret pc=0x0000014087b14b14 method=java.util.HashMap.hash(Ljava/lang/Object;)I @ 1 c2
Event: 23.106 Thread 0x00000140ff09e000 DEOPT PACKING pc=0x0000014087b14b14 sp=0x0000003f5f6f9320
Event: 23.106 Thread 0x00000140ff09e000 DEOPT UNPACKING pc=0x00000140800278af sp=0x0000003f5f6f9260 mode 2
Event: 23.106 Thread 0x00000140ff09e000 Uncommon trap: trap_request=0xffffff4d fr.pc=0x0000014087c13e48 relative=0x00000000000006c8
Event: 23.106 Thread 0x00000140ff09e000 Uncommon trap: reason=unstable_if action=reinterpret pc=0x0000014087c13e48 method=java.util.HashMap.putVal(ILjava/lang/Object;Ljava/lang/Object;ZZ)Ljava/lang/Object; @ 85 c2
Event: 23.106 Thread 0x00000140ff09e000 DEOPT PACKING pc=0x0000014087c13e48 sp=0x0000003f5f6f9250
Event: 23.106 Thread 0x00000140ff09e000 DEOPT UNPACKING pc=0x00000140800278af sp=0x0000003f5f6f9208 mode 2
Event: 23.120 Thread 0x00000140ff09e000 Uncommon trap: trap_request=0xffffff4d fr.pc=0x0000014087c454f8 relative=0x0000000000000318
Event: 23.120 Thread 0x00000140ff09e000 Uncommon trap: reason=unstable_if action=reinterpret pc=0x0000014087c454f8 method=org.gradle.internal.reflect.PropertyAccessorType.isGetGetterName(Ljava/lang/String;)Z @ 14 c2
Event: 23.120 Thread 0x00000140ff09e000 DEOPT PACKING pc=0x0000014087c454f8 sp=0x0000003f5f6f9be0
Event: 23.120 Thread 0x00000140ff09e000 DEOPT UNPACKING pc=0x00000140800278af sp=0x0000003f5f6f9b38 mode 2
Event: 23.173 Thread 0x00000140ff09e000 Uncommon trap: trap_request=0xffffff4d fr.pc=0x0000014087bd2708 relative=0x00000000000000e8
Event: 23.173 Thread 0x00000140ff09e000 Uncommon trap: reason=unstable_if action=reinterpret pc=0x0000014087bd2708 method=org.objectweb.asm.ByteVector.putShort(I)Lorg/objectweb/asm/ByteVector; @ 13 c2
Event: 23.173 Thread 0x00000140ff09e000 DEOPT PACKING pc=0x0000014087bd2708 sp=0x0000003f5f6f9780
Event: 23.173 Thread 0x00000140ff09e000 DEOPT UNPACKING pc=0x00000140800278af sp=0x0000003f5f6f9718 mode 2
Event: 23.593 Thread 0x00000140ff09e000 DEOPT PACKING pc=0x0000014080c10974 sp=0x0000003f5f6f9fd0
Event: 23.593 Thread 0x00000140ff09e000 DEOPT UNPACKING pc=0x00000140800276ce sp=0x0000003f5f6f9570 mode 0

Classes redefined (0 events):
No events

Internal exceptions (20 events):
Event: 21.982 Thread 0x00000140ff09e000 Exception <a 'java/lang/ClassNotFoundException'{0x0000000083e7a7c8}: org/gradle/api/internal/DefaultNamedDomainObjectCollectionCustomizer> (0x0000000083e7a7c8) thrown at [./src/hotspot/share/classfile/systemDictionary.cpp, line 231]
Event: 22.045 Thread 0x00000140ff09e000 Exception <a 'java/lang/ClassNotFoundException'{0x0000000083ef2ac0}: org/gradle/api/internal/DefaultNamedDomainObjectListCustomizer> (0x0000000083ef2ac0) thrown at [./src/hotspot/share/classfile/systemDictionary.cpp, line 231]
Event: 22.054 Thread 0x00000140ff09e000 Exception <a 'java/lang/ClassNotFoundException'{0x0000000083d48138}: org/gradle/api/internal/artifacts/DefaultArtifactRepositoryContainerCustomizer> (0x0000000083d48138) thrown at [./src/hotspot/share/classfile/systemDictionary.cpp, line 231]
Event: 22.060 Thread 0x00000140ff09e000 Exception <a 'java/lang/ClassNotFoundException'{0x0000000083d92550}: org/gradle/api/internal/artifacts/dsl/DefaultRepositoryHandlerCustomizer> (0x0000000083d92550) thrown at [./src/hotspot/share/classfile/systemDictionary.cpp, line 231]
Event: 22.064 Thread 0x00000140ff09e000 Exception <a 'java/lang/ClassNotFoundException'{0x0000000083def7f8}: org/gradle/api/internal/artifacts/dsl/DefaultRepositoryHandler_DecoratedCustomizer> (0x0000000083def7f8) thrown at [./src/hotspot/share/classfile/systemDictionary.cpp, line 231]
Event: 22.272 Thread 0x00000140ff09e000 Exception <a 'java/lang/ClassNotFoundException'{0x00000000838ccc48}: org/gradle/initialization/DefaultProjectDescriptorBeanInfo> (0x00000000838ccc48) thrown at [./src/hotspot/share/classfile/systemDictionary.cpp, line 231]
Event: 22.273 Thread 0x00000140ff09e000 Exception <a 'java/lang/ClassNotFoundException'{0x00000000838f1d80}: org/gradle/initialization/DefaultProjectDescriptorCustomizer> (0x00000000838f1d80) thrown at [./src/hotspot/share/classfile/systemDictionary.cpp, line 231]
Event: 22.280 Thread 0x00000140ff09e000 Implicit null exception at 0x0000014087bf096f to 0x0000014087bf0a18
Event: 22.704 Thread 0x00000140ff33d800 Exception <a 'java/lang/NoSuchMethodError'{0x0000000083f6d648}: <clinit>> (0x0000000083f6d648) thrown at [./src/hotspot/share/prims/jni.cpp, line 1362]
Event: 22.704 Thread 0x00000140ff33d800 Exception <a 'java/lang/NoSuchMethodError'{0x0000000083f6f0c8}: <clinit>> (0x0000000083f6f0c8) thrown at [./src/hotspot/share/prims/jni.cpp, line 1362]
Event: 22.706 Thread 0x00000140ff33d800 Exception <a 'java/lang/NoSuchMethodError'{0x0000000083f80c50}: <clinit>> (0x0000000083f80c50) thrown at [./src/hotspot/share/prims/jni.cpp, line 1362]
Event: 22.707 Thread 0x00000140ff33d800 Exception <a 'java/lang/NoSuchMethodError'{0x0000000083f82f60}: <clinit>> (0x0000000083f82f60) thrown at [./src/hotspot/share/prims/jni.cpp, line 1362]
Event: 22.710 Thread 0x00000140ff33d800 Exception <a 'java/lang/NoSuchMethodError'{0x0000000083f951e0}: <clinit>> (0x0000000083f951e0) thrown at [./src/hotspot/share/prims/jni.cpp, line 1362]
Event: 23.106 Thread 0x00000140ff09e000 Implicit null exception at 0x0000014087b14a78 to 0x0000014087b14b0a
Event: 23.617 Thread 0x00000140ff09e000 Exception <a 'java/lang/ClassNotFoundException'{0x0000000083fc4610}: build_6vnmhqjmlb6csu7tjdpgsl40hBeanInfo> (0x0000000083fc4610) thrown at [./src/hotspot/share/classfile/systemDictionary.cpp, line 231]
Event: 23.618 Thread 0x00000140ff09e000 Exception <a 'java/lang/ClassNotFoundException'{0x0000000083fda458}: org/gradle/api/internal/project/ProjectScriptBeanInfo> (0x0000000083fda458) thrown at [./src/hotspot/share/classfile/systemDictionary.cpp, line 231]
Event: 23.618 Thread 0x00000140ff09e000 Exception <a 'java/lang/ClassNotFoundException'{0x0000000083ff06b8}: org/gradle/api/internal/project/ProjectScriptCustomizer> (0x0000000083ff06b8) thrown at [./src/hotspot/share/classfile/systemDictionary.cpp, line 231]
Event: 23.620 Thread 0x00000140ff09e000 Exception <a 'java/lang/ClassNotFoundException'{0x0000000083e0bd58}: build_6vnmhqjmlb6csu7tjdpgsl40hCustomizer> (0x0000000083e0bd58) thrown at [./src/hotspot/share/classfile/systemDictionary.cpp, line 231]
Event: 23.644 Thread 0x00000140ff09e000 Exception <a 'java/lang/ClassNotFoundException'{0x0000000083e9dc10}: org/gradle/api/internal/initialization/DefaultScriptHandlerBeanInfo> (0x0000000083e9dc10) thrown at [./src/hotspot/share/classfile/systemDictionary.cpp, line 231]
Event: 23.646 Thread 0x00000140ff09e000 Exception <a 'java/lang/ClassNotFoundException'{0x0000000083ec6e28}: org/gradle/api/internal/initialization/DefaultScriptHandlerCustomizer> (0x0000000083ec6e28) thrown at [./src/hotspot/share/classfile/systemDictionary.cpp, line 231]

Events (20 events):
Event: 23.675 loading class org/gradle/api/internal/artifacts/configurations/DefaultConfiguration$WithResults
Event: 23.675 loading class org/gradle/api/internal/artifacts/configurations/DefaultConfiguration$WithResults done
Event: 23.679 loading class org/gradle/api/internal/artifacts/ResolverResults
Event: 23.679 loading class org/gradle/api/internal/artifacts/ResolverResults done
Event: 23.680 loading class org/gradle/api/internal/artifacts/configurations/DefaultConfiguration$BuildDependenciesResolved
Event: 23.680 loading class org/gradle/api/internal/artifacts/configurations/DefaultConfiguration$BuildDependenciesResolved done
Event: 23.682 loading class org/gradle/api/internal/artifacts/ivyservice/DefaultLenientConfiguration$ArtifactResolveException
Event: 23.682 loading class org/gradle/api/internal/artifacts/ivyservice/DefaultLenientConfiguration$ArtifactResolveException done
Event: 23.684 loading class org/gradle/api/artifacts/ResolveException
Event: 23.685 loading class org/gradle/api/artifacts/ResolveException done
Event: 23.687 loading class org/gradle/api/internal/artifacts/configurations/DefaultConfiguration$ConfigurationArtifactCollection
Event: 23.687 loading class org/gradle/api/internal/artifacts/configurations/DefaultConfiguration$ConfigurationArtifactCollection done
Event: 23.688 loading class org/gradle/api/internal/artifacts/configurations/ArtifactCollectionInternal
Event: 23.688 loading class org/gradle/api/internal/artifacts/configurations/ArtifactCollectionInternal done
Event: 23.689 loading class org/gradle/api/artifacts/ArtifactCollection
Event: 23.689 loading class org/gradle/api/artifacts/ArtifactCollection done
Event: 23.703 loading class org/gradle/api/internal/artifacts/configurations/MutationValidator$MutationType
Event: 23.703 loading class org/gradle/api/internal/artifacts/configurations/MutationValidator$MutationType done
Event: 23.706 loading class org/gradle/api/internal/artifacts/configurations/DefaultConfiguration$ConfigurationFileCollection
Event: 23.707 loading class org/gradle/api/internal/artifacts/configurations/DefaultConfiguration$ConfigurationFileCollection done


Dynamic libraries:
0x00007ff7e84d0000 - 0x00007ff7e84da000 	C:\Program Files\Android\Android Studio\jre\bin\java.exe
0x00007fff82c90000 - 0x00007fff82e85000 	C:\WINDOWS\SYSTEM32\ntdll.dll
0x00007fff82a20000 - 0x00007fff82ade000 	C:\WINDOWS\System32\KERNEL32.DLL
0x00007fff809e0000 - 0x00007fff80ca9000 	C:\WINDOWS\System32\KERNELBASE.dll
0x00007fff805c0000 - 0x00007fff806c0000 	C:\WINDOWS\System32\ucrtbase.dll
0x00007fff6d7c0000 - 0x00007fff6d7d9000 	C:\Program Files\Android\Android Studio\jre\bin\jli.dll
0x00007fff82320000 - 0x00007fff824c1000 	C:\WINDOWS\System32\USER32.dll
0x00007fff80cb0000 - 0x00007fff80cd2000 	C:\WINDOWS\System32\win32u.dll
0x00007fff81c10000 - 0x00007fff81c3b000 	C:\WINDOWS\System32\GDI32.dll
0x00007fff808d0000 - 0x00007fff809db000 	C:\WINDOWS\System32\gdi32full.dll
0x00007fff80830000 - 0x00007fff808cd000 	C:\WINDOWS\System32\msvcp_win.dll
0x00007fff701b0000 - 0x00007fff7044a000 	C:\WINDOWS\WinSxS\amd64_microsoft.windows.common-controls_6595b64144ccf1df_6.0.19041.1110_none_60b5254171f9507e\COMCTL32.dll
0x00007fff828a0000 - 0x00007fff8293e000 	C:\WINDOWS\System32\msvcrt.dll
0x00007fff78bf0000 - 0x00007fff78c07000 	C:\Program Files\Android\Android Studio\jre\bin\VCRUNTIME140.dll
0x00007fff81c40000 - 0x00007fff81c70000 	C:\WINDOWS\System32\IMM32.DLL
0x00007fff55b90000 - 0x00007fff55c2d000 	C:\Program Files\Android\Android Studio\jre\bin\msvcp140.dll
0x00007fff25950000 - 0x00007fff2641f000 	C:\Program Files\Android\Android Studio\jre\bin\server\jvm.dll
0x00007fff80f10000 - 0x00007fff80fbc000 	C:\WINDOWS\System32\ADVAPI32.dll
0x00007fff82bb0000 - 0x00007fff82c4b000 	C:\WINDOWS\System32\sechost.dll
0x00007fff82540000 - 0x00007fff8266a000 	C:\WINDOWS\System32\RPCRT4.dll
0x00007fff81c70000 - 0x00007fff81c78000 	C:\WINDOWS\System32\PSAPI.DLL
0x00007fff79870000 - 0x00007fff79879000 	C:\WINDOWS\SYSTEM32\WSOCK32.dll
0x00007fff824d0000 - 0x00007fff8253b000 	C:\WINDOWS\System32\WS2_32.dll
0x00007fff72dd0000 - 0x00007fff72df7000 	C:\WINDOWS\SYSTEM32\WINMM.dll
0x00007fff74040000 - 0x00007fff7404a000 	C:\WINDOWS\SYSTEM32\VERSION.dll
0x00007fff7e2b0000 - 0x00007fff7e2c2000 	C:\WINDOWS\SYSTEM32\kernel.appcore.dll
0x00007fff6e820000 - 0x00007fff6e831000 	C:\Program Files\Android\Android Studio\jre\bin\verify.dll
0x00007fff6c780000 - 0x00007fff6c964000 	C:\WINDOWS\SYSTEM32\DBGHELP.DLL
0x00007fff6c750000 - 0x00007fff6c77c000 	C:\WINDOWS\SYSTEM32\dbgcore.DLL
0x00007fff806c0000 - 0x00007fff80743000 	C:\WINDOWS\System32\bcryptPrimitives.dll
0x00007fff6db90000 - 0x00007fff6dbb9000 	C:\Program Files\Android\Android Studio\jre\bin\java.dll
0x00007fff78be0000 - 0x00007fff78beb000 	C:\Program Files\Android\Android Studio\jre\bin\jimage.dll
0x00007fff594d0000 - 0x00007fff594e8000 	C:\Program Files\Android\Android Studio\jre\bin\zip.dll
0x00007fff814d0000 - 0x00007fff81c0f000 	C:\WINDOWS\System32\SHELL32.dll
0x00007fff7e4b0000 - 0x00007fff7ec40000 	C:\WINDOWS\SYSTEM32\windows.storage.dll
0x00007fff80fc0000 - 0x00007fff81315000 	C:\WINDOWS\System32\combase.dll
0x00007fff7fe00000 - 0x00007fff7fe2c000 	C:\WINDOWS\SYSTEM32\Wldp.dll
0x00007fff82970000 - 0x00007fff82a1d000 	C:\WINDOWS\System32\SHCORE.dll
0x00007fff80e00000 - 0x00007fff80e55000 	C:\WINDOWS\System32\shlwapi.dll
0x00007fff802f0000 - 0x00007fff8030f000 	C:\WINDOWS\SYSTEM32\profapi.dll
0x00007fff55e00000 - 0x00007fff55e1a000 	C:\Program Files\Android\Android Studio\jre\bin\net.dll
0x00007fff71ab0000 - 0x00007fff71bb8000 	C:\WINDOWS\SYSTEM32\WINHTTP.dll
0x00007fff7fb60000 - 0x00007fff7fbca000 	C:\WINDOWS\system32\mswsock.dll
0x00007fff55de0000 - 0x00007fff55df4000 	C:\Program Files\Android\Android Studio\jre\bin\nio.dll
0x00007fff57e40000 - 0x00007fff57e67000 	C:\Users\MinhNgan\.gradle\native\8bec1ad78214c89d9ad589b4d07fe93259594b29d510b10fafb7a158f7737e5d\windows-amd64\native-platform.dll
0x00007fff57d00000 - 0x00007fff57e3d000 	C:\Users\MinhNgan\.gradle\native\53dbd7edfb1c66fb8903c78663c9afc45aea4f116125fa6feffd364cf09443e8\windows-amd64\native-platform-file-events.dll
0x00007fff6e810000 - 0x00007fff6e81a000 	C:\Program Files\Android\Android Studio\jre\bin\management.dll
0x00007fff6e340000 - 0x00007fff6e34c000 	C:\Program Files\Android\Android Studio\jre\bin\management_ext.dll
0x00007fff7fd50000 - 0x00007fff7fd68000 	C:\WINDOWS\SYSTEM32\CRYPTSP.dll
0x00007fff7f470000 - 0x00007fff7f4a4000 	C:\WINDOWS\system32\rsaenh.dll
0x00007fff80750000 - 0x00007fff80777000 	C:\WINDOWS\System32\bcrypt.dll
0x00007fff80270000 - 0x00007fff8029e000 	C:\WINDOWS\SYSTEM32\USERENV.dll
0x00007fff7fd70000 - 0x00007fff7fd7c000 	C:\WINDOWS\SYSTEM32\CRYPTBASE.dll
0x00007fff7f800000 - 0x00007fff7f83b000 	C:\WINDOWS\SYSTEM32\IPHLPAPI.DLL
0x00007fff82940000 - 0x00007fff82948000 	C:\WINDOWS\System32\NSI.dll
0x00007fff74b70000 - 0x00007fff74b87000 	C:\WINDOWS\SYSTEM32\dhcpcsvc6.DLL
0x00007fff75840000 - 0x00007fff7585d000 	C:\WINDOWS\SYSTEM32\dhcpcsvc.DLL
0x00007fff7f840000 - 0x00007fff7f90c000 	C:\WINDOWS\SYSTEM32\DNSAPI.dll

dbghelp: loaded successfully - version: 4.0.5 - missing functions: none
symbol engine: initialized successfully - sym options: 0x614 - pdb path: .;C:\Program Files\Android\Android Studio\jre\bin;C:\WINDOWS\SYSTEM32;C:\WINDOWS\WinSxS\amd64_microsoft.windows.common-controls_6595b64144ccf1df_6.0.19041.1110_none_60b5254171f9507e;C:\Program Files\Android\Android Studio\jre\bin\server;C:\Users\MinhNgan\.gradle\native\8bec1ad78214c89d9ad589b4d07fe93259594b29d510b10fafb7a158f7737e5d\windows-amd64;C:\Users\MinhNgan\.gradle\native\53dbd7edfb1c66fb8903c78663c9afc45aea4f116125fa6feffd364cf09443e8\windows-amd64

VM Arguments:
jvm_args: --add-opens=java.base/java.util=ALL-UNNAMED --add-opens=java.base/java.lang=ALL-UNNAMED --add-opens=java.base/java.lang.invoke=ALL-UNNAMED --add-opens=java.base/java.util=ALL-UNNAMED --add-opens=java.prefs/java.util.prefs=ALL-UNNAMED --add-opens=java.prefs/java.util.prefs=ALL-UNNAMED --add-opens=java.base/java.nio.charset=ALL-UNNAMED --add-opens=java.base/java.net=ALL-UNNAMED --add-opens=java.base/java.util.concurrent.atomic=ALL-UNNAMED -Xmx2048m -Dfile.encoding=UTF-8 -Duser.country=US -Duser.language=en -Duser.variant 
java_command: org.gradle.launcher.daemon.bootstrap.GradleDaemon 7.0.2
java_class_path (initial): C:\Users\MinhNgan\.gradle\wrapper\dists\gradle-7.0.2-bin\857tjihv64xamwrf0h14cai3r\gradle-7.0.2\lib\gradle-launcher-7.0.2.jar
Launcher Type: SUN_STANDARD

[Global flags]
     intx CICompilerCount                          = 3                                         {product} {ergonomic}
     uint ConcGCThreads                            = 1                                         {product} {ergonomic}
     uint G1ConcRefinementThreads                  = 4                                         {product} {ergonomic}
   size_t G1HeapRegionSize                         = 1048576                                   {product} {ergonomic}
    uintx GCDrainStackTargetSize                   = 64                                        {product} {ergonomic}
   size_t InitialHeapSize                          = 67108864                                  {product} {ergonomic}
   size_t MarkStackSize                            = 4194304                                   {product} {ergonomic}
   size_t MaxHeapSize                              = 2147483648                                {product} {command line}
   size_t MaxNewSize                               = 1287651328                                {product} {ergonomic}
   size_t MinHeapDeltaBytes                        = 1048576                                   {product} {ergonomic}
    uintx NonNMethodCodeHeapSize                   = 5830732                                {pd product} {ergonomic}
    uintx NonProfiledCodeHeapSize                  = 122913754                              {pd product} {ergonomic}
    uintx ProfiledCodeHeapSize                     = 122913754                              {pd product} {ergonomic}
    uintx ReservedCodeCacheSize                    = 251658240                              {pd product} {ergonomic}
     bool SegmentedCodeCache                       = true                                      {product} {ergonomic}
     bool UseCompressedClassPointers               = true                                 {lp64_product} {ergonomic}
     bool UseCompressedOops                        = true                                 {lp64_product} {ergonomic}
     bool UseG1GC                                  = true                                      {product} {ergonomic}
     bool UseLargePagesIndividualAllocation        = false                                  {pd product} {ergonomic}

Logging:
Log output configuration:
 #0: stdout all=warning uptime,level,tags
 #1: stderr all=off uptime,level,tags

Environment Variables:
PATH=C:\Program Files\Common Files\Oracle\Java\javapath;C:\WINDOWS\system32;C:\WINDOWS;C:\WINDOWS\System32\Wbem;C:\WINDOWS\System32\WindowsPowerShell\v1.0\;C:\WINDOWS\System32\OpenSSH\;C:\Program Files\dotnet\;C:\Program Files\Microsoft SQL Server\130\Tools\Binn\;C:\Program Files\Microsoft SQL Server\Client SDK\ODBC\170\Tools\Binn\;C:\Program Files (x86)\dotnet\;C:\Program Files\Git\cmd;C:\Users\MinhNgan\AppData\Local\Microsoft\WindowsApps
USERNAME=MinhNgan
OS=Windows_NT
PROCESSOR_IDENTIFIER=Intel64 Family 6 Model 69 Stepping 1, GenuineIntel



---------------  S Y S T E M  ---------------

OS: Windows 10 , 64 bit Build 19041 (10.0.19041.1202)
OS uptime: 0 days 0:06 hours

CPU:total 4 (initial active 4) (2 cores per cpu, 2 threads per core) family 6 model 69 stepping 1 microcode 0x25, cmov, cx8, fxsr, mmx, sse, sse2, sse3, ssse3, sse4.1, sse4.2, popcnt, avx, avx2, aes, clmul, erms, lzcnt, ht, tsc, tscinvbit, bmi1, bmi2, fma

Memory: 4k page, system-wide physical 3979M (14M free)
TotalPageFile size 6979M (AvailPageFile size 6M)
current process WorkingSet (physical memory assigned to process): 177M, peak: 194M
current process commit charge ("private bytes"): 223M, peak: 227M

vm_info: OpenJDK 64-Bit Server VM (11.0.10+0-b96-7249189) for windows-amd64 JRE (11.0.10+0-b96-7249189), built on Mar 31 2021 21:44:00 by "builder" with MS VC++ 14.0 (VS2015)

END.
