#
# There is insufficient memory for the Java Runtime Environment to continue.
# Native memory allocation (malloc) failed to allocate 1232976 bytes for Chunk::new
# Possible reasons:
#   The system is out of physical RAM or swap space
#   The process is running with CompressedOops enabled, and the Java Heap may be blocking the growth of the native heap
# Possible solutions:
#   Reduce memory load on the system
#   Increase physical memory or swap space
#   Check if swap backing store is full
#   Decrease Java heap size (-Xmx/-Xms)
#   Decrease number of Java threads
#   Decrease Java thread stack sizes (-Xss)
#   Set larger code cache with -XX:ReservedCodeCacheSize=
#   JVM is running with Unscaled Compressed Oops mode in which the Java heap is
#     placed in the first 4GB address space. The Java Heap base address is the
#     maximum limit for the native heap growth. Please use -XX:HeapBaseMinAddress
#     to set the Java Heap base and to place the Java Heap above 4GB virtual address.
# This output file may be truncated or incomplete.
#
#  Out of Memory Error (./src/hotspot/share/memory/arena.cpp:197), pid=9344, tid=1060
#
# JRE version: OpenJDK Runtime Environment (11.0.10) (build 11.0.10+0-b96-7249189)
# Java VM: OpenJDK 64-Bit Server VM (11.0.10+0-b96-7249189, mixed mode, tiered, compressed oops, g1 gc, windows-amd64)
# No core dump will be written. Minidumps are not enabled by default on client versions of Windows
#

---------------  S U M M A R Y ------------

Command Line: --add-opens=java.base/java.util=ALL-UNNAMED --add-opens=java.base/java.lang=ALL-UNNAMED --add-opens=java.base/java.lang.invoke=ALL-UNNAMED --add-opens=java.base/java.util=ALL-UNNAMED --add-opens=java.prefs/java.util.prefs=ALL-UNNAMED --add-opens=java.prefs/java.util.prefs=ALL-UNNAMED --add-opens=java.base/java.nio.charset=ALL-UNNAMED --add-opens=java.base/java.net=ALL-UNNAMED --add-opens=java.base/java.util.concurrent.atomic=ALL-UNNAMED -Xmx2048m -Dfile.encoding=UTF-8 -Duser.country=US -Duser.language=en -Duser.variant org.gradle.launcher.daemon.bootstrap.GradleDaemon 7.0.2

Host: Intel(R) Core(TM) i5-4210U CPU @ 1.70GHz, 4 cores, 3G,  Windows 10 , 64 bit Build 19041 (10.0.19041.1202)
Time: Mon Nov  8 20:52:40 2021 SE Asia Standard Time elapsed time: 14.365691 seconds (0d 0h 0m 14s)

---------------  T H R E A D  ---------------

Current thread (0x000002c97787f000):  JavaThread "C2 CompilerThread0" daemon [_thread_in_native, id=1060, stack(0x000000dfe6f00000,0x000000dfe7000000)]


Current CompileTask:
C2:  14365 5718   !   4       com.google.common.reflect.TypeVisitor::visit (225 bytes)

Stack: [0x000000dfe6f00000,0x000000dfe7000000]
Native frames: (J=compiled Java code, j=interpreted, Vv=VM code, C=native code)
V  [jvm.dll+0x5ecfaa]
V  [jvm.dll+0x722bd5]
V  [jvm.dll+0x72412d]
V  [jvm.dll+0x7247e3]
V  [jvm.dll+0x242928]
V  [jvm.dll+0xbc4fc]
V  [jvm.dll+0xbca0c]
V  [jvm.dll+0x352d7d]
V  [jvm.dll+0x320ad3]
V  [jvm.dll+0x31ffca]
V  [jvm.dll+0x1fb602]
V  [jvm.dll+0x1fa7f4]
V  [jvm.dll+0x18354c]
V  [jvm.dll+0x208ee7]
V  [jvm.dll+0x207731]
V  [jvm.dll+0x6eb1cf]
V  [jvm.dll+0x6e3d45]
V  [jvm.dll+0x5ebe96]
C  [ucrtbase.dll+0x21bb2]
C  [KERNEL32.DLL+0x17034]
C  [ntdll.dll+0x52651]


---------------  P R O C E S S  ---------------

Threads class SMR info:
_java_thread_list=0x000002c97bee1690, length=42, elements={
0x000002c95dc7d000, 0x000002c977819000, 0x000002c97781d000, 0x000002c977875800,
0x000002c977877000, 0x000002c97787b000, 0x000002c97787f000, 0x000002c977889800,
0x000002c97788f000, 0x000002c9782ee000, 0x000002c97aa99000, 0x000002c97a481000,
0x000002c97852f800, 0x000002c97b282000, 0x000002c97ad8f000, 0x000002c97ad90000,
0x000002c97a5a5000, 0x000002c97aca5000, 0x000002c979972800, 0x000002c97b4cb000,
0x000002c97b4cd000, 0x000002c97b4d0800, 0x000002c97b4cf800, 0x000002c97b4ce000,
0x000002c97b4cc800, 0x000002c97b4d1800, 0x000002c97b4cb800, 0x000002c97b4cf000,
0x000002c97aa58000, 0x000002c97aa53000, 0x000002c97aa59800, 0x000002c97aa59000,
0x000002c97aa55800, 0x000002c97aa57000, 0x000002c97aa5a800, 0x000002c97aa54800,
0x000002c97aa5c000, 0x000002c97aa5b000, 0x000002c97aa56800, 0x000002c97aa60000,
0x000002c97aa5d800, 0x000002c97aa5d000
}

Java Threads: ( => current thread )
  0x000002c95dc7d000 JavaThread "main" [_thread_blocked, id=8572, stack(0x000000dfe6300000,0x000000dfe6400000)]
  0x000002c977819000 JavaThread "Reference Handler" daemon [_thread_blocked, id=900, stack(0x000000dfe6a00000,0x000000dfe6b00000)]
  0x000002c97781d000 JavaThread "Finalizer" daemon [_thread_blocked, id=8996, stack(0x000000dfe6b00000,0x000000dfe6c00000)]
  0x000002c977875800 JavaThread "Signal Dispatcher" daemon [_thread_blocked, id=10548, stack(0x000000dfe6c00000,0x000000dfe6d00000)]
  0x000002c977877000 JavaThread "Attach Listener" daemon [_thread_blocked, id=7276, stack(0x000000dfe6d00000,0x000000dfe6e00000)]
  0x000002c97787b000 JavaThread "Service Thread" daemon [_thread_blocked, id=10620, stack(0x000000dfe6e00000,0x000000dfe6f00000)]
=>0x000002c97787f000 JavaThread "C2 CompilerThread0" daemon [_thread_in_native, id=1060, stack(0x000000dfe6f00000,0x000000dfe7000000)]
  0x000002c977889800 JavaThread "C1 CompilerThread0" daemon [_thread_blocked, id=8184, stack(0x000000dfe7000000,0x000000dfe7100000)]
  0x000002c97788f000 JavaThread "Sweeper thread" daemon [_thread_blocked, id=7588, stack(0x000000dfe7100000,0x000000dfe7200000)]
  0x000002c9782ee000 JavaThread "Common-Cleaner" daemon [_thread_blocked, id=11076, stack(0x000000dfe7200000,0x000000dfe7300000)]
  0x000002c97aa99000 JavaThread "Daemon health stats" [_thread_blocked, id=5200, stack(0x000000dfe7600000,0x000000dfe7700000)]
  0x000002c97a481000 JavaThread "Incoming local TCP Connector on port 50244" [_thread_in_native, id=7744, stack(0x000000dfe7400000,0x000000dfe7500000)]
  0x000002c97852f800 JavaThread "Daemon periodic checks" [_thread_blocked, id=6924, stack(0x000000dfe7900000,0x000000dfe7a00000)]
  0x000002c97b282000 JavaThread "Daemon" [_thread_blocked, id=6300, stack(0x000000dfe7a00000,0x000000dfe7b00000)]
  0x000002c97ad8f000 JavaThread "Handler for socket connection from /127.0.0.1:50244 to /127.0.0.1:50245" [_thread_in_native, id=7504, stack(0x000000dfe7b00000,0x000000dfe7c00000)]
  0x000002c97ad90000 JavaThread "Cancel handler" [_thread_blocked, id=7764, stack(0x000000dfe7c00000,0x000000dfe7d00000)]
  0x000002c97a5a5000 JavaThread "Daemon worker" [_thread_in_Java, id=10428, stack(0x000000dfe7d00000,0x000000dfe7e00000)]
  0x000002c97aca5000 JavaThread "Asynchronous log dispatcher for DefaultDaemonConnection: socket connection from /127.0.0.1:50244 to /127.0.0.1:50245" [_thread_blocked, id=9384, stack(0x000000dfe7e00000,0x000000dfe7f00000)]
  0x000002c979972800 JavaThread "Stdin handler" [_thread_blocked, id=6312, stack(0x000000dfe7f00000,0x000000dfe8000000)]
  0x000002c97b4cb000 JavaThread "Daemon client event forwarder" [_thread_blocked, id=8712, stack(0x000000dfe8000000,0x000000dfe8100000)]
  0x000002c97b4cd000 JavaThread "Cache worker for file hash cache (C:\Users\MinhNgan\.gradle\caches\7.0.2\fileHashes)" [_thread_blocked, id=5668, stack(0x000000dfe8100000,0x000000dfe8200000)]
  0x000002c97b4d0800 JavaThread "File lock request listener" [_thread_in_native, id=3068, stack(0x000000dfe8200000,0x000000dfe8300000)]
  0x000002c97b4cf800 JavaThread "Cache worker for journal cache (C:\Users\MinhNgan\.gradle\caches\journal-1)" [_thread_blocked, id=1696, stack(0x000000dfe8300000,0x000000dfe8400000)]
  0x000002c97b4ce000 JavaThread "Cache worker for file hash cache (C:\Users\MinhNgan\AndroidStudioProjects\Android_hepat\.gradle\7.0.2\fileHashes)" [_thread_blocked, id=5608, stack(0x000000dfe8400000,0x000000dfe8500000)]
  0x000002c97b4cc800 JavaThread "File watcher server" daemon [_thread_in_native, id=3772, stack(0x000000dfe8500000,0x000000dfe8600000)]
  0x000002c97b4d1800 JavaThread "File watcher consumer" daemon [_thread_blocked, id=1700, stack(0x000000dfe8600000,0x000000dfe8700000)]
  0x000002c97b4cb800 JavaThread "Cache worker for checksums cache (C:\Users\MinhNgan\AndroidStudioProjects\Android_hepat\.gradle\checksums)" [_thread_blocked, id=9156, stack(0x000000dfe8700000,0x000000dfe8800000)]
  0x000002c97b4cf000 JavaThread "Cache worker for cache directory md-supplier (C:\Users\MinhNgan\.gradle\caches\7.0.2\md-supplier)" [_thread_blocked, id=8528, stack(0x000000dfe8800000,0x000000dfe8900000)]
  0x000002c97aa58000 JavaThread "Cache worker for cache directory md-rule (C:\Users\MinhNgan\.gradle\caches\7.0.2\md-rule)" [_thread_blocked, id=4660, stack(0x000000dfe8900000,0x000000dfe8a00000)]
  0x000002c97aa53000 JavaThread "Cache worker for execution history cache (C:\Users\MinhNgan\.gradle\caches\7.0.2\executionHistory)" [_thread_blocked, id=10596, stack(0x000000dfe8a00000,0x000000dfe8b00000)]
  0x000002c97aa59800 JavaThread "jar transforms" [_thread_blocked, id=7120, stack(0x000000dfe8b00000,0x000000dfe8c00000)]
  0x000002c97aa59000 JavaThread "jar transforms Thread 2" [_thread_blocked, id=8384, stack(0x000000dfe8c00000,0x000000dfe8d00000)]
  0x000002c97aa55800 JavaThread "Cache worker for file content cache (C:\Users\MinhNgan\.gradle\caches\7.0.2\fileContent)" [_thread_blocked, id=1044, stack(0x000000dfe8d00000,0x000000dfe8e00000)]
  0x000002c97aa57000 JavaThread "Cache worker for dependencies-accessors (C:\Users\MinhNgan\AndroidStudioProjects\Android_hepat\.gradle\7.0.2\dependencies-accessors)" [_thread_blocked, id=9840, stack(0x000000dfe8e00000,0x000000dfe8f00000)]
  0x000002c97aa5a800 JavaThread "jar transforms Thread 3" [_thread_blocked, id=9848, stack(0x000000dfe8f00000,0x000000dfe9000000)]
  0x000002c97aa54800 JavaThread "Cache worker for Build Output Cleanup Cache (C:\Users\MinhNgan\AndroidStudioProjects\Android_hepat\.gradle\buildOutputCleanup)" [_thread_blocked, id=9584, stack(0x000000dfe9000000,0x000000dfe9100000)]
  0x000002c97aa5c000 JavaThread "Build operations" [_thread_blocked, id=5460, stack(0x000000dfe9100000,0x000000dfe9200000)]
  0x000002c97aa5b000 JavaThread "Build operations Thread 2" [_thread_blocked, id=6736, stack(0x000000dfe9200000,0x000000dfe9300000)]
  0x000002c97aa56800 JavaThread "Build operations Thread 3" [_thread_blocked, id=9080, stack(0x000000dfe9300000,0x000000dfe9400000)]
  0x000002c97aa60000 JavaThread "Build operations Thread 4" [_thread_blocked, id=9800, stack(0x000000dfe9400000,0x000000dfe9500000)]
  0x000002c97aa5d800 JavaThread "jar transforms Thread 4" [_thread_blocked, id=1000, stack(0x000000dfe9500000,0x000000dfe9600000)]
  0x000002c97aa5d000 JavaThread "Memory manager" [_thread_blocked, id=6920, stack(0x000000dfe9600000,0x000000dfe9700000)]

Other Threads:
  0x000002c977811000 VMThread "VM Thread" [stack: 0x000000dfe6900000,0x000000dfe6a00000] [id=10936]
  0x000002c97830f000 WatcherThread [stack: 0x000000dfe7300000,0x000000dfe7400000] [id=864]
  0x000002c95dc95800 GCTaskThread "GC Thread#0" [stack: 0x000000dfe6400000,0x000000dfe6500000] [id=5068]
  0x000002c978b15800 GCTaskThread "GC Thread#1" [stack: 0x000000dfe7500000,0x000000dfe7600000] [id=9952]
  0x000002c97a842000 GCTaskThread "GC Thread#2" [stack: 0x000000dfe7700000,0x000000dfe7800000] [id=5204]
  0x000002c9799b8000 GCTaskThread "GC Thread#3" [stack: 0x000000dfe7800000,0x000000dfe7900000] [id=4208]
  0x000002c95dcc6000 ConcurrentGCThread "G1 Main Marker" [stack: 0x000000dfe6500000,0x000000dfe6600000] [id=10712]
  0x000002c95dcc8800 ConcurrentGCThread "G1 Conc#0" [stack: 0x000000dfe6600000,0x000000dfe6700000] [id=9948]
  0x000002c95dd21000 ConcurrentGCThread "G1 Refine#0" [stack: 0x000000dfe6700000,0x000000dfe6800000] [id=7328]
  0x000002c95dd22000 ConcurrentGCThread "G1 Young RemSet Sampling" [stack: 0x000000dfe6800000,0x000000dfe6900000] [id=9020]

Threads with active compile tasks:
C2 CompilerThread0  14408 5718   !   4       com.google.common.reflect.TypeVisitor::visit (225 bytes)
C1 CompilerThread0  14408 5815       2       java.math.BigInteger::intArrayCmpToLen (55 bytes)

VM state:not at safepoint (normal execution)

VM Mutex/Monitor currently owned by a thread: None

Heap address: 0x0000000080000000, size: 2048 MB, Compressed Oops mode: 32-bit
Narrow klass base: 0x0000000000000000, Narrow klass shift: 3
Compressed class space size: 1073741824 Address: 0x0000000100000000

Heap:
 garbage-first heap   total 114688K, used 46847K [0x0000000080000000, 0x0000000100000000)
  region size 1024K, 5 young (5120K), 3 survivors (3072K)
 Metaspace       used 59211K, capacity 60745K, committed 60876K, reserved 1101824K
  class space    used 7491K, capacity 8061K, committed 8140K, reserved 1048576K
Heap Regions: E=young(eden), S=young(survivor), O=old, HS=humongous(starts), HC=humongous(continues), CS=collection set, F=free, A=archive, TAMS=top-at-mark-start (previous, next)
|   0|0x0000000080000000, 0x0000000080100000, 0x0000000080100000|100%| O|  |TAMS 0x0000000080100000, 0x0000000080000000| Untracked 
|   1|0x0000000080100000, 0x0000000080200000, 0x0000000080200000|100%| O|  |TAMS 0x0000000080200000, 0x0000000080100000| Untracked 
|   2|0x0000000080200000, 0x0000000080300000, 0x0000000080300000|100%| O|  |TAMS 0x0000000080300000, 0x0000000080200000| Untracked 
|   3|0x0000000080300000, 0x0000000080400000, 0x0000000080400000|100%|HS|  |TAMS 0x0000000080400000, 0x0000000080300000| Complete 
|   4|0x0000000080400000, 0x0000000080500000, 0x0000000080500000|100%|HC|  |TAMS 0x0000000080500000, 0x0000000080400000| Complete 
|   5|0x0000000080500000, 0x0000000080600000, 0x0000000080600000|100%|HC|  |TAMS 0x0000000080600000, 0x0000000080500000| Complete 
|   6|0x0000000080600000, 0x0000000080700000, 0x0000000080700000|100%| O|  |TAMS 0x0000000080700000, 0x0000000080600000| Untracked 
|   7|0x0000000080700000, 0x0000000080800000, 0x0000000080800000|100%| O|  |TAMS 0x0000000080800000, 0x0000000080700000| Untracked 
|   8|0x0000000080800000, 0x0000000080900000, 0x0000000080900000|100%| O|  |TAMS 0x0000000080900000, 0x0000000080800000| Untracked 
|   9|0x0000000080900000, 0x0000000080a00000, 0x0000000080a00000|100%| O|  |TAMS 0x0000000080a00000, 0x0000000080900000| Untracked 
|  10|0x0000000080a00000, 0x0000000080b00000, 0x0000000080b00000|100%| O|  |TAMS 0x0000000080b00000, 0x0000000080a00000| Untracked 
|  11|0x0000000080b00000, 0x0000000080c00000, 0x0000000080c00000|100%| O|  |TAMS 0x0000000080c00000, 0x0000000080b00000| Untracked 
|  12|0x0000000080c00000, 0x0000000080d00000, 0x0000000080d00000|100%| O|  |TAMS 0x0000000080d00000, 0x0000000080c00000| Untracked 
|  13|0x0000000080d00000, 0x0000000080e00000, 0x0000000080e00000|100%| O|  |TAMS 0x0000000080e00000, 0x0000000080d00000| Untracked 
|  14|0x0000000080e00000, 0x0000000080f00000, 0x0000000080f00000|100%| O|  |TAMS 0x0000000080f00000, 0x0000000080e00000| Untracked 
|  15|0x0000000080f00000, 0x0000000081000000, 0x0000000081000000|100%| O|  |TAMS 0x0000000081000000, 0x0000000080f00000| Untracked 
|  16|0x0000000081000000, 0x0000000081100000, 0x0000000081100000|100%| O|  |TAMS 0x0000000081100000, 0x0000000081000000| Untracked 
|  17|0x0000000081100000, 0x0000000081200000, 0x0000000081200000|100%| O|  |TAMS 0x0000000081200000, 0x0000000081100000| Untracked 
|  18|0x0000000081200000, 0x0000000081300000, 0x0000000081300000|100%| O|  |TAMS 0x0000000081300000, 0x0000000081200000| Untracked 
|  19|0x0000000081300000, 0x0000000081400000, 0x0000000081400000|100%| O|  |TAMS 0x0000000081300000, 0x0000000081300000| Untracked 
|  20|0x0000000081400000, 0x0000000081500000, 0x0000000081500000|100%| O|  |TAMS 0x0000000081400000, 0x0000000081400000| Untracked 
|  21|0x0000000081500000, 0x0000000081600000, 0x0000000081600000|100%| O|  |TAMS 0x0000000081500000, 0x0000000081500000| Untracked 
|  22|0x0000000081600000, 0x0000000081700000, 0x0000000081700000|100%| O|  |TAMS 0x00000000816eda00, 0x0000000081600000| Untracked 
|  23|0x0000000081700000, 0x0000000081800000, 0x0000000081800000|100%| O|  |TAMS 0x0000000081700000, 0x0000000081700000| Untracked 
|  24|0x0000000081800000, 0x0000000081900000, 0x0000000081900000|100%|HS|  |TAMS 0x0000000081800000, 0x0000000081800000| Complete 
|  25|0x0000000081900000, 0x0000000081a00000, 0x0000000081a00000|100%|HS|  |TAMS 0x0000000081900000, 0x0000000081900000| Complete 
|  26|0x0000000081a00000, 0x0000000081b00000, 0x0000000081b00000|100%| O|  |TAMS 0x0000000081a00000, 0x0000000081a00000| Untracked 
|  27|0x0000000081b00000, 0x0000000081c00000, 0x0000000081c00000|100%| O|  |TAMS 0x0000000081b00000, 0x0000000081b00000| Untracked 
|  28|0x0000000081c00000, 0x0000000081d00000, 0x0000000081d00000|100%| O|  |TAMS 0x0000000081c00000, 0x0000000081c00000| Untracked 
|  29|0x0000000081d00000, 0x0000000081e00000, 0x0000000081e00000|100%|HS|  |TAMS 0x0000000081d00000, 0x0000000081d00000| Complete 
|  30|0x0000000081e00000, 0x0000000081f00000, 0x0000000081f00000|100%|HC|  |TAMS 0x0000000081e00000, 0x0000000081e00000| Complete 
|  31|0x0000000081f00000, 0x0000000082000000, 0x0000000082000000|100%| O|  |TAMS 0x0000000081f00000, 0x0000000081f00000| Untracked 
|  32|0x0000000082000000, 0x0000000082100000, 0x0000000082100000|100%| O|  |TAMS 0x0000000082000000, 0x0000000082000000| Untracked 
|  33|0x0000000082100000, 0x0000000082200000, 0x0000000082200000|100%| O|  |TAMS 0x0000000082100000, 0x0000000082100000| Untracked 
|  34|0x0000000082200000, 0x0000000082300000, 0x0000000082300000|100%| O|  |TAMS 0x0000000082200000, 0x0000000082200000| Untracked 
|  35|0x0000000082300000, 0x0000000082400000, 0x0000000082400000|100%| O|  |TAMS 0x0000000082300000, 0x0000000082300000| Untracked 
|  36|0x0000000082400000, 0x0000000082500000, 0x0000000082500000|100%| O|  |TAMS 0x0000000082400000, 0x0000000082400000| Untracked 
|  37|0x0000000082500000, 0x0000000082600000, 0x0000000082600000|100%| O|  |TAMS 0x0000000082500000, 0x0000000082500000| Untracked 
|  38|0x0000000082600000, 0x0000000082700000, 0x0000000082700000|100%| O|  |TAMS 0x0000000082600000, 0x0000000082600000| Untracked 
|  39|0x0000000082700000, 0x0000000082800000, 0x0000000082800000|100%| O|  |TAMS 0x0000000082700000, 0x0000000082700000| Untracked 
|  40|0x0000000082800000, 0x0000000082900000, 0x0000000082900000|100%| O|  |TAMS 0x0000000082800000, 0x0000000082800000| Untracked 
|  41|0x0000000082900000, 0x0000000082a00000, 0x0000000082a00000|100%| O|  |TAMS 0x0000000082900000, 0x0000000082900000| Untracked 
|  42|0x0000000082a00000, 0x0000000082a00000, 0x0000000082b00000|  0%| F|  |TAMS 0x0000000082a00000, 0x0000000082a00000| Untracked 
|  43|0x0000000082b00000, 0x0000000082b00000, 0x0000000082c00000|  0%| F|  |TAMS 0x0000000082b00000, 0x0000000082b00000| Untracked 
|  44|0x0000000082c00000, 0x0000000082c00000, 0x0000000082d00000|  0%| F|  |TAMS 0x0000000082c00000, 0x0000000082c00000| Untracked 
|  45|0x0000000082d00000, 0x0000000082d00000, 0x0000000082e00000|  0%| F|  |TAMS 0x0000000082d00000, 0x0000000082d00000| Untracked 
|  46|0x0000000082e00000, 0x0000000082e00000, 0x0000000082f00000|  0%| F|  |TAMS 0x0000000082e00000, 0x0000000082e00000| Untracked 
|  47|0x0000000082f00000, 0x0000000082f00000, 0x0000000083000000|  0%| F|  |TAMS 0x0000000082f00000, 0x0000000082f00000| Untracked 
|  48|0x0000000083000000, 0x0000000083000000, 0x0000000083100000|  0%| F|  |TAMS 0x0000000083000000, 0x0000000083000000| Untracked 
|  49|0x0000000083100000, 0x0000000083100000, 0x0000000083200000|  0%| F|  |TAMS 0x0000000083100000, 0x0000000083100000| Untracked 
|  50|0x0000000083200000, 0x0000000083200000, 0x0000000083300000|  0%| F|  |TAMS 0x0000000083200000, 0x0000000083200000| Untracked 
|  51|0x0000000083300000, 0x0000000083300000, 0x0000000083400000|  0%| F|  |TAMS 0x0000000083300000, 0x0000000083300000| Untracked 
|  52|0x0000000083400000, 0x0000000083400000, 0x0000000083500000|  0%| F|  |TAMS 0x0000000083400000, 0x0000000083400000| Untracked 
|  53|0x0000000083500000, 0x0000000083500000, 0x0000000083600000|  0%| F|  |TAMS 0x0000000083500000, 0x0000000083500000| Untracked 
|  54|0x0000000083600000, 0x0000000083600000, 0x0000000083700000|  0%| F|  |TAMS 0x0000000083600000, 0x0000000083600000| Untracked 
|  55|0x0000000083700000, 0x0000000083700000, 0x0000000083800000|  0%| F|  |TAMS 0x0000000083700000, 0x0000000083700000| Untracked 
|  56|0x0000000083800000, 0x0000000083800000, 0x0000000083900000|  0%| F|  |TAMS 0x0000000083800000, 0x0000000083800000| Untracked 
|  57|0x0000000083900000, 0x0000000083900000, 0x0000000083a00000|  0%| F|  |TAMS 0x0000000083900000, 0x0000000083900000| Untracked 
|  58|0x0000000083a00000, 0x0000000083a00000, 0x0000000083b00000|  0%| F|  |TAMS 0x0000000083a00000, 0x0000000083a00000| Untracked 
|  59|0x0000000083b00000, 0x0000000083b00000, 0x0000000083c00000|  0%| F|  |TAMS 0x0000000083b00000, 0x0000000083b00000| Untracked 
|  60|0x0000000083c00000, 0x0000000083c00000, 0x0000000083d00000|  0%| F|  |TAMS 0x0000000083c00000, 0x0000000083c00000| Untracked 
|  61|0x0000000083d00000, 0x0000000083dbfd60, 0x0000000083e00000| 74%| S|CS|TAMS 0x0000000083d00000, 0x0000000083d00000| Complete 
|  62|0x0000000083e00000, 0x0000000083e00000, 0x0000000083f00000|  0%| F|  |TAMS 0x0000000083e00000, 0x0000000083e00000| Untracked 
|  63|0x0000000083f00000, 0x0000000083f00000, 0x0000000084000000|  0%| F|  |TAMS 0x0000000083f00000, 0x0000000083f00000| Untracked 
|  64|0x0000000084000000, 0x0000000084000000, 0x0000000084100000|  0%| F|  |TAMS 0x0000000084000000, 0x0000000084000000| Untracked 
|  65|0x0000000084100000, 0x0000000084100000, 0x0000000084200000|  0%| F|  |TAMS 0x0000000084100000, 0x0000000084100000| Untracked 
|  66|0x0000000084200000, 0x0000000084200000, 0x0000000084300000|  0%| F|  |TAMS 0x0000000084200000, 0x0000000084200000| Untracked 
|  67|0x0000000084300000, 0x0000000084300000, 0x0000000084400000|  0%| F|  |TAMS 0x0000000084300000, 0x0000000084300000| Untracked 
|  68|0x0000000084400000, 0x0000000084500000, 0x0000000084500000|100%| S|CS|TAMS 0x0000000084400000, 0x0000000084400000| Complete 
|  69|0x0000000084500000, 0x0000000084600000, 0x0000000084600000|100%| S|CS|TAMS 0x0000000084500000, 0x0000000084500000| Complete 
|  70|0x0000000084600000, 0x0000000084600000, 0x0000000084700000|  0%| F|  |TAMS 0x0000000084600000, 0x0000000084600000| Untracked 
|  71|0x0000000084700000, 0x0000000084700000, 0x0000000084800000|  0%| F|  |TAMS 0x0000000084700000, 0x0000000084700000| Untracked 
|  72|0x0000000084800000, 0x0000000084800000, 0x0000000084900000|  0%| F|  |TAMS 0x0000000084800000, 0x0000000084800000| Untracked 
|  73|0x0000000084900000, 0x0000000084900000, 0x0000000084a00000|  0%| F|  |TAMS 0x0000000084900000, 0x0000000084900000| Untracked 
|  74|0x0000000084a00000, 0x0000000084a00000, 0x0000000084b00000|  0%| F|  |TAMS 0x0000000084a00000, 0x0000000084a00000| Untracked 
|  75|0x0000000084b00000, 0x0000000084b00000, 0x0000000084c00000|  0%| F|  |TAMS 0x0000000084b00000, 0x0000000084b00000| Untracked 
|  76|0x0000000084c00000, 0x0000000084c00000, 0x0000000084d00000|  0%| F|  |TAMS 0x0000000084c00000, 0x0000000084c00000| Untracked 
|  77|0x0000000084d00000, 0x0000000084d00000, 0x0000000084e00000|  0%| F|  |TAMS 0x0000000084d00000, 0x0000000084d00000| Untracked 
|  78|0x0000000084e00000, 0x0000000084e00000, 0x0000000084f00000|  0%| F|  |TAMS 0x0000000084e00000, 0x0000000084e00000| Untracked 
|  79|0x0000000084f00000, 0x0000000084f00000, 0x0000000085000000|  0%| F|  |TAMS 0x0000000084f00000, 0x0000000084f00000| Untracked 
|  80|0x0000000085000000, 0x0000000085000000, 0x0000000085100000|  0%| F|  |TAMS 0x0000000085000000, 0x0000000085000000| Untracked 
|  81|0x0000000085100000, 0x0000000085100000, 0x0000000085200000|  0%| F|  |TAMS 0x0000000085100000, 0x0000000085100000| Untracked 
|  82|0x0000000085200000, 0x0000000085200000, 0x0000000085300000|  0%| F|  |TAMS 0x0000000085200000, 0x0000000085200000| Untracked 
|  83|0x0000000085300000, 0x0000000085300000, 0x0000000085400000|  0%| F|  |TAMS 0x0000000085300000, 0x0000000085300000| Untracked 
|  84|0x0000000085400000, 0x0000000085400000, 0x0000000085500000|  0%| F|  |TAMS 0x0000000085400000, 0x0000000085400000| Untracked 
|  85|0x0000000085500000, 0x0000000085500000, 0x0000000085600000|  0%| F|  |TAMS 0x0000000085500000, 0x0000000085500000| Untracked 
|  86|0x0000000085600000, 0x0000000085600000, 0x0000000085700000|  0%| F|  |TAMS 0x0000000085600000, 0x0000000085600000| Untracked 
|  87|0x0000000085700000, 0x0000000085700000, 0x0000000085800000|  0%| F|  |TAMS 0x0000000085700000, 0x0000000085700000| Untracked 
|  88|0x0000000085800000, 0x0000000085800000, 0x0000000085900000|  0%| F|  |TAMS 0x0000000085800000, 0x0000000085800000| Untracked 
|  89|0x0000000085900000, 0x0000000085900000, 0x0000000085a00000|  0%| F|  |TAMS 0x0000000085900000, 0x0000000085900000| Untracked 
|  90|0x0000000085a00000, 0x0000000085a00000, 0x0000000085b00000|  0%| F|  |TAMS 0x0000000085a00000, 0x0000000085a00000| Untracked 
|  91|0x0000000085b00000, 0x0000000085b00000, 0x0000000085c00000|  0%| F|  |TAMS 0x0000000085b00000, 0x0000000085b00000| Untracked 
|  92|0x0000000085c00000, 0x0000000085c00000, 0x0000000085d00000|  0%| F|  |TAMS 0x0000000085c00000, 0x0000000085c00000| Untracked 
|  93|0x0000000085d00000, 0x0000000085d00000, 0x0000000085e00000|  0%| F|  |TAMS 0x0000000085d00000, 0x0000000085d00000| Untracked 
|  94|0x0000000085e00000, 0x0000000085e00000, 0x0000000085f00000|  0%| F|  |TAMS 0x0000000085e00000, 0x0000000085e00000| Untracked 
|  95|0x0000000085f00000, 0x0000000085f00000, 0x0000000086000000|  0%| F|  |TAMS 0x0000000085f00000, 0x0000000085f00000| Untracked 
|  96|0x0000000086000000, 0x0000000086000000, 0x0000000086100000|  0%| F|  |TAMS 0x0000000086000000, 0x0000000086000000| Untracked 
|  97|0x0000000086100000, 0x0000000086100000, 0x0000000086200000|  0%| F|  |TAMS 0x0000000086100000, 0x0000000086100000| Untracked 
|  98|0x0000000086200000, 0x0000000086200000, 0x0000000086300000|  0%| F|  |TAMS 0x0000000086200000, 0x0000000086200000| Untracked 
|  99|0x0000000086300000, 0x0000000086300000, 0x0000000086400000|  0%| F|  |TAMS 0x0000000086300000, 0x0000000086300000| Untracked 
| 100|0x0000000086400000, 0x0000000086400000, 0x0000000086500000|  0%| F|  |TAMS 0x0000000086400000, 0x0000000086400000| Untracked 
| 101|0x0000000086500000, 0x0000000086500000, 0x0000000086600000|  0%| F|  |TAMS 0x0000000086500000, 0x0000000086500000| Untracked 
| 102|0x0000000086600000, 0x0000000086600000, 0x0000000086700000|  0%| F|  |TAMS 0x0000000086600000, 0x0000000086600000| Untracked 
| 103|0x0000000086700000, 0x0000000086700000, 0x0000000086800000|  0%| F|  |TAMS 0x0000000086700000, 0x0000000086700000| Untracked 
| 104|0x0000000086800000, 0x0000000086800000, 0x0000000086900000|  0%| F|  |TAMS 0x0000000086800000, 0x0000000086800000| Untracked 
| 105|0x0000000086900000, 0x0000000086900000, 0x0000000086a00000|  0%| F|  |TAMS 0x0000000086900000, 0x0000000086900000| Untracked 
| 106|0x0000000086a00000, 0x0000000086a00000, 0x0000000086b00000|  0%| F|  |TAMS 0x0000000086a00000, 0x0000000086a00000| Untracked 
| 107|0x0000000086b00000, 0x0000000086b00000, 0x0000000086c00000|  0%| F|  |TAMS 0x0000000086b00000, 0x0000000086b00000| Untracked 
| 108|0x0000000086c00000, 0x0000000086c00000, 0x0000000086d00000|  0%| F|  |TAMS 0x0000000086c00000, 0x0000000086c00000| Untracked 
| 109|0x0000000086d00000, 0x0000000086d00000, 0x0000000086e00000|  0%| F|  |TAMS 0x0000000086d00000, 0x0000000086d00000| Untracked 
| 110|0x0000000086e00000, 0x0000000086e80800, 0x0000000086f00000| 50%| E|  |TAMS 0x0000000086e00000, 0x0000000086e00000| Complete 
| 111|0x0000000086f00000, 0x0000000087000000, 0x0000000087000000|100%| E|CS|TAMS 0x0000000086f00000, 0x0000000086f00000| Complete 

Card table byte_map: [0x000002c970b70000,0x000002c970f70000] _byte_map_base: 0x000002c970770000

Marking Bits (Prev, Next): (CMBitMap*) 0x000002c95dcbd230, (CMBitMap*) 0x000002c95dcbd1f8
 Prev Bits: [0x000002c973370000, 0x000002c975370000)
 Next Bits: [0x000002c971370000, 0x000002c973370000)

Polling page: 0x000002c95bb60000

Metaspace:

Usage:
  Non-class:     51.45 MB capacity,    50.51 MB ( 98%) used,   809.50 KB (  2%) free+waste,   152.69 KB ( <1%) overhead. 
      Class:      7.87 MB capacity,     7.32 MB ( 93%) used,   497.00 KB (  6%) free+waste,    72.31 KB ( <1%) overhead. 
       Both:     59.32 MB capacity,    57.83 MB ( 97%) used,     1.28 MB (  2%) free+waste,   225.00 KB ( <1%) overhead. 

Virtual space:
  Non-class space:       52.00 MB reserved,      51.50 MB (>99%) committed 
      Class space:        1.00 GB reserved,       7.95 MB ( <1%) committed 
             Both:        1.05 GB reserved,      59.45 MB (  6%) committed 

Chunk freelists:
   Non-Class:  52.00 KB
       Class:  3.00 KB
        Both:  55.00 KB

MaxMetaspaceSize: 17179869184.00 GB
CompressedClassSpaceSize: 1.00 GB

CodeHeap 'non-profiled nmethods': size=120064Kb used=2473Kb max_used=2473Kb free=117591Kb
 bounds [0x000002c969230000, 0x000002c9694a0000, 0x000002c970770000]
CodeHeap 'profiled nmethods': size=120000Kb used=11189Kb max_used=11189Kb free=108810Kb
 bounds [0x000002c961d00000, 0x000002c9627f0000, 0x000002c969230000]
CodeHeap 'non-nmethods': size=5696Kb used=2248Kb max_used=2269Kb free=3447Kb
 bounds [0x000002c961770000, 0x000002c9619e0000, 0x000002c961d00000]
 total_blobs=6560 nmethods=5724 adapters=747
 compilation: enabled
              stopped_count=0, restarted_count=0
 full_count=0

Compilation events (20 events):
Event: 14.331 Thread 0x000002c977889800 5770       3       java.io.ByteArrayOutputStream::<init> (43 bytes)
Event: 14.332 Thread 0x000002c977889800 nmethod 5770 0x000002c9627d9190 code [0x000002c9627d9400, 0x000002c9627d9e18]
Event: 14.332 Thread 0x000002c977889800 5768       3       sun.security.util.CurveDB::bi (11 bytes)
Event: 14.332 Thread 0x000002c977889800 nmethod 5768 0x000002c9627da190 code [0x000002c9627da340, 0x000002c9627da4c8]
Event: 14.332 Thread 0x000002c977889800 5769       1       java.math.BigInteger::signum (5 bytes)
Event: 14.332 Thread 0x000002c977889800 nmethod 5769 0x000002c969498f10 code [0x000002c9694990c0, 0x000002c969499178]
Event: 14.333 Thread 0x000002c977889800 5772       2       sun.security.util.DerInputStream::getLength (243 bytes)
Event: 14.334 Thread 0x000002c977889800 nmethod 5772 0x000002c9627da590 code [0x000002c9627da920, 0x000002c9627db898]
Event: 14.334 Thread 0x000002c977889800 5773       2       java.io.ByteArrayInputStream::<init> (26 bytes)
Event: 14.334 Thread 0x000002c977889800 nmethod 5773 0x000002c9627dc010 code [0x000002c9627dc1c0, 0x000002c9627dc318]
Event: 14.334 Thread 0x000002c977889800 5774       2       sun.security.util.DerInputStream::available (8 bytes)
Event: 14.334 Thread 0x000002c977889800 nmethod 5774 0x000002c9627dc410 code [0x000002c9627dc5c0, 0x000002c9627dc858]
Event: 14.335 Thread 0x000002c977889800 5775       2       java.util.jar.Manifest::read (340 bytes)
Event: 14.336 Thread 0x000002c977889800 nmethod 5775 0x000002c9627dc910 code [0x000002c9627dcc20, 0x000002c9627ddc78]
Event: 14.336 Thread 0x000002c977889800 5776       2       java.lang.ThreadLocal::get (38 bytes)
Event: 14.336 Thread 0x000002c977889800 nmethod 5776 0x000002c9627de510 code [0x000002c9627de6e0, 0x000002c9627de888]
Event: 14.356 Thread 0x000002c977889800 5779       1       sun.util.calendar.CalendarDate::getMonth (5 bytes)
Event: 14.356 Thread 0x000002c977889800 nmethod 5779 0x000002c969499210 code [0x000002c9694993c0, 0x000002c969499478]
Event: 14.356 Thread 0x000002c977889800 5780       2       sun.security.util.DerInputStream::<init> (19 bytes)
Event: 14.356 Thread 0x000002c977889800 nmethod 5780 0x000002c9627de990 code [0x000002c9627deb40, 0x000002c9627dec98]

GC Heap History (20 events):
Event: 4.769 GC heap before
{Heap before GC invocations=7 (full 0):
 garbage-first heap   total 78848K, used 48411K [0x0000000080000000, 0x0000000100000000)
  region size 1024K, 33 young (33792K), 2 survivors (2048K)
 Metaspace       used 23662K, capacity 24280K, committed 24576K, reserved 1071104K
  class space    used 3026K, capacity 3223K, committed 3328K, reserved 1048576K
}
Event: 4.776 GC heap after
{Heap after GC invocations=8 (full 0):
 garbage-first heap   total 78848K, used 17366K [0x0000000080000000, 0x0000000100000000)
  region size 1024K, 3 young (3072K), 3 survivors (3072K)
 Metaspace       used 23662K, capacity 24280K, committed 24576K, reserved 1071104K
  class space    used 3026K, capacity 3223K, committed 3328K, reserved 1048576K
}
Event: 5.333 GC heap before
{Heap before GC invocations=8 (full 0):
 garbage-first heap   total 78848K, used 50134K [0x0000000080000000, 0x0000000100000000)
  region size 1024K, 35 young (35840K), 3 survivors (3072K)
 Metaspace       used 26690K, capacity 27309K, committed 27392K, reserved 1073152K
  class space    used 3526K, capacity 3789K, committed 3840K, reserved 1048576K
}
Event: 5.341 GC heap after
{Heap after GC invocations=9 (full 0):
 garbage-first heap   total 78848K, used 18680K [0x0000000080000000, 0x0000000100000000)
  region size 1024K, 3 young (3072K), 3 survivors (3072K)
 Metaspace       used 26690K, capacity 27309K, committed 27392K, reserved 1073152K
  class space    used 3526K, capacity 3789K, committed 3840K, reserved 1048576K
}
Event: 6.133 GC heap before
{Heap before GC invocations=9 (full 0):
 garbage-first heap   total 78848K, used 52472K [0x0000000080000000, 0x0000000100000000)
  region size 1024K, 36 young (36864K), 3 survivors (3072K)
 Metaspace       used 31020K, capacity 31750K, committed 31872K, reserved 1077248K
  class space    used 4149K, capacity 4439K, committed 4480K, reserved 1048576K
}
Event: 6.141 GC heap after
{Heap after GC invocations=10 (full 0):
 garbage-first heap   total 78848K, used 20630K [0x0000000080000000, 0x0000000100000000)
  region size 1024K, 5 young (5120K), 5 survivors (5120K)
 Metaspace       used 31020K, capacity 31750K, committed 31872K, reserved 1077248K
  class space    used 4149K, capacity 4439K, committed 4480K, reserved 1048576K
}
Event: 6.545 GC heap before
{Heap before GC invocations=10 (full 0):
 garbage-first heap   total 78848K, used 30870K [0x0000000080000000, 0x0000000100000000)
  region size 1024K, 16 young (16384K), 5 survivors (5120K)
 Metaspace       used 35048K, capacity 35834K, committed 35840K, reserved 1081344K
  class space    used 4537K, capacity 4864K, committed 4864K, reserved 1048576K
}
Event: 6.559 GC heap after
{Heap after GC invocations=11 (full 0):
 garbage-first heap   total 95232K, used 22166K [0x0000000080000000, 0x0000000100000000)
  region size 1024K, 4 young (4096K), 4 survivors (4096K)
 Metaspace       used 35048K, capacity 35834K, committed 35840K, reserved 1081344K
  class space    used 4537K, capacity 4864K, committed 4864K, reserved 1048576K
}
Event: 7.233 GC heap before
{Heap before GC invocations=12 (full 0):
 garbage-first heap   total 95232K, used 62102K [0x0000000080000000, 0x0000000100000000)
  region size 1024K, 41 young (41984K), 4 survivors (4096K)
 Metaspace       used 37959K, capacity 38900K, committed 38988K, reserved 1083392K
  class space    used 4834K, capacity 5176K, committed 5196K, reserved 1048576K
}
Event: 7.251 GC heap after
{Heap after GC invocations=13 (full 0):
 garbage-first heap   total 95232K, used 25299K [0x0000000080000000, 0x0000000100000000)
  region size 1024K, 5 young (5120K), 5 survivors (5120K)
 Metaspace       used 37959K, capacity 38900K, committed 38988K, reserved 1083392K
  class space    used 4834K, capacity 5176K, committed 5196K, reserved 1048576K
}
Event: 7.978 GC heap before
{Heap before GC invocations=14 (full 0):
 garbage-first heap   total 95232K, used 66259K [0x0000000080000000, 0x0000000100000000)
  region size 1024K, 45 young (46080K), 5 survivors (5120K)
 Metaspace       used 40939K, capacity 41952K, committed 42060K, reserved 1085440K
  class space    used 5288K, capacity 5634K, committed 5708K, reserved 1048576K
}
Event: 7.994 GC heap after
{Heap after GC invocations=15 (full 0):
 garbage-first heap   total 95232K, used 27207K [0x0000000080000000, 0x0000000100000000)
  region size 1024K, 3 young (3072K), 3 survivors (3072K)
 Metaspace       used 40939K, capacity 41952K, committed 42060K, reserved 1085440K
  class space    used 5288K, capacity 5634K, committed 5708K, reserved 1048576K
}
Event: 10.431 GC heap before
{Heap before GC invocations=15 (full 0):
 garbage-first heap   total 95232K, used 69191K [0x0000000080000000, 0x0000000100000000)
  region size 1024K, 44 young (45056K), 3 survivors (3072K)
 Metaspace       used 44737K, capacity 45846K, committed 46156K, reserved 1089536K
  class space    used 5745K, capacity 6146K, committed 6220K, reserved 1048576K
}
Event: 10.441 GC heap after
{Heap after GC invocations=16 (full 0):
 garbage-first heap   total 95232K, used 28527K [0x0000000080000000, 0x0000000100000000)
  region size 1024K, 4 young (4096K), 4 survivors (4096K)
 Metaspace       used 44737K, capacity 45846K, committed 46156K, reserved 1089536K
  class space    used 5745K, capacity 6146K, committed 6220K, reserved 1048576K
}
Event: 12.213 GC heap before
{Heap before GC invocations=16 (full 0):
 garbage-first heap   total 95232K, used 72559K [0x0000000080000000, 0x0000000100000000)
  region size 1024K, 46 young (47104K), 4 survivors (4096K)
 Metaspace       used 46999K, capacity 48192K, committed 48460K, reserved 1091584K
  class space    used 5999K, capacity 6430K, committed 6476K, reserved 1048576K
}
Event: 12.236 GC heap after
{Heap after GC invocations=17 (full 0):
 garbage-first heap   total 114688K, used 34835K [0x0000000080000000, 0x0000000100000000)
  region size 1024K, 6 young (6144K), 6 survivors (6144K)
 Metaspace       used 46999K, capacity 48192K, committed 48460K, reserved 1091584K
  class space    used 5999K, capacity 6430K, committed 6476K, reserved 1048576K
}
Event: 13.165 GC heap before
{Heap before GC invocations=17 (full 0):
 garbage-first heap   total 114688K, used 80915K [0x0000000080000000, 0x0000000100000000)
  region size 1024K, 50 young (51200K), 6 survivors (6144K)
 Metaspace       used 51654K, capacity 53060K, committed 53196K, reserved 1095680K
  class space    used 6569K, capacity 7061K, committed 7116K, reserved 1048576K
}
Event: 13.193 GC heap after
{Heap after GC invocations=18 (full 0):
 garbage-first heap   total 114688K, used 42956K [0x0000000080000000, 0x0000000100000000)
  region size 1024K, 6 young (6144K), 6 survivors (6144K)
 Metaspace       used 51654K, capacity 53060K, committed 53196K, reserved 1095680K
  class space    used 6569K, capacity 7061K, committed 7116K, reserved 1048576K
}
Event: 14.336 GC heap before
{Heap before GC invocations=18 (full 0):
 garbage-first heap   total 114688K, used 85964K [0x0000000080000000, 0x0000000100000000)
  region size 1024K, 48 young (49152K), 6 survivors (6144K)
 Metaspace       used 58750K, capacity 60297K, committed 60492K, reserved 1101824K
  class space    used 7437K, capacity 7997K, committed 8012K, reserved 1048576K
}
Event: 14.353 GC heap after
{Heap after GC invocations=19 (full 0):
 garbage-first heap   total 114688K, used 45823K [0x0000000080000000, 0x0000000100000000)
  region size 1024K, 3 young (3072K), 3 survivors (3072K)
 Metaspace       used 58750K, capacity 60297K, committed 60492K, reserved 1101824K
  class space    used 7437K, capacity 7997K, committed 8012K, reserved 1048576K
}

Deoptimization events (20 events):
Event: 14.321 Thread 0x000002c97a5a5000 Uncommon trap: trap_request=0xffffff4d fr.pc=0x000002c96930c96c relative=0x000000000000050c
Event: 14.321 Thread 0x000002c97a5a5000 Uncommon trap: reason=unstable_if action=reinterpret pc=0x000002c96930c96c method=java.lang.String.regionMatches(ZILjava/lang/String;II)Z @ 36 c2
Event: 14.321 Thread 0x000002c97a5a5000 DEOPT PACKING pc=0x000002c96930c96c sp=0x000000dfe7df3cc0
Event: 14.321 Thread 0x000002c97a5a5000 DEOPT UNPACKING pc=0x000002c9617978af sp=0x000000dfe7df3c70 mode 2
Event: 14.323 Thread 0x000002c97a5a5000 Uncommon trap: trap_request=0xffffffc6 fr.pc=0x000002c96939ab14 relative=0x0000000000000854
Event: 14.323 Thread 0x000002c97a5a5000 Uncommon trap: reason=bimorphic_or_optimized_type_check action=maybe_recompile pc=0x000002c96939ab14 method=java.util.regex.Pattern$Start.match(Ljava/util/regex/Matcher;ILjava/lang/CharSequence;)Z @ 44 c2
Event: 14.323 Thread 0x000002c97a5a5000 DEOPT PACKING pc=0x000002c96939ab14 sp=0x000000dfe7df2e80
Event: 14.323 Thread 0x000002c97a5a5000 DEOPT UNPACKING pc=0x000002c9617978af sp=0x000000dfe7df2dd0 mode 2
Event: 14.324 Thread 0x000002c97a5a5000 Uncommon trap: trap_request=0xffffffc6 fr.pc=0x000002c96939ab14 relative=0x0000000000000854
Event: 14.324 Thread 0x000002c97a5a5000 Uncommon trap: reason=bimorphic_or_optimized_type_check action=maybe_recompile pc=0x000002c96939ab14 method=java.util.regex.Pattern$Start.match(Ljava/util/regex/Matcher;ILjava/lang/CharSequence;)Z @ 44 c2
Event: 14.324 Thread 0x000002c97a5a5000 DEOPT PACKING pc=0x000002c96939ab14 sp=0x000000dfe7df2e80
Event: 14.324 Thread 0x000002c97a5a5000 DEOPT UNPACKING pc=0x000002c9617978af sp=0x000000dfe7df2dd0 mode 2
Event: 14.324 Thread 0x000002c97a5a5000 Uncommon trap: trap_request=0xffffffc6 fr.pc=0x000002c96939ab14 relative=0x0000000000000854
Event: 14.324 Thread 0x000002c97a5a5000 Uncommon trap: reason=bimorphic_or_optimized_type_check action=maybe_recompile pc=0x000002c96939ab14 method=java.util.regex.Pattern$Start.match(Ljava/util/regex/Matcher;ILjava/lang/CharSequence;)Z @ 44 c2
Event: 14.324 Thread 0x000002c97a5a5000 DEOPT PACKING pc=0x000002c96939ab14 sp=0x000000dfe7df2e80
Event: 14.324 Thread 0x000002c97a5a5000 DEOPT UNPACKING pc=0x000002c9617978af sp=0x000000dfe7df2dd0 mode 2
Event: 14.324 Thread 0x000002c97a5a5000 Uncommon trap: trap_request=0xffffffc6 fr.pc=0x000002c96939ab14 relative=0x0000000000000854
Event: 14.324 Thread 0x000002c97a5a5000 Uncommon trap: reason=bimorphic_or_optimized_type_check action=maybe_recompile pc=0x000002c96939ab14 method=java.util.regex.Pattern$Start.match(Ljava/util/regex/Matcher;ILjava/lang/CharSequence;)Z @ 44 c2
Event: 14.324 Thread 0x000002c97a5a5000 DEOPT PACKING pc=0x000002c96939ab14 sp=0x000000dfe7df2e80
Event: 14.324 Thread 0x000002c97a5a5000 DEOPT UNPACKING pc=0x000002c9617978af sp=0x000000dfe7df2dd0 mode 2

Classes redefined (0 events):
No events

Internal exceptions (20 events):
Event: 12.549 Thread 0x000002c97b4cb000 Exception <a 'java/lang/NoSuchMethodError'{0x00000000862b8ca8}: <clinit>> (0x00000000862b8ca8) thrown at [./src/hotspot/share/prims/jni.cpp, line 1362]
Event: 12.549 Thread 0x000002c97b4cb000 Exception <a 'java/lang/NoSuchMethodError'{0x00000000862b9cc8}: <clinit>> (0x00000000862b9cc8) thrown at [./src/hotspot/share/prims/jni.cpp, line 1362]
Event: 12.551 Thread 0x000002c97b4cb000 Exception <a 'java/lang/NoSuchMethodError'{0x00000000862c4268}: <clinit>> (0x00000000862c4268) thrown at [./src/hotspot/share/prims/jni.cpp, line 1362]
Event: 12.552 Thread 0x000002c97b4cb000 Exception <a 'java/lang/NoSuchMethodError'{0x00000000862cebe0}: <clinit>> (0x00000000862cebe0) thrown at [./src/hotspot/share/prims/jni.cpp, line 1362]
Event: 12.556 Thread 0x000002c97b4cb000 Exception <a 'java/lang/NoSuchMethodError'{0x00000000862e35b8}: <clinit>> (0x00000000862e35b8) thrown at [./src/hotspot/share/prims/jni.cpp, line 1362]
Event: 12.556 Thread 0x000002c97a5a5000 Implicit null exception at 0x000002c96943a3a3 to 0x000002c96943a5b4
Event: 12.589 Thread 0x000002c97a5a5000 Exception <a 'java/lang/ClassNotFoundException'{0x000000008614be98}: build_5qz5yakvh4qqqlo5mq00qos0fBeanInfo> (0x000000008614be98) thrown at [./src/hotspot/share/classfile/systemDictionary.cpp, line 231]
Event: 12.590 Thread 0x000002c97a5a5000 Exception <a 'java/lang/ClassNotFoundException'{0x0000000086156dc0}: build_5qz5yakvh4qqqlo5mq00qos0fCustomizer> (0x0000000086156dc0) thrown at [./src/hotspot/share/classfile/systemDictionary.cpp, line 231]
Event: 12.598 Thread 0x000002c97a5a5000 Exception <a 'java/lang/ClassNotFoundException'{0x00000000861b9830}: org/gradle/api/internal/plugins/DefaultObjectConfigurationActionBeanInfo> (0x00000000861b9830) thrown at [./src/hotspot/share/classfile/systemDictionary.cpp, line 231]
Event: 12.600 Thread 0x000002c97a5a5000 Exception <a 'java/lang/ClassNotFoundException'{0x00000000861ebae8}: org/gradle/api/internal/plugins/DefaultObjectConfigurationActionCustomizer> (0x00000000861ebae8) thrown at [./src/hotspot/share/classfile/systemDictionary.cpp, line 231]
Event: 12.817 Thread 0x000002c97a5a5000 Exception <a 'java/lang/NoSuchMethodError'{0x00000000856fa788}: 'java.lang.Object java.lang.invoke.DirectMethodHandle$Holder.invokeStatic(java.lang.Object, java.lang.Object, java.lang.Object, java.lang.Object, int)'> (0x00000000856fa788) thrown at [./src/hotspot/share/interpreter/linkResolver.cpp, line 773]
Event: 12.817 Thread 0x000002c97a5a5000 Exception <a 'java/lang/NoSuchMethodError'{0x00000000856ff180}: 'java.lang.Object java.lang.invoke.DirectMethodHandle$Holder.invokeSpecial(java.lang.Object, java.lang.Object, java.lang.Object, java.lang.Object, java.lang.Object, int)'> (0x00000000856ff180) thrown at [./src/hotspot/share/interpreter/linkResolver.cpp, line 773]
Event: 12.818 Thread 0x000002c97a5a5000 Exception <a 'java/lang/NoSuchMethodError'{0x0000000085503d20}: 'java.lang.Object java.lang.invoke.Invokers$Holder.linkToTargetMethod(java.lang.Object, java.lang.Object, java.lang.Object, int, java.lang.Object)'> (0x0000000085503d20) thrown at [./src/hotspot/share/interpreter/linkResolver.cpp, line 773]
Event: 13.107 Thread 0x000002c97a5a5000 Exception <a 'java/lang/NoSuchMethodError'{0x00000000847aa100}: 'java.lang.Object java.lang.invoke.DirectMethodHandle$Holder.invokeSpecial(java.lang.Object, java.lang.Object, int, int, java.lang.Object, java.lang.Object, java.lang.Object)'> (0x00000000847aa100) thrown at [./src/hotspot/share/interpreter/linkResolver.cpp, line 773]
Event: 13.107 Thread 0x000002c97a5a5000 Exception <a 'java/lang/NoSuchMethodError'{0x00000000847ae680}: 'java.lang.Object java.lang.invoke.DelegatingMethodHandle$Holder.reinvoke_L(java.lang.Object, int, int, java.lang.Object, java.lang.Object, java.lang.Object)'> (0x00000000847ae680) thrown at [./src/hotspot/share/interpreter/linkResolver.cpp, line 773]
Event: 13.428 Thread 0x000002c97a5a5000 Exception <a 'java/lang/NoSuchMethodError'{0x0000000086753f70}: 'int java.lang.invoke.DirectMethodHandle$Holder.invokeInterface(java.lang.Object, java.lang.Object, java.lang.Object, java.lang.Object)'> (0x0000000086753f70) thrown at [./src/hotspot/share/interpreter/linkResolver.cpp, line 773]
Event: 13.855 Thread 0x000002c97a5a5000 Exception <a 'java/lang/NoSuchMethodError'{0x000000008579fa20}: 'void java.lang.invoke.DirectMethodHandle$Holder.invokeInterface(java.lang.Object, java.lang.Object, java.lang.Object, java.lang.Object)'> (0x000000008579fa20) thrown at [./src/hotspot/share/interpreter/linkResolver.cpp, line 773]
Event: 14.082 Thread 0x000002c97a5a5000 Exception <a 'java/lang/IncompatibleClassChangeError'{0x0000000084fc8780}: Found class java.lang.Object, but interface was expected> (0x0000000084fc8780) thrown at [./src/hotspot/share/interpreter/linkResolver.cpp, line 839]
Event: 14.208 Thread 0x000002c97a5a5000 Implicit null exception at 0x000002c96948d700 to 0x000002c969490364
Event: 14.278 Thread 0x000002c97a5a5000 Implicit null exception at 0x000002c969484fad to 0x000002c969485280

Events (20 events):
Event: 14.332 loading class sun/security/util/DisabledAlgorithmConstraints$Constraint$Operator done
Event: 14.332 loading class sun/security/util/DisabledAlgorithmConstraints$1
Event: 14.332 loading class sun/security/util/DisabledAlgorithmConstraints$1 done
Event: 14.333 loading class sun/security/pkcs/PKCS9Attributes
Event: 14.333 loading class sun/security/pkcs/PKCS9Attributes done
Event: 14.333 loading class sun/security/pkcs/PKCS9Attribute
Event: 14.334 loading class sun/security/pkcs/PKCS9Attribute done
Event: 14.336 Executing VM operation: G1CollectForAllocation
Event: 14.353 Executing VM operation: G1CollectForAllocation done
Event: 14.356 Executing VM operation: RevokeBias
Event: 14.356 Executing VM operation: RevokeBias done
Event: 14.356 loading class sun/security/rsa/SunRsaSign
Event: 14.357 loading class sun/security/rsa/SunRsaSign done
Event: 14.357 loading class sun/security/rsa/SunRsaSignEntries
Event: 14.357 loading class sun/security/rsa/SunRsaSignEntries done
Event: 14.358 loading class sun/security/rsa/RSAKeyFactory$Legacy
Event: 14.358 loading class sun/security/rsa/RSAKeyFactory
Event: 14.359 loading class sun/security/rsa/RSAKeyFactory done
Event: 14.359 loading class sun/security/rsa/RSAKeyFactory$Legacy done
Event: 14.359 loading class java/security/spec/RSAPublicKeySpec


Dynamic libraries:
0x00007ff6eb660000 - 0x00007ff6eb66a000 	C:\Program Files\Android\Android Studio\jre\bin\java.exe
0x00007ffecaa30000 - 0x00007ffecac25000 	C:\WINDOWS\SYSTEM32\ntdll.dll
0x00007ffec8d10000 - 0x00007ffec8dce000 	C:\WINDOWS\System32\KERNEL32.DLL
0x00007ffec83c0000 - 0x00007ffec8689000 	C:\WINDOWS\System32\KERNELBASE.dll
0x00007ffec87d0000 - 0x00007ffec88d0000 	C:\WINDOWS\System32\ucrtbase.dll
0x00007ffec2cf0000 - 0x00007ffec2d07000 	C:\Program Files\Android\Android Studio\jre\bin\VCRUNTIME140.dll
0x00007ffec2820000 - 0x00007ffec2839000 	C:\Program Files\Android\Android Studio\jre\bin\jli.dll
0x00007ffec9640000 - 0x00007ffec97e1000 	C:\WINDOWS\System32\USER32.dll
0x00007ffeb7e80000 - 0x00007ffeb811a000 	C:\WINDOWS\WinSxS\amd64_microsoft.windows.common-controls_6595b64144ccf1df_6.0.19041.1110_none_60b5254171f9507e\COMCTL32.dll
0x00007ffec8770000 - 0x00007ffec8792000 	C:\WINDOWS\System32\win32u.dll
0x00007ffec9f80000 - 0x00007ffeca01e000 	C:\WINDOWS\System32\msvcrt.dll
0x00007ffec8ce0000 - 0x00007ffec8d0b000 	C:\WINDOWS\System32\GDI32.dll
0x00007ffec8150000 - 0x00007ffec825b000 	C:\WINDOWS\System32\gdi32full.dll
0x00007ffec8930000 - 0x00007ffec89cd000 	C:\WINDOWS\System32\msvcp_win.dll
0x00007ffec9f50000 - 0x00007ffec9f80000 	C:\WINDOWS\System32\IMM32.DLL
0x00007ffec1410000 - 0x00007ffec14ad000 	C:\Program Files\Android\Android Studio\jre\bin\msvcp140.dll
0x00007ffe9ef20000 - 0x00007ffe9f9ef000 	C:\Program Files\Android\Android Studio\jre\bin\server\jvm.dll
0x00007ffec8c20000 - 0x00007ffec8ccc000 	C:\WINDOWS\System32\ADVAPI32.dll
0x00007ffec8fe0000 - 0x00007ffec907b000 	C:\WINDOWS\System32\sechost.dll
0x00007ffec8e50000 - 0x00007ffec8f7a000 	C:\WINDOWS\System32\RPCRT4.dll
0x00007ffeca9e0000 - 0x00007ffeca9e8000 	C:\WINDOWS\System32\PSAPI.DLL
0x00007ffec2d70000 - 0x00007ffec2d79000 	C:\WINDOWS\SYSTEM32\WSOCK32.dll
0x00007ffec0950000 - 0x00007ffec095a000 	C:\WINDOWS\SYSTEM32\VERSION.dll
0x00007ffec99d0000 - 0x00007ffec9a3b000 	C:\WINDOWS\System32\WS2_32.dll
0x00007ffebaa90000 - 0x00007ffebaab7000 	C:\WINDOWS\SYSTEM32\WINMM.dll
0x00007ffec6050000 - 0x00007ffec6062000 	C:\WINDOWS\SYSTEM32\kernel.appcore.dll
0x00007ffec2cb0000 - 0x00007ffec2cc1000 	C:\Program Files\Android\Android Studio\jre\bin\verify.dll
0x00007ffeb4960000 - 0x00007ffeb4b44000 	C:\WINDOWS\SYSTEM32\DBGHELP.DLL
0x00007ffeb4920000 - 0x00007ffeb494c000 	C:\WINDOWS\SYSTEM32\dbgcore.DLL
0x00007ffec8690000 - 0x00007ffec8713000 	C:\WINDOWS\System32\bcryptPrimitives.dll
0x00007ffec2c40000 - 0x00007ffec2c69000 	C:\Program Files\Android\Android Studio\jre\bin\java.dll
0x00007ffec2ce0000 - 0x00007ffec2ceb000 	C:\Program Files\Android\Android Studio\jre\bin\jimage.dll
0x00007ffec2c10000 - 0x00007ffec2c28000 	C:\Program Files\Android\Android Studio\jre\bin\zip.dll
0x00007ffeca020000 - 0x00007ffeca75f000 	C:\WINDOWS\System32\SHELL32.dll
0x00007ffec6250000 - 0x00007ffec69e0000 	C:\WINDOWS\SYSTEM32\windows.storage.dll
0x00007ffec9bf0000 - 0x00007ffec9f45000 	C:\WINDOWS\System32\combase.dll
0x00007ffec7ba0000 - 0x00007ffec7bcc000 	C:\WINDOWS\SYSTEM32\Wldp.dll
0x00007ffec9a40000 - 0x00007ffec9aed000 	C:\WINDOWS\System32\SHCORE.dll
0x00007ffec9b90000 - 0x00007ffec9be5000 	C:\WINDOWS\System32\shlwapi.dll
0x00007ffec8090000 - 0x00007ffec80af000 	C:\WINDOWS\SYSTEM32\profapi.dll
0x00007ffec2740000 - 0x00007ffec275a000 	C:\Program Files\Android\Android Studio\jre\bin\net.dll
0x00007ffeb9c80000 - 0x00007ffeb9d88000 	C:\WINDOWS\SYSTEM32\WINHTTP.dll
0x00007ffec7900000 - 0x00007ffec796a000 	C:\WINDOWS\system32\mswsock.dll
0x00007ffec2660000 - 0x00007ffec2674000 	C:\Program Files\Android\Android Studio\jre\bin\nio.dll
0x00007ffec1350000 - 0x00007ffec1377000 	C:\Users\MinhNgan\.gradle\native\8bec1ad78214c89d9ad589b4d07fe93259594b29d510b10fafb7a158f7737e5d\windows-amd64\native-platform.dll
0x00007ffe9d990000 - 0x00007ffe9dacd000 	C:\Users\MinhNgan\.gradle\native\53dbd7edfb1c66fb8903c78663c9afc45aea4f116125fa6feffd364cf09443e8\windows-amd64\native-platform-file-events.dll
0x00007ffec2ca0000 - 0x00007ffec2caa000 	C:\Program Files\Android\Android Studio\jre\bin\management.dll
0x00007ffec2730000 - 0x00007ffec273c000 	C:\Program Files\Android\Android Studio\jre\bin\management_ext.dll
0x00007ffec7af0000 - 0x00007ffec7b08000 	C:\WINDOWS\SYSTEM32\CRYPTSP.dll
0x00007ffec7210000 - 0x00007ffec7244000 	C:\WINDOWS\system32\rsaenh.dll
0x00007ffec87a0000 - 0x00007ffec87c7000 	C:\WINDOWS\System32\bcrypt.dll
0x00007ffec8050000 - 0x00007ffec807e000 	C:\WINDOWS\SYSTEM32\USERENV.dll
0x00007ffec7b10000 - 0x00007ffec7b1c000 	C:\WINDOWS\SYSTEM32\CRYPTBASE.dll
0x00007ffec75a0000 - 0x00007ffec75db000 	C:\WINDOWS\SYSTEM32\IPHLPAPI.DLL
0x00007ffec8cd0000 - 0x00007ffec8cd8000 	C:\WINDOWS\System32\NSI.dll
0x00007ffebc9f0000 - 0x00007ffebca07000 	C:\WINDOWS\SYSTEM32\dhcpcsvc6.DLL
0x00007ffebfd70000 - 0x00007ffebfd8d000 	C:\WINDOWS\SYSTEM32\dhcpcsvc.DLL
0x00007ffec75f0000 - 0x00007ffec76bc000 	C:\WINDOWS\SYSTEM32\DNSAPI.dll

dbghelp: loaded successfully - version: 4.0.5 - missing functions: none
symbol engine: initialized successfully - sym options: 0x614 - pdb path: .;C:\Program Files\Android\Android Studio\jre\bin;C:\WINDOWS\SYSTEM32;C:\WINDOWS\WinSxS\amd64_microsoft.windows.common-controls_6595b64144ccf1df_6.0.19041.1110_none_60b5254171f9507e;C:\Program Files\Android\Android Studio\jre\bin\server;C:\Users\MinhNgan\.gradle\native\8bec1ad78214c89d9ad589b4d07fe93259594b29d510b10fafb7a158f7737e5d\windows-amd64;C:\Users\MinhNgan\.gradle\native\53dbd7edfb1c66fb8903c78663c9afc45aea4f116125fa6feffd364cf09443e8\windows-amd64

VM Arguments:
jvm_args: --add-opens=java.base/java.util=ALL-UNNAMED --add-opens=java.base/java.lang=ALL-UNNAMED --add-opens=java.base/java.lang.invoke=ALL-UNNAMED --add-opens=java.base/java.util=ALL-UNNAMED --add-opens=java.prefs/java.util.prefs=ALL-UNNAMED --add-opens=java.prefs/java.util.prefs=ALL-UNNAMED --add-opens=java.base/java.nio.charset=ALL-UNNAMED --add-opens=java.base/java.net=ALL-UNNAMED --add-opens=java.base/java.util.concurrent.atomic=ALL-UNNAMED -Xmx2048m -Dfile.encoding=UTF-8 -Duser.country=US -Duser.language=en -Duser.variant 
java_command: org.gradle.launcher.daemon.bootstrap.GradleDaemon 7.0.2
java_class_path (initial): C:\Users\MinhNgan\.gradle\wrapper\dists\gradle-7.0.2-bin\857tjihv64xamwrf0h14cai3r\gradle-7.0.2\lib\gradle-launcher-7.0.2.jar
Launcher Type: SUN_STANDARD

[Global flags]
     intx CICompilerCount                          = 3                                         {product} {ergonomic}
     uint ConcGCThreads                            = 1                                         {product} {ergonomic}
     uint G1ConcRefinementThreads                  = 4                                         {product} {ergonomic}
   size_t G1HeapRegionSize                         = 1048576                                   {product} {ergonomic}
    uintx GCDrainStackTargetSize                   = 64                                        {product} {ergonomic}
   size_t InitialHeapSize                          = 67108864                                  {product} {ergonomic}
   size_t MarkStackSize                            = 4194304                                   {product} {ergonomic}
   size_t MaxHeapSize                              = 2147483648                                {product} {command line}
   size_t MaxNewSize                               = 1287651328                                {product} {ergonomic}
   size_t MinHeapDeltaBytes                        = 1048576                                   {product} {ergonomic}
    uintx NonNMethodCodeHeapSize                   = 5830732                                {pd product} {ergonomic}
    uintx NonProfiledCodeHeapSize                  = 122913754                              {pd product} {ergonomic}
    uintx ProfiledCodeHeapSize                     = 122913754                              {pd product} {ergonomic}
    uintx ReservedCodeCacheSize                    = 251658240                              {pd product} {ergonomic}
     bool SegmentedCodeCache                       = true                                      {product} {ergonomic}
     bool UseCompressedClassPointers               = true                                 {lp64_product} {ergonomic}
     bool UseCompressedOops                        = true                                 {lp64_product} {ergonomic}
     bool UseG1GC                                  = true                                      {product} {ergonomic}
     bool UseLargePagesIndividualAllocation        = false                                  {pd product} {ergonomic}

Logging:
Log output configuration:
 #0: stdout all=warning uptime,level,tags
 #1: stderr all=off uptime,level,tags

Environment Variables:
PATH=C:\Program Files\Common Files\Oracle\Java\javapath;C:\WINDOWS\system32;C:\WINDOWS;C:\WINDOWS\System32\Wbem;C:\WINDOWS\System32\WindowsPowerShell\v1.0\;C:\WINDOWS\System32\OpenSSH\;C:\Program Files\dotnet\;C:\Program Files\Microsoft SQL Server\130\Tools\Binn\;C:\Program Files\Microsoft SQL Server\Client SDK\ODBC\170\Tools\Binn\;C:\Program Files (x86)\dotnet\;C:\Program Files\Git\cmd;C:\Users\MinhNgan\AppData\Local\Microsoft\WindowsApps
USERNAME=MinhNgan
OS=Windows_NT
PROCESSOR_IDENTIFIER=Intel64 Family 6 Model 69 Stepping 1, GenuineIntel



---------------  S Y S T E M  ---------------

OS: Windows 10 , 64 bit Build 19041 (10.0.19041.1202)
OS uptime: 0 days 0:17 hours

CPU:total 4 (initial active 4) (2 cores per cpu, 2 threads per core) family 6 model 69 stepping 1 microcode 0x25, cmov, cx8, fxsr, mmx, sse, sse2, sse3, ssse3, sse4.1, sse4.2, popcnt, avx, avx2, aes, clmul, erms, lzcnt, ht, tsc, tscinvbit, bmi1, bmi2, fma

Memory: 4k page, system-wide physical 3979M (157M free)
TotalPageFile size 6979M (AvailPageFile size 5M)
current process WorkingSet (physical memory assigned to process): 258M, peak: 258M
current process commit charge ("private bytes"): 310M, peak: 310M

vm_info: OpenJDK 64-Bit Server VM (11.0.10+0-b96-7249189) for windows-amd64 JRE (11.0.10+0-b96-7249189), built on Mar 31 2021 21:44:00 by "builder" with MS VC++ 14.0 (VS2015)

END.
