#
# There is insufficient memory for the Java Runtime Environment to continue.
# Native memory allocation (malloc) failed to allocate 1848816 bytes for Chunk::new
# Possible reasons:
#   The system is out of physical RAM or swap space
#   The process is running with CompressedOops enabled, and the Java Heap may be blocking the growth of the native heap
# Possible solutions:
#   Reduce memory load on the system
#   Increase physical memory or swap space
#   Check if swap backing store is full
#   Decrease Java heap size (-Xmx/-Xms)
#   Decrease number of Java threads
#   Decrease Java thread stack sizes (-Xss)
#   Set larger code cache with -XX:ReservedCodeCacheSize=
#   JVM is running with Unscaled Compressed Oops mode in which the Java heap is
#     placed in the first 4GB address space. The Java Heap base address is the
#     maximum limit for the native heap growth. Please use -XX:HeapBaseMinAddress
#     to set the Java Heap base and to place the Java Heap above 4GB virtual address.
# This output file may be truncated or incomplete.
#
#  Out of Memory Error (./src/hotspot/share/memory/arena.cpp:197), pid=6612, tid=9380
#
# JRE version: OpenJDK Runtime Environment (11.0.10) (build 11.0.10+0-b96-7249189)
# Java VM: OpenJDK 64-Bit Server VM (11.0.10+0-b96-7249189, mixed mode, tiered, compressed oops, g1 gc, windows-amd64)
# No core dump will be written. Minidumps are not enabled by default on client versions of Windows
#

---------------  S U M M A R Y ------------

Command Line: --add-opens=java.base/java.util=ALL-UNNAMED --add-opens=java.base/java.lang=ALL-UNNAMED --add-opens=java.base/java.lang.invoke=ALL-UNNAMED --add-opens=java.base/java.util=ALL-UNNAMED --add-opens=java.prefs/java.util.prefs=ALL-UNNAMED --add-opens=java.prefs/java.util.prefs=ALL-UNNAMED --add-opens=java.base/java.nio.charset=ALL-UNNAMED --add-opens=java.base/java.net=ALL-UNNAMED --add-opens=java.base/java.util.concurrent.atomic=ALL-UNNAMED -Xmx2048m -Dfile.encoding=UTF-8 -Duser.country=US -Duser.language=en -Duser.variant org.gradle.launcher.daemon.bootstrap.GradleDaemon 7.0.2

Host: Intel(R) Core(TM) i5-4210U CPU @ 1.70GHz, 4 cores, 3G,  Windows 10 , 64 bit Build 19041 (10.0.19041.1202)
Time: Wed Nov 10 11:43:47 2021 SE Asia Standard Time elapsed time: 29.786113 seconds (0d 0h 0m 29s)

---------------  T H R E A D  ---------------

Current thread (0x00000236bff8e000):  JavaThread "C2 CompilerThread0" daemon [_thread_in_native, id=9380, stack(0x0000005397300000,0x0000005397400000)]


Current CompileTask:
C2:  29786 7690 %     4       org.gradle.internal.instantiation.generator.AbstractClassGenerator::inspectType @ 77 (560 bytes)

Stack: [0x0000005397300000,0x0000005397400000]
Native frames: (J=compiled Java code, j=interpreted, Vv=VM code, C=native code)
V  [jvm.dll+0x5ecfaa]
V  [jvm.dll+0x722bd5]
V  [jvm.dll+0x72412d]
V  [jvm.dll+0x7247e3]
V  [jvm.dll+0x242928]
V  [jvm.dll+0xbc4fc]
V  [jvm.dll+0xbca0c]
V  [jvm.dll+0x352d7d]
V  [jvm.dll+0x320ad3]
V  [jvm.dll+0x31ffca]
V  [jvm.dll+0x1fb602]
V  [jvm.dll+0x1fa7f4]
V  [jvm.dll+0x18354c]
V  [jvm.dll+0x208ee7]
V  [jvm.dll+0x207731]
V  [jvm.dll+0x6eb1cf]
V  [jvm.dll+0x6e3d45]
V  [jvm.dll+0x5ebe96]
C  [ucrtbase.dll+0x21bb2]
C  [KERNEL32.DLL+0x17034]
C  [ntdll.dll+0x52651]


---------------  P R O C E S S  ---------------

Threads class SMR info:
_java_thread_list=0x00000236c35111c0, length=42, elements={
0x00000236a5c0b000, 0x00000236bff29000, 0x00000236bff2a800, 0x00000236bff82800,
0x00000236bff83800, 0x00000236bff88800, 0x00000236bff8e000, 0x00000236bff96000,
0x00000236bff97000, 0x00000236c09f8800, 0x00000236c2100800, 0x00000236c1a9b000,
0x00000236c23c7000, 0x00000236c283f800, 0x00000236c1e2f000, 0x00000236c1e8c000,
0x00000236c1fbf000, 0x00000236c1a3e000, 0x00000236c1884800, 0x00000236c0b85000,
0x00000236c0b85800, 0x00000236c0b81000, 0x00000236c0b80000, 0x00000236c0b86800,
0x00000236c0b81800, 0x00000236c0b82800, 0x00000236c0b83800, 0x00000236c0b84000,
0x00000236c195d000, 0x00000236c195a000, 0x00000236c195b800, 0x00000236c195c800,
0x00000236c195a800, 0x00000236c195e000, 0x00000236c195e800, 0x00000236c1960800,
0x00000236c1965000, 0x00000236c1963800, 0x00000236c1963000, 0x00000236c1961000,
0x00000236c1964800, 0x00000236c1962000
}

Java Threads: ( => current thread )
  0x00000236a5c0b000 JavaThread "main" [_thread_blocked, id=3912, stack(0x0000005396700000,0x0000005396800000)]
  0x00000236bff29000 JavaThread "Reference Handler" daemon [_thread_blocked, id=3292, stack(0x0000005396e00000,0x0000005396f00000)]
  0x00000236bff2a800 JavaThread "Finalizer" daemon [_thread_blocked, id=4808, stack(0x0000005396f00000,0x0000005397000000)]
  0x00000236bff82800 JavaThread "Signal Dispatcher" daemon [_thread_blocked, id=2840, stack(0x0000005397000000,0x0000005397100000)]
  0x00000236bff83800 JavaThread "Attach Listener" daemon [_thread_blocked, id=1556, stack(0x0000005397100000,0x0000005397200000)]
  0x00000236bff88800 JavaThread "Service Thread" daemon [_thread_blocked, id=8568, stack(0x0000005397200000,0x0000005397300000)]
=>0x00000236bff8e000 JavaThread "C2 CompilerThread0" daemon [_thread_in_native, id=9380, stack(0x0000005397300000,0x0000005397400000)]
  0x00000236bff96000 JavaThread "C1 CompilerThread0" daemon [_thread_blocked, id=3936, stack(0x0000005397400000,0x0000005397500000)]
  0x00000236bff97000 JavaThread "Sweeper thread" daemon [_thread_blocked, id=7756, stack(0x0000005397500000,0x0000005397600000)]
  0x00000236c09f8800 JavaThread "Common-Cleaner" daemon [_thread_blocked, id=3728, stack(0x0000005397600000,0x0000005397700000)]
  0x00000236c2100800 JavaThread "Daemon health stats" [_thread_blocked, id=9528, stack(0x0000005397900000,0x0000005397a00000)]
  0x00000236c1a9b000 JavaThread "Incoming local TCP Connector on port 50891" [_thread_in_native, id=1628, stack(0x0000005397c00000,0x0000005397d00000)]
  0x00000236c23c7000 JavaThread "Daemon periodic checks" [_thread_blocked, id=8264, stack(0x0000005397d00000,0x0000005397e00000)]
  0x00000236c283f800 JavaThread "Daemon" [_thread_blocked, id=6484, stack(0x0000005397e00000,0x0000005397f00000)]
  0x00000236c1e2f000 JavaThread "Handler for socket connection from /127.0.0.1:50891 to /127.0.0.1:50892" [_thread_in_native, id=6440, stack(0x0000005397f00000,0x0000005398000000)]
  0x00000236c1e8c000 JavaThread "Cancel handler" [_thread_blocked, id=4928, stack(0x0000005398000000,0x0000005398100000)]
  0x00000236c1fbf000 JavaThread "Daemon worker" [_thread_in_Java, id=8448, stack(0x0000005398100000,0x0000005398200000)]
  0x00000236c1a3e000 JavaThread "Asynchronous log dispatcher for DefaultDaemonConnection: socket connection from /127.0.0.1:50891 to /127.0.0.1:50892" [_thread_blocked, id=9948, stack(0x0000005398200000,0x0000005398300000)]
  0x00000236c1884800 JavaThread "Stdin handler" [_thread_blocked, id=456, stack(0x0000005398300000,0x0000005398400000)]
  0x00000236c0b85000 JavaThread "Daemon client event forwarder" [_thread_blocked, id=7404, stack(0x0000005398400000,0x0000005398500000)]
  0x00000236c0b85800 JavaThread "Cache worker for file hash cache (C:\Program Files\Java\jdk-17.0.1\caches\7.0.2\fileHashes)" [_thread_blocked, id=5840, stack(0x0000005398500000,0x0000005398600000)]
  0x00000236c0b81000 JavaThread "File lock request listener" [_thread_in_native, id=3460, stack(0x0000005398600000,0x0000005398700000)]
  0x00000236c0b80000 JavaThread "Cache worker for journal cache (C:\Program Files\Java\jdk-17.0.1\caches\journal-1)" [_thread_blocked, id=4272, stack(0x0000005398700000,0x0000005398800000)]
  0x00000236c0b86800 JavaThread "Cache worker for file hash cache (C:\Users\MinhNgan\AndroidStudioProjects\Android_hepat\.gradle\7.0.2\fileHashes)" [_thread_blocked, id=7508, stack(0x0000005398800000,0x0000005398900000)]
  0x00000236c0b81800 JavaThread "File watcher server" daemon [_thread_in_native, id=3616, stack(0x0000005398900000,0x0000005398a00000)]
  0x00000236c0b82800 JavaThread "File watcher consumer" daemon [_thread_blocked, id=1076, stack(0x0000005398a00000,0x0000005398b00000)]
  0x00000236c0b83800 JavaThread "jar transforms" [_thread_blocked, id=2828, stack(0x0000005398b00000,0x0000005398c00000)]
  0x00000236c0b84000 JavaThread "jar transforms Thread 2" [_thread_blocked, id=9076, stack(0x0000005398c00000,0x0000005398d00000)]
  0x00000236c195d000 JavaThread "jar transforms Thread 3" [_thread_blocked, id=3660, stack(0x0000005398d00000,0x0000005398e00000)]
  0x00000236c195a000 JavaThread "jar transforms Thread 4" [_thread_blocked, id=888, stack(0x0000005398e00000,0x0000005398f00000)]
  0x00000236c195b800 JavaThread "Cache worker for checksums cache (C:\Users\MinhNgan\AndroidStudioProjects\Android_hepat\.gradle\checksums)" [_thread_blocked, id=4824, stack(0x0000005398f00000,0x0000005399000000)]
  0x00000236c195c800 JavaThread "Cache worker for cache directory md-supplier (C:\Program Files\Java\jdk-17.0.1\caches\7.0.2\md-supplier)" [_thread_blocked, id=2032, stack(0x0000005399000000,0x0000005399100000)]
  0x00000236c195a800 JavaThread "Cache worker for cache directory md-rule (C:\Program Files\Java\jdk-17.0.1\caches\7.0.2\md-rule)" [_thread_blocked, id=6700, stack(0x0000005399100000,0x0000005399200000)]
  0x00000236c195e000 JavaThread "Cache worker for execution history cache (C:\Program Files\Java\jdk-17.0.1\caches\7.0.2\executionHistory)" [_thread_blocked, id=188, stack(0x0000005399200000,0x0000005399300000)]
  0x00000236c195e800 JavaThread "Cache worker for file content cache (C:\Program Files\Java\jdk-17.0.1\caches\7.0.2\fileContent)" [_thread_blocked, id=5440, stack(0x0000005399300000,0x0000005399400000)]
  0x00000236c1960800 JavaThread "Cache worker for dependencies-accessors (C:\Users\MinhNgan\AndroidStudioProjects\Android_hepat\.gradle\7.0.2\dependencies-accessors)" [_thread_blocked, id=3076, stack(0x0000005399400000,0x0000005399500000)]
  0x00000236c1965000 JavaThread "Cache worker for Build Output Cleanup Cache (C:\Users\MinhNgan\AndroidStudioProjects\Android_hepat\.gradle\buildOutputCleanup)" [_thread_blocked, id=7160, stack(0x0000005399500000,0x0000005399600000)]
  0x00000236c1963800 JavaThread "Build operations" [_thread_blocked, id=748, stack(0x0000005399600000,0x0000005399700000)]
  0x00000236c1963000 JavaThread "Build operations Thread 2" [_thread_blocked, id=1292, stack(0x0000005399700000,0x0000005399800000)]
  0x00000236c1961000 JavaThread "Build operations Thread 3" [_thread_blocked, id=9724, stack(0x0000005399800000,0x0000005399900000)]
  0x00000236c1964800 JavaThread "Build operations Thread 4" [_thread_blocked, id=1452, stack(0x0000005399900000,0x0000005399a00000)]
  0x00000236c1962000 JavaThread "Memory manager" [_thread_blocked, id=9404, stack(0x0000005399a00000,0x0000005399b00000)]

Other Threads:
  0x00000236bff1f800 VMThread "VM Thread" [stack: 0x0000005396d00000,0x0000005396e00000] [id=4736]
  0x00000236c0a1d800 WatcherThread [stack: 0x0000005397700000,0x0000005397800000] [id=2144]
  0x00000236a5c24800 GCTaskThread "GC Thread#0" [stack: 0x0000005396800000,0x0000005396900000] [id=6028]
  0x00000236c13bd800 GCTaskThread "GC Thread#1" [stack: 0x0000005397800000,0x0000005397900000] [id=7360]
  0x00000236c2418800 GCTaskThread "GC Thread#2" [stack: 0x0000005397a00000,0x0000005397b00000] [id=7044]
  0x00000236c2455000 GCTaskThread "GC Thread#3" [stack: 0x0000005397b00000,0x0000005397c00000] [id=4740]
  0x00000236a5c55000 ConcurrentGCThread "G1 Main Marker" [stack: 0x0000005396900000,0x0000005396a00000] [id=1620]
  0x00000236a5c56800 ConcurrentGCThread "G1 Conc#0" [stack: 0x0000005396a00000,0x0000005396b00000] [id=7848]
  0x00000236a5cae800 ConcurrentGCThread "G1 Refine#0" [stack: 0x0000005396b00000,0x0000005396c00000] [id=6908]
  0x00000236a5cb0000 ConcurrentGCThread "G1 Young RemSet Sampling" [stack: 0x0000005396c00000,0x0000005396d00000] [id=9784]

Threads with active compile tasks:
C2 CompilerThread0  29828 7690 %     4       org.gradle.internal.instantiation.generator.AbstractClassGenerator::inspectType @ 77 (560 bytes)
C1 CompilerThread0  29829 7840   !   2       jdk.internal.reflect.GeneratedConstructorAccessor27::newInstance (53 bytes)

VM state:not at safepoint (normal execution)

VM Mutex/Monitor currently owned by a thread: None

Heap address: 0x0000000080000000, size: 2048 MB, Compressed Oops mode: 32-bit
Narrow klass base: 0x0000000000000000, Narrow klass shift: 3
Compressed class space size: 1073741824 Address: 0x0000000100000000

Heap:
 garbage-first heap   total 199680K, used 130279K [0x0000000080000000, 0x0000000100000000)
  region size 1024K, 48 young (49152K), 6 survivors (6144K)
 Metaspace       used 79356K, capacity 81525K, committed 81792K, reserved 1120256K
  class space    used 10376K, capacity 11120K, committed 11136K, reserved 1048576K
Heap Regions: E=young(eden), S=young(survivor), O=old, HS=humongous(starts), HC=humongous(continues), CS=collection set, F=free, A=archive, TAMS=top-at-mark-start (previous, next)
|   0|0x0000000080000000, 0x0000000080100000, 0x0000000080100000|100%|HS|  |TAMS 0x0000000080100000, 0x0000000080000000| Complete 
|   1|0x0000000080100000, 0x0000000080200000, 0x0000000080200000|100%|HC|  |TAMS 0x0000000080200000, 0x0000000080100000| Complete 
|   2|0x0000000080200000, 0x0000000080300000, 0x0000000080300000|100%|HC|  |TAMS 0x0000000080300000, 0x0000000080200000| Complete 
|   3|0x0000000080300000, 0x0000000080400000, 0x0000000080400000|100%| O|  |TAMS 0x0000000080400000, 0x0000000080300000| Untracked 
|   4|0x0000000080400000, 0x0000000080500000, 0x0000000080500000|100%| O|  |TAMS 0x0000000080500000, 0x0000000080400000| Untracked 
|   5|0x0000000080500000, 0x0000000080600000, 0x0000000080600000|100%| O|  |TAMS 0x0000000080600000, 0x0000000080500000| Untracked 
|   6|0x0000000080600000, 0x0000000080700000, 0x0000000080700000|100%| O|  |TAMS 0x0000000080700000, 0x0000000080600000| Untracked 
|   7|0x0000000080700000, 0x0000000080800000, 0x0000000080800000|100%| O|  |TAMS 0x0000000080800000, 0x0000000080700000| Untracked 
|   8|0x0000000080800000, 0x0000000080900000, 0x0000000080900000|100%| O|  |TAMS 0x0000000080900000, 0x0000000080800000| Untracked 
|   9|0x0000000080900000, 0x0000000080a00000, 0x0000000080a00000|100%| O|  |TAMS 0x0000000080a00000, 0x0000000080900000| Untracked 
|  10|0x0000000080a00000, 0x0000000080b00000, 0x0000000080b00000|100%| O|  |TAMS 0x0000000080b00000, 0x0000000080a00000| Untracked 
|  11|0x0000000080b00000, 0x0000000080c00000, 0x0000000080c00000|100%| O|  |TAMS 0x0000000080c00000, 0x0000000080b00000| Untracked 
|  12|0x0000000080c00000, 0x0000000080d00000, 0x0000000080d00000|100%| O|  |TAMS 0x0000000080d00000, 0x0000000080c00000| Untracked 
|  13|0x0000000080d00000, 0x0000000080e00000, 0x0000000080e00000|100%| O|  |TAMS 0x0000000080e00000, 0x0000000080d00000| Untracked 
|  14|0x0000000080e00000, 0x0000000080f00000, 0x0000000080f00000|100%| O|  |TAMS 0x0000000080f00000, 0x0000000080e00000| Untracked 
|  15|0x0000000080f00000, 0x0000000081000000, 0x0000000081000000|100%|HS|  |TAMS 0x0000000081000000, 0x0000000080f00000| Complete 
|  16|0x0000000081000000, 0x0000000081100000, 0x0000000081100000|100%|HC|  |TAMS 0x0000000081100000, 0x0000000081000000| Complete 
|  17|0x0000000081100000, 0x0000000081200000, 0x0000000081200000|100%|HS|  |TAMS 0x0000000081200000, 0x0000000081100000| Complete 
|  18|0x0000000081200000, 0x0000000081300000, 0x0000000081300000|100%|HC|  |TAMS 0x0000000081300000, 0x0000000081200000| Complete 
|  19|0x0000000081300000, 0x0000000081400000, 0x0000000081400000|100%|HC|  |TAMS 0x0000000081400000, 0x0000000081300000| Complete 
|  20|0x0000000081400000, 0x0000000081500000, 0x0000000081500000|100%|HS|  |TAMS 0x0000000081500000, 0x0000000081400000| Complete 
|  21|0x0000000081500000, 0x0000000081600000, 0x0000000081600000|100%|HC|  |TAMS 0x0000000081600000, 0x0000000081500000| Complete 
|  22|0x0000000081600000, 0x0000000081700000, 0x0000000081700000|100%|HC|  |TAMS 0x0000000081700000, 0x0000000081600000| Complete 
|  23|0x0000000081700000, 0x0000000081800000, 0x0000000081800000|100%|HC|  |TAMS 0x0000000081800000, 0x0000000081700000| Complete 
|  24|0x0000000081800000, 0x0000000081900000, 0x0000000081900000|100%|HC|  |TAMS 0x0000000081900000, 0x0000000081800000| Complete 
|  25|0x0000000081900000, 0x0000000081a00000, 0x0000000081a00000|100%| O|  |TAMS 0x0000000081a00000, 0x0000000081900000| Untracked 
|  26|0x0000000081a00000, 0x0000000081b00000, 0x0000000081b00000|100%| O|  |TAMS 0x0000000081b00000, 0x0000000081a00000| Untracked 
|  27|0x0000000081b00000, 0x0000000081c00000, 0x0000000081c00000|100%| O|  |TAMS 0x0000000081c00000, 0x0000000081b00000| Untracked 
|  28|0x0000000081c00000, 0x0000000081d00000, 0x0000000081d00000|100%| O|  |TAMS 0x0000000081d00000, 0x0000000081c00000| Untracked 
|  29|0x0000000081d00000, 0x0000000081e00000, 0x0000000081e00000|100%| O|  |TAMS 0x0000000081e00000, 0x0000000081d00000| Untracked 
|  30|0x0000000081e00000, 0x0000000081f00000, 0x0000000081f00000|100%| O|  |TAMS 0x0000000081f00000, 0x0000000081e00000| Untracked 
|  31|0x0000000081f00000, 0x0000000082000000, 0x0000000082000000|100%| O|  |TAMS 0x0000000082000000, 0x0000000081f00000| Untracked 
|  32|0x0000000082000000, 0x0000000082100000, 0x0000000082100000|100%| O|  |TAMS 0x0000000082100000, 0x0000000082000000| Untracked 
|  33|0x0000000082100000, 0x0000000082200000, 0x0000000082200000|100%| O|  |TAMS 0x0000000082200000, 0x0000000082100000| Untracked 
|  34|0x0000000082200000, 0x0000000082300000, 0x0000000082300000|100%| O|  |TAMS 0x0000000082300000, 0x0000000082200000| Untracked 
|  35|0x0000000082300000, 0x0000000082400000, 0x0000000082400000|100%| O|  |TAMS 0x0000000082400000, 0x0000000082300000| Untracked 
|  36|0x0000000082400000, 0x0000000082500000, 0x0000000082500000|100%| O|  |TAMS 0x0000000082500000, 0x0000000082400000| Untracked 
|  37|0x0000000082500000, 0x0000000082600000, 0x0000000082600000|100%|HS|  |TAMS 0x0000000082600000, 0x0000000082500000| Complete 
|  38|0x0000000082600000, 0x0000000082700000, 0x0000000082700000|100%|HC|  |TAMS 0x0000000082700000, 0x0000000082600000| Complete 
|  39|0x0000000082700000, 0x0000000082800000, 0x0000000082800000|100%|HC|  |TAMS 0x0000000082800000, 0x0000000082700000| Complete 
|  40|0x0000000082800000, 0x0000000082900000, 0x0000000082900000|100%| O|  |TAMS 0x0000000082900000, 0x0000000082800000| Untracked 
|  41|0x0000000082900000, 0x0000000082a00000, 0x0000000082a00000|100%|HS|  |TAMS 0x0000000082a00000, 0x0000000082900000| Complete 
|  42|0x0000000082a00000, 0x0000000082b00000, 0x0000000082b00000|100%|HC|  |TAMS 0x0000000082b00000, 0x0000000082a00000| Complete 
|  43|0x0000000082b00000, 0x0000000082c00000, 0x0000000082c00000|100%|HC|  |TAMS 0x0000000082c00000, 0x0000000082b00000| Complete 
|  44|0x0000000082c00000, 0x0000000082d00000, 0x0000000082d00000|100%|HC|  |TAMS 0x0000000082d00000, 0x0000000082c00000| Complete 
|  45|0x0000000082d00000, 0x0000000082e00000, 0x0000000082e00000|100%|HC|  |TAMS 0x0000000082e00000, 0x0000000082d00000| Complete 
|  46|0x0000000082e00000, 0x0000000082f00000, 0x0000000082f00000|100%| O|  |TAMS 0x0000000082f00000, 0x0000000082e00000| Untracked 
|  47|0x0000000082f00000, 0x0000000083000000, 0x0000000083000000|100%| O|  |TAMS 0x0000000083000000, 0x0000000082f00000| Untracked 
|  48|0x0000000083000000, 0x0000000083100000, 0x0000000083100000|100%| O|  |TAMS 0x0000000083100000, 0x0000000083000000| Untracked 
|  49|0x0000000083100000, 0x0000000083200000, 0x0000000083200000|100%| O|  |TAMS 0x0000000083200000, 0x0000000083100000| Untracked 
|  50|0x0000000083200000, 0x0000000083300000, 0x0000000083300000|100%| O|  |TAMS 0x0000000083300000, 0x0000000083200000| Untracked 
|  51|0x0000000083300000, 0x0000000083400000, 0x0000000083400000|100%| O|  |TAMS 0x0000000083400000, 0x0000000083300000| Untracked 
|  52|0x0000000083400000, 0x0000000083500000, 0x0000000083500000|100%| O|  |TAMS 0x0000000083500000, 0x0000000083400000| Untracked 
|  53|0x0000000083500000, 0x0000000083600000, 0x0000000083600000|100%| O|  |TAMS 0x0000000083600000, 0x0000000083500000| Untracked 
|  54|0x0000000083600000, 0x0000000083700000, 0x0000000083700000|100%| O|  |TAMS 0x0000000083700000, 0x0000000083600000| Untracked 
|  55|0x0000000083700000, 0x0000000083800000, 0x0000000083800000|100%|HS|  |TAMS 0x0000000083800000, 0x0000000083700000| Complete 
|  56|0x0000000083800000, 0x0000000083900000, 0x0000000083900000|100%| O|  |TAMS 0x0000000083900000, 0x0000000083800000| Untracked 
|  57|0x0000000083900000, 0x0000000083a00000, 0x0000000083a00000|100%|HS|  |TAMS 0x0000000083a00000, 0x0000000083900000| Complete 
|  58|0x0000000083a00000, 0x0000000083b00000, 0x0000000083b00000|100%| O|  |TAMS 0x0000000083b00000, 0x0000000083a00000| Untracked 
|  59|0x0000000083b00000, 0x0000000083c00000, 0x0000000083c00000|100%| O|  |TAMS 0x0000000083c00000, 0x0000000083b00000| Untracked 
|  60|0x0000000083c00000, 0x0000000083d00000, 0x0000000083d00000|100%|HS|  |TAMS 0x0000000083d00000, 0x0000000083c00000| Complete 
|  61|0x0000000083d00000, 0x0000000083e00000, 0x0000000083e00000|100%|HC|  |TAMS 0x0000000083e00000, 0x0000000083d00000| Complete 
|  62|0x0000000083e00000, 0x0000000083f00000, 0x0000000083f00000|100%| O|  |TAMS 0x0000000083f00000, 0x0000000083e00000| Untracked 
|  63|0x0000000083f00000, 0x0000000084000000, 0x0000000084000000|100%| O|  |TAMS 0x0000000084000000, 0x0000000083f00000| Untracked 
|  64|0x0000000084000000, 0x0000000084100000, 0x0000000084100000|100%| O|  |TAMS 0x0000000084100000, 0x0000000084000000| Untracked 
|  65|0x0000000084100000, 0x0000000084200000, 0x0000000084200000|100%| O|  |TAMS 0x0000000084200000, 0x0000000084100000| Untracked 
|  66|0x0000000084200000, 0x0000000084300000, 0x0000000084300000|100%| O|  |TAMS 0x0000000084300000, 0x0000000084200000| Untracked 
|  67|0x0000000084300000, 0x0000000084400000, 0x0000000084400000|100%| O|  |TAMS 0x0000000084400000, 0x0000000084300000| Untracked 
|  68|0x0000000084400000, 0x0000000084500000, 0x0000000084500000|100%| O|  |TAMS 0x0000000084500000, 0x0000000084400000| Untracked 
|  69|0x0000000084500000, 0x0000000084600000, 0x0000000084600000|100%| O|  |TAMS 0x0000000084600000, 0x0000000084500000| Untracked 
|  70|0x0000000084600000, 0x0000000084700000, 0x0000000084700000|100%| O|  |TAMS 0x0000000084700000, 0x0000000084600000| Untracked 
|  71|0x0000000084700000, 0x0000000084800000, 0x0000000084800000|100%| O|  |TAMS 0x0000000084800000, 0x0000000084700000| Untracked 
|  72|0x0000000084800000, 0x0000000084900000, 0x0000000084900000|100%| O|  |TAMS 0x0000000084900000, 0x0000000084800000| Untracked 
|  73|0x0000000084900000, 0x0000000084a00000, 0x0000000084a00000|100%| O|  |TAMS 0x0000000084a00000, 0x0000000084900000| Untracked 
|  74|0x0000000084a00000, 0x0000000084b00000, 0x0000000084b00000|100%| O|  |TAMS 0x0000000084b00000, 0x0000000084a00000| Untracked 
|  75|0x0000000084b00000, 0x0000000084c00000, 0x0000000084c00000|100%| O|  |TAMS 0x0000000084b5ee00, 0x0000000084b00000| Untracked 
|  76|0x0000000084c00000, 0x0000000084d00000, 0x0000000084d00000|100%| O|  |TAMS 0x0000000084c00000, 0x0000000084c00000| Untracked 
|  77|0x0000000084d00000, 0x0000000084e00000, 0x0000000084e00000|100%| O|  |TAMS 0x0000000084d00000, 0x0000000084d00000| Untracked 
|  78|0x0000000084e00000, 0x0000000084f00000, 0x0000000084f00000|100%| O|  |TAMS 0x0000000084e00000, 0x0000000084e00000| Untracked 
|  79|0x0000000084f00000, 0x0000000085000000, 0x0000000085000000|100%| O|  |TAMS 0x0000000084f00000, 0x0000000084f00000| Untracked 
|  80|0x0000000085000000, 0x00000000850fec00, 0x0000000085100000| 99%| O|  |TAMS 0x0000000085000000, 0x0000000085000000| Untracked 
|  81|0x0000000085100000, 0x0000000085100000, 0x0000000085200000|  0%| F|  |TAMS 0x0000000085100000, 0x0000000085100000| Untracked 
|  82|0x0000000085200000, 0x0000000085200000, 0x0000000085300000|  0%| F|  |TAMS 0x0000000085200000, 0x0000000085200000| Untracked 
|  83|0x0000000085300000, 0x0000000085300000, 0x0000000085400000|  0%| F|  |TAMS 0x0000000085300000, 0x0000000085300000| Untracked 
|  84|0x0000000085400000, 0x0000000085400000, 0x0000000085500000|  0%| F|  |TAMS 0x0000000085400000, 0x0000000085400000| Untracked 
|  85|0x0000000085500000, 0x0000000085500000, 0x0000000085600000|  0%| F|  |TAMS 0x0000000085500000, 0x0000000085500000| Untracked 
|  86|0x0000000085600000, 0x0000000085600000, 0x0000000085700000|  0%| F|  |TAMS 0x0000000085600000, 0x0000000085600000| Untracked 
|  87|0x0000000085700000, 0x0000000085700000, 0x0000000085800000|  0%| F|  |TAMS 0x0000000085700000, 0x0000000085700000| Untracked 
|  88|0x0000000085800000, 0x0000000085800000, 0x0000000085900000|  0%| F|  |TAMS 0x0000000085800000, 0x0000000085800000| Untracked 
|  89|0x0000000085900000, 0x0000000085900000, 0x0000000085a00000|  0%| F|  |TAMS 0x0000000085900000, 0x0000000085900000| Untracked 
|  90|0x0000000085a00000, 0x0000000085a00000, 0x0000000085b00000|  0%| F|  |TAMS 0x0000000085a00000, 0x0000000085a00000| Untracked 
|  91|0x0000000085b00000, 0x0000000085b00000, 0x0000000085c00000|  0%| F|  |TAMS 0x0000000085b00000, 0x0000000085b00000| Untracked 
|  92|0x0000000085c00000, 0x0000000085c00000, 0x0000000085d00000|  0%| F|  |TAMS 0x0000000085c00000, 0x0000000085c00000| Untracked 
|  93|0x0000000085d00000, 0x0000000085d00000, 0x0000000085e00000|  0%| F|  |TAMS 0x0000000085d00000, 0x0000000085d00000| Untracked 
|  94|0x0000000085e00000, 0x0000000085e00000, 0x0000000085f00000|  0%| F|  |TAMS 0x0000000085e00000, 0x0000000085e00000| Untracked 
|  95|0x0000000085f00000, 0x0000000085f00000, 0x0000000086000000|  0%| F|  |TAMS 0x0000000085f00000, 0x0000000085f00000| Untracked 
|  96|0x0000000086000000, 0x0000000086000000, 0x0000000086100000|  0%| F|  |TAMS 0x0000000086000000, 0x0000000086000000| Untracked 
|  97|0x0000000086100000, 0x0000000086100000, 0x0000000086200000|  0%| F|  |TAMS 0x0000000086100000, 0x0000000086100000| Untracked 
|  98|0x0000000086200000, 0x0000000086200000, 0x0000000086300000|  0%| F|  |TAMS 0x0000000086200000, 0x0000000086200000| Untracked 
|  99|0x0000000086300000, 0x0000000086300000, 0x0000000086400000|  0%| F|  |TAMS 0x0000000086300000, 0x0000000086300000| Untracked 
| 100|0x0000000086400000, 0x0000000086400000, 0x0000000086500000|  0%| F|  |TAMS 0x0000000086400000, 0x0000000086400000| Untracked 
| 101|0x0000000086500000, 0x0000000086500000, 0x0000000086600000|  0%| F|  |TAMS 0x0000000086500000, 0x0000000086500000| Untracked 
| 102|0x0000000086600000, 0x0000000086600000, 0x0000000086700000|  0%| F|  |TAMS 0x0000000086600000, 0x0000000086600000| Untracked 
| 103|0x0000000086700000, 0x0000000086700000, 0x0000000086800000|  0%| F|  |TAMS 0x0000000086700000, 0x0000000086700000| Untracked 
| 104|0x0000000086800000, 0x0000000086800000, 0x0000000086900000|  0%| F|  |TAMS 0x0000000086800000, 0x0000000086800000| Untracked 
| 105|0x0000000086900000, 0x0000000086900000, 0x0000000086a00000|  0%| F|  |TAMS 0x0000000086900000, 0x0000000086900000| Untracked 
| 106|0x0000000086a00000, 0x0000000086a00000, 0x0000000086b00000|  0%| F|  |TAMS 0x0000000086a00000, 0x0000000086a00000| Untracked 
| 107|0x0000000086b00000, 0x0000000086b00000, 0x0000000086c00000|  0%| F|  |TAMS 0x0000000086b00000, 0x0000000086b00000| Untracked 
| 108|0x0000000086c00000, 0x0000000086c00000, 0x0000000086d00000|  0%| F|  |TAMS 0x0000000086c00000, 0x0000000086c00000| Untracked 
| 109|0x0000000086d00000, 0x0000000086d00000, 0x0000000086e00000|  0%| F|  |TAMS 0x0000000086d00000, 0x0000000086d00000| Untracked 
| 110|0x0000000086e00000, 0x0000000086e00000, 0x0000000086f00000|  0%| F|  |TAMS 0x0000000086e00000, 0x0000000086e00000| Untracked 
| 111|0x0000000086f00000, 0x0000000086f00000, 0x0000000087000000|  0%| F|  |TAMS 0x0000000086f00000, 0x0000000086f00000| Untracked 
| 112|0x0000000087000000, 0x0000000087000000, 0x0000000087100000|  0%| F|  |TAMS 0x0000000087000000, 0x0000000087000000| Untracked 
| 113|0x0000000087100000, 0x0000000087100000, 0x0000000087200000|  0%| F|  |TAMS 0x0000000087100000, 0x0000000087100000| Untracked 
| 114|0x0000000087200000, 0x0000000087200000, 0x0000000087300000|  0%| F|  |TAMS 0x0000000087200000, 0x0000000087200000| Untracked 
| 115|0x0000000087300000, 0x0000000087300000, 0x0000000087400000|  0%| F|  |TAMS 0x0000000087300000, 0x0000000087300000| Untracked 
| 116|0x0000000087400000, 0x0000000087400000, 0x0000000087500000|  0%| F|  |TAMS 0x0000000087400000, 0x0000000087400000| Untracked 
| 117|0x0000000087500000, 0x0000000087500000, 0x0000000087600000|  0%| F|  |TAMS 0x0000000087500000, 0x0000000087500000| Untracked 
| 118|0x0000000087600000, 0x0000000087600000, 0x0000000087700000|  0%| F|  |TAMS 0x0000000087600000, 0x0000000087600000| Untracked 
| 119|0x0000000087700000, 0x0000000087700000, 0x0000000087800000|  0%| F|  |TAMS 0x0000000087700000, 0x0000000087700000| Untracked 
| 120|0x0000000087800000, 0x0000000087800000, 0x0000000087900000|  0%| F|  |TAMS 0x0000000087800000, 0x0000000087800000| Untracked 
| 121|0x0000000087900000, 0x0000000087900000, 0x0000000087a00000|  0%| F|  |TAMS 0x0000000087900000, 0x0000000087900000| Untracked 
| 122|0x0000000087a00000, 0x0000000087a00000, 0x0000000087b00000|  0%| F|  |TAMS 0x0000000087a00000, 0x0000000087a00000| Untracked 
| 123|0x0000000087b00000, 0x0000000087b00000, 0x0000000087c00000|  0%| F|  |TAMS 0x0000000087b00000, 0x0000000087b00000| Untracked 
| 124|0x0000000087c00000, 0x0000000087c00000, 0x0000000087d00000|  0%| F|  |TAMS 0x0000000087c00000, 0x0000000087c00000| Untracked 
| 125|0x0000000087d00000, 0x0000000087d00000, 0x0000000087e00000|  0%| F|  |TAMS 0x0000000087d00000, 0x0000000087d00000| Untracked 
| 126|0x0000000087e00000, 0x0000000087e00000, 0x0000000087f00000|  0%| F|  |TAMS 0x0000000087e00000, 0x0000000087e00000| Untracked 
| 127|0x0000000087f00000, 0x0000000087f00000, 0x0000000088000000|  0%| F|  |TAMS 0x0000000087f00000, 0x0000000087f00000| Untracked 
| 128|0x0000000088000000, 0x0000000088000000, 0x0000000088100000|  0%| F|  |TAMS 0x0000000088000000, 0x0000000088000000| Untracked 
| 129|0x0000000088100000, 0x0000000088100000, 0x0000000088200000|  0%| F|  |TAMS 0x0000000088100000, 0x0000000088100000| Untracked 
| 130|0x0000000088200000, 0x0000000088200000, 0x0000000088300000|  0%| F|  |TAMS 0x0000000088200000, 0x0000000088200000| Untracked 
| 131|0x0000000088300000, 0x0000000088300000, 0x0000000088400000|  0%| F|  |TAMS 0x0000000088300000, 0x0000000088300000| Untracked 
| 132|0x0000000088400000, 0x0000000088400000, 0x0000000088500000|  0%| F|  |TAMS 0x0000000088400000, 0x0000000088400000| Untracked 
| 133|0x0000000088500000, 0x0000000088500000, 0x0000000088600000|  0%| F|  |TAMS 0x0000000088500000, 0x0000000088500000| Untracked 
| 134|0x0000000088600000, 0x0000000088600000, 0x0000000088700000|  0%| F|  |TAMS 0x0000000088600000, 0x0000000088600000| Untracked 
| 135|0x0000000088700000, 0x0000000088700000, 0x0000000088800000|  0%| F|  |TAMS 0x0000000088700000, 0x0000000088700000| Untracked 
| 136|0x0000000088800000, 0x0000000088800000, 0x0000000088900000|  0%| F|  |TAMS 0x0000000088800000, 0x0000000088800000| Untracked 
| 137|0x0000000088900000, 0x000000008893b010, 0x0000000088a00000| 23%| S|CS|TAMS 0x0000000088900000, 0x0000000088900000| Complete 
| 138|0x0000000088a00000, 0x0000000088b00000, 0x0000000088b00000|100%| S|CS|TAMS 0x0000000088a00000, 0x0000000088a00000| Complete 
| 139|0x0000000088b00000, 0x0000000088c00000, 0x0000000088c00000|100%| S|CS|TAMS 0x0000000088b00000, 0x0000000088b00000| Complete 
| 140|0x0000000088c00000, 0x0000000088d00000, 0x0000000088d00000|100%| S|CS|TAMS 0x0000000088c00000, 0x0000000088c00000| Complete 
| 141|0x0000000088d00000, 0x0000000088e00000, 0x0000000088e00000|100%| S|CS|TAMS 0x0000000088d00000, 0x0000000088d00000| Complete 
| 142|0x0000000088e00000, 0x0000000088f00000, 0x0000000088f00000|100%| S|CS|TAMS 0x0000000088e00000, 0x0000000088e00000| Complete 
| 143|0x0000000088f00000, 0x0000000088f00000, 0x0000000089000000|  0%| F|  |TAMS 0x0000000088f00000, 0x0000000088f00000| Untracked 
| 144|0x0000000089000000, 0x0000000089000000, 0x0000000089100000|  0%| F|  |TAMS 0x0000000089000000, 0x0000000089000000| Untracked 
| 145|0x0000000089100000, 0x0000000089100000, 0x0000000089200000|  0%| F|  |TAMS 0x0000000089100000, 0x0000000089100000| Untracked 
| 146|0x0000000089200000, 0x0000000089200000, 0x0000000089300000|  0%| F|  |TAMS 0x0000000089200000, 0x0000000089200000| Untracked 
| 147|0x0000000089300000, 0x0000000089300000, 0x0000000089400000|  0%| F|  |TAMS 0x0000000089300000, 0x0000000089300000| Untracked 
| 148|0x0000000089400000, 0x0000000089400000, 0x0000000089500000|  0%| F|  |TAMS 0x0000000089400000, 0x0000000089400000| Untracked 
| 149|0x0000000089500000, 0x0000000089500000, 0x0000000089600000|  0%| F|  |TAMS 0x0000000089500000, 0x0000000089500000| Untracked 
| 150|0x0000000089600000, 0x0000000089600000, 0x0000000089700000|  0%| F|  |TAMS 0x0000000089600000, 0x0000000089600000| Untracked 
| 151|0x0000000089700000, 0x0000000089700000, 0x0000000089800000|  0%| F|  |TAMS 0x0000000089700000, 0x0000000089700000| Untracked 
| 152|0x0000000089800000, 0x0000000089800000, 0x0000000089900000|  0%| F|  |TAMS 0x0000000089800000, 0x0000000089800000| Untracked 
| 153|0x0000000089900000, 0x0000000089980800, 0x0000000089a00000| 50%| E|  |TAMS 0x0000000089900000, 0x0000000089900000| Complete 
| 154|0x0000000089a00000, 0x0000000089b00000, 0x0000000089b00000|100%| E|CS|TAMS 0x0000000089a00000, 0x0000000089a00000| Complete 
| 155|0x0000000089b00000, 0x0000000089c00000, 0x0000000089c00000|100%| E|CS|TAMS 0x0000000089b00000, 0x0000000089b00000| Complete 
| 156|0x0000000089c00000, 0x0000000089d00000, 0x0000000089d00000|100%| E|CS|TAMS 0x0000000089c00000, 0x0000000089c00000| Complete 
| 157|0x0000000089d00000, 0x0000000089e00000, 0x0000000089e00000|100%| E|CS|TAMS 0x0000000089d00000, 0x0000000089d00000| Complete 
| 158|0x0000000089e00000, 0x0000000089f00000, 0x0000000089f00000|100%| E|CS|TAMS 0x0000000089e00000, 0x0000000089e00000| Complete 
| 159|0x0000000089f00000, 0x000000008a000000, 0x000000008a000000|100%| E|CS|TAMS 0x0000000089f00000, 0x0000000089f00000| Complete 
| 160|0x000000008a000000, 0x000000008a100000, 0x000000008a100000|100%| E|CS|TAMS 0x000000008a000000, 0x000000008a000000| Complete 
| 161|0x000000008a100000, 0x000000008a200000, 0x000000008a200000|100%| E|CS|TAMS 0x000000008a100000, 0x000000008a100000| Complete 
| 162|0x000000008a200000, 0x000000008a300000, 0x000000008a300000|100%| E|CS|TAMS 0x000000008a200000, 0x000000008a200000| Complete 
| 163|0x000000008a300000, 0x000000008a400000, 0x000000008a400000|100%| E|CS|TAMS 0x000000008a300000, 0x000000008a300000| Complete 
| 164|0x000000008a400000, 0x000000008a500000, 0x000000008a500000|100%| E|CS|TAMS 0x000000008a400000, 0x000000008a400000| Complete 
| 165|0x000000008a500000, 0x000000008a600000, 0x000000008a600000|100%| E|CS|TAMS 0x000000008a500000, 0x000000008a500000| Complete 
| 166|0x000000008a600000, 0x000000008a700000, 0x000000008a700000|100%| E|CS|TAMS 0x000000008a600000, 0x000000008a600000| Complete 
| 167|0x000000008a700000, 0x000000008a800000, 0x000000008a800000|100%| E|CS|TAMS 0x000000008a700000, 0x000000008a700000| Complete 
| 168|0x000000008a800000, 0x000000008a900000, 0x000000008a900000|100%| E|CS|TAMS 0x000000008a800000, 0x000000008a800000| Complete 
| 169|0x000000008a900000, 0x000000008aa00000, 0x000000008aa00000|100%| E|CS|TAMS 0x000000008a900000, 0x000000008a900000| Complete 
| 170|0x000000008aa00000, 0x000000008ab00000, 0x000000008ab00000|100%| E|CS|TAMS 0x000000008aa00000, 0x000000008aa00000| Complete 
| 171|0x000000008ab00000, 0x000000008ac00000, 0x000000008ac00000|100%| E|CS|TAMS 0x000000008ab00000, 0x000000008ab00000| Complete 
| 172|0x000000008ac00000, 0x000000008ad00000, 0x000000008ad00000|100%| E|CS|TAMS 0x000000008ac00000, 0x000000008ac00000| Complete 
| 173|0x000000008ad00000, 0x000000008ae00000, 0x000000008ae00000|100%| E|CS|TAMS 0x000000008ad00000, 0x000000008ad00000| Complete 
| 174|0x000000008ae00000, 0x000000008af00000, 0x000000008af00000|100%| E|CS|TAMS 0x000000008ae00000, 0x000000008ae00000| Complete 
| 175|0x000000008af00000, 0x000000008b000000, 0x000000008b000000|100%| E|CS|TAMS 0x000000008af00000, 0x000000008af00000| Complete 
| 176|0x000000008b000000, 0x000000008b100000, 0x000000008b100000|100%| E|CS|TAMS 0x000000008b000000, 0x000000008b000000| Complete 
| 177|0x000000008b100000, 0x000000008b200000, 0x000000008b200000|100%| E|CS|TAMS 0x000000008b100000, 0x000000008b100000| Complete 
| 178|0x000000008b200000, 0x000000008b300000, 0x000000008b300000|100%| E|CS|TAMS 0x000000008b200000, 0x000000008b200000| Complete 
| 179|0x000000008b300000, 0x000000008b400000, 0x000000008b400000|100%| E|CS|TAMS 0x000000008b300000, 0x000000008b300000| Complete 
| 180|0x000000008b400000, 0x000000008b500000, 0x000000008b500000|100%| E|CS|TAMS 0x000000008b400000, 0x000000008b400000| Complete 
| 181|0x000000008b500000, 0x000000008b600000, 0x000000008b600000|100%| E|CS|TAMS 0x000000008b500000, 0x000000008b500000| Complete 
| 182|0x000000008b600000, 0x000000008b700000, 0x000000008b700000|100%| E|CS|TAMS 0x000000008b600000, 0x000000008b600000| Complete 
| 183|0x000000008b700000, 0x000000008b800000, 0x000000008b800000|100%| E|CS|TAMS 0x000000008b700000, 0x000000008b700000| Complete 
| 184|0x000000008b800000, 0x000000008b900000, 0x000000008b900000|100%| E|CS|TAMS 0x000000008b800000, 0x000000008b800000| Complete 
| 185|0x000000008b900000, 0x000000008ba00000, 0x000000008ba00000|100%| E|CS|TAMS 0x000000008b900000, 0x000000008b900000| Complete 
| 186|0x000000008ba00000, 0x000000008bb00000, 0x000000008bb00000|100%| E|CS|TAMS 0x000000008ba00000, 0x000000008ba00000| Complete 
| 187|0x000000008bb00000, 0x000000008bc00000, 0x000000008bc00000|100%| E|CS|TAMS 0x000000008bb00000, 0x000000008bb00000| Complete 
| 188|0x000000008bc00000, 0x000000008bd00000, 0x000000008bd00000|100%| E|CS|TAMS 0x000000008bc00000, 0x000000008bc00000| Complete 
| 189|0x000000008bd00000, 0x000000008be00000, 0x000000008be00000|100%| E|CS|TAMS 0x000000008bd00000, 0x000000008bd00000| Complete 
| 190|0x000000008be00000, 0x000000008bf00000, 0x000000008bf00000|100%| E|CS|TAMS 0x000000008be00000, 0x000000008be00000| Complete 
| 191|0x000000008bf00000, 0x000000008c000000, 0x000000008c000000|100%| E|CS|TAMS 0x000000008bf00000, 0x000000008bf00000| Complete 
| 192|0x000000008c000000, 0x000000008c100000, 0x000000008c100000|100%| E|CS|TAMS 0x000000008c000000, 0x000000008c000000| Complete 
| 193|0x000000008c100000, 0x000000008c200000, 0x000000008c200000|100%| E|CS|TAMS 0x000000008c100000, 0x000000008c100000| Complete 
| 194|0x000000008c200000, 0x000000008c300000, 0x000000008c300000|100%| E|CS|TAMS 0x000000008c200000, 0x000000008c200000| Complete 

Card table byte_map: [0x00000236b9120000,0x00000236b9520000] _byte_map_base: 0x00000236b8d20000

Marking Bits (Prev, Next): (CMBitMap*) 0x00000236a5c4c6b0, (CMBitMap*) 0x00000236a5c4c678
 Prev Bits: [0x00000236bb920000, 0x00000236bd920000)
 Next Bits: [0x00000236b9920000, 0x00000236bb920000)

Polling page: 0x00000236a4570000

Metaspace:

Usage:
  Non-class:     68.82 MB capacity,    67.39 MB ( 98%) used,     1.23 MB (  2%) free+waste,   211.06 KB ( <1%) overhead. 
      Class:     10.86 MB capacity,    10.14 MB ( 93%) used,   638.49 KB (  6%) free+waste,    99.31 KB ( <1%) overhead. 
       Both:     79.68 MB capacity,    77.53 MB ( 97%) used,     1.85 MB (  2%) free+waste,   310.38 KB ( <1%) overhead. 

Virtual space:
  Non-class space:       70.00 MB reserved,      69.00 MB ( 99%) committed 
      Class space:        1.00 GB reserved,      10.88 MB (  1%) committed 
             Both:        1.07 GB reserved,      79.88 MB (  7%) committed 

Chunk freelists:
   Non-Class:  59.00 KB
       Class:  16.00 KB
        Both:  75.00 KB

MaxMetaspaceSize: 17179869184.00 GB
CompressedClassSpaceSize: 1.00 GB

CodeHeap 'non-profiled nmethods': size=120064Kb used=3874Kb max_used=3874Kb free=116189Kb
 bounds [0x00000236b11c0000, 0x00000236b1590000, 0x00000236b8700000]
CodeHeap 'profiled nmethods': size=120000Kb used=16140Kb max_used=16140Kb free=103859Kb
 bounds [0x00000236a9c90000, 0x00000236aac60000, 0x00000236b11c0000]
CodeHeap 'non-nmethods': size=5696Kb used=2272Kb max_used=2319Kb free=3423Kb
 bounds [0x00000236a9700000, 0x00000236a9970000, 0x00000236a9c90000]
 total_blobs=8539 nmethods=7666 adapters=784
 compilation: enabled
              stopped_count=0, restarted_count=0
 full_count=0

Compilation events (20 events):
Event: 29.734 Thread 0x00000236bff96000 7825       2       java.lang.reflect.Field::setFieldAccessor (34 bytes)
Event: 29.735 Thread 0x00000236bff96000 nmethod 7825 0x00000236aac49c10 code [0x00000236aac49de0, 0x00000236aac4a0a8]
Event: 29.739 Thread 0x00000236bff96000 7826       2       org.gradle.api.internal.collections.DefaultPendingSource::removeByProvider (50 bytes)
Event: 29.740 Thread 0x00000236bff96000 nmethod 7826 0x00000236aac4a190 code [0x00000236aac4a3a0, 0x00000236aac4a708]
Event: 29.741 Thread 0x00000236bff96000 7827   !   2       sun.reflect.annotation.AnnotationParser::parseEnumValue (152 bytes)
Event: 29.742 Thread 0x00000236bff96000 nmethod 7827 0x00000236aac4a890 code [0x00000236aac4aba0, 0x00000236aac4b578]
Event: 29.750 Thread 0x00000236bff96000 7828       2       org.gradle.internal.ImmutableActionSet$SetWithManyActions::unpackInto (10 bytes)
Event: 29.751 Thread 0x00000236bff96000 nmethod 7828 0x00000236aac4bc10 code [0x00000236aac4bdc0, 0x00000236aac4bee8]
Event: 29.768 Thread 0x00000236bff96000 7829       2       com.sun.proxy.$Proxy30::<init> (6 bytes)
Event: 29.768 Thread 0x00000236bff96000 nmethod 7829 0x00000236aac4bf90 code [0x00000236aac4c160, 0x00000236aac4c388]
Event: 29.768 Thread 0x00000236bff96000 7830   !   2       com.sun.proxy.$Proxy30::annotationType (29 bytes)
Event: 29.769 Thread 0x00000236bff96000 nmethod 7830 0x00000236aac4c490 code [0x00000236aac4c660, 0x00000236aac4c8b8]
Event: 29.769 Thread 0x00000236bff96000 7831       2       com.sun.proxy.$Proxy45::<init> (6 bytes)
Event: 29.769 Thread 0x00000236bff96000 nmethod 7831 0x00000236aac4ca10 code [0x00000236aac4cbe0, 0x00000236aac4ce08]
Event: 29.769 Thread 0x00000236bff96000 7832   !   2       com.sun.proxy.$Proxy45::annotationType (29 bytes)
Event: 29.769 Thread 0x00000236bff96000 nmethod 7832 0x00000236aac4cf10 code [0x00000236aac4d0e0, 0x00000236aac4d338]
Event: 29.769 Thread 0x00000236bff96000 7833 %     3       org.objectweb.asm.ByteVector::encodeUtf8 @ 159 (337 bytes)
Event: 29.772 Thread 0x00000236bff96000 nmethod 7833% 0x00000236aac4d490 code [0x00000236aac4d7a0, 0x00000236aac4ebb8]
Event: 29.775 Thread 0x00000236bff96000 7834 %     3       org.apache.commons.io.FilenameUtils::failIfNullBytePresent @ 7 (37 bytes)
Event: 29.776 Thread 0x00000236bff96000 nmethod 7834% 0x00000236aac4f510 code [0x00000236aac4f760, 0x00000236aac50088]

GC Heap History (20 events):
Event: 16.962 GC heap before
{Heap before GC invocations=35 (full 0):
 garbage-first heap   total 114688K, used 64550K [0x0000000080000000, 0x0000000100000000)
  region size 1024K, 8 young (8192K), 3 survivors (3072K)
 Metaspace       used 49664K, capacity 51125K, committed 51456K, reserved 1093632K
  class space    used 6347K, capacity 6812K, committed 6912K, reserved 1048576K
}
Event: 16.970 GC heap after
{Heap after GC invocations=36 (full 0):
 garbage-first heap   total 138240K, used 64614K [0x0000000080000000, 0x0000000100000000)
  region size 1024K, 4 young (4096K), 4 survivors (4096K)
 Metaspace       used 49664K, capacity 51125K, committed 51456K, reserved 1093632K
  class space    used 6347K, capacity 6812K, committed 6912K, reserved 1048576K
}
Event: 17.953 GC heap before
{Heap before GC invocations=37 (full 0):
 garbage-first heap   total 138240K, used 92262K [0x0000000080000000, 0x0000000100000000)
  region size 1024K, 30 young (30720K), 4 survivors (4096K)
 Metaspace       used 52524K, capacity 54122K, committed 54400K, reserved 1095680K
  class space    used 6703K, capacity 7191K, committed 7296K, reserved 1048576K
}
Event: 17.960 GC heap after
{Heap after GC invocations=38 (full 0):
 garbage-first heap   total 138240K, used 68028K [0x0000000080000000, 0x0000000100000000)
  region size 1024K, 2 young (2048K), 2 survivors (2048K)
 Metaspace       used 52524K, capacity 54122K, committed 54400K, reserved 1095680K
  class space    used 6703K, capacity 7191K, committed 7296K, reserved 1048576K
}
Event: 18.929 GC heap before
{Heap before GC invocations=38 (full 0):
 garbage-first heap   total 138240K, used 95676K [0x0000000080000000, 0x0000000100000000)
  region size 1024K, 29 young (29696K), 2 survivors (2048K)
 Metaspace       used 56909K, capacity 58474K, committed 58752K, reserved 1099776K
  class space    used 7221K, capacity 7767K, committed 7808K, reserved 1048576K
}
Event: 18.936 GC heap after
{Heap after GC invocations=39 (full 0):
 garbage-first heap   total 138240K, used 68895K [0x0000000080000000, 0x0000000100000000)
  region size 1024K, 3 young (3072K), 3 survivors (3072K)
 Metaspace       used 56909K, capacity 58474K, committed 58752K, reserved 1099776K
  class space    used 7221K, capacity 7767K, committed 7808K, reserved 1048576K
}
Event: 20.441 GC heap before
{Heap before GC invocations=40 (full 0):
 garbage-first heap   total 138240K, used 97567K [0x0000000080000000, 0x0000000100000000)
  region size 1024K, 32 young (32768K), 3 survivors (3072K)
 Metaspace       used 60832K, capacity 62580K, committed 62720K, reserved 1103872K
  class space    used 7727K, capacity 8323K, committed 8448K, reserved 1048576K
}
Event: 20.457 GC heap after
{Heap after GC invocations=41 (full 0):
 garbage-first heap   total 138240K, used 73139K [0x0000000080000000, 0x0000000100000000)
  region size 1024K, 4 young (4096K), 4 survivors (4096K)
 Metaspace       used 60832K, capacity 62580K, committed 62720K, reserved 1103872K
  class space    used 7727K, capacity 8323K, committed 8448K, reserved 1048576K
}
Event: 20.954 GC heap before
{Heap before GC invocations=41 (full 0):
 garbage-first heap   total 138240K, used 101811K [0x0000000080000000, 0x0000000100000000)
  region size 1024K, 32 young (32768K), 4 survivors (4096K)
 Metaspace       used 63435K, capacity 65175K, committed 65280K, reserved 1105920K
  class space    used 8039K, capacity 8626K, committed 8704K, reserved 1048576K
}
Event: 20.967 GC heap after
{Heap after GC invocations=42 (full 0):
 garbage-first heap   total 165888K, used 74055K [0x0000000080000000, 0x0000000100000000)
  region size 1024K, 2 young (2048K), 2 survivors (2048K)
 Metaspace       used 63435K, capacity 65175K, committed 65280K, reserved 1105920K
  class space    used 8039K, capacity 8626K, committed 8704K, reserved 1048576K
}
Event: 21.655 GC heap before
{Heap before GC invocations=43 (full 0):
 garbage-first heap   total 165888K, used 112967K [0x0000000080000000, 0x0000000100000000)
  region size 1024K, 40 young (40960K), 2 survivors (2048K)
 Metaspace       used 64958K, capacity 66867K, committed 67072K, reserved 1107968K
  class space    used 8276K, capacity 8907K, committed 8960K, reserved 1048576K
}
Event: 21.667 GC heap after
{Heap after GC invocations=44 (full 0):
 garbage-first heap   total 165888K, used 77127K [0x0000000080000000, 0x0000000100000000)
  region size 1024K, 5 young (5120K), 5 survivors (5120K)
 Metaspace       used 64958K, capacity 66867K, committed 67072K, reserved 1107968K
  class space    used 8276K, capacity 8907K, committed 8960K, reserved 1048576K
}
Event: 23.459 GC heap before
{Heap before GC invocations=44 (full 0):
 garbage-first heap   total 165888K, used 118087K [0x0000000080000000, 0x0000000100000000)
  region size 1024K, 45 young (46080K), 5 survivors (5120K)
 Metaspace       used 69609K, capacity 71478K, committed 71680K, reserved 1112064K
  class space    used 9005K, capacity 9630K, committed 9728K, reserved 1048576K
}
Event: 23.482 GC heap after
{Heap after GC invocations=45 (full 0):
 garbage-first heap   total 165888K, used 79949K [0x0000000080000000, 0x0000000100000000)
  region size 1024K, 6 young (6144K), 6 survivors (6144K)
 Metaspace       used 69609K, capacity 71478K, committed 71680K, reserved 1112064K
  class space    used 9005K, capacity 9630K, committed 9728K, reserved 1048576K
}
Event: 24.281 GC heap before
{Heap before GC invocations=45 (full 0):
 garbage-first heap   total 165888K, used 121933K [0x0000000080000000, 0x0000000100000000)
  region size 1024K, 47 young (48128K), 6 survivors (6144K)
 Metaspace       used 70633K, capacity 72501K, committed 72832K, reserved 1112064K
  class space    used 9154K, capacity 9756K, committed 9856K, reserved 1048576K
}
Event: 24.311 GC heap after
{Heap after GC invocations=46 (full 0):
 garbage-first heap   total 165888K, used 82820K [0x0000000080000000, 0x0000000100000000)
  region size 1024K, 6 young (6144K), 6 survivors (6144K)
 Metaspace       used 70633K, capacity 72501K, committed 72832K, reserved 1112064K
  class space    used 9154K, capacity 9756K, committed 9856K, reserved 1048576K
}
Event: 26.561 GC heap before
{Heap before GC invocations=47 (full 0):
 garbage-first heap   total 165888K, used 124804K [0x0000000080000000, 0x0000000100000000)
  region size 1024K, 47 young (48128K), 6 survivors (6144K)
 Metaspace       used 74237K, capacity 76255K, committed 76416K, reserved 1116160K
  class space    used 9657K, capacity 10323K, committed 10368K, reserved 1048576K
}
Event: 26.594 GC heap after
{Heap after GC invocations=48 (full 0):
 garbage-first heap   total 199680K, used 84896K [0x0000000080000000, 0x0000000100000000)
  region size 1024K, 5 young (5120K), 5 survivors (5120K)
 Metaspace       used 74237K, capacity 76255K, committed 76416K, reserved 1116160K
  class space    used 9657K, capacity 10323K, committed 10368K, reserved 1048576K
}
Event: 28.489 GC heap before
{Heap before GC invocations=48 (full 0):
 garbage-first heap   total 199680K, used 138144K [0x0000000080000000, 0x0000000100000000)
  region size 1024K, 57 young (58368K), 5 survivors (5120K)
 Metaspace       used 76860K, capacity 78940K, committed 79232K, reserved 1118208K
  class space    used 10016K, capacity 10762K, committed 10880K, reserved 1048576K
}
Event: 28.512 GC heap after
{Heap after GC invocations=49 (full 0):
 garbage-first heap   total 199680K, used 88295K [0x0000000080000000, 0x0000000100000000)
  region size 1024K, 6 young (6144K), 6 survivors (6144K)
 Metaspace       used 76860K, capacity 78940K, committed 79232K, reserved 1118208K
  class space    used 10016K, capacity 10762K, committed 10880K, reserved 1048576K
}

Deoptimization events (20 events):
Event: 29.013 Thread 0x00000236c1fbf000 DEOPT PACKING pc=0x00000236aa4d82d4 sp=0x00000053981f6fa0
Event: 29.013 Thread 0x00000236c1fbf000 DEOPT UNPACKING pc=0x00000236a97276ce sp=0x00000053981f63d8 mode 0
Event: 29.013 Thread 0x00000236c1fbf000 DEOPT PACKING pc=0x00000236aa4d834c sp=0x00000053981f7010
Event: 29.013 Thread 0x00000236c1fbf000 DEOPT UNPACKING pc=0x00000236a97276ce sp=0x00000053981f64b0 mode 0
Event: 29.013 Thread 0x00000236c1fbf000 DEOPT PACKING pc=0x00000236aa4ebafc sp=0x00000053981f7080
Event: 29.013 Thread 0x00000236c1fbf000 DEOPT UNPACKING pc=0x00000236a97276ce sp=0x00000053981f6480 mode 0
Event: 29.089 Thread 0x00000236c1fbf000 DEOPT PACKING pc=0x00000236aa9aedfa sp=0x00000053981f7330
Event: 29.089 Thread 0x00000236c1fbf000 DEOPT UNPACKING pc=0x00000236a97276ce sp=0x00000053981f6890 mode 0
Event: 29.351 Thread 0x00000236c1fbf000 Uncommon trap: trap_request=0xffffff4d fr.pc=0x00000236b15859a8 relative=0x0000000000002d48
Event: 29.351 Thread 0x00000236c1fbf000 Uncommon trap: reason=unstable_if action=reinterpret pc=0x00000236b15859a8 method=java.util.HashMap.putVal(ILjava/lang/Object;Ljava/lang/Object;ZZ)Ljava/lang/Object; @ 109 c2
Event: 29.351 Thread 0x00000236c1fbf000 DEOPT PACKING pc=0x00000236b15859a8 sp=0x00000053981f7050
Event: 29.351 Thread 0x00000236c1fbf000 DEOPT UNPACKING pc=0x00000236a97278af sp=0x00000053981f6f20 mode 2
Event: 29.351 Thread 0x00000236c1fbf000 Uncommon trap: trap_request=0xffffff4d fr.pc=0x00000236b143e90c relative=0x000000000000070c
Event: 29.351 Thread 0x00000236c1fbf000 Uncommon trap: reason=unstable_if action=reinterpret pc=0x00000236b143e90c method=java.util.HashMap.putVal(ILjava/lang/Object;Ljava/lang/Object;ZZ)Ljava/lang/Object; @ 109 c2
Event: 29.351 Thread 0x00000236c1fbf000 DEOPT PACKING pc=0x00000236b143e90c sp=0x00000053981f6fe0
Event: 29.351 Thread 0x00000236c1fbf000 DEOPT UNPACKING pc=0x00000236a97278af sp=0x00000053981f6f10 mode 2
Event: 29.356 Thread 0x00000236c1fbf000 DEOPT PACKING pc=0x00000236aabd89ac sp=0x00000053981f6e90
Event: 29.356 Thread 0x00000236c1fbf000 DEOPT UNPACKING pc=0x00000236a97276ce sp=0x00000053981f62f8 mode 0
Event: 29.665 Thread 0x00000236c1fbf000 DEOPT PACKING pc=0x00000236aab024d0 sp=0x00000053981f6f60
Event: 29.665 Thread 0x00000236c1fbf000 DEOPT UNPACKING pc=0x00000236a97276ce sp=0x00000053981f6430 mode 0

Classes redefined (0 events):
No events

Internal exceptions (20 events):
Event: 28.178 Thread 0x00000236c1fbf000 Exception <a 'java/lang/ClassNotFoundException'{0x00000000899bbee0}: org/gradle/api/internal/project/ant/BasicAntBuilderBeanInfo> (0x00000000899bbee0) thrown at [./src/hotspot/share/classfile/systemDictionary.cpp, line 231]
Event: 28.178 Thread 0x00000236c1fbf000 Exception <a 'java/lang/ClassNotFoundException'{0x00000000899cf4d8}: org/gradle/api/AntBuilderBeanInfo> (0x00000000899cf4d8) thrown at [./src/hotspot/share/classfile/systemDictionary.cpp, line 231]
Event: 28.180 Thread 0x00000236c1fbf000 Exception <a 'java/lang/ClassNotFoundException'{0x0000000089819bc8}: groovy/util/AntBuilderBeanInfo> (0x0000000089819bc8) thrown at [./src/hotspot/share/classfile/systemDictionary.cpp, line 231]
Event: 28.182 Thread 0x00000236c1fbf000 Exception <a 'java/lang/ClassNotFoundException'{0x0000000089864978}: groovy/util/BuilderSupportBeanInfo> (0x0000000089864978) thrown at [./src/hotspot/share/classfile/systemDictionary.cpp, line 231]
Event: 28.183 Thread 0x00000236c1fbf000 Exception <a 'java/lang/ClassNotFoundException'{0x00000000898b01b0}: groovy/util/BuilderSupportCustomizer> (0x00000000898b01b0) thrown at [./src/hotspot/share/classfile/systemDictionary.cpp, line 231]
Event: 28.186 Thread 0x00000236c1fbf000 Exception <a 'java/lang/ClassNotFoundException'{0x00000000898fc938}: groovy/util/AntBuilderCustomizer> (0x00000000898fc938) thrown at [./src/hotspot/share/classfile/systemDictionary.cpp, line 231]
Event: 28.187 Thread 0x00000236c1fbf000 Exception <a 'java/lang/ClassNotFoundException'{0x0000000089716180}: org/gradle/api/AntBuilderCustomizer> (0x0000000089716180) thrown at [./src/hotspot/share/classfile/systemDictionary.cpp, line 231]
Event: 28.189 Thread 0x00000236c1fbf000 Exception <a 'java/lang/ClassNotFoundException'{0x0000000089736538}: org/gradle/api/internal/project/ant/BasicAntBuilderCustomizer> (0x0000000089736538) thrown at [./src/hotspot/share/classfile/systemDictionary.cpp, line 231]
Event: 28.190 Thread 0x00000236c1fbf000 Exception <a 'java/lang/ClassNotFoundException'{0x000000008975cb88}: org/gradle/api/internal/project/DefaultAntBuilderCustomizer> (0x000000008975cb88) thrown at [./src/hotspot/share/classfile/systemDictionary.cpp, line 231]
Event: 29.133 Thread 0x00000236c1fbf000 Exception <a 'java/lang/NoSuchMethodError'{0x000000008afbb7b8}: 'java.lang.Object java.lang.invoke.Invokers$Holder.linkToTargetMethod(java.lang.Object, int, int, java.lang.Object)'> (0x000000008afbb7b8) thrown at [./src/hotspot/share/interpreter/linkResolver.cpp, line 773]
Event: 29.144 Thread 0x00000236c1fbf000 Exception <a 'java/lang/ClassNotFoundException'{0x000000008ae608c0}: com/android/build/gradle/tasks/MergeResources_DecoratedBeanInfo> (0x000000008ae608c0) thrown at [./src/hotspot/share/classfile/systemDictionary.cpp, line 231]
Event: 29.145 Thread 0x00000236c1fbf000 Exception <a 'java/lang/ClassNotFoundException'{0x000000008ae7b110}: com/android/build/gradle/tasks/MergeResourcesBeanInfo> (0x000000008ae7b110) thrown at [./src/hotspot/share/classfile/systemDictionary.cpp, line 231]
Event: 29.146 Thread 0x00000236c1fbf000 Exception <a 'java/lang/ClassNotFoundException'{0x000000008ae97c48}: com/android/build/gradle/internal/tasks/NewIncrementalTaskBeanInfo> (0x000000008ae97c48) thrown at [./src/hotspot/share/classfile/systemDictionary.cpp, line 231]
Event: 29.147 Thread 0x00000236c1fbf000 Exception <a 'java/lang/ClassNotFoundException'{0x000000008aeb5508}: com/android/build/gradle/internal/tasks/AndroidVariantTaskBeanInfo> (0x000000008aeb5508) thrown at [./src/hotspot/share/classfile/systemDictionary.cpp, line 231]
Event: 29.148 Thread 0x00000236c1fbf000 Exception <a 'java/lang/ClassNotFoundException'{0x000000008aed1300}: com/android/build/gradle/internal/tasks/BaseTaskBeanInfo> (0x000000008aed1300) thrown at [./src/hotspot/share/classfile/systemDictionary.cpp, line 231]
Event: 29.150 Thread 0x00000236c1fbf000 Exception <a 'java/lang/ClassNotFoundException'{0x000000008aeedb90}: com/android/build/gradle/internal/tasks/BaseTaskCustomizer> (0x000000008aeedb90) thrown at [./src/hotspot/share/classfile/systemDictionary.cpp, line 231]
Event: 29.153 Thread 0x00000236c1fbf000 Exception <a 'java/lang/ClassNotFoundException'{0x000000008ad1bbb8}: com/android/build/gradle/internal/tasks/AndroidVariantTaskCustomizer> (0x000000008ad1bbb8) thrown at [./src/hotspot/share/classfile/systemDictionary.cpp, line 231]
Event: 29.154 Thread 0x00000236c1fbf000 Exception <a 'java/lang/ClassNotFoundException'{0x000000008ad46cb8}: com/android/build/gradle/internal/tasks/NewIncrementalTaskCustomizer> (0x000000008ad46cb8) thrown at [./src/hotspot/share/classfile/systemDictionary.cpp, line 231]
Event: 29.156 Thread 0x00000236c1fbf000 Exception <a 'java/lang/ClassNotFoundException'{0x000000008ad6f1e8}: com/android/build/gradle/tasks/MergeResourcesCustomizer> (0x000000008ad6f1e8) thrown at [./src/hotspot/share/classfile/systemDictionary.cpp, line 231]
Event: 29.169 Thread 0x00000236c1fbf000 Exception <a 'java/lang/ClassNotFoundException'{0x000000008adc6868}: com/android/build/gradle/tasks/MergeResources_DecoratedCustomizer> (0x000000008adc6868) thrown at [./src/hotspot/share/classfile/systemDictionary.cpp, line 231]

Events (20 events):
Event: 29.763 loading class kotlin/jvm/functions/Function3
Event: 29.763 loading class kotlin/jvm/functions/Function3 done
Event: 29.763 loading class com/android/build/gradle/internal/signing/SigningConfigDataProvider
Event: 29.763 loading class com/android/build/gradle/internal/signing/SigningConfigDataProvider done
Event: 29.764 loading class com/android/build/api/variant/impl/BuiltArtifactImpl
Event: 29.764 loading class com/android/build/api/variant/impl/BuiltArtifactImpl done
Event: 29.764 loading class com/android/ide/common/build/CommonBuiltArtifact
Event: 29.764 loading class com/android/ide/common/build/CommonBuiltArtifact done
Event: 29.765 loading class com/android/builder/files/RelativeFile
Event: 29.765 loading class com/android/builder/files/RelativeFile done
Event: 29.766 loading class com/android/builder/internal/packaging/ApkCreatorType
Event: 29.766 loading class com/android/builder/internal/packaging/ApkCreatorType done
Event: 29.774 loading class com/android/build/gradle/tasks/PackageAndroidArtifact$CreationAction
Event: 29.774 loading class com/android/build/gradle/tasks/PackageAndroidArtifact$CreationAction done
Event: 29.776 loading class com/android/build/gradle/internal/tasks/PerModuleBundleTaskKt
Event: 29.776 loading class com/android/build/gradle/internal/tasks/PerModuleBundleTaskKt done
Event: 29.777 loading class com/android/build/gradle/internal/signing/SigningConfigDataProvider$Companion
Event: 29.777 loading class com/android/build/gradle/internal/signing/SigningConfigDataProvider$Companion done
Event: 29.778 loading class com/android/build/gradle/internal/signing/SigningConfigDataProvider$Companion$create$1
Event: 29.778 loading class com/android/build/gradle/internal/signing/SigningConfigDataProvider$Companion$create$1 done


Dynamic libraries:
0x00007ff7e3010000 - 0x00007ff7e301a000 	C:\Program Files\Android\Android Studio\jre\bin\java.exe
0x00007ffd43e30000 - 0x00007ffd44025000 	C:\WINDOWS\SYSTEM32\ntdll.dll
0x00007ffd42900000 - 0x00007ffd429be000 	C:\WINDOWS\System32\KERNEL32.DLL
0x00007ffd41b00000 - 0x00007ffd41dc9000 	C:\WINDOWS\System32\KERNELBASE.dll
0x00007ffd41680000 - 0x00007ffd41780000 	C:\WINDOWS\System32\ucrtbase.dll
0x00007ffcf9470000 - 0x00007ffcf9487000 	C:\Program Files\Android\Android Studio\jre\bin\VCRUNTIME140.dll
0x00007ffd3a790000 - 0x00007ffd3a7a9000 	C:\Program Files\Android\Android Studio\jre\bin\jli.dll
0x00007ffd42ba0000 - 0x00007ffd42d41000 	C:\WINDOWS\System32\USER32.dll
0x00007ffd31160000 - 0x00007ffd313fa000 	C:\WINDOWS\WinSxS\amd64_microsoft.windows.common-controls_6595b64144ccf1df_6.0.19041.1110_none_60b5254171f9507e\COMCTL32.dll
0x00007ffd41890000 - 0x00007ffd418b2000 	C:\WINDOWS\System32\win32u.dll
0x00007ffd429d0000 - 0x00007ffd42a6e000 	C:\WINDOWS\System32\msvcrt.dll
0x00007ffd42f00000 - 0x00007ffd42f2b000 	C:\WINDOWS\System32\GDI32.dll
0x00007ffd41780000 - 0x00007ffd4188b000 	C:\WINDOWS\System32\gdi32full.dll
0x00007ffd415e0000 - 0x00007ffd4167d000 	C:\WINDOWS\System32\msvcp_win.dll
0x00007ffd42800000 - 0x00007ffd42830000 	C:\WINDOWS\System32\IMM32.DLL
0x00007ffcf9280000 - 0x00007ffcf931d000 	C:\Program Files\Android\Android Studio\jre\bin\msvcp140.dll
0x00007ffcf3880000 - 0x00007ffcf434f000 	C:\Program Files\Android\Android Studio\jre\bin\server\jvm.dll
0x00007ffd42f90000 - 0x00007ffd4303c000 	C:\WINDOWS\System32\ADVAPI32.dll
0x00007ffd43290000 - 0x00007ffd4332b000 	C:\WINDOWS\System32\sechost.dll
0x00007ffd426d0000 - 0x00007ffd427fa000 	C:\WINDOWS\System32\RPCRT4.dll
0x00007ffd429c0000 - 0x00007ffd429c8000 	C:\WINDOWS\System32\PSAPI.DLL
0x00007ffd34dc0000 - 0x00007ffd34de7000 	C:\WINDOWS\SYSTEM32\WINMM.dll
0x00007ffd35fd0000 - 0x00007ffd35fda000 	C:\WINDOWS\SYSTEM32\VERSION.dll
0x00007ffcfbdd0000 - 0x00007ffcfbdd9000 	C:\WINDOWS\SYSTEM32\WSOCK32.dll
0x00007ffd43c90000 - 0x00007ffd43cfb000 	C:\WINDOWS\System32\WS2_32.dll
0x00007ffd3f450000 - 0x00007ffd3f462000 	C:\WINDOWS\SYSTEM32\kernel.appcore.dll
0x00007ffcf9450000 - 0x00007ffcf9461000 	C:\Program Files\Android\Android Studio\jre\bin\verify.dll
0x00007ffd2dd40000 - 0x00007ffd2df24000 	C:\WINDOWS\SYSTEM32\DBGHELP.DLL
0x00007ffd2e6e0000 - 0x00007ffd2e70c000 	C:\WINDOWS\SYSTEM32\dbgcore.DLL
0x00007ffd41550000 - 0x00007ffd415d3000 	C:\WINDOWS\System32\bcryptPrimitives.dll
0x00007ffcf9420000 - 0x00007ffcf9449000 	C:\Program Files\Android\Android Studio\jre\bin\java.dll
0x00007ffcf9c80000 - 0x00007ffcf9c8b000 	C:\Program Files\Android\Android Studio\jre\bin\jimage.dll
0x00007ffcf9400000 - 0x00007ffcf9418000 	C:\Program Files\Android\Android Studio\jre\bin\zip.dll
0x00007ffd41f90000 - 0x00007ffd426cf000 	C:\WINDOWS\System32\SHELL32.dll
0x00007ffd3f650000 - 0x00007ffd3fde0000 	C:\WINDOWS\SYSTEM32\windows.storage.dll
0x00007ffd437b0000 - 0x00007ffd43b05000 	C:\WINDOWS\System32\combase.dll
0x00007ffd40fa0000 - 0x00007ffd40fcc000 	C:\WINDOWS\SYSTEM32\Wldp.dll
0x00007ffd43170000 - 0x00007ffd4321d000 	C:\WINDOWS\System32\SHCORE.dll
0x00007ffd42f30000 - 0x00007ffd42f85000 	C:\WINDOWS\System32\shlwapi.dll
0x00007ffd41490000 - 0x00007ffd414af000 	C:\WINDOWS\SYSTEM32\profapi.dll
0x00007ffcf93e0000 - 0x00007ffcf93fa000 	C:\Program Files\Android\Android Studio\jre\bin\net.dll
0x00007ffd33100000 - 0x00007ffd33208000 	C:\WINDOWS\SYSTEM32\WINHTTP.dll
0x00007ffd40d00000 - 0x00007ffd40d6a000 	C:\WINDOWS\system32\mswsock.dll
0x00007ffcf93c0000 - 0x00007ffcf93d4000 	C:\Program Files\Android\Android Studio\jre\bin\nio.dll
0x00007ffd215e0000 - 0x00007ffd21607000 	C:\Program Files\Java\jdk-17.0.1\native\8bec1ad78214c89d9ad589b4d07fe93259594b29d510b10fafb7a158f7737e5d\windows-amd64\native-platform.dll
0x00007ffd16620000 - 0x00007ffd1675d000 	C:\Program Files\Java\jdk-17.0.1\native\53dbd7edfb1c66fb8903c78663c9afc45aea4f116125fa6feffd364cf09443e8\windows-amd64\native-platform-file-events.dll
0x00007ffcf9390000 - 0x00007ffcf939a000 	C:\Program Files\Android\Android Studio\jre\bin\management.dll
0x00007ffcf9380000 - 0x00007ffcf938c000 	C:\Program Files\Android\Android Studio\jre\bin\management_ext.dll
0x00007ffd40ef0000 - 0x00007ffd40f08000 	C:\WINDOWS\SYSTEM32\CRYPTSP.dll
0x00007ffd40610000 - 0x00007ffd40644000 	C:\WINDOWS\system32\rsaenh.dll
0x00007ffd41970000 - 0x00007ffd41997000 	C:\WINDOWS\System32\bcrypt.dll
0x00007ffd41450000 - 0x00007ffd4147e000 	C:\WINDOWS\SYSTEM32\USERENV.dll
0x00007ffd40f10000 - 0x00007ffd40f1c000 	C:\WINDOWS\SYSTEM32\CRYPTBASE.dll
0x00007ffd409a0000 - 0x00007ffd409db000 	C:\WINDOWS\SYSTEM32\IPHLPAPI.DLL
0x00007ffd43220000 - 0x00007ffd43228000 	C:\WINDOWS\System32\NSI.dll
0x00007ffd390f0000 - 0x00007ffd39107000 	C:\WINDOWS\SYSTEM32\dhcpcsvc6.DLL
0x00007ffd390d0000 - 0x00007ffd390ed000 	C:\WINDOWS\SYSTEM32\dhcpcsvc.DLL
0x00007ffd409e0000 - 0x00007ffd40aac000 	C:\WINDOWS\SYSTEM32\DNSAPI.dll

dbghelp: loaded successfully - version: 4.0.5 - missing functions: none
symbol engine: initialized successfully - sym options: 0x614 - pdb path: .;C:\Program Files\Android\Android Studio\jre\bin;C:\WINDOWS\SYSTEM32;C:\WINDOWS\WinSxS\amd64_microsoft.windows.common-controls_6595b64144ccf1df_6.0.19041.1110_none_60b5254171f9507e;C:\Program Files\Android\Android Studio\jre\bin\server;C:\Program Files\Java\jdk-17.0.1\native\8bec1ad78214c89d9ad589b4d07fe93259594b29d510b10fafb7a158f7737e5d\windows-amd64;C:\Program Files\Java\jdk-17.0.1\native\53dbd7edfb1c66fb8903c78663c9afc45aea4f116125fa6feffd364cf09443e8\windows-amd64

VM Arguments:
jvm_args: --add-opens=java.base/java.util=ALL-UNNAMED --add-opens=java.base/java.lang=ALL-UNNAMED --add-opens=java.base/java.lang.invoke=ALL-UNNAMED --add-opens=java.base/java.util=ALL-UNNAMED --add-opens=java.prefs/java.util.prefs=ALL-UNNAMED --add-opens=java.prefs/java.util.prefs=ALL-UNNAMED --add-opens=java.base/java.nio.charset=ALL-UNNAMED --add-opens=java.base/java.net=ALL-UNNAMED --add-opens=java.base/java.util.concurrent.atomic=ALL-UNNAMED -Xmx2048m -Dfile.encoding=UTF-8 -Duser.country=US -Duser.language=en -Duser.variant 
java_command: org.gradle.launcher.daemon.bootstrap.GradleDaemon 7.0.2
java_class_path (initial): C:\Program Files\Java\jdk-17.0.1\wrapper\dists\gradle-7.0.2-bin\857tjihv64xamwrf0h14cai3r\gradle-7.0.2\lib\gradle-launcher-7.0.2.jar
Launcher Type: SUN_STANDARD

[Global flags]
     intx CICompilerCount                          = 3                                         {product} {ergonomic}
     uint ConcGCThreads                            = 1                                         {product} {ergonomic}
     uint G1ConcRefinementThreads                  = 4                                         {product} {ergonomic}
   size_t G1HeapRegionSize                         = 1048576                                   {product} {ergonomic}
    uintx GCDrainStackTargetSize                   = 64                                        {product} {ergonomic}
   size_t InitialHeapSize                          = 67108864                                  {product} {ergonomic}
   size_t MarkStackSize                            = 4194304                                   {product} {ergonomic}
   size_t MaxHeapSize                              = 2147483648                                {product} {command line}
   size_t MaxNewSize                               = 1287651328                                {product} {ergonomic}
   size_t MinHeapDeltaBytes                        = 1048576                                   {product} {ergonomic}
    uintx NonNMethodCodeHeapSize                   = 5830732                                {pd product} {ergonomic}
    uintx NonProfiledCodeHeapSize                  = 122913754                              {pd product} {ergonomic}
    uintx ProfiledCodeHeapSize                     = 122913754                              {pd product} {ergonomic}
    uintx ReservedCodeCacheSize                    = 251658240                              {pd product} {ergonomic}
     bool SegmentedCodeCache                       = true                                      {product} {ergonomic}
     bool UseCompressedClassPointers               = true                                 {lp64_product} {ergonomic}
     bool UseCompressedOops                        = true                                 {lp64_product} {ergonomic}
     bool UseG1GC                                  = true                                      {product} {ergonomic}
     bool UseLargePagesIndividualAllocation        = false                                  {pd product} {ergonomic}

Logging:
Log output configuration:
 #0: stdout all=warning uptime,level,tags
 #1: stderr all=off uptime,level,tags

Environment Variables:
PATH=C:\Program Files\Common Files\Oracle\Java\javapath;C:\WINDOWS\system32;C:\WINDOWS;C:\WINDOWS\System32\Wbem;C:\WINDOWS\System32\WindowsPowerShell\v1.0\;C:\WINDOWS\System32\OpenSSH\;C:\Program Files\dotnet\;C:\Program Files\Microsoft SQL Server\130\Tools\Binn\;C:\Program Files\Microsoft SQL Server\Client SDK\ODBC\170\Tools\Binn\;C:\Program Files (x86)\dotnet\;C:\Program Files\Git\cmd;C:\Users\MinhNgan\AppData\Local\Microsoft\WindowsApps
USERNAME=MinhNgan
OS=Windows_NT
PROCESSOR_IDENTIFIER=Intel64 Family 6 Model 69 Stepping 1, GenuineIntel



---------------  S Y S T E M  ---------------

OS: Windows 10 , 64 bit Build 19041 (10.0.19041.1202)
OS uptime: 0 days 0:15 hours

CPU:total 4 (initial active 4) (2 cores per cpu, 2 threads per core) family 6 model 69 stepping 1 microcode 0x25, cmov, cx8, fxsr, mmx, sse, sse2, sse3, ssse3, sse4.1, sse4.2, popcnt, avx, avx2, aes, clmul, erms, lzcnt, ht, tsc, tscinvbit, bmi1, bmi2, fma

Memory: 4k page, system-wide physical 3979M (215M free)
TotalPageFile size 6979M (AvailPageFile size 6M)
current process WorkingSet (physical memory assigned to process): 271M, peak: 291M
current process commit charge ("private bytes"): 440M, peak: 442M

vm_info: OpenJDK 64-Bit Server VM (11.0.10+0-b96-7249189) for windows-amd64 JRE (11.0.10+0-b96-7249189), built on Mar 31 2021 21:44:00 by "builder" with MS VC++ 14.0 (VS2015)

END.
