#
# There is insufficient memory for the Java Runtime Environment to continue.
# Native memory allocation (malloc) failed to allocate 32744 bytes for ChunkPool::allocate
# Possible reasons:
#   The system is out of physical RAM or swap space
#   The process is running with CompressedOops enabled, and the Java Heap may be blocking the growth of the native heap
# Possible solutions:
#   Reduce memory load on the system
#   Increase physical memory or swap space
#   Check if swap backing store is full
#   Decrease Java heap size (-Xmx/-Xms)
#   Decrease number of Java threads
#   Decrease Java thread stack sizes (-Xss)
#   Set larger code cache with -XX:ReservedCodeCacheSize=
#   JVM is running with Unscaled Compressed Oops mode in which the Java heap is
#     placed in the first 4GB address space. The Java Heap base address is the
#     maximum limit for the native heap growth. Please use -XX:HeapBaseMinAddress
#     to set the Java Heap base and to place the Java Heap above 4GB virtual address.
# This output file may be truncated or incomplete.
#
#  Out of Memory Error (./src/hotspot/share/memory/arena.cpp:81), pid=4884, tid=6992
#
# JRE version: OpenJDK Runtime Environment (11.0.10) (build 11.0.10+0-b96-7249189)
# Java VM: OpenJDK 64-Bit Server VM (11.0.10+0-b96-7249189, mixed mode, tiered, compressed oops, g1 gc, windows-amd64)
# No core dump will be written. Minidumps are not enabled by default on client versions of Windows
#

---------------  S U M M A R Y ------------

Command Line: --add-opens=java.base/java.util=ALL-UNNAMED --add-opens=java.base/java.lang=ALL-UNNAMED --add-opens=java.base/java.lang.invoke=ALL-UNNAMED --add-opens=java.base/java.util=ALL-UNNAMED --add-opens=java.prefs/java.util.prefs=ALL-UNNAMED --add-opens=java.prefs/java.util.prefs=ALL-UNNAMED --add-opens=java.base/java.nio.charset=ALL-UNNAMED --add-opens=java.base/java.net=ALL-UNNAMED --add-opens=java.base/java.util.concurrent.atomic=ALL-UNNAMED -Xmx2048m -Dfile.encoding=UTF-8 -Duser.country=US -Duser.language=en -Duser.variant org.gradle.launcher.daemon.bootstrap.GradleDaemon 7.0.2

Host: Intel(R) Core(TM) i5-4210U CPU @ 1.70GHz, 4 cores, 3G,  Windows 10 , 64 bit Build 19041 (10.0.19041.1202)
Time: Thu Nov 11 18:28:19 2021 SE Asia Standard Time elapsed time: 25.438982 seconds (0d 0h 0m 25s)

---------------  T H R E A D  ---------------

Current thread (0x00000152b5759000):  JavaThread "Execution worker for ':' Thread 3" [_thread_in_vm, id=6992, stack(0x0000001b35000000,0x0000001b35100000)]

Stack: [0x0000001b35000000,0x0000001b35100000]
Native frames: (J=compiled Java code, j=interpreted, Vv=VM code, C=native code)
V  [jvm.dll+0x5ecfaa]
V  [jvm.dll+0x722bd5]
V  [jvm.dll+0x72412d]
V  [jvm.dll+0x7247e3]
V  [jvm.dll+0x242928]
V  [jvm.dll+0xbc75b]
V  [jvm.dll+0xbca0c]
V  [jvm.dll+0x719687]
V  [jvm.dll+0x719e74]
V  [jvm.dll+0x71c0ed]
V  [jvm.dll+0x71917b]
V  [jvm.dll+0x10b0c9]
V  [jvm.dll+0x10c43a]
V  [jvm.dll+0x10bc14]
V  [jvm.dll+0x6b8e0a]
V  [jvm.dll+0x3ef132]
C  0x00000152a3722940

Java frames: (J=compiled Java code, j=interpreted, Vv=VM code)
J 54  java.lang.Object.hashCode()I java.base@11.0.10 (0 bytes) @ 0x00000152a37228a8 [0x00000152a3722840+0x0000000000000068]
J 2654 c1 java.util.HashMap.remove(Ljava/lang/Object;)Ljava/lang/Object; java.base@11.0.10 (26 bytes) @ 0x000001529c77a19c [0x000001529c77a000+0x000000000000019c]
j  sun.net.www.protocol.jar.JarFileFactory.close(Ljava/util/jar/JarFile;)V+10 java.base@11.0.10
j  sun.net.www.protocol.jar.URLJarFile.close()V+12 java.base@11.0.10
j  sun.net.www.protocol.jar.JarURLConnection$JarURLInputStream.close()V+21 java.base@11.0.10
J 9233 c1 sun.nio.cs.StreamDecoder.close()V java.base@11.0.10 (37 bytes) @ 0x000001529d3af25c [0x000001529d3aef00+0x000000000000035c]
J 9232 c1 java.io.InputStreamReader.close()V java.base@11.0.10 (8 bytes) @ 0x000001529d3aeb4c [0x000001529d3aeac0+0x000000000000008c]
J 9250 c1 java.io.BufferedReader.close()V java.base@11.0.10 (61 bytes) @ 0x000001529d3b7ef4 [0x000001529d3b7ce0+0x0000000000000214]
j  java.util.ServiceLoader$LazyClassPathLookupIterator.parse(Ljava/net/URL;)Ljava/util/Iterator;+69 java.base@11.0.10
j  java.util.ServiceLoader$LazyClassPathLookupIterator.nextProviderClass()Ljava/lang/Class;+176 java.base@11.0.10
j  java.util.ServiceLoader$LazyClassPathLookupIterator.hasNextService()Z+15 java.base@11.0.10
j  java.util.ServiceLoader$LazyClassPathLookupIterator.hasNext()Z+11 java.base@11.0.10
j  java.util.ServiceLoader$2.hasNext()Z+16 java.base@11.0.10
j  java.util.ServiceLoader$3.hasNext()Z+32 java.base@11.0.10
j  javax.xml.parsers.FactoryFinder$1.run()Ljava/lang/Object;+14 java.xml@11.0.10
v  ~StubRoutines::call_stub
J 1709  java.security.AccessController.doPrivileged(Ljava/security/PrivilegedAction;)Ljava/lang/Object; java.base@11.0.10 (0 bytes) @ 0x00000152a37d8012 [0x00000152a37d7fc0+0x0000000000000052]
j  javax.xml.parsers.FactoryFinder.findServiceProvider(Ljava/lang/Class;)Ljava/lang/Object;+8 java.xml@11.0.10
j  javax.xml.parsers.FactoryFinder.find(Ljava/lang/Class;Ljava/lang/String;)Ljava/lang/Object;+190 java.xml@11.0.10
j  javax.xml.parsers.SAXParserFactory.newInstance()Ljavax/xml/parsers/SAXParserFactory;+4 java.xml@11.0.10
j  com.android.utils.PositionXmlParser.<clinit>()V+44
v  ~StubRoutines::call_stub
j  com.android.ide.common.resources.ValueResourceParser2.parseDocument(Ljava/io/File;Z)Lorg/w3c/dom/Document;+19
j  com.android.ide.common.resources.ValueResourceParser2.parseFile()Ljava/util/List;+8
j  com.android.ide.common.resources.ResourceSet.createResourceFile(Ljava/io/File;Lcom/android/ide/common/resources/ResourceSet$FolderData;Lcom/android/utils/ILogger;)Lcom/android/ide/common/resources/ResourceFile;+272
j  com.android.ide.common.resources.ResourceSet.parseFolder(Ljava/io/File;Ljava/io/File;Lcom/android/ide/common/resources/ResourceSet$FolderData;Lcom/android/utils/ILogger;)V+69
j  com.android.ide.common.resources.ResourceSet.readSourceFolder(Ljava/io/File;Lcom/android/utils/ILogger;)V+78
j  com.android.ide.common.resources.DataSet.loadFromFiles(Lcom/android/utils/ILogger;)V+50
j  com.android.build.gradle.tasks.MergeResources.lambda$doFullTaskAction$0(Ljava/util/List;Lcom/android/ide/common/resources/ResourceMerger;)V+40
j  com.android.build.gradle.tasks.MergeResources$$Lambda$963.invoke()V+12
j  com.android.build.gradle.internal.tasks.Blocks.recordSpan(Ljava/lang/String;Lcom/google/wireless/android/sdk/stats/GradleBuildProfileSpan$ExecutionType;Lcom/android/build/gradle/internal/profile/AnalyticsService;Lcom/android/build/gradle/internal/tasks/Blocks$ThrowingBlock;)V+12
j  com.android.build.gradle.tasks.MergeResources.doFullTaskAction()V+229
j  com.android.build.gradle.tasks.MergeResources.doTaskAction(Lorg/gradle/work/InputChanges;)V+22
j  com.android.build.gradle.internal.tasks.NewIncrementalTask$taskAction$$inlined$recordTaskAction$1.invoke()V+32
j  com.android.build.gradle.internal.tasks.Blocks.recordSpan(Ljava/lang/String;Lcom/google/wireless/android/sdk/stats/GradleBuildProfileSpan$ExecutionType;Lcom/android/build/gradle/internal/profile/AnalyticsService;Lcom/android/build/gradle/internal/tasks/Blocks$ThrowingBlock;)V+12
j  com.android.build.gradle.internal.tasks.NewIncrementalTask.taskAction(Lorg/gradle/work/InputChanges;)V+47
v  ~StubRoutines::call_stub
J 2195  jdk.internal.reflect.NativeMethodAccessorImpl.invoke0(Ljava/lang/reflect/Method;Ljava/lang/Object;[Ljava/lang/Object;)Ljava/lang/Object; java.base@11.0.10 (0 bytes) @ 0x00000152a3818a3f [0x00000152a38189c0+0x000000000000007f]
J 2194 c1 jdk.internal.reflect.NativeMethodAccessorImpl.invoke(Ljava/lang/Object;[Ljava/lang/Object;)Ljava/lang/Object; java.base@11.0.10 (104 bytes) @ 0x000001529c686ca4 [0x000001529c6860c0+0x0000000000000be4]
J 1641 c1 jdk.internal.reflect.DelegatingMethodAccessorImpl.invoke(Ljava/lang/Object;[Ljava/lang/Object;)Ljava/lang/Object; java.base@11.0.10 (10 bytes) @ 0x000001529c568f3c [0x000001529c568e40+0x00000000000000fc]
J 3536 c1 org.gradle.internal.reflect.JavaMethod.invoke(Ljava/lang/Object;[Ljava/lang/Object;)Ljava/lang/Object; (74 bytes) @ 0x000001529c8ee9cc [0x000001529c8ee880+0x000000000000014c]
j  org.gradle.api.internal.project.taskfactory.IncrementalInputsTaskAction.doExecute(Lorg/gradle/api/Task;Ljava/lang/String;)V+28
j  org.gradle.api.internal.project.taskfactory.StandardTaskAction.execute(Lorg/gradle/api/Task;)V+32
j  org.gradle.api.internal.project.taskfactory.AbstractIncrementalTaskAction.execute(Lorg/gradle/api/Task;)V+2
j  org.gradle.api.internal.project.taskfactory.StandardTaskAction.execute(Ljava/lang/Object;)V+5
j  org.gradle.api.internal.tasks.execution.ExecuteActionsTaskExecuter$2.run(Lorg/gradle/internal/operations/BuildOperationContext;)V+23
J 6724 c1 org.gradle.internal.operations.DefaultBuildOperationRunner$1.execute(Lorg/gradle/internal/operations/BuildOperation;Lorg/gradle/internal/operations/BuildOperationContext;)V (10 bytes) @ 0x000001529cf1f8ac [0x000001529cf1f660+0x000000000000024c]
J 6326 c1 org.gradle.internal.operations.DefaultBuildOperationRunner$3.execute(Lorg/gradle/internal/operations/BuildOperationDescriptor;Lorg/gradle/internal/operations/BuildOperationState;Lorg/gradle/internal/operations/BuildOperationState;Lorg/gradle/internal/operations/DefaultBuildOperationRunner$ReadableBuildOperationContext;Lorg/gradle/internal/operations/DefaultBuildOperationRunner$BuildOperationExecutionListener;)Lorg/gradle/internal/operations/BuildOperation; (110 bytes) @ 0x000001529ce6e05c [0x000001529ce6dfa0+0x00000000000000bc]
J 6246 c1 org.gradle.internal.operations.DefaultBuildOperationRunner.execute(Lorg/gradle/internal/operations/BuildOperationDescriptor$Builder;Lorg/gradle/internal/operations/BuildOperationState;Lorg/gradle/internal/operations/DefaultBuildOperationRunner$BuildOperationExecution;)Ljava/lang/Object; (140 bytes) @ 0x000001529ce550ec [0x000001529ce54b60+0x000000000000058c]
J 6723 c1 org.gradle.internal.operations.DefaultBuildOperationRunner.run(Lorg/gradle/internal/operations/RunnableBuildOperation;)V (13 bytes) @ 0x000001529cf1ef44 [0x000001529cf1e940+0x0000000000000604]
J 6530 c1 org.gradle.internal.operations.DefaultBuildOperationExecutor.run(Lorg/gradle/internal/operations/RunnableBuildOperation;)V (19 bytes) @ 0x000001529cecb594 [0x000001529cecb3a0+0x00000000000001f4]
j  org.gradle.api.internal.tasks.execution.ExecuteActionsTaskExecuter.executeAction(Ljava/lang/String;Lorg/gradle/api/internal/TaskInternal;Lorg/gradle/api/internal/tasks/InputChangesAwareTaskAction;Lorg/gradle/internal/execution/history/changes/InputChangesInternal;Z)V+30
j  org.gradle.api.internal.tasks.execution.ExecuteActionsTaskExecuter.executeActions(Lorg/gradle/api/internal/TaskInternal;Lorg/gradle/internal/execution/history/changes/InputChangesInternal;)V+131
j  org.gradle.api.internal.tasks.execution.ExecuteActionsTaskExecuter.access$300(Lorg/gradle/api/internal/tasks/execution/ExecuteActionsTaskExecuter;Lorg/gradle/api/internal/TaskInternal;Lorg/gradle/internal/execution/history/changes/InputChangesInternal;)V+3
j  org.gradle.api.internal.tasks.execution.ExecuteActionsTaskExecuter$TaskExecution.executeWithPreviousOutputFiles(Lorg/gradle/internal/execution/history/changes/InputChangesInternal;)Lorg/gradle/internal/execution/UnitOfWork$WorkResult;+52
j  org.gradle.api.internal.tasks.execution.ExecuteActionsTaskExecuter$TaskExecution.execute(Lorg/gradle/internal/execution/UnitOfWork$ExecutionRequest;)Lorg/gradle/internal/execution/UnitOfWork$WorkOutput;+70
j  org.gradle.internal.execution.steps.ExecuteStep.executeInternal(Lorg/gradle/internal/execution/UnitOfWork;Lorg/gradle/internal/execution/steps/InputChangesContext;)Lorg/gradle/internal/execution/steps/Result;+11
j  org.gradle.internal.execution.steps.ExecuteStep.access$000(Lorg/gradle/internal/execution/UnitOfWork;Lorg/gradle/internal/execution/steps/InputChangesContext;)Lorg/gradle/internal/execution/steps/Result;+2
j  org.gradle.internal.execution.steps.ExecuteStep$1.call(Lorg/gradle/internal/operations/BuildOperationContext;)Lorg/gradle/internal/execution/steps/Result;+8
j  org.gradle.internal.execution.steps.ExecuteStep$1.call(Lorg/gradle/internal/operations/BuildOperationContext;)Ljava/lang/Object;+2
J 8779 c1 org.gradle.internal.operations.DefaultBuildOperationRunner$CallableBuildOperationWorker.execute(Lorg/gradle/internal/operations/BuildOperation;Lorg/gradle/internal/operations/BuildOperationContext;)V (10 bytes) @ 0x000001529d2ae734 [0x000001529d2ae4e0+0x0000000000000254]
J 6326 c1 org.gradle.internal.operations.DefaultBuildOperationRunner$3.execute(Lorg/gradle/internal/operations/BuildOperationDescriptor;Lorg/gradle/internal/operations/BuildOperationState;Lorg/gradle/internal/operations/BuildOperationState;Lorg/gradle/internal/operations/DefaultBuildOperationRunner$ReadableBuildOperationContext;Lorg/gradle/internal/operations/DefaultBuildOperationRunner$BuildOperationExecutionListener;)Lorg/gradle/internal/operations/BuildOperation; (110 bytes) @ 0x000001529ce6e05c [0x000001529ce6dfa0+0x00000000000000bc]
J 6246 c1 org.gradle.internal.operations.DefaultBuildOperationRunner.execute(Lorg/gradle/internal/operations/BuildOperationDescriptor$Builder;Lorg/gradle/internal/operations/BuildOperationState;Lorg/gradle/internal/operations/DefaultBuildOperationRunner$BuildOperationExecution;)Ljava/lang/Object; (140 bytes) @ 0x000001529ce550ec [0x000001529ce54b60+0x000000000000058c]
J 8776 c1 org.gradle.internal.operations.DefaultBuildOperationRunner.call(Lorg/gradle/internal/operations/CallableBuildOperation;)Ljava/lang/Object; (24 bytes) @ 0x000001529d2ad3dc [0x000001529d2acce0+0x00000000000006fc]
J 6378 c1 org.gradle.internal.operations.DefaultBuildOperationExecutor.call(Lorg/gradle/internal/operations/CallableBuildOperation;)Ljava/lang/Object; (19 bytes) @ 0x000001529ce83094 [0x000001529ce82ea0+0x00000000000001f4]
j  org.gradle.internal.execution.steps.ExecuteStep.execute(Lorg/gradle/internal/execution/UnitOfWork;Lorg/gradle/internal/execution/steps/InputChangesContext;)Lorg/gradle/internal/execution/steps/Result;+14
j  org.gradle.internal.execution.steps.ExecuteStep.execute(Lorg/gradle/internal/execution/UnitOfWork;Lorg/gradle/internal/execution/steps/Context;)Lorg/gradle/internal/execution/steps/Result;+6
j  org.gradle.internal.execution.steps.RemovePreviousOutputsStep.execute(Lorg/gradle/internal/execution/UnitOfWork;Lorg/gradle/internal/execution/steps/InputChangesContext;)Lorg/gradle/internal/execution/steps/Result;+61
j  org.gradle.internal.execution.steps.RemovePreviousOutputsStep.execute(Lorg/gradle/internal/execution/UnitOfWork;Lorg/gradle/internal/execution/steps/Context;)Lorg/gradle/internal/execution/steps/Result;+6
j  org.gradle.internal.execution.steps.ResolveInputChangesStep.execute(Lorg/gradle/internal/execution/UnitOfWork;Lorg/gradle/internal/execution/steps/IncrementalChangesContext;)Lorg/gradle/internal/execution/steps/Result;+43
j  org.gradle.internal.execution.steps.ResolveInputChangesStep.execute(Lorg/gradle/internal/execution/UnitOfWork;Lorg/gradle/internal/execution/steps/Context;)Lorg/gradle/internal/execution/steps/Result;+6
j  org.gradle.internal.execution.steps.CancelExecutionStep.execute(Lorg/gradle/internal/execution/UnitOfWork;Lorg/gradle/internal/execution/steps/Context;)Lorg/gradle/internal/execution/steps/Result;+35
j  org.gradle.internal.execution.steps.TimeoutStep.executeWithoutTimeout(Lorg/gradle/internal/execution/UnitOfWork;Lorg/gradle/internal/execution/steps/Context;)Lorg/gradle/internal/execution/steps/Result;+6
j  org.gradle.internal.execution.steps.TimeoutStep.execute(Lorg/gradle/internal/execution/UnitOfWork;Lorg/gradle/internal/execution/steps/Context;)Lorg/gradle/internal/execution/steps/Result;+92
j  org.gradle.internal.execution.steps.CreateOutputsStep.execute(Lorg/gradle/internal/execution/UnitOfWork;Lorg/gradle/internal/execution/steps/WorkspaceContext;)Lorg/gradle/internal/execution/steps/Result;+26
j  org.gradle.internal.execution.steps.CreateOutputsStep.execute(Lorg/gradle/internal/execution/UnitOfWork;Lorg/gradle/internal/execution/steps/Context;)Lorg/gradle/internal/execution/steps/Result;+6
j  org.gradle.internal.execution.steps.CaptureStateAfterExecutionStep.execute(Lorg/gradle/internal/execution/UnitOfWork;Lorg/gradle/internal/execution/steps/BeforeExecutionContext;)Lorg/gradle/internal/execution/steps/CurrentSnapshotResult;+6
j  org.gradle.internal.execution.steps.CaptureStateAfterExecutionStep.execute(Lorg/gradle/internal/execution/UnitOfWork;Lorg/gradle/internal/execution/steps/Context;)Lorg/gradle/internal/execution/steps/Result;+6
j  org.gradle.internal.execution.steps.BroadcastChangingOutputsStep.execute(Lorg/gradle/internal/execution/UnitOfWork;Lorg/gradle/internal/execution/steps/WorkspaceContext;)Lorg/gradle/internal/execution/steps/Result;+44
j  org.gradle.internal.execution.steps.BroadcastChangingOutputsStep.execute(Lorg/gradle/internal/execution/UnitOfWork;Lorg/gradle/internal/execution/steps/Context;)Lorg/gradle/internal/execution/steps/Result;+6
j  org.gradle.internal.execution.steps.BuildCacheStep.executeWithoutCache(Lorg/gradle/internal/execution/UnitOfWork;Lorg/gradle/internal/execution/steps/IncrementalChangesContext;)Lorg/gradle/internal/execution/steps/CurrentSnapshotResult;+6
j  org.gradle.internal.execution.steps.BuildCacheStep.execute(Lorg/gradle/internal/execution/UnitOfWork;Lorg/gradle/internal/execution/steps/IncrementalChangesContext;)Lorg/gradle/internal/execution/steps/CurrentSnapshotResult;+43
j  org.gradle.internal.execution.steps.BuildCacheStep.execute(Lorg/gradle/internal/execution/UnitOfWork;Lorg/gradle/internal/execution/steps/Context;)Lorg/gradle/internal/execution/steps/Result;+6
j  org.gradle.internal.execution.steps.StoreExecutionStateStep.execute(Lorg/gradle/internal/execution/UnitOfWork;Lorg/gradle/internal/execution/steps/BeforeExecutionContext;)Lorg/gradle/internal/execution/steps/CurrentSnapshotResult;+6
j  org.gradle.internal.execution.steps.StoreExecutionStateStep.execute(Lorg/gradle/internal/execution/UnitOfWork;Lorg/gradle/internal/execution/steps/Context;)Lorg/gradle/internal/execution/steps/Result;+6
j  org.gradle.internal.execution.steps.RecordOutputsStep.execute(Lorg/gradle/internal/execution/UnitOfWork;Lorg/gradle/internal/execution/steps/Context;)Lorg/gradle/internal/execution/steps/CurrentSnapshotResult;+6
j  org.gradle.internal.execution.steps.RecordOutputsStep.execute(Lorg/gradle/internal/execution/UnitOfWork;Lorg/gradle/internal/execution/steps/Context;)Lorg/gradle/internal/execution/steps/Result;+3
j  org.gradle.internal.execution.steps.SkipUpToDateStep.executeBecause(Lorg/gradle/internal/execution/UnitOfWork;Lcom/google/common/collect/ImmutableList;Lorg/gradle/internal/execution/steps/IncrementalChangesContext;)Lorg/gradle/internal/execution/steps/UpToDateResult;+12
j  org.gradle.internal.execution.steps.SkipUpToDateStep.lambda$execute$0(Lorg/gradle/internal/execution/UnitOfWork;Lorg/gradle/internal/execution/steps/IncrementalChangesContext;Lorg/gradle/internal/execution/history/changes/ExecutionStateChanges;)Lorg/gradle/internal/execution/steps/UpToDateResult;+75
j  org.gradle.internal.execution.steps.SkipUpToDateStep$$Lambda$875.apply(Ljava/lang/Object;)Ljava/lang/Object;+16
J 4701 c1 java.util.Optional.map(Ljava/util/function/Function;)Ljava/util/Optional; java.base@11.0.10 (30 bytes) @ 0x000001529cadd9ac [0x000001529cadd760+0x000000000000024c]
j  org.gradle.internal.execution.steps.SkipUpToDateStep.execute(Lorg/gradle/internal/execution/UnitOfWork;Lorg/gradle/internal/execution/steps/IncrementalChangesContext;)Lorg/gradle/internal/execution/steps/UpToDateResult;+41
j  org.gradle.internal.execution.steps.SkipUpToDateStep.execute(Lorg/gradle/internal/execution/UnitOfWork;Lorg/gradle/internal/execution/steps/Context;)Lorg/gradle/internal/execution/steps/Result;+6
j  org.gradle.internal.execution.steps.ResolveChangesStep.execute(Lorg/gradle/internal/execution/UnitOfWork;Lorg/gradle/internal/execution/steps/CachingContext;)Lorg/gradle/internal/execution/steps/Result;+57
j  org.gradle.internal.execution.steps.ResolveChangesStep.execute(Lorg/gradle/internal/execution/UnitOfWork;Lorg/gradle/internal/execution/steps/Context;)Lorg/gradle/internal/execution/steps/Result;+6
J 9300 c1 org.gradle.internal.execution.steps.legacy.MarkSnapshottingInputsFinishedStep.execute(Lorg/gradle/internal/execution/UnitOfWork;Lorg/gradle/internal/execution/steps/Context;)Lorg/gradle/internal/execution/steps/Result; (10 bytes) @ 0x000001529d3cd6bc [0x000001529d3cd300+0x00000000000003bc]
j  org.gradle.internal.execution.steps.ResolveCachingStateStep.execute(Lorg/gradle/internal/execution/UnitOfWork;Lorg/gradle/internal/execution/steps/BeforeExecutionContext;)Lorg/gradle/internal/execution/steps/CachingResult;+133
j  org.gradle.internal.execution.steps.ResolveCachingStateStep.execute(Lorg/gradle/internal/execution/UnitOfWork;Lorg/gradle/internal/execution/steps/Context;)Lorg/gradle/internal/execution/steps/Result;+6
j  org.gradle.internal.execution.steps.CaptureStateBeforeExecutionStep.execute(Lorg/gradle/internal/execution/UnitOfWork;Lorg/gradle/internal/execution/steps/ValidationContext;)Lorg/gradle/internal/execution/steps/CachingResult;+33
j  org.gradle.internal.execution.steps.CaptureStateBeforeExecutionStep.execute(Lorg/gradle/internal/execution/UnitOfWork;Lorg/gradle/internal/execution/steps/Context;)Lorg/gradle/internal/execution/steps/Result;+6
j  org.gradle.internal.execution.steps.ValidateStep.execute(Lorg/gradle/internal/execution/UnitOfWork;Lorg/gradle/internal/execution/steps/AfterPreviousExecutionContext;)Lorg/gradle/internal/execution/steps/Result;+215
J 9293 c1 org.gradle.internal.execution.steps.ValidateStep.execute(Lorg/gradle/internal/execution/UnitOfWork;Lorg/gradle/internal/execution/steps/Context;)Lorg/gradle/internal/execution/steps/Result; (10 bytes) @ 0x000001529d3cb45c [0x000001529d3cb2e0+0x000000000000017c]
J 9281 c1 org.gradle.internal.execution.steps.SkipEmptyWorkStep$$Lambda$772.get()Ljava/lang/Object; (16 bytes) @ 0x000001529d3c66b4 [0x000001529d3c6560+0x0000000000000154]
J 4718 c1 java.util.Optional.orElseGet(Ljava/util/function/Supplier;)Ljava/lang/Object; java.base@11.0.10 (21 bytes) @ 0x000001529caebc2c [0x000001529caebae0+0x000000000000014c]
j  org.gradle.internal.execution.steps.SkipEmptyWorkStep.execute(Lorg/gradle/internal/execution/UnitOfWork;Lorg/gradle/internal/execution/steps/AfterPreviousExecutionContext;)Lorg/gradle/internal/execution/steps/CachingResult;+60
j  org.gradle.internal.execution.steps.SkipEmptyWorkStep.execute(Lorg/gradle/internal/execution/UnitOfWork;Lorg/gradle/internal/execution/steps/Context;)Lorg/gradle/internal/execution/steps/Result;+6
j  org.gradle.internal.execution.steps.legacy.MarkSnapshottingInputsStartedStep.execute(Lorg/gradle/internal/execution/UnitOfWork;Lorg/gradle/internal/execution/steps/Context;)Lorg/gradle/internal/execution/steps/Result;+12
j  org.gradle.internal.execution.steps.LoadExecutionStateStep.execute(Lorg/gradle/internal/execution/UnitOfWork;Lorg/gradle/internal/execution/steps/WorkspaceContext;)Lorg/gradle/internal/execution/steps/Result;+40
j  org.gradle.internal.execution.steps.LoadExecutionStateStep.execute(Lorg/gradle/internal/execution/UnitOfWork;Lorg/gradle/internal/execution/steps/Context;)Lorg/gradle/internal/execution/steps/Result;+6
J 9273 c1 org.gradle.internal.execution.steps.AssignWorkspaceStep$$Lambda$763.executeInWorkspace(Ljava/io/File;Lorg/gradle/internal/execution/history/ExecutionHistoryStore;)Ljava/lang/Object; (18 bytes) @ 0x000001529d3c1dc4 [0x000001529d3c1b00+0x00000000000002c4]
j  org.gradle.api.internal.tasks.execution.ExecuteActionsTaskExecuter$TaskExecution$2.withWorkspace(Ljava/lang/String;Lorg/gradle/internal/execution/workspace/WorkspaceProvider$WorkspaceAction;)Ljava/lang/Object;+31
j  org.gradle.internal.execution.steps.AssignWorkspaceStep.execute(Lorg/gradle/internal/execution/UnitOfWork;Lorg/gradle/internal/execution/steps/IdentityContext;)Lorg/gradle/internal/execution/steps/Result;+27
j  org.gradle.internal.execution.steps.AssignWorkspaceStep.execute(Lorg/gradle/internal/execution/UnitOfWork;Lorg/gradle/internal/execution/steps/Context;)Lorg/gradle/internal/execution/steps/Result;+6
J 9263 c1 org.gradle.internal.execution.steps.IdentityCacheStep.execute(Lorg/gradle/internal/execution/UnitOfWork;Lorg/gradle/internal/execution/steps/IdentityContext;)Lorg/gradle/internal/execution/steps/Result; (12 bytes) @ 0x000001529d3bed3c [0x000001529d3bec40+0x00000000000000fc]
j  org.gradle.internal.execution.steps.IdentityCacheStep.execute(Lorg/gradle/internal/execution/UnitOfWork;Lorg/gradle/internal/execution/steps/Context;)Lorg/gradle/internal/execution/steps/Result;+6
j  org.gradle.internal.execution.steps.IdentifyStep.execute(Lorg/gradle/internal/execution/UnitOfWork;Lorg/gradle/internal/execution/steps/ExecutionRequestContext;)Lorg/gradle/internal/execution/steps/Result;+11
j  org.gradle.internal.execution.steps.IdentifyStep.execute(Lorg/gradle/internal/execution/UnitOfWork;Lorg/gradle/internal/execution/steps/Context;)Lorg/gradle/internal/execution/steps/Result;+6
j  org.gradle.internal.execution.impl.DefaultExecutionEngine$1.execute()Lorg/gradle/internal/execution/ExecutionEngine$Result;+15
j  org.gradle.api.internal.tasks.execution.ExecuteActionsTaskExecuter.executeIfValid(Lorg/gradle/api/internal/TaskInternal;Lorg/gradle/api/internal/tasks/TaskStateInternal;Lorg/gradle/api/internal/tasks/TaskExecutionContext;Lorg/gradle/api/internal/tasks/execution/ExecuteActionsTaskExecuter$TaskExecution;)Lorg/gradle/api/internal/tasks/TaskExecuterResult;+52
j  org.gradle.api.internal.tasks.execution.ExecuteActionsTaskExecuter.execute(Lorg/gradle/api/internal/TaskInternal;Lorg/gradle/api/internal/tasks/TaskStateInternal;Lorg/gradle/api/internal/tasks/TaskExecutionContext;)Lorg/gradle/api/internal/tasks/TaskExecuterResult;+30
j  org.gradle.api.internal.tasks.execution.CleanupStaleOutputsExecuter.execute(Lorg/gradle/api/internal/TaskInternal;Lorg/gradle/api/internal/tasks/TaskStateInternal;Lorg/gradle/api/internal/tasks/TaskExecutionContext;)Lorg/gradle/api/internal/tasks/TaskExecuterResult;+216
j  org.gradle.api.internal.tasks.execution.FinalizePropertiesTaskExecuter.execute(Lorg/gradle/api/internal/TaskInternal;Lorg/gradle/api/internal/tasks/TaskStateInternal;Lorg/gradle/api/internal/tasks/TaskExecutionContext;)Lorg/gradle/api/internal/tasks/TaskExecuterResult;+61
j  org.gradle.api.internal.tasks.execution.ResolveTaskExecutionModeExecuter.execute(Lorg/gradle/api/internal/TaskInternal;Lorg/gradle/api/internal/tasks/TaskStateInternal;Lorg/gradle/api/internal/tasks/TaskExecutionContext;)Lorg/gradle/api/internal/tasks/TaskExecuterResult;+56
j  org.gradle.api.internal.tasks.execution.SkipTaskWithNoActionsExecuter.execute(Lorg/gradle/api/internal/TaskInternal;Lorg/gradle/api/internal/tasks/TaskStateInternal;Lorg/gradle/api/internal/tasks/TaskExecutionContext;)Lorg/gradle/api/internal/tasks/TaskExecuterResult;+120
j  org.gradle.api.internal.tasks.execution.SkipOnlyIfTaskExecuter.execute(Lorg/gradle/api/internal/TaskInternal;Lorg/gradle/api/internal/tasks/TaskStateInternal;Lorg/gradle/api/internal/tasks/TaskExecutionContext;)Lorg/gradle/api/internal/tasks/TaskExecuterResult;+91
j  org.gradle.api.internal.tasks.execution.CatchExceptionTaskExecuter.execute(Lorg/gradle/api/internal/TaskInternal;Lorg/gradle/api/internal/tasks/TaskStateInternal;Lorg/gradle/api/internal/tasks/TaskExecutionContext;)Lorg/gradle/api/internal/tasks/TaskExecuterResult;+7
j  org.gradle.api.internal.tasks.execution.EventFiringTaskExecuter$1.executeTask(Lorg/gradle/internal/operations/BuildOperationContext;)Lorg/gradle/api/internal/tasks/TaskExecuterResult;+136
j  org.gradle.api.internal.tasks.execution.EventFiringTaskExecuter$1.call(Lorg/gradle/internal/operations/BuildOperationContext;)Lorg/gradle/api/internal/tasks/TaskExecuterResult;+2
j  org.gradle.api.internal.tasks.execution.EventFiringTaskExecuter$1.call(Lorg/gradle/internal/operations/BuildOperationContext;)Ljava/lang/Object;+2
J 8779 c1 org.gradle.internal.operations.DefaultBuildOperationRunner$CallableBuildOperationWorker.execute(Lorg/gradle/internal/operations/BuildOperation;Lorg/gradle/internal/operations/BuildOperationContext;)V (10 bytes) @ 0x000001529d2ae734 [0x000001529d2ae4e0+0x0000000000000254]
J 6326 c1 org.gradle.internal.operations.DefaultBuildOperationRunner$3.execute(Lorg/gradle/internal/operations/BuildOperationDescriptor;Lorg/gradle/internal/operations/BuildOperationState;Lorg/gradle/internal/operations/BuildOperationState;Lorg/gradle/internal/operations/DefaultBuildOperationRunner$ReadableBuildOperationContext;Lorg/gradle/internal/operations/DefaultBuildOperationRunner$BuildOperationExecutionListener;)Lorg/gradle/internal/operations/BuildOperation; (110 bytes) @ 0x000001529ce6e05c [0x000001529ce6dfa0+0x00000000000000bc]
J 6246 c1 org.gradle.internal.operations.DefaultBuildOperationRunner.execute(Lorg/gradle/internal/operations/BuildOperationDescriptor$Builder;Lorg/gradle/internal/operations/BuildOperationState;Lorg/gradle/internal/operations/DefaultBuildOperationRunner$BuildOperationExecution;)Ljava/lang/Object; (140 bytes) @ 0x000001529ce550ec [0x000001529ce54b60+0x000000000000058c]
J 8776 c1 org.gradle.internal.operations.DefaultBuildOperationRunner.call(Lorg/gradle/internal/operations/CallableBuildOperation;)Ljava/lang/Object; (24 bytes) @ 0x000001529d2ad3dc [0x000001529d2acce0+0x00000000000006fc]
J 6378 c1 org.gradle.internal.operations.DefaultBuildOperationExecutor.call(Lorg/gradle/internal/operations/CallableBuildOperation;)Ljava/lang/Object; (19 bytes) @ 0x000001529ce83094 [0x000001529ce82ea0+0x00000000000001f4]
j  org.gradle.api.internal.tasks.execution.EventFiringTaskExecuter.execute(Lorg/gradle/api/internal/TaskInternal;Lorg/gradle/api/internal/tasks/TaskStateInternal;Lorg/gradle/api/internal/tasks/TaskExecutionContext;)Lorg/gradle/api/internal/tasks/TaskExecuterResult;+15
j  org.gradle.execution.plan.LocalTaskNodeExecutor.execute(Lorg/gradle/execution/plan/Node;Lorg/gradle/api/internal/tasks/NodeExecutionContext;)Z+98
j  org.gradle.execution.taskgraph.DefaultTaskExecutionGraph$InvokeNodeExecutorsAction.execute(Lorg/gradle/execution/plan/Node;)V+46
j  org.gradle.execution.taskgraph.DefaultTaskExecutionGraph$InvokeNodeExecutorsAction.execute(Ljava/lang/Object;)V+5
j  org.gradle.execution.taskgraph.DefaultTaskExecutionGraph$BuildOperationAwareExecutionAction.execute(Lorg/gradle/execution/plan/Node;)V+22
j  org.gradle.execution.taskgraph.DefaultTaskExecutionGraph$BuildOperationAwareExecutionAction.execute(Ljava/lang/Object;)V+5
j  org.gradle.execution.plan.DefaultPlanExecutor$ExecutorWorker.lambda$run$0(Lorg/gradle/internal/time/Timer;Ljava/util/concurrent/atomic/AtomicLong;Lorg/gradle/execution/plan/Node;)V+25
j  org.gradle.execution.plan.DefaultPlanExecutor$ExecutorWorker$$Lambda$726.execute(Ljava/lang/Object;)V+16
j  org.gradle.execution.plan.DefaultPlanExecutor$ExecutorWorker.execute(Lorg/gradle/execution/plan/Node;Lorg/gradle/internal/work/WorkerLeaseRegistry$WorkerLease;Lorg/gradle/api/Action;)V+9
j  org.gradle.execution.plan.DefaultPlanExecutor$ExecutorWorker.executeNextNode(Lorg/gradle/internal/work/WorkerLeaseRegistry$WorkerLease;Lorg/gradle/api/Action;)Z+52
j  org.gradle.execution.plan.DefaultPlanExecutor$ExecutorWorker.run()V+39
J 4638 c1 org.gradle.internal.concurrent.ExecutorPolicy$CatchAndRecordFailures.onExecute(Ljava/lang/Runnable;)V (29 bytes) @ 0x000001529cabd24c [0x000001529cabd140+0x000000000000010c]
j  org.gradle.internal.concurrent.ManagedExecutorImpl$1.run()V+25
j  java.util.concurrent.ThreadPoolExecutor.runWorker(Ljava/util/concurrent/ThreadPoolExecutor$Worker;)V+92 java.base@11.0.10
j  java.util.concurrent.ThreadPoolExecutor$Worker.run()V+5 java.base@11.0.10
j  org.gradle.internal.concurrent.ThreadFactoryImpl$ManagedThreadRunnable.run()V+7
j  java.lang.Thread.run()V+11 java.base@11.0.10
v  ~StubRoutines::call_stub

---------------  P R O C E S S  ---------------

Threads class SMR info:
_java_thread_list=0x00000152bb2a5d40, length=47, elements={
0x000001529816b800, 0x00000152b2446000, 0x00000152b2447800, 0x00000152b24a1800,
0x00000152b24a4800, 0x00000152b24a7800, 0x00000152b24aa800, 0x00000152b2e08800,
0x00000152b2e17000, 0x00000152b2f1b000, 0x00000152b4891000, 0x00000152b4c83800,
0x00000152b4942000, 0x00000152b4637800, 0x00000152b40ad800, 0x00000152b3bba800,
0x00000152b473e800, 0x00000152b3d68800, 0x00000152b4692000, 0x00000152b4ef7000,
0x00000152b4ef2800, 0x00000152b4ef4800, 0x00000152b4ef6800, 0x00000152b4ef9000,
0x00000152b4ef5800, 0x00000152b4ef8000, 0x00000152b4ef4000, 0x00000152b4ef3000,
0x00000152b729b000, 0x00000152b729f800, 0x00000152b729e000, 0x00000152b729d800,
0x00000152b729f000, 0x00000152b72a2000, 0x00000152b72a0800, 0x00000152b72a4000,
0x00000152b72a3000, 0x00000152b72a4800, 0x00000152b72a6800, 0x00000152b72a7000,
0x00000152b72a1800, 0x00000152b72a8000, 0x00000152b72a8800, 0x00000152b5758000,
0x00000152b5752800, 0x00000152b5759000, 0x00000152b5753000
}

Java Threads: ( => current thread )
  0x000001529816b800 JavaThread "main" [_thread_blocked, id=9972, stack(0x0000001b31900000,0x0000001b31a00000)]
  0x00000152b2446000 JavaThread "Reference Handler" daemon [_thread_blocked, id=5176, stack(0x0000001b32000000,0x0000001b32100000)]
  0x00000152b2447800 JavaThread "Finalizer" daemon [_thread_blocked, id=4584, stack(0x0000001b32100000,0x0000001b32200000)]
  0x00000152b24a1800 JavaThread "Signal Dispatcher" daemon [_thread_blocked, id=8828, stack(0x0000001b32200000,0x0000001b32300000)]
  0x00000152b24a4800 JavaThread "Attach Listener" daemon [_thread_blocked, id=6232, stack(0x0000001b32300000,0x0000001b32400000)]
  0x00000152b24a7800 JavaThread "Service Thread" daemon [_thread_blocked, id=8604, stack(0x0000001b32400000,0x0000001b32500000)]
  0x00000152b24aa800 JavaThread "C2 CompilerThread0" daemon [_thread_in_native, id=5244, stack(0x0000001b32500000,0x0000001b32600000)]
  0x00000152b2e08800 JavaThread "C1 CompilerThread0" daemon [_thread_blocked, id=9860, stack(0x0000001b32600000,0x0000001b32700000)]
  0x00000152b2e17000 JavaThread "Sweeper thread" daemon [_thread_blocked, id=11152, stack(0x0000001b32700000,0x0000001b32800000)]
  0x00000152b2f1b000 JavaThread "Common-Cleaner" daemon [_thread_blocked, id=6252, stack(0x0000001b32800000,0x0000001b32900000)]
  0x00000152b4891000 JavaThread "Daemon health stats" [_thread_blocked, id=8184, stack(0x0000001b32b00000,0x0000001b32c00000)]
  0x00000152b4c83800 JavaThread "Incoming local TCP Connector on port 49920" [_thread_in_native, id=5672, stack(0x0000001b32c00000,0x0000001b32d00000)]
  0x00000152b4942000 JavaThread "Daemon periodic checks" [_thread_blocked, id=5676, stack(0x0000001b32d00000,0x0000001b32e00000)]
  0x00000152b4637800 JavaThread "Daemon" [_thread_blocked, id=9708, stack(0x0000001b32e00000,0x0000001b32f00000)]
  0x00000152b40ad800 JavaThread "Handler for socket connection from /127.0.0.1:49920 to /127.0.0.1:49921" [_thread_in_native, id=10400, stack(0x0000001b32f00000,0x0000001b33000000)]
  0x00000152b3bba800 JavaThread "Cancel handler" [_thread_blocked, id=10068, stack(0x0000001b33000000,0x0000001b33100000)]
  0x00000152b473e800 JavaThread "Daemon worker" [_thread_blocked, id=7204, stack(0x0000001b33300000,0x0000001b33400000)]
  0x00000152b3d68800 JavaThread "Asynchronous log dispatcher for DefaultDaemonConnection: socket connection from /127.0.0.1:49920 to /127.0.0.1:49921" [_thread_blocked, id=2944, stack(0x0000001b33400000,0x0000001b33500000)]
  0x00000152b4692000 JavaThread "Stdin handler" [_thread_blocked, id=5084, stack(0x0000001b33500000,0x0000001b33600000)]
  0x00000152b4ef7000 JavaThread "Daemon client event forwarder" [_thread_blocked, id=10548, stack(0x0000001b33600000,0x0000001b33700000)]
  0x00000152b4ef2800 JavaThread "Cache worker for file hash cache (C:\Program Files\Java\jdk-17.0.1\caches\7.0.2\fileHashes)" [_thread_blocked, id=4556, stack(0x0000001b33700000,0x0000001b33800000)]
  0x00000152b4ef4800 JavaThread "File lock request listener" [_thread_in_native, id=10200, stack(0x0000001b33800000,0x0000001b33900000)]
  0x00000152b4ef6800 JavaThread "Cache worker for journal cache (C:\Program Files\Java\jdk-17.0.1\caches\journal-1)" [_thread_blocked, id=7896, stack(0x0000001b33900000,0x0000001b33a00000)]
  0x00000152b4ef9000 JavaThread "Cache worker for file hash cache (C:\Users\MinhNgan\AndroidStudioProjects\Android_hepat\.gradle\7.0.2\fileHashes)" [_thread_blocked, id=9140, stack(0x0000001b33a00000,0x0000001b33b00000)]
  0x00000152b4ef5800 JavaThread "File watcher server" daemon [_thread_in_native, id=10248, stack(0x0000001b33b00000,0x0000001b33c00000)]
  0x00000152b4ef8000 JavaThread "File watcher consumer" daemon [_thread_blocked, id=10492, stack(0x0000001b33c00000,0x0000001b33d00000)]
  0x00000152b4ef4000 JavaThread "Cache worker for checksums cache (C:\Users\MinhNgan\AndroidStudioProjects\Android_hepat\.gradle\checksums)" [_thread_blocked, id=7188, stack(0x0000001b33d00000,0x0000001b33e00000)]
  0x00000152b4ef3000 JavaThread "Cache worker for cache directory md-supplier (C:\Program Files\Java\jdk-17.0.1\caches\7.0.2\md-supplier)" [_thread_blocked, id=8528, stack(0x0000001b33e00000,0x0000001b33f00000)]
  0x00000152b729b000 JavaThread "Cache worker for cache directory md-rule (C:\Program Files\Java\jdk-17.0.1\caches\7.0.2\md-rule)" [_thread_blocked, id=2268, stack(0x0000001b33f00000,0x0000001b34000000)]
  0x00000152b729f800 JavaThread "Cache worker for execution history cache (C:\Program Files\Java\jdk-17.0.1\caches\7.0.2\executionHistory)" [_thread_blocked, id=5224, stack(0x0000001b34000000,0x0000001b34100000)]
  0x00000152b729e000 JavaThread "jar transforms" [_thread_blocked, id=8552, stack(0x0000001b34100000,0x0000001b34200000)]
  0x00000152b729d800 JavaThread "jar transforms Thread 2" [_thread_blocked, id=7652, stack(0x0000001b34200000,0x0000001b34300000)]
  0x00000152b729f000 JavaThread "Cache worker for file content cache (C:\Program Files\Java\jdk-17.0.1\caches\7.0.2\fileContent)" [_thread_blocked, id=8960, stack(0x0000001b34300000,0x0000001b34400000)]
  0x00000152b72a2000 JavaThread "Cache worker for dependencies-accessors (C:\Users\MinhNgan\AndroidStudioProjects\Android_hepat\.gradle\7.0.2\dependencies-accessors)" [_thread_blocked, id=5780, stack(0x0000001b34400000,0x0000001b34500000)]
  0x00000152b72a0800 JavaThread "jar transforms Thread 3" [_thread_blocked, id=5308, stack(0x0000001b34500000,0x0000001b34600000)]
  0x00000152b72a4000 JavaThread "Cache worker for Build Output Cleanup Cache (C:\Users\MinhNgan\AndroidStudioProjects\Android_hepat\.gradle\buildOutputCleanup)" [_thread_blocked, id=8880, stack(0x0000001b34600000,0x0000001b34700000)]
  0x00000152b72a3000 JavaThread "Build operations" [_thread_blocked, id=8732, stack(0x0000001b34700000,0x0000001b34800000)]
  0x00000152b72a4800 JavaThread "Build operations Thread 2" [_thread_blocked, id=5088, stack(0x0000001b34800000,0x0000001b34900000)]
  0x00000152b72a6800 JavaThread "Build operations Thread 3" [_thread_blocked, id=8768, stack(0x0000001b34900000,0x0000001b34a00000)]
  0x00000152b72a7000 JavaThread "Build operations Thread 4" [_thread_blocked, id=9836, stack(0x0000001b34a00000,0x0000001b34b00000)]
  0x00000152b72a1800 JavaThread "jar transforms Thread 4" [_thread_blocked, id=1336, stack(0x0000001b34b00000,0x0000001b34c00000)]
  0x00000152b72a8000 JavaThread "Memory manager" [_thread_blocked, id=6584, stack(0x0000001b34c00000,0x0000001b34d00000)]
  0x00000152b72a8800 JavaThread "build event listener" [_thread_blocked, id=4788, stack(0x0000001b34d00000,0x0000001b34e00000)]
  0x00000152b5758000 JavaThread "Execution worker for ':'" [_thread_blocked, id=5164, stack(0x0000001b34e00000,0x0000001b34f00000)]
  0x00000152b5752800 JavaThread "Execution worker for ':' Thread 2" [_thread_blocked, id=4560, stack(0x0000001b34f00000,0x0000001b35000000)]
=>0x00000152b5759000 JavaThread "Execution worker for ':' Thread 3" [_thread_in_vm, id=6992, stack(0x0000001b35000000,0x0000001b35100000)]
  0x00000152b5753000 JavaThread "Cache worker for execution history cache (C:\Users\MinhNgan\AndroidStudioProjects\Android_hepat\.gradle\7.0.2\executionHistory)" [_thread_blocked, id=6932, stack(0x0000001b35100000,0x0000001b35200000)]

Other Threads:
  0x00000152b243f800 VMThread "VM Thread" [stack: 0x0000001b31f00000,0x0000001b32000000] [id=6596]
  0x00000152b2f28800 WatcherThread [stack: 0x0000001b32900000,0x0000001b32a00000] [id=9100]
  0x0000015298184800 GCTaskThread "GC Thread#0" [stack: 0x0000001b31a00000,0x0000001b31b00000] [id=432]
  0x00000152b377d000 GCTaskThread "GC Thread#1" [stack: 0x0000001b32a00000,0x0000001b32b00000] [id=7284]
  0x00000152b4ce2800 GCTaskThread "GC Thread#2" [stack: 0x0000001b33100000,0x0000001b33200000] [id=2916]
  0x00000152b4cdf800 GCTaskThread "GC Thread#3" [stack: 0x0000001b33200000,0x0000001b33300000] [id=9908]
  0x00000152981b4000 ConcurrentGCThread "G1 Main Marker" [stack: 0x0000001b31b00000,0x0000001b31c00000] [id=2128]
  0x00000152981b6000 ConcurrentGCThread "G1 Conc#0" [stack: 0x0000001b31c00000,0x0000001b31d00000] [id=1980]
  0x0000015298210000 ConcurrentGCThread "G1 Refine#0" [stack: 0x0000001b31d00000,0x0000001b31e00000] [id=9888]
  0x0000015298211000 ConcurrentGCThread "G1 Young RemSet Sampling" [stack: 0x0000001b31e00000,0x0000001b31f00000] [id=2016]

Threads with active compile tasks:
C2 CompilerThread0  25483 9541       4       org.gradle.internal.snapshot.DirectorySnapshot$$Lambda$894/0x0000000100ad4040::accept (20 bytes)

VM state:not at safepoint (normal execution)

VM Mutex/Monitor currently owned by a thread: None

Heap address: 0x0000000080000000, size: 2048 MB, Compressed Oops mode: 32-bit
Narrow klass base: 0x0000000000000000, Narrow klass shift: 3
Compressed class space size: 1073741824 Address: 0x0000000100000000

Heap:
 garbage-first heap   total 187392K, used 78698K [0x0000000080000000, 0x0000000100000000)
  region size 1024K, 16 young (16384K), 7 survivors (7168K)
 Metaspace       used 81674K, capacity 83723K, committed 83964K, reserved 1122304K
  class space    used 10570K, capacity 11328K, committed 11392K, reserved 1048576K
Heap Regions: E=young(eden), S=young(survivor), O=old, HS=humongous(starts), HC=humongous(continues), CS=collection set, F=free, A=archive, TAMS=top-at-mark-start (previous, next)
|   0|0x0000000080000000, 0x0000000080100000, 0x0000000080100000|100%|HS|  |TAMS 0x0000000080100000, 0x0000000080000000| Complete 
|   1|0x0000000080100000, 0x0000000080200000, 0x0000000080200000|100%|HC|  |TAMS 0x0000000080200000, 0x0000000080100000| Complete 
|   2|0x0000000080200000, 0x0000000080300000, 0x0000000080300000|100%|HC|  |TAMS 0x0000000080300000, 0x0000000080200000| Complete 
|   3|0x0000000080300000, 0x0000000080400000, 0x0000000080400000|100%| O|  |TAMS 0x0000000080400000, 0x0000000080300000| Untracked 
|   4|0x0000000080400000, 0x0000000080500000, 0x0000000080500000|100%| O|  |TAMS 0x0000000080500000, 0x0000000080400000| Untracked 
|   5|0x0000000080500000, 0x0000000080600000, 0x0000000080600000|100%| O|  |TAMS 0x0000000080600000, 0x0000000080500000| Untracked 
|   6|0x0000000080600000, 0x0000000080700000, 0x0000000080700000|100%| O|  |TAMS 0x0000000080700000, 0x0000000080600000| Untracked 
|   7|0x0000000080700000, 0x0000000080800000, 0x0000000080800000|100%| O|  |TAMS 0x0000000080800000, 0x0000000080700000| Untracked 
|   8|0x0000000080800000, 0x0000000080900000, 0x0000000080900000|100%| O|  |TAMS 0x0000000080900000, 0x0000000080800000| Untracked 
|   9|0x0000000080900000, 0x0000000080a00000, 0x0000000080a00000|100%| O|  |TAMS 0x0000000080a00000, 0x0000000080900000| Untracked 
|  10|0x0000000080a00000, 0x0000000080b00000, 0x0000000080b00000|100%| O|  |TAMS 0x0000000080b00000, 0x0000000080a00000| Untracked 
|  11|0x0000000080b00000, 0x0000000080c00000, 0x0000000080c00000|100%| O|  |TAMS 0x0000000080c00000, 0x0000000080b00000| Untracked 
|  12|0x0000000080c00000, 0x0000000080d00000, 0x0000000080d00000|100%| O|  |TAMS 0x0000000080d00000, 0x0000000080c00000| Untracked 
|  13|0x0000000080d00000, 0x0000000080e00000, 0x0000000080e00000|100%| O|  |TAMS 0x0000000080e00000, 0x0000000080d00000| Untracked 
|  14|0x0000000080e00000, 0x0000000080f00000, 0x0000000080f00000|100%| O|  |TAMS 0x0000000080f00000, 0x0000000080e00000| Untracked 
|  15|0x0000000080f00000, 0x0000000081000000, 0x0000000081000000|100%| O|  |TAMS 0x0000000081000000, 0x0000000080f00000| Untracked 
|  16|0x0000000081000000, 0x0000000081100000, 0x0000000081100000|100%| O|  |TAMS 0x0000000081100000, 0x0000000081000000| Untracked 
|  17|0x0000000081100000, 0x0000000081200000, 0x0000000081200000|100%| O|  |TAMS 0x0000000081200000, 0x0000000081100000| Untracked 
|  18|0x0000000081200000, 0x0000000081300000, 0x0000000081300000|100%| O|  |TAMS 0x0000000081300000, 0x0000000081200000| Untracked 
|  19|0x0000000081300000, 0x0000000081400000, 0x0000000081400000|100%| O|  |TAMS 0x0000000081400000, 0x0000000081300000| Untracked 
|  20|0x0000000081400000, 0x0000000081500000, 0x0000000081500000|100%| O|  |TAMS 0x0000000081500000, 0x0000000081400000| Untracked 
|  21|0x0000000081500000, 0x0000000081600000, 0x0000000081600000|100%| O|  |TAMS 0x0000000081600000, 0x0000000081500000| Untracked 
|  22|0x0000000081600000, 0x0000000081700000, 0x0000000081700000|100%| O|  |TAMS 0x0000000081700000, 0x0000000081600000| Untracked 
|  23|0x0000000081700000, 0x0000000081800000, 0x0000000081800000|100%| O|  |TAMS 0x0000000081800000, 0x0000000081700000| Untracked 
|  24|0x0000000081800000, 0x0000000081900000, 0x0000000081900000|100%|HS|  |TAMS 0x0000000081900000, 0x0000000081800000| Complete 
|  25|0x0000000081900000, 0x0000000081a00000, 0x0000000081a00000|100%| O|  |TAMS 0x0000000081a00000, 0x0000000081900000| Untracked 
|  26|0x0000000081a00000, 0x0000000081b00000, 0x0000000081b00000|100%| O|  |TAMS 0x0000000081b00000, 0x0000000081a00000| Untracked 
|  27|0x0000000081b00000, 0x0000000081c00000, 0x0000000081c00000|100%|HS|  |TAMS 0x0000000081c00000, 0x0000000081b00000| Complete 
|  28|0x0000000081c00000, 0x0000000081d00000, 0x0000000081d00000|100%|HS|  |TAMS 0x0000000081d00000, 0x0000000081c00000| Complete 
|  29|0x0000000081d00000, 0x0000000081e00000, 0x0000000081e00000|100%|HC|  |TAMS 0x0000000081e00000, 0x0000000081d00000| Complete 
|  30|0x0000000081e00000, 0x0000000081f00000, 0x0000000081f00000|100%| O|  |TAMS 0x0000000081f00000, 0x0000000081e00000| Untracked 
|  31|0x0000000081f00000, 0x0000000082000000, 0x0000000082000000|100%| O|  |TAMS 0x0000000082000000, 0x0000000081f00000| Untracked 
|  32|0x0000000082000000, 0x0000000082100000, 0x0000000082100000|100%| O|  |TAMS 0x0000000082100000, 0x0000000082000000| Untracked 
|  33|0x0000000082100000, 0x0000000082200000, 0x0000000082200000|100%| O|  |TAMS 0x0000000082200000, 0x0000000082100000| Untracked 
|  34|0x0000000082200000, 0x0000000082300000, 0x0000000082300000|100%| O|  |TAMS 0x0000000082300000, 0x0000000082200000| Untracked 
|  35|0x0000000082300000, 0x0000000082400000, 0x0000000082400000|100%| O|  |TAMS 0x0000000082400000, 0x0000000082300000| Untracked 
|  36|0x0000000082400000, 0x0000000082500000, 0x0000000082500000|100%| O|  |TAMS 0x0000000082500000, 0x0000000082400000| Untracked 
|  37|0x0000000082500000, 0x0000000082600000, 0x0000000082600000|100%| O|  |TAMS 0x0000000082600000, 0x0000000082500000| Untracked 
|  38|0x0000000082600000, 0x0000000082700000, 0x0000000082700000|100%| O|  |TAMS 0x0000000082700000, 0x0000000082600000| Untracked 
|  39|0x0000000082700000, 0x0000000082800000, 0x0000000082800000|100%| O|  |TAMS 0x0000000082800000, 0x0000000082700000| Untracked 
|  40|0x0000000082800000, 0x0000000082900000, 0x0000000082900000|100%| O|  |TAMS 0x0000000082900000, 0x0000000082800000| Untracked 
|  41|0x0000000082900000, 0x0000000082a00000, 0x0000000082a00000|100%| O|  |TAMS 0x0000000082a00000, 0x0000000082900000| Untracked 
|  42|0x0000000082a00000, 0x0000000082b00000, 0x0000000082b00000|100%| O|  |TAMS 0x0000000082b00000, 0x0000000082a00000| Untracked 
|  43|0x0000000082b00000, 0x0000000082c00000, 0x0000000082c00000|100%| O|  |TAMS 0x0000000082c00000, 0x0000000082b00000| Untracked 
|  44|0x0000000082c00000, 0x0000000082d00000, 0x0000000082d00000|100%| O|  |TAMS 0x0000000082d00000, 0x0000000082c00000| Untracked 
|  45|0x0000000082d00000, 0x0000000082e00000, 0x0000000082e00000|100%| O|  |TAMS 0x0000000082e00000, 0x0000000082d00000| Untracked 
|  46|0x0000000082e00000, 0x0000000082f00000, 0x0000000082f00000|100%| O|  |TAMS 0x0000000082f00000, 0x0000000082e00000| Untracked 
|  47|0x0000000082f00000, 0x0000000083000000, 0x0000000083000000|100%| O|  |TAMS 0x0000000082fef400, 0x0000000082f00000| Untracked 
|  48|0x0000000083000000, 0x0000000083100000, 0x0000000083100000|100%| O|  |TAMS 0x0000000083000000, 0x0000000083000000| Untracked 
|  49|0x0000000083100000, 0x0000000083200000, 0x0000000083200000|100%| O|  |TAMS 0x0000000083100000, 0x0000000083100000| Untracked 
|  50|0x0000000083200000, 0x0000000083300000, 0x0000000083300000|100%| O|  |TAMS 0x0000000083200000, 0x0000000083200000| Untracked 
|  51|0x0000000083300000, 0x0000000083400000, 0x0000000083400000|100%| O|  |TAMS 0x0000000083300000, 0x0000000083300000| Untracked 
|  52|0x0000000083400000, 0x0000000083500000, 0x0000000083500000|100%| O|  |TAMS 0x0000000083400000, 0x0000000083400000| Untracked 
|  53|0x0000000083500000, 0x0000000083600000, 0x0000000083600000|100%| O|  |TAMS 0x0000000083500000, 0x0000000083500000| Untracked 
|  54|0x0000000083600000, 0x0000000083700000, 0x0000000083700000|100%| O|  |TAMS 0x0000000083600000, 0x0000000083600000| Untracked 
|  55|0x0000000083700000, 0x0000000083800000, 0x0000000083800000|100%| O|  |TAMS 0x0000000083700000, 0x0000000083700000| Untracked 
|  56|0x0000000083800000, 0x0000000083900000, 0x0000000083900000|100%| O|  |TAMS 0x0000000083800000, 0x0000000083800000| Untracked 
|  57|0x0000000083900000, 0x0000000083a00000, 0x0000000083a00000|100%| O|  |TAMS 0x0000000083900000, 0x0000000083900000| Untracked 
|  58|0x0000000083a00000, 0x0000000083b00000, 0x0000000083b00000|100%| O|  |TAMS 0x0000000083a00000, 0x0000000083a00000| Untracked 
|  59|0x0000000083b00000, 0x0000000083c00000, 0x0000000083c00000|100%| O|  |TAMS 0x0000000083b00000, 0x0000000083b00000| Untracked 
|  60|0x0000000083c00000, 0x0000000083d00000, 0x0000000083d00000|100%| O|  |TAMS 0x0000000083c00000, 0x0000000083c00000| Untracked 
|  61|0x0000000083d00000, 0x0000000083de9c00, 0x0000000083e00000| 91%| O|  |TAMS 0x0000000083d00000, 0x0000000083d00000| Untracked 
|  62|0x0000000083e00000, 0x0000000083e00000, 0x0000000083f00000|  0%| F|  |TAMS 0x0000000083e00000, 0x0000000083e00000| Untracked 
|  63|0x0000000083f00000, 0x0000000083f00000, 0x0000000084000000|  0%| F|  |TAMS 0x0000000083f00000, 0x0000000083f00000| Untracked 
|  64|0x0000000084000000, 0x0000000084000000, 0x0000000084100000|  0%| F|  |TAMS 0x0000000084000000, 0x0000000084000000| Untracked 
|  65|0x0000000084100000, 0x0000000084100000, 0x0000000084200000|  0%| F|  |TAMS 0x0000000084100000, 0x0000000084100000| Untracked 
|  66|0x0000000084200000, 0x0000000084200000, 0x0000000084300000|  0%| F|  |TAMS 0x0000000084200000, 0x0000000084200000| Untracked 
|  67|0x0000000084300000, 0x0000000084300000, 0x0000000084400000|  0%| F|  |TAMS 0x0000000084300000, 0x0000000084300000| Untracked 
|  68|0x0000000084400000, 0x0000000084400000, 0x0000000084500000|  0%| F|  |TAMS 0x0000000084400000, 0x0000000084400000| Untracked 
|  69|0x0000000084500000, 0x0000000084500000, 0x0000000084600000|  0%| F|  |TAMS 0x0000000084500000, 0x0000000084500000| Untracked 
|  70|0x0000000084600000, 0x0000000084600000, 0x0000000084700000|  0%| F|  |TAMS 0x0000000084600000, 0x0000000084600000| Untracked 
|  71|0x0000000084700000, 0x0000000084700000, 0x0000000084800000|  0%| F|  |TAMS 0x0000000084700000, 0x0000000084700000| Untracked 
|  72|0x0000000084800000, 0x0000000084800000, 0x0000000084900000|  0%| F|  |TAMS 0x0000000084800000, 0x0000000084800000| Untracked 
|  73|0x0000000084900000, 0x0000000084900000, 0x0000000084a00000|  0%| F|  |TAMS 0x0000000084900000, 0x0000000084900000| Untracked 
|  74|0x0000000084a00000, 0x0000000084a00000, 0x0000000084b00000|  0%| F|  |TAMS 0x0000000084a00000, 0x0000000084a00000| Untracked 
|  75|0x0000000084b00000, 0x0000000084b00000, 0x0000000084c00000|  0%| F|  |TAMS 0x0000000084b00000, 0x0000000084b00000| Untracked 
|  76|0x0000000084c00000, 0x0000000084c00000, 0x0000000084d00000|  0%| F|  |TAMS 0x0000000084c00000, 0x0000000084c00000| Untracked 
|  77|0x0000000084d00000, 0x0000000084d00000, 0x0000000084e00000|  0%| F|  |TAMS 0x0000000084d00000, 0x0000000084d00000| Untracked 
|  78|0x0000000084e00000, 0x0000000084e00000, 0x0000000084f00000|  0%| F|  |TAMS 0x0000000084e00000, 0x0000000084e00000| Untracked 
|  79|0x0000000084f00000, 0x0000000084f00000, 0x0000000085000000|  0%| F|  |TAMS 0x0000000084f00000, 0x0000000084f00000| Untracked 
|  80|0x0000000085000000, 0x0000000085000000, 0x0000000085100000|  0%| F|  |TAMS 0x0000000085000000, 0x0000000085000000| Untracked 
|  81|0x0000000085100000, 0x0000000085100000, 0x0000000085200000|  0%| F|  |TAMS 0x0000000085100000, 0x0000000085100000| Untracked 
|  82|0x0000000085200000, 0x0000000085200000, 0x0000000085300000|  0%| F|  |TAMS 0x0000000085200000, 0x0000000085200000| Untracked 
|  83|0x0000000085300000, 0x0000000085300000, 0x0000000085400000|  0%| F|  |TAMS 0x0000000085300000, 0x0000000085300000| Untracked 
|  84|0x0000000085400000, 0x0000000085400000, 0x0000000085500000|  0%| F|  |TAMS 0x0000000085400000, 0x0000000085400000| Untracked 
|  85|0x0000000085500000, 0x0000000085500000, 0x0000000085600000|  0%| F|  |TAMS 0x0000000085500000, 0x0000000085500000| Untracked 
|  86|0x0000000085600000, 0x0000000085600000, 0x0000000085700000|  0%| F|  |TAMS 0x0000000085600000, 0x0000000085600000| Untracked 
|  87|0x0000000085700000, 0x0000000085700000, 0x0000000085800000|  0%| F|  |TAMS 0x0000000085700000, 0x0000000085700000| Untracked 
|  88|0x0000000085800000, 0x0000000085800000, 0x0000000085900000|  0%| F|  |TAMS 0x0000000085800000, 0x0000000085800000| Untracked 
|  89|0x0000000085900000, 0x0000000085900000, 0x0000000085a00000|  0%| F|  |TAMS 0x0000000085900000, 0x0000000085900000| Untracked 
|  90|0x0000000085a00000, 0x0000000085a00000, 0x0000000085b00000|  0%| F|  |TAMS 0x0000000085a00000, 0x0000000085a00000| Untracked 
|  91|0x0000000085b00000, 0x0000000085b00000, 0x0000000085c00000|  0%| F|  |TAMS 0x0000000085b00000, 0x0000000085b00000| Untracked 
|  92|0x0000000085c00000, 0x0000000085c00000, 0x0000000085d00000|  0%| F|  |TAMS 0x0000000085c00000, 0x0000000085c00000| Untracked 
|  93|0x0000000085d00000, 0x0000000085d00000, 0x0000000085e00000|  0%| F|  |TAMS 0x0000000085d00000, 0x0000000085d00000| Untracked 
|  94|0x0000000085e00000, 0x0000000085e00000, 0x0000000085f00000|  0%| F|  |TAMS 0x0000000085e00000, 0x0000000085e00000| Untracked 
|  95|0x0000000085f00000, 0x0000000085f00000, 0x0000000086000000|  0%| F|  |TAMS 0x0000000085f00000, 0x0000000085f00000| Untracked 
|  96|0x0000000086000000, 0x0000000086000000, 0x0000000086100000|  0%| F|  |TAMS 0x0000000086000000, 0x0000000086000000| Untracked 
|  97|0x0000000086100000, 0x0000000086100000, 0x0000000086200000|  0%| F|  |TAMS 0x0000000086100000, 0x0000000086100000| Untracked 
|  98|0x0000000086200000, 0x0000000086200000, 0x0000000086300000|  0%| F|  |TAMS 0x0000000086200000, 0x0000000086200000| Untracked 
|  99|0x0000000086300000, 0x0000000086300000, 0x0000000086400000|  0%| F|  |TAMS 0x0000000086300000, 0x0000000086300000| Untracked 
| 100|0x0000000086400000, 0x0000000086400000, 0x0000000086500000|  0%| F|  |TAMS 0x0000000086400000, 0x0000000086400000| Untracked 
| 101|0x0000000086500000, 0x0000000086500000, 0x0000000086600000|  0%| F|  |TAMS 0x0000000086500000, 0x0000000086500000| Untracked 
| 102|0x0000000086600000, 0x0000000086600000, 0x0000000086700000|  0%| F|  |TAMS 0x0000000086600000, 0x0000000086600000| Untracked 
| 103|0x0000000086700000, 0x0000000086700000, 0x0000000086800000|  0%| F|  |TAMS 0x0000000086700000, 0x0000000086700000| Untracked 
| 104|0x0000000086800000, 0x0000000086800000, 0x0000000086900000|  0%| F|  |TAMS 0x0000000086800000, 0x0000000086800000| Untracked 
| 105|0x0000000086900000, 0x0000000086900000, 0x0000000086a00000|  0%| F|  |TAMS 0x0000000086900000, 0x0000000086900000| Untracked 
| 106|0x0000000086a00000, 0x0000000086a00000, 0x0000000086b00000|  0%| F|  |TAMS 0x0000000086a00000, 0x0000000086a00000| Untracked 
| 107|0x0000000086b00000, 0x0000000086b00000, 0x0000000086c00000|  0%| F|  |TAMS 0x0000000086b00000, 0x0000000086b00000| Untracked 
| 108|0x0000000086c00000, 0x0000000086cf0fc8, 0x0000000086d00000| 94%| S|CS|TAMS 0x0000000086c00000, 0x0000000086c00000| Complete 
| 109|0x0000000086d00000, 0x0000000086e00000, 0x0000000086e00000|100%| S|CS|TAMS 0x0000000086d00000, 0x0000000086d00000| Complete 
| 110|0x0000000086e00000, 0x0000000086f00000, 0x0000000086f00000|100%| S|CS|TAMS 0x0000000086e00000, 0x0000000086e00000| Complete 
| 111|0x0000000086f00000, 0x0000000087000000, 0x0000000087000000|100%| S|CS|TAMS 0x0000000086f00000, 0x0000000086f00000| Complete 
| 112|0x0000000087000000, 0x0000000087100000, 0x0000000087100000|100%| S|CS|TAMS 0x0000000087000000, 0x0000000087000000| Complete 
| 113|0x0000000087100000, 0x0000000087200000, 0x0000000087200000|100%| S|CS|TAMS 0x0000000087100000, 0x0000000087100000| Complete 
| 114|0x0000000087200000, 0x0000000087300000, 0x0000000087300000|100%| S|CS|TAMS 0x0000000087200000, 0x0000000087200000| Complete 
| 115|0x0000000087300000, 0x0000000087300000, 0x0000000087400000|  0%| F|  |TAMS 0x0000000087300000, 0x0000000087300000| Untracked 
| 116|0x0000000087400000, 0x0000000087400000, 0x0000000087500000|  0%| F|  |TAMS 0x0000000087400000, 0x0000000087400000| Untracked 
| 117|0x0000000087500000, 0x0000000087500000, 0x0000000087600000|  0%| F|  |TAMS 0x0000000087500000, 0x0000000087500000| Untracked 
| 118|0x0000000087600000, 0x0000000087600000, 0x0000000087700000|  0%| F|  |TAMS 0x0000000087600000, 0x0000000087600000| Untracked 
| 119|0x0000000087700000, 0x0000000087700000, 0x0000000087800000|  0%| F|  |TAMS 0x0000000087700000, 0x0000000087700000| Untracked 
| 120|0x0000000087800000, 0x0000000087800000, 0x0000000087900000|  0%| F|  |TAMS 0x0000000087800000, 0x0000000087800000| Untracked 
| 121|0x0000000087900000, 0x0000000087900000, 0x0000000087a00000|  0%| F|  |TAMS 0x0000000087900000, 0x0000000087900000| Untracked 
| 122|0x0000000087a00000, 0x0000000087a00000, 0x0000000087b00000|  0%| F|  |TAMS 0x0000000087a00000, 0x0000000087a00000| Untracked 
| 123|0x0000000087b00000, 0x0000000087b00000, 0x0000000087c00000|  0%| F|  |TAMS 0x0000000087b00000, 0x0000000087b00000| Untracked 
| 124|0x0000000087c00000, 0x0000000087c00000, 0x0000000087d00000|  0%| F|  |TAMS 0x0000000087c00000, 0x0000000087c00000| Untracked 
| 125|0x0000000087d00000, 0x0000000087d00000, 0x0000000087e00000|  0%| F|  |TAMS 0x0000000087d00000, 0x0000000087d00000| Untracked 
| 126|0x0000000087e00000, 0x0000000087e00000, 0x0000000087f00000|  0%| F|  |TAMS 0x0000000087e00000, 0x0000000087e00000| Untracked 
| 127|0x0000000087f00000, 0x0000000087f00000, 0x0000000088000000|  0%| F|  |TAMS 0x0000000087f00000, 0x0000000087f00000| Untracked 
| 128|0x0000000088000000, 0x0000000088000000, 0x0000000088100000|  0%| F|  |TAMS 0x0000000088000000, 0x0000000088000000| Untracked 
| 129|0x0000000088100000, 0x0000000088100000, 0x0000000088200000|  0%| F|  |TAMS 0x0000000088100000, 0x0000000088100000| Untracked 
| 130|0x0000000088200000, 0x0000000088200000, 0x0000000088300000|  0%| F|  |TAMS 0x0000000088200000, 0x0000000088200000| Untracked 
| 131|0x0000000088300000, 0x0000000088300000, 0x0000000088400000|  0%| F|  |TAMS 0x0000000088300000, 0x0000000088300000| Untracked 
| 132|0x0000000088400000, 0x0000000088400000, 0x0000000088500000|  0%| F|  |TAMS 0x0000000088400000, 0x0000000088400000| Untracked 
| 133|0x0000000088500000, 0x0000000088500000, 0x0000000088600000|  0%| F|  |TAMS 0x0000000088500000, 0x0000000088500000| Untracked 
| 134|0x0000000088600000, 0x0000000088600000, 0x0000000088700000|  0%| F|  |TAMS 0x0000000088600000, 0x0000000088600000| Untracked 
| 135|0x0000000088700000, 0x0000000088700000, 0x0000000088800000|  0%| F|  |TAMS 0x0000000088700000, 0x0000000088700000| Untracked 
| 136|0x0000000088800000, 0x0000000088800000, 0x0000000088900000|  0%| F|  |TAMS 0x0000000088800000, 0x0000000088800000| Untracked 
| 137|0x0000000088900000, 0x0000000088900000, 0x0000000088a00000|  0%| F|  |TAMS 0x0000000088900000, 0x0000000088900000| Untracked 
| 138|0x0000000088a00000, 0x0000000088a00000, 0x0000000088b00000|  0%| F|  |TAMS 0x0000000088a00000, 0x0000000088a00000| Untracked 
| 139|0x0000000088b00000, 0x0000000088b00000, 0x0000000088c00000|  0%| F|  |TAMS 0x0000000088b00000, 0x0000000088b00000| Untracked 
| 140|0x0000000088c00000, 0x0000000088c00000, 0x0000000088d00000|  0%| F|  |TAMS 0x0000000088c00000, 0x0000000088c00000| Untracked 
| 141|0x0000000088d00000, 0x0000000088d00000, 0x0000000088e00000|  0%| F|  |TAMS 0x0000000088d00000, 0x0000000088d00000| Untracked 
| 142|0x0000000088e00000, 0x0000000088e00000, 0x0000000088f00000|  0%| F|  |TAMS 0x0000000088e00000, 0x0000000088e00000| Untracked 
| 143|0x0000000088f00000, 0x0000000088f00000, 0x0000000089000000|  0%| F|  |TAMS 0x0000000088f00000, 0x0000000088f00000| Untracked 
| 144|0x0000000089000000, 0x0000000089000000, 0x0000000089100000|  0%| F|  |TAMS 0x0000000089000000, 0x0000000089000000| Untracked 
| 145|0x0000000089100000, 0x0000000089100000, 0x0000000089200000|  0%| F|  |TAMS 0x0000000089100000, 0x0000000089100000| Untracked 
| 146|0x0000000089200000, 0x0000000089200000, 0x0000000089300000|  0%| F|  |TAMS 0x0000000089200000, 0x0000000089200000| Untracked 
| 147|0x0000000089300000, 0x0000000089300000, 0x0000000089400000|  0%| F|  |TAMS 0x0000000089300000, 0x0000000089300000| Untracked 
| 148|0x0000000089400000, 0x0000000089400000, 0x0000000089500000|  0%| F|  |TAMS 0x0000000089400000, 0x0000000089400000| Untracked 
| 149|0x0000000089500000, 0x0000000089500000, 0x0000000089600000|  0%| F|  |TAMS 0x0000000089500000, 0x0000000089500000| Untracked 
| 150|0x0000000089600000, 0x0000000089600000, 0x0000000089700000|  0%| F|  |TAMS 0x0000000089600000, 0x0000000089600000| Untracked 
| 151|0x0000000089700000, 0x0000000089700000, 0x0000000089800000|  0%| F|  |TAMS 0x0000000089700000, 0x0000000089700000| Untracked 
| 152|0x0000000089800000, 0x0000000089800000, 0x0000000089900000|  0%| F|  |TAMS 0x0000000089800000, 0x0000000089800000| Untracked 
| 153|0x0000000089900000, 0x0000000089900000, 0x0000000089a00000|  0%| F|  |TAMS 0x0000000089900000, 0x0000000089900000| Untracked 
| 154|0x0000000089a00000, 0x0000000089a00000, 0x0000000089b00000|  0%| F|  |TAMS 0x0000000089a00000, 0x0000000089a00000| Untracked 
| 155|0x0000000089b00000, 0x0000000089b00000, 0x0000000089c00000|  0%| F|  |TAMS 0x0000000089b00000, 0x0000000089b00000| Untracked 
| 156|0x0000000089c00000, 0x0000000089c00000, 0x0000000089d00000|  0%| F|  |TAMS 0x0000000089c00000, 0x0000000089c00000| Untracked 
| 157|0x0000000089d00000, 0x0000000089d00000, 0x0000000089e00000|  0%| F|  |TAMS 0x0000000089d00000, 0x0000000089d00000| Untracked 
| 158|0x0000000089e00000, 0x0000000089e00000, 0x0000000089f00000|  0%| F|  |TAMS 0x0000000089e00000, 0x0000000089e00000| Untracked 
| 159|0x0000000089f00000, 0x0000000089f00000, 0x000000008a000000|  0%| F|  |TAMS 0x0000000089f00000, 0x0000000089f00000| Untracked 
| 160|0x000000008a000000, 0x000000008a000000, 0x000000008a100000|  0%| F|  |TAMS 0x000000008a000000, 0x000000008a000000| Untracked 
| 161|0x000000008a100000, 0x000000008a100000, 0x000000008a200000|  0%| F|  |TAMS 0x000000008a100000, 0x000000008a100000| Untracked 
| 162|0x000000008a200000, 0x000000008a200000, 0x000000008a300000|  0%| F|  |TAMS 0x000000008a200000, 0x000000008a200000| Untracked 
| 163|0x000000008a300000, 0x000000008a300000, 0x000000008a400000|  0%| F|  |TAMS 0x000000008a300000, 0x000000008a300000| Untracked 
| 164|0x000000008a400000, 0x000000008a400000, 0x000000008a500000|  0%| F|  |TAMS 0x000000008a400000, 0x000000008a400000| Untracked 
| 165|0x000000008a500000, 0x000000008a500000, 0x000000008a600000|  0%| F|  |TAMS 0x000000008a500000, 0x000000008a500000| Untracked 
| 166|0x000000008a600000, 0x000000008a600000, 0x000000008a700000|  0%| F|  |TAMS 0x000000008a600000, 0x000000008a600000| Untracked 
| 167|0x000000008a700000, 0x000000008a700000, 0x000000008a800000|  0%| F|  |TAMS 0x000000008a700000, 0x000000008a700000| Untracked 
| 168|0x000000008a800000, 0x000000008a800000, 0x000000008a900000|  0%| F|  |TAMS 0x000000008a800000, 0x000000008a800000| Untracked 
| 169|0x000000008a900000, 0x000000008a900000, 0x000000008aa00000|  0%| F|  |TAMS 0x000000008a900000, 0x000000008a900000| Untracked 
| 170|0x000000008aa00000, 0x000000008aa00000, 0x000000008ab00000|  0%| F|  |TAMS 0x000000008aa00000, 0x000000008aa00000| Untracked 
| 171|0x000000008ab00000, 0x000000008ab00000, 0x000000008ac00000|  0%| F|  |TAMS 0x000000008ab00000, 0x000000008ab00000| Untracked 
| 172|0x000000008ac00000, 0x000000008ac00000, 0x000000008ad00000|  0%| F|  |TAMS 0x000000008ac00000, 0x000000008ac00000| Untracked 
| 173|0x000000008ad00000, 0x000000008ad00000, 0x000000008ae00000|  0%| F|  |TAMS 0x000000008ad00000, 0x000000008ad00000| Untracked 
| 174|0x000000008ae00000, 0x000000008aef29c8, 0x000000008af00000| 94%| E|  |TAMS 0x000000008ae00000, 0x000000008ae00000| Complete 
| 175|0x000000008af00000, 0x000000008b000000, 0x000000008b000000|100%| E|CS|TAMS 0x000000008af00000, 0x000000008af00000| Complete 
| 176|0x000000008b000000, 0x000000008b100000, 0x000000008b100000|100%| E|CS|TAMS 0x000000008b000000, 0x000000008b000000| Complete 
| 177|0x000000008b100000, 0x000000008b200000, 0x000000008b200000|100%| E|CS|TAMS 0x000000008b100000, 0x000000008b100000| Complete 
| 178|0x000000008b200000, 0x000000008b300000, 0x000000008b300000|100%| E|CS|TAMS 0x000000008b200000, 0x000000008b200000| Complete 
| 179|0x000000008b300000, 0x000000008b400000, 0x000000008b400000|100%| E|CS|TAMS 0x000000008b300000, 0x000000008b300000| Complete 
| 180|0x000000008b400000, 0x000000008b500000, 0x000000008b500000|100%| E|CS|TAMS 0x000000008b400000, 0x000000008b400000| Complete 
| 181|0x000000008b500000, 0x000000008b600000, 0x000000008b600000|100%| E|CS|TAMS 0x000000008b500000, 0x000000008b500000| Complete 
| 182|0x000000008b600000, 0x000000008b700000, 0x000000008b700000|100%| E|CS|TAMS 0x000000008b600000, 0x000000008b600000| Complete 

Card table byte_map: [0x00000152ab680000,0x00000152aba80000] _byte_map_base: 0x00000152ab280000

Marking Bits (Prev, Next): (CMBitMap*) 0x00000152981aafb0, (CMBitMap*) 0x00000152981aaf78
 Prev Bits: [0x00000152ade80000, 0x00000152afe80000)
 Next Bits: [0x00000152abe80000, 0x00000152ade80000)

Polling page: 0x00000152968c0000

Metaspace:

Usage:
  Non-class:     70.70 MB capacity,    69.44 MB ( 98%) used,     1.03 MB (  1%) free+waste,   234.31 KB ( <1%) overhead. 
      Class:     11.06 MB capacity,    10.32 MB ( 93%) used,   650.60 KB (  6%) free+waste,   106.75 KB ( <1%) overhead. 
       Both:     81.76 MB capacity,    79.76 MB ( 98%) used,     1.67 MB (  2%) free+waste,   341.06 KB ( <1%) overhead. 

Virtual space:
  Non-class space:       72.00 MB reserved,      70.87 MB ( 98%) committed 
      Class space:        1.00 GB reserved,      11.13 MB (  1%) committed 
             Both:        1.07 GB reserved,      82.00 MB (  7%) committed 

Chunk freelists:
   Non-Class:  49.00 KB
       Class:  0 bytes
        Both:  49.00 KB

MaxMetaspaceSize: 17179869184.00 GB
CompressedClassSpaceSize: 1.00 GB

CodeHeap 'non-profiled nmethods': size=120064Kb used=4064Kb max_used=4064Kb free=115999Kb
 bounds [0x00000152a3720000, 0x00000152a3b20000, 0x00000152aac60000]
CodeHeap 'profiled nmethods': size=120000Kb used=18865Kb max_used=18865Kb free=101134Kb
 bounds [0x000001529c1f0000, 0x000001529d460000, 0x00000152a3720000]
CodeHeap 'non-nmethods': size=5696Kb used=2273Kb max_used=2313Kb free=3423Kb
 bounds [0x000001529bc60000, 0x000001529bed0000, 0x000001529c1f0000]
 total_blobs=10308 nmethods=9437 adapters=782
 compilation: enabled
              stopped_count=0, restarted_count=0
 full_count=0

Compilation events (20 events):
Event: 25.335 Thread 0x00000152b2e08800 9602       1       org.gradle.api.internal.artifacts.result.DefaultResolvedArtifactResult::getId (5 bytes)
Event: 25.335 Thread 0x00000152b2e08800 nmethod 9602 0x00000152a3b17f10 code [0x00000152a3b180c0, 0x00000152a3b18178]
Event: 25.335 Thread 0x00000152b2e08800 9603       3       com.google.common.base.Splitter$SplittingIterator::computeNext (5 bytes)
Event: 25.335 Thread 0x00000152b2e08800 nmethod 9603 0x000001529d457f90 code [0x000001529d458140, 0x000001529d4582e8]
Event: 25.335 Thread 0x00000152b2e08800 9605       3       com.google.common.base.AbstractIterator::tryToComputeNext (36 bytes)
Event: 25.336 Thread 0x00000152b2e08800 nmethod 9605 0x000001529d458390 code [0x000001529d458560, 0x000001529d4588c8]
Event: 25.336 Thread 0x00000152b2e08800 9604       3       com.google.common.base.Splitter$SplittingIterator::computeNext (279 bytes)
Event: 25.337 Thread 0x00000152b2e08800 nmethod 9604 0x000001529d458990 code [0x000001529d458c80, 0x000001529d459ee8]
Event: 25.337 Thread 0x00000152b2e08800 9606       3       com.google.common.base.CharMatcher::indexIn (48 bytes)
Event: 25.338 Thread 0x00000152b2e08800 nmethod 9606 0x000001529d45a410 code [0x000001529d45a640, 0x000001529d45ad08]
Event: 25.338 Thread 0x00000152b2e08800 9609       3       com.google.common.base.Splitter$1$1::separatorEnd (4 bytes)
Event: 25.338 Thread 0x00000152b2e08800 nmethod 9609 0x000001529d45b010 code [0x000001529d45b1c0, 0x000001529d45b2b8]
Event: 25.338 Thread 0x00000152b2e08800 9607       3       com.google.common.base.Splitter$1$1::separatorStart (16 bytes)
Event: 25.339 Thread 0x00000152b2e08800 nmethod 9607 0x000001529d45b390 code [0x000001529d45b540, 0x000001529d45b708]
Event: 25.339 Thread 0x00000152b2e08800 9608       3       com.google.common.base.AbstractIterator::next (34 bytes)
Event: 25.339 Thread 0x00000152b2e08800 nmethod 9608 0x000001529d45b810 code [0x000001529d45b9e0, 0x000001529d45bcb8]
Event: 25.397 Thread 0x00000152b2e08800 9610       3       java.lang.Character::isJavaIdentifierPart (9 bytes)
Event: 25.397 Thread 0x00000152b2e08800 nmethod 9610 0x000001529d45be10 code [0x000001529d45bfe0, 0x000001529d45c1b8]
Event: 25.397 Thread 0x00000152b2e08800 9611       3       java.lang.CharacterDataLatin1::isJavaIdentifierPart (20 bytes)
Event: 25.397 Thread 0x00000152b2e08800 nmethod 9611 0x000001529d45c290 code [0x000001529d45c460, 0x000001529d45c678]

GC Heap History (20 events):
Event: 15.616 GC heap before
{Heap before GC invocations=22 (full 0):
 garbage-first heap   total 95232K, used 72055K [0x0000000080000000, 0x0000000100000000)
  region size 1024K, 31 young (31744K), 3 survivors (3072K)
 Metaspace       used 59923K, capacity 61458K, committed 61564K, reserved 1103872K
  class space    used 7586K, capacity 8128K, committed 8192K, reserved 1048576K
}
Event: 15.633 GC heap after
{Heap after GC invocations=23 (full 0):
 garbage-first heap   total 95232K, used 47348K [0x0000000080000000, 0x0000000100000000)
  region size 1024K, 4 young (4096K), 4 survivors (4096K)
 Metaspace       used 59923K, capacity 61458K, committed 61564K, reserved 1103872K
  class space    used 7586K, capacity 8128K, committed 8192K, reserved 1048576K
}
Event: 16.071 GC heap before
{Heap before GC invocations=23 (full 0):
 garbage-first heap   total 95232K, used 70900K [0x0000000080000000, 0x0000000100000000)
  region size 1024K, 28 young (28672K), 4 survivors (4096K)
 Metaspace       used 62358K, capacity 63865K, committed 64124K, reserved 1105920K
  class space    used 7897K, capacity 8433K, committed 8448K, reserved 1048576K
}
Event: 16.091 GC heap after
{Heap after GC invocations=24 (full 0):
 garbage-first heap   total 95232K, used 49499K [0x0000000080000000, 0x0000000100000000)
  region size 1024K, 2 young (2048K), 2 survivors (2048K)
 Metaspace       used 62358K, capacity 63865K, committed 64124K, reserved 1105920K
  class space    used 7897K, capacity 8433K, committed 8448K, reserved 1048576K
}
Event: 16.542 GC heap before
{Heap before GC invocations=25 (full 0):
 garbage-first heap   total 95232K, used 75099K [0x0000000080000000, 0x0000000100000000)
  region size 1024K, 26 young (26624K), 2 survivors (2048K)
 Metaspace       used 63276K, capacity 64881K, committed 65148K, reserved 1105920K
  class space    used 8036K, capacity 8592K, committed 8704K, reserved 1048576K
}
Event: 16.610 GC heap after
{Heap after GC invocations=26 (full 0):
 garbage-first heap   total 95232K, used 50827K [0x0000000080000000, 0x0000000100000000)
  region size 1024K, 4 young (4096K), 4 survivors (4096K)
 Metaspace       used 63276K, capacity 64881K, committed 65148K, reserved 1105920K
  class space    used 8036K, capacity 8592K, committed 8704K, reserved 1048576K
}
Event: 17.208 GC heap before
{Heap before GC invocations=26 (full 0):
 garbage-first heap   total 95232K, used 75403K [0x0000000080000000, 0x0000000100000000)
  region size 1024K, 28 young (28672K), 4 survivors (4096K)
 Metaspace       used 64330K, capacity 65946K, committed 66300K, reserved 1107968K
  class space    used 8173K, capacity 8733K, committed 8832K, reserved 1048576K
}
Event: 17.229 GC heap after
{Heap after GC invocations=27 (full 0):
 garbage-first heap   total 95232K, used 53181K [0x0000000080000000, 0x0000000100000000)
  region size 1024K, 4 young (4096K), 4 survivors (4096K)
 Metaspace       used 64330K, capacity 65946K, committed 66300K, reserved 1107968K
  class space    used 8173K, capacity 8733K, committed 8832K, reserved 1048576K
}
Event: 17.917 GC heap before
{Heap before GC invocations=28 (full 0):
 garbage-first heap   total 95232K, used 76733K [0x0000000080000000, 0x0000000100000000)
  region size 1024K, 27 young (27648K), 4 survivors (4096K)
 Metaspace       used 67538K, capacity 69189K, committed 69372K, reserved 1110016K
  class space    used 8739K, capacity 9322K, committed 9344K, reserved 1048576K
}
Event: 17.935 GC heap after
{Heap after GC invocations=29 (full 0):
 garbage-first heap   total 143360K, used 54918K [0x0000000080000000, 0x0000000100000000)
  region size 1024K, 2 young (2048K), 2 survivors (2048K)
 Metaspace       used 67538K, capacity 69189K, committed 69372K, reserved 1110016K
  class space    used 8739K, capacity 9322K, committed 9344K, reserved 1048576K
}
Event: 18.414 GC heap before
{Heap before GC invocations=29 (full 0):
 garbage-first heap   total 143360K, used 94854K [0x0000000080000000, 0x0000000100000000)
  region size 1024K, 41 young (41984K), 2 survivors (2048K)
 Metaspace       used 68999K, capacity 70594K, committed 70908K, reserved 1110016K
  class space    used 8920K, capacity 9507K, committed 9600K, reserved 1048576K
}
Event: 18.434 GC heap after
{Heap after GC invocations=30 (full 0):
 garbage-first heap   total 143360K, used 57435K [0x0000000080000000, 0x0000000100000000)
  region size 1024K, 5 young (5120K), 5 survivors (5120K)
 Metaspace       used 68999K, capacity 70594K, committed 70908K, reserved 1110016K
  class space    used 8920K, capacity 9507K, committed 9600K, reserved 1048576K
}
Event: 19.805 GC heap before
{Heap before GC invocations=30 (full 0):
 garbage-first heap   total 143360K, used 100443K [0x0000000080000000, 0x0000000100000000)
  region size 1024K, 47 young (48128K), 5 survivors (5120K)
 Metaspace       used 73806K, capacity 75549K, committed 75772K, reserved 1114112K
  class space    used 9614K, capacity 10251K, committed 10368K, reserved 1048576K
}
Event: 19.824 GC heap after
{Heap after GC invocations=31 (full 0):
 garbage-first heap   total 143360K, used 60164K [0x0000000080000000, 0x0000000100000000)
  region size 1024K, 6 young (6144K), 6 survivors (6144K)
 Metaspace       used 73806K, capacity 75549K, committed 75772K, reserved 1114112K
  class space    used 9614K, capacity 10251K, committed 10368K, reserved 1048576K
}
Event: 20.658 GC heap before
{Heap before GC invocations=31 (full 0):
 garbage-first heap   total 143360K, used 105220K [0x0000000080000000, 0x0000000100000000)
  region size 1024K, 50 young (51200K), 6 survivors (6144K)
 Metaspace       used 76602K, capacity 78509K, committed 78716K, reserved 1118208K
  class space    used 9964K, capacity 10628K, committed 10752K, reserved 1048576K
}
Event: 20.692 GC heap after
{Heap after GC invocations=32 (full 0):
 garbage-first heap   total 143360K, used 63838K [0x0000000080000000, 0x0000000100000000)
  region size 1024K, 7 young (7168K), 7 survivors (7168K)
 Metaspace       used 76602K, capacity 78509K, committed 78716K, reserved 1118208K
  class space    used 9964K, capacity 10628K, committed 10752K, reserved 1048576K
}
Event: 22.245 GC heap before
{Heap before GC invocations=32 (full 0):
 garbage-first heap   total 143360K, used 108894K [0x0000000080000000, 0x0000000100000000)
  region size 1024K, 51 young (52224K), 7 survivors (7168K)
 Metaspace       used 79335K, capacity 81390K, committed 81660K, reserved 1120256K
  class space    used 10368K, capacity 11091K, committed 11136K, reserved 1048576K
}
Event: 22.284 GC heap after
{Heap after GC invocations=33 (full 0):
 garbage-first heap   total 187392K, used 67308K [0x0000000080000000, 0x0000000100000000)
  region size 1024K, 4 young (4096K), 4 survivors (4096K)
 Metaspace       used 79335K, capacity 81390K, committed 81660K, reserved 1120256K
  class space    used 10368K, capacity 11091K, committed 11136K, reserved 1048576K
}
Event: 24.573 GC heap before
{Heap before GC invocations=33 (full 0):
 garbage-first heap   total 187392K, used 135916K [0x0000000080000000, 0x0000000100000000)
  region size 1024K, 72 young (73728K), 4 survivors (4096K)
 Metaspace       used 81141K, capacity 83174K, committed 83324K, reserved 1122304K
  class space    used 10513K, capacity 11253K, committed 11264K, reserved 1048576K
}
Event: 24.596 GC heap after
{Heap after GC invocations=34 (full 0):
 garbage-first heap   total 187392K, used 70506K [0x0000000080000000, 0x0000000100000000)
  region size 1024K, 7 young (7168K), 7 survivors (7168K)
 Metaspace       used 81141K, capacity 83174K, committed 83324K, reserved 1122304K
  class space    used 10513K, capacity 11253K, committed 11264K, reserved 1048576K
}

Deoptimization events (20 events):
Event: 24.319 Thread 0x00000152b5758000 Uncommon trap: trap_request=0xffffff4d fr.pc=0x00000152a37767e8 relative=0x0000000000000528
Event: 24.319 Thread 0x00000152b5758000 Uncommon trap: reason=unstable_if action=reinterpret pc=0x00000152a37767e8 method=java.lang.StringLatin1.compareToCI([B[B)I @ 68 c2
Event: 24.319 Thread 0x00000152b5758000 DEOPT PACKING pc=0x00000152a37767e8 sp=0x0000001b34efa690
Event: 24.319 Thread 0x00000152b5758000 DEOPT UNPACKING pc=0x000001529bc878af sp=0x0000001b34efa370 mode 2
Event: 24.348 Thread 0x00000152b5753000 DEOPT PACKING pc=0x000001529d3be7c6 sp=0x0000001b351fddd0
Event: 24.348 Thread 0x00000152b5753000 DEOPT UNPACKING pc=0x000001529bc876ce sp=0x0000001b351fd270 mode 0
Event: 24.444 Thread 0x00000152b729f800 DEOPT PACKING pc=0x000001529d3be7c6 sp=0x0000001b340fe190
Event: 24.444 Thread 0x00000152b729f800 DEOPT UNPACKING pc=0x000001529bc876ce sp=0x0000001b340fd630 mode 0
Event: 24.444 Thread 0x00000152b729f800 DEOPT PACKING pc=0x000001529d3be7c6 sp=0x0000001b340fe190
Event: 24.444 Thread 0x00000152b729f800 DEOPT UNPACKING pc=0x000001529bc876ce sp=0x0000001b340fd630 mode 0
Event: 24.449 Thread 0x00000152b729f800 DEOPT PACKING pc=0x000001529d3be7c6 sp=0x0000001b340fe260
Event: 24.449 Thread 0x00000152b729f800 DEOPT UNPACKING pc=0x000001529bc876ce sp=0x0000001b340fd700 mode 0
Event: 25.271 Thread 0x00000152b4ef9000 DEOPT PACKING pc=0x000001529d41f5e6 sp=0x0000001b33afe690
Event: 25.271 Thread 0x00000152b4ef9000 DEOPT UNPACKING pc=0x000001529bc876ce sp=0x0000001b33afdb48 mode 0
Event: 25.304 Thread 0x00000152b4942000 DEOPT PACKING pc=0x000001529c74f039 sp=0x0000001b32dfe000
Event: 25.304 Thread 0x00000152b4942000 DEOPT UNPACKING pc=0x000001529bc876ce sp=0x0000001b32dfd570 mode 0
Event: 25.305 Thread 0x00000152b4942000 DEOPT PACKING pc=0x000001529c74f039 sp=0x0000001b32dfe000
Event: 25.305 Thread 0x00000152b4942000 DEOPT UNPACKING pc=0x000001529bc876ce sp=0x0000001b32dfd570 mode 0
Event: 25.311 Thread 0x00000152b4942000 DEOPT PACKING pc=0x000001529c74f039 sp=0x0000001b32dfe090
Event: 25.311 Thread 0x00000152b4942000 DEOPT UNPACKING pc=0x000001529bc876ce sp=0x0000001b32dfd600 mode 0

Classes redefined (0 events):
No events

Internal exceptions (20 events):
Event: 20.920 Thread 0x00000152b4ef7000 Exception <a 'java/lang/NoSuchMethodError'{0x00000000887bea68}: <clinit>> (0x00000000887bea68) thrown at [./src/hotspot/share/prims/jni.cpp, line 1362]
Event: 20.922 Thread 0x00000152b4ef7000 Exception <a 'java/lang/NoSuchMethodError'{0x00000000887f73f0}: <clinit>> (0x00000000887f73f0) thrown at [./src/hotspot/share/prims/jni.cpp, line 1362]
Event: 20.966 Thread 0x00000152b4ef7000 Exception <a 'java/lang/NoSuchMethodError'{0x0000000088604440}: <clinit>> (0x0000000088604440) thrown at [./src/hotspot/share/prims/jni.cpp, line 1362]
Event: 20.972 Thread 0x00000152b4ef7000 Exception <a 'java/lang/NoSuchMethodError'{0x00000000886184a0}: <clinit>> (0x00000000886184a0) thrown at [./src/hotspot/share/prims/jni.cpp, line 1362]
Event: 20.972 Thread 0x00000152b4ef7000 Exception <a 'java/lang/NoSuchMethodError'{0x0000000088619c20}: <clinit>> (0x0000000088619c20) thrown at [./src/hotspot/share/prims/jni.cpp, line 1362]
Event: 21.053 Thread 0x00000152b72a8800 Exception <a 'java/lang/NoSuchMethodError'{0x0000000088456138}: <clinit>> (0x0000000088456138) thrown at [./src/hotspot/share/prims/jni.cpp, line 1362]
Event: 21.066 Thread 0x00000152b72a8800 Exception <a 'java/lang/NoSuchMethodError'{0x000000008846a7b0}: <clinit>> (0x000000008846a7b0) thrown at [./src/hotspot/share/prims/jni.cpp, line 1362]
Event: 21.070 Thread 0x00000152b72a8800 Exception <a 'java/lang/NoSuchMethodError'{0x0000000088483a50}: <clinit>> (0x0000000088483a50) thrown at [./src/hotspot/share/prims/jni.cpp, line 1362]
Event: 21.116 Thread 0x00000152b4ef7000 Exception <a 'java/lang/NoSuchMethodError'{0x0000000088137180}: <clinit>> (0x0000000088137180) thrown at [./src/hotspot/share/prims/jni.cpp, line 1362]
Event: 21.168 Thread 0x00000152b473e800 Exception <a 'java/lang/NoSuchMethodError'{0x00000000882cabe8}: 'java.lang.Object java.lang.invoke.Invokers$Holder.linkToTargetMethod(java.lang.Object, java.lang.Object, java.lang.Object, int, java.lang.Object, java.lang.Object)'> (0x00000000882cabe8) thrown at [./src/hotspot/share/interpreter/linkResolver.cpp, line 773]
Event: 21.854 Thread 0x00000152b72a4800 Exception <a 'java/lang/NoSuchMethodError'{0x0000000086e02ad0}: 'java.lang.Object java.lang.invoke.DirectMethodHandle$Holder.invokeSpecialIFC(java.lang.Object, java.lang.Object, java.lang.Object)'> (0x0000000086e02ad0) thrown at [./src/hotspot/share/interpreter/linkResolver.cpp, line 773]
Event: 21.854 Thread 0x00000152b72a7000 Exception <a 'java/lang/NoSuchMethodError'{0x00000000870a8bf8}: 'java.lang.Object java.lang.invoke.DirectMethodHandle$Holder.invokeSpecialIFC(java.lang.Object, java.lang.Object, java.lang.Object)'> (0x00000000870a8bf8) thrown at [./src/hotspot/share/interpreter/linkResolver.cpp, line 773]
Event: 21.854 Thread 0x00000152b72a6800 Exception <a 'java/lang/NoSuchMethodError'{0x0000000086fb3118}: 'java.lang.Object java.lang.invoke.DirectMethodHandle$Holder.invokeSpecialIFC(java.lang.Object, java.lang.Object, java.lang.Object)'> (0x0000000086fb3118) thrown at [./src/hotspot/share/interpreter/linkResolver.cpp, line 773]
Event: 21.954 Thread 0x00000152b72a6800 Exception <a 'java/lang/NoSuchMethodError'{0x0000000086ced9f8}: 'int java.lang.invoke.DirectMethodHandle$Holder.invokeStaticInit(java.lang.Object, java.lang.Object, java.lang.Object, java.lang.Object, java.lang.Object)'> (0x0000000086ced9f8) thrown at [./src/hotspot/share/interpreter/linkResolver.cpp, line 773]
Event: 23.109 Thread 0x00000152b72a6800 Exception <a 'java/lang/NoSuchMethodError'{0x000000008af03420}: 'void java.lang.invoke.DirectMethodHandle$Holder.invokeVirtual(java.lang.Object, java.lang.Object)'> (0x000000008af03420) thrown at [./src/hotspot/share/interpreter/linkResolver.cpp, line 773]
Event: 23.852 Thread 0x00000152b473e800 Exception <a 'java/lang/IncompatibleClassChangeError'{0x0000000088fcd128}: Found class java.lang.Object, but interface was expected> (0x0000000088fcd128) thrown at [./src/hotspot/share/interpreter/linkResolver.cpp, line 839]
Event: 23.978 Thread 0x00000152b72a7000 Implicit null exception at 0x00000152a3ae7f71 to 0x00000152a3ae82d0
Event: 24.006 Thread 0x00000152b72a3000 Exception <a 'java/lang/NoSuchMethodError'{0x00000000885d4548}: 'void java.lang.invoke.DirectMethodHandle$Holder.invokeStatic(java.lang.Object, java.lang.Object, java.lang.Object, java.lang.Object, java.lang.Object, java.lang.Object, java.lang.Object)'> (0x00000000885d4548) thrown at [./src/hotspot/share/interpreter/linkResolver.cpp, line 773]
Event: 24.251 Thread 0x00000152b4ef7000 Exception <a 'java/lang/NoSuchMethodError'{0x0000000087d1f588}: <clinit>> (0x0000000087d1f588) thrown at [./src/hotspot/share/prims/jni.cpp, line 1362]
Event: 24.313 Thread 0x00000152b5758000 Exception <a 'java/lang/NoSuchMethodError'{0x0000000087d38ef0}: 'long java.lang.invoke.DirectMethodHandle$Holder.invokeStatic(java.lang.Object, java.lang.Object)'> (0x0000000087d38ef0) thrown at [./src/hotspot/share/interpreter/linkResolver.cpp, line 773]

Events (20 events):
Event: 25.395 loading class org/xml/sax/ext/DeclHandler done
Event: 25.395 loading class org/xml/sax/ext/DefaultHandler2 done
Event: 25.399 loading class org/apache/xerces/jaxp/SAXParserFactoryImpl
Event: 25.399 loading class org/apache/xerces/jaxp/SAXParserFactoryImpl done
Event: 25.400 Executing VM operation: RevokeBias
Event: 25.400 Executing VM operation: RevokeBias done
Event: 25.401 loading class org/apache/xerces/jaxp/SAXParserImpl
Event: 25.401 loading class org/apache/xerces/jaxp/SAXParserImpl done
Event: 25.402 loading class org/apache/xerces/xs/PSVIProvider
Event: 25.402 loading class org/apache/xerces/xs/PSVIProvider done
Event: 25.403 loading class org/xml/sax/DocumentHandler
Event: 25.404 loading class org/xml/sax/DocumentHandler done
Event: 25.404 loading class org/apache/xerces/jaxp/SAXParserImpl$JAXPSAXParser
Event: 25.404 loading class org/apache/xerces/jaxp/SAXParserImpl$JAXPSAXParser done
Event: 25.405 loading class org/apache/xerces/parsers/SAXParser
Event: 25.405 loading class org/apache/xerces/parsers/SAXParser done
Event: 25.405 loading class org/apache/xerces/parsers/AbstractSAXParser
Event: 25.405 loading class org/apache/xerces/parsers/AbstractSAXParser done
Event: 25.425 loading class org/apache/xerces/parsers/AbstractSAXParser$AttributesProxy
Event: 25.425 loading class org/apache/xerces/parsers/AbstractSAXParser$AttributesProxy done


Dynamic libraries:
0x00007ff7480e0000 - 0x00007ff7480ea000 	C:\Program Files\Android\Android Studio\jre\bin\java.exe
0x00007ff94e4b0000 - 0x00007ff94e6a5000 	C:\WINDOWS\SYSTEM32\ntdll.dll
0x00007ff94d580000 - 0x00007ff94d63e000 	C:\WINDOWS\System32\KERNEL32.DLL
0x00007ff94c060000 - 0x00007ff94c329000 	C:\WINDOWS\System32\KERNELBASE.dll
0x00007ff94bd20000 - 0x00007ff94be20000 	C:\WINDOWS\System32\ucrtbase.dll
0x00007ff945eb0000 - 0x00007ff945ec9000 	C:\Program Files\Android\Android Studio\jre\bin\jli.dll
0x00007ff946600000 - 0x00007ff946617000 	C:\Program Files\Android\Android Studio\jre\bin\VCRUNTIME140.dll
0x00007ff94d7e0000 - 0x00007ff94d981000 	C:\WINDOWS\System32\USER32.dll
0x00007ff94bed0000 - 0x00007ff94bef2000 	C:\WINDOWS\System32\win32u.dll
0x00007ff94e3b0000 - 0x00007ff94e3db000 	C:\WINDOWS\System32\GDI32.dll
0x00007ff93b930000 - 0x00007ff93bbca000 	C:\WINDOWS\WinSxS\amd64_microsoft.windows.common-controls_6595b64144ccf1df_6.0.19041.1110_none_60b5254171f9507e\COMCTL32.dll
0x00007ff94c330000 - 0x00007ff94c43b000 	C:\WINDOWS\System32\gdi32full.dll
0x00007ff94cbd0000 - 0x00007ff94cc6e000 	C:\WINDOWS\System32\msvcrt.dll
0x00007ff94bbd0000 - 0x00007ff94bc6d000 	C:\WINDOWS\System32\msvcp_win.dll
0x00007ff94cae0000 - 0x00007ff94cb10000 	C:\WINDOWS\System32\IMM32.DLL
0x00007ff944d50000 - 0x00007ff944ded000 	C:\Program Files\Android\Android Studio\jre\bin\msvcp140.dll
0x00007ff903bf0000 - 0x00007ff9046bf000 	C:\Program Files\Android\Android Studio\jre\bin\server\jvm.dll
0x00007ff94cb10000 - 0x00007ff94cbbc000 	C:\WINDOWS\System32\ADVAPI32.dll
0x00007ff94da20000 - 0x00007ff94dabb000 	C:\WINDOWS\System32\sechost.dll
0x00007ff94c8c0000 - 0x00007ff94c9ea000 	C:\WINDOWS\System32\RPCRT4.dll
0x00007ff94e400000 - 0x00007ff94e408000 	C:\WINDOWS\System32\PSAPI.DLL
0x00007ff946670000 - 0x00007ff946679000 	C:\WINDOWS\SYSTEM32\WSOCK32.dll
0x00007ff94d710000 - 0x00007ff94d77b000 	C:\WINDOWS\System32\WS2_32.dll
0x00007ff93deb0000 - 0x00007ff93ded7000 	C:\WINDOWS\SYSTEM32\WINMM.dll
0x00007ff93e140000 - 0x00007ff93e14a000 	C:\WINDOWS\SYSTEM32\VERSION.dll
0x00007ff949ad0000 - 0x00007ff949ae2000 	C:\WINDOWS\SYSTEM32\kernel.appcore.dll
0x00007ff945e60000 - 0x00007ff945e71000 	C:\Program Files\Android\Android Studio\jre\bin\verify.dll
0x00007ff937240000 - 0x00007ff937424000 	C:\WINDOWS\SYSTEM32\DBGHELP.DLL
0x00007ff937850000 - 0x00007ff93787c000 	C:\WINDOWS\SYSTEM32\dbgcore.DLL
0x00007ff94c440000 - 0x00007ff94c4c3000 	C:\WINDOWS\System32\bcryptPrimitives.dll
0x00007ff945e30000 - 0x00007ff945e59000 	C:\Program Files\Android\Android Studio\jre\bin\java.dll
0x00007ff946660000 - 0x00007ff94666b000 	C:\Program Files\Android\Android Studio\jre\bin\jimage.dll
0x00007ff945e10000 - 0x00007ff945e28000 	C:\Program Files\Android\Android Studio\jre\bin\zip.dll
0x00007ff94dc70000 - 0x00007ff94e3af000 	C:\WINDOWS\System32\SHELL32.dll
0x00007ff949cd0000 - 0x00007ff94a460000 	C:\WINDOWS\SYSTEM32\windows.storage.dll
0x00007ff94c500000 - 0x00007ff94c855000 	C:\WINDOWS\System32\combase.dll
0x00007ff94b620000 - 0x00007ff94b64c000 	C:\WINDOWS\SYSTEM32\Wldp.dll
0x00007ff94cc70000 - 0x00007ff94cd1d000 	C:\WINDOWS\System32\SHCORE.dll
0x00007ff94e410000 - 0x00007ff94e465000 	C:\WINDOWS\System32\shlwapi.dll
0x00007ff94bb10000 - 0x00007ff94bb2f000 	C:\WINDOWS\SYSTEM32\profapi.dll
0x00007ff945df0000 - 0x00007ff945e0a000 	C:\Program Files\Android\Android Studio\jre\bin\net.dll
0x00007ff93c950000 - 0x00007ff93ca58000 	C:\WINDOWS\SYSTEM32\WINHTTP.dll
0x00007ff94b380000 - 0x00007ff94b3ea000 	C:\WINDOWS\system32\mswsock.dll
0x00007ff945dd0000 - 0x00007ff945de4000 	C:\Program Files\Android\Android Studio\jre\bin\nio.dll
0x00007ff946630000 - 0x00007ff946657000 	C:\Program Files\Java\jdk-17.0.1\native\8bec1ad78214c89d9ad589b4d07fe93259594b29d510b10fafb7a158f7737e5d\windows-amd64\native-platform.dll
0x00007ff946030000 - 0x00007ff94616d000 	C:\Program Files\Java\jdk-17.0.1\native\53dbd7edfb1c66fb8903c78663c9afc45aea4f116125fa6feffd364cf09443e8\windows-amd64\native-platform-file-events.dll
0x00007ff945dc0000 - 0x00007ff945dca000 	C:\Program Files\Android\Android Studio\jre\bin\management.dll
0x00007ff945db0000 - 0x00007ff945dbc000 	C:\Program Files\Android\Android Studio\jre\bin\management_ext.dll
0x00007ff94b570000 - 0x00007ff94b588000 	C:\WINDOWS\SYSTEM32\CRYPTSP.dll
0x00007ff94ac90000 - 0x00007ff94acc4000 	C:\WINDOWS\system32\rsaenh.dll
0x00007ff94c4d0000 - 0x00007ff94c4f7000 	C:\WINDOWS\System32\bcrypt.dll
0x00007ff94bad0000 - 0x00007ff94bafe000 	C:\WINDOWS\SYSTEM32\USERENV.dll
0x00007ff94b590000 - 0x00007ff94b59c000 	C:\WINDOWS\SYSTEM32\CRYPTBASE.dll
0x00007ff94b020000 - 0x00007ff94b05b000 	C:\WINDOWS\SYSTEM32\IPHLPAPI.DLL
0x00007ff94c9f0000 - 0x00007ff94c9f8000 	C:\WINDOWS\System32\NSI.dll
0x00007ff940270000 - 0x00007ff940287000 	C:\WINDOWS\SYSTEM32\dhcpcsvc6.DLL
0x00007ff940b90000 - 0x00007ff940bad000 	C:\WINDOWS\SYSTEM32\dhcpcsvc.DLL
0x00007ff94b060000 - 0x00007ff94b12c000 	C:\WINDOWS\SYSTEM32\DNSAPI.dll

dbghelp: loaded successfully - version: 4.0.5 - missing functions: none
symbol engine: initialized successfully - sym options: 0x614 - pdb path: .;C:\Program Files\Android\Android Studio\jre\bin;C:\WINDOWS\SYSTEM32;C:\WINDOWS\WinSxS\amd64_microsoft.windows.common-controls_6595b64144ccf1df_6.0.19041.1110_none_60b5254171f9507e;C:\Program Files\Android\Android Studio\jre\bin\server;C:\Program Files\Java\jdk-17.0.1\native\8bec1ad78214c89d9ad589b4d07fe93259594b29d510b10fafb7a158f7737e5d\windows-amd64;C:\Program Files\Java\jdk-17.0.1\native\53dbd7edfb1c66fb8903c78663c9afc45aea4f116125fa6feffd364cf09443e8\windows-amd64

VM Arguments:
jvm_args: --add-opens=java.base/java.util=ALL-UNNAMED --add-opens=java.base/java.lang=ALL-UNNAMED --add-opens=java.base/java.lang.invoke=ALL-UNNAMED --add-opens=java.base/java.util=ALL-UNNAMED --add-opens=java.prefs/java.util.prefs=ALL-UNNAMED --add-opens=java.prefs/java.util.prefs=ALL-UNNAMED --add-opens=java.base/java.nio.charset=ALL-UNNAMED --add-opens=java.base/java.net=ALL-UNNAMED --add-opens=java.base/java.util.concurrent.atomic=ALL-UNNAMED -Xmx2048m -Dfile.encoding=UTF-8 -Duser.country=US -Duser.language=en -Duser.variant 
java_command: org.gradle.launcher.daemon.bootstrap.GradleDaemon 7.0.2
java_class_path (initial): C:\Program Files\Java\jdk-17.0.1\wrapper\dists\gradle-7.0.2-bin\857tjihv64xamwrf0h14cai3r\gradle-7.0.2\lib\gradle-launcher-7.0.2.jar
Launcher Type: SUN_STANDARD

[Global flags]
     intx CICompilerCount                          = 3                                         {product} {ergonomic}
     uint ConcGCThreads                            = 1                                         {product} {ergonomic}
     uint G1ConcRefinementThreads                  = 4                                         {product} {ergonomic}
   size_t G1HeapRegionSize                         = 1048576                                   {product} {ergonomic}
    uintx GCDrainStackTargetSize                   = 64                                        {product} {ergonomic}
   size_t InitialHeapSize                          = 67108864                                  {product} {ergonomic}
   size_t MarkStackSize                            = 4194304                                   {product} {ergonomic}
   size_t MaxHeapSize                              = 2147483648                                {product} {command line}
   size_t MaxNewSize                               = 1287651328                                {product} {ergonomic}
   size_t MinHeapDeltaBytes                        = 1048576                                   {product} {ergonomic}
    uintx NonNMethodCodeHeapSize                   = 5830732                                {pd product} {ergonomic}
    uintx NonProfiledCodeHeapSize                  = 122913754                              {pd product} {ergonomic}
    uintx ProfiledCodeHeapSize                     = 122913754                              {pd product} {ergonomic}
    uintx ReservedCodeCacheSize                    = 251658240                              {pd product} {ergonomic}
     bool SegmentedCodeCache                       = true                                      {product} {ergonomic}
     bool UseCompressedClassPointers               = true                                 {lp64_product} {ergonomic}
     bool UseCompressedOops                        = true                                 {lp64_product} {ergonomic}
     bool UseG1GC                                  = true                                      {product} {ergonomic}
     bool UseLargePagesIndividualAllocation        = false                                  {pd product} {ergonomic}

Logging:
Log output configuration:
 #0: stdout all=warning uptime,level,tags
 #1: stderr all=off uptime,level,tags

Environment Variables:
PATH=C:\Program Files\Common Files\Oracle\Java\javapath;C:\WINDOWS\system32;C:\WINDOWS;C:\WINDOWS\System32\Wbem;C:\WINDOWS\System32\WindowsPowerShell\v1.0\;C:\WINDOWS\System32\OpenSSH\;C:\Program Files\dotnet\;C:\Program Files\Microsoft SQL Server\130\Tools\Binn\;C:\Program Files\Microsoft SQL Server\Client SDK\ODBC\170\Tools\Binn\;C:\Program Files (x86)\dotnet\;C:\Program Files\Git\cmd;C:\Users\MinhNgan\AppData\Local\Microsoft\WindowsApps
USERNAME=MinhNgan
OS=Windows_NT
PROCESSOR_IDENTIFIER=Intel64 Family 6 Model 69 Stepping 1, GenuineIntel



---------------  S Y S T E M  ---------------

OS: Windows 10 , 64 bit Build 19041 (10.0.19041.1202)
OS uptime: 0 days 0:07 hours

CPU:total 4 (initial active 4) (2 cores per cpu, 2 threads per core) family 6 model 69 stepping 1 microcode 0x25, cmov, cx8, fxsr, mmx, sse, sse2, sse3, ssse3, sse4.1, sse4.2, popcnt, avx, avx2, aes, clmul, erms, lzcnt, ht, tsc, tscinvbit, bmi1, bmi2, fma

Memory: 4k page, system-wide physical 3979M (271M free)
TotalPageFile size 6979M (AvailPageFile size 6M)
current process WorkingSet (physical memory assigned to process): 307M, peak: 311M
current process commit charge ("private bytes"): 438M, peak: 441M

vm_info: OpenJDK 64-Bit Server VM (11.0.10+0-b96-7249189) for windows-amd64 JRE (11.0.10+0-b96-7249189), built on Mar 31 2021 21:44:00 by "builder" with MS VC++ 14.0 (VS2015)

END.
