#
# There is insufficient memory for the Java Runtime Environment to continue.
# Native memory allocation (mmap) failed to map 163577856 bytes for Failed to commit area from 0x0000000090900000 to 0x000000009a500000 of length 163577856.
# Possible reasons:
#   The system is out of physical RAM or swap space
#   The process is running with CompressedOops enabled, and the Java Heap may be blocking the growth of the native heap
# Possible solutions:
#   Reduce memory load on the system
#   Increase physical memory or swap space
#   Check if swap backing store is full
#   Decrease Java heap size (-Xmx/-Xms)
#   Decrease number of Java threads
#   Decrease Java thread stack sizes (-Xss)
#   Set larger code cache with -XX:ReservedCodeCacheSize=
#   JVM is running with Unscaled Compressed Oops mode in which the Java heap is
#     placed in the first 4GB address space. The Java Heap base address is the
#     maximum limit for the native heap growth. Please use -XX:HeapBaseMinAddress
#     to set the Java Heap base and to place the Java Heap above 4GB virtual address.
# This output file may be truncated or incomplete.
#
#  Out of Memory Error (./src/hotspot/os/windows/os_windows.cpp:3301), pid=1992, tid=2132
#
# JRE version: OpenJDK Runtime Environment (11.0.10) (build 11.0.10+0-b96-7249189)
# Java VM: OpenJDK 64-Bit Server VM (11.0.10+0-b96-7249189, mixed mode, tiered, compressed oops, g1 gc, windows-amd64)
# No core dump will be written. Minidumps are not enabled by default on client versions of Windows
#

---------------  S U M M A R Y ------------

Command Line: --add-opens=java.base/java.util=ALL-UNNAMED --add-opens=java.base/java.lang=ALL-UNNAMED --add-opens=java.base/java.lang.invoke=ALL-UNNAMED --add-opens=java.base/java.util=ALL-UNNAMED --add-opens=java.prefs/java.util.prefs=ALL-UNNAMED --add-opens=java.prefs/java.util.prefs=ALL-UNNAMED --add-opens=java.base/java.nio.charset=ALL-UNNAMED --add-opens=java.base/java.net=ALL-UNNAMED --add-opens=java.base/java.util.concurrent.atomic=ALL-UNNAMED -Xmx2048m -Dfile.encoding=UTF-8 -Duser.country=US -Duser.language=en -Duser.variant org.gradle.launcher.daemon.bootstrap.GradleDaemon 7.0.2

Host: Intel(R) Core(TM) i5-4210U CPU @ 1.70GHz, 4 cores, 3G,  Windows 10 , 64 bit Build 19041 (10.0.19041.1348)
Time: Fri Nov 26 19:44:04 2021 SE Asia Standard Time elapsed time: 39.890675 seconds (0d 0h 0m 39s)

---------------  T H R E A D  ---------------

Current thread (0x0000025ebbb32800):  VMThread "VM Thread" [stack: 0x0000008702f00000,0x0000008703000000] [id=2132]

Stack: [0x0000008702f00000,0x0000008703000000]
[error occurred during error reporting (printing stack bounds), id 0xc0000005, EXCEPTION_ACCESS_VIOLATION (0xc0000005) at pc=0x0000025ea5310f2d]

Native frames: (J=compiled Java code, j=interpreted, Vv=VM code, C=native code)
V  [jvm.dll+0x5ecfaa]
V  [jvm.dll+0x722bd5]
V  [jvm.dll+0x72412d]
V  [jvm.dll+0x724745]
V  [jvm.dll+0x7246fb]
V  [jvm.dll+0x5ec348]
V  [jvm.dll+0x5ecad8]
C  [ntdll.dll+0xa20cf]
C  [ntdll.dll+0x51454]
C  [ntdll.dll+0xa0bfe]
C  0x0000025ea5310f2d

VM_Operation (0x00000087064f82b0): G1CollectForAllocation, mode: safepoint, requested by thread 0x0000025ec0ee6800


---------------  P R O C E S S  ---------------

Threads class SMR info:
_java_thread_list=0x0000025ec2f25b20, length=58, elements={
0x0000025ea181b800, 0x0000025ebbb3a000, 0x0000025ebbb3d800, 0x0000025ebbb93800,
0x0000025ebbb94800, 0x0000025ebbb99800, 0x0000025ebbba2800, 0x0000025ebbba6800,
0x0000025ebbba8000, 0x0000025ebc637800, 0x0000025ebe898800, 0x0000025ebd5fd800,
0x0000025ebd13e800, 0x0000025ebde83800, 0x0000025ebd98c800, 0x0000025ebcf25000,
0x0000025ebdc81000, 0x0000025ebe9d7000, 0x0000025ebe88d800, 0x0000025ebc6d1000,
0x0000025ebc6d0800, 0x0000025ebc6d2000, 0x0000025ebc6cf000, 0x0000025ebc6ce000,
0x0000025ebc6cf800, 0x0000025ebc6d3000, 0x0000025ebc6d3800, 0x0000025ebc6d4800,
0x0000025ebe798000, 0x0000025ebe79c800, 0x0000025ebe79c000, 0x0000025ebe79d800,
0x0000025ebe79e800, 0x0000025ebe7a0000, 0x0000025ebe79f000, 0x0000025ebe79a800,
0x0000025ebe7a1000, 0x0000025ebe7a5800, 0x0000025ebe7a6800, 0x0000025ebe7a3000,
0x0000025ebe7a5000, 0x0000025ebe7a1800, 0x0000025ebe7a2800, 0x0000025ebe7a4000,
0x0000025ec0ee0000, 0x0000025ec0ee2800, 0x0000025ec0ede800, 0x0000025ec0ee5000,
0x0000025ec0ee6000, 0x0000025ec0ee6800, 0x0000025ec0ee3800, 0x0000025ec0ee1000,
0x0000025ec0ee7800, 0x0000025ec0ee4800, 0x0000025ec0ee2000, 0x0000025ec0ee8800,
0x0000025ec0ee9000, 0x0000025ec0eea000
}

Java Threads: ( => current thread )
  0x0000025ea181b800 JavaThread "main" [_thread_blocked, id=9884, stack(0x0000008702900000,0x0000008702a00000)]
  0x0000025ebbb3a000 JavaThread "Reference Handler" daemon [_thread_blocked, id=9408, stack(0x0000008703000000,0x0000008703100000)]
  0x0000025ebbb3d800 JavaThread "Finalizer" daemon [_thread_blocked, id=9780, stack(0x0000008703100000,0x0000008703200000)]
  0x0000025ebbb93800 JavaThread "Signal Dispatcher" daemon [_thread_blocked, id=9064, stack(0x0000008703200000,0x0000008703300000)]
  0x0000025ebbb94800 JavaThread "Attach Listener" daemon [_thread_blocked, id=960, stack(0x0000008703300000,0x0000008703400000)]
  0x0000025ebbb99800 JavaThread "Service Thread" daemon [_thread_blocked, id=1168, stack(0x0000008703400000,0x0000008703500000)]
  0x0000025ebbba2800 JavaThread "C2 CompilerThread0" daemon [_thread_blocked, id=1928, stack(0x0000008703500000,0x0000008703600000)]
  0x0000025ebbba6800 JavaThread "C1 CompilerThread0" daemon [_thread_blocked, id=2264, stack(0x0000008703600000,0x0000008703700000)]
  0x0000025ebbba8000 JavaThread "Sweeper thread" daemon [_thread_blocked, id=2184, stack(0x0000008703700000,0x0000008703800000)]
  0x0000025ebc637800 JavaThread "Common-Cleaner" daemon [_thread_blocked, id=5180, stack(0x0000008703800000,0x0000008703900000)]
  0x0000025ebe898800 JavaThread "Daemon health stats" [_thread_blocked, id=4172, stack(0x0000008703b00000,0x0000008703c00000)]
  0x0000025ebd5fd800 JavaThread "Incoming local TCP Connector on port 49840" [_thread_in_native, id=5612, stack(0x0000008703c00000,0x0000008703d00000)]
  0x0000025ebd13e800 JavaThread "Daemon periodic checks" [_thread_blocked, id=6020, stack(0x0000008703d00000,0x0000008703e00000)]
  0x0000025ebde83800 JavaThread "Daemon" [_thread_blocked, id=6152, stack(0x0000008703e00000,0x0000008703f00000)]
  0x0000025ebd98c800 JavaThread "Handler for socket connection from /127.0.0.1:49840 to /127.0.0.1:49841" [_thread_in_native, id=6012, stack(0x0000008703f00000,0x0000008704000000)]
  0x0000025ebcf25000 JavaThread "Cancel handler" [_thread_blocked, id=8032, stack(0x0000008704000000,0x0000008704100000)]
  0x0000025ebdc81000 JavaThread "Daemon worker" [_thread_blocked, id=7932, stack(0x0000008704100000,0x0000008704200000)]
  0x0000025ebe9d7000 JavaThread "Asynchronous log dispatcher for DefaultDaemonConnection: socket connection from /127.0.0.1:49840 to /127.0.0.1:49841" [_thread_blocked, id=6448, stack(0x0000008704200000,0x0000008704300000)]
  0x0000025ebe88d800 JavaThread "Stdin handler" [_thread_blocked, id=8004, stack(0x0000008704300000,0x0000008704400000)]
  0x0000025ebc6d1000 JavaThread "Daemon client event forwarder" [_thread_blocked, id=6236, stack(0x0000008704400000,0x0000008704500000)]
  0x0000025ebc6d0800 JavaThread "Cache worker for file hash cache (C:\Program Files\Java\jdk-17.0.1\caches\7.0.2\fileHashes)" [_thread_blocked, id=7480, stack(0x0000008704700000,0x0000008704800000)]
  0x0000025ebc6d2000 JavaThread "File lock request listener" [_thread_in_native, id=9968, stack(0x0000008704800000,0x0000008704900000)]
  0x0000025ebc6cf000 JavaThread "Cache worker for journal cache (C:\Program Files\Java\jdk-17.0.1\caches\journal-1)" [_thread_blocked, id=10212, stack(0x0000008704900000,0x0000008704a00000)]
  0x0000025ebc6ce000 JavaThread "Cache worker for file hash cache (C:\Users\MinhNgan\AndroidStudioProjects\Android_hepat\.gradle\7.0.2\fileHashes)" [_thread_blocked, id=2996, stack(0x0000008704a00000,0x0000008704b00000)]
  0x0000025ebc6cf800 JavaThread "File watcher server" daemon [_thread_blocked, id=8828, stack(0x0000008704b00000,0x0000008704c00000)]
  0x0000025ebc6d3000 JavaThread "File watcher consumer" daemon [_thread_blocked, id=9028, stack(0x0000008704c00000,0x0000008704d00000)]
  0x0000025ebc6d3800 JavaThread "Cache worker for checksums cache (C:\Users\MinhNgan\AndroidStudioProjects\Android_hepat\.gradle\checksums)" [_thread_blocked, id=7056, stack(0x0000008704d00000,0x0000008704e00000)]
  0x0000025ebc6d4800 JavaThread "Cache worker for cache directory md-supplier (C:\Program Files\Java\jdk-17.0.1\caches\7.0.2\md-supplier)" [_thread_blocked, id=7040, stack(0x0000008704e00000,0x0000008704f00000)]
  0x0000025ebe798000 JavaThread "Cache worker for cache directory md-rule (C:\Program Files\Java\jdk-17.0.1\caches\7.0.2\md-rule)" [_thread_blocked, id=6828, stack(0x0000008704f00000,0x0000008705000000)]
  0x0000025ebe79c800 JavaThread "Cache worker for execution history cache (C:\Program Files\Java\jdk-17.0.1\caches\7.0.2\executionHistory)" [_thread_blocked, id=7280, stack(0x0000008705000000,0x0000008705100000)]
  0x0000025ebe79c000 JavaThread "jar transforms" [_thread_blocked, id=1000, stack(0x0000008705100000,0x0000008705200000)]
  0x0000025ebe79d800 JavaThread "jar transforms Thread 2" [_thread_blocked, id=7988, stack(0x0000008705200000,0x0000008705300000)]
  0x0000025ebe79e800 JavaThread "Cache worker for file content cache (C:\Program Files\Java\jdk-17.0.1\caches\7.0.2\fileContent)" [_thread_blocked, id=7520, stack(0x0000008705300000,0x0000008705400000)]
  0x0000025ebe7a0000 JavaThread "Cache worker for dependencies-accessors (C:\Users\MinhNgan\AndroidStudioProjects\Android_hepat\.gradle\7.0.2\dependencies-accessors)" [_thread_blocked, id=5348, stack(0x0000008705400000,0x0000008705500000)]
  0x0000025ebe79f000 JavaThread "jar transforms Thread 3" [_thread_blocked, id=1236, stack(0x0000008705500000,0x0000008705600000)]
  0x0000025ebe79a800 JavaThread "Cache worker for Build Output Cleanup Cache (C:\Users\MinhNgan\AndroidStudioProjects\Android_hepat\.gradle\buildOutputCleanup)" [_thread_blocked, id=7028, stack(0x0000008705600000,0x0000008705700000)]
  0x0000025ebe7a1000 JavaThread "Build operations" [_thread_blocked, id=7636, stack(0x0000008705700000,0x0000008705800000)]
  0x0000025ebe7a5800 JavaThread "Build operations Thread 2" [_thread_blocked, id=7808, stack(0x0000008705800000,0x0000008705900000)]
  0x0000025ebe7a6800 JavaThread "Build operations Thread 3" [_thread_blocked, id=9596, stack(0x0000008705900000,0x0000008705a00000)]
  0x0000025ebe7a3000 JavaThread "Build operations Thread 4" [_thread_blocked, id=3256, stack(0x0000008705a00000,0x0000008705b00000)]
  0x0000025ebe7a5000 JavaThread "jar transforms Thread 4" [_thread_blocked, id=3344, stack(0x0000008705b00000,0x0000008705c00000)]
  0x0000025ebe7a1800 JavaThread "Memory manager" [_thread_blocked, id=2988, stack(0x0000008705c00000,0x0000008705d00000)]
  0x0000025ebe7a2800 JavaThread "build event listener" [_thread_blocked, id=10076, stack(0x0000008705d00000,0x0000008705e00000)]
  0x0000025ebe7a4000 JavaThread "Execution worker for ':'" [_thread_blocked, id=7072, stack(0x0000008705e00000,0x0000008705f00000)]
  0x0000025ec0ee0000 JavaThread "Execution worker for ':' Thread 2" [_thread_blocked, id=6968, stack(0x0000008705f00000,0x0000008706000000)]
  0x0000025ec0ee2800 JavaThread "Execution worker for ':' Thread 3" [_thread_blocked, id=1072, stack(0x0000008706000000,0x0000008706100000)]
  0x0000025ec0ede800 JavaThread "Cache worker for execution history cache (C:\Users\MinhNgan\AndroidStudioProjects\Android_hepat\.gradle\7.0.2\executionHistory)" [_thread_blocked, id=6756, stack(0x0000008706100000,0x0000008706200000)]
  0x0000025ec0ee5000 JavaThread "WorkerExecutor Queue" [_thread_blocked, id=3320, stack(0x0000008706200000,0x0000008706300000)]
  0x0000025ec0ee6000 JavaThread "WorkerExecutor Queue Thread 2" [_thread_blocked, id=3356, stack(0x0000008706300000,0x0000008706400000)]
  0x0000025ec0ee6800 JavaThread "WorkerExecutor Queue Thread 3" [_thread_blocked, id=3180, stack(0x0000008706400000,0x0000008706500000)]
  0x0000025ec0ee3800 JavaThread "WorkerExecutor Queue Thread 4" [_thread_blocked, id=3020, stack(0x0000008706500000,0x0000008706600000)]
  0x0000025ec0ee1000 JavaThread "pool-3-thread-1" [_thread_blocked, id=3212, stack(0x0000008706600000,0x0000008706700000)]
  0x0000025ec0ee7800 JavaThread "stderr" [_thread_in_native, id=3268, stack(0x0000008706700000,0x0000008706800000)]
  0x0000025ec0ee4800 JavaThread "stdout" [_thread_in_native, id=3524, stack(0x0000008706800000,0x0000008706900000)]
  0x0000025ec0ee2000 JavaThread "ForkJoinPool-1-worker-3" daemon [_thread_blocked, id=8024, stack(0x0000008706900000,0x0000008706a00000)]
  0x0000025ec0ee8800 JavaThread "ForkJoinPool-1-worker-5" daemon [_thread_blocked, id=4276, stack(0x0000008706a00000,0x0000008706b00000)]
  0x0000025ec0ee9000 JavaThread "ForkJoinPool-1-worker-7" daemon [_thread_blocked, id=10116, stack(0x0000008706b00000,0x0000008706c00000)]
  0x0000025ec0eea000 JavaThread "ForkJoinPool-1-worker-1" daemon [_thread_blocked, id=5476, stack(0x0000008706c00000,0x0000008706d00000)]

Other Threads:
=>0x0000025ebbb32800 VMThread "VM Thread" [stack: 0x0000008702f00000,0x0000008703000000] [id=2132]
  0x0000025ebc658000 WatcherThread [stack: 0x0000008703900000,0x0000008703a00000] [id=4076]
  0x0000025ea1834800 GCTaskThread "GC Thread#0" [stack: 0x0000008702a00000,0x0000008702b00000] [id=3316]
  0x0000025ebcb69000 GCTaskThread "GC Thread#1" [stack: 0x0000008703a00000,0x0000008703b00000] [id=9012]
  0x0000025ebd90d000 GCTaskThread "GC Thread#2" [stack: 0x0000008704500000,0x0000008704600000] [id=6064]
  0x0000025ebe305800 GCTaskThread "GC Thread#3" [stack: 0x0000008704600000,0x0000008704700000] [id=8808]
  0x0000025ea1864000 ConcurrentGCThread "G1 Main Marker" [stack: 0x0000008702b00000,0x0000008702c00000] [id=3352]
  0x0000025ea1865800 ConcurrentGCThread "G1 Conc#0" [stack: 0x0000008702c00000,0x0000008702d00000] [id=6676]
  0x0000025ea18c0000 ConcurrentGCThread "G1 Refine#0" [stack: 0x0000008702d00000,0x0000008702e00000] [id=9872]
  0x0000025ec2ca9800 ConcurrentGCThread "G1 Refine#1" [stack: 0x0000008706f00000,0x0000008707000000] [id=5820]
  0x0000025ea18c2800 ConcurrentGCThread "G1 Young RemSet Sampling" [stack: 0x0000008702e00000,0x0000008702f00000] [id=2496]

Threads with active compile tasks:
C2 CompilerThread0  39925 11976       4       com.android.tools.r8.dex.z$g::b (20 bytes)

VM state:at safepoint (normal execution)

VM Mutex/Monitor currently owned by a thread:  ([mutex/lock_event])
[0x0000025ea1818c20] Threads_lock - owner thread: 0x0000025ebbb32800
[0x0000025ea1819370] Heap_lock - owner thread: 0x0000025ec0ee6800

Heap address: 0x0000000080000000, size: 2048 MB, Compressed Oops mode: 32-bit
Narrow klass base: 0x0000000000000000, Narrow klass shift: 3
Compressed class space size: 1073741824 Address: 0x0000000100000000

Heap:
 garbage-first heap   total 431104K, used 180384K [0x0000000080000000, 0x0000000100000000)
  region size 1024K, 5 young (5120K), 5 survivors (5120K)
 Metaspace       used 93630K, capacity 96100K, committed 96432K, reserved 1132544K
  class space    used 12315K, capacity 13215K, committed 13312K, reserved 1048576K
Heap Regions: E=young(eden), S=young(survivor), O=old, HS=humongous(starts), HC=humongous(continues), CS=collection set, F=free, A=archive, TAMS=top-at-mark-start (previous, next)
|   0|0x0000000080000000, 0x0000000080100000, 0x0000000080100000|100%|HS|  |TAMS 0x0000000080100000, 0x0000000080000000| Complete 
|   1|0x0000000080100000, 0x0000000080200000, 0x0000000080200000|100%|HC|  |TAMS 0x0000000080200000, 0x0000000080100000| Complete 
|   2|0x0000000080200000, 0x0000000080300000, 0x0000000080300000|100%|HC|  |TAMS 0x0000000080300000, 0x0000000080200000| Complete 
|   3|0x0000000080300000, 0x0000000080400000, 0x0000000080400000|100%| O|  |TAMS 0x0000000080400000, 0x0000000080300000| Untracked 
|   4|0x0000000080400000, 0x0000000080500000, 0x0000000080500000|100%| O|  |TAMS 0x0000000080500000, 0x0000000080400000| Untracked 
|   5|0x0000000080500000, 0x0000000080600000, 0x0000000080600000|100%| O|  |TAMS 0x0000000080600000, 0x0000000080500000| Untracked 
|   6|0x0000000080600000, 0x0000000080700000, 0x0000000080700000|100%| O|  |TAMS 0x0000000080700000, 0x0000000080600000| Untracked 
|   7|0x0000000080700000, 0x0000000080800000, 0x0000000080800000|100%| O|  |TAMS 0x0000000080800000, 0x0000000080700000| Complete 
|   8|0x0000000080800000, 0x0000000080900000, 0x0000000080900000|100%| O|  |TAMS 0x0000000080900000, 0x0000000080800000| Untracked 
|   9|0x0000000080900000, 0x0000000080a00000, 0x0000000080a00000|100%| O|  |TAMS 0x0000000080a00000, 0x0000000080900000| Untracked 
|  10|0x0000000080a00000, 0x0000000080b00000, 0x0000000080b00000|100%| O|  |TAMS 0x0000000080b00000, 0x0000000080a00000| Complete 
|  11|0x0000000080b00000, 0x0000000080c00000, 0x0000000080c00000|100%| O|  |TAMS 0x0000000080c00000, 0x0000000080b00000| Untracked 
|  12|0x0000000080c00000, 0x0000000080d00000, 0x0000000080d00000|100%| O|  |TAMS 0x0000000080d00000, 0x0000000080c00000| Untracked 
|  13|0x0000000080d00000, 0x0000000080e00000, 0x0000000080e00000|100%| O|  |TAMS 0x0000000080e00000, 0x0000000080d00000| Untracked 
|  14|0x0000000080e00000, 0x0000000080f00000, 0x0000000080f00000|100%| O|  |TAMS 0x0000000080f00000, 0x0000000080e00000| Untracked 
|  15|0x0000000080f00000, 0x0000000081000000, 0x0000000081000000|100%| O|  |TAMS 0x0000000081000000, 0x0000000080f00000| Untracked 
|  16|0x0000000081000000, 0x0000000081100000, 0x0000000081100000|100%| O|  |TAMS 0x0000000081100000, 0x0000000081000000| Untracked 
|  17|0x0000000081100000, 0x0000000081200000, 0x0000000081200000|100%| O|  |TAMS 0x0000000081200000, 0x0000000081100000| Untracked 
|  18|0x0000000081200000, 0x0000000081300000, 0x0000000081300000|100%| O|  |TAMS 0x0000000081300000, 0x0000000081200000| Untracked 
|  19|0x0000000081300000, 0x0000000081400000, 0x0000000081400000|100%| O|  |TAMS 0x0000000081400000, 0x0000000081300000| Untracked 
|  20|0x0000000081400000, 0x0000000081500000, 0x0000000081500000|100%| O|  |TAMS 0x0000000081500000, 0x0000000081400000| Untracked 
|  21|0x0000000081500000, 0x0000000081600000, 0x0000000081600000|100%| O|  |TAMS 0x0000000081600000, 0x0000000081500000| Untracked 
|  22|0x0000000081600000, 0x0000000081700000, 0x0000000081700000|100%| O|  |TAMS 0x0000000081700000, 0x0000000081600000| Untracked 
|  23|0x0000000081700000, 0x0000000081800000, 0x0000000081800000|100%| O|  |TAMS 0x0000000081800000, 0x0000000081700000| Untracked 
|  24|0x0000000081800000, 0x0000000081900000, 0x0000000081900000|100%| O|  |TAMS 0x0000000081900000, 0x0000000081800000| Untracked 
|  25|0x0000000081900000, 0x0000000081a00000, 0x0000000081a00000|100%| O|  |TAMS 0x0000000081a00000, 0x0000000081900000| Untracked 
|  26|0x0000000081a00000, 0x0000000081b00000, 0x0000000081b00000|100%| O|  |TAMS 0x0000000081b00000, 0x0000000081a00000| Complete 
|  27|0x0000000081b00000, 0x0000000081c00000, 0x0000000081c00000|100%|HS|  |TAMS 0x0000000081c00000, 0x0000000081b00000| Complete 
|  28|0x0000000081c00000, 0x0000000081d00000, 0x0000000081d00000|100%|HS|  |TAMS 0x0000000081d00000, 0x0000000081c00000| Complete 
|  29|0x0000000081d00000, 0x0000000081e00000, 0x0000000081e00000|100%| O|  |TAMS 0x0000000081e00000, 0x0000000081d00000| Untracked 
|  30|0x0000000081e00000, 0x0000000081f00000, 0x0000000081f00000|100%| O|  |TAMS 0x0000000081f00000, 0x0000000081e00000| Untracked 
|  31|0x0000000081f00000, 0x0000000082000000, 0x0000000082000000|100%| O|  |TAMS 0x0000000082000000, 0x0000000081f00000| Untracked 
|  32|0x0000000082000000, 0x0000000082100000, 0x0000000082100000|100%| O|  |TAMS 0x0000000082100000, 0x0000000082000000| Untracked 
|  33|0x0000000082100000, 0x0000000082200000, 0x0000000082200000|100%|HS|  |TAMS 0x0000000082200000, 0x0000000082100000| Complete 
|  34|0x0000000082200000, 0x0000000082300000, 0x0000000082300000|100%|HC|  |TAMS 0x0000000082300000, 0x0000000082200000| Complete 
|  35|0x0000000082300000, 0x0000000082400000, 0x0000000082400000|100%| O|  |TAMS 0x0000000082400000, 0x0000000082300000| Complete 
|  36|0x0000000082400000, 0x0000000082500000, 0x0000000082500000|100%| O|  |TAMS 0x0000000082500000, 0x0000000082400000| Untracked 
|  37|0x0000000082500000, 0x0000000082600000, 0x0000000082600000|100%| O|  |TAMS 0x0000000082600000, 0x0000000082500000| Untracked 
|  38|0x0000000082600000, 0x0000000082700000, 0x0000000082700000|100%| O|  |TAMS 0x0000000082700000, 0x0000000082600000| Complete 
|  39|0x0000000082700000, 0x0000000082800000, 0x0000000082800000|100%| O|  |TAMS 0x0000000082800000, 0x0000000082700000| Untracked 
|  40|0x0000000082800000, 0x0000000082900000, 0x0000000082900000|100%| O|  |TAMS 0x0000000082900000, 0x0000000082800000| Complete 
|  41|0x0000000082900000, 0x0000000082a00000, 0x0000000082a00000|100%| O|  |TAMS 0x0000000082a00000, 0x0000000082900000| Untracked 
|  42|0x0000000082a00000, 0x0000000082b00000, 0x0000000082b00000|100%| O|  |TAMS 0x0000000082b00000, 0x0000000082a00000| Untracked 
|  43|0x0000000082b00000, 0x0000000082c00000, 0x0000000082c00000|100%| O|  |TAMS 0x0000000082c00000, 0x0000000082b00000| Untracked 
|  44|0x0000000082c00000, 0x0000000082d00000, 0x0000000082d00000|100%| O|  |TAMS 0x0000000082d00000, 0x0000000082c00000| Untracked 
|  45|0x0000000082d00000, 0x0000000082e00000, 0x0000000082e00000|100%| O|  |TAMS 0x0000000082e00000, 0x0000000082d00000| Untracked 
|  46|0x0000000082e00000, 0x0000000082f00000, 0x0000000082f00000|100%| O|  |TAMS 0x0000000082f00000, 0x0000000082e00000| Untracked 
|  47|0x0000000082f00000, 0x0000000083000000, 0x0000000083000000|100%| O|  |TAMS 0x0000000083000000, 0x0000000082f00000| Untracked 
|  48|0x0000000083000000, 0x0000000083100000, 0x0000000083100000|100%| O|  |TAMS 0x0000000083100000, 0x0000000083000000| Complete 
|  49|0x0000000083100000, 0x0000000083200000, 0x0000000083200000|100%| O|  |TAMS 0x0000000083200000, 0x0000000083100000| Untracked 
|  50|0x0000000083200000, 0x0000000083300000, 0x0000000083300000|100%| O|  |TAMS 0x0000000083300000, 0x0000000083200000| Untracked 
|  51|0x0000000083300000, 0x0000000083400000, 0x0000000083400000|100%| O|  |TAMS 0x0000000083400000, 0x0000000083300000| Untracked 
|  52|0x0000000083400000, 0x0000000083500000, 0x0000000083500000|100%| O|  |TAMS 0x0000000083500000, 0x0000000083400000| Complete 
|  53|0x0000000083500000, 0x0000000083600000, 0x0000000083600000|100%| O|  |TAMS 0x0000000083600000, 0x0000000083500000| Untracked 
|  54|0x0000000083600000, 0x0000000083700000, 0x0000000083700000|100%| O|  |TAMS 0x0000000083700000, 0x0000000083600000| Complete 
|  55|0x0000000083700000, 0x0000000083800000, 0x0000000083800000|100%| O|  |TAMS 0x0000000083800000, 0x0000000083700000| Untracked 
|  56|0x0000000083800000, 0x0000000083900000, 0x0000000083900000|100%| O|  |TAMS 0x0000000083900000, 0x0000000083800000| Untracked 
|  57|0x0000000083900000, 0x0000000083a00000, 0x0000000083a00000|100%| O|  |TAMS 0x0000000083a00000, 0x0000000083900000| Complete 
|  58|0x0000000083a00000, 0x0000000083b00000, 0x0000000083b00000|100%| O|  |TAMS 0x0000000083b00000, 0x0000000083a00000| Untracked 
|  59|0x0000000083b00000, 0x0000000083c00000, 0x0000000083c00000|100%| O|  |TAMS 0x0000000083c00000, 0x0000000083b00000| Untracked 
|  60|0x0000000083c00000, 0x0000000083d00000, 0x0000000083d00000|100%| O|  |TAMS 0x0000000083d00000, 0x0000000083c00000| Untracked 
|  61|0x0000000083d00000, 0x0000000083e00000, 0x0000000083e00000|100%| O|  |TAMS 0x0000000083e00000, 0x0000000083d00000| Complete 
|  62|0x0000000083e00000, 0x0000000083f00000, 0x0000000083f00000|100%| O|  |TAMS 0x0000000083f00000, 0x0000000083e00000| Untracked 
|  63|0x0000000083f00000, 0x0000000084000000, 0x0000000084000000|100%| O|  |TAMS 0x0000000084000000, 0x0000000083f00000| Untracked 
|  64|0x0000000084000000, 0x0000000084100000, 0x0000000084100000|100%| O|  |TAMS 0x0000000084100000, 0x0000000084000000| Untracked 
|  65|0x0000000084100000, 0x0000000084200000, 0x0000000084200000|100%| O|  |TAMS 0x0000000084200000, 0x0000000084100000| Untracked 
|  66|0x0000000084200000, 0x0000000084300000, 0x0000000084300000|100%| O|  |TAMS 0x0000000084300000, 0x0000000084200000| Complete 
|  67|0x0000000084300000, 0x0000000084400000, 0x0000000084400000|100%| O|  |TAMS 0x0000000084400000, 0x0000000084300000| Untracked 
|  68|0x0000000084400000, 0x0000000084500000, 0x0000000084500000|100%| O|  |TAMS 0x0000000084500000, 0x0000000084400000| Untracked 
|  69|0x0000000084500000, 0x0000000084600000, 0x0000000084600000|100%| O|  |TAMS 0x0000000084600000, 0x0000000084500000| Untracked 
|  70|0x0000000084600000, 0x0000000084700000, 0x0000000084700000|100%| O|  |TAMS 0x0000000084700000, 0x0000000084600000| Untracked 
|  71|0x0000000084700000, 0x0000000084800000, 0x0000000084800000|100%| O|  |TAMS 0x0000000084800000, 0x0000000084700000| Untracked 
|  72|0x0000000084800000, 0x0000000084900000, 0x0000000084900000|100%| O|  |TAMS 0x0000000084900000, 0x0000000084800000| Complete 
|  73|0x0000000084900000, 0x0000000084a00000, 0x0000000084a00000|100%|HS|  |TAMS 0x0000000084a00000, 0x0000000084900000| Complete 
|  74|0x0000000084a00000, 0x0000000084b00000, 0x0000000084b00000|100%|HC|  |TAMS 0x0000000084b00000, 0x0000000084a00000| Complete 
|  75|0x0000000084b00000, 0x0000000084c00000, 0x0000000084c00000|100%|HS|  |TAMS 0x0000000084c00000, 0x0000000084b00000| Complete 
|  76|0x0000000084c00000, 0x0000000084d00000, 0x0000000084d00000|100%|HS|  |TAMS 0x0000000084d00000, 0x0000000084c00000| Complete 
|  77|0x0000000084d00000, 0x0000000084e00000, 0x0000000084e00000|100%|HS|  |TAMS 0x0000000084e00000, 0x0000000084d00000| Complete 
|  78|0x0000000084e00000, 0x0000000084f00000, 0x0000000084f00000|100%|HS|  |TAMS 0x0000000084f00000, 0x0000000084e00000| Complete 
|  79|0x0000000084f00000, 0x0000000085000000, 0x0000000085000000|100%|HS|  |TAMS 0x0000000084f00000, 0x0000000084f00000| Complete 
|  80|0x0000000085000000, 0x0000000085100000, 0x0000000085100000|100%|HS|  |TAMS 0x0000000085100000, 0x0000000085000000| Complete 
|  81|0x0000000085100000, 0x0000000085200000, 0x0000000085200000|100%|HS|  |TAMS 0x0000000085100000, 0x0000000085100000| Complete 
|  82|0x0000000085200000, 0x0000000085300000, 0x0000000085300000|100%|HS|  |TAMS 0x0000000085200000, 0x0000000085200000| Complete 
|  83|0x0000000085300000, 0x0000000085400000, 0x0000000085400000|100%|HC|  |TAMS 0x0000000085300000, 0x0000000085300000| Complete 
|  84|0x0000000085400000, 0x0000000085500000, 0x0000000085500000|100%| O|  |TAMS 0x0000000085400000, 0x0000000085400000| Untracked 
|  85|0x0000000085500000, 0x0000000085600000, 0x0000000085600000|100%|HS|  |TAMS 0x0000000085600000, 0x0000000085500000| Complete 
|  86|0x0000000085600000, 0x0000000085700000, 0x0000000085700000|100%| O|  |TAMS 0x0000000085700000, 0x0000000085600000| Untracked 
|  87|0x0000000085700000, 0x0000000085800000, 0x0000000085800000|100%| O|  |TAMS 0x0000000085800000, 0x0000000085700000| Untracked 
|  88|0x0000000085800000, 0x0000000085900000, 0x0000000085900000|100%| O|  |TAMS 0x0000000085900000, 0x0000000085800000| Untracked 
|  89|0x0000000085900000, 0x0000000085a00000, 0x0000000085a00000|100%| O|  |TAMS 0x0000000085a00000, 0x0000000085900000| Untracked 
|  90|0x0000000085a00000, 0x0000000085b00000, 0x0000000085b00000|100%| O|  |TAMS 0x0000000085b00000, 0x0000000085a00000| Untracked 
|  91|0x0000000085b00000, 0x0000000085c00000, 0x0000000085c00000|100%| O|  |TAMS 0x0000000085b00000, 0x0000000085b00000| Untracked 
|  92|0x0000000085c00000, 0x0000000085d00000, 0x0000000085d00000|100%| O|  |TAMS 0x0000000085d00000, 0x0000000085c00000| Untracked 
|  93|0x0000000085d00000, 0x0000000085e00000, 0x0000000085e00000|100%| O|  |TAMS 0x0000000085e00000, 0x0000000085d00000| Untracked 
|  94|0x0000000085e00000, 0x0000000085f00000, 0x0000000085f00000|100%| O|  |TAMS 0x0000000085f00000, 0x0000000085e00000| Untracked 
|  95|0x0000000085f00000, 0x0000000086000000, 0x0000000086000000|100%| O|  |TAMS 0x0000000086000000, 0x0000000085f00000| Complete 
|  96|0x0000000086000000, 0x0000000086100000, 0x0000000086100000|100%| O|  |TAMS 0x0000000086100000, 0x0000000086000000| Untracked 
|  97|0x0000000086100000, 0x0000000086200000, 0x0000000086200000|100%| O|  |TAMS 0x0000000086200000, 0x0000000086100000| Untracked 
|  98|0x0000000086200000, 0x0000000086300000, 0x0000000086300000|100%| O|  |TAMS 0x0000000086300000, 0x0000000086200000| Untracked 
|  99|0x0000000086300000, 0x0000000086400000, 0x0000000086400000|100%| O|  |TAMS 0x0000000086400000, 0x0000000086300000| Untracked 
| 100|0x0000000086400000, 0x0000000086500000, 0x0000000086500000|100%| O|  |TAMS 0x0000000086500000, 0x0000000086400000| Complete 
| 101|0x0000000086500000, 0x0000000086600000, 0x0000000086600000|100%| O|  |TAMS 0x0000000086600000, 0x0000000086500000| Complete 
| 102|0x0000000086600000, 0x0000000086700000, 0x0000000086700000|100%| O|  |TAMS 0x0000000086700000, 0x0000000086600000| Complete 
| 103|0x0000000086700000, 0x0000000086800000, 0x0000000086800000|100%| O|  |TAMS 0x0000000086800000, 0x0000000086700000| Complete 
| 104|0x0000000086800000, 0x0000000086900000, 0x0000000086900000|100%| O|  |TAMS 0x0000000086900000, 0x0000000086800000| Complete 
| 105|0x0000000086900000, 0x0000000086a00000, 0x0000000086a00000|100%| O|  |TAMS 0x0000000086a00000, 0x0000000086900000| Complete 
| 106|0x0000000086a00000, 0x0000000086b00000, 0x0000000086b00000|100%| O|  |TAMS 0x0000000086b00000, 0x0000000086a00000| Complete 
| 107|0x0000000086b00000, 0x0000000086c00000, 0x0000000086c00000|100%| O|  |TAMS 0x0000000086c00000, 0x0000000086b00000| Complete 
| 108|0x0000000086c00000, 0x0000000086d00000, 0x0000000086d00000|100%| O|  |TAMS 0x0000000086d00000, 0x0000000086c00000| Untracked 
| 109|0x0000000086d00000, 0x0000000086e00000, 0x0000000086e00000|100%| O|  |TAMS 0x0000000086e00000, 0x0000000086d00000| Untracked 
| 110|0x0000000086e00000, 0x0000000086f00000, 0x0000000086f00000|100%| O|  |TAMS 0x0000000086f00000, 0x0000000086e00000| Complete 
| 111|0x0000000086f00000, 0x0000000087000000, 0x0000000087000000|100%| O|  |TAMS 0x0000000087000000, 0x0000000086f00000| Untracked 
| 112|0x0000000087000000, 0x0000000087100000, 0x0000000087100000|100%| O|  |TAMS 0x0000000087100000, 0x0000000087000000| Untracked 
| 113|0x0000000087100000, 0x0000000087200000, 0x0000000087200000|100%| O|  |TAMS 0x0000000087200000, 0x0000000087100000| Untracked 
| 114|0x0000000087200000, 0x0000000087300000, 0x0000000087300000|100%| O|  |TAMS 0x0000000087300000, 0x0000000087200000| Untracked 
| 115|0x0000000087300000, 0x0000000087400000, 0x0000000087400000|100%| O|  |TAMS 0x0000000087400000, 0x0000000087300000| Untracked 
| 116|0x0000000087400000, 0x0000000087500000, 0x0000000087500000|100%| O|  |TAMS 0x0000000087500000, 0x0000000087400000| Untracked 
| 117|0x0000000087500000, 0x0000000087600000, 0x0000000087600000|100%| O|  |TAMS 0x0000000087600000, 0x0000000087500000| Untracked 
| 118|0x0000000087600000, 0x0000000087700000, 0x0000000087700000|100%| O|  |TAMS 0x0000000087700000, 0x0000000087600000| Complete 
| 119|0x0000000087700000, 0x0000000087800000, 0x0000000087800000|100%| O|  |TAMS 0x0000000087800000, 0x0000000087700000| Complete 
| 120|0x0000000087800000, 0x0000000087900000, 0x0000000087900000|100%| O|  |TAMS 0x0000000087900000, 0x0000000087800000| Complete 
| 121|0x0000000087900000, 0x0000000087a00000, 0x0000000087a00000|100%| O|  |TAMS 0x0000000087a00000, 0x0000000087900000| Untracked 
| 122|0x0000000087a00000, 0x0000000087b00000, 0x0000000087b00000|100%| O|  |TAMS 0x0000000087b00000, 0x0000000087a00000| Untracked 
| 123|0x0000000087b00000, 0x0000000087c00000, 0x0000000087c00000|100%| O|  |TAMS 0x0000000087c00000, 0x0000000087b00000| Complete 
| 124|0x0000000087c00000, 0x0000000087d00000, 0x0000000087d00000|100%| O|  |TAMS 0x0000000087d00000, 0x0000000087c00000| Untracked 
| 125|0x0000000087d00000, 0x0000000087e00000, 0x0000000087e00000|100%| O|  |TAMS 0x0000000087e00000, 0x0000000087d00000| Complete 
| 126|0x0000000087e00000, 0x0000000087f00000, 0x0000000087f00000|100%| O|  |TAMS 0x0000000087f00000, 0x0000000087e00000| Untracked 
| 127|0x0000000087f00000, 0x0000000088000000, 0x0000000088000000|100%| O|  |TAMS 0x0000000088000000, 0x0000000087f00000| Untracked 
| 128|0x0000000088000000, 0x0000000088100000, 0x0000000088100000|100%| O|  |TAMS 0x0000000088100000, 0x0000000088000000| Untracked 
| 129|0x0000000088100000, 0x0000000088200000, 0x0000000088200000|100%| O|  |TAMS 0x0000000088200000, 0x0000000088100000| Untracked 
| 130|0x0000000088200000, 0x0000000088300000, 0x0000000088300000|100%| O|  |TAMS 0x0000000088300000, 0x0000000088200000| Untracked 
| 131|0x0000000088300000, 0x0000000088400000, 0x0000000088400000|100%| O|  |TAMS 0x0000000088400000, 0x0000000088300000| Untracked 
| 132|0x0000000088400000, 0x0000000088500000, 0x0000000088500000|100%| O|  |TAMS 0x0000000088500000, 0x0000000088400000| Untracked 
| 133|0x0000000088500000, 0x0000000088600000, 0x0000000088600000|100%| O|  |TAMS 0x0000000088600000, 0x0000000088500000| Untracked 
| 134|0x0000000088600000, 0x0000000088700000, 0x0000000088700000|100%| O|  |TAMS 0x0000000088700000, 0x0000000088600000| Untracked 
| 135|0x0000000088700000, 0x0000000088800000, 0x0000000088800000|100%| O|  |TAMS 0x0000000088800000, 0x0000000088700000| Untracked 
| 136|0x0000000088800000, 0x0000000088900000, 0x0000000088900000|100%| O|  |TAMS 0x0000000088900000, 0x0000000088800000| Untracked 
| 137|0x0000000088900000, 0x0000000088a00000, 0x0000000088a00000|100%| O|  |TAMS 0x0000000088a00000, 0x0000000088900000| Untracked 
| 138|0x0000000088a00000, 0x0000000088b00000, 0x0000000088b00000|100%| O|  |TAMS 0x0000000088b00000, 0x0000000088a00000| Complete 
| 139|0x0000000088b00000, 0x0000000088c00000, 0x0000000088c00000|100%| O|  |TAMS 0x0000000088c00000, 0x0000000088b00000| Untracked 
| 140|0x0000000088c00000, 0x0000000088d00000, 0x0000000088d00000|100%| O|  |TAMS 0x0000000088d00000, 0x0000000088c00000| Untracked 
| 141|0x0000000088d00000, 0x0000000088e00000, 0x0000000088e00000|100%| O|  |TAMS 0x0000000088e00000, 0x0000000088d00000| Complete 
| 142|0x0000000088e00000, 0x0000000088f00000, 0x0000000088f00000|100%| O|  |TAMS 0x0000000088f00000, 0x0000000088e00000| Complete 
| 143|0x0000000088f00000, 0x0000000089000000, 0x0000000089000000|100%| O|  |TAMS 0x0000000089000000, 0x0000000088f00000| Untracked 
| 144|0x0000000089000000, 0x0000000089100000, 0x0000000089100000|100%| O|  |TAMS 0x0000000089100000, 0x0000000089000000| Complete 
| 145|0x0000000089100000, 0x0000000089200000, 0x0000000089200000|100%| O|  |TAMS 0x0000000089200000, 0x0000000089100000| Complete 
| 146|0x0000000089200000, 0x0000000089300000, 0x0000000089300000|100%| O|  |TAMS 0x0000000089300000, 0x0000000089200000| Untracked 
| 147|0x0000000089300000, 0x0000000089400000, 0x0000000089400000|100%| O|  |TAMS 0x0000000089400000, 0x0000000089300000| Complete 
| 148|0x0000000089400000, 0x0000000089500000, 0x0000000089500000|100%| O|  |TAMS 0x0000000089500000, 0x0000000089400000| Complete 
| 149|0x0000000089500000, 0x0000000089600000, 0x0000000089600000|100%| O|  |TAMS 0x0000000089600000, 0x0000000089500000| Complete 
| 150|0x0000000089600000, 0x0000000089700000, 0x0000000089700000|100%| O|  |TAMS 0x0000000089700000, 0x0000000089600000| Untracked 
| 151|0x0000000089700000, 0x0000000089800000, 0x0000000089800000|100%| O|  |TAMS 0x0000000089800000, 0x0000000089700000| Untracked 
| 152|0x0000000089800000, 0x0000000089900000, 0x0000000089900000|100%| O|  |TAMS 0x0000000089900000, 0x0000000089800000| Untracked 
| 153|0x0000000089900000, 0x0000000089a00000, 0x0000000089a00000|100%| O|  |TAMS 0x0000000089a00000, 0x0000000089900000| Untracked 
| 154|0x0000000089a00000, 0x0000000089b00000, 0x0000000089b00000|100%| O|  |TAMS 0x0000000089b00000, 0x0000000089a00000| Untracked 
| 155|0x0000000089b00000, 0x0000000089c00000, 0x0000000089c00000|100%| O|  |TAMS 0x0000000089c00000, 0x0000000089b00000| Untracked 
| 156|0x0000000089c00000, 0x0000000089d00000, 0x0000000089d00000|100%| O|  |TAMS 0x0000000089d00000, 0x0000000089c00000| Complete 
| 157|0x0000000089d00000, 0x0000000089e00000, 0x0000000089e00000|100%| O|  |TAMS 0x0000000089e00000, 0x0000000089d00000| Complete 
| 158|0x0000000089e00000, 0x0000000089f00000, 0x0000000089f00000|100%| O|  |TAMS 0x0000000089f00000, 0x0000000089e00000| Complete 
| 159|0x0000000089f00000, 0x000000008a000000, 0x000000008a000000|100%| O|  |TAMS 0x000000008a000000, 0x0000000089f00000| Untracked 
| 160|0x000000008a000000, 0x000000008a100000, 0x000000008a100000|100%| O|  |TAMS 0x000000008a100000, 0x000000008a000000| Complete 
| 161|0x000000008a100000, 0x000000008a200000, 0x000000008a200000|100%| O|  |TAMS 0x000000008a200000, 0x000000008a100000| Complete 
| 162|0x000000008a200000, 0x000000008a300000, 0x000000008a300000|100%| O|  |TAMS 0x000000008a300000, 0x000000008a200000| Untracked 
| 163|0x000000008a300000, 0x000000008a400000, 0x000000008a400000|100%| O|  |TAMS 0x000000008a400000, 0x000000008a300000| Complete 
| 164|0x000000008a400000, 0x000000008a500000, 0x000000008a500000|100%| O|  |TAMS 0x000000008a500000, 0x000000008a400000| Untracked 
| 165|0x000000008a500000, 0x000000008a600000, 0x000000008a600000|100%| O|  |TAMS 0x000000008a600000, 0x000000008a500000| Complete 
| 166|0x000000008a600000, 0x000000008a700000, 0x000000008a700000|100%| O|  |TAMS 0x000000008a700000, 0x000000008a600000| Complete 
| 167|0x000000008a700000, 0x000000008a800000, 0x000000008a800000|100%| O|  |TAMS 0x000000008a800000, 0x000000008a700000| Untracked 
| 168|0x000000008a800000, 0x000000008a900000, 0x000000008a900000|100%|HS|  |TAMS 0x000000008a800000, 0x000000008a800000| Complete 
| 169|0x000000008a900000, 0x000000008aa00000, 0x000000008aa00000|100%|HS|  |TAMS 0x000000008a900000, 0x000000008a900000| Complete 
| 170|0x000000008aa00000, 0x000000008ab00000, 0x000000008ab00000|100%|HC|  |TAMS 0x000000008aa00000, 0x000000008aa00000| Complete 
| 171|0x000000008ab00000, 0x000000008aba2c00, 0x000000008ac00000| 63%| O|  |TAMS 0x000000008ab00000, 0x000000008ab00000| Untracked 
| 172|0x000000008ac00000, 0x000000008ac00000, 0x000000008ad00000|  0%| F|  |TAMS 0x000000008ac00000, 0x000000008ac00000| Untracked 
| 173|0x000000008ad00000, 0x000000008ad00000, 0x000000008ae00000|  0%| F|  |TAMS 0x000000008ad00000, 0x000000008ad00000| Untracked 
| 174|0x000000008ae00000, 0x000000008ae00000, 0x000000008af00000|  0%| F|  |TAMS 0x000000008ae00000, 0x000000008ae00000| Untracked 
| 175|0x000000008af00000, 0x000000008af00000, 0x000000008b000000|  0%| F|  |TAMS 0x000000008af00000, 0x000000008af00000| Untracked 
| 176|0x000000008b000000, 0x000000008b000000, 0x000000008b100000|  0%| F|  |TAMS 0x000000008b000000, 0x000000008b000000| Untracked 
| 177|0x000000008b100000, 0x000000008b100000, 0x000000008b200000|  0%| F|  |TAMS 0x000000008b100000, 0x000000008b100000| Untracked 
| 178|0x000000008b200000, 0x000000008b200000, 0x000000008b300000|  0%| F|  |TAMS 0x000000008b200000, 0x000000008b200000| Untracked 
| 179|0x000000008b300000, 0x000000008b300000, 0x000000008b400000|  0%| F|  |TAMS 0x000000008b300000, 0x000000008b300000| Untracked 
| 180|0x000000008b400000, 0x000000008b400000, 0x000000008b500000|  0%| F|  |TAMS 0x000000008b400000, 0x000000008b400000| Untracked 
| 181|0x000000008b500000, 0x000000008b500000, 0x000000008b600000|  0%| F|  |TAMS 0x000000008b500000, 0x000000008b500000| Untracked 
| 182|0x000000008b600000, 0x000000008b600000, 0x000000008b700000|  0%| F|  |TAMS 0x000000008b600000, 0x000000008b600000| Untracked 
| 183|0x000000008b700000, 0x000000008b700000, 0x000000008b800000|  0%| F|  |TAMS 0x000000008b700000, 0x000000008b700000| Untracked 
| 184|0x000000008b800000, 0x000000008b800000, 0x000000008b900000|  0%| F|  |TAMS 0x000000008b800000, 0x000000008b800000| Untracked 
| 185|0x000000008b900000, 0x000000008b900000, 0x000000008ba00000|  0%| F|  |TAMS 0x000000008b900000, 0x000000008b900000| Untracked 
| 186|0x000000008ba00000, 0x000000008ba00000, 0x000000008bb00000|  0%| F|  |TAMS 0x000000008ba00000, 0x000000008ba00000| Untracked 
| 187|0x000000008bb00000, 0x000000008bb00000, 0x000000008bc00000|  0%| F|  |TAMS 0x000000008bb00000, 0x000000008bb00000| Untracked 
| 188|0x000000008bc00000, 0x000000008bc00000, 0x000000008bd00000|  0%| F|  |TAMS 0x000000008bc00000, 0x000000008bc00000| Untracked 
| 189|0x000000008bd00000, 0x000000008bd00000, 0x000000008be00000|  0%| F|  |TAMS 0x000000008bd00000, 0x000000008bd00000| Untracked 
| 190|0x000000008be00000, 0x000000008be00000, 0x000000008bf00000|  0%| F|  |TAMS 0x000000008be00000, 0x000000008be00000| Untracked 
| 191|0x000000008bf00000, 0x000000008bf00000, 0x000000008c000000|  0%| F|  |TAMS 0x000000008bf00000, 0x000000008bf00000| Untracked 
| 192|0x000000008c000000, 0x000000008c000000, 0x000000008c100000|  0%| F|  |TAMS 0x000000008c000000, 0x000000008c000000| Untracked 
| 193|0x000000008c100000, 0x000000008c100000, 0x000000008c200000|  0%| F|  |TAMS 0x000000008c100000, 0x000000008c100000| Untracked 
| 194|0x000000008c200000, 0x000000008c200000, 0x000000008c300000|  0%| F|  |TAMS 0x000000008c200000, 0x000000008c200000| Untracked 
| 195|0x000000008c300000, 0x000000008c300000, 0x000000008c400000|  0%| F|  |TAMS 0x000000008c300000, 0x000000008c300000| Untracked 
| 196|0x000000008c400000, 0x000000008c400000, 0x000000008c500000|  0%| F|  |TAMS 0x000000008c400000, 0x000000008c400000| Untracked 
| 197|0x000000008c500000, 0x000000008c500000, 0x000000008c600000|  0%| F|  |TAMS 0x000000008c500000, 0x000000008c500000| Untracked 
| 198|0x000000008c600000, 0x000000008c600000, 0x000000008c700000|  0%| F|  |TAMS 0x000000008c600000, 0x000000008c600000| Untracked 
| 199|0x000000008c700000, 0x000000008c700000, 0x000000008c800000|  0%| F|  |TAMS 0x000000008c700000, 0x000000008c700000| Untracked 
| 200|0x000000008c800000, 0x000000008c800000, 0x000000008c900000|  0%| F|  |TAMS 0x000000008c800000, 0x000000008c800000| Untracked 
| 201|0x000000008c900000, 0x000000008c900000, 0x000000008ca00000|  0%| F|  |TAMS 0x000000008c900000, 0x000000008c900000| Untracked 
| 202|0x000000008ca00000, 0x000000008ca00000, 0x000000008cb00000|  0%| F|  |TAMS 0x000000008ca00000, 0x000000008ca00000| Untracked 
| 203|0x000000008cb00000, 0x000000008cb00000, 0x000000008cc00000|  0%| F|  |TAMS 0x000000008cb00000, 0x000000008cb00000| Untracked 
| 204|0x000000008cc00000, 0x000000008cc00000, 0x000000008cd00000|  0%| F|  |TAMS 0x000000008cc00000, 0x000000008cc00000| Untracked 
| 205|0x000000008cd00000, 0x000000008cd00000, 0x000000008ce00000|  0%| F|  |TAMS 0x000000008cd00000, 0x000000008cd00000| Untracked 
| 206|0x000000008ce00000, 0x000000008ce00000, 0x000000008cf00000|  0%| F|  |TAMS 0x000000008ce00000, 0x000000008ce00000| Untracked 
| 207|0x000000008cf00000, 0x000000008cf00000, 0x000000008d000000|  0%| F|  |TAMS 0x000000008cf00000, 0x000000008cf00000| Untracked 
| 208|0x000000008d000000, 0x000000008d000000, 0x000000008d100000|  0%| F|  |TAMS 0x000000008d000000, 0x000000008d000000| Untracked 
| 209|0x000000008d100000, 0x000000008d100000, 0x000000008d200000|  0%| F|  |TAMS 0x000000008d100000, 0x000000008d100000| Untracked 
| 210|0x000000008d200000, 0x000000008d200000, 0x000000008d300000|  0%| F|  |TAMS 0x000000008d200000, 0x000000008d200000| Untracked 
| 211|0x000000008d300000, 0x000000008d300000, 0x000000008d400000|  0%| F|  |TAMS 0x000000008d300000, 0x000000008d300000| Untracked 
| 212|0x000000008d400000, 0x000000008d400000, 0x000000008d500000|  0%| F|  |TAMS 0x000000008d400000, 0x000000008d400000| Untracked 
| 213|0x000000008d500000, 0x000000008d500000, 0x000000008d600000|  0%| F|  |TAMS 0x000000008d500000, 0x000000008d500000| Untracked 
| 214|0x000000008d600000, 0x000000008d600000, 0x000000008d700000|  0%| F|  |TAMS 0x000000008d600000, 0x000000008d600000| Untracked 
| 215|0x000000008d700000, 0x000000008d700000, 0x000000008d800000|  0%| F|  |TAMS 0x000000008d700000, 0x000000008d700000| Untracked 
| 216|0x000000008d800000, 0x000000008d800000, 0x000000008d900000|  0%| F|  |TAMS 0x000000008d800000, 0x000000008d800000| Untracked 
| 217|0x000000008d900000, 0x000000008d900000, 0x000000008da00000|  0%| F|  |TAMS 0x000000008d900000, 0x000000008d900000| Untracked 
| 218|0x000000008da00000, 0x000000008da00000, 0x000000008db00000|  0%| F|  |TAMS 0x000000008da00000, 0x000000008da00000| Untracked 
| 219|0x000000008db00000, 0x000000008db00000, 0x000000008dc00000|  0%| F|  |TAMS 0x000000008db00000, 0x000000008db00000| Untracked 
| 220|0x000000008dc00000, 0x000000008dc85570, 0x000000008dd00000| 52%| S|CS|TAMS 0x000000008dc00000, 0x000000008dc00000| Complete 
| 221|0x000000008dd00000, 0x000000008de00000, 0x000000008de00000|100%| S|CS|TAMS 0x000000008dd00000, 0x000000008dd00000| Complete 
| 222|0x000000008de00000, 0x000000008df00000, 0x000000008df00000|100%| S|CS|TAMS 0x000000008de00000, 0x000000008de00000| Complete 
| 223|0x000000008df00000, 0x000000008e000000, 0x000000008e000000|100%| S|CS|TAMS 0x000000008df00000, 0x000000008df00000| Complete 
| 224|0x000000008e000000, 0x000000008e100000, 0x000000008e100000|100%| S|CS|TAMS 0x000000008e000000, 0x000000008e000000| Complete 
| 225|0x000000008e100000, 0x000000008e100000, 0x000000008e200000|  0%| F|  |TAMS 0x000000008e100000, 0x000000008e100000| Untracked 
| 226|0x000000008e200000, 0x000000008e200000, 0x000000008e300000|  0%| F|  |TAMS 0x000000008e200000, 0x000000008e200000| Untracked 
| 227|0x000000008e300000, 0x000000008e300000, 0x000000008e400000|  0%| F|  |TAMS 0x000000008e300000, 0x000000008e300000| Untracked 
| 228|0x000000008e400000, 0x000000008e400000, 0x000000008e500000|  0%| F|  |TAMS 0x000000008e400000, 0x000000008e400000| Untracked 
| 229|0x000000008e500000, 0x000000008e500000, 0x000000008e600000|  0%| F|  |TAMS 0x000000008e500000, 0x000000008e500000| Untracked 
| 230|0x000000008e600000, 0x000000008e600000, 0x000000008e700000|  0%| F|  |TAMS 0x000000008e600000, 0x000000008e600000| Untracked 
| 231|0x000000008e700000, 0x000000008e700000, 0x000000008e800000|  0%| F|  |TAMS 0x000000008e700000, 0x000000008e700000| Untracked 
| 232|0x000000008e800000, 0x000000008e800000, 0x000000008e900000|  0%| F|  |TAMS 0x000000008e800000, 0x000000008e800000| Untracked 
| 233|0x000000008e900000, 0x000000008e900000, 0x000000008ea00000|  0%| F|  |TAMS 0x000000008e900000, 0x000000008e900000| Untracked 
| 234|0x000000008ea00000, 0x000000008ea00000, 0x000000008eb00000|  0%| F|  |TAMS 0x000000008ea00000, 0x000000008ea00000| Untracked 
| 235|0x000000008eb00000, 0x000000008eb00000, 0x000000008ec00000|  0%| F|  |TAMS 0x000000008eb00000, 0x000000008eb00000| Untracked 
| 236|0x000000008ec00000, 0x000000008ec00000, 0x000000008ed00000|  0%| F|  |TAMS 0x000000008ec00000, 0x000000008ec00000| Untracked 
| 237|0x000000008ed00000, 0x000000008ed00000, 0x000000008ee00000|  0%| F|  |TAMS 0x000000008ed00000, 0x000000008ed00000| Untracked 
| 238|0x000000008ee00000, 0x000000008ee00000, 0x000000008ef00000|  0%| F|  |TAMS 0x000000008ee00000, 0x000000008ee00000| Untracked 
| 239|0x000000008ef00000, 0x000000008ef00000, 0x000000008f000000|  0%| F|  |TAMS 0x000000008ef00000, 0x000000008ef00000| Untracked 
| 240|0x000000008f000000, 0x000000008f000000, 0x000000008f100000|  0%| F|  |TAMS 0x000000008f000000, 0x000000008f000000| Untracked 
| 241|0x000000008f100000, 0x000000008f100000, 0x000000008f200000|  0%| F|  |TAMS 0x000000008f100000, 0x000000008f100000| Untracked 
| 242|0x000000008f200000, 0x000000008f200000, 0x000000008f300000|  0%| F|  |TAMS 0x000000008f200000, 0x000000008f200000| Untracked 
| 243|0x000000008f300000, 0x000000008f300000, 0x000000008f400000|  0%| F|  |TAMS 0x000000008f300000, 0x000000008f300000| Untracked 
| 244|0x000000008f400000, 0x000000008f400000, 0x000000008f500000|  0%| F|  |TAMS 0x000000008f400000, 0x000000008f400000| Untracked 
| 245|0x000000008f500000, 0x000000008f500000, 0x000000008f600000|  0%| F|  |TAMS 0x000000008f500000, 0x000000008f500000| Untracked 
| 246|0x000000008f600000, 0x000000008f600000, 0x000000008f700000|  0%| F|  |TAMS 0x000000008f600000, 0x000000008f600000| Untracked 
| 247|0x000000008f700000, 0x000000008f700000, 0x000000008f800000|  0%| F|  |TAMS 0x000000008f700000, 0x000000008f700000| Untracked 
| 248|0x000000008f800000, 0x000000008f800000, 0x000000008f900000|  0%| F|  |TAMS 0x000000008f800000, 0x000000008f800000| Untracked 
| 249|0x000000008f900000, 0x000000008f900000, 0x000000008fa00000|  0%| F|  |TAMS 0x000000008f900000, 0x000000008f900000| Untracked 
| 250|0x000000008fa00000, 0x000000008fa00000, 0x000000008fb00000|  0%| F|  |TAMS 0x000000008fa00000, 0x000000008fa00000| Untracked 
| 251|0x000000008fb00000, 0x000000008fb00000, 0x000000008fc00000|  0%| F|  |TAMS 0x000000008fb00000, 0x000000008fb00000| Untracked 
| 252|0x000000008fc00000, 0x000000008fc00000, 0x000000008fd00000|  0%| F|  |TAMS 0x000000008fc00000, 0x000000008fc00000| Untracked 
| 253|0x000000008fd00000, 0x000000008fd00000, 0x000000008fe00000|  0%| F|  |TAMS 0x000000008fd00000, 0x000000008fd00000| Untracked 
| 254|0x000000008fe00000, 0x000000008fe00000, 0x000000008ff00000|  0%| F|  |TAMS 0x000000008fe00000, 0x000000008fe00000| Untracked 
| 255|0x000000008ff00000, 0x000000008ff00000, 0x0000000090000000|  0%| F|  |TAMS 0x000000008ff00000, 0x000000008ff00000| Untracked 
| 256|0x0000000090000000, 0x0000000090000000, 0x0000000090100000|  0%| F|  |TAMS 0x0000000090000000, 0x0000000090000000| Untracked 
| 257|0x0000000090100000, 0x0000000090100000, 0x0000000090200000|  0%| F|  |TAMS 0x0000000090100000, 0x0000000090100000| Untracked 
| 258|0x0000000090200000, 0x0000000090200000, 0x0000000090300000|  0%| F|  |TAMS 0x0000000090200000, 0x0000000090200000| Untracked 
| 259|0x0000000090300000, 0x0000000090300000, 0x0000000090400000|  0%| F|  |TAMS 0x0000000090300000, 0x0000000090300000| Untracked 
| 260|0x0000000090400000, 0x0000000090400000, 0x0000000090500000|  0%| F|  |TAMS 0x0000000090400000, 0x0000000090400000| Untracked 
| 261|0x0000000090500000, 0x0000000090500000, 0x0000000090600000|  0%| F|  |TAMS 0x0000000090500000, 0x0000000090500000| Untracked 
| 262|0x0000000090600000, 0x0000000090600000, 0x0000000090700000|  0%| F|  |TAMS 0x0000000090600000, 0x0000000090600000| Untracked 
| 263|0x0000000090700000, 0x0000000090700000, 0x0000000090800000|  0%| F|  |TAMS 0x0000000090700000, 0x0000000090700000| Untracked 
| 264|0x0000000090800000, 0x0000000090800000, 0x0000000090900000|  0%| F|  |TAMS 0x0000000090800000, 0x0000000090800000| Untracked 

Card table byte_map: [0x0000025eb4d30000,0x0000025eb5130000] _byte_map_base: 0x0000025eb4930000

Marking Bits (Prev, Next): (CMBitMap*) 0x0000025ea185b6d0, (CMBitMap*) 0x0000025ea185b698
 Prev Bits: [0x0000025eb7530000, 0x0000025eb9530000)
 Next Bits: [0x0000025eb5530000, 0x0000025eb7530000)

Polling page: 0x0000025e9fec0000

Metaspace:

Usage:
  Non-class:     80.94 MB capacity,    79.41 MB ( 98%) used,     1.26 MB (  2%) free+waste,   284.13 KB ( <1%) overhead. 
      Class:     12.91 MB capacity,    12.03 MB ( 93%) used,   771.43 KB (  6%) free+waste,   127.81 KB ( <1%) overhead. 
       Both:     93.85 MB capacity,    91.44 MB ( 97%) used,     2.01 MB (  2%) free+waste,   411.94 KB ( <1%) overhead. 

Virtual space:
  Non-class space:       82.00 MB reserved,      81.17 MB ( 99%) committed 
      Class space:        1.00 GB reserved,      13.00 MB (  1%) committed 
             Both:        1.08 GB reserved,      94.17 MB (  9%) committed 

Chunk freelists:
   Non-Class:  43.00 KB
       Class:  15.00 KB
        Both:  58.00 KB

MaxMetaspaceSize: 17179869184.00 GB
CompressedClassSpaceSize: 1.00 GB

CodeHeap 'non-profiled nmethods': size=120064Kb used=5331Kb max_used=5331Kb free=114733Kb
 bounds [0x0000025eacdd0000, 0x0000025ead310000, 0x0000025eb4310000]
CodeHeap 'profiled nmethods': size=120000Kb used=23645Kb max_used=23645Kb free=96355Kb
 bounds [0x0000025ea58a0000, 0x0000025ea6fc0000, 0x0000025eacdd0000]
CodeHeap 'non-nmethods': size=5696Kb used=2304Kb max_used=2358Kb free=3391Kb
 bounds [0x0000025ea5310000, 0x0000025ea5580000, 0x0000025ea58a0000]
 total_blobs=12660 nmethods=11752 adapters=819
 compilation: enabled
              stopped_count=0, restarted_count=0
 full_count=0

Compilation events (20 events):
Event: 39.821 Thread 0x0000025ebbba6800 12046       2       com.android.tools.r8.graph.Z::U0 (11 bytes)
Event: 39.821 Thread 0x0000025ebbba6800 nmethod 12046 0x0000025ea6fb3110 code [0x0000025ea6fb32c0, 0x0000025ea6fb33f8]
Event: 39.821 Thread 0x0000025ebbba6800 12048       2       com.android.tools.r8.internal.Wz::a (179 bytes)
Event: 39.822 Thread 0x0000025ebbba6800 nmethod 12048 0x0000025ea6fb3510 code [0x0000025ea6fb3740, 0x0000025ea6fb3be8]
Event: 39.822 Thread 0x0000025ebbba6800 12047       2       com.android.tools.r8.dex.j$$Lambda$1034/0x0000000100ab0040::a (9 bytes)
Event: 39.822 Thread 0x0000025ebbba6800 nmethod 12047 0x0000025ea6fb3f10 code [0x0000025ea6fb40c0, 0x0000025ea6fb41b8]
Event: 39.822 Thread 0x0000025ebbba6800 12049       2       com.android.tools.r8.dex.j::a (5 bytes)
Event: 39.822 Thread 0x0000025ebbba6800 nmethod 12049 0x0000025ea6fb4290 code [0x0000025ea6fb4440, 0x0000025ea6fb4518]
Event: 39.825 Thread 0x0000025ebbba6800 12050       2       com.android.tools.r8.internal.Wz::e (100 bytes)
Event: 39.826 Thread 0x0000025ebbba6800 nmethod 12050 0x0000025ea6fb4610 code [0x0000025ea6fb47e0, 0x0000025ea6fb4b28]
Event: 39.826 Thread 0x0000025ebbba6800 12051       2       com.android.tools.r8.internal.r7::a (14 bytes)
Event: 39.826 Thread 0x0000025ebbba6800 nmethod 12051 0x0000025ea6fb4d90 code [0x0000025ea6fb4f40, 0x0000025ea6fb5088]
Event: 39.828 Thread 0x0000025ebbba2800 nmethod 12007 0x0000025ead304210 code [0x0000025ead3043c0, 0x0000025ead3046b8]
Event: 39.828 Thread 0x0000025ebbba2800 12008       4       com.android.tools.r8.graph.v0$$Lambda$1269/0x0000000100ceac40::a (5 bytes)
Event: 39.828 Thread 0x0000025ebbba2800 nmethod 12008 0x0000025ead304990 code [0x0000025ead304b20, 0x0000025ead304b78]
Event: 39.828 Thread 0x0000025ebbba2800 11976       4       com.android.tools.r8.dex.z$g::b (20 bytes)
Event: 39.833 Thread 0x0000025ebbba6800 12052 %     3       com.android.tools.r8.internal.fu::a @ 77 (185 bytes)
Event: 39.835 Thread 0x0000025ebbba6800 nmethod 12052% 0x0000025ea6fb5190 code [0x0000025ea6fb5420, 0x0000025ea6fb5f88]
Event: 39.835 Thread 0x0000025ebbba6800 12053       3       com.android.tools.r8.internal.fu::a (185 bytes)
Event: 39.836 Thread 0x0000025ebbba6800 nmethod 12053 0x0000025ea6fb6410 code [0x0000025ea6fb6680, 0x0000025ea6fb7088]

GC Heap History (20 events):
Event: 27.432 GC heap after
{Heap after GC invocations=52 (full 0):
 garbage-first heap   total 157696K, used 71650K [0x0000000080000000, 0x0000000100000000)
  region size 1024K, 6 young (6144K), 6 survivors (6144K)
 Metaspace       used 80126K, capacity 82200K, committed 82352K, reserved 1120256K
  class space    used 10429K, capacity 11193K, committed 11264K, reserved 1048576K
}
Event: 28.385 GC heap before
{Heap before GC invocations=52 (full 0):
 garbage-first heap   total 157696K, used 117730K [0x0000000080000000, 0x0000000100000000)
  region size 1024K, 52 young (53248K), 6 survivors (6144K)
 Metaspace       used 80463K, capacity 82574K, committed 82608K, reserved 1120256K
  class space    used 10455K, capacity 11242K, committed 11264K, reserved 1048576K
}
Event: 28.406 GC heap after
{Heap after GC invocations=53 (full 0):
 garbage-first heap   total 157696K, used 74499K [0x0000000080000000, 0x0000000100000000)
  region size 1024K, 6 young (6144K), 6 survivors (6144K)
 Metaspace       used 80463K, capacity 82574K, committed 82608K, reserved 1120256K
  class space    used 10455K, capacity 11242K, committed 11264K, reserved 1048576K
}
Event: 29.115 GC heap before
{Heap before GC invocations=53 (full 0):
 garbage-first heap   total 157696K, used 120579K [0x0000000080000000, 0x0000000100000000)
  region size 1024K, 52 young (53248K), 6 survivors (6144K)
 Metaspace       used 82134K, capacity 84287K, committed 84400K, reserved 1122304K
  class space    used 10629K, capacity 11432K, committed 11520K, reserved 1048576K
}
Event: 29.135 GC heap after
{Heap after GC invocations=54 (full 0):
 garbage-first heap   total 195584K, used 76645K [0x0000000080000000, 0x0000000100000000)
  region size 1024K, 5 young (5120K), 5 survivors (5120K)
 Metaspace       used 82134K, capacity 84287K, committed 84400K, reserved 1122304K
  class space    used 10629K, capacity 11432K, committed 11520K, reserved 1048576K
}
Event: 30.398 GC heap before
{Heap before GC invocations=54 (full 0):
 garbage-first heap   total 195584K, used 136037K [0x0000000080000000, 0x0000000100000000)
  region size 1024K, 64 young (65536K), 5 survivors (5120K)
 Metaspace       used 83792K, capacity 85940K, committed 86192K, reserved 1124352K
  class space    used 10853K, capacity 11661K, committed 11776K, reserved 1048576K
}
Event: 30.422 GC heap after
{Heap after GC invocations=55 (full 0):
 garbage-first heap   total 195584K, used 79084K [0x0000000080000000, 0x0000000100000000)
  region size 1024K, 5 young (5120K), 5 survivors (5120K)
 Metaspace       used 83792K, capacity 85940K, committed 86192K, reserved 1124352K
  class space    used 10853K, capacity 11661K, committed 11776K, reserved 1048576K
}
Event: 31.923 GC heap before
{Heap before GC invocations=55 (full 0):
 garbage-first heap   total 195584K, used 152812K [0x0000000080000000, 0x0000000100000000)
  region size 1024K, 66 young (67584K), 5 survivors (5120K)
 Metaspace       used 88133K, capacity 90338K, committed 90544K, reserved 1128448K
  class space    used 11417K, capacity 12253K, committed 12288K, reserved 1048576K
}
Event: 31.949 GC heap after
{Heap after GC invocations=56 (full 0):
 garbage-first heap   total 195584K, used 97916K [0x0000000080000000, 0x0000000100000000)
  region size 1024K, 9 young (9216K), 9 survivors (9216K)
 Metaspace       used 88133K, capacity 90338K, committed 90544K, reserved 1128448K
  class space    used 11417K, capacity 12253K, committed 12288K, reserved 1048576K
}
Event: 32.888 GC heap before
{Heap before GC invocations=57 (full 0):
 garbage-first heap   total 195584K, used 148092K [0x0000000080000000, 0x0000000100000000)
  region size 1024K, 55 young (56320K), 9 survivors (9216K)
 Metaspace       used 88349K, capacity 90519K, committed 90800K, reserved 1128448K
  class space    used 11418K, capacity 12205K, committed 12288K, reserved 1048576K
}
Event: 32.996 GC heap after
{Heap after GC invocations=58 (full 0):
 garbage-first heap   total 195584K, used 119436K [0x0000000080000000, 0x0000000100000000)
  region size 1024K, 9 young (9216K), 9 survivors (9216K)
 Metaspace       used 88349K, capacity 90519K, committed 90800K, reserved 1128448K
  class space    used 11418K, capacity 12205K, committed 12288K, reserved 1048576K
}
Event: 33.823 GC heap before
{Heap before GC invocations=59 (full 0):
 garbage-first heap   total 195584K, used 155276K [0x0000000080000000, 0x0000000100000000)
  region size 1024K, 43 young (44032K), 9 survivors (9216K)
 Metaspace       used 90673K, capacity 92919K, committed 93104K, reserved 1130496K
  class space    used 11897K, capacity 12728K, committed 12800K, reserved 1048576K
}
Event: 33.897 GC heap after
{Heap after GC invocations=60 (full 0):
 garbage-first heap   total 271360K, used 134528K [0x0000000080000000, 0x0000000100000000)
  region size 1024K, 6 young (6144K), 6 survivors (6144K)
 Metaspace       used 90673K, capacity 92919K, committed 93104K, reserved 1130496K
  class space    used 11897K, capacity 12728K, committed 12800K, reserved 1048576K
}
Event: 34.525 GC heap before
{Heap before GC invocations=60 (full 0):
 garbage-first heap   total 271360K, used 193920K [0x0000000080000000, 0x0000000100000000)
  region size 1024K, 64 young (65536K), 6 survivors (6144K)
 Metaspace       used 90726K, capacity 92995K, committed 93104K, reserved 1130496K
  class space    used 11898K, capacity 12729K, committed 12800K, reserved 1048576K
}
Event: 34.638 GC heap after
{Heap after GC invocations=61 (full 0):
 garbage-first heap   total 271360K, used 164864K [0x0000000080000000, 0x0000000100000000)
  region size 1024K, 8 young (8192K), 8 survivors (8192K)
 Metaspace       used 90726K, capacity 92995K, committed 93104K, reserved 1130496K
  class space    used 11898K, capacity 12729K, committed 12800K, reserved 1048576K
}
Event: 36.901 GC heap before
{Heap before GC invocations=62 (full 0):
 garbage-first heap   total 271360K, used 204800K [0x0000000080000000, 0x0000000100000000)
  region size 1024K, 48 young (49152K), 8 survivors (8192K)
 Metaspace       used 93078K, capacity 95512K, committed 95792K, reserved 1132544K
  class space    used 12259K, capacity 13158K, committed 13184K, reserved 1048576K
}
Event: 36.946 GC heap after
{Heap after GC invocations=63 (full 0):
 garbage-first heap   total 271360K, used 172032K [0x0000000080000000, 0x0000000100000000)
  region size 1024K, 6 young (6144K), 6 survivors (6144K)
 Metaspace       used 93078K, capacity 95512K, committed 95792K, reserved 1132544K
  class space    used 12259K, capacity 13158K, committed 13184K, reserved 1048576K
}
Event: 38.123 GC heap before
{Heap before GC invocations=63 (full 0):
 garbage-first heap   total 271360K, used 210944K [0x0000000080000000, 0x0000000100000000)
  region size 1024K, 45 young (46080K), 6 survivors (6144K)
 Metaspace       used 93607K, capacity 96072K, committed 96176K, reserved 1132544K
  class space    used 12318K, capacity 13230K, committed 13312K, reserved 1048576K
}
Event: 38.195 GC heap after
{Heap after GC invocations=64 (full 0):
 garbage-first heap   total 271360K, used 176700K [0x0000000080000000, 0x0000000100000000)
  region size 1024K, 5 young (5120K), 5 survivors (5120K)
 Metaspace       used 93607K, capacity 96072K, committed 96176K, reserved 1132544K
  class space    used 12318K, capacity 13230K, committed 13312K, reserved 1048576K
}
Event: 39.843 GC heap before
{Heap before GC invocations=65 (full 0):
 garbage-first heap   total 271360K, used 216636K [0x0000000080000000, 0x0000000100000000)
  region size 1024K, 44 young (45056K), 5 survivors (5120K)
 Metaspace       used 93630K, capacity 96100K, committed 96432K, reserved 1132544K
  class space    used 12315K, capacity 13215K, committed 13312K, reserved 1048576K
}

Deoptimization events (20 events):
Event: 38.643 Thread 0x0000025ec0ee6800 DEOPT PACKING pc=0x0000025ead2d685c sp=0x00000087064fd660
Event: 38.643 Thread 0x0000025ec0ee6800 DEOPT UNPACKING pc=0x0000025ea53378af sp=0x00000087064fd4a8 mode 2
Event: 38.660 Thread 0x0000025ec0ee6800 Uncommon trap: trap_request=0xffffffcc fr.pc=0x0000025ead2d7570 relative=0x00000000000003b0
Event: 38.660 Thread 0x0000025ec0ee6800 Uncommon trap: reason=intrinsic_or_type_checked_inlining action=make_not_entrant pc=0x0000025ead2d7570 method=java.util.stream.SpinedBuffer.copyInto([Ljava/lang/Object;I)V @ 125 c2
Event: 38.660 Thread 0x0000025ec0ee6800 DEOPT PACKING pc=0x0000025ead2d7570 sp=0x00000087064fd550
Event: 38.660 Thread 0x0000025ec0ee6800 DEOPT UNPACKING pc=0x0000025ea53378af sp=0x00000087064fd480 mode 2
Event: 39.284 Thread 0x0000025ec0ee6800 Uncommon trap: trap_request=0xffffff4d fr.pc=0x0000025ead2ea4b8 relative=0x0000000000000738
Event: 39.284 Thread 0x0000025ec0ee6800 Uncommon trap: reason=unstable_if action=reinterpret pc=0x0000025ead2ea4b8 method=com.android.tools.r8.graph.v0$j.a(Lcom/android/tools/r8/graph/X;Lcom/android/tools/r8/graph/X;Lcom/android/tools/r8/internal/Xi$a;)Lcom/android/tools/r8/graph/v0$i; @ 7 c2
Event: 39.284 Thread 0x0000025ec0ee6800 DEOPT PACKING pc=0x0000025ead2ea4b8 sp=0x00000087064fd690
Event: 39.284 Thread 0x0000025ec0ee6800 DEOPT UNPACKING pc=0x0000025ea53378af sp=0x00000087064fd5f0 mode 2
Event: 39.514 Thread 0x0000025ec0ee6800 DEOPT PACKING pc=0x0000025ea6f6586a sp=0x00000087064fd830
Event: 39.514 Thread 0x0000025ec0ee6800 DEOPT UNPACKING pc=0x0000025ea53376ce sp=0x00000087064fccc8 mode 0
Event: 39.541 Thread 0x0000025ec0ee6800 Uncommon trap: trap_request=0xffffffc6 fr.pc=0x0000025eace1c080 relative=0x0000000000002820
Event: 39.541 Thread 0x0000025ec0ee6800 Uncommon trap: reason=bimorphic_or_optimized_type_check action=maybe_recompile pc=0x0000025eace1c080 method=java.util.HashMap.putVal(ILjava/lang/Object;Ljava/lang/Object;ZZ)Ljava/lang/Object; @ 203 c2
Event: 39.541 Thread 0x0000025ec0ee6800 DEOPT PACKING pc=0x0000025eace1c080 sp=0x00000087064fd8d0
Event: 39.541 Thread 0x0000025ec0ee6800 DEOPT UNPACKING pc=0x0000025ea53378af sp=0x00000087064fd798 mode 2
Event: 39.584 Thread 0x0000025ec0ee6800 Uncommon trap: trap_request=0xffffff4d fr.pc=0x0000025ead2b75d0 relative=0x0000000000000310
Event: 39.584 Thread 0x0000025ec0ee6800 Uncommon trap: reason=unstable_if action=reinterpret pc=0x0000025ead2b75d0 method=com.android.tools.r8.graph.c0.a(Lcom/android/tools/r8/graph/c0;)I @ 83 c2
Event: 39.584 Thread 0x0000025ec0ee6800 DEOPT PACKING pc=0x0000025ead2b75d0 sp=0x00000087064fd8f0
Event: 39.584 Thread 0x0000025ec0ee6800 DEOPT UNPACKING pc=0x0000025ea53378af sp=0x00000087064fd878 mode 2

Classes redefined (0 events):
No events

Internal exceptions (20 events):
Event: 31.477 Thread 0x0000025ec0ee5000 Exception <a 'java/lang/NoSuchMethodError'{0x0000000088abae88}: 'java.lang.Object java.lang.invoke.DirectMethodHandle$Holder.invokeStatic(java.lang.Object, long)'> (0x0000000088abae88) thrown at [./src/hotspot/share/interpreter/linkResolver.cpp, line 773]
Event: 31.479 Thread 0x0000025ec0ee5000 Exception <a 'java/lang/NoSuchMethodError'{0x00000000888d8c08}: 'java.lang.Object java.lang.invoke.DirectMethodHandle$Holder.invokeStaticInit(java.lang.Object, java.lang.Object, long, java.lang.Object)'> (0x00000000888d8c08) thrown at [./src/hotspot/share/interpreter/linkResolver.cpp, line 773]
Event: 31.480 Thread 0x0000025ec0ee5000 Exception <a 'java/lang/NoSuchMethodError'{0x00000000888deda0}: 'java.lang.Object java.lang.invoke.DirectMethodHandle$Holder.invokeStatic(java.lang.Object, java.lang.Object, long)'> (0x00000000888deda0) thrown at [./src/hotspot/share/interpreter/linkResolver.cpp, line 773]
Event: 31.480 Thread 0x0000025ec0ee5000 Exception <a 'java/lang/NoSuchMethodError'{0x00000000888e5318}: 'java.lang.Object java.lang.invoke.Invokers$Holder.linkToTargetMethod(java.lang.Object, long, java.lang.Object)'> (0x00000000888e5318) thrown at [./src/hotspot/share/interpreter/linkResolver.cpp, line 773]
Event: 31.901 Thread 0x0000025ec0ee6800 Exception <a 'java/lang/NoSuchMethodError'{0x0000000087d93120}: 'java.lang.Object java.lang.invoke.DirectMethodHandle$Holder.invokeStatic(java.lang.Object, java.lang.Object, java.lang.Object, java.lang.Object, java.lang.Object, java.lang.Object, java.lang.Object, java.lang.Object, java.lang.Object, java.lang.Object, java.lang.Object, java.lang.Object, java.lang.Object, java.lang.Object, java.lang.Object, java.lang.Object, java.lang.Object, java.lang.Object, int, java.lang.Object)'> (0x0000000087d93120) thr
Event: 31.902 Thread 0x0000025ec0ee6800 Exception <a 'java/lang/NoSuchMethodError'{0x0000000087d989b0}: 'java.lang.Object java.lang.invoke.DirectMethodHandle$Holder.invokeStaticInit(java.lang.Object, java.lang.Object, java.lang.Object, java.lang.Object, java.lang.Object, java.lang.Object, java.lang.Object, java.lang.Object, java.lang.Object, java.lang.Object, java.lang.Object, java.lang.Object, java.lang.Object, java.lang.Object, java.lang.Object, java.lang.Object, java.lang.Object, java.lang.Object, int, java.lang.Object)'> (0x0000000087d989b0)
Event: 33.045 Thread 0x0000025ec0ee5000 Exception <a 'java/lang/NoSuchMethodError'{0x000000008ba8f8c0}: 'int java.lang.invoke.DirectMethodHandle$Holder.invokeSpecialIFC(java.lang.Object, java.lang.Object, java.lang.Object)'> (0x000000008ba8f8c0) thrown at [./src/hotspot/share/interpreter/linkResolver.cpp, line 773]
Event: 33.150 Thread 0x0000025ec0ee8800 Exception <a 'java/lang/IncompatibleClassChangeError'{0x000000008b600ac0}: Found class java.lang.Object, but interface was expected> (0x000000008b600ac0) thrown at [./src/hotspot/share/interpreter/linkResolver.cpp, line 839]
Event: 33.153 Thread 0x0000025ec0ee2000 Exception <a 'java/lang/NoSuchMethodError'{0x000000008b60fcf0}: 'java.lang.Object java.lang.invoke.DirectMethodHandle$Holder.newInvokeSpecial(java.lang.Object, int)'> (0x000000008b60fcf0) thrown at [./src/hotspot/share/interpreter/linkResolver.cpp, line 773]
Event: 33.163 Thread 0x0000025ec0ee8800 Exception <a 'java/lang/IncompatibleClassChangeError'{0x000000008b66f2a8}: Found class java.lang.Object, but interface was expected> (0x000000008b66f2a8) thrown at [./src/hotspot/share/interpreter/linkResolver.cpp, line 839]
Event: 33.165 Thread 0x0000025ec0ee8800 Exception <a 'java/lang/IncompatibleClassChangeError'{0x000000008b676730}: Found class java.lang.Object, but interface was expected> (0x000000008b676730) thrown at [./src/hotspot/share/interpreter/linkResolver.cpp, line 839]
Event: 35.266 Thread 0x0000025ec0ee6800 Exception <a 'java/lang/NoSuchMethodError'{0x000000009077b400}: 'int java.lang.invoke.DirectMethodHandle$Holder.invokeVirtual(java.lang.Object, java.lang.Object, java.lang.Object, java.lang.Object)'> (0x000000009077b400) thrown at [./src/hotspot/share/interpreter/linkResolver.cpp, line 773]
Event: 35.929 Thread 0x0000025ec0ee6800 Exception <a 'java/lang/NoSuchMethodError'{0x000000009051be00}: 'void java.lang.invoke.DirectMethodHandle$Holder.invokeStatic(java.lang.Object, java.lang.Object, java.lang.Object, int)'> (0x000000009051be00) thrown at [./src/hotspot/share/interpreter/linkResolver.cpp, line 773]
Event: 35.931 Thread 0x0000025ec0ee6800 Exception <a 'java/lang/IncompatibleClassChangeError'{0x0000000090523bf0}: Found class java.lang.Object, but interface was expected> (0x0000000090523bf0) thrown at [./src/hotspot/share/interpreter/linkResolver.cpp, line 839]
Event: 35.963 Thread 0x0000025ec0ee9000 Exception <a 'java/lang/NoSuchMethodError'{0x00000000905eac60}: 'int java.lang.invoke.DirectMethodHandle$Holder.invokeVirtual(java.lang.Object, java.lang.Object, java.lang.Object)'> (0x00000000905eac60) thrown at [./src/hotspot/share/interpreter/linkResolver.cpp, line 773]
Event: 36.669 Thread 0x0000025ec0ee6800 Exception <a 'java/lang/NoSuchMethodError'{0x000000008ee95fe0}: 'java.lang.Object java.lang.invoke.Invokers$Holder.linkToTargetMethod(java.lang.Object, int, java.lang.Object, java.lang.Object, java.lang.Object, java.lang.Object)'> (0x000000008ee95fe0) thrown at [./src/hotspot/share/interpreter/linkResolver.cpp, line 773]
Event: 36.670 Thread 0x0000025ec0ee6800 Exception <a 'java/lang/NoSuchMethodError'{0x000000008ee99c98}: 'void java.lang.invoke.DirectMethodHandle$Holder.invokeSpecial(java.lang.Object, java.lang.Object, java.lang.Object, java.lang.Object, java.lang.Object, java.lang.Object, java.lang.Object, java.lang.Object, java.lang.Object)'> (0x000000008ee99c98) thrown at [./src/hotspot/share/interpreter/linkResolver.cpp, line 773]
Event: 36.671 Thread 0x0000025ec0ee6800 Exception <a 'java/lang/NoSuchMethodError'{0x000000008eea2e90}: 'java.lang.Object java.lang.invoke.Invokers$Holder.linkToTargetMethod(java.lang.Object, java.lang.Object, java.lang.Object, java.lang.Object, java.lang.Object, java.lang.Object, java.lang.Object)'> (0x000000008eea2e90) thrown at [./src/hotspot/share/interpreter/linkResolver.cpp, line 773]
Event: 36.678 Thread 0x0000025ec0ee6800 Exception <a 'java/lang/IncompatibleClassChangeError'{0x000000008eec8be8}: Found class java.lang.Object, but interface was expected> (0x000000008eec8be8) thrown at [./src/hotspot/share/interpreter/linkResolver.cpp, line 839]
Event: 36.728 Thread 0x0000025ec0ee6800 Exception <a 'java/lang/NoSuchMethodError'{0x000000008ec08998}: 'void java.lang.invoke.DirectMethodHandle$Holder.invokeStatic(java.lang.Object, java.lang.Object, java.lang.Object, java.lang.Object, java.lang.Object, java.lang.Object, java.lang.Object, java.lang.Object)'> (0x000000008ec08998) thrown at [./src/hotspot/share/interpreter/linkResolver.cpp, line 773]

Events (20 events):
Event: 39.818 loading class com/android/tools/r8/internal/Uz done
Event: 39.820 loading class com/android/tools/r8/internal/iA
Event: 39.820 loading class com/android/tools/r8/internal/iA done
Event: 39.837 loading class com/android/tools/r8/internal/fu$e
Event: 39.837 loading class com/android/tools/r8/internal/fu$e done
Event: 39.839 loading class com/android/tools/r8/internal/cu$a
Event: 39.839 loading class com/android/tools/r8/internal/cu$a done
Event: 39.839 loading class com/android/tools/r8/internal/cu$a
Event: 39.839 loading class com/android/tools/r8/internal/cu$a done
Event: 39.841 loading class com/android/tools/r8/internal/Wj
Event: 39.841 loading class com/android/tools/r8/internal/Wj done
Event: 39.841 loading class com/android/tools/r8/internal/cu$a
Event: 39.841 loading class com/android/tools/r8/internal/cu$a done
Event: 39.841 loading class com/android/tools/r8/internal/Wj
Event: 39.841 loading class com/android/tools/r8/internal/Wj done
Event: 39.842 loading class com/android/tools/r8/internal/fu$a
Event: 39.842 loading class com/android/tools/r8/internal/fu$a done
Event: 39.843 loading class com/android/tools/r8/internal/fu$f
Event: 39.843 loading class com/android/tools/r8/internal/fu$f done
Event: 39.843 Executing VM operation: G1CollectForAllocation


Dynamic libraries:
0x00007ff73fef0000 - 0x00007ff73fefa000 	C:\Program Files\Android\Android Studio\jre\bin\java.exe
0x00007ff973d70000 - 0x00007ff973f65000 	C:\WINDOWS\SYSTEM32\ntdll.dll
0x00007ff9727c0000 - 0x00007ff97287e000 	C:\WINDOWS\System32\KERNEL32.DLL
0x00007ff9715c0000 - 0x00007ff971888000 	C:\WINDOWS\System32\KERNELBASE.dll
0x00007ff971890000 - 0x00007ff971990000 	C:\WINDOWS\System32\ucrtbase.dll
0x00007ff96ba00000 - 0x00007ff96ba17000 	C:\Program Files\Android\Android Studio\jre\bin\VCRUNTIME140.dll
0x00007ff96bb20000 - 0x00007ff96bb39000 	C:\Program Files\Android\Android Studio\jre\bin\jli.dll
0x00007ff973220000 - 0x00007ff9733c1000 	C:\WINDOWS\System32\USER32.dll
0x00007ff971490000 - 0x00007ff9714b2000 	C:\WINDOWS\System32\win32u.dll
0x00007ff973ca0000 - 0x00007ff973ccb000 	C:\WINDOWS\System32\GDI32.dll
0x00007ff971ab0000 - 0x00007ff971bbb000 	C:\WINDOWS\System32\gdi32full.dll
0x00007ff971bc0000 - 0x00007ff971c5d000 	C:\WINDOWS\System32\msvcp_win.dll
0x00007ff9612d0000 - 0x00007ff96156a000 	C:\WINDOWS\WinSxS\amd64_microsoft.windows.common-controls_6595b64144ccf1df_6.0.19041.1110_none_60b5254171f9507e\COMCTL32.dll
0x00007ff9721f0000 - 0x00007ff97228e000 	C:\WINDOWS\System32\msvcrt.dll
0x00007ff9725e0000 - 0x00007ff972610000 	C:\WINDOWS\System32\IMM32.DLL
0x00007ff96a8f0000 - 0x00007ff96a98d000 	C:\Program Files\Android\Android Studio\jre\bin\msvcp140.dll
0x00007ff92d560000 - 0x00007ff92e02f000 	C:\Program Files\Android\Android Studio\jre\bin\server\jvm.dll
0x00007ff973690000 - 0x00007ff97373c000 	C:\WINDOWS\System32\ADVAPI32.dll
0x00007ff972420000 - 0x00007ff9724bb000 	C:\WINDOWS\System32\sechost.dll
0x00007ff973020000 - 0x00007ff97314a000 	C:\WINDOWS\System32\RPCRT4.dll
0x00007ff9724c0000 - 0x00007ff9724c8000 	C:\WINDOWS\System32\PSAPI.DLL
0x00007ff96ba20000 - 0x00007ff96ba29000 	C:\WINDOWS\SYSTEM32\WSOCK32.dll
0x00007ff973470000 - 0x00007ff9734db000 	C:\WINDOWS\System32\WS2_32.dll
0x00007ff963b20000 - 0x00007ff963b47000 	C:\WINDOWS\SYSTEM32\WINMM.dll
0x00007ff967eb0000 - 0x00007ff967eba000 	C:\WINDOWS\SYSTEM32\VERSION.dll
0x00007ff96f390000 - 0x00007ff96f3a2000 	C:\WINDOWS\SYSTEM32\kernel.appcore.dll
0x00007ff96b9e0000 - 0x00007ff96b9f1000 	C:\Program Files\Android\Android Studio\jre\bin\verify.dll
0x00007ff95dd10000 - 0x00007ff95def4000 	C:\WINDOWS\SYSTEM32\DBGHELP.DLL
0x00007ff95e5c0000 - 0x00007ff95e5ec000 	C:\WINDOWS\SYSTEM32\dbgcore.DLL
0x00007ff971a20000 - 0x00007ff971aa3000 	C:\WINDOWS\System32\bcryptPrimitives.dll
0x00007ff96b9b0000 - 0x00007ff96b9d9000 	C:\Program Files\Android\Android Studio\jre\bin\java.dll
0x00007ff96b9a0000 - 0x00007ff96b9ab000 	C:\Program Files\Android\Android Studio\jre\bin\jimage.dll
0x00007ff96b980000 - 0x00007ff96b998000 	C:\Program Files\Android\Android Studio\jre\bin\zip.dll
0x00007ff9728e0000 - 0x00007ff97301f000 	C:\WINDOWS\System32\SHELL32.dll
0x00007ff96f590000 - 0x00007ff96fd20000 	C:\WINDOWS\SYSTEM32\windows.storage.dll
0x00007ff971dc0000 - 0x00007ff972115000 	C:\WINDOWS\System32\combase.dll
0x00007ff970ee0000 - 0x00007ff970f0e000 	C:\WINDOWS\SYSTEM32\Wldp.dll
0x00007ff972530000 - 0x00007ff9725dd000 	C:\WINDOWS\System32\SHCORE.dll
0x00007ff972290000 - 0x00007ff9722e5000 	C:\WINDOWS\System32\shlwapi.dll
0x00007ff9713d0000 - 0x00007ff9713ef000 	C:\WINDOWS\SYSTEM32\profapi.dll
0x00007ff96b960000 - 0x00007ff96b97a000 	C:\Program Files\Android\Android Studio\jre\bin\net.dll
0x00007ff962b90000 - 0x00007ff962c9c000 	C:\WINDOWS\SYSTEM32\WINHTTP.dll
0x00007ff970c40000 - 0x00007ff970caa000 	C:\WINDOWS\system32\mswsock.dll
0x00007ff96b940000 - 0x00007ff96b954000 	C:\Program Files\Android\Android Studio\jre\bin\nio.dll
0x00007ff9600c0000 - 0x00007ff9600e7000 	C:\Program Files\Java\jdk-17.0.1\native\8bec1ad78214c89d9ad589b4d07fe93259594b29d510b10fafb7a158f7737e5d\windows-amd64\native-platform.dll
0x00007ff946600000 - 0x00007ff94673d000 	C:\Program Files\Java\jdk-17.0.1\native\53dbd7edfb1c66fb8903c78663c9afc45aea4f116125fa6feffd364cf09443e8\windows-amd64\native-platform-file-events.dll
0x00007ff96b930000 - 0x00007ff96b93a000 	C:\Program Files\Android\Android Studio\jre\bin\management.dll
0x00007ff96b920000 - 0x00007ff96b92c000 	C:\Program Files\Android\Android Studio\jre\bin\management_ext.dll
0x00007ff970e30000 - 0x00007ff970e48000 	C:\WINDOWS\SYSTEM32\CRYPTSP.dll
0x00007ff970550000 - 0x00007ff970584000 	C:\WINDOWS\system32\rsaenh.dll
0x00007ff9719f0000 - 0x00007ff971a17000 	C:\WINDOWS\System32\bcrypt.dll
0x00007ff971390000 - 0x00007ff9713be000 	C:\WINDOWS\SYSTEM32\USERENV.dll
0x00007ff970e50000 - 0x00007ff970e5c000 	C:\WINDOWS\SYSTEM32\CRYPTBASE.dll
0x00007ff9708e0000 - 0x00007ff97091b000 	C:\WINDOWS\SYSTEM32\IPHLPAPI.DLL
0x00007ff9734e0000 - 0x00007ff9734e8000 	C:\WINDOWS\System32\NSI.dll
0x00007ff963cf0000 - 0x00007ff963d07000 	C:\WINDOWS\SYSTEM32\dhcpcsvc6.DLL
0x00007ff966660000 - 0x00007ff96667d000 	C:\WINDOWS\SYSTEM32\dhcpcsvc.DLL
0x00007ff970930000 - 0x00007ff9709fb000 	C:\WINDOWS\SYSTEM32\DNSAPI.dll

dbghelp: loaded successfully - version: 4.0.5 - missing functions: none
symbol engine: initialized successfully - sym options: 0x614 - pdb path: .;C:\Program Files\Android\Android Studio\jre\bin;C:\WINDOWS\SYSTEM32;C:\WINDOWS\WinSxS\amd64_microsoft.windows.common-controls_6595b64144ccf1df_6.0.19041.1110_none_60b5254171f9507e;C:\Program Files\Android\Android Studio\jre\bin\server;C:\Program Files\Java\jdk-17.0.1\native\8bec1ad78214c89d9ad589b4d07fe93259594b29d510b10fafb7a158f7737e5d\windows-amd64;C:\Program Files\Java\jdk-17.0.1\native\53dbd7edfb1c66fb8903c78663c9afc45aea4f116125fa6feffd364cf09443e8\windows-amd64

VM Arguments:
jvm_args: --add-opens=java.base/java.util=ALL-UNNAMED --add-opens=java.base/java.lang=ALL-UNNAMED --add-opens=java.base/java.lang.invoke=ALL-UNNAMED --add-opens=java.base/java.util=ALL-UNNAMED --add-opens=java.prefs/java.util.prefs=ALL-UNNAMED --add-opens=java.prefs/java.util.prefs=ALL-UNNAMED --add-opens=java.base/java.nio.charset=ALL-UNNAMED --add-opens=java.base/java.net=ALL-UNNAMED --add-opens=java.base/java.util.concurrent.atomic=ALL-UNNAMED -Xmx2048m -Dfile.encoding=UTF-8 -Duser.country=US -Duser.language=en -Duser.variant 
java_command: org.gradle.launcher.daemon.bootstrap.GradleDaemon 7.0.2
java_class_path (initial): C:\Program Files\Java\jdk-17.0.1\wrapper\dists\gradle-7.0.2-bin\857tjihv64xamwrf0h14cai3r\gradle-7.0.2\lib\gradle-launcher-7.0.2.jar
Launcher Type: SUN_STANDARD

[Global flags]
     intx CICompilerCount                          = 3                                         {product} {ergonomic}
     uint ConcGCThreads                            = 1                                         {product} {ergonomic}
     uint G1ConcRefinementThreads                  = 4                                         {product} {ergonomic}
   size_t G1HeapRegionSize                         = 1048576                                   {product} {ergonomic}
    uintx GCDrainStackTargetSize                   = 64                                        {product} {ergonomic}
   size_t InitialHeapSize                          = 67108864                                  {product} {ergonomic}
   size_t MarkStackSize                            = 4194304                                   {product} {ergonomic}
   size_t MaxHeapSize                              = 2147483648                                {product} {command line}
   size_t MaxNewSize                               = 1287651328                                {product} {ergonomic}
   size_t MinHeapDeltaBytes                        = 1048576                                   {product} {ergonomic}
    uintx NonNMethodCodeHeapSize                   = 5830732                                {pd product} {ergonomic}
    uintx NonProfiledCodeHeapSize                  = 122913754                              {pd product} {ergonomic}
    uintx ProfiledCodeHeapSize                     = 122913754                              {pd product} {ergonomic}
    uintx ReservedCodeCacheSize                    = 251658240                              {pd product} {ergonomic}
     bool SegmentedCodeCache                       = true                                      {product} {ergonomic}
     bool UseCompressedClassPointers               = true                                 {lp64_product} {ergonomic}
     bool UseCompressedOops                        = true                                 {lp64_product} {ergonomic}
     bool UseG1GC                                  = true                                      {product} {ergonomic}
     bool UseLargePagesIndividualAllocation        = false                                  {pd product} {ergonomic}

Logging:
Log output configuration:
 #0: stdout all=warning uptime,level,tags
 #1: stderr all=off uptime,level,tags

Environment Variables:
PATH=C:\Program Files\Common Files\Oracle\Java\javapath;C:\WINDOWS\system32;C:\WINDOWS;C:\WINDOWS\System32\Wbem;C:\WINDOWS\System32\WindowsPowerShell\v1.0\;C:\WINDOWS\System32\OpenSSH\;C:\Program Files\dotnet\;C:\Program Files\Microsoft SQL Server\Client SDK\ODBC\170\Tools\Binn\;C:\Program Files (x86)\dotnet\;C:\Program Files\Git\cmd;C:\Users\MinhNgan\AppData\Local\Microsoft\WindowsApps
USERNAME=MinhNgan
OS=Windows_NT
PROCESSOR_IDENTIFIER=Intel64 Family 6 Model 69 Stepping 1, GenuineIntel



---------------  S Y S T E M  ---------------

OS: Windows 10 , 64 bit Build 19041 (10.0.19041.1348)
OS uptime: 0 days 0:07 hours

CPU:total 4 (initial active 4) (2 cores per cpu, 2 threads per core) family 6 model 69 stepping 1 microcode 0x25, cmov, cx8, fxsr, mmx, sse, sse2, sse3, ssse3, sse4.1, sse4.2, popcnt, avx, avx2, aes, clmul, erms, lzcnt, ht, tsc, tscinvbit, bmi1, bmi2, fma

Memory: 4k page, system-wide physical 3979M (263M free)
TotalPageFile size 6979M (AvailPageFile size 85M)
current process WorkingSet (physical memory assigned to process): 377M, peak: 399M
current process commit charge ("private bytes"): 551M, peak: 707M

vm_info: OpenJDK 64-Bit Server VM (11.0.10+0-b96-7249189) for windows-amd64 JRE (11.0.10+0-b96-7249189), built on Mar 31 2021 21:44:00 by "builder" with MS VC++ 14.0 (VS2015)

END.
