#
# There is insufficient memory for the Java Runtime Environment to continue.
# Native memory allocation (malloc) failed to allocate 1912016 bytes for Chunk::new
# Possible reasons:
#   The system is out of physical RAM or swap space
#   The process is running with CompressedOops enabled, and the Java Heap may be blocking the growth of the native heap
# Possible solutions:
#   Reduce memory load on the system
#   Increase physical memory or swap space
#   Check if swap backing store is full
#   Decrease Java heap size (-Xmx/-Xms)
#   Decrease number of Java threads
#   Decrease Java thread stack sizes (-Xss)
#   Set larger code cache with -XX:ReservedCodeCacheSize=
#   JVM is running with Unscaled Compressed Oops mode in which the Java heap is
#     placed in the first 4GB address space. The Java Heap base address is the
#     maximum limit for the native heap growth. Please use -XX:HeapBaseMinAddress
#     to set the Java Heap base and to place the Java Heap above 4GB virtual address.
# This output file may be truncated or incomplete.
#
#  Out of Memory Error (./src/hotspot/share/memory/arena.cpp:197), pid=10320, tid=7296
#
# JRE version: OpenJDK Runtime Environment (11.0.10) (build 11.0.10+0-b96-7249189)
# Java VM: OpenJDK 64-Bit Server VM (11.0.10+0-b96-7249189, mixed mode, tiered, compressed oops, g1 gc, windows-amd64)
# No core dump will be written. Minidumps are not enabled by default on client versions of Windows
#

---------------  S U M M A R Y ------------

Command Line: --add-opens=java.base/java.util=ALL-UNNAMED --add-opens=java.base/java.lang=ALL-UNNAMED --add-opens=java.base/java.lang.invoke=ALL-UNNAMED --add-opens=java.base/java.util=ALL-UNNAMED --add-opens=java.prefs/java.util.prefs=ALL-UNNAMED --add-opens=java.prefs/java.util.prefs=ALL-UNNAMED --add-opens=java.base/java.nio.charset=ALL-UNNAMED --add-opens=java.base/java.net=ALL-UNNAMED --add-opens=java.base/java.util.concurrent.atomic=ALL-UNNAMED -Xmx2048m -Dfile.encoding=UTF-8 -Duser.country=US -Duser.language=en -Duser.variant org.gradle.launcher.daemon.bootstrap.GradleDaemon 7.0.2

Host: Intel(R) Core(TM) i5-4210U CPU @ 1.70GHz, 4 cores, 3G,  Windows 10 , 64 bit Build 19041 (10.0.19041.1202)
Time: Wed Nov 10 15:03:38 2021 SE Asia Standard Time elapsed time: 95.713705 seconds (0d 0h 1m 35s)

---------------  T H R E A D  ---------------

Current thread (0x000001e01b6db800):  JavaThread "C2 CompilerThread0" daemon [_thread_in_native, id=7296, stack(0x000000a4d9800000,0x000000a4d9900000)]


Current CompileTask:
C2:  95713 10495   !   4       com.google.common.reflect.TypeVisitor::visit (225 bytes)

Stack: [0x000000a4d9800000,0x000000a4d9900000]
Native frames: (J=compiled Java code, j=interpreted, Vv=VM code, C=native code)
V  [jvm.dll+0x5ecfaa]
V  [jvm.dll+0x722bd5]
V  [jvm.dll+0x72412d]
V  [jvm.dll+0x7247e3]
V  [jvm.dll+0x242928]
V  [jvm.dll+0xbc4fc]
V  [jvm.dll+0xbca0c]
V  [jvm.dll+0x352d7d]
V  [jvm.dll+0x320ad3]
V  [jvm.dll+0x31ffca]
V  [jvm.dll+0x1fb602]
V  [jvm.dll+0x1fa7f4]
V  [jvm.dll+0x18354c]
V  [jvm.dll+0x208ee7]
V  [jvm.dll+0x207731]
V  [jvm.dll+0x6eb1cf]
V  [jvm.dll+0x6e3d45]
V  [jvm.dll+0x5ebe96]
C  [ucrtbase.dll+0x21bb2]
C  [KERNEL32.DLL+0x17034]
C  [ntdll.dll+0x52651]


---------------  P R O C E S S  ---------------

Threads class SMR info:
_java_thread_list=0x000001e01ce6faf0, length=42, elements={
0x000001e07f3da000, 0x000001e01b676800, 0x000001e01b677800, 0x000001e01b6d2800,
0x000001e01b6d5000, 0x000001e01b6d6000, 0x000001e01b6db800, 0x000001e01b6f7800,
0x000001e01c055800, 0x000001e01c151000, 0x000001e01df3f800, 0x000001e01d186000,
0x000001e01e1c5800, 0x000001e01d165000, 0x000001e01d162000, 0x000001e01d164800,
0x000001e01d166000, 0x000001e01d167000, 0x000001e020910000, 0x000001e020916000,
0x000001e020913800, 0x000001e020916800, 0x000001e020917800, 0x000001e02091f000,
0x000001e02091c800, 0x000001e020912800, 0x000001e020914000, 0x000001e020911000,
0x000001e02091b800, 0x000001e020919000, 0x000001e02091a800, 0x000001e02091d000,
0x000001e02091e000, 0x000001e020918800, 0x000001e01d168800, 0x000001e01d162800,
0x000001e01d167800, 0x000001e01d163800, 0x000001e020c38800, 0x000001e020c36800,
0x000001e020c35000, 0x000001e020c37800
}

Java Threads: ( => current thread )
  0x000001e07f3da000 JavaThread "main" [_thread_blocked, id=11964, stack(0x000000a4d8c00000,0x000000a4d8d00000)]
  0x000001e01b676800 JavaThread "Reference Handler" daemon [_thread_blocked, id=11316, stack(0x000000a4d9300000,0x000000a4d9400000)]
  0x000001e01b677800 JavaThread "Finalizer" daemon [_thread_blocked, id=7684, stack(0x000000a4d9400000,0x000000a4d9500000)]
  0x000001e01b6d2800 JavaThread "Signal Dispatcher" daemon [_thread_blocked, id=11860, stack(0x000000a4d9500000,0x000000a4d9600000)]
  0x000001e01b6d5000 JavaThread "Attach Listener" daemon [_thread_blocked, id=6460, stack(0x000000a4d9600000,0x000000a4d9700000)]
  0x000001e01b6d6000 JavaThread "Service Thread" daemon [_thread_blocked, id=5424, stack(0x000000a4d9700000,0x000000a4d9800000)]
=>0x000001e01b6db800 JavaThread "C2 CompilerThread0" daemon [_thread_in_native, id=7296, stack(0x000000a4d9800000,0x000000a4d9900000)]
  0x000001e01b6f7800 JavaThread "C1 CompilerThread0" daemon [_thread_blocked, id=10584, stack(0x000000a4d9900000,0x000000a4d9a00000)]
  0x000001e01c055800 JavaThread "Sweeper thread" daemon [_thread_blocked, id=8032, stack(0x000000a4d9a00000,0x000000a4d9b00000)]
  0x000001e01c151000 JavaThread "Common-Cleaner" daemon [_thread_blocked, id=4608, stack(0x000000a4d9b00000,0x000000a4d9c00000)]
  0x000001e01df3f800 JavaThread "Daemon health stats" [_thread_blocked, id=7624, stack(0x000000a4d9e00000,0x000000a4d9f00000)]
  0x000001e01d186000 JavaThread "Incoming local TCP Connector on port 52864" [_thread_in_native, id=6644, stack(0x000000a4d9f00000,0x000000a4da000000)]
  0x000001e01e1c5800 JavaThread "Daemon periodic checks" [_thread_blocked, id=9260, stack(0x000000a4da000000,0x000000a4da100000)]
  0x000001e01d165000 JavaThread "Cache worker for file hash cache (C:\Program Files\Java\jdk-17.0.1\caches\7.0.2\fileHashes)" [_thread_blocked, id=7640, stack(0x000000a4daa00000,0x000000a4dab00000)]
  0x000001e01d162000 JavaThread "File lock request listener" [_thread_in_native, id=8480, stack(0x000000a4dab00000,0x000000a4dac00000)]
  0x000001e01d164800 JavaThread "Cache worker for journal cache (C:\Program Files\Java\jdk-17.0.1\caches\journal-1)" [_thread_blocked, id=1756, stack(0x000000a4dac00000,0x000000a4dad00000)]
  0x000001e01d166000 JavaThread "File watcher server" daemon [_thread_in_native, id=6628, stack(0x000000a4dae00000,0x000000a4daf00000)]
  0x000001e01d167000 JavaThread "File watcher consumer" daemon [_thread_blocked, id=2112, stack(0x000000a4daf00000,0x000000a4db000000)]
  0x000001e020910000 JavaThread "Cache worker for execution history cache (C:\Program Files\Java\jdk-17.0.1\caches\7.0.2\executionHistory)" [_thread_blocked, id=8420, stack(0x000000a4db300000,0x000000a4db400000)]
  0x000001e020916000 JavaThread "jar transforms" [_thread_blocked, id=4448, stack(0x000000a4db400000,0x000000a4db500000)]
  0x000001e020913800 JavaThread "jar transforms Thread 2" [_thread_blocked, id=12072, stack(0x000000a4db500000,0x000000a4db600000)]
  0x000001e020916800 JavaThread "Cache worker for file content cache (C:\Program Files\Java\jdk-17.0.1\caches\7.0.2\fileContent)" [_thread_blocked, id=11696, stack(0x000000a4db600000,0x000000a4db700000)]
  0x000001e020917800 JavaThread "jar transforms Thread 3" [_thread_blocked, id=11416, stack(0x000000a4db800000,0x000000a4db900000)]
  0x000001e02091f000 JavaThread "jar transforms Thread 4" [_thread_blocked, id=8596, stack(0x000000a4dbe00000,0x000000a4dbf00000)]
  0x000001e02091c800 JavaThread "Memory manager" [_thread_blocked, id=2820, stack(0x000000a4dbf00000,0x000000a4dc000000)]
  0x000001e020912800 JavaThread "Daemon Thread 2" [_thread_blocked, id=9516, stack(0x000000a4d8900000,0x000000a4d8a00000)]
  0x000001e020914000 JavaThread "Handler for socket connection from /127.0.0.1:52864 to /127.0.0.1:52900" [_thread_in_native, id=2828, stack(0x000000a4d8b00000,0x000000a4d8c00000)]
  0x000001e020911000 JavaThread "Cancel handler" [_thread_blocked, id=10072, stack(0x000000a4da100000,0x000000a4da200000)]
  0x000001e02091b800 JavaThread "Daemon worker Thread 2" [_thread_in_Java, id=6264, stack(0x000000a4da300000,0x000000a4da400000)]
  0x000001e020919000 JavaThread "Asynchronous log dispatcher for DefaultDaemonConnection: socket connection from /127.0.0.1:52864 to /127.0.0.1:52900" [_thread_blocked, id=5620, stack(0x000000a4da400000,0x000000a4da500000)]
  0x000001e02091a800 JavaThread "Stdin handler" [_thread_blocked, id=8860, stack(0x000000a4da500000,0x000000a4da600000)]
  0x000001e02091d000 JavaThread "Daemon client event forwarder" [_thread_blocked, id=8724, stack(0x000000a4da600000,0x000000a4da700000)]
  0x000001e02091e000 JavaThread "Cache worker for file hash cache (C:\Users\MinhNgan\AndroidStudioProjects\Android_hepat\.gradle\7.0.2\fileHashes)" [_thread_blocked, id=11636, stack(0x000000a4da700000,0x000000a4da800000)]
  0x000001e020918800 JavaThread "Cache worker for checksums cache (C:\Users\MinhNgan\AndroidStudioProjects\Android_hepat\.gradle\checksums)" [_thread_blocked, id=8808, stack(0x000000a4dad00000,0x000000a4dae00000)]
  0x000001e01d168800 JavaThread "Cache worker for cache directory md-supplier (C:\Program Files\Java\jdk-17.0.1\caches\7.0.2\md-supplier)" [_thread_blocked, id=9320, stack(0x000000a4db000000,0x000000a4db100000)]
  0x000001e01d162800 JavaThread "Cache worker for cache directory md-rule (C:\Program Files\Java\jdk-17.0.1\caches\7.0.2\md-rule)" [_thread_blocked, id=10256, stack(0x000000a4db100000,0x000000a4db200000)]
  0x000001e01d167800 JavaThread "Cache worker for dependencies-accessors (C:\Users\MinhNgan\AndroidStudioProjects\Android_hepat\.gradle\7.0.2\dependencies-accessors)" [_thread_blocked, id=11796, stack(0x000000a4db200000,0x000000a4db300000)]
  0x000001e01d163800 JavaThread "Cache worker for Build Output Cleanup Cache (C:\Users\MinhNgan\AndroidStudioProjects\Android_hepat\.gradle\buildOutputCleanup)" [_thread_blocked, id=12116, stack(0x000000a4db700000,0x000000a4db800000)]
  0x000001e020c38800 JavaThread "Build operations" [_thread_blocked, id=4548, stack(0x000000a4db900000,0x000000a4dba00000)]
  0x000001e020c36800 JavaThread "Build operations Thread 2" [_thread_blocked, id=11832, stack(0x000000a4dba00000,0x000000a4dbb00000)]
  0x000001e020c35000 JavaThread "Build operations Thread 3" [_thread_blocked, id=5528, stack(0x000000a4dbb00000,0x000000a4dbc00000)]
  0x000001e020c37800 JavaThread "Build operations Thread 4" [_thread_blocked, id=7600, stack(0x000000a4dbc00000,0x000000a4dbd00000)]

Other Threads:
  0x000001e01b671800 VMThread "VM Thread" [stack: 0x000000a4d9200000,0x000000a4d9300000] [id=3488]
  0x000001e01c16a000 WatcherThread [stack: 0x000000a4d9c00000,0x000000a4d9d00000] [id=1740]
  0x000001e07f3f3000 GCTaskThread "GC Thread#0" [stack: 0x000000a4d8d00000,0x000000a4d8e00000] [id=584]
  0x000001e01c4de000 GCTaskThread "GC Thread#1" [stack: 0x000000a4d9d00000,0x000000a4d9e00000] [id=7868]
  0x000001e01d46b000 GCTaskThread "GC Thread#2" [stack: 0x000000a4da800000,0x000000a4da900000] [id=4832]
  0x000001e01df2f800 GCTaskThread "GC Thread#3" [stack: 0x000000a4da900000,0x000000a4daa00000] [id=9172]
  0x000001e07f422000 ConcurrentGCThread "G1 Main Marker" [stack: 0x000000a4d8e00000,0x000000a4d8f00000] [id=7072]
  0x000001e07f424800 ConcurrentGCThread "G1 Conc#0" [stack: 0x000000a4d8f00000,0x000000a4d9000000] [id=11064]
  0x000001e07f47d800 ConcurrentGCThread "G1 Refine#0" [stack: 0x000000a4d9000000,0x000000a4d9100000] [id=10744]
  0x000001e07f47e800 ConcurrentGCThread "G1 Young RemSet Sampling" [stack: 0x000000a4d9100000,0x000000a4d9200000] [id=10468]

Threads with active compile tasks:
C2 CompilerThread0  95778 10495   !   4       com.google.common.reflect.TypeVisitor::visit (225 bytes)

VM state:not at safepoint (normal execution)

VM Mutex/Monitor currently owned by a thread: None

Heap address: 0x0000000080000000, size: 2048 MB, Compressed Oops mode: 32-bit
Narrow klass base: 0x0000000000000000, Narrow klass shift: 3
Compressed class space size: 1073741824 Address: 0x0000000100000000

Heap:
 garbage-first heap   total 165888K, used 131505K [0x0000000080000000, 0x0000000100000000)
  region size 1024K, 64 young (65536K), 6 survivors (6144K)
 Metaspace       used 81600K, capacity 83789K, committed 84016K, reserved 1122304K
  class space    used 10544K, capacity 11313K, committed 11392K, reserved 1048576K
Heap Regions: E=young(eden), S=young(survivor), O=old, HS=humongous(starts), HC=humongous(continues), CS=collection set, F=free, A=archive, TAMS=top-at-mark-start (previous, next)
|   0|0x0000000080000000, 0x0000000080100000, 0x0000000080100000|100%|HS|  |TAMS 0x0000000080100000, 0x0000000080000000| Complete 
|   1|0x0000000080100000, 0x0000000080200000, 0x0000000080200000|100%|HC|  |TAMS 0x0000000080200000, 0x0000000080100000| Complete 
|   2|0x0000000080200000, 0x0000000080300000, 0x0000000080300000|100%|HC|  |TAMS 0x0000000080300000, 0x0000000080200000| Complete 
|   3|0x0000000080300000, 0x0000000080400000, 0x0000000080400000|100%| O|  |TAMS 0x0000000080400000, 0x0000000080300000| Untracked 
|   4|0x0000000080400000, 0x0000000080500000, 0x0000000080500000|100%| O|  |TAMS 0x0000000080500000, 0x0000000080400000| Untracked 
|   5|0x0000000080500000, 0x0000000080600000, 0x0000000080600000|100%| O|  |TAMS 0x0000000080600000, 0x0000000080500000| Untracked 
|   6|0x0000000080600000, 0x0000000080700000, 0x0000000080700000|100%| O|  |TAMS 0x0000000080700000, 0x0000000080600000| Untracked 
|   7|0x0000000080700000, 0x0000000080800000, 0x0000000080800000|100%| O|  |TAMS 0x0000000080800000, 0x0000000080700000| Untracked 
|   8|0x0000000080800000, 0x0000000080900000, 0x0000000080900000|100%| O|  |TAMS 0x0000000080900000, 0x0000000080800000| Untracked 
|   9|0x0000000080900000, 0x0000000080a00000, 0x0000000080a00000|100%| O|  |TAMS 0x0000000080a00000, 0x0000000080900000| Untracked 
|  10|0x0000000080a00000, 0x0000000080b00000, 0x0000000080b00000|100%| O|  |TAMS 0x0000000080b00000, 0x0000000080a00000| Untracked 
|  11|0x0000000080b00000, 0x0000000080c00000, 0x0000000080c00000|100%| O|  |TAMS 0x0000000080c00000, 0x0000000080b00000| Untracked 
|  12|0x0000000080c00000, 0x0000000080d00000, 0x0000000080d00000|100%| O|  |TAMS 0x0000000080d00000, 0x0000000080c00000| Untracked 
|  13|0x0000000080d00000, 0x0000000080e00000, 0x0000000080e00000|100%| O|  |TAMS 0x0000000080e00000, 0x0000000080d00000| Untracked 
|  14|0x0000000080e00000, 0x0000000080f00000, 0x0000000080f00000|100%| O|  |TAMS 0x0000000080f00000, 0x0000000080e00000| Untracked 
|  15|0x0000000080f00000, 0x0000000081000000, 0x0000000081000000|100%| O|  |TAMS 0x0000000081000000, 0x0000000080f00000| Untracked 
|  16|0x0000000081000000, 0x0000000081100000, 0x0000000081100000|100%| O|  |TAMS 0x0000000081100000, 0x0000000081000000| Untracked 
|  17|0x0000000081100000, 0x0000000081200000, 0x0000000081200000|100%| O|  |TAMS 0x0000000081200000, 0x0000000081100000| Untracked 
|  18|0x0000000081200000, 0x0000000081300000, 0x0000000081300000|100%| O|  |TAMS 0x0000000081300000, 0x0000000081200000| Untracked 
|  19|0x0000000081300000, 0x0000000081400000, 0x0000000081400000|100%| O|  |TAMS 0x0000000081400000, 0x0000000081300000| Untracked 
|  20|0x0000000081400000, 0x0000000081500000, 0x0000000081500000|100%| O|  |TAMS 0x0000000081500000, 0x0000000081400000| Untracked 
|  21|0x0000000081500000, 0x0000000081600000, 0x0000000081600000|100%| O|  |TAMS 0x0000000081600000, 0x0000000081500000| Untracked 
|  22|0x0000000081600000, 0x0000000081700000, 0x0000000081700000|100%|HS|  |TAMS 0x0000000081700000, 0x0000000081600000| Complete 
|  23|0x0000000081700000, 0x0000000081800000, 0x0000000081800000|100%| O|  |TAMS 0x0000000081800000, 0x0000000081700000| Untracked 
|  24|0x0000000081800000, 0x0000000081900000, 0x0000000081900000|100%| O|  |TAMS 0x0000000081900000, 0x0000000081800000| Untracked 
|  25|0x0000000081900000, 0x0000000081a00000, 0x0000000081a00000|100%| O|  |TAMS 0x0000000081a00000, 0x0000000081900000| Untracked 
|  26|0x0000000081a00000, 0x0000000081b00000, 0x0000000081b00000|100%| O|  |TAMS 0x0000000081b00000, 0x0000000081a00000| Untracked 
|  27|0x0000000081b00000, 0x0000000081c00000, 0x0000000081c00000|100%| O|  |TAMS 0x0000000081c00000, 0x0000000081b00000| Untracked 
|  28|0x0000000081c00000, 0x0000000081d00000, 0x0000000081d00000|100%|HS|  |TAMS 0x0000000081d00000, 0x0000000081c00000| Complete 
|  29|0x0000000081d00000, 0x0000000081e00000, 0x0000000081e00000|100%|HS|  |TAMS 0x0000000081e00000, 0x0000000081d00000| Complete 
|  30|0x0000000081e00000, 0x0000000081f00000, 0x0000000081f00000|100%|HC|  |TAMS 0x0000000081f00000, 0x0000000081e00000| Complete 
|  31|0x0000000081f00000, 0x0000000082000000, 0x0000000082000000|100%| O|  |TAMS 0x0000000082000000, 0x0000000081f00000| Untracked 
|  32|0x0000000082000000, 0x0000000082100000, 0x0000000082100000|100%| O|  |TAMS 0x0000000082100000, 0x0000000082000000| Untracked 
|  33|0x0000000082100000, 0x0000000082200000, 0x0000000082200000|100%| O|  |TAMS 0x0000000082200000, 0x0000000082100000| Untracked 
|  34|0x0000000082200000, 0x0000000082300000, 0x0000000082300000|100%| O|  |TAMS 0x0000000082300000, 0x0000000082200000| Untracked 
|  35|0x0000000082300000, 0x0000000082400000, 0x0000000082400000|100%| O|  |TAMS 0x0000000082400000, 0x0000000082300000| Untracked 
|  36|0x0000000082400000, 0x0000000082500000, 0x0000000082500000|100%| O|  |TAMS 0x0000000082500000, 0x0000000082400000| Untracked 
|  37|0x0000000082500000, 0x0000000082600000, 0x0000000082600000|100%| O|  |TAMS 0x0000000082600000, 0x0000000082500000| Untracked 
|  38|0x0000000082600000, 0x0000000082700000, 0x0000000082700000|100%| O|  |TAMS 0x0000000082700000, 0x0000000082600000| Untracked 
|  39|0x0000000082700000, 0x0000000082800000, 0x0000000082800000|100%| O|  |TAMS 0x0000000082800000, 0x0000000082700000| Untracked 
|  40|0x0000000082800000, 0x0000000082900000, 0x0000000082900000|100%| O|  |TAMS 0x0000000082900000, 0x0000000082800000| Untracked 
|  41|0x0000000082900000, 0x0000000082a00000, 0x0000000082a00000|100%| O|  |TAMS 0x0000000082a00000, 0x0000000082900000| Untracked 
|  42|0x0000000082a00000, 0x0000000082b00000, 0x0000000082b00000|100%| O|  |TAMS 0x0000000082b00000, 0x0000000082a00000| Untracked 
|  43|0x0000000082b00000, 0x0000000082c00000, 0x0000000082c00000|100%| O|  |TAMS 0x0000000082c00000, 0x0000000082b00000| Untracked 
|  44|0x0000000082c00000, 0x0000000082d00000, 0x0000000082d00000|100%| O|  |TAMS 0x0000000082d00000, 0x0000000082c00000| Untracked 
|  45|0x0000000082d00000, 0x0000000082e00000, 0x0000000082e00000|100%| O|  |TAMS 0x0000000082d90200, 0x0000000082d00000| Untracked 
|  46|0x0000000082e00000, 0x0000000082f00000, 0x0000000082f00000|100%| O|  |TAMS 0x0000000082e00000, 0x0000000082e00000| Untracked 
|  47|0x0000000082f00000, 0x0000000083000000, 0x0000000083000000|100%| O|  |TAMS 0x0000000082f00000, 0x0000000082f00000| Untracked 
|  48|0x0000000083000000, 0x0000000083100000, 0x0000000083100000|100%| O|  |TAMS 0x0000000083000000, 0x0000000083000000| Untracked 
|  49|0x0000000083100000, 0x0000000083200000, 0x0000000083200000|100%| O|  |TAMS 0x0000000083100000, 0x0000000083100000| Untracked 
|  50|0x0000000083200000, 0x0000000083300000, 0x0000000083300000|100%| O|  |TAMS 0x0000000083200000, 0x0000000083200000| Untracked 
|  51|0x0000000083300000, 0x0000000083400000, 0x0000000083400000|100%| O|  |TAMS 0x0000000083300000, 0x0000000083300000| Untracked 
|  52|0x0000000083400000, 0x0000000083500000, 0x0000000083500000|100%| O|  |TAMS 0x0000000083400000, 0x0000000083400000| Untracked 
|  53|0x0000000083500000, 0x0000000083600000, 0x0000000083600000|100%| O|  |TAMS 0x0000000083500000, 0x0000000083500000| Untracked 
|  54|0x0000000083600000, 0x0000000083700000, 0x0000000083700000|100%| O|  |TAMS 0x0000000083600000, 0x0000000083600000| Untracked 
|  55|0x0000000083700000, 0x0000000083800000, 0x0000000083800000|100%| O|  |TAMS 0x0000000083700000, 0x0000000083700000| Untracked 
|  56|0x0000000083800000, 0x0000000083900000, 0x0000000083900000|100%| O|  |TAMS 0x0000000083800000, 0x0000000083800000| Untracked 
|  57|0x0000000083900000, 0x0000000083a00000, 0x0000000083a00000|100%| O|  |TAMS 0x0000000083900000, 0x0000000083900000| Untracked 
|  58|0x0000000083a00000, 0x0000000083b00000, 0x0000000083b00000|100%| O|  |TAMS 0x0000000083a00000, 0x0000000083a00000| Untracked 
|  59|0x0000000083b00000, 0x0000000083c00000, 0x0000000083c00000|100%| O|  |TAMS 0x0000000083b00000, 0x0000000083b00000| Untracked 
|  60|0x0000000083c00000, 0x0000000083d00000, 0x0000000083d00000|100%| O|  |TAMS 0x0000000083c00000, 0x0000000083c00000| Untracked 
|  61|0x0000000083d00000, 0x0000000083e00000, 0x0000000083e00000|100%| O|  |TAMS 0x0000000083d00000, 0x0000000083d00000| Untracked 
|  62|0x0000000083e00000, 0x0000000083f00000, 0x0000000083f00000|100%| O|  |TAMS 0x0000000083e00000, 0x0000000083e00000| Untracked 
|  63|0x0000000083f00000, 0x0000000084000000, 0x0000000084000000|100%| O|  |TAMS 0x0000000083f00000, 0x0000000083f00000| Untracked 
|  64|0x0000000084000000, 0x0000000084100000, 0x0000000084100000|100%| O|  |TAMS 0x0000000084000000, 0x0000000084000000| Untracked 
|  65|0x0000000084100000, 0x000000008419c600, 0x0000000084200000| 61%| O|  |TAMS 0x0000000084100000, 0x0000000084100000| Untracked 
|  66|0x0000000084200000, 0x0000000084200000, 0x0000000084300000|  0%| F|  |TAMS 0x0000000084200000, 0x0000000084200000| Untracked 
|  67|0x0000000084300000, 0x0000000084300000, 0x0000000084400000|  0%| F|  |TAMS 0x0000000084300000, 0x0000000084300000| Untracked 
|  68|0x0000000084400000, 0x0000000084400000, 0x0000000084500000|  0%| F|  |TAMS 0x0000000084400000, 0x0000000084400000| Untracked 
|  69|0x0000000084500000, 0x0000000084500000, 0x0000000084600000|  0%| F|  |TAMS 0x0000000084500000, 0x0000000084500000| Untracked 
|  70|0x0000000084600000, 0x0000000084600000, 0x0000000084700000|  0%| F|  |TAMS 0x0000000084600000, 0x0000000084600000| Untracked 
|  71|0x0000000084700000, 0x0000000084700000, 0x0000000084800000|  0%| F|  |TAMS 0x0000000084700000, 0x0000000084700000| Untracked 
|  72|0x0000000084800000, 0x0000000084800000, 0x0000000084900000|  0%| F|  |TAMS 0x0000000084800000, 0x0000000084800000| Untracked 
|  73|0x0000000084900000, 0x0000000084900000, 0x0000000084a00000|  0%| F|  |TAMS 0x0000000084900000, 0x0000000084900000| Untracked 
|  74|0x0000000084a00000, 0x0000000084a00000, 0x0000000084b00000|  0%| F|  |TAMS 0x0000000084a00000, 0x0000000084a00000| Untracked 
|  75|0x0000000084b00000, 0x0000000084b00000, 0x0000000084c00000|  0%| F|  |TAMS 0x0000000084b00000, 0x0000000084b00000| Untracked 
|  76|0x0000000084c00000, 0x0000000084c00000, 0x0000000084d00000|  0%| F|  |TAMS 0x0000000084c00000, 0x0000000084c00000| Untracked 
|  77|0x0000000084d00000, 0x0000000084d00000, 0x0000000084e00000|  0%| F|  |TAMS 0x0000000084d00000, 0x0000000084d00000| Untracked 
|  78|0x0000000084e00000, 0x0000000084e00000, 0x0000000084f00000|  0%| F|  |TAMS 0x0000000084e00000, 0x0000000084e00000| Untracked 
|  79|0x0000000084f00000, 0x0000000084f00000, 0x0000000085000000|  0%| F|  |TAMS 0x0000000084f00000, 0x0000000084f00000| Untracked 
|  80|0x0000000085000000, 0x0000000085000000, 0x0000000085100000|  0%| F|  |TAMS 0x0000000085000000, 0x0000000085000000| Untracked 
|  81|0x0000000085100000, 0x0000000085100000, 0x0000000085200000|  0%| F|  |TAMS 0x0000000085100000, 0x0000000085100000| Untracked 
|  82|0x0000000085200000, 0x0000000085200000, 0x0000000085300000|  0%| F|  |TAMS 0x0000000085200000, 0x0000000085200000| Untracked 
|  83|0x0000000085300000, 0x0000000085300000, 0x0000000085400000|  0%| F|  |TAMS 0x0000000085300000, 0x0000000085300000| Untracked 
|  84|0x0000000085400000, 0x0000000085400000, 0x0000000085500000|  0%| F|  |TAMS 0x0000000085400000, 0x0000000085400000| Untracked 
|  85|0x0000000085500000, 0x0000000085500000, 0x0000000085600000|  0%| F|  |TAMS 0x0000000085500000, 0x0000000085500000| Untracked 
|  86|0x0000000085600000, 0x0000000085600000, 0x0000000085700000|  0%| F|  |TAMS 0x0000000085600000, 0x0000000085600000| Untracked 
|  87|0x0000000085700000, 0x0000000085700000, 0x0000000085800000|  0%| F|  |TAMS 0x0000000085700000, 0x0000000085700000| Untracked 
|  88|0x0000000085800000, 0x0000000085800000, 0x0000000085900000|  0%| F|  |TAMS 0x0000000085800000, 0x0000000085800000| Untracked 
|  89|0x0000000085900000, 0x0000000085900000, 0x0000000085a00000|  0%| F|  |TAMS 0x0000000085900000, 0x0000000085900000| Untracked 
|  90|0x0000000085a00000, 0x0000000085a00000, 0x0000000085b00000|  0%| F|  |TAMS 0x0000000085a00000, 0x0000000085a00000| Untracked 
|  91|0x0000000085b00000, 0x0000000085b00000, 0x0000000085c00000|  0%| F|  |TAMS 0x0000000085b00000, 0x0000000085b00000| Untracked 
|  92|0x0000000085c00000, 0x0000000085c00000, 0x0000000085d00000|  0%| F|  |TAMS 0x0000000085c00000, 0x0000000085c00000| Untracked 
|  93|0x0000000085d00000, 0x0000000085d00000, 0x0000000085e00000|  0%| F|  |TAMS 0x0000000085d00000, 0x0000000085d00000| Untracked 
|  94|0x0000000085e00000, 0x0000000085e00000, 0x0000000085f00000|  0%| F|  |TAMS 0x0000000085e00000, 0x0000000085e00000| Untracked 
|  95|0x0000000085f00000, 0x0000000085f00000, 0x0000000086000000|  0%| F|  |TAMS 0x0000000085f00000, 0x0000000085f00000| Untracked 
|  96|0x0000000086000000, 0x0000000086000000, 0x0000000086100000|  0%| F|  |TAMS 0x0000000086000000, 0x0000000086000000| Untracked 
|  97|0x0000000086100000, 0x00000000861d0128, 0x0000000086200000| 81%| S|CS|TAMS 0x0000000086100000, 0x0000000086100000| Complete 
|  98|0x0000000086200000, 0x0000000086300000, 0x0000000086300000|100%| S|CS|TAMS 0x0000000086200000, 0x0000000086200000| Complete 
|  99|0x0000000086300000, 0x0000000086400000, 0x0000000086400000|100%| S|CS|TAMS 0x0000000086300000, 0x0000000086300000| Complete 
| 100|0x0000000086400000, 0x0000000086500000, 0x0000000086500000|100%| S|CS|TAMS 0x0000000086400000, 0x0000000086400000| Complete 
| 101|0x0000000086500000, 0x0000000086600000, 0x0000000086600000|100%| S|CS|TAMS 0x0000000086500000, 0x0000000086500000| Complete 
| 102|0x0000000086600000, 0x0000000086700000, 0x0000000086700000|100%| S|CS|TAMS 0x0000000086600000, 0x0000000086600000| Complete 
| 103|0x0000000086700000, 0x0000000086700000, 0x0000000086800000|  0%| F|  |TAMS 0x0000000086700000, 0x0000000086700000| Untracked 
| 104|0x0000000086800000, 0x00000000868f7280, 0x0000000086900000| 96%| E|  |TAMS 0x0000000086800000, 0x0000000086800000| Complete 
| 105|0x0000000086900000, 0x0000000086a00000, 0x0000000086a00000|100%| E|CS|TAMS 0x0000000086900000, 0x0000000086900000| Complete 
| 106|0x0000000086a00000, 0x0000000086b00000, 0x0000000086b00000|100%| E|CS|TAMS 0x0000000086a00000, 0x0000000086a00000| Complete 
| 107|0x0000000086b00000, 0x0000000086c00000, 0x0000000086c00000|100%| E|CS|TAMS 0x0000000086b00000, 0x0000000086b00000| Complete 
| 108|0x0000000086c00000, 0x0000000086d00000, 0x0000000086d00000|100%| E|CS|TAMS 0x0000000086c00000, 0x0000000086c00000| Complete 
| 109|0x0000000086d00000, 0x0000000086e00000, 0x0000000086e00000|100%| E|CS|TAMS 0x0000000086d00000, 0x0000000086d00000| Complete 
| 110|0x0000000086e00000, 0x0000000086f00000, 0x0000000086f00000|100%| E|CS|TAMS 0x0000000086e00000, 0x0000000086e00000| Complete 
| 111|0x0000000086f00000, 0x0000000087000000, 0x0000000087000000|100%| E|CS|TAMS 0x0000000086f00000, 0x0000000086f00000| Complete 
| 112|0x0000000087000000, 0x0000000087100000, 0x0000000087100000|100%| E|CS|TAMS 0x0000000087000000, 0x0000000087000000| Complete 
| 113|0x0000000087100000, 0x0000000087200000, 0x0000000087200000|100%| E|CS|TAMS 0x0000000087100000, 0x0000000087100000| Complete 
| 114|0x0000000087200000, 0x0000000087300000, 0x0000000087300000|100%| E|CS|TAMS 0x0000000087200000, 0x0000000087200000| Complete 
| 115|0x0000000087300000, 0x0000000087400000, 0x0000000087400000|100%| E|CS|TAMS 0x0000000087300000, 0x0000000087300000| Complete 
| 116|0x0000000087400000, 0x0000000087500000, 0x0000000087500000|100%| E|CS|TAMS 0x0000000087400000, 0x0000000087400000| Complete 
| 117|0x0000000087500000, 0x0000000087600000, 0x0000000087600000|100%| E|CS|TAMS 0x0000000087500000, 0x0000000087500000| Complete 
| 118|0x0000000087600000, 0x0000000087700000, 0x0000000087700000|100%| E|CS|TAMS 0x0000000087600000, 0x0000000087600000| Complete 
| 119|0x0000000087700000, 0x0000000087800000, 0x0000000087800000|100%| E|CS|TAMS 0x0000000087700000, 0x0000000087700000| Complete 
| 120|0x0000000087800000, 0x0000000087900000, 0x0000000087900000|100%| E|CS|TAMS 0x0000000087800000, 0x0000000087800000| Complete 
| 121|0x0000000087900000, 0x0000000087a00000, 0x0000000087a00000|100%| E|CS|TAMS 0x0000000087900000, 0x0000000087900000| Complete 
| 122|0x0000000087a00000, 0x0000000087b00000, 0x0000000087b00000|100%| E|CS|TAMS 0x0000000087a00000, 0x0000000087a00000| Complete 
| 123|0x0000000087b00000, 0x0000000087c00000, 0x0000000087c00000|100%| E|CS|TAMS 0x0000000087b00000, 0x0000000087b00000| Complete 
| 124|0x0000000087c00000, 0x0000000087d00000, 0x0000000087d00000|100%| E|CS|TAMS 0x0000000087c00000, 0x0000000087c00000| Complete 
| 125|0x0000000087d00000, 0x0000000087e00000, 0x0000000087e00000|100%| E|CS|TAMS 0x0000000087d00000, 0x0000000087d00000| Complete 
| 126|0x0000000087e00000, 0x0000000087f00000, 0x0000000087f00000|100%| E|CS|TAMS 0x0000000087e00000, 0x0000000087e00000| Complete 
| 127|0x0000000087f00000, 0x0000000088000000, 0x0000000088000000|100%| E|CS|TAMS 0x0000000087f00000, 0x0000000087f00000| Complete 
| 128|0x0000000088000000, 0x0000000088100000, 0x0000000088100000|100%| E|CS|TAMS 0x0000000088000000, 0x0000000088000000| Complete 
| 129|0x0000000088100000, 0x0000000088200000, 0x0000000088200000|100%| E|CS|TAMS 0x0000000088100000, 0x0000000088100000| Complete 
| 130|0x0000000088200000, 0x0000000088300000, 0x0000000088300000|100%| E|CS|TAMS 0x0000000088200000, 0x0000000088200000| Complete 
| 131|0x0000000088300000, 0x0000000088400000, 0x0000000088400000|100%| E|CS|TAMS 0x0000000088300000, 0x0000000088300000| Complete 
| 132|0x0000000088400000, 0x0000000088500000, 0x0000000088500000|100%| E|CS|TAMS 0x0000000088400000, 0x0000000088400000| Complete 
| 133|0x0000000088500000, 0x0000000088600000, 0x0000000088600000|100%| E|CS|TAMS 0x0000000088500000, 0x0000000088500000| Complete 
| 134|0x0000000088600000, 0x0000000088700000, 0x0000000088700000|100%| E|CS|TAMS 0x0000000088600000, 0x0000000088600000| Complete 
| 135|0x0000000088700000, 0x0000000088800000, 0x0000000088800000|100%| E|CS|TAMS 0x0000000088700000, 0x0000000088700000| Complete 
| 136|0x0000000088800000, 0x0000000088900000, 0x0000000088900000|100%| E|CS|TAMS 0x0000000088800000, 0x0000000088800000| Complete 
| 137|0x0000000088900000, 0x0000000088a00000, 0x0000000088a00000|100%| E|CS|TAMS 0x0000000088900000, 0x0000000088900000| Complete 
| 138|0x0000000088a00000, 0x0000000088b00000, 0x0000000088b00000|100%| E|CS|TAMS 0x0000000088a00000, 0x0000000088a00000| Complete 
| 139|0x0000000088b00000, 0x0000000088c00000, 0x0000000088c00000|100%| E|CS|TAMS 0x0000000088b00000, 0x0000000088b00000| Complete 
| 140|0x0000000088c00000, 0x0000000088d00000, 0x0000000088d00000|100%| E|CS|TAMS 0x0000000088c00000, 0x0000000088c00000| Complete 
| 141|0x0000000088d00000, 0x0000000088e00000, 0x0000000088e00000|100%| E|CS|TAMS 0x0000000088d00000, 0x0000000088d00000| Complete 
| 142|0x0000000088e00000, 0x0000000088f00000, 0x0000000088f00000|100%| E|CS|TAMS 0x0000000088e00000, 0x0000000088e00000| Complete 
| 143|0x0000000088f00000, 0x0000000089000000, 0x0000000089000000|100%| E|CS|TAMS 0x0000000088f00000, 0x0000000088f00000| Complete 
| 144|0x0000000089000000, 0x0000000089100000, 0x0000000089100000|100%| E|CS|TAMS 0x0000000089000000, 0x0000000089000000| Complete 
| 145|0x0000000089100000, 0x0000000089200000, 0x0000000089200000|100%| E|CS|TAMS 0x0000000089100000, 0x0000000089100000| Complete 
| 146|0x0000000089200000, 0x0000000089300000, 0x0000000089300000|100%| E|CS|TAMS 0x0000000089200000, 0x0000000089200000| Complete 
| 147|0x0000000089300000, 0x0000000089400000, 0x0000000089400000|100%| E|CS|TAMS 0x0000000089300000, 0x0000000089300000| Complete 
| 148|0x0000000089400000, 0x0000000089500000, 0x0000000089500000|100%| E|CS|TAMS 0x0000000089400000, 0x0000000089400000| Complete 
| 149|0x0000000089500000, 0x0000000089600000, 0x0000000089600000|100%| E|CS|TAMS 0x0000000089500000, 0x0000000089500000| Complete 
| 150|0x0000000089600000, 0x0000000089700000, 0x0000000089700000|100%| E|CS|TAMS 0x0000000089600000, 0x0000000089600000| Complete 
| 151|0x0000000089700000, 0x0000000089800000, 0x0000000089800000|100%| E|CS|TAMS 0x0000000089700000, 0x0000000089700000| Complete 
| 152|0x0000000089800000, 0x0000000089900000, 0x0000000089900000|100%| E|CS|TAMS 0x0000000089800000, 0x0000000089800000| Complete 
| 153|0x0000000089900000, 0x0000000089a00000, 0x0000000089a00000|100%| E|CS|TAMS 0x0000000089900000, 0x0000000089900000| Complete 
| 154|0x0000000089a00000, 0x0000000089b00000, 0x0000000089b00000|100%| E|CS|TAMS 0x0000000089a00000, 0x0000000089a00000| Complete 
| 155|0x0000000089b00000, 0x0000000089c00000, 0x0000000089c00000|100%| E|CS|TAMS 0x0000000089b00000, 0x0000000089b00000| Complete 
| 156|0x0000000089c00000, 0x0000000089d00000, 0x0000000089d00000|100%| E|CS|TAMS 0x0000000089c00000, 0x0000000089c00000| Complete 
| 157|0x0000000089d00000, 0x0000000089e00000, 0x0000000089e00000|100%| E|CS|TAMS 0x0000000089d00000, 0x0000000089d00000| Complete 
| 158|0x0000000089e00000, 0x0000000089f00000, 0x0000000089f00000|100%| E|CS|TAMS 0x0000000089e00000, 0x0000000089e00000| Complete 
| 159|0x0000000089f00000, 0x000000008a000000, 0x000000008a000000|100%| E|CS|TAMS 0x0000000089f00000, 0x0000000089f00000| Complete 
| 160|0x000000008a000000, 0x000000008a100000, 0x000000008a100000|100%| E|CS|TAMS 0x000000008a000000, 0x000000008a000000| Complete 
| 161|0x000000008a100000, 0x000000008a200000, 0x000000008a200000|100%| E|CS|TAMS 0x000000008a100000, 0x000000008a100000| Complete 

Card table byte_map: [0x000001e014870000,0x000001e014c70000] _byte_map_base: 0x000001e014470000

Marking Bits (Prev, Next): (CMBitMap*) 0x000001e07f4195b0, (CMBitMap*) 0x000001e07f419578
 Prev Bits: [0x000001e017070000, 0x000001e019070000)
 Next Bits: [0x000001e015070000, 0x000001e017070000)

Polling page: 0x000001e001410000

Metaspace:

Usage:
  Non-class:     70.78 MB capacity,    69.39 MB ( 98%) used,     1.15 MB (  2%) free+waste,   239.75 KB ( <1%) overhead. 
      Class:     11.05 MB capacity,    10.30 MB ( 93%) used,   660.81 KB (  6%) free+waste,   107.75 KB ( <1%) overhead. 
       Both:     81.83 MB capacity,    79.69 MB ( 97%) used,     1.80 MB (  2%) free+waste,   347.50 KB ( <1%) overhead. 

Virtual space:
  Non-class space:       72.00 MB reserved,      70.92 MB ( 99%) committed 
      Class space:        1.00 GB reserved,      11.13 MB (  1%) committed 
             Both:        1.07 GB reserved,      82.05 MB (  7%) committed 

Chunk freelists:
   Non-Class:  20.00 KB
       Class:  0 bytes
        Both:  20.00 KB

MaxMetaspaceSize: 17179869184.00 GB
CompressedClassSpaceSize: 1.00 GB

CodeHeap 'non-profiled nmethods': size=120064Kb used=4796Kb max_used=4796Kb free=115267Kb
 bounds [0x000001e00c900000, 0x000001e00cdb0000, 0x000001e013e40000]
CodeHeap 'profiled nmethods': size=120000Kb used=21013Kb max_used=21013Kb free=98986Kb
 bounds [0x000001e0053d0000, 0x000001e006860000, 0x000001e00c900000]
CodeHeap 'non-nmethods': size=5696Kb used=2272Kb max_used=2309Kb free=3423Kb
 bounds [0x000001e004e40000, 0x000001e0050b0000, 0x000001e0053d0000]
 total_blobs=11241 nmethods=10371 adapters=781
 compilation: enabled
              stopped_count=0, restarted_count=0
 full_count=0

Compilation events (20 events):
Event: 95.623 Thread 0x000001e01b6f7800 nmethod 10536 0x000001e00cdae790 code [0x000001e00cdae940, 0x000001e00cdae9f8]
Event: 95.623 Thread 0x000001e01b6f7800 10537       3       org.gradle.internal.event.DefaultListenerManager$EventBroadcast::getDispatch (16 bytes)
Event: 95.623 Thread 0x000001e01b6f7800 nmethod 10537 0x000001e00684c010 code [0x000001e00684c1c0, 0x000001e00684c318]
Event: 95.644 Thread 0x000001e01b6f7800 10539       3       java.lang.Long::numberOfTrailingZeros (116 bytes)
Event: 95.644 Thread 0x000001e01b6f7800 nmethod 10539 0x000001e00684c390 code [0x000001e00684c540, 0x000001e00684c7f8]
Event: 95.663 Thread 0x000001e01b6f7800 10540       3       com.google.common.collect.Lists::newArrayList (8 bytes)
Event: 95.663 Thread 0x000001e01b6f7800 nmethod 10540 0x000001e00684c890 code [0x000001e00684ca60, 0x000001e00684cd78]
Event: 95.688 Thread 0x000001e01b6f7800 10541       3       org.gradle.api.internal.collections.DefaultCollectionEventRegister::<init> (29 bytes)
Event: 95.688 Thread 0x000001e01b6f7800 nmethod 10541 0x000001e00684ce90 code [0x000001e00684d080, 0x000001e00684d4d8]
Event: 95.691 Thread 0x000001e01b6f7800 10542       3       java.lang.Class::privateGetPublicMethods (224 bytes)
Event: 95.693 Thread 0x000001e01b6f7800 nmethod 10542 0x000001e00684d610 code [0x000001e00684d8e0, 0x000001e00684e5d8]
Event: 95.693 Thread 0x000001e01b6f7800 10543       3       org.gradle.api.tasks.util.PatternSet::<init> (15 bytes)
Event: 95.693 Thread 0x000001e01b6f7800 nmethod 10543 0x000001e00684ec90 code [0x000001e00684ee40, 0x000001e00684eff8]
Event: 95.694 Thread 0x000001e01b6f7800 10544   !   3       org.gradle.internal.event.DefaultListenerManager::getBroadcasterInternal (155 bytes)
Event: 95.699 Thread 0x000001e01b6f7800 nmethod 10544 0x000001e00684f090 code [0x000001e00684f360, 0x000001e006850368]
Event: 95.699 Thread 0x000001e01b6f7800 10545       1       org.gradle.api.internal.artifacts.ivyservice.moduleconverter.DefaultRootComponentMetadataBuilder::getValidator (5 bytes)
Event: 95.700 Thread 0x000001e01b6f7800 nmethod 10545 0x000001e00cdaea90 code [0x000001e00cdaec40, 0x000001e00cdaecf8]
Event: 95.700 Thread 0x000001e01b6f7800 10547       3       org.gradle.api.internal.artifacts.DefaultPublishArtifactSet::<init> (47 bytes)
Event: 95.703 Thread 0x000001e01b6f7800 nmethod 10547 0x000001e006850a90 code [0x000001e006850ce0, 0x000001e006851858]
Event: 95.703 Thread 0x000001e01b6f7800 10548       3       org.gradle.api.internal.artifacts.DefaultPublishArtifactSet$ArtifactsTaskDependency::<init> (6 bytes)

GC Heap History (20 events):
Event: 17.749 GC heap before
{Heap before GC invocations=23 (full 0):
 garbage-first heap   total 95232K, used 59100K [0x0000000080000000, 0x0000000100000000)
  region size 1024K, 18 young (18432K), 5 survivors (5120K)
 Metaspace       used 62369K, capacity 63818K, committed 63920K, reserved 1105920K
  class space    used 7889K, capacity 8417K, committed 8448K, reserved 1048576K
}
Event: 17.760 GC heap after
{Heap after GC invocations=24 (full 0):
 garbage-first heap   total 114688K, used 48065K [0x0000000080000000, 0x0000000100000000)
  region size 1024K, 2 young (2048K), 2 survivors (2048K)
 Metaspace       used 62369K, capacity 63818K, committed 63920K, reserved 1105920K
  class space    used 7889K, capacity 8417K, committed 8448K, reserved 1048576K
}
Event: 18.332 GC heap before
{Heap before GC invocations=25 (full 0):
 garbage-first heap   total 114688K, used 84929K [0x0000000080000000, 0x0000000100000000)
  region size 1024K, 37 young (37888K), 2 survivors (2048K)
 Metaspace       used 63391K, capacity 64932K, committed 65200K, reserved 1105920K
  class space    used 8046K, capacity 8632K, committed 8704K, reserved 1048576K
}
Event: 18.341 GC heap after
{Heap after GC invocations=26 (full 0):
 garbage-first heap   total 114688K, used 50420K [0x0000000080000000, 0x0000000100000000)
  region size 1024K, 4 young (4096K), 4 survivors (4096K)
 Metaspace       used 63391K, capacity 64932K, committed 65200K, reserved 1105920K
  class space    used 8046K, capacity 8632K, committed 8704K, reserved 1048576K
}
Event: 19.428 GC heap before
{Heap before GC invocations=26 (full 0):
 garbage-first heap   total 114688K, used 86260K [0x0000000080000000, 0x0000000100000000)
  region size 1024K, 39 young (39936K), 4 survivors (4096K)
 Metaspace       used 67486K, capacity 69114K, committed 69168K, reserved 1110016K
  class space    used 8721K, capacity 9319K, committed 9344K, reserved 1048576K
}
Event: 19.440 GC heap after
{Heap after GC invocations=27 (full 0):
 garbage-first heap   total 114688K, used 52970K [0x0000000080000000, 0x0000000100000000)
  region size 1024K, 3 young (3072K), 3 survivors (3072K)
 Metaspace       used 67486K, capacity 69114K, committed 69168K, reserved 1110016K
  class space    used 8721K, capacity 9319K, committed 9344K, reserved 1048576K
}
Event: 20.005 GC heap before
{Heap before GC invocations=27 (full 0):
 garbage-first heap   total 114688K, used 87786K [0x0000000080000000, 0x0000000100000000)
  region size 1024K, 37 young (37888K), 3 survivors (3072K)
 Metaspace       used 68887K, capacity 70524K, committed 70704K, reserved 1110016K
  class space    used 8904K, capacity 9505K, committed 9600K, reserved 1048576K
}
Event: 20.015 GC heap after
{Heap after GC invocations=28 (full 0):
 garbage-first heap   total 114688K, used 55271K [0x0000000080000000, 0x0000000100000000)
  region size 1024K, 5 young (5120K), 5 survivors (5120K)
 Metaspace       used 68887K, capacity 70524K, committed 70704K, reserved 1110016K
  class space    used 8904K, capacity 9505K, committed 9600K, reserved 1048576K
}
Event: 20.670 GC heap before
{Heap before GC invocations=28 (full 0):
 garbage-first heap   total 114688K, used 90087K [0x0000000080000000, 0x0000000100000000)
  region size 1024K, 39 young (39936K), 5 survivors (5120K)
 Metaspace       used 70695K, capacity 72432K, committed 72752K, reserved 1112064K
  class space    used 9177K, capacity 9788K, committed 9856K, reserved 1048576K
}
Event: 20.690 GC heap after
{Heap after GC invocations=29 (full 0):
 garbage-first heap   total 138240K, used 57773K [0x0000000080000000, 0x0000000100000000)
  region size 1024K, 5 young (5120K), 5 survivors (5120K)
 Metaspace       used 70695K, capacity 72432K, committed 72752K, reserved 1112064K
  class space    used 9177K, capacity 9788K, committed 9856K, reserved 1048576K
}
Event: 22.581 GC heap before
{Heap before GC invocations=29 (full 0):
 garbage-first heap   total 138240K, used 102829K [0x0000000080000000, 0x0000000100000000)
  region size 1024K, 49 young (50176K), 5 survivors (5120K)
 Metaspace       used 75992K, capacity 77850K, committed 78128K, reserved 1116160K
  class space    used 9888K, capacity 10558K, committed 10624K, reserved 1048576K
}
Event: 22.602 GC heap after
{Heap after GC invocations=30 (full 0):
 garbage-first heap   total 138240K, used 60762K [0x0000000080000000, 0x0000000100000000)
  region size 1024K, 6 young (6144K), 6 survivors (6144K)
 Metaspace       used 75992K, capacity 77850K, committed 78128K, reserved 1116160K
  class space    used 9888K, capacity 10558K, committed 10624K, reserved 1048576K
}
Event: 24.080 GC heap before
{Heap before GC invocations=30 (full 0):
 garbage-first heap   total 138240K, used 105818K [0x0000000080000000, 0x0000000100000000)
  region size 1024K, 51 young (52224K), 6 survivors (6144K)
 Metaspace       used 78848K, capacity 80935K, committed 81200K, reserved 1120256K
  class space    used 10331K, capacity 11075K, committed 11136K, reserved 1048576K
}
Event: 24.104 GC heap after
{Heap after GC invocations=31 (full 0):
 garbage-first heap   total 138240K, used 64206K [0x0000000080000000, 0x0000000100000000)
  region size 1024K, 7 young (7168K), 7 survivors (7168K)
 Metaspace       used 78848K, capacity 80935K, committed 81200K, reserved 1120256K
  class space    used 10331K, capacity 11075K, committed 11136K, reserved 1048576K
}
Event: 25.243 GC heap before
{Heap before GC invocations=31 (full 0):
 garbage-first heap   total 138240K, used 108238K [0x0000000080000000, 0x0000000100000000)
  region size 1024K, 51 young (52224K), 7 survivors (7168K)
 Metaspace       used 79291K, capacity 81346K, committed 81456K, reserved 1120256K
  class space    used 10347K, capacity 11093K, committed 11136K, reserved 1048576K
}
Event: 25.265 GC heap after
{Heap after GC invocations=32 (full 0):
 garbage-first heap   total 138240K, used 67077K [0x0000000080000000, 0x0000000100000000)
  region size 1024K, 7 young (7168K), 7 survivors (7168K)
 Metaspace       used 79291K, capacity 81346K, committed 81456K, reserved 1120256K
  class space    used 10347K, capacity 11093K, committed 11136K, reserved 1048576K
}
Event: 26.159 GC heap before
{Heap before GC invocations=32 (full 0):
 garbage-first heap   total 138240K, used 110085K [0x0000000080000000, 0x0000000100000000)
  region size 1024K, 50 young (51200K), 7 survivors (7168K)
 Metaspace       used 79694K, capacity 81778K, committed 82096K, reserved 1120256K
  class space    used 10377K, capacity 11137K, committed 11264K, reserved 1048576K
}
Event: 26.189 GC heap after
{Heap after GC invocations=33 (full 0):
 garbage-first heap   total 165888K, used 70155K [0x0000000080000000, 0x0000000100000000)
  region size 1024K, 6 young (6144K), 6 survivors (6144K)
 Metaspace       used 79694K, capacity 81778K, committed 82096K, reserved 1120256K
  class space    used 10377K, capacity 11137K, committed 11264K, reserved 1048576K
}
Event: 28.105 GC heap before
{Heap before GC invocations=33 (full 0):
 garbage-first heap   total 165888K, used 129547K [0x0000000080000000, 0x0000000100000000)
  region size 1024K, 65 young (66560K), 6 survivors (6144K)
 Metaspace       used 80304K, capacity 82438K, committed 82608K, reserved 1120256K
  class space    used 10419K, capacity 11189K, committed 11264K, reserved 1048576K
}
Event: 28.136 GC heap after
{Heap after GC invocations=34 (full 0):
 garbage-first heap   total 165888K, used 73137K [0x0000000080000000, 0x0000000100000000)
  region size 1024K, 6 young (6144K), 6 survivors (6144K)
 Metaspace       used 80304K, capacity 82438K, committed 82608K, reserved 1120256K
  class space    used 10419K, capacity 11189K, committed 11264K, reserved 1048576K
}

Deoptimization events (20 events):
Event: 30.107 Thread 0x000001e01da45800 Uncommon trap: trap_request=0xffffff4d fr.pc=0x000001e00cc81ff0 relative=0x0000000000000310
Event: 30.107 Thread 0x000001e01da45800 Uncommon trap: reason=unstable_if action=reinterpret pc=0x000001e00cc81ff0 method=com.esotericsoftware.kryo.io.Input.require(I)I @ 180 c2
Event: 30.107 Thread 0x000001e01da45800 DEOPT PACKING pc=0x000001e00cc81ff0 sp=0x000000a4da2ff0f0
Event: 30.107 Thread 0x000001e01da45800 DEOPT UNPACKING pc=0x000001e004e678af sp=0x000000a4da2fef50 mode 2
Event: 90.033 Thread 0x000001e01d167000 Uncommon trap: trap_request=0xffffff4d fr.pc=0x000001e00ccab0bc relative=0x000000000000071c
Event: 90.034 Thread 0x000001e01d167000 Uncommon trap: reason=unstable_if action=reinterpret pc=0x000001e00ccab0bc method=org.gradle.internal.snapshot.VfsRelativePath.compareToFirstSegment(Ljava/lang/String;Lorg/gradle/internal/snapshot/CaseSensitivity;)I @ 134 c2
Event: 90.034 Thread 0x000001e01d167000 DEOPT PACKING pc=0x000001e00ccab0bc sp=0x000000a4daffd420
Event: 90.035 Thread 0x000001e01d167000 DEOPT UNPACKING pc=0x000001e004e678af sp=0x000000a4daffd3a0 mode 2
Event: 93.538 Thread 0x000001e02091b800 Uncommon trap: trap_request=0xffffff4d fr.pc=0x000001e00cd38968 relative=0x00000000000004c8
Event: 93.539 Thread 0x000001e02091b800 Uncommon trap: reason=unstable_if action=reinterpret pc=0x000001e00cd38968 method=org.gradle.cache.internal.DefaultCrossBuildInMemoryCacheFactory$AbstractCrossBuildInMemoryCache.getIfPresentWithoutLock(Ljava/lang/Object;)Ljava/lang/Object; @ 24 c2
Event: 93.539 Thread 0x000001e02091b800 DEOPT PACKING pc=0x000001e00cd38968 sp=0x000000a4da3fd680
Event: 93.539 Thread 0x000001e02091b800 DEOPT UNPACKING pc=0x000001e004e678af sp=0x000000a4da3fd628 mode 2
Event: 93.639 Thread 0x000001e02091b800 Uncommon trap: trap_request=0xffffff4d fr.pc=0x000001e00cd4bb38 relative=0x0000000000000b98
Event: 93.639 Thread 0x000001e02091b800 Uncommon trap: reason=unstable_if action=reinterpret pc=0x000001e00cd4bb38 method=org.gradle.tooling.internal.provider.runner.SubtreeFilteringBuildOperationListener.started(Lorg/gradle/internal/operations/BuildOperationDescriptor;Lorg/gradle/internal/oper
Event: 93.640 Thread 0x000001e02091b800 DEOPT PACKING pc=0x000001e00cd4bb38 sp=0x000000a4da3fd3f0
Event: 93.640 Thread 0x000001e02091b800 DEOPT UNPACKING pc=0x000001e004e678af sp=0x000000a4da3fd3c8 mode 2
Event: 94.301 Thread 0x000001e02091b800 DEOPT PACKING pc=0x000001e005d900f1 sp=0x000000a4da3f91f0
Event: 94.301 Thread 0x000001e02091b800 DEOPT UNPACKING pc=0x000001e004e676ce sp=0x000000a4da3f86e8 mode 0
Event: 94.763 Thread 0x000001e02091b800 DEOPT PACKING pc=0x000001e0064185f6 sp=0x000000a4da3f8ca0
Event: 94.764 Thread 0x000001e02091b800 DEOPT UNPACKING pc=0x000001e004e676ce sp=0x000000a4da3f81c0 mode 0

Classes redefined (0 events):
No events

Internal exceptions (20 events):
Event: 23.119 Thread 0x000001e01d162800 Exception <a 'java/lang/NoSuchMethodError'{0x0000000087009fb0}: <clinit>> (0x0000000087009fb0) thrown at [./src/hotspot/share/prims/jni.cpp, line 1362]
Event: 23.193 Thread 0x000001e01d498800 Exception <a 'java/lang/NoSuchMethodError'{0x00000000870c6f00}: 'java.lang.Object java.lang.invoke.Invokers$Holder.linkToTargetMethod(java.lang.Object, java.lang.Object, java.lang.Object, int, java.lang.Object, java.lang.Object)'> (0x00000000870c6f00) thrown at [./src/hotspot/share/interpreter/linkResolver.cpp, line 773]
Event: 23.214 Thread 0x000001e01d498800 Exception <a 'java/lang/IncompatibleClassChangeError'{0x0000000086f32068}: Found class java.lang.Object, but interface was expected> (0x0000000086f32068) thrown at [./src/hotspot/share/interpreter/linkResolver.cpp, line 839]
Event: 23.271 Thread 0x000001e01d498800 Exception <a 'java/lang/NoSuchMethodError'{0x0000000086d289f0}: 'int java.lang.invoke.DirectMethodHandle$Holder.invokeStaticInit(java.lang.Object, java.lang.Object, java.lang.Object, java.lang.Object, java.lang.Object)'> (0x0000000086d289f0) thrown at [./src/hotspot/share/interpreter/linkResolver.cpp, line 773]
Event: 23.906 Thread 0x000001e02091d000 Exception <a 'java/lang/NoSuchMethodError'{0x0000000086191b48}: 'java.lang.Object java.lang.invoke.DirectMethodHandle$Holder.invokeSpecialIFC(java.lang.Object, java.lang.Object, java.lang.Object)'> (0x0000000086191b48) thrown at [./src/hotspot/share/interpreter/linkResolver.cpp, line 773]
Event: 23.906 Thread 0x000001e020912800 Exception <a 'java/lang/NoSuchMethodError'{0x0000000086294560}: 'java.lang.Object java.lang.invoke.DirectMethodHandle$Holder.invokeSpecialIFC(java.lang.Object, java.lang.Object, java.lang.Object)'> (0x0000000086294560) thrown at [./src/hotspot/share/interpreter/linkResolver.cpp, line 773]
Event: 23.907 Thread 0x000001e020919000 Exception <a 'java/lang/NoSuchMethodError'{0x0000000086183e38}: 'java.lang.Object java.lang.invoke.DirectMethodHandle$Holder.invokeSpecialIFC(java.lang.Object, java.lang.Object, java.lang.Object)'> (0x0000000086183e38) thrown at [./src/hotspot/share/interpreter/linkResolver.cpp, line 773]
Event: 24.475 Thread 0x000001e020912800 Exception <a 'java/lang/NoSuchMethodError'{0x0000000087758d18}: 'void java.lang.invoke.DirectMethodHandle$Holder.invokeVirtual(java.lang.Object, java.lang.Object)'> (0x0000000087758d18) thrown at [./src/hotspot/share/interpreter/linkResolver.cpp, line 773]
Event: 24.475 Thread 0x000001e02091d000 Exception <a 'java/lang/NoSuchMethodError'{0x0000000087871010}: 'void java.lang.invoke.DirectMethodHandle$Holder.invokeVirtual(java.lang.Object, java.lang.Object)'> (0x0000000087871010) thrown at [./src/hotspot/share/interpreter/linkResolver.cpp, line 773]
Event: 26.445 Thread 0x000001e01e557000 Exception <a 'java/lang/NoSuchMethodError'{0x00000000897a0fb8}: <clinit>> (0x00000000897a0fb8) thrown at [./src/hotspot/share/prims/jni.cpp, line 1362]
Event: 26.446 Thread 0x000001e01e557000 Exception <a 'java/lang/NoSuchMethodError'{0x00000000897a22f0}: <clinit>> (0x00000000897a22f0) thrown at [./src/hotspot/share/prims/jni.cpp, line 1362]
Event: 26.446 Thread 0x000001e01e557000 Exception <a 'java/lang/NoSuchMethodError'{0x00000000897a4a40}: <clinit>> (0x00000000897a4a40) thrown at [./src/hotspot/share/prims/jni.cpp, line 1362]
Event: 26.448 Thread 0x000001e01e557000 Exception <a 'java/lang/NoSuchMethodError'{0x00000000897bf948}: <clinit>> (0x00000000897bf948) thrown at [./src/hotspot/share/prims/jni.cpp, line 1362]
Event: 26.448 Thread 0x000001e01e557000 Exception <a 'java/lang/NoSuchMethodError'{0x00000000897c0e28}: <clinit>> (0x00000000897c0e28) thrown at [./src/hotspot/share/prims/jni.cpp, line 1362]
Event: 27.344 Thread 0x000001e01d498800 Exception <a 'java/lang/NoSuchMethodError'{0x0000000088904da8}: 'int java.lang.invoke.DirectMethodHandle$Holder.invokeSpecial(java.lang.Object, java.lang.Object, java.lang.Object, java.lang.Object, java.lang.Object)'> (0x0000000088904da8) thrown at [./src/hotspot/share/interpreter/linkResolver.cpp, line 773]
Event: 29.405 Thread 0x000001e01e553000 Implicit null exception at 0x000001e00cd45a35 to 0x000001e00cd4628c
Event: 29.922 Thread 0x000001e01d498800 Exception <a 'java/lang/NoSuchMethodError'{0x0000000087f022b8}: 'int java.lang.invoke.DirectMethodHandle$Holder.invokeVirtual(java.lang.Object, java.lang.Object, java.lang.Object)'> (0x0000000087f022b8) thrown at [./src/hotspot/share/interpreter/linkResolver.cpp, line 773]
Event: 29.976 Thread 0x000001e01d498800 Implicit null exception at 0x000001e00cd1812f to 0x000001e00cd1817c
Event: 93.639 Thread 0x000001e02091b800 Implicit null exception at 0x000001e00cd4afe2 to 0x000001e00cd4bb18
Event: 95.607 Thread 0x000001e02091b800 Exception <a 'sun/nio/fs/WindowsException'{0x0000000086858c08}> (0x0000000086858c08) thrown at [./src/hotspot/share/prims/jni.cpp, line 615]

Events (20 events):
Event: 94.222 Executing VM operation: RevokeBias done
Event: 94.239 Executing VM operation: RevokeBias
Event: 94.240 Executing VM operation: RevokeBias done
Event: 94.242 Executing VM operation: RevokeBias
Event: 94.242 Executing VM operation: RevokeBias done
Event: 94.314 Thread 0x000001e01d163800 Thread added: 0x000001e01d163800
Event: 94.954 Executing VM operation: ICBufferFull
Event: 94.954 Executing VM operation: ICBufferFull done
Event: 95.078 Thread 0x000001e020c38800 Thread added: 0x000001e020c38800
Event: 95.086 Thread 0x000001e020c36800 Thread added: 0x000001e020c36800
Event: 95.087 Executing VM operation: RevokeBias
Event: 95.090 Executing VM operation: RevokeBias done
Event: 95.091 Thread 0x000001e020c35000 Thread added: 0x000001e020c35000
Event: 95.093 Thread 0x000001e020c37800 Thread added: 0x000001e020c37800
Event: 95.359 Executing VM operation: RevokeBias
Event: 95.360 Executing VM operation: RevokeBias done
Event: 95.482 Executing VM operation: RevokeBias
Event: 95.482 Executing VM operation: RevokeBias done
Event: 95.542 Executing VM operation: RevokeBias
Event: 95.542 Executing VM operation: RevokeBias done


Dynamic libraries:
0x00007ff767620000 - 0x00007ff76762a000 	C:\Program Files\Android\Android Studio\jre\bin\java.exe
0x00007ffd0dd70000 - 0x00007ffd0df65000 	C:\WINDOWS\SYSTEM32\ntdll.dll
0x00007ffd0daf0000 - 0x00007ffd0dbae000 	C:\WINDOWS\System32\KERNEL32.DLL
0x00007ffd0b8c0000 - 0x00007ffd0bb89000 	C:\WINDOWS\System32\KERNELBASE.dll
0x00007ffd0b730000 - 0x00007ffd0b830000 	C:\WINDOWS\System32\ucrtbase.dll
0x00007ffd047f0000 - 0x00007ffd04809000 	C:\Program Files\Android\Android Studio\jre\bin\jli.dll
0x00007ffd06f70000 - 0x00007ffd06f87000 	C:\Program Files\Android\Android Studio\jre\bin\VCRUNTIME140.dll
0x00007ffd0bdc0000 - 0x00007ffd0bf61000 	C:\WINDOWS\System32\USER32.dll
0x00007ffd0b490000 - 0x00007ffd0b4b2000 	C:\WINDOWS\System32\win32u.dll
0x00007ffcfb110000 - 0x00007ffcfb3aa000 	C:\WINDOWS\WinSxS\amd64_microsoft.windows.common-controls_6595b64144ccf1df_6.0.19041.1110_none_60b5254171f9507e\COMCTL32.dll
0x00007ffd0d590000 - 0x00007ffd0d62e000 	C:\WINDOWS\System32\msvcrt.dll
0x00007ffd0bf70000 - 0x00007ffd0bf9b000 	C:\WINDOWS\System32\GDI32.dll
0x00007ffd0b4c0000 - 0x00007ffd0b5cb000 	C:\WINDOWS\System32\gdi32full.dll
0x00007ffd0bc40000 - 0x00007ffd0bcdd000 	C:\WINDOWS\System32\msvcp_win.dll
0x00007ffd0c0d0000 - 0x00007ffd0c100000 	C:\WINDOWS\System32\IMM32.DLL
0x00007ffcffb20000 - 0x00007ffcffbbd000 	C:\Program Files\Android\Android Studio\jre\bin\msvcp140.dll
0x00007ffce1940000 - 0x00007ffce240f000 	C:\Program Files\Android\Android Studio\jre\bin\server\jvm.dll
0x00007ffd0d3f0000 - 0x00007ffd0d49c000 	C:\WINDOWS\System32\ADVAPI32.dll
0x00007ffd0c840000 - 0x00007ffd0c8db000 	C:\WINDOWS\System32\sechost.dll
0x00007ffd0bfa0000 - 0x00007ffd0c0ca000 	C:\WINDOWS\System32\RPCRT4.dll
0x00007ffd0cd60000 - 0x00007ffd0cd68000 	C:\WINDOWS\System32\PSAPI.DLL
0x00007ffd06fe0000 - 0x00007ffd06fe9000 	C:\WINDOWS\SYSTEM32\WSOCK32.dll
0x00007ffd0d520000 - 0x00007ffd0d58b000 	C:\WINDOWS\System32\WS2_32.dll
0x00007ffcff020000 - 0x00007ffcff047000 	C:\WINDOWS\SYSTEM32\WINMM.dll
0x00007ffd010a0000 - 0x00007ffd010aa000 	C:\WINDOWS\SYSTEM32\VERSION.dll
0x00007ffd09390000 - 0x00007ffd093a2000 	C:\WINDOWS\SYSTEM32\kernel.appcore.dll
0x00007ffd059e0000 - 0x00007ffd059f1000 	C:\Program Files\Android\Android Studio\jre\bin\verify.dll
0x00007ffcf6f30000 - 0x00007ffcf7114000 	C:\WINDOWS\SYSTEM32\DBGHELP.DLL
0x00007ffcf6ef0000 - 0x00007ffcf6f1c000 	C:\WINDOWS\SYSTEM32\dbgcore.DLL
0x00007ffd0bd30000 - 0x00007ffd0bdb3000 	C:\WINDOWS\System32\bcryptPrimitives.dll
0x00007ffd05950000 - 0x00007ffd05979000 	C:\Program Files\Android\Android Studio\jre\bin\java.dll
0x00007ffd06f60000 - 0x00007ffd06f6b000 	C:\Program Files\Android\Android Studio\jre\bin\jimage.dll
0x00007ffd058a0000 - 0x00007ffd058b8000 	C:\Program Files\Android\Android Studio\jre\bin\zip.dll
0x00007ffd0c100000 - 0x00007ffd0c83f000 	C:\WINDOWS\System32\SHELL32.dll
0x00007ffd09590000 - 0x00007ffd09d20000 	C:\WINDOWS\SYSTEM32\windows.storage.dll
0x00007ffd0d790000 - 0x00007ffd0dae5000 	C:\WINDOWS\System32\combase.dll
0x00007ffd0aee0000 - 0x00007ffd0af0c000 	C:\WINDOWS\SYSTEM32\Wldp.dll
0x00007ffd0ced0000 - 0x00007ffd0cf7d000 	C:\WINDOWS\System32\SHCORE.dll
0x00007ffd0d730000 - 0x00007ffd0d785000 	C:\WINDOWS\System32\shlwapi.dll
0x00007ffd0b3d0000 - 0x00007ffd0b3ef000 	C:\WINDOWS\SYSTEM32\profapi.dll
0x00007ffd05880000 - 0x00007ffd0589a000 	C:\Program Files\Android\Android Studio\jre\bin\net.dll
0x00007ffcfe6d0000 - 0x00007ffcfe7d8000 	C:\WINDOWS\SYSTEM32\WINHTTP.dll
0x00007ffd0ac40000 - 0x00007ffd0acaa000 	C:\WINDOWS\system32\mswsock.dll
0x00007ffd04fb0000 - 0x00007ffd04fc4000 	C:\Program Files\Android\Android Studio\jre\bin\nio.dll
0x00007ffcf7cf0000 - 0x00007ffcf7d17000 	C:\Program Files\Java\jdk-17.0.1\native\8bec1ad78214c89d9ad589b4d07fe93259594b29d510b10fafb7a158f7737e5d\windows-amd64\native-platform.dll
0x00007ffce2ca0000 - 0x00007ffce2ddd000 	C:\Program Files\Java\jdk-17.0.1\native\53dbd7edfb1c66fb8903c78663c9afc45aea4f116125fa6feffd364cf09443e8\windows-amd64\native-platform-file-events.dll
0x00007ffd06290000 - 0x00007ffd0629a000 	C:\Program Files\Android\Android Studio\jre\bin\management.dll
0x00007ffd05940000 - 0x00007ffd0594c000 	C:\Program Files\Android\Android Studio\jre\bin\management_ext.dll
0x00007ffd0ae30000 - 0x00007ffd0ae48000 	C:\WINDOWS\SYSTEM32\CRYPTSP.dll
0x00007ffd0a550000 - 0x00007ffd0a584000 	C:\WINDOWS\system32\rsaenh.dll
0x00007ffd0b890000 - 0x00007ffd0b8b7000 	C:\WINDOWS\System32\bcrypt.dll
0x00007ffd0b390000 - 0x00007ffd0b3be000 	C:\WINDOWS\SYSTEM32\USERENV.dll
0x00007ffd0ae50000 - 0x00007ffd0ae5c000 	C:\WINDOWS\SYSTEM32\CRYPTBASE.dll
0x00007ffd0a8e0000 - 0x00007ffd0a91b000 	C:\WINDOWS\SYSTEM32\IPHLPAPI.DLL
0x00007ffd0d6c0000 - 0x00007ffd0d6c8000 	C:\WINDOWS\System32\NSI.dll
0x00007ffd02270000 - 0x00007ffd02287000 	C:\WINDOWS\SYSTEM32\dhcpcsvc6.DLL
0x00007ffd02210000 - 0x00007ffd0222d000 	C:\WINDOWS\SYSTEM32\dhcpcsvc.DLL
0x00007ffd0a920000 - 0x00007ffd0a9ec000 	C:\WINDOWS\SYSTEM32\DNSAPI.dll

dbghelp: loaded successfully - version: 4.0.5 - missing functions: none
symbol engine: initialized successfully - sym options: 0x614 - pdb path: .;C:\Program Files\Android\Android Studio\jre\bin;C:\WINDOWS\SYSTEM32;C:\WINDOWS\WinSxS\amd64_microsoft.windows.common-controls_6595b64144ccf1df_6.0.19041.1110_none_60b5254171f9507e;C:\Program Files\Android\Android Studio\jre\bin\server;C:\Program Files\Java\jdk-17.0.1\native\8bec1ad78214c89d9ad589b4d07fe93259594b29d510b10fafb7a158f7737e5d\windows-amd64;C:\Program Files\Java\jdk-17.0.1\native\53dbd7edfb1c66fb8903c78663c9afc45aea4f116125fa6feffd364cf09443e8\windows-amd64

VM Arguments:
jvm_args: --add-opens=java.base/java.util=ALL-UNNAMED --add-opens=java.base/java.lang=ALL-UNNAMED --add-opens=java.base/java.lang.invoke=ALL-UNNAMED --add-opens=java.base/java.util=ALL-UNNAMED --add-opens=java.prefs/java.util.prefs=ALL-UNNAMED --add-opens=java.prefs/java.util.prefs=ALL-UNNAMED --add-opens=java.base/java.nio.charset=ALL-UNNAMED --add-opens=java.base/java.net=ALL-UNNAMED --add-opens=java.base/java.util.concurrent.atomic=ALL-UNNAMED -Xmx2048m -Dfile.encoding=UTF-8 -Duser.country=US -Duser.language=en -Duser.variant 
java_command: org.gradle.launcher.daemon.bootstrap.GradleDaemon 7.0.2
java_class_path (initial): C:\Program Files\Java\jdk-17.0.1\wrapper\dists\gradle-7.0.2-bin\857tjihv64xamwrf0h14cai3r\gradle-7.0.2\lib\gradle-launcher-7.0.2.jar
Launcher Type: SUN_STANDARD

[Global flags]
     intx CICompilerCount                          = 3                                         {product} {ergonomic}
     uint ConcGCThreads                            = 1                                         {product} {ergonomic}
     uint G1ConcRefinementThreads                  = 4                                         {product} {ergonomic}
   size_t G1HeapRegionSize                         = 1048576                                   {product} {ergonomic}
    uintx GCDrainStackTargetSize                   = 64                                        {product} {ergonomic}
   size_t InitialHeapSize                          = 67108864                                  {product} {ergonomic}
   size_t MarkStackSize                            = 4194304                                   {product} {ergonomic}
   size_t MaxHeapSize                              = 2147483648                                {product} {command line}
   size_t MaxNewSize                               = 1287651328                                {product} {ergonomic}
   size_t MinHeapDeltaBytes                        = 1048576                                   {product} {ergonomic}
    uintx NonNMethodCodeHeapSize                   = 5830732                                {pd product} {ergonomic}
    uintx NonProfiledCodeHeapSize                  = 122913754                              {pd product} {ergonomic}
    uintx ProfiledCodeHeapSize                     = 122913754                              {pd product} {ergonomic}
    uintx ReservedCodeCacheSize                    = 251658240                              {pd product} {ergonomic}
     bool SegmentedCodeCache                       = true                                      {product} {ergonomic}
     bool UseCompressedClassPointers               = true                                 {lp64_product} {ergonomic}
     bool UseCompressedOops                        = true                                 {lp64_product} {ergonomic}
     bool UseG1GC                                  = true                                      {product} {ergonomic}
     bool UseLargePagesIndividualAllocation        = false                                  {pd product} {ergonomic}

Logging:
Log output configuration:
 #0: stdout all=warning uptime,level,tags
 #1: stderr all=off uptime,level,tags

Environment Variables:
PATH=C:\Program Files\Common Files\Oracle\Java\javapath;C:\WINDOWS\system32;C:\WINDOWS;C:\WINDOWS\System32\Wbem;C:\WINDOWS\System32\WindowsPowerShell\v1.0\;C:\WINDOWS\System32\OpenSSH\;C:\Program Files\dotnet\;C:\Program Files\Microsoft SQL Server\130\Tools\Binn\;C:\Program Files\Microsoft SQL Server\Client SDK\ODBC\170\Tools\Binn\;C:\Program Files (x86)\dotnet\;C:\Program Files\Git\cmd;C:\Users\MinhNgan\AppData\Local\Microsoft\WindowsApps
USERNAME=MinhNgan
OS=Windows_NT
PROCESSOR_IDENTIFIER=Intel64 Family 6 Model 69 Stepping 1, GenuineIntel



---------------  S Y S T E M  ---------------

OS: Windows 10 , 64 bit Build 19041 (10.0.19041.1202)
OS uptime: 0 days 1:01 hours

CPU:total 4 (initial active 4) (2 cores per cpu, 2 threads per core) family 6 model 69 stepping 1 microcode 0x25, cmov, cx8, fxsr, mmx, sse, sse2, sse3, ssse3, sse4.1, sse4.2, popcnt, avx, avx2, aes, clmul, erms, lzcnt, ht, tsc, tscinvbit, bmi1, bmi2, fma

Memory: 4k page, system-wide physical 3979M (65M free)
TotalPageFile size 6979M (AvailPageFile size 7M)
current process WorkingSet (physical memory assigned to process): 148M, peak: 265M
current process commit charge ("private bytes"): 411M, peak: 413M

vm_info: OpenJDK 64-Bit Server VM (11.0.10+0-b96-7249189) for windows-amd64 JRE (11.0.10+0-b96-7249189), built on Mar 31 2021 21:44:00 by "builder" with MS VC++ 14.0 (VS2015)

END.
