#
# There is insufficient memory for the Java Runtime Environment to continue.
# Native memory allocation (malloc) failed to allocate 1046016 bytes for Chunk::new
# Possible reasons:
#   The system is out of physical RAM or swap space
#   The process is running with CompressedOops enabled, and the Java Heap may be blocking the growth of the native heap
# Possible solutions:
#   Reduce memory load on the system
#   Increase physical memory or swap space
#   Check if swap backing store is full
#   Decrease Java heap size (-Xmx/-Xms)
#   Decrease number of Java threads
#   Decrease Java thread stack sizes (-Xss)
#   Set larger code cache with -XX:ReservedCodeCacheSize=
#   JVM is running with Unscaled Compressed Oops mode in which the Java heap is
#     placed in the first 4GB address space. The Java Heap base address is the
#     maximum limit for the native heap growth. Please use -XX:HeapBaseMinAddress
#     to set the Java Heap base and to place the Java Heap above 4GB virtual address.
# This output file may be truncated or incomplete.
#
#  Out of Memory Error (./src/hotspot/share/memory/arena.cpp:197), pid=8420, tid=9580
#
# JRE version: OpenJDK Runtime Environment (11.0.10) (build 11.0.10+0-b96-7249189)
# Java VM: OpenJDK 64-Bit Server VM (11.0.10+0-b96-7249189, mixed mode, tiered, compressed oops, g1 gc, windows-amd64)
# No core dump will be written. Minidumps are not enabled by default on client versions of Windows
#

---------------  S U M M A R Y ------------

Command Line: --add-opens=java.base/java.util=ALL-UNNAMED --add-opens=java.base/java.lang=ALL-UNNAMED --add-opens=java.base/java.lang.invoke=ALL-UNNAMED --add-opens=java.base/java.util=ALL-UNNAMED --add-opens=java.prefs/java.util.prefs=ALL-UNNAMED --add-opens=java.prefs/java.util.prefs=ALL-UNNAMED --add-opens=java.base/java.nio.charset=ALL-UNNAMED --add-opens=java.base/java.net=ALL-UNNAMED --add-opens=java.base/java.util.concurrent.atomic=ALL-UNNAMED -Xmx2048m -Dfile.encoding=UTF-8 -Duser.country=US -Duser.language=en -Duser.variant org.gradle.launcher.daemon.bootstrap.GradleDaemon 7.0.2

Host: Intel(R) Core(TM) i5-4210U CPU @ 1.70GHz, 4 cores, 3G,  Windows 10 , 64 bit Build 19041 (10.0.19041.1202)
Time: Sun Nov  7 14:45:39 2021 SE Asia Standard Time elapsed time: 6.337740 seconds (0d 0h 0m 6s)

---------------  T H R E A D  ---------------

Current thread (0x0000020affeb7800):  JavaThread "C2 CompilerThread0" daemon [_thread_in_native, id=9580, stack(0x000000acb8e00000,0x000000acb8f00000)]


Current CompileTask:
C2:   6337 2041       4       java.net.URLClassLoader$1::run (5 bytes)

Stack: [0x000000acb8e00000,0x000000acb8f00000]
Native frames: (J=compiled Java code, j=interpreted, Vv=VM code, C=native code)
V  [jvm.dll+0x5ecfaa]
V  [jvm.dll+0x722bd5]
V  [jvm.dll+0x72412d]
V  [jvm.dll+0x7247e3]
V  [jvm.dll+0x242928]
V  [jvm.dll+0xbc4fc]
V  [jvm.dll+0xbca0c]
V  [jvm.dll+0x2b4fd4]
V  [jvm.dll+0x506028]
V  [jvm.dll+0x203253]
V  [jvm.dll+0x1fd07c]
V  [jvm.dll+0x1fa77f]
V  [jvm.dll+0x18354c]
V  [jvm.dll+0x208ee7]
V  [jvm.dll+0x207731]
V  [jvm.dll+0x6eb1cf]
V  [jvm.dll+0x6e3d45]
V  [jvm.dll+0x5ebe96]
C  [ucrtbase.dll+0x21bb2]
C  [KERNEL32.DLL+0x17034]
C  [ntdll.dll+0x52651]


---------------  P R O C E S S  ---------------

Threads class SMR info:
_java_thread_list=0x0000020a91fd0b80, length=23, elements={
0x0000020af4b1b000, 0x0000020affe4a000, 0x0000020affe4b800, 0x0000020affea3800,
0x0000020affea4000, 0x0000020affea7000, 0x0000020affeb7800, 0x0000020affebc800,
0x0000020affec6800, 0x0000020a8f955800, 0x0000020a91623800, 0x0000020a9075d800,
0x0000020a913a4800, 0x0000020a913a4000, 0x0000020a90de6800, 0x0000020a91a43800,
0x0000020a91d8e800, 0x0000020a908fc800, 0x0000020a908fd800, 0x0000020a91dab000,
0x0000020a91dac800, 0x0000020a91dad800, 0x0000020a91daa000
}

Java Threads: ( => current thread )
  0x0000020af4b1b000 JavaThread "main" [_thread_blocked, id=2676, stack(0x000000acb8200000,0x000000acb8300000)]
  0x0000020affe4a000 JavaThread "Reference Handler" daemon [_thread_blocked, id=7300, stack(0x000000acb8900000,0x000000acb8a00000)]
  0x0000020affe4b800 JavaThread "Finalizer" daemon [_thread_blocked, id=1512, stack(0x000000acb8a00000,0x000000acb8b00000)]
  0x0000020affea3800 JavaThread "Signal Dispatcher" daemon [_thread_blocked, id=8524, stack(0x000000acb8b00000,0x000000acb8c00000)]
  0x0000020affea4000 JavaThread "Attach Listener" daemon [_thread_blocked, id=4700, stack(0x000000acb8c00000,0x000000acb8d00000)]
  0x0000020affea7000 JavaThread "Service Thread" daemon [_thread_blocked, id=7692, stack(0x000000acb8d00000,0x000000acb8e00000)]
=>0x0000020affeb7800 JavaThread "C2 CompilerThread0" daemon [_thread_in_native, id=9580, stack(0x000000acb8e00000,0x000000acb8f00000)]
  0x0000020affebc800 JavaThread "C1 CompilerThread0" daemon [_thread_blocked, id=1420, stack(0x000000acb8f00000,0x000000acb9000000)]
  0x0000020affec6800 JavaThread "Sweeper thread" daemon [_thread_blocked, id=4892, stack(0x000000acb9000000,0x000000acb9100000)]
  0x0000020a8f955800 JavaThread "Common-Cleaner" daemon [_thread_blocked, id=1896, stack(0x000000acb9100000,0x000000acb9200000)]
  0x0000020a91623800 JavaThread "Daemon health stats" [_thread_blocked, id=1296, stack(0x000000acb9400000,0x000000acb9500000)]
  0x0000020a9075d800 JavaThread "Incoming local TCP Connector on port 50075" [_thread_in_native, id=9076, stack(0x000000acb9500000,0x000000acb9600000)]
  0x0000020a913a4800 JavaThread "Daemon periodic checks" [_thread_blocked, id=3348, stack(0x000000acb9600000,0x000000acb9700000)]
  0x0000020a913a4000 JavaThread "Daemon" [_thread_blocked, id=4416, stack(0x000000acb9700000,0x000000acb9800000)]
  0x0000020a90de6800 JavaThread "Handler for socket connection from /127.0.0.1:50075 to /127.0.0.1:50076" [_thread_in_native, id=3068, stack(0x000000acb9800000,0x000000acb9900000)]
  0x0000020a91a43800 JavaThread "Cancel handler" [_thread_blocked, id=8240, stack(0x000000acb9900000,0x000000acb9a00000)]
  0x0000020a91d8e800 JavaThread "Daemon worker" [_thread_blocked, id=8324, stack(0x000000acb9a00000,0x000000acb9b00000)]
  0x0000020a908fc800 JavaThread "Asynchronous log dispatcher for DefaultDaemonConnection: socket connection from /127.0.0.1:50075 to /127.0.0.1:50076" [_thread_blocked, id=6012, stack(0x000000acb9b00000,0x000000acb9c00000)]
  0x0000020a908fd800 JavaThread "Stdin handler" [_thread_blocked, id=5464, stack(0x000000acb9c00000,0x000000acb9d00000)]
  0x0000020a91dab000 JavaThread "Daemon client event forwarder" [_thread_blocked, id=6960, stack(0x000000acb9d00000,0x000000acb9e00000)]
  0x0000020a91dac800 JavaThread "Cache worker for file hash cache (C:\Users\MinhNgan\.gradle\caches\7.0.2\fileHashes)" [_thread_blocked, id=6976, stack(0x000000acba000000,0x000000acba100000)]
  0x0000020a91dad800 JavaThread "File lock request listener" [_thread_in_native, id=8204, stack(0x000000acba100000,0x000000acba200000)]
  0x0000020a91daa000 JavaThread "Cache worker for journal cache (C:\Users\MinhNgan\.gradle\caches\journal-1)" [_thread_blocked, id=7004, stack(0x000000acba200000,0x000000acba300000)]

Other Threads:
  0x0000020affe44000 VMThread "VM Thread" [stack: 0x000000acb8800000,0x000000acb8900000] [id=5184]
  0x0000020a8f960800 WatcherThread [stack: 0x000000acb9200000,0x000000acb9300000] [id=4268]
  0x0000020af4b33800 GCTaskThread "GC Thread#0" [stack: 0x000000acb8300000,0x000000acb8400000] [id=9616]
  0x0000020a8fd7d800 GCTaskThread "GC Thread#1" [stack: 0x000000acb9300000,0x000000acb9400000] [id=3688]
  0x0000020a91be6800 GCTaskThread "GC Thread#2" [stack: 0x000000acb9e00000,0x000000acb9f00000] [id=3372]
  0x0000020a91b0e000 GCTaskThread "GC Thread#3" [stack: 0x000000acb9f00000,0x000000acba000000] [id=7640]
  0x0000020af4b63800 ConcurrentGCThread "G1 Main Marker" [stack: 0x000000acb8400000,0x000000acb8500000] [id=7596]
  0x0000020af4b65000 ConcurrentGCThread "G1 Conc#0" [stack: 0x000000acb8500000,0x000000acb8600000] [id=7340]
  0x0000020af4bc2800 ConcurrentGCThread "G1 Refine#0" [stack: 0x000000acb8600000,0x000000acb8700000] [id=4772]
  0x0000020af4bc5000 ConcurrentGCThread "G1 Young RemSet Sampling" [stack: 0x000000acb8700000,0x000000acb8800000] [id=5336]

Threads with active compile tasks:
C2 CompilerThread0   6411 2041       4       java.net.URLClassLoader$1::run (5 bytes)

VM state:at safepoint (normal execution)

VM Mutex/Monitor currently owned by a thread:  ([mutex/lock_event])
[0x0000020af4b17b20] Threads_lock - owner thread: 0x0000020affe44000
[0x0000020af4b16b60] Heap_lock - owner thread: 0x0000020a91d8e800

Heap address: 0x0000000080000000, size: 2048 MB, Compressed Oops mode: 32-bit
Narrow klass base: 0x0000000000000000, Narrow klass shift: 3
Compressed class space size: 1073741824 Address: 0x0000000100000000

Heap:
 garbage-first heap   total 78848K, used 42263K [0x0000000080000000, 0x0000000100000000)
  region size 1024K, 26 young (26624K), 1 survivors (1024K)
 Metaspace       used 23156K, capacity 23785K, committed 23936K, reserved 1071104K
  class space    used 2941K, capacity 3155K, committed 3200K, reserved 1048576K
Heap Regions: E=young(eden), S=young(survivor), O=old, HS=humongous(starts), HC=humongous(continues), CS=collection set, F=free, A=archive, TAMS=top-at-mark-start (previous, next)
|   0|0x0000000080000000, 0x0000000080100000, 0x0000000080100000|100%| O|  |TAMS 0x0000000080100000, 0x0000000080000000| Untracked 
|   1|0x0000000080100000, 0x0000000080200000, 0x0000000080200000|100%| O|  |TAMS 0x0000000080200000, 0x0000000080100000| Untracked 
|   2|0x0000000080200000, 0x0000000080300000, 0x0000000080300000|100%| O|  |TAMS 0x0000000080300000, 0x0000000080200000| Untracked 
|   3|0x0000000080300000, 0x0000000080400000, 0x0000000080400000|100%|HS|  |TAMS 0x0000000080400000, 0x0000000080300000| Complete 
|   4|0x0000000080400000, 0x0000000080500000, 0x0000000080500000|100%|HC|  |TAMS 0x0000000080500000, 0x0000000080400000| Complete 
|   5|0x0000000080500000, 0x0000000080600000, 0x0000000080600000|100%|HC|  |TAMS 0x0000000080600000, 0x0000000080500000| Complete 
|   6|0x0000000080600000, 0x0000000080700000, 0x0000000080700000|100%| O|  |TAMS 0x0000000080700000, 0x0000000080600000| Untracked 
|   7|0x0000000080700000, 0x0000000080800000, 0x0000000080800000|100%| O|  |TAMS 0x0000000080800000, 0x0000000080700000| Untracked 
|   8|0x0000000080800000, 0x0000000080900000, 0x0000000080900000|100%| O|  |TAMS 0x0000000080900000, 0x0000000080800000| Untracked 
|   9|0x0000000080900000, 0x0000000080a00000, 0x0000000080a00000|100%| O|  |TAMS 0x0000000080a00000, 0x0000000080900000| Untracked 
|  10|0x0000000080a00000, 0x0000000080b00000, 0x0000000080b00000|100%| O|  |TAMS 0x0000000080b00000, 0x0000000080a00000| Untracked 
|  11|0x0000000080b00000, 0x0000000080c00000, 0x0000000080c00000|100%| O|  |TAMS 0x0000000080c00000, 0x0000000080b00000| Untracked 
|  12|0x0000000080c00000, 0x0000000080d00000, 0x0000000080d00000|100%| O|  |TAMS 0x0000000080d00000, 0x0000000080c00000| Untracked 
|  13|0x0000000080d00000, 0x0000000080e00000, 0x0000000080e00000|100%| O|  |TAMS 0x0000000080e00000, 0x0000000080d00000| Untracked 
|  14|0x0000000080e00000, 0x0000000080f00000, 0x0000000080f00000|100%| O|  |TAMS 0x0000000080f00000, 0x0000000080e00000| Untracked 
|  15|0x0000000080f00000, 0x0000000080f5dc00, 0x0000000081000000| 36%| O|  |TAMS 0x0000000080f5dc00, 0x0000000080f00000| Untracked 
|  16|0x0000000081000000, 0x0000000081000000, 0x0000000081100000|  0%| F|  |TAMS 0x0000000081000000, 0x0000000081000000| Untracked 
|  17|0x0000000081100000, 0x0000000081100000, 0x0000000081200000|  0%| F|  |TAMS 0x0000000081100000, 0x0000000081100000| Untracked 
|  18|0x0000000081200000, 0x0000000081200000, 0x0000000081300000|  0%| F|  |TAMS 0x0000000081200000, 0x0000000081200000| Untracked 
|  19|0x0000000081300000, 0x0000000081300000, 0x0000000081400000|  0%| F|  |TAMS 0x0000000081300000, 0x0000000081300000| Untracked 
|  20|0x0000000081400000, 0x0000000081400000, 0x0000000081500000|  0%| F|  |TAMS 0x0000000081400000, 0x0000000081400000| Untracked 
|  21|0x0000000081500000, 0x0000000081500000, 0x0000000081600000|  0%| F|  |TAMS 0x0000000081500000, 0x0000000081500000| Untracked 
|  22|0x0000000081600000, 0x0000000081600000, 0x0000000081700000|  0%| F|  |TAMS 0x0000000081600000, 0x0000000081600000| Untracked 
|  23|0x0000000081700000, 0x0000000081700000, 0x0000000081800000|  0%| F|  |TAMS 0x0000000081700000, 0x0000000081700000| Untracked 
|  24|0x0000000081800000, 0x0000000081800000, 0x0000000081900000|  0%| F|  |TAMS 0x0000000081800000, 0x0000000081800000| Untracked 
|  25|0x0000000081900000, 0x0000000081900000, 0x0000000081a00000|  0%| F|  |TAMS 0x0000000081900000, 0x0000000081900000| Untracked 
|  26|0x0000000081a00000, 0x0000000081a00000, 0x0000000081b00000|  0%| F|  |TAMS 0x0000000081a00000, 0x0000000081a00000| Untracked 
|  27|0x0000000081b00000, 0x0000000081b00000, 0x0000000081c00000|  0%| F|  |TAMS 0x0000000081b00000, 0x0000000081b00000| Untracked 
|  28|0x0000000081c00000, 0x0000000081c00000, 0x0000000081d00000|  0%| F|  |TAMS 0x0000000081c00000, 0x0000000081c00000| Untracked 
|  29|0x0000000081d00000, 0x0000000081d00000, 0x0000000081e00000|  0%| F|  |TAMS 0x0000000081d00000, 0x0000000081d00000| Untracked 
|  30|0x0000000081e00000, 0x0000000081e00000, 0x0000000081f00000|  0%| F|  |TAMS 0x0000000081e00000, 0x0000000081e00000| Untracked 
|  31|0x0000000081f00000, 0x0000000081f00000, 0x0000000082000000|  0%| F|  |TAMS 0x0000000081f00000, 0x0000000081f00000| Untracked 
|  32|0x0000000082000000, 0x0000000082000000, 0x0000000082100000|  0%| F|  |TAMS 0x0000000082000000, 0x0000000082000000| Untracked 
|  33|0x0000000082100000, 0x0000000082100000, 0x0000000082200000|  0%| F|  |TAMS 0x0000000082100000, 0x0000000082100000| Untracked 
|  34|0x0000000082200000, 0x0000000082200000, 0x0000000082300000|  0%| F|  |TAMS 0x0000000082200000, 0x0000000082200000| Untracked 
|  35|0x0000000082300000, 0x0000000082300000, 0x0000000082400000|  0%| F|  |TAMS 0x0000000082300000, 0x0000000082300000| Untracked 
|  36|0x0000000082400000, 0x0000000082400000, 0x0000000082500000|  0%| F|  |TAMS 0x0000000082400000, 0x0000000082400000| Untracked 
|  37|0x0000000082500000, 0x0000000082500000, 0x0000000082600000|  0%| F|  |TAMS 0x0000000082500000, 0x0000000082500000| Untracked 
|  38|0x0000000082600000, 0x0000000082600000, 0x0000000082700000|  0%| F|  |TAMS 0x0000000082600000, 0x0000000082600000| Untracked 
|  39|0x0000000082700000, 0x0000000082700000, 0x0000000082800000|  0%| F|  |TAMS 0x0000000082700000, 0x0000000082700000| Untracked 
|  40|0x0000000082800000, 0x0000000082800000, 0x0000000082900000|  0%| F|  |TAMS 0x0000000082800000, 0x0000000082800000| Untracked 
|  41|0x0000000082900000, 0x0000000082900000, 0x0000000082a00000|  0%| F|  |TAMS 0x0000000082900000, 0x0000000082900000| Untracked 
|  42|0x0000000082a00000, 0x0000000082a00000, 0x0000000082b00000|  0%| F|  |TAMS 0x0000000082a00000, 0x0000000082a00000| Untracked 
|  43|0x0000000082b00000, 0x0000000082b00000, 0x0000000082c00000|  0%| F|  |TAMS 0x0000000082b00000, 0x0000000082b00000| Untracked 
|  44|0x0000000082c00000, 0x0000000082c00000, 0x0000000082d00000|  0%| F|  |TAMS 0x0000000082c00000, 0x0000000082c00000| Untracked 
|  45|0x0000000082d00000, 0x0000000082d00000, 0x0000000082e00000|  0%| F|  |TAMS 0x0000000082d00000, 0x0000000082d00000| Untracked 
|  46|0x0000000082e00000, 0x0000000082e00000, 0x0000000082f00000|  0%| F|  |TAMS 0x0000000082e00000, 0x0000000082e00000| Untracked 
|  47|0x0000000082f00000, 0x0000000082f00000, 0x0000000083000000|  0%| F|  |TAMS 0x0000000082f00000, 0x0000000082f00000| Untracked 
|  48|0x0000000083000000, 0x0000000083000000, 0x0000000083100000|  0%| F|  |TAMS 0x0000000083000000, 0x0000000083000000| Untracked 
|  49|0x0000000083100000, 0x0000000083100000, 0x0000000083200000|  0%| S|  |TAMS 0x0000000083100000, 0x0000000083100000| Complete 
|  50|0x0000000083200000, 0x0000000083300000, 0x0000000083300000|100%| S|  |TAMS 0x0000000083200000, 0x0000000083200000| Complete 
|  51|0x0000000083300000, 0x0000000083400000, 0x0000000083400000|100%| E|CS|TAMS 0x0000000083300000, 0x0000000083300000| Complete 
|  52|0x0000000083400000, 0x0000000083500000, 0x0000000083500000|100%| E|CS|TAMS 0x0000000083400000, 0x0000000083400000| Complete 
|  53|0x0000000083500000, 0x0000000083500000, 0x0000000083600000|  0%| F|  |TAMS 0x0000000083500000, 0x0000000083500000| Untracked 
|  54|0x0000000083600000, 0x0000000083600000, 0x0000000083700000|  0%| F|  |TAMS 0x0000000083600000, 0x0000000083600000| Untracked 
|  55|0x0000000083700000, 0x0000000083700000, 0x0000000083800000|  0%| F|  |TAMS 0x0000000083700000, 0x0000000083700000| Untracked 
|  56|0x0000000083800000, 0x0000000083800000, 0x0000000083900000|  0%| F|  |TAMS 0x0000000083800000, 0x0000000083800000| Untracked 
|  57|0x0000000083900000, 0x0000000083900000, 0x0000000083a00000|  0%| F|  |TAMS 0x0000000083900000, 0x0000000083900000| Untracked 
|  58|0x0000000083a00000, 0x0000000083a00000, 0x0000000083b00000|  0%| F|  |TAMS 0x0000000083a00000, 0x0000000083a00000| Untracked 
|  59|0x0000000083b00000, 0x0000000083b00000, 0x0000000083c00000|  0%| F|  |TAMS 0x0000000083b00000, 0x0000000083b00000| Untracked 
|  60|0x0000000083c00000, 0x0000000083c00000, 0x0000000083d00000|  0%| F|  |TAMS 0x0000000083c00000, 0x0000000083c00000| Untracked 
|  61|0x0000000083d00000, 0x0000000083d00000, 0x0000000083e00000|  0%| F|  |TAMS 0x0000000083d00000, 0x0000000083d00000| Untracked 
|  62|0x0000000083e00000, 0x0000000083e00000, 0x0000000083f00000|  0%| F|  |TAMS 0x0000000083e00000, 0x0000000083e00000| Untracked 
|  63|0x0000000083f00000, 0x0000000083f00000, 0x0000000084000000|  0%| F|  |TAMS 0x0000000083f00000, 0x0000000083f00000| Untracked 
|  64|0x0000000084000000, 0x0000000084000000, 0x0000000084100000|  0%| F|  |TAMS 0x0000000084000000, 0x0000000084000000| Untracked 
|  65|0x0000000084100000, 0x0000000084100000, 0x0000000084200000|  0%| F|  |TAMS 0x0000000084100000, 0x0000000084100000| Untracked 
|  66|0x0000000084200000, 0x0000000084200000, 0x0000000084300000|  0%| F|  |TAMS 0x0000000084200000, 0x0000000084200000| Untracked 
|  67|0x0000000084300000, 0x0000000084300000, 0x0000000084400000|  0%| F|  |TAMS 0x0000000084300000, 0x0000000084300000| Untracked 
|  68|0x0000000084400000, 0x0000000084400000, 0x0000000084500000|  0%| F|  |TAMS 0x0000000084400000, 0x0000000084400000| Untracked 
|  69|0x0000000084500000, 0x0000000084500000, 0x0000000084600000|  0%| F|  |TAMS 0x0000000084500000, 0x0000000084500000| Untracked 
|  70|0x0000000084600000, 0x0000000084600000, 0x0000000084700000|  0%| F|  |TAMS 0x0000000084600000, 0x0000000084600000| Untracked 
|  71|0x0000000084700000, 0x0000000084700000, 0x0000000084800000|  0%| F|  |TAMS 0x0000000084700000, 0x0000000084700000| Untracked 
|  72|0x0000000084800000, 0x0000000084800000, 0x0000000084900000|  0%| F|  |TAMS 0x0000000084800000, 0x0000000084800000| Untracked 
|  73|0x0000000084900000, 0x0000000084900000, 0x0000000084a00000|  0%| F|  |TAMS 0x0000000084900000, 0x0000000084900000| Untracked 
|  74|0x0000000084a00000, 0x0000000084a00000, 0x0000000084b00000|  0%| F|  |TAMS 0x0000000084a00000, 0x0000000084a00000| Untracked 
|  75|0x0000000084b00000, 0x0000000084b00000, 0x0000000084c00000|  0%| F|  |TAMS 0x0000000084b00000, 0x0000000084b00000| Untracked 
|  76|0x0000000084c00000, 0x0000000084c0ffe0, 0x0000000084d00000|  6%| E|  |TAMS 0x0000000084c00000, 0x0000000084c00000| Complete 

Card table byte_map: [0x0000020af9030000,0x0000020af9430000] _byte_map_base: 0x0000020af8c30000

Marking Bits (Prev, Next): (CMBitMap*) 0x0000020af4b5ad40, (CMBitMap*) 0x0000020af4b5ad08
 Prev Bits: [0x0000020afb830000, 0x0000020afd830000)
 Next Bits: [0x0000020af9830000, 0x0000020afb830000)

Polling page: 0x0000020af34b0000

Metaspace:

Usage:
  Non-class:     20.15 MB capacity,    19.74 MB ( 98%) used,   370.33 KB (  2%) free+waste,    44.94 KB ( <1%) overhead. 
      Class:      3.08 MB capacity,     2.87 MB ( 93%) used,   190.49 KB (  6%) free+waste,    22.75 KB ( <1%) overhead. 
       Both:     23.23 MB capacity,    22.61 MB ( 97%) used,   560.82 KB (  2%) free+waste,    67.69 KB ( <1%) overhead. 

Virtual space:
  Non-class space:       22.00 MB reserved,      20.25 MB ( 92%) committed 
      Class space:        1.00 GB reserved,       3.13 MB ( <1%) committed 
             Both:        1.02 GB reserved,      23.38 MB (  2%) committed 

Chunk freelists:
   Non-Class:  42.00 KB
       Class:  13.00 KB
        Both:  55.00 KB

MaxMetaspaceSize: 17179869184.00 GB
CompressedClassSpaceSize: 1.00 GB

CodeHeap 'non-profiled nmethods': size=120064Kb used=919Kb max_used=919Kb free=119144Kb
 bounds [0x0000020a87ac0000, 0x0000020a87d30000, 0x0000020a8f000000]
CodeHeap 'profiled nmethods': size=120000Kb used=4294Kb max_used=4294Kb free=115706Kb
 bounds [0x0000020a80590000, 0x0000020a809d0000, 0x0000020a87ac0000]
CodeHeap 'non-nmethods': size=5696Kb used=1148Kb max_used=1181Kb free=4547Kb
 bounds [0x0000020a80000000, 0x0000020a80270000, 0x0000020a80590000]
 total_blobs=2530 nmethods=2044 adapters=397
 compilation: enabled
              stopped_count=0, restarted_count=0
 full_count=0

Compilation events (20 events):
Event: 6.012 Thread 0x0000020affebc800 nmethod 2031 0x0000020a809b2310 code [0x0000020a809b24c0, 0x0000020a809b2638]
Event: 6.014 Thread 0x0000020affebc800 2032       1       java.lang.reflect.Method::getAnnotationBytes (5 bytes)
Event: 6.014 Thread 0x0000020affebc800 nmethod 2032 0x0000020a87ba5510 code [0x0000020a87ba56c0, 0x0000020a87ba5778]
Event: 6.023 Thread 0x0000020affebc800 2033       3       org.gradle.internal.instantiation.generator.AbstractClassGenerator$DisabledAnnotationValidator::validateMethod (68 bytes)
Event: 6.024 Thread 0x0000020affebc800 nmethod 2033 0x0000020a809b2710 code [0x0000020a809b29e0, 0x0000020a809b3408]
Event: 6.029 Thread 0x0000020affebc800 2034       3       java.nio.HeapByteBuffer::byteOffset (7 bytes)
Event: 6.029 Thread 0x0000020affebc800 nmethod 2034 0x0000020a809b3810 code [0x0000020a809b39c0, 0x0000020a809b3ab8]
Event: 6.030 Thread 0x0000020affebc800 2035       3       java.lang.reflect.ProxyGenerator$ConstantPool::getFieldRef (33 bytes)
Event: 6.032 Thread 0x0000020affebc800 nmethod 2035 0x0000020a809b3b90 code [0x0000020a809b3e60, 0x0000020a809b4ac8]
Event: 6.037 Thread 0x0000020affebc800 2036       3       java.util.LinkedHashMap::afterNodeInsertion (40 bytes)
Event: 6.037 Thread 0x0000020affebc800 nmethod 2036 0x0000020a809b5010 code [0x0000020a809b5200, 0x0000020a809b5668]
Event: 6.038 Thread 0x0000020affebc800 2037       3       java.util.LinkedHashMap$LinkedHashIterator::<init> (31 bytes)
Event: 6.038 Thread 0x0000020affebc800 nmethod 2037 0x0000020a809b5810 code [0x0000020a809b59c0, 0x0000020a809b5c18]
Event: 6.038 Thread 0x0000020affebc800 2038       1       org.gradle.internal.instantiation.generator.AbstractClassGenerator$PropertyMetadata::getName (5 bytes)
Event: 6.039 Thread 0x0000020affebc800 nmethod 2038 0x0000020a87ba5810 code [0x0000020a87ba59c0, 0x0000020a87ba5a78]
Event: 6.045 Thread 0x0000020affebc800 2039       3       java.util.LinkedHashMap$LinkedValueIterator::next (8 bytes)
Event: 6.045 Thread 0x0000020affebc800 nmethod 2039 0x0000020a809b5d10 code [0x0000020a809b5ec0, 0x0000020a809b5fe8]
Event: 6.056 Thread 0x0000020affebc800 2040       3       java.util.concurrent.ConcurrentHashMap::get (162 bytes)
Event: 6.057 Thread 0x0000020affebc800 nmethod 2040 0x0000020a809b6090 code [0x0000020a809b6300, 0x0000020a809b6fb8]
Event: 6.063 Thread 0x0000020affeb7800 2041       4       java.net.URLClassLoader$1::run (5 bytes)

GC Heap History (14 events):
Event: 0.891 GC heap before
{Heap before GC invocations=0 (full 0):
 garbage-first heap   total 65536K, used 19456K [0x0000000080000000, 0x0000000100000000)
  region size 1024K, 14 young (14336K), 0 survivors (0K)
 Metaspace       used 6730K, capacity 6921K, committed 7168K, reserved 1056768K
  class space    used 582K, capacity 650K, committed 768K, reserved 1048576K
}
Event: 0.899 GC heap after
{Heap after GC invocations=1 (full 0):
 garbage-first heap   total 65536K, used 7786K [0x0000000080000000, 0x0000000100000000)
  region size 1024K, 2 young (2048K), 2 survivors (2048K)
 Metaspace       used 6730K, capacity 6921K, committed 7168K, reserved 1056768K
  class space    used 582K, capacity 650K, committed 768K, reserved 1048576K
}
Event: 1.326 GC heap before
{Heap before GC invocations=1 (full 0):
 garbage-first heap   total 65536K, used 15978K [0x0000000080000000, 0x0000000100000000)
  region size 1024K, 10 young (10240K), 2 survivors (2048K)
 Metaspace       used 9598K, capacity 9824K, committed 10112K, reserved 1058816K
  class space    used 992K, capacity 1069K, committed 1152K, reserved 1048576K
}
Event: 1.335 GC heap after
{Heap after GC invocations=2 (full 0):
 garbage-first heap   total 65536K, used 8892K [0x0000000080000000, 0x0000000100000000)
  region size 1024K, 1 young (1024K), 1 survivors (1024K)
 Metaspace       used 9598K, capacity 9824K, committed 10112K, reserved 1058816K
  class space    used 992K, capacity 1069K, committed 1152K, reserved 1048576K
}
Event: 2.322 GC heap before
{Heap before GC invocations=2 (full 0):
 garbage-first heap   total 65536K, used 30396K [0x0000000080000000, 0x0000000100000000)
  region size 1024K, 22 young (22528K), 1 survivors (1024K)
 Metaspace       used 10736K, capacity 10939K, committed 11264K, reserved 1058816K
  class space    used 1122K, capacity 1206K, committed 1280K, reserved 1048576K
}
Event: 2.328 GC heap after
{Heap after GC invocations=3 (full 0):
 garbage-first heap   total 65536K, used 9470K [0x0000000080000000, 0x0000000100000000)
  region size 1024K, 2 young (2048K), 2 survivors (2048K)
 Metaspace       used 10736K, capacity 10939K, committed 11264K, reserved 1058816K
  class space    used 1122K, capacity 1206K, committed 1280K, reserved 1048576K
}
Event: 2.879 GC heap before
{Heap before GC invocations=3 (full 0):
 garbage-first heap   total 65536K, used 34046K [0x0000000080000000, 0x0000000100000000)
  region size 1024K, 26 young (26624K), 2 survivors (2048K)
 Metaspace       used 10928K, capacity 11187K, committed 11264K, reserved 1058816K
  class space    used 1157K, capacity 1246K, committed 1280K, reserved 1048576K
}
Event: 2.889 GC heap after
{Heap after GC invocations=4 (full 0):
 garbage-first heap   total 65536K, used 13711K [0x0000000080000000, 0x0000000100000000)
  region size 1024K, 4 young (4096K), 4 survivors (4096K)
 Metaspace       used 10928K, capacity 11187K, committed 11264K, reserved 1058816K
  class space    used 1157K, capacity 1246K, committed 1280K, reserved 1048576K
}
Event: 4.748 GC heap before
{Heap before GC invocations=4 (full 0):
 garbage-first heap   total 65536K, used 38287K [0x0000000080000000, 0x0000000100000000)
  region size 1024K, 28 young (28672K), 4 survivors (4096K)
 Metaspace       used 17545K, capacity 17957K, committed 18176K, reserved 1064960K
  class space    used 2050K, capacity 2183K, committed 2304K, reserved 1048576K
}
Event: 4.757 GC heap after
{Heap after GC invocations=5 (full 0):
 garbage-first heap   total 65536K, used 15965K [0x0000000080000000, 0x0000000100000000)
  region size 1024K, 3 young (3072K), 3 survivors (3072K)
 Metaspace       used 17545K, capacity 17957K, committed 18176K, reserved 1064960K
  class space    used 2050K, capacity 2183K, committed 2304K, reserved 1048576K
}
Event: 5.167 GC heap before
{Heap before GC invocations=5 (full 0):
 garbage-first heap   total 65536K, used 39517K [0x0000000080000000, 0x0000000100000000)
  region size 1024K, 27 young (27648K), 3 survivors (3072K)
 Metaspace       used 20262K, capacity 20709K, committed 20864K, reserved 1067008K
  class space    used 2474K, capacity 2655K, committed 2688K, reserved 1048576K
}
Event: 5.174 GC heap after
{Heap after GC invocations=6 (full 0):
 garbage-first heap   total 78848K, used 16691K [0x0000000080000000, 0x0000000100000000)
  region size 1024K, 1 young (1024K), 1 survivors (1024K)
 Metaspace       used 20262K, capacity 20709K, committed 20864K, reserved 1067008K
  class space    used 2474K, capacity 2655K, committed 2688K, reserved 1048576K
}
Event: 5.264 GC heap before
{Heap before GC invocations=6 (full 0):
 garbage-first heap   total 78848K, used 17715K [0x0000000080000000, 0x0000000100000000)
  region size 1024K, 3 young (3072K), 1 survivors (1024K)
 Metaspace       used 20611K, capacity 21085K, committed 21248K, reserved 1067008K
  class space    used 2514K, capacity 2699K, committed 2816K, reserved 1048576K
}
Event: 5.270 GC heap after
{Heap after GC invocations=7 (full 0):
 garbage-first heap   total 78848K, used 16663K [0x0000000080000000, 0x0000000100000000)
  region size 1024K, 1 young (1024K), 1 survivors (1024K)
 Metaspace       used 20611K, capacity 21085K, committed 21248K, reserved 1067008K
  class space    used 2514K, capacity 2699K, committed 2816K, reserved 1048576K
}

Deoptimization events (20 events):
Event: 5.551 Thread 0x0000020a91d8e800 Uncommon trap: trap_request=0xffffff4d fr.pc=0x0000020a87b2595c relative=0x0000000000000abc
Event: 5.551 Thread 0x0000020a91d8e800 Uncommon trap: reason=unstable_if action=reinterpret pc=0x0000020a87b2595c method=java.util.Properties$LineReader.readLine()I @ 249 c2
Event: 5.551 Thread 0x0000020a91d8e800 DEOPT PACKING pc=0x0000020a87b2595c sp=0x000000acb9afbeb0
Event: 5.551 Thread 0x0000020a91d8e800 DEOPT UNPACKING pc=0x0000020a800278af sp=0x000000acb9afbe50 mode 2
Event: 5.891 Thread 0x0000020a91d8e800 Uncommon trap: trap_request=0xffffff4d fr.pc=0x0000020a87b97ad4 relative=0x0000000000000194
Event: 5.892 Thread 0x0000020a91d8e800 Uncommon trap: reason=unstable_if action=reinterpret pc=0x0000020a87b97ad4 method=java.util.HashMap.getNode(ILjava/lang/Object;)Ljava/util/HashMap$Node; @ 129 c2
Event: 5.892 Thread 0x0000020a91d8e800 DEOPT PACKING pc=0x0000020a87b97ad4 sp=0x000000acb9afcce0
Event: 5.892 Thread 0x0000020a91d8e800 DEOPT UNPACKING pc=0x0000020a800278af sp=0x000000acb9afcbf0 mode 2
Event: 5.892 Thread 0x0000020a91d8e800 Uncommon trap: trap_request=0xffffffc6 fr.pc=0x0000020a87b7dd08 relative=0x0000000000000de8
Event: 5.892 Thread 0x0000020a91d8e800 Uncommon trap: reason=bimorphic_or_optimized_type_check action=maybe_recompile pc=0x0000020a87b7dd08 method=java.util.HashMap.putVal(ILjava/lang/Object;Ljava/lang/Object;ZZ)Ljava/lang/Object; @ 203 c2
Event: 5.893 Thread 0x0000020a91d8e800 DEOPT PACKING pc=0x0000020a87b7dd08 sp=0x000000acb9afcc30
Event: 5.893 Thread 0x0000020a91d8e800 DEOPT UNPACKING pc=0x0000020a800278af sp=0x000000acb9afcbd0 mode 2
Event: 5.995 Thread 0x0000020a91d8e800 Uncommon trap: trap_request=0xffffff4d fr.pc=0x0000020a87b26bd4 relative=0x0000000000000094
Event: 5.995 Thread 0x0000020a91d8e800 Uncommon trap: reason=unstable_if action=reinterpret pc=0x0000020a87b26bd4 method=java.util.LinkedHashMap.afterNodeInsertion(Z)V @ 1 c2
Event: 5.995 Thread 0x0000020a91d8e800 DEOPT PACKING pc=0x0000020a87b26bd4 sp=0x000000acb9afc910
Event: 5.995 Thread 0x0000020a91d8e800 DEOPT UNPACKING pc=0x0000020a800278af sp=0x000000acb9afc890 mode 2
Event: 6.010 Thread 0x0000020a91d8e800 Uncommon trap: trap_request=0xffffff4d fr.pc=0x0000020a87b5e3a8 relative=0x0000000000000268
Event: 6.010 Thread 0x0000020a91d8e800 Uncommon trap: reason=unstable_if action=reinterpret pc=0x0000020a87b5e3a8 method=java.util.concurrent.ConcurrentHashMap.get(Ljava/lang/Object;)Ljava/lang/Object; @ 152 c2
Event: 6.010 Thread 0x0000020a91d8e800 DEOPT PACKING pc=0x0000020a87b5e3a8 sp=0x000000acb9afaa60
Event: 6.010 Thread 0x0000020a91d8e800 DEOPT UNPACKING pc=0x0000020a800278af sp=0x000000acb9afa9c8 mode 2

Classes redefined (0 events):
No events

Internal exceptions (20 events):
Event: 4.603 Thread 0x0000020a90de6800 Exception <a 'java/lang/NoSuchMethodError'{0x0000000082dec2b0}: <clinit>> (0x0000000082dec2b0) thrown at [./src/hotspot/share/prims/jni.cpp, line 1362]
Event: 4.688 Thread 0x0000020a91d8e800 Exception <a 'java/lang/NoSuchMethodError'{0x0000000082a97390}: 'void java.lang.invoke.DirectMethodHandle$Holder.invokeVirtual(java.lang.Object, java.lang.Object, java.lang.Object, java.lang.Object)'> (0x0000000082a97390) thrown at [./src/hotspot/share/interpreter/linkResolver.cpp, line 773]
Event: 4.690 Thread 0x0000020a91d8e800 Exception <a 'java/lang/NoSuchMethodError'{0x0000000082aa3df8}: 'void java.lang.invoke.DelegatingMethodHandle$Holder.reinvoke_L(java.lang.Object, java.lang.Object, java.lang.Object, java.lang.Object)'> (0x0000000082aa3df8) thrown at [./src/hotspot/share/interpreter/linkResolver.cpp, line 773]
Event: 4.699 Thread 0x0000020a91d8e800 Exception <a 'java/lang/NoSuchMethodError'{0x0000000082ad4b28}: 'long java.lang.invoke.DirectMethodHandle$Holder.invokeInterface(java.lang.Object, java.lang.Object)'> (0x0000000082ad4b28) thrown at [./src/hotspot/share/interpreter/linkResolver.cpp, line 773]
Event: 4.705 Thread 0x0000020a91d8e800 Exception <a 'java/lang/NoSuchMethodError'{0x0000000082af7b60}: 'void java.lang.invoke.DelegatingMethodHandle$Holder.reinvoke_L(java.lang.Object, java.lang.Object, java.lang.Object, java.lang.Object, java.lang.Object, java.lang.Object, java.lang.Object)'> (0x0000000082af7b60) thrown at [./src/hotspot/share/interpreter/linkResolver.cpp, line 773]
Event: 4.957 Thread 0x0000020a91d8e800 Exception <a 'java/lang/NoSuchMethodError'{0x0000000083148080}: 'java.lang.Object java.lang.invoke.DirectMethodHandle$Holder.invokeVirtual(java.lang.Object, java.lang.Object, java.lang.Object)'> (0x0000000083148080) thrown at [./src/hotspot/share/interpreter/linkResolver.cpp, line 773]
Event: 5.008 Thread 0x0000020a91d8e800 Exception <a 'java/lang/NoSuchMethodError'{0x0000000082eef1a8}: 'void java.lang.invoke.DirectMethodHandle$Holder.invokeInterface(java.lang.Object, java.lang.Object)'> (0x0000000082eef1a8) thrown at [./src/hotspot/share/interpreter/linkResolver.cpp, line 773]
Event: 5.009 Thread 0x0000020a91d8e800 Exception <a 'java/lang/IncompatibleClassChangeError'{0x0000000082ef2358}: Found class java.lang.Object, but interface was expected> (0x0000000082ef2358) thrown at [./src/hotspot/share/interpreter/linkResolver.cpp, line 839]
Event: 5.032 Thread 0x0000020a91d8e800 Exception <a 'java/lang/NoSuchMethodError'{0x0000000082c68d08}: 'void java.lang.invoke.DirectMethodHandle$Holder.invokeStaticInit(java.lang.Object)'> (0x0000000082c68d08) thrown at [./src/hotspot/share/interpreter/linkResolver.cpp, line 773]
Event: 5.105 Thread 0x0000020a91d8e800 Exception <a 'java/lang/NoSuchMethodError'{0x0000000082ad65c8}: 'java.lang.Object java.lang.invoke.DirectMethodHandle$Holder.invokeStatic(java.lang.Object, java.lang.Object, java.lang.Object, int)'> (0x0000000082ad65c8) thrown at [./src/hotspot/share/interpreter/linkResolver.cpp, line 773]
Event: 5.106 Thread 0x0000020a91d8e800 Exception <a 'java/lang/NoSuchMethodError'{0x0000000082ada790}: 'java.lang.Object java.lang.invoke.DirectMethodHandle$Holder.invokeSpecial(java.lang.Object, java.lang.Object, java.lang.Object, java.lang.Object, int)'> (0x0000000082ada790) thrown at [./src/hotspot/share/interpreter/linkResolver.cpp, line 773]
Event: 5.106 Thread 0x0000020a91d8e800 Exception <a 'java/lang/NoSuchMethodError'{0x0000000082af6d60}: 'java.lang.Object java.lang.invoke.Invokers$Holder.linkToTargetMethod(java.lang.Object, java.lang.Object, int, java.lang.Object)'> (0x0000000082af6d60) thrown at [./src/hotspot/share/interpreter/linkResolver.cpp, line 773]
Event: 5.295 Thread 0x0000020a91d8e800 Exception <a 'java/lang/NoSuchMethodError'{0x0000000084c94870}: 'int java.lang.invoke.DirectMethodHandle$Holder.invokeSpecialIFC(java.lang.Object, java.lang.Object, java.lang.Object, java.lang.Object)'> (0x0000000084c94870) thrown at [./src/hotspot/share/interpreter/linkResolver.cpp, line 773]
Event: 5.329 Thread 0x0000020a91d8e800 Exception <a 'java/lang/NoSuchMethodError'{0x0000000084ca2660}: 'java.lang.Object java.lang.invoke.DirectMethodHandle$Holder.invokeInterface(java.lang.Object, java.lang.Object, java.lang.Object)'> (0x0000000084ca2660) thrown at [./src/hotspot/share/interpreter/linkResolver.cpp, line 773]
Event: 5.330 Thread 0x0000020a91d8e800 Exception <a 'java/lang/IncompatibleClassChangeError'{0x0000000084ca5da8}: Found class java.lang.Object, but interface was expected> (0x0000000084ca5da8) thrown at [./src/hotspot/share/interpreter/linkResolver.cpp, line 839]
Event: 5.370 Thread 0x0000020a91d8e800 Exception <a 'java/lang/NoSuchMethodError'{0x0000000084b638c0}: 'void java.lang.invoke.DirectMethodHandle$Holder.invokeStatic(java.lang.Object, java.lang.Object, java.lang.Object, java.lang.Object, java.lang.Object)'> (0x0000000084b638c0) thrown at [./src/hotspot/share/interpreter/linkResolver.cpp, line 773]
Event: 5.590 Thread 0x0000020a91d8e800 Exception <a 'java/lang/NoSuchMethodError'{0x000000008451c320}: 'void java.lang.invoke.DirectMethodHandle$Holder.invokeSpecial(java.lang.Object, java.lang.Object)'> (0x000000008451c320) thrown at [./src/hotspot/share/interpreter/linkResolver.cpp, line 773]
Event: 5.658 Thread 0x0000020a91d8e800 Exception <a 'java/lang/NoSuchMethodError'{0x0000000084358978}: 'java.lang.Object java.lang.invoke.DirectMethodHandle$Holder.invokeSpecial(java.lang.Object, java.lang.Object, java.lang.Object, java.lang.Object, java.lang.Object, java.lang.Object, java.lang.Object, java.lang.Object, java.lang.Object)'> (0x0000000084358978) thrown at [./src/hotspot/share/interpreter/linkResolver.cpp, line 773]
Event: 5.784 Thread 0x0000020a91d8e800 Exception <a 'java/lang/NoSuchMethodError'{0x0000000083acf708}: 'java.lang.Object java.lang.invoke.DirectMethodHandle$Holder.invokeVirtual(java.lang.Object, java.lang.Object, java.lang.Object, java.lang.Object)'> (0x0000000083acf708) thrown at [./src/hotspot/share/interpreter/linkResolver.cpp, line 773]
Event: 5.819 Thread 0x0000020a91d8e800 Exception <a 'java/lang/NoSuchMethodError'{0x000000008379aa00}: 'java.lang.Object java.lang.invoke.Invokers$Holder.invoker(java.lang.Object, java.lang.Object, java.lang.Object, java.lang.Object, java.lang.Object)'> (0x000000008379aa00) thrown at [./src/hotspot/share/interpreter/linkResolver.cpp, line 773]

Events (20 events):
Event: 6.140 loading class org/objectweb/asm/FieldVisitor
Event: 6.140 loading class org/objectweb/asm/FieldVisitor done
Event: 6.141 loading class org/objectweb/asm/FieldWriter
Event: 6.141 loading class org/objectweb/asm/FieldWriter done
Event: 6.143 loading class org/objectweb/asm/MethodVisitor
Event: 6.143 loading class org/objectweb/asm/MethodVisitor done
Event: 6.144 loading class org/objectweb/asm/MethodWriter
Event: 6.144 loading class org/objectweb/asm/MethodWriter done
Event: 6.147 loading class org/objectweb/asm/SymbolTable
Event: 6.147 loading class org/objectweb/asm/SymbolTable done
Event: 6.149 loading class org/objectweb/asm/Symbol
Event: 6.149 loading class org/objectweb/asm/Symbol done
Event: 6.152 loading class org/objectweb/asm/SymbolTable$Entry
Event: 6.152 loading class org/objectweb/asm/SymbolTable$Entry done
Event: 6.157 loading class org/objectweb/asm/ByteVector
Event: 6.157 loading class org/objectweb/asm/ByteVector done
Event: 6.161 loading class org/objectweb/asm/Frame
Event: 6.161 loading class org/objectweb/asm/Frame done
Event: 6.163 loading class org/objectweb/asm/CurrentFrame
Event: 6.163 loading class org/objectweb/asm/CurrentFrame done


Dynamic libraries:
0x00007ff7f44a0000 - 0x00007ff7f44aa000 	C:\Program Files\Android\Android Studio\jre\bin\java.exe
0x00007ff9219b0000 - 0x00007ff921ba5000 	C:\WINDOWS\SYSTEM32\ntdll.dll
0x00007ff9207b0000 - 0x00007ff92086e000 	C:\WINDOWS\System32\KERNEL32.DLL
0x00007ff91f500000 - 0x00007ff91f7c9000 	C:\WINDOWS\System32\KERNELBASE.dll
0x00007ff91f130000 - 0x00007ff91f230000 	C:\WINDOWS\System32\ucrtbase.dll
0x00007ff919260000 - 0x00007ff919277000 	C:\Program Files\Android\Android Studio\jre\bin\VCRUNTIME140.dll
0x00007ff913640000 - 0x00007ff913659000 	C:\Program Files\Android\Android Studio\jre\bin\jli.dll
0x00007ff9208d0000 - 0x00007ff920a71000 	C:\WINDOWS\System32\USER32.dll
0x00007ff91f3c0000 - 0x00007ff91f3e2000 	C:\WINDOWS\System32\win32u.dll
0x00007ff90ebd0000 - 0x00007ff90ee6a000 	C:\WINDOWS\WinSxS\amd64_microsoft.windows.common-controls_6595b64144ccf1df_6.0.19041.1110_none_60b5254171f9507e\COMCTL32.dll
0x00007ff91fe80000 - 0x00007ff91feab000 	C:\WINDOWS\System32\GDI32.dll
0x00007ff91f3f0000 - 0x00007ff91f4fb000 	C:\WINDOWS\System32\gdi32full.dll
0x00007ff91f7d0000 - 0x00007ff91f86d000 	C:\WINDOWS\System32\msvcp_win.dll
0x00007ff921220000 - 0x00007ff9212be000 	C:\WINDOWS\System32\msvcrt.dll
0x00007ff921140000 - 0x00007ff921170000 	C:\WINDOWS\System32\IMM32.DLL
0x00007ff8d9a60000 - 0x00007ff8d9afd000 	C:\Program Files\Android\Android Studio\jre\bin\msvcp140.dll
0x00007ff8d7480000 - 0x00007ff8d7f4f000 	C:\Program Files\Android\Android Studio\jre\bin\server\jvm.dll
0x00007ff9218c0000 - 0x00007ff92196c000 	C:\WINDOWS\System32\ADVAPI32.dll
0x00007ff921320000 - 0x00007ff9213bb000 	C:\WINDOWS\System32\sechost.dll
0x00007ff920f20000 - 0x00007ff92104a000 	C:\WINDOWS\System32\RPCRT4.dll
0x00007ff920a80000 - 0x00007ff920a88000 	C:\WINDOWS\System32\PSAPI.DLL
0x00007ff9117b0000 - 0x00007ff9117ba000 	C:\WINDOWS\SYSTEM32\VERSION.dll
0x00007ff9112f0000 - 0x00007ff911317000 	C:\WINDOWS\SYSTEM32\WINMM.dll
0x00007ff919a40000 - 0x00007ff919a49000 	C:\WINDOWS\SYSTEM32\WSOCK32.dll
0x00007ff9213c0000 - 0x00007ff92142b000 	C:\WINDOWS\System32\WS2_32.dll
0x00007ff91cfd0000 - 0x00007ff91cfe2000 	C:\WINDOWS\SYSTEM32\kernel.appcore.dll
0x00007ff918260000 - 0x00007ff918271000 	C:\Program Files\Android\Android Studio\jre\bin\verify.dll
0x00007ff90ba20000 - 0x00007ff90bc04000 	C:\WINDOWS\SYSTEM32\DBGHELP.DLL
0x00007ff90c610000 - 0x00007ff90c63c000 	C:\WINDOWS\SYSTEM32\dbgcore.DLL
0x00007ff91f970000 - 0x00007ff91f9f3000 	C:\WINDOWS\System32\bcryptPrimitives.dll
0x00007ff904d20000 - 0x00007ff904d49000 	C:\Program Files\Android\Android Studio\jre\bin\java.dll
0x00007ff919a30000 - 0x00007ff919a3b000 	C:\Program Files\Android\Android Studio\jre\bin\jimage.dll
0x00007ff904d00000 - 0x00007ff904d18000 	C:\Program Files\Android\Android Studio\jre\bin\zip.dll
0x00007ff920070000 - 0x00007ff9207af000 	C:\WINDOWS\System32\SHELL32.dll
0x00007ff91d1d0000 - 0x00007ff91d960000 	C:\WINDOWS\SYSTEM32\windows.storage.dll
0x00007ff921560000 - 0x00007ff9218b5000 	C:\WINDOWS\System32\combase.dll
0x00007ff91eb20000 - 0x00007ff91eb4c000 	C:\WINDOWS\SYSTEM32\Wldp.dll
0x00007ff921170000 - 0x00007ff92121d000 	C:\WINDOWS\System32\SHCORE.dll
0x00007ff921430000 - 0x00007ff921485000 	C:\WINDOWS\System32\shlwapi.dll
0x00007ff91f010000 - 0x00007ff91f02f000 	C:\WINDOWS\SYSTEM32\profapi.dll
0x00007ff904ce0000 - 0x00007ff904cfa000 	C:\Program Files\Android\Android Studio\jre\bin\net.dll
0x00007ff910650000 - 0x00007ff910758000 	C:\WINDOWS\SYSTEM32\WINHTTP.dll
0x00007ff91e880000 - 0x00007ff91e8ea000 	C:\WINDOWS\system32\mswsock.dll
0x00007ff904cc0000 - 0x00007ff904cd4000 	C:\Program Files\Android\Android Studio\jre\bin\nio.dll
0x00007ff8d83f0000 - 0x00007ff8d8417000 	C:\Users\MinhNgan\.gradle\native\8bec1ad78214c89d9ad589b4d07fe93259594b29d510b10fafb7a158f7737e5d\windows-amd64\native-platform.dll
0x00007ff8d42f0000 - 0x00007ff8d442d000 	C:\Users\MinhNgan\.gradle\native\53dbd7edfb1c66fb8903c78663c9afc45aea4f116125fa6feffd364cf09443e8\windows-amd64\native-platform-file-events.dll
0x00007ff919250000 - 0x00007ff91925a000 	C:\Program Files\Android\Android Studio\jre\bin\management.dll
0x00007ff918250000 - 0x00007ff91825c000 	C:\Program Files\Android\Android Studio\jre\bin\management_ext.dll
0x00007ff91ea70000 - 0x00007ff91ea88000 	C:\WINDOWS\SYSTEM32\CRYPTSP.dll
0x00007ff91e190000 - 0x00007ff91e1c4000 	C:\WINDOWS\system32\rsaenh.dll
0x00007ff91f390000 - 0x00007ff91f3b7000 	C:\WINDOWS\System32\bcrypt.dll
0x00007ff91efd0000 - 0x00007ff91effe000 	C:\WINDOWS\SYSTEM32\USERENV.dll
0x00007ff91ea90000 - 0x00007ff91ea9c000 	C:\WINDOWS\SYSTEM32\CRYPTBASE.dll
0x00007ff91e520000 - 0x00007ff91e55b000 	C:\WINDOWS\SYSTEM32\IPHLPAPI.DLL
0x00007ff920a90000 - 0x00007ff920a98000 	C:\WINDOWS\System32\NSI.dll
0x00007ff913a70000 - 0x00007ff913a87000 	C:\WINDOWS\SYSTEM32\dhcpcsvc6.DLL
0x00007ff9175d0000 - 0x00007ff9175ed000 	C:\WINDOWS\SYSTEM32\dhcpcsvc.DLL
0x00007ff91e560000 - 0x00007ff91e62c000 	C:\WINDOWS\SYSTEM32\DNSAPI.dll

dbghelp: loaded successfully - version: 4.0.5 - missing functions: none
symbol engine: initialized successfully - sym options: 0x614 - pdb path: .;C:\Program Files\Android\Android Studio\jre\bin;C:\WINDOWS\SYSTEM32;C:\WINDOWS\WinSxS\amd64_microsoft.windows.common-controls_6595b64144ccf1df_6.0.19041.1110_none_60b5254171f9507e;C:\Program Files\Android\Android Studio\jre\bin\server;C:\Users\MinhNgan\.gradle\native\8bec1ad78214c89d9ad589b4d07fe93259594b29d510b10fafb7a158f7737e5d\windows-amd64;C:\Users\MinhNgan\.gradle\native\53dbd7edfb1c66fb8903c78663c9afc45aea4f116125fa6feffd364cf09443e8\windows-amd64

VM Arguments:
jvm_args: --add-opens=java.base/java.util=ALL-UNNAMED --add-opens=java.base/java.lang=ALL-UNNAMED --add-opens=java.base/java.lang.invoke=ALL-UNNAMED --add-opens=java.base/java.util=ALL-UNNAMED --add-opens=java.prefs/java.util.prefs=ALL-UNNAMED --add-opens=java.prefs/java.util.prefs=ALL-UNNAMED --add-opens=java.base/java.nio.charset=ALL-UNNAMED --add-opens=java.base/java.net=ALL-UNNAMED --add-opens=java.base/java.util.concurrent.atomic=ALL-UNNAMED -Xmx2048m -Dfile.encoding=UTF-8 -Duser.country=US -Duser.language=en -Duser.variant 
java_command: org.gradle.launcher.daemon.bootstrap.GradleDaemon 7.0.2
java_class_path (initial): C:\Users\MinhNgan\.gradle\wrapper\dists\gradle-7.0.2-bin\857tjihv64xamwrf0h14cai3r\gradle-7.0.2\lib\gradle-launcher-7.0.2.jar
Launcher Type: SUN_STANDARD

[Global flags]
     intx CICompilerCount                          = 3                                         {product} {ergonomic}
     uint ConcGCThreads                            = 1                                         {product} {ergonomic}
     uint G1ConcRefinementThreads                  = 4                                         {product} {ergonomic}
   size_t G1HeapRegionSize                         = 1048576                                   {product} {ergonomic}
    uintx GCDrainStackTargetSize                   = 64                                        {product} {ergonomic}
   size_t InitialHeapSize                          = 67108864                                  {product} {ergonomic}
   size_t MarkStackSize                            = 4194304                                   {product} {ergonomic}
   size_t MaxHeapSize                              = 2147483648                                {product} {command line}
   size_t MaxNewSize                               = 1287651328                                {product} {ergonomic}
   size_t MinHeapDeltaBytes                        = 1048576                                   {product} {ergonomic}
    uintx NonNMethodCodeHeapSize                   = 5830732                                {pd product} {ergonomic}
    uintx NonProfiledCodeHeapSize                  = 122913754                              {pd product} {ergonomic}
    uintx ProfiledCodeHeapSize                     = 122913754                              {pd product} {ergonomic}
    uintx ReservedCodeCacheSize                    = 251658240                              {pd product} {ergonomic}
     bool SegmentedCodeCache                       = true                                      {product} {ergonomic}
     bool UseCompressedClassPointers               = true                                 {lp64_product} {ergonomic}
     bool UseCompressedOops                        = true                                 {lp64_product} {ergonomic}
     bool UseG1GC                                  = true                                      {product} {ergonomic}
     bool UseLargePagesIndividualAllocation        = false                                  {pd product} {ergonomic}

Logging:
Log output configuration:
 #0: stdout all=warning uptime,level,tags
 #1: stderr all=off uptime,level,tags

Environment Variables:
PATH=C:\Program Files\Common Files\Oracle\Java\javapath;C:\WINDOWS\system32;C:\WINDOWS;C:\WINDOWS\System32\Wbem;C:\WINDOWS\System32\WindowsPowerShell\v1.0\;C:\WINDOWS\System32\OpenSSH\;C:\Program Files\dotnet\;C:\Program Files\Microsoft SQL Server\130\Tools\Binn\;C:\Program Files\Microsoft SQL Server\Client SDK\ODBC\170\Tools\Binn\;C:\Program Files (x86)\dotnet\;C:\Program Files\Git\cmd;C:\Users\MinhNgan\AppData\Local\Microsoft\WindowsApps
USERNAME=MinhNgan
OS=Windows_NT
PROCESSOR_IDENTIFIER=Intel64 Family 6 Model 69 Stepping 1, GenuineIntel



---------------  S Y S T E M  ---------------

OS: Windows 10 , 64 bit Build 19041 (10.0.19041.1202)
OS uptime: 0 days 0:11 hours

CPU:total 4 (initial active 4) (2 cores per cpu, 2 threads per core) family 6 model 69 stepping 1 microcode 0x25, cmov, cx8, fxsr, mmx, sse, sse2, sse3, ssse3, sse4.1, sse4.2, popcnt, avx, avx2, aes, clmul, erms, lzcnt, ht, tsc, tscinvbit, bmi1, bmi2, fma

Memory: 4k page, system-wide physical 3979M (136M free)
TotalPageFile size 6979M (AvailPageFile size 5M)
current process WorkingSet (physical memory assigned to process): 159M, peak: 159M
current process commit charge ("private bytes"): 207M, peak: 208M

vm_info: OpenJDK 64-Bit Server VM (11.0.10+0-b96-7249189) for windows-amd64 JRE (11.0.10+0-b96-7249189), built on Mar 31 2021 21:44:00 by "builder" with MS VC++ 14.0 (VS2015)

END.
