#
# There is insufficient memory for the Java Runtime Environment to continue.
# Native memory allocation (mmap) failed to map 231735296 bytes for Failed to commit area from 0x0000000095f00000 to 0x00000000a3c00000 of length 231735296.
# Possible reasons:
#   The system is out of physical RAM or swap space
#   The process is running with CompressedOops enabled, and the Java Heap may be blocking the growth of the native heap
# Possible solutions:
#   Reduce memory load on the system
#   Increase physical memory or swap space
#   Check if swap backing store is full
#   Decrease Java heap size (-Xmx/-Xms)
#   Decrease number of Java threads
#   Decrease Java thread stack sizes (-Xss)
#   Set larger code cache with -XX:ReservedCodeCacheSize=
#   JVM is running with Unscaled Compressed Oops mode in which the Java heap is
#     placed in the first 4GB address space. The Java Heap base address is the
#     maximum limit for the native heap growth. Please use -XX:HeapBaseMinAddress
#     to set the Java Heap base and to place the Java Heap above 4GB virtual address.
# This output file may be truncated or incomplete.
#
#  Out of Memory Error (./src/hotspot/os/windows/os_windows.cpp:3301), pid=2440, tid=1052
#
# JRE version: OpenJDK Runtime Environment (11.0.10) (build 11.0.10+0-b96-7249189)
# Java VM: OpenJDK 64-Bit Server VM (11.0.10+0-b96-7249189, mixed mode, tiered, compressed oops, g1 gc, windows-amd64)
# No core dump will be written. Minidumps are not enabled by default on client versions of Windows
#

---------------  S U M M A R Y ------------

Command Line: --add-opens=java.base/java.util=ALL-UNNAMED --add-opens=java.base/java.lang=ALL-UNNAMED --add-opens=java.base/java.lang.invoke=ALL-UNNAMED --add-opens=java.base/java.util=ALL-UNNAMED --add-opens=java.prefs/java.util.prefs=ALL-UNNAMED --add-opens=java.prefs/java.util.prefs=ALL-UNNAMED --add-opens=java.base/java.nio.charset=ALL-UNNAMED --add-opens=java.base/java.net=ALL-UNNAMED --add-opens=java.base/java.util.concurrent.atomic=ALL-UNNAMED -Xmx2048m -Dfile.encoding=UTF-8 -Duser.country=US -Duser.language=en -Duser.variant org.gradle.launcher.daemon.bootstrap.GradleDaemon 7.0.2

Host: Intel(R) Core(TM) i5-4210U CPU @ 1.70GHz, 4 cores, 3G,  Windows 10 , 64 bit Build 19041 (10.0.19041.1202)
Time: Wed Nov 10 11:56:19 2021 SE Asia Standard Time elapsed time: 90.311896 seconds (0d 0h 1m 30s)

---------------  T H R E A D  ---------------

Current thread (0x00000266c8610800):  VMThread "VM Thread" [stack: 0x0000009b7b300000,0x0000009b7b400000] [id=1052]

Stack: [0x0000009b7b300000,0x0000009b7b400000]
[error occurred during error reporting (printing stack bounds), id 0xc0000005, EXCEPTION_ACCESS_VIOLATION (0xc0000005) at pc=0x00000266b1de0f2d]

Native frames: (J=compiled Java code, j=interpreted, Vv=VM code, C=native code)
V  [jvm.dll+0x5ecfaa]
V  [jvm.dll+0x722bd5]
V  [jvm.dll+0x72412d]
V  [jvm.dll+0x724745]
V  [jvm.dll+0x7246fb]
V  [jvm.dll+0x5ec348]
V  [jvm.dll+0x5ecad8]
C  [ntdll.dll+0xa20cf]
C  [ntdll.dll+0x51454]
C  [ntdll.dll+0xa0bfe]
C  0x00000266b1de0f2d

VM_Operation (0x0000009b7e3f4f90): G1CollectForAllocation, mode: safepoint, requested by thread 0x00000266cd038800


---------------  P R O C E S S  ---------------

Threads class SMR info:
_java_thread_list=0x00000266d6ffa750, length=57, elements={
0x00000266ae2eb000, 0x00000266c8617800, 0x00000266c861b800, 0x00000266c8671800,
0x00000266c8674000, 0x00000266c8678000, 0x00000266c867b800, 0x00000266c8685000,
0x00000266c8688800, 0x00000266c90f8000, 0x00000266cb16c800, 0x00000266cce17000,
0x00000266cafd5800, 0x00000266ca8a1000, 0x00000266cb339800, 0x00000266cb6bf800,
0x00000266cb6be800, 0x00000266cb6bd000, 0x00000266cb6c0000, 0x00000266cb6c1800,
0x00000266cb6c2800, 0x00000266cb6c3800, 0x00000266cca6c000, 0x00000266cca6a800,
0x00000266cca68800, 0x00000266cca69800, 0x00000266cca71800, 0x00000266cca6d000,
0x00000266cca6b000, 0x00000266cca71000, 0x00000266cca6d800, 0x00000266cca72800,
0x00000266cca73800, 0x00000266cca6e800, 0x00000266cca77800, 0x00000266cca74000,
0x00000266cca75000, 0x00000266cb6c1000, 0x00000266cb6bd800, 0x00000266cd03c800,
0x00000266cd03b000, 0x00000266cd03d800, 0x00000266cd03e000, 0x00000266cd038800,
0x00000266cd03a000, 0x00000266cd03c000, 0x00000266cd03f000, 0x00000266cd039800,
0x00000266cd042800, 0x00000266cd043000, 0x00000266cd044000, 0x00000266cc606800,
0x00000266cd040000, 0x00000266cd047000, 0x00000266cfaba000, 0x00000266cfab5000,
0x00000266cfab8800
}

Java Threads: ( => current thread )
  0x00000266ae2eb000 JavaThread "main" [_thread_blocked, id=7968, stack(0x0000009b7ad00000,0x0000009b7ae00000)]
  0x00000266c8617800 JavaThread "Reference Handler" daemon [_thread_blocked, id=7640, stack(0x0000009b7b400000,0x0000009b7b500000)]
  0x00000266c861b800 JavaThread "Finalizer" daemon [_thread_blocked, id=9628, stack(0x0000009b7b500000,0x0000009b7b600000)]
  0x00000266c8671800 JavaThread "Signal Dispatcher" daemon [_thread_blocked, id=9872, stack(0x0000009b7b600000,0x0000009b7b700000)]
  0x00000266c8674000 JavaThread "Attach Listener" daemon [_thread_blocked, id=3772, stack(0x0000009b7b700000,0x0000009b7b800000)]
  0x00000266c8678000 JavaThread "Service Thread" daemon [_thread_blocked, id=2064, stack(0x0000009b7b800000,0x0000009b7b900000)]
  0x00000266c867b800 JavaThread "C2 CompilerThread0" daemon [_thread_in_native, id=7520, stack(0x0000009b7b900000,0x0000009b7ba00000)]
  0x00000266c8685000 JavaThread "C1 CompilerThread0" daemon [_thread_blocked, id=432, stack(0x0000009b7ba00000,0x0000009b7bb00000)]
  0x00000266c8688800 JavaThread "Sweeper thread" daemon [_thread_blocked, id=5948, stack(0x0000009b7bb00000,0x0000009b7bc00000)]
  0x00000266c90f8000 JavaThread "Common-Cleaner" daemon [_thread_blocked, id=3604, stack(0x0000009b7bc00000,0x0000009b7bd00000)]
  0x00000266cb16c800 JavaThread "Daemon health stats" [_thread_blocked, id=5600, stack(0x0000009b7c000000,0x0000009b7c100000)]
  0x00000266cce17000 JavaThread "Incoming local TCP Connector on port 52041" [_thread_in_native, id=6004, stack(0x0000009b7be00000,0x0000009b7bf00000)]
  0x00000266cafd5800 JavaThread "Daemon periodic checks" [_thread_blocked, id=3776, stack(0x0000009b7c100000,0x0000009b7c200000)]
  0x00000266ca8a1000 JavaThread "Daemon" [_thread_blocked, id=7208, stack(0x0000009b7c200000,0x0000009b7c300000)]
  0x00000266cb339800 JavaThread "Daemon worker" [_thread_blocked, id=768, stack(0x0000009b7c500000,0x0000009b7c600000)]
  0x00000266cb6bf800 JavaThread "Cache worker for file hash cache (C:\Program Files\Java\jdk-17.0.1\caches\7.0.2\fileHashes)" [_thread_blocked, id=3880, stack(0x0000009b7cb00000,0x0000009b7cc00000)]
  0x00000266cb6be800 JavaThread "File lock request listener" [_thread_in_native, id=7248, stack(0x0000009b7cc00000,0x0000009b7cd00000)]
  0x00000266cb6bd000 JavaThread "Cache worker for journal cache (C:\Program Files\Java\jdk-17.0.1\caches\journal-1)" [_thread_blocked, id=1176, stack(0x0000009b7cd00000,0x0000009b7ce00000)]
  0x00000266cb6c0000 JavaThread "File watcher server" daemon [_thread_blocked, id=5504, stack(0x0000009b7d000000,0x0000009b7d100000)]
  0x00000266cb6c1800 JavaThread "File watcher consumer" daemon [_thread_blocked, id=4272, stack(0x0000009b7d100000,0x0000009b7d200000)]
  0x00000266cb6c2800 JavaThread "jar transforms" [_thread_blocked, id=2120, stack(0x0000009b7d200000,0x0000009b7d300000)]
  0x00000266cb6c3800 JavaThread "jar transforms Thread 2" [_thread_blocked, id=8880, stack(0x0000009b7d300000,0x0000009b7d400000)]
  0x00000266cca6c000 JavaThread "jar transforms Thread 3" [_thread_blocked, id=2228, stack(0x0000009b7d400000,0x0000009b7d500000)]
  0x00000266cca6a800 JavaThread "jar transforms Thread 4" [_thread_blocked, id=1276, stack(0x0000009b7d500000,0x0000009b7d600000)]
  0x00000266cca68800 JavaThread "Cache worker for execution history cache (C:\Program Files\Java\jdk-17.0.1\caches\7.0.2\executionHistory)" [_thread_blocked, id=7936, stack(0x0000009b7d900000,0x0000009b7da00000)]
  0x00000266cca69800 JavaThread "Cache worker for file content cache (C:\Program Files\Java\jdk-17.0.1\caches\7.0.2\fileContent)" [_thread_blocked, id=7500, stack(0x0000009b7da00000,0x0000009b7db00000)]
  0x00000266cca71800 JavaThread "Memory manager" [_thread_blocked, id=6520, stack(0x0000009b7e100000,0x0000009b7e200000)]
  0x00000266cca6d000 JavaThread "Handler for socket connection from /127.0.0.1:52041 to /127.0.0.1:52053" [_thread_in_native, id=3808, stack(0x0000009b7c400000,0x0000009b7c500000)]
  0x00000266cca6b000 JavaThread "Cancel handler" [_thread_blocked, id=7396, stack(0x0000009b7c600000,0x0000009b7c700000)]
  0x00000266cca71000 JavaThread "Asynchronous log dispatcher for DefaultDaemonConnection: socket connection from /127.0.0.1:52041 to /127.0.0.1:52053" [_thread_blocked, id=7268, stack(0x0000009b7c700000,0x0000009b7c800000)]
  0x00000266cca6d800 JavaThread "Stdin handler" [_thread_blocked, id=8824, stack(0x0000009b7c800000,0x0000009b7c900000)]
  0x00000266cca72800 JavaThread "Daemon client event forwarder" [_thread_blocked, id=8948, stack(0x0000009b7ce00000,0x0000009b7cf00000)]
  0x00000266cca73800 JavaThread "Cache worker for file hash cache (C:\Users\MinhNgan\AndroidStudioProjects\Android_hepat\.gradle\7.0.2\fileHashes)" [_thread_blocked, id=4968, stack(0x0000009b7cf00000,0x0000009b7d000000)]
  0x00000266cca6e800 JavaThread "Cache worker for checksums cache (C:\Users\MinhNgan\AndroidStudioProjects\Android_hepat\.gradle\checksums)" [_thread_blocked, id=7860, stack(0x0000009b7d600000,0x0000009b7d700000)]
  0x00000266cca77800 JavaThread "Cache worker for cache directory md-supplier (C:\Program Files\Java\jdk-17.0.1\caches\7.0.2\md-supplier)" [_thread_blocked, id=9344, stack(0x0000009b7d700000,0x0000009b7d800000)]
  0x00000266cca74000 JavaThread "Cache worker for cache directory md-rule (C:\Program Files\Java\jdk-17.0.1\caches\7.0.2\md-rule)" [_thread_blocked, id=5224, stack(0x0000009b7d800000,0x0000009b7d900000)]
  0x00000266cca75000 JavaThread "Cache worker for dependencies-accessors (C:\Users\MinhNgan\AndroidStudioProjects\Android_hepat\.gradle\7.0.2\dependencies-accessors)" [_thread_blocked, id=3740, stack(0x0000009b7db00000,0x0000009b7dc00000)]
  0x00000266cb6c1000 JavaThread "Cache worker for Build Output Cleanup Cache (C:\Users\MinhNgan\AndroidStudioProjects\Android_hepat\.gradle\buildOutputCleanup)" [_thread_blocked, id=6460, stack(0x0000009b7dc00000,0x0000009b7dd00000)]
  0x00000266cb6bd800 JavaThread "Build operations" [_thread_blocked, id=8952, stack(0x0000009b7dd00000,0x0000009b7de00000)]
  0x00000266cd03c800 JavaThread "Build operations Thread 2" [_thread_blocked, id=1684, stack(0x0000009b7de00000,0x0000009b7df00000)]
  0x00000266cd03b000 JavaThread "Build operations Thread 3" [_thread_blocked, id=9184, stack(0x0000009b7df00000,0x0000009b7e000000)]
  0x00000266cd03d800 JavaThread "Build operations Thread 4" [_thread_blocked, id=2188, stack(0x0000009b7e000000,0x0000009b7e100000)]
  0x00000266cd03e000 JavaThread "build event listener" [_thread_blocked, id=10004, stack(0x0000009b7e200000,0x0000009b7e300000)]
  0x00000266cd038800 JavaThread "Execution worker for ':'" [_thread_blocked, id=8548, stack(0x0000009b7e300000,0x0000009b7e400000)]
  0x00000266cd03a000 JavaThread "Execution worker for ':' Thread 2" [_thread_blocked, id=3476, stack(0x0000009b7e400000,0x0000009b7e500000)]
  0x00000266cd03c000 JavaThread "Execution worker for ':' Thread 3" [_thread_blocked, id=4228, stack(0x0000009b7e500000,0x0000009b7e600000)]
  0x00000266cd03f000 JavaThread "Cache worker for execution history cache (C:\Users\MinhNgan\AndroidStudioProjects\Android_hepat\.gradle\7.0.2\executionHistory)" [_thread_blocked, id=3916, stack(0x0000009b7e600000,0x0000009b7e700000)]
  0x00000266cd039800 JavaThread "WorkerExecutor Queue" [_thread_blocked, id=7636, stack(0x0000009b7e700000,0x0000009b7e800000)]
  0x00000266cd042800 JavaThread "WorkerExecutor Queue Thread 3" [_thread_blocked, id=3252, stack(0x0000009b7e900000,0x0000009b7ea00000)]
  0x00000266cd043000 JavaThread "WorkerExecutor Queue Thread 4" [_thread_blocked, id=6776, stack(0x0000009b7ea00000,0x0000009b7eb00000)]
  0x00000266cd044000 JavaThread "Java2D Disposer" daemon [_thread_blocked, id=9720, stack(0x0000009b7eb00000,0x0000009b7ec00000)]
  0x00000266cc606800 JavaThread "C2 CompilerThread1" daemon [_thread_blocked, id=9376, stack(0x0000009b7ec00000,0x0000009b7ed00000)]
  0x00000266cd040000 JavaThread "WorkerExecutor Queue Thread 5" [_thread_blocked, id=2944, stack(0x0000009b7ed00000,0x0000009b7ee00000)]
  0x00000266cd047000 JavaThread "ForkJoinPool-2-worker-3" daemon [_thread_blocked, id=7340, stack(0x0000009b7ee00000,0x0000009b7ef00000)]
  0x00000266cfaba000 JavaThread "ForkJoinPool-2-worker-5" daemon [_thread_blocked, id=3576, stack(0x0000009b7ef00000,0x0000009b7f000000)]
  0x00000266cfab5000 JavaThread "ForkJoinPool-2-worker-7" daemon [_thread_blocked, id=9728, stack(0x0000009b7f000000,0x0000009b7f100000)]
  0x00000266cfab8800 JavaThread "ForkJoinPool-2-worker-1" daemon [_thread_blocked, id=9712, stack(0x0000009b7f100000,0x0000009b7f200000)]

Other Threads:
=>0x00000266c8610800 VMThread "VM Thread" [stack: 0x0000009b7b300000,0x0000009b7b400000] [id=1052]
  0x00000266c9111000 WatcherThread [stack: 0x0000009b7bd00000,0x0000009b7be00000] [id=9940]
  0x00000266ae303800 GCTaskThread "GC Thread#0" [stack: 0x0000009b7ae00000,0x0000009b7af00000] [id=2116]
  0x00000266c9e30800 GCTaskThread "GC Thread#1" [stack: 0x0000009b7bf00000,0x0000009b7c000000] [id=6796]
  0x00000266cc58f000 GCTaskThread "GC Thread#2" [stack: 0x0000009b7c900000,0x0000009b7ca00000] [id=6308]
  0x00000266cb338800 GCTaskThread "GC Thread#3" [stack: 0x0000009b7ca00000,0x0000009b7cb00000] [id=1464]
  0x00000266ae333800 ConcurrentGCThread "G1 Main Marker" [stack: 0x0000009b7af00000,0x0000009b7b000000] [id=6160]
  0x00000266ae336000 ConcurrentGCThread "G1 Conc#0" [stack: 0x0000009b7b000000,0x0000009b7b100000] [id=7224]
  0x00000266ae38f800 ConcurrentGCThread "G1 Refine#0" [stack: 0x0000009b7b100000,0x0000009b7b200000] [id=4468]
  0x00000266cff0d000 ConcurrentGCThread "G1 Refine#1" [stack: 0x0000009b7e800000,0x0000009b7e900000] [id=2124]
  0x00000266cfcae000 ConcurrentGCThread "G1 Refine#2" [stack: 0x0000009b7f200000,0x0000009b7f300000] [id=9104]
  0x00000266c9440800 ConcurrentGCThread "G1 Refine#3" [stack: 0x0000009b7f300000,0x0000009b7f400000] [id=5384]
  0x00000266ae390800 ConcurrentGCThread "G1 Young RemSet Sampling" [stack: 0x0000009b7b200000,0x0000009b7b300000] [id=7136]

Threads with active compile tasks:
C2 CompilerThread0  90340 22846       4       com.android.tools.r8.code.w1::a (4137 bytes)
C2 CompilerThread1  90340 22876 %     4       com.android.tools.r8.dex.j::a @ 315 (1038 bytes)

VM state:at safepoint (normal execution)

VM Mutex/Monitor currently owned by a thread:  ([mutex/lock_event])
[0x00000266ae2e7940] Threads_lock - owner thread: 0x00000266c8610800
[0x00000266ae2e7700] Heap_lock - owner thread: 0x00000266cd038800

Heap address: 0x0000000080000000, size: 2048 MB, Compressed Oops mode: 32-bit
Narrow klass base: 0x0000000000000000, Narrow klass shift: 3
Compressed class space size: 1073741824 Address: 0x0000000100000000

Heap:
 garbage-first heap   total 585728K, used 191061K [0x0000000080000000, 0x0000000100000000)
  region size 1024K, 3 young (3072K), 3 survivors (3072K)
 Metaspace       used 131200K, capacity 135121K, committed 135424K, reserved 1167360K
  class space    used 16351K, capacity 17802K, committed 17920K, reserved 1048576K
Heap Regions: E=young(eden), S=young(survivor), O=old, HS=humongous(starts), HC=humongous(continues), CS=collection set, F=free, A=archive, TAMS=top-at-mark-start (previous, next)
|   0|0x0000000080000000, 0x0000000080100000, 0x0000000080100000|100%|HS|  |TAMS 0x0000000080100000, 0x0000000080000000| Complete 
|   1|0x0000000080100000, 0x0000000080200000, 0x0000000080200000|100%|HC|  |TAMS 0x0000000080200000, 0x0000000080100000| Complete 
|   2|0x0000000080200000, 0x0000000080300000, 0x0000000080300000|100%|HC|  |TAMS 0x0000000080300000, 0x0000000080200000| Complete 
|   3|0x0000000080300000, 0x0000000080400000, 0x0000000080400000|100%| O|  |TAMS 0x0000000080400000, 0x0000000080300000| Untracked 
|   4|0x0000000080400000, 0x0000000080500000, 0x0000000080500000|100%| O|  |TAMS 0x0000000080500000, 0x0000000080400000| Untracked 
|   5|0x0000000080500000, 0x0000000080600000, 0x0000000080600000|100%| O|  |TAMS 0x0000000080600000, 0x0000000080500000| Untracked 
|   6|0x0000000080600000, 0x0000000080700000, 0x0000000080700000|100%| O|  |TAMS 0x0000000080700000, 0x0000000080600000| Untracked 
|   7|0x0000000080700000, 0x0000000080800000, 0x0000000080800000|100%| O|  |TAMS 0x0000000080800000, 0x0000000080700000| Untracked 
|   8|0x0000000080800000, 0x0000000080900000, 0x0000000080900000|100%| O|  |TAMS 0x0000000080900000, 0x0000000080800000| Untracked 
|   9|0x0000000080900000, 0x0000000080a00000, 0x0000000080a00000|100%| O|  |TAMS 0x0000000080a00000, 0x0000000080900000| Untracked 
|  10|0x0000000080a00000, 0x0000000080b00000, 0x0000000080b00000|100%| O|  |TAMS 0x0000000080b00000, 0x0000000080a00000| Untracked 
|  11|0x0000000080b00000, 0x0000000080c00000, 0x0000000080c00000|100%| O|  |TAMS 0x0000000080c00000, 0x0000000080b00000| Untracked 
|  12|0x0000000080c00000, 0x0000000080d00000, 0x0000000080d00000|100%| O|  |TAMS 0x0000000080d00000, 0x0000000080c00000| Untracked 
|  13|0x0000000080d00000, 0x0000000080e00000, 0x0000000080e00000|100%| O|  |TAMS 0x0000000080e00000, 0x0000000080d00000| Untracked 
|  14|0x0000000080e00000, 0x0000000080f00000, 0x0000000080f00000|100%| O|  |TAMS 0x0000000080f00000, 0x0000000080e00000| Untracked 
|  15|0x0000000080f00000, 0x0000000081000000, 0x0000000081000000|100%| O|  |TAMS 0x0000000081000000, 0x0000000080f00000| Untracked 
|  16|0x0000000081000000, 0x0000000081100000, 0x0000000081100000|100%|HS|  |TAMS 0x0000000081100000, 0x0000000081000000| Complete 
|  17|0x0000000081100000, 0x0000000081200000, 0x0000000081200000|100%|HC|  |TAMS 0x0000000081200000, 0x0000000081100000| Complete 
|  18|0x0000000081200000, 0x0000000081300000, 0x0000000081300000|100%|HS|  |TAMS 0x0000000081300000, 0x0000000081200000| Complete 
|  19|0x0000000081300000, 0x0000000081400000, 0x0000000081400000|100%|HC|  |TAMS 0x0000000081400000, 0x0000000081300000| Complete 
|  20|0x0000000081400000, 0x0000000081500000, 0x0000000081500000|100%|HC|  |TAMS 0x0000000081500000, 0x0000000081400000| Complete 
|  21|0x0000000081500000, 0x0000000081600000, 0x0000000081600000|100%|HS|  |TAMS 0x0000000081600000, 0x0000000081500000| Complete 
|  22|0x0000000081600000, 0x0000000081700000, 0x0000000081700000|100%|HC|  |TAMS 0x0000000081700000, 0x0000000081600000| Complete 
|  23|0x0000000081700000, 0x0000000081800000, 0x0000000081800000|100%|HC|  |TAMS 0x0000000081800000, 0x0000000081700000| Complete 
|  24|0x0000000081800000, 0x0000000081900000, 0x0000000081900000|100%|HC|  |TAMS 0x0000000081900000, 0x0000000081800000| Complete 
|  25|0x0000000081900000, 0x0000000081a00000, 0x0000000081a00000|100%|HC|  |TAMS 0x0000000081a00000, 0x0000000081900000| Complete 
|  26|0x0000000081a00000, 0x0000000081b00000, 0x0000000081b00000|100%| O|  |TAMS 0x0000000081b00000, 0x0000000081a00000| Untracked 
|  27|0x0000000081b00000, 0x0000000081c00000, 0x0000000081c00000|100%| O|  |TAMS 0x0000000081c00000, 0x0000000081b00000| Untracked 
|  28|0x0000000081c00000, 0x0000000081d00000, 0x0000000081d00000|100%| O|  |TAMS 0x0000000081d00000, 0x0000000081c00000| Untracked 
|  29|0x0000000081d00000, 0x0000000081e00000, 0x0000000081e00000|100%| O|  |TAMS 0x0000000081e00000, 0x0000000081d00000| Untracked 
|  30|0x0000000081e00000, 0x0000000081f00000, 0x0000000081f00000|100%| O|  |TAMS 0x0000000081f00000, 0x0000000081e00000| Untracked 
|  31|0x0000000081f00000, 0x0000000082000000, 0x0000000082000000|100%| O|  |TAMS 0x0000000082000000, 0x0000000081f00000| Untracked 
|  32|0x0000000082000000, 0x0000000082100000, 0x0000000082100000|100%| O|  |TAMS 0x0000000082100000, 0x0000000082000000| Untracked 
|  33|0x0000000082100000, 0x0000000082200000, 0x0000000082200000|100%| O|  |TAMS 0x0000000082200000, 0x0000000082100000| Untracked 
|  34|0x0000000082200000, 0x0000000082300000, 0x0000000082300000|100%| O|  |TAMS 0x0000000082300000, 0x0000000082200000| Untracked 
|  35|0x0000000082300000, 0x0000000082400000, 0x0000000082400000|100%| O|  |TAMS 0x0000000082400000, 0x0000000082300000| Untracked 
|  36|0x0000000082400000, 0x0000000082500000, 0x0000000082500000|100%| O|  |TAMS 0x0000000082500000, 0x0000000082400000| Untracked 
|  37|0x0000000082500000, 0x0000000082600000, 0x0000000082600000|100%| O|  |TAMS 0x0000000082600000, 0x0000000082500000| Untracked 
|  38|0x0000000082600000, 0x0000000082700000, 0x0000000082700000|100%| O|  |TAMS 0x0000000082700000, 0x0000000082600000| Untracked 
|  39|0x0000000082700000, 0x0000000082800000, 0x0000000082800000|100%|HS|  |TAMS 0x0000000082800000, 0x0000000082700000| Complete 
|  40|0x0000000082800000, 0x0000000082900000, 0x0000000082900000|100%|HC|  |TAMS 0x0000000082900000, 0x0000000082800000| Complete 
|  41|0x0000000082900000, 0x0000000082a00000, 0x0000000082a00000|100%|HC|  |TAMS 0x0000000082a00000, 0x0000000082900000| Complete 
|  42|0x0000000082a00000, 0x0000000082b00000, 0x0000000082b00000|100%|HC|  |TAMS 0x0000000082b00000, 0x0000000082a00000| Complete 
|  43|0x0000000082b00000, 0x0000000082c00000, 0x0000000082c00000|100%|HC|  |TAMS 0x0000000082c00000, 0x0000000082b00000| Complete 
|  44|0x0000000082c00000, 0x0000000082d00000, 0x0000000082d00000|100%|HS|  |TAMS 0x0000000082d00000, 0x0000000082c00000| Complete 
|  45|0x0000000082d00000, 0x0000000082e00000, 0x0000000082e00000|100%|HC|  |TAMS 0x0000000082e00000, 0x0000000082d00000| Complete 
|  46|0x0000000082e00000, 0x0000000082f00000, 0x0000000082f00000|100%|HC|  |TAMS 0x0000000082f00000, 0x0000000082e00000| Complete 
|  47|0x0000000082f00000, 0x0000000083000000, 0x0000000083000000|100%| O|  |TAMS 0x0000000083000000, 0x0000000082f00000| Untracked 
|  48|0x0000000083000000, 0x0000000083100000, 0x0000000083100000|100%| O|  |TAMS 0x0000000083100000, 0x0000000083000000| Untracked 
|  49|0x0000000083100000, 0x0000000083200000, 0x0000000083200000|100%| O|  |TAMS 0x0000000083200000, 0x0000000083100000| Untracked 
|  50|0x0000000083200000, 0x0000000083300000, 0x0000000083300000|100%| O|  |TAMS 0x0000000083300000, 0x0000000083200000| Untracked 
|  51|0x0000000083300000, 0x0000000083400000, 0x0000000083400000|100%| O|  |TAMS 0x0000000083400000, 0x0000000083300000| Untracked 
|  52|0x0000000083400000, 0x0000000083500000, 0x0000000083500000|100%| O|  |TAMS 0x0000000083500000, 0x0000000083400000| Untracked 
|  53|0x0000000083500000, 0x0000000083600000, 0x0000000083600000|100%| O|  |TAMS 0x0000000083600000, 0x0000000083500000| Untracked 
|  54|0x0000000083600000, 0x0000000083700000, 0x0000000083700000|100%| O|  |TAMS 0x0000000083700000, 0x0000000083600000| Untracked 
|  55|0x0000000083700000, 0x0000000083800000, 0x0000000083800000|100%|HS|  |TAMS 0x0000000083800000, 0x0000000083700000| Complete 
|  56|0x0000000083800000, 0x0000000083900000, 0x0000000083900000|100%|HS|  |TAMS 0x0000000083900000, 0x0000000083800000| Complete 
|  57|0x0000000083900000, 0x0000000083a00000, 0x0000000083a00000|100%| O|  |TAMS 0x0000000083a00000, 0x0000000083900000| Untracked 
|  58|0x0000000083a00000, 0x0000000083b00000, 0x0000000083b00000|100%|HS|  |TAMS 0x0000000083b00000, 0x0000000083a00000| Complete 
|  59|0x0000000083b00000, 0x0000000083c00000, 0x0000000083c00000|100%|HC|  |TAMS 0x0000000083c00000, 0x0000000083b00000| Complete 
|  60|0x0000000083c00000, 0x0000000083d00000, 0x0000000083d00000|100%| O|  |TAMS 0x0000000083d00000, 0x0000000083c00000| Untracked 
|  61|0x0000000083d00000, 0x0000000083e00000, 0x0000000083e00000|100%| O|  |TAMS 0x0000000083e00000, 0x0000000083d00000| Untracked 
|  62|0x0000000083e00000, 0x0000000083f00000, 0x0000000083f00000|100%| O|  |TAMS 0x0000000083f00000, 0x0000000083e00000| Untracked 
|  63|0x0000000083f00000, 0x0000000084000000, 0x0000000084000000|100%| O|  |TAMS 0x0000000084000000, 0x0000000083f00000| Untracked 
|  64|0x0000000084000000, 0x0000000084100000, 0x0000000084100000|100%| O|  |TAMS 0x0000000084100000, 0x0000000084000000| Untracked 
|  65|0x0000000084100000, 0x0000000084200000, 0x0000000084200000|100%| O|  |TAMS 0x0000000084200000, 0x0000000084100000| Untracked 
|  66|0x0000000084200000, 0x0000000084300000, 0x0000000084300000|100%| O|  |TAMS 0x0000000084300000, 0x0000000084200000| Untracked 
|  67|0x0000000084300000, 0x0000000084400000, 0x0000000084400000|100%| O|  |TAMS 0x0000000084400000, 0x0000000084300000| Untracked 
|  68|0x0000000084400000, 0x0000000084500000, 0x0000000084500000|100%| O|  |TAMS 0x0000000084500000, 0x0000000084400000| Untracked 
|  69|0x0000000084500000, 0x0000000084600000, 0x0000000084600000|100%| O|  |TAMS 0x0000000084600000, 0x0000000084500000| Untracked 
|  70|0x0000000084600000, 0x0000000084700000, 0x0000000084700000|100%| O|  |TAMS 0x0000000084700000, 0x0000000084600000| Untracked 
|  71|0x0000000084700000, 0x0000000084800000, 0x0000000084800000|100%| O|  |TAMS 0x0000000084800000, 0x0000000084700000| Untracked 
|  72|0x0000000084800000, 0x0000000084900000, 0x0000000084900000|100%| O|  |TAMS 0x0000000084900000, 0x0000000084800000| Untracked 
|  73|0x0000000084900000, 0x0000000084a00000, 0x0000000084a00000|100%| O|  |TAMS 0x0000000084a00000, 0x0000000084900000| Untracked 
|  74|0x0000000084a00000, 0x0000000084b00000, 0x0000000084b00000|100%| O|  |TAMS 0x0000000084b00000, 0x0000000084a00000| Untracked 
|  75|0x0000000084b00000, 0x0000000084c00000, 0x0000000084c00000|100%| O|  |TAMS 0x0000000084c00000, 0x0000000084b00000| Untracked 
|  76|0x0000000084c00000, 0x0000000084d00000, 0x0000000084d00000|100%| O|  |TAMS 0x0000000084d00000, 0x0000000084c00000| Untracked 
|  77|0x0000000084d00000, 0x0000000084e00000, 0x0000000084e00000|100%| O|  |TAMS 0x0000000084e00000, 0x0000000084d00000| Untracked 
|  78|0x0000000084e00000, 0x0000000084f00000, 0x0000000084f00000|100%| O|  |TAMS 0x0000000084f00000, 0x0000000084e00000| Untracked 
|  79|0x0000000084f00000, 0x0000000085000000, 0x0000000085000000|100%| O|  |TAMS 0x0000000085000000, 0x0000000084f00000| Untracked 
|  80|0x0000000085000000, 0x0000000085100000, 0x0000000085100000|100%| O|  |TAMS 0x0000000085100000, 0x0000000085000000| Untracked 
|  81|0x0000000085100000, 0x0000000085200000, 0x0000000085200000|100%| O|  |TAMS 0x0000000085200000, 0x0000000085100000| Untracked 
|  82|0x0000000085200000, 0x0000000085300000, 0x0000000085300000|100%| O|  |TAMS 0x0000000085300000, 0x0000000085200000| Untracked 
|  83|0x0000000085300000, 0x0000000085400000, 0x0000000085400000|100%| O|  |TAMS 0x0000000085400000, 0x0000000085300000| Untracked 
|  84|0x0000000085400000, 0x0000000085500000, 0x0000000085500000|100%| O|  |TAMS 0x0000000085500000, 0x0000000085400000| Untracked 
|  85|0x0000000085500000, 0x0000000085600000, 0x0000000085600000|100%| O|  |TAMS 0x0000000085600000, 0x0000000085500000| Untracked 
|  86|0x0000000085600000, 0x0000000085700000, 0x0000000085700000|100%| O|  |TAMS 0x0000000085700000, 0x0000000085600000| Untracked 
|  87|0x0000000085700000, 0x0000000085800000, 0x0000000085800000|100%| O|  |TAMS 0x0000000085800000, 0x0000000085700000| Untracked 
|  88|0x0000000085800000, 0x0000000085900000, 0x0000000085900000|100%| O|  |TAMS 0x0000000085900000, 0x0000000085800000| Untracked 
|  89|0x0000000085900000, 0x0000000085a00000, 0x0000000085a00000|100%| O|  |TAMS 0x0000000085a00000, 0x0000000085900000| Untracked 
|  90|0x0000000085a00000, 0x0000000085b00000, 0x0000000085b00000|100%| O|  |TAMS 0x0000000085b00000, 0x0000000085a00000| Untracked 
|  91|0x0000000085b00000, 0x0000000085c00000, 0x0000000085c00000|100%| O|  |TAMS 0x0000000085c00000, 0x0000000085b00000| Untracked 
|  92|0x0000000085c00000, 0x0000000085d00000, 0x0000000085d00000|100%| O|  |TAMS 0x0000000085d00000, 0x0000000085c00000| Untracked 
|  93|0x0000000085d00000, 0x0000000085d00000, 0x0000000085e00000|  0%| F|  |TAMS 0x0000000085d00000, 0x0000000085d00000| Untracked 
|  94|0x0000000085e00000, 0x0000000085f00000, 0x0000000085f00000|100%| O|  |TAMS 0x0000000085f00000, 0x0000000085e00000| Untracked 
|  95|0x0000000085f00000, 0x0000000086000000, 0x0000000086000000|100%| O|  |TAMS 0x0000000086000000, 0x0000000085f00000| Untracked 
|  96|0x0000000086000000, 0x0000000086100000, 0x0000000086100000|100%| O|  |TAMS 0x0000000086100000, 0x0000000086000000| Untracked 
|  97|0x0000000086100000, 0x0000000086100000, 0x0000000086200000|  0%| F|  |TAMS 0x0000000086100000, 0x0000000086100000| Untracked 
|  98|0x0000000086200000, 0x0000000086300000, 0x0000000086300000|100%| O|  |TAMS 0x0000000086300000, 0x0000000086200000| Untracked 
|  99|0x0000000086300000, 0x0000000086400000, 0x0000000086400000|100%| O|  |TAMS 0x0000000086400000, 0x0000000086300000| Untracked 
| 100|0x0000000086400000, 0x0000000086500000, 0x0000000086500000|100%| O|  |TAMS 0x0000000086500000, 0x0000000086400000| Untracked 
| 101|0x0000000086500000, 0x0000000086600000, 0x0000000086600000|100%| O|  |TAMS 0x0000000086600000, 0x0000000086500000| Untracked 
| 102|0x0000000086600000, 0x0000000086700000, 0x0000000086700000|100%| O|  |TAMS 0x0000000086700000, 0x0000000086600000| Untracked 
| 103|0x0000000086700000, 0x0000000086800000, 0x0000000086800000|100%| O|  |TAMS 0x0000000086800000, 0x0000000086700000| Untracked 
| 104|0x0000000086800000, 0x0000000086900000, 0x0000000086900000|100%| O|  |TAMS 0x0000000086900000, 0x0000000086800000| Untracked 
| 105|0x0000000086900000, 0x0000000086900000, 0x0000000086a00000|  0%| F|  |TAMS 0x0000000086900000, 0x0000000086900000| Untracked 
| 106|0x0000000086a00000, 0x0000000086b00000, 0x0000000086b00000|100%| O|  |TAMS 0x0000000086b00000, 0x0000000086a00000| Untracked 
| 107|0x0000000086b00000, 0x0000000086c00000, 0x0000000086c00000|100%| O|  |TAMS 0x0000000086c00000, 0x0000000086b00000| Untracked 
| 108|0x0000000086c00000, 0x0000000086d00000, 0x0000000086d00000|100%| O|  |TAMS 0x0000000086d00000, 0x0000000086c00000| Untracked 
| 109|0x0000000086d00000, 0x0000000086e00000, 0x0000000086e00000|100%| O|  |TAMS 0x0000000086e00000, 0x0000000086d00000| Untracked 
| 110|0x0000000086e00000, 0x0000000086f00000, 0x0000000086f00000|100%| O|  |TAMS 0x0000000086f00000, 0x0000000086e00000| Untracked 
| 111|0x0000000086f00000, 0x0000000087000000, 0x0000000087000000|100%| O|  |TAMS 0x0000000087000000, 0x0000000086f00000| Untracked 
| 112|0x0000000087000000, 0x0000000087100000, 0x0000000087100000|100%| O|  |TAMS 0x0000000087100000, 0x0000000087000000| Untracked 
| 113|0x0000000087100000, 0x0000000087200000, 0x0000000087200000|100%| O|  |TAMS 0x0000000087200000, 0x0000000087100000| Untracked 
| 114|0x0000000087200000, 0x0000000087300000, 0x0000000087300000|100%|HS|  |TAMS 0x0000000087200000, 0x0000000087200000| Complete 
| 115|0x0000000087300000, 0x0000000087400000, 0x0000000087400000|100%| O|  |TAMS 0x0000000087400000, 0x0000000087300000| Untracked 
| 116|0x0000000087400000, 0x0000000087500000, 0x0000000087500000|100%| O|  |TAMS 0x0000000087500000, 0x0000000087400000| Untracked 
| 117|0x0000000087500000, 0x0000000087600000, 0x0000000087600000|100%| O|  |TAMS 0x0000000087600000, 0x0000000087500000| Untracked 
| 118|0x0000000087600000, 0x0000000087700000, 0x0000000087700000|100%| O|  |TAMS 0x0000000087600000, 0x0000000087600000| Untracked 
| 119|0x0000000087700000, 0x0000000087800000, 0x0000000087800000|100%| O|  |TAMS 0x0000000087800000, 0x0000000087700000| Untracked 
| 120|0x0000000087800000, 0x0000000087800000, 0x0000000087900000|  0%| F|  |TAMS 0x0000000087800000, 0x0000000087800000| Untracked 
| 121|0x0000000087900000, 0x0000000087900000, 0x0000000087a00000|  0%| F|  |TAMS 0x0000000087900000, 0x0000000087900000| Untracked 
| 122|0x0000000087a00000, 0x0000000087a00000, 0x0000000087b00000|  0%| F|  |TAMS 0x0000000087a00000, 0x0000000087a00000| Untracked 
| 123|0x0000000087b00000, 0x0000000087b00000, 0x0000000087c00000|  0%| F|  |TAMS 0x0000000087b00000, 0x0000000087b00000| Untracked 
| 124|0x0000000087c00000, 0x0000000087c00000, 0x0000000087d00000|  0%| F|  |TAMS 0x0000000087c00000, 0x0000000087c00000| Untracked 
| 125|0x0000000087d00000, 0x0000000087e00000, 0x0000000087e00000|100%| O|  |TAMS 0x0000000087d00000, 0x0000000087d00000| Untracked 
| 126|0x0000000087e00000, 0x0000000087e00000, 0x0000000087f00000|  0%| F|  |TAMS 0x0000000087e00000, 0x0000000087e00000| Untracked 
| 127|0x0000000087f00000, 0x0000000087f00000, 0x0000000088000000|  0%| F|  |TAMS 0x0000000087f00000, 0x0000000087f00000| Untracked 
| 128|0x0000000088000000, 0x0000000088100000, 0x0000000088100000|100%| O|  |TAMS 0x0000000088000000, 0x0000000088000000| Untracked 
| 129|0x0000000088100000, 0x0000000088200000, 0x0000000088200000|100%| O|  |TAMS 0x0000000088100000, 0x0000000088100000| Untracked 
| 130|0x0000000088200000, 0x0000000088300000, 0x0000000088300000|100%| O|  |TAMS 0x0000000088200000, 0x0000000088200000| Untracked 
| 131|0x0000000088300000, 0x0000000088400000, 0x0000000088400000|100%| O|  |TAMS 0x0000000088400000, 0x0000000088300000| Untracked 
| 132|0x0000000088400000, 0x0000000088400000, 0x0000000088500000|  0%| F|  |TAMS 0x0000000088400000, 0x0000000088400000| Untracked 
| 133|0x0000000088500000, 0x0000000088500000, 0x0000000088600000|  0%| F|  |TAMS 0x0000000088500000, 0x0000000088500000| Untracked 
| 134|0x0000000088600000, 0x0000000088600000, 0x0000000088700000|  0%| F|  |TAMS 0x0000000088600000, 0x0000000088600000| Untracked 
| 135|0x0000000088700000, 0x0000000088800000, 0x0000000088800000|100%| O|  |TAMS 0x0000000088700000, 0x0000000088700000| Untracked 
| 136|0x0000000088800000, 0x0000000088800000, 0x0000000088900000|  0%| F|  |TAMS 0x0000000088800000, 0x0000000088800000| Untracked 
| 137|0x0000000088900000, 0x0000000088a00000, 0x0000000088a00000|100%| O|  |TAMS 0x0000000088900000, 0x0000000088900000| Untracked 
| 138|0x0000000088a00000, 0x0000000088b00000, 0x0000000088b00000|100%| O|  |TAMS 0x0000000088a00000, 0x0000000088a00000| Untracked 
| 139|0x0000000088b00000, 0x0000000088b00000, 0x0000000088c00000|  0%| F|  |TAMS 0x0000000088b00000, 0x0000000088b00000| Untracked 
| 140|0x0000000088c00000, 0x0000000088c00000, 0x0000000088d00000|  0%| F|  |TAMS 0x0000000088c00000, 0x0000000088c00000| Untracked 
| 141|0x0000000088d00000, 0x0000000088d00000, 0x0000000088e00000|  0%| F|  |TAMS 0x0000000088d00000, 0x0000000088d00000| Untracked 
| 142|0x0000000088e00000, 0x0000000088f00000, 0x0000000088f00000|100%| O|  |TAMS 0x0000000088f00000, 0x0000000088e00000| Untracked 
| 143|0x0000000088f00000, 0x0000000089000000, 0x0000000089000000|100%| O|  |TAMS 0x0000000089000000, 0x0000000088f00000| Untracked 
| 144|0x0000000089000000, 0x0000000089100000, 0x0000000089100000|100%| O|  |TAMS 0x0000000089100000, 0x0000000089000000| Untracked 
| 145|0x0000000089100000, 0x0000000089200000, 0x0000000089200000|100%| O|  |TAMS 0x0000000089200000, 0x0000000089100000| Untracked 
| 146|0x0000000089200000, 0x0000000089300000, 0x0000000089300000|100%| O|  |TAMS 0x0000000089300000, 0x0000000089200000| Untracked 
| 147|0x0000000089300000, 0x0000000089400000, 0x0000000089400000|100%| O|  |TAMS 0x0000000089400000, 0x0000000089300000| Untracked 
| 148|0x0000000089400000, 0x0000000089400000, 0x0000000089500000|  0%| F|  |TAMS 0x0000000089400000, 0x0000000089400000| Untracked 
| 149|0x0000000089500000, 0x0000000089600000, 0x0000000089600000|100%| O|  |TAMS 0x0000000089600000, 0x0000000089500000| Untracked 
| 150|0x0000000089600000, 0x0000000089600000, 0x0000000089700000|  0%| F|  |TAMS 0x0000000089600000, 0x0000000089600000| Untracked 
| 151|0x0000000089700000, 0x0000000089800000, 0x0000000089800000|100%| O|  |TAMS 0x0000000089800000, 0x0000000089700000| Untracked 
| 152|0x0000000089800000, 0x0000000089800000, 0x0000000089900000|  0%| F|  |TAMS 0x0000000089800000, 0x0000000089800000| Untracked 
| 153|0x0000000089900000, 0x0000000089a00000, 0x0000000089a00000|100%| O|  |TAMS 0x0000000089942600, 0x0000000089900000| Untracked 
| 154|0x0000000089a00000, 0x0000000089b00000, 0x0000000089b00000|100%| O|  |TAMS 0x0000000089a00000, 0x0000000089a00000| Untracked 
| 155|0x0000000089b00000, 0x0000000089c00000, 0x0000000089c00000|100%|HS|  |TAMS 0x0000000089c00000, 0x0000000089b00000| Complete 
| 156|0x0000000089c00000, 0x0000000089d00000, 0x0000000089d00000|100%|HC|  |TAMS 0x0000000089d00000, 0x0000000089c00000| Complete 
| 157|0x0000000089d00000, 0x0000000089e00000, 0x0000000089e00000|100%|HS|  |TAMS 0x0000000089e00000, 0x0000000089d00000| Complete 
| 158|0x0000000089e00000, 0x0000000089f00000, 0x0000000089f00000|100%|HS|  |TAMS 0x0000000089f00000, 0x0000000089e00000| Complete 
| 159|0x0000000089f00000, 0x000000008a000000, 0x000000008a000000|100%|HS|  |TAMS 0x000000008a000000, 0x0000000089f00000| Complete 
| 160|0x000000008a000000, 0x000000008a100000, 0x000000008a100000|100%|HS|  |TAMS 0x000000008a100000, 0x000000008a000000| Complete 
| 161|0x000000008a100000, 0x000000008a200000, 0x000000008a200000|100%| O|  |TAMS 0x000000008a100000, 0x000000008a100000| Untracked 
| 162|0x000000008a200000, 0x000000008a300000, 0x000000008a300000|100%| O|  |TAMS 0x000000008a200000, 0x000000008a200000| Untracked 
| 163|0x000000008a300000, 0x000000008a400000, 0x000000008a400000|100%| O|  |TAMS 0x000000008a300000, 0x000000008a300000| Untracked 
| 164|0x000000008a400000, 0x000000008a500000, 0x000000008a500000|100%| O|  |TAMS 0x000000008a400000, 0x000000008a400000| Untracked 
| 165|0x000000008a500000, 0x000000008a600000, 0x000000008a600000|100%| O|  |TAMS 0x000000008a500000, 0x000000008a500000| Untracked 
| 166|0x000000008a600000, 0x000000008a700000, 0x000000008a700000|100%| O|  |TAMS 0x000000008a600000, 0x000000008a600000| Untracked 
| 167|0x000000008a700000, 0x000000008a800000, 0x000000008a800000|100%| O|  |TAMS 0x000000008a700000, 0x000000008a700000| Untracked 
| 168|0x000000008a800000, 0x000000008a900000, 0x000000008a900000|100%| O|  |TAMS 0x000000008a800000, 0x000000008a800000| Untracked 
| 169|0x000000008a900000, 0x000000008aa00000, 0x000000008aa00000|100%| O|  |TAMS 0x000000008a900000, 0x000000008a900000| Untracked 
| 170|0x000000008aa00000, 0x000000008ab00000, 0x000000008ab00000|100%| O|  |TAMS 0x000000008aa00000, 0x000000008aa00000| Untracked 
| 171|0x000000008ab00000, 0x000000008ac00000, 0x000000008ac00000|100%| O|  |TAMS 0x000000008ab00000, 0x000000008ab00000| Untracked 
| 172|0x000000008ac00000, 0x000000008ad00000, 0x000000008ad00000|100%| O|  |TAMS 0x000000008ac00000, 0x000000008ac00000| Untracked 
| 173|0x000000008ad00000, 0x000000008ae00000, 0x000000008ae00000|100%| O|  |TAMS 0x000000008ad00000, 0x000000008ad00000| Untracked 
| 174|0x000000008ae00000, 0x000000008af00000, 0x000000008af00000|100%| O|  |TAMS 0x000000008ae00000, 0x000000008ae00000| Untracked 
| 175|0x000000008af00000, 0x000000008b000000, 0x000000008b000000|100%| O|  |TAMS 0x000000008af00000, 0x000000008af00000| Untracked 
| 176|0x000000008b000000, 0x000000008b100000, 0x000000008b100000|100%| O|  |TAMS 0x000000008b000000, 0x000000008b000000| Untracked 
| 177|0x000000008b100000, 0x000000008b200000, 0x000000008b200000|100%| O|  |TAMS 0x000000008b100000, 0x000000008b100000| Untracked 
| 178|0x000000008b200000, 0x000000008b300000, 0x000000008b300000|100%| O|  |TAMS 0x000000008b200000, 0x000000008b200000| Untracked 
| 179|0x000000008b300000, 0x000000008b400000, 0x000000008b400000|100%| O|  |TAMS 0x000000008b300000, 0x000000008b300000| Untracked 
| 180|0x000000008b400000, 0x000000008b500000, 0x000000008b500000|100%| O|  |TAMS 0x000000008b400000, 0x000000008b400000| Untracked 
| 181|0x000000008b500000, 0x000000008b600000, 0x000000008b600000|100%| O|  |TAMS 0x000000008b500000, 0x000000008b500000| Untracked 
| 182|0x000000008b600000, 0x000000008b700000, 0x000000008b700000|100%| O|  |TAMS 0x000000008b600000, 0x000000008b600000| Untracked 
| 183|0x000000008b700000, 0x000000008b800000, 0x000000008b800000|100%| O|  |TAMS 0x000000008b700000, 0x000000008b700000| Untracked 
| 184|0x000000008b800000, 0x000000008b900000, 0x000000008b900000|100%| O|  |TAMS 0x000000008b800000, 0x000000008b800000| Untracked 
| 185|0x000000008b900000, 0x000000008ba00000, 0x000000008ba00000|100%| O|  |TAMS 0x000000008b900000, 0x000000008b900000| Untracked 
| 186|0x000000008ba00000, 0x000000008bb00000, 0x000000008bb00000|100%| O|  |TAMS 0x000000008ba00000, 0x000000008ba00000| Untracked 
| 187|0x000000008bb00000, 0x000000008bc00000, 0x000000008bc00000|100%| O|  |TAMS 0x000000008bb00000, 0x000000008bb00000| Untracked 
| 188|0x000000008bc00000, 0x000000008bd00000, 0x000000008bd00000|100%| O|  |TAMS 0x000000008bc00000, 0x000000008bc00000| Untracked 
| 189|0x000000008bd00000, 0x000000008be00000, 0x000000008be00000|100%| O|  |TAMS 0x000000008bd00000, 0x000000008bd00000| Untracked 
| 190|0x000000008be00000, 0x000000008bf00000, 0x000000008bf00000|100%| O|  |TAMS 0x000000008be00000, 0x000000008be00000| Untracked 
| 191|0x000000008bf00000, 0x000000008c000000, 0x000000008c000000|100%| O|  |TAMS 0x000000008bf00000, 0x000000008bf00000| Untracked 
| 192|0x000000008c000000, 0x000000008c100000, 0x000000008c100000|100%| O|  |TAMS 0x000000008c000000, 0x000000008c000000| Untracked 
| 193|0x000000008c100000, 0x000000008c100000, 0x000000008c200000|  0%| F|  |TAMS 0x000000008c100000, 0x000000008c100000| Untracked 
| 194|0x000000008c200000, 0x000000008c200000, 0x000000008c300000|  0%| F|  |TAMS 0x000000008c200000, 0x000000008c200000| Untracked 
| 195|0x000000008c300000, 0x000000008c400000, 0x000000008c400000|100%| O|  |TAMS 0x000000008c300000, 0x000000008c300000| Untracked 
| 196|0x000000008c400000, 0x000000008c500000, 0x000000008c500000|100%| O|  |TAMS 0x000000008c400000, 0x000000008c400000| Untracked 
| 197|0x000000008c500000, 0x000000008c600000, 0x000000008c600000|100%| O|  |TAMS 0x000000008c500000, 0x000000008c500000| Untracked 
| 198|0x000000008c600000, 0x000000008c600000, 0x000000008c700000|  0%| F|  |TAMS 0x000000008c600000, 0x000000008c600000| Untracked 
| 199|0x000000008c700000, 0x000000008c700000, 0x000000008c800000|  0%| F|  |TAMS 0x000000008c700000, 0x000000008c700000| Untracked 
| 200|0x000000008c800000, 0x000000008c800000, 0x000000008c900000|  0%| F|  |TAMS 0x000000008c800000, 0x000000008c800000| Untracked 
| 201|0x000000008c900000, 0x000000008ca00000, 0x000000008ca00000|100%| O|  |TAMS 0x000000008c900000, 0x000000008c900000| Untracked 
| 202|0x000000008ca00000, 0x000000008cb00000, 0x000000008cb00000|100%| O|  |TAMS 0x000000008ca00000, 0x000000008ca00000| Untracked 
| 203|0x000000008cb00000, 0x000000008cc00000, 0x000000008cc00000|100%| O|  |TAMS 0x000000008cb00000, 0x000000008cb00000| Untracked 
| 204|0x000000008cc00000, 0x000000008cc00000, 0x000000008cd00000|  0%| F|  |TAMS 0x000000008cc00000, 0x000000008cc00000| Untracked 
| 205|0x000000008cd00000, 0x000000008cd00000, 0x000000008ce00000|  0%| F|  |TAMS 0x000000008cd00000, 0x000000008cd00000| Untracked 
| 206|0x000000008ce00000, 0x000000008ce00000, 0x000000008cf00000|  0%| F|  |TAMS 0x000000008ce00000, 0x000000008ce00000| Untracked 
| 207|0x000000008cf00000, 0x000000008cf00000, 0x000000008d000000|  0%| F|  |TAMS 0x000000008cf00000, 0x000000008cf00000| Untracked 
| 208|0x000000008d000000, 0x000000008d000000, 0x000000008d100000|  0%| F|  |TAMS 0x000000008d000000, 0x000000008d000000| Untracked 
| 209|0x000000008d100000, 0x000000008d100000, 0x000000008d200000|  0%| F|  |TAMS 0x000000008d100000, 0x000000008d100000| Untracked 
| 210|0x000000008d200000, 0x000000008d200000, 0x000000008d300000|  0%| F|  |TAMS 0x000000008d200000, 0x000000008d200000| Untracked 
| 211|0x000000008d300000, 0x000000008d300000, 0x000000008d400000|  0%| F|  |TAMS 0x000000008d300000, 0x000000008d300000| Untracked 
| 212|0x000000008d400000, 0x000000008d400000, 0x000000008d500000|  0%| F|  |TAMS 0x000000008d400000, 0x000000008d400000| Untracked 
| 213|0x000000008d500000, 0x000000008d500000, 0x000000008d600000|  0%| F|  |TAMS 0x000000008d500000, 0x000000008d500000| Untracked 
| 214|0x000000008d600000, 0x000000008d600000, 0x000000008d700000|  0%| F|  |TAMS 0x000000008d600000, 0x000000008d600000| Untracked 
| 215|0x000000008d700000, 0x000000008d700000, 0x000000008d800000|  0%| F|  |TAMS 0x000000008d700000, 0x000000008d700000| Untracked 
| 216|0x000000008d800000, 0x000000008d800000, 0x000000008d900000|  0%| F|  |TAMS 0x000000008d800000, 0x000000008d800000| Untracked 
| 217|0x000000008d900000, 0x000000008da00000, 0x000000008da00000|100%| O|  |TAMS 0x000000008d900000, 0x000000008d900000| Untracked 
| 218|0x000000008da00000, 0x000000008db00000, 0x000000008db00000|100%| O|  |TAMS 0x000000008da00000, 0x000000008da00000| Untracked 
| 219|0x000000008db00000, 0x000000008dc00000, 0x000000008dc00000|100%| O|  |TAMS 0x000000008db00000, 0x000000008db00000| Untracked 
| 220|0x000000008dc00000, 0x000000008dd00000, 0x000000008dd00000|100%| O|  |TAMS 0x000000008dc00000, 0x000000008dc00000| Untracked 
| 221|0x000000008dd00000, 0x000000008de00000, 0x000000008de00000|100%| O|  |TAMS 0x000000008dd00000, 0x000000008dd00000| Untracked 
| 222|0x000000008de00000, 0x000000008de00000, 0x000000008df00000|  0%| F|  |TAMS 0x000000008de00000, 0x000000008de00000| Untracked 
| 223|0x000000008df00000, 0x000000008df00000, 0x000000008e000000|  0%| F|  |TAMS 0x000000008df00000, 0x000000008df00000| Untracked 
| 224|0x000000008e000000, 0x000000008e000000, 0x000000008e100000|  0%| F|  |TAMS 0x000000008e000000, 0x000000008e000000| Untracked 
| 225|0x000000008e100000, 0x000000008e100000, 0x000000008e200000|  0%| F|  |TAMS 0x000000008e100000, 0x000000008e100000| Untracked 
| 226|0x000000008e200000, 0x000000008e200000, 0x000000008e300000|  0%| F|  |TAMS 0x000000008e200000, 0x000000008e200000| Untracked 
| 227|0x000000008e300000, 0x000000008e300000, 0x000000008e400000|  0%| F|  |TAMS 0x000000008e300000, 0x000000008e300000| Untracked 
| 228|0x000000008e400000, 0x000000008e400000, 0x000000008e500000|  0%| F|  |TAMS 0x000000008e400000, 0x000000008e400000| Untracked 
| 229|0x000000008e500000, 0x000000008e500000, 0x000000008e600000|  0%| F|  |TAMS 0x000000008e500000, 0x000000008e500000| Untracked 
| 230|0x000000008e600000, 0x000000008e600000, 0x000000008e700000|  0%| F|  |TAMS 0x000000008e600000, 0x000000008e600000| Untracked 
| 231|0x000000008e700000, 0x000000008e700000, 0x000000008e800000|  0%| F|  |TAMS 0x000000008e700000, 0x000000008e700000| Untracked 
| 232|0x000000008e800000, 0x000000008e800000, 0x000000008e900000|  0%| F|  |TAMS 0x000000008e800000, 0x000000008e800000| Untracked 
| 233|0x000000008e900000, 0x000000008e900000, 0x000000008ea00000|  0%| F|  |TAMS 0x000000008e900000, 0x000000008e900000| Untracked 
| 234|0x000000008ea00000, 0x000000008ea00000, 0x000000008eb00000|  0%| F|  |TAMS 0x000000008ea00000, 0x000000008ea00000| Untracked 
| 235|0x000000008eb00000, 0x000000008eb00000, 0x000000008ec00000|  0%| F|  |TAMS 0x000000008eb00000, 0x000000008eb00000| Untracked 
| 236|0x000000008ec00000, 0x000000008ec00000, 0x000000008ed00000|  0%| F|  |TAMS 0x000000008ec00000, 0x000000008ec00000| Untracked 
| 237|0x000000008ed00000, 0x000000008ed00000, 0x000000008ee00000|  0%| F|  |TAMS 0x000000008ed00000, 0x000000008ed00000| Untracked 
| 238|0x000000008ee00000, 0x000000008ee00000, 0x000000008ef00000|  0%| F|  |TAMS 0x000000008ee00000, 0x000000008ee00000| Untracked 
| 239|0x000000008ef00000, 0x000000008ef00000, 0x000000008f000000|  0%| F|  |TAMS 0x000000008ef00000, 0x000000008ef00000| Untracked 
| 240|0x000000008f000000, 0x000000008f000000, 0x000000008f100000|  0%| F|  |TAMS 0x000000008f000000, 0x000000008f000000| Untracked 
| 241|0x000000008f100000, 0x000000008f100000, 0x000000008f200000|  0%| F|  |TAMS 0x000000008f100000, 0x000000008f100000| Untracked 
| 242|0x000000008f200000, 0x000000008f200000, 0x000000008f300000|  0%| F|  |TAMS 0x000000008f200000, 0x000000008f200000| Untracked 
| 243|0x000000008f300000, 0x000000008f300000, 0x000000008f400000|  0%| F|  |TAMS 0x000000008f300000, 0x000000008f300000| Untracked 
| 244|0x000000008f400000, 0x000000008f400000, 0x000000008f500000|  0%| F|  |TAMS 0x000000008f400000, 0x000000008f400000| Untracked 
| 245|0x000000008f500000, 0x000000008f500000, 0x000000008f600000|  0%| F|  |TAMS 0x000000008f500000, 0x000000008f500000| Untracked 
| 246|0x000000008f600000, 0x000000008f600000, 0x000000008f700000|  0%| F|  |TAMS 0x000000008f600000, 0x000000008f600000| Untracked 
| 247|0x000000008f700000, 0x000000008f700000, 0x000000008f800000|  0%| F|  |TAMS 0x000000008f700000, 0x000000008f700000| Untracked 
| 248|0x000000008f800000, 0x000000008f800000, 0x000000008f900000|  0%| F|  |TAMS 0x000000008f800000, 0x000000008f800000| Untracked 
| 249|0x000000008f900000, 0x000000008f900000, 0x000000008fa00000|  0%| F|  |TAMS 0x000000008f900000, 0x000000008f900000| Untracked 
| 250|0x000000008fa00000, 0x000000008fa00000, 0x000000008fb00000|  0%| F|  |TAMS 0x000000008fa00000, 0x000000008fa00000| Untracked 
| 251|0x000000008fb00000, 0x000000008fb00000, 0x000000008fc00000|  0%| F|  |TAMS 0x000000008fb00000, 0x000000008fb00000| Untracked 
| 252|0x000000008fc00000, 0x000000008fc00000, 0x000000008fd00000|  0%| F|  |TAMS 0x000000008fc00000, 0x000000008fc00000| Untracked 
| 253|0x000000008fd00000, 0x000000008fd00000, 0x000000008fe00000|  0%| F|  |TAMS 0x000000008fd00000, 0x000000008fd00000| Untracked 
| 254|0x000000008fe00000, 0x000000008fe00000, 0x000000008ff00000|  0%| F|  |TAMS 0x000000008fe00000, 0x000000008fe00000| Untracked 
| 255|0x000000008ff00000, 0x000000008ff00000, 0x0000000090000000|  0%| F|  |TAMS 0x000000008ff00000, 0x000000008ff00000| Untracked 
| 256|0x0000000090000000, 0x0000000090000000, 0x0000000090100000|  0%| F|  |TAMS 0x0000000090000000, 0x0000000090000000| Untracked 
| 257|0x0000000090100000, 0x0000000090100000, 0x0000000090200000|  0%| F|  |TAMS 0x0000000090100000, 0x0000000090100000| Untracked 
| 258|0x0000000090200000, 0x0000000090200000, 0x0000000090300000|  0%| F|  |TAMS 0x0000000090200000, 0x0000000090200000| Untracked 
| 259|0x0000000090300000, 0x0000000090300000, 0x0000000090400000|  0%| F|  |TAMS 0x0000000090300000, 0x0000000090300000| Untracked 
| 260|0x0000000090400000, 0x0000000090400000, 0x0000000090500000|  0%| F|  |TAMS 0x0000000090400000, 0x0000000090400000| Untracked 
| 261|0x0000000090500000, 0x0000000090500000, 0x0000000090600000|  0%| F|  |TAMS 0x0000000090500000, 0x0000000090500000| Untracked 
| 262|0x0000000090600000, 0x0000000090600000, 0x0000000090700000|  0%| F|  |TAMS 0x0000000090600000, 0x0000000090600000| Untracked 
| 263|0x0000000090700000, 0x0000000090700000, 0x0000000090800000|  0%| F|  |TAMS 0x0000000090700000, 0x0000000090700000| Untracked 
| 264|0x0000000090800000, 0x0000000090800000, 0x0000000090900000|  0%| F|  |TAMS 0x0000000090800000, 0x0000000090800000| Untracked 
| 265|0x0000000090900000, 0x0000000090900000, 0x0000000090a00000|  0%| F|  |TAMS 0x0000000090900000, 0x0000000090900000| Untracked 
| 266|0x0000000090a00000, 0x0000000090a00000, 0x0000000090b00000|  0%| F|  |TAMS 0x0000000090a00000, 0x0000000090a00000| Untracked 
| 267|0x0000000090b00000, 0x0000000090b00000, 0x0000000090c00000|  0%| F|  |TAMS 0x0000000090b00000, 0x0000000090b00000| Untracked 
| 268|0x0000000090c00000, 0x0000000090c00000, 0x0000000090d00000|  0%| F|  |TAMS 0x0000000090c00000, 0x0000000090c00000| Untracked 
| 269|0x0000000090d00000, 0x0000000090d00000, 0x0000000090e00000|  0%| F|  |TAMS 0x0000000090d00000, 0x0000000090d00000| Untracked 
| 270|0x0000000090e00000, 0x0000000090e00000, 0x0000000090f00000|  0%| F|  |TAMS 0x0000000090e00000, 0x0000000090e00000| Untracked 
| 271|0x0000000090f00000, 0x0000000090f00000, 0x0000000091000000|  0%| F|  |TAMS 0x0000000090f00000, 0x0000000090f00000| Untracked 
| 272|0x0000000091000000, 0x0000000091000000, 0x0000000091100000|  0%| F|  |TAMS 0x0000000091000000, 0x0000000091000000| Untracked 
| 273|0x0000000091100000, 0x0000000091100000, 0x0000000091200000|  0%| F|  |TAMS 0x0000000091100000, 0x0000000091100000| Untracked 
| 274|0x0000000091200000, 0x0000000091200000, 0x0000000091300000|  0%| F|  |TAMS 0x0000000091200000, 0x0000000091200000| Untracked 
| 275|0x0000000091300000, 0x0000000091300000, 0x0000000091400000|  0%| F|  |TAMS 0x0000000091300000, 0x0000000091300000| Untracked 
| 276|0x0000000091400000, 0x0000000091400000, 0x0000000091500000|  0%| F|  |TAMS 0x0000000091400000, 0x0000000091400000| Untracked 
| 277|0x0000000091500000, 0x0000000091500000, 0x0000000091600000|  0%| F|  |TAMS 0x0000000091500000, 0x0000000091500000| Untracked 
| 278|0x0000000091600000, 0x0000000091600000, 0x0000000091700000|  0%| F|  |TAMS 0x0000000091600000, 0x0000000091600000| Untracked 
| 279|0x0000000091700000, 0x0000000091700000, 0x0000000091800000|  0%| F|  |TAMS 0x0000000091700000, 0x0000000091700000| Untracked 
| 280|0x0000000091800000, 0x0000000091800000, 0x0000000091900000|  0%| F|  |TAMS 0x0000000091800000, 0x0000000091800000| Untracked 
| 281|0x0000000091900000, 0x0000000091900000, 0x0000000091a00000|  0%| F|  |TAMS 0x0000000091900000, 0x0000000091900000| Untracked 
| 282|0x0000000091a00000, 0x0000000091a00000, 0x0000000091b00000|  0%| F|  |TAMS 0x0000000091a00000, 0x0000000091a00000| Untracked 
| 283|0x0000000091b00000, 0x0000000091b00000, 0x0000000091c00000|  0%| F|  |TAMS 0x0000000091b00000, 0x0000000091b00000| Untracked 
| 284|0x0000000091c00000, 0x0000000091c00000, 0x0000000091d00000|  0%| F|  |TAMS 0x0000000091c00000, 0x0000000091c00000| Untracked 
| 285|0x0000000091d00000, 0x0000000091d00000, 0x0000000091e00000|  0%| F|  |TAMS 0x0000000091d00000, 0x0000000091d00000| Untracked 
| 286|0x0000000091e00000, 0x0000000091e00000, 0x0000000091f00000|  0%| F|  |TAMS 0x0000000091e00000, 0x0000000091e00000| Untracked 
| 287|0x0000000091f00000, 0x0000000091f00000, 0x0000000092000000|  0%| F|  |TAMS 0x0000000091f00000, 0x0000000091f00000| Untracked 
| 288|0x0000000092000000, 0x0000000092000000, 0x0000000092100000|  0%| F|  |TAMS 0x0000000092000000, 0x0000000092000000| Untracked 
| 289|0x0000000092100000, 0x0000000092100000, 0x0000000092200000|  0%| F|  |TAMS 0x0000000092100000, 0x0000000092100000| Untracked 
| 290|0x0000000092200000, 0x0000000092200000, 0x0000000092300000|  0%| F|  |TAMS 0x0000000092200000, 0x0000000092200000| Untracked 
| 291|0x0000000092300000, 0x0000000092300000, 0x0000000092400000|  0%| F|  |TAMS 0x0000000092300000, 0x0000000092300000| Untracked 
| 292|0x0000000092400000, 0x0000000092400000, 0x0000000092500000|  0%| F|  |TAMS 0x0000000092400000, 0x0000000092400000| Untracked 
| 293|0x0000000092500000, 0x0000000092500000, 0x0000000092600000|  0%| F|  |TAMS 0x0000000092500000, 0x0000000092500000| Untracked 
| 294|0x0000000092600000, 0x0000000092600000, 0x0000000092700000|  0%| F|  |TAMS 0x0000000092600000, 0x0000000092600000| Untracked 
| 295|0x0000000092700000, 0x0000000092700000, 0x0000000092800000|  0%| F|  |TAMS 0x0000000092700000, 0x0000000092700000| Untracked 
| 296|0x0000000092800000, 0x0000000092800000, 0x0000000092900000|  0%| F|  |TAMS 0x0000000092800000, 0x0000000092800000| Untracked 
| 297|0x0000000092900000, 0x0000000092900000, 0x0000000092a00000|  0%| F|  |TAMS 0x0000000092900000, 0x0000000092900000| Untracked 
| 298|0x0000000092a00000, 0x0000000092a00000, 0x0000000092b00000|  0%| F|  |TAMS 0x0000000092a00000, 0x0000000092a00000| Untracked 
| 299|0x0000000092b00000, 0x0000000092b00000, 0x0000000092c00000|  0%| F|  |TAMS 0x0000000092b00000, 0x0000000092b00000| Untracked 
| 300|0x0000000092c00000, 0x0000000092c00000, 0x0000000092d00000|  0%| F|  |TAMS 0x0000000092c00000, 0x0000000092c00000| Untracked 
| 301|0x0000000092d00000, 0x0000000092d00000, 0x0000000092e00000|  0%| F|  |TAMS 0x0000000092d00000, 0x0000000092d00000| Untracked 
| 302|0x0000000092e00000, 0x0000000092e00000, 0x0000000092f00000|  0%| F|  |TAMS 0x0000000092e00000, 0x0000000092e00000| Untracked 
| 303|0x0000000092f00000, 0x0000000092f00000, 0x0000000093000000|  0%| F|  |TAMS 0x0000000092f00000, 0x0000000092f00000| Untracked 
| 304|0x0000000093000000, 0x0000000093000000, 0x0000000093100000|  0%| F|  |TAMS 0x0000000093000000, 0x0000000093000000| Untracked 
| 305|0x0000000093100000, 0x0000000093100000, 0x0000000093200000|  0%| F|  |TAMS 0x0000000093100000, 0x0000000093100000| Untracked 
| 306|0x0000000093200000, 0x0000000093200000, 0x0000000093300000|  0%| F|  |TAMS 0x0000000093200000, 0x0000000093200000| Untracked 
| 307|0x0000000093300000, 0x0000000093300000, 0x0000000093400000|  0%| F|  |TAMS 0x0000000093300000, 0x0000000093300000| Untracked 
| 308|0x0000000093400000, 0x0000000093400000, 0x0000000093500000|  0%| F|  |TAMS 0x0000000093400000, 0x0000000093400000| Untracked 
| 309|0x0000000093500000, 0x0000000093500000, 0x0000000093600000|  0%| F|  |TAMS 0x0000000093500000, 0x0000000093500000| Untracked 
| 310|0x0000000093600000, 0x0000000093600000, 0x0000000093700000|  0%| F|  |TAMS 0x0000000093600000, 0x0000000093600000| Untracked 
| 311|0x0000000093700000, 0x0000000093700000, 0x0000000093800000|  0%| F|  |TAMS 0x0000000093700000, 0x0000000093700000| Untracked 
| 312|0x0000000093800000, 0x0000000093800000, 0x0000000093900000|  0%| F|  |TAMS 0x0000000093800000, 0x0000000093800000| Untracked 
| 313|0x0000000093900000, 0x0000000093900000, 0x0000000093a00000|  0%| F|  |TAMS 0x0000000093900000, 0x0000000093900000| Untracked 
| 314|0x0000000093a00000, 0x0000000093a00000, 0x0000000093b00000|  0%| F|  |TAMS 0x0000000093a00000, 0x0000000093a00000| Untracked 
| 315|0x0000000093b00000, 0x0000000093b00000, 0x0000000093c00000|  0%| F|  |TAMS 0x0000000093b00000, 0x0000000093b00000| Untracked 
| 316|0x0000000093c00000, 0x0000000093c00000, 0x0000000093d00000|  0%| F|  |TAMS 0x0000000093c00000, 0x0000000093c00000| Untracked 
| 317|0x0000000093d00000, 0x0000000093d00000, 0x0000000093e00000|  0%| F|  |TAMS 0x0000000093d00000, 0x0000000093d00000| Untracked 
| 318|0x0000000093e00000, 0x0000000093e00000, 0x0000000093f00000|  0%| F|  |TAMS 0x0000000093e00000, 0x0000000093e00000| Untracked 
| 319|0x0000000093f00000, 0x0000000093f00000, 0x0000000094000000|  0%| F|  |TAMS 0x0000000093f00000, 0x0000000093f00000| Untracked 
| 320|0x0000000094000000, 0x0000000094000000, 0x0000000094100000|  0%| F|  |TAMS 0x0000000094000000, 0x0000000094000000| Untracked 
| 321|0x0000000094100000, 0x0000000094100000, 0x0000000094200000|  0%| F|  |TAMS 0x0000000094100000, 0x0000000094100000| Untracked 
| 322|0x0000000094200000, 0x0000000094200000, 0x0000000094300000|  0%| F|  |TAMS 0x0000000094200000, 0x0000000094200000| Untracked 
| 323|0x0000000094300000, 0x0000000094300000, 0x0000000094400000|  0%| F|  |TAMS 0x0000000094300000, 0x0000000094300000| Untracked 
| 324|0x0000000094400000, 0x0000000094400000, 0x0000000094500000|  0%| F|  |TAMS 0x0000000094400000, 0x0000000094400000| Untracked 
| 325|0x0000000094500000, 0x0000000094500000, 0x0000000094600000|  0%| F|  |TAMS 0x0000000094500000, 0x0000000094500000| Untracked 
| 326|0x0000000094600000, 0x0000000094600000, 0x0000000094700000|  0%| F|  |TAMS 0x0000000094600000, 0x0000000094600000| Untracked 
| 327|0x0000000094700000, 0x0000000094700000, 0x0000000094800000|  0%| F|  |TAMS 0x0000000094700000, 0x0000000094700000| Untracked 
| 328|0x0000000094800000, 0x0000000094800000, 0x0000000094900000|  0%| F|  |TAMS 0x0000000094800000, 0x0000000094800000| Untracked 
| 329|0x0000000094900000, 0x0000000094900000, 0x0000000094a00000|  0%| F|  |TAMS 0x0000000094900000, 0x0000000094900000| Untracked 
| 330|0x0000000094a00000, 0x0000000094a00000, 0x0000000094b00000|  0%| F|  |TAMS 0x0000000094a00000, 0x0000000094a00000| Untracked 
| 331|0x0000000094b00000, 0x0000000094b955a0, 0x0000000094c00000| 58%| S|CS|TAMS 0x0000000094b00000, 0x0000000094b00000| Complete 
| 332|0x0000000094c00000, 0x0000000094d00000, 0x0000000094d00000|100%| S|CS|TAMS 0x0000000094c00000, 0x0000000094c00000| Complete 
| 333|0x0000000094d00000, 0x0000000094e00000, 0x0000000094e00000|100%| S|CS|TAMS 0x0000000094d00000, 0x0000000094d00000| Complete 
| 334|0x0000000094e00000, 0x0000000094e00000, 0x0000000094f00000|  0%| F|  |TAMS 0x0000000094e00000, 0x0000000094e00000| Untracked 
| 335|0x0000000094f00000, 0x0000000094f00000, 0x0000000095000000|  0%| F|  |TAMS 0x0000000094f00000, 0x0000000094f00000| Untracked 
| 336|0x0000000095000000, 0x0000000095000000, 0x0000000095100000|  0%| F|  |TAMS 0x0000000095000000, 0x0000000095000000| Untracked 
| 337|0x0000000095100000, 0x0000000095100000, 0x0000000095200000|  0%| F|  |TAMS 0x0000000095100000, 0x0000000095100000| Untracked 
| 338|0x0000000095200000, 0x0000000095200000, 0x0000000095300000|  0%| F|  |TAMS 0x0000000095200000, 0x0000000095200000| Untracked 
| 339|0x0000000095300000, 0x0000000095300000, 0x0000000095400000|  0%| F|  |TAMS 0x0000000095300000, 0x0000000095300000| Untracked 
| 340|0x0000000095400000, 0x0000000095400000, 0x0000000095500000|  0%| F|  |TAMS 0x0000000095400000, 0x0000000095400000| Untracked 
| 341|0x0000000095500000, 0x0000000095500000, 0x0000000095600000|  0%| F|  |TAMS 0x0000000095500000, 0x0000000095500000| Untracked 
| 342|0x0000000095600000, 0x0000000095600000, 0x0000000095700000|  0%| F|  |TAMS 0x0000000095600000, 0x0000000095600000| Untracked 
| 343|0x0000000095700000, 0x0000000095700000, 0x0000000095800000|  0%| F|  |TAMS 0x0000000095700000, 0x0000000095700000| Untracked 
| 344|0x0000000095800000, 0x0000000095800000, 0x0000000095900000|  0%| F|  |TAMS 0x0000000095800000, 0x0000000095800000| Untracked 
| 345|0x0000000095900000, 0x0000000095900000, 0x0000000095a00000|  0%| F|  |TAMS 0x0000000095900000, 0x0000000095900000| Untracked 
| 346|0x0000000095a00000, 0x0000000095a00000, 0x0000000095b00000|  0%| F|  |TAMS 0x0000000095a00000, 0x0000000095a00000| Untracked 
| 347|0x0000000095b00000, 0x0000000095b00000, 0x0000000095c00000|  0%| F|  |TAMS 0x0000000095b00000, 0x0000000095b00000| Untracked 
| 348|0x0000000095c00000, 0x0000000095c00000, 0x0000000095d00000|  0%| F|  |TAMS 0x0000000095c00000, 0x0000000095c00000| Untracked 
| 349|0x0000000095d00000, 0x0000000095d00000, 0x0000000095e00000|  0%| F|  |TAMS 0x0000000095d00000, 0x0000000095d00000| Untracked 
| 350|0x0000000095e00000, 0x0000000095e00000, 0x0000000095f00000|  0%| F|  |TAMS 0x0000000095e00000, 0x0000000095e00000| Untracked 

Card table byte_map: [0x00000266c1810000,0x00000266c1c10000] _byte_map_base: 0x00000266c1410000

Marking Bits (Prev, Next): (CMBitMap*) 0x00000266ae32ac28, (CMBitMap*) 0x00000266ae32ac60
 Prev Bits: [0x00000266c2010000, 0x00000266c4010000)
 Next Bits: [0x00000266c4010000, 0x00000266c6010000)

Polling page: 0x00000266acc80000

Metaspace:

Usage:
  Non-class:    114.57 MB capacity,   112.16 MB ( 98%) used,     1.98 MB (  2%) free+waste,   447.50 KB ( <1%) overhead. 
      Class:     17.38 MB capacity,    15.97 MB ( 92%) used,     1.22 MB (  7%) free+waste,   196.81 KB (  1%) overhead. 
       Both:    131.95 MB capacity,   128.13 MB ( 97%) used,     3.20 MB (  2%) free+waste,   644.31 KB ( <1%) overhead. 

Virtual space:
  Non-class space:      116.00 MB reserved,     114.75 MB ( 99%) committed 
      Class space:        1.00 GB reserved,      17.50 MB (  2%) committed 
             Both:        1.11 GB reserved,     132.25 MB ( 12%) committed 

Chunk freelists:
   Non-Class:  57.00 KB
       Class:  22.00 KB
        Both:  79.00 KB

MaxMetaspaceSize: 17179869184.00 GB
CompressedClassSpaceSize: 1.00 GB

CodeHeap 'non-profiled nmethods': size=120064Kb used=12684Kb max_used=12684Kb free=107379Kb
 bounds [0x00000266b98a0000, 0x00000266ba5b0000, 0x00000266c0de0000]
CodeHeap 'profiled nmethods': size=120000Kb used=48926Kb max_used=48926Kb free=71073Kb
 bounds [0x00000266b2370000, 0x00000266b5460000, 0x00000266b98a0000]
CodeHeap 'non-nmethods': size=5696Kb used=2421Kb max_used=2481Kb free=3274Kb
 bounds [0x00000266b1de0000, 0x00000266b2060000, 0x00000266b2370000]
 total_blobs=20861 nmethods=19782 adapters=988
 compilation: enabled
              stopped_count=0, restarted_count=0
 full_count=0

Compilation events (20 events):
Event: 89.697 Thread 0x00000266c8685000 22918       2       com.android.tools.r8.internal.qr$$Lambda$1425/0x0000000100f4c440::<init> (10 bytes)
Event: 89.698 Thread 0x00000266c8685000 nmethod 22918 0x00000266b3445090 code [0x00000266b3445240, 0x00000266b3445378]
Event: 89.698 Thread 0x00000266c8685000 22919       2       com.android.tools.r8.internal.qr$$Lambda$1425/0x0000000100f4c440::iterator (8 bytes)
Event: 89.698 Thread 0x00000266c8685000 nmethod 22919 0x00000266b3572590 code [0x00000266b3572780, 0x00000266b3572c78]
Event: 89.698 Thread 0x00000266c8685000 22920       2       com.android.tools.r8.internal.qr::k (25 bytes)
Event: 89.699 Thread 0x00000266c8685000 nmethod 22920 0x00000266b3576090 code [0x00000266b3576280, 0x00000266b3576758]
Event: 89.703 Thread 0x00000266c8685000 22925       2       sun.net.util.IPAddressUtil::checkHostString (53 bytes)
Event: 89.705 Thread 0x00000266c8685000 nmethod 22925 0x00000266b357d210 code [0x00000266b357d460, 0x00000266b357d9c8]
Event: 89.709 Thread 0x00000266c8685000 22926 % !   3       com.android.tools.r8.utils.V::a @ 51 (164 bytes)
Event: 89.711 Thread 0x00000266c8685000 nmethod 22926% 0x00000266b3e04410 code [0x00000266b3e04800, 0x00000266b3e06808]
Event: 89.725 Thread 0x00000266cc606800 nmethod 22831 0x00000266b9ff9f90 code [0x00000266b9ffa280, 0x00000266b9ffcfe0]
Event: 89.726 Thread 0x00000266cc606800 22876 %     4       com.android.tools.r8.dex.j::a @ 315 (1038 bytes)
Event: 90.152 Thread 0x00000266c8685000 22927       3       com.android.tools.r8.ir.conversion.k::a (149 bytes)
Event: 90.159 Thread 0x00000266c8685000 nmethod 22927 0x00000266b4017d10 code [0x00000266b4018380, 0x00000266b401c958]
Event: 90.265 Thread 0x00000266c8685000 22929 %     3       com.android.tools.r8.internal.Fw::a @ 15 (71 bytes)
Event: 90.266 Thread 0x00000266c8685000 nmethod 22929% 0x00000266b3615490 code [0x00000266b3615720, 0x00000266b3616488]
Event: 90.267 Thread 0x00000266c8685000 22930       2       com.android.tools.r8.graph.Z::i1 (16 bytes)
Event: 90.267 Thread 0x00000266c8685000 nmethod 22930 0x00000266b344ca90 code [0x00000266b344cc40, 0x00000266b344cd58]
Event: 90.273 Thread 0x00000266c8685000 22931   !   2       jdk.internal.loader.Resource::getBytes (242 bytes)
Event: 90.275 Thread 0x00000266c8685000 nmethod 22931 0x00000266b364bc10 code [0x00000266b364bea0, 0x00000266b364cc48]

GC Heap History (20 events):
Event: 78.752 GC heap after
{Heap after GC invocations=84 (full 0):
 garbage-first heap   total 359424K, used 150346K [0x0000000080000000, 0x0000000100000000)
  region size 1024K, 7 young (7168K), 7 survivors (7168K)
 Metaspace       used 127406K, capacity 131159K, committed 131200K, reserved 1163264K
  class space    used 15906K, capacity 17273K, committed 17280K, reserved 1048576K
}
Event: 79.666 GC heap before
{Heap before GC invocations=84 (full 0):
 garbage-first heap   total 359424K, used 311114K [0x0000000080000000, 0x0000000100000000)
  region size 1024K, 164 young (167936K), 7 survivors (7168K)
 Metaspace       used 127461K, capacity 131291K, committed 131456K, reserved 1163264K
  class space    used 15908K, capacity 17273K, committed 17280K, reserved 1048576K
}
Event: 79.680 GC heap after
{Heap after GC invocations=85 (full 0):
 garbage-first heap   total 359424K, used 150031K [0x0000000080000000, 0x0000000100000000)
  region size 1024K, 6 young (6144K), 6 survivors (6144K)
 Metaspace       used 127461K, capacity 131291K, committed 131456K, reserved 1163264K
  class space    used 15908K, capacity 17273K, committed 17280K, reserved 1048576K
}
Event: 80.589 GC heap before
{Heap before GC invocations=85 (full 0):
 garbage-first heap   total 359424K, used 311823K [0x0000000080000000, 0x0000000100000000)
  region size 1024K, 164 young (167936K), 6 survivors (6144K)
 Metaspace       used 127481K, capacity 131296K, committed 131456K, reserved 1163264K
  class space    used 15908K, capacity 17274K, committed 17280K, reserved 1048576K
}
Event: 80.625 GC heap after
{Heap after GC invocations=86 (full 0):
 garbage-first heap   total 359424K, used 162903K [0x0000000080000000, 0x0000000100000000)
  region size 1024K, 19 young (19456K), 19 survivors (19456K)
 Metaspace       used 127481K, capacity 131296K, committed 131456K, reserved 1163264K
  class space    used 15908K, capacity 17274K, committed 17280K, reserved 1048576K
}
Event: 81.535 GC heap before
{Heap before GC invocations=86 (full 0):
 garbage-first heap   total 359424K, used 302167K [0x0000000080000000, 0x0000000100000000)
  region size 1024K, 155 young (158720K), 19 survivors (19456K)
 Metaspace       used 127488K, capacity 131304K, committed 131456K, reserved 1163264K
  class space    used 15910K, capacity 17277K, committed 17280K, reserved 1048576K
}
Event: 81.601 GC heap after
{Heap after GC invocations=87 (full 0):
 garbage-first heap   total 359424K, used 158985K [0x0000000080000000, 0x0000000100000000)
  region size 1024K, 2 young (2048K), 2 survivors (2048K)
 Metaspace       used 127488K, capacity 131304K, committed 131456K, reserved 1163264K
  class space    used 15910K, capacity 17277K, committed 17280K, reserved 1048576K
}
Event: 82.866 GC heap before
{Heap before GC invocations=87 (full 0):
 garbage-first heap   total 359424K, used 305417K [0x0000000080000000, 0x0000000100000000)
  region size 1024K, 145 young (148480K), 2 survivors (2048K)
 Metaspace       used 127492K, capacity 131305K, committed 131456K, reserved 1163264K
  class space    used 15910K, capacity 17277K, committed 17280K, reserved 1048576K
}
Event: 82.872 GC heap after
{Heap after GC invocations=88 (full 0):
 garbage-first heap   total 359424K, used 158168K [0x0000000080000000, 0x0000000100000000)
  region size 1024K, 2 young (2048K), 2 survivors (2048K)
 Metaspace       used 127492K, capacity 131305K, committed 131456K, reserved 1163264K
  class space    used 15910K, capacity 17277K, committed 17280K, reserved 1048576K
}
Event: 85.146 GC heap before
{Heap before GC invocations=88 (full 0):
 garbage-first heap   total 359424K, used 307672K [0x0000000080000000, 0x0000000100000000)
  region size 1024K, 148 young (151552K), 2 survivors (2048K)
 Metaspace       used 127503K, capacity 131318K, committed 131456K, reserved 1163264K
  class space    used 15911K, capacity 17279K, committed 17280K, reserved 1048576K
}
Event: 85.151 GC heap after
{Heap after GC invocations=89 (full 0):
 garbage-first heap   total 359424K, used 158669K [0x0000000080000000, 0x0000000100000000)
  region size 1024K, 2 young (2048K), 2 survivors (2048K)
 Metaspace       used 127503K, capacity 131318K, committed 131456K, reserved 1163264K
  class space    used 15911K, capacity 17279K, committed 17280K, reserved 1048576K
}
Event: 85.967 GC heap before
{Heap before GC invocations=89 (full 0):
 garbage-first heap   total 359424K, used 310221K [0x0000000080000000, 0x0000000100000000)
  region size 1024K, 150 young (153600K), 2 survivors (2048K)
 Metaspace       used 127507K, capacity 131318K, committed 131456K, reserved 1163264K
  class space    used 15911K, capacity 17279K, committed 17280K, reserved 1048576K
}
Event: 85.974 GC heap after
{Heap after GC invocations=90 (full 0):
 garbage-first heap   total 359424K, used 159147K [0x0000000080000000, 0x0000000100000000)
  region size 1024K, 3 young (3072K), 3 survivors (3072K)
 Metaspace       used 127507K, capacity 131318K, committed 131456K, reserved 1163264K
  class space    used 15911K, capacity 17279K, committed 17280K, reserved 1048576K
}
Event: 87.243 GC heap before
{Heap before GC invocations=90 (full 0):
 garbage-first heap   total 359424K, used 322987K [0x0000000080000000, 0x0000000100000000)
  region size 1024K, 150 young (153600K), 3 survivors (3072K)
 Metaspace       used 128231K, capacity 132071K, committed 132096K, reserved 1163264K
  class space    used 16008K, capacity 17393K, committed 17408K, reserved 1048576K
}
Event: 87.264 GC heap after
{Heap after GC invocations=91 (full 0):
 garbage-first heap   total 359424K, used 172393K [0x0000000080000000, 0x0000000100000000)
  region size 1024K, 6 young (6144K), 6 survivors (6144K)
 Metaspace       used 128231K, capacity 132071K, committed 132096K, reserved 1163264K
  class space    used 16008K, capacity 17393K, committed 17408K, reserved 1048576K
}
Event: 89.731 GC heap before
{Heap before GC invocations=92 (full 0):
 garbage-first heap   total 359424K, used 304489K [0x0000000080000000, 0x0000000100000000)
  region size 1024K, 140 young (143360K), 6 survivors (6144K)
 Metaspace       used 130977K, capacity 134897K, committed 135040K, reserved 1167360K
  class space    used 16320K, capacity 17770K, committed 17792K, reserved 1048576K
}
Event: 89.871 GC heap after
{Heap after GC invocations=93 (full 0):
 garbage-first heap   total 359424K, used 206663K [0x0000000080000000, 0x0000000100000000)
  region size 1024K, 18 young (18432K), 18 survivors (18432K)
 Metaspace       used 130977K, capacity 134897K, committed 135040K, reserved 1167360K
  class space    used 16320K, capacity 17770K, committed 17792K, reserved 1048576K
}
Event: 89.995 GC heap before
{Heap before GC invocations=93 (full 0):
 garbage-first heap   total 359424K, used 207687K [0x0000000080000000, 0x0000000100000000)
  region size 1024K, 19 young (19456K), 18 survivors (18432K)
 Metaspace       used 130978K, capacity 134897K, committed 135040K, reserved 1167360K
  class space    used 16320K, capacity 17770K, committed 17792K, reserved 1048576K
}
Event: 90.139 GC heap after
{Heap after GC invocations=94 (full 0):
 garbage-first heap   total 359424K, used 190464K [0x0000000080000000, 0x0000000100000000)
  region size 1024K, 2 young (2048K), 2 survivors (2048K)
 Metaspace       used 130978K, capacity 134897K, committed 135040K, reserved 1167360K
  class space    used 16320K, capacity 17770K, committed 17792K, reserved 1048576K
}
Event: 90.282 GC heap before
{Heap before GC invocations=94 (full 0):
 garbage-first heap   total 359424K, used 205824K [0x0000000080000000, 0x0000000100000000)
  region size 1024K, 17 young (17408K), 2 survivors (2048K)
 Metaspace       used 131200K, capacity 135121K, committed 135424K, reserved 1167360K
  class space    used 16351K, capacity 17802K, committed 17920K, reserved 1048576K
}

Deoptimization events (20 events):
Event: 89.383 Thread 0x00000266cd038800 DEOPT PACKING pc=0x00000266b33702e3 sp=0x0000009b7e3f72c0
Event: 89.383 Thread 0x00000266cd038800 DEOPT UNPACKING pc=0x00000266b1e076ce sp=0x0000009b7e3f6800 mode 0
Event: 89.426 Thread 0x00000266cd038800 DEOPT PACKING pc=0x00000266b33702e3 sp=0x0000009b7e3f72c0
Event: 89.426 Thread 0x00000266cd038800 DEOPT UNPACKING pc=0x00000266b1e076ce sp=0x0000009b7e3f6800 mode 0
Event: 89.434 Thread 0x00000266cd038800 Uncommon trap: trap_request=0xffffff4d fr.pc=0x00000266b9f1f63c relative=0x000000000000125c
Event: 89.436 Thread 0x00000266cd038800 Uncommon trap: reason=unstable_if action=reinterpret pc=0x00000266b9f1f63c method=java.util.concurrent.ConcurrentHashMap.transfer([Ljava/util/concurrent/ConcurrentHashMap$Node;[Ljava/util/concurrent/ConcurrentHashMap$Node;)V @ 352 c2
Event: 89.436 Thread 0x00000266cd038800 DEOPT PACKING pc=0x00000266b9f1f63c sp=0x0000009b7e3f7170
Event: 89.436 Thread 0x00000266cd038800 DEOPT UNPACKING pc=0x00000266b1e078af sp=0x0000009b7e3f7118 mode 2
Event: 89.663 Thread 0x00000266cd042800 DEOPT PACKING pc=0x00000266b3793177 sp=0x0000009b7e9fcfe0
Event: 89.663 Thread 0x00000266cd042800 DEOPT UNPACKING pc=0x00000266b1e076ce sp=0x0000009b7e9fc4e0 mode 0
Event: 89.664 Thread 0x00000266cd042800 DEOPT PACKING pc=0x00000266b3793198 sp=0x0000009b7e9fcfe0
Event: 89.664 Thread 0x00000266cd042800 DEOPT UNPACKING pc=0x00000266b1e076ce sp=0x0000009b7e9fc4e0 mode 0
Event: 89.665 Thread 0x00000266cd042800 DEOPT PACKING pc=0x00000266b3793198 sp=0x0000009b7e9fcfe0
Event: 89.665 Thread 0x00000266cd042800 DEOPT UNPACKING pc=0x00000266b1e076ce sp=0x0000009b7e9fc4e0 mode 0
Event: 90.262 Thread 0x00000266cd042800 DEOPT PACKING pc=0x00000266b3793177 sp=0x0000009b7e9fd060
Event: 90.262 Thread 0x00000266cd042800 DEOPT UNPACKING pc=0x00000266b1e076ce sp=0x0000009b7e9fc560 mode 0
Event: 90.263 Thread 0x00000266cd042800 DEOPT PACKING pc=0x00000266b3793177 sp=0x0000009b7e9fd060
Event: 90.263 Thread 0x00000266cd042800 DEOPT UNPACKING pc=0x00000266b1e076ce sp=0x0000009b7e9fc560 mode 0
Event: 90.264 Thread 0x00000266cd042800 DEOPT PACKING pc=0x00000266b3793177 sp=0x0000009b7e9fd060
Event: 90.264 Thread 0x00000266cd042800 DEOPT UNPACKING pc=0x00000266b1e076ce sp=0x0000009b7e9fc560 mode 0

Classes redefined (0 events):
No events

Internal exceptions (20 events):
Event: 79.455 Thread 0x00000266cd03d800 Exception <a 'sun/nio/fs/WindowsException'{0x000000008ef51d00}> (0x000000008ef51d00) thrown at [./src/hotspot/share/prims/jni.cpp, line 615]
Event: 79.465 Thread 0x00000266cb339800 Exception <a 'sun/nio/fs/WindowsException'{0x000000008e14b4e0}> (0x000000008e14b4e0) thrown at [./src/hotspot/share/prims/jni.cpp, line 615]
Event: 79.526 Thread 0x00000266cd03d800 Exception <a 'sun/nio/fs/WindowsException'{0x000000008d48cd30}> (0x000000008d48cd30) thrown at [./src/hotspot/share/prims/jni.cpp, line 615]
Event: 79.559 Thread 0x00000266cd03b000 Exception <a 'sun/nio/fs/WindowsException'{0x000000008d267048}> (0x000000008d267048) thrown at [./src/hotspot/share/prims/jni.cpp, line 615]
Event: 79.599 Thread 0x00000266cb339800 Exception <a 'sun/nio/fs/WindowsException'{0x000000008d14a5d0}> (0x000000008d14a5d0) thrown at [./src/hotspot/share/prims/jni.cpp, line 615]
Event: 79.600 Thread 0x00000266cb6bd800 Exception <a 'sun/nio/fs/WindowsException'{0x000000008ed75720}> (0x000000008ed75720) thrown at [./src/hotspot/share/prims/jni.cpp, line 615]
Event: 79.692 Thread 0x00000266cd03b000 Exception <a 'sun/nio/fs/WindowsException'{0x0000000095dd66e8}> (0x0000000095dd66e8) thrown at [./src/hotspot/share/prims/jni.cpp, line 615]
Event: 79.729 Thread 0x00000266cd03b000 Exception <a 'sun/nio/fs/WindowsException'{0x0000000095311588}> (0x0000000095311588) thrown at [./src/hotspot/share/prims/jni.cpp, line 615]
Event: 79.757 Thread 0x00000266cb339800 Exception <a 'sun/nio/fs/WindowsException'{0x0000000094cf5478}> (0x0000000094cf5478) thrown at [./src/hotspot/share/prims/jni.cpp, line 615]
Event: 79.762 Thread 0x00000266cb6bd800 Exception <a 'sun/nio/fs/WindowsException'{0x0000000094b18568}> (0x0000000094b18568) thrown at [./src/hotspot/share/prims/jni.cpp, line 615]
Event: 79.778 Thread 0x00000266cd03d800 Exception <a 'sun/nio/fs/WindowsException'{0x0000000094a22c50}> (0x0000000094a22c50) thrown at [./src/hotspot/share/prims/jni.cpp, line 615]
Event: 79.788 Thread 0x00000266cd03d800 Exception <a 'sun/nio/fs/WindowsException'{0x0000000094ad9dd8}> (0x0000000094ad9dd8) thrown at [./src/hotspot/share/prims/jni.cpp, line 615]
Event: 79.836 Thread 0x00000266cd03b000 Exception <a 'sun/nio/fs/WindowsException'{0x000000009533b208}> (0x000000009533b208) thrown at [./src/hotspot/share/prims/jni.cpp, line 615]
Event: 79.840 Thread 0x00000266cd03b000 Exception <a 'sun/nio/fs/WindowsException'{0x00000000944f78f8}> (0x00000000944f78f8) thrown at [./src/hotspot/share/prims/jni.cpp, line 615]
Event: 79.852 Thread 0x00000266cb339800 Exception <a 'sun/nio/fs/WindowsException'{0x00000000942423e8}> (0x00000000942423e8) thrown at [./src/hotspot/share/prims/jni.cpp, line 615]
Event: 86.776 Thread 0x00000266cb339800 Exception <a 'sun/nio/fs/WindowsException'{0x000000008d9296c0}> (0x000000008d9296c0) thrown at [./src/hotspot/share/prims/jni.cpp, line 615]
Event: 87.138 Thread 0x00000266cd042800 Exception <a 'sun/nio/fs/WindowsException'{0x000000008cf2eb38}> (0x000000008cf2eb38) thrown at [./src/hotspot/share/prims/jni.cpp, line 615]
Event: 87.533 Thread 0x00000266cd038800 Implicit null exception at 0x00000266b99cf156 to 0x00000266b99cf9f4
Event: 87.744 Thread 0x00000266cd038800 Exception <a 'sun/nio/fs/WindowsException'{0x0000000094480a08}> (0x0000000094480a08) thrown at [./src/hotspot/share/prims/jni.cpp, line 615]
Event: 87.791 Thread 0x00000266cd038800 Implicit null exception at 0x00000266ba1e1ea4 to 0x00000266ba1e4234

Events (20 events):
Event: 90.268 loading class org/apache/http/impl/execchain/RedirectExec done
Event: 90.271 loading class org/apache/http/impl/client/BasicCookieStore
Event: 90.271 loading class org/apache/http/impl/client/BasicCookieStore done
Event: 90.272 loading class org/apache/http/cookie/CookieIdentityComparator
Event: 90.272 loading class org/apache/http/cookie/CookieIdentityComparator done
Event: 90.273 loading class org/apache/http/impl/client/HttpClientBuilder$2
Event: 90.273 loading class org/apache/http/impl/client/HttpClientBuilder$2 done
Event: 90.274 loading class org/apache/http/client/ClientProtocolException
Event: 90.274 loading class org/apache/http/client/ClientProtocolException done
Event: 90.275 loading class org/apache/http/conn/ClientConnectionManager
Event: 90.275 loading class org/apache/http/conn/ClientConnectionManager done
Event: 90.276 loading class org/apache/http/client/utils/URIUtils
Event: 90.276 loading class org/apache/http/client/utils/URIUtils done
Event: 90.277 loading class org/apache/http/client/utils/URIUtils$UriFlag
Event: 90.277 loading class org/apache/http/client/utils/URIUtils$UriFlag done
Event: 90.279 loading class org/apache/http/HttpHost
Event: 90.279 loading class org/apache/http/HttpHost done
Event: 90.281 loading class org/apache/http/client/methods/HttpRequestWrapper
Event: 90.281 loading class org/apache/http/client/methods/HttpRequestWrapper done
Event: 90.281 Executing VM operation: G1CollectForAllocation


Dynamic libraries:
0x00007ff7bdb50000 - 0x00007ff7bdb5a000 	C:\Program Files\Android\Android Studio\jre\bin\java.exe
0x00007ffd43e30000 - 0x00007ffd44025000 	C:\WINDOWS\SYSTEM32\ntdll.dll
0x00007ffd42900000 - 0x00007ffd429be000 	C:\WINDOWS\System32\KERNEL32.DLL
0x00007ffd41b00000 - 0x00007ffd41dc9000 	C:\WINDOWS\System32\KERNELBASE.dll
0x00007ffd41680000 - 0x00007ffd41780000 	C:\WINDOWS\System32\ucrtbase.dll
0x00007ffd3b9d0000 - 0x00007ffd3b9e7000 	C:\Program Files\Android\Android Studio\jre\bin\VCRUNTIME140.dll
0x00007ffd3d0d0000 - 0x00007ffd3d0e9000 	C:\Program Files\Android\Android Studio\jre\bin\jli.dll
0x00007ffd42ba0000 - 0x00007ffd42d41000 	C:\WINDOWS\System32\USER32.dll
0x00007ffd41890000 - 0x00007ffd418b2000 	C:\WINDOWS\System32\win32u.dll
0x00007ffd42f00000 - 0x00007ffd42f2b000 	C:\WINDOWS\System32\GDI32.dll
0x00007ffd41780000 - 0x00007ffd4188b000 	C:\WINDOWS\System32\gdi32full.dll
0x00007ffd31160000 - 0x00007ffd313fa000 	C:\WINDOWS\WinSxS\amd64_microsoft.windows.common-controls_6595b64144ccf1df_6.0.19041.1110_none_60b5254171f9507e\COMCTL32.dll
0x00007ffd415e0000 - 0x00007ffd4167d000 	C:\WINDOWS\System32\msvcp_win.dll
0x00007ffd429d0000 - 0x00007ffd42a6e000 	C:\WINDOWS\System32\msvcrt.dll
0x00007ffd42800000 - 0x00007ffd42830000 	C:\WINDOWS\System32\IMM32.DLL
0x00007ffd17740000 - 0x00007ffd177dd000 	C:\Program Files\Android\Android Studio\jre\bin\msvcp140.dll
0x00007ffd18ec0000 - 0x00007ffd1998f000 	C:\Program Files\Android\Android Studio\jre\bin\server\jvm.dll
0x00007ffd42f90000 - 0x00007ffd4303c000 	C:\WINDOWS\System32\ADVAPI32.dll
0x00007ffd43290000 - 0x00007ffd4332b000 	C:\WINDOWS\System32\sechost.dll
0x00007ffd426d0000 - 0x00007ffd427fa000 	C:\WINDOWS\System32\RPCRT4.dll
0x00007ffd429c0000 - 0x00007ffd429c8000 	C:\WINDOWS\System32\PSAPI.DLL
0x00007ffd3e010000 - 0x00007ffd3e019000 	C:\WINDOWS\SYSTEM32\WSOCK32.dll
0x00007ffd43c90000 - 0x00007ffd43cfb000 	C:\WINDOWS\System32\WS2_32.dll
0x00007ffd34dc0000 - 0x00007ffd34de7000 	C:\WINDOWS\SYSTEM32\WINMM.dll
0x00007ffd35fd0000 - 0x00007ffd35fda000 	C:\WINDOWS\SYSTEM32\VERSION.dll
0x00007ffd3f450000 - 0x00007ffd3f462000 	C:\WINDOWS\SYSTEM32\kernel.appcore.dll
0x00007ffd3b860000 - 0x00007ffd3b871000 	C:\Program Files\Android\Android Studio\jre\bin\verify.dll
0x00007ffd2dd40000 - 0x00007ffd2df24000 	C:\WINDOWS\SYSTEM32\DBGHELP.DLL
0x00007ffd2e6e0000 - 0x00007ffd2e70c000 	C:\WINDOWS\SYSTEM32\dbgcore.DLL
0x00007ffd41550000 - 0x00007ffd415d3000 	C:\WINDOWS\System32\bcryptPrimitives.dll
0x00007ffd3a730000 - 0x00007ffd3a759000 	C:\Program Files\Android\Android Studio\jre\bin\java.dll
0x00007ffd3ba80000 - 0x00007ffd3ba8b000 	C:\Program Files\Android\Android Studio\jre\bin\jimage.dll
0x00007ffd3b280000 - 0x00007ffd3b298000 	C:\Program Files\Android\Android Studio\jre\bin\zip.dll
0x00007ffd41f90000 - 0x00007ffd426cf000 	C:\WINDOWS\System32\SHELL32.dll
0x00007ffd3f650000 - 0x00007ffd3fde0000 	C:\WINDOWS\SYSTEM32\windows.storage.dll
0x00007ffd437b0000 - 0x00007ffd43b05000 	C:\WINDOWS\System32\combase.dll
0x00007ffd40fa0000 - 0x00007ffd40fcc000 	C:\WINDOWS\SYSTEM32\Wldp.dll
0x00007ffd43170000 - 0x00007ffd4321d000 	C:\WINDOWS\System32\SHCORE.dll
0x00007ffd42f30000 - 0x00007ffd42f85000 	C:\WINDOWS\System32\shlwapi.dll
0x00007ffd41490000 - 0x00007ffd414af000 	C:\WINDOWS\SYSTEM32\profapi.dll
0x00007ffd3a710000 - 0x00007ffd3a72a000 	C:\Program Files\Android\Android Studio\jre\bin\net.dll
0x00007ffd33100000 - 0x00007ffd33208000 	C:\WINDOWS\SYSTEM32\WINHTTP.dll
0x00007ffd40d00000 - 0x00007ffd40d6a000 	C:\WINDOWS\system32\mswsock.dll
0x00007ffd3a6c0000 - 0x00007ffd3a6d4000 	C:\Program Files\Android\Android Studio\jre\bin\nio.dll
0x00007ffd2ff10000 - 0x00007ffd2ff37000 	C:\Program Files\Java\jdk-17.0.1\native\8bec1ad78214c89d9ad589b4d07fe93259594b29d510b10fafb7a158f7737e5d\windows-amd64\native-platform.dll
0x00007ffd25610000 - 0x00007ffd2574d000 	C:\Program Files\Java\jdk-17.0.1\native\53dbd7edfb1c66fb8903c78663c9afc45aea4f116125fa6feffd364cf09443e8\windows-amd64\native-platform-file-events.dll
0x00007ffd3ba60000 - 0x00007ffd3ba6a000 	C:\Program Files\Android\Android Studio\jre\bin\management.dll
0x00007ffd3b250000 - 0x00007ffd3b25c000 	C:\Program Files\Android\Android Studio\jre\bin\management_ext.dll
0x00007ffd40ef0000 - 0x00007ffd40f08000 	C:\WINDOWS\SYSTEM32\CRYPTSP.dll
0x00007ffd40610000 - 0x00007ffd40644000 	C:\WINDOWS\system32\rsaenh.dll
0x00007ffd41970000 - 0x00007ffd41997000 	C:\WINDOWS\System32\bcrypt.dll
0x00007ffd41450000 - 0x00007ffd4147e000 	C:\WINDOWS\SYSTEM32\USERENV.dll
0x00007ffd40f10000 - 0x00007ffd40f1c000 	C:\WINDOWS\SYSTEM32\CRYPTBASE.dll
0x00007ffd409a0000 - 0x00007ffd409db000 	C:\WINDOWS\SYSTEM32\IPHLPAPI.DLL
0x00007ffd43220000 - 0x00007ffd43228000 	C:\WINDOWS\System32\NSI.dll
0x00007ffd390f0000 - 0x00007ffd39107000 	C:\WINDOWS\SYSTEM32\dhcpcsvc6.DLL
0x00007ffd390d0000 - 0x00007ffd390ed000 	C:\WINDOWS\SYSTEM32\dhcpcsvc.DLL
0x00007ffd409e0000 - 0x00007ffd40aac000 	C:\WINDOWS\SYSTEM32\DNSAPI.dll
0x00007ffd39eb0000 - 0x00007ffd3a054000 	C:\Program Files\Android\Android Studio\jre\bin\awt.dll
0x00007ffd42830000 - 0x00007ffd428fd000 	C:\WINDOWS\System32\OLEAUT32.dll
0x00007ffd3f160000 - 0x00007ffd3f18f000 	C:\WINDOWS\SYSTEM32\dwmapi.dll
0x00007ffd3ecb0000 - 0x00007ffd3ed40000 	C:\WINDOWS\SYSTEM32\apphelp.dll
0x00007ffd3ef50000 - 0x00007ffd3efee000 	C:\WINDOWS\system32\uxtheme.dll
0x00007ffd35a30000 - 0x00007ffd35a57000 	C:\Program Files\Android\Android Studio\jre\bin\sunec.dll

dbghelp: loaded successfully - version: 4.0.5 - missing functions: none
symbol engine: initialized successfully - sym options: 0x614 - pdb path: .;C:\Program Files\Android\Android Studio\jre\bin;C:\WINDOWS\SYSTEM32;C:\WINDOWS\WinSxS\amd64_microsoft.windows.common-controls_6595b64144ccf1df_6.0.19041.1110_none_60b5254171f9507e;C:\Program Files\Android\Android Studio\jre\bin\server;C:\Program Files\Java\jdk-17.0.1\native\8bec1ad78214c89d9ad589b4d07fe93259594b29d510b10fafb7a158f7737e5d\windows-amd64;C:\Program Files\Java\jdk-17.0.1\native\53dbd7edfb1c66fb8903c78663c9afc45aea4f116125fa6feffd364cf09443e8\windows-amd64

VM Arguments:
jvm_args: --add-opens=java.base/java.util=ALL-UNNAMED --add-opens=java.base/java.lang=ALL-UNNAMED --add-opens=java.base/java.lang.invoke=ALL-UNNAMED --add-opens=java.base/java.util=ALL-UNNAMED --add-opens=java.prefs/java.util.prefs=ALL-UNNAMED --add-opens=java.prefs/java.util.prefs=ALL-UNNAMED --add-opens=java.base/java.nio.charset=ALL-UNNAMED --add-opens=java.base/java.net=ALL-UNNAMED --add-opens=java.base/java.util.concurrent.atomic=ALL-UNNAMED -Xmx2048m -Dfile.encoding=UTF-8 -Duser.country=US -Duser.language=en -Duser.variant 
java_command: org.gradle.launcher.daemon.bootstrap.GradleDaemon 7.0.2
java_class_path (initial): C:\Program Files\Java\jdk-17.0.1\wrapper\dists\gradle-7.0.2-bin\857tjihv64xamwrf0h14cai3r\gradle-7.0.2\lib\gradle-launcher-7.0.2.jar
Launcher Type: SUN_STANDARD

[Global flags]
     intx CICompilerCount                          = 3                                         {product} {ergonomic}
     uint ConcGCThreads                            = 1                                         {product} {ergonomic}
     uint G1ConcRefinementThreads                  = 4                                         {product} {ergonomic}
   size_t G1HeapRegionSize                         = 1048576                                   {product} {ergonomic}
    uintx GCDrainStackTargetSize                   = 64                                        {product} {ergonomic}
   size_t InitialHeapSize                          = 67108864                                  {product} {ergonomic}
   size_t MarkStackSize                            = 4194304                                   {product} {ergonomic}
   size_t MaxHeapSize                              = 2147483648                                {product} {command line}
   size_t MaxNewSize                               = 1287651328                                {product} {ergonomic}
   size_t MinHeapDeltaBytes                        = 1048576                                   {product} {ergonomic}
    uintx NonNMethodCodeHeapSize                   = 5830732                                {pd product} {ergonomic}
    uintx NonProfiledCodeHeapSize                  = 122913754                              {pd product} {ergonomic}
    uintx ProfiledCodeHeapSize                     = 122913754                              {pd product} {ergonomic}
    uintx ReservedCodeCacheSize                    = 251658240                              {pd product} {ergonomic}
     bool SegmentedCodeCache                       = true                                      {product} {ergonomic}
     bool UseCompressedClassPointers               = true                                 {lp64_product} {ergonomic}
     bool UseCompressedOops                        = true                                 {lp64_product} {ergonomic}
     bool UseG1GC                                  = true                                      {product} {ergonomic}
     bool UseLargePagesIndividualAllocation        = false                                  {pd product} {ergonomic}

Logging:
Log output configuration:
 #0: stdout all=warning uptime,level,tags
 #1: stderr all=off uptime,level,tags

Environment Variables:
PATH=C:\Program Files\Common Files\Oracle\Java\javapath;C:\WINDOWS\system32;C:\WINDOWS;C:\WINDOWS\System32\Wbem;C:\WINDOWS\System32\WindowsPowerShell\v1.0\;C:\WINDOWS\System32\OpenSSH\;C:\Program Files\dotnet\;C:\Program Files\Microsoft SQL Server\130\Tools\Binn\;C:\Program Files\Microsoft SQL Server\Client SDK\ODBC\170\Tools\Binn\;C:\Program Files (x86)\dotnet\;C:\Program Files\Git\cmd;C:\Users\MinhNgan\AppData\Local\Microsoft\WindowsApps
USERNAME=MinhNgan
OS=Windows_NT
PROCESSOR_IDENTIFIER=Intel64 Family 6 Model 69 Stepping 1, GenuineIntel



---------------  S Y S T E M  ---------------

OS: Windows 10 , 64 bit Build 19041 (10.0.19041.1202)
OS uptime: 0 days 0:27 hours

CPU:total 4 (initial active 4) (2 cores per cpu, 2 threads per core) family 6 model 69 stepping 1 microcode 0x25, cmov, cx8, fxsr, mmx, sse, sse2, sse3, ssse3, sse4.1, sse4.2, popcnt, avx, avx2, aes, clmul, erms, lzcnt, ht, tsc, tscinvbit, bmi1, bmi2, fma

Memory: 4k page, system-wide physical 3979M (357M free)
TotalPageFile size 6978M (AvailPageFile size 155M)
current process WorkingSet (physical memory assigned to process): 572M, peak: 599M
current process commit charge ("private bytes"): 776M, peak: 1000M

vm_info: OpenJDK 64-Bit Server VM (11.0.10+0-b96-7249189) for windows-amd64 JRE (11.0.10+0-b96-7249189), built on Mar 31 2021 21:44:00 by "builder" with MS VC++ 14.0 (VS2015)

END.
