#
# There is insufficient memory for the Java Runtime Environment to continue.
# Native memory allocation (mmap) failed to map 30408704 bytes for Failed to commit area from 0x0000000088e00000 to 0x000000008ab00000 of length 30408704.
# Possible reasons:
#   The system is out of physical RAM or swap space
#   The process is running with CompressedOops enabled, and the Java Heap may be blocking the growth of the native heap
# Possible solutions:
#   Reduce memory load on the system
#   Increase physical memory or swap space
#   Check if swap backing store is full
#   Decrease Java heap size (-Xmx/-Xms)
#   Decrease number of Java threads
#   Decrease Java thread stack sizes (-Xss)
#   Set larger code cache with -XX:ReservedCodeCacheSize=
#   JVM is running with Unscaled Compressed Oops mode in which the Java heap is
#     placed in the first 4GB address space. The Java Heap base address is the
#     maximum limit for the native heap growth. Please use -XX:HeapBaseMinAddress
#     to set the Java Heap base and to place the Java Heap above 4GB virtual address.
# This output file may be truncated or incomplete.
#
#  Out of Memory Error (./src/hotspot/os/windows/os_windows.cpp:3301), pid=3512, tid=1208
#
# JRE version: OpenJDK Runtime Environment (11.0.10) (build 11.0.10+0-b96-7249189)
# Java VM: OpenJDK 64-Bit Server VM (11.0.10+0-b96-7249189, mixed mode, tiered, compressed oops, g1 gc, windows-amd64)
# No core dump will be written. Minidumps are not enabled by default on client versions of Windows
#

---------------  S U M M A R Y ------------

Command Line: --add-opens=java.base/java.util=ALL-UNNAMED --add-opens=java.base/java.lang=ALL-UNNAMED --add-opens=java.base/java.lang.invoke=ALL-UNNAMED --add-opens=java.base/java.util=ALL-UNNAMED --add-opens=java.prefs/java.util.prefs=ALL-UNNAMED --add-opens=java.prefs/java.util.prefs=ALL-UNNAMED --add-opens=java.base/java.nio.charset=ALL-UNNAMED --add-opens=java.base/java.net=ALL-UNNAMED --add-opens=java.base/java.util.concurrent.atomic=ALL-UNNAMED -Xmx2048m -Dfile.encoding=UTF-8 -Duser.country=US -Duser.language=en -Duser.variant org.gradle.launcher.daemon.bootstrap.GradleDaemon 7.0.2

Host: Intel(R) Core(TM) i5-4210U CPU @ 1.70GHz, 4 cores, 3G,  Windows 10 , 64 bit Build 19041 (10.0.19041.1202)
Time: Tue Nov  9 18:58:46 2021 SE Asia Standard Time elapsed time: 40.863800 seconds (0d 0h 0m 40s)

---------------  T H R E A D  ---------------

Current thread (0x00000193eb2c3000):  VMThread "VM Thread" [stack: 0x0000006b2d800000,0x0000006b2d900000] [id=1208]

Stack: [0x0000006b2d800000,0x0000006b2d900000]
[error occurred during error reporting (printing stack bounds), id 0xc0000005, EXCEPTION_ACCESS_VIOLATION (0xc0000005) at pc=0x00000193d4aa0f2d]

Native frames: (J=compiled Java code, j=interpreted, Vv=VM code, C=native code)
V  [jvm.dll+0x5ecfaa]
V  [jvm.dll+0x722bd5]
V  [jvm.dll+0x72412d]
V  [jvm.dll+0x724745]
V  [jvm.dll+0x7246fb]
V  [jvm.dll+0x5ec348]
V  [jvm.dll+0x5ecad8]
C  [ntdll.dll+0xa20cf]
C  [ntdll.dll+0x51454]
C  [ntdll.dll+0xa0bfe]
C  0x00000193d4aa0f2d

VM_Operation (0x0000006b2f2feca0): G1CollectForAllocation, mode: safepoint, requested by thread 0x00000193eda20800


---------------  P R O C E S S  ---------------

Threads class SMR info:
_java_thread_list=0x00000193f093e6e0, length=42, elements={
0x00000193d0fa9000, 0x00000193eb2cc800, 0x00000193eb2d6000, 0x00000193eb322800,
0x00000193eb326000, 0x00000193eb329000, 0x00000193eb334000, 0x00000193ebc70800,
0x00000193eb344000, 0x00000193ebdc2000, 0x00000193ed81e800, 0x00000193ecc88000,
0x00000193ecc88800, 0x00000193eca4a800, 0x00000193ed124800, 0x00000193ed249000,
0x00000193ecc7d000, 0x00000193ecbe8800, 0x00000193ecb2b800, 0x00000193eda22800,
0x00000193eda21000, 0x00000193eda23800, 0x00000193eda20800, 0x00000193eda22000,
0x00000193eda24800, 0x00000193eda25000, 0x00000193eda26000, 0x00000193eda27000,
0x00000193ee073800, 0x00000193ee071800, 0x00000193ee073000, 0x00000193ee074800,
0x00000193ee075800, 0x00000193ee076000, 0x00000193ee077000, 0x00000193ee072000,
0x00000193ee079800, 0x00000193ee07d800, 0x00000193ee07a800, 0x00000193ee078800,
0x00000193ee07c800, 0x00000193ee07e800
}

Java Threads: ( => current thread )
  0x00000193d0fa9000 JavaThread "main" [_thread_blocked, id=11252, stack(0x0000006b2d200000,0x0000006b2d300000)]
  0x00000193eb2cc800 JavaThread "Reference Handler" daemon [_thread_blocked, id=6428, stack(0x0000006b2d900000,0x0000006b2da00000)]
  0x00000193eb2d6000 JavaThread "Finalizer" daemon [_thread_blocked, id=1020, stack(0x0000006b2da00000,0x0000006b2db00000)]
  0x00000193eb322800 JavaThread "Signal Dispatcher" daemon [_thread_blocked, id=3668, stack(0x0000006b2db00000,0x0000006b2dc00000)]
  0x00000193eb326000 JavaThread "Attach Listener" daemon [_thread_blocked, id=11908, stack(0x0000006b2dc00000,0x0000006b2dd00000)]
  0x00000193eb329000 JavaThread "Service Thread" daemon [_thread_blocked, id=9972, stack(0x0000006b2dd00000,0x0000006b2de00000)]
  0x00000193eb334000 JavaThread "C2 CompilerThread0" daemon [_thread_in_native, id=9636, stack(0x0000006b2de00000,0x0000006b2df00000)]
  0x00000193ebc70800 JavaThread "C1 CompilerThread0" daemon [_thread_blocked, id=3904, stack(0x0000006b2df00000,0x0000006b2e000000)]
  0x00000193eb344000 JavaThread "Sweeper thread" daemon [_thread_blocked, id=11728, stack(0x0000006b2e000000,0x0000006b2e100000)]
  0x00000193ebdc2000 JavaThread "Common-Cleaner" daemon [_thread_blocked, id=7144, stack(0x0000006b2e100000,0x0000006b2e200000)]
  0x00000193ed81e800 JavaThread "Daemon health stats" [_thread_blocked, id=5988, stack(0x0000006b2e400000,0x0000006b2e500000)]
  0x00000193ecc88000 JavaThread "Incoming local TCP Connector on port 51332" [_thread_in_native, id=8212, stack(0x0000006b2e700000,0x0000006b2e800000)]
  0x00000193ecc88800 JavaThread "Daemon periodic checks" [_thread_blocked, id=5624, stack(0x0000006b2e800000,0x0000006b2e900000)]
  0x00000193eca4a800 JavaThread "Daemon" [_thread_blocked, id=4352, stack(0x0000006b2e900000,0x0000006b2ea00000)]
  0x00000193ed124800 JavaThread "Handler for socket connection from /127.0.0.1:51332 to /127.0.0.1:51333" [_thread_in_native, id=4696, stack(0x0000006b2ea00000,0x0000006b2eb00000)]
  0x00000193ed249000 JavaThread "Cancel handler" [_thread_blocked, id=7016, stack(0x0000006b2eb00000,0x0000006b2ec00000)]
  0x00000193ecc7d000 JavaThread "Daemon worker" [_thread_blocked, id=4340, stack(0x0000006b2ec00000,0x0000006b2ed00000)]
  0x00000193ecbe8800 JavaThread "Asynchronous log dispatcher for DefaultDaemonConnection: socket connection from /127.0.0.1:51332 to /127.0.0.1:51333" [_thread_blocked, id=2768, stack(0x0000006b2ed00000,0x0000006b2ee00000)]
  0x00000193ecb2b800 JavaThread "Stdin handler" [_thread_blocked, id=11228, stack(0x0000006b2ee00000,0x0000006b2ef00000)]
  0x00000193eda22800 JavaThread "Daemon client event forwarder" [_thread_blocked, id=2132, stack(0x0000006b2ef00000,0x0000006b2f000000)]
  0x00000193eda21000 JavaThread "Cache worker for file hash cache (C:\Users\MinhNgan\.gradle\caches\7.0.2\fileHashes)" [_thread_blocked, id=6388, stack(0x0000006b2f000000,0x0000006b2f100000)]
  0x00000193eda23800 JavaThread "File lock request listener" [_thread_in_native, id=9756, stack(0x0000006b2f100000,0x0000006b2f200000)]
  0x00000193eda20800 JavaThread "Cache worker for journal cache (C:\Users\MinhNgan\.gradle\caches\journal-1)" [_thread_blocked, id=11092, stack(0x0000006b2f200000,0x0000006b2f300000)]
  0x00000193eda22000 JavaThread "Cache worker for file hash cache (C:\Users\MinhNgan\AndroidStudioProjects\Android_hepat\.gradle\7.0.2\fileHashes)" [_thread_blocked, id=8312, stack(0x0000006b2f300000,0x0000006b2f400000)]
  0x00000193eda24800 JavaThread "File watcher server" daemon [_thread_in_native, id=2656, stack(0x0000006b2f400000,0x0000006b2f500000)]
  0x00000193eda25000 JavaThread "File watcher consumer" daemon [_thread_blocked, id=10200, stack(0x0000006b2f500000,0x0000006b2f600000)]
  0x00000193eda26000 JavaThread "jar transforms" [_thread_blocked, id=2764, stack(0x0000006b2f600000,0x0000006b2f700000)]
  0x00000193eda27000 JavaThread "jar transforms Thread 2" [_thread_blocked, id=5116, stack(0x0000006b2f700000,0x0000006b2f800000)]
  0x00000193ee073800 JavaThread "jar transforms Thread 3" [_thread_blocked, id=6464, stack(0x0000006b2f800000,0x0000006b2f900000)]
  0x00000193ee071800 JavaThread "jar transforms Thread 4" [_thread_blocked, id=10920, stack(0x0000006b2f900000,0x0000006b2fa00000)]
  0x00000193ee073000 JavaThread "Cache worker for checksums cache (C:\Users\MinhNgan\AndroidStudioProjects\Android_hepat\.gradle\checksums)" [_thread_blocked, id=11216, stack(0x0000006b2fa00000,0x0000006b2fb00000)]
  0x00000193ee074800 JavaThread "Cache worker for cache directory md-supplier (C:\Users\MinhNgan\.gradle\caches\7.0.2\md-supplier)" [_thread_blocked, id=5528, stack(0x0000006b2fb00000,0x0000006b2fc00000)]
  0x00000193ee075800 JavaThread "Cache worker for cache directory md-rule (C:\Users\MinhNgan\.gradle\caches\7.0.2\md-rule)" [_thread_blocked, id=1192, stack(0x0000006b2fc00000,0x0000006b2fd00000)]
  0x00000193ee076000 JavaThread "Cache worker for execution history cache (C:\Users\MinhNgan\.gradle\caches\7.0.2\executionHistory)" [_thread_blocked, id=10396, stack(0x0000006b2fd00000,0x0000006b2fe00000)]
  0x00000193ee077000 JavaThread "Cache worker for file content cache (C:\Users\MinhNgan\.gradle\caches\7.0.2\fileContent)" [_thread_blocked, id=11268, stack(0x0000006b2fe00000,0x0000006b2ff00000)]
  0x00000193ee072000 JavaThread "Cache worker for dependencies-accessors (C:\Users\MinhNgan\AndroidStudioProjects\Android_hepat\.gradle\7.0.2\dependencies-accessors)" [_thread_blocked, id=10708, stack(0x0000006b2ff00000,0x0000006b30000000)]
  0x00000193ee079800 JavaThread "Cache worker for Build Output Cleanup Cache (C:\Users\MinhNgan\AndroidStudioProjects\Android_hepat\.gradle\buildOutputCleanup)" [_thread_blocked, id=4072, stack(0x0000006b30000000,0x0000006b30100000)]
  0x00000193ee07d800 JavaThread "Build operations" [_thread_blocked, id=9568, stack(0x0000006b30100000,0x0000006b30200000)]
  0x00000193ee07a800 JavaThread "Build operations Thread 2" [_thread_blocked, id=1500, stack(0x0000006b30200000,0x0000006b30300000)]
  0x00000193ee078800 JavaThread "Build operations Thread 3" [_thread_blocked, id=12132, stack(0x0000006b30300000,0x0000006b30400000)]
  0x00000193ee07c800 JavaThread "Build operations Thread 4" [_thread_blocked, id=408, stack(0x0000006b30400000,0x0000006b30500000)]
  0x00000193ee07e800 JavaThread "Memory manager" [_thread_blocked, id=12144, stack(0x0000006b30500000,0x0000006b30600000)]

Other Threads:
=>0x00000193eb2c3000 VMThread "VM Thread" [stack: 0x0000006b2d800000,0x0000006b2d900000] [id=1208]
  0x00000193ebdfd000 WatcherThread [stack: 0x0000006b2e200000,0x0000006b2e300000] [id=3816]
  0x00000193d0fbf800 GCTaskThread "GC Thread#0" [stack: 0x0000006b2d300000,0x0000006b2d400000] [id=8364]
  0x00000193ebfb5800 GCTaskThread "GC Thread#1" [stack: 0x0000006b2e300000,0x0000006b2e400000] [id=10152]
  0x00000193ecacb000 GCTaskThread "GC Thread#2" [stack: 0x0000006b2e500000,0x0000006b2e600000] [id=4828]
  0x00000193ed18a800 GCTaskThread "GC Thread#3" [stack: 0x0000006b2e600000,0x0000006b2e700000] [id=2100]
  0x00000193d0ff1000 ConcurrentGCThread "G1 Main Marker" [stack: 0x0000006b2d400000,0x0000006b2d500000] [id=428]
  0x00000193d0ff2800 ConcurrentGCThread "G1 Conc#0" [stack: 0x0000006b2d500000,0x0000006b2d600000] [id=3044]
  0x00000193d104f000 ConcurrentGCThread "G1 Refine#0" [stack: 0x0000006b2d600000,0x0000006b2d700000] [id=7036]
  0x00000193d1050800 ConcurrentGCThread "G1 Young RemSet Sampling" [stack: 0x0000006b2d700000,0x0000006b2d800000] [id=3508]

Threads with active compile tasks:
C2 CompilerThread0  40928 7009       4       groovy.lang.MetaMethod::getMopName (105 bytes)

VM state:at safepoint (normal execution)

VM Mutex/Monitor currently owned by a thread:  ([mutex/lock_event])
[0x00000193d0fa4c90] Threads_lock - owner thread: 0x00000193eb2c3000
[0x00000193d0fa4810] Heap_lock - owner thread: 0x00000193eda20800

Heap address: 0x0000000080000000, size: 2048 MB, Compressed Oops mode: 32-bit
Narrow klass base: 0x0000000000000000, Narrow klass shift: 3
Compressed class space size: 1073741824 Address: 0x0000000100000000

Heap:
 garbage-first heap   total 175104K, used 86268K [0x0000000080000000, 0x0000000100000000)
  region size 1024K, 4 young (4096K), 4 survivors (4096K)
 Metaspace       used 73335K, capacity 75301K, committed 75520K, reserved 1114112K
  class space    used 9533K, capacity 10195K, committed 10240K, reserved 1048576K
Heap Regions: E=young(eden), S=young(survivor), O=old, HS=humongous(starts), HC=humongous(continues), CS=collection set, F=free, A=archive, TAMS=top-at-mark-start (previous, next)
|   0|0x0000000080000000, 0x0000000080100000, 0x0000000080100000|100%| O|  |TAMS 0x0000000080100000, 0x0000000080000000| Untracked 
|   1|0x0000000080100000, 0x0000000080200000, 0x0000000080200000|100%| O|  |TAMS 0x0000000080200000, 0x0000000080100000| Untracked 
|   2|0x0000000080200000, 0x0000000080300000, 0x0000000080300000|100%| O|  |TAMS 0x0000000080300000, 0x0000000080200000| Untracked 
|   3|0x0000000080300000, 0x0000000080400000, 0x0000000080400000|100%|HS|  |TAMS 0x0000000080400000, 0x0000000080300000| Complete 
|   4|0x0000000080400000, 0x0000000080500000, 0x0000000080500000|100%|HC|  |TAMS 0x0000000080500000, 0x0000000080400000| Complete 
|   5|0x0000000080500000, 0x0000000080600000, 0x0000000080600000|100%|HC|  |TAMS 0x0000000080600000, 0x0000000080500000| Complete 
|   6|0x0000000080600000, 0x0000000080700000, 0x0000000080700000|100%| O|  |TAMS 0x0000000080700000, 0x0000000080600000| Untracked 
|   7|0x0000000080700000, 0x0000000080800000, 0x0000000080800000|100%| O|  |TAMS 0x0000000080800000, 0x0000000080700000| Untracked 
|   8|0x0000000080800000, 0x0000000080900000, 0x0000000080900000|100%| O|  |TAMS 0x0000000080900000, 0x0000000080800000| Untracked 
|   9|0x0000000080900000, 0x0000000080a00000, 0x0000000080a00000|100%| O|  |TAMS 0x0000000080a00000, 0x0000000080900000| Untracked 
|  10|0x0000000080a00000, 0x0000000080b00000, 0x0000000080b00000|100%| O|  |TAMS 0x0000000080b00000, 0x0000000080a00000| Untracked 
|  11|0x0000000080b00000, 0x0000000080c00000, 0x0000000080c00000|100%| O|  |TAMS 0x0000000080c00000, 0x0000000080b00000| Untracked 
|  12|0x0000000080c00000, 0x0000000080d00000, 0x0000000080d00000|100%| O|  |TAMS 0x0000000080d00000, 0x0000000080c00000| Untracked 
|  13|0x0000000080d00000, 0x0000000080e00000, 0x0000000080e00000|100%| O|  |TAMS 0x0000000080e00000, 0x0000000080d00000| Untracked 
|  14|0x0000000080e00000, 0x0000000080f00000, 0x0000000080f00000|100%| O|  |TAMS 0x0000000080f00000, 0x0000000080e00000| Untracked 
|  15|0x0000000080f00000, 0x0000000081000000, 0x0000000081000000|100%| O|  |TAMS 0x0000000081000000, 0x0000000080f00000| Untracked 
|  16|0x0000000081000000, 0x0000000081100000, 0x0000000081100000|100%|HS|  |TAMS 0x0000000081100000, 0x0000000081000000| Complete 
|  17|0x0000000081100000, 0x0000000081200000, 0x0000000081200000|100%|HC|  |TAMS 0x0000000081200000, 0x0000000081100000| Complete 
|  18|0x0000000081200000, 0x0000000081300000, 0x0000000081300000|100%|HS|  |TAMS 0x0000000081300000, 0x0000000081200000| Complete 
|  19|0x0000000081300000, 0x0000000081400000, 0x0000000081400000|100%|HC|  |TAMS 0x0000000081400000, 0x0000000081300000| Complete 
|  20|0x0000000081400000, 0x0000000081500000, 0x0000000081500000|100%|HC|  |TAMS 0x0000000081500000, 0x0000000081400000| Complete 
|  21|0x0000000081500000, 0x0000000081600000, 0x0000000081600000|100%|HS|  |TAMS 0x0000000081600000, 0x0000000081500000| Complete 
|  22|0x0000000081600000, 0x0000000081700000, 0x0000000081700000|100%|HC|  |TAMS 0x0000000081700000, 0x0000000081600000| Complete 
|  23|0x0000000081700000, 0x0000000081800000, 0x0000000081800000|100%|HC|  |TAMS 0x0000000081800000, 0x0000000081700000| Complete 
|  24|0x0000000081800000, 0x0000000081900000, 0x0000000081900000|100%|HC|  |TAMS 0x0000000081900000, 0x0000000081800000| Complete 
|  25|0x0000000081900000, 0x0000000081a00000, 0x0000000081a00000|100%|HC|  |TAMS 0x0000000081a00000, 0x0000000081900000| Complete 
|  26|0x0000000081a00000, 0x0000000081b00000, 0x0000000081b00000|100%| O|  |TAMS 0x0000000081b00000, 0x0000000081a00000| Untracked 
|  27|0x0000000081b00000, 0x0000000081c00000, 0x0000000081c00000|100%| O|  |TAMS 0x0000000081c00000, 0x0000000081b00000| Untracked 
|  28|0x0000000081c00000, 0x0000000081d00000, 0x0000000081d00000|100%| O|  |TAMS 0x0000000081d00000, 0x0000000081c00000| Untracked 
|  29|0x0000000081d00000, 0x0000000081e00000, 0x0000000081e00000|100%| O|  |TAMS 0x0000000081e00000, 0x0000000081d00000| Untracked 
|  30|0x0000000081e00000, 0x0000000081f00000, 0x0000000081f00000|100%| O|  |TAMS 0x0000000081f00000, 0x0000000081e00000| Untracked 
|  31|0x0000000081f00000, 0x0000000082000000, 0x0000000082000000|100%| O|  |TAMS 0x0000000082000000, 0x0000000081f00000| Untracked 
|  32|0x0000000082000000, 0x0000000082100000, 0x0000000082100000|100%| O|  |TAMS 0x0000000082100000, 0x0000000082000000| Untracked 
|  33|0x0000000082100000, 0x0000000082200000, 0x0000000082200000|100%| O|  |TAMS 0x0000000082200000, 0x0000000082100000| Untracked 
|  34|0x0000000082200000, 0x0000000082300000, 0x0000000082300000|100%| O|  |TAMS 0x0000000082300000, 0x0000000082200000| Untracked 
|  35|0x0000000082300000, 0x0000000082400000, 0x0000000082400000|100%| O|  |TAMS 0x0000000082400000, 0x0000000082300000| Untracked 
|  36|0x0000000082400000, 0x0000000082500000, 0x0000000082500000|100%| O|  |TAMS 0x0000000082500000, 0x0000000082400000| Untracked 
|  37|0x0000000082500000, 0x0000000082600000, 0x0000000082600000|100%| O|  |TAMS 0x0000000082600000, 0x0000000082500000| Untracked 
|  38|0x0000000082600000, 0x0000000082700000, 0x0000000082700000|100%| O|  |TAMS 0x0000000082700000, 0x0000000082600000| Untracked 
|  39|0x0000000082700000, 0x0000000082800000, 0x0000000082800000|100%| O|  |TAMS 0x0000000082800000, 0x0000000082700000| Untracked 
|  40|0x0000000082800000, 0x0000000082900000, 0x0000000082900000|100%| O|  |TAMS 0x0000000082900000, 0x0000000082800000| Untracked 
|  41|0x0000000082900000, 0x0000000082a00000, 0x0000000082a00000|100%| O|  |TAMS 0x0000000082a00000, 0x0000000082900000| Untracked 
|  42|0x0000000082a00000, 0x0000000082b00000, 0x0000000082b00000|100%|HS|  |TAMS 0x0000000082b00000, 0x0000000082a00000| Complete 
|  43|0x0000000082b00000, 0x0000000082c00000, 0x0000000082c00000|100%|HC|  |TAMS 0x0000000082c00000, 0x0000000082b00000| Complete 
|  44|0x0000000082c00000, 0x0000000082d00000, 0x0000000082d00000|100%|HC|  |TAMS 0x0000000082d00000, 0x0000000082c00000| Complete 
|  45|0x0000000082d00000, 0x0000000082e00000, 0x0000000082e00000|100%|HC|  |TAMS 0x0000000082e00000, 0x0000000082d00000| Complete 
|  46|0x0000000082e00000, 0x0000000082f00000, 0x0000000082f00000|100%|HC|  |TAMS 0x0000000082f00000, 0x0000000082e00000| Complete 
|  47|0x0000000082f00000, 0x0000000083000000, 0x0000000083000000|100%|HS|  |TAMS 0x0000000083000000, 0x0000000082f00000| Complete 
|  48|0x0000000083000000, 0x0000000083100000, 0x0000000083100000|100%|HC|  |TAMS 0x0000000083100000, 0x0000000083000000| Complete 
|  49|0x0000000083100000, 0x0000000083200000, 0x0000000083200000|100%|HC|  |TAMS 0x0000000083200000, 0x0000000083100000| Complete 
|  50|0x0000000083200000, 0x0000000083300000, 0x0000000083300000|100%| O|  |TAMS 0x0000000083300000, 0x0000000083200000| Untracked 
|  51|0x0000000083300000, 0x0000000083400000, 0x0000000083400000|100%| O|  |TAMS 0x0000000083400000, 0x0000000083300000| Untracked 
|  52|0x0000000083400000, 0x0000000083500000, 0x0000000083500000|100%| O|  |TAMS 0x0000000083500000, 0x0000000083400000| Untracked 
|  53|0x0000000083500000, 0x0000000083600000, 0x0000000083600000|100%| O|  |TAMS 0x0000000083600000, 0x0000000083500000| Untracked 
|  54|0x0000000083600000, 0x0000000083700000, 0x0000000083700000|100%| O|  |TAMS 0x0000000083700000, 0x0000000083600000| Untracked 
|  55|0x0000000083700000, 0x0000000083800000, 0x0000000083800000|100%| O|  |TAMS 0x0000000083800000, 0x0000000083700000| Untracked 
|  56|0x0000000083800000, 0x0000000083900000, 0x0000000083900000|100%|HS|  |TAMS 0x0000000083900000, 0x0000000083800000| Complete 
|  57|0x0000000083900000, 0x0000000083a00000, 0x0000000083a00000|100%|HS|  |TAMS 0x0000000083a00000, 0x0000000083900000| Complete 
|  58|0x0000000083a00000, 0x0000000083b00000, 0x0000000083b00000|100%| O|  |TAMS 0x0000000083b00000, 0x0000000083a00000| Untracked 
|  59|0x0000000083b00000, 0x0000000083c00000, 0x0000000083c00000|100%| O|  |TAMS 0x0000000083c00000, 0x0000000083b00000| Untracked 
|  60|0x0000000083c00000, 0x0000000083d00000, 0x0000000083d00000|100%| O|  |TAMS 0x0000000083d00000, 0x0000000083c00000| Untracked 
|  61|0x0000000083d00000, 0x0000000083e00000, 0x0000000083e00000|100%|HS|  |TAMS 0x0000000083e00000, 0x0000000083d00000| Complete 
|  62|0x0000000083e00000, 0x0000000083f00000, 0x0000000083f00000|100%|HC|  |TAMS 0x0000000083f00000, 0x0000000083e00000| Complete 
|  63|0x0000000083f00000, 0x0000000084000000, 0x0000000084000000|100%| O|  |TAMS 0x0000000084000000, 0x0000000083f00000| Untracked 
|  64|0x0000000084000000, 0x0000000084100000, 0x0000000084100000|100%| O|  |TAMS 0x0000000084100000, 0x0000000084000000| Untracked 
|  65|0x0000000084100000, 0x0000000084200000, 0x0000000084200000|100%| O|  |TAMS 0x0000000084200000, 0x0000000084100000| Untracked 
|  66|0x0000000084200000, 0x0000000084300000, 0x0000000084300000|100%| O|  |TAMS 0x0000000084300000, 0x0000000084200000| Untracked 
|  67|0x0000000084300000, 0x0000000084400000, 0x0000000084400000|100%| O|  |TAMS 0x0000000084400000, 0x0000000084300000| Untracked 
|  68|0x0000000084400000, 0x0000000084500000, 0x0000000084500000|100%| O|  |TAMS 0x0000000084500000, 0x0000000084400000| Untracked 
|  69|0x0000000084500000, 0x0000000084600000, 0x0000000084600000|100%| O|  |TAMS 0x0000000084600000, 0x0000000084500000| Untracked 
|  70|0x0000000084600000, 0x0000000084700000, 0x0000000084700000|100%| O|  |TAMS 0x0000000084700000, 0x0000000084600000| Untracked 
|  71|0x0000000084700000, 0x0000000084800000, 0x0000000084800000|100%| O|  |TAMS 0x0000000084800000, 0x0000000084700000| Untracked 
|  72|0x0000000084800000, 0x0000000084900000, 0x0000000084900000|100%| O|  |TAMS 0x0000000084900000, 0x0000000084800000| Untracked 
|  73|0x0000000084900000, 0x0000000084a00000, 0x0000000084a00000|100%| O|  |TAMS 0x0000000084a00000, 0x0000000084900000| Untracked 
|  74|0x0000000084a00000, 0x0000000084b00000, 0x0000000084b00000|100%| O|  |TAMS 0x0000000084b00000, 0x0000000084a00000| Untracked 
|  75|0x0000000084b00000, 0x0000000084c00000, 0x0000000084c00000|100%| O|  |TAMS 0x0000000084c00000, 0x0000000084b00000| Untracked 
|  76|0x0000000084c00000, 0x0000000084d00000, 0x0000000084d00000|100%| O|  |TAMS 0x0000000084d00000, 0x0000000084c00000| Untracked 
|  77|0x0000000084d00000, 0x0000000084e00000, 0x0000000084e00000|100%| O|  |TAMS 0x0000000084e00000, 0x0000000084d00000| Untracked 
|  78|0x0000000084e00000, 0x0000000084f00000, 0x0000000084f00000|100%| O|  |TAMS 0x0000000084ebc400, 0x0000000084e00000| Untracked 
|  79|0x0000000084f00000, 0x0000000085000000, 0x0000000085000000|100%| O|  |TAMS 0x0000000084f00000, 0x0000000084f00000| Untracked 
|  80|0x0000000085000000, 0x00000000850d8800, 0x0000000085100000| 84%| O|  |TAMS 0x0000000085000000, 0x0000000085000000| Untracked 
|  81|0x0000000085100000, 0x0000000085100000, 0x0000000085200000|  0%| F|  |TAMS 0x0000000085100000, 0x0000000085100000| Untracked 
|  82|0x0000000085200000, 0x0000000085200000, 0x0000000085300000|  0%| F|  |TAMS 0x0000000085200000, 0x0000000085200000| Untracked 
|  83|0x0000000085300000, 0x0000000085300000, 0x0000000085400000|  0%| F|  |TAMS 0x0000000085300000, 0x0000000085300000| Untracked 
|  84|0x0000000085400000, 0x0000000085400000, 0x0000000085500000|  0%| F|  |TAMS 0x0000000085400000, 0x0000000085400000| Untracked 
|  85|0x0000000085500000, 0x0000000085500000, 0x0000000085600000|  0%| F|  |TAMS 0x0000000085500000, 0x0000000085500000| Untracked 
|  86|0x0000000085600000, 0x0000000085600000, 0x0000000085700000|  0%| F|  |TAMS 0x0000000085600000, 0x0000000085600000| Untracked 
|  87|0x0000000085700000, 0x0000000085700000, 0x0000000085800000|  0%| F|  |TAMS 0x0000000085700000, 0x0000000085700000| Untracked 
|  88|0x0000000085800000, 0x0000000085800000, 0x0000000085900000|  0%| F|  |TAMS 0x0000000085800000, 0x0000000085800000| Untracked 
|  89|0x0000000085900000, 0x0000000085900000, 0x0000000085a00000|  0%| F|  |TAMS 0x0000000085900000, 0x0000000085900000| Untracked 
|  90|0x0000000085a00000, 0x0000000085a00000, 0x0000000085b00000|  0%| F|  |TAMS 0x0000000085a00000, 0x0000000085a00000| Untracked 
|  91|0x0000000085b00000, 0x0000000085b00000, 0x0000000085c00000|  0%| F|  |TAMS 0x0000000085b00000, 0x0000000085b00000| Untracked 
|  92|0x0000000085c00000, 0x0000000085c00000, 0x0000000085d00000|  0%| F|  |TAMS 0x0000000085c00000, 0x0000000085c00000| Untracked 
|  93|0x0000000085d00000, 0x0000000085d00000, 0x0000000085e00000|  0%| F|  |TAMS 0x0000000085d00000, 0x0000000085d00000| Untracked 
|  94|0x0000000085e00000, 0x0000000085e00000, 0x0000000085f00000|  0%| F|  |TAMS 0x0000000085e00000, 0x0000000085e00000| Untracked 
|  95|0x0000000085f00000, 0x0000000085f00000, 0x0000000086000000|  0%| F|  |TAMS 0x0000000085f00000, 0x0000000085f00000| Untracked 
|  96|0x0000000086000000, 0x0000000086000000, 0x0000000086100000|  0%| F|  |TAMS 0x0000000086000000, 0x0000000086000000| Untracked 
|  97|0x0000000086100000, 0x0000000086100000, 0x0000000086200000|  0%| F|  |TAMS 0x0000000086100000, 0x0000000086100000| Untracked 
|  98|0x0000000086200000, 0x0000000086200000, 0x0000000086300000|  0%| F|  |TAMS 0x0000000086200000, 0x0000000086200000| Untracked 
|  99|0x0000000086300000, 0x0000000086300000, 0x0000000086400000|  0%| F|  |TAMS 0x0000000086300000, 0x0000000086300000| Untracked 
| 100|0x0000000086400000, 0x0000000086400000, 0x0000000086500000|  0%| F|  |TAMS 0x0000000086400000, 0x0000000086400000| Untracked 
| 101|0x0000000086500000, 0x0000000086500000, 0x0000000086600000|  0%| F|  |TAMS 0x0000000086500000, 0x0000000086500000| Untracked 
| 102|0x0000000086600000, 0x0000000086600000, 0x0000000086700000|  0%| F|  |TAMS 0x0000000086600000, 0x0000000086600000| Untracked 
| 103|0x0000000086700000, 0x0000000086700000, 0x0000000086800000|  0%| F|  |TAMS 0x0000000086700000, 0x0000000086700000| Untracked 
| 104|0x0000000086800000, 0x0000000086866980, 0x0000000086900000| 40%| S|CS|TAMS 0x0000000086800000, 0x0000000086800000| Complete 
| 105|0x0000000086900000, 0x0000000086900000, 0x0000000086a00000|  0%| F|  |TAMS 0x0000000086900000, 0x0000000086900000| Untracked 
| 106|0x0000000086a00000, 0x0000000086a00000, 0x0000000086b00000|  0%| F|  |TAMS 0x0000000086a00000, 0x0000000086a00000| Untracked 
| 107|0x0000000086b00000, 0x0000000086b00000, 0x0000000086c00000|  0%| F|  |TAMS 0x0000000086b00000, 0x0000000086b00000| Untracked 
| 108|0x0000000086c00000, 0x0000000086d00000, 0x0000000086d00000|100%| S|CS|TAMS 0x0000000086c00000, 0x0000000086c00000| Complete 
| 109|0x0000000086d00000, 0x0000000086e00000, 0x0000000086e00000|100%| S|CS|TAMS 0x0000000086d00000, 0x0000000086d00000| Complete 
| 110|0x0000000086e00000, 0x0000000086f00000, 0x0000000086f00000|100%| S|CS|TAMS 0x0000000086e00000, 0x0000000086e00000| Complete 
| 111|0x0000000086f00000, 0x0000000086f00000, 0x0000000087000000|  0%| F|  |TAMS 0x0000000086f00000, 0x0000000086f00000| Untracked 
| 112|0x0000000087000000, 0x0000000087000000, 0x0000000087100000|  0%| F|  |TAMS 0x0000000087000000, 0x0000000087000000| Untracked 
| 113|0x0000000087100000, 0x0000000087100000, 0x0000000087200000|  0%| F|  |TAMS 0x0000000087100000, 0x0000000087100000| Untracked 
| 114|0x0000000087200000, 0x0000000087200000, 0x0000000087300000|  0%| F|  |TAMS 0x0000000087200000, 0x0000000087200000| Untracked 
| 115|0x0000000087300000, 0x0000000087300000, 0x0000000087400000|  0%| F|  |TAMS 0x0000000087300000, 0x0000000087300000| Untracked 
| 116|0x0000000087400000, 0x0000000087400000, 0x0000000087500000|  0%| F|  |TAMS 0x0000000087400000, 0x0000000087400000| Untracked 
| 117|0x0000000087500000, 0x0000000087500000, 0x0000000087600000|  0%| F|  |TAMS 0x0000000087500000, 0x0000000087500000| Untracked 
| 118|0x0000000087600000, 0x0000000087600000, 0x0000000087700000|  0%| F|  |TAMS 0x0000000087600000, 0x0000000087600000| Untracked 
| 119|0x0000000087700000, 0x0000000087700000, 0x0000000087800000|  0%| F|  |TAMS 0x0000000087700000, 0x0000000087700000| Untracked 
| 120|0x0000000087800000, 0x0000000087800000, 0x0000000087900000|  0%| F|  |TAMS 0x0000000087800000, 0x0000000087800000| Untracked 
| 121|0x0000000087900000, 0x0000000087900000, 0x0000000087a00000|  0%| F|  |TAMS 0x0000000087900000, 0x0000000087900000| Untracked 
| 122|0x0000000087a00000, 0x0000000087a00000, 0x0000000087b00000|  0%| F|  |TAMS 0x0000000087a00000, 0x0000000087a00000| Untracked 
| 123|0x0000000087b00000, 0x0000000087b00000, 0x0000000087c00000|  0%| F|  |TAMS 0x0000000087b00000, 0x0000000087b00000| Untracked 
| 124|0x0000000087c00000, 0x0000000087c00000, 0x0000000087d00000|  0%| F|  |TAMS 0x0000000087c00000, 0x0000000087c00000| Untracked 
| 125|0x0000000087d00000, 0x0000000087d00000, 0x0000000087e00000|  0%| F|  |TAMS 0x0000000087d00000, 0x0000000087d00000| Untracked 
| 126|0x0000000087e00000, 0x0000000087e00000, 0x0000000087f00000|  0%| F|  |TAMS 0x0000000087e00000, 0x0000000087e00000| Untracked 
| 127|0x0000000087f00000, 0x0000000087f00000, 0x0000000088000000|  0%| F|  |TAMS 0x0000000087f00000, 0x0000000087f00000| Untracked 
| 128|0x0000000088000000, 0x0000000088000000, 0x0000000088100000|  0%| F|  |TAMS 0x0000000088000000, 0x0000000088000000| Untracked 
| 129|0x0000000088100000, 0x0000000088100000, 0x0000000088200000|  0%| F|  |TAMS 0x0000000088100000, 0x0000000088100000| Untracked 
| 130|0x0000000088200000, 0x0000000088200000, 0x0000000088300000|  0%| F|  |TAMS 0x0000000088200000, 0x0000000088200000| Untracked 
| 131|0x0000000088300000, 0x0000000088300000, 0x0000000088400000|  0%| F|  |TAMS 0x0000000088300000, 0x0000000088300000| Untracked 
| 132|0x0000000088400000, 0x0000000088400000, 0x0000000088500000|  0%| F|  |TAMS 0x0000000088400000, 0x0000000088400000| Untracked 
| 133|0x0000000088500000, 0x0000000088500000, 0x0000000088600000|  0%| F|  |TAMS 0x0000000088500000, 0x0000000088500000| Untracked 
| 134|0x0000000088600000, 0x0000000088600000, 0x0000000088700000|  0%| F|  |TAMS 0x0000000088600000, 0x0000000088600000| Untracked 
| 135|0x0000000088700000, 0x0000000088700000, 0x0000000088800000|  0%| F|  |TAMS 0x0000000088700000, 0x0000000088700000| Untracked 
| 136|0x0000000088800000, 0x0000000088800000, 0x0000000088900000|  0%| F|  |TAMS 0x0000000088800000, 0x0000000088800000| Untracked 
| 137|0x0000000088900000, 0x0000000088900000, 0x0000000088a00000|  0%| F|  |TAMS 0x0000000088900000, 0x0000000088900000| Untracked 
| 138|0x0000000088a00000, 0x0000000088a00000, 0x0000000088b00000|  0%| F|  |TAMS 0x0000000088a00000, 0x0000000088a00000| Untracked 
| 139|0x0000000088b00000, 0x0000000088b00000, 0x0000000088c00000|  0%| F|  |TAMS 0x0000000088b00000, 0x0000000088b00000| Untracked 
| 140|0x0000000088c00000, 0x0000000088c00000, 0x0000000088d00000|  0%| F|  |TAMS 0x0000000088c00000, 0x0000000088c00000| Untracked 
| 141|0x0000000088d00000, 0x0000000088d00000, 0x0000000088e00000|  0%| F|  |TAMS 0x0000000088d00000, 0x0000000088d00000| Untracked 

Card table byte_map: [0x00000193e44c0000,0x00000193e48c0000] _byte_map_base: 0x00000193e40c0000

Marking Bits (Prev, Next): (CMBitMap*) 0x00000193d0fe8550, (CMBitMap*) 0x00000193d0fe8518
 Prev Bits: [0x00000193e6cc0000, 0x00000193e8cc0000)
 Next Bits: [0x00000193e4cc0000, 0x00000193e6cc0000)

Polling page: 0x00000193cf650000

Metaspace:

Usage:
  Non-class:     63.58 MB capacity,    62.31 MB ( 98%) used,     1.09 MB (  2%) free+waste,   183.38 KB ( <1%) overhead. 
      Class:      9.96 MB capacity,     9.31 MB ( 94%) used,   575.08 KB (  6%) free+waste,    86.50 KB ( <1%) overhead. 
       Both:     73.54 MB capacity,    71.62 MB ( 97%) used,     1.66 MB (  2%) free+waste,   269.88 KB ( <1%) overhead. 

Virtual space:
  Non-class space:       64.00 MB reserved,      63.75 MB (>99%) committed 
      Class space:        1.00 GB reserved,      10.00 MB ( <1%) committed 
             Both:        1.06 GB reserved,      73.75 MB (  7%) committed 

Chunk freelists:
   Non-Class:  46.00 KB
       Class:  13.00 KB
        Both:  59.00 KB

MaxMetaspaceSize: 17179869184.00 GB
CompressedClassSpaceSize: 1.00 GB

CodeHeap 'non-profiled nmethods': size=120064Kb used=3677Kb max_used=3677Kb free=116386Kb
 bounds [0x00000193dc560000, 0x00000193dc900000, 0x00000193e3aa0000]
CodeHeap 'profiled nmethods': size=120000Kb used=15513Kb max_used=15513Kb free=104487Kb
 bounds [0x00000193d5030000, 0x00000193d5f60000, 0x00000193dc560000]
CodeHeap 'non-nmethods': size=5696Kb used=2268Kb max_used=2310Kb free=3427Kb
 bounds [0x00000193d4aa0000, 0x00000193d4d10000, 0x00000193d5030000]
 total_blobs=7796 nmethods=6931 adapters=776
 compilation: enabled
              stopped_count=0, restarted_count=0
 full_count=0

Compilation events (20 events):
Event: 40.781 Thread 0x00000193ebc70800 7057       3       org.gradle.api.internal.artifacts.repositories.resolver.AbstractResourcePattern::isOptionalToken (153 bytes)
Event: 40.784 Thread 0x00000193ebc70800 nmethod 7057 0x00000193d5f51090 code [0x00000193d5f513a0, 0x00000193d5f52588]
Event: 40.788 Thread 0x00000193ebc70800 7058       3       java.util.AbstractList$RandomAccessSpliterator::estimateSize (11 bytes)
Event: 40.788 Thread 0x00000193ebc70800 nmethod 7058 0x00000193d5f52d10 code [0x00000193d5f52ec0, 0x00000193d5f53008]
Event: 40.788 Thread 0x00000193ebc70800 7060       2       org.gradle.util.internal.SimpleMapInterner::intern (9 bytes)
Event: 40.788 Thread 0x00000193ebc70800 nmethod 7060 0x00000193d5f53090 code [0x00000193d5f53240, 0x00000193d5f53388]
Event: 40.788 Thread 0x00000193ebc70800 7059       3       java.util.AbstractList$RandomAccessSpliterator::checkAbstractListModCount (21 bytes)
Event: 40.789 Thread 0x00000193ebc70800 nmethod 7059 0x00000193d5f53490 code [0x00000193d5f53660, 0x00000193d5f53888]
Event: 40.789 Thread 0x00000193ebc70800 7062       3       org.gradle.internal.component.external.model.DefaultModuleComponentSelector::getModule (10 bytes)
Event: 40.789 Thread 0x00000193ebc70800 nmethod 7062 0x00000193d5f53990 code [0x00000193d5f53b40, 0x00000193d5f53d08]
Event: 40.789 Thread 0x00000193ebc70800 7064   !   2       org.gradle.internal.serialize.kryo.KryoBackedDecoder::readNullableString (15 bytes)
Event: 40.789 Thread 0x00000193ebc70800 nmethod 7064 0x00000193d5f53e10 code [0x00000193d5f54000, 0x00000193d5f542a8]
Event: 40.789 Thread 0x00000193ebc70800 7066   !   3       org.gradle.internal.serialize.kryo.KryoBackedDecoder::readBoolean (15 bytes)
Event: 40.790 Thread 0x00000193ebc70800 nmethod 7066 0x00000193d5f54490 code [0x00000193d5f546c0, 0x00000193d5f54d48]
Event: 40.790 Thread 0x00000193ebc70800 7063       3       java.util.AbstractList$RandomAccessSpliterator::forEachRemaining (62 bytes)
Event: 40.791 Thread 0x00000193ebc70800 nmethod 7063 0x00000193d5f55010 code [0x00000193d5f55260, 0x00000193d5f55a58]
Event: 40.791 Thread 0x00000193ebc70800 7065       3       org.gradle.internal.component.external.model.AbstractMutableModuleComponentResolveMetadata$MutableVariantImpl::addDependency (33 bytes)
Event: 40.791 Thread 0x00000193ebc70800 nmethod 7065 0x00000193d5f55e10 code [0x00000193d5f55fe0, 0x00000193d5f56298]
Event: 40.791 Thread 0x00000193ebc70800 7067       1       org.gradle.internal.resolve.result.DefaultBuildableComponentResolveResult::resolved (6 bytes)
Event: 40.791 Thread 0x00000193ebc70800 nmethod 7067 0x00000193dc8f7210 code [0x00000193dc8f73c0, 0x00000193dc8f74b8]

GC Heap History (20 events):
Event: 29.109 GC heap after
{Heap after GC invocations=50 (full 0):
 garbage-first heap   total 120832K, used 69874K [0x0000000080000000, 0x0000000100000000)
  region size 1024K, 2 young (2048K), 2 survivors (2048K)
 Metaspace       used 52256K, capacity 53821K, committed 54016K, reserved 1095680K
  class space    used 6660K, capacity 7133K, committed 7168K, reserved 1048576K
}
Event: 30.365 GC heap before
{Heap before GC invocations=50 (full 0):
 garbage-first heap   total 120832K, used 92402K [0x0000000080000000, 0x0000000100000000)
  region size 1024K, 24 young (24576K), 2 survivors (2048K)
 Metaspace       used 55462K, capacity 56996K, committed 57344K, reserved 1099776K
  class space    used 7065K, capacity 7573K, committed 7680K, reserved 1048576K
}
Event: 30.374 GC heap after
{Heap after GC invocations=51 (full 0):
 garbage-first heap   total 120832K, used 70681K [0x0000000080000000, 0x0000000100000000)
  region size 1024K, 3 young (3072K), 3 survivors (3072K)
 Metaspace       used 55462K, capacity 56996K, committed 57344K, reserved 1099776K
  class space    used 7065K, capacity 7573K, committed 7680K, reserved 1048576K
}
Event: 31.889 GC heap before
{Heap before GC invocations=52 (full 0):
 garbage-first heap   total 120832K, used 94233K [0x0000000080000000, 0x0000000100000000)
  region size 1024K, 26 young (26624K), 3 survivors (3072K)
 Metaspace       used 59241K, capacity 60997K, committed 61184K, reserved 1101824K
  class space    used 7539K, capacity 8115K, committed 8192K, reserved 1048576K
}
Event: 31.898 GC heap after
{Heap after GC invocations=53 (full 0):
 garbage-first heap   total 120832K, used 71661K [0x0000000080000000, 0x0000000100000000)
  region size 1024K, 2 young (2048K), 2 survivors (2048K)
 Metaspace       used 59241K, capacity 60997K, committed 61184K, reserved 1101824K
  class space    used 7539K, capacity 8115K, committed 8192K, reserved 1048576K
}
Event: 32.908 GC heap before
{Heap before GC invocations=53 (full 0):
 garbage-first heap   total 120832K, used 94189K [0x0000000080000000, 0x0000000100000000)
  region size 1024K, 25 young (25600K), 2 survivors (2048K)
 Metaspace       used 61569K, capacity 63289K, committed 63488K, reserved 1103872K
  class space    used 7806K, capacity 8387K, committed 8448K, reserved 1048576K
}
Event: 32.922 GC heap after
{Heap after GC invocations=54 (full 0):
 garbage-first heap   total 120832K, used 74277K [0x0000000080000000, 0x0000000100000000)
  region size 1024K, 4 young (4096K), 4 survivors (4096K)
 Metaspace       used 61569K, capacity 63289K, committed 63488K, reserved 1103872K
  class space    used 7806K, capacity 8387K, committed 8448K, reserved 1048576K
}
Event: 34.243 GC heap before
{Heap before GC invocations=55 (full 0):
 garbage-first heap   total 120832K, used 96805K [0x0000000080000000, 0x0000000100000000)
  region size 1024K, 26 young (26624K), 4 survivors (4096K)
 Metaspace       used 63793K, capacity 65558K, committed 65792K, reserved 1105920K
  class space    used 8098K, capacity 8690K, committed 8704K, reserved 1048576K
}
Event: 34.264 GC heap after
{Heap after GC invocations=56 (full 0):
 garbage-first heap   total 145408K, used 76032K [0x0000000080000000, 0x0000000100000000)
  region size 1024K, 2 young (2048K), 2 survivors (2048K)
 Metaspace       used 63793K, capacity 65558K, committed 65792K, reserved 1105920K
  class space    used 8098K, capacity 8690K, committed 8704K, reserved 1048576K
}
Event: 34.417 GC heap before
{Heap before GC invocations=56 (full 0):
 garbage-first heap   total 145408K, used 78080K [0x0000000080000000, 0x0000000100000000)
  region size 1024K, 5 young (5120K), 2 survivors (2048K)
 Metaspace       used 64045K, capacity 65788K, committed 65920K, reserved 1105920K
  class space    used 8125K, capacity 8724K, committed 8832K, reserved 1048576K
}
Event: 34.423 GC heap after
{Heap after GC invocations=57 (full 0):
 garbage-first heap   total 145408K, used 76264K [0x0000000080000000, 0x0000000100000000)
  region size 1024K, 2 young (2048K), 2 survivors (2048K)
 Metaspace       used 64045K, capacity 65788K, committed 65920K, reserved 1105920K
  class space    used 8125K, capacity 8724K, committed 8832K, reserved 1048576K
}
Event: 35.440 GC heap before
{Heap before GC invocations=58 (full 0):
 garbage-first heap   total 145408K, used 105960K [0x0000000080000000, 0x0000000100000000)
  region size 1024K, 30 young (30720K), 2 survivors (2048K)
 Metaspace       used 65032K, capacity 66930K, committed 67072K, reserved 1107968K
  class space    used 8277K, capacity 8906K, committed 8960K, reserved 1048576K
}
Event: 35.449 GC heap after
{Heap after GC invocations=59 (full 0):
 garbage-first heap   total 145408K, used 78446K [0x0000000080000000, 0x0000000100000000)
  region size 1024K, 4 young (4096K), 4 survivors (4096K)
 Metaspace       used 65032K, capacity 66930K, committed 67072K, reserved 1107968K
  class space    used 8277K, capacity 8906K, committed 8960K, reserved 1048576K
}
Event: 36.824 GC heap before
{Heap before GC invocations=59 (full 0):
 garbage-first heap   total 145408K, used 108142K [0x0000000080000000, 0x0000000100000000)
  region size 1024K, 33 young (33792K), 4 survivors (4096K)
 Metaspace       used 67609K, capacity 69458K, committed 69504K, reserved 1110016K
  class space    used 8675K, capacity 9301K, committed 9344K, reserved 1048576K
}
Event: 36.859 GC heap after
{Heap after GC invocations=60 (full 0):
 garbage-first heap   total 145408K, used 80614K [0x0000000080000000, 0x0000000100000000)
  region size 1024K, 5 young (5120K), 5 survivors (5120K)
 Metaspace       used 67609K, capacity 69458K, committed 69504K, reserved 1110016K
  class space    used 8675K, capacity 9301K, committed 9344K, reserved 1048576K
}
Event: 38.418 GC heap before
{Heap before GC invocations=61 (full 0):
 garbage-first heap   total 145408K, used 110310K [0x0000000080000000, 0x0000000100000000)
  region size 1024K, 34 young (34816K), 5 survivors (5120K)
 Metaspace       used 70312K, capacity 72131K, committed 72320K, reserved 1112064K
  class space    used 9089K, capacity 9738K, committed 9856K, reserved 1048576K
}
Event: 38.443 GC heap after
{Heap after GC invocations=62 (full 0):
 garbage-first heap   total 145408K, used 82747K [0x0000000080000000, 0x0000000100000000)
  region size 1024K, 5 young (5120K), 5 survivors (5120K)
 Metaspace       used 70312K, capacity 72131K, committed 72320K, reserved 1112064K
  class space    used 9089K, capacity 9738K, committed 9856K, reserved 1048576K
}
Event: 39.045 GC heap before
{Heap before GC invocations=62 (full 0):
 garbage-first heap   total 145408K, used 112443K [0x0000000080000000, 0x0000000100000000)
  region size 1024K, 34 young (34816K), 5 survivors (5120K)
 Metaspace       used 70859K, capacity 72675K, committed 72832K, reserved 1112064K
  class space    used 9186K, capacity 9792K, committed 9856K, reserved 1048576K
}
Event: 39.066 GC heap after
{Heap after GC invocations=63 (full 0):
 garbage-first heap   total 145408K, used 84687K [0x0000000080000000, 0x0000000100000000)
  region size 1024K, 4 young (4096K), 4 survivors (4096K)
 Metaspace       used 70859K, capacity 72675K, committed 72832K, reserved 1112064K
  class space    used 9186K, capacity 9792K, committed 9856K, reserved 1048576K
}
Event: 40.824 GC heap before
{Heap before GC invocations=64 (full 0):
 garbage-first heap   total 145408K, used 115407K [0x0000000080000000, 0x0000000100000000)
  region size 1024K, 34 young (34816K), 4 survivors (4096K)
 Metaspace       used 73335K, capacity 75301K, committed 75520K, reserved 1114112K
  class space    used 9533K, capacity 10195K, committed 10240K, reserved 1048576K
}

Deoptimization events (20 events):
Event: 40.157 Thread 0x00000193ecc7d000 Uncommon trap: trap_request=0xffffffde fr.pc=0x00000193dc66de54 relative=0x0000000000000514
Event: 40.157 Thread 0x00000193ecc7d000 Uncommon trap: reason=class_check action=maybe_recompile pc=0x00000193dc66de54 method=java.lang.Throwable.<init>(Ljava/lang/String;Ljava/lang/Throwable;)V @ 24 c2
Event: 40.157 Thread 0x00000193ecc7d000 DEOPT PACKING pc=0x00000193dc66de54 sp=0x0000006b2ecfa570
Event: 40.157 Thread 0x00000193ecc7d000 DEOPT UNPACKING pc=0x00000193d4ac78af sp=0x0000006b2ecfa550 mode 2
Event: 40.177 Thread 0x00000193ecc7d000 Uncommon trap: trap_request=0xffffff4d fr.pc=0x00000193dc67d9f8 relative=0x0000000000000058
Event: 40.177 Thread 0x00000193ecc7d000 Uncommon trap: reason=unstable_if action=reinterpret pc=0x00000193dc67d9f8 method=java.util.Objects.equals(Ljava/lang/Object;Ljava/lang/Object;)Z @ 6 c2
Event: 40.177 Thread 0x00000193ecc7d000 DEOPT PACKING pc=0x00000193dc67d9f8 sp=0x0000006b2ecf9ab0
Event: 40.177 Thread 0x00000193ecc7d000 DEOPT UNPACKING pc=0x00000193d4ac78af sp=0x0000006b2ecf9a50 mode 2
Event: 40.302 Thread 0x00000193ecc7d000 Uncommon trap: trap_request=0xffffff4d fr.pc=0x00000193dc76fdf4 relative=0x00000000000001b4
Event: 40.302 Thread 0x00000193ecc7d000 Uncommon trap: reason=unstable_if action=reinterpret pc=0x00000193dc76fdf4 method=com.esotericsoftware.kryo.io.Input.require(I)I @ 65 c2
Event: 40.302 Thread 0x00000193ecc7d000 DEOPT PACKING pc=0x00000193dc76fdf4 sp=0x0000006b2ecf94d0
Event: 40.302 Thread 0x00000193ecc7d000 DEOPT UNPACKING pc=0x00000193d4ac78af sp=0x0000006b2ecf9480 mode 2
Event: 40.618 Thread 0x00000193ecc7d000 Uncommon trap: trap_request=0xffffffde fr.pc=0x00000193dc66de54 relative=0x0000000000000514
Event: 40.618 Thread 0x00000193ecc7d000 Uncommon trap: reason=class_check action=maybe_recompile pc=0x00000193dc66de54 method=java.lang.Throwable.<init>(Ljava/lang/String;Ljava/lang/Throwable;)V @ 24 c2
Event: 40.618 Thread 0x00000193ecc7d000 DEOPT PACKING pc=0x00000193dc66de54 sp=0x0000006b2ecfb2d0
Event: 40.618 Thread 0x00000193ecc7d000 DEOPT UNPACKING pc=0x00000193d4ac78af sp=0x0000006b2ecfb2b0 mode 2
Event: 40.768 Thread 0x00000193ecc7d000 Uncommon trap: trap_request=0xffffffbe fr.pc=0x00000193dc8a4eb0 relative=0x0000000000000c90
Event: 40.768 Thread 0x00000193ecc7d000 Uncommon trap: reason=profile_predicate action=maybe_recompile pc=0x00000193dc8a4eb0 method=java.util.TreeMap.getEntryUsingComparator(Ljava/lang/Object;)Ljava/util/TreeMap$Entry; @ 19 c2
Event: 40.768 Thread 0x00000193ecc7d000 DEOPT PACKING pc=0x00000193dc8a4eb0 sp=0x0000006b2ecfa4a0
Event: 40.768 Thread 0x00000193ecc7d000 DEOPT UNPACKING pc=0x00000193d4ac78af sp=0x0000006b2ecfa3c0 mode 2

Classes redefined (0 events):
No events

Internal exceptions (20 events):
Event: 38.922 Thread 0x00000193ecc7d000 Exception <a 'java/lang/ClassNotFoundException'{0x000000008744a6c8}: org/gradle/api/internal/artifacts/configurations/DefaultConfiguration$ConfigurationResolvableDependenciesCustomizer> (0x000000008744a6c8) thrown at [./src/hotspot/share/classfile/systemDictionary.cpp, line 231]
Event: 38.925 Thread 0x00000193ecc7d000 Exception <a 'java/lang/ClassNotFoundException'{0x000000008748f458}: org/gradle/api/internal/artifacts/configurations/DefaultConfiguration$ConfigurationResolvableDependencies_DecoratedCustomizer> (0x000000008748f458) thrown at [./src/hotspot/share/classfile/systemDictionary.cpp, line 231]
Event: 39.224 Thread 0x00000193ecc7d000 Exception <a 'java/lang/ClassNotFoundException'{0x0000000088a6d2b8}: org/jetbrains/plugins/gradle/model/web/WebConfigurationBeanInfo> (0x0000000088a6d2b8) thrown at [./src/hotspot/share/classfile/systemDictionary.cpp, line 231]
Event: 39.224 Thread 0x00000193ecc7d000 Exception <a 'java/lang/ClassNotFoundException'{0x0000000088a7eb08}: org/jetbrains/plugins/gradle/model/web/WebConfigurationCustomizer> (0x0000000088a7eb08) thrown at [./src/hotspot/share/classfile/systemDictionary.cpp, line 231]
Event: 39.228 Thread 0x00000193ecc7d000 Exception <a 'java/lang/ClassNotFoundException'{0x0000000088ab5a28}: org/jetbrains/plugins/gradle/model/scala/ScalaModelBeanInfo> (0x0000000088ab5a28) thrown at [./src/hotspot/share/classfile/systemDictionary.cpp, line 231]
Event: 39.229 Thread 0x00000193ecc7d000 Exception <a 'java/lang/ClassNotFoundException'{0x0000000088ac70d0}: org/jetbrains/plugins/gradle/model/scala/ScalaModelCustomizer> (0x0000000088ac70d0) thrown at [./src/hotspot/share/classfile/systemDictionary.cpp, line 231]
Event: 39.709 Thread 0x00000193ecc7d000 Exception <a 'java/lang/NoSuchMethodError'{0x00000000880f50f8}: 'java.lang.Object java.lang.invoke.Invokers$Holder.linkToTargetMethod(java.lang.Object, java.lang.Object, java.lang.Object, java.lang.Object, java.lang.Object, java.lang.Object, java.lang.Object)'> (0x00000000880f50f8) thrown at [./src/hotspot/share/interpreter/linkResolver.cpp, line 773]
Event: 40.227 Thread 0x00000193eda22800 Exception <a 'java/lang/NoSuchMethodError'{0x0000000087889a38}: <clinit>> (0x0000000087889a38) thrown at [./src/hotspot/share/prims/jni.cpp, line 1362]
Event: 40.242 Thread 0x00000193eda22800 Exception <a 'java/lang/NoSuchMethodError'{0x00000000877117c0}: <clinit>> (0x00000000877117c0) thrown at [./src/hotspot/share/prims/jni.cpp, line 1362]
Event: 40.243 Thread 0x00000193eda22800 Exception <a 'java/lang/NoSuchMethodError'{0x000000008771e3c8}: <clinit>> (0x000000008771e3c8) thrown at [./src/hotspot/share/prims/jni.cpp, line 1362]
Event: 40.250 Thread 0x00000193eda22800 Exception <a 'java/lang/NoSuchMethodError'{0x000000008772a288}: <clinit>> (0x000000008772a288) thrown at [./src/hotspot/share/prims/jni.cpp, line 1362]
Event: 40.613 Thread 0x00000193ecc7d000 Exception <a 'java/lang/NoSuchMethodError'{0x00000000874b66a0}: <clinit>> (0x00000000874b66a0) thrown at [./src/hotspot/share/prims/jni.cpp, line 1362]
Event: 40.630 Thread 0x00000193ecc7d000 Exception <a 'java/lang/ClassNotFoundException'{0x0000000087304f60}: org/jetbrains/plugins/gradle/tooling/util/SourceSetCachedFinder$1BeanInfo> (0x0000000087304f60) thrown at [./src/hotspot/share/classfile/systemDictionary.cpp, line 231]
Event: 40.631 Thread 0x00000193ecc7d000 Exception <a 'java/lang/ClassNotFoundException'{0x0000000087317430}: org/jetbrains/plugins/gradle/tooling/util/SourceSetCachedFinder$1Customizer> (0x0000000087317430) thrown at [./src/hotspot/share/classfile/systemDictionary.cpp, line 231]
Event: 40.640 Thread 0x00000193ecc7d000 Exception <a 'java/lang/ClassNotFoundException'{0x0000000087353f00}: org/jetbrains/plugins/gradle/tooling/util/SourceSetCachedFinder$2BeanInfo> (0x0000000087353f00) thrown at [./src/hotspot/share/classfile/systemDictionary.cpp, line 231]
Event: 40.644 Thread 0x00000193ecc7d000 Exception <a 'java/lang/ClassNotFoundException'{0x00000000873663d0}: org/jetbrains/plugins/gradle/tooling/util/SourceSetCachedFinder$2Customizer> (0x00000000873663d0) thrown at [./src/hotspot/share/classfile/systemDictionary.cpp, line 231]
Event: 40.649 Thread 0x00000193ecc7d000 Exception <a 'java/lang/ClassNotFoundException'{0x000000008739bfb8}: org/jetbrains/plugins/gradle/tooling/util/SourceSetCachedFinderBeanInfo> (0x000000008739bfb8) thrown at [./src/hotspot/share/classfile/systemDictionary.cpp, line 231]
Event: 40.650 Thread 0x00000193ecc7d000 Exception <a 'java/lang/ClassNotFoundException'{0x00000000873ad110}: org/jetbrains/plugins/gradle/tooling/util/SourceSetCachedFinderCustomizer> (0x00000000873ad110) thrown at [./src/hotspot/share/classfile/systemDictionary.cpp, line 231]
Event: 40.671 Thread 0x00000193ecc7d000 Exception <a 'java/lang/ClassNotFoundException'{0x000000008725bfe8}: org/jetbrains/plugins/gradle/tooling/util/SourceSetCachedFinder$ArtifactsMapBeanInfo> (0x000000008725bfe8) thrown at [./src/hotspot/share/classfile/systemDictionary.cpp, line 231]
Event: 40.672 Thread 0x00000193ecc7d000 Exception <a 'java/lang/ClassNotFoundException'{0x000000008726f8c0}: org/jetbrains/plugins/gradle/tooling/util/SourceSetCachedFinder$ArtifactsMapCustomizer> (0x000000008726f8c0) thrown at [./src/hotspot/share/classfile/systemDictionary.cpp, line 231]

Events (20 events):
Event: 40.797 loading class org/gradle/internal/component/model/ComponentResolveMetadata done
Event: 40.797 loading class org/gradle/internal/component/model/ComponentResolveMetadata
Event: 40.797 loading class org/gradle/internal/component/model/ComponentResolveMetadata done
Event: 40.798 loading class org/gradle/internal/component/model/ComponentResolveMetadata
Event: 40.798 loading class org/gradle/internal/component/model/ComponentResolveMetadata done
Event: 40.798 loading class org/gradle/internal/component/model/ComponentResolveMetadata
Event: 40.798 loading class org/gradle/internal/component/model/ComponentResolveMetadata done
Event: 40.799 loading class org/gradle/api/internal/artifacts/ivyservice/modulecache/artifacts/ArtifactsAtRepositoryKey
Event: 40.799 loading class org/gradle/api/internal/artifacts/ivyservice/modulecache/artifacts/ArtifactsAtRepositoryKey done
Event: 40.800 loading class org/gradle/api/internal/artifacts/ivyservice/modulecache/artifacts/DefaultModuleArtifactsCache$ModuleArtifactsKeySerializer
Event: 40.800 loading class org/gradle/api/internal/artifacts/ivyservice/modulecache/artifacts/DefaultModuleArtifactsCache$ModuleArtifactsKeySerializer done
Event: 40.804 loading class org/gradle/api/internal/artifacts/ivyservice/modulecache/artifacts/DefaultModuleArtifactsCache$ModuleArtifactsCacheEntrySerializer
Event: 40.804 loading class org/gradle/api/internal/artifacts/ivyservice/modulecache/artifacts/DefaultModuleArtifactsCache$ModuleArtifactsCacheEntrySerializer done
Event: 40.806 loading class org/gradle/api/internal/artifacts/metadata/ComponentArtifactMetadataSerializer
Event: 40.806 loading class org/gradle/api/internal/artifacts/metadata/ComponentArtifactMetadataSerializer done
Event: 40.815 loading class org/gradle/api/internal/artifacts/ivyservice/modulecache/artifacts/AbstractArtifactsCache$ModuleArtifactsCacheEntry
Event: 40.815 loading class org/gradle/api/internal/artifacts/ivyservice/modulecache/artifacts/AbstractArtifactsCache$ModuleArtifactsCacheEntry done
Event: 40.817 loading class org/gradle/api/internal/artifacts/ivyservice/modulecache/artifacts/DefaultCachedArtifacts
Event: 40.817 loading class org/gradle/api/internal/artifacts/ivyservice/modulecache/artifacts/DefaultCachedArtifacts done
Event: 40.823 Executing VM operation: G1CollectForAllocation


Dynamic libraries:
0x00007ff63baf0000 - 0x00007ff63bafa000 	C:\Program Files\Android\Android Studio\jre\bin\java.exe
0x00007ffea7770000 - 0x00007ffea7965000 	C:\WINDOWS\SYSTEM32\ntdll.dll
0x00007ffea5950000 - 0x00007ffea5a0e000 	C:\WINDOWS\System32\KERNEL32.DLL
0x00007ffea5380000 - 0x00007ffea5649000 	C:\WINDOWS\System32\KERNELBASE.dll
0x00007ffea4f70000 - 0x00007ffea5070000 	C:\WINDOWS\System32\ucrtbase.dll
0x00007ffea4340000 - 0x00007ffea4357000 	C:\Program Files\Android\Android Studio\jre\bin\VCRUNTIME140.dll
0x00007ffe9d3a0000 - 0x00007ffe9d3b9000 	C:\Program Files\Android\Android Studio\jre\bin\jli.dll
0x00007ffea6500000 - 0x00007ffea66a1000 	C:\WINDOWS\System32\USER32.dll
0x00007ffea51d0000 - 0x00007ffea51f2000 	C:\WINDOWS\System32\win32u.dll
0x00007ffea5a10000 - 0x00007ffea5a3b000 	C:\WINDOWS\System32\GDI32.dll
0x00007ffea56b0000 - 0x00007ffea57bb000 	C:\WINDOWS\System32\gdi32full.dll
0x00007ffea5250000 - 0x00007ffea52ed000 	C:\WINDOWS\System32\msvcp_win.dll
0x00007ffe97ad0000 - 0x00007ffe97d6a000 	C:\WINDOWS\WinSxS\amd64_microsoft.windows.common-controls_6595b64144ccf1df_6.0.19041.1110_none_60b5254171f9507e\COMCTL32.dll
0x00007ffea6ec0000 - 0x00007ffea6f5e000 	C:\WINDOWS\System32\msvcrt.dll
0x00007ffea6960000 - 0x00007ffea6990000 	C:\WINDOWS\System32\IMM32.DLL
0x00007ffe973b0000 - 0x00007ffe9744d000 	C:\Program Files\Android\Android Studio\jre\bin\msvcp140.dll
0x00007ffe69e80000 - 0x00007ffe6a94f000 	C:\Program Files\Android\Android Studio\jre\bin\server\jvm.dll
0x00007ffea6e10000 - 0x00007ffea6ebc000 	C:\WINDOWS\System32\ADVAPI32.dll
0x00007ffea72d0000 - 0x00007ffea736b000 	C:\WINDOWS\System32\sechost.dll
0x00007ffea73d0000 - 0x00007ffea74fa000 	C:\WINDOWS\System32\RPCRT4.dll
0x00007ffea6950000 - 0x00007ffea6958000 	C:\WINDOWS\System32\PSAPI.DLL
0x00007ffea4840000 - 0x00007ffea4849000 	C:\WINDOWS\SYSTEM32\WSOCK32.dll
0x00007ffea6310000 - 0x00007ffea637b000 	C:\WINDOWS\System32\WS2_32.dll
0x00007ffea4500000 - 0x00007ffea4527000 	C:\WINDOWS\SYSTEM32\WINMM.dll
0x00007ffea1c20000 - 0x00007ffea1c2a000 	C:\WINDOWS\SYSTEM32\VERSION.dll
0x00007ffea1fb0000 - 0x00007ffea1fc2000 	C:\WINDOWS\SYSTEM32\kernel.appcore.dll
0x00007ffea4470000 - 0x00007ffea4481000 	C:\Program Files\Android\Android Studio\jre\bin\verify.dll
0x00007ffea48b0000 - 0x00007ffea4a94000 	C:\WINDOWS\SYSTEM32\DBGHELP.DLL
0x00007ffea4800000 - 0x00007ffea482c000 	C:\WINDOWS\SYSTEM32\dbgcore.DLL
0x00007ffea52f0000 - 0x00007ffea5373000 	C:\WINDOWS\System32\bcryptPrimitives.dll
0x00007ffea30c0000 - 0x00007ffea30e9000 	C:\Program Files\Android\Android Studio\jre\bin\java.dll
0x00007ffea4460000 - 0x00007ffea446b000 	C:\Program Files\Android\Android Studio\jre\bin\jimage.dll
0x00007ffea0000000 - 0x00007ffea0018000 	C:\Program Files\Android\Android Studio\jre\bin\zip.dll
0x00007ffea5af0000 - 0x00007ffea622f000 	C:\WINDOWS\System32\SHELL32.dll
0x00007ffea21b0000 - 0x00007ffea2940000 	C:\WINDOWS\SYSTEM32\windows.storage.dll
0x00007ffea6f60000 - 0x00007ffea72b5000 	C:\WINDOWS\System32\combase.dll
0x00007ffea41f0000 - 0x00007ffea421c000 	C:\WINDOWS\SYSTEM32\Wldp.dll
0x00007ffea5a40000 - 0x00007ffea5aed000 	C:\WINDOWS\System32\SHCORE.dll
0x00007ffea7370000 - 0x00007ffea73c5000 	C:\WINDOWS\System32\shlwapi.dll
0x00007ffea4dd0000 - 0x00007ffea4def000 	C:\WINDOWS\SYSTEM32\profapi.dll
0x00007ffe9de10000 - 0x00007ffe9de2a000 	C:\Program Files\Android\Android Studio\jre\bin\net.dll
0x00007ffe99ce0000 - 0x00007ffe99de8000 	C:\WINDOWS\SYSTEM32\WINHTTP.dll
0x00007ffea40c0000 - 0x00007ffea412a000 	C:\WINDOWS\system32\mswsock.dll
0x00007ffe9d1b0000 - 0x00007ffe9d1c4000 	C:\Program Files\Android\Android Studio\jre\bin\nio.dll
0x00007ffe8baa0000 - 0x00007ffe8bac7000 	C:\Users\MinhNgan\.gradle\native\8bec1ad78214c89d9ad589b4d07fe93259594b29d510b10fafb7a158f7737e5d\windows-amd64\native-platform.dll
0x00007ffe80360000 - 0x00007ffe8049d000 	C:\Users\MinhNgan\.gradle\native\53dbd7edfb1c66fb8903c78663c9afc45aea4f116125fa6feffd364cf09443e8\windows-amd64\native-platform-file-events.dll
0x00007ffea4370000 - 0x00007ffea437a000 	C:\Program Files\Android\Android Studio\jre\bin\management.dll
0x00007ffea30a0000 - 0x00007ffea30ac000 	C:\Program Files\Android\Android Studio\jre\bin\management_ext.dll
0x00007ffea4c10000 - 0x00007ffea4c28000 	C:\WINDOWS\SYSTEM32\CRYPTSP.dll
0x00007ffea38f0000 - 0x00007ffea3924000 	C:\WINDOWS\system32\rsaenh.dll
0x00007ffea4e90000 - 0x00007ffea4eb7000 	C:\WINDOWS\System32\bcrypt.dll
0x00007ffea4d90000 - 0x00007ffea4dbe000 	C:\WINDOWS\SYSTEM32\USERENV.dll
0x00007ffea41b0000 - 0x00007ffea41bc000 	C:\WINDOWS\SYSTEM32\CRYPTBASE.dll
0x00007ffea3c40000 - 0x00007ffea3c7b000 	C:\WINDOWS\SYSTEM32\IPHLPAPI.DLL
0x00007ffea72c0000 - 0x00007ffea72c8000 	C:\WINDOWS\System32\NSI.dll
0x00007ffe9a140000 - 0x00007ffe9a157000 	C:\WINDOWS\SYSTEM32\dhcpcsvc6.DLL
0x00007ffe9a460000 - 0x00007ffe9a47d000 	C:\WINDOWS\SYSTEM32\dhcpcsvc.DLL
0x00007ffea3c80000 - 0x00007ffea3d4c000 	C:\WINDOWS\SYSTEM32\DNSAPI.dll

dbghelp: loaded successfully - version: 4.0.5 - missing functions: none
symbol engine: initialized successfully - sym options: 0x614 - pdb path: .;C:\Program Files\Android\Android Studio\jre\bin;C:\WINDOWS\SYSTEM32;C:\WINDOWS\WinSxS\amd64_microsoft.windows.common-controls_6595b64144ccf1df_6.0.19041.1110_none_60b5254171f9507e;C:\Program Files\Android\Android Studio\jre\bin\server;C:\Users\MinhNgan\.gradle\native\8bec1ad78214c89d9ad589b4d07fe93259594b29d510b10fafb7a158f7737e5d\windows-amd64;C:\Users\MinhNgan\.gradle\native\53dbd7edfb1c66fb8903c78663c9afc45aea4f116125fa6feffd364cf09443e8\windows-amd64

VM Arguments:
jvm_args: --add-opens=java.base/java.util=ALL-UNNAMED --add-opens=java.base/java.lang=ALL-UNNAMED --add-opens=java.base/java.lang.invoke=ALL-UNNAMED --add-opens=java.base/java.util=ALL-UNNAMED --add-opens=java.prefs/java.util.prefs=ALL-UNNAMED --add-opens=java.prefs/java.util.prefs=ALL-UNNAMED --add-opens=java.base/java.nio.charset=ALL-UNNAMED --add-opens=java.base/java.net=ALL-UNNAMED --add-opens=java.base/java.util.concurrent.atomic=ALL-UNNAMED -Xmx2048m -Dfile.encoding=UTF-8 -Duser.country=US -Duser.language=en -Duser.variant 
java_command: org.gradle.launcher.daemon.bootstrap.GradleDaemon 7.0.2
java_class_path (initial): C:\Users\MinhNgan\.gradle\wrapper\dists\gradle-7.0.2-bin\857tjihv64xamwrf0h14cai3r\gradle-7.0.2\lib\gradle-launcher-7.0.2.jar
Launcher Type: SUN_STANDARD

[Global flags]
     intx CICompilerCount                          = 3                                         {product} {ergonomic}
     uint ConcGCThreads                            = 1                                         {product} {ergonomic}
     uint G1ConcRefinementThreads                  = 4                                         {product} {ergonomic}
   size_t G1HeapRegionSize                         = 1048576                                   {product} {ergonomic}
    uintx GCDrainStackTargetSize                   = 64                                        {product} {ergonomic}
   size_t InitialHeapSize                          = 67108864                                  {product} {ergonomic}
   size_t MarkStackSize                            = 4194304                                   {product} {ergonomic}
   size_t MaxHeapSize                              = 2147483648                                {product} {command line}
   size_t MaxNewSize                               = 1287651328                                {product} {ergonomic}
   size_t MinHeapDeltaBytes                        = 1048576                                   {product} {ergonomic}
    uintx NonNMethodCodeHeapSize                   = 5830732                                {pd product} {ergonomic}
    uintx NonProfiledCodeHeapSize                  = 122913754                              {pd product} {ergonomic}
    uintx ProfiledCodeHeapSize                     = 122913754                              {pd product} {ergonomic}
    uintx ReservedCodeCacheSize                    = 251658240                              {pd product} {ergonomic}
     bool SegmentedCodeCache                       = true                                      {product} {ergonomic}
     bool UseCompressedClassPointers               = true                                 {lp64_product} {ergonomic}
     bool UseCompressedOops                        = true                                 {lp64_product} {ergonomic}
     bool UseG1GC                                  = true                                      {product} {ergonomic}
     bool UseLargePagesIndividualAllocation        = false                                  {pd product} {ergonomic}

Logging:
Log output configuration:
 #0: stdout all=warning uptime,level,tags
 #1: stderr all=off uptime,level,tags

Environment Variables:
PATH=C:\Program Files\Common Files\Oracle\Java\javapath;C:\WINDOWS\system32;C:\WINDOWS;C:\WINDOWS\System32\Wbem;C:\WINDOWS\System32\WindowsPowerShell\v1.0\;C:\WINDOWS\System32\OpenSSH\;C:\Program Files\dotnet\;C:\Program Files\Microsoft SQL Server\130\Tools\Binn\;C:\Program Files\Microsoft SQL Server\Client SDK\ODBC\170\Tools\Binn\;C:\Program Files (x86)\dotnet\;C:\Program Files\Git\cmd;C:\Users\MinhNgan\AppData\Local\Microsoft\WindowsApps
USERNAME=MinhNgan
OS=Windows_NT
PROCESSOR_IDENTIFIER=Intel64 Family 6 Model 69 Stepping 1, GenuineIntel



---------------  S Y S T E M  ---------------

OS: Windows 10 , 64 bit Build 19041 (10.0.19041.1202)
OS uptime: 0 days 8:05 hours

CPU:total 4 (initial active 4) (2 cores per cpu, 2 threads per core) family 6 model 69 stepping 1 microcode 0x25, cmov, cx8, fxsr, mmx, sse, sse2, sse3, ssse3, sse4.1, sse4.2, popcnt, avx, avx2, aes, clmul, erms, lzcnt, ht, tsc, tscinvbit, bmi1, bmi2, fma

Memory: 4k page, system-wide physical 3979M (85M free)
TotalPageFile size 6979M (AvailPageFile size 27M)
current process WorkingSet (physical memory assigned to process): 228M, peak: 252M
current process commit charge ("private bytes"): 374M, peak: 403M

vm_info: OpenJDK 64-Bit Server VM (11.0.10+0-b96-7249189) for windows-amd64 JRE (11.0.10+0-b96-7249189), built on Mar 31 2021 21:44:00 by "builder" with MS VC++ 14.0 (VS2015)

END.
