#
# There is insufficient memory for the Java Runtime Environment to continue.
# Native memory allocation (malloc) failed to allocate 620176 bytes for Chunk::new
# Possible reasons:
#   The system is out of physical RAM or swap space
#   The process is running with CompressedOops enabled, and the Java Heap may be blocking the growth of the native heap
# Possible solutions:
#   Reduce memory load on the system
#   Increase physical memory or swap space
#   Check if swap backing store is full
#   Decrease Java heap size (-Xmx/-Xms)
#   Decrease number of Java threads
#   Decrease Java thread stack sizes (-Xss)
#   Set larger code cache with -XX:ReservedCodeCacheSize=
#   JVM is running with Unscaled Compressed Oops mode in which the Java heap is
#     placed in the first 4GB address space. The Java Heap base address is the
#     maximum limit for the native heap growth. Please use -XX:HeapBaseMinAddress
#     to set the Java Heap base and to place the Java Heap above 4GB virtual address.
# This output file may be truncated or incomplete.
#
#  Out of Memory Error (./src/hotspot/share/memory/arena.cpp:197), pid=4892, tid=11044
#
# JRE version: OpenJDK Runtime Environment (11.0.10) (build 11.0.10+0-b96-7249189)
# Java VM: OpenJDK 64-Bit Server VM (11.0.10+0-b96-7249189, mixed mode, tiered, compressed oops, g1 gc, windows-amd64)
# No core dump will be written. Minidumps are not enabled by default on client versions of Windows
#

---------------  S U M M A R Y ------------

Command Line: --add-opens=java.base/java.util=ALL-UNNAMED --add-opens=java.base/java.lang=ALL-UNNAMED --add-opens=java.base/java.lang.invoke=ALL-UNNAMED --add-opens=java.base/java.util=ALL-UNNAMED --add-opens=java.prefs/java.util.prefs=ALL-UNNAMED --add-opens=java.prefs/java.util.prefs=ALL-UNNAMED --add-opens=java.base/java.nio.charset=ALL-UNNAMED --add-opens=java.base/java.net=ALL-UNNAMED --add-opens=java.base/java.util.concurrent.atomic=ALL-UNNAMED -Xmx2048m -Dfile.encoding=UTF-8 -Duser.country=US -Duser.language=en -Duser.variant org.gradle.launcher.daemon.bootstrap.GradleDaemon 7.0.2

Host: Intel(R) Core(TM) i5-4210U CPU @ 1.70GHz, 4 cores, 3G,  Windows 10 , 64 bit Build 19041 (10.0.19041.1202)
Time: Wed Nov 10 14:36:10 2021 SE Asia Standard Time elapsed time: 245.327439 seconds (0d 0h 4m 5s)

---------------  T H R E A D  ---------------

Current thread (0x000001c0b877e800):  JavaThread "C2 CompilerThread0" daemon [_thread_in_native, id=11044, stack(0x0000008f36b00000,0x0000008f36c00000)]


Current CompileTask:
C2: 245327 15566       4       java.util.regex.Pattern::escape (1323 bytes)

Stack: [0x0000008f36b00000,0x0000008f36c00000]
Native frames: (J=compiled Java code, j=interpreted, Vv=VM code, C=native code)
V  [jvm.dll+0x5ecfaa]
V  [jvm.dll+0x722bd5]
V  [jvm.dll+0x72412d]
V  [jvm.dll+0x7247e3]
V  [jvm.dll+0x242928]
V  [jvm.dll+0xbc4fc]
V  [jvm.dll+0xbca0c]
V  [jvm.dll+0x352d7d]
V  [jvm.dll+0x320ad3]
V  [jvm.dll+0x31ffca]
V  [jvm.dll+0x1fb602]
V  [jvm.dll+0x1fa7f4]
V  [jvm.dll+0x18354c]
V  [jvm.dll+0x208ee7]
V  [jvm.dll+0x207731]
V  [jvm.dll+0x6eb1cf]
V  [jvm.dll+0x6e3d45]
V  [jvm.dll+0x5ebe96]
C  [ucrtbase.dll+0x21bb2]
C  [KERNEL32.DLL+0x17034]
C  [ntdll.dll+0x52651]


---------------  P R O C E S S  ---------------

Threads class SMR info:
_java_thread_list=0x000001c0be42f5f0, length=47, elements={
0x000001c09e3fa000, 0x000001c0b8717800, 0x000001c0b8719000, 0x000001c0b8771800,
0x000001c0b8774000, 0x000001c0b8778000, 0x000001c0b877e800, 0x000001c0b8788000,
0x000001c0b8792000, 0x000001c0b91d9000, 0x000001c0bb8ff000, 0x000001c0bb8fe000,
0x000001c0bb8fb800, 0x000001c0bab5a800, 0x000001c0bab57800, 0x000001c0bab59800,
0x000001c0bab5b800, 0x000001c0bab5c000, 0x000001c0bab58000, 0x000001c0bab56800,
0x000001c0bc962000, 0x000001c0bc960800, 0x000001c0bc95d800, 0x000001c0bc95f800,
0x000001c0bc96c000, 0x000001c0be6e6800, 0x000001c0be6ec000, 0x000001c0be6e9800,
0x000001c0be6ea800, 0x000001c0be6ed000, 0x000001c0be6ed800, 0x000001c0be6e8000,
0x000001c0be6ee800, 0x000001c0be6ef800, 0x000001c0be6f4000, 0x000001c0be6f1000,
0x000001c0be6f1800, 0x000001c0be6f2800, 0x000001c0be6f3800, 0x000001c0bc961800,
0x000001c0bc963000, 0x000001c0bc964000, 0x000001c0bc968800, 0x000001c0bc96b000,
0x000001c0bc965800, 0x000001c0bc967000, 0x000001c0bc969800
}

Java Threads: ( => current thread )
  0x000001c09e3fa000 JavaThread "main" [_thread_blocked, id=6136, stack(0x0000008f35f00000,0x0000008f36000000)]
  0x000001c0b8717800 JavaThread "Reference Handler" daemon [_thread_blocked, id=11168, stack(0x0000008f36600000,0x0000008f36700000)]
  0x000001c0b8719000 JavaThread "Finalizer" daemon [_thread_blocked, id=3356, stack(0x0000008f36700000,0x0000008f36800000)]
  0x000001c0b8771800 JavaThread "Signal Dispatcher" daemon [_thread_blocked, id=7304, stack(0x0000008f36800000,0x0000008f36900000)]
  0x000001c0b8774000 JavaThread "Attach Listener" daemon [_thread_blocked, id=7064, stack(0x0000008f36900000,0x0000008f36a00000)]
  0x000001c0b8778000 JavaThread "Service Thread" daemon [_thread_blocked, id=11060, stack(0x0000008f36a00000,0x0000008f36b00000)]
=>0x000001c0b877e800 JavaThread "C2 CompilerThread0" daemon [_thread_in_native, id=11044, stack(0x0000008f36b00000,0x0000008f36c00000)]
  0x000001c0b8788000 JavaThread "C1 CompilerThread0" daemon [_thread_in_vm, id=12032, stack(0x0000008f36c00000,0x0000008f36d00000)]
  0x000001c0b8792000 JavaThread "Sweeper thread" daemon [_thread_blocked, id=9264, stack(0x0000008f36d00000,0x0000008f36e00000)]
  0x000001c0b91d9000 JavaThread "Common-Cleaner" daemon [_thread_blocked, id=5160, stack(0x0000008f36e00000,0x0000008f36f00000)]
  0x000001c0bb8ff000 JavaThread "Daemon health stats" [_thread_blocked, id=6244, stack(0x0000008f37200000,0x0000008f37300000)]
  0x000001c0bb8fe000 JavaThread "Incoming local TCP Connector on port 51006" [_thread_in_native, id=9016, stack(0x0000008f37100000,0x0000008f37200000)]
  0x000001c0bb8fb800 JavaThread "Daemon periodic checks" [_thread_blocked, id=4808, stack(0x0000008f37300000,0x0000008f37400000)]
  0x000001c0bab5a800 JavaThread "Cache worker for file hash cache (C:\Program Files\Java\jdk-17.0.1\caches\7.0.2\fileHashes)" [_thread_blocked, id=11020, stack(0x0000008f37d00000,0x0000008f37e00000)]
  0x000001c0bab57800 JavaThread "File lock request listener" [_thread_in_native, id=6376, stack(0x0000008f37e00000,0x0000008f37f00000)]
  0x000001c0bab59800 JavaThread "Cache worker for journal cache (C:\Program Files\Java\jdk-17.0.1\caches\journal-1)" [_thread_blocked, id=6760, stack(0x0000008f37f00000,0x0000008f38000000)]
  0x000001c0bab5b800 JavaThread "File watcher server" daemon [_thread_in_native, id=6488, stack(0x0000008f38200000,0x0000008f38300000)]
  0x000001c0bab5c000 JavaThread "File watcher consumer" daemon [_thread_blocked, id=10188, stack(0x0000008f38300000,0x0000008f38400000)]
  0x000001c0bab58000 JavaThread "jar transforms" [_thread_blocked, id=6788, stack(0x0000008f38400000,0x0000008f38500000)]
  0x000001c0bab56800 JavaThread "jar transforms Thread 2" [_thread_blocked, id=7788, stack(0x0000008f38500000,0x0000008f38600000)]
  0x000001c0bc962000 JavaThread "jar transforms Thread 3" [_thread_blocked, id=5560, stack(0x0000008f38600000,0x0000008f38700000)]
  0x000001c0bc960800 JavaThread "jar transforms Thread 4" [_thread_blocked, id=12280, stack(0x0000008f38700000,0x0000008f38800000)]
  0x000001c0bc95d800 JavaThread "Cache worker for execution history cache (C:\Program Files\Java\jdk-17.0.1\caches\7.0.2\executionHistory)" [_thread_blocked, id=9724, stack(0x0000008f38900000,0x0000008f38a00000)]
  0x000001c0bc95f800 JavaThread "Cache worker for file content cache (C:\Program Files\Java\jdk-17.0.1\caches\7.0.2\fileContent)" [_thread_blocked, id=1392, stack(0x0000008f38c00000,0x0000008f38d00000)]
  0x000001c0bc96c000 JavaThread "Memory manager" [_thread_blocked, id=11172, stack(0x0000008f39300000,0x0000008f39400000)]
  0x000001c0be6e6800 JavaThread "Daemon Thread 2" [_thread_blocked, id=6608, stack(0x0000008f35c00000,0x0000008f35d00000)]
  0x000001c0be6ec000 JavaThread "Handler for socket connection from /127.0.0.1:51006 to /127.0.0.1:51166" [_thread_in_native, id=8400, stack(0x0000008f35d00000,0x0000008f35e00000)]
  0x000001c0be6e9800 JavaThread "Cancel handler" [_thread_blocked, id=5472, stack(0x0000008f35e00000,0x0000008f35f00000)]
  0x000001c0be6ea800 JavaThread "Daemon worker Thread 2" [_thread_in_vm, id=3392, stack(0x0000008f37400000,0x0000008f37500000)]
  0x000001c0be6ed000 JavaThread "Asynchronous log dispatcher for DefaultDaemonConnection: socket connection from /127.0.0.1:51006 to /127.0.0.1:51166" [_thread_blocked, id=10532, stack(0x0000008f37500000,0x0000008f37600000)]
  0x000001c0be6ed800 JavaThread "Stdin handler" [_thread_blocked, id=10340, stack(0x0000008f37600000,0x0000008f37700000)]
  0x000001c0be6e8000 JavaThread "Daemon client event forwarder" [_thread_blocked, id=1040, stack(0x0000008f37700000,0x0000008f37800000)]
  0x000001c0be6ee800 JavaThread "Cache worker for file hash cache (C:\Users\MinhNgan\AndroidStudioProjects\Android_hepat\.gradle\7.0.2\fileHashes)" [_thread_blocked, id=5704, stack(0x0000008f37800000,0x0000008f37900000)]
  0x000001c0be6ef800 JavaThread "Cache worker for checksums cache (C:\Users\MinhNgan\AndroidStudioProjects\Android_hepat\.gradle\checksums)" [_thread_blocked, id=10548, stack(0x0000008f37900000,0x0000008f37a00000)]
  0x000001c0be6f4000 JavaThread "Cache worker for cache directory md-supplier (C:\Program Files\Java\jdk-17.0.1\caches\7.0.2\md-supplier)" [_thread_blocked, id=9840, stack(0x0000008f37a00000,0x0000008f37b00000)]
  0x000001c0be6f1000 JavaThread "Cache worker for cache directory md-rule (C:\Program Files\Java\jdk-17.0.1\caches\7.0.2\md-rule)" [_thread_blocked, id=8896, stack(0x0000008f38000000,0x0000008f38100000)]
  0x000001c0be6f1800 JavaThread "Cache worker for dependencies-accessors (C:\Users\MinhNgan\AndroidStudioProjects\Android_hepat\.gradle\7.0.2\dependencies-accessors)" [_thread_blocked, id=5104, stack(0x0000008f38100000,0x0000008f38200000)]
  0x000001c0be6f2800 JavaThread "Cache worker for Build Output Cleanup Cache (C:\Users\MinhNgan\AndroidStudioProjects\Android_hepat\.gradle\buildOutputCleanup)" [_thread_blocked, id=2644, stack(0x0000008f38800000,0x0000008f38900000)]
  0x000001c0be6f3800 JavaThread "Build operations" [_thread_blocked, id=6484, stack(0x0000008f38a00000,0x0000008f38b00000)]
  0x000001c0bc961800 JavaThread "Build operations Thread 2" [_thread_blocked, id=8228, stack(0x0000008f38b00000,0x0000008f38c00000)]
  0x000001c0bc963000 JavaThread "Build operations Thread 3" [_thread_blocked, id=4252, stack(0x0000008f38d00000,0x0000008f38e00000)]
  0x000001c0bc964000 JavaThread "Build operations Thread 4" [_thread_blocked, id=6256, stack(0x0000008f38e00000,0x0000008f38f00000)]
  0x000001c0bc968800 JavaThread "build event listener" [_thread_blocked, id=5376, stack(0x0000008f38f00000,0x0000008f39000000)]
  0x000001c0bc96b000 JavaThread "Execution worker for ':'" [_thread_blocked, id=3328, stack(0x0000008f39000000,0x0000008f39100000)]
  0x000001c0bc965800 JavaThread "Execution worker for ':' Thread 2" [_thread_blocked, id=6976, stack(0x0000008f39100000,0x0000008f39200000)]
  0x000001c0bc967000 JavaThread "Execution worker for ':' Thread 3" [_thread_blocked, id=3172, stack(0x0000008f39200000,0x0000008f39300000)]
  0x000001c0bc969800 JavaThread "Cache worker for execution history cache (C:\Users\MinhNgan\AndroidStudioProjects\Android_hepat\.gradle\7.0.2\executionHistory)" [_thread_blocked, id=1564, stack(0x0000008f39400000,0x0000008f39500000)]

Other Threads:
  0x000001c0b8710800 VMThread "VM Thread" [stack: 0x0000008f36500000,0x0000008f36600000] [id=8040]
  0x000001c0b920b800 WatcherThread [stack: 0x0000008f36f00000,0x0000008f37000000] [id=11028]
  0x000001c09e412800 GCTaskThread "GC Thread#0" [stack: 0x0000008f36000000,0x0000008f36100000] [id=7280]
  0x000001c0b93ee800 GCTaskThread "GC Thread#1" [stack: 0x0000008f37000000,0x0000008f37100000] [id=2016]
  0x000001c0baa4c800 GCTaskThread "GC Thread#2" [stack: 0x0000008f37b00000,0x0000008f37c00000] [id=11436]
  0x000001c0baa51800 GCTaskThread "GC Thread#3" [stack: 0x0000008f37c00000,0x0000008f37d00000] [id=2464]
  0x000001c09e442800 ConcurrentGCThread "G1 Main Marker" [stack: 0x0000008f36100000,0x0000008f36200000] [id=7872]
  0x000001c09e445000 ConcurrentGCThread "G1 Conc#0" [stack: 0x0000008f36200000,0x0000008f36300000] [id=9580]
  0x000001c09e4a0000 ConcurrentGCThread "G1 Refine#0" [stack: 0x0000008f36300000,0x0000008f36400000] [id=8116]
  0x000001c09e4a1000 ConcurrentGCThread "G1 Young RemSet Sampling" [stack: 0x0000008f36400000,0x0000008f36500000] [id=3888]

Threads with active compile tasks:
C2 CompilerThread0 245388 15566       4       java.util.regex.Pattern::escape (1323 bytes)

VM state:not at safepoint (normal execution)

VM Mutex/Monitor currently owned by a thread: None

Heap address: 0x0000000080000000, size: 2048 MB, Compressed Oops mode: 32-bit
Narrow klass base: 0x0000000000000000, Narrow klass shift: 3
Compressed class space size: 1073741824 Address: 0x0000000100000000

Heap:
 garbage-first heap   total 243712K, used 175834K [0x0000000080000000, 0x0000000100000000)
  region size 1024K, 73 young (74752K), 14 survivors (14336K)
 Metaspace       used 114986K, capacity 118367K, committed 118528K, reserved 1153024K
  class space    used 14621K, capacity 15789K, committed 15872K, reserved 1048576K
Heap Regions: E=young(eden), S=young(survivor), O=old, HS=humongous(starts), HC=humongous(continues), CS=collection set, F=free, A=archive, TAMS=top-at-mark-start (previous, next)
|   0|0x0000000080000000, 0x0000000080100000, 0x0000000080100000|100%|HS|  |TAMS 0x0000000080100000, 0x0000000080000000| Complete 
|   1|0x0000000080100000, 0x0000000080200000, 0x0000000080200000|100%|HC|  |TAMS 0x0000000080200000, 0x0000000080100000| Complete 
|   2|0x0000000080200000, 0x0000000080300000, 0x0000000080300000|100%|HC|  |TAMS 0x0000000080300000, 0x0000000080200000| Complete 
|   3|0x0000000080300000, 0x0000000080400000, 0x0000000080400000|100%| O|  |TAMS 0x0000000080400000, 0x0000000080300000| Untracked 
|   4|0x0000000080400000, 0x0000000080500000, 0x0000000080500000|100%| O|  |TAMS 0x0000000080500000, 0x0000000080400000| Untracked 
|   5|0x0000000080500000, 0x0000000080600000, 0x0000000080600000|100%| O|  |TAMS 0x0000000080600000, 0x0000000080500000| Untracked 
|   6|0x0000000080600000, 0x0000000080700000, 0x0000000080700000|100%| O|  |TAMS 0x0000000080700000, 0x0000000080600000| Untracked 
|   7|0x0000000080700000, 0x0000000080800000, 0x0000000080800000|100%| O|  |TAMS 0x0000000080800000, 0x0000000080700000| Untracked 
|   8|0x0000000080800000, 0x0000000080900000, 0x0000000080900000|100%| O|  |TAMS 0x0000000080900000, 0x0000000080800000| Untracked 
|   9|0x0000000080900000, 0x0000000080a00000, 0x0000000080a00000|100%| O|  |TAMS 0x0000000080a00000, 0x0000000080900000| Untracked 
|  10|0x0000000080a00000, 0x0000000080b00000, 0x0000000080b00000|100%| O|  |TAMS 0x0000000080b00000, 0x0000000080a00000| Untracked 
|  11|0x0000000080b00000, 0x0000000080c00000, 0x0000000080c00000|100%| O|  |TAMS 0x0000000080c00000, 0x0000000080b00000| Untracked 
|  12|0x0000000080c00000, 0x0000000080d00000, 0x0000000080d00000|100%| O|  |TAMS 0x0000000080d00000, 0x0000000080c00000| Untracked 
|  13|0x0000000080d00000, 0x0000000080e00000, 0x0000000080e00000|100%| O|  |TAMS 0x0000000080e00000, 0x0000000080d00000| Untracked 
|  14|0x0000000080e00000, 0x0000000080f00000, 0x0000000080f00000|100%| O|  |TAMS 0x0000000080f00000, 0x0000000080e00000| Untracked 
|  15|0x0000000080f00000, 0x0000000081000000, 0x0000000081000000|100%| O|  |TAMS 0x0000000081000000, 0x0000000080f00000| Untracked 
|  16|0x0000000081000000, 0x0000000081100000, 0x0000000081100000|100%|HS|  |TAMS 0x0000000081100000, 0x0000000081000000| Complete 
|  17|0x0000000081100000, 0x0000000081200000, 0x0000000081200000|100%|HC|  |TAMS 0x0000000081200000, 0x0000000081100000| Complete 
|  18|0x0000000081200000, 0x0000000081300000, 0x0000000081300000|100%|HS|  |TAMS 0x0000000081300000, 0x0000000081200000| Complete 
|  19|0x0000000081300000, 0x0000000081400000, 0x0000000081400000|100%|HC|  |TAMS 0x0000000081400000, 0x0000000081300000| Complete 
|  20|0x0000000081400000, 0x0000000081500000, 0x0000000081500000|100%|HC|  |TAMS 0x0000000081500000, 0x0000000081400000| Complete 
|  21|0x0000000081500000, 0x0000000081600000, 0x0000000081600000|100%|HS|  |TAMS 0x0000000081600000, 0x0000000081500000| Complete 
|  22|0x0000000081600000, 0x0000000081700000, 0x0000000081700000|100%|HC|  |TAMS 0x0000000081700000, 0x0000000081600000| Complete 
|  23|0x0000000081700000, 0x0000000081800000, 0x0000000081800000|100%|HC|  |TAMS 0x0000000081800000, 0x0000000081700000| Complete 
|  24|0x0000000081800000, 0x0000000081900000, 0x0000000081900000|100%|HC|  |TAMS 0x0000000081900000, 0x0000000081800000| Complete 
|  25|0x0000000081900000, 0x0000000081a00000, 0x0000000081a00000|100%|HC|  |TAMS 0x0000000081a00000, 0x0000000081900000| Complete 
|  26|0x0000000081a00000, 0x0000000081b00000, 0x0000000081b00000|100%| O|  |TAMS 0x0000000081b00000, 0x0000000081a00000| Untracked 
|  27|0x0000000081b00000, 0x0000000081c00000, 0x0000000081c00000|100%| O|  |TAMS 0x0000000081c00000, 0x0000000081b00000| Untracked 
|  28|0x0000000081c00000, 0x0000000081d00000, 0x0000000081d00000|100%| O|  |TAMS 0x0000000081d00000, 0x0000000081c00000| Untracked 
|  29|0x0000000081d00000, 0x0000000081e00000, 0x0000000081e00000|100%| O|  |TAMS 0x0000000081e00000, 0x0000000081d00000| Untracked 
|  30|0x0000000081e00000, 0x0000000081f00000, 0x0000000081f00000|100%| O|  |TAMS 0x0000000081f00000, 0x0000000081e00000| Untracked 
|  31|0x0000000081f00000, 0x0000000082000000, 0x0000000082000000|100%| O|  |TAMS 0x0000000082000000, 0x0000000081f00000| Untracked 
|  32|0x0000000082000000, 0x0000000082100000, 0x0000000082100000|100%| O|  |TAMS 0x0000000082100000, 0x0000000082000000| Untracked 
|  33|0x0000000082100000, 0x0000000082200000, 0x0000000082200000|100%| O|  |TAMS 0x0000000082200000, 0x0000000082100000| Untracked 
|  34|0x0000000082200000, 0x0000000082300000, 0x0000000082300000|100%| O|  |TAMS 0x0000000082300000, 0x0000000082200000| Untracked 
|  35|0x0000000082300000, 0x0000000082400000, 0x0000000082400000|100%| O|  |TAMS 0x0000000082400000, 0x0000000082300000| Untracked 
|  36|0x0000000082400000, 0x0000000082500000, 0x0000000082500000|100%| O|  |TAMS 0x0000000082500000, 0x0000000082400000| Untracked 
|  37|0x0000000082500000, 0x0000000082600000, 0x0000000082600000|100%| O|  |TAMS 0x0000000082600000, 0x0000000082500000| Untracked 
|  38|0x0000000082600000, 0x0000000082700000, 0x0000000082700000|100%| O|  |TAMS 0x0000000082700000, 0x0000000082600000| Untracked 
|  39|0x0000000082700000, 0x0000000082800000, 0x0000000082800000|100%|HS|  |TAMS 0x0000000082800000, 0x0000000082700000| Complete 
|  40|0x0000000082800000, 0x0000000082900000, 0x0000000082900000|100%|HC|  |TAMS 0x0000000082900000, 0x0000000082800000| Complete 
|  41|0x0000000082900000, 0x0000000082a00000, 0x0000000082a00000|100%|HC|  |TAMS 0x0000000082a00000, 0x0000000082900000| Complete 
|  42|0x0000000082a00000, 0x0000000082b00000, 0x0000000082b00000|100%|HC|  |TAMS 0x0000000082b00000, 0x0000000082a00000| Complete 
|  43|0x0000000082b00000, 0x0000000082c00000, 0x0000000082c00000|100%|HC|  |TAMS 0x0000000082c00000, 0x0000000082b00000| Complete 
|  44|0x0000000082c00000, 0x0000000082d00000, 0x0000000082d00000|100%| O|  |TAMS 0x0000000082d00000, 0x0000000082c00000| Untracked 
|  45|0x0000000082d00000, 0x0000000082e00000, 0x0000000082e00000|100%| O|  |TAMS 0x0000000082e00000, 0x0000000082d00000| Untracked 
|  46|0x0000000082e00000, 0x0000000082f00000, 0x0000000082f00000|100%| O|  |TAMS 0x0000000082f00000, 0x0000000082e00000| Untracked 
|  47|0x0000000082f00000, 0x0000000083000000, 0x0000000083000000|100%|HS|  |TAMS 0x0000000083000000, 0x0000000082f00000| Complete 
|  48|0x0000000083000000, 0x0000000083100000, 0x0000000083100000|100%|HC|  |TAMS 0x0000000083100000, 0x0000000083000000| Complete 
|  49|0x0000000083100000, 0x0000000083200000, 0x0000000083200000|100%|HC|  |TAMS 0x0000000083200000, 0x0000000083100000| Complete 
|  50|0x0000000083200000, 0x0000000083300000, 0x0000000083300000|100%| O|  |TAMS 0x0000000083300000, 0x0000000083200000| Untracked 
|  51|0x0000000083300000, 0x0000000083400000, 0x0000000083400000|100%| O|  |TAMS 0x0000000083400000, 0x0000000083300000| Untracked 
|  52|0x0000000083400000, 0x0000000083500000, 0x0000000083500000|100%| O|  |TAMS 0x0000000083500000, 0x0000000083400000| Untracked 
|  53|0x0000000083500000, 0x0000000083600000, 0x0000000083600000|100%| O|  |TAMS 0x0000000083600000, 0x0000000083500000| Untracked 
|  54|0x0000000083600000, 0x0000000083700000, 0x0000000083700000|100%| O|  |TAMS 0x0000000083700000, 0x0000000083600000| Untracked 
|  55|0x0000000083700000, 0x0000000083800000, 0x0000000083800000|100%| O|  |TAMS 0x0000000083800000, 0x0000000083700000| Untracked 
|  56|0x0000000083800000, 0x0000000083900000, 0x0000000083900000|100%| O|  |TAMS 0x0000000083900000, 0x0000000083800000| Untracked 
|  57|0x0000000083900000, 0x0000000083a00000, 0x0000000083a00000|100%| O|  |TAMS 0x0000000083a00000, 0x0000000083900000| Untracked 
|  58|0x0000000083a00000, 0x0000000083b00000, 0x0000000083b00000|100%|HS|  |TAMS 0x0000000083b00000, 0x0000000083a00000| Complete 
|  59|0x0000000083b00000, 0x0000000083c00000, 0x0000000083c00000|100%|HS|  |TAMS 0x0000000083c00000, 0x0000000083b00000| Complete 
|  60|0x0000000083c00000, 0x0000000083d00000, 0x0000000083d00000|100%| O|  |TAMS 0x0000000083d00000, 0x0000000083c00000| Untracked 
|  61|0x0000000083d00000, 0x0000000083e00000, 0x0000000083e00000|100%|HS|  |TAMS 0x0000000083e00000, 0x0000000083d00000| Complete 
|  62|0x0000000083e00000, 0x0000000083f00000, 0x0000000083f00000|100%|HC|  |TAMS 0x0000000083f00000, 0x0000000083e00000| Complete 
|  63|0x0000000083f00000, 0x0000000084000000, 0x0000000084000000|100%| O|  |TAMS 0x0000000084000000, 0x0000000083f00000| Untracked 
|  64|0x0000000084000000, 0x0000000084100000, 0x0000000084100000|100%| O|  |TAMS 0x0000000084100000, 0x0000000084000000| Untracked 
|  65|0x0000000084100000, 0x0000000084200000, 0x0000000084200000|100%| O|  |TAMS 0x0000000084200000, 0x0000000084100000| Untracked 
|  66|0x0000000084200000, 0x0000000084300000, 0x0000000084300000|100%| O|  |TAMS 0x0000000084300000, 0x0000000084200000| Untracked 
|  67|0x0000000084300000, 0x0000000084400000, 0x0000000084400000|100%| O|  |TAMS 0x0000000084400000, 0x0000000084300000| Untracked 
|  68|0x0000000084400000, 0x0000000084500000, 0x0000000084500000|100%| O|  |TAMS 0x0000000084500000, 0x0000000084400000| Untracked 
|  69|0x0000000084500000, 0x0000000084600000, 0x0000000084600000|100%| O|  |TAMS 0x0000000084600000, 0x0000000084500000| Untracked 
|  70|0x0000000084600000, 0x0000000084700000, 0x0000000084700000|100%| O|  |TAMS 0x0000000084700000, 0x0000000084600000| Untracked 
|  71|0x0000000084700000, 0x0000000084800000, 0x0000000084800000|100%| O|  |TAMS 0x0000000084800000, 0x0000000084700000| Untracked 
|  72|0x0000000084800000, 0x0000000084900000, 0x0000000084900000|100%| O|  |TAMS 0x0000000084900000, 0x0000000084800000| Untracked 
|  73|0x0000000084900000, 0x0000000084a00000, 0x0000000084a00000|100%| O|  |TAMS 0x0000000084a00000, 0x0000000084900000| Untracked 
|  74|0x0000000084a00000, 0x0000000084b00000, 0x0000000084b00000|100%| O|  |TAMS 0x0000000084b00000, 0x0000000084a00000| Untracked 
|  75|0x0000000084b00000, 0x0000000084c00000, 0x0000000084c00000|100%| O|  |TAMS 0x0000000084c00000, 0x0000000084b00000| Untracked 
|  76|0x0000000084c00000, 0x0000000084d00000, 0x0000000084d00000|100%| O|  |TAMS 0x0000000084d00000, 0x0000000084c00000| Untracked 
|  77|0x0000000084d00000, 0x0000000084e00000, 0x0000000084e00000|100%| O|  |TAMS 0x0000000084e00000, 0x0000000084d00000| Untracked 
|  78|0x0000000084e00000, 0x0000000084f00000, 0x0000000084f00000|100%| O|  |TAMS 0x0000000084f00000, 0x0000000084e00000| Untracked 
|  79|0x0000000084f00000, 0x0000000085000000, 0x0000000085000000|100%| O|  |TAMS 0x0000000085000000, 0x0000000084f00000| Untracked 
|  80|0x0000000085000000, 0x0000000085100000, 0x0000000085100000|100%| O|  |TAMS 0x0000000085100000, 0x0000000085000000| Untracked 
|  81|0x0000000085100000, 0x0000000085200000, 0x0000000085200000|100%| O|  |TAMS 0x0000000085200000, 0x0000000085100000| Untracked 
|  82|0x0000000085200000, 0x0000000085300000, 0x0000000085300000|100%| O|  |TAMS 0x0000000085300000, 0x0000000085200000| Untracked 
|  83|0x0000000085300000, 0x0000000085400000, 0x0000000085400000|100%| O|  |TAMS 0x0000000085400000, 0x0000000085300000| Untracked 
|  84|0x0000000085400000, 0x0000000085500000, 0x0000000085500000|100%| O|  |TAMS 0x0000000085500000, 0x0000000085400000| Untracked 
|  85|0x0000000085500000, 0x0000000085600000, 0x0000000085600000|100%| O|  |TAMS 0x0000000085600000, 0x0000000085500000| Untracked 
|  86|0x0000000085600000, 0x0000000085700000, 0x0000000085700000|100%| O|  |TAMS 0x0000000085700000, 0x0000000085600000| Untracked 
|  87|0x0000000085700000, 0x0000000085800000, 0x0000000085800000|100%| O|  |TAMS 0x0000000085800000, 0x0000000085700000| Untracked 
|  88|0x0000000085800000, 0x0000000085900000, 0x0000000085900000|100%| O|  |TAMS 0x0000000085900000, 0x0000000085800000| Untracked 
|  89|0x0000000085900000, 0x0000000085a00000, 0x0000000085a00000|100%| O|  |TAMS 0x0000000085a00000, 0x0000000085900000| Untracked 
|  90|0x0000000085a00000, 0x0000000085b00000, 0x0000000085b00000|100%| O|  |TAMS 0x0000000085b00000, 0x0000000085a00000| Untracked 
|  91|0x0000000085b00000, 0x0000000085c00000, 0x0000000085c00000|100%| O|  |TAMS 0x0000000085c00000, 0x0000000085b00000| Untracked 
|  92|0x0000000085c00000, 0x0000000085d00000, 0x0000000085d00000|100%| O|  |TAMS 0x0000000085d00000, 0x0000000085c00000| Untracked 
|  93|0x0000000085d00000, 0x0000000085e00000, 0x0000000085e00000|100%| O|  |TAMS 0x0000000085e00000, 0x0000000085d00000| Untracked 
|  94|0x0000000085e00000, 0x0000000085f00000, 0x0000000085f00000|100%| O|  |TAMS 0x0000000085f00000, 0x0000000085e00000| Untracked 
|  95|0x0000000085f00000, 0x0000000086000000, 0x0000000086000000|100%| O|  |TAMS 0x0000000086000000, 0x0000000085f00000| Untracked 
|  96|0x0000000086000000, 0x0000000086100000, 0x0000000086100000|100%| O|  |TAMS 0x0000000086022400, 0x0000000086000000| Untracked 
|  97|0x0000000086100000, 0x0000000086200000, 0x0000000086200000|100%| O|  |TAMS 0x0000000086100000, 0x0000000086100000| Untracked 
|  98|0x0000000086200000, 0x0000000086300000, 0x0000000086300000|100%| O|  |TAMS 0x0000000086200000, 0x0000000086200000| Untracked 
|  99|0x0000000086300000, 0x0000000086400000, 0x0000000086400000|100%| O|  |TAMS 0x0000000086300000, 0x0000000086300000| Untracked 
| 100|0x0000000086400000, 0x00000000864b6800, 0x0000000086500000| 71%| O|  |TAMS 0x0000000086400000, 0x0000000086400000| Untracked 
| 101|0x0000000086500000, 0x0000000086500000, 0x0000000086600000|  0%| F|  |TAMS 0x0000000086500000, 0x0000000086500000| Untracked 
| 102|0x0000000086600000, 0x0000000086600000, 0x0000000086700000|  0%| F|  |TAMS 0x0000000086600000, 0x0000000086600000| Untracked 
| 103|0x0000000086700000, 0x0000000086700000, 0x0000000086800000|  0%| F|  |TAMS 0x0000000086700000, 0x0000000086700000| Untracked 
| 104|0x0000000086800000, 0x0000000086800000, 0x0000000086900000|  0%| F|  |TAMS 0x0000000086800000, 0x0000000086800000| Untracked 
| 105|0x0000000086900000, 0x0000000086900000, 0x0000000086a00000|  0%| F|  |TAMS 0x0000000086900000, 0x0000000086900000| Untracked 
| 106|0x0000000086a00000, 0x0000000086a00000, 0x0000000086b00000|  0%| F|  |TAMS 0x0000000086a00000, 0x0000000086a00000| Untracked 
| 107|0x0000000086b00000, 0x0000000086b00000, 0x0000000086c00000|  0%| F|  |TAMS 0x0000000086b00000, 0x0000000086b00000| Untracked 
| 108|0x0000000086c00000, 0x0000000086c00000, 0x0000000086d00000|  0%| F|  |TAMS 0x0000000086c00000, 0x0000000086c00000| Untracked 
| 109|0x0000000086d00000, 0x0000000086d00000, 0x0000000086e00000|  0%| F|  |TAMS 0x0000000086d00000, 0x0000000086d00000| Untracked 
| 110|0x0000000086e00000, 0x0000000086e00000, 0x0000000086f00000|  0%| F|  |TAMS 0x0000000086e00000, 0x0000000086e00000| Untracked 
| 111|0x0000000086f00000, 0x0000000086f00000, 0x0000000087000000|  0%| F|  |TAMS 0x0000000086f00000, 0x0000000086f00000| Untracked 
| 112|0x0000000087000000, 0x0000000087000000, 0x0000000087100000|  0%| F|  |TAMS 0x0000000087000000, 0x0000000087000000| Untracked 
| 113|0x0000000087100000, 0x0000000087100000, 0x0000000087200000|  0%| F|  |TAMS 0x0000000087100000, 0x0000000087100000| Untracked 
| 114|0x0000000087200000, 0x0000000087200000, 0x0000000087300000|  0%| F|  |TAMS 0x0000000087200000, 0x0000000087200000| Untracked 
| 115|0x0000000087300000, 0x0000000087300000, 0x0000000087400000|  0%| F|  |TAMS 0x0000000087300000, 0x0000000087300000| Untracked 
| 116|0x0000000087400000, 0x0000000087400000, 0x0000000087500000|  0%| F|  |TAMS 0x0000000087400000, 0x0000000087400000| Untracked 
| 117|0x0000000087500000, 0x0000000087500000, 0x0000000087600000|  0%| F|  |TAMS 0x0000000087500000, 0x0000000087500000| Untracked 
| 118|0x0000000087600000, 0x0000000087600000, 0x0000000087700000|  0%| F|  |TAMS 0x0000000087600000, 0x0000000087600000| Untracked 
| 119|0x0000000087700000, 0x0000000087700000, 0x0000000087800000|  0%| F|  |TAMS 0x0000000087700000, 0x0000000087700000| Untracked 
| 120|0x0000000087800000, 0x0000000087800000, 0x0000000087900000|  0%| F|  |TAMS 0x0000000087800000, 0x0000000087800000| Untracked 
| 121|0x0000000087900000, 0x0000000087900000, 0x0000000087a00000|  0%| F|  |TAMS 0x0000000087900000, 0x0000000087900000| Untracked 
| 122|0x0000000087a00000, 0x0000000087a00000, 0x0000000087b00000|  0%| F|  |TAMS 0x0000000087a00000, 0x0000000087a00000| Untracked 
| 123|0x0000000087b00000, 0x0000000087b00000, 0x0000000087c00000|  0%| F|  |TAMS 0x0000000087b00000, 0x0000000087b00000| Untracked 
| 124|0x0000000087c00000, 0x0000000087c00000, 0x0000000087d00000|  0%| F|  |TAMS 0x0000000087c00000, 0x0000000087c00000| Untracked 
| 125|0x0000000087d00000, 0x0000000087d00000, 0x0000000087e00000|  0%| F|  |TAMS 0x0000000087d00000, 0x0000000087d00000| Untracked 
| 126|0x0000000087e00000, 0x0000000087e00000, 0x0000000087f00000|  0%| F|  |TAMS 0x0000000087e00000, 0x0000000087e00000| Untracked 
| 127|0x0000000087f00000, 0x0000000088000000, 0x0000000088000000|100%| S|CS|TAMS 0x0000000087f00000, 0x0000000087f00000| Complete 
| 128|0x0000000088000000, 0x0000000088100000, 0x0000000088100000|100%| S|CS|TAMS 0x0000000088000000, 0x0000000088000000| Complete 
| 129|0x0000000088100000, 0x0000000088200000, 0x0000000088200000|100%| S|CS|TAMS 0x0000000088100000, 0x0000000088100000| Complete 
| 130|0x0000000088200000, 0x0000000088300000, 0x0000000088300000|100%| S|CS|TAMS 0x0000000088200000, 0x0000000088200000| Complete 
| 131|0x0000000088300000, 0x0000000088300000, 0x0000000088400000|  0%| F|  |TAMS 0x0000000088300000, 0x0000000088300000| Untracked 
| 132|0x0000000088400000, 0x0000000088400000, 0x0000000088500000|  0%| F|  |TAMS 0x0000000088400000, 0x0000000088400000| Untracked 
| 133|0x0000000088500000, 0x0000000088500000, 0x0000000088600000|  0%| F|  |TAMS 0x0000000088500000, 0x0000000088500000| Untracked 
| 134|0x0000000088600000, 0x0000000088700000, 0x0000000088700000|100%| S|CS|TAMS 0x0000000088600000, 0x0000000088600000| Complete 
| 135|0x0000000088700000, 0x0000000088800000, 0x0000000088800000|100%| S|CS|TAMS 0x0000000088700000, 0x0000000088700000| Complete 
| 136|0x0000000088800000, 0x0000000088900000, 0x0000000088900000|100%| S|CS|TAMS 0x0000000088800000, 0x0000000088800000| Complete 
| 137|0x0000000088900000, 0x0000000088a00000, 0x0000000088a00000|100%| S|CS|TAMS 0x0000000088900000, 0x0000000088900000| Complete 
| 138|0x0000000088a00000, 0x0000000088b00000, 0x0000000088b00000|100%| S|CS|TAMS 0x0000000088a00000, 0x0000000088a00000| Complete 
| 139|0x0000000088b00000, 0x0000000088c00000, 0x0000000088c00000|100%| S|CS|TAMS 0x0000000088b00000, 0x0000000088b00000| Complete 
| 140|0x0000000088c00000, 0x0000000088d00000, 0x0000000088d00000|100%| S|CS|TAMS 0x0000000088c00000, 0x0000000088c00000| Complete 
| 141|0x0000000088d00000, 0x0000000088e00000, 0x0000000088e00000|100%| S|CS|TAMS 0x0000000088d00000, 0x0000000088d00000| Complete 
| 142|0x0000000088e00000, 0x0000000088f00000, 0x0000000088f00000|100%| S|CS|TAMS 0x0000000088e00000, 0x0000000088e00000| Complete 
| 143|0x0000000088f00000, 0x0000000089000000, 0x0000000089000000|100%| S|CS|TAMS 0x0000000088f00000, 0x0000000088f00000| Complete 
| 144|0x0000000089000000, 0x0000000089000000, 0x0000000089100000|  0%| F|  |TAMS 0x0000000089000000, 0x0000000089000000| Untracked 
| 145|0x0000000089100000, 0x0000000089100000, 0x0000000089200000|  0%| F|  |TAMS 0x0000000089100000, 0x0000000089100000| Untracked 
| 146|0x0000000089200000, 0x0000000089200000, 0x0000000089300000|  0%| F|  |TAMS 0x0000000089200000, 0x0000000089200000| Untracked 
| 147|0x0000000089300000, 0x0000000089300000, 0x0000000089400000|  0%| F|  |TAMS 0x0000000089300000, 0x0000000089300000| Untracked 
| 148|0x0000000089400000, 0x0000000089400000, 0x0000000089500000|  0%| F|  |TAMS 0x0000000089400000, 0x0000000089400000| Untracked 
| 149|0x0000000089500000, 0x0000000089500000, 0x0000000089600000|  0%| F|  |TAMS 0x0000000089500000, 0x0000000089500000| Untracked 
| 150|0x0000000089600000, 0x0000000089600000, 0x0000000089700000|  0%| F|  |TAMS 0x0000000089600000, 0x0000000089600000| Untracked 
| 151|0x0000000089700000, 0x0000000089700000, 0x0000000089800000|  0%| F|  |TAMS 0x0000000089700000, 0x0000000089700000| Untracked 
| 152|0x0000000089800000, 0x0000000089800000, 0x0000000089900000|  0%| F|  |TAMS 0x0000000089800000, 0x0000000089800000| Untracked 
| 153|0x0000000089900000, 0x0000000089900000, 0x0000000089a00000|  0%| F|  |TAMS 0x0000000089900000, 0x0000000089900000| Untracked 
| 154|0x0000000089a00000, 0x0000000089a00000, 0x0000000089b00000|  0%| F|  |TAMS 0x0000000089a00000, 0x0000000089a00000| Untracked 
| 155|0x0000000089b00000, 0x0000000089b00000, 0x0000000089c00000|  0%| F|  |TAMS 0x0000000089b00000, 0x0000000089b00000| Untracked 
| 156|0x0000000089c00000, 0x0000000089c00000, 0x0000000089d00000|  0%| F|  |TAMS 0x0000000089c00000, 0x0000000089c00000| Untracked 
| 157|0x0000000089d00000, 0x0000000089d00000, 0x0000000089e00000|  0%| F|  |TAMS 0x0000000089d00000, 0x0000000089d00000| Untracked 
| 158|0x0000000089e00000, 0x0000000089e00000, 0x0000000089f00000|  0%| F|  |TAMS 0x0000000089e00000, 0x0000000089e00000| Untracked 
| 159|0x0000000089f00000, 0x0000000089f00000, 0x000000008a000000|  0%| F|  |TAMS 0x0000000089f00000, 0x0000000089f00000| Untracked 
| 160|0x000000008a000000, 0x000000008a000000, 0x000000008a100000|  0%| F|  |TAMS 0x000000008a000000, 0x000000008a000000| Untracked 
| 161|0x000000008a100000, 0x000000008a100000, 0x000000008a200000|  0%| F|  |TAMS 0x000000008a100000, 0x000000008a100000| Untracked 
| 162|0x000000008a200000, 0x000000008a200000, 0x000000008a300000|  0%| F|  |TAMS 0x000000008a200000, 0x000000008a200000| Untracked 
| 163|0x000000008a300000, 0x000000008a300000, 0x000000008a400000|  0%| F|  |TAMS 0x000000008a300000, 0x000000008a300000| Untracked 
| 164|0x000000008a400000, 0x000000008a400000, 0x000000008a500000|  0%| F|  |TAMS 0x000000008a400000, 0x000000008a400000| Untracked 
| 165|0x000000008a500000, 0x000000008a500000, 0x000000008a600000|  0%| F|  |TAMS 0x000000008a500000, 0x000000008a500000| Untracked 
| 166|0x000000008a600000, 0x000000008a600000, 0x000000008a700000|  0%| F|  |TAMS 0x000000008a600000, 0x000000008a600000| Untracked 
| 167|0x000000008a700000, 0x000000008a700000, 0x000000008a800000|  0%| F|  |TAMS 0x000000008a700000, 0x000000008a700000| Untracked 
| 168|0x000000008a800000, 0x000000008a800000, 0x000000008a900000|  0%| F|  |TAMS 0x000000008a800000, 0x000000008a800000| Untracked 
| 169|0x000000008a900000, 0x000000008a900000, 0x000000008aa00000|  0%| F|  |TAMS 0x000000008a900000, 0x000000008a900000| Untracked 
| 170|0x000000008aa00000, 0x000000008aa00000, 0x000000008ab00000|  0%| F|  |TAMS 0x000000008aa00000, 0x000000008aa00000| Untracked 
| 171|0x000000008ab00000, 0x000000008ab00000, 0x000000008ac00000|  0%| F|  |TAMS 0x000000008ab00000, 0x000000008ab00000| Untracked 
| 172|0x000000008ac00000, 0x000000008ac00000, 0x000000008ad00000|  0%| F|  |TAMS 0x000000008ac00000, 0x000000008ac00000| Untracked 
| 173|0x000000008ad00000, 0x000000008ad00000, 0x000000008ae00000|  0%| F|  |TAMS 0x000000008ad00000, 0x000000008ad00000| Untracked 
| 174|0x000000008ae00000, 0x000000008ae00000, 0x000000008af00000|  0%| F|  |TAMS 0x000000008ae00000, 0x000000008ae00000| Untracked 
| 175|0x000000008af00000, 0x000000008af00000, 0x000000008b000000|  0%| F|  |TAMS 0x000000008af00000, 0x000000008af00000| Untracked 
| 176|0x000000008b000000, 0x000000008b000000, 0x000000008b100000|  0%| F|  |TAMS 0x000000008b000000, 0x000000008b000000| Untracked 
| 177|0x000000008b100000, 0x000000008b100000, 0x000000008b200000|  0%| F|  |TAMS 0x000000008b100000, 0x000000008b100000| Untracked 
| 178|0x000000008b200000, 0x000000008b200000, 0x000000008b300000|  0%| F|  |TAMS 0x000000008b200000, 0x000000008b200000| Untracked 
| 179|0x000000008b300000, 0x000000008b3e1a40, 0x000000008b400000| 88%| E|  |TAMS 0x000000008b300000, 0x000000008b300000| Complete 
| 180|0x000000008b400000, 0x000000008b500000, 0x000000008b500000|100%| E|CS|TAMS 0x000000008b400000, 0x000000008b400000| Complete 
| 181|0x000000008b500000, 0x000000008b600000, 0x000000008b600000|100%| E|CS|TAMS 0x000000008b500000, 0x000000008b500000| Complete 
| 182|0x000000008b600000, 0x000000008b700000, 0x000000008b700000|100%| E|CS|TAMS 0x000000008b600000, 0x000000008b600000| Complete 
| 183|0x000000008b700000, 0x000000008b800000, 0x000000008b800000|100%| E|CS|TAMS 0x000000008b700000, 0x000000008b700000| Complete 
| 184|0x000000008b800000, 0x000000008b900000, 0x000000008b900000|100%| E|CS|TAMS 0x000000008b800000, 0x000000008b800000| Complete 
| 185|0x000000008b900000, 0x000000008ba00000, 0x000000008ba00000|100%| E|CS|TAMS 0x000000008b900000, 0x000000008b900000| Complete 
| 186|0x000000008ba00000, 0x000000008bb00000, 0x000000008bb00000|100%| E|CS|TAMS 0x000000008ba00000, 0x000000008ba00000| Complete 
| 187|0x000000008bb00000, 0x000000008bc00000, 0x000000008bc00000|100%| E|CS|TAMS 0x000000008bb00000, 0x000000008bb00000| Complete 
| 188|0x000000008bc00000, 0x000000008bd00000, 0x000000008bd00000|100%| E|CS|TAMS 0x000000008bc00000, 0x000000008bc00000| Complete 
| 189|0x000000008bd00000, 0x000000008be00000, 0x000000008be00000|100%| E|CS|TAMS 0x000000008bd00000, 0x000000008bd00000| Complete 
| 190|0x000000008be00000, 0x000000008bf00000, 0x000000008bf00000|100%| E|CS|TAMS 0x000000008be00000, 0x000000008be00000| Complete 
| 191|0x000000008bf00000, 0x000000008c000000, 0x000000008c000000|100%| E|  |TAMS 0x000000008bf00000, 0x000000008bf00000| Complete 
| 192|0x000000008c000000, 0x000000008c100000, 0x000000008c100000|100%| E|CS|TAMS 0x000000008c000000, 0x000000008c000000| Complete 
| 193|0x000000008c100000, 0x000000008c200000, 0x000000008c200000|100%| E|CS|TAMS 0x000000008c100000, 0x000000008c100000| Complete 
| 194|0x000000008c200000, 0x000000008c300000, 0x000000008c300000|100%| E|CS|TAMS 0x000000008c200000, 0x000000008c200000| Complete 
| 195|0x000000008c300000, 0x000000008c400000, 0x000000008c400000|100%| E|CS|TAMS 0x000000008c300000, 0x000000008c300000| Complete 
| 196|0x000000008c400000, 0x000000008c500000, 0x000000008c500000|100%| E|CS|TAMS 0x000000008c400000, 0x000000008c400000| Complete 
| 197|0x000000008c500000, 0x000000008c600000, 0x000000008c600000|100%| E|CS|TAMS 0x000000008c500000, 0x000000008c500000| Complete 
| 198|0x000000008c600000, 0x000000008c700000, 0x000000008c700000|100%| E|CS|TAMS 0x000000008c600000, 0x000000008c600000| Complete 
| 199|0x000000008c700000, 0x000000008c800000, 0x000000008c800000|100%| E|CS|TAMS 0x000000008c700000, 0x000000008c700000| Complete 
| 200|0x000000008c800000, 0x000000008c900000, 0x000000008c900000|100%| E|CS|TAMS 0x000000008c800000, 0x000000008c800000| Complete 
| 201|0x000000008c900000, 0x000000008ca00000, 0x000000008ca00000|100%| E|CS|TAMS 0x000000008c900000, 0x000000008c900000| Complete 
| 202|0x000000008ca00000, 0x000000008cb00000, 0x000000008cb00000|100%| E|CS|TAMS 0x000000008ca00000, 0x000000008ca00000| Complete 
| 203|0x000000008cb00000, 0x000000008cc00000, 0x000000008cc00000|100%| E|CS|TAMS 0x000000008cb00000, 0x000000008cb00000| Complete 
| 204|0x000000008cc00000, 0x000000008cd00000, 0x000000008cd00000|100%| E|CS|TAMS 0x000000008cc00000, 0x000000008cc00000| Complete 
| 205|0x000000008cd00000, 0x000000008ce00000, 0x000000008ce00000|100%| E|CS|TAMS 0x000000008cd00000, 0x000000008cd00000| Complete 
| 206|0x000000008ce00000, 0x000000008cf00000, 0x000000008cf00000|100%| E|CS|TAMS 0x000000008ce00000, 0x000000008ce00000| Complete 
| 207|0x000000008cf00000, 0x000000008d000000, 0x000000008d000000|100%| E|CS|TAMS 0x000000008cf00000, 0x000000008cf00000| Complete 
| 208|0x000000008d000000, 0x000000008d100000, 0x000000008d100000|100%| E|CS|TAMS 0x000000008d000000, 0x000000008d000000| Complete 
| 209|0x000000008d100000, 0x000000008d200000, 0x000000008d200000|100%| E|CS|TAMS 0x000000008d100000, 0x000000008d100000| Complete 
| 210|0x000000008d200000, 0x000000008d300000, 0x000000008d300000|100%| E|CS|TAMS 0x000000008d200000, 0x000000008d200000| Complete 
| 211|0x000000008d300000, 0x000000008d400000, 0x000000008d400000|100%| E|CS|TAMS 0x000000008d300000, 0x000000008d300000| Complete 
| 212|0x000000008d400000, 0x000000008d500000, 0x000000008d500000|100%| E|CS|TAMS 0x000000008d400000, 0x000000008d400000| Complete 
| 213|0x000000008d500000, 0x000000008d600000, 0x000000008d600000|100%| E|CS|TAMS 0x000000008d500000, 0x000000008d500000| Complete 
| 214|0x000000008d600000, 0x000000008d700000, 0x000000008d700000|100%| E|CS|TAMS 0x000000008d600000, 0x000000008d600000| Complete 
| 215|0x000000008d700000, 0x000000008d800000, 0x000000008d800000|100%| E|CS|TAMS 0x000000008d700000, 0x000000008d700000| Complete 
| 216|0x000000008d800000, 0x000000008d900000, 0x000000008d900000|100%| E|CS|TAMS 0x000000008d800000, 0x000000008d800000| Complete 
| 217|0x000000008d900000, 0x000000008da00000, 0x000000008da00000|100%| E|CS|TAMS 0x000000008d900000, 0x000000008d900000| Complete 
| 218|0x000000008da00000, 0x000000008db00000, 0x000000008db00000|100%| E|CS|TAMS 0x000000008da00000, 0x000000008da00000| Complete 
| 219|0x000000008db00000, 0x000000008dc00000, 0x000000008dc00000|100%| E|CS|TAMS 0x000000008db00000, 0x000000008db00000| Complete 
| 220|0x000000008dc00000, 0x000000008dd00000, 0x000000008dd00000|100%| E|CS|TAMS 0x000000008dc00000, 0x000000008dc00000| Complete 
| 221|0x000000008dd00000, 0x000000008de00000, 0x000000008de00000|100%| E|CS|TAMS 0x000000008dd00000, 0x000000008dd00000| Complete 
| 222|0x000000008de00000, 0x000000008df00000, 0x000000008df00000|100%| E|CS|TAMS 0x000000008de00000, 0x000000008de00000| Complete 
| 223|0x000000008df00000, 0x000000008e000000, 0x000000008e000000|100%| E|CS|TAMS 0x000000008df00000, 0x000000008df00000| Complete 
| 224|0x000000008e000000, 0x000000008e100000, 0x000000008e100000|100%| E|CS|TAMS 0x000000008e000000, 0x000000008e000000| Complete 
| 225|0x000000008e100000, 0x000000008e200000, 0x000000008e200000|100%| E|CS|TAMS 0x000000008e100000, 0x000000008e100000| Complete 
| 226|0x000000008e200000, 0x000000008e300000, 0x000000008e300000|100%| E|CS|TAMS 0x000000008e200000, 0x000000008e200000| Complete 
| 227|0x000000008e300000, 0x000000008e400000, 0x000000008e400000|100%| E|CS|TAMS 0x000000008e300000, 0x000000008e300000| Complete 
| 228|0x000000008e400000, 0x000000008e500000, 0x000000008e500000|100%| E|CS|TAMS 0x000000008e400000, 0x000000008e400000| Complete 
| 229|0x000000008e500000, 0x000000008e600000, 0x000000008e600000|100%| E|CS|TAMS 0x000000008e500000, 0x000000008e500000| Complete 
| 230|0x000000008e600000, 0x000000008e700000, 0x000000008e700000|100%| E|CS|TAMS 0x000000008e600000, 0x000000008e600000| Complete 
| 231|0x000000008e700000, 0x000000008e800000, 0x000000008e800000|100%| E|CS|TAMS 0x000000008e700000, 0x000000008e700000| Complete 
| 232|0x000000008e800000, 0x000000008e900000, 0x000000008e900000|100%| E|CS|TAMS 0x000000008e800000, 0x000000008e800000| Complete 
| 233|0x000000008e900000, 0x000000008ea00000, 0x000000008ea00000|100%| E|CS|TAMS 0x000000008e900000, 0x000000008e900000| Complete 
| 234|0x000000008ea00000, 0x000000008eb00000, 0x000000008eb00000|100%| E|CS|TAMS 0x000000008ea00000, 0x000000008ea00000| Complete 
| 235|0x000000008eb00000, 0x000000008ec00000, 0x000000008ec00000|100%| E|CS|TAMS 0x000000008eb00000, 0x000000008eb00000| Complete 
| 236|0x000000008ec00000, 0x000000008ed00000, 0x000000008ed00000|100%| E|CS|TAMS 0x000000008ec00000, 0x000000008ec00000| Complete 
| 237|0x000000008ed00000, 0x000000008ee00000, 0x000000008ee00000|100%| E|CS|TAMS 0x000000008ed00000, 0x000000008ed00000| Complete 

Card table byte_map: [0x000001c0b1910000,0x000001c0b1d10000] _byte_map_base: 0x000001c0b1510000

Marking Bits (Prev, Next): (CMBitMap*) 0x000001c09e439b90, (CMBitMap*) 0x000001c09e439b58
 Prev Bits: [0x000001c0b4110000, 0x000001c0b6110000)
 Next Bits: [0x000001c0b2110000, 0x000001c0b4110000)

Polling page: 0x000001c09cbe0000

Metaspace:

Usage:
  Non-class:    100.24 MB capacity,    98.03 MB ( 98%) used,     1.86 MB (  2%) free+waste,   358.38 KB ( <1%) overhead. 
      Class:     15.42 MB capacity,    14.28 MB ( 93%) used,  1000.93 KB (  6%) free+waste,   164.13 KB (  1%) overhead. 
       Both:    115.66 MB capacity,   112.31 MB ( 97%) used,     2.84 MB (  2%) free+waste,   522.50 KB ( <1%) overhead. 

Virtual space:
  Non-class space:      102.00 MB reserved,     100.25 MB ( 98%) committed 
      Class space:        1.00 GB reserved,      15.50 MB (  2%) committed 
             Both:        1.10 GB reserved,     115.75 MB ( 10%) committed 

Chunk freelists:
   Non-Class:  10.00 KB
       Class:  17.00 KB
        Both:  27.00 KB

MaxMetaspaceSize: 17179869184.00 GB
CompressedClassSpaceSize: 1.00 GB

CodeHeap 'non-profiled nmethods': size=120064Kb used=10766Kb max_used=10766Kb free=109297Kb
 bounds [0x000001c0a99b0000, 0x000001c0aa440000, 0x000001c0b0ef0000]
CodeHeap 'profiled nmethods': size=120000Kb used=33903Kb max_used=33903Kb free=86096Kb
 bounds [0x000001c0a2480000, 0x000001c0a45a0000, 0x000001c0a99b0000]
CodeHeap 'non-nmethods': size=5696Kb used=2343Kb max_used=2500Kb free=3352Kb
 bounds [0x000001c0a1ef0000, 0x000001c0a2170000, 0x000001c0a2480000]
 total_blobs=16332 nmethods=15365 adapters=877
 compilation: enabled
              stopped_count=0, restarted_count=0
 full_count=0

Compilation events (20 events):
Event: 245.290 Thread 0x000001c0b8788000 nmethod 15564 0x000001c0a4576090 code [0x000001c0a4576240, 0x000001c0a4576398]
Event: 245.290 Thread 0x000001c0b8788000 15565       1       com.android.manifmerger.XmlDocument::getModel (5 bytes)
Event: 245.290 Thread 0x000001c0b8788000 nmethod 15565 0x000001c0aa433510 code [0x000001c0aa4336c0, 0x000001c0aa433778]
Event: 245.290 Thread 0x000001c0b877e800 15566       4       java.util.regex.Pattern::escape (1323 bytes)
Event: 245.294 Thread 0x000001c0b8788000 15567       1       org.apache.xerces.impl.XMLErrorReporter::setDocumentLocator (6 bytes)
Event: 245.294 Thread 0x000001c0b8788000 nmethod 15567 0x000001c0aa433810 code [0x000001c0aa4339c0, 0x000001c0aa433ab8]
Event: 245.295 Thread 0x000001c0b8788000 15568       3       org.apache.xerces.impl.XMLEntityScanner::skipString (207 bytes)
Event: 245.296 Thread 0x000001c0b8788000 nmethod 15568 0x000001c0a4576490 code [0x000001c0a4576720, 0x000001c0a45772c8]
Event: 245.297 Thread 0x000001c0b8788000 15569  s    3       com.android.manifmerger.ActionRecorder::getDecisionTreeRecord (22 bytes)
Event: 245.297 Thread 0x000001c0b8788000 nmethod 15569 0x000001c0a4577810 code [0x000001c0a4577a20, 0x000001c0a45783f8]
Event: 245.300 Thread 0x000001c0b8788000 15570       3       org.apache.xerces.impl.XMLEntityManager::getEntityScanner (54 bytes)
Event: 245.301 Thread 0x000001c0b8788000 nmethod 15570 0x000001c0a4578690 code [0x000001c0a4578880, 0x000001c0a4578d98]
Event: 245.305 Thread 0x000001c0b8788000 15572       3       org.apache.xerces.util.XMLChar::isHighSurrogate (18 bytes)
Event: 245.305 Thread 0x000001c0b8788000 nmethod 15572 0x000001c0a4578f10 code [0x000001c0a45790c0, 0x000001c0a4579238]
Event: 245.305 Thread 0x000001c0b8788000 15573       3       org.apache.xerces.impl.XMLScanner::isInvalidLiteral (5 bytes)
Event: 245.306 Thread 0x000001c0b8788000 nmethod 15573 0x000001c0a4579310 code [0x000001c0a45794e0, 0x000001c0a45796c8]
Event: 245.310 Thread 0x000001c0b8788000 15575       3       org.apache.xerces.dom.NodeImpl::isIdAttribute (17 bytes)
Event: 245.311 Thread 0x000001c0b8788000 nmethod 15575 0x000001c0a4579790 code [0x000001c0a4579940, 0x000001c0a4579a98]
Event: 245.311 Thread 0x000001c0b8788000 15576       3       com.android.manifmerger.XmlNode::fromXmlName (69 bytes)
Event: 245.312 Thread 0x000001c0b8788000 nmethod 15576 0x000001c0a4579b10 code [0x000001c0a4579de0, 0x000001c0a457aaf8]

GC Heap History (20 events):
Event: 50.514 GC heap before
{Heap before GC invocations=69 (full 0):
 garbage-first heap   total 243712K, used 203637K [0x0000000080000000, 0x0000000100000000)
  region size 1024K, 103 young (105472K), 2 survivors (2048K)
 Metaspace       used 94329K, capacity 96713K, committed 96896K, reserved 1132544K
  class space    used 12228K, capacity 13061K, committed 13184K, reserved 1048576K
}
Event: 50.519 GC heap after
{Heap after GC invocations=70 (full 0):
 garbage-first heap   total 243712K, used 100207K [0x0000000080000000, 0x0000000100000000)
  region size 1024K, 2 young (2048K), 2 survivors (2048K)
 Metaspace       used 94329K, capacity 96713K, committed 96896K, reserved 1132544K
  class space    used 12228K, capacity 13061K, committed 13184K, reserved 1048576K
}
Event: 52.964 GC heap before
{Heap before GC invocations=70 (full 0):
 garbage-first heap   total 243712K, used 204655K [0x0000000080000000, 0x0000000100000000)
  region size 1024K, 104 young (106496K), 2 survivors (2048K)
 Metaspace       used 94467K, capacity 96807K, committed 97152K, reserved 1132544K
  class space    used 12252K, capacity 13071K, committed 13184K, reserved 1048576K
}
Event: 52.969 GC heap after
{Heap after GC invocations=71 (full 0):
 garbage-first heap   total 243712K, used 100288K [0x0000000080000000, 0x0000000100000000)
  region size 1024K, 2 young (2048K), 2 survivors (2048K)
 Metaspace       used 94467K, capacity 96807K, committed 97152K, reserved 1132544K
  class space    used 12252K, capacity 13071K, committed 13184K, reserved 1048576K
}
Event: 55.374 GC heap before
{Heap before GC invocations=71 (full 0):
 garbage-first heap   total 243712K, used 205760K [0x0000000080000000, 0x0000000100000000)
  region size 1024K, 105 young (107520K), 2 survivors (2048K)
 Metaspace       used 94467K, capacity 96807K, committed 97152K, reserved 1132544K
  class space    used 12252K, capacity 13071K, committed 13184K, reserved 1048576K
}
Event: 55.379 GC heap after
{Heap after GC invocations=72 (full 0):
 garbage-first heap   total 243712K, used 100234K [0x0000000080000000, 0x0000000100000000)
  region size 1024K, 2 young (2048K), 2 survivors (2048K)
 Metaspace       used 94467K, capacity 96807K, committed 97152K, reserved 1132544K
  class space    used 12252K, capacity 13071K, committed 13184K, reserved 1048576K
}
Event: 57.090 GC heap before
{Heap before GC invocations=72 (full 0):
 garbage-first heap   total 243712K, used 204682K [0x0000000080000000, 0x0000000100000000)
  region size 1024K, 105 young (107520K), 2 survivors (2048K)
 Metaspace       used 99038K, capacity 101418K, committed 101504K, reserved 1136640K
  class space    used 12771K, capacity 13625K, committed 13696K, reserved 1048576K
}
Event: 57.103 GC heap after
{Heap after GC invocations=73 (full 0):
 garbage-first heap   total 243712K, used 105964K [0x0000000080000000, 0x0000000100000000)
  region size 1024K, 8 young (8192K), 8 survivors (8192K)
 Metaspace       used 99038K, capacity 101418K, committed 101504K, reserved 1136640K
  class space    used 12771K, capacity 13625K, committed 13696K, reserved 1048576K
}
Event: 60.516 GC heap before
{Heap before GC invocations=73 (full 0):
 garbage-first heap   total 243712K, used 207340K [0x0000000080000000, 0x0000000100000000)
  region size 1024K, 108 young (110592K), 8 survivors (8192K)
 Metaspace       used 99654K, capacity 102123K, committed 102272K, reserved 1138688K
  class space    used 12819K, capacity 13669K, committed 13696K, reserved 1048576K
}
Event: 60.528 GC heap after
{Heap after GC invocations=74 (full 0):
 garbage-first heap   total 243712K, used 104278K [0x0000000080000000, 0x0000000100000000)
  region size 1024K, 5 young (5120K), 5 survivors (5120K)
 Metaspace       used 99654K, capacity 102123K, committed 102272K, reserved 1138688K
  class space    used 12819K, capacity 13669K, committed 13696K, reserved 1048576K
}
Event: 74.500 GC heap before
{Heap before GC invocations=74 (full 0):
 garbage-first heap   total 243712K, used 208726K [0x0000000080000000, 0x0000000100000000)
  region size 1024K, 107 young (109568K), 5 survivors (5120K)
 Metaspace       used 100147K, capacity 102649K, committed 102912K, reserved 1138688K
  class space    used 12869K, capacity 13736K, committed 13824K, reserved 1048576K
}
Event: 74.509 GC heap after
{Heap after GC invocations=75 (full 0):
 garbage-first heap   total 243712K, used 103921K [0x0000000080000000, 0x0000000100000000)
  region size 1024K, 4 young (4096K), 4 survivors (4096K)
 Metaspace       used 100147K, capacity 102649K, committed 102912K, reserved 1138688K
  class space    used 12869K, capacity 13736K, committed 13824K, reserved 1048576K
}
Event: 79.496 GC heap before
{Heap before GC invocations=75 (full 0):
 garbage-first heap   total 243712K, used 209393K [0x0000000080000000, 0x0000000100000000)
  region size 1024K, 107 young (109568K), 4 survivors (4096K)
 Metaspace       used 102445K, capacity 104973K, committed 105216K, reserved 1140736K
  class space    used 13108K, capacity 13978K, committed 14080K, reserved 1048576K
}
Event: 79.504 GC heap after
{Heap after GC invocations=76 (full 0):
 garbage-first heap   total 243712K, used 104111K [0x0000000080000000, 0x0000000100000000)
  region size 1024K, 5 young (5120K), 5 survivors (5120K)
 Metaspace       used 102445K, capacity 104973K, committed 105216K, reserved 1140736K
  class space    used 13108K, capacity 13978K, committed 14080K, reserved 1048576K
}
Event: 82.504 GC heap before
{Heap before GC invocations=76 (full 0):
 garbage-first heap   total 243712K, used 209583K [0x0000000080000000, 0x0000000100000000)
  region size 1024K, 108 young (110592K), 5 survivors (5120K)
 Metaspace       used 102990K, capacity 105605K, committed 105728K, reserved 1140736K
  class space    used 13185K, capacity 14055K, committed 14080K, reserved 1048576K
}
Event: 82.512 GC heap after
{Heap after GC invocations=77 (full 0):
 garbage-first heap   total 243712K, used 104301K [0x0000000080000000, 0x0000000100000000)
  region size 1024K, 5 young (5120K), 5 survivors (5120K)
 Metaspace       used 102990K, capacity 105605K, committed 105728K, reserved 1140736K
  class space    used 13185K, capacity 14055K, committed 14080K, reserved 1048576K
}
Event: 86.921 GC heap before
{Heap before GC invocations=77 (full 0):
 garbage-first heap   total 243712K, used 209773K [0x0000000080000000, 0x0000000100000000)
  region size 1024K, 109 young (111616K), 5 survivors (5120K)
 Metaspace       used 106851K, capacity 109689K, committed 109824K, reserved 1144832K
  class space    used 13598K, capacity 14590K, committed 14592K, reserved 1048576K
}
Event: 86.944 GC heap after
{Heap after GC invocations=78 (full 0):
 garbage-first heap   total 243712K, used 110677K [0x0000000080000000, 0x0000000100000000)
  region size 1024K, 11 young (11264K), 11 survivors (11264K)
 Metaspace       used 106851K, capacity 109689K, committed 109824K, reserved 1144832K
  class space    used 13598K, capacity 14590K, committed 14592K, reserved 1048576K
}
Event: 238.692 GC heap before
{Heap before GC invocations=78 (full 0):
 garbage-first heap   total 243712K, used 206933K [0x0000000080000000, 0x0000000100000000)
  region size 1024K, 105 young (107520K), 11 survivors (11264K)
 Metaspace       used 112595K, capacity 115921K, committed 116096K, reserved 1150976K
  class space    used 14326K, capacity 15465K, committed 15488K, reserved 1048576K
}
Event: 238.993 GC heap after
{Heap after GC invocations=79 (full 0):
 garbage-first heap   total 243712K, used 117466K [0x0000000080000000, 0x0000000100000000)
  region size 1024K, 14 young (14336K), 14 survivors (14336K)
 Metaspace       used 112595K, capacity 115921K, committed 116096K, reserved 1150976K
  class space    used 14326K, capacity 15465K, committed 15488K, reserved 1048576K
}

Deoptimization events (20 events):
Event: 244.198 Thread 0x000001c0bab5c000 Uncommon trap: trap_request=0xffffffde fr.pc=0x000001c0aa41dad8 relative=0x0000000000000718
Event: 244.198 Thread 0x000001c0bab5c000 Uncommon trap: reason=class_check action=maybe_recompile pc=0x000001c0aa41dad8 method=org.gradle.internal.file.DefaultFileHierarchySet$Node.contains(Ljava/lang/String;I)Z @ 55 c2
Event: 244.198 Thread 0x000001c0bab5c000 DEOPT PACKING pc=0x000001c0aa41dad8 sp=0x0000008f383fefa0
Event: 244.198 Thread 0x000001c0bab5c000 DEOPT UNPACKING pc=0x000001c0a1f178af sp=0x0000008f383fef78 mode 2
Event: 244.198 Thread 0x000001c0bab5c000 Uncommon trap: trap_request=0xffffffde fr.pc=0x000001c0aa41dad8 relative=0x0000000000000718
Event: 244.198 Thread 0x000001c0bab5c000 Uncommon trap: reason=class_check action=maybe_recompile pc=0x000001c0aa41dad8 method=org.gradle.internal.file.DefaultFileHierarchySet$Node.contains(Ljava/lang/String;I)Z @ 55 c2
Event: 244.198 Thread 0x000001c0bab5c000 DEOPT PACKING pc=0x000001c0aa41dad8 sp=0x0000008f383ff050
Event: 244.198 Thread 0x000001c0bab5c000 DEOPT UNPACKING pc=0x000001c0a1f178af sp=0x0000008f383ff010 mode 2
Event: 244.198 Thread 0x000001c0bab5c000 Uncommon trap: trap_request=0xffffffde fr.pc=0x000001c0aa41dad8 relative=0x0000000000000718
Event: 244.198 Thread 0x000001c0bab5c000 Uncommon trap: reason=class_check action=maybe_recompile pc=0x000001c0aa41dad8 method=org.gradle.internal.file.DefaultFileHierarchySet$Node.contains(Ljava/lang/String;I)Z @ 55 c2
Event: 244.198 Thread 0x000001c0bab5c000 DEOPT PACKING pc=0x000001c0aa41dad8 sp=0x0000008f383fefa0
Event: 244.198 Thread 0x000001c0bab5c000 DEOPT UNPACKING pc=0x000001c0a1f178af sp=0x0000008f383fef78 mode 2
Event: 244.198 Thread 0x000001c0bab5c000 Uncommon trap: trap_request=0xffffff4d fr.pc=0x000001c0aa405070 relative=0x0000000000000270
Event: 244.198 Thread 0x000001c0bab5c000 Uncommon trap: reason=unstable_if action=reinterpret pc=0x000001c0aa405070 method=org.gradle.internal.file.DefaultFileHierarchySet$Node.isChildOfOrThis(Ljava/lang/String;I)Z @ 35 c2
Event: 244.198 Thread 0x000001c0bab5c000 DEOPT PACKING pc=0x000001c0aa405070 sp=0x0000008f383feea0
Event: 244.198 Thread 0x000001c0bab5c000 DEOPT UNPACKING pc=0x000001c0a1f178af sp=0x0000008f383fee40 mode 2
Event: 245.155 Thread 0x000001c0be6ea800 Uncommon trap: trap_request=0xffffff4d fr.pc=0x000001c0aa2acaa4 relative=0x0000000000000244
Event: 245.155 Thread 0x000001c0be6ea800 Uncommon trap: reason=unstable_if action=reinterpret pc=0x000001c0aa2acaa4 method=java.util.regex.Matcher.match(II)Z @ 30 c2
Event: 245.155 Thread 0x000001c0be6ea800 DEOPT PACKING pc=0x000001c0aa2acaa4 sp=0x0000008f374f7660
Event: 245.155 Thread 0x000001c0be6ea800 DEOPT UNPACKING pc=0x000001c0a1f178af sp=0x0000008f374f75e8 mode 2

Classes redefined (0 events):
No events

Internal exceptions (20 events):
Event: 232.582 Thread 0x000001c0be6e8000 Exception <a 'java/lang/NoSuchMethodError'{0x0000000089c94458}: <clinit>> (0x0000000089c94458) thrown at [./src/hotspot/share/prims/jni.cpp, line 1362]
Event: 232.585 Thread 0x000001c0be6e8000 Exception <a 'java/lang/NoSuchMethodError'{0x0000000089c9deb0}: <clinit>> (0x0000000089c9deb0) thrown at [./src/hotspot/share/prims/jni.cpp, line 1362]
Event: 232.589 Thread 0x000001c0be6e8000 Exception <a 'java/lang/NoSuchMethodError'{0x0000000089ca80a8}: <clinit>> (0x0000000089ca80a8) thrown at [./src/hotspot/share/prims/jni.cpp, line 1362]
Event: 232.626 Thread 0x000001c0be6e8000 Exception <a 'java/lang/NoSuchMethodError'{0x0000000089cf31c8}: <clinit>> (0x0000000089cf31c8) thrown at [./src/hotspot/share/prims/jni.cpp, line 1362]
Event: 233.371 Thread 0x000001c0be6ea800 Exception <a 'sun/nio/fs/WindowsException'{0x0000000089902138}> (0x0000000089902138) thrown at [./src/hotspot/share/prims/jni.cpp, line 615]
Event: 234.178 Thread 0x000001c0be6ea800 Exception <a 'java/lang/NoClassDefFoundError'{0x00000000897f2858}: org/jetbrains/kotlin/gradle/plugin/KotlinBasePluginWrapper> (0x00000000897f2858) thrown at [./src/hotspot/share/oops/constantPool.cpp, line 775]
Event: 234.944 Thread 0x000001c0be6ea800 Exception <a 'sun/nio/fs/WindowsException'{0x00000000894958f0}> (0x00000000894958f0) thrown at [./src/hotspot/share/prims/jni.cpp, line 615]
Event: 235.084 Thread 0x000001c0be6ea800 Exception <a 'sun/nio/fs/WindowsException'{0x00000000893372c0}> (0x00000000893372c0) thrown at [./src/hotspot/share/prims/jni.cpp, line 615]
Event: 235.085 Thread 0x000001c0be6ea800 Exception <a 'sun/nio/fs/WindowsException'{0x0000000089338250}> (0x0000000089338250) thrown at [./src/hotspot/share/prims/jni.cpp, line 615]
Event: 235.085 Thread 0x000001c0be6ea800 Exception <a 'sun/nio/fs/WindowsException'{0x0000000089339230}> (0x0000000089339230) thrown at [./src/hotspot/share/prims/jni.cpp, line 615]
Event: 235.086 Thread 0x000001c0be6ea800 Exception <a 'sun/nio/fs/WindowsException'{0x000000008933a210}> (0x000000008933a210) thrown at [./src/hotspot/share/prims/jni.cpp, line 615]
Event: 241.066 Thread 0x000001c0be6e8000 Exception <a 'java/lang/NoSuchMethodError'{0x000000008ed533c8}: <clinit>> (0x000000008ed533c8) thrown at [./src/hotspot/share/prims/jni.cpp, line 1362]
Event: 241.100 Thread 0x000001c0be6e8000 Exception <a 'java/lang/NoSuchMethodError'{0x000000008ed5c7a0}: <clinit>> (0x000000008ed5c7a0) thrown at [./src/hotspot/share/prims/jni.cpp, line 1362]
Event: 241.113 Thread 0x000001c0be6e8000 Exception <a 'java/lang/NoSuchMethodError'{0x000000008e9fefd8}: <clinit>> (0x000000008e9fefd8) thrown at [./src/hotspot/share/prims/jni.cpp, line 1362]
Event: 241.124 Thread 0x000001c0be6e8000 Exception <a 'java/lang/NoSuchMethodError'{0x000000008e80f3b0}: <clinit>> (0x000000008e80f3b0) thrown at [./src/hotspot/share/prims/jni.cpp, line 1362]
Event: 241.124 Thread 0x000001c0be6e8000 Exception <a 'java/lang/NoSuchMethodError'{0x000000008e810688}: <clinit>> (0x000000008e810688) thrown at [./src/hotspot/share/prims/jni.cpp, line 1362]
Event: 241.275 Thread 0x000001c0bc968800 Exception <a 'java/lang/NoSuchMethodError'{0x000000008e6aeab8}: <clinit>> (0x000000008e6aeab8) thrown at [./src/hotspot/share/prims/jni.cpp, line 1362]
Event: 241.289 Thread 0x000001c0bc968800 Exception <a 'java/lang/NoSuchMethodError'{0x000000008e552a78}: <clinit>> (0x000000008e552a78) thrown at [./src/hotspot/share/prims/jni.cpp, line 1362]
Event: 241.294 Thread 0x000001c0bc968800 Exception <a 'java/lang/NoSuchMethodError'{0x000000008e56bf58}: <clinit>> (0x000000008e56bf58) thrown at [./src/hotspot/share/prims/jni.cpp, line 1362]
Event: 241.335 Thread 0x000001c0be6e8000 Exception <a 'java/lang/NoSuchMethodError'{0x000000008e405b68}: <clinit>> (0x000000008e405b68) thrown at [./src/hotspot/share/prims/jni.cpp, line 1362]

Events (20 events):
Event: 244.590 loading class com/android/manifmerger/Actions$NodeRecord
Event: 244.590 loading class com/android/manifmerger/Actions$NodeRecord done
Event: 244.590 loading class com/android/manifmerger/Actions$Record
Event: 244.590 loading class com/android/manifmerger/Actions$Record done
Event: 244.594 loading class com/android/manifmerger/NodeOperationType
Event: 244.594 loading class com/android/manifmerger/NodeOperationType done
Event: 244.595 loading class com/android/manifmerger/ConvertibleName
Event: 244.595 loading class com/android/manifmerger/ConvertibleName done
Event: 244.600 loading class com/android/manifmerger/AttributeOperationType
Event: 244.600 loading class com/android/manifmerger/AttributeOperationType done
Event: 244.621 loading class com/android/manifmerger/Actions$AttributeRecord
Event: 244.621 loading class com/android/manifmerger/Actions$AttributeRecord done
Event: 244.632 loading class com/android/manifmerger/XmlNode$NodeName
Event: 244.632 loading class com/android/manifmerger/XmlNode$NodeName done
Event: 244.633 loading class com/android/manifmerger/XmlNode$NodeName
Event: 244.633 loading class com/android/manifmerger/XmlNode$NodeName done
Event: 244.710 loading class com/android/manifmerger/XmlAttribute
Event: 244.710 loading class com/android/manifmerger/XmlAttribute done
Event: 245.152 loading class com/android/manifmerger/OtherOperationType
Event: 245.152 loading class com/android/manifmerger/OtherOperationType done


Dynamic libraries:
0x00007ff71aff0000 - 0x00007ff71affa000 	C:\Program Files\Android\Android Studio\jre\bin\java.exe
0x00007ffd0dd70000 - 0x00007ffd0df65000 	C:\WINDOWS\SYSTEM32\ntdll.dll
0x00007ffd0daf0000 - 0x00007ffd0dbae000 	C:\WINDOWS\System32\KERNEL32.DLL
0x00007ffd0b8c0000 - 0x00007ffd0bb89000 	C:\WINDOWS\System32\KERNELBASE.dll
0x00007ffd0b730000 - 0x00007ffd0b830000 	C:\WINDOWS\System32\ucrtbase.dll
0x00007ffd06f70000 - 0x00007ffd06f87000 	C:\Program Files\Android\Android Studio\jre\bin\VCRUNTIME140.dll
0x00007ffd04f50000 - 0x00007ffd04f69000 	C:\Program Files\Android\Android Studio\jre\bin\jli.dll
0x00007ffd0bdc0000 - 0x00007ffd0bf61000 	C:\WINDOWS\System32\USER32.dll
0x00007ffd0b490000 - 0x00007ffd0b4b2000 	C:\WINDOWS\System32\win32u.dll
0x00007ffd0bf70000 - 0x00007ffd0bf9b000 	C:\WINDOWS\System32\GDI32.dll
0x00007ffcfb110000 - 0x00007ffcfb3aa000 	C:\WINDOWS\WinSxS\amd64_microsoft.windows.common-controls_6595b64144ccf1df_6.0.19041.1110_none_60b5254171f9507e\COMCTL32.dll
0x00007ffd0b4c0000 - 0x00007ffd0b5cb000 	C:\WINDOWS\System32\gdi32full.dll
0x00007ffd0d590000 - 0x00007ffd0d62e000 	C:\WINDOWS\System32\msvcrt.dll
0x00007ffd0bc40000 - 0x00007ffd0bcdd000 	C:\WINDOWS\System32\msvcp_win.dll
0x00007ffd0c0d0000 - 0x00007ffd0c100000 	C:\WINDOWS\System32\IMM32.DLL
0x00007ffcffb20000 - 0x00007ffcffbbd000 	C:\Program Files\Android\Android Studio\jre\bin\msvcp140.dll
0x00007ffce1940000 - 0x00007ffce240f000 	C:\Program Files\Android\Android Studio\jre\bin\server\jvm.dll
0x00007ffd0d3f0000 - 0x00007ffd0d49c000 	C:\WINDOWS\System32\ADVAPI32.dll
0x00007ffd0c840000 - 0x00007ffd0c8db000 	C:\WINDOWS\System32\sechost.dll
0x00007ffd0bfa0000 - 0x00007ffd0c0ca000 	C:\WINDOWS\System32\RPCRT4.dll
0x00007ffd0cd60000 - 0x00007ffd0cd68000 	C:\WINDOWS\System32\PSAPI.DLL
0x00007ffd06fe0000 - 0x00007ffd06fe9000 	C:\WINDOWS\SYSTEM32\WSOCK32.dll
0x00007ffd0d520000 - 0x00007ffd0d58b000 	C:\WINDOWS\System32\WS2_32.dll
0x00007ffcff020000 - 0x00007ffcff047000 	C:\WINDOWS\SYSTEM32\WINMM.dll
0x00007ffd010a0000 - 0x00007ffd010aa000 	C:\WINDOWS\SYSTEM32\VERSION.dll
0x00007ffd09390000 - 0x00007ffd093a2000 	C:\WINDOWS\SYSTEM32\kernel.appcore.dll
0x00007ffd059e0000 - 0x00007ffd059f1000 	C:\Program Files\Android\Android Studio\jre\bin\verify.dll
0x00007ffcf6f30000 - 0x00007ffcf7114000 	C:\WINDOWS\SYSTEM32\DBGHELP.DLL
0x00007ffcf6ef0000 - 0x00007ffcf6f1c000 	C:\WINDOWS\SYSTEM32\dbgcore.DLL
0x00007ffd0bd30000 - 0x00007ffd0bdb3000 	C:\WINDOWS\System32\bcryptPrimitives.dll
0x00007ffd05950000 - 0x00007ffd05979000 	C:\Program Files\Android\Android Studio\jre\bin\java.dll
0x00007ffd06f60000 - 0x00007ffd06f6b000 	C:\Program Files\Android\Android Studio\jre\bin\jimage.dll
0x00007ffd058a0000 - 0x00007ffd058b8000 	C:\Program Files\Android\Android Studio\jre\bin\zip.dll
0x00007ffd0c100000 - 0x00007ffd0c83f000 	C:\WINDOWS\System32\SHELL32.dll
0x00007ffd09590000 - 0x00007ffd09d20000 	C:\WINDOWS\SYSTEM32\windows.storage.dll
0x00007ffd0d790000 - 0x00007ffd0dae5000 	C:\WINDOWS\System32\combase.dll
0x00007ffd0aee0000 - 0x00007ffd0af0c000 	C:\WINDOWS\SYSTEM32\Wldp.dll
0x00007ffd0ced0000 - 0x00007ffd0cf7d000 	C:\WINDOWS\System32\SHCORE.dll
0x00007ffd0d730000 - 0x00007ffd0d785000 	C:\WINDOWS\System32\shlwapi.dll
0x00007ffd0b3d0000 - 0x00007ffd0b3ef000 	C:\WINDOWS\SYSTEM32\profapi.dll
0x00007ffd05880000 - 0x00007ffd0589a000 	C:\Program Files\Android\Android Studio\jre\bin\net.dll
0x00007ffcfe6d0000 - 0x00007ffcfe7d8000 	C:\WINDOWS\SYSTEM32\WINHTTP.dll
0x00007ffd0ac40000 - 0x00007ffd0acaa000 	C:\WINDOWS\system32\mswsock.dll
0x00007ffd04fb0000 - 0x00007ffd04fc4000 	C:\Program Files\Android\Android Studio\jre\bin\nio.dll
0x00007ffcf7cf0000 - 0x00007ffcf7d17000 	C:\Program Files\Java\jdk-17.0.1\native\8bec1ad78214c89d9ad589b4d07fe93259594b29d510b10fafb7a158f7737e5d\windows-amd64\native-platform.dll
0x00007ffce2ca0000 - 0x00007ffce2ddd000 	C:\Program Files\Java\jdk-17.0.1\native\53dbd7edfb1c66fb8903c78663c9afc45aea4f116125fa6feffd364cf09443e8\windows-amd64\native-platform-file-events.dll
0x00007ffd06290000 - 0x00007ffd0629a000 	C:\Program Files\Android\Android Studio\jre\bin\management.dll
0x00007ffd05940000 - 0x00007ffd0594c000 	C:\Program Files\Android\Android Studio\jre\bin\management_ext.dll
0x00007ffd0ae30000 - 0x00007ffd0ae48000 	C:\WINDOWS\SYSTEM32\CRYPTSP.dll
0x00007ffd0a550000 - 0x00007ffd0a584000 	C:\WINDOWS\system32\rsaenh.dll
0x00007ffd0b890000 - 0x00007ffd0b8b7000 	C:\WINDOWS\System32\bcrypt.dll
0x00007ffd0b390000 - 0x00007ffd0b3be000 	C:\WINDOWS\SYSTEM32\USERENV.dll
0x00007ffd0ae50000 - 0x00007ffd0ae5c000 	C:\WINDOWS\SYSTEM32\CRYPTBASE.dll
0x00007ffd0a8e0000 - 0x00007ffd0a91b000 	C:\WINDOWS\SYSTEM32\IPHLPAPI.DLL
0x00007ffd0d6c0000 - 0x00007ffd0d6c8000 	C:\WINDOWS\System32\NSI.dll
0x00007ffd02270000 - 0x00007ffd02287000 	C:\WINDOWS\SYSTEM32\dhcpcsvc6.DLL
0x00007ffd02210000 - 0x00007ffd0222d000 	C:\WINDOWS\SYSTEM32\dhcpcsvc.DLL
0x00007ffd0a920000 - 0x00007ffd0a9ec000 	C:\WINDOWS\SYSTEM32\DNSAPI.dll
0x00007ffd046c0000 - 0x00007ffd046e7000 	C:\Program Files\Android\Android Studio\jre\bin\sunec.dll
0x00007ffcfde00000 - 0x00007ffcfde0a000 	C:\Windows\System32\rasadhlp.dll
0x00007ffcfb650000 - 0x00007ffcfb6cf000 	C:\WINDOWS\System32\fwpuclnt.dll

dbghelp: loaded successfully - version: 4.0.5 - missing functions: none
symbol engine: initialized successfully - sym options: 0x614 - pdb path: .;C:\Program Files\Android\Android Studio\jre\bin;C:\WINDOWS\SYSTEM32;C:\WINDOWS\WinSxS\amd64_microsoft.windows.common-controls_6595b64144ccf1df_6.0.19041.1110_none_60b5254171f9507e;C:\Program Files\Android\Android Studio\jre\bin\server;C:\Program Files\Java\jdk-17.0.1\native\8bec1ad78214c89d9ad589b4d07fe93259594b29d510b10fafb7a158f7737e5d\windows-amd64;C:\Program Files\Java\jdk-17.0.1\native\53dbd7edfb1c66fb8903c78663c9afc45aea4f116125fa6feffd364cf09443e8\windows-amd64

VM Arguments:
jvm_args: --add-opens=java.base/java.util=ALL-UNNAMED --add-opens=java.base/java.lang=ALL-UNNAMED --add-opens=java.base/java.lang.invoke=ALL-UNNAMED --add-opens=java.base/java.util=ALL-UNNAMED --add-opens=java.prefs/java.util.prefs=ALL-UNNAMED --add-opens=java.prefs/java.util.prefs=ALL-UNNAMED --add-opens=java.base/java.nio.charset=ALL-UNNAMED --add-opens=java.base/java.net=ALL-UNNAMED --add-opens=java.base/java.util.concurrent.atomic=ALL-UNNAMED -Xmx2048m -Dfile.encoding=UTF-8 -Duser.country=US -Duser.language=en -Duser.variant 
java_command: org.gradle.launcher.daemon.bootstrap.GradleDaemon 7.0.2
java_class_path (initial): C:\Program Files\Java\jdk-17.0.1\wrapper\dists\gradle-7.0.2-bin\857tjihv64xamwrf0h14cai3r\gradle-7.0.2\lib\gradle-launcher-7.0.2.jar
Launcher Type: SUN_STANDARD

[Global flags]
     intx CICompilerCount                          = 3                                         {product} {ergonomic}
     uint ConcGCThreads                            = 1                                         {product} {ergonomic}
     uint G1ConcRefinementThreads                  = 4                                         {product} {ergonomic}
   size_t G1HeapRegionSize                         = 1048576                                   {product} {ergonomic}
    uintx GCDrainStackTargetSize                   = 64                                        {product} {ergonomic}
   size_t InitialHeapSize                          = 67108864                                  {product} {ergonomic}
   size_t MarkStackSize                            = 4194304                                   {product} {ergonomic}
   size_t MaxHeapSize                              = 2147483648                                {product} {command line}
   size_t MaxNewSize                               = 1287651328                                {product} {ergonomic}
   size_t MinHeapDeltaBytes                        = 1048576                                   {product} {ergonomic}
    uintx NonNMethodCodeHeapSize                   = 5830732                                {pd product} {ergonomic}
    uintx NonProfiledCodeHeapSize                  = 122913754                              {pd product} {ergonomic}
    uintx ProfiledCodeHeapSize                     = 122913754                              {pd product} {ergonomic}
    uintx ReservedCodeCacheSize                    = 251658240                              {pd product} {ergonomic}
     bool SegmentedCodeCache                       = true                                      {product} {ergonomic}
     bool UseCompressedClassPointers               = true                                 {lp64_product} {ergonomic}
     bool UseCompressedOops                        = true                                 {lp64_product} {ergonomic}
     bool UseG1GC                                  = true                                      {product} {ergonomic}
     bool UseLargePagesIndividualAllocation        = false                                  {pd product} {ergonomic}

Logging:
Log output configuration:
 #0: stdout all=warning uptime,level,tags
 #1: stderr all=off uptime,level,tags

Environment Variables:
PATH=C:\Program Files\Common Files\Oracle\Java\javapath;C:\WINDOWS\system32;C:\WINDOWS;C:\WINDOWS\System32\Wbem;C:\WINDOWS\System32\WindowsPowerShell\v1.0\;C:\WINDOWS\System32\OpenSSH\;C:\Program Files\dotnet\;C:\Program Files\Microsoft SQL Server\130\Tools\Binn\;C:\Program Files\Microsoft SQL Server\Client SDK\ODBC\170\Tools\Binn\;C:\Program Files (x86)\dotnet\;C:\Program Files\Git\cmd;C:\Users\MinhNgan\AppData\Local\Microsoft\WindowsApps
USERNAME=MinhNgan
OS=Windows_NT
PROCESSOR_IDENTIFIER=Intel64 Family 6 Model 69 Stepping 1, GenuineIntel



---------------  S Y S T E M  ---------------

OS: Windows 10 , 64 bit Build 19041 (10.0.19041.1202)
OS uptime: 0 days 0:33 hours

CPU:total 4 (initial active 4) (2 cores per cpu, 2 threads per core) family 6 model 69 stepping 1 microcode 0x25, cmov, cx8, fxsr, mmx, sse, sse2, sse3, ssse3, sse4.1, sse4.2, popcnt, avx, avx2, aes, clmul, erms, lzcnt, ht, tsc, tscinvbit, bmi1, bmi2, fma

Memory: 4k page, system-wide physical 3979M (176M free)
TotalPageFile size 6979M (AvailPageFile size 3M)
current process WorkingSet (physical memory assigned to process): 208M, peak: 641M
current process commit charge ("private bytes"): 576M, peak: 671M

vm_info: OpenJDK 64-Bit Server VM (11.0.10+0-b96-7249189) for windows-amd64 JRE (11.0.10+0-b96-7249189), built on Mar 31 2021 21:44:00 by "builder" with MS VC++ 14.0 (VS2015)

END.
