#
# There is insufficient memory for the Java Runtime Environment to continue.
# Native memory allocation (mmap) failed to map 210763776 bytes for Failed to commit area from 0x0000000092300000 to 0x000000009ec00000 of length 210763776.
# Possible reasons:
#   The system is out of physical RAM or swap space
#   The process is running with CompressedOops enabled, and the Java Heap may be blocking the growth of the native heap
# Possible solutions:
#   Reduce memory load on the system
#   Increase physical memory or swap space
#   Check if swap backing store is full
#   Decrease Java heap size (-Xmx/-Xms)
#   Decrease number of Java threads
#   Decrease Java thread stack sizes (-Xss)
#   Set larger code cache with -XX:ReservedCodeCacheSize=
#   JVM is running with Unscaled Compressed Oops mode in which the Java heap is
#     placed in the first 4GB address space. The Java Heap base address is the
#     maximum limit for the native heap growth. Please use -XX:HeapBaseMinAddress
#     to set the Java Heap base and to place the Java Heap above 4GB virtual address.
# This output file may be truncated or incomplete.
#
#  Out of Memory Error (./src/hotspot/os/windows/os_windows.cpp:3301), pid=3720, tid=6900
#
# JRE version: OpenJDK Runtime Environment (11.0.10) (build 11.0.10+0-b96-7249189)
# Java VM: OpenJDK 64-Bit Server VM (11.0.10+0-b96-7249189, mixed mode, tiered, compressed oops, g1 gc, windows-amd64)
# No core dump will be written. Minidumps are not enabled by default on client versions of Windows
#

---------------  S U M M A R Y ------------

Command Line: --add-opens=java.base/java.util=ALL-UNNAMED --add-opens=java.base/java.lang=ALL-UNNAMED --add-opens=java.base/java.lang.invoke=ALL-UNNAMED --add-opens=java.base/java.util=ALL-UNNAMED --add-opens=java.prefs/java.util.prefs=ALL-UNNAMED --add-opens=java.prefs/java.util.prefs=ALL-UNNAMED --add-opens=java.base/java.nio.charset=ALL-UNNAMED --add-opens=java.base/java.net=ALL-UNNAMED --add-opens=java.base/java.util.concurrent.atomic=ALL-UNNAMED -Xmx2048m -Dfile.encoding=UTF-8 -Duser.country=US -Duser.language=en -Duser.variant org.gradle.launcher.daemon.bootstrap.GradleDaemon 7.0.2

Host: Intel(R) Core(TM) i5-4210U CPU @ 1.70GHz, 4 cores, 3G,  Windows 10 , 64 bit Build 19041 (10.0.19041.1348)
Time: Fri Nov 26 19:42:03 2021 SE Asia Standard Time elapsed time: 124.599639 seconds (0d 0h 2m 4s)

---------------  T H R E A D  ---------------

Current thread (0x000001b87ad20000):  VMThread "VM Thread" [stack: 0x0000009b0f600000,0x0000009b0f700000] [id=6900]

Stack: [0x0000009b0f600000,0x0000009b0f700000]
[error occurred during error reporting (printing stack bounds), id 0xc0000005, EXCEPTION_ACCESS_VIOLATION (0xc0000005) at pc=0x000001b800000f2d]

Native frames: (J=compiled Java code, j=interpreted, Vv=VM code, C=native code)
V  [jvm.dll+0x5ecfaa]
V  [jvm.dll+0x722bd5]
V  [jvm.dll+0x72412d]
V  [jvm.dll+0x724745]
V  [jvm.dll+0x7246fb]
V  [jvm.dll+0x5ec348]
V  [jvm.dll+0x5ecad8]
C  [ntdll.dll+0xa20cf]
C  [ntdll.dll+0x51454]
C  [ntdll.dll+0xa0bfe]
C  0x000001b800000f2d

VM_Operation (0x0000009b0eefd160): G1CollectForAllocation, mode: safepoint, requested by thread 0x000001b87c8d3000


---------------  P R O C E S S  ---------------

Threads class SMR info:
_java_thread_list=0x000001b8154e2e00, length=58, elements={
0x000001b86fa0a000, 0x000001b87ad26800, 0x000001b87ad27800, 0x000001b87ad86800,
0x000001b87ad89800, 0x000001b87ad8a800, 0x000001b87ad8f800, 0x000001b87adab000,
0x000001b87adad800, 0x000001b87b7ea000, 0x000001b87db65800, 0x000001b87da10000,
0x000001b87c504000, 0x000001b87c504800, 0x000001b87d616800, 0x000001b87d026800,
0x000001b87d025800, 0x000001b87d024000, 0x000001b87d769000, 0x000001b87d76e000,
0x000001b87d76b800, 0x000001b87d76c000, 0x000001b87d76d000, 0x000001b80f1b5000,
0x000001b80f1b0000, 0x000001b80f1b4800, 0x000001b80f1be000, 0x000001b80f1b7000,
0x000001b80f1b2800, 0x000001b80f1b3800, 0x000001b80f1b8800, 0x000001b80f1bd800,
0x000001b80f1b7800, 0x000001b80f1bf000, 0x000001b80f1b9000, 0x000001b80f1ba000,
0x000001b80f1bb000, 0x000001b80f1bb800, 0x000001b80f1bc800, 0x000001b87d76a800,
0x000001b87d76e800, 0x000001b87d769800, 0x000001b87d025000, 0x000001b87c8d2000,
0x000001b87c8d0800, 0x000001b87c8d1800, 0x000001b87c8d3000, 0x000001b87c8d5800,
0x000001b87c8d4000, 0x000001b87c8cf800, 0x000001b87c8d7000, 0x000001b87c8da800,
0x000001b87c8d9800, 0x000001b87c8d4800, 0x000001b87c8d6000, 0x000001b87c8db000,
0x000001b87c8dc000, 0x000001b87c8dd000
}

Java Threads: ( => current thread )
  0x000001b86fa0a000 JavaThread "main" [_thread_blocked, id=1652, stack(0x0000009b0f000000,0x0000009b0f100000)]
  0x000001b87ad26800 JavaThread "Reference Handler" daemon [_thread_blocked, id=4516, stack(0x0000009b0f700000,0x0000009b0f800000)]
  0x000001b87ad27800 JavaThread "Finalizer" daemon [_thread_blocked, id=9776, stack(0x0000009b0f800000,0x0000009b0f900000)]
  0x000001b87ad86800 JavaThread "Signal Dispatcher" daemon [_thread_blocked, id=9736, stack(0x0000009b0f900000,0x0000009b0fa00000)]
  0x000001b87ad89800 JavaThread "Attach Listener" daemon [_thread_blocked, id=8564, stack(0x0000009b0fa00000,0x0000009b0fb00000)]
  0x000001b87ad8a800 JavaThread "Service Thread" daemon [_thread_blocked, id=9324, stack(0x0000009b0fb00000,0x0000009b0fc00000)]
  0x000001b87ad8f800 JavaThread "C2 CompilerThread0" daemon [_thread_blocked, id=9348, stack(0x0000009b0fc00000,0x0000009b0fd00000)]
  0x000001b87adab000 JavaThread "C1 CompilerThread0" daemon [_thread_blocked, id=696, stack(0x0000009b0fd00000,0x0000009b0fe00000)]
  0x000001b87adad800 JavaThread "Sweeper thread" daemon [_thread_blocked, id=7044, stack(0x0000009b0fe00000,0x0000009b0ff00000)]
  0x000001b87b7ea000 JavaThread "Common-Cleaner" daemon [_thread_blocked, id=8456, stack(0x0000009b0ff00000,0x0000009b10000000)]
  0x000001b87db65800 JavaThread "Daemon health stats" [_thread_blocked, id=8068, stack(0x0000009b10200000,0x0000009b10300000)]
  0x000001b87da10000 JavaThread "Incoming local TCP Connector on port 49774" [_thread_in_native, id=7908, stack(0x0000009b10300000,0x0000009b10400000)]
  0x000001b87c504000 JavaThread "Daemon" [_thread_blocked, id=7808, stack(0x0000009b10400000,0x0000009b10500000)]
  0x000001b87c504800 JavaThread "Daemon periodic checks" [_thread_blocked, id=7812, stack(0x0000009b10600000,0x0000009b10700000)]
  0x000001b87d616800 JavaThread "Daemon worker" [_thread_blocked, id=6788, stack(0x0000009b10800000,0x0000009b10900000)]
  0x000001b87d026800 JavaThread "Cache worker for file hash cache (C:\Program Files\Java\jdk-17.0.1\caches\7.0.2\fileHashes)" [_thread_blocked, id=8124, stack(0x0000009b10e00000,0x0000009b10f00000)]
  0x000001b87d025800 JavaThread "File lock request listener" [_thread_in_native, id=1236, stack(0x0000009b10f00000,0x0000009b11000000)]
  0x000001b87d024000 JavaThread "Cache worker for journal cache (C:\Program Files\Java\jdk-17.0.1\caches\journal-1)" [_thread_blocked, id=7028, stack(0x0000009b11000000,0x0000009b11100000)]
  0x000001b87d769000 JavaThread "File watcher server" daemon [_thread_blocked, id=7636, stack(0x0000009b11200000,0x0000009b11300000)]
  0x000001b87d76e000 JavaThread "File watcher consumer" daemon [_thread_blocked, id=9596, stack(0x0000009b11300000,0x0000009b11400000)]
  0x000001b87d76b800 JavaThread "Cache worker for execution history cache (C:\Program Files\Java\jdk-17.0.1\caches\7.0.2\executionHistory)" [_thread_blocked, id=10076, stack(0x0000009b11700000,0x0000009b11800000)]
  0x000001b87d76c000 JavaThread "jar transforms" [_thread_blocked, id=7072, stack(0x0000009b11800000,0x0000009b11900000)]
  0x000001b87d76d000 JavaThread "jar transforms Thread 2" [_thread_blocked, id=6968, stack(0x0000009b11900000,0x0000009b11a00000)]
  0x000001b80f1b5000 JavaThread "Cache worker for file content cache (C:\Program Files\Java\jdk-17.0.1\caches\7.0.2\fileContent)" [_thread_blocked, id=1072, stack(0x0000009b11a00000,0x0000009b11b00000)]
  0x000001b80f1b0000 JavaThread "jar transforms Thread 3" [_thread_blocked, id=6756, stack(0x0000009b11b00000,0x0000009b11c00000)]
  0x000001b80f1b4800 JavaThread "jar transforms Thread 4" [_thread_blocked, id=7888, stack(0x0000009b11c00000,0x0000009b11d00000)]
  0x000001b80f1be000 JavaThread "Memory manager" [_thread_blocked, id=6752, stack(0x0000009b12300000,0x0000009b12400000)]
  0x000001b80f1b7000 JavaThread "Handler for socket connection from /127.0.0.1:49774 to /127.0.0.1:49792" [_thread_in_native, id=3008, stack(0x0000009b10700000,0x0000009b10800000)]
  0x000001b80f1b2800 JavaThread "Cancel handler" [_thread_blocked, id=2988, stack(0x0000009b10900000,0x0000009b10a00000)]
  0x000001b80f1b3800 JavaThread "Asynchronous log dispatcher for DefaultDaemonConnection: socket connection from /127.0.0.1:49774 to /127.0.0.1:49792" [_thread_blocked, id=3020, stack(0x0000009b10a00000,0x0000009b10b00000)]
  0x000001b80f1b8800 JavaThread "Daemon client event forwarder" [_thread_blocked, id=3148, stack(0x0000009b11100000,0x0000009b11200000)]
  0x000001b80f1bd800 JavaThread "Cache worker for file hash cache (C:\Users\MinhNgan\AndroidStudioProjects\Android_hepat\.gradle\7.0.2\fileHashes)" [_thread_blocked, id=3160, stack(0x0000009b11400000,0x0000009b11500000)]
  0x000001b80f1b7800 JavaThread "Cache worker for checksums cache (C:\Users\MinhNgan\AndroidStudioProjects\Android_hepat\.gradle\checksums)" [_thread_blocked, id=3356, stack(0x0000009b11500000,0x0000009b11600000)]
  0x000001b80f1bf000 JavaThread "Cache worker for cache directory md-supplier (C:\Program Files\Java\jdk-17.0.1\caches\7.0.2\md-supplier)" [_thread_blocked, id=3180, stack(0x0000009b11600000,0x0000009b11700000)]
  0x000001b80f1b9000 JavaThread "Cache worker for cache directory md-rule (C:\Program Files\Java\jdk-17.0.1\caches\7.0.2\md-rule)" [_thread_blocked, id=3268, stack(0x0000009b11d00000,0x0000009b11e00000)]
  0x000001b80f1ba000 JavaThread "Cache worker for dependencies-accessors (C:\Users\MinhNgan\AndroidStudioProjects\Android_hepat\.gradle\7.0.2\dependencies-accessors)" [_thread_blocked, id=3212, stack(0x0000009b11e00000,0x0000009b11f00000)]
  0x000001b80f1bb000 JavaThread "Cache worker for Build Output Cleanup Cache (C:\Users\MinhNgan\AndroidStudioProjects\Android_hepat\.gradle\buildOutputCleanup)" [_thread_blocked, id=3256, stack(0x0000009b11f00000,0x0000009b12000000)]
  0x000001b80f1bb800 JavaThread "Build operations" [_thread_blocked, id=7112, stack(0x0000009b12000000,0x0000009b12100000)]
  0x000001b80f1bc800 JavaThread "Build operations Thread 2" [_thread_blocked, id=3304, stack(0x0000009b12100000,0x0000009b12200000)]
  0x000001b87d76a800 JavaThread "Build operations Thread 3" [_thread_blocked, id=3320, stack(0x0000009b12200000,0x0000009b12300000)]
  0x000001b87d76e800 JavaThread "Build operations Thread 4" [_thread_blocked, id=3344, stack(0x0000009b12400000,0x0000009b12500000)]
  0x000001b87d769800 JavaThread "build event listener" [_thread_blocked, id=3524, stack(0x0000009b12500000,0x0000009b12600000)]
  0x000001b87d025000 JavaThread "Execution worker for ':'" [_thread_blocked, id=4440, stack(0x0000009b12600000,0x0000009b12700000)]
  0x000001b87c8d2000 JavaThread "Execution worker for ':' Thread 2" [_thread_blocked, id=4616, stack(0x0000009b12700000,0x0000009b12800000)]
  0x000001b87c8d0800 JavaThread "Execution worker for ':' Thread 3" [_thread_blocked, id=4240, stack(0x0000009b12800000,0x0000009b12900000)]
  0x000001b87c8d1800 JavaThread "Cache worker for execution history cache (C:\Users\MinhNgan\AndroidStudioProjects\Android_hepat\.gradle\7.0.2\executionHistory)" [_thread_blocked, id=4196, stack(0x0000009b12900000,0x0000009b12a00000)]
  0x000001b87c8d3000 JavaThread "WorkerExecutor Queue" [_thread_blocked, id=4652, stack(0x0000009b0ee00000,0x0000009b0ef00000)]
  0x000001b87c8d5800 JavaThread "WorkerExecutor Queue Thread 2" [_thread_blocked, id=5264, stack(0x0000009b0ef00000,0x0000009b0f000000)]
  0x000001b87c8d4000 JavaThread "WorkerExecutor Queue Thread 3" [_thread_blocked, id=5260, stack(0x0000009b12a00000,0x0000009b12b00000)]
  0x000001b87c8cf800 JavaThread "WorkerExecutor Queue Thread 4" [_thread_blocked, id=3824, stack(0x0000009b12d00000,0x0000009b12e00000)]
  0x000001b87c8d7000 JavaThread "Java2D Disposer" daemon [_thread_blocked, id=8024, stack(0x0000009b12e00000,0x0000009b12f00000)]
  0x000001b87c8da800 JavaThread "pool-4-thread-1" [_thread_blocked, id=10116, stack(0x0000009b12f00000,0x0000009b13000000)]
  0x000001b87c8d9800 JavaThread "ForkJoinPool-1-worker-3" daemon [_thread_blocked, id=10224, stack(0x0000009b13000000,0x0000009b13100000)]
  0x000001b87c8d4800 JavaThread "ForkJoinPool-1-worker-5" daemon [_thread_blocked, id=10092, stack(0x0000009b13100000,0x0000009b13200000)]
  0x000001b87c8d6000 JavaThread "ForkJoinPool-1-worker-7" daemon [_thread_blocked, id=4276, stack(0x0000009b13200000,0x0000009b13300000)]
  0x000001b87c8db000 JavaThread "ForkJoinPool-1-worker-1" daemon [_thread_blocked, id=5820, stack(0x0000009b13300000,0x0000009b13400000)]
  0x000001b87c8dc000 JavaThread "stderr" [_thread_in_native, id=5476, stack(0x0000009b13400000,0x0000009b13500000)]
  0x000001b87c8dd000 JavaThread "stdout" [_thread_in_native, id=6180, stack(0x0000009b13500000,0x0000009b13600000)]

Other Threads:
=>0x000001b87ad20000 VMThread "VM Thread" [stack: 0x0000009b0f600000,0x0000009b0f700000] [id=6900]
  0x000001b87b831000 WatcherThread [stack: 0x0000009b10000000,0x0000009b10100000] [id=9320]
  0x000001b86fa22800 GCTaskThread "GC Thread#0" [stack: 0x0000009b0f100000,0x0000009b0f200000] [id=8464]
  0x000001b87bc45000 GCTaskThread "GC Thread#1" [stack: 0x0000009b10100000,0x0000009b10200000] [id=6720]
  0x000001b87d212800 GCTaskThread "GC Thread#2" [stack: 0x0000009b10c00000,0x0000009b10d00000] [id=5348]
  0x000001b87d0f1800 GCTaskThread "GC Thread#3" [stack: 0x0000009b10d00000,0x0000009b10e00000] [id=8132]
  0x000001b86fa52000 ConcurrentGCThread "G1 Main Marker" [stack: 0x0000009b0f200000,0x0000009b0f300000] [id=9152]
  0x000001b86fa53800 ConcurrentGCThread "G1 Conc#0" [stack: 0x0000009b0f300000,0x0000009b0f400000] [id=416]
  0x000001b86faad800 ConcurrentGCThread "G1 Refine#0" [stack: 0x0000009b0f400000,0x0000009b0f500000] [id=1560]
  0x000001b86faaf800 ConcurrentGCThread "G1 Young RemSet Sampling" [stack: 0x0000009b0f500000,0x0000009b0f600000] [id=1676]

Threads with active compile tasks:
C2 CompilerThread0 124667 18855       4       com.android.tools.r8.dex.m$$Lambda$1461/0x0000000100ef9040::accept (12 bytes)

VM state:at safepoint (normal execution)

VM Mutex/Monitor currently owned by a thread:  ([mutex/lock_event])
[0x000001b86fa079c0] Threads_lock - owner thread: 0x000001b87ad20000
[0x000001b86fa06580] Heap_lock - owner thread: 0x000001b87c8d3000

Heap address: 0x0000000080000000, size: 2048 MB, Compressed Oops mode: 32-bit
Narrow klass base: 0x0000000000000000, Narrow klass shift: 3
Compressed class space size: 1073741824 Address: 0x0000000100000000

Heap:
 garbage-first heap   total 503808K, used 243798K [0x0000000080000000, 0x0000000100000000)
  region size 1024K, 2 young (2048K), 2 survivors (2048K)
 Metaspace       used 113766K, capacity 116772K, committed 116900K, reserved 1150976K
  class space    used 14246K, capacity 15371K, committed 15436K, reserved 1048576K
Heap Regions: E=young(eden), S=young(survivor), O=old, HS=humongous(starts), HC=humongous(continues), CS=collection set, F=free, A=archive, TAMS=top-at-mark-start (previous, next)
|   0|0x0000000080000000, 0x0000000080100000, 0x0000000080100000|100%|HS|  |TAMS 0x0000000080100000, 0x0000000080000000| Complete 
|   1|0x0000000080100000, 0x0000000080200000, 0x0000000080200000|100%|HC|  |TAMS 0x0000000080200000, 0x0000000080100000| Complete 
|   2|0x0000000080200000, 0x0000000080300000, 0x0000000080300000|100%|HC|  |TAMS 0x0000000080300000, 0x0000000080200000| Complete 
|   3|0x0000000080300000, 0x0000000080400000, 0x0000000080400000|100%| O|  |TAMS 0x0000000080400000, 0x0000000080300000| Untracked 
|   4|0x0000000080400000, 0x0000000080500000, 0x0000000080500000|100%| O|  |TAMS 0x0000000080500000, 0x0000000080400000| Untracked 
|   5|0x0000000080500000, 0x0000000080600000, 0x0000000080600000|100%| O|  |TAMS 0x0000000080600000, 0x0000000080500000| Untracked 
|   6|0x0000000080600000, 0x0000000080700000, 0x0000000080700000|100%| O|  |TAMS 0x0000000080700000, 0x0000000080600000| Untracked 
|   7|0x0000000080700000, 0x0000000080800000, 0x0000000080800000|100%| O|  |TAMS 0x0000000080800000, 0x0000000080700000| Untracked 
|   8|0x0000000080800000, 0x0000000080900000, 0x0000000080900000|100%| O|  |TAMS 0x0000000080900000, 0x0000000080800000| Untracked 
|   9|0x0000000080900000, 0x0000000080a00000, 0x0000000080a00000|100%| O|  |TAMS 0x0000000080a00000, 0x0000000080900000| Untracked 
|  10|0x0000000080a00000, 0x0000000080b00000, 0x0000000080b00000|100%| O|  |TAMS 0x0000000080b00000, 0x0000000080a00000| Untracked 
|  11|0x0000000080b00000, 0x0000000080c00000, 0x0000000080c00000|100%| O|  |TAMS 0x0000000080c00000, 0x0000000080b00000| Untracked 
|  12|0x0000000080c00000, 0x0000000080d00000, 0x0000000080d00000|100%| O|  |TAMS 0x0000000080d00000, 0x0000000080c00000| Untracked 
|  13|0x0000000080d00000, 0x0000000080e00000, 0x0000000080e00000|100%| O|  |TAMS 0x0000000080e00000, 0x0000000080d00000| Untracked 
|  14|0x0000000080e00000, 0x0000000080f00000, 0x0000000080f00000|100%| O|  |TAMS 0x0000000080f00000, 0x0000000080e00000| Untracked 
|  15|0x0000000080f00000, 0x0000000081000000, 0x0000000081000000|100%| O|  |TAMS 0x0000000081000000, 0x0000000080f00000| Untracked 
|  16|0x0000000081000000, 0x0000000081100000, 0x0000000081100000|100%| O|  |TAMS 0x0000000081100000, 0x0000000081000000| Untracked 
|  17|0x0000000081100000, 0x0000000081200000, 0x0000000081200000|100%| O|  |TAMS 0x0000000081200000, 0x0000000081100000| Untracked 
|  18|0x0000000081200000, 0x0000000081300000, 0x0000000081300000|100%| O|  |TAMS 0x0000000081300000, 0x0000000081200000| Untracked 
|  19|0x0000000081300000, 0x0000000081400000, 0x0000000081400000|100%| O|  |TAMS 0x0000000081400000, 0x0000000081300000| Untracked 
|  20|0x0000000081400000, 0x0000000081500000, 0x0000000081500000|100%| O|  |TAMS 0x0000000081500000, 0x0000000081400000| Untracked 
|  21|0x0000000081500000, 0x0000000081600000, 0x0000000081600000|100%| O|  |TAMS 0x0000000081600000, 0x0000000081500000| Untracked 
|  22|0x0000000081600000, 0x0000000081700000, 0x0000000081700000|100%|HS|  |TAMS 0x0000000081700000, 0x0000000081600000| Complete 
|  23|0x0000000081700000, 0x0000000081800000, 0x0000000081800000|100%| O|  |TAMS 0x0000000081800000, 0x0000000081700000| Untracked 
|  24|0x0000000081800000, 0x0000000081900000, 0x0000000081900000|100%| O|  |TAMS 0x0000000081900000, 0x0000000081800000| Untracked 
|  25|0x0000000081900000, 0x0000000081a00000, 0x0000000081a00000|100%| O|  |TAMS 0x0000000081a00000, 0x0000000081900000| Untracked 
|  26|0x0000000081a00000, 0x0000000081b00000, 0x0000000081b00000|100%|HS|  |TAMS 0x0000000081b00000, 0x0000000081a00000| Complete 
|  27|0x0000000081b00000, 0x0000000081c00000, 0x0000000081c00000|100%|HS|  |TAMS 0x0000000081c00000, 0x0000000081b00000| Complete 
|  28|0x0000000081c00000, 0x0000000081d00000, 0x0000000081d00000|100%|HC|  |TAMS 0x0000000081d00000, 0x0000000081c00000| Complete 
|  29|0x0000000081d00000, 0x0000000081e00000, 0x0000000081e00000|100%| O|  |TAMS 0x0000000081e00000, 0x0000000081d00000| Untracked 
|  30|0x0000000081e00000, 0x0000000081f00000, 0x0000000081f00000|100%| O|  |TAMS 0x0000000081f00000, 0x0000000081e00000| Untracked 
|  31|0x0000000081f00000, 0x0000000082000000, 0x0000000082000000|100%| O|  |TAMS 0x0000000082000000, 0x0000000081f00000| Untracked 
|  32|0x0000000082000000, 0x0000000082100000, 0x0000000082100000|100%| O|  |TAMS 0x0000000082100000, 0x0000000082000000| Untracked 
|  33|0x0000000082100000, 0x0000000082200000, 0x0000000082200000|100%| O|  |TAMS 0x0000000082200000, 0x0000000082100000| Untracked 
|  34|0x0000000082200000, 0x0000000082300000, 0x0000000082300000|100%| O|  |TAMS 0x0000000082300000, 0x0000000082200000| Untracked 
|  35|0x0000000082300000, 0x0000000082400000, 0x0000000082400000|100%| O|  |TAMS 0x0000000082400000, 0x0000000082300000| Untracked 
|  36|0x0000000082400000, 0x0000000082500000, 0x0000000082500000|100%| O|  |TAMS 0x0000000082500000, 0x0000000082400000| Untracked 
|  37|0x0000000082500000, 0x0000000082600000, 0x0000000082600000|100%| O|  |TAMS 0x0000000082600000, 0x0000000082500000| Untracked 
|  38|0x0000000082600000, 0x0000000082700000, 0x0000000082700000|100%| O|  |TAMS 0x0000000082700000, 0x0000000082600000| Untracked 
|  39|0x0000000082700000, 0x0000000082800000, 0x0000000082800000|100%| O|  |TAMS 0x0000000082800000, 0x0000000082700000| Untracked 
|  40|0x0000000082800000, 0x0000000082900000, 0x0000000082900000|100%| O|  |TAMS 0x0000000082900000, 0x0000000082800000| Untracked 
|  41|0x0000000082900000, 0x0000000082a00000, 0x0000000082a00000|100%| O|  |TAMS 0x0000000082a00000, 0x0000000082900000| Untracked 
|  42|0x0000000082a00000, 0x0000000082b00000, 0x0000000082b00000|100%| O|  |TAMS 0x0000000082b00000, 0x0000000082a00000| Untracked 
|  43|0x0000000082b00000, 0x0000000082c00000, 0x0000000082c00000|100%| O|  |TAMS 0x0000000082c00000, 0x0000000082b00000| Untracked 
|  44|0x0000000082c00000, 0x0000000082d00000, 0x0000000082d00000|100%| O|  |TAMS 0x0000000082d00000, 0x0000000082c00000| Untracked 
|  45|0x0000000082d00000, 0x0000000082e00000, 0x0000000082e00000|100%| O|  |TAMS 0x0000000082e00000, 0x0000000082d00000| Untracked 
|  46|0x0000000082e00000, 0x0000000082f00000, 0x0000000082f00000|100%| O|  |TAMS 0x0000000082f00000, 0x0000000082e00000| Untracked 
|  47|0x0000000082f00000, 0x0000000083000000, 0x0000000083000000|100%| O|  |TAMS 0x0000000083000000, 0x0000000082f00000| Untracked 
|  48|0x0000000083000000, 0x0000000083100000, 0x0000000083100000|100%| O|  |TAMS 0x0000000083100000, 0x0000000083000000| Untracked 
|  49|0x0000000083100000, 0x0000000083200000, 0x0000000083200000|100%| O|  |TAMS 0x0000000083200000, 0x0000000083100000| Untracked 
|  50|0x0000000083200000, 0x0000000083300000, 0x0000000083300000|100%| O|  |TAMS 0x0000000083300000, 0x0000000083200000| Untracked 
|  51|0x0000000083300000, 0x0000000083400000, 0x0000000083400000|100%| O|  |TAMS 0x0000000083400000, 0x0000000083300000| Untracked 
|  52|0x0000000083400000, 0x0000000083500000, 0x0000000083500000|100%| O|  |TAMS 0x0000000083500000, 0x0000000083400000| Untracked 
|  53|0x0000000083500000, 0x0000000083600000, 0x0000000083600000|100%| O|  |TAMS 0x0000000083600000, 0x0000000083500000| Untracked 
|  54|0x0000000083600000, 0x0000000083700000, 0x0000000083700000|100%| O|  |TAMS 0x0000000083700000, 0x0000000083600000| Untracked 
|  55|0x0000000083700000, 0x0000000083800000, 0x0000000083800000|100%| O|  |TAMS 0x0000000083800000, 0x0000000083700000| Untracked 
|  56|0x0000000083800000, 0x0000000083900000, 0x0000000083900000|100%| O|  |TAMS 0x0000000083900000, 0x0000000083800000| Untracked 
|  57|0x0000000083900000, 0x0000000083a00000, 0x0000000083a00000|100%| O|  |TAMS 0x0000000083a00000, 0x0000000083900000| Untracked 
|  58|0x0000000083a00000, 0x0000000083b00000, 0x0000000083b00000|100%| O|  |TAMS 0x0000000083b00000, 0x0000000083a00000| Untracked 
|  59|0x0000000083b00000, 0x0000000083c00000, 0x0000000083c00000|100%| O|  |TAMS 0x0000000083c00000, 0x0000000083b00000| Untracked 
|  60|0x0000000083c00000, 0x0000000083d00000, 0x0000000083d00000|100%| O|  |TAMS 0x0000000083d00000, 0x0000000083c00000| Untracked 
|  61|0x0000000083d00000, 0x0000000083e00000, 0x0000000083e00000|100%| O|  |TAMS 0x0000000083e00000, 0x0000000083d00000| Untracked 
|  62|0x0000000083e00000, 0x0000000083f00000, 0x0000000083f00000|100%| O|  |TAMS 0x0000000083f00000, 0x0000000083e00000| Untracked 
|  63|0x0000000083f00000, 0x0000000084000000, 0x0000000084000000|100%| O|  |TAMS 0x0000000084000000, 0x0000000083f00000| Untracked 
|  64|0x0000000084000000, 0x0000000084100000, 0x0000000084100000|100%| O|  |TAMS 0x0000000084100000, 0x0000000084000000| Untracked 
|  65|0x0000000084100000, 0x0000000084200000, 0x0000000084200000|100%| O|  |TAMS 0x0000000084200000, 0x0000000084100000| Untracked 
|  66|0x0000000084200000, 0x0000000084300000, 0x0000000084300000|100%| O|  |TAMS 0x0000000084300000, 0x0000000084200000| Untracked 
|  67|0x0000000084300000, 0x0000000084400000, 0x0000000084400000|100%| O|  |TAMS 0x0000000084400000, 0x0000000084300000| Untracked 
|  68|0x0000000084400000, 0x0000000084500000, 0x0000000084500000|100%| O|  |TAMS 0x0000000084500000, 0x0000000084400000| Untracked 
|  69|0x0000000084500000, 0x0000000084600000, 0x0000000084600000|100%| O|  |TAMS 0x0000000084600000, 0x0000000084500000| Untracked 
|  70|0x0000000084600000, 0x0000000084700000, 0x0000000084700000|100%| O|  |TAMS 0x0000000084602400, 0x0000000084600000| Untracked 
|  71|0x0000000084700000, 0x0000000084800000, 0x0000000084800000|100%| O|  |TAMS 0x0000000084800000, 0x0000000084700000| Untracked 
|  72|0x0000000084800000, 0x0000000084900000, 0x0000000084900000|100%| O|  |TAMS 0x0000000084800000, 0x0000000084800000| Untracked 
|  73|0x0000000084900000, 0x0000000084a00000, 0x0000000084a00000|100%| O|  |TAMS 0x0000000084900000, 0x0000000084900000| Untracked 
|  74|0x0000000084a00000, 0x0000000084b00000, 0x0000000084b00000|100%| O|  |TAMS 0x0000000084b00000, 0x0000000084a00000| Untracked 
|  75|0x0000000084b00000, 0x0000000084c00000, 0x0000000084c00000|100%| O|  |TAMS 0x0000000084c00000, 0x0000000084b00000| Untracked 
|  76|0x0000000084c00000, 0x0000000084d00000, 0x0000000084d00000|100%| O|  |TAMS 0x0000000084d00000, 0x0000000084c00000| Untracked 
|  77|0x0000000084d00000, 0x0000000084e00000, 0x0000000084e00000|100%| O|  |TAMS 0x0000000084e00000, 0x0000000084d00000| Untracked 
|  78|0x0000000084e00000, 0x0000000084f00000, 0x0000000084f00000|100%| O|  |TAMS 0x0000000084e00000, 0x0000000084e00000| Untracked 
|  79|0x0000000084f00000, 0x0000000085000000, 0x0000000085000000|100%| O|  |TAMS 0x0000000085000000, 0x0000000084f00000| Untracked 
|  80|0x0000000085000000, 0x0000000085100000, 0x0000000085100000|100%|HS|  |TAMS 0x0000000085000000, 0x0000000085000000| Complete 
|  81|0x0000000085100000, 0x0000000085200000, 0x0000000085200000|100%|HC|  |TAMS 0x0000000085100000, 0x0000000085100000| Complete 
|  82|0x0000000085200000, 0x0000000085300000, 0x0000000085300000|100%| O|  |TAMS 0x0000000085300000, 0x0000000085200000| Untracked 
|  83|0x0000000085300000, 0x0000000085400000, 0x0000000085400000|100%|HS|  |TAMS 0x0000000085300000, 0x0000000085300000| Complete 
|  84|0x0000000085400000, 0x0000000085500000, 0x0000000085500000|100%|HS|  |TAMS 0x0000000085400000, 0x0000000085400000| Complete 
|  85|0x0000000085500000, 0x0000000085600000, 0x0000000085600000|100%|HS|  |TAMS 0x0000000085500000, 0x0000000085500000| Complete 
|  86|0x0000000085600000, 0x0000000085700000, 0x0000000085700000|100%|HS|  |TAMS 0x0000000085600000, 0x0000000085600000| Complete 
|  87|0x0000000085700000, 0x0000000085800000, 0x0000000085800000|100%| O|  |TAMS 0x0000000085700000, 0x0000000085700000| Untracked 
|  88|0x0000000085800000, 0x0000000085900000, 0x0000000085900000|100%| O|  |TAMS 0x0000000085800000, 0x0000000085800000| Untracked 
|  89|0x0000000085900000, 0x0000000085a00000, 0x0000000085a00000|100%| O|  |TAMS 0x0000000085900000, 0x0000000085900000| Untracked 
|  90|0x0000000085a00000, 0x0000000085b00000, 0x0000000085b00000|100%| O|  |TAMS 0x0000000085a00000, 0x0000000085a00000| Untracked 
|  91|0x0000000085b00000, 0x0000000085c00000, 0x0000000085c00000|100%| O|  |TAMS 0x0000000085b00000, 0x0000000085b00000| Untracked 
|  92|0x0000000085c00000, 0x0000000085d00000, 0x0000000085d00000|100%|HS|  |TAMS 0x0000000085c00000, 0x0000000085c00000| Complete 
|  93|0x0000000085d00000, 0x0000000085e00000, 0x0000000085e00000|100%|HS|  |TAMS 0x0000000085d00000, 0x0000000085d00000| Complete 
|  94|0x0000000085e00000, 0x0000000085f00000, 0x0000000085f00000|100%|HS|  |TAMS 0x0000000085e00000, 0x0000000085e00000| Complete 
|  95|0x0000000085f00000, 0x0000000086000000, 0x0000000086000000|100%|HC|  |TAMS 0x0000000085f00000, 0x0000000085f00000| Complete 
|  96|0x0000000086000000, 0x0000000086100000, 0x0000000086100000|100%| O|  |TAMS 0x0000000086000000, 0x0000000086000000| Untracked 
|  97|0x0000000086100000, 0x0000000086200000, 0x0000000086200000|100%|HS|  |TAMS 0x0000000086100000, 0x0000000086100000| Complete 
|  98|0x0000000086200000, 0x0000000086300000, 0x0000000086300000|100%| O|  |TAMS 0x0000000086200000, 0x0000000086200000| Untracked 
|  99|0x0000000086300000, 0x0000000086400000, 0x0000000086400000|100%|HS|  |TAMS 0x0000000086300000, 0x0000000086300000| Complete 
| 100|0x0000000086400000, 0x0000000086500000, 0x0000000086500000|100%| O|  |TAMS 0x0000000086400000, 0x0000000086400000| Untracked 
| 101|0x0000000086500000, 0x0000000086600000, 0x0000000086600000|100%|HS|  |TAMS 0x0000000086500000, 0x0000000086500000| Complete 
| 102|0x0000000086600000, 0x0000000086700000, 0x0000000086700000|100%| O|  |TAMS 0x0000000086600000, 0x0000000086600000| Untracked 
| 103|0x0000000086700000, 0x0000000086800000, 0x0000000086800000|100%|HS|  |TAMS 0x0000000086700000, 0x0000000086700000| Complete 
| 104|0x0000000086800000, 0x0000000086900000, 0x0000000086900000|100%| O|  |TAMS 0x0000000086800000, 0x0000000086800000| Untracked 
| 105|0x0000000086900000, 0x0000000086a00000, 0x0000000086a00000|100%| O|  |TAMS 0x0000000086900000, 0x0000000086900000| Untracked 
| 106|0x0000000086a00000, 0x0000000086b00000, 0x0000000086b00000|100%| O|  |TAMS 0x0000000086b00000, 0x0000000086a00000| Untracked 
| 107|0x0000000086b00000, 0x0000000086c00000, 0x0000000086c00000|100%| O|  |TAMS 0x0000000086c00000, 0x0000000086b00000| Untracked 
| 108|0x0000000086c00000, 0x0000000086d00000, 0x0000000086d00000|100%| O|  |TAMS 0x0000000086d00000, 0x0000000086c00000| Untracked 
| 109|0x0000000086d00000, 0x0000000086e00000, 0x0000000086e00000|100%| O|  |TAMS 0x0000000086d00000, 0x0000000086d00000| Untracked 
| 110|0x0000000086e00000, 0x0000000086f00000, 0x0000000086f00000|100%| O|  |TAMS 0x0000000086f00000, 0x0000000086e00000| Untracked 
| 111|0x0000000086f00000, 0x0000000087000000, 0x0000000087000000|100%| O|  |TAMS 0x0000000086f00000, 0x0000000086f00000| Untracked 
| 112|0x0000000087000000, 0x0000000087100000, 0x0000000087100000|100%| O|  |TAMS 0x0000000087000000, 0x0000000087000000| Untracked 
| 113|0x0000000087100000, 0x0000000087200000, 0x0000000087200000|100%| O|  |TAMS 0x0000000087100000, 0x0000000087100000| Untracked 
| 114|0x0000000087200000, 0x0000000087300000, 0x0000000087300000|100%| O|  |TAMS 0x0000000087200000, 0x0000000087200000| Untracked 
| 115|0x0000000087300000, 0x0000000087400000, 0x0000000087400000|100%| O|  |TAMS 0x0000000087300000, 0x0000000087300000| Untracked 
| 116|0x0000000087400000, 0x0000000087500000, 0x0000000087500000|100%| O|  |TAMS 0x0000000087400000, 0x0000000087400000| Untracked 
| 117|0x0000000087500000, 0x0000000087600000, 0x0000000087600000|100%| O|  |TAMS 0x0000000087500000, 0x0000000087500000| Untracked 
| 118|0x0000000087600000, 0x0000000087700000, 0x0000000087700000|100%| O|  |TAMS 0x0000000087600000, 0x0000000087600000| Untracked 
| 119|0x0000000087700000, 0x0000000087800000, 0x0000000087800000|100%| O|  |TAMS 0x0000000087700000, 0x0000000087700000| Untracked 
| 120|0x0000000087800000, 0x0000000087900000, 0x0000000087900000|100%| O|  |TAMS 0x0000000087800000, 0x0000000087800000| Untracked 
| 121|0x0000000087900000, 0x0000000087a00000, 0x0000000087a00000|100%| O|  |TAMS 0x0000000087900000, 0x0000000087900000| Untracked 
| 122|0x0000000087a00000, 0x0000000087b00000, 0x0000000087b00000|100%| O|  |TAMS 0x0000000087a00000, 0x0000000087a00000| Untracked 
| 123|0x0000000087b00000, 0x0000000087c00000, 0x0000000087c00000|100%| O|  |TAMS 0x0000000087b00000, 0x0000000087b00000| Untracked 
| 124|0x0000000087c00000, 0x0000000087d00000, 0x0000000087d00000|100%| O|  |TAMS 0x0000000087c00000, 0x0000000087c00000| Untracked 
| 125|0x0000000087d00000, 0x0000000087e00000, 0x0000000087e00000|100%| O|  |TAMS 0x0000000087d00000, 0x0000000087d00000| Untracked 
| 126|0x0000000087e00000, 0x0000000087f00000, 0x0000000087f00000|100%| O|  |TAMS 0x0000000087e00000, 0x0000000087e00000| Untracked 
| 127|0x0000000087f00000, 0x0000000088000000, 0x0000000088000000|100%| O|  |TAMS 0x0000000087f00000, 0x0000000087f00000| Untracked 
| 128|0x0000000088000000, 0x0000000088100000, 0x0000000088100000|100%| O|  |TAMS 0x0000000088000000, 0x0000000088000000| Untracked 
| 129|0x0000000088100000, 0x0000000088200000, 0x0000000088200000|100%| O|  |TAMS 0x0000000088100000, 0x0000000088100000| Untracked 
| 130|0x0000000088200000, 0x0000000088300000, 0x0000000088300000|100%| O|  |TAMS 0x0000000088200000, 0x0000000088200000| Untracked 
| 131|0x0000000088300000, 0x0000000088400000, 0x0000000088400000|100%| O|  |TAMS 0x0000000088300000, 0x0000000088300000| Untracked 
| 132|0x0000000088400000, 0x0000000088500000, 0x0000000088500000|100%| O|  |TAMS 0x0000000088400000, 0x0000000088400000| Untracked 
| 133|0x0000000088500000, 0x0000000088600000, 0x0000000088600000|100%| O|  |TAMS 0x0000000088500000, 0x0000000088500000| Untracked 
| 134|0x0000000088600000, 0x0000000088700000, 0x0000000088700000|100%| O|  |TAMS 0x0000000088600000, 0x0000000088600000| Untracked 
| 135|0x0000000088700000, 0x0000000088800000, 0x0000000088800000|100%| O|  |TAMS 0x0000000088700000, 0x0000000088700000| Untracked 
| 136|0x0000000088800000, 0x0000000088900000, 0x0000000088900000|100%| O|  |TAMS 0x0000000088800000, 0x0000000088800000| Untracked 
| 137|0x0000000088900000, 0x0000000088a00000, 0x0000000088a00000|100%| O|  |TAMS 0x0000000088900000, 0x0000000088900000| Untracked 
| 138|0x0000000088a00000, 0x0000000088b00000, 0x0000000088b00000|100%| O|  |TAMS 0x0000000088a00000, 0x0000000088a00000| Untracked 
| 139|0x0000000088b00000, 0x0000000088c00000, 0x0000000088c00000|100%| O|  |TAMS 0x0000000088b00000, 0x0000000088b00000| Untracked 
| 140|0x0000000088c00000, 0x0000000088d00000, 0x0000000088d00000|100%| O|  |TAMS 0x0000000088c00000, 0x0000000088c00000| Untracked 
| 141|0x0000000088d00000, 0x0000000088e00000, 0x0000000088e00000|100%| O|  |TAMS 0x0000000088d00000, 0x0000000088d00000| Untracked 
| 142|0x0000000088e00000, 0x0000000088f00000, 0x0000000088f00000|100%| O|  |TAMS 0x0000000088e00000, 0x0000000088e00000| Untracked 
| 143|0x0000000088f00000, 0x0000000089000000, 0x0000000089000000|100%| O|  |TAMS 0x0000000088f00000, 0x0000000088f00000| Untracked 
| 144|0x0000000089000000, 0x0000000089100000, 0x0000000089100000|100%| O|  |TAMS 0x0000000089000000, 0x0000000089000000| Untracked 
| 145|0x0000000089100000, 0x0000000089200000, 0x0000000089200000|100%| O|  |TAMS 0x0000000089100000, 0x0000000089100000| Untracked 
| 146|0x0000000089200000, 0x0000000089300000, 0x0000000089300000|100%| O|  |TAMS 0x0000000089200000, 0x0000000089200000| Untracked 
| 147|0x0000000089300000, 0x0000000089400000, 0x0000000089400000|100%| O|  |TAMS 0x0000000089300000, 0x0000000089300000| Untracked 
| 148|0x0000000089400000, 0x0000000089500000, 0x0000000089500000|100%| O|  |TAMS 0x0000000089400000, 0x0000000089400000| Untracked 
| 149|0x0000000089500000, 0x0000000089600000, 0x0000000089600000|100%| O|  |TAMS 0x0000000089500000, 0x0000000089500000| Untracked 
| 150|0x0000000089600000, 0x0000000089700000, 0x0000000089700000|100%| O|  |TAMS 0x0000000089600000, 0x0000000089600000| Untracked 
| 151|0x0000000089700000, 0x0000000089800000, 0x0000000089800000|100%| O|  |TAMS 0x0000000089700000, 0x0000000089700000| Untracked 
| 152|0x0000000089800000, 0x0000000089900000, 0x0000000089900000|100%| O|  |TAMS 0x0000000089800000, 0x0000000089800000| Untracked 
| 153|0x0000000089900000, 0x0000000089a00000, 0x0000000089a00000|100%| O|  |TAMS 0x0000000089900000, 0x0000000089900000| Untracked 
| 154|0x0000000089a00000, 0x0000000089b00000, 0x0000000089b00000|100%| O|  |TAMS 0x0000000089a00000, 0x0000000089a00000| Untracked 
| 155|0x0000000089b00000, 0x0000000089c00000, 0x0000000089c00000|100%| O|  |TAMS 0x0000000089b00000, 0x0000000089b00000| Untracked 
| 156|0x0000000089c00000, 0x0000000089d00000, 0x0000000089d00000|100%| O|  |TAMS 0x0000000089c00000, 0x0000000089c00000| Untracked 
| 157|0x0000000089d00000, 0x0000000089e00000, 0x0000000089e00000|100%| O|  |TAMS 0x0000000089d00000, 0x0000000089d00000| Untracked 
| 158|0x0000000089e00000, 0x0000000089f00000, 0x0000000089f00000|100%| O|  |TAMS 0x0000000089e00000, 0x0000000089e00000| Untracked 
| 159|0x0000000089f00000, 0x000000008a000000, 0x000000008a000000|100%| O|  |TAMS 0x0000000089f00000, 0x0000000089f00000| Untracked 
| 160|0x000000008a000000, 0x000000008a100000, 0x000000008a100000|100%| O|  |TAMS 0x000000008a000000, 0x000000008a000000| Untracked 
| 161|0x000000008a100000, 0x000000008a200000, 0x000000008a200000|100%| O|  |TAMS 0x000000008a100000, 0x000000008a100000| Untracked 
| 162|0x000000008a200000, 0x000000008a300000, 0x000000008a300000|100%| O|  |TAMS 0x000000008a200000, 0x000000008a200000| Untracked 
| 163|0x000000008a300000, 0x000000008a400000, 0x000000008a400000|100%| O|  |TAMS 0x000000008a300000, 0x000000008a300000| Untracked 
| 164|0x000000008a400000, 0x000000008a500000, 0x000000008a500000|100%| O|  |TAMS 0x000000008a400000, 0x000000008a400000| Untracked 
| 165|0x000000008a500000, 0x000000008a600000, 0x000000008a600000|100%| O|  |TAMS 0x000000008a500000, 0x000000008a500000| Untracked 
| 166|0x000000008a600000, 0x000000008a700000, 0x000000008a700000|100%| O|  |TAMS 0x000000008a600000, 0x000000008a600000| Untracked 
| 167|0x000000008a700000, 0x000000008a800000, 0x000000008a800000|100%| O|  |TAMS 0x000000008a700000, 0x000000008a700000| Untracked 
| 168|0x000000008a800000, 0x000000008a900000, 0x000000008a900000|100%| O|  |TAMS 0x000000008a800000, 0x000000008a800000| Untracked 
| 169|0x000000008a900000, 0x000000008aa00000, 0x000000008aa00000|100%| O|  |TAMS 0x000000008a900000, 0x000000008a900000| Untracked 
| 170|0x000000008aa00000, 0x000000008ab00000, 0x000000008ab00000|100%| O|  |TAMS 0x000000008aa00000, 0x000000008aa00000| Untracked 
| 171|0x000000008ab00000, 0x000000008ac00000, 0x000000008ac00000|100%| O|  |TAMS 0x000000008ab00000, 0x000000008ab00000| Untracked 
| 172|0x000000008ac00000, 0x000000008ad00000, 0x000000008ad00000|100%| O|  |TAMS 0x000000008ac00000, 0x000000008ac00000| Untracked 
| 173|0x000000008ad00000, 0x000000008ae00000, 0x000000008ae00000|100%| O|  |TAMS 0x000000008ad00000, 0x000000008ad00000| Untracked 
| 174|0x000000008ae00000, 0x000000008af00000, 0x000000008af00000|100%| O|  |TAMS 0x000000008ae00000, 0x000000008ae00000| Untracked 
| 175|0x000000008af00000, 0x000000008b000000, 0x000000008b000000|100%| O|  |TAMS 0x000000008af00000, 0x000000008af00000| Untracked 
| 176|0x000000008b000000, 0x000000008b100000, 0x000000008b100000|100%| O|  |TAMS 0x000000008b000000, 0x000000008b000000| Untracked 
| 177|0x000000008b100000, 0x000000008b200000, 0x000000008b200000|100%| O|  |TAMS 0x000000008b100000, 0x000000008b100000| Untracked 
| 178|0x000000008b200000, 0x000000008b300000, 0x000000008b300000|100%| O|  |TAMS 0x000000008b200000, 0x000000008b200000| Untracked 
| 179|0x000000008b300000, 0x000000008b400000, 0x000000008b400000|100%| O|  |TAMS 0x000000008b300000, 0x000000008b300000| Untracked 
| 180|0x000000008b400000, 0x000000008b500000, 0x000000008b500000|100%| O|  |TAMS 0x000000008b400000, 0x000000008b400000| Untracked 
| 181|0x000000008b500000, 0x000000008b600000, 0x000000008b600000|100%|HS|  |TAMS 0x000000008b500000, 0x000000008b500000| Complete 
| 182|0x000000008b600000, 0x000000008b700000, 0x000000008b700000|100%|HS|  |TAMS 0x000000008b600000, 0x000000008b600000| Complete 
| 183|0x000000008b700000, 0x000000008b800000, 0x000000008b800000|100%| O|  |TAMS 0x000000008b700000, 0x000000008b700000| Untracked 
| 184|0x000000008b800000, 0x000000008b900000, 0x000000008b900000|100%| O|  |TAMS 0x000000008b800000, 0x000000008b800000| Untracked 
| 185|0x000000008b900000, 0x000000008ba00000, 0x000000008ba00000|100%| O|  |TAMS 0x000000008b900000, 0x000000008b900000| Untracked 
| 186|0x000000008ba00000, 0x000000008bb00000, 0x000000008bb00000|100%| O|  |TAMS 0x000000008ba00000, 0x000000008ba00000| Untracked 
| 187|0x000000008bb00000, 0x000000008bc00000, 0x000000008bc00000|100%| O|  |TAMS 0x000000008bb00000, 0x000000008bb00000| Untracked 
| 188|0x000000008bc00000, 0x000000008bd00000, 0x000000008bd00000|100%| O|  |TAMS 0x000000008bc00000, 0x000000008bc00000| Untracked 
| 189|0x000000008bd00000, 0x000000008be00000, 0x000000008be00000|100%|HS|  |TAMS 0x000000008bd00000, 0x000000008bd00000| Complete 
| 190|0x000000008be00000, 0x000000008bf00000, 0x000000008bf00000|100%|HS|  |TAMS 0x000000008be00000, 0x000000008be00000| Complete 
| 191|0x000000008bf00000, 0x000000008c000000, 0x000000008c000000|100%|HC|  |TAMS 0x000000008bf00000, 0x000000008bf00000| Complete 
| 192|0x000000008c000000, 0x000000008c100000, 0x000000008c100000|100%|HS|  |TAMS 0x000000008c000000, 0x000000008c000000| Complete 
| 193|0x000000008c100000, 0x000000008c200000, 0x000000008c200000|100%|HC|  |TAMS 0x000000008c100000, 0x000000008c100000| Complete 
| 194|0x000000008c200000, 0x000000008c300000, 0x000000008c300000|100%|HS|  |TAMS 0x000000008c200000, 0x000000008c200000| Complete 
| 195|0x000000008c300000, 0x000000008c400000, 0x000000008c400000|100%|HS|  |TAMS 0x000000008c300000, 0x000000008c300000| Complete 
| 196|0x000000008c400000, 0x000000008c500000, 0x000000008c500000|100%|HS|  |TAMS 0x000000008c400000, 0x000000008c400000| Complete 
| 197|0x000000008c500000, 0x000000008c600000, 0x000000008c600000|100%|HC|  |TAMS 0x000000008c500000, 0x000000008c500000| Complete 
| 198|0x000000008c600000, 0x000000008c700000, 0x000000008c700000|100%|HS|  |TAMS 0x000000008c600000, 0x000000008c600000| Complete 
| 199|0x000000008c700000, 0x000000008c800000, 0x000000008c800000|100%|HS|  |TAMS 0x000000008c700000, 0x000000008c700000| Complete 
| 200|0x000000008c800000, 0x000000008c900000, 0x000000008c900000|100%|HS|  |TAMS 0x000000008c800000, 0x000000008c800000| Complete 
| 201|0x000000008c900000, 0x000000008ca00000, 0x000000008ca00000|100%|HC|  |TAMS 0x000000008c900000, 0x000000008c900000| Complete 
| 202|0x000000008ca00000, 0x000000008cb00000, 0x000000008cb00000|100%| O|  |TAMS 0x000000008ca00000, 0x000000008ca00000| Untracked 
| 203|0x000000008cb00000, 0x000000008cc00000, 0x000000008cc00000|100%| O|  |TAMS 0x000000008cb00000, 0x000000008cb00000| Untracked 
| 204|0x000000008cc00000, 0x000000008cd00000, 0x000000008cd00000|100%| O|  |TAMS 0x000000008cc00000, 0x000000008cc00000| Untracked 
| 205|0x000000008cd00000, 0x000000008ce00000, 0x000000008ce00000|100%|HS|  |TAMS 0x000000008cd00000, 0x000000008cd00000| Complete 
| 206|0x000000008ce00000, 0x000000008cf00000, 0x000000008cf00000|100%|HS|  |TAMS 0x000000008ce00000, 0x000000008ce00000| Complete 
| 207|0x000000008cf00000, 0x000000008d000000, 0x000000008d000000|100%|HS|  |TAMS 0x000000008cf00000, 0x000000008cf00000| Complete 
| 208|0x000000008d000000, 0x000000008d100000, 0x000000008d100000|100%|HS|  |TAMS 0x000000008d000000, 0x000000008d000000| Complete 
| 209|0x000000008d100000, 0x000000008d200000, 0x000000008d200000|100%|HS|  |TAMS 0x000000008d100000, 0x000000008d100000| Complete 
| 210|0x000000008d200000, 0x000000008d300000, 0x000000008d300000|100%|HS|  |TAMS 0x000000008d200000, 0x000000008d200000| Complete 
| 211|0x000000008d300000, 0x000000008d400000, 0x000000008d400000|100%|HC|  |TAMS 0x000000008d300000, 0x000000008d300000| Complete 
| 212|0x000000008d400000, 0x000000008d500000, 0x000000008d500000|100%| O|  |TAMS 0x000000008d400000, 0x000000008d400000| Untracked 
| 213|0x000000008d500000, 0x000000008d600000, 0x000000008d600000|100%| O|  |TAMS 0x000000008d500000, 0x000000008d500000| Untracked 
| 214|0x000000008d600000, 0x000000008d700000, 0x000000008d700000|100%| O|  |TAMS 0x000000008d600000, 0x000000008d600000| Untracked 
| 215|0x000000008d700000, 0x000000008d800000, 0x000000008d800000|100%| O|  |TAMS 0x000000008d700000, 0x000000008d700000| Untracked 
| 216|0x000000008d800000, 0x000000008d900000, 0x000000008d900000|100%| O|  |TAMS 0x000000008d800000, 0x000000008d800000| Untracked 
| 217|0x000000008d900000, 0x000000008da00000, 0x000000008da00000|100%| O|  |TAMS 0x000000008d900000, 0x000000008d900000| Untracked 
| 218|0x000000008da00000, 0x000000008db00000, 0x000000008db00000|100%| O|  |TAMS 0x000000008da00000, 0x000000008da00000| Untracked 
| 219|0x000000008db00000, 0x000000008dc00000, 0x000000008dc00000|100%| O|  |TAMS 0x000000008db00000, 0x000000008db00000| Untracked 
| 220|0x000000008dc00000, 0x000000008dd00000, 0x000000008dd00000|100%| O|  |TAMS 0x000000008dc00000, 0x000000008dc00000| Untracked 
| 221|0x000000008dd00000, 0x000000008de00000, 0x000000008de00000|100%|HS|  |TAMS 0x000000008dd00000, 0x000000008dd00000| Complete 
| 222|0x000000008de00000, 0x000000008df00000, 0x000000008df00000|100%|HC|  |TAMS 0x000000008de00000, 0x000000008de00000| Complete 
| 223|0x000000008df00000, 0x000000008e000000, 0x000000008e000000|100%|HC|  |TAMS 0x000000008df00000, 0x000000008df00000| Complete 
| 224|0x000000008e000000, 0x000000008e100000, 0x000000008e100000|100%|HC|  |TAMS 0x000000008e000000, 0x000000008e000000| Complete 
| 225|0x000000008e100000, 0x000000008e200000, 0x000000008e200000|100%|HC|  |TAMS 0x000000008e100000, 0x000000008e100000| Complete 
| 226|0x000000008e200000, 0x000000008e300000, 0x000000008e300000|100%|HC|  |TAMS 0x000000008e200000, 0x000000008e200000| Complete 
| 227|0x000000008e300000, 0x000000008e400000, 0x000000008e400000|100%|HC|  |TAMS 0x000000008e300000, 0x000000008e300000| Complete 
| 228|0x000000008e400000, 0x000000008e500000, 0x000000008e500000|100%|HC|  |TAMS 0x000000008e400000, 0x000000008e400000| Complete 
| 229|0x000000008e500000, 0x000000008e600000, 0x000000008e600000|100%|HC|  |TAMS 0x000000008e500000, 0x000000008e500000| Complete 
| 230|0x000000008e600000, 0x000000008e700000, 0x000000008e700000|100%| O|  |TAMS 0x000000008e600000, 0x000000008e600000| Untracked 
| 231|0x000000008e700000, 0x000000008e800000, 0x000000008e800000|100%| O|  |TAMS 0x000000008e700000, 0x000000008e700000| Untracked 
| 232|0x000000008e800000, 0x000000008e900000, 0x000000008e900000|100%| O|  |TAMS 0x000000008e800000, 0x000000008e800000| Untracked 
| 233|0x000000008e900000, 0x000000008ea00000, 0x000000008ea00000|100%| O|  |TAMS 0x000000008e900000, 0x000000008e900000| Untracked 
| 234|0x000000008ea00000, 0x000000008eb00000, 0x000000008eb00000|100%| O|  |TAMS 0x000000008ea00000, 0x000000008ea00000| Untracked 
| 235|0x000000008eb00000, 0x000000008ec00000, 0x000000008ec00000|100%| O|  |TAMS 0x000000008eb00000, 0x000000008eb00000| Untracked 
| 236|0x000000008ec00000, 0x000000008ed00000, 0x000000008ed00000|100%| O|  |TAMS 0x000000008ec00000, 0x000000008ec00000| Untracked 
| 237|0x000000008ed00000, 0x000000008ed00000, 0x000000008ee00000|  0%| F|  |TAMS 0x000000008ed00000, 0x000000008ed00000| Untracked 
| 238|0x000000008ee00000, 0x000000008ee00000, 0x000000008ef00000|  0%| F|  |TAMS 0x000000008ee00000, 0x000000008ee00000| Untracked 
| 239|0x000000008ef00000, 0x000000008ef00000, 0x000000008f000000|  0%| F|  |TAMS 0x000000008ef00000, 0x000000008ef00000| Untracked 
| 240|0x000000008f000000, 0x000000008f000000, 0x000000008f100000|  0%| F|  |TAMS 0x000000008f000000, 0x000000008f000000| Untracked 
| 241|0x000000008f100000, 0x000000008f100000, 0x000000008f200000|  0%| F|  |TAMS 0x000000008f100000, 0x000000008f100000| Untracked 
| 242|0x000000008f200000, 0x000000008f200000, 0x000000008f300000|  0%| F|  |TAMS 0x000000008f200000, 0x000000008f200000| Untracked 
| 243|0x000000008f300000, 0x000000008f300000, 0x000000008f400000|  0%| F|  |TAMS 0x000000008f300000, 0x000000008f300000| Untracked 
| 244|0x000000008f400000, 0x000000008f400000, 0x000000008f500000|  0%| F|  |TAMS 0x000000008f400000, 0x000000008f400000| Untracked 
| 245|0x000000008f500000, 0x000000008f500000, 0x000000008f600000|  0%| F|  |TAMS 0x000000008f500000, 0x000000008f500000| Untracked 
| 246|0x000000008f600000, 0x000000008f600000, 0x000000008f700000|  0%| F|  |TAMS 0x000000008f600000, 0x000000008f600000| Untracked 
| 247|0x000000008f700000, 0x000000008f700000, 0x000000008f800000|  0%| F|  |TAMS 0x000000008f700000, 0x000000008f700000| Untracked 
| 248|0x000000008f800000, 0x000000008f800000, 0x000000008f900000|  0%| F|  |TAMS 0x000000008f800000, 0x000000008f800000| Untracked 
| 249|0x000000008f900000, 0x000000008f900000, 0x000000008fa00000|  0%| F|  |TAMS 0x000000008f900000, 0x000000008f900000| Untracked 
| 250|0x000000008fa00000, 0x000000008fa00000, 0x000000008fb00000|  0%| F|  |TAMS 0x000000008fa00000, 0x000000008fa00000| Untracked 
| 251|0x000000008fb00000, 0x000000008fb00000, 0x000000008fc00000|  0%| F|  |TAMS 0x000000008fb00000, 0x000000008fb00000| Untracked 
| 252|0x000000008fc00000, 0x000000008fc00000, 0x000000008fd00000|  0%| F|  |TAMS 0x000000008fc00000, 0x000000008fc00000| Untracked 
| 253|0x000000008fd00000, 0x000000008fd00000, 0x000000008fe00000|  0%| F|  |TAMS 0x000000008fd00000, 0x000000008fd00000| Untracked 
| 254|0x000000008fe00000, 0x000000008fe00000, 0x000000008ff00000|  0%| F|  |TAMS 0x000000008fe00000, 0x000000008fe00000| Untracked 
| 255|0x000000008ff00000, 0x000000008ff00000, 0x0000000090000000|  0%| F|  |TAMS 0x000000008ff00000, 0x000000008ff00000| Untracked 
| 256|0x0000000090000000, 0x0000000090000000, 0x0000000090100000|  0%| F|  |TAMS 0x0000000090000000, 0x0000000090000000| Untracked 
| 257|0x0000000090100000, 0x0000000090100000, 0x0000000090200000|  0%| F|  |TAMS 0x0000000090100000, 0x0000000090100000| Untracked 
| 258|0x0000000090200000, 0x0000000090200000, 0x0000000090300000|  0%| F|  |TAMS 0x0000000090200000, 0x0000000090200000| Untracked 
| 259|0x0000000090300000, 0x0000000090300000, 0x0000000090400000|  0%| F|  |TAMS 0x0000000090300000, 0x0000000090300000| Untracked 
| 260|0x0000000090400000, 0x0000000090400000, 0x0000000090500000|  0%| F|  |TAMS 0x0000000090400000, 0x0000000090400000| Untracked 
| 261|0x0000000090500000, 0x0000000090500000, 0x0000000090600000|  0%| F|  |TAMS 0x0000000090500000, 0x0000000090500000| Untracked 
| 262|0x0000000090600000, 0x0000000090600000, 0x0000000090700000|  0%| F|  |TAMS 0x0000000090600000, 0x0000000090600000| Untracked 
| 263|0x0000000090700000, 0x0000000090700000, 0x0000000090800000|  0%| F|  |TAMS 0x0000000090700000, 0x0000000090700000| Untracked 
| 264|0x0000000090800000, 0x0000000090800000, 0x0000000090900000|  0%| F|  |TAMS 0x0000000090800000, 0x0000000090800000| Untracked 
| 265|0x0000000090900000, 0x0000000090900000, 0x0000000090a00000|  0%| F|  |TAMS 0x0000000090900000, 0x0000000090900000| Untracked 
| 266|0x0000000090a00000, 0x0000000090a00000, 0x0000000090b00000|  0%| F|  |TAMS 0x0000000090a00000, 0x0000000090a00000| Untracked 
| 267|0x0000000090b00000, 0x0000000090b00000, 0x0000000090c00000|  0%| F|  |TAMS 0x0000000090b00000, 0x0000000090b00000| Untracked 
| 268|0x0000000090c00000, 0x0000000090c00000, 0x0000000090d00000|  0%| F|  |TAMS 0x0000000090c00000, 0x0000000090c00000| Untracked 
| 269|0x0000000090d00000, 0x0000000090d00000, 0x0000000090e00000|  0%| F|  |TAMS 0x0000000090d00000, 0x0000000090d00000| Untracked 
| 270|0x0000000090e00000, 0x0000000090e00000, 0x0000000090f00000|  0%| F|  |TAMS 0x0000000090e00000, 0x0000000090e00000| Untracked 
| 271|0x0000000090f00000, 0x0000000090f159c0, 0x0000000091000000|  8%| S|CS|TAMS 0x0000000090f00000, 0x0000000090f00000| Complete 
| 272|0x0000000091000000, 0x0000000091100000, 0x0000000091100000|100%| S|CS|TAMS 0x0000000091000000, 0x0000000091000000| Complete 
| 273|0x0000000091100000, 0x0000000091100000, 0x0000000091200000|  0%| F|  |TAMS 0x0000000091100000, 0x0000000091100000| Untracked 
| 274|0x0000000091200000, 0x0000000091200000, 0x0000000091300000|  0%| F|  |TAMS 0x0000000091200000, 0x0000000091200000| Untracked 
| 275|0x0000000091300000, 0x0000000091300000, 0x0000000091400000|  0%| F|  |TAMS 0x0000000091300000, 0x0000000091300000| Untracked 
| 276|0x0000000091400000, 0x0000000091400000, 0x0000000091500000|  0%| F|  |TAMS 0x0000000091400000, 0x0000000091400000| Untracked 
| 277|0x0000000091500000, 0x0000000091500000, 0x0000000091600000|  0%| F|  |TAMS 0x0000000091500000, 0x0000000091500000| Untracked 
| 278|0x0000000091600000, 0x0000000091600000, 0x0000000091700000|  0%| F|  |TAMS 0x0000000091600000, 0x0000000091600000| Untracked 
| 279|0x0000000091700000, 0x0000000091700000, 0x0000000091800000|  0%| F|  |TAMS 0x0000000091700000, 0x0000000091700000| Untracked 
| 280|0x0000000091800000, 0x0000000091800000, 0x0000000091900000|  0%| F|  |TAMS 0x0000000091800000, 0x0000000091800000| Untracked 
| 281|0x0000000091900000, 0x0000000091900000, 0x0000000091a00000|  0%| F|  |TAMS 0x0000000091900000, 0x0000000091900000| Untracked 
| 282|0x0000000091a00000, 0x0000000091a00000, 0x0000000091b00000|  0%| F|  |TAMS 0x0000000091a00000, 0x0000000091a00000| Untracked 
| 283|0x0000000091b00000, 0x0000000091b00000, 0x0000000091c00000|  0%| F|  |TAMS 0x0000000091b00000, 0x0000000091b00000| Untracked 
| 284|0x0000000091c00000, 0x0000000091c00000, 0x0000000091d00000|  0%| F|  |TAMS 0x0000000091c00000, 0x0000000091c00000| Untracked 
| 285|0x0000000091d00000, 0x0000000091d00000, 0x0000000091e00000|  0%| F|  |TAMS 0x0000000091d00000, 0x0000000091d00000| Untracked 
| 286|0x0000000091e00000, 0x0000000091e00000, 0x0000000091f00000|  0%| F|  |TAMS 0x0000000091e00000, 0x0000000091e00000| Untracked 
| 287|0x0000000091f00000, 0x0000000091f00000, 0x0000000092000000|  0%| F|  |TAMS 0x0000000091f00000, 0x0000000091f00000| Untracked 
| 288|0x0000000092000000, 0x0000000092000000, 0x0000000092100000|  0%| F|  |TAMS 0x0000000092000000, 0x0000000092000000| Untracked 
| 289|0x0000000092100000, 0x0000000092100000, 0x0000000092200000|  0%| F|  |TAMS 0x0000000092100000, 0x0000000092100000| Untracked 
| 290|0x0000000092200000, 0x0000000092200000, 0x0000000092300000|  0%| F|  |TAMS 0x0000000092200000, 0x0000000092200000| Untracked 

Card table byte_map: [0x000001b873f20000,0x000001b874320000] _byte_map_base: 0x000001b873b20000

Marking Bits (Prev, Next): (CMBitMap*) 0x000001b86fa493d0, (CMBitMap*) 0x000001b86fa49398
 Prev Bits: [0x000001b876720000, 0x000001b878720000)
 Next Bits: [0x000001b874720000, 0x000001b876720000)

Polling page: 0x000001b86e100000

Metaspace:

Usage:
  Non-class:     99.02 MB capacity,    97.19 MB ( 98%) used,     1.50 MB (  2%) free+waste,   348.88 KB ( <1%) overhead. 
      Class:     15.01 MB capacity,    13.91 MB ( 93%) used,   970.49 KB (  6%) free+waste,   153.69 KB ( <1%) overhead. 
       Both:    114.04 MB capacity,   111.10 MB ( 97%) used,     2.44 MB (  2%) free+waste,   502.56 KB ( <1%) overhead. 

Virtual space:
  Non-class space:      100.00 MB reserved,      99.09 MB (>99%) committed 
      Class space:        1.00 GB reserved,      15.07 MB (  1%) committed 
             Both:        1.10 GB reserved,     114.16 MB ( 10%) committed 

Chunk freelists:
   Non-Class:  0 bytes
       Class:  21.00 KB
        Both:  21.00 KB

MaxMetaspaceSize: 17179869184.00 GB
CompressedClassSpaceSize: 1.00 GB

CodeHeap 'non-profiled nmethods': size=120064Kb used=10470Kb max_used=10478Kb free=109593Kb
 bounds [0x000001b807ac0000, 0x000001b808520000, 0x000001b80f000000]
CodeHeap 'profiled nmethods': size=120000Kb used=35864Kb max_used=37042Kb free=84135Kb
 bounds [0x000001b800590000, 0x000001b802a30000, 0x000001b807ac0000]
CodeHeap 'non-nmethods': size=5696Kb used=2399Kb max_used=2454Kb free=3296Kb
 bounds [0x000001b800000000, 0x000001b800280000, 0x000001b800590000]
 total_blobs=18573 nmethods=17520 adapters=964
 compilation: enabled
              stopped_count=0, restarted_count=0
 full_count=0

Compilation events (20 events):
Event: 124.141 Thread 0x000001b87adab000 18851       3       com.android.tools.r8.internal.Vt$b::next (13 bytes)
Event: 124.142 Thread 0x000001b87adab000 nmethod 18851 0x000001b80069e610 code [0x000001b80069e7e0, 0x000001b80069e9c8]
Event: 124.206 Thread 0x000001b87ad8f800 nmethod 18848 0x000001b807d2d610 code [0x000001b807d2d980, 0x000001b807d2f638]
Event: 124.207 Thread 0x000001b87ad8f800 18849       4       com.android.tools.r8.internal.jb::c (79 bytes)
Event: 124.213 Thread 0x000001b87adab000 18852       3       com.android.tools.r8.internal.Vt$f::m (60 bytes)
Event: 124.213 Thread 0x000001b87adab000 nmethod 18852 0x000001b8006a5810 code [0x000001b8006a59e0, 0x000001b8006a5da8]
Event: 124.223 Thread 0x000001b87ad8f800 nmethod 18849 0x000001b807cc4a90 code [0x000001b807cc4c80, 0x000001b807cc5348]
Event: 124.223 Thread 0x000001b87ad8f800 18850       4       java.util.ArrayList::sort (45 bytes)
Event: 124.226 Thread 0x000001b87ad8f800 nmethod 18850 0x000001b807c8e410 code [0x000001b807c8e5c0, 0x000001b807c8e6f8]
Event: 124.253 Thread 0x000001b87ad8f800 18853       4       java.util.Arrays$ArrayList::toArray (15 bytes)
Event: 124.253 Thread 0x000001b87adab000 18854       3       com.android.tools.r8.internal.Vt$f::hasNext (14 bytes)
Event: 124.253 Thread 0x000001b87adab000 nmethod 18854 0x000001b8006a2810 code [0x000001b8006a29c0, 0x000001b8006a2b18]
Event: 124.255 Thread 0x000001b87ad8f800 nmethod 18853 0x000001b807c8e010 code [0x000001b807c8e1a0, 0x000001b807c8e2f8]
Event: 124.330 Thread 0x000001b87ad8f800 18855       4       com.android.tools.r8.dex.m$$Lambda$1461/0x0000000100ef9040::accept (12 bytes)
Event: 124.396 Thread 0x000001b87adab000 18859       3       com.google.common.collect.ObjectArrays::checkElementNotNull (36 bytes)
Event: 124.397 Thread 0x000001b87adab000 nmethod 18859 0x000001b8006ab990 code [0x000001b8006abc00, 0x000001b8006ac458]
Event: 124.397 Thread 0x000001b87adab000 18860       1       com.google.common.collect.Tables$ImmutableCell::getRowKey (5 bytes)
Event: 124.397 Thread 0x000001b87adab000 nmethod 18860 0x000001b807c8dd10 code [0x000001b807c8dec0, 0x000001b807c8df78]
Event: 124.397 Thread 0x000001b87adab000 18861       1       com.google.common.collect.Tables$ImmutableCell::getColumnKey (5 bytes)
Event: 124.397 Thread 0x000001b87adab000 nmethod 18861 0x000001b807cc3a90 code [0x000001b807cc3c40, 0x000001b807cc3cf8]

GC Heap History (20 events):
Event: 100.430 GC heap after
{Heap after GC invocations=61 (full 0):
 garbage-first heap   total 229376K, used 139181K [0x0000000080000000, 0x0000000100000000)
  region size 1024K, 8 young (8192K), 8 survivors (8192K)
 Metaspace       used 108728K, capacity 111447K, committed 111524K, reserved 1146880K
  class space    used 13627K, capacity 14627K, committed 14668K, reserved 1048576K
}
Event: 100.958 GC heap before
{Heap before GC invocations=61 (full 0):
 garbage-first heap   total 229376K, used 182189K [0x0000000080000000, 0x0000000100000000)
  region size 1024K, 51 young (52224K), 8 survivors (8192K)
 Metaspace       used 109580K, capacity 112320K, committed 112420K, reserved 1146880K
  class space    used 13699K, capacity 14720K, committed 14796K, reserved 1048576K
}
Event: 101.196 GC heap after
{Heap after GC invocations=62 (full 0):
 garbage-first heap   total 297984K, used 160768K [0x0000000080000000, 0x0000000100000000)
  region size 1024K, 7 young (7168K), 7 survivors (7168K)
 Metaspace       used 109580K, capacity 112320K, committed 112420K, reserved 1146880K
  class space    used 13699K, capacity 14720K, committed 14796K, reserved 1048576K
}
Event: 103.238 GC heap before
{Heap before GC invocations=62 (full 0):
 garbage-first heap   total 297984K, used 216064K [0x0000000080000000, 0x0000000100000000)
  region size 1024K, 62 young (63488K), 7 survivors (7168K)
 Metaspace       used 111460K, capacity 114254K, committed 114468K, reserved 1148928K
  class space    used 13968K, capacity 14997K, committed 15052K, reserved 1048576K
}
Event: 103.387 GC heap after
{Heap after GC invocations=63 (full 0):
 garbage-first heap   total 297984K, used 183808K [0x0000000080000000, 0x0000000100000000)
  region size 1024K, 8 young (8192K), 8 survivors (8192K)
 Metaspace       used 111460K, capacity 114254K, committed 114468K, reserved 1148928K
  class space    used 13968K, capacity 14997K, committed 15052K, reserved 1048576K
}
Event: 105.241 GC heap before
{Heap before GC invocations=63 (full 0):
 garbage-first heap   total 297984K, used 227840K [0x0000000080000000, 0x0000000100000000)
  region size 1024K, 51 young (52224K), 8 survivors (8192K)
 Metaspace       used 112261K, capacity 115202K, committed 115492K, reserved 1148928K
  class space    used 14098K, capacity 15204K, committed 15308K, reserved 1048576K
}
Event: 105.304 GC heap after
{Heap after GC invocations=64 (full 0):
 garbage-first heap   total 297984K, used 190976K [0x0000000080000000, 0x0000000100000000)
  region size 1024K, 6 young (6144K), 6 survivors (6144K)
 Metaspace       used 112261K, capacity 115202K, committed 115492K, reserved 1148928K
  class space    used 14098K, capacity 15204K, committed 15308K, reserved 1048576K
}
Event: 109.013 GC heap before
{Heap before GC invocations=64 (full 0):
 garbage-first heap   total 297984K, used 237056K [0x0000000080000000, 0x0000000100000000)
  region size 1024K, 49 young (50176K), 6 survivors (6144K)
 Metaspace       used 112537K, capacity 115506K, committed 115748K, reserved 1150976K
  class space    used 14123K, capacity 15214K, committed 15308K, reserved 1048576K
}
Event: 109.058 GC heap after
{Heap after GC invocations=65 (full 0):
 garbage-first heap   total 297984K, used 197376K [0x0000000080000000, 0x0000000100000000)
  region size 1024K, 5 young (5120K), 5 survivors (5120K)
 Metaspace       used 112537K, capacity 115506K, committed 115748K, reserved 1150976K
  class space    used 14123K, capacity 15214K, committed 15308K, reserved 1048576K
}
Event: 117.351 GC heap before
{Heap before GC invocations=65 (full 0):
 garbage-first heap   total 297984K, used 252672K [0x0000000080000000, 0x0000000100000000)
  region size 1024K, 47 young (48128K), 5 survivors (5120K)
 Metaspace       used 112938K, capacity 115899K, committed 116004K, reserved 1150976K
  class space    used 14165K, capacity 15277K, committed 15308K, reserved 1048576K
}
Event: 117.401 GC heap after
{Heap after GC invocations=66 (full 0):
 garbage-first heap   total 297984K, used 214179K [0x0000000080000000, 0x0000000100000000)
  region size 1024K, 5 young (5120K), 5 survivors (5120K)
 Metaspace       used 112938K, capacity 115899K, committed 116004K, reserved 1150976K
  class space    used 14165K, capacity 15277K, committed 15308K, reserved 1048576K
}
Event: 118.767 GC heap before
{Heap before GC invocations=66 (full 0):
 garbage-first heap   total 297984K, used 255139K [0x0000000080000000, 0x0000000100000000)
  region size 1024K, 39 young (39936K), 5 survivors (5120K)
 Metaspace       used 113095K, capacity 116070K, committed 116260K, reserved 1150976K
  class space    used 14184K, capacity 15289K, committed 15308K, reserved 1048576K
}
Event: 118.790 GC heap after
{Heap after GC invocations=67 (full 0):
 garbage-first heap   total 297984K, used 224095K [0x0000000080000000, 0x0000000100000000)
  region size 1024K, 5 young (5120K), 5 survivors (5120K)
 Metaspace       used 113095K, capacity 116070K, committed 116260K, reserved 1150976K
  class space    used 14184K, capacity 15289K, committed 15308K, reserved 1048576K
}
Event: 119.025 GC heap before
{Heap before GC invocations=67 (full 0):
 garbage-first heap   total 297984K, used 252767K [0x0000000080000000, 0x0000000100000000)
  region size 1024K, 33 young (33792K), 5 survivors (5120K)
 Metaspace       used 113095K, capacity 116070K, committed 116260K, reserved 1150976K
  class space    used 14184K, capacity 15289K, committed 15308K, reserved 1048576K
}
Event: 119.049 GC heap after
{Heap after GC invocations=68 (full 0):
 garbage-first heap   total 297984K, used 230472K [0x0000000080000000, 0x0000000100000000)
  region size 1024K, 5 young (5120K), 5 survivors (5120K)
 Metaspace       used 113095K, capacity 116070K, committed 116260K, reserved 1150976K
  class space    used 14184K, capacity 15289K, committed 15308K, reserved 1048576K
}
Event: 120.257 GC heap before
{Heap before GC invocations=68 (full 0):
 garbage-first heap   total 297984K, used 263240K [0x0000000080000000, 0x0000000100000000)
  region size 1024K, 28 young (28672K), 5 survivors (5120K)
 Metaspace       used 113164K, capacity 116138K, committed 116260K, reserved 1150976K
  class space    used 14186K, capacity 15290K, committed 15308K, reserved 1048576K
}
Event: 120.281 GC heap after
{Heap after GC invocations=69 (full 0):
 garbage-first heap   total 297984K, used 243314K [0x0000000080000000, 0x0000000100000000)
  region size 1024K, 4 young (4096K), 4 survivors (4096K)
 Metaspace       used 113164K, capacity 116138K, committed 116260K, reserved 1150976K
  class space    used 14186K, capacity 15290K, committed 15308K, reserved 1048576K
}
Event: 122.504 GC heap before
{Heap before GC invocations=69 (full 0):
 garbage-first heap   total 297984K, used 259698K [0x0000000080000000, 0x0000000100000000)
  region size 1024K, 20 young (20480K), 4 survivors (4096K)
 Metaspace       used 113338K, capacity 116371K, committed 116644K, reserved 1150976K
  class space    used 14195K, capacity 15325K, committed 15436K, reserved 1048576K
}
Event: 122.623 GC heap after
{Heap after GC invocations=70 (full 0):
 garbage-first heap   total 297984K, used 243373K [0x0000000080000000, 0x0000000100000000)
  region size 1024K, 1 young (1024K), 1 survivors (1024K)
 Metaspace       used 113338K, capacity 116371K, committed 116644K, reserved 1150976K
  class space    used 14195K, capacity 15325K, committed 15436K, reserved 1048576K
}
Event: 124.560 GC heap before
{Heap before GC invocations=70 (full 0):
 garbage-first heap   total 297984K, used 259757K [0x0000000080000000, 0x0000000100000000)
  region size 1024K, 18 young (18432K), 1 survivors (1024K)
 Metaspace       used 113766K, capacity 116772K, committed 116900K, reserved 1150976K
  class space    used 14246K, capacity 15371K, committed 15436K, reserved 1048576K
}

Deoptimization events (20 events):
Event: 123.963 Thread 0x000001b87c8d6000 Uncommon trap: trap_request=0xffffffc6 fr.pc=0x000001b8084c3e60 relative=0x0000000000000540
Event: 123.963 Thread 0x000001b87c8d6000 Uncommon trap: reason=bimorphic_or_optimized_type_check action=maybe_recompile pc=0x000001b8084c3e60 method=com.android.tools.r8.internal.k8.a(Lcom/android/tools/r8/graph/c0;Lcom/android/tools/r8/graph/c0;)I @ 5 c2
Event: 123.963 Thread 0x000001b87c8d6000 DEOPT PACKING pc=0x000001b8084c3e60 sp=0x0000009b132fdf70
Event: 123.963 Thread 0x000001b87c8d6000 DEOPT UNPACKING pc=0x000001b8000278af sp=0x0000009b132fdf28 mode 2
Event: 123.963 Thread 0x000001b87c8d6000 Uncommon trap: trap_request=0xffffffc6 fr.pc=0x000001b8084c3e60 relative=0x0000000000000540
Event: 123.963 Thread 0x000001b87c8d6000 Uncommon trap: reason=bimorphic_or_optimized_type_check action=maybe_recompile pc=0x000001b8084c3e60 method=com.android.tools.r8.internal.k8.a(Lcom/android/tools/r8/graph/c0;Lcom/android/tools/r8/graph/c0;)I @ 5 c2
Event: 123.963 Thread 0x000001b87c8d6000 DEOPT PACKING pc=0x000001b8084c3e60 sp=0x0000009b132fdf70
Event: 123.963 Thread 0x000001b87c8d6000 DEOPT UNPACKING pc=0x000001b8000278af sp=0x0000009b132fdf28 mode 2
Event: 123.963 Thread 0x000001b87c8d6000 Uncommon trap: trap_request=0xffffffc6 fr.pc=0x000001b8084c3e60 relative=0x0000000000000540
Event: 123.963 Thread 0x000001b87c8d6000 Uncommon trap: reason=bimorphic_or_optimized_type_check action=maybe_recompile pc=0x000001b8084c3e60 method=com.android.tools.r8.internal.k8.a(Lcom/android/tools/r8/graph/c0;Lcom/android/tools/r8/graph/c0;)I @ 5 c2
Event: 123.963 Thread 0x000001b87c8d6000 DEOPT PACKING pc=0x000001b8084c3e60 sp=0x0000009b132fdf70
Event: 123.963 Thread 0x000001b87c8d6000 DEOPT UNPACKING pc=0x000001b8000278af sp=0x0000009b132fdf28 mode 2
Event: 123.963 Thread 0x000001b87c8d6000 Uncommon trap: trap_request=0xffffffc6 fr.pc=0x000001b8084c3e60 relative=0x0000000000000540
Event: 123.963 Thread 0x000001b87c8d6000 Uncommon trap: reason=bimorphic_or_optimized_type_check action=maybe_recompile pc=0x000001b8084c3e60 method=com.android.tools.r8.internal.k8.a(Lcom/android/tools/r8/graph/c0;Lcom/android/tools/r8/graph/c0;)I @ 5 c2
Event: 123.963 Thread 0x000001b87c8d6000 DEOPT PACKING pc=0x000001b8084c3e60 sp=0x0000009b132fdf70
Event: 123.963 Thread 0x000001b87c8d6000 DEOPT UNPACKING pc=0x000001b8000278af sp=0x0000009b132fdf28 mode 2
Event: 124.354 Thread 0x000001b87c8d3000 Uncommon trap: trap_request=0xffffff4d fr.pc=0x000001b8081e95c4 relative=0x00000000000032e4
Event: 124.354 Thread 0x000001b87c8d3000 Uncommon trap: reason=unstable_if action=reinterpret pc=0x000001b8081e95c4 method=java.lang.String.split(Ljava/lang/String;I)[Ljava/lang/String; @ 256 c2
Event: 124.354 Thread 0x000001b87c8d3000 DEOPT PACKING pc=0x000001b8081e95c4 sp=0x0000009b0eefd5e0
Event: 124.367 Thread 0x000001b87c8d3000 DEOPT UNPACKING pc=0x000001b8000278af sp=0x0000009b0eefd5e0 mode 2

Classes redefined (0 events):
No events

Internal exceptions (20 events):
Event: 99.998 Thread 0x000001b87c8d3000 Exception <a 'java/lang/NoSuchMethodError'{0x000000008dc865a0}: 'void java.lang.invoke.DirectMethodHandle$Holder.invokeStatic(java.lang.Object, long)'> (0x000000008dc865a0) thrown at [./src/hotspot/share/interpreter/linkResolver.cpp, line 773]
Event: 100.012 Thread 0x000001b87c8d3000 Exception <a 'java/lang/NoSuchMethodError'{0x000000008dc8b7b8}: 'java.lang.Object java.lang.invoke.DirectMethodHandle$Holder.invokeStatic(java.lang.Object, long)'> (0x000000008dc8b7b8) thrown at [./src/hotspot/share/interpreter/linkResolver.cpp, line 773]
Event: 100.016 Thread 0x000001b87c8d3000 Exception <a 'java/lang/NoSuchMethodError'{0x000000008dc91b38}: 'java.lang.Object java.lang.invoke.Invokers$Holder.linkToTargetMethod(long, java.lang.Object)'> (0x000000008dc91b38) thrown at [./src/hotspot/share/interpreter/linkResolver.cpp, line 773]
Event: 100.038 Thread 0x000001b87c8d3000 Exception <a 'java/lang/NoSuchMethodError'{0x000000008af5a910}: 'java.lang.Object java.lang.invoke.DirectMethodHandle$Holder.invokeStaticInit(java.lang.Object, java.lang.Object, long, java.lang.Object)'> (0x000000008af5a910) thrown at [./src/hotspot/share/interpreter/linkResolver.cpp, line 773]
Event: 100.044 Thread 0x000001b87c8d3000 Exception <a 'java/lang/NoSuchMethodError'{0x000000008af60aa8}: 'java.lang.Object java.lang.invoke.DirectMethodHandle$Holder.invokeStatic(java.lang.Object, java.lang.Object, long)'> (0x000000008af60aa8) thrown at [./src/hotspot/share/interpreter/linkResolver.cpp, line 773]
Event: 100.045 Thread 0x000001b87c8d3000 Exception <a 'java/lang/NoSuchMethodError'{0x000000008af67020}: 'java.lang.Object java.lang.invoke.Invokers$Holder.linkToTargetMethod(java.lang.Object, long, java.lang.Object)'> (0x000000008af67020) thrown at [./src/hotspot/share/interpreter/linkResolver.cpp, line 773]
Event: 100.113 Thread 0x000001b87c8d4800 Exception <a 'java/lang/IncompatibleClassChangeError'{0x000000008aed01d8}: Found class java.lang.Object, but interface was expected> (0x000000008aed01d8) thrown at [./src/hotspot/share/interpreter/linkResolver.cpp, line 839]
Event: 100.121 Thread 0x000001b87c8db000 Exception <a 'java/lang/NoSuchMethodError'{0x000000008ad34668}: 'java.lang.Object java.lang.invoke.DirectMethodHandle$Holder.newInvokeSpecial(java.lang.Object, int)'> (0x000000008ad34668) thrown at [./src/hotspot/share/interpreter/linkResolver.cpp, line 773]
Event: 100.135 Thread 0x000001b87c8d4800 Exception <a 'java/lang/IncompatibleClassChangeError'{0x000000008ad7ca38}: Found class java.lang.Object, but interface was expected> (0x000000008ad7ca38) thrown at [./src/hotspot/share/interpreter/linkResolver.cpp, line 839]
Event: 100.140 Thread 0x000001b87c8d4800 Exception <a 'java/lang/IncompatibleClassChangeError'{0x000000008ad83ec0}: Found class java.lang.Object, but interface was expected> (0x000000008ad83ec0) thrown at [./src/hotspot/share/interpreter/linkResolver.cpp, line 839]
Event: 101.884 Thread 0x000001b87c8d3000 Exception <a 'java/lang/NoSuchMethodError'{0x000000008f90a528}: 'int java.lang.invoke.DirectMethodHandle$Holder.invokeSpecialIFC(java.lang.Object, java.lang.Object, java.lang.Object)'> (0x000000008f90a528) thrown at [./src/hotspot/share/interpreter/linkResolver.cpp, line 773]
Event: 102.086 Thread 0x000001b87c8d4000 Exception <a 'java/lang/NoSuchMethodError'{0x000000008f967fe0}: 'int java.lang.invoke.DirectMethodHandle$Holder.invokeVirtual(java.lang.Object, java.lang.Object, java.lang.Object, java.lang.Object)'> (0x000000008f967fe0) thrown at [./src/hotspot/share/interpreter/linkResolver.cpp, line 773]
Event: 102.516 Thread 0x000001b87c8d4000 Exception <a 'java/lang/IncompatibleClassChangeError'{0x000000008f8f52f8}: Found class java.lang.Object, but interface was expected> (0x000000008f8f52f8) thrown at [./src/hotspot/share/interpreter/linkResolver.cpp, line 839]
Event: 103.648 Thread 0x000001b87c8d4000 Exception <a 'java/lang/NoSuchMethodError'{0x00000000918be8c8}: 'java.lang.Object java.lang.invoke.Invokers$Holder.linkToTargetMethod(java.lang.Object, int, java.lang.Object, java.lang.Object, java.lang.Object, java.lang.Object)'> (0x00000000918be8c8) thrown at [./src/hotspot/share/interpreter/linkResolver.cpp, line 773]
Event: 103.649 Thread 0x000001b87c8d4000 Exception <a 'java/lang/NoSuchMethodError'{0x00000000918c2580}: 'void java.lang.invoke.DirectMethodHandle$Holder.invokeSpecial(java.lang.Object, java.lang.Object, java.lang.Object, java.lang.Object, java.lang.Object, java.lang.Object, java.lang.Object, java.lang.Object, java.lang.Object)'> (0x00000000918c2580) thrown at [./src/hotspot/share/interpreter/linkResolver.cpp, line 773]
Event: 103.651 Thread 0x000001b87c8d4000 Exception <a 'java/lang/NoSuchMethodError'{0x00000000918cb6d8}: 'java.lang.Object java.lang.invoke.Invokers$Holder.linkToTargetMethod(java.lang.Object, java.lang.Object, java.lang.Object, java.lang.Object, java.lang.Object, java.lang.Object, java.lang.Object)'> (0x00000000918cb6d8) thrown at [./src/hotspot/share/interpreter/linkResolver.cpp, line 773]
Event: 103.734 Thread 0x000001b87c8d4000 Exception <a 'java/lang/IncompatibleClassChangeError'{0x00000000918f1800}: Found class java.lang.Object, but interface was expected> (0x00000000918f1800) thrown at [./src/hotspot/share/interpreter/linkResolver.cpp, line 839]
Event: 104.096 Thread 0x000001b87c8d4000 Exception <a 'java/lang/NoSuchMethodError'{0x0000000091630b30}: 'void java.lang.invoke.DirectMethodHandle$Holder.invokeStatic(java.lang.Object, java.lang.Object, java.lang.Object, java.lang.Object, java.lang.Object, java.lang.Object, java.lang.Object, java.lang.Object)'> (0x0000000091630b30) thrown at [./src/hotspot/share/interpreter/linkResolver.cpp, line 773]
Event: 110.984 Thread 0x000001b87c8d4000 Exception <a 'java/lang/IncompatibleClassChangeError'{0x0000000091270370}: Found class java.lang.Object, but interface was expected> (0x0000000091270370) thrown at [./src/hotspot/share/interpreter/linkResolver.cpp, line 839]
Event: 120.940 Thread 0x000001b87c8d6000 Exception <a 'java/lang/NoSuchMethodError'{0x000000009188edc8}: 'void java.lang.invoke.DirectMethodHandle$Holder.invokeVirtual(java.lang.Object, java.lang.Object, int)'> (0x000000009188edc8) thrown at [./src/hotspot/share/interpreter/linkResolver.cpp, line 773]

Events (20 events):
Event: 124.278 loading class com/google/common/collect/RegularImmutableTable$Values done
Event: 124.390 loading class com/android/tools/r8/dex/n
Event: 124.390 loading class com/android/tools/r8/dex/n done
Event: 124.391 loading class com/android/tools/r8/graph/Z
Event: 124.391 loading class com/android/tools/r8/graph/Z done
Event: 124.391 loading class com/android/tools/r8/dex/m
Event: 124.391 loading class com/android/tools/r8/dex/m done
Event: 124.394 loading class com/android/tools/r8/graph/O
Event: 124.394 loading class com/android/tools/r8/graph/O done
Event: 124.394 loading class com/android/tools/r8/graph/O
Event: 124.394 loading class com/android/tools/r8/graph/O done
Event: 124.394 loading class com/android/tools/r8/dex/m
Event: 124.394 loading class com/android/tools/r8/dex/m done
Event: 124.469 loading class com/android/tools/r8/graph/P
Event: 124.469 loading class com/android/tools/r8/graph/P done
Event: 124.469 loading class com/android/tools/r8/graph/P
Event: 124.469 loading class com/android/tools/r8/graph/P done
Event: 124.469 loading class com/android/tools/r8/dex/m
Event: 124.469 loading class com/android/tools/r8/dex/m done
Event: 124.516 Executing VM operation: G1CollectForAllocation


Dynamic libraries:
0x00007ff720d30000 - 0x00007ff720d3a000 	C:\Program Files\Android\Android Studio\jre\bin\java.exe
0x00007ff973d70000 - 0x00007ff973f65000 	C:\WINDOWS\SYSTEM32\ntdll.dll
0x00007ff9727c0000 - 0x00007ff97287e000 	C:\WINDOWS\System32\KERNEL32.DLL
0x00007ff9715c0000 - 0x00007ff971888000 	C:\WINDOWS\System32\KERNELBASE.dll
0x00007ff971890000 - 0x00007ff971990000 	C:\WINDOWS\System32\ucrtbase.dll
0x00007ff96bb60000 - 0x00007ff96bb79000 	C:\Program Files\Android\Android Studio\jre\bin\jli.dll
0x00007ff973220000 - 0x00007ff9733c1000 	C:\WINDOWS\System32\USER32.dll
0x00007ff96ba00000 - 0x00007ff96ba17000 	C:\Program Files\Android\Android Studio\jre\bin\VCRUNTIME140.dll
0x00007ff9612d0000 - 0x00007ff96156a000 	C:\WINDOWS\WinSxS\amd64_microsoft.windows.common-controls_6595b64144ccf1df_6.0.19041.1110_none_60b5254171f9507e\COMCTL32.dll
0x00007ff9721f0000 - 0x00007ff97228e000 	C:\WINDOWS\System32\msvcrt.dll
0x00007ff973ca0000 - 0x00007ff973ccb000 	C:\WINDOWS\System32\GDI32.dll
0x00007ff971490000 - 0x00007ff9714b2000 	C:\WINDOWS\System32\win32u.dll
0x00007ff971ab0000 - 0x00007ff971bbb000 	C:\WINDOWS\System32\gdi32full.dll
0x00007ff971bc0000 - 0x00007ff971c5d000 	C:\WINDOWS\System32\msvcp_win.dll
0x00007ff9725e0000 - 0x00007ff972610000 	C:\WINDOWS\System32\IMM32.DLL
0x00007ff96a8f0000 - 0x00007ff96a98d000 	C:\Program Files\Android\Android Studio\jre\bin\msvcp140.dll
0x00007ff92d560000 - 0x00007ff92e02f000 	C:\Program Files\Android\Android Studio\jre\bin\server\jvm.dll
0x00007ff973690000 - 0x00007ff97373c000 	C:\WINDOWS\System32\ADVAPI32.dll
0x00007ff972420000 - 0x00007ff9724bb000 	C:\WINDOWS\System32\sechost.dll
0x00007ff973020000 - 0x00007ff97314a000 	C:\WINDOWS\System32\RPCRT4.dll
0x00007ff9724c0000 - 0x00007ff9724c8000 	C:\WINDOWS\System32\PSAPI.DLL
0x00007ff96ba20000 - 0x00007ff96ba29000 	C:\WINDOWS\SYSTEM32\WSOCK32.dll
0x00007ff973470000 - 0x00007ff9734db000 	C:\WINDOWS\System32\WS2_32.dll
0x00007ff963b20000 - 0x00007ff963b47000 	C:\WINDOWS\SYSTEM32\WINMM.dll
0x00007ff967eb0000 - 0x00007ff967eba000 	C:\WINDOWS\SYSTEM32\VERSION.dll
0x00007ff96f390000 - 0x00007ff96f3a2000 	C:\WINDOWS\SYSTEM32\kernel.appcore.dll
0x00007ff96b9e0000 - 0x00007ff96b9f1000 	C:\Program Files\Android\Android Studio\jre\bin\verify.dll
0x00007ff95dd10000 - 0x00007ff95def4000 	C:\WINDOWS\SYSTEM32\DBGHELP.DLL
0x00007ff95e5c0000 - 0x00007ff95e5ec000 	C:\WINDOWS\SYSTEM32\dbgcore.DLL
0x00007ff971a20000 - 0x00007ff971aa3000 	C:\WINDOWS\System32\bcryptPrimitives.dll
0x00007ff96b9b0000 - 0x00007ff96b9d9000 	C:\Program Files\Android\Android Studio\jre\bin\java.dll
0x00007ff96b9a0000 - 0x00007ff96b9ab000 	C:\Program Files\Android\Android Studio\jre\bin\jimage.dll
0x00007ff96b980000 - 0x00007ff96b998000 	C:\Program Files\Android\Android Studio\jre\bin\zip.dll
0x00007ff9728e0000 - 0x00007ff97301f000 	C:\WINDOWS\System32\SHELL32.dll
0x00007ff96f590000 - 0x00007ff96fd20000 	C:\WINDOWS\SYSTEM32\windows.storage.dll
0x00007ff971dc0000 - 0x00007ff972115000 	C:\WINDOWS\System32\combase.dll
0x00007ff970ee0000 - 0x00007ff970f0e000 	C:\WINDOWS\SYSTEM32\Wldp.dll
0x00007ff972530000 - 0x00007ff9725dd000 	C:\WINDOWS\System32\SHCORE.dll
0x00007ff972290000 - 0x00007ff9722e5000 	C:\WINDOWS\System32\shlwapi.dll
0x00007ff9713d0000 - 0x00007ff9713ef000 	C:\WINDOWS\SYSTEM32\profapi.dll
0x00007ff96b960000 - 0x00007ff96b97a000 	C:\Program Files\Android\Android Studio\jre\bin\net.dll
0x00007ff962b90000 - 0x00007ff962c9c000 	C:\WINDOWS\SYSTEM32\WINHTTP.dll
0x00007ff970c40000 - 0x00007ff970caa000 	C:\WINDOWS\system32\mswsock.dll
0x00007ff96b940000 - 0x00007ff96b954000 	C:\Program Files\Android\Android Studio\jre\bin\nio.dll
0x00007ff9600c0000 - 0x00007ff9600e7000 	C:\Program Files\Java\jdk-17.0.1\native\8bec1ad78214c89d9ad589b4d07fe93259594b29d510b10fafb7a158f7737e5d\windows-amd64\native-platform.dll
0x00007ff946600000 - 0x00007ff94673d000 	C:\Program Files\Java\jdk-17.0.1\native\53dbd7edfb1c66fb8903c78663c9afc45aea4f116125fa6feffd364cf09443e8\windows-amd64\native-platform-file-events.dll
0x00007ff96b930000 - 0x00007ff96b93a000 	C:\Program Files\Android\Android Studio\jre\bin\management.dll
0x00007ff96b920000 - 0x00007ff96b92c000 	C:\Program Files\Android\Android Studio\jre\bin\management_ext.dll
0x00007ff970e30000 - 0x00007ff970e48000 	C:\WINDOWS\SYSTEM32\CRYPTSP.dll
0x00007ff970550000 - 0x00007ff970584000 	C:\WINDOWS\system32\rsaenh.dll
0x00007ff9719f0000 - 0x00007ff971a17000 	C:\WINDOWS\System32\bcrypt.dll
0x00007ff971390000 - 0x00007ff9713be000 	C:\WINDOWS\SYSTEM32\USERENV.dll
0x00007ff970e50000 - 0x00007ff970e5c000 	C:\WINDOWS\SYSTEM32\CRYPTBASE.dll
0x00007ff9708e0000 - 0x00007ff97091b000 	C:\WINDOWS\SYSTEM32\IPHLPAPI.DLL
0x00007ff9734e0000 - 0x00007ff9734e8000 	C:\WINDOWS\System32\NSI.dll
0x00007ff963cf0000 - 0x00007ff963d07000 	C:\WINDOWS\SYSTEM32\dhcpcsvc6.DLL
0x00007ff966660000 - 0x00007ff96667d000 	C:\WINDOWS\SYSTEM32\dhcpcsvc.DLL
0x00007ff970930000 - 0x00007ff9709fb000 	C:\WINDOWS\SYSTEM32\DNSAPI.dll
0x00007ff9576c0000 - 0x00007ff9576e7000 	C:\Program Files\Android\Android Studio\jre\bin\sunec.dll
0x00007ff96b710000 - 0x00007ff96b8b4000 	C:\Program Files\Android\Android Studio\jre\bin\awt.dll
0x00007ff973150000 - 0x00007ff97321d000 	C:\WINDOWS\System32\OLEAUT32.dll
0x00007ff96efc0000 - 0x00007ff96efef000 	C:\WINDOWS\SYSTEM32\dwmapi.dll
0x00007ff96ecd0000 - 0x00007ff96ed60000 	C:\WINDOWS\SYSTEM32\apphelp.dll
0x00007ff96ee10000 - 0x00007ff96eeae000 	C:\WINDOWS\system32\uxtheme.dll

dbghelp: loaded successfully - version: 4.0.5 - missing functions: none
symbol engine: initialized successfully - sym options: 0x614 - pdb path: .;C:\Program Files\Android\Android Studio\jre\bin;C:\WINDOWS\SYSTEM32;C:\WINDOWS\WinSxS\amd64_microsoft.windows.common-controls_6595b64144ccf1df_6.0.19041.1110_none_60b5254171f9507e;C:\Program Files\Android\Android Studio\jre\bin\server;C:\Program Files\Java\jdk-17.0.1\native\8bec1ad78214c89d9ad589b4d07fe93259594b29d510b10fafb7a158f7737e5d\windows-amd64;C:\Program Files\Java\jdk-17.0.1\native\53dbd7edfb1c66fb8903c78663c9afc45aea4f116125fa6feffd364cf09443e8\windows-amd64

VM Arguments:
jvm_args: --add-opens=java.base/java.util=ALL-UNNAMED --add-opens=java.base/java.lang=ALL-UNNAMED --add-opens=java.base/java.lang.invoke=ALL-UNNAMED --add-opens=java.base/java.util=ALL-UNNAMED --add-opens=java.prefs/java.util.prefs=ALL-UNNAMED --add-opens=java.prefs/java.util.prefs=ALL-UNNAMED --add-opens=java.base/java.nio.charset=ALL-UNNAMED --add-opens=java.base/java.net=ALL-UNNAMED --add-opens=java.base/java.util.concurrent.atomic=ALL-UNNAMED -Xmx2048m -Dfile.encoding=UTF-8 -Duser.country=US -Duser.language=en -Duser.variant 
java_command: org.gradle.launcher.daemon.bootstrap.GradleDaemon 7.0.2
java_class_path (initial): C:\Program Files\Java\jdk-17.0.1\wrapper\dists\gradle-7.0.2-bin\857tjihv64xamwrf0h14cai3r\gradle-7.0.2\lib\gradle-launcher-7.0.2.jar
Launcher Type: SUN_STANDARD

[Global flags]
     intx CICompilerCount                          = 3                                         {product} {ergonomic}
     uint ConcGCThreads                            = 1                                         {product} {ergonomic}
     uint G1ConcRefinementThreads                  = 4                                         {product} {ergonomic}
   size_t G1HeapRegionSize                         = 1048576                                   {product} {ergonomic}
    uintx GCDrainStackTargetSize                   = 64                                        {product} {ergonomic}
   size_t InitialHeapSize                          = 67108864                                  {product} {ergonomic}
   size_t MarkStackSize                            = 4194304                                   {product} {ergonomic}
   size_t MaxHeapSize                              = 2147483648                                {product} {command line}
   size_t MaxNewSize                               = 1287651328                                {product} {ergonomic}
   size_t MinHeapDeltaBytes                        = 1048576                                   {product} {ergonomic}
    uintx NonNMethodCodeHeapSize                   = 5830732                                {pd product} {ergonomic}
    uintx NonProfiledCodeHeapSize                  = 122913754                              {pd product} {ergonomic}
    uintx ProfiledCodeHeapSize                     = 122913754                              {pd product} {ergonomic}
    uintx ReservedCodeCacheSize                    = 251658240                              {pd product} {ergonomic}
     bool SegmentedCodeCache                       = true                                      {product} {ergonomic}
     bool UseCompressedClassPointers               = true                                 {lp64_product} {ergonomic}
     bool UseCompressedOops                        = true                                 {lp64_product} {ergonomic}
     bool UseG1GC                                  = true                                      {product} {ergonomic}
     bool UseLargePagesIndividualAllocation        = false                                  {pd product} {ergonomic}

Logging:
Log output configuration:
 #0: stdout all=warning uptime,level,tags
 #1: stderr all=off uptime,level,tags

Environment Variables:
PATH=C:\Program Files\Common Files\Oracle\Java\javapath;C:\WINDOWS\system32;C:\WINDOWS;C:\WINDOWS\System32\Wbem;C:\WINDOWS\System32\WindowsPowerShell\v1.0\;C:\WINDOWS\System32\OpenSSH\;C:\Program Files\dotnet\;C:\Program Files\Microsoft SQL Server\Client SDK\ODBC\170\Tools\Binn\;C:\Program Files (x86)\dotnet\;C:\Program Files\Git\cmd;C:\Users\MinhNgan\AppData\Local\Microsoft\WindowsApps
USERNAME=MinhNgan
OS=Windows_NT
PROCESSOR_IDENTIFIER=Intel64 Family 6 Model 69 Stepping 1, GenuineIntel



---------------  S Y S T E M  ---------------

OS: Windows 10 , 64 bit Build 19041 (10.0.19041.1348)
OS uptime: 0 days 0:05 hours

CPU:total 4 (initial active 4) (2 cores per cpu, 2 threads per core) family 6 model 69 stepping 1 microcode 0x25, cmov, cx8, fxsr, mmx, sse, sse2, sse3, ssse3, sse4.1, sse4.2, popcnt, avx, avx2, aes, clmul, erms, lzcnt, ht, tsc, tscinvbit, bmi1, bmi2, fma

Memory: 4k page, system-wide physical 3979M (144M free)
TotalPageFile size 6979M (AvailPageFile size 128M)
current process WorkingSet (physical memory assigned to process): 242M, peak: 371M
current process commit charge ("private bytes"): 622M, peak: 823M

vm_info: OpenJDK 64-Bit Server VM (11.0.10+0-b96-7249189) for windows-amd64 JRE (11.0.10+0-b96-7249189), built on Mar 31 2021 21:44:00 by "builder" with MS VC++ 14.0 (VS2015)

END.
