#
# There is insufficient memory for the Java Runtime Environment to continue.
# Native memory allocation (malloc) failed to allocate 2077136 bytes for Chunk::new
# Possible reasons:
#   The system is out of physical RAM or swap space
#   The process is running with CompressedOops enabled, and the Java Heap may be blocking the growth of the native heap
# Possible solutions:
#   Reduce memory load on the system
#   Increase physical memory or swap space
#   Check if swap backing store is full
#   Decrease Java heap size (-Xmx/-Xms)
#   Decrease number of Java threads
#   Decrease Java thread stack sizes (-Xss)
#   Set larger code cache with -XX:ReservedCodeCacheSize=
#   JVM is running with Unscaled Compressed Oops mode in which the Java heap is
#     placed in the first 4GB address space. The Java Heap base address is the
#     maximum limit for the native heap growth. Please use -XX:HeapBaseMinAddress
#     to set the Java Heap base and to place the Java Heap above 4GB virtual address.
# This output file may be truncated or incomplete.
#
#  Out of Memory Error (./src/hotspot/share/memory/arena.cpp:197), pid=1092, tid=3616
#
# JRE version: OpenJDK Runtime Environment (11.0.10) (build 11.0.10+0-b96-7249189)
# Java VM: OpenJDK 64-Bit Server VM (11.0.10+0-b96-7249189, mixed mode, tiered, compressed oops, g1 gc, windows-amd64)
# No core dump will be written. Minidumps are not enabled by default on client versions of Windows
#

---------------  S U M M A R Y ------------

Command Line: --add-opens=java.base/java.util=ALL-UNNAMED --add-opens=java.base/java.lang=ALL-UNNAMED --add-opens=java.base/java.lang.invoke=ALL-UNNAMED --add-opens=java.base/java.util=ALL-UNNAMED --add-opens=java.prefs/java.util.prefs=ALL-UNNAMED --add-opens=java.prefs/java.util.prefs=ALL-UNNAMED --add-opens=java.base/java.nio.charset=ALL-UNNAMED --add-opens=java.base/java.net=ALL-UNNAMED --add-opens=java.base/java.util.concurrent.atomic=ALL-UNNAMED -Xmx2048m -Dfile.encoding=UTF-8 -Duser.country=US -Duser.language=en -Duser.variant org.gradle.launcher.daemon.bootstrap.GradleDaemon 7.0.2

Host: Intel(R) Core(TM) i5-4210U CPU @ 1.70GHz, 4 cores, 3G,  Windows 10 , 64 bit Build 19041 (10.0.19041.1348)
Time: Fri Nov 26 21:45:07 2021 SE Asia Standard Time elapsed time: 75.217014 seconds (0d 0h 1m 15s)

---------------  T H R E A D  ---------------

Current thread (0x00000213682bb000):  JavaThread "C2 CompilerThread0" daemon [_thread_in_native, id=3616, stack(0x0000009d09000000,0x0000009d09100000)]


Current CompileTask:
C2:  75217 18166 %     4       com.android.tools.r8.ir.regalloc.a::a @ 1578 (3985 bytes)

Stack: [0x0000009d09000000,0x0000009d09100000]
Native frames: (J=compiled Java code, j=interpreted, Vv=VM code, C=native code)
V  [jvm.dll+0x5ecfaa]
V  [jvm.dll+0x722bd5]
V  [jvm.dll+0x72412d]
V  [jvm.dll+0x7247e3]
V  [jvm.dll+0x242928]
V  [jvm.dll+0xbc4fc]
V  [jvm.dll+0xbca0c]
V  [jvm.dll+0x2b4fd4]
V  [jvm.dll+0x506028]
V  [jvm.dll+0x203253]
V  [jvm.dll+0x1fd07c]
V  [jvm.dll+0x1fa77f]
V  [jvm.dll+0x18354c]
V  [jvm.dll+0x208ee7]
V  [jvm.dll+0x207731]
V  [jvm.dll+0x6eb1cf]
V  [jvm.dll+0x6e3d45]
V  [jvm.dll+0x5ebe96]
C  [ucrtbase.dll+0x21bb2]
C  [KERNEL32.DLL+0x17034]
C  [ntdll.dll+0x52651]


---------------  P R O C E S S  ---------------

Threads class SMR info:
_java_thread_list=0x000002137104b1c0, length=55, elements={
0x000002134deea000, 0x000002136825a800, 0x000002136825b800, 0x00000213682b1800,
0x00000213682b4800, 0x00000213682b5800, 0x00000213682bb000, 0x0000021368c30800,
0x0000021368c35000, 0x0000021368d2d000, 0x0000021369ba2000, 0x000002136a545000,
0x000002136a406800, 0x000002136affa000, 0x000002136a472800, 0x000002136acdf800,
0x000002136a473800, 0x0000021369d8c800, 0x000002136a3cf000, 0x000002136a3cd000,
0x000002136a3ce800, 0x000002136a3cd800, 0x0000021369c35800, 0x0000021369c36800,
0x0000021369c3a800, 0x0000021369c37000, 0x0000021369c39800, 0x0000021369c38000,
0x0000021369c3b800, 0x0000021369c3d800, 0x0000021369c3e800, 0x0000021369c3d000,
0x0000021369c41000, 0x0000021369c43800, 0x0000021369c42000, 0x0000021369c44000,
0x0000021369c3f800, 0x0000021369c40000, 0x000002136b732000, 0x000002136b72e800,
0x000002136b72d000, 0x000002136b732800, 0x000002136b72e000, 0x000002136b734800,
0x000002136b733800, 0x000002136b72f800, 0x000002136b735000, 0x000002136b736000,
0x000002136b730800, 0x000002136b738800, 0x000002136b73b000, 0x000002136b739000,
0x000002136b73a000, 0x000002136b73b800, 0x000002136b737000
}

Java Threads: ( => current thread )
  0x000002134deea000 JavaThread "main" [_thread_blocked, id=6836, stack(0x0000009d08400000,0x0000009d08500000)]
  0x000002136825a800 JavaThread "Reference Handler" daemon [_thread_blocked, id=8748, stack(0x0000009d08b00000,0x0000009d08c00000)]
  0x000002136825b800 JavaThread "Finalizer" daemon [_thread_blocked, id=7484, stack(0x0000009d08c00000,0x0000009d08d00000)]
  0x00000213682b1800 JavaThread "Signal Dispatcher" daemon [_thread_blocked, id=2488, stack(0x0000009d08d00000,0x0000009d08e00000)]
  0x00000213682b4800 JavaThread "Attach Listener" daemon [_thread_blocked, id=6884, stack(0x0000009d08e00000,0x0000009d08f00000)]
  0x00000213682b5800 JavaThread "Service Thread" daemon [_thread_blocked, id=2268, stack(0x0000009d08f00000,0x0000009d09000000)]
=>0x00000213682bb000 JavaThread "C2 CompilerThread0" daemon [_thread_in_native, id=3616, stack(0x0000009d09000000,0x0000009d09100000)]
  0x0000021368c30800 JavaThread "C1 CompilerThread0" daemon [_thread_blocked, id=5692, stack(0x0000009d09100000,0x0000009d09200000)]
  0x0000021368c35000 JavaThread "Sweeper thread" daemon [_thread_blocked, id=1520, stack(0x0000009d09200000,0x0000009d09300000)]
  0x0000021368d2d000 JavaThread "Common-Cleaner" daemon [_thread_blocked, id=1200, stack(0x0000009d09300000,0x0000009d09400000)]
  0x0000021369ba2000 JavaThread "Daemon health stats" [_thread_blocked, id=2588, stack(0x0000009d09600000,0x0000009d09700000)]
  0x000002136a545000 JavaThread "Incoming local TCP Connector on port 49790" [_thread_in_native, id=8520, stack(0x0000009d09700000,0x0000009d09800000)]
  0x000002136a406800 JavaThread "Daemon periodic checks" [_thread_blocked, id=1964, stack(0x0000009d09800000,0x0000009d09900000)]
  0x000002136affa000 JavaThread "Daemon" [_thread_blocked, id=6812, stack(0x0000009d09900000,0x0000009d09a00000)]
  0x000002136a472800 JavaThread "Handler for socket connection from /127.0.0.1:49790 to /127.0.0.1:49791" [_thread_in_native, id=3160, stack(0x0000009d09a00000,0x0000009d09b00000)]
  0x000002136acdf800 JavaThread "Cancel handler" [_thread_blocked, id=1944, stack(0x0000009d09b00000,0x0000009d09c00000)]
  0x000002136a473800 JavaThread "Daemon worker" [_thread_in_native, id=3908, stack(0x0000009d09c00000,0x0000009d09d00000)]
  0x0000021369d8c800 JavaThread "Asynchronous log dispatcher for DefaultDaemonConnection: socket connection from /127.0.0.1:49790 to /127.0.0.1:49791" [_thread_blocked, id=3456, stack(0x0000009d09d00000,0x0000009d09e00000)]
  0x000002136a3cf000 JavaThread "Daemon client event forwarder" [_thread_blocked, id=5452, stack(0x0000009d09f00000,0x0000009d0a000000)]
  0x000002136a3cd000 JavaThread "Cache worker for file hash cache (C:\Program Files\Java\jdk-17.0.1\caches\7.0.2\fileHashes)" [_thread_blocked, id=5828, stack(0x0000009d0a200000,0x0000009d0a300000)]
  0x000002136a3ce800 JavaThread "File lock request listener" [_thread_in_native, id=4192, stack(0x0000009d0a300000,0x0000009d0a400000)]
  0x000002136a3cd800 JavaThread "Cache worker for journal cache (C:\Program Files\Java\jdk-17.0.1\caches\journal-1)" [_thread_blocked, id=3960, stack(0x0000009d0a400000,0x0000009d0a500000)]
  0x0000021369c35800 JavaThread "Cache worker for file hash cache (C:\Users\MinhNgan\AndroidStudioProjects\Android_hepat\.gradle\7.0.2\fileHashes)" [_thread_blocked, id=3448, stack(0x0000009d0a500000,0x0000009d0a600000)]
  0x0000021369c36800 JavaThread "File watcher server" daemon [_thread_in_native, id=5016, stack(0x0000009d0a600000,0x0000009d0a700000)]
  0x0000021369c3a800 JavaThread "File watcher consumer" daemon [_thread_blocked, id=3912, stack(0x0000009d0a700000,0x0000009d0a800000)]
  0x0000021369c37000 JavaThread "Cache worker for checksums cache (C:\Users\MinhNgan\AndroidStudioProjects\Android_hepat\.gradle\checksums)" [_thread_blocked, id=8912, stack(0x0000009d0a800000,0x0000009d0a900000)]
  0x0000021369c39800 JavaThread "Cache worker for cache directory md-supplier (C:\Program Files\Java\jdk-17.0.1\caches\7.0.2\md-supplier)" [_thread_blocked, id=7388, stack(0x0000009d0a900000,0x0000009d0aa00000)]
  0x0000021369c38000 JavaThread "Cache worker for cache directory md-rule (C:\Program Files\Java\jdk-17.0.1\caches\7.0.2\md-rule)" [_thread_blocked, id=3316, stack(0x0000009d0aa00000,0x0000009d0ab00000)]
  0x0000021369c3b800 JavaThread "Cache worker for execution history cache (C:\Program Files\Java\jdk-17.0.1\caches\7.0.2\executionHistory)" [_thread_blocked, id=5984, stack(0x0000009d0ab00000,0x0000009d0ac00000)]
  0x0000021369c3d800 JavaThread "jar transforms" [_thread_blocked, id=7968, stack(0x0000009d0ac00000,0x0000009d0ad00000)]
  0x0000021369c3e800 JavaThread "jar transforms Thread 2" [_thread_blocked, id=7688, stack(0x0000009d0ad00000,0x0000009d0ae00000)]
  0x0000021369c3d000 JavaThread "Cache worker for file content cache (C:\Program Files\Java\jdk-17.0.1\caches\7.0.2\fileContent)" [_thread_blocked, id=7152, stack(0x0000009d0ae00000,0x0000009d0af00000)]
  0x0000021369c41000 JavaThread "Cache worker for dependencies-accessors (C:\Users\MinhNgan\AndroidStudioProjects\Android_hepat\.gradle\7.0.2\dependencies-accessors)" [_thread_blocked, id=7692, stack(0x0000009d0af00000,0x0000009d0b000000)]
  0x0000021369c43800 JavaThread "jar transforms Thread 3" [_thread_blocked, id=7580, stack(0x0000009d0b000000,0x0000009d0b100000)]
  0x0000021369c42000 JavaThread "Cache worker for Build Output Cleanup Cache (C:\Users\MinhNgan\AndroidStudioProjects\Android_hepat\.gradle\buildOutputCleanup)" [_thread_blocked, id=1996, stack(0x0000009d0b100000,0x0000009d0b200000)]
  0x0000021369c44000 JavaThread "Build operations" [_thread_blocked, id=3268, stack(0x0000009d0b200000,0x0000009d0b300000)]
  0x0000021369c3f800 JavaThread "Build operations Thread 2" [_thread_blocked, id=3340, stack(0x0000009d0b300000,0x0000009d0b400000)]
  0x0000021369c40000 JavaThread "Build operations Thread 3" [_thread_blocked, id=3584, stack(0x0000009d0b400000,0x0000009d0b500000)]
  0x000002136b732000 JavaThread "Build operations Thread 4" [_thread_blocked, id=1832, stack(0x0000009d0b500000,0x0000009d0b600000)]
  0x000002136b72e800 JavaThread "jar transforms Thread 4" [_thread_blocked, id=4856, stack(0x0000009d0b600000,0x0000009d0b700000)]
  0x000002136b72d000 JavaThread "Memory manager" [_thread_blocked, id=5124, stack(0x0000009d0b700000,0x0000009d0b800000)]
  0x000002136b732800 JavaThread "build event listener" [_thread_blocked, id=8900, stack(0x0000009d0b800000,0x0000009d0b900000)]
  0x000002136b72e000 JavaThread "Execution worker for ':'" [_thread_blocked, id=856, stack(0x0000009d0b900000,0x0000009d0ba00000)]
  0x000002136b734800 JavaThread "Execution worker for ':' Thread 2" [_thread_blocked, id=1824, stack(0x0000009d0ba00000,0x0000009d0bb00000)]
  0x000002136b733800 JavaThread "Execution worker for ':' Thread 3" [_thread_blocked, id=6948, stack(0x0000009d0bb00000,0x0000009d0bc00000)]
  0x000002136b72f800 JavaThread "Cache worker for execution history cache (C:\Users\MinhNgan\AndroidStudioProjects\Android_hepat\.gradle\7.0.2\executionHistory)" [_thread_blocked, id=6968, stack(0x0000009d0bc00000,0x0000009d0bd00000)]
  0x000002136b735000 JavaThread "WorkerExecutor Queue" [_thread_blocked, id=8716, stack(0x0000009d0bf00000,0x0000009d0c000000)]
  0x000002136b736000 JavaThread "WorkerExecutor Queue Thread 2" [_thread_blocked, id=4984, stack(0x0000009d0c000000,0x0000009d0c100000)]
  0x000002136b730800 JavaThread "pool-3-thread-1" [_thread_blocked, id=6780, stack(0x0000009d0c100000,0x0000009d0c200000)]
  0x000002136b738800 JavaThread "stderr" [_thread_in_native, id=5564, stack(0x0000009d0c200000,0x0000009d0c300000)]
  0x000002136b73b000 JavaThread "stdout" [_thread_in_native, id=5836, stack(0x0000009d0c300000,0x0000009d0c400000)]
  0x000002136b739000 JavaThread "Cache worker for Java compile cache (C:\Program Files\Java\jdk-17.0.1\caches\7.0.2\javaCompile)" [_thread_blocked, id=8960, stack(0x0000009d08100000,0x0000009d08200000)]
  0x000002136b73a000 JavaThread "Cache worker for Java compile cache (C:\Users\MinhNgan\AndroidStudioProjects\Android_hepat\.gradle\7.0.2\javaCompile)" [_thread_blocked, id=5496, stack(0x0000009d08200000,0x0000009d08300000)]
  0x000002136b73b800 JavaThread "WorkerExecutor Queue Thread 3" [_thread_blocked, id=7284, stack(0x0000009d08300000,0x0000009d08400000)]
  0x000002136b737000 JavaThread "WorkerExecutor Queue Thread 4" [_thread_blocked, id=4528, stack(0x0000009d0c400000,0x0000009d0c500000)]

Other Threads:
  0x0000021368250800 VMThread "VM Thread" [stack: 0x0000009d08a00000,0x0000009d08b00000] [id=6796]
  0x0000021368d36000 WatcherThread [stack: 0x0000009d09400000,0x0000009d09500000] [id=2000]
  0x000002134df02800 GCTaskThread "GC Thread#0" [stack: 0x0000009d08500000,0x0000009d08600000] [id=8620]
  0x00000213695d6800 GCTaskThread "GC Thread#1" [stack: 0x0000009d09500000,0x0000009d09600000] [id=5108]
  0x000002136a239800 GCTaskThread "GC Thread#2" [stack: 0x0000009d0a000000,0x0000009d0a100000] [id=7780]
  0x0000021369dce000 GCTaskThread "GC Thread#3" [stack: 0x0000009d0a100000,0x0000009d0a200000] [id=3404]
  0x000002134df32000 ConcurrentGCThread "G1 Main Marker" [stack: 0x0000009d08600000,0x0000009d08700000] [id=8832]
  0x000002134df33800 ConcurrentGCThread "G1 Conc#0" [stack: 0x0000009d08700000,0x0000009d08800000] [id=7132]
  0x000002134df8f800 ConcurrentGCThread "G1 Refine#0" [stack: 0x0000009d08800000,0x0000009d08900000] [id=7024]
  0x000002134df90800 ConcurrentGCThread "G1 Young RemSet Sampling" [stack: 0x0000009d08900000,0x0000009d08a00000] [id=8360]

Threads with active compile tasks:
C2 CompilerThread0  75269 18166 %     4       com.android.tools.r8.ir.regalloc.a::a @ 1578 (3985 bytes)

VM state:not at safepoint (normal execution)

VM Mutex/Monitor currently owned by a thread:  ([mutex/lock_event])
[0x000002134dee72d0] CompiledIC_lock - owner thread: 0x000002136a473800

Heap address: 0x0000000080000000, size: 2048 MB, Compressed Oops mode: 32-bit
Narrow klass base: 0x0000000000000000, Narrow klass shift: 3
Compressed class space size: 1073741824 Address: 0x0000000100000000

Heap:
 garbage-first heap   total 277504K, used 219939K [0x0000000080000000, 0x0000000100000000)
  region size 1024K, 87 young (89088K), 7 survivors (7168K)
 Metaspace       used 116924K, capacity 119853K, committed 120188K, reserved 1153024K
  class space    used 14620K, capacity 15728K, committed 15872K, reserved 1048576K
Heap Regions: E=young(eden), S=young(survivor), O=old, HS=humongous(starts), HC=humongous(continues), CS=collection set, F=free, A=archive, TAMS=top-at-mark-start (previous, next)
|   0|0x0000000080000000, 0x0000000080100000, 0x0000000080100000|100%|HS|  |TAMS 0x0000000080100000, 0x0000000080000000| Complete 
|   1|0x0000000080100000, 0x0000000080200000, 0x0000000080200000|100%|HC|  |TAMS 0x0000000080200000, 0x0000000080100000| Complete 
|   2|0x0000000080200000, 0x0000000080300000, 0x0000000080300000|100%|HC|  |TAMS 0x0000000080300000, 0x0000000080200000| Complete 
|   3|0x0000000080300000, 0x0000000080400000, 0x0000000080400000|100%| O|  |TAMS 0x0000000080400000, 0x0000000080300000| Untracked 
|   4|0x0000000080400000, 0x0000000080500000, 0x0000000080500000|100%| O|  |TAMS 0x0000000080500000, 0x0000000080400000| Untracked 
|   5|0x0000000080500000, 0x0000000080600000, 0x0000000080600000|100%| O|  |TAMS 0x0000000080600000, 0x0000000080500000| Complete 
|   6|0x0000000080600000, 0x0000000080700000, 0x0000000080700000|100%| O|  |TAMS 0x0000000080700000, 0x0000000080600000| Untracked 
|   7|0x0000000080700000, 0x0000000080800000, 0x0000000080800000|100%| O|  |TAMS 0x0000000080800000, 0x0000000080700000| Untracked 
|   8|0x0000000080800000, 0x0000000080900000, 0x0000000080900000|100%| O|  |TAMS 0x0000000080900000, 0x0000000080800000| Complete 
|   9|0x0000000080900000, 0x0000000080a00000, 0x0000000080a00000|100%| O|  |TAMS 0x0000000080a00000, 0x0000000080900000| Untracked 
|  10|0x0000000080a00000, 0x0000000080b00000, 0x0000000080b00000|100%| O|  |TAMS 0x0000000080b00000, 0x0000000080a00000| Untracked 
|  11|0x0000000080b00000, 0x0000000080c00000, 0x0000000080c00000|100%| O|  |TAMS 0x0000000080c00000, 0x0000000080b00000| Untracked 
|  12|0x0000000080c00000, 0x0000000080d00000, 0x0000000080d00000|100%| O|  |TAMS 0x0000000080d00000, 0x0000000080c00000| Untracked 
|  13|0x0000000080d00000, 0x0000000080e00000, 0x0000000080e00000|100%| O|  |TAMS 0x0000000080e00000, 0x0000000080d00000| Untracked 
|  14|0x0000000080e00000, 0x0000000080f00000, 0x0000000080f00000|100%| O|  |TAMS 0x0000000080f00000, 0x0000000080e00000| Untracked 
|  15|0x0000000080f00000, 0x0000000081000000, 0x0000000081000000|100%| O|  |TAMS 0x0000000081000000, 0x0000000080f00000| Complete 
|  16|0x0000000081000000, 0x0000000081100000, 0x0000000081100000|100%| O|  |TAMS 0x0000000081100000, 0x0000000081000000| Untracked 
|  17|0x0000000081100000, 0x0000000081200000, 0x0000000081200000|100%| O|  |TAMS 0x0000000081200000, 0x0000000081100000| Untracked 
|  18|0x0000000081200000, 0x0000000081300000, 0x0000000081300000|100%| O|  |TAMS 0x0000000081300000, 0x0000000081200000| Untracked 
|  19|0x0000000081300000, 0x0000000081400000, 0x0000000081400000|100%| O|  |TAMS 0x0000000081400000, 0x0000000081300000| Untracked 
|  20|0x0000000081400000, 0x0000000081500000, 0x0000000081500000|100%| O|  |TAMS 0x0000000081500000, 0x0000000081400000| Untracked 
|  21|0x0000000081500000, 0x0000000081600000, 0x0000000081600000|100%| O|  |TAMS 0x0000000081600000, 0x0000000081500000| Complete 
|  22|0x0000000081600000, 0x0000000081700000, 0x0000000081700000|100%| O|  |TAMS 0x0000000081700000, 0x0000000081600000| Untracked 
|  23|0x0000000081700000, 0x0000000081800000, 0x0000000081800000|100%| O|  |TAMS 0x0000000081800000, 0x0000000081700000| Untracked 
|  24|0x0000000081800000, 0x0000000081900000, 0x0000000081900000|100%| O|  |TAMS 0x0000000081900000, 0x0000000081800000| Untracked 
|  25|0x0000000081900000, 0x0000000081a00000, 0x0000000081a00000|100%| O|  |TAMS 0x0000000081a00000, 0x0000000081900000| Untracked 
|  26|0x0000000081a00000, 0x0000000081b00000, 0x0000000081b00000|100%|HS|  |TAMS 0x0000000081b00000, 0x0000000081a00000| Complete 
|  27|0x0000000081b00000, 0x0000000081c00000, 0x0000000081c00000|100%|HS|  |TAMS 0x0000000081c00000, 0x0000000081b00000| Complete 
|  28|0x0000000081c00000, 0x0000000081d00000, 0x0000000081d00000|100%| O|  |TAMS 0x0000000081d00000, 0x0000000081c00000| Untracked 
|  29|0x0000000081d00000, 0x0000000081e00000, 0x0000000081e00000|100%| O|  |TAMS 0x0000000081e00000, 0x0000000081d00000| Untracked 
|  30|0x0000000081e00000, 0x0000000081f00000, 0x0000000081f00000|100%| O|  |TAMS 0x0000000081f00000, 0x0000000081e00000| Untracked 
|  31|0x0000000081f00000, 0x0000000082000000, 0x0000000082000000|100%| O|  |TAMS 0x0000000082000000, 0x0000000081f00000| Complete 
|  32|0x0000000082000000, 0x0000000082100000, 0x0000000082100000|100%| O|  |TAMS 0x0000000082100000, 0x0000000082000000| Untracked 
|  33|0x0000000082100000, 0x0000000082200000, 0x0000000082200000|100%|HS|  |TAMS 0x0000000082200000, 0x0000000082100000| Complete 
|  34|0x0000000082200000, 0x0000000082300000, 0x0000000082300000|100%|HC|  |TAMS 0x0000000082300000, 0x0000000082200000| Complete 
|  35|0x0000000082300000, 0x0000000082400000, 0x0000000082400000|100%| O|  |TAMS 0x0000000082400000, 0x0000000082300000| Untracked 
|  36|0x0000000082400000, 0x0000000082500000, 0x0000000082500000|100%| O|  |TAMS 0x0000000082500000, 0x0000000082400000| Untracked 
|  37|0x0000000082500000, 0x0000000082600000, 0x0000000082600000|100%| O|  |TAMS 0x0000000082600000, 0x0000000082500000| Complete 
|  38|0x0000000082600000, 0x0000000082700000, 0x0000000082700000|100%| O|  |TAMS 0x0000000082700000, 0x0000000082600000| Untracked 
|  39|0x0000000082700000, 0x0000000082800000, 0x0000000082800000|100%| O|  |TAMS 0x0000000082800000, 0x0000000082700000| Untracked 
|  40|0x0000000082800000, 0x0000000082900000, 0x0000000082900000|100%| O|  |TAMS 0x0000000082900000, 0x0000000082800000| Complete 
|  41|0x0000000082900000, 0x0000000082a00000, 0x0000000082a00000|100%| O|  |TAMS 0x0000000082a00000, 0x0000000082900000| Untracked 
|  42|0x0000000082a00000, 0x0000000082b00000, 0x0000000082b00000|100%| O|  |TAMS 0x0000000082b00000, 0x0000000082a00000| Untracked 
|  43|0x0000000082b00000, 0x0000000082c00000, 0x0000000082c00000|100%| O|  |TAMS 0x0000000082c00000, 0x0000000082b00000| Untracked 
|  44|0x0000000082c00000, 0x0000000082d00000, 0x0000000082d00000|100%| O|  |TAMS 0x0000000082d00000, 0x0000000082c00000| Untracked 
|  45|0x0000000082d00000, 0x0000000082e00000, 0x0000000082e00000|100%| O|  |TAMS 0x0000000082e00000, 0x0000000082d00000| Untracked 
|  46|0x0000000082e00000, 0x0000000082f00000, 0x0000000082f00000|100%| O|  |TAMS 0x0000000082f00000, 0x0000000082e00000| Untracked 
|  47|0x0000000082f00000, 0x0000000083000000, 0x0000000083000000|100%| O|  |TAMS 0x0000000083000000, 0x0000000082f00000| Untracked 
|  48|0x0000000083000000, 0x0000000083100000, 0x0000000083100000|100%| O|  |TAMS 0x0000000083100000, 0x0000000083000000| Untracked 
|  49|0x0000000083100000, 0x0000000083200000, 0x0000000083200000|100%| O|  |TAMS 0x0000000083200000, 0x0000000083100000| Untracked 
|  50|0x0000000083200000, 0x0000000083300000, 0x0000000083300000|100%| O|  |TAMS 0x0000000083300000, 0x0000000083200000| Untracked 
|  51|0x0000000083300000, 0x0000000083400000, 0x0000000083400000|100%| O|  |TAMS 0x0000000083400000, 0x0000000083300000| Untracked 
|  52|0x0000000083400000, 0x0000000083500000, 0x0000000083500000|100%| O|  |TAMS 0x0000000083500000, 0x0000000083400000| Untracked 
|  53|0x0000000083500000, 0x0000000083600000, 0x0000000083600000|100%| O|  |TAMS 0x0000000083600000, 0x0000000083500000| Complete 
|  54|0x0000000083600000, 0x0000000083700000, 0x0000000083700000|100%| O|  |TAMS 0x0000000083700000, 0x0000000083600000| Untracked 
|  55|0x0000000083700000, 0x0000000083800000, 0x0000000083800000|100%| O|  |TAMS 0x0000000083800000, 0x0000000083700000| Untracked 
|  56|0x0000000083800000, 0x0000000083900000, 0x0000000083900000|100%| O|  |TAMS 0x0000000083900000, 0x0000000083800000| Untracked 
|  57|0x0000000083900000, 0x0000000083a00000, 0x0000000083a00000|100%| O|  |TAMS 0x0000000083a00000, 0x0000000083900000| Complete 
|  58|0x0000000083a00000, 0x0000000083b00000, 0x0000000083b00000|100%| O|  |TAMS 0x0000000083b00000, 0x0000000083a00000| Untracked 
|  59|0x0000000083b00000, 0x0000000083c00000, 0x0000000083c00000|100%| O|  |TAMS 0x0000000083c00000, 0x0000000083b00000| Complete 
|  60|0x0000000083c00000, 0x0000000083d00000, 0x0000000083d00000|100%| O|  |TAMS 0x0000000083d00000, 0x0000000083c00000| Untracked 
|  61|0x0000000083d00000, 0x0000000083e00000, 0x0000000083e00000|100%| O|  |TAMS 0x0000000083e00000, 0x0000000083d00000| Untracked 
|  62|0x0000000083e00000, 0x0000000083f00000, 0x0000000083f00000|100%| O|  |TAMS 0x0000000083f00000, 0x0000000083e00000| Untracked 
|  63|0x0000000083f00000, 0x0000000084000000, 0x0000000084000000|100%| O|  |TAMS 0x0000000084000000, 0x0000000083f00000| Untracked 
|  64|0x0000000084000000, 0x0000000084100000, 0x0000000084100000|100%| O|  |TAMS 0x0000000084100000, 0x0000000084000000| Untracked 
|  65|0x0000000084100000, 0x0000000084200000, 0x0000000084200000|100%| O|  |TAMS 0x0000000084200000, 0x0000000084100000| Complete 
|  66|0x0000000084200000, 0x0000000084300000, 0x0000000084300000|100%| O|  |TAMS 0x0000000084300000, 0x0000000084200000| Complete 
|  67|0x0000000084300000, 0x0000000084400000, 0x0000000084400000|100%| O|  |TAMS 0x0000000084400000, 0x0000000084300000| Untracked 
|  68|0x0000000084400000, 0x0000000084500000, 0x0000000084500000|100%| O|  |TAMS 0x0000000084500000, 0x0000000084400000| Untracked 
|  69|0x0000000084500000, 0x0000000084600000, 0x0000000084600000|100%| O|  |TAMS 0x0000000084600000, 0x0000000084500000| Complete 
|  70|0x0000000084600000, 0x0000000084700000, 0x0000000084700000|100%| O|  |TAMS 0x0000000084700000, 0x0000000084600000| Complete 
|  71|0x0000000084700000, 0x0000000084800000, 0x0000000084800000|100%| O|  |TAMS 0x0000000084800000, 0x0000000084700000| Untracked 
|  72|0x0000000084800000, 0x0000000084900000, 0x0000000084900000|100%| O|  |TAMS 0x0000000084900000, 0x0000000084800000| Untracked 
|  73|0x0000000084900000, 0x0000000084a00000, 0x0000000084a00000|100%| O|  |TAMS 0x0000000084a00000, 0x0000000084900000| Untracked 
|  74|0x0000000084a00000, 0x0000000084b00000, 0x0000000084b00000|100%| O|  |TAMS 0x0000000084b00000, 0x0000000084a00000| Untracked 
|  75|0x0000000084b00000, 0x0000000084c00000, 0x0000000084c00000|100%| O|  |TAMS 0x0000000084c00000, 0x0000000084b00000| Untracked 
|  76|0x0000000084c00000, 0x0000000084d00000, 0x0000000084d00000|100%| O|  |TAMS 0x0000000084d00000, 0x0000000084c00000| Complete 
|  77|0x0000000084d00000, 0x0000000084e00000, 0x0000000084e00000|100%| O|  |TAMS 0x0000000084e00000, 0x0000000084d00000| Untracked 
|  78|0x0000000084e00000, 0x0000000084f00000, 0x0000000084f00000|100%| O|  |TAMS 0x0000000084f00000, 0x0000000084e00000| Untracked 
|  79|0x0000000084f00000, 0x0000000085000000, 0x0000000085000000|100%| O|  |TAMS 0x0000000085000000, 0x0000000084f00000| Untracked 
|  80|0x0000000085000000, 0x0000000085100000, 0x0000000085100000|100%| O|  |TAMS 0x0000000085100000, 0x0000000085000000| Complete 
|  81|0x0000000085100000, 0x0000000085200000, 0x0000000085200000|100%| O|  |TAMS 0x0000000085200000, 0x0000000085100000| Untracked 
|  82|0x0000000085200000, 0x0000000085300000, 0x0000000085300000|100%| O|  |TAMS 0x0000000085300000, 0x0000000085200000| Complete 
|  83|0x0000000085300000, 0x0000000085400000, 0x0000000085400000|100%| O|  |TAMS 0x0000000085400000, 0x0000000085300000| Complete 
|  84|0x0000000085400000, 0x0000000085500000, 0x0000000085500000|100%| O|  |TAMS 0x0000000085500000, 0x0000000085400000| Complete 
|  85|0x0000000085500000, 0x0000000085600000, 0x0000000085600000|100%| O|  |TAMS 0x0000000085600000, 0x0000000085500000| Complete 
|  86|0x0000000085600000, 0x0000000085700000, 0x0000000085700000|100%| O|  |TAMS 0x0000000085700000, 0x0000000085600000| Complete 
|  87|0x0000000085700000, 0x0000000085800000, 0x0000000085800000|100%| O|  |TAMS 0x0000000085800000, 0x0000000085700000| Complete 
|  88|0x0000000085800000, 0x0000000085900000, 0x0000000085900000|100%| O|  |TAMS 0x0000000085900000, 0x0000000085800000| Untracked 
|  89|0x0000000085900000, 0x0000000085a00000, 0x0000000085a00000|100%| O|  |TAMS 0x0000000085a00000, 0x0000000085900000| Untracked 
|  90|0x0000000085a00000, 0x0000000085b00000, 0x0000000085b00000|100%| O|  |TAMS 0x0000000085b00000, 0x0000000085a00000| Complete 
|  91|0x0000000085b00000, 0x0000000085c00000, 0x0000000085c00000|100%| O|  |TAMS 0x0000000085c00000, 0x0000000085b00000| Complete 
|  92|0x0000000085c00000, 0x0000000085d00000, 0x0000000085d00000|100%|HS|  |TAMS 0x0000000085d00000, 0x0000000085c00000| Complete 
|  93|0x0000000085d00000, 0x0000000085e00000, 0x0000000085e00000|100%|HC|  |TAMS 0x0000000085e00000, 0x0000000085d00000| Complete 
|  94|0x0000000085e00000, 0x0000000085f00000, 0x0000000085f00000|100%| O|  |TAMS 0x0000000085f00000, 0x0000000085e00000| Untracked 
|  95|0x0000000085f00000, 0x0000000086000000, 0x0000000086000000|100%| O|  |TAMS 0x0000000086000000, 0x0000000085f00000| Complete 
|  96|0x0000000086000000, 0x0000000086100000, 0x0000000086100000|100%| O|  |TAMS 0x0000000086100000, 0x0000000086000000| Complete 
|  97|0x0000000086100000, 0x0000000086200000, 0x0000000086200000|100%| O|  |TAMS 0x0000000086200000, 0x0000000086100000| Untracked 
|  98|0x0000000086200000, 0x0000000086300000, 0x0000000086300000|100%| O|  |TAMS 0x0000000086300000, 0x0000000086200000| Untracked 
|  99|0x0000000086300000, 0x0000000086400000, 0x0000000086400000|100%| O|  |TAMS 0x0000000086400000, 0x0000000086300000| Untracked 
| 100|0x0000000086400000, 0x0000000086500000, 0x0000000086500000|100%| O|  |TAMS 0x0000000086500000, 0x0000000086400000| Complete 
| 101|0x0000000086500000, 0x0000000086600000, 0x0000000086600000|100%| O|  |TAMS 0x0000000086600000, 0x0000000086500000| Complete 
| 102|0x0000000086600000, 0x0000000086700000, 0x0000000086700000|100%| O|  |TAMS 0x0000000086700000, 0x0000000086600000| Complete 
| 103|0x0000000086700000, 0x0000000086800000, 0x0000000086800000|100%| O|  |TAMS 0x0000000086800000, 0x0000000086700000| Untracked 
| 104|0x0000000086800000, 0x0000000086900000, 0x0000000086900000|100%|HS|  |TAMS 0x0000000086800000, 0x0000000086800000| Complete 
| 105|0x0000000086900000, 0x0000000086a00000, 0x0000000086a00000|100%| O|  |TAMS 0x0000000086a00000, 0x0000000086900000| Untracked 
| 106|0x0000000086a00000, 0x0000000086b00000, 0x0000000086b00000|100%| O|  |TAMS 0x0000000086b00000, 0x0000000086a00000| Complete 
| 107|0x0000000086b00000, 0x0000000086c00000, 0x0000000086c00000|100%| O|  |TAMS 0x0000000086c00000, 0x0000000086b00000| Complete 
| 108|0x0000000086c00000, 0x0000000086d00000, 0x0000000086d00000|100%| O|  |TAMS 0x0000000086d00000, 0x0000000086c00000| Complete 
| 109|0x0000000086d00000, 0x0000000086e00000, 0x0000000086e00000|100%| O|  |TAMS 0x0000000086e00000, 0x0000000086d00000| Complete 
| 110|0x0000000086e00000, 0x0000000086f00000, 0x0000000086f00000|100%| O|  |TAMS 0x0000000086f00000, 0x0000000086e00000| Complete 
| 111|0x0000000086f00000, 0x0000000087000000, 0x0000000087000000|100%| O|  |TAMS 0x0000000087000000, 0x0000000086f00000| Complete 
| 112|0x0000000087000000, 0x0000000087100000, 0x0000000087100000|100%| O|  |TAMS 0x0000000087100000, 0x0000000087000000| Complete 
| 113|0x0000000087100000, 0x0000000087200000, 0x0000000087200000|100%| O|  |TAMS 0x0000000087200000, 0x0000000087100000| Complete 
| 114|0x0000000087200000, 0x0000000087300000, 0x0000000087300000|100%| O|  |TAMS 0x0000000087300000, 0x0000000087200000| Complete 
| 115|0x0000000087300000, 0x0000000087400000, 0x0000000087400000|100%| O|  |TAMS 0x0000000087400000, 0x0000000087300000| Complete 
| 116|0x0000000087400000, 0x0000000087500000, 0x0000000087500000|100%| O|  |TAMS 0x0000000087500000, 0x0000000087400000| Complete 
| 117|0x0000000087500000, 0x0000000087600000, 0x0000000087600000|100%| O|  |TAMS 0x0000000087600000, 0x0000000087500000| Complete 
| 118|0x0000000087600000, 0x0000000087700000, 0x0000000087700000|100%| O|  |TAMS 0x0000000087700000, 0x0000000087600000| Complete 
| 119|0x0000000087700000, 0x0000000087800000, 0x0000000087800000|100%| O|  |TAMS 0x0000000087800000, 0x0000000087700000| Untracked 
| 120|0x0000000087800000, 0x0000000087900000, 0x0000000087900000|100%| O|  |TAMS 0x0000000087900000, 0x0000000087800000| Untracked 
| 121|0x0000000087900000, 0x0000000087a00000, 0x0000000087a00000|100%| O|  |TAMS 0x0000000087a00000, 0x0000000087900000| Untracked 
| 122|0x0000000087a00000, 0x0000000087b00000, 0x0000000087b00000|100%| O|  |TAMS 0x0000000087b00000, 0x0000000087a00000| Complete 
| 123|0x0000000087b00000, 0x0000000087c00000, 0x0000000087c00000|100%| O|  |TAMS 0x0000000087c00000, 0x0000000087b00000| Complete 
| 124|0x0000000087c00000, 0x0000000087d00000, 0x0000000087d00000|100%| O|  |TAMS 0x0000000087d00000, 0x0000000087c00000| Complete 
| 125|0x0000000087d00000, 0x0000000087e00000, 0x0000000087e00000|100%| O|  |TAMS 0x0000000087e00000, 0x0000000087d00000| Complete 
| 126|0x0000000087e00000, 0x0000000087f00000, 0x0000000087f00000|100%| O|  |TAMS 0x0000000087f00000, 0x0000000087e00000| Untracked 
| 127|0x0000000087f00000, 0x0000000087fe9200, 0x0000000088000000| 91%| O|  |TAMS 0x0000000087fe9200, 0x0000000087f00000| Untracked 
| 128|0x0000000088000000, 0x0000000088100000, 0x0000000088100000|100%|HS|  |TAMS 0x0000000088000000, 0x0000000088000000| Complete 
| 129|0x0000000088100000, 0x0000000088200000, 0x0000000088200000|100%|HC|  |TAMS 0x0000000088100000, 0x0000000088100000| Complete 
| 130|0x0000000088200000, 0x0000000088200000, 0x0000000088300000|  0%| F|  |TAMS 0x0000000088200000, 0x0000000088200000| Untracked 
| 131|0x0000000088300000, 0x0000000088300000, 0x0000000088400000|  0%| F|  |TAMS 0x0000000088300000, 0x0000000088300000| Untracked 
| 132|0x0000000088400000, 0x0000000088400000, 0x0000000088500000|  0%| F|  |TAMS 0x0000000088400000, 0x0000000088400000| Untracked 
| 133|0x0000000088500000, 0x0000000088500000, 0x0000000088600000|  0%| F|  |TAMS 0x0000000088500000, 0x0000000088500000| Untracked 
| 134|0x0000000088600000, 0x0000000088600000, 0x0000000088700000|  0%| F|  |TAMS 0x0000000088600000, 0x0000000088600000| Untracked 
| 135|0x0000000088700000, 0x0000000088700000, 0x0000000088800000|  0%| F|  |TAMS 0x0000000088700000, 0x0000000088700000| Untracked 
| 136|0x0000000088800000, 0x0000000088800000, 0x0000000088900000|  0%| F|  |TAMS 0x0000000088800000, 0x0000000088800000| Untracked 
| 137|0x0000000088900000, 0x0000000088900000, 0x0000000088a00000|  0%| F|  |TAMS 0x0000000088900000, 0x0000000088900000| Untracked 
| 138|0x0000000088a00000, 0x0000000088a00000, 0x0000000088b00000|  0%| F|  |TAMS 0x0000000088a00000, 0x0000000088a00000| Untracked 
| 139|0x0000000088b00000, 0x0000000088b00000, 0x0000000088c00000|  0%| F|  |TAMS 0x0000000088b00000, 0x0000000088b00000| Untracked 
| 140|0x0000000088c00000, 0x0000000088c00000, 0x0000000088d00000|  0%| F|  |TAMS 0x0000000088c00000, 0x0000000088c00000| Untracked 
| 141|0x0000000088d00000, 0x0000000088d00000, 0x0000000088e00000|  0%| F|  |TAMS 0x0000000088d00000, 0x0000000088d00000| Untracked 
| 142|0x0000000088e00000, 0x0000000088e00000, 0x0000000088f00000|  0%| F|  |TAMS 0x0000000088e00000, 0x0000000088e00000| Untracked 
| 143|0x0000000088f00000, 0x0000000088f00000, 0x0000000089000000|  0%| F|  |TAMS 0x0000000088f00000, 0x0000000088f00000| Untracked 
| 144|0x0000000089000000, 0x0000000089000000, 0x0000000089100000|  0%| F|  |TAMS 0x0000000089000000, 0x0000000089000000| Untracked 
| 145|0x0000000089100000, 0x0000000089100000, 0x0000000089200000|  0%| F|  |TAMS 0x0000000089100000, 0x0000000089100000| Untracked 
| 146|0x0000000089200000, 0x0000000089200000, 0x0000000089300000|  0%| F|  |TAMS 0x0000000089200000, 0x0000000089200000| Untracked 
| 147|0x0000000089300000, 0x0000000089300000, 0x0000000089400000|  0%| F|  |TAMS 0x0000000089300000, 0x0000000089300000| Untracked 
| 148|0x0000000089400000, 0x0000000089400000, 0x0000000089500000|  0%| F|  |TAMS 0x0000000089400000, 0x0000000089400000| Untracked 
| 149|0x0000000089500000, 0x0000000089500000, 0x0000000089600000|  0%| F|  |TAMS 0x0000000089500000, 0x0000000089500000| Untracked 
| 150|0x0000000089600000, 0x0000000089600000, 0x0000000089700000|  0%| F|  |TAMS 0x0000000089600000, 0x0000000089600000| Untracked 
| 151|0x0000000089700000, 0x0000000089700000, 0x0000000089800000|  0%| F|  |TAMS 0x0000000089700000, 0x0000000089700000| Untracked 
| 152|0x0000000089800000, 0x0000000089800000, 0x0000000089900000|  0%| F|  |TAMS 0x0000000089800000, 0x0000000089800000| Untracked 
| 153|0x0000000089900000, 0x0000000089900000, 0x0000000089a00000|  0%| F|  |TAMS 0x0000000089900000, 0x0000000089900000| Untracked 
| 154|0x0000000089a00000, 0x0000000089a00000, 0x0000000089b00000|  0%| F|  |TAMS 0x0000000089a00000, 0x0000000089a00000| Untracked 
| 155|0x0000000089b00000, 0x0000000089b00000, 0x0000000089c00000|  0%| F|  |TAMS 0x0000000089b00000, 0x0000000089b00000| Untracked 
| 156|0x0000000089c00000, 0x0000000089c00000, 0x0000000089d00000|  0%| F|  |TAMS 0x0000000089c00000, 0x0000000089c00000| Untracked 
| 157|0x0000000089d00000, 0x0000000089d00000, 0x0000000089e00000|  0%| F|  |TAMS 0x0000000089d00000, 0x0000000089d00000| Untracked 
| 158|0x0000000089e00000, 0x0000000089e00000, 0x0000000089f00000|  0%| F|  |TAMS 0x0000000089e00000, 0x0000000089e00000| Untracked 
| 159|0x0000000089f00000, 0x0000000089f00000, 0x000000008a000000|  0%| F|  |TAMS 0x0000000089f00000, 0x0000000089f00000| Untracked 
| 160|0x000000008a000000, 0x000000008a000000, 0x000000008a100000|  0%| F|  |TAMS 0x000000008a000000, 0x000000008a000000| Untracked 
| 161|0x000000008a100000, 0x000000008a100000, 0x000000008a200000|  0%| F|  |TAMS 0x000000008a100000, 0x000000008a100000| Untracked 
| 162|0x000000008a200000, 0x000000008a200000, 0x000000008a300000|  0%| F|  |TAMS 0x000000008a200000, 0x000000008a200000| Untracked 
| 163|0x000000008a300000, 0x000000008a300000, 0x000000008a400000|  0%| F|  |TAMS 0x000000008a300000, 0x000000008a300000| Untracked 
| 164|0x000000008a400000, 0x000000008a400000, 0x000000008a500000|  0%| F|  |TAMS 0x000000008a400000, 0x000000008a400000| Untracked 
| 165|0x000000008a500000, 0x000000008a500000, 0x000000008a600000|  0%| F|  |TAMS 0x000000008a500000, 0x000000008a500000| Untracked 
| 166|0x000000008a600000, 0x000000008a600000, 0x000000008a700000|  0%| F|  |TAMS 0x000000008a600000, 0x000000008a600000| Untracked 
| 167|0x000000008a700000, 0x000000008a700000, 0x000000008a800000|  0%| F|  |TAMS 0x000000008a700000, 0x000000008a700000| Untracked 
| 168|0x000000008a800000, 0x000000008a800000, 0x000000008a900000|  0%| F|  |TAMS 0x000000008a800000, 0x000000008a800000| Untracked 
| 169|0x000000008a900000, 0x000000008a900000, 0x000000008aa00000|  0%| F|  |TAMS 0x000000008a900000, 0x000000008a900000| Untracked 
| 170|0x000000008aa00000, 0x000000008aa00000, 0x000000008ab00000|  0%| F|  |TAMS 0x000000008aa00000, 0x000000008aa00000| Untracked 
| 171|0x000000008ab00000, 0x000000008ab00000, 0x000000008ac00000|  0%| F|  |TAMS 0x000000008ab00000, 0x000000008ab00000| Untracked 
| 172|0x000000008ac00000, 0x000000008ac00000, 0x000000008ad00000|  0%| F|  |TAMS 0x000000008ac00000, 0x000000008ac00000| Untracked 
| 173|0x000000008ad00000, 0x000000008ad00000, 0x000000008ae00000|  0%| F|  |TAMS 0x000000008ad00000, 0x000000008ad00000| Untracked 
| 174|0x000000008ae00000, 0x000000008ae00000, 0x000000008af00000|  0%| F|  |TAMS 0x000000008ae00000, 0x000000008ae00000| Untracked 
| 175|0x000000008af00000, 0x000000008af00000, 0x000000008b000000|  0%| F|  |TAMS 0x000000008af00000, 0x000000008af00000| Untracked 
| 176|0x000000008b000000, 0x000000008b000000, 0x000000008b100000|  0%| F|  |TAMS 0x000000008b000000, 0x000000008b000000| Untracked 
| 177|0x000000008b100000, 0x000000008b100000, 0x000000008b200000|  0%| F|  |TAMS 0x000000008b100000, 0x000000008b100000| Untracked 
| 178|0x000000008b200000, 0x000000008b200000, 0x000000008b300000|  0%| F|  |TAMS 0x000000008b200000, 0x000000008b200000| Untracked 
| 179|0x000000008b300000, 0x000000008b300000, 0x000000008b400000|  0%| F|  |TAMS 0x000000008b300000, 0x000000008b300000| Untracked 
| 180|0x000000008b400000, 0x000000008b400000, 0x000000008b500000|  0%| F|  |TAMS 0x000000008b400000, 0x000000008b400000| Untracked 
| 181|0x000000008b500000, 0x000000008b5dfc98, 0x000000008b600000| 87%| S|CS|TAMS 0x000000008b500000, 0x000000008b500000| Complete 
| 182|0x000000008b600000, 0x000000008b700000, 0x000000008b700000|100%| S|CS|TAMS 0x000000008b600000, 0x000000008b600000| Complete 
| 183|0x000000008b700000, 0x000000008b800000, 0x000000008b800000|100%| S|CS|TAMS 0x000000008b700000, 0x000000008b700000| Complete 
| 184|0x000000008b800000, 0x000000008b900000, 0x000000008b900000|100%| S|CS|TAMS 0x000000008b800000, 0x000000008b800000| Complete 
| 185|0x000000008b900000, 0x000000008ba00000, 0x000000008ba00000|100%| S|CS|TAMS 0x000000008b900000, 0x000000008b900000| Complete 
| 186|0x000000008ba00000, 0x000000008bb00000, 0x000000008bb00000|100%| S|CS|TAMS 0x000000008ba00000, 0x000000008ba00000| Complete 
| 187|0x000000008bb00000, 0x000000008bb00000, 0x000000008bc00000|  0%| F|  |TAMS 0x000000008bb00000, 0x000000008bb00000| Untracked 
| 188|0x000000008bc00000, 0x000000008bd00000, 0x000000008bd00000|100%| S|CS|TAMS 0x000000008bc00000, 0x000000008bc00000| Complete 
| 189|0x000000008bd00000, 0x000000008bd00000, 0x000000008be00000|  0%| F|  |TAMS 0x000000008bd00000, 0x000000008bd00000| Untracked 
| 190|0x000000008be00000, 0x000000008be00000, 0x000000008bf00000|  0%| F|  |TAMS 0x000000008be00000, 0x000000008be00000| Untracked 
| 191|0x000000008bf00000, 0x000000008bfa4b68, 0x000000008c000000| 64%| E|  |TAMS 0x000000008bf00000, 0x000000008bf00000| Complete 
| 192|0x000000008c000000, 0x000000008c100000, 0x000000008c100000|100%| E|CS|TAMS 0x000000008c000000, 0x000000008c000000| Complete 
| 193|0x000000008c100000, 0x000000008c200000, 0x000000008c200000|100%| E|CS|TAMS 0x000000008c100000, 0x000000008c100000| Complete 
| 194|0x000000008c200000, 0x000000008c300000, 0x000000008c300000|100%| E|CS|TAMS 0x000000008c200000, 0x000000008c200000| Complete 
| 195|0x000000008c300000, 0x000000008c400000, 0x000000008c400000|100%| E|CS|TAMS 0x000000008c300000, 0x000000008c300000| Complete 
| 196|0x000000008c400000, 0x000000008c500000, 0x000000008c500000|100%| E|  |TAMS 0x000000008c400000, 0x000000008c400000| Complete 
| 197|0x000000008c500000, 0x000000008c600000, 0x000000008c600000|100%| E|CS|TAMS 0x000000008c500000, 0x000000008c500000| Complete 
| 198|0x000000008c600000, 0x000000008c700000, 0x000000008c700000|100%| E|CS|TAMS 0x000000008c600000, 0x000000008c600000| Complete 
| 199|0x000000008c700000, 0x000000008c800000, 0x000000008c800000|100%| E|CS|TAMS 0x000000008c700000, 0x000000008c700000| Complete 
| 200|0x000000008c800000, 0x000000008c900000, 0x000000008c900000|100%| E|CS|TAMS 0x000000008c800000, 0x000000008c800000| Complete 
| 201|0x000000008c900000, 0x000000008ca00000, 0x000000008ca00000|100%| E|CS|TAMS 0x000000008c900000, 0x000000008c900000| Complete 
| 202|0x000000008ca00000, 0x000000008cb00000, 0x000000008cb00000|100%| E|CS|TAMS 0x000000008ca00000, 0x000000008ca00000| Complete 
| 203|0x000000008cb00000, 0x000000008cc00000, 0x000000008cc00000|100%| E|CS|TAMS 0x000000008cb00000, 0x000000008cb00000| Complete 
| 204|0x000000008cc00000, 0x000000008cd00000, 0x000000008cd00000|100%| E|CS|TAMS 0x000000008cc00000, 0x000000008cc00000| Complete 
| 205|0x000000008cd00000, 0x000000008ce00000, 0x000000008ce00000|100%| E|CS|TAMS 0x000000008cd00000, 0x000000008cd00000| Complete 
| 206|0x000000008ce00000, 0x000000008cf00000, 0x000000008cf00000|100%| E|CS|TAMS 0x000000008ce00000, 0x000000008ce00000| Complete 
| 207|0x000000008cf00000, 0x000000008d000000, 0x000000008d000000|100%| E|CS|TAMS 0x000000008cf00000, 0x000000008cf00000| Complete 
| 208|0x000000008d000000, 0x000000008d100000, 0x000000008d100000|100%| E|CS|TAMS 0x000000008d000000, 0x000000008d000000| Complete 
| 209|0x000000008d100000, 0x000000008d200000, 0x000000008d200000|100%| E|CS|TAMS 0x000000008d100000, 0x000000008d100000| Complete 
| 210|0x000000008d200000, 0x000000008d300000, 0x000000008d300000|100%| E|CS|TAMS 0x000000008d200000, 0x000000008d200000| Complete 
| 211|0x000000008d300000, 0x000000008d400000, 0x000000008d400000|100%| E|CS|TAMS 0x000000008d300000, 0x000000008d300000| Complete 
| 212|0x000000008d400000, 0x000000008d500000, 0x000000008d500000|100%| E|CS|TAMS 0x000000008d400000, 0x000000008d400000| Complete 
| 213|0x000000008d500000, 0x000000008d600000, 0x000000008d600000|100%| E|CS|TAMS 0x000000008d500000, 0x000000008d500000| Complete 
| 214|0x000000008d600000, 0x000000008d700000, 0x000000008d700000|100%| E|CS|TAMS 0x000000008d600000, 0x000000008d600000| Complete 
| 215|0x000000008d700000, 0x000000008d800000, 0x000000008d800000|100%| E|CS|TAMS 0x000000008d700000, 0x000000008d700000| Complete 
| 216|0x000000008d800000, 0x000000008d900000, 0x000000008d900000|100%| E|CS|TAMS 0x000000008d800000, 0x000000008d800000| Complete 
| 217|0x000000008d900000, 0x000000008da00000, 0x000000008da00000|100%| E|CS|TAMS 0x000000008d900000, 0x000000008d900000| Complete 
| 218|0x000000008da00000, 0x000000008db00000, 0x000000008db00000|100%| E|CS|TAMS 0x000000008da00000, 0x000000008da00000| Complete 
| 219|0x000000008db00000, 0x000000008dc00000, 0x000000008dc00000|100%| E|CS|TAMS 0x000000008db00000, 0x000000008db00000| Complete 
| 220|0x000000008dc00000, 0x000000008dd00000, 0x000000008dd00000|100%| E|CS|TAMS 0x000000008dc00000, 0x000000008dc00000| Complete 
| 221|0x000000008dd00000, 0x000000008de00000, 0x000000008de00000|100%| E|CS|TAMS 0x000000008dd00000, 0x000000008dd00000| Complete 
| 222|0x000000008de00000, 0x000000008df00000, 0x000000008df00000|100%| E|CS|TAMS 0x000000008de00000, 0x000000008de00000| Complete 
| 223|0x000000008df00000, 0x000000008e000000, 0x000000008e000000|100%| E|CS|TAMS 0x000000008df00000, 0x000000008df00000| Complete 
| 224|0x000000008e000000, 0x000000008e100000, 0x000000008e100000|100%| E|CS|TAMS 0x000000008e000000, 0x000000008e000000| Complete 
| 225|0x000000008e100000, 0x000000008e200000, 0x000000008e200000|100%| E|CS|TAMS 0x000000008e100000, 0x000000008e100000| Complete 
| 226|0x000000008e200000, 0x000000008e300000, 0x000000008e300000|100%| E|CS|TAMS 0x000000008e200000, 0x000000008e200000| Complete 
| 227|0x000000008e300000, 0x000000008e400000, 0x000000008e400000|100%| E|CS|TAMS 0x000000008e300000, 0x000000008e300000| Complete 
| 228|0x000000008e400000, 0x000000008e500000, 0x000000008e500000|100%| E|CS|TAMS 0x000000008e400000, 0x000000008e400000| Complete 
| 229|0x000000008e500000, 0x000000008e600000, 0x000000008e600000|100%| E|CS|TAMS 0x000000008e500000, 0x000000008e500000| Complete 
| 230|0x000000008e600000, 0x000000008e700000, 0x000000008e700000|100%| E|CS|TAMS 0x000000008e600000, 0x000000008e600000| Complete 
| 231|0x000000008e700000, 0x000000008e800000, 0x000000008e800000|100%| E|CS|TAMS 0x000000008e700000, 0x000000008e700000| Complete 
| 232|0x000000008e800000, 0x000000008e900000, 0x000000008e900000|100%| E|CS|TAMS 0x000000008e800000, 0x000000008e800000| Complete 
| 233|0x000000008e900000, 0x000000008ea00000, 0x000000008ea00000|100%| E|CS|TAMS 0x000000008e900000, 0x000000008e900000| Complete 
| 234|0x000000008ea00000, 0x000000008eb00000, 0x000000008eb00000|100%| E|CS|TAMS 0x000000008ea00000, 0x000000008ea00000| Complete 
| 235|0x000000008eb00000, 0x000000008ec00000, 0x000000008ec00000|100%| E|CS|TAMS 0x000000008eb00000, 0x000000008eb00000| Complete 
| 236|0x000000008ec00000, 0x000000008ed00000, 0x000000008ed00000|100%| E|CS|TAMS 0x000000008ec00000, 0x000000008ec00000| Complete 
| 237|0x000000008ed00000, 0x000000008ee00000, 0x000000008ee00000|100%| E|CS|TAMS 0x000000008ed00000, 0x000000008ed00000| Complete 
| 238|0x000000008ee00000, 0x000000008ef00000, 0x000000008ef00000|100%| E|CS|TAMS 0x000000008ee00000, 0x000000008ee00000| Complete 
| 239|0x000000008ef00000, 0x000000008f000000, 0x000000008f000000|100%| E|CS|TAMS 0x000000008ef00000, 0x000000008ef00000| Complete 
| 240|0x000000008f000000, 0x000000008f100000, 0x000000008f100000|100%| E|CS|TAMS 0x000000008f000000, 0x000000008f000000| Complete 
| 241|0x000000008f100000, 0x000000008f200000, 0x000000008f200000|100%| E|CS|TAMS 0x000000008f100000, 0x000000008f100000| Complete 
| 242|0x000000008f200000, 0x000000008f300000, 0x000000008f300000|100%| E|CS|TAMS 0x000000008f200000, 0x000000008f200000| Complete 
| 243|0x000000008f300000, 0x000000008f400000, 0x000000008f400000|100%| E|CS|TAMS 0x000000008f300000, 0x000000008f300000| Complete 
| 244|0x000000008f400000, 0x000000008f500000, 0x000000008f500000|100%| E|CS|TAMS 0x000000008f400000, 0x000000008f400000| Complete 
| 245|0x000000008f500000, 0x000000008f600000, 0x000000008f600000|100%| E|CS|TAMS 0x000000008f500000, 0x000000008f500000| Complete 
| 246|0x000000008f600000, 0x000000008f700000, 0x000000008f700000|100%| E|CS|TAMS 0x000000008f600000, 0x000000008f600000| Complete 
| 247|0x000000008f700000, 0x000000008f800000, 0x000000008f800000|100%| E|CS|TAMS 0x000000008f700000, 0x000000008f700000| Complete 
| 248|0x000000008f800000, 0x000000008f900000, 0x000000008f900000|100%| E|CS|TAMS 0x000000008f800000, 0x000000008f800000| Complete 
| 249|0x000000008f900000, 0x000000008fa00000, 0x000000008fa00000|100%| E|CS|TAMS 0x000000008f900000, 0x000000008f900000| Complete 
| 250|0x000000008fa00000, 0x000000008fb00000, 0x000000008fb00000|100%| E|CS|TAMS 0x000000008fa00000, 0x000000008fa00000| Complete 
| 251|0x000000008fb00000, 0x000000008fc00000, 0x000000008fc00000|100%| E|CS|TAMS 0x000000008fb00000, 0x000000008fb00000| Complete 
| 252|0x000000008fc00000, 0x000000008fd00000, 0x000000008fd00000|100%| E|CS|TAMS 0x000000008fc00000, 0x000000008fc00000| Complete 
| 253|0x000000008fd00000, 0x000000008fe00000, 0x000000008fe00000|100%| E|CS|TAMS 0x000000008fd00000, 0x000000008fd00000| Complete 
| 254|0x000000008fe00000, 0x000000008ff00000, 0x000000008ff00000|100%| E|CS|TAMS 0x000000008fe00000, 0x000000008fe00000| Complete 
| 255|0x000000008ff00000, 0x0000000090000000, 0x0000000090000000|100%| E|CS|TAMS 0x000000008ff00000, 0x000000008ff00000| Complete 
| 256|0x0000000090000000, 0x0000000090100000, 0x0000000090100000|100%| E|CS|TAMS 0x0000000090000000, 0x0000000090000000| Complete 
| 257|0x0000000090100000, 0x0000000090200000, 0x0000000090200000|100%| E|CS|TAMS 0x0000000090100000, 0x0000000090100000| Complete 
| 258|0x0000000090200000, 0x0000000090300000, 0x0000000090300000|100%| E|CS|TAMS 0x0000000090200000, 0x0000000090200000| Complete 
| 259|0x0000000090300000, 0x0000000090400000, 0x0000000090400000|100%| E|CS|TAMS 0x0000000090300000, 0x0000000090300000| Complete 
| 260|0x0000000090400000, 0x0000000090500000, 0x0000000090500000|100%| E|CS|TAMS 0x0000000090400000, 0x0000000090400000| Complete 
| 261|0x0000000090500000, 0x0000000090600000, 0x0000000090600000|100%| E|CS|TAMS 0x0000000090500000, 0x0000000090500000| Complete 
| 262|0x0000000090600000, 0x0000000090700000, 0x0000000090700000|100%| E|CS|TAMS 0x0000000090600000, 0x0000000090600000| Complete 
| 263|0x0000000090700000, 0x0000000090800000, 0x0000000090800000|100%| E|CS|TAMS 0x0000000090700000, 0x0000000090700000| Complete 
| 264|0x0000000090800000, 0x0000000090900000, 0x0000000090900000|100%| E|CS|TAMS 0x0000000090800000, 0x0000000090800000| Complete 
| 265|0x0000000090900000, 0x0000000090a00000, 0x0000000090a00000|100%| E|CS|TAMS 0x0000000090900000, 0x0000000090900000| Complete 
| 266|0x0000000090a00000, 0x0000000090b00000, 0x0000000090b00000|100%| E|CS|TAMS 0x0000000090a00000, 0x0000000090a00000| Complete 
| 267|0x0000000090b00000, 0x0000000090c00000, 0x0000000090c00000|100%| E|CS|TAMS 0x0000000090b00000, 0x0000000090b00000| Complete 
| 268|0x0000000090c00000, 0x0000000090d00000, 0x0000000090d00000|100%| E|CS|TAMS 0x0000000090c00000, 0x0000000090c00000| Complete 
| 269|0x0000000090d00000, 0x0000000090e00000, 0x0000000090e00000|100%| E|CS|TAMS 0x0000000090d00000, 0x0000000090d00000| Complete 
| 270|0x0000000090e00000, 0x0000000090f00000, 0x0000000090f00000|100%| E|CS|TAMS 0x0000000090e00000, 0x0000000090e00000| Complete 

Card table byte_map: [0x0000021361440000,0x0000021361840000] _byte_map_base: 0x0000021361040000

Marking Bits (Prev, Next): (CMBitMap*) 0x000002134df29268, (CMBitMap*) 0x000002134df292a0
 Prev Bits: [0x0000021361c40000, 0x0000021363c40000)
 Next Bits: [0x0000021363c40000, 0x0000021365c40000)

Polling page: 0x000002134dfd0000

Metaspace:

Usage:
  Non-class:    101.68 MB capacity,    99.93 MB ( 98%) used,     1.39 MB (  1%) free+waste,   370.75 KB ( <1%) overhead. 
      Class:     15.36 MB capacity,    14.28 MB ( 93%) used,   939.84 KB (  6%) free+waste,   162.75 KB (  1%) overhead. 
       Both:    117.04 MB capacity,   114.22 MB ( 98%) used,     2.31 MB (  2%) free+waste,   533.50 KB ( <1%) overhead. 

Virtual space:
  Non-class space:      102.00 MB reserved,     101.87 MB (>99%) committed 
      Class space:        1.00 GB reserved,      15.50 MB (  2%) committed 
             Both:        1.10 GB reserved,     117.37 MB ( 10%) committed 

Chunk freelists:
   Non-Class:  127.00 KB
       Class:  79.00 KB
        Both:  206.00 KB

MaxMetaspaceSize: 17179869184.00 GB
CompressedClassSpaceSize: 1.00 GB

CodeHeap 'non-profiled nmethods': size=120064Kb used=8644Kb max_used=8644Kb free=111420Kb
 bounds [0x00000213594c0000, 0x0000021359d40000, 0x0000021360a00000]
CodeHeap 'profiled nmethods': size=120000Kb used=40932Kb max_used=40932Kb free=79067Kb
 bounds [0x0000021351f90000, 0x0000021354790000, 0x00000213594c0000]
CodeHeap 'non-nmethods': size=5696Kb used=2343Kb max_used=2363Kb free=3352Kb
 bounds [0x0000021351a00000, 0x0000021351c70000, 0x0000021351f90000]
 total_blobs=19254 nmethods=18288 adapters=875
 compilation: enabled
              stopped_count=0, restarted_count=0
 full_count=0

Compilation events (20 events):
Event: 75.178 Thread 0x0000021368c30800 18847   !   2       java.nio.file.FileTreeWalker::next (144 bytes)
Event: 75.179 Thread 0x0000021368c30800 nmethod 18847 0x000002135477f990 code [0x000002135477fbe0, 0x0000021354780228]
Event: 75.179 Thread 0x0000021368c30800 18848       2       java.util.ArrayDeque::peek (5 bytes)
Event: 75.179 Thread 0x0000021368c30800 nmethod 18848 0x0000021354780590 code [0x0000021354780740, 0x0000021354780858]
Event: 75.179 Thread 0x0000021368c30800 18849       2       java.util.ArrayDeque::peekFirst (12 bytes)
Event: 75.179 Thread 0x0000021368c30800 nmethod 18849 0x0000021354780990 code [0x0000021354780b40, 0x0000021354780c58]
Event: 75.180 Thread 0x0000021368c30800 18850   !   2       org.gradle.internal.concurrent.ExecutorPolicy$CatchAndRecordFailures::onExecute (29 bytes)
Event: 75.183 Thread 0x0000021368c30800 nmethod 18850 0x0000021354780d90 code [0x0000021354781060, 0x0000021354781b28]
Event: 75.183 Thread 0x0000021368c30800 18852       2       java.util.Collections::indexedBinarySearch (83 bytes)
Event: 75.183 Thread 0x0000021368c30800 nmethod 18852 0x0000021354782190 code [0x0000021354782360, 0x00000213547825e8]
Event: 75.183 Thread 0x0000021368c30800 18851       2       java.util.concurrent.TimeUnit::convert (77 bytes)
Event: 75.183 Thread 0x0000021368c30800 nmethod 18851 0x0000021354782790 code [0x0000021354782980, 0x0000021354782be8]
Event: 75.183 Thread 0x0000021368c30800 18853   !   2       org.gradle.internal.snapshot.impl.DirectorySnapshotter$PathVisitor::snapshotFile (119 bytes)
Event: 75.185 Thread 0x0000021368c30800 nmethod 18853 0x0000021354782d90 code [0x0000021354783040, 0x0000021354783bf8]
Event: 75.197 Thread 0x0000021368c30800 18854       2       org.gradle.api.internal.tasks.execution.ExecuteTaskBuildOperationDetails::getTask (8 bytes)
Event: 75.197 Thread 0x0000021368c30800 nmethod 18854 0x0000021354784290 code [0x0000021354784440, 0x0000021354784538]
Event: 75.197 Thread 0x0000021368c30800 18855       2       java.io.ObjectOutputStream$HandleTable::growSpine (67 bytes)
Event: 75.197 Thread 0x0000021368c30800 nmethod 18855 0x0000021354784610 code [0x0000021354784800, 0x0000021354784b38]
Event: 75.198 Thread 0x0000021368c30800 18857       2       org.gradle.internal.logging.slf4j.OutputEventListenerBackedLogger::isDebugEnabled (5 bytes)
Event: 75.198 Thread 0x0000021368c30800 nmethod 18857 0x0000021354784d10 code [0x0000021354784ec0, 0x0000021354785048]

GC Heap History (20 events):
Event: 53.678 GC heap before
{Heap before GC invocations=56 (full 0):
 garbage-first heap   total 223232K, used 149913K [0x0000000080000000, 0x0000000100000000)
  region size 1024K, 58 young (59392K), 1 survivors (1024K)
 Metaspace       used 91628K, capacity 93837K, committed 94076K, reserved 1130496K
  class space    used 11688K, capacity 12488K, committed 12544K, reserved 1048576K
}
Event: 53.704 GC heap after
{Heap after GC invocations=57 (full 0):
 garbage-first heap   total 223232K, used 94171K [0x0000000080000000, 0x0000000100000000)
  region size 1024K, 3 young (3072K), 3 survivors (3072K)
 Metaspace       used 91628K, capacity 93837K, committed 94076K, reserved 1130496K
  class space    used 11688K, capacity 12488K, committed 12544K, reserved 1048576K
}
Event: 61.070 GC heap before
{Heap before GC invocations=57 (full 0):
 garbage-first heap   total 223232K, used 168923K [0x0000000080000000, 0x0000000100000000)
  region size 1024K, 77 young (78848K), 3 survivors (3072K)
 Metaspace       used 93120K, capacity 95376K, committed 95484K, reserved 1132544K
  class space    used 11834K, capacity 12640K, committed 12672K, reserved 1048576K
}
Event: 61.103 GC heap after
{Heap after GC invocations=58 (full 0):
 garbage-first heap   total 223232K, used 102692K [0x0000000080000000, 0x0000000100000000)
  region size 1024K, 10 young (10240K), 10 survivors (10240K)
 Metaspace       used 93120K, capacity 95376K, committed 95484K, reserved 1132544K
  class space    used 11834K, capacity 12640K, committed 12672K, reserved 1048576K
}
Event: 62.284 GC heap before
{Heap before GC invocations=58 (full 0):
 garbage-first heap   total 223232K, used 172324K [0x0000000080000000, 0x0000000100000000)
  region size 1024K, 79 young (80896K), 10 survivors (10240K)
 Metaspace       used 94265K, capacity 96416K, committed 96636K, reserved 1132544K
  class space    used 11959K, capacity 12730K, committed 12800K, reserved 1048576K
}
Event: 62.314 GC heap after
{Heap after GC invocations=59 (full 0):
 garbage-first heap   total 223232K, used 102977K [0x0000000080000000, 0x0000000100000000)
  region size 1024K, 3 young (3072K), 3 survivors (3072K)
 Metaspace       used 94265K, capacity 96416K, committed 96636K, reserved 1132544K
  class space    used 11959K, capacity 12730K, committed 12800K, reserved 1048576K
}
Event: 64.523 GC heap before
{Heap before GC invocations=59 (full 0):
 garbage-first heap   total 223232K, used 160321K [0x0000000080000000, 0x0000000100000000)
  region size 1024K, 61 young (62464K), 3 survivors (3072K)
 Metaspace       used 100938K, capacity 103171K, committed 103420K, reserved 1138688K
  class space    used 12764K, capacity 13617K, committed 13696K, reserved 1048576K
}
Event: 64.578 GC heap after
{Heap after GC invocations=60 (full 0):
 garbage-first heap   total 223232K, used 110592K [0x0000000080000000, 0x0000000100000000)
  region size 1024K, 10 young (10240K), 10 survivors (10240K)
 Metaspace       used 100938K, capacity 103171K, committed 103420K, reserved 1138688K
  class space    used 12764K, capacity 13617K, committed 13696K, reserved 1048576K
}
Event: 67.482 GC heap before
{Heap before GC invocations=61 (full 0):
 garbage-first heap   total 223232K, used 175104K [0x0000000080000000, 0x0000000100000000)
  region size 1024K, 74 young (75776K), 10 survivors (10240K)
 Metaspace       used 103729K, capacity 106048K, committed 106236K, reserved 1142784K
  class space    used 12998K, capacity 13902K, committed 13952K, reserved 1048576K
}
Event: 67.545 GC heap after
{Heap after GC invocations=62 (full 0):
 garbage-first heap   total 223232K, used 120574K [0x0000000080000000, 0x0000000100000000)
  region size 1024K, 10 young (10240K), 10 survivors (10240K)
 Metaspace       used 103729K, capacity 106048K, committed 106236K, reserved 1142784K
  class space    used 12998K, capacity 13902K, committed 13952K, reserved 1048576K
}
Event: 67.566 GC heap before
{Heap before GC invocations=62 (full 0):
 garbage-first heap   total 223232K, used 121598K [0x0000000080000000, 0x0000000100000000)
  region size 1024K, 11 young (11264K), 10 survivors (10240K)
 Metaspace       used 103732K, capacity 106048K, committed 106236K, reserved 1142784K
  class space    used 12998K, capacity 13902K, committed 13952K, reserved 1048576K
}
Event: 67.604 GC heap after
{Heap after GC invocations=63 (full 0):
 garbage-first heap   total 223232K, used 120532K [0x0000000080000000, 0x0000000100000000)
  region size 1024K, 2 young (2048K), 2 survivors (2048K)
 Metaspace       used 103732K, capacity 106048K, committed 106236K, reserved 1142784K
  class space    used 12998K, capacity 13902K, committed 13952K, reserved 1048576K
}
Event: 68.809 GC heap before
{Heap before GC invocations=63 (full 0):
 garbage-first heap   total 223232K, used 176852K [0x0000000080000000, 0x0000000100000000)
  region size 1024K, 57 young (58368K), 2 survivors (2048K)
 Metaspace       used 104221K, capacity 106514K, committed 106748K, reserved 1142784K
  class space    used 13004K, capacity 13903K, committed 13952K, reserved 1048576K
}
Event: 68.825 GC heap after
{Heap after GC invocations=64 (full 0):
 garbage-first heap   total 277504K, used 120850K [0x0000000080000000, 0x0000000100000000)
  region size 1024K, 3 young (3072K), 3 survivors (3072K)
 Metaspace       used 104221K, capacity 106514K, committed 106748K, reserved 1142784K
  class space    used 13004K, capacity 13903K, committed 13952K, reserved 1048576K
}
Event: 71.697 GC heap before
{Heap before GC invocations=65 (full 0):
 garbage-first heap   total 277504K, used 209938K [0x0000000080000000, 0x0000000100000000)
  region size 1024K, 87 young (89088K), 3 survivors (3072K)
 Metaspace       used 109296K, capacity 111892K, committed 112124K, reserved 1146880K
  class space    used 13682K, capacity 14642K, committed 14720K, reserved 1048576K
}
Event: 71.733 GC heap after
{Heap after GC invocations=66 (full 0):
 garbage-first heap   total 277504K, used 130995K [0x0000000080000000, 0x0000000100000000)
  region size 1024K, 11 young (11264K), 11 survivors (11264K)
 Metaspace       used 109296K, capacity 111892K, committed 112124K, reserved 1146880K
  class space    used 13682K, capacity 14642K, committed 14720K, reserved 1048576K
}
Event: 73.044 GC heap before
{Heap before GC invocations=66 (full 0):
 garbage-first heap   total 277504K, used 214963K [0x0000000080000000, 0x0000000100000000)
  region size 1024K, 94 young (96256K), 11 survivors (11264K)
 Metaspace       used 114842K, capacity 117761K, committed 117884K, reserved 1150976K
  class space    used 14467K, capacity 15572K, committed 15616K, reserved 1048576K
}
Event: 73.088 GC heap after
{Heap after GC invocations=67 (full 0):
 garbage-first heap   total 277504K, used 135929K [0x0000000080000000, 0x0000000100000000)
  region size 1024K, 5 young (5120K), 5 survivors (5120K)
 Metaspace       used 114842K, capacity 117761K, committed 117884K, reserved 1150976K
  class space    used 14467K, capacity 15572K, committed 15616K, reserved 1048576K
}
Event: 74.089 GC heap before
{Heap before GC invocations=67 (full 0):
 garbage-first heap   total 277504K, used 218873K [0x0000000080000000, 0x0000000100000000)
  region size 1024K, 87 young (89088K), 5 survivors (5120K)
 Metaspace       used 116383K, capacity 119317K, committed 119420K, reserved 1153024K
  class space    used 14636K, capacity 15778K, committed 15872K, reserved 1048576K
}
Event: 74.108 GC heap after
{Heap after GC invocations=68 (full 0):
 garbage-first heap   total 277504K, used 138019K [0x0000000080000000, 0x0000000100000000)
  region size 1024K, 7 young (7168K), 7 survivors (7168K)
 Metaspace       used 116383K, capacity 119317K, committed 119420K, reserved 1153024K
  class space    used 14636K, capacity 15778K, committed 15872K, reserved 1048576K
}

Deoptimization events (20 events):
Event: 74.406 Thread 0x000002136b73b800 DEOPT PACKING pc=0x0000021359d03a1c sp=0x0000009d083fc320
Event: 74.406 Thread 0x000002136b73b800 DEOPT UNPACKING pc=0x0000021351a278af sp=0x0000009d083fc2b8 mode 2
Event: 74.411 Thread 0x000002136b73b800 Uncommon trap: trap_request=0xffffff4d fr.pc=0x0000021359a30260 relative=0x00000000000028a0
Event: 74.411 Thread 0x000002136b73b800 Uncommon trap: reason=unstable_if action=reinterpret pc=0x0000021359a30260 method=java.util.TreeMap.put(Ljava/lang/Object;Ljava/lang/Object;)Ljava/lang/Object; @ 163 c2
Event: 74.411 Thread 0x000002136b73b800 DEOPT PACKING pc=0x0000021359a30260 sp=0x0000009d083fbf60
Event: 74.411 Thread 0x000002136b73b800 DEOPT UNPACKING pc=0x0000021351a278af sp=0x0000009d083fbf20 mode 2
Event: 74.588 Thread 0x000002136b735000 Uncommon trap: trap_request=0xffffff4d fr.pc=0x0000021359b75904 relative=0x0000000000000144
Event: 74.588 Thread 0x000002136b735000 Uncommon trap: reason=unstable_if action=reinterpret pc=0x0000021359b75904 method=java.util.concurrent.TimeUnit.convert(JLjava/util/concurrent/TimeUnit;)J @ 8 c2
Event: 74.588 Thread 0x000002136b735000 DEOPT PACKING pc=0x0000021359b75904 sp=0x0000009d0bffcbd0
Event: 74.588 Thread 0x000002136b735000 DEOPT UNPACKING pc=0x0000021351a278af sp=0x0000009d0bffcb80 mode 2
Event: 74.638 Thread 0x000002136b736000 DEOPT PACKING pc=0x00000213545e0463 sp=0x0000009d0c0fcdd0
Event: 74.638 Thread 0x000002136b736000 DEOPT UNPACKING pc=0x0000021351a276ce sp=0x0000009d0c0fc270 mode 0
Event: 74.693 Thread 0x000002136b736000 DEOPT PACKING pc=0x000002135462ab6f sp=0x0000009d0c0fc910
Event: 74.693 Thread 0x000002136b736000 DEOPT UNPACKING pc=0x0000021351a276ce sp=0x0000009d0c0fbe00 mode 0
Event: 75.196 Thread 0x000002136b72e000 DEOPT PACKING pc=0x0000021353548ce4 sp=0x0000009d0b9fcd00
Event: 75.196 Thread 0x000002136b72e000 DEOPT UNPACKING pc=0x0000021351a276ce sp=0x0000009d0b9fc1e8 mode 0
Event: 75.196 Thread 0x000002136b72e000 DEOPT PACKING pc=0x00000213535837ac sp=0x0000009d0b9fce30
Event: 75.196 Thread 0x000002136b72e000 DEOPT UNPACKING pc=0x0000021351a276ce sp=0x0000009d0b9fc2e0 mode 0
Event: 75.196 Thread 0x000002136b72e000 DEOPT PACKING pc=0x000002135347c994 sp=0x0000009d0b9fd4b0
Event: 75.196 Thread 0x000002136b72e000 DEOPT UNPACKING pc=0x0000021351a276ce sp=0x0000009d0b9fca50 mode 0

Classes redefined (0 events):
No events

Internal exceptions (20 events):
Event: 75.095 Thread 0x000002136b73b800 Exception <a 'sun/nio/fs/WindowsException'{0x000000008cdfcb48}> (0x000000008cdfcb48) thrown at [./src/hotspot/share/prims/jni.cpp, line 615]
Event: 75.099 Thread 0x000002136b737000 Exception <a 'sun/nio/fs/WindowsException'{0x000000008cefcf20}> (0x000000008cefcf20) thrown at [./src/hotspot/share/prims/jni.cpp, line 615]
Event: 75.101 Thread 0x000002136b73b800 Exception <a 'sun/nio/fs/WindowsException'{0x000000008c9c5710}> (0x000000008c9c5710) thrown at [./src/hotspot/share/prims/jni.cpp, line 615]
Event: 75.103 Thread 0x000002136b737000 Exception <a 'sun/nio/fs/WindowsException'{0x000000008cac6680}> (0x000000008cac6680) thrown at [./src/hotspot/share/prims/jni.cpp, line 615]
Event: 75.105 Thread 0x000002136b737000 Exception <a 'sun/nio/fs/WindowsException'{0x000000008cad2488}> (0x000000008cad2488) thrown at [./src/hotspot/share/prims/jni.cpp, line 615]
Event: 75.109 Thread 0x000002136b737000 Exception <a 'sun/nio/fs/WindowsException'{0x000000008cadf0d0}> (0x000000008cadf0d0) thrown at [./src/hotspot/share/prims/jni.cpp, line 615]
Event: 75.111 Thread 0x000002136b737000 Exception <a 'sun/nio/fs/WindowsException'{0x000000008cae6d88}> (0x000000008cae6d88) thrown at [./src/hotspot/share/prims/jni.cpp, line 615]
Event: 75.114 Thread 0x000002136b737000 Exception <a 'sun/nio/fs/WindowsException'{0x000000008caee310}> (0x000000008caee310) thrown at [./src/hotspot/share/prims/jni.cpp, line 615]
Event: 75.118 Thread 0x000002136b737000 Exception <a 'sun/nio/fs/WindowsException'{0x000000008caf5f78}> (0x000000008caf5f78) thrown at [./src/hotspot/share/prims/jni.cpp, line 615]
Event: 75.120 Thread 0x000002136b737000 Exception <a 'sun/nio/fs/WindowsException'{0x000000008c7c1238}> (0x000000008c7c1238) thrown at [./src/hotspot/share/prims/jni.cpp, line 615]
Event: 75.122 Thread 0x000002136b737000 Exception <a 'sun/nio/fs/WindowsException'{0x000000008c7c8ed8}> (0x000000008c7c8ed8) thrown at [./src/hotspot/share/prims/jni.cpp, line 615]
Event: 75.124 Thread 0x000002136b737000 Exception <a 'sun/nio/fs/WindowsException'{0x000000008c7d2ba8}> (0x000000008c7d2ba8) thrown at [./src/hotspot/share/prims/jni.cpp, line 615]
Event: 75.126 Thread 0x000002136b737000 Exception <a 'sun/nio/fs/WindowsException'{0x000000008c7dfea0}> (0x000000008c7dfea0) thrown at [./src/hotspot/share/prims/jni.cpp, line 615]
Event: 75.128 Thread 0x000002136b737000 Exception <a 'sun/nio/fs/WindowsException'{0x000000008c7e7b50}> (0x000000008c7e7b50) thrown at [./src/hotspot/share/prims/jni.cpp, line 615]
Event: 75.130 Thread 0x000002136b737000 Exception <a 'sun/nio/fs/WindowsException'{0x000000008c7f2590}> (0x000000008c7f2590) thrown at [./src/hotspot/share/prims/jni.cpp, line 615]
Event: 75.134 Thread 0x000002136b737000 Exception <a 'sun/nio/fs/WindowsException'{0x000000008c7fac70}> (0x000000008c7fac70) thrown at [./src/hotspot/share/prims/jni.cpp, line 615]
Event: 75.137 Thread 0x000002136b737000 Exception <a 'sun/nio/fs/WindowsException'{0x000000008c5c2bd8}> (0x000000008c5c2bd8) thrown at [./src/hotspot/share/prims/jni.cpp, line 615]
Event: 75.141 Thread 0x000002136b737000 Exception <a 'sun/nio/fs/WindowsException'{0x000000008c5cf450}> (0x000000008c5cf450) thrown at [./src/hotspot/share/prims/jni.cpp, line 615]
Event: 75.143 Thread 0x000002136b737000 Exception <a 'sun/nio/fs/WindowsException'{0x000000008c5d6ee0}> (0x000000008c5d6ee0) thrown at [./src/hotspot/share/prims/jni.cpp, line 615]
Event: 75.145 Thread 0x000002136b737000 Exception <a 'sun/nio/fs/WindowsException'{0x000000008c5e1858}> (0x000000008c5e1858) thrown at [./src/hotspot/share/prims/jni.cpp, line 615]

Events (20 events):
Event: 74.536 loading class com/android/tools/r8/internal/EE$b done
Event: 74.536 loading class com/android/tools/r8/graph/J
Event: 74.536 loading class com/android/tools/r8/graph/J done
Event: 74.536 loading class com/android/tools/r8/graph/J
Event: 74.536 loading class com/android/tools/r8/graph/J done
Event: 74.543 Executing VM operation: CGC_Operation
Event: 74.582 Executing VM operation: CGC_Operation done
Event: 74.583 loading class java/util/zip/Deflater
Event: 74.583 loading class java/util/zip/Deflater done
Event: 74.586 loading class java/util/zip/Deflater$DeflaterZStreamRef
Event: 74.586 loading class java/util/zip/Deflater$DeflaterZStreamRef done
Event: 74.586 loading class java/util/zip/ZipOutputStream$XEntry
Event: 74.588 loading class java/util/zip/ZipOutputStream$XEntry done
Event: 74.614 loading class java/util/Vector$Itr
Event: 74.615 loading class java/util/Vector$Itr done
Event: 74.794 Executing VM operation: CGC_Operation
Event: 74.795 Executing VM operation: CGC_Operation done
Event: 74.842 Executing VM operation: RevokeBias
Event: 74.842 Executing VM operation: RevokeBias done
Event: 74.943 Loaded shared library C:\Program Files\Android\Android Studio\jre\bin\nio.dll


Dynamic libraries:
0x00007ff67cbe0000 - 0x00007ff67cbea000 	C:\Program Files\Android\Android Studio\jre\bin\java.exe
0x00007ff869310000 - 0x00007ff869505000 	C:\WINDOWS\SYSTEM32\ntdll.dll
0x00007ff868710000 - 0x00007ff8687ce000 	C:\WINDOWS\System32\KERNEL32.DLL
0x00007ff866b60000 - 0x00007ff866e28000 	C:\WINDOWS\System32\KERNELBASE.dll
0x00007ff866a60000 - 0x00007ff866b60000 	C:\WINDOWS\System32\ucrtbase.dll
0x00007ff854390000 - 0x00007ff8543a9000 	C:\Program Files\Android\Android Studio\jre\bin\jli.dll
0x00007ff868530000 - 0x00007ff8686d1000 	C:\WINDOWS\System32\USER32.dll
0x00007ff866f20000 - 0x00007ff866f42000 	C:\WINDOWS\System32\win32u.dll
0x00007ff8686e0000 - 0x00007ff86870b000 	C:\WINDOWS\System32\GDI32.dll
0x00007ff867250000 - 0x00007ff86735b000 	C:\WINDOWS\System32\gdi32full.dll
0x00007ff866e80000 - 0x00007ff866f1d000 	C:\WINDOWS\System32\msvcp_win.dll
0x00007ff8614d0000 - 0x00007ff8614e7000 	C:\Program Files\Android\Android Studio\jre\bin\VCRUNTIME140.dll
0x00007ff856380000 - 0x00007ff85661a000 	C:\WINDOWS\WinSxS\amd64_microsoft.windows.common-controls_6595b64144ccf1df_6.0.19041.1110_none_60b5254171f9507e\COMCTL32.dll
0x00007ff868490000 - 0x00007ff86852e000 	C:\WINDOWS\System32\msvcrt.dll
0x00007ff868380000 - 0x00007ff8683b0000 	C:\WINDOWS\System32\IMM32.DLL
0x00007ff83fef0000 - 0x00007ff83ff8d000 	C:\Program Files\Android\Android Studio\jre\bin\msvcp140.dll
0x00007ff822c20000 - 0x00007ff8236ef000 	C:\Program Files\Android\Android Studio\jre\bin\server\jvm.dll
0x00007ff867420000 - 0x00007ff8674cc000 	C:\WINDOWS\System32\ADVAPI32.dll
0x00007ff868c50000 - 0x00007ff868ceb000 	C:\WINDOWS\System32\sechost.dll
0x00007ff867ce0000 - 0x00007ff867e0a000 	C:\WINDOWS\System32\RPCRT4.dll
0x00007ff867ec0000 - 0x00007ff867ec8000 	C:\WINDOWS\System32\PSAPI.DLL
0x00007ff85bcf0000 - 0x00007ff85bd17000 	C:\WINDOWS\SYSTEM32\WINMM.dll
0x00007ff8614c0000 - 0x00007ff8614c9000 	C:\WINDOWS\SYSTEM32\WSOCK32.dll
0x00007ff85e4a0000 - 0x00007ff85e4aa000 	C:\WINDOWS\SYSTEM32\VERSION.dll
0x00007ff8683b0000 - 0x00007ff86841b000 	C:\WINDOWS\System32\WS2_32.dll
0x00007ff864930000 - 0x00007ff864942000 	C:\WINDOWS\SYSTEM32\kernel.appcore.dll
0x00007ff8614a0000 - 0x00007ff8614b1000 	C:\Program Files\Android\Android Studio\jre\bin\verify.dll
0x00007ff8531b0000 - 0x00007ff853394000 	C:\WINDOWS\SYSTEM32\DBGHELP.DLL
0x00007ff853180000 - 0x00007ff8531ac000 	C:\WINDOWS\SYSTEM32\dbgcore.DLL
0x00007ff867160000 - 0x00007ff8671e3000 	C:\WINDOWS\System32\bcryptPrimitives.dll
0x00007ff855530000 - 0x00007ff855559000 	C:\Program Files\Android\Android Studio\jre\bin\java.dll
0x00007ff861490000 - 0x00007ff86149b000 	C:\Program Files\Android\Android Studio\jre\bin\jimage.dll
0x00007ff855510000 - 0x00007ff855528000 	C:\Program Files\Android\Android Studio\jre\bin\zip.dll
0x00007ff8674d0000 - 0x00007ff867c0f000 	C:\WINDOWS\System32\SHELL32.dll
0x00007ff864b30000 - 0x00007ff8652c0000 	C:\WINDOWS\SYSTEM32\windows.storage.dll
0x00007ff868d80000 - 0x00007ff8690d5000 	C:\WINDOWS\System32\combase.dll
0x00007ff866480000 - 0x00007ff8664ae000 	C:\WINDOWS\SYSTEM32\Wldp.dll
0x00007ff867e10000 - 0x00007ff867ebd000 	C:\WINDOWS\System32\SHCORE.dll
0x00007ff8673c0000 - 0x00007ff867415000 	C:\WINDOWS\System32\shlwapi.dll
0x00007ff866970000 - 0x00007ff86698f000 	C:\WINDOWS\SYSTEM32\profapi.dll
0x00007ff8554f0000 - 0x00007ff85550a000 	C:\Program Files\Android\Android Studio\jre\bin\net.dll
0x00007ff857c00000 - 0x00007ff857d0c000 	C:\WINDOWS\SYSTEM32\WINHTTP.dll
0x00007ff8661e0000 - 0x00007ff86624a000 	C:\WINDOWS\system32\mswsock.dll
0x00007ff8554d0000 - 0x00007ff8554e4000 	C:\Program Files\Android\Android Studio\jre\bin\nio.dll
0x00007ff855a00000 - 0x00007ff855a27000 	C:\Program Files\Java\jdk-17.0.1\native\8bec1ad78214c89d9ad589b4d07fe93259594b29d510b10fafb7a158f7737e5d\windows-amd64\native-platform.dll
0x00007ff83c320000 - 0x00007ff83c45d000 	C:\Program Files\Java\jdk-17.0.1\native\53dbd7edfb1c66fb8903c78663c9afc45aea4f116125fa6feffd364cf09443e8\windows-amd64\native-platform-file-events.dll
0x00007ff861480000 - 0x00007ff86148a000 	C:\Program Files\Android\Android Studio\jre\bin\management.dll
0x00007ff85fd90000 - 0x00007ff85fd9c000 	C:\Program Files\Android\Android Studio\jre\bin\management_ext.dll
0x00007ff8663d0000 - 0x00007ff8663e8000 	C:\WINDOWS\SYSTEM32\CRYPTSP.dll
0x00007ff865af0000 - 0x00007ff865b24000 	C:\WINDOWS\system32\rsaenh.dll
0x00007ff866a30000 - 0x00007ff866a57000 	C:\WINDOWS\System32\bcrypt.dll
0x00007ff8668f0000 - 0x00007ff86691e000 	C:\WINDOWS\SYSTEM32\USERENV.dll
0x00007ff8663f0000 - 0x00007ff8663fc000 	C:\WINDOWS\SYSTEM32\CRYPTBASE.dll
0x00007ff865e80000 - 0x00007ff865ebb000 	C:\WINDOWS\SYSTEM32\IPHLPAPI.DLL
0x00007ff868480000 - 0x00007ff868488000 	C:\WINDOWS\System32\NSI.dll
0x00007ff85bcc0000 - 0x00007ff85bcd7000 	C:\WINDOWS\SYSTEM32\dhcpcsvc6.DLL
0x00007ff85d2f0000 - 0x00007ff85d30d000 	C:\WINDOWS\SYSTEM32\dhcpcsvc.DLL
0x00007ff865ed0000 - 0x00007ff865f9b000 	C:\WINDOWS\SYSTEM32\DNSAPI.dll

dbghelp: loaded successfully - version: 4.0.5 - missing functions: none
symbol engine: initialized successfully - sym options: 0x614 - pdb path: .;C:\Program Files\Android\Android Studio\jre\bin;C:\WINDOWS\SYSTEM32;C:\WINDOWS\WinSxS\amd64_microsoft.windows.common-controls_6595b64144ccf1df_6.0.19041.1110_none_60b5254171f9507e;C:\Program Files\Android\Android Studio\jre\bin\server;C:\Program Files\Java\jdk-17.0.1\native\8bec1ad78214c89d9ad589b4d07fe93259594b29d510b10fafb7a158f7737e5d\windows-amd64;C:\Program Files\Java\jdk-17.0.1\native\53dbd7edfb1c66fb8903c78663c9afc45aea4f116125fa6feffd364cf09443e8\windows-amd64

VM Arguments:
jvm_args: --add-opens=java.base/java.util=ALL-UNNAMED --add-opens=java.base/java.lang=ALL-UNNAMED --add-opens=java.base/java.lang.invoke=ALL-UNNAMED --add-opens=java.base/java.util=ALL-UNNAMED --add-opens=java.prefs/java.util.prefs=ALL-UNNAMED --add-opens=java.prefs/java.util.prefs=ALL-UNNAMED --add-opens=java.base/java.nio.charset=ALL-UNNAMED --add-opens=java.base/java.net=ALL-UNNAMED --add-opens=java.base/java.util.concurrent.atomic=ALL-UNNAMED -Xmx2048m -Dfile.encoding=UTF-8 -Duser.country=US -Duser.language=en -Duser.variant 
java_command: org.gradle.launcher.daemon.bootstrap.GradleDaemon 7.0.2
java_class_path (initial): C:\Program Files\Java\jdk-17.0.1\wrapper\dists\gradle-7.0.2-bin\857tjihv64xamwrf0h14cai3r\gradle-7.0.2\lib\gradle-launcher-7.0.2.jar
Launcher Type: SUN_STANDARD

[Global flags]
     intx CICompilerCount                          = 3                                         {product} {ergonomic}
     uint ConcGCThreads                            = 1                                         {product} {ergonomic}
     uint G1ConcRefinementThreads                  = 4                                         {product} {ergonomic}
   size_t G1HeapRegionSize                         = 1048576                                   {product} {ergonomic}
    uintx GCDrainStackTargetSize                   = 64                                        {product} {ergonomic}
   size_t InitialHeapSize                          = 67108864                                  {product} {ergonomic}
   size_t MarkStackSize                            = 4194304                                   {product} {ergonomic}
   size_t MaxHeapSize                              = 2147483648                                {product} {command line}
   size_t MaxNewSize                               = 1287651328                                {product} {ergonomic}
   size_t MinHeapDeltaBytes                        = 1048576                                   {product} {ergonomic}
    uintx NonNMethodCodeHeapSize                   = 5830732                                {pd product} {ergonomic}
    uintx NonProfiledCodeHeapSize                  = 122913754                              {pd product} {ergonomic}
    uintx ProfiledCodeHeapSize                     = 122913754                              {pd product} {ergonomic}
    uintx ReservedCodeCacheSize                    = 251658240                              {pd product} {ergonomic}
     bool SegmentedCodeCache                       = true                                      {product} {ergonomic}
     bool UseCompressedClassPointers               = true                                 {lp64_product} {ergonomic}
     bool UseCompressedOops                        = true                                 {lp64_product} {ergonomic}
     bool UseG1GC                                  = true                                      {product} {ergonomic}
     bool UseLargePagesIndividualAllocation        = false                                  {pd product} {ergonomic}

Logging:
Log output configuration:
 #0: stdout all=warning uptime,level,tags
 #1: stderr all=off uptime,level,tags

Environment Variables:
PATH=C:\Program Files\Common Files\Oracle\Java\javapath;C:\WINDOWS\system32;C:\WINDOWS;C:\WINDOWS\System32\Wbem;C:\WINDOWS\System32\WindowsPowerShell\v1.0\;C:\WINDOWS\System32\OpenSSH\;C:\Program Files\dotnet\;C:\Program Files\Microsoft SQL Server\Client SDK\ODBC\170\Tools\Binn\;C:\Program Files (x86)\dotnet\;C:\Program Files\Git\cmd;C:\Users\MinhNgan\AppData\Local\Microsoft\WindowsApps
USERNAME=MinhNgan
OS=Windows_NT
PROCESSOR_IDENTIFIER=Intel64 Family 6 Model 69 Stepping 1, GenuineIntel



---------------  S Y S T E M  ---------------

OS: Windows 10 , 64 bit Build 19041 (10.0.19041.1348)
OS uptime: 0 days 0:04 hours

CPU:total 4 (initial active 4) (2 cores per cpu, 2 threads per core) family 6 model 69 stepping 1 microcode 0x25, cmov, cx8, fxsr, mmx, sse, sse2, sse3, ssse3, sse4.1, sse4.2, popcnt, avx, avx2, aes, clmul, erms, lzcnt, ht, tsc, tscinvbit, bmi1, bmi2, fma

Memory: 4k page, system-wide physical 3979M (137M free)
TotalPageFile size 6979M (AvailPageFile size 5M)
current process WorkingSet (physical memory assigned to process): 449M, peak: 468M
current process commit charge ("private bytes"): 611M, peak: 613M

vm_info: OpenJDK 64-Bit Server VM (11.0.10+0-b96-7249189) for windows-amd64 JRE (11.0.10+0-b96-7249189), built on Mar 31 2021 21:44:00 by "builder" with MS VC++ 14.0 (VS2015)

END.
