#
# There is insufficient memory for the Java Runtime Environment to continue.
# Native memory allocation (malloc) failed to allocate 1358256 bytes for Chunk::new
# Possible reasons:
#   The system is out of physical RAM or swap space
#   The process is running with CompressedOops enabled, and the Java Heap may be blocking the growth of the native heap
# Possible solutions:
#   Reduce memory load on the system
#   Increase physical memory or swap space
#   Check if swap backing store is full
#   Decrease Java heap size (-Xmx/-Xms)
#   Decrease number of Java threads
#   Decrease Java thread stack sizes (-Xss)
#   Set larger code cache with -XX:ReservedCodeCacheSize=
#   JVM is running with Unscaled Compressed Oops mode in which the Java heap is
#     placed in the first 4GB address space. The Java Heap base address is the
#     maximum limit for the native heap growth. Please use -XX:HeapBaseMinAddress
#     to set the Java Heap base and to place the Java Heap above 4GB virtual address.
# This output file may be truncated or incomplete.
#
#  Out of Memory Error (./src/hotspot/share/memory/arena.cpp:197), pid=4164, tid=7096
#
# JRE version: OpenJDK Runtime Environment (11.0.10) (build 11.0.10+0-b96-7249189)
# Java VM: OpenJDK 64-Bit Server VM (11.0.10+0-b96-7249189, mixed mode, tiered, compressed oops, g1 gc, windows-amd64)
# No core dump will be written. Minidumps are not enabled by default on client versions of Windows
#

---------------  S U M M A R Y ------------

Command Line: --add-opens=java.base/java.util=ALL-UNNAMED --add-opens=java.base/java.lang=ALL-UNNAMED --add-opens=java.base/java.lang.invoke=ALL-UNNAMED --add-opens=java.base/java.util=ALL-UNNAMED --add-opens=java.prefs/java.util.prefs=ALL-UNNAMED --add-opens=java.prefs/java.util.prefs=ALL-UNNAMED --add-opens=java.base/java.nio.charset=ALL-UNNAMED --add-opens=java.base/java.net=ALL-UNNAMED --add-opens=java.base/java.util.concurrent.atomic=ALL-UNNAMED -Xmx2048m -Dfile.encoding=UTF-8 -Duser.country=US -Duser.language=en -Duser.variant org.gradle.launcher.daemon.bootstrap.GradleDaemon 7.0.2

Host: Intel(R) Core(TM) i5-4210U CPU @ 1.70GHz, 4 cores, 3G,  Windows 10 , 64 bit Build 19041 (10.0.19041.1202)
Time: Tue Nov  9 19:01:52 2021 SE Asia Standard Time elapsed time: 11.241790 seconds (0d 0h 0m 11s)

---------------  T H R E A D  ---------------

Current thread (0x00000232d36cb000):  JavaThread "C2 CompilerThread0" daemon [_thread_in_native, id=7096, stack(0x0000005df3a00000,0x0000005df3b00000)]


Current CompileTask:
C2:  11241 2004   !   4       java.lang.ClassLoader::loadClass (122 bytes)

Stack: [0x0000005df3a00000,0x0000005df3b00000]
Native frames: (J=compiled Java code, j=interpreted, Vv=VM code, C=native code)
V  [jvm.dll+0x5ecfaa]
V  [jvm.dll+0x722bd5]
V  [jvm.dll+0x72412d]
V  [jvm.dll+0x7247e3]
V  [jvm.dll+0x242928]
V  [jvm.dll+0xbc4fc]
V  [jvm.dll+0xbca0c]
V  [jvm.dll+0x352d7d]
V  [jvm.dll+0x19800c]
V  [jvm.dll+0x1fb70e]
V  [jvm.dll+0x1fa7f4]
V  [jvm.dll+0x18354c]
V  [jvm.dll+0x208ee7]
V  [jvm.dll+0x207731]
V  [jvm.dll+0x6eb1cf]
V  [jvm.dll+0x6e3d45]
V  [jvm.dll+0x5ebe96]
C  [ucrtbase.dll+0x21bb2]
C  [KERNEL32.DLL+0x17034]
C  [ntdll.dll+0x52651]


---------------  P R O C E S S  ---------------

Threads class SMR info:
_java_thread_list=0x00000232d6203020, length=23, elements={
0x00000232b9ac9000, 0x00000232d3669800, 0x00000232d366b000, 0x00000232d36c1800,
0x00000232d36c4000, 0x00000232d36c7800, 0x00000232d36cb000, 0x00000232d36d4000,
0x00000232d36d7000, 0x00000232d4147800, 0x00000232d5587800, 0x00000232d5514800,
0x00000232d63f1000, 0x00000232d4ebc000, 0x00000232d55a5800, 0x00000232d4e46800,
0x00000232d4b74000, 0x00000232d42e6800, 0x00000232d4e41000, 0x00000232d430a800,
0x00000232d430b000, 0x00000232d430c000, 0x00000232d430e800
}

Java Threads: ( => current thread )
  0x00000232b9ac9000 JavaThread "main" [_thread_blocked, id=9704, stack(0x0000005df2e00000,0x0000005df2f00000)]
  0x00000232d3669800 JavaThread "Reference Handler" daemon [_thread_blocked, id=8652, stack(0x0000005df3500000,0x0000005df3600000)]
  0x00000232d366b000 JavaThread "Finalizer" daemon [_thread_blocked, id=9848, stack(0x0000005df3600000,0x0000005df3700000)]
  0x00000232d36c1800 JavaThread "Signal Dispatcher" daemon [_thread_blocked, id=364, stack(0x0000005df3700000,0x0000005df3800000)]
  0x00000232d36c4000 JavaThread "Attach Listener" daemon [_thread_blocked, id=7380, stack(0x0000005df3800000,0x0000005df3900000)]
  0x00000232d36c7800 JavaThread "Service Thread" daemon [_thread_blocked, id=6668, stack(0x0000005df3900000,0x0000005df3a00000)]
=>0x00000232d36cb000 JavaThread "C2 CompilerThread0" daemon [_thread_in_native, id=7096, stack(0x0000005df3a00000,0x0000005df3b00000)]
  0x00000232d36d4000 JavaThread "C1 CompilerThread0" daemon [_thread_blocked, id=5040, stack(0x0000005df3b00000,0x0000005df3c00000)]
  0x00000232d36d7000 JavaThread "Sweeper thread" daemon [_thread_blocked, id=7440, stack(0x0000005df3c00000,0x0000005df3d00000)]
  0x00000232d4147800 JavaThread "Common-Cleaner" daemon [_thread_blocked, id=120, stack(0x0000005df3d00000,0x0000005df3e00000)]
  0x00000232d5587800 JavaThread "Daemon health stats" [_thread_blocked, id=9492, stack(0x0000005df4000000,0x0000005df4100000)]
  0x00000232d5514800 JavaThread "Incoming local TCP Connector on port 51429" [_thread_in_native, id=2412, stack(0x0000005df4300000,0x0000005df4400000)]
  0x00000232d63f1000 JavaThread "Daemon periodic checks" [_thread_blocked, id=3832, stack(0x0000005df4400000,0x0000005df4500000)]
  0x00000232d4ebc000 JavaThread "Daemon" [_thread_blocked, id=9688, stack(0x0000005df4500000,0x0000005df4600000)]
  0x00000232d55a5800 JavaThread "Handler for socket connection from /127.0.0.1:51429 to /127.0.0.1:51430" [_thread_in_native, id=10072, stack(0x0000005df4600000,0x0000005df4700000)]
  0x00000232d4e46800 JavaThread "Cancel handler" [_thread_blocked, id=3028, stack(0x0000005df4700000,0x0000005df4800000)]
  0x00000232d4b74000 JavaThread "Daemon worker" [_thread_in_vm, id=8308, stack(0x0000005df4800000,0x0000005df4900000)]
  0x00000232d42e6800 JavaThread "Asynchronous log dispatcher for DefaultDaemonConnection: socket connection from /127.0.0.1:51429 to /127.0.0.1:51430" [_thread_blocked, id=7732, stack(0x0000005df4900000,0x0000005df4a00000)]
  0x00000232d4e41000 JavaThread "Stdin handler" [_thread_blocked, id=2552, stack(0x0000005df4a00000,0x0000005df4b00000)]
  0x00000232d430a800 JavaThread "Daemon client event forwarder" [_thread_blocked, id=7328, stack(0x0000005df4b00000,0x0000005df4c00000)]
  0x00000232d430b000 JavaThread "Cache worker for file hash cache (C:\Users\MinhNgan\.gradle\caches\7.0.2\fileHashes)" [_thread_blocked, id=6532, stack(0x0000005df4c00000,0x0000005df4d00000)]
  0x00000232d430c000 JavaThread "File lock request listener" [_thread_in_native, id=8204, stack(0x0000005df4d00000,0x0000005df4e00000)]
  0x00000232d430e800 JavaThread "Cache worker for journal cache (C:\Users\MinhNgan\.gradle\caches\journal-1)" [_thread_blocked, id=8644, stack(0x0000005df4e00000,0x0000005df4f00000)]

Other Threads:
  0x00000232d3662000 VMThread "VM Thread" [stack: 0x0000005df3400000,0x0000005df3500000] [id=4068]
  0x00000232d418d000 WatcherThread [stack: 0x0000005df3e00000,0x0000005df3f00000] [id=5952]
  0x00000232b9ae1800 GCTaskThread "GC Thread#0" [stack: 0x0000005df2f00000,0x0000005df3000000] [id=1992]
  0x00000232d4065000 GCTaskThread "GC Thread#1" [stack: 0x0000005df3f00000,0x0000005df4000000] [id=7244]
  0x00000232d4065800 GCTaskThread "GC Thread#2" [stack: 0x0000005df4100000,0x0000005df4200000] [id=11224]
  0x00000232d4066800 GCTaskThread "GC Thread#3" [stack: 0x0000005df4200000,0x0000005df4300000] [id=7264]
  0x00000232b9b11800 ConcurrentGCThread "G1 Main Marker" [stack: 0x0000005df3000000,0x0000005df3100000] [id=2144]
  0x00000232b9b14000 ConcurrentGCThread "G1 Conc#0" [stack: 0x0000005df3100000,0x0000005df3200000] [id=11160]
  0x00000232b9b6f000 ConcurrentGCThread "G1 Refine#0" [stack: 0x0000005df3200000,0x0000005df3300000] [id=6664]
  0x00000232b9b70000 ConcurrentGCThread "G1 Young RemSet Sampling" [stack: 0x0000005df3300000,0x0000005df3400000] [id=8164]

Threads with active compile tasks:
C2 CompilerThread0  11311 2004   !   4       java.lang.ClassLoader::loadClass (122 bytes)

VM state:not at safepoint (normal execution)

VM Mutex/Monitor currently owned by a thread: None

Heap address: 0x0000000080000000, size: 2048 MB, Compressed Oops mode: 32-bit
Narrow klass base: 0x0000000000000000, Narrow klass shift: 3
Compressed class space size: 1073741824 Address: 0x0000000100000000

Heap:
 garbage-first heap   total 65536K, used 30349K [0x0000000080000000, 0x0000000100000000)
  region size 1024K, 16 young (16384K), 2 survivors (2048K)
 Metaspace       used 22018K, capacity 22624K, committed 22784K, reserved 1069056K
  class space    used 2769K, capacity 2979K, committed 3072K, reserved 1048576K
Heap Regions: E=young(eden), S=young(survivor), O=old, HS=humongous(starts), HC=humongous(continues), CS=collection set, F=free, A=archive, TAMS=top-at-mark-start (previous, next)
|   0|0x0000000080000000, 0x0000000080100000, 0x0000000080100000|100%| O|  |TAMS 0x0000000080100000, 0x0000000080000000| Untracked 
|   1|0x0000000080100000, 0x0000000080200000, 0x0000000080200000|100%| O|  |TAMS 0x0000000080200000, 0x0000000080100000| Untracked 
|   2|0x0000000080200000, 0x0000000080300000, 0x0000000080300000|100%| O|  |TAMS 0x0000000080300000, 0x0000000080200000| Untracked 
|   3|0x0000000080300000, 0x0000000080400000, 0x0000000080400000|100%|HS|  |TAMS 0x0000000080400000, 0x0000000080300000| Complete 
|   4|0x0000000080400000, 0x0000000080500000, 0x0000000080500000|100%|HC|  |TAMS 0x0000000080500000, 0x0000000080400000| Complete 
|   5|0x0000000080500000, 0x0000000080600000, 0x0000000080600000|100%|HC|  |TAMS 0x0000000080600000, 0x0000000080500000| Complete 
|   6|0x0000000080600000, 0x0000000080700000, 0x0000000080700000|100%| O|  |TAMS 0x0000000080700000, 0x0000000080600000| Untracked 
|   7|0x0000000080700000, 0x0000000080800000, 0x0000000080800000|100%| O|  |TAMS 0x0000000080800000, 0x0000000080700000| Untracked 
|   8|0x0000000080800000, 0x0000000080900000, 0x0000000080900000|100%| O|  |TAMS 0x0000000080900000, 0x0000000080800000| Untracked 
|   9|0x0000000080900000, 0x0000000080a00000, 0x0000000080a00000|100%| O|  |TAMS 0x0000000080a00000, 0x0000000080900000| Untracked 
|  10|0x0000000080a00000, 0x0000000080b00000, 0x0000000080b00000|100%| O|  |TAMS 0x0000000080b00000, 0x0000000080a00000| Untracked 
|  11|0x0000000080b00000, 0x0000000080c00000, 0x0000000080c00000|100%| O|  |TAMS 0x0000000080c00000, 0x0000000080b00000| Untracked 
|  12|0x0000000080c00000, 0x0000000080d00000, 0x0000000080d00000|100%| O|  |TAMS 0x0000000080d00000, 0x0000000080c00000| Untracked 
|  13|0x0000000080d00000, 0x0000000080e00000, 0x0000000080e00000|100%| O|  |TAMS 0x0000000080e00000, 0x0000000080d00000| Untracked 
|  14|0x0000000080e00000, 0x0000000080ec5800, 0x0000000080f00000| 77%| O|  |TAMS 0x0000000080ec5800, 0x0000000080e00000| Untracked 
|  15|0x0000000080f00000, 0x0000000080f00000, 0x0000000081000000|  0%| F|  |TAMS 0x0000000080f00000, 0x0000000080f00000| Untracked 
|  16|0x0000000081000000, 0x0000000081000000, 0x0000000081100000|  0%| F|  |TAMS 0x0000000081000000, 0x0000000081000000| Untracked 
|  17|0x0000000081100000, 0x0000000081100000, 0x0000000081200000|  0%| F|  |TAMS 0x0000000081100000, 0x0000000081100000| Untracked 
|  18|0x0000000081200000, 0x0000000081200000, 0x0000000081300000|  0%| F|  |TAMS 0x0000000081200000, 0x0000000081200000| Untracked 
|  19|0x0000000081300000, 0x0000000081300000, 0x0000000081400000|  0%| F|  |TAMS 0x0000000081300000, 0x0000000081300000| Untracked 
|  20|0x0000000081400000, 0x0000000081400000, 0x0000000081500000|  0%| F|  |TAMS 0x0000000081400000, 0x0000000081400000| Untracked 
|  21|0x0000000081500000, 0x0000000081500000, 0x0000000081600000|  0%| F|  |TAMS 0x0000000081500000, 0x0000000081500000| Untracked 
|  22|0x0000000081600000, 0x0000000081600000, 0x0000000081700000|  0%| F|  |TAMS 0x0000000081600000, 0x0000000081600000| Untracked 
|  23|0x0000000081700000, 0x0000000081700000, 0x0000000081800000|  0%| F|  |TAMS 0x0000000081700000, 0x0000000081700000| Untracked 
|  24|0x0000000081800000, 0x0000000081800000, 0x0000000081900000|  0%| F|  |TAMS 0x0000000081800000, 0x0000000081800000| Untracked 
|  25|0x0000000081900000, 0x0000000081900000, 0x0000000081a00000|  0%| F|  |TAMS 0x0000000081900000, 0x0000000081900000| Untracked 
|  26|0x0000000081a00000, 0x0000000081a00000, 0x0000000081b00000|  0%| F|  |TAMS 0x0000000081a00000, 0x0000000081a00000| Untracked 
|  27|0x0000000081b00000, 0x0000000081b00000, 0x0000000081c00000|  0%| F|  |TAMS 0x0000000081b00000, 0x0000000081b00000| Untracked 
|  28|0x0000000081c00000, 0x0000000081c00000, 0x0000000081d00000|  0%| F|  |TAMS 0x0000000081c00000, 0x0000000081c00000| Untracked 
|  29|0x0000000081d00000, 0x0000000081d00000, 0x0000000081e00000|  0%| F|  |TAMS 0x0000000081d00000, 0x0000000081d00000| Untracked 
|  30|0x0000000081e00000, 0x0000000081e00000, 0x0000000081f00000|  0%| F|  |TAMS 0x0000000081e00000, 0x0000000081e00000| Untracked 
|  31|0x0000000081f00000, 0x0000000081f00000, 0x0000000082000000|  0%| F|  |TAMS 0x0000000081f00000, 0x0000000081f00000| Untracked 
|  32|0x0000000082000000, 0x0000000082000000, 0x0000000082100000|  0%| F|  |TAMS 0x0000000082000000, 0x0000000082000000| Untracked 
|  33|0x0000000082100000, 0x0000000082100000, 0x0000000082200000|  0%| F|  |TAMS 0x0000000082100000, 0x0000000082100000| Untracked 
|  34|0x0000000082200000, 0x0000000082200000, 0x0000000082300000|  0%| F|  |TAMS 0x0000000082200000, 0x0000000082200000| Untracked 
|  35|0x0000000082300000, 0x0000000082300000, 0x0000000082400000|  0%| F|  |TAMS 0x0000000082300000, 0x0000000082300000| Untracked 
|  36|0x0000000082400000, 0x0000000082400000, 0x0000000082500000|  0%| F|  |TAMS 0x0000000082400000, 0x0000000082400000| Untracked 
|  37|0x0000000082500000, 0x0000000082500000, 0x0000000082600000|  0%| F|  |TAMS 0x0000000082500000, 0x0000000082500000| Untracked 
|  38|0x0000000082600000, 0x0000000082600000, 0x0000000082700000|  0%| F|  |TAMS 0x0000000082600000, 0x0000000082600000| Untracked 
|  39|0x0000000082700000, 0x0000000082700000, 0x0000000082800000|  0%| F|  |TAMS 0x0000000082700000, 0x0000000082700000| Untracked 
|  40|0x0000000082800000, 0x0000000082800000, 0x0000000082900000|  0%| F|  |TAMS 0x0000000082800000, 0x0000000082800000| Untracked 
|  41|0x0000000082900000, 0x0000000082900000, 0x0000000082a00000|  0%| F|  |TAMS 0x0000000082900000, 0x0000000082900000| Untracked 
|  42|0x0000000082a00000, 0x0000000082a00000, 0x0000000082b00000|  0%| F|  |TAMS 0x0000000082a00000, 0x0000000082a00000| Untracked 
|  43|0x0000000082b00000, 0x0000000082b00000, 0x0000000082c00000|  0%| F|  |TAMS 0x0000000082b00000, 0x0000000082b00000| Untracked 
|  44|0x0000000082c00000, 0x0000000082c00000, 0x0000000082d00000|  0%| F|  |TAMS 0x0000000082c00000, 0x0000000082c00000| Untracked 
|  45|0x0000000082d00000, 0x0000000082d00000, 0x0000000082e00000|  0%| F|  |TAMS 0x0000000082d00000, 0x0000000082d00000| Untracked 
|  46|0x0000000082e00000, 0x0000000082e00000, 0x0000000082f00000|  0%| F|  |TAMS 0x0000000082e00000, 0x0000000082e00000| Untracked 
|  47|0x0000000082f00000, 0x0000000082f00000, 0x0000000083000000|  0%| F|  |TAMS 0x0000000082f00000, 0x0000000082f00000| Untracked 
|  48|0x0000000083000000, 0x00000000830e5350, 0x0000000083100000| 89%| E|  |TAMS 0x0000000083000000, 0x0000000083000000| Complete 
|  49|0x0000000083100000, 0x0000000083200000, 0x0000000083200000|100%| E|CS|TAMS 0x0000000083100000, 0x0000000083100000| Complete 
|  50|0x0000000083200000, 0x00000000832ddc30, 0x0000000083300000| 86%| S|CS|TAMS 0x0000000083200000, 0x0000000083200000| Complete 
|  51|0x0000000083300000, 0x0000000083400000, 0x0000000083400000|100%| S|CS|TAMS 0x0000000083300000, 0x0000000083300000| Complete 
|  52|0x0000000083400000, 0x0000000083500000, 0x0000000083500000|100%| E|CS|TAMS 0x0000000083400000, 0x0000000083400000| Complete 
|  53|0x0000000083500000, 0x0000000083600000, 0x0000000083600000|100%| E|CS|TAMS 0x0000000083500000, 0x0000000083500000| Complete 
|  54|0x0000000083600000, 0x0000000083700000, 0x0000000083700000|100%| E|CS|TAMS 0x0000000083600000, 0x0000000083600000| Complete 
|  55|0x0000000083700000, 0x0000000083800000, 0x0000000083800000|100%| E|CS|TAMS 0x0000000083700000, 0x0000000083700000| Complete 
|  56|0x0000000083800000, 0x0000000083900000, 0x0000000083900000|100%| E|CS|TAMS 0x0000000083800000, 0x0000000083800000| Complete 
|  57|0x0000000083900000, 0x0000000083a00000, 0x0000000083a00000|100%| E|CS|TAMS 0x0000000083900000, 0x0000000083900000| Complete 
|  58|0x0000000083a00000, 0x0000000083b00000, 0x0000000083b00000|100%| E|CS|TAMS 0x0000000083a00000, 0x0000000083a00000| Complete 
|  59|0x0000000083b00000, 0x0000000083c00000, 0x0000000083c00000|100%| E|CS|TAMS 0x0000000083b00000, 0x0000000083b00000| Complete 
|  60|0x0000000083c00000, 0x0000000083d00000, 0x0000000083d00000|100%| E|CS|TAMS 0x0000000083c00000, 0x0000000083c00000| Complete 
|  61|0x0000000083d00000, 0x0000000083e00000, 0x0000000083e00000|100%| E|CS|TAMS 0x0000000083d00000, 0x0000000083d00000| Complete 
|  62|0x0000000083e00000, 0x0000000083f00000, 0x0000000083f00000|100%| E|CS|TAMS 0x0000000083e00000, 0x0000000083e00000| Complete 
|  63|0x0000000083f00000, 0x0000000084000000, 0x0000000084000000|100%| E|CS|TAMS 0x0000000083f00000, 0x0000000083f00000| Complete 

Card table byte_map: [0x00000232cc9c0000,0x00000232ccdc0000] _byte_map_base: 0x00000232cc5c0000

Marking Bits (Prev, Next): (CMBitMap*) 0x00000232b9b08c80, (CMBitMap*) 0x00000232b9b08c48
 Prev Bits: [0x00000232cf1c0000, 0x00000232d11c0000)
 Next Bits: [0x00000232cd1c0000, 0x00000232cf1c0000)

Polling page: 0x00000232b7ad0000

Metaspace:

Usage:
  Non-class:     19.18 MB capacity,    18.80 MB ( 98%) used,   349.05 KB (  2%) free+waste,    42.44 KB ( <1%) overhead. 
      Class:      2.91 MB capacity,     2.71 MB ( 93%) used,   186.38 KB (  6%) free+waste,    21.44 KB ( <1%) overhead. 
       Both:     22.09 MB capacity,    21.51 MB ( 97%) used,   535.44 KB (  2%) free+waste,    63.88 KB ( <1%) overhead. 

Virtual space:
  Non-class space:       20.00 MB reserved,      19.25 MB ( 96%) committed 
      Class space:        1.00 GB reserved,       3.00 MB ( <1%) committed 
             Both:        1.02 GB reserved,      22.25 MB (  2%) committed 

Chunk freelists:
   Non-Class:  3.00 KB
       Class:  29.00 KB
        Both:  32.00 KB

MaxMetaspaceSize: 17179869184.00 GB
CompressedClassSpaceSize: 1.00 GB

CodeHeap 'non-profiled nmethods': size=120064Kb used=881Kb max_used=881Kb free=119182Kb
 bounds [0x00000232c5080000, 0x00000232c52f0000, 0x00000232cc5c0000]
CodeHeap 'profiled nmethods': size=120000Kb used=4325Kb max_used=4325Kb free=115674Kb
 bounds [0x00000232bdb50000, 0x00000232bdf90000, 0x00000232c5080000]
CodeHeap 'non-nmethods': size=5696Kb used=1144Kb max_used=1162Kb free=4552Kb
 bounds [0x00000232bd5c0000, 0x00000232bd830000, 0x00000232bdb50000]
 total_blobs=2506 nmethods=2027 adapters=390
 compilation: enabled
              stopped_count=0, restarted_count=0
 full_count=0

Compilation events (20 events):
Event: 10.925 Thread 0x00000232d36d4000 2008       1       sun.reflect.generics.repository.AbstractRepository::getFactory (5 bytes)
Event: 10.925 Thread 0x00000232d36d4000 nmethod 2008 0x00000232c515bd90 code [0x00000232c515bf40, 0x00000232c515bff8]
Event: 10.925 Thread 0x00000232d36d4000 2009       3       java.lang.Class::forName (47 bytes)
Event: 10.926 Thread 0x00000232d36d4000 nmethod 2009 0x00000232bdf73f90 code [0x00000232bdf74180, 0x00000232bdf745c8]
Event: 10.928 Thread 0x00000232d36d4000 2010       3       jdk.internal.org.objectweb.asm.ClassWriter::addType (103 bytes)
Event: 10.929 Thread 0x00000232d36d4000 nmethod 2010 0x00000232bdf74790 code [0x00000232bdf749a0, 0x00000232bdf75068]
Event: 10.933 Thread 0x00000232d36d4000 2011       3       java.lang.invoke.TypeConvertingMethodAdapter::cast (42 bytes)
Event: 10.934 Thread 0x00000232d36d4000 nmethod 2011 0x00000232bdf75290 code [0x00000232bdf754a0, 0x00000232bdf75908]
Event: 10.952 Thread 0x00000232d36d4000 2012       3       org.gradle.internal.service.DefaultServiceRegistry$SingletonService::getAll (23 bytes)
Event: 10.952 Thread 0x00000232d36d4000 nmethod 2012 0x00000232bdf75a90 code [0x00000232bdf75c60, 0x00000232bdf75ee8]
Event: 10.957 Thread 0x00000232d36d4000 2014       3       java.lang.reflect.Executable::getGenericParameterTypes (20 bytes)
Event: 10.957 Thread 0x00000232d36d4000 nmethod 2014 0x00000232bdf76010 code [0x00000232bdf76220, 0x00000232bdf76908]
Event: 10.978 Thread 0x00000232d36d4000 2016       3       java.lang.invoke.MethodHandleNatives::isCallerSensitive (29 bytes)
Event: 10.979 Thread 0x00000232d36d4000 nmethod 2016 0x00000232bdf76a90 code [0x00000232bdf76c80, 0x00000232bdf771e8]
Event: 10.979 Thread 0x00000232d36d4000 2017       3       java.lang.invoke.MethodHandleNatives::canBeCalledVirtual (93 bytes)
Event: 10.980 Thread 0x00000232d36d4000 nmethod 2017 0x00000232bdf77390 code [0x00000232bdf775a0, 0x00000232bdf77b18]
Event: 11.146 Thread 0x00000232d36d4000 2020   !   3       org.gradle.internal.classloader.TransformingClassLoader::findClass (203 bytes)
Event: 11.152 Thread 0x00000232d36d4000 nmethod 2020 0x00000232bdf77d10 code [0x00000232bdf78260, 0x00000232bdf7ab78]
Event: 11.152 Thread 0x00000232d36d4000 2021       3       org.gradle.initialization.MixInLegacyTypesClassLoader::shouldTransform (42 bytes)
Event: 11.152 Thread 0x00000232d36d4000 nmethod 2021 0x00000232bdf7bb90 code [0x00000232bdf7bd80, 0x00000232bdf7c178]

GC Heap History (12 events):
Event: 2.766 GC heap before
{Heap before GC invocations=0 (full 0):
 garbage-first heap   total 65536K, used 19456K [0x0000000080000000, 0x0000000100000000)
  region size 1024K, 14 young (14336K), 0 survivors (0K)
 Metaspace       used 6742K, capacity 6925K, committed 7168K, reserved 1056768K
  class space    used 582K, capacity 650K, committed 768K, reserved 1048576K
}
Event: 2.777 GC heap after
{Heap after GC invocations=1 (full 0):
 garbage-first heap   total 65536K, used 7814K [0x0000000080000000, 0x0000000100000000)
  region size 1024K, 2 young (2048K), 2 survivors (2048K)
 Metaspace       used 6742K, capacity 6925K, committed 7168K, reserved 1056768K
  class space    used 582K, capacity 650K, committed 768K, reserved 1048576K
}
Event: 3.729 GC heap before
{Heap before GC invocations=1 (full 0):
 garbage-first heap   total 65536K, used 19078K [0x0000000080000000, 0x0000000100000000)
  region size 1024K, 13 young (13312K), 2 survivors (2048K)
 Metaspace       used 9860K, capacity 10054K, committed 10112K, reserved 1058816K
  class space    used 1022K, capacity 1102K, committed 1152K, reserved 1048576K
}
Event: 3.739 GC heap after
{Heap after GC invocations=2 (full 0):
 garbage-first heap   total 65536K, used 9020K [0x0000000080000000, 0x0000000100000000)
  region size 1024K, 2 young (2048K), 2 survivors (2048K)
 Metaspace       used 9860K, capacity 10054K, committed 10112K, reserved 1058816K
  class space    used 1022K, capacity 1102K, committed 1152K, reserved 1048576K
}
Event: 4.989 GC heap before
{Heap before GC invocations=2 (full 0):
 garbage-first heap   total 65536K, used 31548K [0x0000000080000000, 0x0000000100000000)
  region size 1024K, 24 young (24576K), 2 survivors (2048K)
 Metaspace       used 10780K, capacity 11007K, committed 11264K, reserved 1058816K
  class space    used 1123K, capacity 1206K, committed 1280K, reserved 1048576K
}
Event: 4.995 GC heap after
{Heap after GC invocations=3 (full 0):
 garbage-first heap   total 65536K, used 9554K [0x0000000080000000, 0x0000000100000000)
  region size 1024K, 2 young (2048K), 2 survivors (2048K)
 Metaspace       used 10780K, capacity 11007K, committed 11264K, reserved 1058816K
  class space    used 1123K, capacity 1206K, committed 1280K, reserved 1048576K
}
Event: 6.755 GC heap before
{Heap before GC invocations=3 (full 0):
 garbage-first heap   total 65536K, used 42322K [0x0000000080000000, 0x0000000100000000)
  region size 1024K, 34 young (34816K), 2 survivors (2048K)
 Metaspace       used 14136K, capacity 14449K, committed 14592K, reserved 1062912K
  class space    used 1600K, capacity 1716K, committed 1792K, reserved 1048576K
}
Event: 6.800 GC heap after
{Heap after GC invocations=4 (full 0):
 garbage-first heap   total 65536K, used 14961K [0x0000000080000000, 0x0000000100000000)
  region size 1024K, 5 young (5120K), 5 survivors (5120K)
 Metaspace       used 14136K, capacity 14449K, committed 14592K, reserved 1062912K
  class space    used 1600K, capacity 1716K, committed 1792K, reserved 1048576K
}
Event: 9.762 GC heap before
{Heap before GC invocations=4 (full 0):
 garbage-first heap   total 65536K, used 42609K [0x0000000080000000, 0x0000000100000000)
  region size 1024K, 32 young (32768K), 5 survivors (5120K)
 Metaspace       used 19175K, capacity 19583K, committed 19712K, reserved 1067008K
  class space    used 2316K, capacity 2447K, committed 2560K, reserved 1048576K
}
Event: 9.771 GC heap after
{Heap after GC invocations=5 (full 0):
 garbage-first heap   total 65536K, used 16756K [0x0000000080000000, 0x0000000100000000)
  region size 1024K, 2 young (2048K), 2 survivors (2048K)
 Metaspace       used 19175K, capacity 19583K, committed 19712K, reserved 1067008K
  class space    used 2316K, capacity 2447K, committed 2560K, reserved 1048576K
}
Event: 10.507 GC heap before
{Heap before GC invocations=5 (full 0):
 garbage-first heap   total 65536K, used 28020K [0x0000000080000000, 0x0000000100000000)
  region size 1024K, 14 young (14336K), 2 survivors (2048K)
 Metaspace       used 20591K, capacity 21121K, committed 21248K, reserved 1067008K
  class space    used 2510K, capacity 2731K, committed 2816K, reserved 1048576K
}
Event: 10.515 GC heap after
{Heap after GC invocations=6 (full 0):
 garbage-first heap   total 65536K, used 17037K [0x0000000080000000, 0x0000000100000000)
  region size 1024K, 2 young (2048K), 2 survivors (2048K)
 Metaspace       used 20591K, capacity 21121K, committed 21248K, reserved 1067008K
  class space    used 2510K, capacity 2731K, committed 2816K, reserved 1048576K
}

Deoptimization events (20 events):
Event: 10.779 Thread 0x00000232d4b74000 Uncommon trap: trap_request=0xffffffcc fr.pc=0x00000232c51500f8 relative=0x00000000000002b8
Event: 10.779 Thread 0x00000232d4b74000 Uncommon trap: reason=intrinsic_or_type_checked_inlining action=make_not_entrant pc=0x00000232c51500f8 method=java.util.Arrays.copyOf([Ljava/lang/Object;ILjava/lang/Class;)[Ljava/lang/Object; @ 35 c2
Event: 10.779 Thread 0x00000232d4b74000 DEOPT PACKING pc=0x00000232c51500f8 sp=0x0000005df48fc820
Event: 10.779 Thread 0x00000232d4b74000 DEOPT UNPACKING pc=0x00000232bd5e78af sp=0x0000005df48fc7b0 mode 2
Event: 10.779 Thread 0x00000232d4b74000 Uncommon trap: trap_request=0xffffff4d fr.pc=0x00000232c50b8960 relative=0x00000000000001a0
Event: 10.779 Thread 0x00000232d4b74000 Uncommon trap: reason=unstable_if action=reinterpret pc=0x00000232c50b8960 method=java.util.HashMap.getNode(ILjava/lang/Object;)Ljava/util/HashMap$Node; @ 129 c2
Event: 10.779 Thread 0x00000232d4b74000 DEOPT PACKING pc=0x00000232c50b8960 sp=0x0000005df48fc110
Event: 10.779 Thread 0x00000232d4b74000 DEOPT UNPACKING pc=0x00000232bd5e78af sp=0x0000005df48fc010 mode 2
Event: 10.779 Thread 0x00000232d4b74000 Uncommon trap: trap_request=0xffffffc6 fr.pc=0x00000232c5141e78 relative=0x0000000000000778
Event: 10.779 Thread 0x00000232d4b74000 Uncommon trap: reason=bimorphic_or_optimized_type_check action=maybe_recompile pc=0x00000232c5141e78 method=java.util.HashMap.putVal(ILjava/lang/Object;Ljava/lang/Object;ZZ)Ljava/lang/Object; @ 203 c2
Event: 10.779 Thread 0x00000232d4b74000 DEOPT PACKING pc=0x00000232c5141e78 sp=0x0000005df48fc080
Event: 10.779 Thread 0x00000232d4b74000 DEOPT UNPACKING pc=0x00000232bd5e78af sp=0x0000005df48fc010 mode 2
Event: 10.780 Thread 0x00000232d4b74000 Uncommon trap: trap_request=0xffffff4d fr.pc=0x00000232c50d9610 relative=0x0000000000000350
Event: 10.780 Thread 0x00000232d4b74000 Uncommon trap: reason=unstable_if action=reinterpret pc=0x00000232c50d9610 method=java.util.HashMap.getNode(ILjava/lang/Object;)Ljava/util/HashMap$Node; @ 129 c2
Event: 10.780 Thread 0x00000232d4b74000 DEOPT PACKING pc=0x00000232c50d9610 sp=0x0000005df48fc060
Event: 10.780 Thread 0x00000232d4b74000 DEOPT UNPACKING pc=0x00000232bd5e78af sp=0x0000005df48fbff8 mode 2
Event: 10.795 Thread 0x00000232d4b74000 Uncommon trap: trap_request=0xffffff4d fr.pc=0x00000232c50e7074 relative=0x0000000000000b54
Event: 10.795 Thread 0x00000232d4b74000 Uncommon trap: reason=unstable_if action=reinterpret pc=0x00000232c50e7074 method=java.util.Properties$LineReader.readLine()I @ 249 c2
Event: 10.795 Thread 0x00000232d4b74000 DEOPT PACKING pc=0x00000232c50e7074 sp=0x0000005df48fc070
Event: 10.795 Thread 0x00000232d4b74000 DEOPT UNPACKING pc=0x00000232bd5e78af sp=0x0000005df48fc010 mode 2

Classes redefined (0 events):
No events

Internal exceptions (20 events):
Event: 8.811 Thread 0x00000232d55a5800 Exception <a 'java/lang/NoSuchMethodError'{0x00000000839a1ea0}: <clinit>> (0x00000000839a1ea0) thrown at [./src/hotspot/share/prims/jni.cpp, line 1362]
Event: 8.826 Thread 0x00000232d55a5800 Exception <a 'java/lang/NoSuchMethodError'{0x00000000839d1d58}: <clinit>> (0x00000000839d1d58) thrown at [./src/hotspot/share/prims/jni.cpp, line 1362]
Event: 8.837 Thread 0x00000232d55a5800 Exception <a 'java/lang/NoSuchMethodError'{0x00000000839fa9d8}: <clinit>> (0x00000000839fa9d8) thrown at [./src/hotspot/share/prims/jni.cpp, line 1362]
Event: 9.151 Thread 0x00000232d4b74000 Exception <a 'java/lang/NoSuchMethodError'{0x00000000836dc370}: 'void java.lang.invoke.DirectMethodHandle$Holder.invokeVirtual(java.lang.Object, java.lang.Object, java.lang.Object, java.lang.Object)'> (0x00000000836dc370) thrown at [./src/hotspot/share/interpreter/linkResolver.cpp, line 773]
Event: 9.155 Thread 0x00000232d4b74000 Exception <a 'java/lang/NoSuchMethodError'{0x00000000836e8dd8}: 'void java.lang.invoke.DelegatingMethodHandle$Holder.reinvoke_L(java.lang.Object, java.lang.Object, java.lang.Object, java.lang.Object)'> (0x00000000836e8dd8) thrown at [./src/hotspot/share/interpreter/linkResolver.cpp, line 773]
Event: 9.172 Thread 0x00000232d4b74000 Exception <a 'java/lang/NoSuchMethodError'{0x0000000083519cc8}: 'long java.lang.invoke.DirectMethodHandle$Holder.invokeInterface(java.lang.Object, java.lang.Object)'> (0x0000000083519cc8) thrown at [./src/hotspot/share/interpreter/linkResolver.cpp, line 773]
Event: 9.178 Thread 0x00000232d4b74000 Exception <a 'java/lang/NoSuchMethodError'{0x000000008353cab8}: 'void java.lang.invoke.DelegatingMethodHandle$Holder.reinvoke_L(java.lang.Object, java.lang.Object, java.lang.Object, java.lang.Object, java.lang.Object, java.lang.Object, java.lang.Object)'> (0x000000008353cab8) thrown at [./src/hotspot/share/interpreter/linkResolver.cpp, line 773]
Event: 9.746 Thread 0x00000232d4b74000 Exception <a 'java/lang/NoSuchMethodError'{0x0000000082560d08}: 'java.lang.Object java.lang.invoke.DirectMethodHandle$Holder.invokeVirtual(java.lang.Object, java.lang.Object, java.lang.Object)'> (0x0000000082560d08) thrown at [./src/hotspot/share/interpreter/linkResolver.cpp, line 773]
Event: 9.844 Thread 0x00000232d4b74000 Exception <a 'java/lang/NoSuchMethodError'{0x0000000083c35c38}: 'void java.lang.invoke.DirectMethodHandle$Holder.invokeInterface(java.lang.Object, java.lang.Object)'> (0x0000000083c35c38) thrown at [./src/hotspot/share/interpreter/linkResolver.cpp, line 773]
Event: 9.844 Thread 0x00000232d4b74000 Exception <a 'java/lang/IncompatibleClassChangeError'{0x0000000083c38de8}: Found class java.lang.Object, but interface was expected> (0x0000000083c38de8) thrown at [./src/hotspot/share/interpreter/linkResolver.cpp, line 839]
Event: 9.965 Thread 0x00000232d4b74000 Exception <a 'java/lang/NoSuchMethodError'{0x0000000083baeb10}: 'void java.lang.invoke.DirectMethodHandle$Holder.invokeStaticInit(java.lang.Object)'> (0x0000000083baeb10) thrown at [./src/hotspot/share/interpreter/linkResolver.cpp, line 773]
Event: 10.259 Thread 0x00000232d4b74000 Exception <a 'java/lang/NoSuchMethodError'{0x000000008381b900}: 'java.lang.Object java.lang.invoke.DirectMethodHandle$Holder.invokeStatic(java.lang.Object, java.lang.Object, java.lang.Object, int)'> (0x000000008381b900) thrown at [./src/hotspot/share/interpreter/linkResolver.cpp, line 773]
Event: 10.260 Thread 0x00000232d4b74000 Exception <a 'java/lang/NoSuchMethodError'{0x000000008381fac8}: 'java.lang.Object java.lang.invoke.DirectMethodHandle$Holder.invokeSpecial(java.lang.Object, java.lang.Object, java.lang.Object, java.lang.Object, int)'> (0x000000008381fac8) thrown at [./src/hotspot/share/interpreter/linkResolver.cpp, line 773]
Event: 10.260 Thread 0x00000232d4b74000 Exception <a 'java/lang/NoSuchMethodError'{0x00000000838234b0}: 'java.lang.Object java.lang.invoke.Invokers$Holder.linkToTargetMethod(java.lang.Object, java.lang.Object, int, java.lang.Object)'> (0x00000000838234b0) thrown at [./src/hotspot/share/interpreter/linkResolver.cpp, line 773]
Event: 10.645 Thread 0x00000232d4b74000 Exception <a 'java/lang/NoSuchMethodError'{0x0000000083fca8d8}: 'int java.lang.invoke.DirectMethodHandle$Holder.invokeSpecialIFC(java.lang.Object, java.lang.Object, java.lang.Object, java.lang.Object)'> (0x0000000083fca8d8) thrown at [./src/hotspot/share/interpreter/linkResolver.cpp, line 773]
Event: 10.654 Thread 0x00000232d4b74000 Exception <a 'java/lang/NoSuchMethodError'{0x0000000083fd8698}: 'java.lang.Object java.lang.invoke.DirectMethodHandle$Holder.invokeInterface(java.lang.Object, java.lang.Object, java.lang.Object)'> (0x0000000083fd8698) thrown at [./src/hotspot/share/interpreter/linkResolver.cpp, line 773]
Event: 10.655 Thread 0x00000232d4b74000 Exception <a 'java/lang/IncompatibleClassChangeError'{0x0000000083fdbba0}: Found class java.lang.Object, but interface was expected> (0x0000000083fdbba0) thrown at [./src/hotspot/share/interpreter/linkResolver.cpp, line 839]
Event: 10.674 Thread 0x00000232d4b74000 Exception <a 'java/lang/NoSuchMethodError'{0x0000000083e922c0}: 'void java.lang.invoke.DirectMethodHandle$Holder.invokeStatic(java.lang.Object, java.lang.Object, java.lang.Object, java.lang.Object, java.lang.Object)'> (0x0000000083e922c0) thrown at [./src/hotspot/share/interpreter/linkResolver.cpp, line 773]
Event: 10.853 Thread 0x00000232d4b74000 Exception <a 'java/lang/NoSuchMethodError'{0x00000000839204a0}: 'void java.lang.invoke.DirectMethodHandle$Holder.invokeSpecial(java.lang.Object, java.lang.Object)'> (0x00000000839204a0) thrown at [./src/hotspot/share/interpreter/linkResolver.cpp, line 773]
Event: 10.978 Thread 0x00000232d4b74000 Exception <a 'java/lang/NoSuchMethodError'{0x0000000083754920}: 'java.lang.Object java.lang.invoke.DirectMethodHandle$Holder.invokeSpecial(java.lang.Object, java.lang.Object, java.lang.Object, java.lang.Object, java.lang.Object, java.lang.Object, java.lang.Object, java.lang.Object, java.lang.Object)'> (0x0000000083754920) thrown at [./src/hotspot/share/interpreter/linkResolver.cpp, line 773]

Events (20 events):
Event: 11.209 loading class org/gradle/internal/resource/cached/DefaultExternalResourceFileStore$Factory
Event: 11.209 loading class org/gradle/internal/resource/cached/DefaultExternalResourceFileStore$Factory done
Event: 11.212 loading class org/gradle/internal/resource/local/LocallyAvailableResourceFinder
Event: 11.212 loading class org/gradle/internal/resource/local/LocallyAvailableResourceFinder done
Event: 11.212 loading class org/gradle/api/internal/artifacts/ivyservice/resolveengine/excludes/ModuleExclusions
Event: 11.212 loading class org/gradle/api/internal/artifacts/ivyservice/resolveengine/excludes/ModuleExclusions done
Event: 11.214 loading class org/gradle/internal/resource/TextUriResourceLoader$Factory
Event: 11.214 loading class org/gradle/internal/resource/TextUriResourceLoader$Factory done
Event: 11.214 loading class org/gradle/api/internal/artifacts/ivyservice/ivyresolve/strategy/VersionParser
Event: 11.214 loading class org/gradle/api/internal/artifacts/ivyservice/ivyresolve/strategy/VersionParser done
Event: 11.217 loading class org/gradle/api/internal/artifacts/ivyservice/ivyresolve/ResolveIvyFactory
Event: 11.217 loading class org/gradle/api/internal/artifacts/ivyservice/ivyresolve/ResolveIvyFactory done
Event: 11.223 loading class org/gradle/api/internal/runtimeshaded/RuntimeShadedJarFactory
Event: 11.223 loading class org/gradle/api/internal/runtimeshaded/RuntimeShadedJarFactory done
Event: 11.225 loading class org/gradle/api/internal/artifacts/ivyservice/projectmodule/ProjectDependencyResolver
Event: 11.225 loading class org/gradle/api/internal/artifacts/ivyservice/projectmodule/ProjectDependencyResolver done
Event: 11.229 loading class org/gradle/internal/resolve/resolver/ComponentMetaDataResolver
Event: 11.229 loading class org/gradle/internal/resolve/resolver/ComponentMetaDataResolver done
Event: 11.232 loading class org/gradle/internal/resolve/resolver/DependencyToComponentIdResolver
Event: 11.232 loading class org/gradle/internal/resolve/resolver/DependencyToComponentIdResolver done


Dynamic libraries:
0x00007ff683960000 - 0x00007ff68396a000 	C:\Program Files\Android\Android Studio\jre\bin\java.exe
0x00007ffea7770000 - 0x00007ffea7965000 	C:\WINDOWS\SYSTEM32\ntdll.dll
0x00007ffea5950000 - 0x00007ffea5a0e000 	C:\WINDOWS\System32\KERNEL32.DLL
0x00007ffea5380000 - 0x00007ffea5649000 	C:\WINDOWS\System32\KERNELBASE.dll
0x00007ffea4f70000 - 0x00007ffea5070000 	C:\WINDOWS\System32\ucrtbase.dll
0x00007ffe9d2b0000 - 0x00007ffe9d2c9000 	C:\Program Files\Android\Android Studio\jre\bin\jli.dll
0x00007ffea6500000 - 0x00007ffea66a1000 	C:\WINDOWS\System32\USER32.dll
0x00007ffea51d0000 - 0x00007ffea51f2000 	C:\WINDOWS\System32\win32u.dll
0x00007ffea5a10000 - 0x00007ffea5a3b000 	C:\WINDOWS\System32\GDI32.dll
0x00007ffea56b0000 - 0x00007ffea57bb000 	C:\WINDOWS\System32\gdi32full.dll
0x00007ffea5250000 - 0x00007ffea52ed000 	C:\WINDOWS\System32\msvcp_win.dll
0x00007ffea4340000 - 0x00007ffea4357000 	C:\Program Files\Android\Android Studio\jre\bin\VCRUNTIME140.dll
0x00007ffe97ad0000 - 0x00007ffe97d6a000 	C:\WINDOWS\WinSxS\amd64_microsoft.windows.common-controls_6595b64144ccf1df_6.0.19041.1110_none_60b5254171f9507e\COMCTL32.dll
0x00007ffea6ec0000 - 0x00007ffea6f5e000 	C:\WINDOWS\System32\msvcrt.dll
0x00007ffea6960000 - 0x00007ffea6990000 	C:\WINDOWS\System32\IMM32.DLL
0x00007ffe973b0000 - 0x00007ffe9744d000 	C:\Program Files\Android\Android Studio\jre\bin\msvcp140.dll
0x00007ffe69e80000 - 0x00007ffe6a94f000 	C:\Program Files\Android\Android Studio\jre\bin\server\jvm.dll
0x00007ffea6e10000 - 0x00007ffea6ebc000 	C:\WINDOWS\System32\ADVAPI32.dll
0x00007ffea72d0000 - 0x00007ffea736b000 	C:\WINDOWS\System32\sechost.dll
0x00007ffea73d0000 - 0x00007ffea74fa000 	C:\WINDOWS\System32\RPCRT4.dll
0x00007ffea6950000 - 0x00007ffea6958000 	C:\WINDOWS\System32\PSAPI.DLL
0x00007ffea4840000 - 0x00007ffea4849000 	C:\WINDOWS\SYSTEM32\WSOCK32.dll
0x00007ffea6310000 - 0x00007ffea637b000 	C:\WINDOWS\System32\WS2_32.dll
0x00007ffea4500000 - 0x00007ffea4527000 	C:\WINDOWS\SYSTEM32\WINMM.dll
0x00007ffea1c20000 - 0x00007ffea1c2a000 	C:\WINDOWS\SYSTEM32\VERSION.dll
0x00007ffea1fb0000 - 0x00007ffea1fc2000 	C:\WINDOWS\SYSTEM32\kernel.appcore.dll
0x00007ffea4470000 - 0x00007ffea4481000 	C:\Program Files\Android\Android Studio\jre\bin\verify.dll
0x00007ffea48b0000 - 0x00007ffea4a94000 	C:\WINDOWS\SYSTEM32\DBGHELP.DLL
0x00007ffea4800000 - 0x00007ffea482c000 	C:\WINDOWS\SYSTEM32\dbgcore.DLL
0x00007ffea52f0000 - 0x00007ffea5373000 	C:\WINDOWS\System32\bcryptPrimitives.dll
0x00007ffea30c0000 - 0x00007ffea30e9000 	C:\Program Files\Android\Android Studio\jre\bin\java.dll
0x00007ffea4460000 - 0x00007ffea446b000 	C:\Program Files\Android\Android Studio\jre\bin\jimage.dll
0x00007ffea0000000 - 0x00007ffea0018000 	C:\Program Files\Android\Android Studio\jre\bin\zip.dll
0x00007ffea5af0000 - 0x00007ffea622f000 	C:\WINDOWS\System32\SHELL32.dll
0x00007ffea21b0000 - 0x00007ffea2940000 	C:\WINDOWS\SYSTEM32\windows.storage.dll
0x00007ffea6f60000 - 0x00007ffea72b5000 	C:\WINDOWS\System32\combase.dll
0x00007ffea41f0000 - 0x00007ffea421c000 	C:\WINDOWS\SYSTEM32\Wldp.dll
0x00007ffea5a40000 - 0x00007ffea5aed000 	C:\WINDOWS\System32\SHCORE.dll
0x00007ffea7370000 - 0x00007ffea73c5000 	C:\WINDOWS\System32\shlwapi.dll
0x00007ffea4dd0000 - 0x00007ffea4def000 	C:\WINDOWS\SYSTEM32\profapi.dll
0x00007ffe9de10000 - 0x00007ffe9de2a000 	C:\Program Files\Android\Android Studio\jre\bin\net.dll
0x00007ffe99ce0000 - 0x00007ffe99de8000 	C:\WINDOWS\SYSTEM32\WINHTTP.dll
0x00007ffea40c0000 - 0x00007ffea412a000 	C:\WINDOWS\system32\mswsock.dll
0x00007ffe9d1b0000 - 0x00007ffe9d1c4000 	C:\Program Files\Android\Android Studio\jre\bin\nio.dll
0x00007ffe8baa0000 - 0x00007ffe8bac7000 	C:\Users\MinhNgan\.gradle\native\8bec1ad78214c89d9ad589b4d07fe93259594b29d510b10fafb7a158f7737e5d\windows-amd64\native-platform.dll
0x00007ffe80360000 - 0x00007ffe8049d000 	C:\Users\MinhNgan\.gradle\native\53dbd7edfb1c66fb8903c78663c9afc45aea4f116125fa6feffd364cf09443e8\windows-amd64\native-platform-file-events.dll
0x00007ffea4370000 - 0x00007ffea437a000 	C:\Program Files\Android\Android Studio\jre\bin\management.dll
0x00007ffea30a0000 - 0x00007ffea30ac000 	C:\Program Files\Android\Android Studio\jre\bin\management_ext.dll
0x00007ffea4c10000 - 0x00007ffea4c28000 	C:\WINDOWS\SYSTEM32\CRYPTSP.dll
0x00007ffea38f0000 - 0x00007ffea3924000 	C:\WINDOWS\system32\rsaenh.dll
0x00007ffea4e90000 - 0x00007ffea4eb7000 	C:\WINDOWS\System32\bcrypt.dll
0x00007ffea4d90000 - 0x00007ffea4dbe000 	C:\WINDOWS\SYSTEM32\USERENV.dll
0x00007ffea41b0000 - 0x00007ffea41bc000 	C:\WINDOWS\SYSTEM32\CRYPTBASE.dll
0x00007ffea3c40000 - 0x00007ffea3c7b000 	C:\WINDOWS\SYSTEM32\IPHLPAPI.DLL
0x00007ffea72c0000 - 0x00007ffea72c8000 	C:\WINDOWS\System32\NSI.dll
0x00007ffe9a140000 - 0x00007ffe9a157000 	C:\WINDOWS\SYSTEM32\dhcpcsvc6.DLL
0x00007ffe9a460000 - 0x00007ffe9a47d000 	C:\WINDOWS\SYSTEM32\dhcpcsvc.DLL
0x00007ffea3c80000 - 0x00007ffea3d4c000 	C:\WINDOWS\SYSTEM32\DNSAPI.dll

dbghelp: loaded successfully - version: 4.0.5 - missing functions: none
symbol engine: initialized successfully - sym options: 0x614 - pdb path: .;C:\Program Files\Android\Android Studio\jre\bin;C:\WINDOWS\SYSTEM32;C:\WINDOWS\WinSxS\amd64_microsoft.windows.common-controls_6595b64144ccf1df_6.0.19041.1110_none_60b5254171f9507e;C:\Program Files\Android\Android Studio\jre\bin\server;C:\Users\MinhNgan\.gradle\native\8bec1ad78214c89d9ad589b4d07fe93259594b29d510b10fafb7a158f7737e5d\windows-amd64;C:\Users\MinhNgan\.gradle\native\53dbd7edfb1c66fb8903c78663c9afc45aea4f116125fa6feffd364cf09443e8\windows-amd64

VM Arguments:
jvm_args: --add-opens=java.base/java.util=ALL-UNNAMED --add-opens=java.base/java.lang=ALL-UNNAMED --add-opens=java.base/java.lang.invoke=ALL-UNNAMED --add-opens=java.base/java.util=ALL-UNNAMED --add-opens=java.prefs/java.util.prefs=ALL-UNNAMED --add-opens=java.prefs/java.util.prefs=ALL-UNNAMED --add-opens=java.base/java.nio.charset=ALL-UNNAMED --add-opens=java.base/java.net=ALL-UNNAMED --add-opens=java.base/java.util.concurrent.atomic=ALL-UNNAMED -Xmx2048m -Dfile.encoding=UTF-8 -Duser.country=US -Duser.language=en -Duser.variant 
java_command: org.gradle.launcher.daemon.bootstrap.GradleDaemon 7.0.2
java_class_path (initial): C:\Users\MinhNgan\.gradle\wrapper\dists\gradle-7.0.2-bin\857tjihv64xamwrf0h14cai3r\gradle-7.0.2\lib\gradle-launcher-7.0.2.jar
Launcher Type: SUN_STANDARD

[Global flags]
     intx CICompilerCount                          = 3                                         {product} {ergonomic}
     uint ConcGCThreads                            = 1                                         {product} {ergonomic}
     uint G1ConcRefinementThreads                  = 4                                         {product} {ergonomic}
   size_t G1HeapRegionSize                         = 1048576                                   {product} {ergonomic}
    uintx GCDrainStackTargetSize                   = 64                                        {product} {ergonomic}
   size_t InitialHeapSize                          = 67108864                                  {product} {ergonomic}
   size_t MarkStackSize                            = 4194304                                   {product} {ergonomic}
   size_t MaxHeapSize                              = 2147483648                                {product} {command line}
   size_t MaxNewSize                               = 1287651328                                {product} {ergonomic}
   size_t MinHeapDeltaBytes                        = 1048576                                   {product} {ergonomic}
    uintx NonNMethodCodeHeapSize                   = 5830732                                {pd product} {ergonomic}
    uintx NonProfiledCodeHeapSize                  = 122913754                              {pd product} {ergonomic}
    uintx ProfiledCodeHeapSize                     = 122913754                              {pd product} {ergonomic}
    uintx ReservedCodeCacheSize                    = 251658240                              {pd product} {ergonomic}
     bool SegmentedCodeCache                       = true                                      {product} {ergonomic}
     bool UseCompressedClassPointers               = true                                 {lp64_product} {ergonomic}
     bool UseCompressedOops                        = true                                 {lp64_product} {ergonomic}
     bool UseG1GC                                  = true                                      {product} {ergonomic}
     bool UseLargePagesIndividualAllocation        = false                                  {pd product} {ergonomic}

Logging:
Log output configuration:
 #0: stdout all=warning uptime,level,tags
 #1: stderr all=off uptime,level,tags

Environment Variables:
PATH=C:\Program Files\Common Files\Oracle\Java\javapath;C:\WINDOWS\system32;C:\WINDOWS;C:\WINDOWS\System32\Wbem;C:\WINDOWS\System32\WindowsPowerShell\v1.0\;C:\WINDOWS\System32\OpenSSH\;C:\Program Files\dotnet\;C:\Program Files\Microsoft SQL Server\130\Tools\Binn\;C:\Program Files\Microsoft SQL Server\Client SDK\ODBC\170\Tools\Binn\;C:\Program Files (x86)\dotnet\;C:\Program Files\Git\cmd;C:\Users\MinhNgan\AppData\Local\Microsoft\WindowsApps
USERNAME=MinhNgan
OS=Windows_NT
PROCESSOR_IDENTIFIER=Intel64 Family 6 Model 69 Stepping 1, GenuineIntel



---------------  S Y S T E M  ---------------

OS: Windows 10 , 64 bit Build 19041 (10.0.19041.1202)
OS uptime: 0 days 8:08 hours

CPU:total 4 (initial active 4) (2 cores per cpu, 2 threads per core) family 6 model 69 stepping 1 microcode 0x25, cmov, cx8, fxsr, mmx, sse, sse2, sse3, ssse3, sse4.1, sse4.2, popcnt, avx, avx2, aes, clmul, erms, lzcnt, ht, tsc, tscinvbit, bmi1, bmi2, fma

Memory: 4k page, system-wide physical 3979M (151M free)
TotalPageFile size 6979M (AvailPageFile size 5M)
current process WorkingSet (physical memory assigned to process): 143M, peak: 144M
current process commit charge ("private bytes"): 186M, peak: 187M

vm_info: OpenJDK 64-Bit Server VM (11.0.10+0-b96-7249189) for windows-amd64 JRE (11.0.10+0-b96-7249189), built on Mar 31 2021 21:44:00 by "builder" with MS VC++ 14.0 (VS2015)

END.
