#
# There is insufficient memory for the Java Runtime Environment to continue.
# Native memory allocation (mmap) failed to map 68157440 bytes for Failed to commit area from 0x0000000088d00000 to 0x000000008ce00000 of length 68157440.
# Possible reasons:
#   The system is out of physical RAM or swap space
#   The process is running with CompressedOops enabled, and the Java Heap may be blocking the growth of the native heap
# Possible solutions:
#   Reduce memory load on the system
#   Increase physical memory or swap space
#   Check if swap backing store is full
#   Decrease Java heap size (-Xmx/-Xms)
#   Decrease number of Java threads
#   Decrease Java thread stack sizes (-Xss)
#   Set larger code cache with -XX:ReservedCodeCacheSize=
#   JVM is running with Unscaled Compressed Oops mode in which the Java heap is
#     placed in the first 4GB address space. The Java Heap base address is the
#     maximum limit for the native heap growth. Please use -XX:HeapBaseMinAddress
#     to set the Java Heap base and to place the Java Heap above 4GB virtual address.
# This output file may be truncated or incomplete.
#
#  Out of Memory Error (./src/hotspot/os/windows/os_windows.cpp:3301), pid=1996, tid=10840
#
# JRE version: OpenJDK Runtime Environment (11.0.10) (build 11.0.10+0-b96-7249189)
# Java VM: OpenJDK 64-Bit Server VM (11.0.10+0-b96-7249189, mixed mode, tiered, compressed oops, g1 gc, windows-amd64)
# No core dump will be written. Minidumps are not enabled by default on client versions of Windows
#

---------------  S U M M A R Y ------------

Command Line: --add-opens=java.base/java.util=ALL-UNNAMED --add-opens=java.base/java.lang=ALL-UNNAMED --add-opens=java.base/java.lang.invoke=ALL-UNNAMED --add-opens=java.base/java.util=ALL-UNNAMED --add-opens=java.prefs/java.util.prefs=ALL-UNNAMED --add-opens=java.prefs/java.util.prefs=ALL-UNNAMED --add-opens=java.base/java.nio.charset=ALL-UNNAMED --add-opens=java.base/java.net=ALL-UNNAMED --add-opens=java.base/java.util.concurrent.atomic=ALL-UNNAMED -Xmx2048m -Dfile.encoding=UTF-8 -Duser.country=US -Duser.language=en -Duser.variant org.gradle.launcher.daemon.bootstrap.GradleDaemon 7.0.2

Host: Intel(R) Core(TM) i5-4210U CPU @ 1.70GHz, 4 cores, 3G,  Windows 10 , 64 bit Build 19041 (10.0.19041.1202)
Time: Wed Nov 10 15:05:19 2021 SE Asia Standard Time elapsed time: 28.249402 seconds (0d 0h 0m 28s)

---------------  T H R E A D  ---------------

Current thread (0x000001f1f4cff800):  VMThread "VM Thread" [stack: 0x000000a95af00000,0x000000a95b000000] [id=10840]

Stack: [0x000000a95af00000,0x000000a95b000000]
[error occurred during error reporting (printing stack bounds), id 0xc0000005, EXCEPTION_ACCESS_VIOLATION (0xc0000005) at pc=0x000001f1de4d0f2d]

Native frames: (J=compiled Java code, j=interpreted, Vv=VM code, C=native code)
V  [jvm.dll+0x5ecfaa]
V  [jvm.dll+0x722bd5]
V  [jvm.dll+0x72412d]
V  [jvm.dll+0x724745]
V  [jvm.dll+0x7246fb]
V  [jvm.dll+0x5ec348]
V  [jvm.dll+0x5ecad8]
C  [ntdll.dll+0xa20cf]
C  [ntdll.dll+0x51454]
C  [ntdll.dll+0xa0bfe]
C  0x000001f1de4d0f2d

VM_Operation (0x000000a95e0f97d0): G1CollectForAllocation, mode: safepoint, requested by thread 0x000001f1fba42800


---------------  P R O C E S S  ---------------

Threads class SMR info:
_java_thread_list=0x000001f1f9dbed30, length=47, elements={
0x000001f1da9cc000, 0x000001f1f4d09000, 0x000001f1f4d0a800, 0x000001f1f4d61800,
0x000001f1f4d63800, 0x000001f1f4d66800, 0x000001f1f4d6c000, 0x000001f1f4d7e800,
0x000001f1f4d80000, 0x000001f1f5803000, 0x000001f1f7137800, 0x000001f1f7914800,
0x000001f1f6e21000, 0x000001f1f6fcd000, 0x000001f1f6fce000, 0x000001f1f71e1800,
0x000001f1f6ae7000, 0x000001f1f7127000, 0x000001f1f7128800, 0x000001f1f7126000,
0x000001f1f7124800, 0x000001f1f7125000, 0x000001f1f7127800, 0x000001f1f7129800,
0x000001f1f7123800, 0x000001f1f712a000, 0x000001f1f67df800, 0x000001f1f67e0000,
0x000001f1f67dd000, 0x000001f1f67dc000, 0x000001f1f67de800, 0x000001f1f67e3800,
0x000001f1f67e4000, 0x000001f1f67e5000, 0x000001f1f67e1000, 0x000001f1f67e9000,
0x000001f1f67e6000, 0x000001f1f67e7800, 0x000001f1f67e8800, 0x000001f1f67ea000,
0x000001f1f67ea800, 0x000001f1fba48000, 0x000001f1fba46800, 0x000001f1fba45800,
0x000001f1fba47000, 0x000001f1fba42800, 0x000001f1fba49000
}

Java Threads: ( => current thread )
  0x000001f1da9cc000 JavaThread "main" [_thread_blocked, id=3448, stack(0x000000a95a900000,0x000000a95aa00000)]
  0x000001f1f4d09000 JavaThread "Reference Handler" daemon [_thread_blocked, id=8612, stack(0x000000a95b000000,0x000000a95b100000)]
  0x000001f1f4d0a800 JavaThread "Finalizer" daemon [_thread_blocked, id=1704, stack(0x000000a95b100000,0x000000a95b200000)]
  0x000001f1f4d61800 JavaThread "Signal Dispatcher" daemon [_thread_blocked, id=6252, stack(0x000000a95b200000,0x000000a95b300000)]
  0x000001f1f4d63800 JavaThread "Attach Listener" daemon [_thread_blocked, id=2848, stack(0x000000a95b300000,0x000000a95b400000)]
  0x000001f1f4d66800 JavaThread "Service Thread" daemon [_thread_blocked, id=5400, stack(0x000000a95b400000,0x000000a95b500000)]
  0x000001f1f4d6c000 JavaThread "C2 CompilerThread0" daemon [_thread_blocked, id=10964, stack(0x000000a95b500000,0x000000a95b600000)]
  0x000001f1f4d7e800 JavaThread "C1 CompilerThread0" daemon [_thread_blocked, id=10020, stack(0x000000a95b600000,0x000000a95b700000)]
  0x000001f1f4d80000 JavaThread "Sweeper thread" daemon [_thread_blocked, id=8344, stack(0x000000a95b700000,0x000000a95b800000)]
  0x000001f1f5803000 JavaThread "Common-Cleaner" daemon [_thread_blocked, id=6624, stack(0x000000a95b800000,0x000000a95b900000)]
  0x000001f1f7137800 JavaThread "Daemon health stats" [_thread_blocked, id=9788, stack(0x000000a95bb00000,0x000000a95bc00000)]
  0x000001f1f7914800 JavaThread "Incoming local TCP Connector on port 52939" [_thread_in_native, id=11104, stack(0x000000a95bc00000,0x000000a95bd00000)]
  0x000001f1f6e21000 JavaThread "Daemon periodic checks" [_thread_blocked, id=5904, stack(0x000000a95bd00000,0x000000a95be00000)]
  0x000001f1f6fcd000 JavaThread "Daemon" [_thread_blocked, id=7388, stack(0x000000a95be00000,0x000000a95bf00000)]
  0x000001f1f6fce000 JavaThread "Handler for socket connection from /127.0.0.1:52939 to /127.0.0.1:52940" [_thread_in_native, id=1944, stack(0x000000a95bf00000,0x000000a95c000000)]
  0x000001f1f71e1800 JavaThread "Cancel handler" [_thread_blocked, id=5932, stack(0x000000a95c000000,0x000000a95c100000)]
  0x000001f1f6ae7000 JavaThread "Daemon worker" [_thread_blocked, id=5688, stack(0x000000a95c100000,0x000000a95c200000)]
  0x000001f1f7127000 JavaThread "Asynchronous log dispatcher for DefaultDaemonConnection: socket connection from /127.0.0.1:52939 to /127.0.0.1:52940" [_thread_blocked, id=7484, stack(0x000000a95c200000,0x000000a95c300000)]
  0x000001f1f7128800 JavaThread "Stdin handler" [_thread_blocked, id=2620, stack(0x000000a95c300000,0x000000a95c400000)]
  0x000001f1f7126000 JavaThread "Daemon client event forwarder" [_thread_blocked, id=6792, stack(0x000000a95c400000,0x000000a95c500000)]
  0x000001f1f7124800 JavaThread "Cache worker for file hash cache (C:\Program Files\Java\jdk-17.0.1\caches\7.0.2\fileHashes)" [_thread_blocked, id=1612, stack(0x000000a95c700000,0x000000a95c800000)]
  0x000001f1f7125000 JavaThread "File lock request listener" [_thread_in_native, id=8304, stack(0x000000a95c800000,0x000000a95c900000)]
  0x000001f1f7127800 JavaThread "Cache worker for journal cache (C:\Program Files\Java\jdk-17.0.1\caches\journal-1)" [_thread_blocked, id=8512, stack(0x000000a95c900000,0x000000a95ca00000)]
  0x000001f1f7129800 JavaThread "Cache worker for file hash cache (C:\Users\MinhNgan\AndroidStudioProjects\Android_hepat\.gradle\7.0.2\fileHashes)" [_thread_blocked, id=8180, stack(0x000000a95ca00000,0x000000a95cb00000)]
  0x000001f1f7123800 JavaThread "File watcher server" daemon [_thread_blocked, id=8996, stack(0x000000a95cb00000,0x000000a95cc00000)]
  0x000001f1f712a000 JavaThread "File watcher consumer" daemon [_thread_blocked, id=5804, stack(0x000000a95cc00000,0x000000a95cd00000)]
  0x000001f1f67df800 JavaThread "Cache worker for checksums cache (C:\Users\MinhNgan\AndroidStudioProjects\Android_hepat\.gradle\checksums)" [_thread_blocked, id=7688, stack(0x000000a95cd00000,0x000000a95ce00000)]
  0x000001f1f67e0000 JavaThread "Cache worker for cache directory md-supplier (C:\Program Files\Java\jdk-17.0.1\caches\7.0.2\md-supplier)" [_thread_blocked, id=10296, stack(0x000000a95ce00000,0x000000a95cf00000)]
  0x000001f1f67dd000 JavaThread "Cache worker for cache directory md-rule (C:\Program Files\Java\jdk-17.0.1\caches\7.0.2\md-rule)" [_thread_blocked, id=10336, stack(0x000000a95cf00000,0x000000a95d000000)]
  0x000001f1f67dc000 JavaThread "Cache worker for execution history cache (C:\Program Files\Java\jdk-17.0.1\caches\7.0.2\executionHistory)" [_thread_blocked, id=4828, stack(0x000000a95d000000,0x000000a95d100000)]
  0x000001f1f67de800 JavaThread "jar transforms" [_thread_blocked, id=4268, stack(0x000000a95d100000,0x000000a95d200000)]
  0x000001f1f67e3800 JavaThread "jar transforms Thread 2" [_thread_blocked, id=1288, stack(0x000000a95d200000,0x000000a95d300000)]
  0x000001f1f67e4000 JavaThread "Cache worker for file content cache (C:\Program Files\Java\jdk-17.0.1\caches\7.0.2\fileContent)" [_thread_blocked, id=8552, stack(0x000000a95d300000,0x000000a95d400000)]
  0x000001f1f67e5000 JavaThread "Cache worker for dependencies-accessors (C:\Users\MinhNgan\AndroidStudioProjects\Android_hepat\.gradle\7.0.2\dependencies-accessors)" [_thread_blocked, id=3584, stack(0x000000a95d400000,0x000000a95d500000)]
  0x000001f1f67e1000 JavaThread "jar transforms Thread 3" [_thread_blocked, id=5584, stack(0x000000a95d500000,0x000000a95d600000)]
  0x000001f1f67e9000 JavaThread "Cache worker for Build Output Cleanup Cache (C:\Users\MinhNgan\AndroidStudioProjects\Android_hepat\.gradle\buildOutputCleanup)" [_thread_blocked, id=3420, stack(0x000000a95d600000,0x000000a95d700000)]
  0x000001f1f67e6000 JavaThread "Build operations" [_thread_blocked, id=9712, stack(0x000000a95d700000,0x000000a95d800000)]
  0x000001f1f67e7800 JavaThread "Build operations Thread 2" [_thread_blocked, id=6000, stack(0x000000a95d800000,0x000000a95d900000)]
  0x000001f1f67e8800 JavaThread "Build operations Thread 3" [_thread_blocked, id=11432, stack(0x000000a95d900000,0x000000a95da00000)]
  0x000001f1f67ea000 JavaThread "Build operations Thread 4" [_thread_blocked, id=9432, stack(0x000000a95da00000,0x000000a95db00000)]
  0x000001f1f67ea800 JavaThread "jar transforms Thread 4" [_thread_blocked, id=6480, stack(0x000000a95db00000,0x000000a95dc00000)]
  0x000001f1fba48000 JavaThread "Memory manager" [_thread_blocked, id=7988, stack(0x000000a95dc00000,0x000000a95dd00000)]
  0x000001f1fba46800 JavaThread "build event listener" [_thread_blocked, id=4780, stack(0x000000a95dd00000,0x000000a95de00000)]
  0x000001f1fba45800 JavaThread "Execution worker for ':'" [_thread_blocked, id=2232, stack(0x000000a95de00000,0x000000a95df00000)]
  0x000001f1fba47000 JavaThread "Execution worker for ':' Thread 2" [_thread_blocked, id=2912, stack(0x000000a95df00000,0x000000a95e000000)]
  0x000001f1fba42800 JavaThread "Execution worker for ':' Thread 3" [_thread_blocked, id=6528, stack(0x000000a95e000000,0x000000a95e100000)]
  0x000001f1fba49000 JavaThread "Cache worker for execution history cache (C:\Users\MinhNgan\AndroidStudioProjects\Android_hepat\.gradle\7.0.2\executionHistory)" [_thread_blocked, id=8684, stack(0x000000a95e100000,0x000000a95e200000)]

Other Threads:
=>0x000001f1f4cff800 VMThread "VM Thread" [stack: 0x000000a95af00000,0x000000a95b000000] [id=10840]
  0x000001f1f581c000 WatcherThread [stack: 0x000000a95b900000,0x000000a95ba00000] [id=9924]
  0x000001f1da9e2800 GCTaskThread "GC Thread#0" [stack: 0x000000a95aa00000,0x000000a95ab00000] [id=1844]
  0x000001f1f5c0d000 GCTaskThread "GC Thread#1" [stack: 0x000000a95ba00000,0x000000a95bb00000] [id=828]
  0x000001f1f6de7000 GCTaskThread "GC Thread#2" [stack: 0x000000a95c500000,0x000000a95c600000] [id=9364]
  0x000001f1f64d1000 GCTaskThread "GC Thread#3" [stack: 0x000000a95c600000,0x000000a95c700000] [id=8916]
  0x000001f1daa14000 ConcurrentGCThread "G1 Main Marker" [stack: 0x000000a95ab00000,0x000000a95ac00000] [id=8256]
  0x000001f1daa15000 ConcurrentGCThread "G1 Conc#0" [stack: 0x000000a95ac00000,0x000000a95ad00000] [id=7420]
  0x000001f1daa6d000 ConcurrentGCThread "G1 Refine#0" [stack: 0x000000a95ad00000,0x000000a95ae00000] [id=10528]
  0x000001f1daa6e800 ConcurrentGCThread "G1 Young RemSet Sampling" [stack: 0x000000a95ae00000,0x000000a95af00000] [id=3452]

Threads with active compile tasks:
C2 CompilerThread0  28272 9480       4       org.apache.xerces.dom.AttrImpl::getValue (176 bytes)

VM state:at safepoint (normal execution)

VM Mutex/Monitor currently owned by a thread:  ([mutex/lock_event])
[0x000001f1da9c8300] Threads_lock - owner thread: 0x000001f1f4cff800
[0x000001f1da9c7a00] Heap_lock - owner thread: 0x000001f1fba42800

Heap address: 0x0000000080000000, size: 2048 MB, Compressed Oops mode: 32-bit
Narrow klass base: 0x0000000000000000, Narrow klass shift: 3
Compressed class space size: 1073741824 Address: 0x0000000100000000

Heap:
 garbage-first heap   total 210944K, used 91136K [0x0000000080000000, 0x0000000100000000)
  region size 1024K, 5 young (5120K), 5 survivors (5120K)
 Metaspace       used 81310K, capacity 83391K, committed 83708K, reserved 1122304K
  class space    used 10544K, capacity 11305K, committed 11392K, reserved 1048576K
Heap Regions: E=young(eden), S=young(survivor), O=old, HS=humongous(starts), HC=humongous(continues), CS=collection set, F=free, A=archive, TAMS=top-at-mark-start (previous, next)
|   0|0x0000000080000000, 0x0000000080100000, 0x0000000080100000|100%|HS|  |TAMS 0x0000000080100000, 0x0000000080100000| Complete 
|   1|0x0000000080100000, 0x0000000080200000, 0x0000000080200000|100%|HC|  |TAMS 0x0000000080200000, 0x0000000080200000| Complete 
|   2|0x0000000080200000, 0x0000000080300000, 0x0000000080300000|100%|HC|  |TAMS 0x0000000080300000, 0x0000000080300000| Complete 
|   3|0x0000000080300000, 0x0000000080400000, 0x0000000080400000|100%| O|  |TAMS 0x0000000080400000, 0x0000000080400000| Untracked 
|   4|0x0000000080400000, 0x0000000080500000, 0x0000000080500000|100%| O|  |TAMS 0x0000000080500000, 0x0000000080500000| Untracked 
|   5|0x0000000080500000, 0x0000000080600000, 0x0000000080600000|100%| O|  |TAMS 0x0000000080600000, 0x0000000080600000| Untracked 
|   6|0x0000000080600000, 0x0000000080700000, 0x0000000080700000|100%| O|  |TAMS 0x0000000080700000, 0x0000000080700000| Untracked 
|   7|0x0000000080700000, 0x0000000080800000, 0x0000000080800000|100%| O|  |TAMS 0x0000000080800000, 0x0000000080800000| Untracked 
|   8|0x0000000080800000, 0x0000000080900000, 0x0000000080900000|100%| O|  |TAMS 0x0000000080900000, 0x0000000080900000| Untracked 
|   9|0x0000000080900000, 0x0000000080a00000, 0x0000000080a00000|100%| O|  |TAMS 0x0000000080a00000, 0x0000000080a00000| Untracked 
|  10|0x0000000080a00000, 0x0000000080b00000, 0x0000000080b00000|100%| O|  |TAMS 0x0000000080b00000, 0x0000000080b00000| Untracked 
|  11|0x0000000080b00000, 0x0000000080c00000, 0x0000000080c00000|100%| O|  |TAMS 0x0000000080c00000, 0x0000000080c00000| Untracked 
|  12|0x0000000080c00000, 0x0000000080d00000, 0x0000000080d00000|100%| O|  |TAMS 0x0000000080d00000, 0x0000000080d00000| Untracked 
|  13|0x0000000080d00000, 0x0000000080e00000, 0x0000000080e00000|100%| O|  |TAMS 0x0000000080e00000, 0x0000000080e00000| Untracked 
|  14|0x0000000080e00000, 0x0000000080f00000, 0x0000000080f00000|100%| O|  |TAMS 0x0000000080f00000, 0x0000000080f00000| Untracked 
|  15|0x0000000080f00000, 0x0000000081000000, 0x0000000081000000|100%| O|  |TAMS 0x0000000081000000, 0x0000000081000000| Untracked 
|  16|0x0000000081000000, 0x0000000081100000, 0x0000000081100000|100%| O|  |TAMS 0x0000000081100000, 0x0000000081100000| Untracked 
|  17|0x0000000081100000, 0x0000000081200000, 0x0000000081200000|100%| O|  |TAMS 0x0000000081200000, 0x0000000081200000| Untracked 
|  18|0x0000000081200000, 0x0000000081300000, 0x0000000081300000|100%| O|  |TAMS 0x0000000081300000, 0x0000000081300000| Untracked 
|  19|0x0000000081300000, 0x0000000081400000, 0x0000000081400000|100%| O|  |TAMS 0x0000000081400000, 0x0000000081400000| Untracked 
|  20|0x0000000081400000, 0x0000000081500000, 0x0000000081500000|100%| O|  |TAMS 0x0000000081500000, 0x0000000081500000| Untracked 
|  21|0x0000000081500000, 0x0000000081600000, 0x0000000081600000|100%| O|  |TAMS 0x0000000081600000, 0x0000000081600000| Untracked 
|  22|0x0000000081600000, 0x0000000081700000, 0x0000000081700000|100%| O|  |TAMS 0x0000000081700000, 0x0000000081700000| Untracked 
|  23|0x0000000081700000, 0x0000000081800000, 0x0000000081800000|100%| O|  |TAMS 0x0000000081800000, 0x0000000081800000| Untracked 
|  24|0x0000000081800000, 0x0000000081900000, 0x0000000081900000|100%| O|  |TAMS 0x0000000081900000, 0x0000000081900000| Untracked 
|  25|0x0000000081900000, 0x0000000081a00000, 0x0000000081a00000|100%| O|  |TAMS 0x0000000081a00000, 0x0000000081a00000| Untracked 
|  26|0x0000000081a00000, 0x0000000081b00000, 0x0000000081b00000|100%| O|  |TAMS 0x0000000081b00000, 0x0000000081b00000| Untracked 
|  27|0x0000000081b00000, 0x0000000081c00000, 0x0000000081c00000|100%|HS|  |TAMS 0x0000000081c00000, 0x0000000081c00000| Complete 
|  28|0x0000000081c00000, 0x0000000081d00000, 0x0000000081d00000|100%|HS|  |TAMS 0x0000000081d00000, 0x0000000081d00000| Complete 
|  29|0x0000000081d00000, 0x0000000081e00000, 0x0000000081e00000|100%| O|  |TAMS 0x0000000081e00000, 0x0000000081e00000| Untracked 
|  30|0x0000000081e00000, 0x0000000081f00000, 0x0000000081f00000|100%| O|  |TAMS 0x0000000081f00000, 0x0000000081f00000| Untracked 
|  31|0x0000000081f00000, 0x0000000082000000, 0x0000000082000000|100%| O|  |TAMS 0x0000000082000000, 0x0000000082000000| Untracked 
|  32|0x0000000082000000, 0x0000000082100000, 0x0000000082100000|100%| O|  |TAMS 0x0000000082100000, 0x0000000082100000| Untracked 
|  33|0x0000000082100000, 0x0000000082200000, 0x0000000082200000|100%|HS|  |TAMS 0x0000000082200000, 0x0000000082200000| Complete 
|  34|0x0000000082200000, 0x0000000082300000, 0x0000000082300000|100%|HC|  |TAMS 0x0000000082300000, 0x0000000082300000| Complete 
|  35|0x0000000082300000, 0x0000000082400000, 0x0000000082400000|100%| O|  |TAMS 0x0000000082400000, 0x0000000082400000| Untracked 
|  36|0x0000000082400000, 0x0000000082500000, 0x0000000082500000|100%| O|  |TAMS 0x0000000082500000, 0x0000000082500000| Untracked 
|  37|0x0000000082500000, 0x0000000082600000, 0x0000000082600000|100%| O|  |TAMS 0x0000000082600000, 0x0000000082600000| Untracked 
|  38|0x0000000082600000, 0x0000000082700000, 0x0000000082700000|100%| O|  |TAMS 0x0000000082700000, 0x0000000082700000| Untracked 
|  39|0x0000000082700000, 0x0000000082800000, 0x0000000082800000|100%| O|  |TAMS 0x0000000082800000, 0x0000000082800000| Untracked 
|  40|0x0000000082800000, 0x0000000082900000, 0x0000000082900000|100%| O|  |TAMS 0x0000000082900000, 0x0000000082900000| Untracked 
|  41|0x0000000082900000, 0x0000000082a00000, 0x0000000082a00000|100%| O|  |TAMS 0x0000000082a00000, 0x0000000082a00000| Untracked 
|  42|0x0000000082a00000, 0x0000000082b00000, 0x0000000082b00000|100%| O|  |TAMS 0x0000000082b00000, 0x0000000082b00000| Untracked 
|  43|0x0000000082b00000, 0x0000000082c00000, 0x0000000082c00000|100%| O|  |TAMS 0x0000000082c00000, 0x0000000082c00000| Untracked 
|  44|0x0000000082c00000, 0x0000000082d00000, 0x0000000082d00000|100%| O|  |TAMS 0x0000000082d00000, 0x0000000082d00000| Untracked 
|  45|0x0000000082d00000, 0x0000000082e00000, 0x0000000082e00000|100%| O|  |TAMS 0x0000000082e00000, 0x0000000082e00000| Untracked 
|  46|0x0000000082e00000, 0x0000000082f00000, 0x0000000082f00000|100%| O|  |TAMS 0x0000000082f00000, 0x0000000082f00000| Untracked 
|  47|0x0000000082f00000, 0x0000000083000000, 0x0000000083000000|100%| O|  |TAMS 0x0000000083000000, 0x0000000083000000| Untracked 
|  48|0x0000000083000000, 0x0000000083100000, 0x0000000083100000|100%| O|  |TAMS 0x0000000083100000, 0x0000000083100000| Untracked 
|  49|0x0000000083100000, 0x0000000083200000, 0x0000000083200000|100%| O|  |TAMS 0x0000000083200000, 0x0000000083200000| Untracked 
|  50|0x0000000083200000, 0x0000000083300000, 0x0000000083300000|100%| O|  |TAMS 0x0000000083300000, 0x0000000083300000| Untracked 
|  51|0x0000000083300000, 0x0000000083400000, 0x0000000083400000|100%| O|  |TAMS 0x0000000083400000, 0x0000000083400000| Untracked 
|  52|0x0000000083400000, 0x0000000083500000, 0x0000000083500000|100%| O|  |TAMS 0x0000000083500000, 0x0000000083500000| Untracked 
|  53|0x0000000083500000, 0x0000000083600000, 0x0000000083600000|100%| O|  |TAMS 0x00000000835be200, 0x0000000083600000| Untracked 
|  54|0x0000000083600000, 0x0000000083700000, 0x0000000083700000|100%| O|  |TAMS 0x0000000083600000, 0x0000000083700000| Untracked 
|  55|0x0000000083700000, 0x0000000083800000, 0x0000000083800000|100%| O|  |TAMS 0x0000000083700000, 0x0000000083800000| Untracked 
|  56|0x0000000083800000, 0x0000000083900000, 0x0000000083900000|100%| O|  |TAMS 0x0000000083800000, 0x0000000083900000| Untracked 
|  57|0x0000000083900000, 0x0000000083a00000, 0x0000000083a00000|100%| O|  |TAMS 0x0000000083900000, 0x0000000083a00000| Untracked 
|  58|0x0000000083a00000, 0x0000000083b00000, 0x0000000083b00000|100%| O|  |TAMS 0x0000000083a00000, 0x0000000083b00000| Untracked 
|  59|0x0000000083b00000, 0x0000000083c00000, 0x0000000083c00000|100%| O|  |TAMS 0x0000000083b00000, 0x0000000083c00000| Untracked 
|  60|0x0000000083c00000, 0x0000000083d00000, 0x0000000083d00000|100%| O|  |TAMS 0x0000000083c00000, 0x0000000083d00000| Untracked 
|  61|0x0000000083d00000, 0x0000000083e00000, 0x0000000083e00000|100%| O|  |TAMS 0x0000000083d00000, 0x0000000083e00000| Untracked 
|  62|0x0000000083e00000, 0x0000000083f00000, 0x0000000083f00000|100%| O|  |TAMS 0x0000000083e00000, 0x0000000083f00000| Untracked 
|  63|0x0000000083f00000, 0x0000000084000000, 0x0000000084000000|100%| O|  |TAMS 0x0000000083f00000, 0x0000000084000000| Untracked 
|  64|0x0000000084000000, 0x0000000084100000, 0x0000000084100000|100%| O|  |TAMS 0x0000000084000000, 0x0000000084100000| Untracked 
|  65|0x0000000084100000, 0x0000000084200000, 0x0000000084200000|100%| O|  |TAMS 0x0000000084100000, 0x0000000084200000| Untracked 
|  66|0x0000000084200000, 0x0000000084300000, 0x0000000084300000|100%| O|  |TAMS 0x0000000084200000, 0x0000000084300000| Untracked 
|  67|0x0000000084300000, 0x0000000084400000, 0x0000000084400000|100%| O|  |TAMS 0x0000000084300000, 0x0000000084400000| Untracked 
|  68|0x0000000084400000, 0x0000000084500000, 0x0000000084500000|100%| O|  |TAMS 0x0000000084400000, 0x0000000084500000| Untracked 
|  69|0x0000000084500000, 0x0000000084600000, 0x0000000084600000|100%| O|  |TAMS 0x0000000084500000, 0x0000000084600000| Untracked 
|  70|0x0000000084600000, 0x0000000084700000, 0x0000000084700000|100%| O|  |TAMS 0x0000000084600000, 0x0000000084700000| Untracked 
|  71|0x0000000084700000, 0x0000000084800000, 0x0000000084800000|100%| O|  |TAMS 0x0000000084700000, 0x0000000084800000| Untracked 
|  72|0x0000000084800000, 0x0000000084900000, 0x0000000084900000|100%| O|  |TAMS 0x0000000084800000, 0x0000000084900000| Untracked 
|  73|0x0000000084900000, 0x0000000084a00000, 0x0000000084a00000|100%| O|  |TAMS 0x0000000084900000, 0x0000000084a00000| Untracked 
|  74|0x0000000084a00000, 0x0000000084b00000, 0x0000000084b00000|100%| O|  |TAMS 0x0000000084a00000, 0x0000000084b00000| Untracked 
|  75|0x0000000084b00000, 0x0000000084c00000, 0x0000000084c00000|100%| O|  |TAMS 0x0000000084b00000, 0x0000000084c00000| Untracked 
|  76|0x0000000084c00000, 0x0000000084d00000, 0x0000000084d00000|100%| O|  |TAMS 0x0000000084c00000, 0x0000000084d00000| Untracked 
|  77|0x0000000084d00000, 0x0000000084e00000, 0x0000000084e00000|100%| O|  |TAMS 0x0000000084d00000, 0x0000000084e00000| Untracked 
|  78|0x0000000084e00000, 0x0000000084f00000, 0x0000000084f00000|100%| O|  |TAMS 0x0000000084e00000, 0x0000000084f00000| Untracked 
|  79|0x0000000084f00000, 0x0000000085000000, 0x0000000085000000|100%| O|  |TAMS 0x0000000084f00000, 0x0000000085000000| Untracked 
|  80|0x0000000085000000, 0x0000000085100000, 0x0000000085100000|100%| O|  |TAMS 0x0000000085000000, 0x0000000085100000| Untracked 
|  81|0x0000000085100000, 0x0000000085200000, 0x0000000085200000|100%| O|  |TAMS 0x0000000085100000, 0x0000000085200000| Untracked 
|  82|0x0000000085200000, 0x0000000085200000, 0x0000000085300000|  0%| F|  |TAMS 0x0000000085200000, 0x0000000085200000| Untracked 
|  83|0x0000000085300000, 0x0000000085400000, 0x0000000085400000|100%| O|  |TAMS 0x0000000085300000, 0x0000000085400000| Untracked 
|  84|0x0000000085400000, 0x0000000085500000, 0x0000000085500000|100%| O|  |TAMS 0x0000000085400000, 0x0000000085500000| Untracked 
|  85|0x0000000085500000, 0x0000000085500000, 0x0000000085600000|  0%| F|  |TAMS 0x0000000085500000, 0x0000000085500000| Untracked 
|  86|0x0000000085600000, 0x0000000085600000, 0x0000000085700000|  0%| F|  |TAMS 0x0000000085600000, 0x0000000085600000| Untracked 
|  87|0x0000000085700000, 0x0000000085700000, 0x0000000085800000|  0%| F|  |TAMS 0x0000000085700000, 0x0000000085700000| Untracked 
|  88|0x0000000085800000, 0x0000000085800000, 0x0000000085900000|  0%| F|  |TAMS 0x0000000085800000, 0x0000000085800000| Untracked 
|  89|0x0000000085900000, 0x0000000085900000, 0x0000000085a00000|  0%| F|  |TAMS 0x0000000085900000, 0x0000000085900000| Untracked 
|  90|0x0000000085a00000, 0x0000000085a00000, 0x0000000085b00000|  0%| F|  |TAMS 0x0000000085a00000, 0x0000000085a00000| Untracked 
|  91|0x0000000085b00000, 0x0000000085b00000, 0x0000000085c00000|  0%| F|  |TAMS 0x0000000085b00000, 0x0000000085b00000| Untracked 
|  92|0x0000000085c00000, 0x0000000085c00000, 0x0000000085d00000|  0%| F|  |TAMS 0x0000000085c00000, 0x0000000085c00000| Untracked 
|  93|0x0000000085d00000, 0x0000000085d00000, 0x0000000085e00000|  0%| F|  |TAMS 0x0000000085d00000, 0x0000000085d00000| Untracked 
|  94|0x0000000085e00000, 0x0000000085e00000, 0x0000000085f00000|  0%| F|  |TAMS 0x0000000085e00000, 0x0000000085e00000| Untracked 
|  95|0x0000000085f00000, 0x0000000085f00000, 0x0000000086000000|  0%| F|  |TAMS 0x0000000085f00000, 0x0000000085f00000| Untracked 
|  96|0x0000000086000000, 0x0000000086000000, 0x0000000086100000|  0%| F|  |TAMS 0x0000000086000000, 0x0000000086000000| Untracked 
|  97|0x0000000086100000, 0x0000000086100000, 0x0000000086200000|  0%| F|  |TAMS 0x0000000086100000, 0x0000000086100000| Untracked 
|  98|0x0000000086200000, 0x0000000086200000, 0x0000000086300000|  0%| F|  |TAMS 0x0000000086200000, 0x0000000086200000| Untracked 
|  99|0x0000000086300000, 0x0000000086300000, 0x0000000086400000|  0%| F|  |TAMS 0x0000000086300000, 0x0000000086300000| Untracked 
| 100|0x0000000086400000, 0x0000000086400000, 0x0000000086500000|  0%| F|  |TAMS 0x0000000086400000, 0x0000000086400000| Untracked 
| 101|0x0000000086500000, 0x0000000086500000, 0x0000000086600000|  0%| F|  |TAMS 0x0000000086500000, 0x0000000086500000| Untracked 
| 102|0x0000000086600000, 0x0000000086600000, 0x0000000086700000|  0%| F|  |TAMS 0x0000000086600000, 0x0000000086600000| Untracked 
| 103|0x0000000086700000, 0x0000000086700000, 0x0000000086800000|  0%| F|  |TAMS 0x0000000086700000, 0x0000000086700000| Untracked 
| 104|0x0000000086800000, 0x0000000086800000, 0x0000000086900000|  0%| F|  |TAMS 0x0000000086800000, 0x0000000086800000| Untracked 
| 105|0x0000000086900000, 0x0000000086900000, 0x0000000086a00000|  0%| F|  |TAMS 0x0000000086900000, 0x0000000086900000| Untracked 
| 106|0x0000000086a00000, 0x0000000086a00000, 0x0000000086b00000|  0%| F|  |TAMS 0x0000000086a00000, 0x0000000086a00000| Untracked 
| 107|0x0000000086b00000, 0x0000000086b00000, 0x0000000086c00000|  0%| F|  |TAMS 0x0000000086b00000, 0x0000000086b00000| Untracked 
| 108|0x0000000086c00000, 0x0000000086c00000, 0x0000000086d00000|  0%| F|  |TAMS 0x0000000086c00000, 0x0000000086c00000| Untracked 
| 109|0x0000000086d00000, 0x0000000086d00000, 0x0000000086e00000|  0%| F|  |TAMS 0x0000000086d00000, 0x0000000086d00000| Untracked 
| 110|0x0000000086e00000, 0x0000000086e00000, 0x0000000086f00000|  0%| F|  |TAMS 0x0000000086e00000, 0x0000000086e00000| Untracked 
| 111|0x0000000086f00000, 0x0000000086f00000, 0x0000000087000000|  0%| F|  |TAMS 0x0000000086f00000, 0x0000000086f00000| Untracked 
| 112|0x0000000087000000, 0x0000000087000000, 0x0000000087100000|  0%| F|  |TAMS 0x0000000087000000, 0x0000000087000000| Untracked 
| 113|0x0000000087100000, 0x0000000087100000, 0x0000000087200000|  0%| F|  |TAMS 0x0000000087100000, 0x0000000087100000| Untracked 
| 114|0x0000000087200000, 0x0000000087200000, 0x0000000087300000|  0%| F|  |TAMS 0x0000000087200000, 0x0000000087200000| Untracked 
| 115|0x0000000087300000, 0x0000000087300000, 0x0000000087400000|  0%| F|  |TAMS 0x0000000087300000, 0x0000000087300000| Untracked 
| 116|0x0000000087400000, 0x0000000087400000, 0x0000000087500000|  0%| F|  |TAMS 0x0000000087400000, 0x0000000087400000| Untracked 
| 117|0x0000000087500000, 0x0000000087500000, 0x0000000087600000|  0%| F|  |TAMS 0x0000000087500000, 0x0000000087500000| Untracked 
| 118|0x0000000087600000, 0x0000000087600000, 0x0000000087700000|  0%| F|  |TAMS 0x0000000087600000, 0x0000000087600000| Untracked 
| 119|0x0000000087700000, 0x0000000087700000, 0x0000000087800000|  0%| F|  |TAMS 0x0000000087700000, 0x0000000087700000| Untracked 
| 120|0x0000000087800000, 0x0000000087800000, 0x0000000087900000|  0%| F|  |TAMS 0x0000000087800000, 0x0000000087800000| Untracked 
| 121|0x0000000087900000, 0x0000000087a00000, 0x0000000087a00000|100%| S|CS|TAMS 0x0000000087900000, 0x0000000087900000| Complete 
| 122|0x0000000087a00000, 0x0000000087b00000, 0x0000000087b00000|100%| S|CS|TAMS 0x0000000087a00000, 0x0000000087a00000| Complete 
| 123|0x0000000087b00000, 0x0000000087c00000, 0x0000000087c00000|100%| S|CS|TAMS 0x0000000087b00000, 0x0000000087b00000| Complete 
| 124|0x0000000087c00000, 0x0000000087d00000, 0x0000000087d00000|100%| S|CS|TAMS 0x0000000087c00000, 0x0000000087c00000| Complete 
| 125|0x0000000087d00000, 0x0000000087e00000, 0x0000000087e00000|100%| S|CS|TAMS 0x0000000087d00000, 0x0000000087d00000| Complete 
| 126|0x0000000087e00000, 0x0000000087e00000, 0x0000000087f00000|  0%| F|  |TAMS 0x0000000087e00000, 0x0000000087e00000| Untracked 
| 127|0x0000000087f00000, 0x0000000087f00000, 0x0000000088000000|  0%| F|  |TAMS 0x0000000087f00000, 0x0000000087f00000| Untracked 
| 128|0x0000000088000000, 0x0000000088000000, 0x0000000088100000|  0%| F|  |TAMS 0x0000000088000000, 0x0000000088000000| Untracked 
| 129|0x0000000088100000, 0x0000000088100000, 0x0000000088200000|  0%| F|  |TAMS 0x0000000088100000, 0x0000000088100000| Untracked 
| 130|0x0000000088200000, 0x0000000088200000, 0x0000000088300000|  0%| F|  |TAMS 0x0000000088200000, 0x0000000088200000| Untracked 
| 131|0x0000000088300000, 0x0000000088300000, 0x0000000088400000|  0%| F|  |TAMS 0x0000000088300000, 0x0000000088300000| Untracked 
| 132|0x0000000088400000, 0x0000000088400000, 0x0000000088500000|  0%| F|  |TAMS 0x0000000088400000, 0x0000000088400000| Untracked 
| 133|0x0000000088500000, 0x0000000088500000, 0x0000000088600000|  0%| F|  |TAMS 0x0000000088500000, 0x0000000088500000| Untracked 
| 134|0x0000000088600000, 0x0000000088600000, 0x0000000088700000|  0%| F|  |TAMS 0x0000000088600000, 0x0000000088600000| Untracked 
| 135|0x0000000088700000, 0x0000000088700000, 0x0000000088800000|  0%| F|  |TAMS 0x0000000088700000, 0x0000000088700000| Untracked 
| 136|0x0000000088800000, 0x0000000088800000, 0x0000000088900000|  0%| F|  |TAMS 0x0000000088800000, 0x0000000088800000| Untracked 
| 137|0x0000000088900000, 0x0000000088900000, 0x0000000088a00000|  0%| F|  |TAMS 0x0000000088900000, 0x0000000088900000| Untracked 
| 138|0x0000000088a00000, 0x0000000088a00000, 0x0000000088b00000|  0%| F|  |TAMS 0x0000000088a00000, 0x0000000088a00000| Untracked 
| 139|0x0000000088b00000, 0x0000000088b00000, 0x0000000088c00000|  0%| F|  |TAMS 0x0000000088b00000, 0x0000000088b00000| Untracked 
| 140|0x0000000088c00000, 0x0000000088c00000, 0x0000000088d00000|  0%| F|  |TAMS 0x0000000088c00000, 0x0000000088c00000| Untracked 

Card table byte_map: [0x000001f1edf00000,0x000001f1ee300000] _byte_map_base: 0x000001f1edb00000

Marking Bits (Prev, Next): (CMBitMap*) 0x000001f1daa0aef8, (CMBitMap*) 0x000001f1daa0af30
 Prev Bits: [0x000001f1ee700000, 0x000001f1f0700000)
 Next Bits: [0x000001f1f0700000, 0x000001f1f2700000)

Polling page: 0x000001f1d9380000

Metaspace:

Usage:
  Non-class:     70.40 MB capacity,    69.11 MB ( 98%) used,     1.07 MB (  2%) free+waste,   224.75 KB ( <1%) overhead. 
      Class:     11.04 MB capacity,    10.30 MB ( 93%) used,   656.99 KB (  6%) free+waste,   103.38 KB ( <1%) overhead. 
       Both:     81.44 MB capacity,    79.40 MB ( 98%) used,     1.71 MB (  2%) free+waste,   328.13 KB ( <1%) overhead. 

Virtual space:
  Non-class space:       72.00 MB reserved,      70.62 MB ( 98%) committed 
      Class space:        1.00 GB reserved,      11.13 MB (  1%) committed 
             Both:        1.07 GB reserved,      81.75 MB (  7%) committed 

Chunk freelists:
   Non-Class:  38.00 KB
       Class:  23.00 KB
        Both:  61.00 KB

MaxMetaspaceSize: 17179869184.00 GB
CompressedClassSpaceSize: 1.00 GB

CodeHeap 'non-profiled nmethods': size=120064Kb used=3978Kb max_used=3978Kb free=116085Kb
 bounds [0x000001f1e5f90000, 0x000001f1e6380000, 0x000001f1ed4d0000]
CodeHeap 'profiled nmethods': size=120000Kb used=18920Kb max_used=18920Kb free=101079Kb
 bounds [0x000001f1dea60000, 0x000001f1dfce0000, 0x000001f1e5f90000]
CodeHeap 'non-nmethods': size=5696Kb used=2274Kb max_used=2318Kb free=3421Kb
 bounds [0x000001f1de4d0000, 0x000001f1de740000, 0x000001f1dea60000]
 total_blobs=10173 nmethods=9300 adapters=784
 compilation: enabled
              stopped_count=0, restarted_count=0
 full_count=0

Compilation events (20 events):
Event: 28.172 Thread 0x000001f1f4d7e800 9503       2       com.android.utils.XmlUtils::toXmlTextValue (65 bytes)
Event: 28.174 Thread 0x000001f1f4d7e800 nmethod 9503 0x000001f1dfcd3690 code [0x000001f1dfcd38a0, 0x000001f1dfcd3e38]
Event: 28.175 Thread 0x000001f1f4d7e800 9504       2       com.google.common.base.CharMatcher::countIn (39 bytes)
Event: 28.175 Thread 0x000001f1f4d7e800 nmethod 9504 0x000001f1dfcd4290 code [0x000001f1dfcd4460, 0x000001f1dfcd4668]
Event: 28.178 Thread 0x000001f1f4d7e800 9505       3       com.android.utils.XmlUtils::toXmlAttributeValue (89 bytes)
Event: 28.180 Thread 0x000001f1f4d7e800 nmethod 9505 0x000001f1dfcd4790 code [0x000001f1dfcd4a80, 0x000001f1dfcd5b18]
Event: 28.182 Thread 0x000001f1f4d7e800 9507       2       java.lang.StringUTF16::lastIndexOf (47 bytes)
Event: 28.183 Thread 0x000001f1f4d7e800 nmethod 9507 0x000001f1dfcd6210 code [0x000001f1dfcd63c0, 0x000001f1dfcd6568]
Event: 28.183 Thread 0x000001f1f4d6c000 nmethod 9491 0x000001f1e6370710 code [0x000001f1e6370940, 0x000001f1e63714c0]
Event: 28.183 Thread 0x000001f1f4d6c000 9483       4       org.apache.xerces.dom.ParentNode::nodeListGetLength (141 bytes)
Event: 28.185 Thread 0x000001f1f4d7e800 9508 %     3       com.android.utils.XmlUtils::toXmlTextValue @ 7 (65 bytes)
Event: 28.187 Thread 0x000001f1f4d7e800 nmethod 9508% 0x000001f1dfcd6690 code [0x000001f1dfcd6980, 0x000001f1dfcd79b8]
Event: 28.194 Thread 0x000001f1f4d7e800 9509       3       com.android.utils.XmlUtils::toXmlTextValue (65 bytes)
Event: 28.196 Thread 0x000001f1f4d7e800 nmethod 9509 0x000001f1dfcd8090 code [0x000001f1dfcd8380, 0x000001f1dfcd9338]
Event: 28.197 Thread 0x000001f1f4d6c000 nmethod 9483 0x000001f1e6371e10 code [0x000001f1e6371fc0, 0x000001f1e6372538]
Event: 28.197 Thread 0x000001f1f4d6c000 9500       4       java.lang.StringUTF16::putChar (54 bytes)
Event: 28.198 Thread 0x000001f1f4d7e800 9510 %     3       java.lang.StringUTF16::lastIndexOf @ 17 (47 bytes)
Event: 28.198 Thread 0x000001f1f4d7e800 nmethod 9510% 0x000001f1dfcd9a10 code [0x000001f1dfcd9be0, 0x000001f1dfcd9f48]
Event: 28.198 Thread 0x000001f1f4d6c000 nmethod 9500 0x000001f1e6372690 code [0x000001f1e6372820, 0x000001f1e63728d8]
Event: 28.198 Thread 0x000001f1f4d6c000 9480       4       org.apache.xerces.dom.AttrImpl::getValue (176 bytes)

GC Heap History (20 events):
Event: 20.639 GC heap after
{Heap after GC invocations=32 (full 0):
 garbage-first heap   total 95232K, used 49444K [0x0000000080000000, 0x0000000100000000)
  region size 1024K, 2 young (2048K), 2 survivors (2048K)
 Metaspace       used 63228K, capacity 64808K, committed 65148K, reserved 1105920K
  class space    used 8033K, capacity 8591K, committed 8704K, reserved 1048576K
}
Event: 20.834 GC heap before
{Heap before GC invocations=32 (full 0):
 garbage-first heap   total 95232K, used 70948K [0x0000000080000000, 0x0000000100000000)
  region size 1024K, 23 young (23552K), 2 survivors (2048K)
 Metaspace       used 63452K, capacity 65003K, committed 65148K, reserved 1105920K
  class space    used 8061K, capacity 8635K, committed 8704K, reserved 1048576K
}
Event: 20.841 GC heap after
{Heap after GC invocations=33 (full 0):
 garbage-first heap   total 95232K, used 51855K [0x0000000080000000, 0x0000000100000000)
  region size 1024K, 3 young (3072K), 3 survivors (3072K)
 Metaspace       used 63452K, capacity 65003K, committed 65148K, reserved 1105920K
  class space    used 8061K, capacity 8635K, committed 8704K, reserved 1048576K
}
Event: 21.367 GC heap before
{Heap before GC invocations=34 (full 0):
 garbage-first heap   total 95232K, used 71311K [0x0000000080000000, 0x0000000100000000)
  region size 1024K, 23 young (23552K), 3 survivors (3072K)
 Metaspace       used 66085K, capacity 67712K, committed 67964K, reserved 1107968K
  class space    used 8481K, capacity 9090K, committed 9216K, reserved 1048576K
}
Event: 21.377 GC heap after
{Heap after GC invocations=35 (full 0):
 garbage-first heap   total 114688K, used 53219K [0x0000000080000000, 0x0000000100000000)
  region size 1024K, 2 young (2048K), 2 survivors (2048K)
 Metaspace       used 66085K, capacity 67712K, committed 67964K, reserved 1107968K
  class space    used 8481K, capacity 9090K, committed 9216K, reserved 1048576K
}
Event: 22.053 GC heap before
{Heap before GC invocations=35 (full 0):
 garbage-first heap   total 114688K, used 82915K [0x0000000080000000, 0x0000000100000000)
  region size 1024K, 31 young (31744K), 2 survivors (2048K)
 Metaspace       used 68466K, capacity 70035K, committed 70268K, reserved 1110016K
  class space    used 8848K, capacity 9430K, committed 9472K, reserved 1048576K
}
Event: 22.069 GC heap after
{Heap after GC invocations=36 (full 0):
 garbage-first heap   total 114688K, used 55076K [0x0000000080000000, 0x0000000100000000)
  region size 1024K, 4 young (4096K), 4 survivors (4096K)
 Metaspace       used 68466K, capacity 70035K, committed 70268K, reserved 1110016K
  class space    used 8848K, capacity 9430K, committed 9472K, reserved 1048576K
}
Event: 22.640 GC heap before
{Heap before GC invocations=37 (full 0):
 garbage-first heap   total 114688K, used 85796K [0x0000000080000000, 0x0000000100000000)
  region size 1024K, 34 young (34816K), 4 survivors (4096K)
 Metaspace       used 69297K, capacity 70975K, committed 71164K, reserved 1112064K
  class space    used 8969K, capacity 9590K, committed 9600K, reserved 1048576K
}
Event: 22.653 GC heap after
{Heap after GC invocations=38 (full 0):
 garbage-first heap   total 114688K, used 57466K [0x0000000080000000, 0x0000000100000000)
  region size 1024K, 5 young (5120K), 5 survivors (5120K)
 Metaspace       used 69297K, capacity 70975K, committed 71164K, reserved 1112064K
  class space    used 8969K, capacity 9590K, committed 9600K, reserved 1048576K
}
Event: 23.258 GC heap before
{Heap before GC invocations=38 (full 0):
 garbage-first heap   total 114688K, used 88186K [0x0000000080000000, 0x0000000100000000)
  region size 1024K, 35 young (35840K), 5 survivors (5120K)
 Metaspace       used 72481K, capacity 74244K, committed 74620K, reserved 1114112K
  class space    used 9472K, capacity 10118K, committed 10240K, reserved 1048576K
}
Event: 23.273 GC heap after
{Heap after GC invocations=39 (full 0):
 garbage-first heap   total 114688K, used 58850K [0x0000000080000000, 0x0000000100000000)
  region size 1024K, 4 young (4096K), 4 survivors (4096K)
 Metaspace       used 72481K, capacity 74244K, committed 74620K, reserved 1114112K
  class space    used 9472K, capacity 10118K, committed 10240K, reserved 1048576K
}
Event: 23.916 GC heap before
{Heap before GC invocations=40 (full 0):
 garbage-first heap   total 114688K, used 90594K [0x0000000080000000, 0x0000000100000000)
  region size 1024K, 35 young (35840K), 4 survivors (4096K)
 Metaspace       used 75709K, capacity 77477K, committed 77820K, reserved 1116160K
  class space    used 9858K, capacity 10523K, committed 10624K, reserved 1048576K
}
Event: 23.933 GC heap after
{Heap after GC invocations=41 (full 0):
 garbage-first heap   total 144384K, used 61253K [0x0000000080000000, 0x0000000100000000)
  region size 1024K, 4 young (4096K), 4 survivors (4096K)
 Metaspace       used 75709K, capacity 77477K, committed 77820K, reserved 1116160K
  class space    used 9858K, capacity 10523K, committed 10624K, reserved 1048576K
}
Event: 25.605 GC heap before
{Heap before GC invocations=41 (full 0):
 garbage-first heap   total 144384K, used 107333K [0x0000000080000000, 0x0000000100000000)
  region size 1024K, 50 young (51200K), 4 survivors (4096K)
 Metaspace       used 78744K, capacity 80760K, committed 80892K, reserved 1120256K
  class space    used 10323K, capacity 11060K, committed 11136K, reserved 1048576K
}
Event: 25.632 GC heap after
{Heap after GC invocations=42 (full 0):
 garbage-first heap   total 144384K, used 64849K [0x0000000080000000, 0x0000000100000000)
  region size 1024K, 6 young (6144K), 6 survivors (6144K)
 Metaspace       used 78744K, capacity 80760K, committed 80892K, reserved 1120256K
  class space    used 10323K, capacity 11060K, committed 11136K, reserved 1048576K
}
Event: 26.678 GC heap before
{Heap before GC invocations=42 (full 0):
 garbage-first heap   total 144384K, used 109904K [0x0000000080000000, 0x0000000100000000)
  region size 1024K, 51 young (52224K), 6 survivors (6144K)
 Metaspace       used 79183K, capacity 81172K, committed 81404K, reserved 1120256K
  class space    used 10340K, capacity 11079K, committed 11136K, reserved 1048576K
}
Event: 26.702 GC heap after
{Heap after GC invocations=43 (full 0):
 garbage-first heap   total 144384K, used 68302K [0x0000000080000000, 0x0000000100000000)
  region size 1024K, 7 young (7168K), 7 survivors (7168K)
 Metaspace       used 79183K, capacity 81172K, committed 81404K, reserved 1120256K
  class space    used 10340K, capacity 11079K, committed 11136K, reserved 1048576K
}
Event: 27.595 GC heap before
{Heap before GC invocations=43 (full 0):
 garbage-first heap   total 144384K, used 115406K [0x0000000080000000, 0x0000000100000000)
  region size 1024K, 52 young (53248K), 7 survivors (7168K)
 Metaspace       used 81072K, capacity 83161K, committed 83452K, reserved 1122304K
  class space    used 10524K, capacity 11271K, committed 11392K, reserved 1048576K
}
Event: 27.642 GC heap after
{Heap after GC invocations=44 (full 0):
 garbage-first heap   total 144384K, used 83595K [0x0000000080000000, 0x0000000100000000)
  region size 1024K, 7 young (7168K), 7 survivors (7168K)
 Metaspace       used 81072K, capacity 83161K, committed 83452K, reserved 1122304K
  class space    used 10524K, capacity 11271K, committed 11392K, reserved 1048576K
}
Event: 28.203 GC heap before
{Heap before GC invocations=44 (full 0):
 garbage-first heap   total 144384K, used 96907K [0x0000000080000000, 0x0000000100000000)
  region size 1024K, 22 young (22528K), 7 survivors (7168K)
 Metaspace       used 81310K, capacity 83391K, committed 83708K, reserved 1122304K
  class space    used 10544K, capacity 11305K, committed 11392K, reserved 1048576K
}

Deoptimization events (20 events):
Event: 27.902 Thread 0x000001f1fba42800 DEOPT PACKING pc=0x000001f1df769b44 sp=0x000000a95e0f9dd0
Event: 27.902 Thread 0x000001f1fba42800 DEOPT UNPACKING pc=0x000001f1de4f76ce sp=0x000000a95e0f9370 mode 0
Event: 27.930 Thread 0x000001f1f712a000 DEOPT PACKING pc=0x000001f1df769b44 sp=0x000000a95ccfe960
Event: 27.930 Thread 0x000001f1f712a000 DEOPT UNPACKING pc=0x000001f1de4f76ce sp=0x000000a95ccfdf00 mode 0
Event: 27.960 Thread 0x000001f1fba42800 Uncommon trap: trap_request=0xffffff4d fr.pc=0x000001f1e62322fc relative=0x000000000000189c
Event: 27.960 Thread 0x000001f1fba42800 Uncommon trap: reason=unstable_if action=reinterpret pc=0x000001f1e62322fc method=com.google.gson.stream.JsonReader.nextQuotedValue(C)Ljava/lang/String; @ 96 c2
Event: 27.960 Thread 0x000001f1fba42800 DEOPT PACKING pc=0x000001f1e62322fc sp=0x000000a95e0f9c50
Event: 27.960 Thread 0x000001f1fba42800 DEOPT UNPACKING pc=0x000001f1de4f78af sp=0x000000a95e0f9c38 mode 2
Event: 27.980 Thread 0x000001f1fba42800 Uncommon trap: trap_request=0xffffff4d fr.pc=0x000001f1e6063fb0 relative=0x0000000000000450
Event: 27.980 Thread 0x000001f1fba42800 Uncommon trap: reason=unstable_if action=reinterpret pc=0x000001f1e6063fb0 method=sun.nio.cs.UTF_8$Encoder.encodeArrayLoop(Ljava/nio/CharBuffer;Ljava/nio/ByteBuffer;)Ljava/nio/charset/CoderResult; @ 113 c2
Event: 27.980 Thread 0x000001f1fba42800 DEOPT PACKING pc=0x000001f1e6063fb0 sp=0x000000a95e0f9e00
Event: 27.980 Thread 0x000001f1fba42800 DEOPT UNPACKING pc=0x000001f1de4f78af sp=0x000000a95e0f9d68 mode 2
Event: 27.996 Thread 0x000001f1fba42800 DEOPT PACKING pc=0x000001f1dfc86180 sp=0x000000a95e0f9ed0
Event: 27.996 Thread 0x000001f1fba42800 DEOPT UNPACKING pc=0x000001f1de4f76ce sp=0x000000a95e0f9448 mode 0
Event: 28.149 Thread 0x000001f1fba42800 DEOPT PACKING pc=0x000001f1dfcb5eb8 sp=0x000000a95e0f9eb0
Event: 28.149 Thread 0x000001f1fba42800 DEOPT UNPACKING pc=0x000001f1de4f76ce sp=0x000000a95e0f9370 mode 0
Event: 28.178 Thread 0x000001f1fba42800 DEOPT PACKING pc=0x000001f1dfccd978 sp=0x000000a95e0f9d10
Event: 28.178 Thread 0x000001f1fba42800 DEOPT UNPACKING pc=0x000001f1de4f76ce sp=0x000000a95e0f9240 mode 0
Event: 28.194 Thread 0x000001f1fba42800 DEOPT PACKING pc=0x000001f1dfcd3cd0 sp=0x000000a95e0f9b60
Event: 28.194 Thread 0x000001f1fba42800 DEOPT UNPACKING pc=0x000001f1de4f76ce sp=0x000000a95e0f9090 mode 0

Classes redefined (0 events):
No events

Internal exceptions (20 events):
Event: 23.970 Thread 0x000001f1f6ae7000 Exception <a 'java/lang/ClassNotFoundException'{0x0000000088955e00}: org/gradle/api/internal/file/collections/DefaultConfigurableFileCollectionBeanInfo> (0x0000000088955e00) thrown at [./src/hotspot/share/classfile/systemDictionary.cpp, line 231]
Event: 23.971 Thread 0x000001f1f6ae7000 Exception <a 'java/lang/ClassNotFoundException'{0x000000008896e158}: org/gradle/api/internal/file/CompositeFileCollectionBeanInfo> (0x000000008896e158) thrown at [./src/hotspot/share/classfile/systemDictionary.cpp, line 231]
Event: 23.972 Thread 0x000001f1f6ae7000 Exception <a 'java/lang/ClassNotFoundException'{0x0000000088986880}: org/gradle/api/internal/file/CompositeFileCollectionCustomizer> (0x0000000088986880) thrown at [./src/hotspot/share/classfile/systemDictionary.cpp, line 231]
Event: 23.974 Thread 0x000001f1f6ae7000 Exception <a 'java/lang/ClassNotFoundException'{0x00000000889aa8c8}: org/gradle/api/internal/file/collections/DefaultConfigurableFileCollectionCustomizer> (0x00000000889aa8c8) thrown at [./src/hotspot/share/classfile/systemDictionary.cpp, line 231]
Event: 24.308 Thread 0x000001f1f7126000 Exception <a 'java/lang/NoSuchMethodError'{0x0000000087bf8238}: <clinit>> (0x0000000087bf8238) thrown at [./src/hotspot/share/prims/jni.cpp, line 1362]
Event: 24.310 Thread 0x000001f1f7126000 Exception <a 'java/lang/NoSuchMethodError'{0x0000000087a04398}: <clinit>> (0x0000000087a04398) thrown at [./src/hotspot/share/prims/jni.cpp, line 1362]
Event: 24.315 Thread 0x000001f1f7126000 Exception <a 'java/lang/NoSuchMethodError'{0x0000000087a4c068}: <clinit>> (0x0000000087a4c068) thrown at [./src/hotspot/share/prims/jni.cpp, line 1362]
Event: 24.318 Thread 0x000001f1f7126000 Exception <a 'java/lang/NoSuchMethodError'{0x0000000087a5fee8}: <clinit>> (0x0000000087a5fee8) thrown at [./src/hotspot/share/prims/jni.cpp, line 1362]
Event: 24.318 Thread 0x000001f1f7126000 Exception <a 'java/lang/NoSuchMethodError'{0x0000000087a6bca0}: <clinit>> (0x0000000087a6bca0) thrown at [./src/hotspot/share/prims/jni.cpp, line 1362]
Event: 24.361 Thread 0x000001f1fba46800 Exception <a 'java/lang/NoSuchMethodError'{0x00000000878900a0}: <clinit>> (0x00000000878900a0) thrown at [./src/hotspot/share/prims/jni.cpp, line 1362]
Event: 24.365 Thread 0x000001f1fba46800 Exception <a 'java/lang/NoSuchMethodError'{0x00000000878fb360}: <clinit>> (0x00000000878fb360) thrown at [./src/hotspot/share/prims/jni.cpp, line 1362]
Event: 24.368 Thread 0x000001f1fba46800 Exception <a 'java/lang/NoSuchMethodError'{0x0000000087714a98}: <clinit>> (0x0000000087714a98) thrown at [./src/hotspot/share/prims/jni.cpp, line 1362]
Event: 24.487 Thread 0x000001f1f7126000 Exception <a 'java/lang/NoSuchMethodError'{0x00000000876f69f8}: <clinit>> (0x00000000876f69f8) thrown at [./src/hotspot/share/prims/jni.cpp, line 1362]
Event: 24.637 Thread 0x000001f1f6ae7000 Exception <a 'java/lang/NoSuchMethodError'{0x00000000875f2fd0}: 'java.lang.Object java.lang.invoke.Invokers$Holder.linkToTargetMethod(java.lang.Object, java.lang.Object, java.lang.Object, int, java.lang.Object, java.lang.Object)'> (0x00000000875f2fd0) thrown at [./src/hotspot/share/interpreter/linkResolver.cpp, line 773]
Event: 24.661 Thread 0x000001f1f6ae7000 Exception <a 'java/lang/IncompatibleClassChangeError'{0x000000008745e128}: Found class java.lang.Object, but interface was expected> (0x000000008745e128) thrown at [./src/hotspot/share/interpreter/linkResolver.cpp, line 839]
Event: 24.732 Thread 0x000001f1f6ae7000 Exception <a 'java/lang/NoSuchMethodError'{0x0000000087254a58}: 'int java.lang.invoke.DirectMethodHandle$Holder.invokeStaticInit(java.lang.Object, java.lang.Object, java.lang.Object, java.lang.Object, java.lang.Object)'> (0x0000000087254a58) thrown at [./src/hotspot/share/interpreter/linkResolver.cpp, line 773]
Event: 25.286 Thread 0x000001f1f67e8800 Exception <a 'java/lang/NoSuchMethodError'{0x0000000086519930}: 'java.lang.Object java.lang.invoke.DirectMethodHandle$Holder.invokeSpecialIFC(java.lang.Object, java.lang.Object, java.lang.Object)'> (0x0000000086519930) thrown at [./src/hotspot/share/interpreter/linkResolver.cpp, line 773]
Event: 25.287 Thread 0x000001f1f67e6000 Exception <a 'java/lang/NoSuchMethodError'{0x000000008667e568}: 'java.lang.Object java.lang.invoke.DirectMethodHandle$Holder.invokeSpecialIFC(java.lang.Object, java.lang.Object, java.lang.Object)'> (0x000000008667e568) thrown at [./src/hotspot/share/interpreter/linkResolver.cpp, line 773]
Event: 26.085 Thread 0x000001f1f67e8800 Exception <a 'java/lang/NoSuchMethodError'{0x0000000087eb0a40}: 'void java.lang.invoke.DirectMethodHandle$Holder.invokeVirtual(java.lang.Object, java.lang.Object)'> (0x0000000087eb0a40) thrown at [./src/hotspot/share/interpreter/linkResolver.cpp, line 773]
Event: 26.085 Thread 0x000001f1f67e7800 Exception <a 'java/lang/NoSuchMethodError'{0x0000000087dbf020}: 'void java.lang.invoke.DirectMethodHandle$Holder.invokeVirtual(java.lang.Object, java.lang.Object)'> (0x0000000087dbf020) thrown at [./src/hotspot/share/interpreter/linkResolver.cpp, line 773]

Events (20 events):
Event: 27.957 loading class com/android/ide/common/blame/MergingLogPersistUtil$SourcePositionsSerializer$JsonTypeAdapter done
Event: 27.959 loading class com/android/ide/common/blame/SourceFileJsonTypeAdapter$1
Event: 27.959 loading class com/android/ide/common/blame/SourceFileJsonTypeAdapter$1 done
Event: 27.960 loading class com/google/common/base/Objects
Event: 27.960 loading class com/google/common/base/Objects done
Event: 27.960 loading class com/google/common/base/ExtraObjectsMethodsForWeb
Event: 27.960 loading class com/google/common/base/ExtraObjectsMethodsForWeb done
Event: 27.970 loading class com/google/common/cache/LocalCache$EntrySet
Event: 27.970 loading class com/google/common/cache/LocalCache$EntrySet done
Event: 27.971 loading class com/google/common/cache/LocalCache$AbstractCacheSet
Event: 27.971 loading class com/google/common/cache/LocalCache$AbstractCacheSet done
Event: 27.972 loading class com/google/common/cache/LocalCache$EntryIterator
Event: 27.972 loading class com/google/common/cache/LocalCache$EntryIterator done
Event: 27.973 loading class com/google/common/cache/LocalCache$HashIterator
Event: 27.973 loading class com/google/common/cache/LocalCache$HashIterator done
Event: 27.974 loading class com/google/common/cache/LocalCache$WriteThroughEntry
Event: 27.974 loading class com/google/common/cache/LocalCache$WriteThroughEntry done
Event: 28.158 loading class com/android/utils/XmlUtils$PositionAwareStringBuilder
Event: 28.158 loading class com/android/utils/XmlUtils$PositionAwareStringBuilder done
Event: 28.202 Executing VM operation: G1CollectForAllocation


Dynamic libraries:
0x00007ff6c3280000 - 0x00007ff6c328a000 	C:\Program Files\Android\Android Studio\jre\bin\java.exe
0x00007ffd0dd70000 - 0x00007ffd0df65000 	C:\WINDOWS\SYSTEM32\ntdll.dll
0x00007ffd0daf0000 - 0x00007ffd0dbae000 	C:\WINDOWS\System32\KERNEL32.DLL
0x00007ffd0b8c0000 - 0x00007ffd0bb89000 	C:\WINDOWS\System32\KERNELBASE.dll
0x00007ffd0b730000 - 0x00007ffd0b830000 	C:\WINDOWS\System32\ucrtbase.dll
0x00007ffd047f0000 - 0x00007ffd04809000 	C:\Program Files\Android\Android Studio\jre\bin\jli.dll
0x00007ffd06f70000 - 0x00007ffd06f87000 	C:\Program Files\Android\Android Studio\jre\bin\VCRUNTIME140.dll
0x00007ffd0bdc0000 - 0x00007ffd0bf61000 	C:\WINDOWS\System32\USER32.dll
0x00007ffd0b490000 - 0x00007ffd0b4b2000 	C:\WINDOWS\System32\win32u.dll
0x00007ffd0bf70000 - 0x00007ffd0bf9b000 	C:\WINDOWS\System32\GDI32.dll
0x00007ffd0b4c0000 - 0x00007ffd0b5cb000 	C:\WINDOWS\System32\gdi32full.dll
0x00007ffd0bc40000 - 0x00007ffd0bcdd000 	C:\WINDOWS\System32\msvcp_win.dll
0x00007ffcfb110000 - 0x00007ffcfb3aa000 	C:\WINDOWS\WinSxS\amd64_microsoft.windows.common-controls_6595b64144ccf1df_6.0.19041.1110_none_60b5254171f9507e\COMCTL32.dll
0x00007ffd0d590000 - 0x00007ffd0d62e000 	C:\WINDOWS\System32\msvcrt.dll
0x00007ffd0c0d0000 - 0x00007ffd0c100000 	C:\WINDOWS\System32\IMM32.DLL
0x00007ffcffb20000 - 0x00007ffcffbbd000 	C:\Program Files\Android\Android Studio\jre\bin\msvcp140.dll
0x00007ffce1940000 - 0x00007ffce240f000 	C:\Program Files\Android\Android Studio\jre\bin\server\jvm.dll
0x00007ffd0d3f0000 - 0x00007ffd0d49c000 	C:\WINDOWS\System32\ADVAPI32.dll
0x00007ffd0c840000 - 0x00007ffd0c8db000 	C:\WINDOWS\System32\sechost.dll
0x00007ffd0bfa0000 - 0x00007ffd0c0ca000 	C:\WINDOWS\System32\RPCRT4.dll
0x00007ffd0cd60000 - 0x00007ffd0cd68000 	C:\WINDOWS\System32\PSAPI.DLL
0x00007ffd06fe0000 - 0x00007ffd06fe9000 	C:\WINDOWS\SYSTEM32\WSOCK32.dll
0x00007ffd0d520000 - 0x00007ffd0d58b000 	C:\WINDOWS\System32\WS2_32.dll
0x00007ffcff020000 - 0x00007ffcff047000 	C:\WINDOWS\SYSTEM32\WINMM.dll
0x00007ffd010a0000 - 0x00007ffd010aa000 	C:\WINDOWS\SYSTEM32\VERSION.dll
0x00007ffd09390000 - 0x00007ffd093a2000 	C:\WINDOWS\SYSTEM32\kernel.appcore.dll
0x00007ffd059e0000 - 0x00007ffd059f1000 	C:\Program Files\Android\Android Studio\jre\bin\verify.dll
0x00007ffcf6f30000 - 0x00007ffcf7114000 	C:\WINDOWS\SYSTEM32\DBGHELP.DLL
0x00007ffcf6ef0000 - 0x00007ffcf6f1c000 	C:\WINDOWS\SYSTEM32\dbgcore.DLL
0x00007ffd0bd30000 - 0x00007ffd0bdb3000 	C:\WINDOWS\System32\bcryptPrimitives.dll
0x00007ffd05950000 - 0x00007ffd05979000 	C:\Program Files\Android\Android Studio\jre\bin\java.dll
0x00007ffd06f60000 - 0x00007ffd06f6b000 	C:\Program Files\Android\Android Studio\jre\bin\jimage.dll
0x00007ffd058a0000 - 0x00007ffd058b8000 	C:\Program Files\Android\Android Studio\jre\bin\zip.dll
0x00007ffd0c100000 - 0x00007ffd0c83f000 	C:\WINDOWS\System32\SHELL32.dll
0x00007ffd09590000 - 0x00007ffd09d20000 	C:\WINDOWS\SYSTEM32\windows.storage.dll
0x00007ffd0d790000 - 0x00007ffd0dae5000 	C:\WINDOWS\System32\combase.dll
0x00007ffd0aee0000 - 0x00007ffd0af0c000 	C:\WINDOWS\SYSTEM32\Wldp.dll
0x00007ffd0ced0000 - 0x00007ffd0cf7d000 	C:\WINDOWS\System32\SHCORE.dll
0x00007ffd0d730000 - 0x00007ffd0d785000 	C:\WINDOWS\System32\shlwapi.dll
0x00007ffd0b3d0000 - 0x00007ffd0b3ef000 	C:\WINDOWS\SYSTEM32\profapi.dll
0x00007ffd05880000 - 0x00007ffd0589a000 	C:\Program Files\Android\Android Studio\jre\bin\net.dll
0x00007ffcfe6d0000 - 0x00007ffcfe7d8000 	C:\WINDOWS\SYSTEM32\WINHTTP.dll
0x00007ffd0ac40000 - 0x00007ffd0acaa000 	C:\WINDOWS\system32\mswsock.dll
0x00007ffd04fb0000 - 0x00007ffd04fc4000 	C:\Program Files\Android\Android Studio\jre\bin\nio.dll
0x00007ffcf7cf0000 - 0x00007ffcf7d17000 	C:\Program Files\Java\jdk-17.0.1\native\8bec1ad78214c89d9ad589b4d07fe93259594b29d510b10fafb7a158f7737e5d\windows-amd64\native-platform.dll
0x00007ffce2ca0000 - 0x00007ffce2ddd000 	C:\Program Files\Java\jdk-17.0.1\native\53dbd7edfb1c66fb8903c78663c9afc45aea4f116125fa6feffd364cf09443e8\windows-amd64\native-platform-file-events.dll
0x00007ffd06290000 - 0x00007ffd0629a000 	C:\Program Files\Android\Android Studio\jre\bin\management.dll
0x00007ffd05940000 - 0x00007ffd0594c000 	C:\Program Files\Android\Android Studio\jre\bin\management_ext.dll
0x00007ffd0ae30000 - 0x00007ffd0ae48000 	C:\WINDOWS\SYSTEM32\CRYPTSP.dll
0x00007ffd0a550000 - 0x00007ffd0a584000 	C:\WINDOWS\system32\rsaenh.dll
0x00007ffd0b890000 - 0x00007ffd0b8b7000 	C:\WINDOWS\System32\bcrypt.dll
0x00007ffd0b390000 - 0x00007ffd0b3be000 	C:\WINDOWS\SYSTEM32\USERENV.dll
0x00007ffd0ae50000 - 0x00007ffd0ae5c000 	C:\WINDOWS\SYSTEM32\CRYPTBASE.dll
0x00007ffd0a8e0000 - 0x00007ffd0a91b000 	C:\WINDOWS\SYSTEM32\IPHLPAPI.DLL
0x00007ffd0d6c0000 - 0x00007ffd0d6c8000 	C:\WINDOWS\System32\NSI.dll
0x00007ffd02270000 - 0x00007ffd02287000 	C:\WINDOWS\SYSTEM32\dhcpcsvc6.DLL
0x00007ffd02210000 - 0x00007ffd0222d000 	C:\WINDOWS\SYSTEM32\dhcpcsvc.DLL
0x00007ffd0a920000 - 0x00007ffd0a9ec000 	C:\WINDOWS\SYSTEM32\DNSAPI.dll

dbghelp: loaded successfully - version: 4.0.5 - missing functions: none
symbol engine: initialized successfully - sym options: 0x614 - pdb path: .;C:\Program Files\Android\Android Studio\jre\bin;C:\WINDOWS\SYSTEM32;C:\WINDOWS\WinSxS\amd64_microsoft.windows.common-controls_6595b64144ccf1df_6.0.19041.1110_none_60b5254171f9507e;C:\Program Files\Android\Android Studio\jre\bin\server;C:\Program Files\Java\jdk-17.0.1\native\8bec1ad78214c89d9ad589b4d07fe93259594b29d510b10fafb7a158f7737e5d\windows-amd64;C:\Program Files\Java\jdk-17.0.1\native\53dbd7edfb1c66fb8903c78663c9afc45aea4f116125fa6feffd364cf09443e8\windows-amd64

VM Arguments:
jvm_args: --add-opens=java.base/java.util=ALL-UNNAMED --add-opens=java.base/java.lang=ALL-UNNAMED --add-opens=java.base/java.lang.invoke=ALL-UNNAMED --add-opens=java.base/java.util=ALL-UNNAMED --add-opens=java.prefs/java.util.prefs=ALL-UNNAMED --add-opens=java.prefs/java.util.prefs=ALL-UNNAMED --add-opens=java.base/java.nio.charset=ALL-UNNAMED --add-opens=java.base/java.net=ALL-UNNAMED --add-opens=java.base/java.util.concurrent.atomic=ALL-UNNAMED -Xmx2048m -Dfile.encoding=UTF-8 -Duser.country=US -Duser.language=en -Duser.variant 
java_command: org.gradle.launcher.daemon.bootstrap.GradleDaemon 7.0.2
java_class_path (initial): C:\Program Files\Java\jdk-17.0.1\wrapper\dists\gradle-7.0.2-bin\857tjihv64xamwrf0h14cai3r\gradle-7.0.2\lib\gradle-launcher-7.0.2.jar
Launcher Type: SUN_STANDARD

[Global flags]
     intx CICompilerCount                          = 3                                         {product} {ergonomic}
     uint ConcGCThreads                            = 1                                         {product} {ergonomic}
     uint G1ConcRefinementThreads                  = 4                                         {product} {ergonomic}
   size_t G1HeapRegionSize                         = 1048576                                   {product} {ergonomic}
    uintx GCDrainStackTargetSize                   = 64                                        {product} {ergonomic}
   size_t InitialHeapSize                          = 67108864                                  {product} {ergonomic}
   size_t MarkStackSize                            = 4194304                                   {product} {ergonomic}
   size_t MaxHeapSize                              = 2147483648                                {product} {command line}
   size_t MaxNewSize                               = 1287651328                                {product} {ergonomic}
   size_t MinHeapDeltaBytes                        = 1048576                                   {product} {ergonomic}
    uintx NonNMethodCodeHeapSize                   = 5830732                                {pd product} {ergonomic}
    uintx NonProfiledCodeHeapSize                  = 122913754                              {pd product} {ergonomic}
    uintx ProfiledCodeHeapSize                     = 122913754                              {pd product} {ergonomic}
    uintx ReservedCodeCacheSize                    = 251658240                              {pd product} {ergonomic}
     bool SegmentedCodeCache                       = true                                      {product} {ergonomic}
     bool UseCompressedClassPointers               = true                                 {lp64_product} {ergonomic}
     bool UseCompressedOops                        = true                                 {lp64_product} {ergonomic}
     bool UseG1GC                                  = true                                      {product} {ergonomic}
     bool UseLargePagesIndividualAllocation        = false                                  {pd product} {ergonomic}

Logging:
Log output configuration:
 #0: stdout all=warning uptime,level,tags
 #1: stderr all=off uptime,level,tags

Environment Variables:
PATH=C:\Program Files\Common Files\Oracle\Java\javapath;C:\WINDOWS\system32;C:\WINDOWS;C:\WINDOWS\System32\Wbem;C:\WINDOWS\System32\WindowsPowerShell\v1.0\;C:\WINDOWS\System32\OpenSSH\;C:\Program Files\dotnet\;C:\Program Files\Microsoft SQL Server\130\Tools\Binn\;C:\Program Files\Microsoft SQL Server\Client SDK\ODBC\170\Tools\Binn\;C:\Program Files (x86)\dotnet\;C:\Program Files\Git\cmd;C:\Users\MinhNgan\AppData\Local\Microsoft\WindowsApps
USERNAME=MinhNgan
OS=Windows_NT
PROCESSOR_IDENTIFIER=Intel64 Family 6 Model 69 Stepping 1, GenuineIntel



---------------  S Y S T E M  ---------------

OS: Windows 10 , 64 bit Build 19041 (10.0.19041.1202)
OS uptime: 0 days 1:02 hours

CPU:total 4 (initial active 4) (2 cores per cpu, 2 threads per core) family 6 model 69 stepping 1 microcode 0x25, cmov, cx8, fxsr, mmx, sse, sse2, sse3, ssse3, sse4.1, sse4.2, popcnt, avx, avx2, aes, clmul, erms, lzcnt, ht, tsc, tscinvbit, bmi1, bmi2, fma

Memory: 4k page, system-wide physical 3979M (89M free)
TotalPageFile size 6979M (AvailPageFile size 48M)
current process WorkingSet (physical memory assigned to process): 269M, peak: 269M
current process commit charge ("private bytes"): 388M, peak: 453M

vm_info: OpenJDK 64-Bit Server VM (11.0.10+0-b96-7249189) for windows-amd64 JRE (11.0.10+0-b96-7249189), built on Mar 31 2021 21:44:00 by "builder" with MS VC++ 14.0 (VS2015)

END.
