#
# There is insufficient memory for the Java Runtime Environment to continue.
# Native memory allocation (mmap) failed to map 28311552 bytes for Failed to commit area from 0x0000000088700000 to 0x000000008a200000 of length 28311552.
# Possible reasons:
#   The system is out of physical RAM or swap space
#   The process is running with CompressedOops enabled, and the Java Heap may be blocking the growth of the native heap
# Possible solutions:
#   Reduce memory load on the system
#   Increase physical memory or swap space
#   Check if swap backing store is full
#   Decrease Java heap size (-Xmx/-Xms)
#   Decrease number of Java threads
#   Decrease Java thread stack sizes (-Xss)
#   Set larger code cache with -XX:ReservedCodeCacheSize=
#   JVM is running with Unscaled Compressed Oops mode in which the Java heap is
#     placed in the first 4GB address space. The Java Heap base address is the
#     maximum limit for the native heap growth. Please use -XX:HeapBaseMinAddress
#     to set the Java Heap base and to place the Java Heap above 4GB virtual address.
# This output file may be truncated or incomplete.
#
#  Out of Memory Error (./src/hotspot/os/windows/os_windows.cpp:3301), pid=7656, tid=8292
#
# JRE version: OpenJDK Runtime Environment (11.0.10) (build 11.0.10+0-b96-7249189)
# Java VM: OpenJDK 64-Bit Server VM (11.0.10+0-b96-7249189, mixed mode, tiered, compressed oops, g1 gc, windows-amd64)
# No core dump will be written. Minidumps are not enabled by default on client versions of Windows
#

---------------  S U M M A R Y ------------

Command Line: --add-opens=java.base/java.util=ALL-UNNAMED --add-opens=java.base/java.lang=ALL-UNNAMED --add-opens=java.base/java.lang.invoke=ALL-UNNAMED --add-opens=java.base/java.util=ALL-UNNAMED --add-opens=java.prefs/java.util.prefs=ALL-UNNAMED --add-opens=java.prefs/java.util.prefs=ALL-UNNAMED --add-opens=java.base/java.nio.charset=ALL-UNNAMED --add-opens=java.base/java.net=ALL-UNNAMED --add-opens=java.base/java.util.concurrent.atomic=ALL-UNNAMED -Xmx2048m -Dfile.encoding=UTF-8 -Duser.country=US -Duser.language=en -Duser.variant org.gradle.launcher.daemon.bootstrap.GradleDaemon 7.0.2

Host: Intel(R) Core(TM) i5-4210U CPU @ 1.70GHz, 4 cores, 3G,  Windows 10 , 64 bit Build 19041 (10.0.19041.1202)
Time: Mon Nov  8 21:18:38 2021 SE Asia Standard Time elapsed time: 21.298339 seconds (0d 0h 0m 21s)

---------------  T H R E A D  ---------------

Current thread (0x000001b4781c1000):  VMThread "VM Thread" [stack: 0x00000027dce00000,0x00000027dcf00000] [id=8292]

Stack: [0x00000027dce00000,0x00000027dcf00000]
[error occurred during error reporting (printing stack bounds), id 0xc0000005, EXCEPTION_ACCESS_VIOLATION (0xc0000005) at pc=0x000001b461980f2d]

Native frames: (J=compiled Java code, j=interpreted, Vv=VM code, C=native code)
V  [jvm.dll+0x5ecfaa]
V  [jvm.dll+0x722bd5]
V  [jvm.dll+0x72412d]
V  [jvm.dll+0x724745]
V  [jvm.dll+0x7246fb]
V  [jvm.dll+0x5ec348]
V  [jvm.dll+0x5ecad8]
C  [ntdll.dll+0xa20cf]
C  [ntdll.dll+0x51454]
C  [ntdll.dll+0xa0bfe]
C  0x000001b461980f2d

VM_Operation (0x00000027df7fb140): G1CollectForAllocation, mode: safepoint, requested by thread 0x000001b47d53f000


---------------  P R O C E S S  ---------------

Threads class SMR info:
_java_thread_list=0x000001b400f3ecf0, length=47, elements={
0x000001b45de6d000, 0x000001b4781c7800, 0x000001b4781c9800, 0x000001b478220800,
0x000001b478222000, 0x000001b478227800, 0x000001b478230800, 0x000001b478235000,
0x000001b478238000, 0x000001b478cac800, 0x000001b47a21c000, 0x000001b47a19d000,
0x000001b47aacb800, 0x000001b47aacc000, 0x000001b47a6bb800, 0x000001b47a6ea000,
0x000001b47a6ea800, 0x000001b47a2ab800, 0x000001b47a2ac800, 0x000001b479e39000,
0x000001b479e39800, 0x000001b479e37000, 0x000001b479e38000, 0x000001b47b4e3000,
0x000001b47b4e2000, 0x000001b47b4e7000, 0x000001b47b4e3800, 0x000001b47b4e4800,
0x000001b47b4e5800, 0x000001b47b4e1000, 0x000001b47b4e7800, 0x000001b47d541800,
0x000001b47d53e800, 0x000001b47d543800, 0x000001b47d540000, 0x000001b47d545000,
0x000001b47d544000, 0x000001b47d53f000, 0x000001b47d545800, 0x000001b47d546800,
0x000001b47d541000, 0x000001b47d54b800, 0x000001b47d54c800, 0x000001b47d54d000,
0x000001b47d547800, 0x000001b47d548000, 0x000001b47d54a800
}

Java Threads: ( => current thread )
  0x000001b45de6d000 JavaThread "main" [_thread_blocked, id=6908, stack(0x00000027dc800000,0x00000027dc900000)]
  0x000001b4781c7800 JavaThread "Reference Handler" daemon [_thread_blocked, id=4464, stack(0x00000027dcf00000,0x00000027dd000000)]
  0x000001b4781c9800 JavaThread "Finalizer" daemon [_thread_blocked, id=10204, stack(0x00000027dd000000,0x00000027dd100000)]
  0x000001b478220800 JavaThread "Signal Dispatcher" daemon [_thread_blocked, id=3676, stack(0x00000027dd100000,0x00000027dd200000)]
  0x000001b478222000 JavaThread "Attach Listener" daemon [_thread_blocked, id=8988, stack(0x00000027dd200000,0x00000027dd300000)]
  0x000001b478227800 JavaThread "Service Thread" daemon [_thread_blocked, id=7152, stack(0x00000027dd300000,0x00000027dd400000)]
  0x000001b478230800 JavaThread "C2 CompilerThread0" daemon [_thread_in_native, id=4276, stack(0x00000027dd400000,0x00000027dd500000)]
  0x000001b478235000 JavaThread "C1 CompilerThread0" daemon [_thread_blocked, id=1880, stack(0x00000027dd500000,0x00000027dd600000)]
  0x000001b478238000 JavaThread "Sweeper thread" daemon [_thread_blocked, id=3020, stack(0x00000027dd600000,0x00000027dd700000)]
  0x000001b478cac800 JavaThread "Common-Cleaner" daemon [_thread_blocked, id=464, stack(0x00000027dd700000,0x00000027dd800000)]
  0x000001b47a21c000 JavaThread "Daemon health stats" [_thread_blocked, id=10136, stack(0x00000027dda00000,0x00000027ddb00000)]
  0x000001b47a19d000 JavaThread "Incoming local TCP Connector on port 50320" [_thread_in_native, id=8900, stack(0x00000027ddb00000,0x00000027ddc00000)]
  0x000001b47aacb800 JavaThread "Daemon" [_thread_blocked, id=10124, stack(0x00000027ddc00000,0x00000027ddd00000)]
  0x000001b47aacc000 JavaThread "Daemon periodic checks" [_thread_blocked, id=6372, stack(0x00000027ddd00000,0x00000027dde00000)]
  0x000001b47a6bb800 JavaThread "Handler for socket connection from /127.0.0.1:50320 to /127.0.0.1:50321" [_thread_in_native, id=4132, stack(0x00000027dde00000,0x00000027ddf00000)]
  0x000001b47a6ea000 JavaThread "Cancel handler" [_thread_blocked, id=3636, stack(0x00000027ddf00000,0x00000027de000000)]
  0x000001b47a6ea800 JavaThread "Daemon worker" [_thread_blocked, id=5804, stack(0x00000027de000000,0x00000027de100000)]
  0x000001b47a2ab800 JavaThread "Asynchronous log dispatcher for DefaultDaemonConnection: socket connection from /127.0.0.1:50320 to /127.0.0.1:50321" [_thread_blocked, id=4092, stack(0x00000027de100000,0x00000027de200000)]
  0x000001b47a2ac800 JavaThread "Stdin handler" [_thread_blocked, id=5444, stack(0x00000027de200000,0x00000027de300000)]
  0x000001b479e39000 JavaThread "Daemon client event forwarder" [_thread_blocked, id=4864, stack(0x00000027de300000,0x00000027de400000)]
  0x000001b479e39800 JavaThread "Cache worker for file hash cache (C:\Users\MinhNgan\.gradle\caches\7.0.2\fileHashes)" [_thread_blocked, id=3008, stack(0x00000027de600000,0x00000027de700000)]
  0x000001b479e37000 JavaThread "File lock request listener" [_thread_in_native, id=2408, stack(0x00000027de700000,0x00000027de800000)]
  0x000001b479e38000 JavaThread "Cache worker for journal cache (C:\Users\MinhNgan\.gradle\caches\journal-1)" [_thread_blocked, id=2068, stack(0x00000027de800000,0x00000027de900000)]
  0x000001b47b4e3000 JavaThread "Cache worker for file hash cache (C:\Users\MinhNgan\AndroidStudioProjects\Android_hepat\.gradle\7.0.2\fileHashes)" [_thread_blocked, id=9724, stack(0x00000027de900000,0x00000027dea00000)]
  0x000001b47b4e2000 JavaThread "File watcher server" daemon [_thread_blocked, id=6752, stack(0x00000027dea00000,0x00000027deb00000)]
  0x000001b47b4e7000 JavaThread "File watcher consumer" daemon [_thread_blocked, id=7384, stack(0x00000027deb00000,0x00000027dec00000)]
  0x000001b47b4e3800 JavaThread "Cache worker for checksums cache (C:\Users\MinhNgan\AndroidStudioProjects\Android_hepat\.gradle\checksums)" [_thread_blocked, id=3888, stack(0x00000027dec00000,0x00000027ded00000)]
  0x000001b47b4e4800 JavaThread "Cache worker for cache directory md-supplier (C:\Users\MinhNgan\.gradle\caches\7.0.2\md-supplier)" [_thread_blocked, id=1328, stack(0x00000027ded00000,0x00000027dee00000)]
  0x000001b47b4e5800 JavaThread "Cache worker for cache directory md-rule (C:\Users\MinhNgan\.gradle\caches\7.0.2\md-rule)" [_thread_blocked, id=7836, stack(0x00000027dee00000,0x00000027def00000)]
  0x000001b47b4e1000 JavaThread "Cache worker for execution history cache (C:\Users\MinhNgan\.gradle\caches\7.0.2\executionHistory)" [_thread_blocked, id=2376, stack(0x00000027def00000,0x00000027df000000)]
  0x000001b47b4e7800 JavaThread "jar transforms" [_thread_blocked, id=8436, stack(0x00000027df000000,0x00000027df100000)]
  0x000001b47d541800 JavaThread "jar transforms Thread 2" [_thread_blocked, id=3024, stack(0x00000027df100000,0x00000027df200000)]
  0x000001b47d53e800 JavaThread "Cache worker for file content cache (C:\Users\MinhNgan\.gradle\caches\7.0.2\fileContent)" [_thread_blocked, id=9328, stack(0x00000027df200000,0x00000027df300000)]
  0x000001b47d543800 JavaThread "Cache worker for dependencies-accessors (C:\Users\MinhNgan\AndroidStudioProjects\Android_hepat\.gradle\7.0.2\dependencies-accessors)" [_thread_blocked, id=4560, stack(0x00000027df300000,0x00000027df400000)]
  0x000001b47d540000 JavaThread "jar transforms Thread 3" [_thread_blocked, id=7560, stack(0x00000027df400000,0x00000027df500000)]
  0x000001b47d545000 JavaThread "Cache worker for Build Output Cleanup Cache (C:\Users\MinhNgan\AndroidStudioProjects\Android_hepat\.gradle\buildOutputCleanup)" [_thread_blocked, id=6264, stack(0x00000027df500000,0x00000027df600000)]
  0x000001b47d544000 JavaThread "Build operations" [_thread_blocked, id=1448, stack(0x00000027df600000,0x00000027df700000)]
  0x000001b47d53f000 JavaThread "Build operations Thread 2" [_thread_blocked, id=3396, stack(0x00000027df700000,0x00000027df800000)]
  0x000001b47d545800 JavaThread "Build operations Thread 3" [_thread_blocked, id=4932, stack(0x00000027df800000,0x00000027df900000)]
  0x000001b47d546800 JavaThread "Build operations Thread 4" [_thread_blocked, id=8380, stack(0x00000027df900000,0x00000027dfa00000)]
  0x000001b47d541000 JavaThread "jar transforms Thread 4" [_thread_blocked, id=9868, stack(0x00000027dfa00000,0x00000027dfb00000)]
  0x000001b47d54b800 JavaThread "Memory manager" [_thread_blocked, id=7660, stack(0x00000027dfb00000,0x00000027dfc00000)]
  0x000001b47d54c800 JavaThread "build event listener" [_thread_blocked, id=10128, stack(0x00000027dfc00000,0x00000027dfd00000)]
  0x000001b47d54d000 JavaThread "Execution worker for ':'" [_thread_blocked, id=1100, stack(0x00000027dfd00000,0x00000027dfe00000)]
  0x000001b47d547800 JavaThread "Execution worker for ':' Thread 2" [_thread_blocked, id=8240, stack(0x00000027dfe00000,0x00000027dff00000)]
  0x000001b47d548000 JavaThread "Execution worker for ':' Thread 3" [_thread_blocked, id=3332, stack(0x00000027dff00000,0x00000027e0000000)]
  0x000001b47d54a800 JavaThread "Cache worker for execution history cache (C:\Users\MinhNgan\AndroidStudioProjects\Android_hepat\.gradle\7.0.2\executionHistory)" [_thread_blocked, id=2228, stack(0x00000027e0000000,0x00000027e0100000)]

Other Threads:
=>0x000001b4781c1000 VMThread "VM Thread" [stack: 0x00000027dce00000,0x00000027dcf00000] [id=8292]
  0x000001b478cc2000 WatcherThread [stack: 0x00000027dd800000,0x00000027dd900000] [id=9980]
  0x000001b45de85000 GCTaskThread "GC Thread#0" [stack: 0x00000027dc900000,0x00000027dca00000] [id=7424]
  0x000001b478be5800 GCTaskThread "GC Thread#1" [stack: 0x00000027dd900000,0x00000027dda00000] [id=6784]
  0x000001b478be2800 GCTaskThread "GC Thread#2" [stack: 0x00000027de400000,0x00000027de500000] [id=10036]
  0x000001b478be0000 GCTaskThread "GC Thread#3" [stack: 0x00000027de500000,0x00000027de600000] [id=6236]
  0x000001b45deb4800 ConcurrentGCThread "G1 Main Marker" [stack: 0x00000027dca00000,0x00000027dcb00000] [id=1596]
  0x000001b45deb8000 ConcurrentGCThread "G1 Conc#0" [stack: 0x00000027dcb00000,0x00000027dcc00000] [id=6844]
  0x000001b45df10000 ConcurrentGCThread "G1 Refine#0" [stack: 0x00000027dcc00000,0x00000027dcd00000] [id=3812]
  0x000001b45df11000 ConcurrentGCThread "G1 Young RemSet Sampling" [stack: 0x00000027dcd00000,0x00000027dce00000] [id=1016]

Threads with active compile tasks:
C2 CompilerThread0  21341 8637       4       org.gradle.cache.internal.btree.FreeListBlockStore::read (12 bytes)

VM state:at safepoint (normal execution)

VM Mutex/Monitor currently owned by a thread:  ([mutex/lock_event])
[0x000001b45de6acb0] Threads_lock - owner thread: 0x000001b4781c1000
[0x000001b45de69480] Heap_lock - owner thread: 0x000001b47d53f000

Heap address: 0x0000000080000000, size: 2048 MB, Compressed Oops mode: 32-bit
Narrow klass base: 0x0000000000000000, Narrow klass shift: 3
Compressed class space size: 1073741824 Address: 0x0000000100000000

Heap:
 garbage-first heap   total 165888K, used 70058K [0x0000000080000000, 0x0000000100000000)
  region size 1024K, 7 young (7168K), 7 survivors (7168K)
 Metaspace       used 79437K, capacity 81519K, committed 81596K, reserved 1120256K
  class space    used 10375K, capacity 11105K, committed 11136K, reserved 1048576K
Heap Regions: E=young(eden), S=young(survivor), O=old, HS=humongous(starts), HC=humongous(continues), CS=collection set, F=free, A=archive, TAMS=top-at-mark-start (previous, next)
|   0|0x0000000080000000, 0x0000000080100000, 0x0000000080100000|100%| O|  |TAMS 0x0000000080100000, 0x0000000080000000| Untracked 
|   1|0x0000000080100000, 0x0000000080200000, 0x0000000080200000|100%| O|  |TAMS 0x0000000080200000, 0x0000000080100000| Untracked 
|   2|0x0000000080200000, 0x0000000080300000, 0x0000000080300000|100%| O|  |TAMS 0x0000000080300000, 0x0000000080200000| Untracked 
|   3|0x0000000080300000, 0x0000000080400000, 0x0000000080400000|100%|HS|  |TAMS 0x0000000080400000, 0x0000000080300000| Complete 
|   4|0x0000000080400000, 0x0000000080500000, 0x0000000080500000|100%|HC|  |TAMS 0x0000000080500000, 0x0000000080400000| Complete 
|   5|0x0000000080500000, 0x0000000080600000, 0x0000000080600000|100%|HC|  |TAMS 0x0000000080600000, 0x0000000080500000| Complete 
|   6|0x0000000080600000, 0x0000000080700000, 0x0000000080700000|100%| O|  |TAMS 0x0000000080700000, 0x0000000080600000| Untracked 
|   7|0x0000000080700000, 0x0000000080800000, 0x0000000080800000|100%| O|  |TAMS 0x0000000080800000, 0x0000000080700000| Untracked 
|   8|0x0000000080800000, 0x0000000080900000, 0x0000000080900000|100%| O|  |TAMS 0x0000000080900000, 0x0000000080800000| Untracked 
|   9|0x0000000080900000, 0x0000000080a00000, 0x0000000080a00000|100%| O|  |TAMS 0x0000000080a00000, 0x0000000080900000| Untracked 
|  10|0x0000000080a00000, 0x0000000080b00000, 0x0000000080b00000|100%| O|  |TAMS 0x0000000080b00000, 0x0000000080a00000| Untracked 
|  11|0x0000000080b00000, 0x0000000080c00000, 0x0000000080c00000|100%| O|  |TAMS 0x0000000080c00000, 0x0000000080b00000| Untracked 
|  12|0x0000000080c00000, 0x0000000080d00000, 0x0000000080d00000|100%| O|  |TAMS 0x0000000080d00000, 0x0000000080c00000| Untracked 
|  13|0x0000000080d00000, 0x0000000080e00000, 0x0000000080e00000|100%| O|  |TAMS 0x0000000080e00000, 0x0000000080d00000| Untracked 
|  14|0x0000000080e00000, 0x0000000080f00000, 0x0000000080f00000|100%| O|  |TAMS 0x0000000080f00000, 0x0000000080e00000| Untracked 
|  15|0x0000000080f00000, 0x0000000081000000, 0x0000000081000000|100%| O|  |TAMS 0x0000000081000000, 0x0000000080f00000| Untracked 
|  16|0x0000000081000000, 0x0000000081100000, 0x0000000081100000|100%| O|  |TAMS 0x0000000081100000, 0x0000000081000000| Untracked 
|  17|0x0000000081100000, 0x0000000081200000, 0x0000000081200000|100%| O|  |TAMS 0x0000000081200000, 0x0000000081100000| Untracked 
|  18|0x0000000081200000, 0x0000000081300000, 0x0000000081300000|100%| O|  |TAMS 0x0000000081300000, 0x0000000081200000| Untracked 
|  19|0x0000000081300000, 0x0000000081400000, 0x0000000081400000|100%| O|  |TAMS 0x0000000081400000, 0x0000000081300000| Untracked 
|  20|0x0000000081400000, 0x0000000081500000, 0x0000000081500000|100%| O|  |TAMS 0x0000000081500000, 0x0000000081400000| Untracked 
|  21|0x0000000081500000, 0x0000000081600000, 0x0000000081600000|100%| O|  |TAMS 0x0000000081600000, 0x0000000081500000| Untracked 
|  22|0x0000000081600000, 0x0000000081700000, 0x0000000081700000|100%| O|  |TAMS 0x0000000081700000, 0x0000000081600000| Untracked 
|  23|0x0000000081700000, 0x0000000081800000, 0x0000000081800000|100%| O|  |TAMS 0x0000000081800000, 0x0000000081700000| Untracked 
|  24|0x0000000081800000, 0x0000000081900000, 0x0000000081900000|100%|HS|  |TAMS 0x0000000081900000, 0x0000000081800000| Complete 
|  25|0x0000000081900000, 0x0000000081a00000, 0x0000000081a00000|100%| O|  |TAMS 0x0000000081a00000, 0x0000000081900000| Untracked 
|  26|0x0000000081a00000, 0x0000000081b00000, 0x0000000081b00000|100%| O|  |TAMS 0x0000000081b00000, 0x0000000081a00000| Untracked 
|  27|0x0000000081b00000, 0x0000000081c00000, 0x0000000081c00000|100%| O|  |TAMS 0x0000000081c00000, 0x0000000081b00000| Untracked 
|  28|0x0000000081c00000, 0x0000000081d00000, 0x0000000081d00000|100%|HS|  |TAMS 0x0000000081d00000, 0x0000000081c00000| Complete 
|  29|0x0000000081d00000, 0x0000000081e00000, 0x0000000081e00000|100%|HS|  |TAMS 0x0000000081e00000, 0x0000000081d00000| Complete 
|  30|0x0000000081e00000, 0x0000000081f00000, 0x0000000081f00000|100%|HC|  |TAMS 0x0000000081f00000, 0x0000000081e00000| Complete 
|  31|0x0000000081f00000, 0x0000000082000000, 0x0000000082000000|100%| O|  |TAMS 0x0000000082000000, 0x0000000081f00000| Untracked 
|  32|0x0000000082000000, 0x0000000082100000, 0x0000000082100000|100%| O|  |TAMS 0x0000000082100000, 0x0000000082000000| Untracked 
|  33|0x0000000082100000, 0x0000000082200000, 0x0000000082200000|100%| O|  |TAMS 0x0000000082200000, 0x0000000082100000| Untracked 
|  34|0x0000000082200000, 0x0000000082300000, 0x0000000082300000|100%| O|  |TAMS 0x0000000082300000, 0x0000000082200000| Untracked 
|  35|0x0000000082300000, 0x0000000082400000, 0x0000000082400000|100%| O|  |TAMS 0x0000000082400000, 0x0000000082300000| Untracked 
|  36|0x0000000082400000, 0x0000000082500000, 0x0000000082500000|100%| O|  |TAMS 0x0000000082500000, 0x0000000082400000| Untracked 
|  37|0x0000000082500000, 0x0000000082600000, 0x0000000082600000|100%| O|  |TAMS 0x0000000082600000, 0x0000000082500000| Untracked 
|  38|0x0000000082600000, 0x0000000082700000, 0x0000000082700000|100%| O|  |TAMS 0x0000000082700000, 0x0000000082600000| Untracked 
|  39|0x0000000082700000, 0x0000000082800000, 0x0000000082800000|100%| O|  |TAMS 0x0000000082800000, 0x0000000082700000| Untracked 
|  40|0x0000000082800000, 0x0000000082900000, 0x0000000082900000|100%| O|  |TAMS 0x0000000082900000, 0x0000000082800000| Untracked 
|  41|0x0000000082900000, 0x0000000082a00000, 0x0000000082a00000|100%| O|  |TAMS 0x0000000082a00000, 0x0000000082900000| Untracked 
|  42|0x0000000082a00000, 0x0000000082b00000, 0x0000000082b00000|100%| O|  |TAMS 0x0000000082b00000, 0x0000000082a00000| Untracked 
|  43|0x0000000082b00000, 0x0000000082c00000, 0x0000000082c00000|100%| O|  |TAMS 0x0000000082c00000, 0x0000000082b00000| Untracked 
|  44|0x0000000082c00000, 0x0000000082d00000, 0x0000000082d00000|100%| O|  |TAMS 0x0000000082d00000, 0x0000000082c00000| Untracked 
|  45|0x0000000082d00000, 0x0000000082e00000, 0x0000000082e00000|100%| O|  |TAMS 0x0000000082e00000, 0x0000000082d00000| Untracked 
|  46|0x0000000082e00000, 0x0000000082f00000, 0x0000000082f00000|100%| O|  |TAMS 0x0000000082f00000, 0x0000000082e00000| Untracked 
|  47|0x0000000082f00000, 0x0000000083000000, 0x0000000083000000|100%| O|  |TAMS 0x0000000083000000, 0x0000000082f00000| Untracked 
|  48|0x0000000083000000, 0x0000000083100000, 0x0000000083100000|100%| O|  |TAMS 0x0000000083100000, 0x0000000083000000| Untracked 
|  49|0x0000000083100000, 0x0000000083200000, 0x0000000083200000|100%| O|  |TAMS 0x0000000083200000, 0x0000000083100000| Untracked 
|  50|0x0000000083200000, 0x0000000083300000, 0x0000000083300000|100%| O|  |TAMS 0x0000000083297a00, 0x0000000083200000| Untracked 
|  51|0x0000000083300000, 0x0000000083400000, 0x0000000083400000|100%| O|  |TAMS 0x0000000083300000, 0x0000000083300000| Untracked 
|  52|0x0000000083400000, 0x0000000083500000, 0x0000000083500000|100%| O|  |TAMS 0x0000000083400000, 0x0000000083400000| Untracked 
|  53|0x0000000083500000, 0x0000000083600000, 0x0000000083600000|100%| O|  |TAMS 0x0000000083500000, 0x0000000083500000| Untracked 
|  54|0x0000000083600000, 0x0000000083700000, 0x0000000083700000|100%| O|  |TAMS 0x0000000083600000, 0x0000000083600000| Untracked 
|  55|0x0000000083700000, 0x0000000083800000, 0x0000000083800000|100%| O|  |TAMS 0x0000000083700000, 0x0000000083700000| Untracked 
|  56|0x0000000083800000, 0x0000000083900000, 0x0000000083900000|100%| O|  |TAMS 0x0000000083800000, 0x0000000083800000| Untracked 
|  57|0x0000000083900000, 0x0000000083a00000, 0x0000000083a00000|100%| O|  |TAMS 0x0000000083900000, 0x0000000083900000| Untracked 
|  58|0x0000000083a00000, 0x0000000083b00000, 0x0000000083b00000|100%| O|  |TAMS 0x0000000083a00000, 0x0000000083a00000| Untracked 
|  59|0x0000000083b00000, 0x0000000083c00000, 0x0000000083c00000|100%| O|  |TAMS 0x0000000083b00000, 0x0000000083b00000| Untracked 
|  60|0x0000000083c00000, 0x0000000083d00000, 0x0000000083d00000|100%| O|  |TAMS 0x0000000083c00000, 0x0000000083c00000| Untracked 
|  61|0x0000000083d00000, 0x0000000083d87c00, 0x0000000083e00000| 53%| O|  |TAMS 0x0000000083d00000, 0x0000000083d00000| Untracked 
|  62|0x0000000083e00000, 0x0000000083e00000, 0x0000000083f00000|  0%| F|  |TAMS 0x0000000083e00000, 0x0000000083e00000| Untracked 
|  63|0x0000000083f00000, 0x0000000083f00000, 0x0000000084000000|  0%| F|  |TAMS 0x0000000083f00000, 0x0000000083f00000| Untracked 
|  64|0x0000000084000000, 0x0000000084000000, 0x0000000084100000|  0%| F|  |TAMS 0x0000000084000000, 0x0000000084000000| Untracked 
|  65|0x0000000084100000, 0x0000000084100000, 0x0000000084200000|  0%| F|  |TAMS 0x0000000084100000, 0x0000000084100000| Untracked 
|  66|0x0000000084200000, 0x0000000084200000, 0x0000000084300000|  0%| F|  |TAMS 0x0000000084200000, 0x0000000084200000| Untracked 
|  67|0x0000000084300000, 0x0000000084300000, 0x0000000084400000|  0%| F|  |TAMS 0x0000000084300000, 0x0000000084300000| Untracked 
|  68|0x0000000084400000, 0x0000000084400000, 0x0000000084500000|  0%| F|  |TAMS 0x0000000084400000, 0x0000000084400000| Untracked 
|  69|0x0000000084500000, 0x0000000084500000, 0x0000000084600000|  0%| F|  |TAMS 0x0000000084500000, 0x0000000084500000| Untracked 
|  70|0x0000000084600000, 0x0000000084600000, 0x0000000084700000|  0%| F|  |TAMS 0x0000000084600000, 0x0000000084600000| Untracked 
|  71|0x0000000084700000, 0x0000000084700000, 0x0000000084800000|  0%| F|  |TAMS 0x0000000084700000, 0x0000000084700000| Untracked 
|  72|0x0000000084800000, 0x0000000084800000, 0x0000000084900000|  0%| F|  |TAMS 0x0000000084800000, 0x0000000084800000| Untracked 
|  73|0x0000000084900000, 0x0000000084900000, 0x0000000084a00000|  0%| F|  |TAMS 0x0000000084900000, 0x0000000084900000| Untracked 
|  74|0x0000000084a00000, 0x0000000084a00000, 0x0000000084b00000|  0%| F|  |TAMS 0x0000000084a00000, 0x0000000084a00000| Untracked 
|  75|0x0000000084b00000, 0x0000000084b00000, 0x0000000084c00000|  0%| F|  |TAMS 0x0000000084b00000, 0x0000000084b00000| Untracked 
|  76|0x0000000084c00000, 0x0000000084c00000, 0x0000000084d00000|  0%| F|  |TAMS 0x0000000084c00000, 0x0000000084c00000| Untracked 
|  77|0x0000000084d00000, 0x0000000084d00000, 0x0000000084e00000|  0%| F|  |TAMS 0x0000000084d00000, 0x0000000084d00000| Untracked 
|  78|0x0000000084e00000, 0x0000000084e00000, 0x0000000084f00000|  0%| F|  |TAMS 0x0000000084e00000, 0x0000000084e00000| Untracked 
|  79|0x0000000084f00000, 0x0000000084fe2e18, 0x0000000085000000| 88%| S|CS|TAMS 0x0000000084f00000, 0x0000000084f00000| Complete 
|  80|0x0000000085000000, 0x0000000085100000, 0x0000000085100000|100%| S|CS|TAMS 0x0000000085000000, 0x0000000085000000| Complete 
|  81|0x0000000085100000, 0x0000000085200000, 0x0000000085200000|100%| S|CS|TAMS 0x0000000085100000, 0x0000000085100000| Complete 
|  82|0x0000000085200000, 0x0000000085300000, 0x0000000085300000|100%| S|CS|TAMS 0x0000000085200000, 0x0000000085200000| Complete 
|  83|0x0000000085300000, 0x0000000085400000, 0x0000000085400000|100%| S|CS|TAMS 0x0000000085300000, 0x0000000085300000| Complete 
|  84|0x0000000085400000, 0x0000000085500000, 0x0000000085500000|100%| S|CS|TAMS 0x0000000085400000, 0x0000000085400000| Complete 
|  85|0x0000000085500000, 0x0000000085500000, 0x0000000085600000|  0%| F|  |TAMS 0x0000000085500000, 0x0000000085500000| Untracked 
|  86|0x0000000085600000, 0x0000000085600000, 0x0000000085700000|  0%| F|  |TAMS 0x0000000085600000, 0x0000000085600000| Untracked 
|  87|0x0000000085700000, 0x0000000085700000, 0x0000000085800000|  0%| F|  |TAMS 0x0000000085700000, 0x0000000085700000| Untracked 
|  88|0x0000000085800000, 0x0000000085800000, 0x0000000085900000|  0%| F|  |TAMS 0x0000000085800000, 0x0000000085800000| Untracked 
|  89|0x0000000085900000, 0x0000000085900000, 0x0000000085a00000|  0%| F|  |TAMS 0x0000000085900000, 0x0000000085900000| Untracked 
|  90|0x0000000085a00000, 0x0000000085a00000, 0x0000000085b00000|  0%| F|  |TAMS 0x0000000085a00000, 0x0000000085a00000| Untracked 
|  91|0x0000000085b00000, 0x0000000085c00000, 0x0000000085c00000|100%| S|CS|TAMS 0x0000000085b00000, 0x0000000085b00000| Complete 
|  92|0x0000000085c00000, 0x0000000085c00000, 0x0000000085d00000|  0%| F|  |TAMS 0x0000000085c00000, 0x0000000085c00000| Untracked 
|  93|0x0000000085d00000, 0x0000000085d00000, 0x0000000085e00000|  0%| F|  |TAMS 0x0000000085d00000, 0x0000000085d00000| Untracked 
|  94|0x0000000085e00000, 0x0000000085e00000, 0x0000000085f00000|  0%| F|  |TAMS 0x0000000085e00000, 0x0000000085e00000| Untracked 
|  95|0x0000000085f00000, 0x0000000085f00000, 0x0000000086000000|  0%| F|  |TAMS 0x0000000085f00000, 0x0000000085f00000| Untracked 
|  96|0x0000000086000000, 0x0000000086000000, 0x0000000086100000|  0%| F|  |TAMS 0x0000000086000000, 0x0000000086000000| Untracked 
|  97|0x0000000086100000, 0x0000000086100000, 0x0000000086200000|  0%| F|  |TAMS 0x0000000086100000, 0x0000000086100000| Untracked 
|  98|0x0000000086200000, 0x0000000086200000, 0x0000000086300000|  0%| F|  |TAMS 0x0000000086200000, 0x0000000086200000| Untracked 
|  99|0x0000000086300000, 0x0000000086300000, 0x0000000086400000|  0%| F|  |TAMS 0x0000000086300000, 0x0000000086300000| Untracked 
| 100|0x0000000086400000, 0x0000000086400000, 0x0000000086500000|  0%| F|  |TAMS 0x0000000086400000, 0x0000000086400000| Untracked 
| 101|0x0000000086500000, 0x0000000086500000, 0x0000000086600000|  0%| F|  |TAMS 0x0000000086500000, 0x0000000086500000| Untracked 
| 102|0x0000000086600000, 0x0000000086600000, 0x0000000086700000|  0%| F|  |TAMS 0x0000000086600000, 0x0000000086600000| Untracked 
| 103|0x0000000086700000, 0x0000000086700000, 0x0000000086800000|  0%| F|  |TAMS 0x0000000086700000, 0x0000000086700000| Untracked 
| 104|0x0000000086800000, 0x0000000086800000, 0x0000000086900000|  0%| F|  |TAMS 0x0000000086800000, 0x0000000086800000| Untracked 
| 105|0x0000000086900000, 0x0000000086900000, 0x0000000086a00000|  0%| F|  |TAMS 0x0000000086900000, 0x0000000086900000| Untracked 
| 106|0x0000000086a00000, 0x0000000086a00000, 0x0000000086b00000|  0%| F|  |TAMS 0x0000000086a00000, 0x0000000086a00000| Untracked 
| 107|0x0000000086b00000, 0x0000000086b00000, 0x0000000086c00000|  0%| F|  |TAMS 0x0000000086b00000, 0x0000000086b00000| Untracked 
| 108|0x0000000086c00000, 0x0000000086c00000, 0x0000000086d00000|  0%| F|  |TAMS 0x0000000086c00000, 0x0000000086c00000| Untracked 
| 109|0x0000000086d00000, 0x0000000086d00000, 0x0000000086e00000|  0%| F|  |TAMS 0x0000000086d00000, 0x0000000086d00000| Untracked 
| 110|0x0000000086e00000, 0x0000000086e00000, 0x0000000086f00000|  0%| F|  |TAMS 0x0000000086e00000, 0x0000000086e00000| Untracked 
| 111|0x0000000086f00000, 0x0000000086f00000, 0x0000000087000000|  0%| F|  |TAMS 0x0000000086f00000, 0x0000000086f00000| Untracked 
| 112|0x0000000087000000, 0x0000000087000000, 0x0000000087100000|  0%| F|  |TAMS 0x0000000087000000, 0x0000000087000000| Untracked 
| 113|0x0000000087100000, 0x0000000087100000, 0x0000000087200000|  0%| F|  |TAMS 0x0000000087100000, 0x0000000087100000| Untracked 
| 114|0x0000000087200000, 0x0000000087200000, 0x0000000087300000|  0%| F|  |TAMS 0x0000000087200000, 0x0000000087200000| Untracked 
| 115|0x0000000087300000, 0x0000000087300000, 0x0000000087400000|  0%| F|  |TAMS 0x0000000087300000, 0x0000000087300000| Untracked 
| 116|0x0000000087400000, 0x0000000087400000, 0x0000000087500000|  0%| F|  |TAMS 0x0000000087400000, 0x0000000087400000| Untracked 
| 117|0x0000000087500000, 0x0000000087500000, 0x0000000087600000|  0%| F|  |TAMS 0x0000000087500000, 0x0000000087500000| Untracked 
| 118|0x0000000087600000, 0x0000000087600000, 0x0000000087700000|  0%| F|  |TAMS 0x0000000087600000, 0x0000000087600000| Untracked 
| 119|0x0000000087700000, 0x0000000087700000, 0x0000000087800000|  0%| F|  |TAMS 0x0000000087700000, 0x0000000087700000| Untracked 
| 120|0x0000000087800000, 0x0000000087800000, 0x0000000087900000|  0%| F|  |TAMS 0x0000000087800000, 0x0000000087800000| Untracked 
| 121|0x0000000087900000, 0x0000000087900000, 0x0000000087a00000|  0%| F|  |TAMS 0x0000000087900000, 0x0000000087900000| Untracked 
| 122|0x0000000087a00000, 0x0000000087a00000, 0x0000000087b00000|  0%| F|  |TAMS 0x0000000087a00000, 0x0000000087a00000| Untracked 
| 123|0x0000000087b00000, 0x0000000087b00000, 0x0000000087c00000|  0%| F|  |TAMS 0x0000000087b00000, 0x0000000087b00000| Untracked 
| 124|0x0000000087c00000, 0x0000000087c00000, 0x0000000087d00000|  0%| F|  |TAMS 0x0000000087c00000, 0x0000000087c00000| Untracked 
| 125|0x0000000087d00000, 0x0000000087d00000, 0x0000000087e00000|  0%| F|  |TAMS 0x0000000087d00000, 0x0000000087d00000| Untracked 
| 126|0x0000000087e00000, 0x0000000087e00000, 0x0000000087f00000|  0%| F|  |TAMS 0x0000000087e00000, 0x0000000087e00000| Untracked 
| 127|0x0000000087f00000, 0x0000000087f00000, 0x0000000088000000|  0%| F|  |TAMS 0x0000000087f00000, 0x0000000087f00000| Untracked 
| 128|0x0000000088000000, 0x0000000088000000, 0x0000000088100000|  0%| F|  |TAMS 0x0000000088000000, 0x0000000088000000| Untracked 
| 129|0x0000000088100000, 0x0000000088100000, 0x0000000088200000|  0%| F|  |TAMS 0x0000000088100000, 0x0000000088100000| Untracked 
| 130|0x0000000088200000, 0x0000000088200000, 0x0000000088300000|  0%| F|  |TAMS 0x0000000088200000, 0x0000000088200000| Untracked 
| 131|0x0000000088300000, 0x0000000088300000, 0x0000000088400000|  0%| F|  |TAMS 0x0000000088300000, 0x0000000088300000| Untracked 
| 132|0x0000000088400000, 0x0000000088400000, 0x0000000088500000|  0%| F|  |TAMS 0x0000000088400000, 0x0000000088400000| Untracked 
| 133|0x0000000088500000, 0x0000000088500000, 0x0000000088600000|  0%| F|  |TAMS 0x0000000088500000, 0x0000000088500000| Untracked 
| 134|0x0000000088600000, 0x0000000088600000, 0x0000000088700000|  0%| F|  |TAMS 0x0000000088600000, 0x0000000088600000| Untracked 

Card table byte_map: [0x000001b4713b0000,0x000001b4717b0000] _byte_map_base: 0x000001b470fb0000

Marking Bits (Prev, Next): (CMBitMap*) 0x000001b45deabd50, (CMBitMap*) 0x000001b45deabd18
 Prev Bits: [0x000001b473bb0000, 0x000001b475bb0000)
 Next Bits: [0x000001b471bb0000, 0x000001b473bb0000)

Polling page: 0x000001b461960000

Metaspace:

Usage:
  Non-class:     68.76 MB capacity,    67.44 MB ( 98%) used,     1.10 MB (  2%) free+waste,   222.44 KB ( <1%) overhead. 
      Class:     10.84 MB capacity,    10.13 MB ( 93%) used,   626.83 KB (  6%) free+waste,   102.50 KB ( <1%) overhead. 
       Both:     79.61 MB capacity,    77.58 MB ( 97%) used,     1.72 MB (  2%) free+waste,   324.94 KB ( <1%) overhead. 

Virtual space:
  Non-class space:       70.00 MB reserved,      68.81 MB ( 98%) committed 
      Class space:        1.00 GB reserved,      10.88 MB (  1%) committed 
             Both:        1.07 GB reserved,      79.68 MB (  7%) committed 

Chunk freelists:
   Non-Class:  46.00 KB
       Class:  0 bytes
        Both:  46.00 KB

MaxMetaspaceSize: 17179869184.00 GB
CompressedClassSpaceSize: 1.00 GB

CodeHeap 'non-profiled nmethods': size=120064Kb used=3650Kb max_used=3650Kb free=116413Kb
 bounds [0x000001b469440000, 0x000001b4697e0000, 0x000001b470980000]
CodeHeap 'profiled nmethods': size=120000Kb used=16825Kb max_used=16825Kb free=103174Kb
 bounds [0x000001b461f10000, 0x000001b462f80000, 0x000001b469440000]
CodeHeap 'non-nmethods': size=5696Kb used=2271Kb max_used=2308Kb free=3424Kb
 bounds [0x000001b461980000, 0x000001b461bf0000, 0x000001b461f10000]
 total_blobs=9512 nmethods=8642 adapters=781
 compilation: enabled
              stopped_count=0, restarted_count=0
 full_count=0

Compilation events (20 events):
Event: 21.245 Thread 0x000001b478235000 8783       2       org.gradle.api.internal.artifacts.transform.CacheableInvocation$1$$Lambda$856/0x0000000100acac40::<init> (10 bytes)
Event: 21.245 Thread 0x000001b478235000 nmethod 8783 0x000001b462f7b990 code [0x000001b462f7bb40, 0x000001b462f7bc78]
Event: 21.245 Thread 0x000001b478235000 8795       1       org.gradle.api.internal.artifacts.transform.TransformingAsyncArtifactListener$1::requireArtifactFiles (2 bytes)
Event: 21.245 Thread 0x000001b478235000 nmethod 8795 0x000001b4697cfd90 code [0x000001b4697cff40, 0x000001b4697cfff8]
Event: 21.245 Thread 0x000001b478235000 8796       1       org.gradle.api.internal.artifacts.transform.TransformingAsyncArtifactListener::access$000 (5 bytes)
Event: 21.246 Thread 0x000001b478235000 nmethod 8796 0x000001b4697d0090 code [0x000001b4697d0240, 0x000001b4697d02d8]
Event: 21.246 Thread 0x000001b478235000 8797       1       org.gradle.api.internal.artifacts.transform.TransformingAsyncArtifactListener::access$100 (5 bytes)
Event: 21.246 Thread 0x000001b478235000 nmethod 8797 0x000001b4697d0390 code [0x000001b4697d0540, 0x000001b4697d05d8]
Event: 21.246 Thread 0x000001b478235000 8798       1       org.gradle.api.internal.artifacts.transform.TransformingAsyncArtifactListener::access$200 (5 bytes)
Event: 21.246 Thread 0x000001b478235000 nmethod 8798 0x000001b4697d0690 code [0x000001b4697d0840, 0x000001b4697d08d8]
Event: 21.247 Thread 0x000001b478235000 8803       2       org.gradle.api.internal.artifacts.ivyservice.resolveengine.artifact.ArtifactBackedResolvedVariant$SingleArtifactSet::visit (89 bytes)
Event: 21.249 Thread 0x000001b478235000 nmethod 8803 0x000001b462f7bd10 code [0x000001b462f7c060, 0x000001b462f7ce88]
Event: 21.249 Thread 0x000001b478235000 8804       2       org.gradle.api.internal.artifacts.DependencyManagementGradleUserHomeScopeServices$$Lambda$878/0x0000000100ad1040::test (12 bytes)
Event: 21.249 Thread 0x000001b478235000 nmethod 8804 0x000001b462f7d510 code [0x000001b462f7d6e0, 0x000001b462f7d8b8]
Event: 21.249 Thread 0x000001b478235000 8805       2       org.gradle.api.internal.artifacts.DependencyManagementGradleUserHomeScopeServices::lambda$createTransformerWorkspaceServices$1 (11 bytes)
Event: 21.249 Thread 0x000001b478235000 nmethod 8805 0x000001b462f7da10 code [0x000001b462f7dbe0, 0x000001b462f7dd58]
Event: 21.249 Thread 0x000001b478235000 8806       2       org.gradle.api.internal.artifacts.transform.TransformingAsyncArtifactListener$TransformedArtifact$$Lambda$854/0x0000000100aca040::apply (12 bytes)
Event: 21.250 Thread 0x000001b478235000 nmethod 8806 0x000001b462f7de90 code [0x000001b462f7e040, 0x000001b462f7e1a8]
Event: 21.250 Thread 0x000001b478235000 8807       2       org.gradle.api.internal.artifacts.transform.TransformingAsyncArtifactListener$TransformedArtifact::lambda$createInvocation$0 (14 bytes)
Event: 21.250 Thread 0x000001b478235000 nmethod 8807 0x000001b462f7e310 code [0x000001b462f7e4c0, 0x000001b462f7e5c8]

GC Heap History (20 events):
Event: 12.256 GC heap after
{Heap after GC invocations=18 (full 0):
 garbage-first heap   total 95232K, used 43685K [0x0000000080000000, 0x0000000100000000)
  region size 1024K, 2 young (2048K), 2 survivors (2048K)
 Metaspace       used 50685K, capacity 51981K, committed 52144K, reserved 1095680K
  class space    used 6455K, capacity 6893K, committed 6912K, reserved 1048576K
}
Event: 13.154 GC heap before
{Heap before GC invocations=18 (full 0):
 garbage-first heap   total 95232K, used 73381K [0x0000000080000000, 0x0000000100000000)
  region size 1024K, 31 young (31744K), 2 survivors (2048K)
 Metaspace       used 55500K, capacity 56914K, committed 57136K, reserved 1099776K
  class space    used 7016K, capacity 7512K, committed 7552K, reserved 1048576K
}
Event: 13.161 GC heap after
{Heap after GC invocations=19 (full 0):
 garbage-first heap   total 114688K, used 44555K [0x0000000080000000, 0x0000000100000000)
  region size 1024K, 3 young (3072K), 3 survivors (3072K)
 Metaspace       used 55500K, capacity 56914K, committed 57136K, reserved 1099776K
  class space    used 7016K, capacity 7512K, committed 7552K, reserved 1048576K
}
Event: 13.614 GC heap before
{Heap before GC invocations=19 (full 0):
 garbage-first heap   total 114688K, used 62987K [0x0000000080000000, 0x0000000100000000)
  region size 1024K, 22 young (22528K), 3 survivors (3072K)
 Metaspace       used 58258K, capacity 59739K, committed 59824K, reserved 1101824K
  class space    used 7377K, capacity 7899K, committed 7936K, reserved 1048576K
}
Event: 13.624 GC heap after
{Heap after GC invocations=20 (full 0):
 garbage-first heap   total 114688K, used 45935K [0x0000000080000000, 0x0000000100000000)
  region size 1024K, 4 young (4096K), 4 survivors (4096K)
 Metaspace       used 58258K, capacity 59739K, committed 59824K, reserved 1101824K
  class space    used 7377K, capacity 7899K, committed 7936K, reserved 1048576K
}
Event: 14.348 GC heap before
{Heap before GC invocations=21 (full 0):
 garbage-first heap   total 114688K, used 81775K [0x0000000080000000, 0x0000000100000000)
  region size 1024K, 40 young (40960K), 4 survivors (4096K)
 Metaspace       used 61758K, capacity 63225K, committed 63548K, reserved 1103872K
  class space    used 7797K, capacity 8350K, committed 8448K, reserved 1048576K
}
Event: 14.365 GC heap after
{Heap after GC invocations=22 (full 0):
 garbage-first heap   total 114688K, used 48694K [0x0000000080000000, 0x0000000100000000)
  region size 1024K, 5 young (5120K), 5 survivors (5120K)
 Metaspace       used 61758K, capacity 63225K, committed 63548K, reserved 1103872K
  class space    used 7797K, capacity 8350K, committed 8448K, reserved 1048576K
}
Event: 14.897 GC heap before
{Heap before GC invocations=23 (full 0):
 garbage-first heap   total 114688K, used 85558K [0x0000000080000000, 0x0000000100000000)
  region size 1024K, 40 young (40960K), 5 survivors (5120K)
 Metaspace       used 63325K, capacity 64892K, committed 65084K, reserved 1105920K
  class space    used 8041K, capacity 8598K, committed 8704K, reserved 1048576K
}
Event: 14.913 GC heap after
{Heap after GC invocations=24 (full 0):
 garbage-first heap   total 114688K, used 52092K [0x0000000080000000, 0x0000000100000000)
  region size 1024K, 4 young (4096K), 4 survivors (4096K)
 Metaspace       used 63325K, capacity 64892K, committed 65084K, reserved 1105920K
  class space    used 8041K, capacity 8598K, committed 8704K, reserved 1048576K
}
Event: 15.535 GC heap before
{Heap before GC invocations=24 (full 0):
 garbage-first heap   total 114688K, used 86908K [0x0000000080000000, 0x0000000100000000)
  region size 1024K, 38 young (38912K), 4 survivors (4096K)
 Metaspace       used 66447K, capacity 68040K, committed 68156K, reserved 1107968K
  class space    used 8552K, capacity 9156K, committed 9216K, reserved 1048576K
}
Event: 15.547 GC heap after
{Heap after GC invocations=25 (full 0):
 garbage-first heap   total 114688K, used 54351K [0x0000000080000000, 0x0000000100000000)
  region size 1024K, 3 young (3072K), 3 survivors (3072K)
 Metaspace       used 66447K, capacity 68040K, committed 68156K, reserved 1107968K
  class space    used 8552K, capacity 9156K, committed 9216K, reserved 1048576K
}
Event: 16.054 GC heap before
{Heap before GC invocations=25 (full 0):
 garbage-first heap   total 114688K, used 89167K [0x0000000080000000, 0x0000000100000000)
  region size 1024K, 37 young (37888K), 3 survivors (3072K)
 Metaspace       used 68560K, capacity 70239K, committed 70460K, reserved 1110016K
  class space    used 8859K, capacity 9434K, committed 9472K, reserved 1048576K
}
Event: 16.067 GC heap after
{Heap after GC invocations=26 (full 0):
 garbage-first heap   total 138240K, used 56385K [0x0000000080000000, 0x0000000100000000)
  region size 1024K, 5 young (5120K), 5 survivors (5120K)
 Metaspace       used 68560K, capacity 70239K, committed 70460K, reserved 1110016K
  class space    used 8859K, capacity 9434K, committed 9472K, reserved 1048576K
}
Event: 16.959 GC heap before
{Heap before GC invocations=27 (full 0):
 garbage-first heap   total 138240K, used 101441K [0x0000000080000000, 0x0000000100000000)
  region size 1024K, 49 young (50176K), 5 survivors (5120K)
 Metaspace       used 70976K, capacity 72669K, committed 73020K, reserved 1112064K
  class space    used 9221K, capacity 9868K, committed 9984K, reserved 1048576K
}
Event: 16.976 GC heap after
{Heap after GC invocations=28 (full 0):
 garbage-first heap   total 138240K, used 59712K [0x0000000080000000, 0x0000000100000000)
  region size 1024K, 6 young (6144K), 6 survivors (6144K)
 Metaspace       used 70976K, capacity 72669K, committed 73020K, reserved 1112064K
  class space    used 9221K, capacity 9868K, committed 9984K, reserved 1048576K
}
Event: 17.987 GC heap before
{Heap before GC invocations=28 (full 0):
 garbage-first heap   total 138240K, used 104768K [0x0000000080000000, 0x0000000100000000)
  region size 1024K, 50 young (51200K), 6 survivors (6144K)
 Metaspace       used 76090K, capacity 77853K, committed 78012K, reserved 1116160K
  class space    used 9908K, capacity 10561K, committed 10624K, reserved 1048576K
}
Event: 18.004 GC heap after
{Heap after GC invocations=29 (full 0):
 garbage-first heap   total 138240K, used 62722K [0x0000000080000000, 0x0000000100000000)
  region size 1024K, 6 young (6144K), 6 survivors (6144K)
 Metaspace       used 76090K, capacity 77853K, committed 78012K, reserved 1116160K
  class space    used 9908K, capacity 10561K, committed 10624K, reserved 1048576K
}
Event: 19.297 GC heap before
{Heap before GC invocations=29 (full 0):
 garbage-first heap   total 138240K, used 106754K [0x0000000080000000, 0x0000000100000000)
  region size 1024K, 50 young (51200K), 6 survivors (6144K)
 Metaspace       used 78919K, capacity 80978K, committed 81084K, reserved 1120256K
  class space    used 10345K, capacity 11089K, committed 11136K, reserved 1048576K
}
Event: 19.326 GC heap after
{Heap after GC invocations=30 (full 0):
 garbage-first heap   total 138240K, used 66436K [0x0000000080000000, 0x0000000100000000)
  region size 1024K, 7 young (7168K), 7 survivors (7168K)
 Metaspace       used 78919K, capacity 80978K, committed 81084K, reserved 1120256K
  class space    used 10345K, capacity 11089K, committed 11136K, reserved 1048576K
}
Event: 21.253 GC heap before
{Heap before GC invocations=30 (full 0):
 garbage-first heap   total 138240K, used 109444K [0x0000000080000000, 0x0000000100000000)
  region size 1024K, 50 young (51200K), 7 survivors (7168K)
 Metaspace       used 79437K, capacity 81519K, committed 81596K, reserved 1120256K
  class space    used 10375K, capacity 11105K, committed 11136K, reserved 1048576K
}

Deoptimization events (20 events):
Event: 19.835 Thread 0x000001b47d544000 DEOPT PACKING pc=0x000001b462e268b1 sp=0x00000027df6fb340
Event: 19.835 Thread 0x000001b47d544000 DEOPT UNPACKING pc=0x000001b4619a76ce sp=0x00000027df6fa808 mode 0
Event: 20.063 Thread 0x000001b47d545800 DEOPT PACKING pc=0x000001b462569ff4 sp=0x00000027df8fcb90
Event: 20.063 Thread 0x000001b47d545800 DEOPT UNPACKING pc=0x000001b4619a76ce sp=0x00000027df8fc130 mode 0
Event: 20.307 Thread 0x000001b47d53f000 Uncommon trap: trap_request=0xffffff4d fr.pc=0x000001b4696357e8 relative=0x00000000000001a8
Event: 20.307 Thread 0x000001b47d53f000 Uncommon trap: reason=unstable_if action=reinterpret pc=0x000001b4696357e8 method=org.gradle.internal.snapshot.PathUtil.equalChars(CCLorg/gradle/internal/snapshot/CaseSensitivity;)Z @ 11 c2
Event: 20.307 Thread 0x000001b47d53f000 DEOPT PACKING pc=0x000001b4696357e8 sp=0x00000027df7fc5b0
Event: 20.307 Thread 0x000001b47d53f000 DEOPT UNPACKING pc=0x000001b4619a78af sp=0x00000027df7fc548 mode 2
Event: 20.319 Thread 0x000001b47d546800 DEOPT PACKING pc=0x000001b462569ff4 sp=0x00000027df9fcfc0
Event: 20.319 Thread 0x000001b47d546800 DEOPT UNPACKING pc=0x000001b4619a76ce sp=0x00000027df9fc560 mode 0
Event: 20.516 Thread 0x000001b47d53f000 Uncommon trap: trap_request=0xffffff4d fr.pc=0x000001b4694fb10c relative=0x000000000000130c
Event: 20.516 Thread 0x000001b47d53f000 Uncommon trap: reason=unstable_if action=reinterpret pc=0x000001b4694fb10c method=java.util.concurrent.ConcurrentHashMap.transfer([Ljava/util/concurrent/ConcurrentHashMap$Node;[Ljava/util/concurrent/ConcurrentHashMap$Node;)V @ 34 c2
Event: 20.516 Thread 0x000001b47d53f000 DEOPT PACKING pc=0x000001b4694fb10c sp=0x00000027df7fd540
Event: 20.516 Thread 0x000001b47d53f000 DEOPT UNPACKING pc=0x000001b4619a78af sp=0x00000027df7fd4e8 mode 2
Event: 20.641 Thread 0x000001b47d546800 DEOPT PACKING pc=0x000001b462569ff4 sp=0x00000027df9fcfe0
Event: 20.641 Thread 0x000001b47d546800 DEOPT UNPACKING pc=0x000001b4619a76ce sp=0x00000027df9fc580 mode 0
Event: 21.151 Thread 0x000001b47d547800 Uncommon trap: trap_request=0xffffff4d fr.pc=0x000001b4697b5afc relative=0x00000000000001fc
Event: 21.151 Thread 0x000001b47d547800 Uncommon trap: reason=unstable_if action=reinterpret pc=0x000001b4697b5afc method=org.gradle.internal.file.DefaultFileHierarchySet$Node.isChildOfOrThis(Ljava/lang/String;I)Z @ 72 c2
Event: 21.151 Thread 0x000001b47d547800 DEOPT PACKING pc=0x000001b4697b5afc sp=0x00000027dfefcf10
Event: 21.151 Thread 0x000001b47d547800 DEOPT UNPACKING pc=0x000001b4619a78af sp=0x00000027dfefce98 mode 2

Classes redefined (0 events):
No events

Internal exceptions (20 events):
Event: 18.030 Thread 0x000001b47a6ea800 Exception <a 'java/lang/ClassNotFoundException'{0x00000000884f32b8}: org/gradle/api/internal/file/collections/DefaultConfigurableFileCollectionBeanInfo> (0x00000000884f32b8) thrown at [./src/hotspot/share/classfile/systemDictionary.cpp, line 231]
Event: 18.031 Thread 0x000001b47a6ea800 Exception <a 'java/lang/ClassNotFoundException'{0x000000008830bb78}: org/gradle/api/internal/file/CompositeFileCollectionBeanInfo> (0x000000008830bb78) thrown at [./src/hotspot/share/classfile/systemDictionary.cpp, line 231]
Event: 18.032 Thread 0x000001b47a6ea800 Exception <a 'java/lang/ClassNotFoundException'{0x0000000088324050}: org/gradle/api/internal/file/CompositeFileCollectionCustomizer> (0x0000000088324050) thrown at [./src/hotspot/share/classfile/systemDictionary.cpp, line 231]
Event: 18.033 Thread 0x000001b47a6ea800 Exception <a 'java/lang/ClassNotFoundException'{0x0000000088348098}: org/gradle/api/internal/file/collections/DefaultConfigurableFileCollectionCustomizer> (0x0000000088348098) thrown at [./src/hotspot/share/classfile/systemDictionary.cpp, line 231]
Event: 18.251 Thread 0x000001b479e39000 Exception <a 'java/lang/NoSuchMethodError'{0x0000000087a40f78}: <clinit>> (0x0000000087a40f78) thrown at [./src/hotspot/share/prims/jni.cpp, line 1362]
Event: 18.253 Thread 0x000001b479e39000 Exception <a 'java/lang/NoSuchMethodError'{0x0000000087a4c8e8}: <clinit>> (0x0000000087a4c8e8) thrown at [./src/hotspot/share/prims/jni.cpp, line 1362]
Event: 18.266 Thread 0x000001b479e39000 Exception <a 'java/lang/NoSuchMethodError'{0x0000000087ac9d00}: <clinit>> (0x0000000087ac9d00) thrown at [./src/hotspot/share/prims/jni.cpp, line 1362]
Event: 18.271 Thread 0x000001b479e39000 Exception <a 'java/lang/NoSuchMethodError'{0x0000000087adde18}: <clinit>> (0x0000000087adde18) thrown at [./src/hotspot/share/prims/jni.cpp, line 1362]
Event: 18.271 Thread 0x000001b479e39000 Exception <a 'java/lang/NoSuchMethodError'{0x0000000087adf598}: <clinit>> (0x0000000087adf598) thrown at [./src/hotspot/share/prims/jni.cpp, line 1362]
Event: 18.337 Thread 0x000001b47d54c800 Exception <a 'java/lang/NoSuchMethodError'{0x0000000087718848}: <clinit>> (0x0000000087718848) thrown at [./src/hotspot/share/prims/jni.cpp, line 1362]
Event: 18.350 Thread 0x000001b47d54c800 Exception <a 'java/lang/NoSuchMethodError'{0x000000008772cc78}: <clinit>> (0x000000008772cc78) thrown at [./src/hotspot/share/prims/jni.cpp, line 1362]
Event: 18.353 Thread 0x000001b47d54c800 Exception <a 'java/lang/NoSuchMethodError'{0x00000000877b6d60}: <clinit>> (0x00000000877b6d60) thrown at [./src/hotspot/share/prims/jni.cpp, line 1362]
Event: 18.384 Thread 0x000001b479e39000 Exception <a 'java/lang/NoSuchMethodError'{0x0000000087509f90}: <clinit>> (0x0000000087509f90) thrown at [./src/hotspot/share/prims/jni.cpp, line 1362]
Event: 18.444 Thread 0x000001b47d547800 Exception <a 'java/lang/NoSuchMethodError'{0x0000000087400fd0}: 'java.lang.Object java.lang.invoke.Invokers$Holder.linkToTargetMethod(java.lang.Object, java.lang.Object, java.lang.Object, int, java.lang.Object, java.lang.Object)'> (0x0000000087400fd0) thrown at [./src/hotspot/share/interpreter/linkResolver.cpp, line 773]
Event: 18.462 Thread 0x000001b47d547800 Exception <a 'java/lang/IncompatibleClassChangeError'{0x0000000087460c00}: Found class java.lang.Object, but interface was expected> (0x0000000087460c00) thrown at [./src/hotspot/share/interpreter/linkResolver.cpp, line 839]
Event: 18.495 Thread 0x000001b47d547800 Exception <a 'java/lang/NoSuchMethodError'{0x0000000087224090}: 'int java.lang.invoke.DirectMethodHandle$Holder.invokeStaticInit(java.lang.Object, java.lang.Object, java.lang.Object, java.lang.Object, java.lang.Object)'> (0x0000000087224090) thrown at [./src/hotspot/share/interpreter/linkResolver.cpp, line 773]
Event: 19.026 Thread 0x000001b47d544000 Exception <a 'java/lang/NoSuchMethodError'{0x00000000865c3e28}: 'java.lang.Object java.lang.invoke.DirectMethodHandle$Holder.invokeSpecialIFC(java.lang.Object, java.lang.Object, java.lang.Object)'> (0x00000000865c3e28) thrown at [./src/hotspot/share/interpreter/linkResolver.cpp, line 773]
Event: 19.026 Thread 0x000001b47d546800 Exception <a 'java/lang/NoSuchMethodError'{0x00000000865b3bb8}: 'java.lang.Object java.lang.invoke.DirectMethodHandle$Holder.invokeSpecialIFC(java.lang.Object, java.lang.Object, java.lang.Object)'> (0x00000000865b3bb8) thrown at [./src/hotspot/share/interpreter/linkResolver.cpp, line 773]
Event: 19.027 Thread 0x000001b47d545800 Exception <a 'java/lang/NoSuchMethodError'{0x00000000865a95f8}: 'java.lang.Object java.lang.invoke.DirectMethodHandle$Holder.invokeSpecialIFC(java.lang.Object, java.lang.Object, java.lang.Object)'> (0x00000000865a95f8) thrown at [./src/hotspot/share/interpreter/linkResolver.cpp, line 773]
Event: 19.989 Thread 0x000001b47d544000 Exception <a 'java/lang/NoSuchMethodError'{0x0000000087bdf1c0}: 'void java.lang.invoke.DirectMethodHandle$Holder.invokeVirtual(java.lang.Object, java.lang.Object)'> (0x0000000087bdf1c0) thrown at [./src/hotspot/share/interpreter/linkResolver.cpp, line 773]

Events (20 events):
Event: 21.147 loading class com/google/common/collect/Iterators$EmptyModifiableIterator done
Event: 21.174 loading class org/gradle/internal/snapshot/impl/SetValueSnapshot
Event: 21.174 loading class org/gradle/internal/snapshot/impl/SetValueSnapshot done
Event: 21.187 loading class com/android/build/gradle/tasks/MergeResources$Flag
Event: 21.187 loading class com/android/build/gradle/tasks/MergeResources$Flag done
Event: 21.189 loading class java/util/stream/SortedOps$SizedRefSortingSink
Event: 21.190 loading class java/util/stream/SortedOps$SizedRefSortingSink done
Event: 21.197 loading class com/google/common/collect/ImmutableList$Builder
Event: 21.197 loading class com/google/common/collect/ImmutableList$Builder done
Event: 21.197 loading class org/gradle/api/internal/file/FileCollectionInternal
Event: 21.197 loading class org/gradle/api/internal/file/FileCollectionInternal done
Event: 21.197 loading class org/gradle/api/internal/file/collections/DefaultConfigurableFileCollection
Event: 21.197 loading class org/gradle/api/internal/file/collections/DefaultConfigurableFileCollection done
Event: 21.198 loading class org/gradle/api/internal/file/collections/DefaultConfigurableFileCollection$1
Event: 21.198 loading class org/gradle/api/internal/file/collections/DefaultConfigurableFileCollection$1 done
Event: 21.199 loading class org/gradle/api/internal/file/collections/ListBackedFileSet
Event: 21.199 loading class org/gradle/api/internal/file/collections/ListBackedFileSet done
Event: 21.200 loading class org/gradle/api/internal/file/collections/DefaultConfigurableFileCollection$ResolvedItemsCollector
Event: 21.200 loading class org/gradle/api/internal/file/collections/DefaultConfigurableFileCollection$ResolvedItemsCollector done
Event: 21.253 Executing VM operation: G1CollectForAllocation


Dynamic libraries:
0x00007ff72f410000 - 0x00007ff72f41a000 	C:\Program Files\Android\Android Studio\jre\bin\java.exe
0x00007fff96830000 - 0x00007fff96a25000 	C:\WINDOWS\SYSTEM32\ntdll.dll
0x00007fff962b0000 - 0x00007fff9636e000 	C:\WINDOWS\System32\KERNEL32.DLL
0x00007fff93fd0000 - 0x00007fff94299000 	C:\WINDOWS\System32\KERNELBASE.dll
0x00007fff94720000 - 0x00007fff94820000 	C:\WINDOWS\System32\ucrtbase.dll
0x00007fff66ed0000 - 0x00007fff66ee7000 	C:\Program Files\Android\Android Studio\jre\bin\VCRUNTIME140.dll
0x00007fff91720000 - 0x00007fff91739000 	C:\Program Files\Android\Android Studio\jre\bin\jli.dll
0x00007fff83ca0000 - 0x00007fff83f3a000 	C:\WINDOWS\WinSxS\amd64_microsoft.windows.common-controls_6595b64144ccf1df_6.0.19041.1110_none_60b5254171f9507e\COMCTL32.dll
0x00007fff94f00000 - 0x00007fff950a1000 	C:\WINDOWS\System32\USER32.dll
0x00007fff95d50000 - 0x00007fff95dee000 	C:\WINDOWS\System32\msvcrt.dll
0x00007fff96720000 - 0x00007fff9674b000 	C:\WINDOWS\System32\GDI32.dll
0x00007fff93fa0000 - 0x00007fff93fc2000 	C:\WINDOWS\System32\win32u.dll
0x00007fff945e0000 - 0x00007fff946eb000 	C:\WINDOWS\System32\gdi32full.dll
0x00007fff94490000 - 0x00007fff9452d000 	C:\WINDOWS\System32\msvcp_win.dll
0x00007fff96570000 - 0x00007fff965a0000 	C:\WINDOWS\System32\IMM32.DLL
0x00007fff61130000 - 0x00007fff611cd000 	C:\Program Files\Android\Android Studio\jre\bin\msvcp140.dll
0x00007fff66ef0000 - 0x00007fff679bf000 	C:\Program Files\Android\Android Studio\jre\bin\server\jvm.dll
0x00007fff961f0000 - 0x00007fff9629c000 	C:\WINDOWS\System32\ADVAPI32.dll
0x00007fff96750000 - 0x00007fff967eb000 	C:\WINDOWS\System32\sechost.dll
0x00007fff94d00000 - 0x00007fff94e2a000 	C:\WINDOWS\System32\RPCRT4.dll
0x00007fff962a0000 - 0x00007fff962a8000 	C:\WINDOWS\System32\PSAPI.DLL
0x00007fff86060000 - 0x00007fff86087000 	C:\WINDOWS\SYSTEM32\WINMM.dll
0x00007fff86720000 - 0x00007fff8672a000 	C:\WINDOWS\SYSTEM32\VERSION.dll
0x00007fff82ce0000 - 0x00007fff82ce9000 	C:\WINDOWS\SYSTEM32\WSOCK32.dll
0x00007fff95df0000 - 0x00007fff95e5b000 	C:\WINDOWS\System32\WS2_32.dll
0x00007fff91e50000 - 0x00007fff91e62000 	C:\WINDOWS\SYSTEM32\kernel.appcore.dll
0x00007fff66eb0000 - 0x00007fff66ec1000 	C:\Program Files\Android\Android Studio\jre\bin\verify.dll
0x00007fff7ff80000 - 0x00007fff80164000 	C:\WINDOWS\SYSTEM32\DBGHELP.DLL
0x00007fff7ff50000 - 0x00007fff7ff7c000 	C:\WINDOWS\SYSTEM32\dbgcore.DLL
0x00007fff942a0000 - 0x00007fff94323000 	C:\WINDOWS\System32\bcryptPrimitives.dll
0x00007fff66e80000 - 0x00007fff66ea9000 	C:\Program Files\Android\Android Studio\jre\bin\java.dll
0x00007fff82c00000 - 0x00007fff82c0b000 	C:\Program Files\Android\Android Studio\jre\bin\jimage.dll
0x00007fff66e60000 - 0x00007fff66e78000 	C:\Program Files\Android\Android Studio\jre\bin\zip.dll
0x00007fff950b0000 - 0x00007fff957ef000 	C:\WINDOWS\System32\SHELL32.dll
0x00007fff92050000 - 0x00007fff927e0000 	C:\WINDOWS\SYSTEM32\windows.storage.dll
0x00007fff94880000 - 0x00007fff94bd5000 	C:\WINDOWS\System32\combase.dll
0x00007fff939a0000 - 0x00007fff939cc000 	C:\WINDOWS\SYSTEM32\Wldp.dll
0x00007fff96650000 - 0x00007fff966fd000 	C:\WINDOWS\System32\SHCORE.dll
0x00007fff95f00000 - 0x00007fff95f55000 	C:\WINDOWS\System32\shlwapi.dll
0x00007fff93e90000 - 0x00007fff93eaf000 	C:\WINDOWS\SYSTEM32\profapi.dll
0x00007fff66e40000 - 0x00007fff66e5a000 	C:\Program Files\Android\Android Studio\jre\bin\net.dll
0x00007fff85cc0000 - 0x00007fff85dc8000 	C:\WINDOWS\SYSTEM32\WINHTTP.dll
0x00007fff93700000 - 0x00007fff9376a000 	C:\WINDOWS\system32\mswsock.dll
0x00007fff66e20000 - 0x00007fff66e34000 	C:\Program Files\Android\Android Studio\jre\bin\nio.dll
0x00007fff8dfc0000 - 0x00007fff8dfe7000 	C:\Users\MinhNgan\.gradle\native\8bec1ad78214c89d9ad589b4d07fe93259594b29d510b10fafb7a158f7737e5d\windows-amd64\native-platform.dll
0x00007fff6d600000 - 0x00007fff6d73d000 	C:\Users\MinhNgan\.gradle\native\53dbd7edfb1c66fb8903c78663c9afc45aea4f116125fa6feffd364cf09443e8\windows-amd64\native-platform-file-events.dll
0x00007fff662d0000 - 0x00007fff662da000 	C:\Program Files\Android\Android Studio\jre\bin\management.dll
0x00007fff662a0000 - 0x00007fff662ac000 	C:\Program Files\Android\Android Studio\jre\bin\management_ext.dll
0x00007fff938f0000 - 0x00007fff93908000 	C:\WINDOWS\SYSTEM32\CRYPTSP.dll
0x00007fff93010000 - 0x00007fff93044000 	C:\WINDOWS\system32\rsaenh.dll
0x00007fff946f0000 - 0x00007fff94717000 	C:\WINDOWS\System32\bcrypt.dll
0x00007fff93e50000 - 0x00007fff93e7e000 	C:\WINDOWS\SYSTEM32\USERENV.dll
0x00007fff93910000 - 0x00007fff9391c000 	C:\WINDOWS\SYSTEM32\CRYPTBASE.dll
0x00007fff933a0000 - 0x00007fff933db000 	C:\WINDOWS\SYSTEM32\IPHLPAPI.DLL
0x00007fff96370000 - 0x00007fff96378000 	C:\WINDOWS\System32\NSI.dll
0x00007fff88230000 - 0x00007fff88247000 	C:\WINDOWS\SYSTEM32\dhcpcsvc6.DLL
0x00007fff8aad0000 - 0x00007fff8aaed000 	C:\WINDOWS\SYSTEM32\dhcpcsvc.DLL
0x00007fff933e0000 - 0x00007fff934ac000 	C:\WINDOWS\SYSTEM32\DNSAPI.dll

dbghelp: loaded successfully - version: 4.0.5 - missing functions: none
symbol engine: initialized successfully - sym options: 0x614 - pdb path: .;C:\Program Files\Android\Android Studio\jre\bin;C:\WINDOWS\SYSTEM32;C:\WINDOWS\WinSxS\amd64_microsoft.windows.common-controls_6595b64144ccf1df_6.0.19041.1110_none_60b5254171f9507e;C:\Program Files\Android\Android Studio\jre\bin\server;C:\Users\MinhNgan\.gradle\native\8bec1ad78214c89d9ad589b4d07fe93259594b29d510b10fafb7a158f7737e5d\windows-amd64;C:\Users\MinhNgan\.gradle\native\53dbd7edfb1c66fb8903c78663c9afc45aea4f116125fa6feffd364cf09443e8\windows-amd64

VM Arguments:
jvm_args: --add-opens=java.base/java.util=ALL-UNNAMED --add-opens=java.base/java.lang=ALL-UNNAMED --add-opens=java.base/java.lang.invoke=ALL-UNNAMED --add-opens=java.base/java.util=ALL-UNNAMED --add-opens=java.prefs/java.util.prefs=ALL-UNNAMED --add-opens=java.prefs/java.util.prefs=ALL-UNNAMED --add-opens=java.base/java.nio.charset=ALL-UNNAMED --add-opens=java.base/java.net=ALL-UNNAMED --add-opens=java.base/java.util.concurrent.atomic=ALL-UNNAMED -Xmx2048m -Dfile.encoding=UTF-8 -Duser.country=US -Duser.language=en -Duser.variant 
java_command: org.gradle.launcher.daemon.bootstrap.GradleDaemon 7.0.2
java_class_path (initial): C:\Users\MinhNgan\.gradle\wrapper\dists\gradle-7.0.2-bin\857tjihv64xamwrf0h14cai3r\gradle-7.0.2\lib\gradle-launcher-7.0.2.jar
Launcher Type: SUN_STANDARD

[Global flags]
     intx CICompilerCount                          = 3                                         {product} {ergonomic}
     uint ConcGCThreads                            = 1                                         {product} {ergonomic}
     uint G1ConcRefinementThreads                  = 4                                         {product} {ergonomic}
   size_t G1HeapRegionSize                         = 1048576                                   {product} {ergonomic}
    uintx GCDrainStackTargetSize                   = 64                                        {product} {ergonomic}
   size_t InitialHeapSize                          = 67108864                                  {product} {ergonomic}
   size_t MarkStackSize                            = 4194304                                   {product} {ergonomic}
   size_t MaxHeapSize                              = 2147483648                                {product} {command line}
   size_t MaxNewSize                               = 1287651328                                {product} {ergonomic}
   size_t MinHeapDeltaBytes                        = 1048576                                   {product} {ergonomic}
    uintx NonNMethodCodeHeapSize                   = 5830732                                {pd product} {ergonomic}
    uintx NonProfiledCodeHeapSize                  = 122913754                              {pd product} {ergonomic}
    uintx ProfiledCodeHeapSize                     = 122913754                              {pd product} {ergonomic}
    uintx ReservedCodeCacheSize                    = 251658240                              {pd product} {ergonomic}
     bool SegmentedCodeCache                       = true                                      {product} {ergonomic}
     bool UseCompressedClassPointers               = true                                 {lp64_product} {ergonomic}
     bool UseCompressedOops                        = true                                 {lp64_product} {ergonomic}
     bool UseG1GC                                  = true                                      {product} {ergonomic}
     bool UseLargePagesIndividualAllocation        = false                                  {pd product} {ergonomic}

Logging:
Log output configuration:
 #0: stdout all=warning uptime,level,tags
 #1: stderr all=off uptime,level,tags

Environment Variables:
PATH=C:\Program Files\Common Files\Oracle\Java\javapath;C:\WINDOWS\system32;C:\WINDOWS;C:\WINDOWS\System32\Wbem;C:\WINDOWS\System32\WindowsPowerShell\v1.0\;C:\WINDOWS\System32\OpenSSH\;C:\Program Files\dotnet\;C:\Program Files\Microsoft SQL Server\130\Tools\Binn\;C:\Program Files\Microsoft SQL Server\Client SDK\ODBC\170\Tools\Binn\;C:\Program Files (x86)\dotnet\;C:\Program Files\Git\cmd;C:\Users\MinhNgan\AppData\Local\Microsoft\WindowsApps
USERNAME=MinhNgan
OS=Windows_NT
PROCESSOR_IDENTIFIER=Intel64 Family 6 Model 69 Stepping 1, GenuineIntel



---------------  S Y S T E M  ---------------

OS: Windows 10 , 64 bit Build 19041 (10.0.19041.1202)
OS uptime: 0 days 0:22 hours

CPU:total 4 (initial active 4) (2 cores per cpu, 2 threads per core) family 6 model 69 stepping 1 microcode 0x25, cmov, cx8, fxsr, mmx, sse, sse2, sse3, ssse3, sse4.1, sse4.2, popcnt, avx, avx2, aes, clmul, erms, lzcnt, ht, tsc, tscinvbit, bmi1, bmi2, fma

Memory: 4k page, system-wide physical 3979M (194M free)
TotalPageFile size 6979M (AvailPageFile size 11M)
current process WorkingSet (physical memory assigned to process): 288M, peak: 311M
current process commit charge ("private bytes"): 374M, peak: 399M

vm_info: OpenJDK 64-Bit Server VM (11.0.10+0-b96-7249189) for windows-amd64 JRE (11.0.10+0-b96-7249189), built on Mar 31 2021 21:44:00 by "builder" with MS VC++ 14.0 (VS2015)

END.
