#
# There is insufficient memory for the Java Runtime Environment to continue.
# Native memory allocation (malloc) failed to allocate 698096 bytes for Chunk::new
# Possible reasons:
#   The system is out of physical RAM or swap space
#   The process is running with CompressedOops enabled, and the Java Heap may be blocking the growth of the native heap
# Possible solutions:
#   Reduce memory load on the system
#   Increase physical memory or swap space
#   Check if swap backing store is full
#   Decrease Java heap size (-Xmx/-Xms)
#   Decrease number of Java threads
#   Decrease Java thread stack sizes (-Xss)
#   Set larger code cache with -XX:ReservedCodeCacheSize=
#   JVM is running with Unscaled Compressed Oops mode in which the Java heap is
#     placed in the first 4GB address space. The Java Heap base address is the
#     maximum limit for the native heap growth. Please use -XX:HeapBaseMinAddress
#     to set the Java Heap base and to place the Java Heap above 4GB virtual address.
# This output file may be truncated or incomplete.
#
#  Out of Memory Error (./src/hotspot/share/memory/arena.cpp:197), pid=10840, tid=10960
#
# JRE version: OpenJDK Runtime Environment (11.0.10) (build 11.0.10+0-b96-7249189)
# Java VM: OpenJDK 64-Bit Server VM (11.0.10+0-b96-7249189, mixed mode, tiered, compressed oops, g1 gc, windows-amd64)
# No core dump will be written. Minidumps are not enabled by default on client versions of Windows
#

---------------  S U M M A R Y ------------

Command Line: --add-opens=java.base/java.util=ALL-UNNAMED --add-opens=java.base/java.lang=ALL-UNNAMED --add-opens=java.base/java.lang.invoke=ALL-UNNAMED --add-opens=java.base/java.util=ALL-UNNAMED --add-opens=java.prefs/java.util.prefs=ALL-UNNAMED --add-opens=java.prefs/java.util.prefs=ALL-UNNAMED --add-opens=java.base/java.nio.charset=ALL-UNNAMED --add-opens=java.base/java.net=ALL-UNNAMED --add-opens=java.base/java.util.concurrent.atomic=ALL-UNNAMED -Xmx2048m -Dfile.encoding=UTF-8 -Duser.country=US -Duser.language=en -Duser.variant org.gradle.launcher.daemon.bootstrap.GradleDaemon 7.0.2

Host: Intel(R) Core(TM) i5-4210U CPU @ 1.70GHz, 4 cores, 3G,  Windows 10 , 64 bit Build 19041 (10.0.19041.1202)
Time: Mon Nov  8 20:30:28 2021 SE Asia Standard Time elapsed time: 149.096211 seconds (0d 0h 2m 29s)

---------------  T H R E A D  ---------------

Current thread (0x0000029c2626b000):  JavaThread "C2 CompilerThread0" daemon [_thread_in_native, id=10960, stack(0x000000f144f00000,0x000000f145000000)]


Current CompileTask:
C2: 149097 11473       4       java.lang.reflect.AccessibleObject::checkCanSetAccessible (386 bytes)

Stack: [0x000000f144f00000,0x000000f145000000]
Native frames: (J=compiled Java code, j=interpreted, Vv=VM code, C=native code)
V  [jvm.dll+0x5ecfaa]
V  [jvm.dll+0x722bd5]
V  [jvm.dll+0x72412d]
V  [jvm.dll+0x7247e3]
V  [jvm.dll+0x242928]
V  [jvm.dll+0xbc4fc]
V  [jvm.dll+0xbca0c]
V  [jvm.dll+0x2b4fd4]
V  [jvm.dll+0x506028]
V  [jvm.dll+0x203253]
V  [jvm.dll+0x1fd07c]
V  [jvm.dll+0x1fa77f]
V  [jvm.dll+0x18354c]
V  [jvm.dll+0x208ee7]
V  [jvm.dll+0x207731]
V  [jvm.dll+0x6eb1cf]
V  [jvm.dll+0x6e3d45]
V  [jvm.dll+0x5ebe96]
C  [ucrtbase.dll+0x21bb2]
C  [KERNEL32.DLL+0x17034]
C  [ntdll.dll+0x52651]


---------------  P R O C E S S  ---------------

Threads class SMR info:
_java_thread_list=0x0000029c2f816210, length=29, elements={
0x0000029c0bebc000, 0x0000029c26208000, 0x0000029c26209800, 0x0000029c26260800,
0x0000029c26262000, 0x0000029c26266800, 0x0000029c2626b000, 0x0000029c26274800,
0x0000029c26277000, 0x0000029c26cde800, 0x0000029c28559800, 0x0000029c27816800,
0x0000029c277c8800, 0x0000029c28dc6800, 0x0000029c28dc7000, 0x0000029c28dc5800,
0x0000029c27499800, 0x0000029c2749d000, 0x0000029c2749c000, 0x0000029c2749b000,
0x0000029c2749e800, 0x0000029c2749f800, 0x0000029c274a4000, 0x0000029c274a6000,
0x0000029c27e6c800, 0x0000029c27e6e000, 0x0000029c27e68800, 0x0000029c27e69000,
0x0000029c27e6a000
}

Java Threads: ( => current thread )
  0x0000029c0bebc000 JavaThread "main" [_thread_blocked, id=10912, stack(0x000000f144300000,0x000000f144400000)]
  0x0000029c26208000 JavaThread "Reference Handler" daemon [_thread_blocked, id=10940, stack(0x000000f144a00000,0x000000f144b00000)]
  0x0000029c26209800 JavaThread "Finalizer" daemon [_thread_blocked, id=10944, stack(0x000000f144b00000,0x000000f144c00000)]
  0x0000029c26260800 JavaThread "Signal Dispatcher" daemon [_thread_blocked, id=10948, stack(0x000000f144c00000,0x000000f144d00000)]
  0x0000029c26262000 JavaThread "Attach Listener" daemon [_thread_blocked, id=10952, stack(0x000000f144d00000,0x000000f144e00000)]
  0x0000029c26266800 JavaThread "Service Thread" daemon [_thread_blocked, id=10956, stack(0x000000f144e00000,0x000000f144f00000)]
=>0x0000029c2626b000 JavaThread "C2 CompilerThread0" daemon [_thread_in_native, id=10960, stack(0x000000f144f00000,0x000000f145000000)]
  0x0000029c26274800 JavaThread "C1 CompilerThread0" daemon [_thread_blocked, id=10964, stack(0x000000f145000000,0x000000f145100000)]
  0x0000029c26277000 JavaThread "Sweeper thread" daemon [_thread_blocked, id=10968, stack(0x000000f145100000,0x000000f145200000)]
  0x0000029c26cde800 JavaThread "Common-Cleaner" daemon [_thread_blocked, id=10976, stack(0x000000f145200000,0x000000f145300000)]
  0x0000029c28559800 JavaThread "Daemon health stats" [_thread_blocked, id=11040, stack(0x000000f145600000,0x000000f145700000)]
  0x0000029c27816800 JavaThread "Incoming local TCP Connector on port 49966" [_thread_in_native, id=11060, stack(0x000000f145400000,0x000000f145500000)]
  0x0000029c277c8800 JavaThread "Daemon periodic checks" [_thread_blocked, id=11064, stack(0x000000f145900000,0x000000f145a00000)]
  0x0000029c28dc6800 JavaThread "Cache worker for file hash cache (C:\Users\MinhNgan\.gradle\caches\7.0.2\fileHashes)" [_thread_blocked, id=11104, stack(0x000000f146100000,0x000000f146200000)]
  0x0000029c28dc7000 JavaThread "File lock request listener" [_thread_in_native, id=11108, stack(0x000000f146200000,0x000000f146300000)]
  0x0000029c28dc5800 JavaThread "Cache worker for journal cache (C:\Users\MinhNgan\.gradle\caches\journal-1)" [_thread_blocked, id=11112, stack(0x000000f146300000,0x000000f146400000)]
  0x0000029c27499800 JavaThread "File watcher server" daemon [_thread_in_native, id=11120, stack(0x000000f146500000,0x000000f146600000)]
  0x0000029c2749d000 JavaThread "File watcher consumer" daemon [_thread_blocked, id=11124, stack(0x000000f146600000,0x000000f146700000)]
  0x0000029c2749c000 JavaThread "jar transforms" [_thread_blocked, id=11128, stack(0x000000f146700000,0x000000f146800000)]
  0x0000029c2749b000 JavaThread "jar transforms Thread 2" [_thread_blocked, id=11132, stack(0x000000f146800000,0x000000f146900000)]
  0x0000029c2749e800 JavaThread "jar transforms Thread 3" [_thread_blocked, id=11136, stack(0x000000f146900000,0x000000f146a00000)]
  0x0000029c2749f800 JavaThread "jar transforms Thread 4" [_thread_blocked, id=11140, stack(0x000000f146a00000,0x000000f146b00000)]
  0x0000029c274a4000 JavaThread "Cache worker for execution history cache (C:\Users\MinhNgan\.gradle\caches\7.0.2\executionHistory)" [_thread_blocked, id=11160, stack(0x000000f146e00000,0x000000f146f00000)]
  0x0000029c274a6000 JavaThread "Cache worker for file content cache (C:\Users\MinhNgan\.gradle\caches\7.0.2\fileContent)" [_thread_blocked, id=11184, stack(0x000000f146f00000,0x000000f147000000)]
  0x0000029c27e6c800 JavaThread "Memory manager" [_thread_blocked, id=11240, stack(0x000000f147600000,0x000000f147700000)]
  0x0000029c27e6e000 JavaThread "Daemon Thread 2" [_thread_in_vm, id=5164, stack(0x000000f144000000,0x000000f144100000)]
  0x0000029c27e68800 JavaThread "Handler for socket connection from /127.0.0.1:49966 to /127.0.0.1:50110" [_thread_in_native, id=3200, stack(0x000000f144100000,0x000000f144200000)]
  0x0000029c27e69000 JavaThread "Cancel handler" [_thread_blocked, id=5316, stack(0x000000f144200000,0x000000f144300000)]
  0x0000029c27e6a000 JavaThread "Daemon worker Thread 2" [_thread_blocked, id=5652, stack(0x000000f145a00000,0x000000f145b00000)]

Other Threads:
  0x0000029c26200000 VMThread "VM Thread" [stack: 0x000000f144900000,0x000000f144a00000] [id=10936]
  0x0000029c26d18000 WatcherThread [stack: 0x000000f145300000,0x000000f145400000] [id=10988]
  0x0000029c0bed4800 GCTaskThread "GC Thread#0" [stack: 0x000000f144400000,0x000000f144500000] [id=10916]
  0x0000029c270b8800 GCTaskThread "GC Thread#1" [stack: 0x000000f145500000,0x000000f145600000] [id=11028]
  0x0000029c28dc9800 GCTaskThread "GC Thread#2" [stack: 0x000000f145700000,0x000000f145800000] [id=11048]
  0x0000029c28a33000 GCTaskThread "GC Thread#3" [stack: 0x000000f145800000,0x000000f145900000] [id=11052]
  0x0000029c0bf04000 ConcurrentGCThread "G1 Main Marker" [stack: 0x000000f144500000,0x000000f144600000] [id=10920]
  0x0000029c0bf06000 ConcurrentGCThread "G1 Conc#0" [stack: 0x000000f144600000,0x000000f144700000] [id=10924]
  0x0000029c0bf5e800 ConcurrentGCThread "G1 Refine#0" [stack: 0x000000f144700000,0x000000f144800000] [id=10928]
  0x0000029c0bf60000 ConcurrentGCThread "G1 Young RemSet Sampling" [stack: 0x000000f144800000,0x000000f144900000] [id=10932]

Threads with active compile tasks:
C2 CompilerThread0 149181 11473       4       java.lang.reflect.AccessibleObject::checkCanSetAccessible (386 bytes)

VM state:not at safepoint (normal execution)

VM Mutex/Monitor currently owned by a thread: None

OutOfMemory and StackOverflow Exception counts:
OutOfMemoryError java_heap_errors=1
LinkageErrors=158

Heap address: 0x0000000080000000, size: 2048 MB, Compressed Oops mode: 32-bit
Narrow klass base: 0x0000000000000000, Narrow klass shift: 3
Compressed class space size: 1073741824 Address: 0x0000000100000000

Heap:
 garbage-first heap   total 254976K, used 159231K [0x0000000080000000, 0x0000000100000000)
  region size 1024K, 63 young (64512K), 9 survivors (9216K)
 Metaspace       used 97787K, capacity 100708K, committed 100992K, reserved 1136640K
  class space    used 12599K, capacity 13600K, committed 13696K, reserved 1048576K
Heap Regions: E=young(eden), S=young(survivor), O=old, HS=humongous(starts), HC=humongous(continues), CS=collection set, F=free, A=archive, TAMS=top-at-mark-start (previous, next)
|   0|0x0000000080000000, 0x0000000080100000, 0x0000000080100000|100%| O|  |TAMS 0x0000000080100000, 0x0000000080000000| Untracked 
|   1|0x0000000080100000, 0x0000000080200000, 0x0000000080200000|100%| O|  |TAMS 0x0000000080200000, 0x0000000080100000| Untracked 
|   2|0x0000000080200000, 0x0000000080300000, 0x0000000080300000|100%| O|  |TAMS 0x0000000080300000, 0x0000000080200000| Untracked 
|   3|0x0000000080300000, 0x0000000080400000, 0x0000000080400000|100%|HS|  |TAMS 0x0000000080400000, 0x0000000080300000| Complete 
|   4|0x0000000080400000, 0x0000000080500000, 0x0000000080500000|100%|HC|  |TAMS 0x0000000080500000, 0x0000000080400000| Complete 
|   5|0x0000000080500000, 0x0000000080600000, 0x0000000080600000|100%|HC|  |TAMS 0x0000000080600000, 0x0000000080500000| Complete 
|   6|0x0000000080600000, 0x0000000080700000, 0x0000000080700000|100%| O|  |TAMS 0x0000000080700000, 0x0000000080600000| Untracked 
|   7|0x0000000080700000, 0x0000000080800000, 0x0000000080800000|100%| O|  |TAMS 0x0000000080800000, 0x0000000080700000| Untracked 
|   8|0x0000000080800000, 0x0000000080900000, 0x0000000080900000|100%| O|  |TAMS 0x0000000080900000, 0x0000000080800000| Untracked 
|   9|0x0000000080900000, 0x0000000080a00000, 0x0000000080a00000|100%| O|  |TAMS 0x0000000080a00000, 0x0000000080900000| Untracked 
|  10|0x0000000080a00000, 0x0000000080b00000, 0x0000000080b00000|100%| O|  |TAMS 0x0000000080b00000, 0x0000000080a00000| Untracked 
|  11|0x0000000080b00000, 0x0000000080c00000, 0x0000000080c00000|100%| O|  |TAMS 0x0000000080c00000, 0x0000000080b00000| Untracked 
|  12|0x0000000080c00000, 0x0000000080d00000, 0x0000000080d00000|100%| O|  |TAMS 0x0000000080d00000, 0x0000000080c00000| Untracked 
|  13|0x0000000080d00000, 0x0000000080e00000, 0x0000000080e00000|100%| O|  |TAMS 0x0000000080e00000, 0x0000000080d00000| Untracked 
|  14|0x0000000080e00000, 0x0000000080f00000, 0x0000000080f00000|100%| O|  |TAMS 0x0000000080f00000, 0x0000000080e00000| Untracked 
|  15|0x0000000080f00000, 0x0000000081000000, 0x0000000081000000|100%|HS|  |TAMS 0x0000000081000000, 0x0000000080f00000| Complete 
|  16|0x0000000081000000, 0x0000000081100000, 0x0000000081100000|100%|HC|  |TAMS 0x0000000081100000, 0x0000000081000000| Complete 
|  17|0x0000000081100000, 0x0000000081200000, 0x0000000081200000|100%|HS|  |TAMS 0x0000000081200000, 0x0000000081100000| Complete 
|  18|0x0000000081200000, 0x0000000081300000, 0x0000000081300000|100%|HC|  |TAMS 0x0000000081300000, 0x0000000081200000| Complete 
|  19|0x0000000081300000, 0x0000000081400000, 0x0000000081400000|100%|HC|  |TAMS 0x0000000081400000, 0x0000000081300000| Complete 
|  20|0x0000000081400000, 0x0000000081500000, 0x0000000081500000|100%|HS|  |TAMS 0x0000000081500000, 0x0000000081400000| Complete 
|  21|0x0000000081500000, 0x0000000081600000, 0x0000000081600000|100%|HC|  |TAMS 0x0000000081600000, 0x0000000081500000| Complete 
|  22|0x0000000081600000, 0x0000000081700000, 0x0000000081700000|100%|HC|  |TAMS 0x0000000081700000, 0x0000000081600000| Complete 
|  23|0x0000000081700000, 0x0000000081800000, 0x0000000081800000|100%|HC|  |TAMS 0x0000000081800000, 0x0000000081700000| Complete 
|  24|0x0000000081800000, 0x0000000081900000, 0x0000000081900000|100%|HC|  |TAMS 0x0000000081900000, 0x0000000081800000| Complete 
|  25|0x0000000081900000, 0x0000000081a00000, 0x0000000081a00000|100%| O|  |TAMS 0x0000000081a00000, 0x0000000081900000| Untracked 
|  26|0x0000000081a00000, 0x0000000081b00000, 0x0000000081b00000|100%| O|  |TAMS 0x0000000081b00000, 0x0000000081a00000| Untracked 
|  27|0x0000000081b00000, 0x0000000081c00000, 0x0000000081c00000|100%| O|  |TAMS 0x0000000081c00000, 0x0000000081b00000| Untracked 
|  28|0x0000000081c00000, 0x0000000081d00000, 0x0000000081d00000|100%| O|  |TAMS 0x0000000081d00000, 0x0000000081c00000| Untracked 
|  29|0x0000000081d00000, 0x0000000081e00000, 0x0000000081e00000|100%| O|  |TAMS 0x0000000081e00000, 0x0000000081d00000| Untracked 
|  30|0x0000000081e00000, 0x0000000081f00000, 0x0000000081f00000|100%| O|  |TAMS 0x0000000081f00000, 0x0000000081e00000| Untracked 
|  31|0x0000000081f00000, 0x0000000082000000, 0x0000000082000000|100%| O|  |TAMS 0x0000000082000000, 0x0000000081f00000| Untracked 
|  32|0x0000000082000000, 0x0000000082100000, 0x0000000082100000|100%| O|  |TAMS 0x0000000082100000, 0x0000000082000000| Untracked 
|  33|0x0000000082100000, 0x0000000082200000, 0x0000000082200000|100%| O|  |TAMS 0x0000000082200000, 0x0000000082100000| Untracked 
|  34|0x0000000082200000, 0x0000000082300000, 0x0000000082300000|100%| O|  |TAMS 0x0000000082300000, 0x0000000082200000| Untracked 
|  35|0x0000000082300000, 0x0000000082400000, 0x0000000082400000|100%| O|  |TAMS 0x0000000082400000, 0x0000000082300000| Untracked 
|  36|0x0000000082400000, 0x0000000082500000, 0x0000000082500000|100%| O|  |TAMS 0x0000000082500000, 0x0000000082400000| Untracked 
|  37|0x0000000082500000, 0x0000000082600000, 0x0000000082600000|100%| O|  |TAMS 0x0000000082600000, 0x0000000082500000| Untracked 
|  38|0x0000000082600000, 0x0000000082700000, 0x0000000082700000|100%|HS|  |TAMS 0x0000000082700000, 0x0000000082600000| Complete 
|  39|0x0000000082700000, 0x0000000082800000, 0x0000000082800000|100%|HC|  |TAMS 0x0000000082800000, 0x0000000082700000| Complete 
|  40|0x0000000082800000, 0x0000000082900000, 0x0000000082900000|100%|HC|  |TAMS 0x0000000082900000, 0x0000000082800000| Complete 
|  41|0x0000000082900000, 0x0000000082a00000, 0x0000000082a00000|100%|HC|  |TAMS 0x0000000082a00000, 0x0000000082900000| Complete 
|  42|0x0000000082a00000, 0x0000000082b00000, 0x0000000082b00000|100%|HC|  |TAMS 0x0000000082b00000, 0x0000000082a00000| Complete 
|  43|0x0000000082b00000, 0x0000000082c00000, 0x0000000082c00000|100%|HS|  |TAMS 0x0000000082c00000, 0x0000000082b00000| Complete 
|  44|0x0000000082c00000, 0x0000000082d00000, 0x0000000082d00000|100%|HC|  |TAMS 0x0000000082d00000, 0x0000000082c00000| Complete 
|  45|0x0000000082d00000, 0x0000000082e00000, 0x0000000082e00000|100%|HC|  |TAMS 0x0000000082e00000, 0x0000000082d00000| Complete 
|  46|0x0000000082e00000, 0x0000000082f00000, 0x0000000082f00000|100%| O|  |TAMS 0x0000000082f00000, 0x0000000082e00000| Untracked 
|  47|0x0000000082f00000, 0x0000000083000000, 0x0000000083000000|100%| O|  |TAMS 0x0000000083000000, 0x0000000082f00000| Untracked 
|  48|0x0000000083000000, 0x0000000083100000, 0x0000000083100000|100%| O|  |TAMS 0x0000000083100000, 0x0000000083000000| Untracked 
|  49|0x0000000083100000, 0x0000000083200000, 0x0000000083200000|100%| O|  |TAMS 0x0000000083200000, 0x0000000083100000| Untracked 
|  50|0x0000000083200000, 0x0000000083300000, 0x0000000083300000|100%| O|  |TAMS 0x0000000083300000, 0x0000000083200000| Untracked 
|  51|0x0000000083300000, 0x0000000083400000, 0x0000000083400000|100%| O|  |TAMS 0x0000000083400000, 0x0000000083300000| Untracked 
|  52|0x0000000083400000, 0x0000000083500000, 0x0000000083500000|100%| O|  |TAMS 0x0000000083500000, 0x0000000083400000| Untracked 
|  53|0x0000000083500000, 0x0000000083600000, 0x0000000083600000|100%| O|  |TAMS 0x0000000083600000, 0x0000000083500000| Untracked 
|  54|0x0000000083600000, 0x0000000083700000, 0x0000000083700000|100%| O|  |TAMS 0x0000000083700000, 0x0000000083600000| Untracked 
|  55|0x0000000083700000, 0x0000000083800000, 0x0000000083800000|100%| O|  |TAMS 0x0000000083800000, 0x0000000083700000| Untracked 
|  56|0x0000000083800000, 0x0000000083900000, 0x0000000083900000|100%|HS|  |TAMS 0x0000000083900000, 0x0000000083800000| Complete 
|  57|0x0000000083900000, 0x0000000083a00000, 0x0000000083a00000|100%|HS|  |TAMS 0x0000000083a00000, 0x0000000083900000| Complete 
|  58|0x0000000083a00000, 0x0000000083b00000, 0x0000000083b00000|100%| O|  |TAMS 0x0000000083b00000, 0x0000000083a00000| Untracked 
|  59|0x0000000083b00000, 0x0000000083c00000, 0x0000000083c00000|100%| O|  |TAMS 0x0000000083c00000, 0x0000000083b00000| Untracked 
|  60|0x0000000083c00000, 0x0000000083d00000, 0x0000000083d00000|100%|HS|  |TAMS 0x0000000083d00000, 0x0000000083c00000| Complete 
|  61|0x0000000083d00000, 0x0000000083e00000, 0x0000000083e00000|100%|HC|  |TAMS 0x0000000083e00000, 0x0000000083d00000| Complete 
|  62|0x0000000083e00000, 0x0000000083f00000, 0x0000000083f00000|100%| O|  |TAMS 0x0000000083f00000, 0x0000000083e00000| Untracked 
|  63|0x0000000083f00000, 0x0000000084000000, 0x0000000084000000|100%| O|  |TAMS 0x0000000084000000, 0x0000000083f00000| Untracked 
|  64|0x0000000084000000, 0x0000000084100000, 0x0000000084100000|100%| O|  |TAMS 0x0000000084100000, 0x0000000084000000| Untracked 
|  65|0x0000000084100000, 0x0000000084200000, 0x0000000084200000|100%| O|  |TAMS 0x0000000084200000, 0x0000000084100000| Untracked 
|  66|0x0000000084200000, 0x0000000084300000, 0x0000000084300000|100%| O|  |TAMS 0x0000000084300000, 0x0000000084200000| Untracked 
|  67|0x0000000084300000, 0x0000000084400000, 0x0000000084400000|100%| O|  |TAMS 0x0000000084400000, 0x0000000084300000| Untracked 
|  68|0x0000000084400000, 0x0000000084500000, 0x0000000084500000|100%| O|  |TAMS 0x0000000084500000, 0x0000000084400000| Untracked 
|  69|0x0000000084500000, 0x0000000084600000, 0x0000000084600000|100%| O|  |TAMS 0x0000000084600000, 0x0000000084500000| Untracked 
|  70|0x0000000084600000, 0x0000000084700000, 0x0000000084700000|100%| O|  |TAMS 0x0000000084700000, 0x0000000084600000| Untracked 
|  71|0x0000000084700000, 0x0000000084800000, 0x0000000084800000|100%| O|  |TAMS 0x0000000084800000, 0x0000000084700000| Untracked 
|  72|0x0000000084800000, 0x0000000084900000, 0x0000000084900000|100%| O|  |TAMS 0x000000008480e400, 0x0000000084800000| Untracked 
|  73|0x0000000084900000, 0x0000000084a00000, 0x0000000084a00000|100%| O|  |TAMS 0x0000000084900000, 0x0000000084900000| Untracked 
|  74|0x0000000084a00000, 0x0000000084b00000, 0x0000000084b00000|100%| O|  |TAMS 0x0000000084a00000, 0x0000000084a00000| Untracked 
|  75|0x0000000084b00000, 0x0000000084c00000, 0x0000000084c00000|100%| O|  |TAMS 0x0000000084b00000, 0x0000000084b00000| Untracked 
|  76|0x0000000084c00000, 0x0000000084d00000, 0x0000000084d00000|100%| O|  |TAMS 0x0000000084c00000, 0x0000000084c00000| Untracked 
|  77|0x0000000084d00000, 0x0000000084e00000, 0x0000000084e00000|100%| O|  |TAMS 0x0000000084d00000, 0x0000000084d00000| Untracked 
|  78|0x0000000084e00000, 0x0000000084f00000, 0x0000000084f00000|100%| O|  |TAMS 0x0000000084e00000, 0x0000000084e00000| Untracked 
|  79|0x0000000084f00000, 0x0000000085000000, 0x0000000085000000|100%| O|  |TAMS 0x0000000084f00000, 0x0000000084f00000| Untracked 
|  80|0x0000000085000000, 0x0000000085100000, 0x0000000085100000|100%| O|  |TAMS 0x0000000085000000, 0x0000000085000000| Untracked 
|  81|0x0000000085100000, 0x0000000085200000, 0x0000000085200000|100%| O|  |TAMS 0x0000000085100000, 0x0000000085100000| Untracked 
|  82|0x0000000085200000, 0x0000000085300000, 0x0000000085300000|100%| O|  |TAMS 0x0000000085200000, 0x0000000085200000| Untracked 
|  83|0x0000000085300000, 0x0000000085400000, 0x0000000085400000|100%| O|  |TAMS 0x0000000085300000, 0x0000000085300000| Untracked 
|  84|0x0000000085400000, 0x0000000085500000, 0x0000000085500000|100%| O|  |TAMS 0x0000000085400000, 0x0000000085400000| Untracked 
|  85|0x0000000085500000, 0x0000000085600000, 0x0000000085600000|100%| O|  |TAMS 0x0000000085500000, 0x0000000085500000| Untracked 
|  86|0x0000000085600000, 0x0000000085700000, 0x0000000085700000|100%| O|  |TAMS 0x0000000085600000, 0x0000000085600000| Untracked 
|  87|0x0000000085700000, 0x0000000085800000, 0x0000000085800000|100%| O|  |TAMS 0x0000000085700000, 0x0000000085700000| Untracked 
|  88|0x0000000085800000, 0x0000000085900000, 0x0000000085900000|100%| O|  |TAMS 0x0000000085800000, 0x0000000085800000| Untracked 
|  89|0x0000000085900000, 0x0000000085a00000, 0x0000000085a00000|100%| O|  |TAMS 0x0000000085900000, 0x0000000085900000| Untracked 
|  90|0x0000000085a00000, 0x0000000085b00000, 0x0000000085b00000|100%| O|  |TAMS 0x0000000085a00000, 0x0000000085a00000| Untracked 
|  91|0x0000000085b00000, 0x0000000085c00000, 0x0000000085c00000|100%| O|  |TAMS 0x0000000085b00000, 0x0000000085b00000| Untracked 
|  92|0x0000000085c00000, 0x0000000085d00000, 0x0000000085d00000|100%| O|  |TAMS 0x0000000085c00000, 0x0000000085c00000| Untracked 
|  93|0x0000000085d00000, 0x0000000085d7fe00, 0x0000000085e00000| 49%| O|  |TAMS 0x0000000085d00000, 0x0000000085d00000| Untracked 
|  94|0x0000000085e00000, 0x0000000085e00000, 0x0000000085f00000|  0%| F|  |TAMS 0x0000000085e00000, 0x0000000085e00000| Untracked 
|  95|0x0000000085f00000, 0x0000000085f00000, 0x0000000086000000|  0%| F|  |TAMS 0x0000000085f00000, 0x0000000085f00000| Untracked 
|  96|0x0000000086000000, 0x0000000086000000, 0x0000000086100000|  0%| F|  |TAMS 0x0000000086000000, 0x0000000086000000| Untracked 
|  97|0x0000000086100000, 0x0000000086100000, 0x0000000086200000|  0%| F|  |TAMS 0x0000000086100000, 0x0000000086100000| Untracked 
|  98|0x0000000086200000, 0x0000000086200000, 0x0000000086300000|  0%| F|  |TAMS 0x0000000086200000, 0x0000000086200000| Untracked 
|  99|0x0000000086300000, 0x0000000086300000, 0x0000000086400000|  0%| F|  |TAMS 0x0000000086300000, 0x0000000086300000| Untracked 
| 100|0x0000000086400000, 0x0000000086400000, 0x0000000086500000|  0%| F|  |TAMS 0x0000000086400000, 0x0000000086400000| Untracked 
| 101|0x0000000086500000, 0x0000000086500000, 0x0000000086600000|  0%| F|  |TAMS 0x0000000086500000, 0x0000000086500000| Untracked 
| 102|0x0000000086600000, 0x0000000086600000, 0x0000000086700000|  0%| F|  |TAMS 0x0000000086600000, 0x0000000086600000| Untracked 
| 103|0x0000000086700000, 0x0000000086700000, 0x0000000086800000|  0%| F|  |TAMS 0x0000000086700000, 0x0000000086700000| Untracked 
| 104|0x0000000086800000, 0x0000000086800000, 0x0000000086900000|  0%| F|  |TAMS 0x0000000086800000, 0x0000000086800000| Untracked 
| 105|0x0000000086900000, 0x0000000086900000, 0x0000000086a00000|  0%| F|  |TAMS 0x0000000086900000, 0x0000000086900000| Untracked 
| 106|0x0000000086a00000, 0x0000000086a00000, 0x0000000086b00000|  0%| F|  |TAMS 0x0000000086a00000, 0x0000000086a00000| Untracked 
| 107|0x0000000086b00000, 0x0000000086b00000, 0x0000000086c00000|  0%| F|  |TAMS 0x0000000086b00000, 0x0000000086b00000| Untracked 
| 108|0x0000000086c00000, 0x0000000086c00000, 0x0000000086d00000|  0%| F|  |TAMS 0x0000000086c00000, 0x0000000086c00000| Untracked 
| 109|0x0000000086d00000, 0x0000000086d00000, 0x0000000086e00000|  0%| F|  |TAMS 0x0000000086d00000, 0x0000000086d00000| Untracked 
| 110|0x0000000086e00000, 0x0000000086e00000, 0x0000000086f00000|  0%| F|  |TAMS 0x0000000086e00000, 0x0000000086e00000| Untracked 
| 111|0x0000000086f00000, 0x0000000086f00000, 0x0000000087000000|  0%| F|  |TAMS 0x0000000086f00000, 0x0000000086f00000| Untracked 
| 112|0x0000000087000000, 0x0000000087000000, 0x0000000087100000|  0%| F|  |TAMS 0x0000000087000000, 0x0000000087000000| Untracked 
| 113|0x0000000087100000, 0x0000000087100000, 0x0000000087200000|  0%| F|  |TAMS 0x0000000087100000, 0x0000000087100000| Untracked 
| 114|0x0000000087200000, 0x0000000087200000, 0x0000000087300000|  0%| F|  |TAMS 0x0000000087200000, 0x0000000087200000| Untracked 
| 115|0x0000000087300000, 0x0000000087300000, 0x0000000087400000|  0%| F|  |TAMS 0x0000000087300000, 0x0000000087300000| Untracked 
| 116|0x0000000087400000, 0x0000000087400000, 0x0000000087500000|  0%| F|  |TAMS 0x0000000087400000, 0x0000000087400000| Untracked 
| 117|0x0000000087500000, 0x0000000087500000, 0x0000000087600000|  0%| F|  |TAMS 0x0000000087500000, 0x0000000087500000| Untracked 
| 118|0x0000000087600000, 0x0000000087600000, 0x0000000087700000|  0%| F|  |TAMS 0x0000000087600000, 0x0000000087600000| Untracked 
| 119|0x0000000087700000, 0x0000000087700000, 0x0000000087800000|  0%| F|  |TAMS 0x0000000087700000, 0x0000000087700000| Untracked 
| 120|0x0000000087800000, 0x0000000087800000, 0x0000000087900000|  0%| F|  |TAMS 0x0000000087800000, 0x0000000087800000| Untracked 
| 121|0x0000000087900000, 0x0000000087900000, 0x0000000087a00000|  0%| F|  |TAMS 0x0000000087900000, 0x0000000087900000| Untracked 
| 122|0x0000000087a00000, 0x0000000087a00000, 0x0000000087b00000|  0%| F|  |TAMS 0x0000000087a00000, 0x0000000087a00000| Untracked 
| 123|0x0000000087b00000, 0x0000000087b00000, 0x0000000087c00000|  0%| F|  |TAMS 0x0000000087b00000, 0x0000000087b00000| Untracked 
| 124|0x0000000087c00000, 0x0000000087c00000, 0x0000000087d00000|  0%| F|  |TAMS 0x0000000087c00000, 0x0000000087c00000| Untracked 
| 125|0x0000000087d00000, 0x0000000087e00000, 0x0000000087e00000|100%| S|CS|TAMS 0x0000000087d00000, 0x0000000087d00000| Complete 
| 126|0x0000000087e00000, 0x0000000087f00000, 0x0000000087f00000|100%| S|CS|TAMS 0x0000000087e00000, 0x0000000087e00000| Complete 
| 127|0x0000000087f00000, 0x0000000088000000, 0x0000000088000000|100%| S|CS|TAMS 0x0000000087f00000, 0x0000000087f00000| Complete 
| 128|0x0000000088000000, 0x0000000088100000, 0x0000000088100000|100%| S|CS|TAMS 0x0000000088000000, 0x0000000088000000| Complete 
| 129|0x0000000088100000, 0x0000000088200000, 0x0000000088200000|100%| S|CS|TAMS 0x0000000088100000, 0x0000000088100000| Complete 
| 130|0x0000000088200000, 0x0000000088300000, 0x0000000088300000|100%| S|CS|TAMS 0x0000000088200000, 0x0000000088200000| Complete 
| 131|0x0000000088300000, 0x0000000088300000, 0x0000000088400000|  0%| F|  |TAMS 0x0000000088300000, 0x0000000088300000| Untracked 
| 132|0x0000000088400000, 0x0000000088400000, 0x0000000088500000|  0%| F|  |TAMS 0x0000000088400000, 0x0000000088400000| Untracked 
| 133|0x0000000088500000, 0x0000000088500000, 0x0000000088600000|  0%| F|  |TAMS 0x0000000088500000, 0x0000000088500000| Untracked 
| 134|0x0000000088600000, 0x0000000088600000, 0x0000000088700000|  0%| F|  |TAMS 0x0000000088600000, 0x0000000088600000| Untracked 
| 135|0x0000000088700000, 0x0000000088700000, 0x0000000088800000|  0%| F|  |TAMS 0x0000000088700000, 0x0000000088700000| Untracked 
| 136|0x0000000088800000, 0x0000000088900000, 0x0000000088900000|100%| S|CS|TAMS 0x0000000088800000, 0x0000000088800000| Complete 
| 137|0x0000000088900000, 0x0000000088a00000, 0x0000000088a00000|100%| S|CS|TAMS 0x0000000088900000, 0x0000000088900000| Complete 
| 138|0x0000000088a00000, 0x0000000088b00000, 0x0000000088b00000|100%| S|CS|TAMS 0x0000000088a00000, 0x0000000088a00000| Complete 
| 139|0x0000000088b00000, 0x0000000088b00000, 0x0000000088c00000|  0%| F|  |TAMS 0x0000000088b00000, 0x0000000088b00000| Untracked 
| 140|0x0000000088c00000, 0x0000000088c00000, 0x0000000088d00000|  0%| F|  |TAMS 0x0000000088c00000, 0x0000000088c00000| Untracked 
| 141|0x0000000088d00000, 0x0000000088d00000, 0x0000000088e00000|  0%| F|  |TAMS 0x0000000088d00000, 0x0000000088d00000| Untracked 
| 142|0x0000000088e00000, 0x0000000088e00000, 0x0000000088f00000|  0%| F|  |TAMS 0x0000000088e00000, 0x0000000088e00000| Untracked 
| 143|0x0000000088f00000, 0x0000000088f00000, 0x0000000089000000|  0%| F|  |TAMS 0x0000000088f00000, 0x0000000088f00000| Untracked 
| 144|0x0000000089000000, 0x0000000089000000, 0x0000000089100000|  0%| F|  |TAMS 0x0000000089000000, 0x0000000089000000| Untracked 
| 145|0x0000000089100000, 0x0000000089100000, 0x0000000089200000|  0%| F|  |TAMS 0x0000000089100000, 0x0000000089100000| Untracked 
| 146|0x0000000089200000, 0x0000000089200000, 0x0000000089300000|  0%| F|  |TAMS 0x0000000089200000, 0x0000000089200000| Untracked 
| 147|0x0000000089300000, 0x0000000089300000, 0x0000000089400000|  0%| F|  |TAMS 0x0000000089300000, 0x0000000089300000| Untracked 
| 148|0x0000000089400000, 0x0000000089400000, 0x0000000089500000|  0%| F|  |TAMS 0x0000000089400000, 0x0000000089400000| Untracked 
| 149|0x0000000089500000, 0x0000000089500000, 0x0000000089600000|  0%| F|  |TAMS 0x0000000089500000, 0x0000000089500000| Untracked 
| 150|0x0000000089600000, 0x0000000089600000, 0x0000000089700000|  0%| F|  |TAMS 0x0000000089600000, 0x0000000089600000| Untracked 
| 151|0x0000000089700000, 0x0000000089700000, 0x0000000089800000|  0%| F|  |TAMS 0x0000000089700000, 0x0000000089700000| Untracked 
| 152|0x0000000089800000, 0x0000000089800000, 0x0000000089900000|  0%| F|  |TAMS 0x0000000089800000, 0x0000000089800000| Untracked 
| 153|0x0000000089900000, 0x0000000089900000, 0x0000000089a00000|  0%| F|  |TAMS 0x0000000089900000, 0x0000000089900000| Untracked 
| 154|0x0000000089a00000, 0x0000000089a00000, 0x0000000089b00000|  0%| F|  |TAMS 0x0000000089a00000, 0x0000000089a00000| Untracked 
| 155|0x0000000089b00000, 0x0000000089b00000, 0x0000000089c00000|  0%| F|  |TAMS 0x0000000089b00000, 0x0000000089b00000| Untracked 
| 156|0x0000000089c00000, 0x0000000089c00000, 0x0000000089d00000|  0%| F|  |TAMS 0x0000000089c00000, 0x0000000089c00000| Untracked 
| 157|0x0000000089d00000, 0x0000000089d00000, 0x0000000089e00000|  0%| F|  |TAMS 0x0000000089d00000, 0x0000000089d00000| Untracked 
| 158|0x0000000089e00000, 0x0000000089e00000, 0x0000000089f00000|  0%| F|  |TAMS 0x0000000089e00000, 0x0000000089e00000| Untracked 
| 159|0x0000000089f00000, 0x0000000089f00000, 0x000000008a000000|  0%| F|  |TAMS 0x0000000089f00000, 0x0000000089f00000| Untracked 
| 160|0x000000008a000000, 0x000000008a000000, 0x000000008a100000|  0%| F|  |TAMS 0x000000008a000000, 0x000000008a000000| Untracked 
| 161|0x000000008a100000, 0x000000008a100000, 0x000000008a200000|  0%| F|  |TAMS 0x000000008a100000, 0x000000008a100000| Untracked 
| 162|0x000000008a200000, 0x000000008a200000, 0x000000008a300000|  0%| F|  |TAMS 0x000000008a200000, 0x000000008a200000| Untracked 
| 163|0x000000008a300000, 0x000000008a300000, 0x000000008a400000|  0%| F|  |TAMS 0x000000008a300000, 0x000000008a300000| Untracked 
| 164|0x000000008a400000, 0x000000008a400000, 0x000000008a500000|  0%| F|  |TAMS 0x000000008a400000, 0x000000008a400000| Untracked 
| 165|0x000000008a500000, 0x000000008a500000, 0x000000008a600000|  0%| F|  |TAMS 0x000000008a500000, 0x000000008a500000| Untracked 
| 166|0x000000008a600000, 0x000000008a600000, 0x000000008a700000|  0%| F|  |TAMS 0x000000008a600000, 0x000000008a600000| Untracked 
| 167|0x000000008a700000, 0x000000008a700000, 0x000000008a800000|  0%| F|  |TAMS 0x000000008a700000, 0x000000008a700000| Untracked 
| 168|0x000000008a800000, 0x000000008a800000, 0x000000008a900000|  0%| F|  |TAMS 0x000000008a800000, 0x000000008a800000| Untracked 
| 169|0x000000008a900000, 0x000000008a900000, 0x000000008aa00000|  0%| F|  |TAMS 0x000000008a900000, 0x000000008a900000| Untracked 
| 170|0x000000008aa00000, 0x000000008aa00000, 0x000000008ab00000|  0%| F|  |TAMS 0x000000008aa00000, 0x000000008aa00000| Untracked 
| 171|0x000000008ab00000, 0x000000008ab00000, 0x000000008ac00000|  0%| F|  |TAMS 0x000000008ab00000, 0x000000008ab00000| Untracked 
| 172|0x000000008ac00000, 0x000000008ac00000, 0x000000008ad00000|  0%| F|  |TAMS 0x000000008ac00000, 0x000000008ac00000| Untracked 
| 173|0x000000008ad00000, 0x000000008ad00000, 0x000000008ae00000|  0%| F|  |TAMS 0x000000008ad00000, 0x000000008ad00000| Untracked 
| 174|0x000000008ae00000, 0x000000008ae00000, 0x000000008af00000|  0%| F|  |TAMS 0x000000008ae00000, 0x000000008ae00000| Untracked 
| 175|0x000000008af00000, 0x000000008af00000, 0x000000008b000000|  0%| F|  |TAMS 0x000000008af00000, 0x000000008af00000| Untracked 
| 176|0x000000008b000000, 0x000000008b000000, 0x000000008b100000|  0%| F|  |TAMS 0x000000008b000000, 0x000000008b000000| Untracked 
| 177|0x000000008b100000, 0x000000008b100000, 0x000000008b200000|  0%| F|  |TAMS 0x000000008b100000, 0x000000008b100000| Untracked 
| 178|0x000000008b200000, 0x000000008b200000, 0x000000008b300000|  0%| F|  |TAMS 0x000000008b200000, 0x000000008b200000| Untracked 
| 179|0x000000008b300000, 0x000000008b300000, 0x000000008b400000|  0%| F|  |TAMS 0x000000008b300000, 0x000000008b300000| Untracked 
| 180|0x000000008b400000, 0x000000008b400000, 0x000000008b500000|  0%| F|  |TAMS 0x000000008b400000, 0x000000008b400000| Untracked 
| 181|0x000000008b500000, 0x000000008b500000, 0x000000008b600000|  0%| F|  |TAMS 0x000000008b500000, 0x000000008b500000| Untracked 
| 182|0x000000008b600000, 0x000000008b600000, 0x000000008b700000|  0%| F|  |TAMS 0x000000008b600000, 0x000000008b600000| Untracked 
| 183|0x000000008b700000, 0x000000008b700000, 0x000000008b800000|  0%| F|  |TAMS 0x000000008b700000, 0x000000008b700000| Untracked 
| 184|0x000000008b800000, 0x000000008b800000, 0x000000008b900000|  0%| F|  |TAMS 0x000000008b800000, 0x000000008b800000| Untracked 
| 185|0x000000008b900000, 0x000000008b900000, 0x000000008ba00000|  0%| F|  |TAMS 0x000000008b900000, 0x000000008b900000| Untracked 
| 186|0x000000008ba00000, 0x000000008ba00000, 0x000000008bb00000|  0%| F|  |TAMS 0x000000008ba00000, 0x000000008ba00000| Untracked 
| 187|0x000000008bb00000, 0x000000008bb00000, 0x000000008bc00000|  0%| F|  |TAMS 0x000000008bb00000, 0x000000008bb00000| Untracked 
| 188|0x000000008bc00000, 0x000000008bc00000, 0x000000008bd00000|  0%| F|  |TAMS 0x000000008bc00000, 0x000000008bc00000| Untracked 
| 189|0x000000008bd00000, 0x000000008bd00000, 0x000000008be00000|  0%| F|  |TAMS 0x000000008bd00000, 0x000000008bd00000| Untracked 
| 190|0x000000008be00000, 0x000000008be00000, 0x000000008bf00000|  0%| F|  |TAMS 0x000000008be00000, 0x000000008be00000| Untracked 
| 191|0x000000008bf00000, 0x000000008bf00000, 0x000000008c000000|  0%| F|  |TAMS 0x000000008bf00000, 0x000000008bf00000| Untracked 
| 192|0x000000008c000000, 0x000000008c000000, 0x000000008c100000|  0%| F|  |TAMS 0x000000008c000000, 0x000000008c000000| Untracked 
| 193|0x000000008c100000, 0x000000008c100000, 0x000000008c200000|  0%| F|  |TAMS 0x000000008c100000, 0x000000008c100000| Untracked 
| 194|0x000000008c200000, 0x000000008c200000, 0x000000008c300000|  0%| F|  |TAMS 0x000000008c200000, 0x000000008c200000| Untracked 
| 195|0x000000008c300000, 0x000000008c367a70, 0x000000008c400000| 40%| E|  |TAMS 0x000000008c300000, 0x000000008c300000| Complete 
| 196|0x000000008c400000, 0x000000008c500000, 0x000000008c500000|100%| E|CS|TAMS 0x000000008c400000, 0x000000008c400000| Complete 
| 197|0x000000008c500000, 0x000000008c600000, 0x000000008c600000|100%| E|CS|TAMS 0x000000008c500000, 0x000000008c500000| Complete 
| 198|0x000000008c600000, 0x000000008c700000, 0x000000008c700000|100%| E|CS|TAMS 0x000000008c600000, 0x000000008c600000| Complete 
| 199|0x000000008c700000, 0x000000008c800000, 0x000000008c800000|100%| E|CS|TAMS 0x000000008c700000, 0x000000008c700000| Complete 
| 200|0x000000008c800000, 0x000000008c900000, 0x000000008c900000|100%| E|CS|TAMS 0x000000008c800000, 0x000000008c800000| Complete 
| 201|0x000000008c900000, 0x000000008ca00000, 0x000000008ca00000|100%| E|CS|TAMS 0x000000008c900000, 0x000000008c900000| Complete 
| 202|0x000000008ca00000, 0x000000008cb00000, 0x000000008cb00000|100%| E|CS|TAMS 0x000000008ca00000, 0x000000008ca00000| Complete 
| 203|0x000000008cb00000, 0x000000008cc00000, 0x000000008cc00000|100%| E|CS|TAMS 0x000000008cb00000, 0x000000008cb00000| Complete 
| 204|0x000000008cc00000, 0x000000008cd00000, 0x000000008cd00000|100%| E|CS|TAMS 0x000000008cc00000, 0x000000008cc00000| Complete 
| 205|0x000000008cd00000, 0x000000008ce00000, 0x000000008ce00000|100%| E|CS|TAMS 0x000000008cd00000, 0x000000008cd00000| Complete 
| 206|0x000000008ce00000, 0x000000008cf00000, 0x000000008cf00000|100%| E|CS|TAMS 0x000000008ce00000, 0x000000008ce00000| Complete 
| 207|0x000000008cf00000, 0x000000008d000000, 0x000000008d000000|100%| E|CS|TAMS 0x000000008cf00000, 0x000000008cf00000| Complete 
| 208|0x000000008d000000, 0x000000008d100000, 0x000000008d100000|100%| E|CS|TAMS 0x000000008d000000, 0x000000008d000000| Complete 
| 209|0x000000008d100000, 0x000000008d200000, 0x000000008d200000|100%| E|CS|TAMS 0x000000008d100000, 0x000000008d100000| Complete 
| 210|0x000000008d200000, 0x000000008d300000, 0x000000008d300000|100%| E|CS|TAMS 0x000000008d200000, 0x000000008d200000| Complete 
| 211|0x000000008d300000, 0x000000008d400000, 0x000000008d400000|100%| E|CS|TAMS 0x000000008d300000, 0x000000008d300000| Complete 
| 212|0x000000008d400000, 0x000000008d500000, 0x000000008d500000|100%| E|CS|TAMS 0x000000008d400000, 0x000000008d400000| Complete 
| 213|0x000000008d500000, 0x000000008d600000, 0x000000008d600000|100%| E|CS|TAMS 0x000000008d500000, 0x000000008d500000| Complete 
| 214|0x000000008d600000, 0x000000008d700000, 0x000000008d700000|100%| E|CS|TAMS 0x000000008d600000, 0x000000008d600000| Complete 
| 215|0x000000008d700000, 0x000000008d800000, 0x000000008d800000|100%| E|CS|TAMS 0x000000008d700000, 0x000000008d700000| Complete 
| 216|0x000000008d800000, 0x000000008d900000, 0x000000008d900000|100%| E|CS|TAMS 0x000000008d800000, 0x000000008d800000| Complete 
| 217|0x000000008d900000, 0x000000008da00000, 0x000000008da00000|100%| E|CS|TAMS 0x000000008d900000, 0x000000008d900000| Complete 
| 218|0x000000008da00000, 0x000000008db00000, 0x000000008db00000|100%| E|CS|TAMS 0x000000008da00000, 0x000000008da00000| Complete 
| 219|0x000000008db00000, 0x000000008dc00000, 0x000000008dc00000|100%| E|CS|TAMS 0x000000008db00000, 0x000000008db00000| Complete 
| 220|0x000000008dc00000, 0x000000008dd00000, 0x000000008dd00000|100%| E|CS|TAMS 0x000000008dc00000, 0x000000008dc00000| Complete 
| 221|0x000000008dd00000, 0x000000008de00000, 0x000000008de00000|100%| E|CS|TAMS 0x000000008dd00000, 0x000000008dd00000| Complete 
| 222|0x000000008de00000, 0x000000008df00000, 0x000000008df00000|100%| E|CS|TAMS 0x000000008de00000, 0x000000008de00000| Complete 
| 223|0x000000008df00000, 0x000000008e000000, 0x000000008e000000|100%| E|CS|TAMS 0x000000008df00000, 0x000000008df00000| Complete 
| 224|0x000000008e000000, 0x000000008e100000, 0x000000008e100000|100%| E|CS|TAMS 0x000000008e000000, 0x000000008e000000| Complete 
| 225|0x000000008e100000, 0x000000008e200000, 0x000000008e200000|100%| E|CS|TAMS 0x000000008e100000, 0x000000008e100000| Complete 
| 226|0x000000008e200000, 0x000000008e300000, 0x000000008e300000|100%| E|CS|TAMS 0x000000008e200000, 0x000000008e200000| Complete 
| 227|0x000000008e300000, 0x000000008e400000, 0x000000008e400000|100%| E|CS|TAMS 0x000000008e300000, 0x000000008e300000| Complete 
| 228|0x000000008e400000, 0x000000008e500000, 0x000000008e500000|100%| E|CS|TAMS 0x000000008e400000, 0x000000008e400000| Complete 
| 229|0x000000008e500000, 0x000000008e600000, 0x000000008e600000|100%| E|CS|TAMS 0x000000008e500000, 0x000000008e500000| Complete 
| 230|0x000000008e600000, 0x000000008e700000, 0x000000008e700000|100%| E|CS|TAMS 0x000000008e600000, 0x000000008e600000| Complete 
| 231|0x000000008e700000, 0x000000008e800000, 0x000000008e800000|100%| E|CS|TAMS 0x000000008e700000, 0x000000008e700000| Complete 
| 232|0x000000008e800000, 0x000000008e900000, 0x000000008e900000|100%| E|CS|TAMS 0x000000008e800000, 0x000000008e800000| Complete 
| 233|0x000000008e900000, 0x000000008ea00000, 0x000000008ea00000|100%| E|CS|TAMS 0x000000008e900000, 0x000000008e900000| Complete 
| 234|0x000000008ea00000, 0x000000008eb00000, 0x000000008eb00000|100%| E|CS|TAMS 0x000000008ea00000, 0x000000008ea00000| Complete 
| 235|0x000000008eb00000, 0x000000008ec00000, 0x000000008ec00000|100%| E|CS|TAMS 0x000000008eb00000, 0x000000008eb00000| Complete 
| 236|0x000000008ec00000, 0x000000008ed00000, 0x000000008ed00000|100%| E|CS|TAMS 0x000000008ec00000, 0x000000008ec00000| Complete 
| 237|0x000000008ed00000, 0x000000008ee00000, 0x000000008ee00000|100%| E|CS|TAMS 0x000000008ed00000, 0x000000008ed00000| Complete 
| 238|0x000000008ee00000, 0x000000008ef00000, 0x000000008ef00000|100%| E|CS|TAMS 0x000000008ee00000, 0x000000008ee00000| Complete 
| 239|0x000000008ef00000, 0x000000008f000000, 0x000000008f000000|100%| E|CS|TAMS 0x000000008ef00000, 0x000000008ef00000| Complete 
| 240|0x000000008f000000, 0x000000008f100000, 0x000000008f100000|100%| E|CS|TAMS 0x000000008f000000, 0x000000008f000000| Complete 
| 241|0x000000008f100000, 0x000000008f200000, 0x000000008f200000|100%| E|CS|TAMS 0x000000008f100000, 0x000000008f100000| Complete 
| 242|0x000000008f200000, 0x000000008f300000, 0x000000008f300000|100%| E|CS|TAMS 0x000000008f200000, 0x000000008f200000| Complete 
| 243|0x000000008f300000, 0x000000008f400000, 0x000000008f400000|100%| E|CS|TAMS 0x000000008f300000, 0x000000008f300000| Complete 
| 244|0x000000008f400000, 0x000000008f500000, 0x000000008f500000|100%| E|CS|TAMS 0x000000008f400000, 0x000000008f400000| Complete 
| 245|0x000000008f500000, 0x000000008f600000, 0x000000008f600000|100%| E|CS|TAMS 0x000000008f500000, 0x000000008f500000| Complete 
| 246|0x000000008f600000, 0x000000008f700000, 0x000000008f700000|100%| E|CS|TAMS 0x000000008f600000, 0x000000008f600000| Complete 
| 247|0x000000008f700000, 0x000000008f800000, 0x000000008f800000|100%| E|CS|TAMS 0x000000008f700000, 0x000000008f700000| Complete 
| 248|0x000000008f800000, 0x000000008f900000, 0x000000008f900000|100%| E|CS|TAMS 0x000000008f800000, 0x000000008f800000| Complete 

Card table byte_map: [0x0000029c1f400000,0x0000029c1f800000] _byte_map_base: 0x0000029c1f000000

Marking Bits (Prev, Next): (CMBitMap*) 0x0000029c0befb250, (CMBitMap*) 0x0000029c0befb218
 Prev Bits: [0x0000029c21c00000, 0x0000029c23c00000)
 Next Bits: [0x0000029c1fc00000, 0x0000029c21c00000)

Polling page: 0x0000029c0f9b0000

Metaspace:

Usage:
  Non-class:     85.07 MB capacity,    83.19 MB ( 98%) used,     1.59 MB (  2%) free+waste,   290.06 KB ( <1%) overhead. 
      Class:     13.28 MB capacity,    12.30 MB ( 93%) used,   865.20 KB (  6%) free+waste,   135.69 KB ( <1%) overhead. 
       Both:     98.35 MB capacity,    95.50 MB ( 97%) used,     2.44 MB (  2%) free+waste,   425.75 KB ( <1%) overhead. 

Virtual space:
  Non-class space:       86.00 MB reserved,      85.25 MB (>99%) committed 
      Class space:        1.00 GB reserved,      13.38 MB (  1%) committed 
             Both:        1.08 GB reserved,      98.63 MB (  9%) committed 

Chunk freelists:
   Non-Class:  0 bytes
       Class:  0 bytes
        Both:  0 bytes

MaxMetaspaceSize: 17179869184.00 GB
CompressedClassSpaceSize: 1.00 GB

CodeHeap 'non-profiled nmethods': size=120064Kb used=5833Kb max_used=5833Kb free=114230Kb
 bounds [0x0000029c17490000, 0x0000029c17a50000, 0x0000029c1e9d0000]
CodeHeap 'profiled nmethods': size=120000Kb used=23917Kb max_used=23917Kb free=96082Kb
 bounds [0x0000029c0ff60000, 0x0000029c116c0000, 0x0000029c17490000]
CodeHeap 'non-nmethods': size=5696Kb used=2305Kb max_used=2352Kb free=3390Kb
 bounds [0x0000029c0f9d0000, 0x0000029c0fc40000, 0x0000029c0ff60000]
 total_blobs=12206 nmethods=11296 adapters=821
 compilation: enabled
              stopped_count=0, restarted_count=0
 full_count=0

Compilation events (20 events):
Event: 148.479 Thread 0x0000029c2626b000 nmethod 11471 0x0000029c17a42290 code [0x0000029c17a42420, 0x0000029c17a42638]
Event: 148.504 Thread 0x0000029c26274800 11472       3       java.util.HashMap$KeySet::contains (9 bytes)
Event: 148.504 Thread 0x0000029c26274800 nmethod 11472 0x0000029c116b4e10 code [0x0000029c116b4fc0, 0x0000029c116b5188]
Event: 148.747 Thread 0x0000029c2626b000 11473       4       java.lang.reflect.AccessibleObject::checkCanSetAccessible (386 bytes)
Event: 148.749 Thread 0x0000029c26274800 11474       3       java.lang.ProcessEnvironment::put (16 bytes)
Event: 148.752 Thread 0x0000029c26274800 nmethod 11474 0x0000029c116b5290 code [0x0000029c116b54a0, 0x0000029c116b58d8]
Event: 148.752 Thread 0x0000029c26274800 11475       3       java.lang.ProcessEnvironment::validateName (54 bytes)
Event: 148.759 Thread 0x0000029c26274800 nmethod 11475 0x0000029c116b5a90 code [0x0000029c116b5d80, 0x0000029c116b6b48]
Event: 148.759 Thread 0x0000029c26274800 11476       3       java.lang.ProcessEnvironment::validateValue (43 bytes)
Event: 148.765 Thread 0x0000029c26274800 nmethod 11476 0x0000029c116b7010 code [0x0000029c116b72c0, 0x0000029c116b7e28]
Event: 148.959 Thread 0x0000029c26274800 11477       3       java.lang.reflect.AccessibleObject::logIfOpenedForIllegalAccess (54 bytes)
Event: 148.964 Thread 0x0000029c26274800 nmethod 11477 0x0000029c116b8290 code [0x0000029c116b84c0, 0x0000029c116b8cc8]
Event: 148.964 Thread 0x0000029c26274800 11478       3       java.lang.reflect.AccessibleObject$$Lambda$87/0x0000000100207840::get$Lambda (9 bytes)
Event: 148.965 Thread 0x0000029c26274800 nmethod 11478 0x0000029c116b9010 code [0x0000029c116b91e0, 0x0000029c116b9438]
Event: 148.965 Thread 0x0000029c26274800 11479       3       java.lang.reflect.AccessibleObject$$Lambda$87/0x0000000100207840::<init> (10 bytes)
Event: 148.965 Thread 0x0000029c26274800 nmethod 11479 0x0000029c116b9510 code [0x0000029c116b96c0, 0x0000029c116b9878]
Event: 148.966 Thread 0x0000029c26274800 11480       3       jdk.internal.module.IllegalAccessLogger::isOpenForIllegalAccess (43 bytes)
Event: 148.966 Thread 0x0000029c26274800 nmethod 11480 0x0000029c116b9910 code [0x0000029c116b9b40, 0x0000029c116ba338]
Event: 149.077 Thread 0x0000029c26274800 11481       3       java.lang.StringBuilder::append (9 bytes)
Event: 149.078 Thread 0x0000029c26274800 nmethod 11481 0x0000029c116ba510 code [0x0000029c116ba700, 0x0000029c116baa18]

GC Heap History (20 events):
Event: 16.889 GC heap before
{Heap before GC invocations=33 (full 0):
 garbage-first heap   total 146432K, used 105207K [0x0000000080000000, 0x0000000100000000)
  region size 1024K, 39 young (39936K), 4 survivors (4096K)
 Metaspace       used 62964K, capacity 64665K, committed 65024K, reserved 1105920K
  class space    used 7990K, capacity 8587K, committed 8704K, reserved 1048576K
}
Event: 16.903 GC heap after
{Heap after GC invocations=34 (full 0):
 garbage-first heap   total 146432K, used 73905K [0x0000000080000000, 0x0000000100000000)
  region size 1024K, 5 young (5120K), 5 survivors (5120K)
 Metaspace       used 62964K, capacity 64665K, committed 65024K, reserved 1105920K
  class space    used 7990K, capacity 8587K, committed 8704K, reserved 1048576K
}
Event: 17.100 GC heap before
{Heap before GC invocations=34 (full 0):
 garbage-first heap   total 146432K, used 84145K [0x0000000080000000, 0x0000000100000000)
  region size 1024K, 16 young (16384K), 5 survivors (5120K)
 Metaspace       used 63975K, capacity 65655K, committed 65920K, reserved 1105920K
  class space    used 8127K, capacity 8725K, committed 8832K, reserved 1048576K
}
Event: 17.112 GC heap after
{Heap after GC invocations=35 (full 0):
 garbage-first heap   total 176128K, used 75245K [0x0000000080000000, 0x0000000100000000)
  region size 1024K, 2 young (2048K), 2 survivors (2048K)
 Metaspace       used 63975K, capacity 65655K, committed 65920K, reserved 1105920K
  class space    used 8127K, capacity 8725K, committed 8832K, reserved 1048576K
}
Event: 17.855 GC heap before
{Heap before GC invocations=36 (full 0):
 garbage-first heap   total 176128K, used 116205K [0x0000000080000000, 0x0000000100000000)
  region size 1024K, 41 young (41984K), 2 survivors (2048K)
 Metaspace       used 65267K, capacity 67129K, committed 67328K, reserved 1107968K
  class space    used 8310K, capacity 8911K, committed 8960K, reserved 1048576K
}
Event: 17.864 GC heap after
{Heap after GC invocations=37 (full 0):
 garbage-first heap   total 176128K, used 77959K [0x0000000080000000, 0x0000000100000000)
  region size 1024K, 5 young (5120K), 5 survivors (5120K)
 Metaspace       used 65267K, capacity 67129K, committed 67328K, reserved 1107968K
  class space    used 8310K, capacity 8911K, committed 8960K, reserved 1048576K
}
Event: 19.056 GC heap before
{Heap before GC invocations=37 (full 0):
 garbage-first heap   total 176128K, used 126087K [0x0000000080000000, 0x0000000100000000)
  region size 1024K, 52 young (53248K), 5 survivors (5120K)
 Metaspace       used 70211K, capacity 72058K, committed 72320K, reserved 1112064K
  class space    used 9089K, capacity 9738K, committed 9856K, reserved 1048576K
}
Event: 19.070 GC heap after
{Heap after GC invocations=38 (full 0):
 garbage-first heap   total 176128K, used 81154K [0x0000000080000000, 0x0000000100000000)
  region size 1024K, 7 young (7168K), 7 survivors (7168K)
 Metaspace       used 70211K, capacity 72058K, committed 72320K, reserved 1112064K
  class space    used 9089K, capacity 9738K, committed 9856K, reserved 1048576K
}
Event: 19.769 GC heap before
{Heap before GC invocations=38 (full 0):
 garbage-first heap   total 176128K, used 131330K [0x0000000080000000, 0x0000000100000000)
  region size 1024K, 56 young (57344K), 7 survivors (7168K)
 Metaspace       used 72510K, capacity 74391K, committed 74624K, reserved 1114112K
  class space    used 9441K, capacity 10062K, committed 10112K, reserved 1048576K
}
Event: 19.786 GC heap after
{Heap after GC invocations=39 (full 0):
 garbage-first heap   total 176128K, used 84105K [0x0000000080000000, 0x0000000100000000)
  region size 1024K, 6 young (6144K), 6 survivors (6144K)
 Metaspace       used 72510K, capacity 74391K, committed 74624K, reserved 1114112K
  class space    used 9441K, capacity 10062K, committed 10112K, reserved 1048576K
}
Event: 21.375 GC heap before
{Heap before GC invocations=39 (full 0):
 garbage-first heap   total 176128K, used 134281K [0x0000000080000000, 0x0000000100000000)
  region size 1024K, 55 young (56320K), 6 survivors (6144K)
 Metaspace       used 75593K, capacity 77682K, committed 77952K, reserved 1116160K
  class space    used 9830K, capacity 10554K, committed 10624K, reserved 1048576K
}
Event: 21.397 GC heap after
{Heap after GC invocations=40 (full 0):
 garbage-first heap   total 211968K, used 87177K [0x0000000080000000, 0x0000000100000000)
  region size 1024K, 6 young (6144K), 6 survivors (6144K)
 Metaspace       used 75593K, capacity 77682K, committed 77952K, reserved 1116160K
  class space    used 9830K, capacity 10554K, committed 10624K, reserved 1048576K
}
Event: 22.603 GC heap before
{Heap before GC invocations=40 (full 0):
 garbage-first heap   total 211968K, used 154761K [0x0000000080000000, 0x0000000100000000)
  region size 1024K, 72 young (73728K), 6 survivors (6144K)
 Metaspace       used 79652K, capacity 81824K, committed 82176K, reserved 1120256K
  class space    used 10417K, capacity 11153K, committed 11264K, reserved 1048576K
}
Event: 22.622 GC heap after
{Heap after GC invocations=41 (full 0):
 garbage-first heap   total 211968K, used 91119K [0x0000000080000000, 0x0000000100000000)
  region size 1024K, 8 young (8192K), 8 survivors (8192K)
 Metaspace       used 79652K, capacity 81824K, committed 82176K, reserved 1120256K
  class space    used 10417K, capacity 11153K, committed 11264K, reserved 1048576K
}
Event: 23.808 GC heap before
{Heap before GC invocations=41 (full 0):
 garbage-first heap   total 211968K, used 160751K [0x0000000080000000, 0x0000000100000000)
  region size 1024K, 76 young (77824K), 8 survivors (8192K)
 Metaspace       used 86951K, capacity 89127K, committed 89472K, reserved 1126400K
  class space    used 11303K, capacity 12059K, committed 12160K, reserved 1048576K
}
Event: 23.830 GC heap after
{Heap after GC invocations=42 (full 0):
 garbage-first heap   total 211968K, used 95925K [0x0000000080000000, 0x0000000100000000)
  region size 1024K, 9 young (9216K), 9 survivors (9216K)
 Metaspace       used 86951K, capacity 89127K, committed 89472K, reserved 1126400K
  class space    used 11303K, capacity 12059K, committed 12160K, reserved 1048576K
}
Event: 25.862 GC heap before
{Heap before GC invocations=42 (full 0):
 garbage-first heap   total 211968K, used 167605K [0x0000000080000000, 0x0000000100000000)
  region size 1024K, 80 young (81920K), 9 survivors (9216K)
 Metaspace       used 91788K, capacity 94226K, committed 94464K, reserved 1130496K
  class space    used 11861K, capacity 12711K, committed 12800K, reserved 1048576K
}
Event: 25.888 GC heap after
{Heap after GC invocations=43 (full 0):
 garbage-first heap   total 211968K, used 100878K [0x0000000080000000, 0x0000000100000000)
  region size 1024K, 10 young (10240K), 10 survivors (10240K)
 Metaspace       used 91788K, capacity 94226K, committed 94464K, reserved 1130496K
  class space    used 11861K, capacity 12711K, committed 12800K, reserved 1048576K
}
Event: 27.553 GC heap before
{Heap before GC invocations=43 (full 0):
 garbage-first heap   total 211968K, used 170510K [0x0000000080000000, 0x0000000100000000)
  region size 1024K, 78 young (79872K), 10 survivors (10240K)
 Metaspace       used 94196K, capacity 96694K, committed 96768K, reserved 1132544K
  class space    used 12101K, capacity 13005K, committed 13056K, reserved 1048576K
}
Event: 27.580 GC heap after
{Heap after GC invocations=44 (full 0):
 garbage-first heap   total 254976K, used 104959K [0x0000000080000000, 0x0000000100000000)
  region size 1024K, 9 young (9216K), 9 survivors (9216K)
 Metaspace       used 94196K, capacity 96694K, committed 96768K, reserved 1132544K
  class space    used 12101K, capacity 13005K, committed 13056K, reserved 1048576K
}

Deoptimization events (20 events):
Event: 148.200 Thread 0x0000029c27e68800 Uncommon trap: trap_request=0xffffff6e fr.pc=0x0000029c1790cd94 relative=0x0000000000000734
Event: 148.201 Thread 0x0000029c27e68800 Uncommon trap: reason=speculate_class_check action=maybe_recompile pc=0x0000029c1790cd94 method=sun.security.provider.DigestBase.implCompressMultiBlock([BII)I @ 11 c2
Event: 148.202 Thread 0x0000029c27e68800 DEOPT PACKING pc=0x0000029c1790cd94 sp=0x000000f1441fc8f0
Event: 148.202 Thread 0x0000029c27e68800 DEOPT UNPACKING pc=0x0000029c0f9f78af sp=0x000000f1441fc828 mode 2
Event: 148.232 Thread 0x0000029c27e68800 Uncommon trap: trap_request=0xffffffc6 fr.pc=0x0000029c1768cb58 relative=0x00000000000011b8
Event: 148.232 Thread 0x0000029c27e68800 Uncommon trap: reason=bimorphic_or_optimized_type_check action=maybe_recompile pc=0x0000029c1768cb58 method=java.io.DataInputStream.readInt()I @ 4 c2
Event: 148.232 Thread 0x0000029c27e68800 DEOPT PACKING pc=0x0000029c1768cb58 sp=0x000000f1441fd9a0
Event: 148.233 Thread 0x0000029c27e68800 DEOPT UNPACKING pc=0x0000029c0f9f78af sp=0x000000f1441fd980 mode 2
Event: 148.240 Thread 0x0000029c27e68800 Uncommon trap: trap_request=0xffffffc6 fr.pc=0x0000029c1768cb58 relative=0x00000000000011b8
Event: 148.240 Thread 0x0000029c27e68800 Uncommon trap: reason=bimorphic_or_optimized_type_check action=maybe_recompile pc=0x0000029c1768cb58 method=java.io.DataInputStream.readInt()I @ 4 c2
Event: 148.240 Thread 0x0000029c27e68800 DEOPT PACKING pc=0x0000029c1768cb58 sp=0x000000f1441fd1f0
Event: 148.240 Thread 0x0000029c27e68800 DEOPT UNPACKING pc=0x0000029c0f9f78af sp=0x000000f1441fd1d0 mode 2
Event: 148.240 Thread 0x0000029c27e68800 Uncommon trap: trap_request=0xffffffc6 fr.pc=0x0000029c1768cb58 relative=0x00000000000011b8
Event: 148.240 Thread 0x0000029c27e68800 Uncommon trap: reason=bimorphic_or_optimized_type_check action=maybe_recompile pc=0x0000029c1768cb58 method=java.io.DataInputStream.readInt()I @ 4 c2
Event: 148.240 Thread 0x0000029c27e68800 DEOPT PACKING pc=0x0000029c1768cb58 sp=0x000000f1441fd1f0
Event: 148.240 Thread 0x0000029c27e68800 DEOPT UNPACKING pc=0x0000029c0f9f78af sp=0x000000f1441fd1d0 mode 2
Event: 148.249 Thread 0x0000029c27e68800 Uncommon trap: trap_request=0xffffffc6 fr.pc=0x0000029c1768cb58 relative=0x00000000000011b8
Event: 148.249 Thread 0x0000029c27e68800 Uncommon trap: reason=bimorphic_or_optimized_type_check action=maybe_recompile pc=0x0000029c1768cb58 method=java.io.DataInputStream.readInt()I @ 4 c2
Event: 148.249 Thread 0x0000029c27e68800 DEOPT PACKING pc=0x0000029c1768cb58 sp=0x000000f1441fd1c0
Event: 148.249 Thread 0x0000029c27e68800 DEOPT UNPACKING pc=0x0000029c0f9f78af sp=0x000000f1441fd1a0 mode 2

Classes redefined (0 events):
No events

Internal exceptions (20 events):
Event: 24.977 Thread 0x0000029c28306000 Exception <a 'java/lang/NoSuchMethodError'{0x000000008aef4b90}: 'java.lang.Object java.lang.invoke.DirectMethodHandle$Holder.invokeSpecialIFC(java.lang.Object, java.lang.Object, java.lang.Object)'> (0x000000008aef4b90) thrown at [./src/hotspot/share/interpreter/linkResolver.cpp, line 773]
Event: 25.056 Thread 0x0000029c28306000 Exception <a 'java/lang/NoSuchMethodError'{0x000000008a85f860}: 'int java.lang.invoke.DirectMethodHandle$Holder.invokeStaticInit(java.lang.Object, java.lang.Object, java.lang.Object, java.lang.Object, java.lang.Object)'> (0x000000008a85f860) thrown at [./src/hotspot/share/interpreter/linkResolver.cpp, line 773]
Event: 25.535 Thread 0x0000029c27e6b800 Exception <a 'java/lang/NoSuchMethodError'{0x00000000893b66a8}: 'void java.lang.invoke.DirectMethodHandle$Holder.invokeVirtual(java.lang.Object, java.lang.Object)'> (0x00000000893b66a8) thrown at [./src/hotspot/share/interpreter/linkResolver.cpp, line 773]
Event: 26.818 Thread 0x0000029c28306000 Implicit null exception at 0x0000029c179718a4 to 0x0000029c17971dfc
Event: 27.169 Thread 0x0000029c28306000 Exception <a 'java/lang/NoSuchMethodError'{0x0000000089ba8d60}: 'int java.lang.invoke.DirectMethodHandle$Holder.invokeSpecialIFC(java.lang.Object, java.lang.Object, java.lang.Object)'> (0x0000000089ba8d60) thrown at [./src/hotspot/share/interpreter/linkResolver.cpp, line 773]
Event: 27.394 Thread 0x0000029c28306000 Implicit null exception at 0x0000029c179384e9 to 0x0000029c1793867c
Event: 27.668 Thread 0x0000029c28306000 Exception <a 'java/lang/NoSuchMethodError'{0x000000008f4574f8}: 'java.lang.Object java.lang.invoke.DirectMethodHandle$Holder.invokeStatic(java.lang.Object, java.lang.Object, java.lang.Object, java.lang.Object, java.lang.Object, java.lang.Object, java.lang.Object, java.lang.Object, java.lang.Object, java.lang.Object, java.lang.Object, java.lang.Object, java.lang.Object, java.lang.Object, java.lang.Object, java.lang.Object, java.lang.Object, java.lang.Object, int, java.lang.Object)'> (0x000000008f4574f8) thr
Event: 27.669 Thread 0x0000029c28306000 Exception <a 'java/lang/NoSuchMethodError'{0x000000008f45d828}: 'java.lang.Object java.lang.invoke.DirectMethodHandle$Holder.invokeStaticInit(java.lang.Object, java.lang.Object, java.lang.Object, java.lang.Object, java.lang.Object, java.lang.Object, java.lang.Object, java.lang.Object, java.lang.Object, java.lang.Object, java.lang.Object, java.lang.Object, java.lang.Object, java.lang.Object, java.lang.Object, java.lang.Object, java.lang.Object, java.lang.Object, int, java.lang.Object)'> (0x000000008f45d828)
Event: 27.712 Thread 0x0000029c28306000 Exception <a 'java/lang/NoSuchMethodError'{0x000000008f254d10}: 'int java.lang.invoke.DirectMethodHandle$Holder.invokeVirtual(java.lang.Object, java.lang.Object, java.lang.Object, java.lang.Object)'> (0x000000008f254d10) thrown at [./src/hotspot/share/interpreter/linkResolver.cpp, line 773]
Event: 27.794 Thread 0x0000029c28306000 Exception <a 'java/lang/NoSuchMethodError'{0x000000008f0dea80}: 'java.lang.Object java.lang.invoke.DirectMethodHandle$Holder.invokeStatic(java.lang.Object, int, java.lang.Object, java.lang.Object)'> (0x000000008f0dea80) thrown at [./src/hotspot/share/interpreter/linkResolver.cpp, line 773]
Event: 28.392 Thread 0x0000029c28306000 Exception <a 'java/lang/NoSuchMethodError'{0x000000008d1303a8}: <clinit>> (0x000000008d1303a8) thrown at [./src/hotspot/share/prims/jni.cpp, line 1362]
Event: 28.495 Thread 0x0000029c28dc8000 Exception <a 'java/lang/NoSuchMethodError'{0x000000008cd93720}: <clinit>> (0x000000008cd93720) thrown at [./src/hotspot/share/prims/jni.cpp, line 1362]
Event: 28.499 Thread 0x0000029c28dc8000 Exception <a 'java/lang/NoSuchMethodError'{0x000000008cdb1070}: <clinit>> (0x000000008cdb1070) thrown at [./src/hotspot/share/prims/jni.cpp, line 1362]
Event: 28.526 Thread 0x0000029c28dc8000 Exception <a 'java/lang/NoSuchMethodError'{0x000000008cdc0ff8}: <clinit>> (0x000000008cdc0ff8) thrown at [./src/hotspot/share/prims/jni.cpp, line 1362]
Event: 28.554 Thread 0x0000029c28306000 Exception <a 'java/lang/NoSuchMethodError'{0x000000008cd75868}: 'java.lang.Object java.lang.invoke.Invokers$Holder.linkToTargetMethod(java.lang.Object, java.lang.Object, java.lang.Object, int, java.lang.Object, java.lang.Object)'> (0x000000008cd75868) thrown at [./src/hotspot/share/interpreter/linkResolver.cpp, line 773]
Event: 28.558 Thread 0x0000029c28306000 Exception <a 'java/lang/NoSuchMethodError'{0x000000008cdf8128}: 'int java.lang.invoke.DirectMethodHandle$Holder.invokeVirtual(java.lang.Object, java.lang.Object, java.lang.Object)'> (0x000000008cdf8128) thrown at [./src/hotspot/share/interpreter/linkResolver.cpp, line 773]
Event: 28.560 Thread 0x0000029c28306000 Exception <a 'java/lang/IncompatibleClassChangeError'{0x000000008cc01b38}: Found class java.lang.Object, but interface was expected> (0x000000008cc01b38) thrown at [./src/hotspot/share/interpreter/linkResolver.cpp, line 839]
Event: 34.476 Thread 0x0000029c277c8800 Implicit null exception at 0x0000029c174cd3f4 to 0x0000029c174cd908
Event: 34.477 Thread 0x0000029c277c8800 Implicit null exception at 0x0000029c1775c094 to 0x0000029c1775c66c
Event: 148.185 Thread 0x0000029c27e68800 Exception <a 'java/lang/NoSuchMethodError'{0x000000008c4e59b8}: <clinit>> (0x000000008c4e59b8) thrown at [./src/hotspot/share/prims/jni.cpp, line 1362]

Events (20 events):
Event: 28.992 Thread 0x0000029c272be800 Thread exited: 0x0000029c272be800
Event: 28.994 Executing VM operation: RevokeBias
Event: 28.994 Executing VM operation: RevokeBias done
Event: 28.994 Executing VM operation: RevokeBias
Event: 28.995 Executing VM operation: RevokeBias done
Event: 28.995 Executing VM operation: RevokeBias
Event: 28.995 Executing VM operation: RevokeBias done
Event: 28.995 Thread 0x0000029c297cf800 Thread exited: 0x0000029c297cf800
Event: 88.765 Executing VM operation: RevokeBias
Event: 88.765 Executing VM operation: RevokeBias done
Event: 88.765 Thread 0x0000029c28306000 Thread exited: 0x0000029c28306000
Event: 89.005 Executing VM operation: RevokeBias
Event: 89.005 Executing VM operation: RevokeBias done
Event: 89.005 Thread 0x0000029c292b5000 Thread exited: 0x0000029c292b5000
Event: 148.029 Thread 0x0000029c27e6e000 Thread added: 0x0000029c27e6e000
Event: 148.037 Thread 0x0000029c27e68800 Thread added: 0x0000029c27e68800
Event: 148.307 Thread 0x0000029c27e69000 Thread added: 0x0000029c27e69000
Event: 148.419 Thread 0x0000029c27e6a000 Thread added: 0x0000029c27e6a000
Event: 148.474 Executing VM operation: RevokeBias
Event: 148.474 Executing VM operation: RevokeBias done


Dynamic libraries:
0x00007ff77fed0000 - 0x00007ff77feda000 	C:\Program Files\Android\Android Studio\jre\bin\java.exe
0x00007ffedc0d0000 - 0x00007ffedc2c5000 	C:\WINDOWS\SYSTEM32\ntdll.dll
0x00007ffedb300000 - 0x00007ffedb3be000 	C:\WINDOWS\System32\KERNEL32.DLL
0x00007ffed97f0000 - 0x00007ffed9ab9000 	C:\WINDOWS\System32\KERNELBASE.dll
0x00007ffed9f10000 - 0x00007ffeda010000 	C:\WINDOWS\System32\ucrtbase.dll
0x00007ffe92db0000 - 0x00007ffe92dc7000 	C:\Program Files\Android\Android Studio\jre\bin\VCRUNTIME140.dll
0x00007ffeb2780000 - 0x00007ffeb2799000 	C:\Program Files\Android\Android Studio\jre\bin\jli.dll
0x00007ffeda120000 - 0x00007ffeda2c1000 	C:\WINDOWS\System32\USER32.dll
0x00007ffed9ac0000 - 0x00007ffed9ae2000 	C:\WINDOWS\System32\win32u.dll
0x00007ffec95f0000 - 0x00007ffec988a000 	C:\WINDOWS\WinSxS\amd64_microsoft.windows.common-controls_6595b64144ccf1df_6.0.19041.1110_none_60b5254171f9507e\COMCTL32.dll
0x00007ffedb520000 - 0x00007ffedb5be000 	C:\WINDOWS\System32\msvcrt.dll
0x00007ffedbd60000 - 0x00007ffedbd8b000 	C:\WINDOWS\System32\GDI32.dll
0x00007ffed9d40000 - 0x00007ffed9e4b000 	C:\WINDOWS\System32\gdi32full.dll
0x00007ffed9af0000 - 0x00007ffed9b8d000 	C:\WINDOWS\System32\msvcp_win.dll
0x00007ffedb3c0000 - 0x00007ffedb3f0000 	C:\WINDOWS\System32\IMM32.DLL
0x00007ffe92a30000 - 0x00007ffe92acd000 	C:\Program Files\Android\Android Studio\jre\bin\msvcp140.dll
0x00007ffe92dd0000 - 0x00007ffe9389f000 	C:\Program Files\Android\Android Studio\jre\bin\server\jvm.dll
0x00007ffedadd0000 - 0x00007ffedae7c000 	C:\WINDOWS\System32\ADVAPI32.dll
0x00007ffedb5c0000 - 0x00007ffedb65b000 	C:\WINDOWS\System32\sechost.dll
0x00007ffedbeb0000 - 0x00007ffedbfda000 	C:\WINDOWS\System32\RPCRT4.dll
0x00007ffedbc90000 - 0x00007ffedbc98000 	C:\WINDOWS\System32\PSAPI.DLL
0x00007ffeb2720000 - 0x00007ffeb2729000 	C:\WINDOWS\SYSTEM32\WSOCK32.dll
0x00007ffecd360000 - 0x00007ffecd387000 	C:\WINDOWS\SYSTEM32\WINMM.dll
0x00007ffedbe40000 - 0x00007ffedbeab000 	C:\WINDOWS\System32\WS2_32.dll
0x00007ffed11d0000 - 0x00007ffed11da000 	C:\WINDOWS\SYSTEM32\VERSION.dll
0x00007ffed76f0000 - 0x00007ffed7702000 	C:\WINDOWS\SYSTEM32\kernel.appcore.dll
0x00007ffe92d90000 - 0x00007ffe92da1000 	C:\Program Files\Android\Android Studio\jre\bin\verify.dll
0x00007ffec5350000 - 0x00007ffec5534000 	C:\WINDOWS\SYSTEM32\DBGHELP.DLL
0x00007ffec4da0000 - 0x00007ffec4dcc000 	C:\WINDOWS\SYSTEM32\dbgcore.DLL
0x00007ffed9e80000 - 0x00007ffed9f03000 	C:\WINDOWS\System32\bcryptPrimitives.dll
0x00007ffe92d60000 - 0x00007ffe92d89000 	C:\Program Files\Android\Android Studio\jre\bin\java.dll
0x00007ffeaef50000 - 0x00007ffeaef5b000 	C:\Program Files\Android\Android Studio\jre\bin\jimage.dll
0x00007ffe92d40000 - 0x00007ffe92d58000 	C:\Program Files\Android\Android Studio\jre\bin\zip.dll
0x00007ffeda360000 - 0x00007ffedaa9f000 	C:\WINDOWS\System32\SHELL32.dll
0x00007ffed78f0000 - 0x00007ffed8080000 	C:\WINDOWS\SYSTEM32\windows.storage.dll
0x00007ffedae80000 - 0x00007ffedb1d5000 	C:\WINDOWS\System32\combase.dll
0x00007ffed9240000 - 0x00007ffed926c000 	C:\WINDOWS\SYSTEM32\Wldp.dll
0x00007ffedbfe0000 - 0x00007ffedc08d000 	C:\WINDOWS\System32\SHCORE.dll
0x00007ffedbd00000 - 0x00007ffedbd55000 	C:\WINDOWS\System32\shlwapi.dll
0x00007ffed9730000 - 0x00007ffed974f000 	C:\WINDOWS\SYSTEM32\profapi.dll
0x00007ffe92d20000 - 0x00007ffe92d3a000 	C:\Program Files\Android\Android Studio\jre\bin\net.dll
0x00007ffecaa00000 - 0x00007ffecab08000 	C:\WINDOWS\SYSTEM32\WINHTTP.dll
0x00007ffed8fa0000 - 0x00007ffed900a000 	C:\WINDOWS\system32\mswsock.dll
0x00007ffe92d00000 - 0x00007ffe92d14000 	C:\Program Files\Android\Android Studio\jre\bin\nio.dll
0x00007ffeb2750000 - 0x00007ffeb2777000 	C:\Users\MinhNgan\.gradle\native\8bec1ad78214c89d9ad589b4d07fe93259594b29d510b10fafb7a158f7737e5d\windows-amd64\native-platform.dll
0x00007ffeaeb50000 - 0x00007ffeaec8d000 	C:\Users\MinhNgan\.gradle\native\53dbd7edfb1c66fb8903c78663c9afc45aea4f116125fa6feffd364cf09443e8\windows-amd64\native-platform-file-events.dll
0x00007ffe92cf0000 - 0x00007ffe92cfa000 	C:\Program Files\Android\Android Studio\jre\bin\management.dll
0x00007ffe92ce0000 - 0x00007ffe92cec000 	C:\Program Files\Android\Android Studio\jre\bin\management_ext.dll
0x00007ffed9190000 - 0x00007ffed91a8000 	C:\WINDOWS\SYSTEM32\CRYPTSP.dll
0x00007ffed88b0000 - 0x00007ffed88e4000 	C:\WINDOWS\system32\rsaenh.dll
0x00007ffed9e50000 - 0x00007ffed9e77000 	C:\WINDOWS\System32\bcrypt.dll
0x00007ffed96f0000 - 0x00007ffed971e000 	C:\WINDOWS\SYSTEM32\USERENV.dll
0x00007ffed91b0000 - 0x00007ffed91bc000 	C:\WINDOWS\SYSTEM32\CRYPTBASE.dll
0x00007ffed8c40000 - 0x00007ffed8c7b000 	C:\WINDOWS\SYSTEM32\IPHLPAPI.DLL
0x00007ffedadc0000 - 0x00007ffedadc8000 	C:\WINDOWS\System32\NSI.dll
0x00007ffeceea0000 - 0x00007ffeceeb7000 	C:\WINDOWS\SYSTEM32\dhcpcsvc6.DLL
0x00007ffecfc90000 - 0x00007ffecfcad000 	C:\WINDOWS\SYSTEM32\dhcpcsvc.DLL
0x00007ffed8c80000 - 0x00007ffed8d4c000 	C:\WINDOWS\SYSTEM32\DNSAPI.dll

dbghelp: loaded successfully - version: 4.0.5 - missing functions: none
symbol engine: initialized successfully - sym options: 0x614 - pdb path: .;C:\Program Files\Android\Android Studio\jre\bin;C:\WINDOWS\SYSTEM32;C:\WINDOWS\WinSxS\amd64_microsoft.windows.common-controls_6595b64144ccf1df_6.0.19041.1110_none_60b5254171f9507e;C:\Program Files\Android\Android Studio\jre\bin\server;C:\Users\MinhNgan\.gradle\native\8bec1ad78214c89d9ad589b4d07fe93259594b29d510b10fafb7a158f7737e5d\windows-amd64;C:\Users\MinhNgan\.gradle\native\53dbd7edfb1c66fb8903c78663c9afc45aea4f116125fa6feffd364cf09443e8\windows-amd64

VM Arguments:
jvm_args: --add-opens=java.base/java.util=ALL-UNNAMED --add-opens=java.base/java.lang=ALL-UNNAMED --add-opens=java.base/java.lang.invoke=ALL-UNNAMED --add-opens=java.base/java.util=ALL-UNNAMED --add-opens=java.prefs/java.util.prefs=ALL-UNNAMED --add-opens=java.prefs/java.util.prefs=ALL-UNNAMED --add-opens=java.base/java.nio.charset=ALL-UNNAMED --add-opens=java.base/java.net=ALL-UNNAMED --add-opens=java.base/java.util.concurrent.atomic=ALL-UNNAMED -Xmx2048m -Dfile.encoding=UTF-8 -Duser.country=US -Duser.language=en -Duser.variant 
java_command: org.gradle.launcher.daemon.bootstrap.GradleDaemon 7.0.2
java_class_path (initial): C:\Users\MinhNgan\.gradle\wrapper\dists\gradle-7.0.2-bin\857tjihv64xamwrf0h14cai3r\gradle-7.0.2\lib\gradle-launcher-7.0.2.jar
Launcher Type: SUN_STANDARD

[Global flags]
     intx CICompilerCount                          = 3                                         {product} {ergonomic}
     uint ConcGCThreads                            = 1                                         {product} {ergonomic}
     uint G1ConcRefinementThreads                  = 4                                         {product} {ergonomic}
   size_t G1HeapRegionSize                         = 1048576                                   {product} {ergonomic}
    uintx GCDrainStackTargetSize                   = 64                                        {product} {ergonomic}
   size_t InitialHeapSize                          = 67108864                                  {product} {ergonomic}
   size_t MarkStackSize                            = 4194304                                   {product} {ergonomic}
   size_t MaxHeapSize                              = 2147483648                                {product} {command line}
   size_t MaxNewSize                               = 1287651328                                {product} {ergonomic}
   size_t MinHeapDeltaBytes                        = 1048576                                   {product} {ergonomic}
    uintx NonNMethodCodeHeapSize                   = 5830732                                {pd product} {ergonomic}
    uintx NonProfiledCodeHeapSize                  = 122913754                              {pd product} {ergonomic}
    uintx ProfiledCodeHeapSize                     = 122913754                              {pd product} {ergonomic}
    uintx ReservedCodeCacheSize                    = 251658240                              {pd product} {ergonomic}
     bool SegmentedCodeCache                       = true                                      {product} {ergonomic}
     bool UseCompressedClassPointers               = true                                 {lp64_product} {ergonomic}
     bool UseCompressedOops                        = true                                 {lp64_product} {ergonomic}
     bool UseG1GC                                  = true                                      {product} {ergonomic}
     bool UseLargePagesIndividualAllocation        = false                                  {pd product} {ergonomic}

Logging:
Log output configuration:
 #0: stdout all=warning uptime,level,tags
 #1: stderr all=off uptime,level,tags

Environment Variables:
PATH=C:\Program Files\Common Files\Oracle\Java\javapath;C:\WINDOWS\system32;C:\WINDOWS;C:\WINDOWS\System32\Wbem;C:\WINDOWS\System32\WindowsPowerShell\v1.0\;C:\WINDOWS\System32\OpenSSH\;C:\Program Files\dotnet\;C:\Program Files\Microsoft SQL Server\130\Tools\Binn\;C:\Program Files\Microsoft SQL Server\Client SDK\ODBC\170\Tools\Binn\;C:\Program Files (x86)\dotnet\;C:\Program Files\Git\cmd;C:\Users\MinhNgan\AppData\Local\Microsoft\WindowsApps
USERNAME=MinhNgan
OS=Windows_NT
PROCESSOR_IDENTIFIER=Intel64 Family 6 Model 69 Stepping 1, GenuineIntel



---------------  S Y S T E M  ---------------

OS: Windows 10 , 64 bit Build 19041 (10.0.19041.1202)
OS uptime: 0 days 0:06 hours

CPU:total 4 (initial active 4) (2 cores per cpu, 2 threads per core) family 6 model 69 stepping 1 microcode 0x25, cmov, cx8, fxsr, mmx, sse, sse2, sse3, ssse3, sse4.1, sse4.2, popcnt, avx, avx2, aes, clmul, erms, lzcnt, ht, tsc, tscinvbit, bmi1, bmi2, fma

Memory: 4k page, system-wide physical 3979M (14M free)
TotalPageFile size 6979M (AvailPageFile size 7M)
current process WorkingSet (physical memory assigned to process): 55M, peak: 508M
current process commit charge ("private bytes"): 518M, peak: 537M

vm_info: OpenJDK 64-Bit Server VM (11.0.10+0-b96-7249189) for windows-amd64 JRE (11.0.10+0-b96-7249189), built on Mar 31 2021 21:44:00 by "builder" with MS VC++ 14.0 (VS2015)

END.
