#
# There is insufficient memory for the Java Runtime Environment to continue.
# Native memory allocation (mmap) failed to map 19922944 bytes for Failed to commit area from 0x0000000085d00000 to 0x0000000087000000 of length 19922944.
# Possible reasons:
#   The system is out of physical RAM or swap space
#   The process is running with CompressedOops enabled, and the Java Heap may be blocking the growth of the native heap
# Possible solutions:
#   Reduce memory load on the system
#   Increase physical memory or swap space
#   Check if swap backing store is full
#   Decrease Java heap size (-Xmx/-Xms)
#   Decrease number of Java threads
#   Decrease Java thread stack sizes (-Xss)
#   Set larger code cache with -XX:ReservedCodeCacheSize=
#   JVM is running with Unscaled Compressed Oops mode in which the Java heap is
#     placed in the first 4GB address space. The Java Heap base address is the
#     maximum limit for the native heap growth. Please use -XX:HeapBaseMinAddress
#     to set the Java Heap base and to place the Java Heap above 4GB virtual address.
# This output file may be truncated or incomplete.
#
#  Out of Memory Error (./src/hotspot/os/windows/os_windows.cpp:3301), pid=10420, tid=3252
#
# JRE version: OpenJDK Runtime Environment (11.0.10) (build 11.0.10+0-b96-7249189)
# Java VM: OpenJDK 64-Bit Server VM (11.0.10+0-b96-7249189, mixed mode, tiered, compressed oops, g1 gc, windows-amd64)
# No core dump will be written. Minidumps are not enabled by default on client versions of Windows
#

---------------  S U M M A R Y ------------

Command Line: --add-opens=java.base/java.util=ALL-UNNAMED --add-opens=java.base/java.lang=ALL-UNNAMED --add-opens=java.base/java.lang.invoke=ALL-UNNAMED --add-opens=java.base/java.util=ALL-UNNAMED --add-opens=java.prefs/java.util.prefs=ALL-UNNAMED --add-opens=java.prefs/java.util.prefs=ALL-UNNAMED --add-opens=java.base/java.nio.charset=ALL-UNNAMED --add-opens=java.base/java.net=ALL-UNNAMED --add-opens=java.base/java.util.concurrent.atomic=ALL-UNNAMED -Xmx2048m -Dfile.encoding=UTF-8 -Duser.country=US -Duser.language=en -Duser.variant org.gradle.launcher.daemon.bootstrap.GradleDaemon 7.0.2

Host: Intel(R) Core(TM) i5-4210U CPU @ 1.70GHz, 4 cores, 3G,  Windows 10 , 64 bit Build 19041 (10.0.19041.1202)
Time: Mon Nov  8 20:55:35 2021 SE Asia Standard Time elapsed time: 9.767198 seconds (0d 0h 0m 9s)

---------------  T H R E A D  ---------------

Current thread (0x0000015630504000):  VMThread "VM Thread" [stack: 0x000000093c400000,0x000000093c500000] [id=3252]

Stack: [0x000000093c400000,0x000000093c500000]
[error occurred during error reporting (printing stack bounds), id 0xc0000005, EXCEPTION_ACCESS_VIOLATION (0xc0000005) at pc=0x0000015619cd0f2d]

Native frames: (J=compiled Java code, j=interpreted, Vv=VM code, C=native code)
V  [jvm.dll+0x5ecfaa]
V  [jvm.dll+0x722bd5]
V  [jvm.dll+0x72412d]
V  [jvm.dll+0x724745]
V  [jvm.dll+0x7246fb]
V  [jvm.dll+0x5ec348]
V  [jvm.dll+0x5ecad8]
C  [ntdll.dll+0xa20cf]
C  [ntdll.dll+0x51454]
C  [ntdll.dll+0xa0bfe]
C  0x0000015619cd0f2d

VM_Operation (0x000000093d8f39b0): G1CollectForAllocation, mode: safepoint, requested by thread 0x0000015632fd5800


---------------  P R O C E S S  ---------------

Threads class SMR info:
_java_thread_list=0x0000015635265370, length=35, elements={
0x00000156161cc000, 0x000001563050d000, 0x0000015630516800, 0x0000015630561800,
0x0000015630564000, 0x0000015630568000, 0x000001563056b800, 0x000001563057b800,
0x0000015630585000, 0x0000015630ff6000, 0x0000015632e62000, 0x0000015632700800,
0x0000015632f44800, 0x00000156321d3000, 0x00000156321d4000, 0x0000015632811800,
0x0000015632fd5800, 0x0000015632cb5000, 0x0000015633056000, 0x000001563305a000,
0x0000015633057800, 0x0000015633058800, 0x0000015633054800, 0x000001563305b000,
0x0000015633055000, 0x0000015633056800, 0x0000015633059000, 0x0000015632f33000,
0x0000015632f32000, 0x0000015632f33800, 0x0000015632f34800, 0x0000015632f31800,
0x0000015632f35800, 0x0000015632f38800, 0x0000015632f39800
}

Java Threads: ( => current thread )
  0x00000156161cc000 JavaThread "main" [_thread_blocked, id=3780, stack(0x000000093be00000,0x000000093bf00000)]
  0x000001563050d000 JavaThread "Reference Handler" daemon [_thread_blocked, id=4428, stack(0x000000093c500000,0x000000093c600000)]
  0x0000015630516800 JavaThread "Finalizer" daemon [_thread_blocked, id=3144, stack(0x000000093c600000,0x000000093c700000)]
  0x0000015630561800 JavaThread "Signal Dispatcher" daemon [_thread_blocked, id=9716, stack(0x000000093c700000,0x000000093c800000)]
  0x0000015630564000 JavaThread "Attach Listener" daemon [_thread_blocked, id=11240, stack(0x000000093c800000,0x000000093c900000)]
  0x0000015630568000 JavaThread "Service Thread" daemon [_thread_blocked, id=10272, stack(0x000000093c900000,0x000000093ca00000)]
  0x000001563056b800 JavaThread "C2 CompilerThread0" daemon [_thread_in_native, id=7048, stack(0x000000093ca00000,0x000000093cb00000)]
  0x000001563057b800 JavaThread "C1 CompilerThread0" daemon [_thread_blocked, id=6340, stack(0x000000093cb00000,0x000000093cc00000)]
  0x0000015630585000 JavaThread "Sweeper thread" daemon [_thread_blocked, id=4444, stack(0x000000093cc00000,0x000000093cd00000)]
  0x0000015630ff6000 JavaThread "Common-Cleaner" daemon [_thread_blocked, id=7448, stack(0x000000093cd00000,0x000000093ce00000)]
  0x0000015632e62000 JavaThread "Daemon health stats" [_thread_blocked, id=7544, stack(0x000000093d000000,0x000000093d100000)]
  0x0000015632700800 JavaThread "Incoming local TCP Connector on port 50307" [_thread_in_native, id=10284, stack(0x000000093d300000,0x000000093d400000)]
  0x0000015632f44800 JavaThread "Daemon periodic checks" [_thread_blocked, id=4032, stack(0x000000093d400000,0x000000093d500000)]
  0x00000156321d3000 JavaThread "Daemon" [_thread_blocked, id=6684, stack(0x000000093d500000,0x000000093d600000)]
  0x00000156321d4000 JavaThread "Handler for socket connection from /127.0.0.1:50307 to /127.0.0.1:50308" [_thread_in_native, id=7772, stack(0x000000093d600000,0x000000093d700000)]
  0x0000015632811800 JavaThread "Cancel handler" [_thread_blocked, id=9552, stack(0x000000093d700000,0x000000093d800000)]
  0x0000015632fd5800 JavaThread "Daemon worker" [_thread_blocked, id=9664, stack(0x000000093d800000,0x000000093d900000)]
  0x0000015632cb5000 JavaThread "Asynchronous log dispatcher for DefaultDaemonConnection: socket connection from /127.0.0.1:50307 to /127.0.0.1:50308" [_thread_blocked, id=7980, stack(0x000000093d900000,0x000000093da00000)]
  0x0000015633056000 JavaThread "Stdin handler" [_thread_blocked, id=9164, stack(0x000000093da00000,0x000000093db00000)]
  0x000001563305a000 JavaThread "Daemon client event forwarder" [_thread_blocked, id=10604, stack(0x000000093db00000,0x000000093dc00000)]
  0x0000015633057800 JavaThread "Cache worker for file hash cache (C:\Users\MinhNgan\.gradle\caches\7.0.2\fileHashes)" [_thread_blocked, id=11120, stack(0x000000093dc00000,0x000000093dd00000)]
  0x0000015633058800 JavaThread "File lock request listener" [_thread_in_native, id=6120, stack(0x000000093dd00000,0x000000093de00000)]
  0x0000015633054800 JavaThread "Cache worker for journal cache (C:\Users\MinhNgan\.gradle\caches\journal-1)" [_thread_blocked, id=9984, stack(0x000000093de00000,0x000000093df00000)]
  0x000001563305b000 JavaThread "Cache worker for file hash cache (C:\Users\MinhNgan\AndroidStudioProjects\Android_hepat\.gradle\7.0.2\fileHashes)" [_thread_blocked, id=9188, stack(0x000000093df00000,0x000000093e000000)]
  0x0000015633055000 JavaThread "File watcher server" daemon [_thread_in_native, id=5068, stack(0x000000093e000000,0x000000093e100000)]
  0x0000015633056800 JavaThread "File watcher consumer" daemon [_thread_blocked, id=10712, stack(0x000000093e100000,0x000000093e200000)]
  0x0000015633059000 JavaThread "jar transforms" [_thread_blocked, id=9948, stack(0x000000093e200000,0x000000093e300000)]
  0x0000015632f33000 JavaThread "jar transforms Thread 2" [_thread_blocked, id=7328, stack(0x000000093e300000,0x000000093e400000)]
  0x0000015632f32000 JavaThread "jar transforms Thread 3" [_thread_blocked, id=9020, stack(0x000000093e400000,0x000000093e500000)]
  0x0000015632f33800 JavaThread "jar transforms Thread 4" [_thread_blocked, id=10936, stack(0x000000093e500000,0x000000093e600000)]
  0x0000015632f34800 JavaThread "Cache worker for checksums cache (C:\Users\MinhNgan\AndroidStudioProjects\Android_hepat\.gradle\checksums)" [_thread_blocked, id=900, stack(0x000000093e600000,0x000000093e700000)]
  0x0000015632f31800 JavaThread "Cache worker for cache directory md-supplier (C:\Users\MinhNgan\.gradle\caches\7.0.2\md-supplier)" [_thread_blocked, id=8996, stack(0x000000093e700000,0x000000093e800000)]
  0x0000015632f35800 JavaThread "Cache worker for cache directory md-rule (C:\Users\MinhNgan\.gradle\caches\7.0.2\md-rule)" [_thread_blocked, id=10548, stack(0x000000093e800000,0x000000093e900000)]
  0x0000015632f38800 JavaThread "Cache worker for execution history cache (C:\Users\MinhNgan\.gradle\caches\7.0.2\executionHistory)" [_thread_blocked, id=7276, stack(0x000000093e900000,0x000000093ea00000)]
  0x0000015632f39800 JavaThread "Cache worker for file content cache (C:\Users\MinhNgan\.gradle\caches\7.0.2\fileContent)" [_thread_blocked, id=10620, stack(0x000000093ea00000,0x000000093eb00000)]

Other Threads:
=>0x0000015630504000 VMThread "VM Thread" [stack: 0x000000093c400000,0x000000093c500000] [id=3252]
  0x0000015631017000 WatcherThread [stack: 0x000000093ce00000,0x000000093cf00000] [id=3148]
  0x00000156161e5000 GCTaskThread "GC Thread#0" [stack: 0x000000093bf00000,0x000000093c000000] [id=1880]
  0x0000015630f23000 GCTaskThread "GC Thread#1" [stack: 0x000000093cf00000,0x000000093d000000] [id=7864]
  0x0000015630f26800 GCTaskThread "GC Thread#2" [stack: 0x000000093d100000,0x000000093d200000] [id=8160]
  0x0000015630f23800 GCTaskThread "GC Thread#3" [stack: 0x000000093d200000,0x000000093d300000] [id=5864]
  0x0000015616215000 ConcurrentGCThread "G1 Main Marker" [stack: 0x000000093c000000,0x000000093c100000] [id=11216]
  0x0000015616217800 ConcurrentGCThread "G1 Conc#0" [stack: 0x000000093c100000,0x000000093c200000] [id=2924]
  0x0000015616274000 ConcurrentGCThread "G1 Refine#0" [stack: 0x000000093c200000,0x000000093c300000] [id=3700]
  0x0000015616275000 ConcurrentGCThread "G1 Young RemSet Sampling" [stack: 0x000000093c300000,0x000000093c400000] [id=11156]

Threads with active compile tasks:
C2 CompilerThread0   9797 3884       4       groovy.lang.MetaClassImpl$1MOPIter::methodNameAction (325 bytes)
C1 CompilerThread0   9797 4006       2       java.util.Hashtable::entrySet (28 bytes)

VM state:at safepoint (normal execution)

VM Mutex/Monitor currently owned by a thread:  ([mutex/lock_event])
[0x00000156161c8d30] Threads_lock - owner thread: 0x0000015630504000
[0x00000156161c88b0] Heap_lock - owner thread: 0x0000015632fd5800

Heap address: 0x0000000080000000, size: 2048 MB, Compressed Oops mode: 32-bit
Narrow klass base: 0x0000000000000000, Narrow klass shift: 3
Compressed class space size: 1073741824 Address: 0x0000000100000000

Heap:
 garbage-first heap   total 114688K, used 53760K [0x0000000080000000, 0x0000000100000000)
  region size 1024K, 2 young (2048K), 2 survivors (2048K)
 Metaspace       used 44448K, capacity 45676K, committed 45824K, reserved 1089536K
  class space    used 5597K, capacity 6049K, committed 6144K, reserved 1048576K
Heap Regions: E=young(eden), S=young(survivor), O=old, HS=humongous(starts), HC=humongous(continues), CS=collection set, F=free, A=archive, TAMS=top-at-mark-start (previous, next)
|   0|0x0000000080000000, 0x0000000080100000, 0x0000000080100000|100%| O|  |TAMS 0x0000000080100000, 0x0000000080000000| Untracked 
|   1|0x0000000080100000, 0x0000000080200000, 0x0000000080200000|100%| O|  |TAMS 0x0000000080200000, 0x0000000080100000| Untracked 
|   2|0x0000000080200000, 0x0000000080300000, 0x0000000080300000|100%| O|  |TAMS 0x0000000080300000, 0x0000000080200000| Untracked 
|   3|0x0000000080300000, 0x0000000080400000, 0x0000000080400000|100%|HS|  |TAMS 0x0000000080400000, 0x0000000080300000| Complete 
|   4|0x0000000080400000, 0x0000000080500000, 0x0000000080500000|100%|HC|  |TAMS 0x0000000080500000, 0x0000000080400000| Complete 
|   5|0x0000000080500000, 0x0000000080600000, 0x0000000080600000|100%|HC|  |TAMS 0x0000000080600000, 0x0000000080500000| Complete 
|   6|0x0000000080600000, 0x0000000080700000, 0x0000000080700000|100%| O|  |TAMS 0x0000000080700000, 0x0000000080600000| Untracked 
|   7|0x0000000080700000, 0x0000000080800000, 0x0000000080800000|100%| O|  |TAMS 0x0000000080800000, 0x0000000080700000| Untracked 
|   8|0x0000000080800000, 0x0000000080900000, 0x0000000080900000|100%| O|  |TAMS 0x0000000080900000, 0x0000000080800000| Untracked 
|   9|0x0000000080900000, 0x0000000080a00000, 0x0000000080a00000|100%| O|  |TAMS 0x0000000080a00000, 0x0000000080900000| Untracked 
|  10|0x0000000080a00000, 0x0000000080b00000, 0x0000000080b00000|100%| O|  |TAMS 0x0000000080b00000, 0x0000000080a00000| Untracked 
|  11|0x0000000080b00000, 0x0000000080c00000, 0x0000000080c00000|100%| O|  |TAMS 0x0000000080c00000, 0x0000000080b00000| Untracked 
|  12|0x0000000080c00000, 0x0000000080d00000, 0x0000000080d00000|100%| O|  |TAMS 0x0000000080d00000, 0x0000000080c00000| Untracked 
|  13|0x0000000080d00000, 0x0000000080e00000, 0x0000000080e00000|100%| O|  |TAMS 0x0000000080e00000, 0x0000000080d00000| Untracked 
|  14|0x0000000080e00000, 0x0000000080f00000, 0x0000000080f00000|100%| O|  |TAMS 0x0000000080f00000, 0x0000000080e00000| Untracked 
|  15|0x0000000080f00000, 0x0000000081000000, 0x0000000081000000|100%|HS|  |TAMS 0x0000000081000000, 0x0000000080f00000| Complete 
|  16|0x0000000081000000, 0x0000000081100000, 0x0000000081100000|100%|HC|  |TAMS 0x0000000081100000, 0x0000000081000000| Complete 
|  17|0x0000000081100000, 0x0000000081200000, 0x0000000081200000|100%|HS|  |TAMS 0x0000000081200000, 0x0000000081100000| Complete 
|  18|0x0000000081200000, 0x0000000081300000, 0x0000000081300000|100%|HC|  |TAMS 0x0000000081300000, 0x0000000081200000| Complete 
|  19|0x0000000081300000, 0x0000000081400000, 0x0000000081400000|100%|HC|  |TAMS 0x0000000081400000, 0x0000000081300000| Complete 
|  20|0x0000000081400000, 0x0000000081500000, 0x0000000081500000|100%|HS|  |TAMS 0x0000000081500000, 0x0000000081400000| Complete 
|  21|0x0000000081500000, 0x0000000081600000, 0x0000000081600000|100%|HC|  |TAMS 0x0000000081600000, 0x0000000081500000| Complete 
|  22|0x0000000081600000, 0x0000000081700000, 0x0000000081700000|100%|HC|  |TAMS 0x0000000081700000, 0x0000000081600000| Complete 
|  23|0x0000000081700000, 0x0000000081800000, 0x0000000081800000|100%|HC|  |TAMS 0x0000000081800000, 0x0000000081700000| Complete 
|  24|0x0000000081800000, 0x0000000081900000, 0x0000000081900000|100%|HC|  |TAMS 0x0000000081900000, 0x0000000081800000| Complete 
|  25|0x0000000081900000, 0x0000000081a00000, 0x0000000081a00000|100%| O|  |TAMS 0x0000000081a00000, 0x0000000081900000| Untracked 
|  26|0x0000000081a00000, 0x0000000081b00000, 0x0000000081b00000|100%| O|  |TAMS 0x0000000081b00000, 0x0000000081a00000| Untracked 
|  27|0x0000000081b00000, 0x0000000081c00000, 0x0000000081c00000|100%| O|  |TAMS 0x0000000081c00000, 0x0000000081b00000| Untracked 
|  28|0x0000000081c00000, 0x0000000081d00000, 0x0000000081d00000|100%| O|  |TAMS 0x0000000081d00000, 0x0000000081c00000| Untracked 
|  29|0x0000000081d00000, 0x0000000081e00000, 0x0000000081e00000|100%| O|  |TAMS 0x0000000081e00000, 0x0000000081d00000| Untracked 
|  30|0x0000000081e00000, 0x0000000081f00000, 0x0000000081f00000|100%| O|  |TAMS 0x0000000081f00000, 0x0000000081e00000| Untracked 
|  31|0x0000000081f00000, 0x0000000082000000, 0x0000000082000000|100%| O|  |TAMS 0x0000000082000000, 0x0000000081f00000| Untracked 
|  32|0x0000000082000000, 0x0000000082100000, 0x0000000082100000|100%| O|  |TAMS 0x0000000082100000, 0x0000000082000000| Untracked 
|  33|0x0000000082100000, 0x0000000082200000, 0x0000000082200000|100%| O|  |TAMS 0x0000000082200000, 0x0000000082100000| Untracked 
|  34|0x0000000082200000, 0x0000000082300000, 0x0000000082300000|100%| O|  |TAMS 0x0000000082300000, 0x0000000082200000| Untracked 
|  35|0x0000000082300000, 0x0000000082400000, 0x0000000082400000|100%| O|  |TAMS 0x0000000082400000, 0x0000000082300000| Untracked 
|  36|0x0000000082400000, 0x0000000082500000, 0x0000000082500000|100%| O|  |TAMS 0x0000000082500000, 0x0000000082400000| Untracked 
|  37|0x0000000082500000, 0x0000000082600000, 0x0000000082600000|100%|HS|  |TAMS 0x0000000082600000, 0x0000000082500000| Complete 
|  38|0x0000000082600000, 0x0000000082700000, 0x0000000082700000|100%|HC|  |TAMS 0x0000000082700000, 0x0000000082600000| Complete 
|  39|0x0000000082700000, 0x0000000082800000, 0x0000000082800000|100%|HC|  |TAMS 0x0000000082800000, 0x0000000082700000| Complete 
|  40|0x0000000082800000, 0x0000000082900000, 0x0000000082900000|100%| O|  |TAMS 0x0000000082900000, 0x0000000082800000| Untracked 
|  41|0x0000000082900000, 0x0000000082a00000, 0x0000000082a00000|100%|HS|  |TAMS 0x0000000082a00000, 0x0000000082900000| Complete 
|  42|0x0000000082a00000, 0x0000000082b00000, 0x0000000082b00000|100%|HC|  |TAMS 0x0000000082b00000, 0x0000000082a00000| Complete 
|  43|0x0000000082b00000, 0x0000000082c00000, 0x0000000082c00000|100%|HC|  |TAMS 0x0000000082c00000, 0x0000000082b00000| Complete 
|  44|0x0000000082c00000, 0x0000000082d00000, 0x0000000082d00000|100%|HC|  |TAMS 0x0000000082d00000, 0x0000000082c00000| Complete 
|  45|0x0000000082d00000, 0x0000000082e00000, 0x0000000082e00000|100%|HC|  |TAMS 0x0000000082e00000, 0x0000000082d00000| Complete 
|  46|0x0000000082e00000, 0x0000000082f00000, 0x0000000082f00000|100%| O|  |TAMS 0x0000000082f00000, 0x0000000082e00000| Untracked 
|  47|0x0000000082f00000, 0x0000000083000000, 0x0000000083000000|100%| O|  |TAMS 0x0000000082fe8c00, 0x0000000082f00000| Untracked 
|  48|0x0000000083000000, 0x0000000083000000, 0x0000000083100000|  0%| F|  |TAMS 0x0000000083000000, 0x0000000083000000| Untracked 
|  49|0x0000000083100000, 0x0000000083200000, 0x0000000083200000|100%| O|  |TAMS 0x0000000083100000, 0x0000000083100000| Untracked 
|  50|0x0000000083200000, 0x0000000083300000, 0x0000000083300000|100%| O|  |TAMS 0x0000000083200000, 0x0000000083200000| Untracked 
|  51|0x0000000083300000, 0x00000000833b2e00, 0x0000000083400000| 69%| O|  |TAMS 0x0000000083300000, 0x0000000083300000| Untracked 
|  52|0x0000000083400000, 0x0000000083400000, 0x0000000083500000|  0%| F|  |TAMS 0x0000000083400000, 0x0000000083400000| Untracked 
|  53|0x0000000083500000, 0x0000000083500000, 0x0000000083600000|  0%| F|  |TAMS 0x0000000083500000, 0x0000000083500000| Untracked 
|  54|0x0000000083600000, 0x0000000083600000, 0x0000000083700000|  0%| F|  |TAMS 0x0000000083600000, 0x0000000083600000| Untracked 
|  55|0x0000000083700000, 0x0000000083700000, 0x0000000083800000|  0%| F|  |TAMS 0x0000000083700000, 0x0000000083700000| Untracked 
|  56|0x0000000083800000, 0x0000000083800000, 0x0000000083900000|  0%| F|  |TAMS 0x0000000083800000, 0x0000000083800000| Untracked 
|  57|0x0000000083900000, 0x0000000083900000, 0x0000000083a00000|  0%| F|  |TAMS 0x0000000083900000, 0x0000000083900000| Untracked 
|  58|0x0000000083a00000, 0x0000000083a00000, 0x0000000083b00000|  0%| F|  |TAMS 0x0000000083a00000, 0x0000000083a00000| Untracked 
|  59|0x0000000083b00000, 0x0000000083b00000, 0x0000000083c00000|  0%| F|  |TAMS 0x0000000083b00000, 0x0000000083b00000| Untracked 
|  60|0x0000000083c00000, 0x0000000083c00000, 0x0000000083d00000|  0%| F|  |TAMS 0x0000000083c00000, 0x0000000083c00000| Untracked 
|  61|0x0000000083d00000, 0x0000000083d00000, 0x0000000083e00000|  0%| F|  |TAMS 0x0000000083d00000, 0x0000000083d00000| Untracked 
|  62|0x0000000083e00000, 0x0000000083e00000, 0x0000000083f00000|  0%| F|  |TAMS 0x0000000083e00000, 0x0000000083e00000| Untracked 
|  63|0x0000000083f00000, 0x0000000083f00000, 0x0000000084000000|  0%| F|  |TAMS 0x0000000083f00000, 0x0000000083f00000| Untracked 
|  64|0x0000000084000000, 0x0000000084000000, 0x0000000084100000|  0%| F|  |TAMS 0x0000000084000000, 0x0000000084000000| Untracked 
|  65|0x0000000084100000, 0x0000000084100000, 0x0000000084200000|  0%| F|  |TAMS 0x0000000084100000, 0x0000000084100000| Untracked 
|  66|0x0000000084200000, 0x0000000084200000, 0x0000000084300000|  0%| F|  |TAMS 0x0000000084200000, 0x0000000084200000| Untracked 
|  67|0x0000000084300000, 0x0000000084300000, 0x0000000084400000|  0%| F|  |TAMS 0x0000000084300000, 0x0000000084300000| Untracked 
|  68|0x0000000084400000, 0x0000000084400000, 0x0000000084500000|  0%| F|  |TAMS 0x0000000084400000, 0x0000000084400000| Untracked 
|  69|0x0000000084500000, 0x0000000084500000, 0x0000000084600000|  0%| F|  |TAMS 0x0000000084500000, 0x0000000084500000| Untracked 
|  70|0x0000000084600000, 0x00000000846cd480, 0x0000000084700000| 80%| S|CS|TAMS 0x0000000084600000, 0x0000000084600000| Complete 
|  71|0x0000000084700000, 0x0000000084800000, 0x0000000084800000|100%| S|CS|TAMS 0x0000000084700000, 0x0000000084700000| Complete 
|  72|0x0000000084800000, 0x0000000084800000, 0x0000000084900000|  0%| F|  |TAMS 0x0000000084800000, 0x0000000084800000| Untracked 
|  73|0x0000000084900000, 0x0000000084900000, 0x0000000084a00000|  0%| F|  |TAMS 0x0000000084900000, 0x0000000084900000| Untracked 
|  74|0x0000000084a00000, 0x0000000084a00000, 0x0000000084b00000|  0%| F|  |TAMS 0x0000000084a00000, 0x0000000084a00000| Untracked 
|  75|0x0000000084b00000, 0x0000000084b00000, 0x0000000084c00000|  0%| F|  |TAMS 0x0000000084b00000, 0x0000000084b00000| Untracked 
|  76|0x0000000084c00000, 0x0000000084c00000, 0x0000000084d00000|  0%| F|  |TAMS 0x0000000084c00000, 0x0000000084c00000| Untracked 
|  77|0x0000000084d00000, 0x0000000084d00000, 0x0000000084e00000|  0%| F|  |TAMS 0x0000000084d00000, 0x0000000084d00000| Untracked 
|  78|0x0000000084e00000, 0x0000000084e00000, 0x0000000084f00000|  0%| F|  |TAMS 0x0000000084e00000, 0x0000000084e00000| Untracked 
|  79|0x0000000084f00000, 0x0000000084f00000, 0x0000000085000000|  0%| F|  |TAMS 0x0000000084f00000, 0x0000000084f00000| Untracked 
|  80|0x0000000085000000, 0x0000000085000000, 0x0000000085100000|  0%| F|  |TAMS 0x0000000085000000, 0x0000000085000000| Untracked 
|  81|0x0000000085100000, 0x0000000085100000, 0x0000000085200000|  0%| F|  |TAMS 0x0000000085100000, 0x0000000085100000| Untracked 
|  82|0x0000000085200000, 0x0000000085200000, 0x0000000085300000|  0%| F|  |TAMS 0x0000000085200000, 0x0000000085200000| Untracked 
|  83|0x0000000085300000, 0x0000000085300000, 0x0000000085400000|  0%| F|  |TAMS 0x0000000085300000, 0x0000000085300000| Untracked 
|  84|0x0000000085400000, 0x0000000085400000, 0x0000000085500000|  0%| F|  |TAMS 0x0000000085400000, 0x0000000085400000| Untracked 
|  85|0x0000000085500000, 0x0000000085500000, 0x0000000085600000|  0%| F|  |TAMS 0x0000000085500000, 0x0000000085500000| Untracked 
|  86|0x0000000085600000, 0x0000000085600000, 0x0000000085700000|  0%| F|  |TAMS 0x0000000085600000, 0x0000000085600000| Untracked 
|  87|0x0000000085700000, 0x0000000085700000, 0x0000000085800000|  0%| F|  |TAMS 0x0000000085700000, 0x0000000085700000| Untracked 
|  88|0x0000000085800000, 0x0000000085800000, 0x0000000085900000|  0%| F|  |TAMS 0x0000000085800000, 0x0000000085800000| Untracked 
|  89|0x0000000085900000, 0x0000000085900000, 0x0000000085a00000|  0%| F|  |TAMS 0x0000000085900000, 0x0000000085900000| Untracked 
|  90|0x0000000085a00000, 0x0000000085a00000, 0x0000000085b00000|  0%| F|  |TAMS 0x0000000085a00000, 0x0000000085a00000| Untracked 
|  91|0x0000000085b00000, 0x0000000085b00000, 0x0000000085c00000|  0%| F|  |TAMS 0x0000000085b00000, 0x0000000085b00000| Untracked 
|  92|0x0000000085c00000, 0x0000000085c00000, 0x0000000085d00000|  0%| F|  |TAMS 0x0000000085c00000, 0x0000000085c00000| Untracked 

Card table byte_map: [0x0000015629700000,0x0000015629b00000] _byte_map_base: 0x0000015629300000

Marking Bits (Prev, Next): (CMBitMap*) 0x000001561620c1a0, (CMBitMap*) 0x000001561620c168
 Prev Bits: [0x000001562bf00000, 0x000001562df00000)
 Next Bits: [0x0000015629f00000, 0x000001562bf00000)

Polling page: 0x00000156149f0000

Metaspace:

Usage:
  Non-class:     38.70 MB capacity,    37.94 MB ( 98%) used,   666.30 KB (  2%) free+waste,   109.13 KB ( <1%) overhead. 
      Class:      5.91 MB capacity,     5.47 MB ( 93%) used,   399.02 KB (  7%) free+waste,    52.56 KB ( <1%) overhead. 
       Both:     44.61 MB capacity,    43.41 MB ( 97%) used,     1.04 MB (  2%) free+waste,   161.69 KB ( <1%) overhead. 

Virtual space:
  Non-class space:       40.00 MB reserved,      38.75 MB ( 97%) committed 
      Class space:        1.00 GB reserved,       6.00 MB ( <1%) committed 
             Both:        1.04 GB reserved,      44.75 MB (  4%) committed 

Chunk freelists:
   Non-Class:  1.00 KB
       Class:  1.00 KB
        Both:  2.00 KB

MaxMetaspaceSize: 17179869184.00 GB
CompressedClassSpaceSize: 1.00 GB

CodeHeap 'non-profiled nmethods': size=120064Kb used=1602Kb max_used=1602Kb free=118461Kb
 bounds [0x0000015621790000, 0x0000015621a00000, 0x0000015628cd0000]
CodeHeap 'profiled nmethods': size=120000Kb used=7981Kb max_used=7981Kb free=112018Kb
 bounds [0x000001561a260000, 0x000001561aa30000, 0x0000015621790000]
CodeHeap 'non-nmethods': size=5696Kb used=2208Kb max_used=2239Kb free=3488Kb
 bounds [0x0000015619cd0000, 0x0000015619f40000, 0x000001561a260000]
 total_blobs=4726 nmethods=3945 adapters=691
 compilation: enabled
              stopped_count=0, restarted_count=0
 full_count=0

Compilation events (20 events):
Event: 9.740 Thread 0x000001563057b800 nmethod 3996 0x000001561aa26d10 code [0x000001561aa26ee0, 0x000001561aa27238]
Event: 9.743 Thread 0x000001563057b800 3997   !   2       org.codehaus.groovy.reflection.stdclasses.CachedSAMClass::getSAMMethodImpl (151 bytes)
Event: 9.745 Thread 0x000001563057b800 nmethod 3997 0x000001561aa27310 code [0x000001561aa275c0, 0x000001561aa27da8]
Event: 9.745 Thread 0x000001563057b800 3998       2       java.util.ComparableTimSort::countRunAndMakeAscending (123 bytes)
Event: 9.746 Thread 0x000001563057b800 nmethod 3998 0x000001561aa28290 code [0x000001561aa284a0, 0x000001561aa28b68]
Event: 9.746 Thread 0x000001563057b800 3999       2       sun.reflect.annotation.AnnotationParser$1::run (5 bytes)
Event: 9.746 Thread 0x000001563057b800 nmethod 3999 0x000001561aa28e90 code [0x000001561aa29040, 0x000001561aa29148]
Event: 9.751 Thread 0x000001563057b800 4000       2       sun.reflect.generics.reflectiveObjects.LazyReflectiveObjectGenerator::<init> (10 bytes)
Event: 9.751 Thread 0x000001563057b800 nmethod 4000 0x000001561aa29210 code [0x000001561aa293c0, 0x000001561aa294f8]
Event: 9.751 Thread 0x000001563057b800 4001       2       sun.reflect.generics.parser.SignatureParser::parseFormalParameters (47 bytes)
Event: 9.752 Thread 0x000001563057b800 nmethod 4001 0x000001561aa29590 code [0x000001561aa297a0, 0x000001561aa299c8]
Event: 9.752 Thread 0x000001563057b800 4002       2       sun.reflect.generics.parser.SignatureParser::parseZeroOrMoreThrowsSignatures (51 bytes)
Event: 9.752 Thread 0x000001563057b800 nmethod 4002 0x000001561aa29b90 code [0x000001561aa29da0, 0x000001561aa2a2f8]
Event: 9.753 Thread 0x000001563057b800 4003  s    2       java.util.Hashtable::isEmpty (13 bytes)
Event: 9.753 Thread 0x000001563057b800 nmethod 4003 0x000001561aa2a610 code [0x000001561aa2a7c0, 0x000001561aa2aa38]
Event: 9.753 Thread 0x000001563057b800 4004       2       java.util.Hashtable$Enumerator::<init> (51 bytes)
Event: 9.753 Thread 0x000001563057b800 nmethod 4004 0x000001561aa2ab10 code [0x000001561aa2acc0, 0x000001561aa2ae98]
Event: 9.753 Thread 0x000001563057b800 4005  s    2       java.util.Hashtable::putAll (52 bytes)
Event: 9.754 Thread 0x000001563057b800 nmethod 4005 0x000001561aa2af90 code [0x000001561aa2b1a0, 0x000001561aa2b5e8]
Event: 9.754 Thread 0x000001563057b800 4006       2       java.util.Hashtable::entrySet (28 bytes)

GC Heap History (20 events):
Event: 5.879 GC heap after
{Heap after GC invocations=9 (full 0):
 garbage-first heap   total 65536K, used 30847K [0x0000000080000000, 0x0000000100000000)
  region size 1024K, 4 young (4096K), 4 survivors (4096K)
 Metaspace       used 26174K, capacity 26807K, committed 27008K, reserved 1073152K
  class space    used 3434K, capacity 3688K, committed 3712K, reserved 1048576K
}
Event: 6.247 GC heap before
{Heap before GC invocations=9 (full 0):
 garbage-first heap   total 65536K, used 48255K [0x0000000080000000, 0x0000000100000000)
  region size 1024K, 22 young (22528K), 4 survivors (4096K)
 Metaspace       used 27505K, capacity 28215K, committed 28288K, reserved 1073152K
  class space    used 3646K, capacity 3928K, committed 3968K, reserved 1048576K
}
Event: 6.254 GC heap after
{Heap after GC invocations=10 (full 0):
 garbage-first heap   total 78848K, used 32748K [0x0000000080000000, 0x0000000100000000)
  region size 1024K, 2 young (2048K), 2 survivors (2048K)
 Metaspace       used 27505K, capacity 28215K, committed 28288K, reserved 1073152K
  class space    used 3646K, capacity 3928K, committed 3968K, reserved 1048576K
}
Event: 6.740 GC heap before
{Heap before GC invocations=10 (full 0):
 garbage-first heap   total 78848K, used 55276K [0x0000000080000000, 0x0000000100000000)
  region size 1024K, 24 young (24576K), 2 survivors (2048K)
 Metaspace       used 29851K, capacity 30649K, committed 30720K, reserved 1075200K
  class space    used 4019K, capacity 4311K, committed 4352K, reserved 1048576K
}
Event: 6.745 GC heap after
{Heap after GC invocations=11 (full 0):
 garbage-first heap   total 78848K, used 33609K [0x0000000080000000, 0x0000000100000000)
  region size 1024K, 1 young (1024K), 1 survivors (1024K)
 Metaspace       used 29851K, capacity 30649K, committed 30720K, reserved 1075200K
  class space    used 4019K, capacity 4311K, committed 4352K, reserved 1048576K
}
Event: 7.633 GC heap before
{Heap before GC invocations=11 (full 0):
 garbage-first heap   total 78848K, used 53065K [0x0000000080000000, 0x0000000100000000)
  region size 1024K, 21 young (21504K), 1 survivors (1024K)
 Metaspace       used 34845K, capacity 35735K, committed 35840K, reserved 1081344K
  class space    used 4558K, capacity 4899K, committed 4992K, reserved 1048576K
}
Event: 7.641 GC heap after
{Heap after GC invocations=12 (full 0):
 garbage-first heap   total 78848K, used 35679K [0x0000000080000000, 0x0000000100000000)
  region size 1024K, 3 young (3072K), 3 survivors (3072K)
 Metaspace       used 34845K, capacity 35735K, committed 35840K, reserved 1081344K
  class space    used 4558K, capacity 4899K, committed 4992K, reserved 1048576K
}
Event: 8.091 GC heap before
{Heap before GC invocations=13 (full 0):
 garbage-first heap   total 78848K, used 57183K [0x0000000080000000, 0x0000000100000000)
  region size 1024K, 25 young (25600K), 3 survivors (3072K)
 Metaspace       used 37621K, capacity 38578K, committed 38784K, reserved 1083392K
  class space    used 4868K, capacity 5207K, committed 5248K, reserved 1048576K
}
Event: 8.104 GC heap after
{Heap after GC invocations=14 (full 0):
 garbage-first heap   total 78848K, used 38350K [0x0000000080000000, 0x0000000100000000)
  region size 1024K, 3 young (3072K), 3 survivors (3072K)
 Metaspace       used 37621K, capacity 38578K, committed 38784K, reserved 1083392K
  class space    used 4868K, capacity 5207K, committed 5248K, reserved 1048576K
}
Event: 8.262 GC heap before
{Heap before GC invocations=15 (full 0):
 garbage-first heap   total 78848K, used 51662K [0x0000000080000000, 0x0000000100000000)
  region size 1024K, 18 young (18432K), 3 survivors (3072K)
 Metaspace       used 38024K, capacity 38993K, committed 39168K, reserved 1083392K
  class space    used 4919K, capacity 5257K, committed 5376K, reserved 1048576K
}
Event: 8.269 GC heap after
{Heap after GC invocations=16 (full 0):
 garbage-first heap   total 78848K, used 39252K [0x0000000080000000, 0x0000000100000000)
  region size 1024K, 2 young (2048K), 2 survivors (2048K)
 Metaspace       used 38024K, capacity 38993K, committed 39168K, reserved 1083392K
  class space    used 4919K, capacity 5257K, committed 5376K, reserved 1048576K
}
Event: 8.662 GC heap before
{Heap before GC invocations=17 (full 0):
 garbage-first heap   total 78848K, used 63828K [0x0000000080000000, 0x0000000100000000)
  region size 1024K, 23 young (23552K), 2 survivors (2048K)
 Metaspace       used 40677K, capacity 41707K, committed 41984K, reserved 1085440K
  class space    used 5227K, capacity 5609K, committed 5632K, reserved 1048576K
}
Event: 8.668 GC heap after
{Heap after GC invocations=18 (full 0):
 garbage-first heap   total 95232K, used 39704K [0x0000000080000000, 0x0000000100000000)
  region size 1024K, 1 young (1024K), 1 survivors (1024K)
 Metaspace       used 40677K, capacity 41707K, committed 41984K, reserved 1085440K
  class space    used 5227K, capacity 5609K, committed 5632K, reserved 1048576K
}
Event: 8.963 GC heap before
{Heap before GC invocations=18 (full 0):
 garbage-first heap   total 95232K, used 55064K [0x0000000080000000, 0x0000000100000000)
  region size 1024K, 17 young (17408K), 1 survivors (1024K)
 Metaspace       used 41859K, capacity 42920K, committed 43264K, reserved 1087488K
  class space    used 5393K, capacity 5780K, committed 5888K, reserved 1048576K
}
Event: 8.968 GC heap after
{Heap after GC invocations=19 (full 0):
 garbage-first heap   total 95232K, used 40292K [0x0000000080000000, 0x0000000100000000)
  region size 1024K, 2 young (2048K), 2 survivors (2048K)
 Metaspace       used 41859K, capacity 42920K, committed 43264K, reserved 1087488K
  class space    used 5393K, capacity 5780K, committed 5888K, reserved 1048576K
}
Event: 9.203 GC heap before
{Heap before GC invocations=20 (full 0):
 garbage-first heap   total 95232K, used 49508K [0x0000000080000000, 0x0000000100000000)
  region size 1024K, 8 young (8192K), 2 survivors (2048K)
 Metaspace       used 42081K, capacity 43163K, committed 43264K, reserved 1087488K
  class space    used 5410K, capacity 5791K, committed 5888K, reserved 1048576K
}
Event: 9.210 GC heap after
{Heap after GC invocations=21 (full 0):
 garbage-first heap   total 95232K, used 46933K [0x0000000080000000, 0x0000000100000000)
  region size 1024K, 3 young (3072K), 3 survivors (3072K)
 Metaspace       used 42081K, capacity 43163K, committed 43264K, reserved 1087488K
  class space    used 5410K, capacity 5791K, committed 5888K, reserved 1048576K
}
Event: 9.430 GC heap before
{Heap before GC invocations=22 (full 0):
 garbage-first heap   total 95232K, used 61269K [0x0000000080000000, 0x0000000100000000)
  region size 1024K, 16 young (16384K), 3 survivors (3072K)
 Metaspace       used 42760K, capacity 43979K, committed 44160K, reserved 1087488K
  class space    used 5484K, capacity 5911K, committed 6016K, reserved 1048576K
}
Event: 9.439 GC heap after
{Heap after GC invocations=23 (full 0):
 garbage-first heap   total 95232K, used 52131K [0x0000000080000000, 0x0000000100000000)
  region size 1024K, 3 young (3072K), 3 survivors (3072K)
 Metaspace       used 42760K, capacity 43979K, committed 44160K, reserved 1087488K
  class space    used 5484K, capacity 5911K, committed 6016K, reserved 1048576K
}
Event: 9.754 GC heap before
{Heap before GC invocations=24 (full 0):
 garbage-first heap   total 95232K, used 71587K [0x0000000080000000, 0x0000000100000000)
  region size 1024K, 21 young (21504K), 3 survivors (3072K)
 Metaspace       used 44448K, capacity 45676K, committed 45824K, reserved 1089536K
  class space    used 5597K, capacity 6049K, committed 6144K, reserved 1048576K
}

Deoptimization events (20 events):
Event: 8.254 Thread 0x0000015632fd5800 Uncommon trap: trap_request=0xffffffbe fr.pc=0x00000156218dbf60 relative=0x0000000000003ce0
Event: 8.254 Thread 0x0000015632fd5800 Uncommon trap: reason=profile_predicate action=maybe_recompile pc=0x00000156218dbf60 method=java.util.AbstractCollection.addAll(Ljava/util/Collection;)Z @ 15 c2
Event: 8.254 Thread 0x0000015632fd5800 DEOPT PACKING pc=0x00000156218dbf60 sp=0x000000093d8fa3f0
Event: 8.255 Thread 0x0000015632fd5800 DEOPT UNPACKING pc=0x0000015619cf78af sp=0x000000093d8fa408 mode 2
Event: 9.113 Thread 0x0000015632fd5800 DEOPT PACKING pc=0x000001561a327a9b sp=0x000000093d8fad80
Event: 9.113 Thread 0x0000015632fd5800 DEOPT UNPACKING pc=0x0000015619cf76ce sp=0x000000093d8fa2c0 mode 0
Event: 9.252 Thread 0x0000015632fd5800 Uncommon trap: trap_request=0xffffff4d fr.pc=0x00000156218a2208 relative=0x0000000000004d48
Event: 9.252 Thread 0x0000015632fd5800 Uncommon trap: reason=unstable_if action=reinterpret pc=0x00000156218a2208 method=java.lang.StringLatin1.regionMatchesCI([BI[BII)Z @ 66 c2
Event: 9.252 Thread 0x0000015632fd5800 DEOPT PACKING pc=0x00000156218a2208 sp=0x000000093d8f8b10
Event: 9.252 Thread 0x0000015632fd5800 DEOPT UNPACKING pc=0x0000015619cf78af sp=0x000000093d8f88c0 mode 2
Event: 9.318 Thread 0x0000015632fd5800 Uncommon trap: trap_request=0xffffff4d fr.pc=0x00000156217dc8b0 relative=0x0000000000000650
Event: 9.318 Thread 0x0000015632fd5800 Uncommon trap: reason=unstable_if action=reinterpret pc=0x00000156217dc8b0 method=java.util.jar.Manifest$FastInputStream.readLine([BII)I @ 130 c2
Event: 9.318 Thread 0x0000015632fd5800 DEOPT PACKING pc=0x00000156217dc8b0 sp=0x000000093d8f6d80
Event: 9.318 Thread 0x0000015632fd5800 DEOPT UNPACKING pc=0x0000015619cf78af sp=0x000000093d8f6d10 mode 2
Event: 9.659 Thread 0x0000015632fd5800 Uncommon trap: trap_request=0xffffff4d fr.pc=0x00000156218de850 relative=0x00000000000001f0
Event: 9.659 Thread 0x0000015632fd5800 Uncommon trap: reason=unstable_if action=reinterpret pc=0x00000156218de850 method=java.util.HashMap.putVal(ILjava/lang/Object;Ljava/lang/Object;ZZ)Ljava/lang/Object; @ 162 c2
Event: 9.659 Thread 0x0000015632fd5800 DEOPT PACKING pc=0x00000156218de850 sp=0x000000093d8faf30
Event: 9.659 Thread 0x0000015632fd5800 DEOPT UNPACKING pc=0x0000015619cf78af sp=0x000000093d8faeb0 mode 2
Event: 9.673 Thread 0x0000015632fd5800 DEOPT PACKING pc=0x000001561a96d7f4 sp=0x000000093d8fb180
Event: 9.673 Thread 0x0000015632fd5800 DEOPT UNPACKING pc=0x0000015619cf76ce sp=0x000000093d8fa720 mode 0

Classes redefined (0 events):
No events

Internal exceptions (20 events):
Event: 9.705 Thread 0x0000015632fd5800 Exception <a 'java/lang/ClassNotFoundException'{0x00000000850c8c70}: org/gradle/plugin/use/internal/PluginsAwareScriptCustomizer> (0x00000000850c8c70) thrown at [./src/hotspot/share/classfile/systemDictionary.cpp, line 231]
Event: 9.706 Thread 0x0000015632fd5800 Exception <a 'java/lang/ClassNotFoundException'{0x00000000850e64e0}: org/gradle/initialization/SettingsScriptCustomizer> (0x00000000850e64e0) thrown at [./src/hotspot/share/classfile/systemDictionary.cpp, line 231]
Event: 9.707 Thread 0x0000015632fd5800 Exception <a 'java/lang/ClassNotFoundException'{0x00000000850f91b0}: settings_68j6whzylil359dry8vx4k1kbCustomizer> (0x00000000850f91b0) thrown at [./src/hotspot/share/classfile/systemDictionary.cpp, line 231]
Event: 9.714 Thread 0x0000015632fd5800 Exception <a 'java/lang/ClassNotFoundException'{0x0000000084f93180}: org/gradle/initialization/DefaultSettings_DecoratedBeanInfo> (0x0000000084f93180) thrown at [./src/hotspot/share/classfile/systemDictionary.cpp, line 231]
Event: 9.715 Thread 0x0000015632fd5800 Exception <a 'java/lang/ClassNotFoundException'{0x0000000084fb5818}: org/gradle/initialization/DefaultSettingsBeanInfo> (0x0000000084fb5818) thrown at [./src/hotspot/share/classfile/systemDictionary.cpp, line 231]
Event: 9.716 Thread 0x0000015632fd5800 Exception <a 'java/lang/ClassNotFoundException'{0x0000000084fd9598}: org/gradle/initialization/DefaultSettingsCustomizer> (0x0000000084fd9598) thrown at [./src/hotspot/share/classfile/systemDictionary.cpp, line 231]
Event: 9.719 Thread 0x0000015632fd5800 Exception <a 'java/lang/ClassNotFoundException'{0x0000000084e2cc60}: org/gradle/initialization/DefaultSettings_DecoratedCustomizer> (0x0000000084e2cc60) thrown at [./src/hotspot/share/classfile/systemDictionary.cpp, line 231]
Event: 9.728 Thread 0x0000015632fd5800 Exception <a 'java/lang/ClassNotFoundException'{0x0000000084ef4a38}: org/gradle/internal/management/DefaultDependencyResolutionManagement_DecoratedBeanInfo> (0x0000000084ef4a38) thrown at [./src/hotspot/share/classfile/systemDictionary.cpp, line 231]
Event: 9.728 Thread 0x0000015632fd5800 Exception <a 'java/lang/ClassNotFoundException'{0x0000000084d2df48}: org/gradle/internal/management/DefaultDependencyResolutionManagementBeanInfo> (0x0000000084d2df48) thrown at [./src/hotspot/share/classfile/systemDictionary.cpp, line 231]
Event: 9.729 Thread 0x0000015632fd5800 Exception <a 'java/lang/ClassNotFoundException'{0x0000000084d67828}: org/gradle/internal/management/DefaultDependencyResolutionManagementCustomizer> (0x0000000084d67828) thrown at [./src/hotspot/share/classfile/systemDictionary.cpp, line 231]
Event: 9.731 Thread 0x0000015632fd5800 Exception <a 'java/lang/ClassNotFoundException'{0x0000000084db6af0}: org/gradle/internal/management/DefaultDependencyResolutionManagement_DecoratedCustomizer> (0x0000000084db6af0) thrown at [./src/hotspot/share/classfile/systemDictionary.cpp, line 231]
Event: 9.737 Thread 0x0000015632fd5800 Exception <a 'java/lang/ClassNotFoundException'{0x0000000084928408}: org/gradle/api/initialization/resolve/RepositoriesModeBeanInfo> (0x0000000084928408) thrown at [./src/hotspot/share/classfile/systemDictionary.cpp, line 231]
Event: 9.737 Thread 0x0000015632fd5800 Exception <a 'java/lang/ClassNotFoundException'{0x000000008492d2d0}: java/lang/EnumBeanInfo> (0x000000008492d2d0) thrown at [./src/hotspot/share/classfile/systemDictionary.cpp, line 231]
Event: 9.737 Thread 0x0000015632fd5800 Exception <a 'java/lang/ClassNotFoundException'{0x00000000849321b8}: java/lang/EnumCustomizer> (0x00000000849321b8) thrown at [./src/hotspot/share/classfile/systemDictionary.cpp, line 231]
Event: 9.739 Thread 0x0000015632fd5800 Exception <a 'java/lang/ClassNotFoundException'{0x0000000084960bd0}: org/gradle/api/initialization/resolve/RepositoriesModeCustomizer> (0x0000000084960bd0) thrown at [./src/hotspot/share/classfile/systemDictionary.cpp, line 231]
Event: 9.747 Thread 0x0000015632fd5800 Exception <a 'java/lang/ClassNotFoundException'{0x0000000084802468}: org/gradle/api/internal/provider/DefaultPropertyBeanInfo> (0x0000000084802468) thrown at [./src/hotspot/share/classfile/systemDictionary.cpp, line 231]
Event: 9.748 Thread 0x0000015632fd5800 Exception <a 'java/lang/ClassNotFoundException'{0x0000000084828550}: org/gradle/api/internal/provider/AbstractPropertyBeanInfo> (0x0000000084828550) thrown at [./src/hotspot/share/classfile/systemDictionary.cpp, line 231]
Event: 9.748 Thread 0x0000015632fd5800 Exception <a 'java/lang/ClassNotFoundException'{0x0000000084850528}: org/gradle/api/internal/provider/AbstractMinimalProviderBeanInfo> (0x0000000084850528) thrown at [./src/hotspot/share/classfile/systemDictionary.cpp, line 231]
Event: 9.749 Thread 0x0000015632fd5800 Exception <a 'java/lang/ClassNotFoundException'{0x00000000848794c8}: org/gradle/api/internal/provider/AbstractMinimalProviderCustomizer> (0x00000000848794c8) thrown at [./src/hotspot/share/classfile/systemDictionary.cpp, line 231]
Event: 9.753 Thread 0x0000015632fd5800 Exception <a 'java/lang/ClassNotFoundException'{0x00000000848d9b40}: org/gradle/api/internal/provider/AbstractPropertyCustomizer> (0x00000000848d9b40) thrown at [./src/hotspot/share/classfile/systemDictionary.cpp, line 231]

Events (20 events):
Event: 9.750 loading class org/gradle/api/internal/provider/ValueSupplier$ChangingExecutionTimeValue done
Event: 9.750 loading class org/gradle/api/internal/provider/ValueSupplier$FixedExecutionTimeValue
Event: 9.750 loading class org/gradle/api/internal/provider/ValueSupplier$FixedExecutionTimeValue done
Event: 9.750 loading class org/gradle/api/internal/provider/ValueSupplier$MissingExecutionTimeValue
Event: 9.750 loading class org/gradle/api/internal/provider/ValueSupplier$MissingExecutionTimeValue done
Event: 9.752 loading class org/gradle/api/internal/provider/AbstractPropertyCustomizer
Event: 9.752 loading class org/gradle/api/internal/provider/AbstractPropertyCustomizer done
Event: 9.752 loading class org/gradle/api/internal/provider/AbstractPropertyCustomizer
Event: 9.752 loading class org/gradle/api/internal/provider/AbstractPropertyCustomizer done
Event: 9.752 loading class org/gradle/api/internal/provider/AbstractPropertyCustomizer
Event: 9.752 loading class org/gradle/api/internal/provider/AbstractPropertyCustomizer done
Event: 9.753 loading class org/gradle/api/internal/provider/AbstractPropertyCustomizer
Event: 9.753 loading class org/gradle/api/internal/provider/AbstractPropertyCustomizer done
Event: 9.753 loading class org/gradle/api/internal/provider/DefaultPropertyCustomizer
Event: 9.753 loading class org/gradle/api/internal/provider/DefaultPropertyCustomizer done
Event: 9.754 loading class org/gradle/api/internal/provider/DefaultPropertyCustomizer
Event: 9.754 loading class org/gradle/api/internal/provider/DefaultPropertyCustomizer done
Event: 9.754 loading class org/gradle/api/internal/provider/DefaultPropertyCustomizer
Event: 9.754 loading class org/gradle/api/internal/provider/DefaultPropertyCustomizer done
Event: 9.754 Executing VM operation: G1CollectForAllocation


Dynamic libraries:
0x00007ff6a9b90000 - 0x00007ff6a9b9a000 	C:\Program Files\Android\Android Studio\jre\bin\java.exe
0x00007ffecaa30000 - 0x00007ffecac25000 	C:\WINDOWS\SYSTEM32\ntdll.dll
0x00007ffec8d10000 - 0x00007ffec8dce000 	C:\WINDOWS\System32\KERNEL32.DLL
0x00007ffec83c0000 - 0x00007ffec8689000 	C:\WINDOWS\System32\KERNELBASE.dll
0x00007ffec87d0000 - 0x00007ffec88d0000 	C:\WINDOWS\System32\ucrtbase.dll
0x00007ffec27e0000 - 0x00007ffec27f9000 	C:\Program Files\Android\Android Studio\jre\bin\jli.dll
0x00007ffec2cf0000 - 0x00007ffec2d07000 	C:\Program Files\Android\Android Studio\jre\bin\VCRUNTIME140.dll
0x00007ffec9640000 - 0x00007ffec97e1000 	C:\WINDOWS\System32\USER32.dll
0x00007ffec8770000 - 0x00007ffec8792000 	C:\WINDOWS\System32\win32u.dll
0x00007ffec8ce0000 - 0x00007ffec8d0b000 	C:\WINDOWS\System32\GDI32.dll
0x00007ffec8150000 - 0x00007ffec825b000 	C:\WINDOWS\System32\gdi32full.dll
0x00007ffec8930000 - 0x00007ffec89cd000 	C:\WINDOWS\System32\msvcp_win.dll
0x00007ffeb7e80000 - 0x00007ffeb811a000 	C:\WINDOWS\WinSxS\amd64_microsoft.windows.common-controls_6595b64144ccf1df_6.0.19041.1110_none_60b5254171f9507e\COMCTL32.dll
0x00007ffec9f80000 - 0x00007ffeca01e000 	C:\WINDOWS\System32\msvcrt.dll
0x00007ffec9f50000 - 0x00007ffec9f80000 	C:\WINDOWS\System32\IMM32.DLL
0x00007ffec1410000 - 0x00007ffec14ad000 	C:\Program Files\Android\Android Studio\jre\bin\msvcp140.dll
0x00007ffe9ef20000 - 0x00007ffe9f9ef000 	C:\Program Files\Android\Android Studio\jre\bin\server\jvm.dll
0x00007ffec8c20000 - 0x00007ffec8ccc000 	C:\WINDOWS\System32\ADVAPI32.dll
0x00007ffec8fe0000 - 0x00007ffec907b000 	C:\WINDOWS\System32\sechost.dll
0x00007ffec8e50000 - 0x00007ffec8f7a000 	C:\WINDOWS\System32\RPCRT4.dll
0x00007ffeca9e0000 - 0x00007ffeca9e8000 	C:\WINDOWS\System32\PSAPI.DLL
0x00007ffec2d70000 - 0x00007ffec2d79000 	C:\WINDOWS\SYSTEM32\WSOCK32.dll
0x00007ffec99d0000 - 0x00007ffec9a3b000 	C:\WINDOWS\System32\WS2_32.dll
0x00007ffec0950000 - 0x00007ffec095a000 	C:\WINDOWS\SYSTEM32\VERSION.dll
0x00007ffebaa90000 - 0x00007ffebaab7000 	C:\WINDOWS\SYSTEM32\WINMM.dll
0x00007ffec6050000 - 0x00007ffec6062000 	C:\WINDOWS\SYSTEM32\kernel.appcore.dll
0x00007ffec2cb0000 - 0x00007ffec2cc1000 	C:\Program Files\Android\Android Studio\jre\bin\verify.dll
0x00007ffeb4960000 - 0x00007ffeb4b44000 	C:\WINDOWS\SYSTEM32\DBGHELP.DLL
0x00007ffeb4920000 - 0x00007ffeb494c000 	C:\WINDOWS\SYSTEM32\dbgcore.DLL
0x00007ffec8690000 - 0x00007ffec8713000 	C:\WINDOWS\System32\bcryptPrimitives.dll
0x00007ffec2c40000 - 0x00007ffec2c69000 	C:\Program Files\Android\Android Studio\jre\bin\java.dll
0x00007ffec2ce0000 - 0x00007ffec2ceb000 	C:\Program Files\Android\Android Studio\jre\bin\jimage.dll
0x00007ffec2c10000 - 0x00007ffec2c28000 	C:\Program Files\Android\Android Studio\jre\bin\zip.dll
0x00007ffeca020000 - 0x00007ffeca75f000 	C:\WINDOWS\System32\SHELL32.dll
0x00007ffec6250000 - 0x00007ffec69e0000 	C:\WINDOWS\SYSTEM32\windows.storage.dll
0x00007ffec9bf0000 - 0x00007ffec9f45000 	C:\WINDOWS\System32\combase.dll
0x00007ffec7ba0000 - 0x00007ffec7bcc000 	C:\WINDOWS\SYSTEM32\Wldp.dll
0x00007ffec9a40000 - 0x00007ffec9aed000 	C:\WINDOWS\System32\SHCORE.dll
0x00007ffec9b90000 - 0x00007ffec9be5000 	C:\WINDOWS\System32\shlwapi.dll
0x00007ffec8090000 - 0x00007ffec80af000 	C:\WINDOWS\SYSTEM32\profapi.dll
0x00007ffec2740000 - 0x00007ffec275a000 	C:\Program Files\Android\Android Studio\jre\bin\net.dll
0x00007ffeb9c80000 - 0x00007ffeb9d88000 	C:\WINDOWS\SYSTEM32\WINHTTP.dll
0x00007ffec7900000 - 0x00007ffec796a000 	C:\WINDOWS\system32\mswsock.dll
0x00007ffec2660000 - 0x00007ffec2674000 	C:\Program Files\Android\Android Studio\jre\bin\nio.dll
0x00007ffec1350000 - 0x00007ffec1377000 	C:\Users\MinhNgan\.gradle\native\8bec1ad78214c89d9ad589b4d07fe93259594b29d510b10fafb7a158f7737e5d\windows-amd64\native-platform.dll
0x00007ffe9d990000 - 0x00007ffe9dacd000 	C:\Users\MinhNgan\.gradle\native\53dbd7edfb1c66fb8903c78663c9afc45aea4f116125fa6feffd364cf09443e8\windows-amd64\native-platform-file-events.dll
0x00007ffec2ca0000 - 0x00007ffec2caa000 	C:\Program Files\Android\Android Studio\jre\bin\management.dll
0x00007ffec2730000 - 0x00007ffec273c000 	C:\Program Files\Android\Android Studio\jre\bin\management_ext.dll
0x00007ffec7af0000 - 0x00007ffec7b08000 	C:\WINDOWS\SYSTEM32\CRYPTSP.dll
0x00007ffec7210000 - 0x00007ffec7244000 	C:\WINDOWS\system32\rsaenh.dll
0x00007ffec87a0000 - 0x00007ffec87c7000 	C:\WINDOWS\System32\bcrypt.dll
0x00007ffec8050000 - 0x00007ffec807e000 	C:\WINDOWS\SYSTEM32\USERENV.dll
0x00007ffec7b10000 - 0x00007ffec7b1c000 	C:\WINDOWS\SYSTEM32\CRYPTBASE.dll
0x00007ffec75a0000 - 0x00007ffec75db000 	C:\WINDOWS\SYSTEM32\IPHLPAPI.DLL
0x00007ffec8cd0000 - 0x00007ffec8cd8000 	C:\WINDOWS\System32\NSI.dll
0x00007ffebc9f0000 - 0x00007ffebca07000 	C:\WINDOWS\SYSTEM32\dhcpcsvc6.DLL
0x00007ffebfd70000 - 0x00007ffebfd8d000 	C:\WINDOWS\SYSTEM32\dhcpcsvc.DLL
0x00007ffec75f0000 - 0x00007ffec76bc000 	C:\WINDOWS\SYSTEM32\DNSAPI.dll

dbghelp: loaded successfully - version: 4.0.5 - missing functions: none
symbol engine: initialized successfully - sym options: 0x614 - pdb path: .;C:\Program Files\Android\Android Studio\jre\bin;C:\WINDOWS\SYSTEM32;C:\WINDOWS\WinSxS\amd64_microsoft.windows.common-controls_6595b64144ccf1df_6.0.19041.1110_none_60b5254171f9507e;C:\Program Files\Android\Android Studio\jre\bin\server;C:\Users\MinhNgan\.gradle\native\8bec1ad78214c89d9ad589b4d07fe93259594b29d510b10fafb7a158f7737e5d\windows-amd64;C:\Users\MinhNgan\.gradle\native\53dbd7edfb1c66fb8903c78663c9afc45aea4f116125fa6feffd364cf09443e8\windows-amd64

VM Arguments:
jvm_args: --add-opens=java.base/java.util=ALL-UNNAMED --add-opens=java.base/java.lang=ALL-UNNAMED --add-opens=java.base/java.lang.invoke=ALL-UNNAMED --add-opens=java.base/java.util=ALL-UNNAMED --add-opens=java.prefs/java.util.prefs=ALL-UNNAMED --add-opens=java.prefs/java.util.prefs=ALL-UNNAMED --add-opens=java.base/java.nio.charset=ALL-UNNAMED --add-opens=java.base/java.net=ALL-UNNAMED --add-opens=java.base/java.util.concurrent.atomic=ALL-UNNAMED -Xmx2048m -Dfile.encoding=UTF-8 -Duser.country=US -Duser.language=en -Duser.variant 
java_command: org.gradle.launcher.daemon.bootstrap.GradleDaemon 7.0.2
java_class_path (initial): C:\Users\MinhNgan\.gradle\wrapper\dists\gradle-7.0.2-bin\857tjihv64xamwrf0h14cai3r\gradle-7.0.2\lib\gradle-launcher-7.0.2.jar
Launcher Type: SUN_STANDARD

[Global flags]
     intx CICompilerCount                          = 3                                         {product} {ergonomic}
     uint ConcGCThreads                            = 1                                         {product} {ergonomic}
     uint G1ConcRefinementThreads                  = 4                                         {product} {ergonomic}
   size_t G1HeapRegionSize                         = 1048576                                   {product} {ergonomic}
    uintx GCDrainStackTargetSize                   = 64                                        {product} {ergonomic}
   size_t InitialHeapSize                          = 67108864                                  {product} {ergonomic}
   size_t MarkStackSize                            = 4194304                                   {product} {ergonomic}
   size_t MaxHeapSize                              = 2147483648                                {product} {command line}
   size_t MaxNewSize                               = 1287651328                                {product} {ergonomic}
   size_t MinHeapDeltaBytes                        = 1048576                                   {product} {ergonomic}
    uintx NonNMethodCodeHeapSize                   = 5830732                                {pd product} {ergonomic}
    uintx NonProfiledCodeHeapSize                  = 122913754                              {pd product} {ergonomic}
    uintx ProfiledCodeHeapSize                     = 122913754                              {pd product} {ergonomic}
    uintx ReservedCodeCacheSize                    = 251658240                              {pd product} {ergonomic}
     bool SegmentedCodeCache                       = true                                      {product} {ergonomic}
     bool UseCompressedClassPointers               = true                                 {lp64_product} {ergonomic}
     bool UseCompressedOops                        = true                                 {lp64_product} {ergonomic}
     bool UseG1GC                                  = true                                      {product} {ergonomic}
     bool UseLargePagesIndividualAllocation        = false                                  {pd product} {ergonomic}

Logging:
Log output configuration:
 #0: stdout all=warning uptime,level,tags
 #1: stderr all=off uptime,level,tags

Environment Variables:
PATH=C:\Program Files\Common Files\Oracle\Java\javapath;C:\WINDOWS\system32;C:\WINDOWS;C:\WINDOWS\System32\Wbem;C:\WINDOWS\System32\WindowsPowerShell\v1.0\;C:\WINDOWS\System32\OpenSSH\;C:\Program Files\dotnet\;C:\Program Files\Microsoft SQL Server\130\Tools\Binn\;C:\Program Files\Microsoft SQL Server\Client SDK\ODBC\170\Tools\Binn\;C:\Program Files (x86)\dotnet\;C:\Program Files\Git\cmd;C:\Users\MinhNgan\AppData\Local\Microsoft\WindowsApps
USERNAME=MinhNgan
OS=Windows_NT
PROCESSOR_IDENTIFIER=Intel64 Family 6 Model 69 Stepping 1, GenuineIntel



---------------  S Y S T E M  ---------------

OS: Windows 10 , 64 bit Build 19041 (10.0.19041.1202)
OS uptime: 0 days 0:20 hours

CPU:total 4 (initial active 4) (2 cores per cpu, 2 threads per core) family 6 model 69 stepping 1 microcode 0x25, cmov, cx8, fxsr, mmx, sse, sse2, sse3, ssse3, sse4.1, sse4.2, popcnt, avx, avx2, aes, clmul, erms, lzcnt, ht, tsc, tscinvbit, bmi1, bmi2, fma

Memory: 4k page, system-wide physical 3979M (239M free)
TotalPageFile size 6979M (AvailPageFile size 19M)
current process WorkingSet (physical memory assigned to process): 227M, peak: 233M
current process commit charge ("private bytes"): 269M, peak: 286M

vm_info: OpenJDK 64-Bit Server VM (11.0.10+0-b96-7249189) for windows-amd64 JRE (11.0.10+0-b96-7249189), built on Mar 31 2021 21:44:00 by "builder" with MS VC++ 14.0 (VS2015)

END.
