#
# There is insufficient memory for the Java Runtime Environment to continue.
# Native memory allocation (mmap) failed to map 1048576 bytes for Failed to commit area from 0x0000000084000000 to 0x0000000084100000 of length 1048576.
# Possible reasons:
#   The system is out of physical RAM or swap space
#   The process is running with CompressedOops enabled, and the Java Heap may be blocking the growth of the native heap
# Possible solutions:
#   Reduce memory load on the system
#   Increase physical memory or swap space
#   Check if swap backing store is full
#   Decrease Java heap size (-Xmx/-Xms)
#   Decrease number of Java threads
#   Decrease Java thread stack sizes (-Xss)
#   Set larger code cache with -XX:ReservedCodeCacheSize=
#   JVM is running with Unscaled Compressed Oops mode in which the Java heap is
#     placed in the first 4GB address space. The Java Heap base address is the
#     maximum limit for the native heap growth. Please use -XX:HeapBaseMinAddress
#     to set the Java Heap base and to place the Java Heap above 4GB virtual address.
# This output file may be truncated or incomplete.
#
#  Out of Memory Error (./src/hotspot/os/windows/os_windows.cpp:3301), pid=8216, tid=12164
#
# JRE version: OpenJDK Runtime Environment (11.0.10) (build 11.0.10+0-b96-7249189)
# Java VM: OpenJDK 64-Bit Server VM (11.0.10+0-b96-7249189, mixed mode, tiered, compressed oops, g1 gc, windows-amd64)
# No core dump will be written. Minidumps are not enabled by default on client versions of Windows
#

---------------  S U M M A R Y ------------

Command Line: --add-opens=java.base/java.util=ALL-UNNAMED --add-opens=java.base/java.lang=ALL-UNNAMED --add-opens=java.base/java.lang.invoke=ALL-UNNAMED --add-opens=java.base/java.util=ALL-UNNAMED --add-opens=java.prefs/java.util.prefs=ALL-UNNAMED --add-opens=java.prefs/java.util.prefs=ALL-UNNAMED --add-opens=java.base/java.nio.charset=ALL-UNNAMED --add-opens=java.base/java.net=ALL-UNNAMED --add-opens=java.base/java.util.concurrent.atomic=ALL-UNNAMED -Xmx2048m -Dfile.encoding=UTF-8 -Duser.country=US -Duser.language=en -Duser.variant org.gradle.launcher.daemon.bootstrap.GradleDaemon 7.0.2

Host: Intel(R) Core(TM) i5-4210U CPU @ 1.70GHz, 4 cores, 3G,  Windows 10 , 64 bit Build 19041 (10.0.19041.1202)
Time: Wed Nov 10 14:23:20 2021 SE Asia Standard Time elapsed time: 29.395432 seconds (0d 0h 0m 29s)

---------------  T H R E A D  ---------------

Current thread (0x000002613314b000):  GCTaskThread "GC Thread#3" [stack: 0x000000c507500000,0x000000c507600000] [id=12164]

Stack: [0x000000c507500000,0x000000c507600000]
[error occurred during error reporting (printing stack bounds), id 0xc0000005, EXCEPTION_ACCESS_VIOLATION (0xc0000005) at pc=0x000002611b170f2d]

Native frames: (J=compiled Java code, j=interpreted, Vv=VM code, C=native code)
V  [jvm.dll+0x5ecfaa]
V  [jvm.dll+0x722bd5]
V  [jvm.dll+0x72412d]
V  [jvm.dll+0x724745]
V  [jvm.dll+0x7246fb]
V  [jvm.dll+0x5ec348]
V  [jvm.dll+0x5ecad8]
C  [ntdll.dll+0xa20cf]
C  [ntdll.dll+0x51454]
C  [ntdll.dll+0xa0bfe]
C  0x000002611b170f2d


---------------  P R O C E S S  ---------------

Threads class SMR info:
_java_thread_list=0x00000261325c1270, length=30, elements={
0x000002611767a000, 0x00000261319aa800, 0x00000261319ac800, 0x0000026131a00800,
0x0000026131a03800, 0x0000026131a04800, 0x0000026131a0a000, 0x0000026131a0f800,
0x0000026131a10800, 0x0000026132472000, 0x0000026133c05800, 0x0000026133c14800,
0x0000026134199000, 0x00000261334e4800, 0x000002613333a000, 0x0000026134116800,
0x0000026132ffa800, 0x0000026132ffb000, 0x00000261330cd800, 0x000002613313f800,
0x000002613313e800, 0x0000026133140000, 0x000002613313c000, 0x000002613313d000,
0x0000026133141000, 0x000002613313b000, 0x0000026133141800, 0x000002613313d800,
0x0000026134e4d800, 0x0000026134e4c000
}

Java Threads: ( => current thread )
  0x000002611767a000 JavaThread "main" [_thread_blocked, id=11684, stack(0x000000c505800000,0x000000c505900000)]
  0x00000261319aa800 JavaThread "Reference Handler" daemon [_thread_blocked, id=9572, stack(0x000000c505f00000,0x000000c506000000)]
  0x00000261319ac800 JavaThread "Finalizer" daemon [_thread_blocked, id=3956, stack(0x000000c506000000,0x000000c506100000)]
  0x0000026131a00800 JavaThread "Signal Dispatcher" daemon [_thread_blocked, id=7916, stack(0x000000c506100000,0x000000c506200000)]
  0x0000026131a03800 JavaThread "Attach Listener" daemon [_thread_blocked, id=5132, stack(0x000000c506200000,0x000000c506300000)]
  0x0000026131a04800 JavaThread "Service Thread" daemon [_thread_blocked, id=8836, stack(0x000000c506300000,0x000000c506400000)]
  0x0000026131a0a000 JavaThread "C2 CompilerThread0" daemon [_thread_blocked, id=5236, stack(0x000000c506400000,0x000000c506500000)]
  0x0000026131a0f800 JavaThread "C1 CompilerThread0" daemon [_thread_blocked, id=8296, stack(0x000000c506500000,0x000000c506600000)]
  0x0000026131a10800 JavaThread "Sweeper thread" daemon [_thread_blocked, id=8512, stack(0x000000c506600000,0x000000c506700000)]
  0x0000026132472000 JavaThread "Common-Cleaner" daemon [_thread_blocked, id=8184, stack(0x000000c506700000,0x000000c506800000)]
  0x0000026133c05800 JavaThread "Daemon health stats" [_thread_blocked, id=1324, stack(0x000000c506a00000,0x000000c506b00000)]
  0x0000026133c14800 JavaThread "Incoming local TCP Connector on port 50492" [_thread_in_native, id=2656, stack(0x000000c506b00000,0x000000c506c00000)]
  0x0000026134199000 JavaThread "Daemon periodic checks" [_thread_blocked, id=3352, stack(0x000000c506c00000,0x000000c506d00000)]
  0x00000261334e4800 JavaThread "Daemon" [_thread_blocked, id=4632, stack(0x000000c506d00000,0x000000c506e00000)]
  0x000002613333a000 JavaThread "Handler for socket connection from /127.0.0.1:50492 to /127.0.0.1:50496" [_thread_in_native, id=4176, stack(0x000000c506e00000,0x000000c506f00000)]
  0x0000026134116800 JavaThread "Cancel handler" [_thread_blocked, id=8760, stack(0x000000c506f00000,0x000000c507000000)]
  0x0000026132ffa800 JavaThread "Daemon worker" [_thread_blocked, id=9372, stack(0x000000c507000000,0x000000c507100000)]
  0x0000026132ffb000 JavaThread "Asynchronous log dispatcher for DefaultDaemonConnection: socket connection from /127.0.0.1:50492 to /127.0.0.1:50496" [_thread_blocked, id=6632, stack(0x000000c507100000,0x000000c507200000)]
  0x00000261330cd800 JavaThread "Stdin handler" [_thread_blocked, id=10052, stack(0x000000c507200000,0x000000c507300000)]
  0x000002613313f800 JavaThread "Daemon client event forwarder" [_thread_blocked, id=5584, stack(0x000000c507300000,0x000000c507400000)]
  0x000002613313e800 JavaThread "Cache worker for file hash cache (C:\Program Files\Java\jdk-17.0.1\caches\7.0.2\fileHashes)" [_thread_blocked, id=9840, stack(0x000000c507600000,0x000000c507700000)]
  0x0000026133140000 JavaThread "File lock request listener" [_thread_in_native, id=8708, stack(0x000000c507700000,0x000000c507800000)]
  0x000002613313c000 JavaThread "Cache worker for journal cache (C:\Program Files\Java\jdk-17.0.1\caches\journal-1)" [_thread_blocked, id=2224, stack(0x000000c507800000,0x000000c507900000)]
  0x000002613313d000 JavaThread "Cache worker for file hash cache (C:\Users\MinhNgan\AndroidStudioProjects\Android_hepat\.gradle\7.0.2\fileHashes)" [_thread_blocked, id=7488, stack(0x000000c507900000,0x000000c507a00000)]
  0x0000026133141000 JavaThread "File watcher server" daemon [_thread_in_native, id=4028, stack(0x000000c507a00000,0x000000c507b00000)]
  0x000002613313b000 JavaThread "File watcher consumer" daemon [_thread_blocked, id=11408, stack(0x000000c507b00000,0x000000c507c00000)]
  0x0000026133141800 JavaThread "jar transforms" [_thread_blocked, id=8896, stack(0x000000c507c00000,0x000000c507d00000)]
  0x000002613313d800 JavaThread "jar transforms Thread 2" [_thread_blocked, id=2644, stack(0x000000c507d00000,0x000000c507e00000)]
  0x0000026134e4d800 JavaThread "jar transforms Thread 3" [_thread_blocked, id=9740, stack(0x000000c507e00000,0x000000c507f00000)]
  0x0000026134e4c000 JavaThread "jar transforms Thread 4" [_thread_blocked, id=2128, stack(0x000000c507f00000,0x000000c508000000)]

Other Threads:
  0x00000261319a0800 VMThread "VM Thread" [stack: 0x000000c505e00000,0x000000c505f00000] [id=10212]
  0x000002613249b800 WatcherThread [stack: 0x000000c506800000,0x000000c506900000] [id=2676]
  0x0000026117690800 GCTaskThread "GC Thread#0" [stack: 0x000000c505900000,0x000000c505a00000] [id=2180]
  0x00000261326e2800 GCTaskThread "GC Thread#1" [stack: 0x000000c506900000,0x000000c506a00000] [id=11980]
  0x000002613425b800 GCTaskThread "GC Thread#2" [stack: 0x000000c507400000,0x000000c507500000] [id=6680]
=>0x000002613314b000 GCTaskThread "GC Thread#3" [stack: 0x000000c507500000,0x000000c507600000] [id=12164]
  0x00000261176c2000 ConcurrentGCThread "G1 Main Marker" [stack: 0x000000c505a00000,0x000000c505b00000] [id=4888]
  0x00000261176c3800 ConcurrentGCThread "G1 Conc#0" [stack: 0x000000c505b00000,0x000000c505c00000] [id=9780]
  0x000002611771d800 ConcurrentGCThread "G1 Refine#0" [stack: 0x000000c505c00000,0x000000c505d00000] [id=4440]
  0x000002611771e800 ConcurrentGCThread "G1 Young RemSet Sampling" [stack: 0x000000c505d00000,0x000000c505e00000] [id=5844]

Threads with active compile tasks:

VM state:at safepoint (normal execution)

VM Mutex/Monitor currently owned by a thread:  ([mutex/lock_event])
[0x0000026117674b60] FreeList_lock - owner thread: 0x000002613314b000
[0x0000026117676590] Threads_lock - owner thread: 0x00000261319a0800
[0x00000261176767d0] Heap_lock - owner thread: 0x0000026132ffa800

Heap address: 0x0000000080000000, size: 2048 MB, Compressed Oops mode: 32-bit
Narrow klass base: 0x0000000000000000, Narrow klass shift: 3
Compressed class space size: 1073741824 Address: 0x0000000100000000

Heap:
 garbage-first heap   total 66560K, used 59612K [0x0000000080000000, 0x0000000100000000)
  region size 1024K, 36 young (36864K), 5 survivors (5120K)
 Metaspace       used 26788K, capacity 27592K, committed 27648K, reserved 1073152K
  class space    used 3515K, capacity 3804K, committed 3840K, reserved 1048576K
Heap Regions: E=young(eden), S=young(survivor), O=old, HS=humongous(starts), HC=humongous(continues), CS=collection set, F=free, A=archive, TAMS=top-at-mark-start (previous, next)
|   0|0x0000000080000000, 0x0000000080100000, 0x0000000080100000|100%|HS|  |TAMS 0x0000000080100000, 0x0000000080000000| Complete 
|   1|0x0000000080100000, 0x0000000080200000, 0x0000000080200000|100%|HC|  |TAMS 0x0000000080200000, 0x0000000080100000| Complete 
|   2|0x0000000080200000, 0x0000000080300000, 0x0000000080300000|100%|HC|  |TAMS 0x0000000080300000, 0x0000000080200000| Complete 
|   3|0x0000000080300000, 0x0000000080400000, 0x0000000080400000|100%| O|  |TAMS 0x0000000080400000, 0x0000000080300000| Untracked 
|   4|0x0000000080400000, 0x0000000080500000, 0x0000000080500000|100%| O|  |TAMS 0x0000000080500000, 0x0000000080400000| Untracked 
|   5|0x0000000080500000, 0x0000000080600000, 0x0000000080600000|100%| O|  |TAMS 0x0000000080600000, 0x0000000080500000| Untracked 
|   6|0x0000000080600000, 0x0000000080700000, 0x0000000080700000|100%| O|  |TAMS 0x0000000080700000, 0x0000000080600000| Untracked 
|   7|0x0000000080700000, 0x0000000080800000, 0x0000000080800000|100%| O|  |TAMS 0x0000000080800000, 0x0000000080700000| Untracked 
|   8|0x0000000080800000, 0x0000000080900000, 0x0000000080900000|100%| O|  |TAMS 0x0000000080900000, 0x0000000080800000| Untracked 
|   9|0x0000000080900000, 0x0000000080a00000, 0x0000000080a00000|100%| O|  |TAMS 0x0000000080a00000, 0x0000000080900000| Untracked 
|  10|0x0000000080a00000, 0x0000000080b00000, 0x0000000080b00000|100%| O|  |TAMS 0x0000000080b00000, 0x0000000080a00000| Untracked 
|  11|0x0000000080b00000, 0x0000000080c00000, 0x0000000080c00000|100%| O|  |TAMS 0x0000000080c00000, 0x0000000080b00000| Untracked 
|  12|0x0000000080c00000, 0x0000000080d00000, 0x0000000080d00000|100%| O|  |TAMS 0x0000000080d00000, 0x0000000080c00000| Untracked 
|  13|0x0000000080d00000, 0x0000000080e00000, 0x0000000080e00000|100%| O|  |TAMS 0x0000000080e00000, 0x0000000080d00000| Untracked 
|  14|0x0000000080e00000, 0x0000000080f00000, 0x0000000080f00000|100%| O|  |TAMS 0x0000000080f00000, 0x0000000080e00000| Untracked 
|  15|0x0000000080f00000, 0x0000000081000000, 0x0000000081000000|100%| O|  |TAMS 0x0000000080f5b800, 0x0000000080f00000| Untracked 
|  16|0x0000000081000000, 0x0000000081100000, 0x0000000081100000|100%|HS|  |TAMS 0x0000000081000000, 0x0000000081000000| Complete 
|  17|0x0000000081100000, 0x0000000081200000, 0x0000000081200000|100%|HC|  |TAMS 0x0000000081100000, 0x0000000081100000| Complete 
|  18|0x0000000081200000, 0x0000000081300000, 0x0000000081300000|100%|HS|  |TAMS 0x0000000081200000, 0x0000000081200000| Complete 
|  19|0x0000000081300000, 0x0000000081400000, 0x0000000081400000|100%|HC|  |TAMS 0x0000000081300000, 0x0000000081300000| Complete 
|  20|0x0000000081400000, 0x0000000081500000, 0x0000000081500000|100%|HC|  |TAMS 0x0000000081400000, 0x0000000081400000| Complete 
|  21|0x0000000081500000, 0x0000000081600000, 0x0000000081600000|100%|HS|  |TAMS 0x0000000081500000, 0x0000000081500000| Complete 
|  22|0x0000000081600000, 0x0000000081700000, 0x0000000081700000|100%|HC|  |TAMS 0x0000000081600000, 0x0000000081600000| Complete 
|  23|0x0000000081700000, 0x0000000081800000, 0x0000000081800000|100%|HC|  |TAMS 0x0000000081700000, 0x0000000081700000| Complete 
|  24|0x0000000081800000, 0x0000000081900000, 0x0000000081900000|100%|HC|  |TAMS 0x0000000081800000, 0x0000000081800000| Complete 
|  25|0x0000000081900000, 0x0000000081a00000, 0x0000000081a00000|100%|HC|  |TAMS 0x0000000081900000, 0x0000000081900000| Complete 
|  26|0x0000000081a00000, 0x0000000081b00000, 0x0000000081b00000|100%| S|  |TAMS 0x0000000081a00000, 0x0000000081a00000| Complete 
|  27|0x0000000081b00000, 0x0000000081c00000, 0x0000000081c00000|100%| S|  |TAMS 0x0000000081b00000, 0x0000000081b00000| Complete 
|  28|0x0000000081c00000, 0x0000000081d00000, 0x0000000081d00000|100%| S|  |TAMS 0x0000000081c00000, 0x0000000081c00000| Complete 
|  29|0x0000000081d00000, 0x0000000081e00000, 0x0000000081e00000|100%| S|  |TAMS 0x0000000081d00000, 0x0000000081d00000| Complete 
|  30|0x0000000081e00000, 0x0000000081edb8a0, 0x0000000081f00000| 85%| E|CS|TAMS 0x0000000081e00000, 0x0000000081e00000| Complete 
|  31|0x0000000081f00000, 0x0000000082000000, 0x0000000082000000|100%| E|CS|TAMS 0x0000000081f00000, 0x0000000081f00000| Complete 
|  32|0x0000000082000000, 0x0000000082100000, 0x0000000082100000|100%| S|  |TAMS 0x0000000082000000, 0x0000000082000000| Complete 
|  33|0x0000000082100000, 0x0000000082200000, 0x0000000082200000|100%| E|CS|TAMS 0x0000000082100000, 0x0000000082100000| Complete 
|  34|0x0000000082200000, 0x0000000082300000, 0x0000000082300000|100%| E|CS|TAMS 0x0000000082200000, 0x0000000082200000| Complete 
|  35|0x0000000082300000, 0x0000000082400000, 0x0000000082400000|100%| E|CS|TAMS 0x0000000082300000, 0x0000000082300000| Complete 
|  36|0x0000000082400000, 0x0000000082500000, 0x0000000082500000|100%| E|CS|TAMS 0x0000000082400000, 0x0000000082400000| Complete 
|  37|0x0000000082500000, 0x0000000082600000, 0x0000000082600000|100%| E|CS|TAMS 0x0000000082500000, 0x0000000082500000| Complete 
|  38|0x0000000082600000, 0x0000000082700000, 0x0000000082700000|100%| E|CS|TAMS 0x0000000082600000, 0x0000000082600000| Complete 
|  39|0x0000000082700000, 0x0000000082800000, 0x0000000082800000|100%| E|CS|TAMS 0x0000000082700000, 0x0000000082700000| Complete 
|  40|0x0000000082800000, 0x0000000082900000, 0x0000000082900000|100%| E|CS|TAMS 0x0000000082800000, 0x0000000082800000| Complete 
|  41|0x0000000082900000, 0x0000000082a00000, 0x0000000082a00000|100%| E|CS|TAMS 0x0000000082900000, 0x0000000082900000| Complete 
|  42|0x0000000082a00000, 0x0000000082b00000, 0x0000000082b00000|100%| E|CS|TAMS 0x0000000082a00000, 0x0000000082a00000| Complete 
|  43|0x0000000082b00000, 0x0000000082c00000, 0x0000000082c00000|100%| E|CS|TAMS 0x0000000082b00000, 0x0000000082b00000| Complete 
|  44|0x0000000082c00000, 0x0000000082d00000, 0x0000000082d00000|100%| E|CS|TAMS 0x0000000082c00000, 0x0000000082c00000| Complete 
|  45|0x0000000082d00000, 0x0000000082e00000, 0x0000000082e00000|100%| E|CS|TAMS 0x0000000082d00000, 0x0000000082d00000| Complete 
|  46|0x0000000082e00000, 0x0000000082f00000, 0x0000000082f00000|100%| E|CS|TAMS 0x0000000082e00000, 0x0000000082e00000| Complete 
|  47|0x0000000082f00000, 0x0000000083000000, 0x0000000083000000|100%| E|CS|TAMS 0x0000000082f00000, 0x0000000082f00000| Complete 
|  48|0x0000000083000000, 0x0000000083100000, 0x0000000083100000|100%| E|CS|TAMS 0x0000000083000000, 0x0000000083000000| Complete 
|  49|0x0000000083100000, 0x0000000083200000, 0x0000000083200000|100%| E|CS|TAMS 0x0000000083100000, 0x0000000083100000| Complete 
|  50|0x0000000083200000, 0x0000000083300000, 0x0000000083300000|100%| E|CS|TAMS 0x0000000083200000, 0x0000000083200000| Complete 
|  51|0x0000000083300000, 0x0000000083400000, 0x0000000083400000|100%| E|CS|TAMS 0x0000000083300000, 0x0000000083300000| Complete 
|  52|0x0000000083400000, 0x0000000083500000, 0x0000000083500000|100%| E|CS|TAMS 0x0000000083400000, 0x0000000083400000| Complete 
|  53|0x0000000083500000, 0x0000000083600000, 0x0000000083600000|100%| E|CS|TAMS 0x0000000083500000, 0x0000000083500000| Complete 
|  54|0x0000000083600000, 0x0000000083700000, 0x0000000083700000|100%| E|CS|TAMS 0x0000000083600000, 0x0000000083600000| Complete 
|  55|0x0000000083700000, 0x0000000083800000, 0x0000000083800000|100%| E|CS|TAMS 0x0000000083700000, 0x0000000083700000| Complete 
|  56|0x0000000083800000, 0x0000000083900000, 0x0000000083900000|100%| E|CS|TAMS 0x0000000083800000, 0x0000000083800000| Complete 
|  57|0x0000000083900000, 0x0000000083a00000, 0x0000000083a00000|100%| E|CS|TAMS 0x0000000083900000, 0x0000000083900000| Complete 
|  58|0x0000000083a00000, 0x0000000083b00000, 0x0000000083b00000|100%| E|CS|TAMS 0x0000000083a00000, 0x0000000083a00000| Complete 
|  59|0x0000000083b00000, 0x0000000083c00000, 0x0000000083c00000|100%| E|CS|TAMS 0x0000000083b00000, 0x0000000083b00000| Complete 
|  60|0x0000000083c00000, 0x0000000083d00000, 0x0000000083d00000|100%| E|CS|TAMS 0x0000000083c00000, 0x0000000083c00000| Complete 
|  61|0x0000000083d00000, 0x0000000083e00000, 0x0000000083e00000|100%| E|CS|TAMS 0x0000000083d00000, 0x0000000083d00000| Complete 
|  62|0x0000000083e00000, 0x0000000083f00000, 0x0000000083f00000|100%| E|CS|TAMS 0x0000000083e00000, 0x0000000083e00000| Complete 
|  63|0x0000000083f00000, 0x0000000084000000, 0x0000000084000000|100%| E|CS|TAMS 0x0000000083f00000, 0x0000000083f00000| Complete 

Card table byte_map: [0x000002612aba0000,0x000002612afa0000] _byte_map_base: 0x000002612a7a0000

Marking Bits (Prev, Next): (CMBitMap*) 0x00000261176b9230, (CMBitMap*) 0x00000261176b91f8
 Prev Bits: [0x000002612d3a0000, 0x000002612f3a0000)
 Next Bits: [0x000002612b3a0000, 0x000002612d3a0000)

Polling page: 0x0000026115d60000

Metaspace:

Usage:
  Non-class:     23.23 MB capacity,    22.73 MB ( 98%) used,   454.81 KB (  2%) free+waste,    59.69 KB ( <1%) overhead. 
      Class:      3.71 MB capacity,     3.43 MB ( 92%) used,   258.83 KB (  7%) free+waste,    30.13 KB ( <1%) overhead. 
       Both:     26.95 MB capacity,    26.16 MB ( 97%) used,   713.64 KB (  3%) free+waste,    89.81 KB ( <1%) overhead. 

Virtual space:
  Non-class space:       24.00 MB reserved,      23.25 MB ( 97%) committed 
      Class space:        1.00 GB reserved,       3.75 MB ( <1%) committed 
             Both:        1.02 GB reserved,      27.00 MB (  3%) committed 

Chunk freelists:
   Non-Class:  20.00 KB
       Class:  4.00 KB
        Both:  24.00 KB

MaxMetaspaceSize: 17179869184.00 GB
CompressedClassSpaceSize: 1.00 GB

CodeHeap 'non-profiled nmethods': size=120064Kb used=1292Kb max_used=1292Kb free=118771Kb
 bounds [0x0000026122c30000, 0x0000026122ea0000, 0x000002612a170000]
CodeHeap 'profiled nmethods': size=120000Kb used=5468Kb max_used=5468Kb free=114531Kb
 bounds [0x000002611b700000, 0x000002611bc60000, 0x0000026122c30000]
CodeHeap 'non-nmethods': size=5696Kb used=1161Kb max_used=1188Kb free=4534Kb
 bounds [0x000002611b170000, 0x000002611b3e0000, 0x000002611b700000]
 total_blobs=3042 nmethods=2536 adapters=417
 compilation: enabled
              stopped_count=0, restarted_count=0
 full_count=0

Compilation events (20 events):
Event: 29.232 Thread 0x0000026131a0f800 2535       3       java.lang.Class::getDeclaredConstructors (27 bytes)
Event: 29.232 Thread 0x0000026131a0f800 nmethod 2535 0x000002611bc53710 code [0x000002611bc53900, 0x000002611bc53b98]
Event: 29.233 Thread 0x0000026131a0f800 2536       3       java.lang.Class::arrayContentsEq (70 bytes)
Event: 29.234 Thread 0x0000026131a0f800 nmethod 2536 0x000002611bc53c90 code [0x000002611bc53e60, 0x000002611bc54258]
Event: 29.234 Thread 0x0000026131a0a000 2537       4       java.lang.ref.SoftReference::get (29 bytes)
Event: 29.235 Thread 0x0000026131a0f800 2539       3       java.lang.reflect.Constructor::getRoot (5 bytes)
Event: 29.235 Thread 0x0000026131a0f800 nmethod 2539 0x000002611bc54390 code [0x000002611bc54540, 0x000002611bc54658]
Event: 29.236 Thread 0x0000026131a0a000 nmethod 2537 0x0000026122d71910 code [0x0000026122d71aa0, 0x0000026122d71b78]
Event: 29.236 Thread 0x0000026131a0a000 2538       4       jdk.internal.reflect.AccessorGenerator::sub (5 bytes)
Event: 29.236 Thread 0x0000026131a0a000 nmethod 2538 0x0000026122d71c10 code [0x0000026122d71da0, 0x0000026122d71df8]
Event: 29.240 Thread 0x0000026131a0f800 2541       3       org.gradle.internal.io.StreamByteBuffer$StreamByteBufferInputStream::readImpl (150 bytes)
Event: 29.241 Thread 0x0000026131a0a000 2542 %     4       sun.security.provider.SHA::implCompress0 @ 3 (482 bytes)
Event: 29.241 Thread 0x0000026131a0f800 nmethod 2541 0x000002611bc54710 code [0x000002611bc54960, 0x000002611bc55228]
Event: 29.241 Thread 0x0000026131a0f800 2540       3       org.gradle.internal.io.StreamByteBuffer$StreamByteBufferInputStream::read (8 bytes)
Event: 29.242 Thread 0x0000026131a0f800 nmethod 2540 0x000002611bc55590 code [0x000002611bc55740, 0x000002611bc55888]
Event: 29.310 Thread 0x0000026131a0a000 nmethod 2542% 0x0000026122d71e90 code [0x0000026122d72040, 0x0000026122d73018]
Event: 29.315 Thread 0x0000026131a0f800 2543   !   3       jdk.internal.reflect.GeneratedMethodAccessor1::invoke (68 bytes)
Event: 29.315 Thread 0x0000026131a0f800 nmethod 2543 0x000002611bc55990 code [0x000002611bc55be0, 0x000002611bc56398]
Event: 29.319 Thread 0x0000026131a0f800 2544       3       java.util.regex.Pattern$BmpCharPropertyGreedy::match (89 bytes)
Event: 29.320 Thread 0x0000026131a0f800 nmethod 2544 0x000002611bc56710 code [0x000002611bc56920, 0x000002611bc56f48]

GC Heap History (15 events):
Event: 2.049 GC heap before
{Heap before GC invocations=0 (full 0):
 garbage-first heap   total 65536K, used 16384K [0x0000000080000000, 0x0000000100000000)
  region size 1024K, 14 young (14336K), 0 survivors (0K)
 Metaspace       used 6786K, capacity 6989K, committed 7168K, reserved 1056768K
  class space    used 584K, capacity 650K, committed 768K, reserved 1048576K
}
Event: 2.065 GC heap after
{Heap after GC invocations=1 (full 0):
 garbage-first heap   total 65536K, used 4426K [0x0000000080000000, 0x0000000100000000)
  region size 1024K, 2 young (2048K), 2 survivors (2048K)
 Metaspace       used 6786K, capacity 6989K, committed 7168K, reserved 1056768K
  class space    used 584K, capacity 650K, committed 768K, reserved 1048576K
}
Event: 2.990 GC heap before
{Heap before GC invocations=1 (full 0):
 garbage-first heap   total 65536K, used 17738K [0x0000000080000000, 0x0000000100000000)
  region size 1024K, 13 young (13312K), 2 survivors (2048K)
 Metaspace       used 9872K, capacity 10054K, committed 10112K, reserved 1058816K
  class space    used 1022K, capacity 1102K, committed 1152K, reserved 1048576K
}
Event: 2.998 GC heap after
{Heap after GC invocations=2 (full 0):
 garbage-first heap   total 65536K, used 9306K [0x0000000080000000, 0x0000000100000000)
  region size 1024K, 2 young (2048K), 2 survivors (2048K)
 Metaspace       used 9872K, capacity 10054K, committed 10112K, reserved 1058816K
  class space    used 1022K, capacity 1102K, committed 1152K, reserved 1048576K
}
Event: 4.507 GC heap before
{Heap before GC invocations=2 (full 0):
 garbage-first heap   total 65536K, used 43098K [0x0000000080000000, 0x0000000100000000)
  region size 1024K, 35 young (35840K), 2 survivors (2048K)
 Metaspace       used 10825K, capacity 11071K, committed 11264K, reserved 1058816K
  class space    used 1125K, capacity 1206K, committed 1280K, reserved 1048576K
}
Event: 4.516 GC heap after
{Heap after GC invocations=3 (full 0):
 garbage-first heap   total 65536K, used 12263K [0x0000000080000000, 0x0000000100000000)
  region size 1024K, 5 young (5120K), 5 survivors (5120K)
 Metaspace       used 10825K, capacity 11071K, committed 11264K, reserved 1058816K
  class space    used 1125K, capacity 1206K, committed 1280K, reserved 1048576K
}
Event: 18.330 GC heap before
{Heap before GC invocations=3 (full 0):
 garbage-first heap   total 65536K, used 45031K [0x0000000080000000, 0x0000000100000000)
  region size 1024K, 37 young (37888K), 5 survivors (5120K)
 Metaspace       used 17255K, capacity 17682K, committed 17792K, reserved 1064960K
  class space    used 1981K, capacity 2129K, committed 2176K, reserved 1048576K
}
Event: 18.352 GC heap after
{Heap after GC invocations=4 (full 0):
 garbage-first heap   total 65536K, used 15635K [0x0000000080000000, 0x0000000100000000)
  region size 1024K, 4 young (4096K), 4 survivors (4096K)
 Metaspace       used 17255K, capacity 17682K, committed 17792K, reserved 1064960K
  class space    used 1981K, capacity 2129K, committed 2176K, reserved 1048576K
}
Event: 20.131 GC heap before
{Heap before GC invocations=4 (full 0):
 garbage-first heap   total 65536K, used 45331K [0x0000000080000000, 0x0000000100000000)
  region size 1024K, 34 young (34816K), 4 survivors (4096K)
 Metaspace       used 20581K, capacity 21013K, committed 21248K, reserved 1067008K
  class space    used 2508K, capacity 2691K, committed 2816K, reserved 1048576K
}
Event: 20.139 GC heap after
{Heap after GC invocations=5 (full 0):
 garbage-first heap   total 65536K, used 17009K [0x0000000080000000, 0x0000000100000000)
  region size 1024K, 2 young (2048K), 2 survivors (2048K)
 Metaspace       used 20581K, capacity 21013K, committed 21248K, reserved 1067008K
  class space    used 2508K, capacity 2691K, committed 2816K, reserved 1048576K
}
Event: 20.145 GC heap before
{Heap before GC invocations=5 (full 0):
 garbage-first heap   total 65536K, used 17009K [0x0000000080000000, 0x0000000100000000)
  region size 1024K, 3 young (3072K), 2 survivors (2048K)
 Metaspace       used 20588K, capacity 21083K, committed 21248K, reserved 1067008K
  class space    used 2509K, capacity 2693K, committed 2816K, reserved 1048576K
}
Event: 20.149 GC heap after
{Heap after GC invocations=6 (full 0):
 garbage-first heap   total 65536K, used 16760K [0x0000000080000000, 0x0000000100000000)
  region size 1024K, 2 young (2048K), 2 survivors (2048K)
 Metaspace       used 20588K, capacity 21083K, committed 21248K, reserved 1067008K
  class space    used 2509K, capacity 2693K, committed 2816K, reserved 1048576K
}
Event: 26.059 GC heap before
{Heap before GC invocations=7 (full 0):
 garbage-first heap   total 65536K, used 47480K [0x0000000080000000, 0x0000000100000000)
  region size 1024K, 32 young (32768K), 2 survivors (2048K)
 Metaspace       used 23660K, capacity 24247K, committed 24576K, reserved 1071104K
  class space    used 3009K, capacity 3201K, committed 3328K, reserved 1048576K
}
Event: 26.064 GC heap after
{Heap after GC invocations=8 (full 0):
 garbage-first heap   total 65536K, used 17628K [0x0000000080000000, 0x0000000100000000)
  region size 1024K, 2 young (2048K), 2 survivors (2048K)
 Metaspace       used 23660K, capacity 24247K, committed 24576K, reserved 1071104K
  class space    used 3009K, capacity 3201K, committed 3328K, reserved 1048576K
}
Event: 29.376 GC heap before
{Heap before GC invocations=8 (full 0):
 garbage-first heap   total 65536K, used 58588K [0x0000000080000000, 0x0000000100000000)
  region size 1024K, 33 young (33792K), 2 survivors (2048K)
 Metaspace       used 26788K, capacity 27592K, committed 27648K, reserved 1073152K
  class space    used 3515K, capacity 3804K, committed 3840K, reserved 1048576K
}

Deoptimization events (20 events):
Event: 28.114 Thread 0x0000026132ffa800 Uncommon trap: trap_request=0xffffffc6 fr.pc=0x0000026122d1a884 relative=0x0000000000003444
Event: 28.115 Thread 0x0000026132ffa800 Uncommon trap: reason=bimorphic_or_optimized_type_check action=maybe_recompile pc=0x0000026122d1a884 method=java.lang.ClassLoader.loadClass(Ljava/lang/String;Z)Ljava/lang/Class; @ 38 c2
Event: 28.115 Thread 0x0000026132ffa800 DEOPT PACKING pc=0x0000026122d1a884 sp=0x000000c5070f9c60
Event: 28.115 Thread 0x0000026132ffa800 DEOPT UNPACKING pc=0x000002611b1978af sp=0x000000c5070f9cc0 mode 2
Event: 28.121 Thread 0x0000026132ffa800 Uncommon trap: trap_request=0xffffff4d fr.pc=0x0000026122d31128 relative=0x0000000000005e68
Event: 28.121 Thread 0x0000026132ffa800 Uncommon trap: reason=unstable_if action=reinterpret pc=0x0000026122d31128 method=java.net.URLClassLoader.getAndVerifyPackage(Ljava/lang/String;Ljava/util/jar/Manifest;Ljava/net/URL;)Ljava/lang/Package; @ 62 c2
Event: 28.121 Thread 0x0000026132ffa800 DEOPT PACKING pc=0x0000026122d31128 sp=0x000000c5070f9a70
Event: 28.121 Thread 0x0000026132ffa800 DEOPT UNPACKING pc=0x000002611b1978af sp=0x000000c5070f9958 mode 2
Event: 28.129 Thread 0x0000026132ffa800 Uncommon trap: trap_request=0xffffff4d fr.pc=0x0000026122d3ec24 relative=0x0000000000005e64
Event: 28.129 Thread 0x0000026132ffa800 Uncommon trap: reason=unstable_if action=reinterpret pc=0x0000026122d3ec24 method=java.net.URLClassLoader.getAndVerifyPackage(Ljava/lang/String;Ljava/util/jar/Manifest;Ljava/net/URL;)Ljava/lang/Package; @ 62 c2
Event: 28.129 Thread 0x0000026132ffa800 DEOPT PACKING pc=0x0000026122d3ec24 sp=0x000000c5070f7fe0
Event: 28.129 Thread 0x0000026132ffa800 DEOPT UNPACKING pc=0x000002611b1978af sp=0x000000c5070f7f28 mode 2
Event: 28.337 Thread 0x0000026132ffa800 Uncommon trap: trap_request=0xffffff4d fr.pc=0x0000026122cad0d4 relative=0x0000000000001b74
Event: 28.337 Thread 0x0000026132ffa800 Uncommon trap: reason=unstable_if action=reinterpret pc=0x0000026122cad0d4 method=java.util.zip.ZipFile$Source.initCEN(ILjava/util/zip/ZipCoder;)V @ 582 c2
Event: 28.337 Thread 0x0000026132ffa800 DEOPT PACKING pc=0x0000026122cad0d4 sp=0x000000c5070f5bf0
Event: 28.337 Thread 0x0000026132ffa800 DEOPT UNPACKING pc=0x000002611b1978af sp=0x000000c5070f5bd8 mode 2
Event: 28.702 Thread 0x0000026132ffa800 DEOPT PACKING pc=0x000002611ba481da sp=0x000000c5070f4b00
Event: 28.702 Thread 0x0000026132ffa800 DEOPT UNPACKING pc=0x000002611b1976ce sp=0x000000c5070f3f88 mode 0
Event: 28.707 Thread 0x0000026132ffa800 DEOPT PACKING pc=0x000002611bc258aa sp=0x000000c5070f4b40
Event: 28.707 Thread 0x0000026132ffa800 DEOPT UNPACKING pc=0x000002611b1976ce sp=0x000000c5070f4130 mode 0

Classes redefined (0 events):
No events

Internal exceptions (20 events):
Event: 29.127 Thread 0x0000026132ffa800 Exception <a 'java/lang/NoSuchMethodError'{0x00000000825a8338}: <clinit>> (0x00000000825a8338) thrown at [./src/hotspot/share/prims/jni.cpp, line 1362]
Event: 29.128 Thread 0x0000026132ffa800 Exception <a 'java/lang/NoSuchMethodError'{0x00000000825b4a78}: <clinit>> (0x00000000825b4a78) thrown at [./src/hotspot/share/prims/jni.cpp, line 1362]
Event: 29.129 Thread 0x0000026132ffa800 Exception <a 'java/lang/NoSuchMethodError'{0x00000000825bb220}: <clinit>> (0x00000000825bb220) thrown at [./src/hotspot/share/prims/jni.cpp, line 1362]
Event: 29.132 Thread 0x0000026132ffa800 Exception <a 'java/lang/NoSuchMethodError'{0x00000000825cd558}: <clinit>> (0x00000000825cd558) thrown at [./src/hotspot/share/prims/jni.cpp, line 1362]
Event: 29.146 Thread 0x0000026132ffa800 Exception <a 'java/lang/NoSuchMethodError'{0x00000000825fc330}: <clinit>> (0x00000000825fc330) thrown at [./src/hotspot/share/prims/jni.cpp, line 1362]
Event: 29.150 Thread 0x0000026132ffa800 Exception <a 'java/lang/NoSuchMethodError'{0x0000000082407438}: <clinit>> (0x0000000082407438) thrown at [./src/hotspot/share/prims/jni.cpp, line 1362]
Event: 29.201 Thread 0x0000026132ffa800 Exception <a 'java/lang/NoSuchMethodError'{0x000000008241f120}: <clinit>> (0x000000008241f120) thrown at [./src/hotspot/share/prims/jni.cpp, line 1362]
Event: 29.205 Thread 0x0000026132ffa800 Exception <a 'java/lang/NoSuchMethodError'{0x0000000082429ed0}: <clinit>> (0x0000000082429ed0) thrown at [./src/hotspot/share/prims/jni.cpp, line 1362]
Event: 29.208 Thread 0x0000026132ffa800 Exception <a 'java/lang/NoSuchMethodError'{0x00000000824342d0}: <clinit>> (0x00000000824342d0) thrown at [./src/hotspot/share/prims/jni.cpp, line 1362]
Event: 29.220 Thread 0x0000026132ffa800 Exception <a 'java/lang/NoSuchMethodError'{0x000000008244f188}: <clinit>> (0x000000008244f188) thrown at [./src/hotspot/share/prims/jni.cpp, line 1362]
Event: 29.221 Thread 0x0000026132ffa800 Exception <a 'java/lang/NoSuchMethodError'{0x0000000082458b20}: <clinit>> (0x0000000082458b20) thrown at [./src/hotspot/share/prims/jni.cpp, line 1362]
Event: 29.222 Thread 0x0000026132ffa800 Exception <a 'java/lang/NoSuchMethodError'{0x00000000824622a0}: <clinit>> (0x00000000824622a0) thrown at [./src/hotspot/share/prims/jni.cpp, line 1362]
Event: 29.223 Thread 0x0000026132ffa800 Exception <a 'java/lang/NoSuchMethodError'{0x000000008246c088}: <clinit>> (0x000000008246c088) thrown at [./src/hotspot/share/prims/jni.cpp, line 1362]
Event: 29.241 Thread 0x0000026132ffa800 Exception <a 'java/lang/NoSuchMethodError'{0x0000000082320000}: <clinit>> (0x0000000082320000) thrown at [./src/hotspot/share/prims/jni.cpp, line 1362]
Event: 29.241 Thread 0x0000026132ffa800 Exception <a 'java/lang/NoSuchMethodError'{0x0000000082322a38}: <clinit>> (0x0000000082322a38) thrown at [./src/hotspot/share/prims/jni.cpp, line 1362]
Event: 29.241 Thread 0x0000026132ffa800 Exception <a 'java/lang/NoSuchMethodError'{0x0000000082324040}: <clinit>> (0x0000000082324040) thrown at [./src/hotspot/share/prims/jni.cpp, line 1362]
Event: 29.241 Thread 0x0000026132ffa800 Exception <a 'java/lang/NoSuchMethodError'{0x00000000823255d8}: <clinit>> (0x00000000823255d8) thrown at [./src/hotspot/share/prims/jni.cpp, line 1362]
Event: 29.241 Thread 0x0000026132ffa800 Exception <a 'java/lang/NoSuchMethodError'{0x0000000082326d38}: <clinit>> (0x0000000082326d38) thrown at [./src/hotspot/share/prims/jni.cpp, line 1362]
Event: 29.242 Thread 0x0000026132ffa800 Exception <a 'java/lang/NoSuchMethodError'{0x00000000823283d0}: <clinit>> (0x00000000823283d0) thrown at [./src/hotspot/share/prims/jni.cpp, line 1362]
Event: 29.242 Thread 0x0000026132ffa800 Exception <a 'java/lang/NoSuchMethodError'{0x0000000082329908}: <clinit>> (0x0000000082329908) thrown at [./src/hotspot/share/prims/jni.cpp, line 1362]

Events (20 events):
Event: 29.357 loading class org/gradle/api/internal/artifacts/ComponentMetadataProcessorFactory done
Event: 29.358 loading class org/gradle/api/internal/artifacts/configurations/ConfigurationContainerInternal
Event: 29.358 loading class org/gradle/api/internal/artifacts/configurations/ConfigurationContainerInternal done
Event: 29.359 loading class org/gradle/api/artifacts/ConfigurationContainer
Event: 29.359 loading class org/gradle/api/artifacts/ConfigurationContainer done
Event: 29.363 loading class org/gradle/api/internal/artifacts/RepositoriesSupplier
Event: 29.363 loading class org/gradle/api/internal/artifacts/RepositoriesSupplier done
Event: 29.364 loading class org/gradle/api/internal/artifacts/repositories/DefaultUrlArtifactRepository$Factory
Event: 29.364 loading class org/gradle/api/internal/artifacts/repositories/DefaultUrlArtifactRepository$Factory done
Event: 29.365 loading class org/gradle/api/artifacts/dsl/RepositoryHandler
Event: 29.365 loading class org/gradle/api/artifacts/dsl/RepositoryHandler done
Event: 29.367 loading class org/gradle/api/artifacts/ArtifactRepositoryContainer
Event: 29.367 loading class org/gradle/api/artifacts/ArtifactRepositoryContainer done
Event: 29.368 loading class org/gradle/api/NamedDomainObjectList
Event: 29.368 loading class org/gradle/api/NamedDomainObjectList done
Event: 29.370 loading class org/gradle/api/artifacts/dsl/DependencyLockingHandler
Event: 29.370 loading class org/gradle/api/artifacts/dsl/DependencyLockingHandler done
Event: 29.374 loading class org/gradle/api/internal/artifacts/dsl/DefaultComponentMetadataHandler
Event: 29.374 loading class org/gradle/api/internal/artifacts/dsl/DefaultComponentMetadataHandler done
Event: 29.376 Executing VM operation: G1CollectForAllocation


Dynamic libraries:
0x00007ff7e60c0000 - 0x00007ff7e60ca000 	C:\Program Files\Android\Android Studio\jre\bin\java.exe
0x00007ffd0dd70000 - 0x00007ffd0df65000 	C:\WINDOWS\SYSTEM32\ntdll.dll
0x00007ffd0daf0000 - 0x00007ffd0dbae000 	C:\WINDOWS\System32\KERNEL32.DLL
0x00007ffd0b8c0000 - 0x00007ffd0bb89000 	C:\WINDOWS\System32\KERNELBASE.dll
0x00007ffd0b730000 - 0x00007ffd0b830000 	C:\WINDOWS\System32\ucrtbase.dll
0x00007ffceb8a0000 - 0x00007ffceb8b9000 	C:\Program Files\Android\Android Studio\jre\bin\jli.dll
0x00007ffd0bdc0000 - 0x00007ffd0bf61000 	C:\WINDOWS\System32\USER32.dll
0x00007ffd0b490000 - 0x00007ffd0b4b2000 	C:\WINDOWS\System32\win32u.dll
0x00007ffd0bf70000 - 0x00007ffd0bf9b000 	C:\WINDOWS\System32\GDI32.dll
0x00007ffd0b4c0000 - 0x00007ffd0b5cb000 	C:\WINDOWS\System32\gdi32full.dll
0x00007ffd0bc40000 - 0x00007ffd0bcdd000 	C:\WINDOWS\System32\msvcp_win.dll
0x00007ffce0a60000 - 0x00007ffce0a77000 	C:\Program Files\Android\Android Studio\jre\bin\VCRUNTIME140.dll
0x00007ffcfb110000 - 0x00007ffcfb3aa000 	C:\WINDOWS\WinSxS\amd64_microsoft.windows.common-controls_6595b64144ccf1df_6.0.19041.1110_none_60b5254171f9507e\COMCTL32.dll
0x00007ffd0d590000 - 0x00007ffd0d62e000 	C:\WINDOWS\System32\msvcrt.dll
0x00007ffd0c0d0000 - 0x00007ffd0c100000 	C:\WINDOWS\System32\IMM32.DLL
0x00007ffcdf440000 - 0x00007ffcdf4dd000 	C:\Program Files\Android\Android Studio\jre\bin\msvcp140.dll
0x00007ffce1110000 - 0x00007ffce1bdf000 	C:\Program Files\Android\Android Studio\jre\bin\server\jvm.dll
0x00007ffd0d3f0000 - 0x00007ffd0d49c000 	C:\WINDOWS\System32\ADVAPI32.dll
0x00007ffd0c840000 - 0x00007ffd0c8db000 	C:\WINDOWS\System32\sechost.dll
0x00007ffd0bfa0000 - 0x00007ffd0c0ca000 	C:\WINDOWS\System32\RPCRT4.dll
0x00007ffd0cd60000 - 0x00007ffd0cd68000 	C:\WINDOWS\System32\PSAPI.DLL
0x00007ffd06fe0000 - 0x00007ffd06fe9000 	C:\WINDOWS\SYSTEM32\WSOCK32.dll
0x00007ffd0d520000 - 0x00007ffd0d58b000 	C:\WINDOWS\System32\WS2_32.dll
0x00007ffcff020000 - 0x00007ffcff047000 	C:\WINDOWS\SYSTEM32\WINMM.dll
0x00007ffd010a0000 - 0x00007ffd010aa000 	C:\WINDOWS\SYSTEM32\VERSION.dll
0x00007ffd09390000 - 0x00007ffd093a2000 	C:\WINDOWS\SYSTEM32\kernel.appcore.dll
0x00007ffd06fc0000 - 0x00007ffd06fd1000 	C:\Program Files\Android\Android Studio\jre\bin\verify.dll
0x00007ffcf6f30000 - 0x00007ffcf7114000 	C:\WINDOWS\SYSTEM32\DBGHELP.DLL
0x00007ffcf6ef0000 - 0x00007ffcf6f1c000 	C:\WINDOWS\SYSTEM32\dbgcore.DLL
0x00007ffd0bd30000 - 0x00007ffd0bdb3000 	C:\WINDOWS\System32\bcryptPrimitives.dll
0x00007ffd046c0000 - 0x00007ffd046e9000 	C:\Program Files\Android\Android Studio\jre\bin\java.dll
0x00007ffd06fb0000 - 0x00007ffd06fbb000 	C:\Program Files\Android\Android Studio\jre\bin\jimage.dll
0x00007ffd046a0000 - 0x00007ffd046b8000 	C:\Program Files\Android\Android Studio\jre\bin\zip.dll
0x00007ffd0c100000 - 0x00007ffd0c83f000 	C:\WINDOWS\System32\SHELL32.dll
0x00007ffd09590000 - 0x00007ffd09d20000 	C:\WINDOWS\SYSTEM32\windows.storage.dll
0x00007ffd0d790000 - 0x00007ffd0dae5000 	C:\WINDOWS\System32\combase.dll
0x00007ffd0aee0000 - 0x00007ffd0af0c000 	C:\WINDOWS\SYSTEM32\Wldp.dll
0x00007ffd0ced0000 - 0x00007ffd0cf7d000 	C:\WINDOWS\System32\SHCORE.dll
0x00007ffd0d730000 - 0x00007ffd0d785000 	C:\WINDOWS\System32\shlwapi.dll
0x00007ffd0b3d0000 - 0x00007ffd0b3ef000 	C:\WINDOWS\SYSTEM32\profapi.dll
0x00007ffcffa10000 - 0x00007ffcffa2a000 	C:\Program Files\Android\Android Studio\jre\bin\net.dll
0x00007ffcfe6d0000 - 0x00007ffcfe7d8000 	C:\WINDOWS\SYSTEM32\WINHTTP.dll
0x00007ffd0ac40000 - 0x00007ffd0acaa000 	C:\WINDOWS\system32\mswsock.dll
0x00007ffcf7d00000 - 0x00007ffcf7d14000 	C:\Program Files\Android\Android Studio\jre\bin\nio.dll
0x00007ffd07000000 - 0x00007ffd07027000 	C:\Program Files\Java\jdk-17.0.1\native\8bec1ad78214c89d9ad589b4d07fe93259594b29d510b10fafb7a158f7737e5d\windows-amd64\native-platform.dll
0x00007ffce2270000 - 0x00007ffce23ad000 	C:\Program Files\Java\jdk-17.0.1\native\53dbd7edfb1c66fb8903c78663c9afc45aea4f116125fa6feffd364cf09443e8\windows-amd64\native-platform-file-events.dll
0x00007ffd06fa0000 - 0x00007ffd06faa000 	C:\Program Files\Android\Android Studio\jre\bin\management.dll
0x00007ffd06f60000 - 0x00007ffd06f6c000 	C:\Program Files\Android\Android Studio\jre\bin\management_ext.dll
0x00007ffd0ae30000 - 0x00007ffd0ae48000 	C:\WINDOWS\SYSTEM32\CRYPTSP.dll
0x00007ffd0a550000 - 0x00007ffd0a584000 	C:\WINDOWS\system32\rsaenh.dll
0x00007ffd0b890000 - 0x00007ffd0b8b7000 	C:\WINDOWS\System32\bcrypt.dll
0x00007ffd0b390000 - 0x00007ffd0b3be000 	C:\WINDOWS\SYSTEM32\USERENV.dll
0x00007ffd0ae50000 - 0x00007ffd0ae5c000 	C:\WINDOWS\SYSTEM32\CRYPTBASE.dll
0x00007ffd0a8e0000 - 0x00007ffd0a91b000 	C:\WINDOWS\SYSTEM32\IPHLPAPI.DLL
0x00007ffd0d6c0000 - 0x00007ffd0d6c8000 	C:\WINDOWS\System32\NSI.dll
0x00007ffd02270000 - 0x00007ffd02287000 	C:\WINDOWS\SYSTEM32\dhcpcsvc6.DLL
0x00007ffd02210000 - 0x00007ffd0222d000 	C:\WINDOWS\SYSTEM32\dhcpcsvc.DLL
0x00007ffd0a920000 - 0x00007ffd0a9ec000 	C:\WINDOWS\SYSTEM32\DNSAPI.dll

dbghelp: loaded successfully - version: 4.0.5 - missing functions: none
symbol engine: initialized successfully - sym options: 0x614 - pdb path: .;C:\Program Files\Android\Android Studio\jre\bin;C:\WINDOWS\SYSTEM32;C:\WINDOWS\WinSxS\amd64_microsoft.windows.common-controls_6595b64144ccf1df_6.0.19041.1110_none_60b5254171f9507e;C:\Program Files\Android\Android Studio\jre\bin\server;C:\Program Files\Java\jdk-17.0.1\native\8bec1ad78214c89d9ad589b4d07fe93259594b29d510b10fafb7a158f7737e5d\windows-amd64;C:\Program Files\Java\jdk-17.0.1\native\53dbd7edfb1c66fb8903c78663c9afc45aea4f116125fa6feffd364cf09443e8\windows-amd64

VM Arguments:
jvm_args: --add-opens=java.base/java.util=ALL-UNNAMED --add-opens=java.base/java.lang=ALL-UNNAMED --add-opens=java.base/java.lang.invoke=ALL-UNNAMED --add-opens=java.base/java.util=ALL-UNNAMED --add-opens=java.prefs/java.util.prefs=ALL-UNNAMED --add-opens=java.prefs/java.util.prefs=ALL-UNNAMED --add-opens=java.base/java.nio.charset=ALL-UNNAMED --add-opens=java.base/java.net=ALL-UNNAMED --add-opens=java.base/java.util.concurrent.atomic=ALL-UNNAMED -Xmx2048m -Dfile.encoding=UTF-8 -Duser.country=US -Duser.language=en -Duser.variant 
java_command: org.gradle.launcher.daemon.bootstrap.GradleDaemon 7.0.2
java_class_path (initial): C:\Program Files\Java\jdk-17.0.1\wrapper\dists\gradle-7.0.2-bin\857tjihv64xamwrf0h14cai3r\gradle-7.0.2\lib\gradle-launcher-7.0.2.jar
Launcher Type: SUN_STANDARD

[Global flags]
     intx CICompilerCount                          = 3                                         {product} {ergonomic}
     uint ConcGCThreads                            = 1                                         {product} {ergonomic}
     uint G1ConcRefinementThreads                  = 4                                         {product} {ergonomic}
   size_t G1HeapRegionSize                         = 1048576                                   {product} {ergonomic}
    uintx GCDrainStackTargetSize                   = 64                                        {product} {ergonomic}
   size_t InitialHeapSize                          = 67108864                                  {product} {ergonomic}
   size_t MarkStackSize                            = 4194304                                   {product} {ergonomic}
   size_t MaxHeapSize                              = 2147483648                                {product} {command line}
   size_t MaxNewSize                               = 1287651328                                {product} {ergonomic}
   size_t MinHeapDeltaBytes                        = 1048576                                   {product} {ergonomic}
    uintx NonNMethodCodeHeapSize                   = 5830732                                {pd product} {ergonomic}
    uintx NonProfiledCodeHeapSize                  = 122913754                              {pd product} {ergonomic}
    uintx ProfiledCodeHeapSize                     = 122913754                              {pd product} {ergonomic}
    uintx ReservedCodeCacheSize                    = 251658240                              {pd product} {ergonomic}
     bool SegmentedCodeCache                       = true                                      {product} {ergonomic}
     bool UseCompressedClassPointers               = true                                 {lp64_product} {ergonomic}
     bool UseCompressedOops                        = true                                 {lp64_product} {ergonomic}
     bool UseG1GC                                  = true                                      {product} {ergonomic}
     bool UseLargePagesIndividualAllocation        = false                                  {pd product} {ergonomic}

Logging:
Log output configuration:
 #0: stdout all=warning uptime,level,tags
 #1: stderr all=off uptime,level,tags

Environment Variables:
PATH=C:\Program Files\Common Files\Oracle\Java\javapath;C:\WINDOWS\system32;C:\WINDOWS;C:\WINDOWS\System32\Wbem;C:\WINDOWS\System32\WindowsPowerShell\v1.0\;C:\WINDOWS\System32\OpenSSH\;C:\Program Files\dotnet\;C:\Program Files\Microsoft SQL Server\130\Tools\Binn\;C:\Program Files\Microsoft SQL Server\Client SDK\ODBC\170\Tools\Binn\;C:\Program Files (x86)\dotnet\;C:\Program Files\Git\cmd;C:\Users\MinhNgan\AppData\Local\Microsoft\WindowsApps
USERNAME=MinhNgan
OS=Windows_NT
PROCESSOR_IDENTIFIER=Intel64 Family 6 Model 69 Stepping 1, GenuineIntel



---------------  S Y S T E M  ---------------

OS: Windows 10 , 64 bit Build 19041 (10.0.19041.1202)
OS uptime: 0 days 0:21 hours

CPU:total 4 (initial active 4) (2 cores per cpu, 2 threads per core) family 6 model 69 stepping 1 microcode 0x25, cmov, cx8, fxsr, mmx, sse, sse2, sse3, ssse3, sse4.1, sse4.2, popcnt, avx, avx2, aes, clmul, erms, lzcnt, ht, tsc, tscinvbit, bmi1, bmi2, fma

Memory: 4k page, system-wide physical 3979M (82M free)
TotalPageFile size 6979M (AvailPageFile size 2M)
current process WorkingSet (physical memory assigned to process): 136M, peak: 136M
current process commit charge ("private bytes"): 204M, peak: 205M

vm_info: OpenJDK 64-Bit Server VM (11.0.10+0-b96-7249189) for windows-amd64 JRE (11.0.10+0-b96-7249189), built on Mar 31 2021 21:44:00 by "builder" with MS VC++ 14.0 (VS2015)

END.
