#
# There is insufficient memory for the Java Runtime Environment to continue.
# Native memory allocation (malloc) failed to allocate 159536 bytes for Chunk::new
# Possible reasons:
#   The system is out of physical RAM or swap space
#   The process is running with CompressedOops enabled, and the Java Heap may be blocking the growth of the native heap
# Possible solutions:
#   Reduce memory load on the system
#   Increase physical memory or swap space
#   Check if swap backing store is full
#   Decrease Java heap size (-Xmx/-Xms)
#   Decrease number of Java threads
#   Decrease Java thread stack sizes (-Xss)
#   Set larger code cache with -XX:ReservedCodeCacheSize=
#   JVM is running with Unscaled Compressed Oops mode in which the Java heap is
#     placed in the first 4GB address space. The Java Heap base address is the
#     maximum limit for the native heap growth. Please use -XX:HeapBaseMinAddress
#     to set the Java Heap base and to place the Java Heap above 4GB virtual address.
# This output file may be truncated or incomplete.
#
#  Out of Memory Error (./src/hotspot/share/memory/arena.cpp:197), pid=896, tid=3852
#
# JRE version: OpenJDK Runtime Environment (11.0.10) (build 11.0.10+0-b96-7249189)
# Java VM: OpenJDK 64-Bit Server VM (11.0.10+0-b96-7249189, mixed mode, tiered, compressed oops, g1 gc, windows-amd64)
# No core dump will be written. Minidumps are not enabled by default on client versions of Windows
#

---------------  S U M M A R Y ------------

Command Line: --add-opens=java.base/java.util=ALL-UNNAMED --add-opens=java.base/java.lang=ALL-UNNAMED --add-opens=java.base/java.lang.invoke=ALL-UNNAMED --add-opens=java.base/java.util=ALL-UNNAMED --add-opens=java.prefs/java.util.prefs=ALL-UNNAMED --add-opens=java.prefs/java.util.prefs=ALL-UNNAMED --add-opens=java.base/java.nio.charset=ALL-UNNAMED --add-opens=java.base/java.net=ALL-UNNAMED --add-opens=java.base/java.util.concurrent.atomic=ALL-UNNAMED -Xmx2048m -Dfile.encoding=UTF-8 -Duser.country=US -Duser.language=en -Duser.variant org.gradle.launcher.daemon.bootstrap.GradleDaemon 7.0.2

Host: Intel(R) Core(TM) i5-4210U CPU @ 1.70GHz, 4 cores, 3G,  Windows 10 , 64 bit Build 19041 (10.0.19041.1202)
Time: Sat Nov 13 09:51:34 2021 SE Asia Standard Time elapsed time: 1292.035494 seconds (0d 0h 21m 32s)

---------------  T H R E A D  ---------------

Current thread (0x00000242f34cf000):  JavaThread "C2 CompilerThread0" daemon [_thread_in_native, id=3852, stack(0x0000005d13700000,0x0000005d13800000)]


Current CompileTask:
C2:1292035 13165       4       sun.security.provider.DigestBase::engineUpdate (189 bytes)

Stack: [0x0000005d13700000,0x0000005d13800000]
Native frames: (J=compiled Java code, j=interpreted, Vv=VM code, C=native code)
V  [jvm.dll+0x5ecfaa]
V  [jvm.dll+0x722bd5]
V  [jvm.dll+0x72412d]
V  [jvm.dll+0x7247e3]
V  [jvm.dll+0x242928]
V  [jvm.dll+0xbc4fc]
V  [jvm.dll+0xbca0c]
V  [jvm.dll+0x2b4fd4]
V  [jvm.dll+0x506028]
V  [jvm.dll+0x203253]
V  [jvm.dll+0x1fd07c]
V  [jvm.dll+0x1fa77f]
V  [jvm.dll+0x18354c]
V  [jvm.dll+0x208ee7]
V  [jvm.dll+0x207731]
V  [jvm.dll+0x6eb1cf]
V  [jvm.dll+0x6e3d45]
V  [jvm.dll+0x5ebe96]
C  [ucrtbase.dll+0x21bb2]
C  [KERNEL32.DLL+0x17034]
C  [ntdll.dll+0x52651]


---------------  P R O C E S S  ---------------

Threads class SMR info:
_java_thread_list=0x00000242f64a9970, length=33, elements={
0x00000242d795b800, 0x00000242f3468800, 0x00000242f346c000, 0x00000242f34c5800,
0x00000242f34c6800, 0x00000242f34c8800, 0x00000242f34cf000, 0x00000242f34dc000,
0x00000242f34dd800, 0x00000242f3f2c800, 0x00000242f59bc000, 0x00000242f4012000,
0x00000242f66ea000, 0x00000242f6a7a000, 0x00000242f6a7c000, 0x00000242f6a79000,
0x00000242f6a7a800, 0x00000242f6a7b800, 0x00000242f6a78000, 0x00000242f6a7e800,
0x00000242f7514800, 0x00000242f7513800, 0x00000242f7512000, 0x00000242f7511000,
0x00000242f751b800, 0x0000024280706000, 0x0000024280706800, 0x0000024280704000,
0x0000024280702000, 0x0000024280705000, 0x0000024280708800, 0x0000024280707800,
0x0000024280702800
}

Java Threads: ( => current thread )
  0x00000242d795b800 JavaThread "main" [_thread_blocked, id=2060, stack(0x0000005d12b00000,0x0000005d12c00000)]
  0x00000242f3468800 JavaThread "Reference Handler" daemon [_thread_blocked, id=6972, stack(0x0000005d13200000,0x0000005d13300000)]
  0x00000242f346c000 JavaThread "Finalizer" daemon [_thread_blocked, id=7468, stack(0x0000005d13300000,0x0000005d13400000)]
  0x00000242f34c5800 JavaThread "Signal Dispatcher" daemon [_thread_blocked, id=4108, stack(0x0000005d13400000,0x0000005d13500000)]
  0x00000242f34c6800 JavaThread "Attach Listener" daemon [_thread_blocked, id=2504, stack(0x0000005d13500000,0x0000005d13600000)]
  0x00000242f34c8800 JavaThread "Service Thread" daemon [_thread_blocked, id=10000, stack(0x0000005d13600000,0x0000005d13700000)]
=>0x00000242f34cf000 JavaThread "C2 CompilerThread0" daemon [_thread_in_native, id=3852, stack(0x0000005d13700000,0x0000005d13800000)]
  0x00000242f34dc000 JavaThread "C1 CompilerThread0" daemon [_thread_blocked, id=4996, stack(0x0000005d13800000,0x0000005d13900000)]
  0x00000242f34dd800 JavaThread "Sweeper thread" daemon [_thread_blocked, id=8776, stack(0x0000005d13900000,0x0000005d13a00000)]
  0x00000242f3f2c800 JavaThread "Common-Cleaner" daemon [_thread_blocked, id=9400, stack(0x0000005d13a00000,0x0000005d13b00000)]
  0x00000242f59bc000 JavaThread "Daemon health stats" [_thread_blocked, id=4500, stack(0x0000005d13e00000,0x0000005d13f00000)]
  0x00000242f4012000 JavaThread "Incoming local TCP Connector on port 49707" [_thread_in_native, id=5176, stack(0x0000005d13c00000,0x0000005d13d00000)]
  0x00000242f66ea000 JavaThread "Daemon periodic checks" [_thread_blocked, id=1956, stack(0x0000005d14300000,0x0000005d14400000)]
  0x00000242f6a7a000 JavaThread "Cache worker for file hash cache (C:\Program Files\Java\jdk-17.0.1\caches\7.0.2\fileHashes)" [_thread_blocked, id=5860, stack(0x0000005d14100000,0x0000005d14200000)]
  0x00000242f6a7c000 JavaThread "File lock request listener" [_thread_in_native, id=1608, stack(0x0000005d14a00000,0x0000005d14b00000)]
  0x00000242f6a79000 JavaThread "Cache worker for journal cache (C:\Program Files\Java\jdk-17.0.1\caches\journal-1)" [_thread_blocked, id=9972, stack(0x0000005d14b00000,0x0000005d14c00000)]
  0x00000242f6a7a800 JavaThread "File watcher server" daemon [_thread_in_native, id=8704, stack(0x0000005d14e00000,0x0000005d14f00000)]
  0x00000242f6a7b800 JavaThread "File watcher consumer" daemon [_thread_blocked, id=10040, stack(0x0000005d14f00000,0x0000005d15000000)]
  0x00000242f6a78000 JavaThread "jar transforms" [_thread_blocked, id=1888, stack(0x0000005d15000000,0x0000005d15100000)]
  0x00000242f6a7e800 JavaThread "jar transforms Thread 2" [_thread_blocked, id=7108, stack(0x0000005d15100000,0x0000005d15200000)]
  0x00000242f7514800 JavaThread "jar transforms Thread 3" [_thread_blocked, id=1308, stack(0x0000005d15200000,0x0000005d15300000)]
  0x00000242f7513800 JavaThread "jar transforms Thread 4" [_thread_blocked, id=1492, stack(0x0000005d15300000,0x0000005d15400000)]
  0x00000242f7512000 JavaThread "Cache worker for execution history cache (C:\Program Files\Java\jdk-17.0.1\caches\7.0.2\executionHistory)" [_thread_blocked, id=4616, stack(0x0000005d15700000,0x0000005d15800000)]
  0x00000242f7511000 JavaThread "Cache worker for file content cache (C:\Program Files\Java\jdk-17.0.1\caches\7.0.2\fileContent)" [_thread_blocked, id=4220, stack(0x0000005d15800000,0x0000005d15900000)]
  0x00000242f751b800 JavaThread "Memory manager" [_thread_blocked, id=6496, stack(0x0000005d15f00000,0x0000005d16000000)]
  0x0000024280706000 JavaThread "Daemon Thread 2" [_thread_blocked, id=8652, stack(0x0000005d12800000,0x0000005d12900000)]
  0x0000024280706800 JavaThread "Handler for socket connection from /127.0.0.1:49707 to /127.0.0.1:58785" [_thread_in_native, id=5676, stack(0x0000005d12900000,0x0000005d12a00000)]
  0x0000024280704000 JavaThread "Cancel handler" [_thread_blocked, id=7308, stack(0x0000005d12a00000,0x0000005d12b00000)]
  0x0000024280702000 JavaThread "Daemon worker Thread 2" [_thread_in_Java, id=2520, stack(0x0000005d14200000,0x0000005d14300000)]
  0x0000024280705000 JavaThread "Asynchronous log dispatcher for DefaultDaemonConnection: socket connection from /127.0.0.1:49707 to /127.0.0.1:58785" [_thread_blocked, id=6808, stack(0x0000005d14400000,0x0000005d14500000)]
  0x0000024280708800 JavaThread "Stdin handler" [_thread_blocked, id=6816, stack(0x0000005d14500000,0x0000005d14600000)]
  0x0000024280707800 JavaThread "Daemon client event forwarder" [_thread_blocked, id=7500, stack(0x0000005d14600000,0x0000005d14700000)]
  0x0000024280702800 JavaThread "Cache worker for file hash cache (C:\Users\MinhNgan\AndroidStudioProjects\Android_hepat\.gradle\7.0.2\fileHashes)" [_thread_blocked, id=4472, stack(0x0000005d14700000,0x0000005d14800000)]

Other Threads:
  0x00000242f3462000 VMThread "VM Thread" [stack: 0x0000005d13100000,0x0000005d13200000] [id=8520]
  0x00000242f3f36000 WatcherThread [stack: 0x0000005d13b00000,0x0000005d13c00000] [id=5080]
  0x00000242d7974800 GCTaskThread "GC Thread#0" [stack: 0x0000005d12c00000,0x0000005d12d00000] [id=1316]
  0x00000242f442f000 GCTaskThread "GC Thread#1" [stack: 0x0000005d13d00000,0x0000005d13e00000] [id=4636]
  0x00000242f656c800 GCTaskThread "GC Thread#2" [stack: 0x0000005d13f00000,0x0000005d14000000] [id=2944]
  0x00000242f5ef2000 GCTaskThread "GC Thread#3" [stack: 0x0000005d14000000,0x0000005d14100000] [id=220]
  0x00000242d79a4000 ConcurrentGCThread "G1 Main Marker" [stack: 0x0000005d12d00000,0x0000005d12e00000] [id=5404]
  0x00000242d79a5000 ConcurrentGCThread "G1 Conc#0" [stack: 0x0000005d12e00000,0x0000005d12f00000] [id=4980]
  0x00000242d7a00000 ConcurrentGCThread "G1 Refine#0" [stack: 0x0000005d12f00000,0x0000005d13000000] [id=4160]
  0x00000242d7a01000 ConcurrentGCThread "G1 Young RemSet Sampling" [stack: 0x0000005d13000000,0x0000005d13100000] [id=6116]

Threads with active compile tasks:
C2 CompilerThread01292191 13165       4       sun.security.provider.DigestBase::engineUpdate (189 bytes)

VM state:not at safepoint (normal execution)

VM Mutex/Monitor currently owned by a thread: None

Heap address: 0x0000000080000000, size: 2048 MB, Compressed Oops mode: 32-bit
Narrow klass base: 0x0000000000000000, Narrow klass shift: 3
Compressed class space size: 1073741824 Address: 0x0000000100000000

Heap:
 garbage-first heap   total 242688K, used 186646K [0x0000000080000000, 0x0000000100000000)
  region size 1024K, 81 young (82944K), 9 survivors (9216K)
 Metaspace       used 106926K, capacity 110024K, committed 110208K, reserved 1144832K
  class space    used 13761K, capacity 14853K, committed 14976K, reserved 1048576K
Heap Regions: E=young(eden), S=young(survivor), O=old, HS=humongous(starts), HC=humongous(continues), CS=collection set, F=free, A=archive, TAMS=top-at-mark-start (previous, next)
|   0|0x0000000080000000, 0x0000000080100000, 0x0000000080100000|100%|HS|  |TAMS 0x0000000080100000, 0x0000000080000000| Complete 
|   1|0x0000000080100000, 0x0000000080200000, 0x0000000080200000|100%|HC|  |TAMS 0x0000000080200000, 0x0000000080100000| Complete 
|   2|0x0000000080200000, 0x0000000080300000, 0x0000000080300000|100%|HC|  |TAMS 0x0000000080300000, 0x0000000080200000| Complete 
|   3|0x0000000080300000, 0x0000000080400000, 0x0000000080400000|100%| O|  |TAMS 0x0000000080400000, 0x0000000080300000| Untracked 
|   4|0x0000000080400000, 0x0000000080500000, 0x0000000080500000|100%| O|  |TAMS 0x0000000080500000, 0x0000000080400000| Untracked 
|   5|0x0000000080500000, 0x0000000080600000, 0x0000000080600000|100%| O|  |TAMS 0x0000000080600000, 0x0000000080500000| Untracked 
|   6|0x0000000080600000, 0x0000000080700000, 0x0000000080700000|100%| O|  |TAMS 0x0000000080700000, 0x0000000080600000| Untracked 
|   7|0x0000000080700000, 0x0000000080800000, 0x0000000080800000|100%| O|  |TAMS 0x0000000080800000, 0x0000000080700000| Untracked 
|   8|0x0000000080800000, 0x0000000080900000, 0x0000000080900000|100%| O|  |TAMS 0x0000000080900000, 0x0000000080800000| Untracked 
|   9|0x0000000080900000, 0x0000000080a00000, 0x0000000080a00000|100%| O|  |TAMS 0x0000000080a00000, 0x0000000080900000| Untracked 
|  10|0x0000000080a00000, 0x0000000080b00000, 0x0000000080b00000|100%| O|  |TAMS 0x0000000080b00000, 0x0000000080a00000| Untracked 
|  11|0x0000000080b00000, 0x0000000080c00000, 0x0000000080c00000|100%| O|  |TAMS 0x0000000080c00000, 0x0000000080b00000| Untracked 
|  12|0x0000000080c00000, 0x0000000080d00000, 0x0000000080d00000|100%| O|  |TAMS 0x0000000080d00000, 0x0000000080c00000| Untracked 
|  13|0x0000000080d00000, 0x0000000080e00000, 0x0000000080e00000|100%| O|  |TAMS 0x0000000080e00000, 0x0000000080d00000| Untracked 
|  14|0x0000000080e00000, 0x0000000080f00000, 0x0000000080f00000|100%| O|  |TAMS 0x0000000080f00000, 0x0000000080e00000| Untracked 
|  15|0x0000000080f00000, 0x0000000081000000, 0x0000000081000000|100%|HS|  |TAMS 0x0000000081000000, 0x0000000080f00000| Complete 
|  16|0x0000000081000000, 0x0000000081100000, 0x0000000081100000|100%|HC|  |TAMS 0x0000000081100000, 0x0000000081000000| Complete 
|  17|0x0000000081100000, 0x0000000081200000, 0x0000000081200000|100%|HS|  |TAMS 0x0000000081200000, 0x0000000081100000| Complete 
|  18|0x0000000081200000, 0x0000000081300000, 0x0000000081300000|100%|HC|  |TAMS 0x0000000081300000, 0x0000000081200000| Complete 
|  19|0x0000000081300000, 0x0000000081400000, 0x0000000081400000|100%|HC|  |TAMS 0x0000000081400000, 0x0000000081300000| Complete 
|  20|0x0000000081400000, 0x0000000081500000, 0x0000000081500000|100%|HS|  |TAMS 0x0000000081500000, 0x0000000081400000| Complete 
|  21|0x0000000081500000, 0x0000000081600000, 0x0000000081600000|100%|HC|  |TAMS 0x0000000081600000, 0x0000000081500000| Complete 
|  22|0x0000000081600000, 0x0000000081700000, 0x0000000081700000|100%|HC|  |TAMS 0x0000000081700000, 0x0000000081600000| Complete 
|  23|0x0000000081700000, 0x0000000081800000, 0x0000000081800000|100%|HC|  |TAMS 0x0000000081800000, 0x0000000081700000| Complete 
|  24|0x0000000081800000, 0x0000000081900000, 0x0000000081900000|100%|HC|  |TAMS 0x0000000081900000, 0x0000000081800000| Complete 
|  25|0x0000000081900000, 0x0000000081a00000, 0x0000000081a00000|100%| O|  |TAMS 0x0000000081a00000, 0x0000000081900000| Untracked 
|  26|0x0000000081a00000, 0x0000000081b00000, 0x0000000081b00000|100%| O|  |TAMS 0x0000000081b00000, 0x0000000081a00000| Untracked 
|  27|0x0000000081b00000, 0x0000000081c00000, 0x0000000081c00000|100%| O|  |TAMS 0x0000000081c00000, 0x0000000081b00000| Untracked 
|  28|0x0000000081c00000, 0x0000000081d00000, 0x0000000081d00000|100%| O|  |TAMS 0x0000000081d00000, 0x0000000081c00000| Untracked 
|  29|0x0000000081d00000, 0x0000000081e00000, 0x0000000081e00000|100%| O|  |TAMS 0x0000000081e00000, 0x0000000081d00000| Untracked 
|  30|0x0000000081e00000, 0x0000000081f00000, 0x0000000081f00000|100%| O|  |TAMS 0x0000000081f00000, 0x0000000081e00000| Untracked 
|  31|0x0000000081f00000, 0x0000000082000000, 0x0000000082000000|100%| O|  |TAMS 0x0000000082000000, 0x0000000081f00000| Untracked 
|  32|0x0000000082000000, 0x0000000082100000, 0x0000000082100000|100%| O|  |TAMS 0x0000000082100000, 0x0000000082000000| Untracked 
|  33|0x0000000082100000, 0x0000000082200000, 0x0000000082200000|100%| O|  |TAMS 0x0000000082200000, 0x0000000082100000| Untracked 
|  34|0x0000000082200000, 0x0000000082300000, 0x0000000082300000|100%| O|  |TAMS 0x0000000082300000, 0x0000000082200000| Untracked 
|  35|0x0000000082300000, 0x0000000082400000, 0x0000000082400000|100%| O|  |TAMS 0x0000000082400000, 0x0000000082300000| Untracked 
|  36|0x0000000082400000, 0x0000000082500000, 0x0000000082500000|100%| O|  |TAMS 0x0000000082500000, 0x0000000082400000| Untracked 
|  37|0x0000000082500000, 0x0000000082600000, 0x0000000082600000|100%| O|  |TAMS 0x0000000082600000, 0x0000000082500000| Untracked 
|  38|0x0000000082600000, 0x0000000082700000, 0x0000000082700000|100%| O|  |TAMS 0x0000000082700000, 0x0000000082600000| Untracked 
|  39|0x0000000082700000, 0x0000000082800000, 0x0000000082800000|100%| O|  |TAMS 0x0000000082800000, 0x0000000082700000| Untracked 
|  40|0x0000000082800000, 0x0000000082900000, 0x0000000082900000|100%|HS|  |TAMS 0x0000000082900000, 0x0000000082800000| Complete 
|  41|0x0000000082900000, 0x0000000082a00000, 0x0000000082a00000|100%|HC|  |TAMS 0x0000000082a00000, 0x0000000082900000| Complete 
|  42|0x0000000082a00000, 0x0000000082b00000, 0x0000000082b00000|100%|HC|  |TAMS 0x0000000082b00000, 0x0000000082a00000| Complete 
|  43|0x0000000082b00000, 0x0000000082c00000, 0x0000000082c00000|100%|HC|  |TAMS 0x0000000082c00000, 0x0000000082b00000| Complete 
|  44|0x0000000082c00000, 0x0000000082d00000, 0x0000000082d00000|100%|HC|  |TAMS 0x0000000082d00000, 0x0000000082c00000| Complete 
|  45|0x0000000082d00000, 0x0000000082e00000, 0x0000000082e00000|100%| O|  |TAMS 0x0000000082e00000, 0x0000000082d00000| Untracked 
|  46|0x0000000082e00000, 0x0000000082f00000, 0x0000000082f00000|100%|HS|  |TAMS 0x0000000082f00000, 0x0000000082e00000| Complete 
|  47|0x0000000082f00000, 0x0000000083000000, 0x0000000083000000|100%|HC|  |TAMS 0x0000000083000000, 0x0000000082f00000| Complete 
|  48|0x0000000083000000, 0x0000000083100000, 0x0000000083100000|100%|HC|  |TAMS 0x0000000083100000, 0x0000000083000000| Complete 
|  49|0x0000000083100000, 0x0000000083200000, 0x0000000083200000|100%| O|  |TAMS 0x0000000083200000, 0x0000000083100000| Untracked 
|  50|0x0000000083200000, 0x0000000083300000, 0x0000000083300000|100%| O|  |TAMS 0x0000000083300000, 0x0000000083200000| Untracked 
|  51|0x0000000083300000, 0x0000000083400000, 0x0000000083400000|100%| O|  |TAMS 0x0000000083400000, 0x0000000083300000| Untracked 
|  52|0x0000000083400000, 0x0000000083500000, 0x0000000083500000|100%| O|  |TAMS 0x0000000083500000, 0x0000000083400000| Untracked 
|  53|0x0000000083500000, 0x0000000083600000, 0x0000000083600000|100%| O|  |TAMS 0x0000000083600000, 0x0000000083500000| Untracked 
|  54|0x0000000083600000, 0x0000000083700000, 0x0000000083700000|100%| O|  |TAMS 0x0000000083700000, 0x0000000083600000| Untracked 
|  55|0x0000000083700000, 0x0000000083800000, 0x0000000083800000|100%|HS|  |TAMS 0x0000000083800000, 0x0000000083700000| Complete 
|  56|0x0000000083800000, 0x0000000083900000, 0x0000000083900000|100%|HS|  |TAMS 0x0000000083900000, 0x0000000083800000| Complete 
|  57|0x0000000083900000, 0x0000000083a00000, 0x0000000083a00000|100%|HS|  |TAMS 0x0000000083a00000, 0x0000000083900000| Complete 
|  58|0x0000000083a00000, 0x0000000083b00000, 0x0000000083b00000|100%|HC|  |TAMS 0x0000000083b00000, 0x0000000083a00000| Complete 
|  59|0x0000000083b00000, 0x0000000083c00000, 0x0000000083c00000|100%| O|  |TAMS 0x0000000083c00000, 0x0000000083b00000| Untracked 
|  60|0x0000000083c00000, 0x0000000083d00000, 0x0000000083d00000|100%| O|  |TAMS 0x0000000083d00000, 0x0000000083c00000| Untracked 
|  61|0x0000000083d00000, 0x0000000083e00000, 0x0000000083e00000|100%| O|  |TAMS 0x0000000083e00000, 0x0000000083d00000| Untracked 
|  62|0x0000000083e00000, 0x0000000083f00000, 0x0000000083f00000|100%| O|  |TAMS 0x0000000083f00000, 0x0000000083e00000| Untracked 
|  63|0x0000000083f00000, 0x0000000084000000, 0x0000000084000000|100%| O|  |TAMS 0x0000000084000000, 0x0000000083f00000| Untracked 
|  64|0x0000000084000000, 0x0000000084100000, 0x0000000084100000|100%| O|  |TAMS 0x0000000084100000, 0x0000000084000000| Untracked 
|  65|0x0000000084100000, 0x0000000084200000, 0x0000000084200000|100%| O|  |TAMS 0x0000000084200000, 0x0000000084100000| Untracked 
|  66|0x0000000084200000, 0x0000000084300000, 0x0000000084300000|100%| O|  |TAMS 0x0000000084300000, 0x0000000084200000| Untracked 
|  67|0x0000000084300000, 0x0000000084400000, 0x0000000084400000|100%| O|  |TAMS 0x0000000084400000, 0x0000000084300000| Untracked 
|  68|0x0000000084400000, 0x0000000084500000, 0x0000000084500000|100%| O|  |TAMS 0x0000000084500000, 0x0000000084400000| Untracked 
|  69|0x0000000084500000, 0x0000000084600000, 0x0000000084600000|100%| O|  |TAMS 0x0000000084600000, 0x0000000084500000| Untracked 
|  70|0x0000000084600000, 0x0000000084700000, 0x0000000084700000|100%| O|  |TAMS 0x0000000084700000, 0x0000000084600000| Untracked 
|  71|0x0000000084700000, 0x0000000084800000, 0x0000000084800000|100%| O|  |TAMS 0x0000000084800000, 0x0000000084700000| Untracked 
|  72|0x0000000084800000, 0x0000000084900000, 0x0000000084900000|100%| O|  |TAMS 0x0000000084900000, 0x0000000084800000| Untracked 
|  73|0x0000000084900000, 0x0000000084a00000, 0x0000000084a00000|100%| O|  |TAMS 0x0000000084a00000, 0x0000000084900000| Untracked 
|  74|0x0000000084a00000, 0x0000000084b00000, 0x0000000084b00000|100%| O|  |TAMS 0x0000000084b00000, 0x0000000084a00000| Untracked 
|  75|0x0000000084b00000, 0x0000000084c00000, 0x0000000084c00000|100%| O|  |TAMS 0x0000000084c00000, 0x0000000084b00000| Untracked 
|  76|0x0000000084c00000, 0x0000000084d00000, 0x0000000084d00000|100%| O|  |TAMS 0x0000000084d00000, 0x0000000084c00000| Untracked 
|  77|0x0000000084d00000, 0x0000000084e00000, 0x0000000084e00000|100%| O|  |TAMS 0x0000000084e00000, 0x0000000084d00000| Untracked 
|  78|0x0000000084e00000, 0x0000000084f00000, 0x0000000084f00000|100%| O|  |TAMS 0x0000000084f00000, 0x0000000084e00000| Untracked 
|  79|0x0000000084f00000, 0x0000000085000000, 0x0000000085000000|100%| O|  |TAMS 0x0000000085000000, 0x0000000084f00000| Untracked 
|  80|0x0000000085000000, 0x0000000085100000, 0x0000000085100000|100%| O|  |TAMS 0x0000000085100000, 0x0000000085000000| Untracked 
|  81|0x0000000085100000, 0x0000000085200000, 0x0000000085200000|100%| O|  |TAMS 0x0000000085200000, 0x0000000085100000| Untracked 
|  82|0x0000000085200000, 0x0000000085300000, 0x0000000085300000|100%| O|  |TAMS 0x0000000085300000, 0x0000000085200000| Untracked 
|  83|0x0000000085300000, 0x0000000085400000, 0x0000000085400000|100%| O|  |TAMS 0x0000000085400000, 0x0000000085300000| Untracked 
|  84|0x0000000085400000, 0x0000000085500000, 0x0000000085500000|100%| O|  |TAMS 0x0000000085500000, 0x0000000085400000| Untracked 
|  85|0x0000000085500000, 0x0000000085600000, 0x0000000085600000|100%| O|  |TAMS 0x0000000085600000, 0x0000000085500000| Untracked 
|  86|0x0000000085600000, 0x0000000085700000, 0x0000000085700000|100%| O|  |TAMS 0x0000000085700000, 0x0000000085600000| Untracked 
|  87|0x0000000085700000, 0x0000000085800000, 0x0000000085800000|100%| O|  |TAMS 0x0000000085800000, 0x0000000085700000| Untracked 
|  88|0x0000000085800000, 0x0000000085900000, 0x0000000085900000|100%| O|  |TAMS 0x0000000085900000, 0x0000000085800000| Untracked 
|  89|0x0000000085900000, 0x0000000085a00000, 0x0000000085a00000|100%| O|  |TAMS 0x0000000085a00000, 0x0000000085900000| Untracked 
|  90|0x0000000085a00000, 0x0000000085b00000, 0x0000000085b00000|100%| O|  |TAMS 0x0000000085b00000, 0x0000000085a00000| Untracked 
|  91|0x0000000085b00000, 0x0000000085c00000, 0x0000000085c00000|100%| O|  |TAMS 0x0000000085c00000, 0x0000000085b00000| Untracked 
|  92|0x0000000085c00000, 0x0000000085d00000, 0x0000000085d00000|100%| O|  |TAMS 0x0000000085d00000, 0x0000000085c00000| Untracked 
|  93|0x0000000085d00000, 0x0000000085e00000, 0x0000000085e00000|100%| O|  |TAMS 0x0000000085e00000, 0x0000000085d00000| Untracked 
|  94|0x0000000085e00000, 0x0000000085f00000, 0x0000000085f00000|100%| O|  |TAMS 0x0000000085e7ea00, 0x0000000085e00000| Untracked 
|  95|0x0000000085f00000, 0x0000000086000000, 0x0000000086000000|100%| O|  |TAMS 0x0000000085f00000, 0x0000000085f00000| Untracked 
|  96|0x0000000086000000, 0x0000000086100000, 0x0000000086100000|100%| O|  |TAMS 0x0000000086000000, 0x0000000086000000| Untracked 
|  97|0x0000000086100000, 0x0000000086200000, 0x0000000086200000|100%| O|  |TAMS 0x0000000086100000, 0x0000000086100000| Untracked 
|  98|0x0000000086200000, 0x0000000086300000, 0x0000000086300000|100%| O|  |TAMS 0x0000000086200000, 0x0000000086200000| Untracked 
|  99|0x0000000086300000, 0x0000000086400000, 0x0000000086400000|100%| O|  |TAMS 0x0000000086300000, 0x0000000086300000| Untracked 
| 100|0x0000000086400000, 0x0000000086500000, 0x0000000086500000|100%| O|  |TAMS 0x0000000086400000, 0x0000000086400000| Untracked 
| 101|0x0000000086500000, 0x0000000086600000, 0x0000000086600000|100%| O|  |TAMS 0x0000000086500000, 0x0000000086500000| Untracked 
| 102|0x0000000086600000, 0x0000000086687600, 0x0000000086700000| 52%| O|  |TAMS 0x0000000086600000, 0x0000000086600000| Untracked 
| 103|0x0000000086700000, 0x0000000086700000, 0x0000000086800000|  0%| F|  |TAMS 0x0000000086700000, 0x0000000086700000| Untracked 
| 104|0x0000000086800000, 0x0000000086800000, 0x0000000086900000|  0%| F|  |TAMS 0x0000000086800000, 0x0000000086800000| Untracked 
| 105|0x0000000086900000, 0x0000000086900000, 0x0000000086a00000|  0%| F|  |TAMS 0x0000000086900000, 0x0000000086900000| Untracked 
| 106|0x0000000086a00000, 0x0000000086a00000, 0x0000000086b00000|  0%| F|  |TAMS 0x0000000086a00000, 0x0000000086a00000| Untracked 
| 107|0x0000000086b00000, 0x0000000086b00000, 0x0000000086c00000|  0%| F|  |TAMS 0x0000000086b00000, 0x0000000086b00000| Untracked 
| 108|0x0000000086c00000, 0x0000000086c00000, 0x0000000086d00000|  0%| F|  |TAMS 0x0000000086c00000, 0x0000000086c00000| Untracked 
| 109|0x0000000086d00000, 0x0000000086d00000, 0x0000000086e00000|  0%| F|  |TAMS 0x0000000086d00000, 0x0000000086d00000| Untracked 
| 110|0x0000000086e00000, 0x0000000086e00000, 0x0000000086f00000|  0%| F|  |TAMS 0x0000000086e00000, 0x0000000086e00000| Untracked 
| 111|0x0000000086f00000, 0x0000000086f00000, 0x0000000087000000|  0%| F|  |TAMS 0x0000000086f00000, 0x0000000086f00000| Untracked 
| 112|0x0000000087000000, 0x0000000087000000, 0x0000000087100000|  0%| F|  |TAMS 0x0000000087000000, 0x0000000087000000| Untracked 
| 113|0x0000000087100000, 0x0000000087100000, 0x0000000087200000|  0%| F|  |TAMS 0x0000000087100000, 0x0000000087100000| Untracked 
| 114|0x0000000087200000, 0x0000000087200000, 0x0000000087300000|  0%| F|  |TAMS 0x0000000087200000, 0x0000000087200000| Untracked 
| 115|0x0000000087300000, 0x0000000087300000, 0x0000000087400000|  0%| F|  |TAMS 0x0000000087300000, 0x0000000087300000| Untracked 
| 116|0x0000000087400000, 0x0000000087400000, 0x0000000087500000|  0%| F|  |TAMS 0x0000000087400000, 0x0000000087400000| Untracked 
| 117|0x0000000087500000, 0x0000000087500000, 0x0000000087600000|  0%| F|  |TAMS 0x0000000087500000, 0x0000000087500000| Untracked 
| 118|0x0000000087600000, 0x0000000087600000, 0x0000000087700000|  0%| F|  |TAMS 0x0000000087600000, 0x0000000087600000| Untracked 
| 119|0x0000000087700000, 0x0000000087700000, 0x0000000087800000|  0%| F|  |TAMS 0x0000000087700000, 0x0000000087700000| Untracked 
| 120|0x0000000087800000, 0x0000000087800000, 0x0000000087900000|  0%| F|  |TAMS 0x0000000087800000, 0x0000000087800000| Untracked 
| 121|0x0000000087900000, 0x0000000087900000, 0x0000000087a00000|  0%| F|  |TAMS 0x0000000087900000, 0x0000000087900000| Untracked 
| 122|0x0000000087a00000, 0x0000000087a00000, 0x0000000087b00000|  0%| F|  |TAMS 0x0000000087a00000, 0x0000000087a00000| Untracked 
| 123|0x0000000087b00000, 0x0000000087b00000, 0x0000000087c00000|  0%| F|  |TAMS 0x0000000087b00000, 0x0000000087b00000| Untracked 
| 124|0x0000000087c00000, 0x0000000087c00000, 0x0000000087d00000|  0%| F|  |TAMS 0x0000000087c00000, 0x0000000087c00000| Untracked 
| 125|0x0000000087d00000, 0x0000000087d00000, 0x0000000087e00000|  0%| F|  |TAMS 0x0000000087d00000, 0x0000000087d00000| Untracked 
| 126|0x0000000087e00000, 0x0000000087e00000, 0x0000000087f00000|  0%| F|  |TAMS 0x0000000087e00000, 0x0000000087e00000| Untracked 
| 127|0x0000000087f00000, 0x0000000087f00000, 0x0000000088000000|  0%| F|  |TAMS 0x0000000087f00000, 0x0000000087f00000| Untracked 
| 128|0x0000000088000000, 0x0000000088000000, 0x0000000088100000|  0%| F|  |TAMS 0x0000000088000000, 0x0000000088000000| Untracked 
| 129|0x0000000088100000, 0x0000000088100000, 0x0000000088200000|  0%| F|  |TAMS 0x0000000088100000, 0x0000000088100000| Untracked 
| 130|0x0000000088200000, 0x0000000088200000, 0x0000000088300000|  0%| F|  |TAMS 0x0000000088200000, 0x0000000088200000| Untracked 
| 131|0x0000000088300000, 0x0000000088300000, 0x0000000088400000|  0%| F|  |TAMS 0x0000000088300000, 0x0000000088300000| Untracked 
| 132|0x0000000088400000, 0x0000000088400000, 0x0000000088500000|  0%| F|  |TAMS 0x0000000088400000, 0x0000000088400000| Untracked 
| 133|0x0000000088500000, 0x0000000088500000, 0x0000000088600000|  0%| F|  |TAMS 0x0000000088500000, 0x0000000088500000| Untracked 
| 134|0x0000000088600000, 0x0000000088600000, 0x0000000088700000|  0%| F|  |TAMS 0x0000000088600000, 0x0000000088600000| Untracked 
| 135|0x0000000088700000, 0x0000000088700000, 0x0000000088800000|  0%| F|  |TAMS 0x0000000088700000, 0x0000000088700000| Untracked 
| 136|0x0000000088800000, 0x0000000088800000, 0x0000000088900000|  0%| F|  |TAMS 0x0000000088800000, 0x0000000088800000| Untracked 
| 137|0x0000000088900000, 0x0000000088900000, 0x0000000088a00000|  0%| F|  |TAMS 0x0000000088900000, 0x0000000088900000| Untracked 
| 138|0x0000000088a00000, 0x0000000088a00000, 0x0000000088b00000|  0%| F|  |TAMS 0x0000000088a00000, 0x0000000088a00000| Untracked 
| 139|0x0000000088b00000, 0x0000000088b00000, 0x0000000088c00000|  0%| F|  |TAMS 0x0000000088b00000, 0x0000000088b00000| Untracked 
| 140|0x0000000088c00000, 0x0000000088c00000, 0x0000000088d00000|  0%| F|  |TAMS 0x0000000088c00000, 0x0000000088c00000| Untracked 
| 141|0x0000000088d00000, 0x0000000088d00000, 0x0000000088e00000|  0%| F|  |TAMS 0x0000000088d00000, 0x0000000088d00000| Untracked 
| 142|0x0000000088e00000, 0x0000000088e00000, 0x0000000088f00000|  0%| F|  |TAMS 0x0000000088e00000, 0x0000000088e00000| Untracked 
| 143|0x0000000088f00000, 0x0000000088f00000, 0x0000000089000000|  0%| F|  |TAMS 0x0000000088f00000, 0x0000000088f00000| Untracked 
| 144|0x0000000089000000, 0x0000000089000000, 0x0000000089100000|  0%| F|  |TAMS 0x0000000089000000, 0x0000000089000000| Untracked 
| 145|0x0000000089100000, 0x0000000089100000, 0x0000000089200000|  0%| F|  |TAMS 0x0000000089100000, 0x0000000089100000| Untracked 
| 146|0x0000000089200000, 0x0000000089200000, 0x0000000089300000|  0%| F|  |TAMS 0x0000000089200000, 0x0000000089200000| Untracked 
| 147|0x0000000089300000, 0x0000000089300000, 0x0000000089400000|  0%| F|  |TAMS 0x0000000089300000, 0x0000000089300000| Untracked 
| 148|0x0000000089400000, 0x0000000089400000, 0x0000000089500000|  0%| F|  |TAMS 0x0000000089400000, 0x0000000089400000| Untracked 
| 149|0x0000000089500000, 0x0000000089500000, 0x0000000089600000|  0%| F|  |TAMS 0x0000000089500000, 0x0000000089500000| Untracked 
| 150|0x0000000089600000, 0x0000000089600000, 0x0000000089700000|  0%| F|  |TAMS 0x0000000089600000, 0x0000000089600000| Untracked 
| 151|0x0000000089700000, 0x0000000089700000, 0x0000000089800000|  0%| F|  |TAMS 0x0000000089700000, 0x0000000089700000| Untracked 
| 152|0x0000000089800000, 0x00000000898be2d0, 0x0000000089900000| 74%| S|CS|TAMS 0x0000000089800000, 0x0000000089800000| Complete 
| 153|0x0000000089900000, 0x0000000089a00000, 0x0000000089a00000|100%| S|CS|TAMS 0x0000000089900000, 0x0000000089900000| Complete 
| 154|0x0000000089a00000, 0x0000000089b00000, 0x0000000089b00000|100%| S|CS|TAMS 0x0000000089a00000, 0x0000000089a00000| Complete 
| 155|0x0000000089b00000, 0x0000000089c00000, 0x0000000089c00000|100%| S|CS|TAMS 0x0000000089b00000, 0x0000000089b00000| Complete 
| 156|0x0000000089c00000, 0x0000000089d00000, 0x0000000089d00000|100%| S|CS|TAMS 0x0000000089c00000, 0x0000000089c00000| Complete 
| 157|0x0000000089d00000, 0x0000000089e00000, 0x0000000089e00000|100%| S|CS|TAMS 0x0000000089d00000, 0x0000000089d00000| Complete 
| 158|0x0000000089e00000, 0x0000000089f00000, 0x0000000089f00000|100%| S|CS|TAMS 0x0000000089e00000, 0x0000000089e00000| Complete 
| 159|0x0000000089f00000, 0x000000008a000000, 0x000000008a000000|100%| S|CS|TAMS 0x0000000089f00000, 0x0000000089f00000| Complete 
| 160|0x000000008a000000, 0x000000008a100000, 0x000000008a100000|100%| S|CS|TAMS 0x000000008a000000, 0x000000008a000000| Complete 
| 161|0x000000008a100000, 0x000000008a100000, 0x000000008a200000|  0%| F|  |TAMS 0x000000008a100000, 0x000000008a100000| Untracked 
| 162|0x000000008a200000, 0x000000008a200000, 0x000000008a300000|  0%| F|  |TAMS 0x000000008a200000, 0x000000008a200000| Untracked 
| 163|0x000000008a300000, 0x000000008a300000, 0x000000008a400000|  0%| F|  |TAMS 0x000000008a300000, 0x000000008a300000| Untracked 
| 164|0x000000008a400000, 0x000000008a400000, 0x000000008a500000|  0%| F|  |TAMS 0x000000008a400000, 0x000000008a400000| Untracked 
| 165|0x000000008a500000, 0x000000008a5b19e8, 0x000000008a600000| 69%| E|  |TAMS 0x000000008a500000, 0x000000008a500000| Complete 
| 166|0x000000008a600000, 0x000000008a700000, 0x000000008a700000|100%| E|CS|TAMS 0x000000008a600000, 0x000000008a600000| Complete 
| 167|0x000000008a700000, 0x000000008a800000, 0x000000008a800000|100%| E|CS|TAMS 0x000000008a700000, 0x000000008a700000| Complete 
| 168|0x000000008a800000, 0x000000008a900000, 0x000000008a900000|100%| E|CS|TAMS 0x000000008a800000, 0x000000008a800000| Complete 
| 169|0x000000008a900000, 0x000000008aa00000, 0x000000008aa00000|100%| E|CS|TAMS 0x000000008a900000, 0x000000008a900000| Complete 
| 170|0x000000008aa00000, 0x000000008ab00000, 0x000000008ab00000|100%| E|CS|TAMS 0x000000008aa00000, 0x000000008aa00000| Complete 
| 171|0x000000008ab00000, 0x000000008ac00000, 0x000000008ac00000|100%| E|CS|TAMS 0x000000008ab00000, 0x000000008ab00000| Complete 
| 172|0x000000008ac00000, 0x000000008ad00000, 0x000000008ad00000|100%| E|CS|TAMS 0x000000008ac00000, 0x000000008ac00000| Complete 
| 173|0x000000008ad00000, 0x000000008ae00000, 0x000000008ae00000|100%| E|CS|TAMS 0x000000008ad00000, 0x000000008ad00000| Complete 
| 174|0x000000008ae00000, 0x000000008af00000, 0x000000008af00000|100%| E|CS|TAMS 0x000000008ae00000, 0x000000008ae00000| Complete 
| 175|0x000000008af00000, 0x000000008b000000, 0x000000008b000000|100%| E|CS|TAMS 0x000000008af00000, 0x000000008af00000| Complete 
| 176|0x000000008b000000, 0x000000008b100000, 0x000000008b100000|100%| E|CS|TAMS 0x000000008b000000, 0x000000008b000000| Complete 
| 177|0x000000008b100000, 0x000000008b200000, 0x000000008b200000|100%| E|CS|TAMS 0x000000008b100000, 0x000000008b100000| Complete 
| 178|0x000000008b200000, 0x000000008b300000, 0x000000008b300000|100%| E|CS|TAMS 0x000000008b200000, 0x000000008b200000| Complete 
| 179|0x000000008b300000, 0x000000008b400000, 0x000000008b400000|100%| E|CS|TAMS 0x000000008b300000, 0x000000008b300000| Complete 
| 180|0x000000008b400000, 0x000000008b500000, 0x000000008b500000|100%| E|CS|TAMS 0x000000008b400000, 0x000000008b400000| Complete 
| 181|0x000000008b500000, 0x000000008b600000, 0x000000008b600000|100%| E|CS|TAMS 0x000000008b500000, 0x000000008b500000| Complete 
| 182|0x000000008b600000, 0x000000008b700000, 0x000000008b700000|100%| E|CS|TAMS 0x000000008b600000, 0x000000008b600000| Complete 
| 183|0x000000008b700000, 0x000000008b800000, 0x000000008b800000|100%| E|CS|TAMS 0x000000008b700000, 0x000000008b700000| Complete 
| 184|0x000000008b800000, 0x000000008b900000, 0x000000008b900000|100%| E|CS|TAMS 0x000000008b800000, 0x000000008b800000| Complete 
| 185|0x000000008b900000, 0x000000008ba00000, 0x000000008ba00000|100%| E|CS|TAMS 0x000000008b900000, 0x000000008b900000| Complete 
| 186|0x000000008ba00000, 0x000000008bb00000, 0x000000008bb00000|100%| E|CS|TAMS 0x000000008ba00000, 0x000000008ba00000| Complete 
| 187|0x000000008bb00000, 0x000000008bc00000, 0x000000008bc00000|100%| E|CS|TAMS 0x000000008bb00000, 0x000000008bb00000| Complete 
| 188|0x000000008bc00000, 0x000000008bd00000, 0x000000008bd00000|100%| E|CS|TAMS 0x000000008bc00000, 0x000000008bc00000| Complete 
| 189|0x000000008bd00000, 0x000000008be00000, 0x000000008be00000|100%| E|CS|TAMS 0x000000008bd00000, 0x000000008bd00000| Complete 
| 190|0x000000008be00000, 0x000000008bf00000, 0x000000008bf00000|100%| E|CS|TAMS 0x000000008be00000, 0x000000008be00000| Complete 
| 191|0x000000008bf00000, 0x000000008c000000, 0x000000008c000000|100%| E|CS|TAMS 0x000000008bf00000, 0x000000008bf00000| Complete 
| 192|0x000000008c000000, 0x000000008c100000, 0x000000008c100000|100%| E|CS|TAMS 0x000000008c000000, 0x000000008c000000| Complete 
| 193|0x000000008c100000, 0x000000008c200000, 0x000000008c200000|100%| E|CS|TAMS 0x000000008c100000, 0x000000008c100000| Complete 
| 194|0x000000008c200000, 0x000000008c300000, 0x000000008c300000|100%| E|CS|TAMS 0x000000008c200000, 0x000000008c200000| Complete 
| 195|0x000000008c300000, 0x000000008c400000, 0x000000008c400000|100%| E|CS|TAMS 0x000000008c300000, 0x000000008c300000| Complete 
| 196|0x000000008c400000, 0x000000008c500000, 0x000000008c500000|100%| E|CS|TAMS 0x000000008c400000, 0x000000008c400000| Complete 
| 197|0x000000008c500000, 0x000000008c600000, 0x000000008c600000|100%| E|CS|TAMS 0x000000008c500000, 0x000000008c500000| Complete 
| 198|0x000000008c600000, 0x000000008c700000, 0x000000008c700000|100%| E|CS|TAMS 0x000000008c600000, 0x000000008c600000| Complete 
| 199|0x000000008c700000, 0x000000008c800000, 0x000000008c800000|100%| E|CS|TAMS 0x000000008c700000, 0x000000008c700000| Complete 
| 200|0x000000008c800000, 0x000000008c900000, 0x000000008c900000|100%| E|CS|TAMS 0x000000008c800000, 0x000000008c800000| Complete 
| 201|0x000000008c900000, 0x000000008ca00000, 0x000000008ca00000|100%| E|CS|TAMS 0x000000008c900000, 0x000000008c900000| Complete 
| 202|0x000000008ca00000, 0x000000008cb00000, 0x000000008cb00000|100%| E|CS|TAMS 0x000000008ca00000, 0x000000008ca00000| Complete 
| 203|0x000000008cb00000, 0x000000008cc00000, 0x000000008cc00000|100%| E|CS|TAMS 0x000000008cb00000, 0x000000008cb00000| Complete 
| 204|0x000000008cc00000, 0x000000008cd00000, 0x000000008cd00000|100%| E|CS|TAMS 0x000000008cc00000, 0x000000008cc00000| Complete 
| 205|0x000000008cd00000, 0x000000008ce00000, 0x000000008ce00000|100%| E|CS|TAMS 0x000000008cd00000, 0x000000008cd00000| Complete 
| 206|0x000000008ce00000, 0x000000008cf00000, 0x000000008cf00000|100%| E|CS|TAMS 0x000000008ce00000, 0x000000008ce00000| Complete 
| 207|0x000000008cf00000, 0x000000008d000000, 0x000000008d000000|100%| E|CS|TAMS 0x000000008cf00000, 0x000000008cf00000| Complete 
| 208|0x000000008d000000, 0x000000008d100000, 0x000000008d100000|100%| E|CS|TAMS 0x000000008d000000, 0x000000008d000000| Complete 
| 209|0x000000008d100000, 0x000000008d200000, 0x000000008d200000|100%| E|CS|TAMS 0x000000008d100000, 0x000000008d100000| Complete 
| 210|0x000000008d200000, 0x000000008d300000, 0x000000008d300000|100%| E|CS|TAMS 0x000000008d200000, 0x000000008d200000| Complete 
| 211|0x000000008d300000, 0x000000008d400000, 0x000000008d400000|100%| E|CS|TAMS 0x000000008d300000, 0x000000008d300000| Complete 
| 212|0x000000008d400000, 0x000000008d500000, 0x000000008d500000|100%| E|CS|TAMS 0x000000008d400000, 0x000000008d400000| Complete 
| 213|0x000000008d500000, 0x000000008d600000, 0x000000008d600000|100%| E|CS|TAMS 0x000000008d500000, 0x000000008d500000| Complete 
| 214|0x000000008d600000, 0x000000008d700000, 0x000000008d700000|100%| E|CS|TAMS 0x000000008d600000, 0x000000008d600000| Complete 
| 215|0x000000008d700000, 0x000000008d800000, 0x000000008d800000|100%| E|CS|TAMS 0x000000008d700000, 0x000000008d700000| Complete 
| 216|0x000000008d800000, 0x000000008d900000, 0x000000008d900000|100%| E|CS|TAMS 0x000000008d800000, 0x000000008d800000| Complete 
| 217|0x000000008d900000, 0x000000008da00000, 0x000000008da00000|100%| E|CS|TAMS 0x000000008d900000, 0x000000008d900000| Complete 
| 218|0x000000008da00000, 0x000000008db00000, 0x000000008db00000|100%| E|CS|TAMS 0x000000008da00000, 0x000000008da00000| Complete 
| 219|0x000000008db00000, 0x000000008dc00000, 0x000000008dc00000|100%| E|CS|TAMS 0x000000008db00000, 0x000000008db00000| Complete 
| 220|0x000000008dc00000, 0x000000008dd00000, 0x000000008dd00000|100%| E|CS|TAMS 0x000000008dc00000, 0x000000008dc00000| Complete 
| 221|0x000000008dd00000, 0x000000008de00000, 0x000000008de00000|100%| E|CS|TAMS 0x000000008dd00000, 0x000000008dd00000| Complete 
| 222|0x000000008de00000, 0x000000008df00000, 0x000000008df00000|100%| E|CS|TAMS 0x000000008de00000, 0x000000008de00000| Complete 
| 223|0x000000008df00000, 0x000000008e000000, 0x000000008e000000|100%| E|CS|TAMS 0x000000008df00000, 0x000000008df00000| Complete 
| 224|0x000000008e000000, 0x000000008e100000, 0x000000008e100000|100%| E|CS|TAMS 0x000000008e000000, 0x000000008e000000| Complete 
| 225|0x000000008e100000, 0x000000008e200000, 0x000000008e200000|100%| E|CS|TAMS 0x000000008e100000, 0x000000008e100000| Complete 
| 226|0x000000008e200000, 0x000000008e300000, 0x000000008e300000|100%| E|CS|TAMS 0x000000008e200000, 0x000000008e200000| Complete 
| 227|0x000000008e300000, 0x000000008e400000, 0x000000008e400000|100%| E|CS|TAMS 0x000000008e300000, 0x000000008e300000| Complete 
| 228|0x000000008e400000, 0x000000008e500000, 0x000000008e500000|100%| E|CS|TAMS 0x000000008e400000, 0x000000008e400000| Complete 
| 229|0x000000008e500000, 0x000000008e600000, 0x000000008e600000|100%| E|CS|TAMS 0x000000008e500000, 0x000000008e500000| Complete 
| 230|0x000000008e600000, 0x000000008e700000, 0x000000008e700000|100%| E|CS|TAMS 0x000000008e600000, 0x000000008e600000| Complete 
| 231|0x000000008e700000, 0x000000008e800000, 0x000000008e800000|100%| E|CS|TAMS 0x000000008e700000, 0x000000008e700000| Complete 
| 232|0x000000008e800000, 0x000000008e900000, 0x000000008e900000|100%| E|CS|TAMS 0x000000008e800000, 0x000000008e800000| Complete 
| 233|0x000000008e900000, 0x000000008ea00000, 0x000000008ea00000|100%| E|CS|TAMS 0x000000008e900000, 0x000000008e900000| Complete 
| 234|0x000000008ea00000, 0x000000008eb00000, 0x000000008eb00000|100%| E|CS|TAMS 0x000000008ea00000, 0x000000008ea00000| Complete 
| 235|0x000000008eb00000, 0x000000008ec00000, 0x000000008ec00000|100%| E|CS|TAMS 0x000000008eb00000, 0x000000008eb00000| Complete 
| 236|0x000000008ec00000, 0x000000008ed00000, 0x000000008ed00000|100%| E|CS|TAMS 0x000000008ec00000, 0x000000008ec00000| Complete 

Card table byte_map: [0x00000242ec6b0000,0x00000242ecab0000] _byte_map_base: 0x00000242ec2b0000

Marking Bits (Prev, Next): (CMBitMap*) 0x00000242d799b0c0, (CMBitMap*) 0x00000242d799b088
 Prev Bits: [0x00000242eeeb0000, 0x00000242f0eb0000)
 Next Bits: [0x00000242eceb0000, 0x00000242eeeb0000)

Polling page: 0x00000242d77e0000

Metaspace:

Usage:
  Non-class:     92.94 MB capacity,    90.98 MB ( 98%) used,     1.65 MB (  2%) free+waste,   315.69 KB ( <1%) overhead. 
      Class:     14.50 MB capacity,    13.44 MB ( 93%) used,   945.06 KB (  6%) free+waste,   146.19 KB ( <1%) overhead. 
       Both:    107.45 MB capacity,   104.42 MB ( 97%) used,     2.57 MB (  2%) free+waste,   461.88 KB ( <1%) overhead. 

Virtual space:
  Non-class space:       94.00 MB reserved,      93.00 MB ( 99%) committed 
      Class space:        1.00 GB reserved,      14.63 MB (  1%) committed 
             Both:        1.09 GB reserved,     107.63 MB ( 10%) committed 

Chunk freelists:
   Non-Class:  61.00 KB
       Class:  0 bytes
        Both:  61.00 KB

MaxMetaspaceSize: 17179869184.00 GB
CompressedClassSpaceSize: 1.00 GB

CodeHeap 'non-profiled nmethods': size=120064Kb used=8127Kb max_used=8127Kb free=111937Kb
 bounds [0x00000242e4740000, 0x00000242e4f30000, 0x00000242ebc80000]
CodeHeap 'profiled nmethods': size=120000Kb used=28787Kb max_used=28787Kb free=91212Kb
 bounds [0x00000242dd210000, 0x00000242dee30000, 0x00000242e4740000]
CodeHeap 'non-nmethods': size=5696Kb used=2329Kb max_used=2383Kb free=3366Kb
 bounds [0x00000242dcc80000, 0x00000242dcef0000, 0x00000242dd210000]
 total_blobs=13942 nmethods=12999 adapters=851
 compilation: enabled
              stopped_count=0, restarted_count=0
 full_count=0

Compilation events (20 events):
Event: 1287.779 Thread 0x00000242f34dc000 nmethod 13155 0x00000242dee25b90 code [0x00000242dee25d80, 0x00000242dee26308]
Event: 1287.779 Thread 0x00000242f34dc000 13156   !   3       sun.reflect.misc.MethodUtil::invoke (111 bytes)
Event: 1287.790 Thread 0x00000242f34dc000 nmethod 13156 0x00000242dee26510 code [0x00000242dee267e0, 0x00000242dee27c18]
Event: 1287.790 Thread 0x00000242f34dc000 13157       3       com.sun.jmx.mbeanserver.DefaultMXBeanMappingFactory$NonNullMXBeanMapping::toOpenValue (12 bytes)
Event: 1287.791 Thread 0x00000242f34dc000 nmethod 13157 0x00000242dee28210 code [0x00000242dee283e0, 0x00000242dee285e8]
Event: 1290.343 Thread 0x00000242f34dc000 13158       3       com.google.common.cache.LocalCache::createSegment (13 bytes)
Event: 1290.348 Thread 0x00000242f34dc000 nmethod 13158 0x00000242dee28690 code [0x00000242dee28840, 0x00000242dee28a08]
Event: 1290.348 Thread 0x00000242f34dc000 13159       3       com.google.common.cache.LocalCache$Segment::<init> (163 bytes)
Event: 1290.361 Thread 0x00000242f34dc000 nmethod 13159 0x00000242dee28b10 code [0x00000242dee28f60, 0x00000242dee2b628]
Event: 1290.361 Thread 0x00000242f34dc000 13160       3       com.google.common.cache.LocalCache$Segment::initTable (51 bytes)
Event: 1290.363 Thread 0x00000242f34dc000 nmethod 13160 0x00000242dee2c090 code [0x00000242dee2c260, 0x00000242dee2c5d8]
Event: 1290.439 Thread 0x00000242f34cf000 13161       4       java.util.concurrent.ConcurrentLinkedQueue::add (6 bytes)
Event: 1290.457 Thread 0x00000242f34cf000 nmethod 13161 0x00000242e4f2e190 code [0x00000242e4f2e340, 0x00000242e4f2e718]
Event: 1290.512 Thread 0x00000242f34dc000 13162       3       org.gradle.internal.event.DefaultListenerManager$EventBroadcast$ListenerDispatch::<init> (16 bytes)
Event: 1290.513 Thread 0x00000242f34dc000 nmethod 13162 0x00000242dee2c790 code [0x00000242dee2c960, 0x00000242dee2cbd8]
Event: 1290.527 Thread 0x00000242f34cf000 13163   !   4       org.gradle.internal.service.DefaultServiceRegistry$SingletonService::prepare (111 bytes)
Event: 1290.537 Thread 0x00000242f34cf000 nmethod 13163 0x00000242e4f2e910 code [0x00000242e4f2eac0, 0x00000242e4f2f098]
Event: 1291.492 Thread 0x00000242f34cf000 13164       4       sun.invoke.util.VerifyAccess::isTypeVisible (118 bytes)
Event: 1291.509 Thread 0x00000242f34cf000 nmethod 13164 0x00000242e4f2f210 code [0x00000242e4f2f400, 0x00000242e4f2f7c8]
Event: 1291.870 Thread 0x00000242f34cf000 13165       4       sun.security.provider.DigestBase::engineUpdate (189 bytes)

GC Heap History (20 events):
Event: 19.151 GC heap before
{Heap before GC invocations=28 (full 0):
 garbage-first heap   total 167936K, used 122199K [0x0000000080000000, 0x0000000100000000)
  region size 1024K, 50 young (51200K), 4 survivors (4096K)
 Metaspace       used 69995K, capacity 71975K, committed 72064K, reserved 1112064K
  class space    used 8915K, capacity 9565K, committed 9600K, reserved 1048576K
}
Event: 19.166 GC heap after
{Heap after GC invocations=29 (full 0):
 garbage-first heap   total 167936K, used 79220K [0x0000000080000000, 0x0000000100000000)
  region size 1024K, 7 young (7168K), 7 survivors (7168K)
 Metaspace       used 69995K, capacity 71975K, committed 72064K, reserved 1112064K
  class space    used 8915K, capacity 9565K, committed 9600K, reserved 1048576K
}
Event: 19.978 GC heap before
{Heap before GC invocations=29 (full 0):
 garbage-first heap   total 167936K, used 129396K [0x0000000080000000, 0x0000000100000000)
  region size 1024K, 56 young (57344K), 7 survivors (7168K)
 Metaspace       used 72636K, capacity 74653K, committed 74880K, reserved 1114112K
  class space    used 9335K, capacity 10009K, committed 10112K, reserved 1048576K
}
Event: 19.995 GC heap after
{Heap after GC invocations=30 (full 0):
 garbage-first heap   total 167936K, used 83169K [0x0000000080000000, 0x0000000100000000)
  region size 1024K, 5 young (5120K), 5 survivors (5120K)
 Metaspace       used 72636K, capacity 74653K, committed 74880K, reserved 1114112K
  class space    used 9335K, capacity 10009K, committed 10112K, reserved 1048576K
}
Event: 20.831 GC heap before
{Heap before GC invocations=30 (full 0):
 garbage-first heap   total 167936K, used 130273K [0x0000000080000000, 0x0000000100000000)
  region size 1024K, 51 young (52224K), 5 survivors (5120K)
 Metaspace       used 76175K, capacity 78200K, committed 78464K, reserved 1118208K
  class space    used 9891K, capacity 10587K, committed 10624K, reserved 1048576K
}
Event: 20.849 GC heap after
{Heap after GC invocations=31 (full 0):
 garbage-first heap   total 167936K, used 86351K [0x0000000080000000, 0x0000000100000000)
  region size 1024K, 4 young (4096K), 4 survivors (4096K)
 Metaspace       used 76175K, capacity 78200K, committed 78464K, reserved 1118208K
  class space    used 9891K, capacity 10587K, committed 10624K, reserved 1048576K
}
Event: 21.677 GC heap before
{Heap before GC invocations=32 (full 0):
 garbage-first heap   total 167936K, used 133455K [0x0000000080000000, 0x0000000100000000)
  region size 1024K, 50 young (51200K), 4 survivors (4096K)
 Metaspace       used 78716K, capacity 80848K, committed 80896K, reserved 1120256K
  class space    used 10267K, capacity 10995K, committed 11008K, reserved 1048576K
}
Event: 21.690 GC heap after
{Heap after GC invocations=33 (full 0):
 garbage-first heap   total 201728K, used 88098K [0x0000000080000000, 0x0000000100000000)
  region size 1024K, 6 young (6144K), 6 survivors (6144K)
 Metaspace       used 78716K, capacity 80848K, committed 80896K, reserved 1120256K
  class space    used 10267K, capacity 10995K, committed 11008K, reserved 1048576K
}
Event: 23.062 GC heap before
{Heap before GC invocations=33 (full 0):
 garbage-first heap   total 201728K, used 148514K [0x0000000080000000, 0x0000000100000000)
  region size 1024K, 65 young (66560K), 6 survivors (6144K)
 Metaspace       used 82516K, capacity 84860K, committed 85120K, reserved 1122304K
  class space    used 10772K, capacity 11559K, committed 11648K, reserved 1048576K
}
Event: 23.080 GC heap after
{Heap after GC invocations=34 (full 0):
 garbage-first heap   total 201728K, used 91946K [0x0000000080000000, 0x0000000100000000)
  region size 1024K, 6 young (6144K), 6 survivors (6144K)
 Metaspace       used 82516K, capacity 84860K, committed 85120K, reserved 1122304K
  class space    used 10772K, capacity 11559K, committed 11648K, reserved 1048576K
}
Event: 24.202 GC heap before
{Heap before GC invocations=34 (full 0):
 garbage-first heap   total 201728K, used 162602K [0x0000000080000000, 0x0000000100000000)
  region size 1024K, 75 young (76800K), 6 survivors (6144K)
 Metaspace       used 86897K, capacity 89289K, committed 89600K, reserved 1126400K
  class space    used 11367K, capacity 12183K, committed 12288K, reserved 1048576K
}
Event: 24.221 GC heap after
{Heap after GC invocations=35 (full 0):
 garbage-first heap   total 201728K, used 97082K [0x0000000080000000, 0x0000000100000000)
  region size 1024K, 9 young (9216K), 9 survivors (9216K)
 Metaspace       used 86897K, capacity 89289K, committed 89600K, reserved 1126400K
  class space    used 11367K, capacity 12183K, committed 12288K, reserved 1048576K
}
Event: 25.611 GC heap before
{Heap before GC invocations=35 (full 0):
 garbage-first heap   total 201728K, used 164666K [0x0000000080000000, 0x0000000100000000)
  region size 1024K, 74 young (75776K), 9 survivors (9216K)
 Metaspace       used 95746K, capacity 98105K, committed 98304K, reserved 1134592K
  class space    used 12406K, capacity 13232K, committed 13312K, reserved 1048576K
}
Event: 25.633 GC heap after
{Heap after GC invocations=36 (full 0):
 garbage-first heap   total 201728K, used 100710K [0x0000000080000000, 0x0000000100000000)
  region size 1024K, 9 young (9216K), 9 survivors (9216K)
 Metaspace       used 95746K, capacity 98105K, committed 98304K, reserved 1134592K
  class space    used 12406K, capacity 13232K, committed 13312K, reserved 1048576K
}
Event: 27.133 GC heap before
{Heap before GC invocations=36 (full 0):
 garbage-first heap   total 201728K, used 164198K [0x0000000080000000, 0x0000000100000000)
  region size 1024K, 72 young (73728K), 9 survivors (9216K)
 Metaspace       used 97466K, capacity 99970K, committed 100096K, reserved 1136640K
  class space    used 12619K, capacity 13535K, committed 13568K, reserved 1048576K
}
Event: 27.157 GC heap after
{Heap after GC invocations=37 (full 0):
 garbage-first heap   total 201728K, used 104954K [0x0000000080000000, 0x0000000100000000)
  region size 1024K, 8 young (8192K), 8 survivors (8192K)
 Metaspace       used 97466K, capacity 99970K, committed 100096K, reserved 1136640K
  class space    used 12619K, capacity 13535K, committed 13568K, reserved 1048576K
}
Event: 28.500 GC heap before
{Heap before GC invocations=38 (full 0):
 garbage-first heap   total 201728K, used 165370K [0x0000000080000000, 0x0000000100000000)
  region size 1024K, 68 young (69632K), 8 survivors (8192K)
 Metaspace       used 99656K, capacity 102300K, committed 102400K, reserved 1138688K
  class space    used 12838K, capacity 13796K, committed 13824K, reserved 1048576K
}
Event: 28.528 GC heap after
{Heap after GC invocations=39 (full 0):
 garbage-first heap   total 242688K, used 108579K [0x0000000080000000, 0x0000000100000000)
  region size 1024K, 8 young (8192K), 8 survivors (8192K)
 Metaspace       used 99656K, capacity 102300K, committed 102400K, reserved 1138688K
  class space    used 12838K, capacity 13796K, committed 13824K, reserved 1048576K
}
Event: 29.976 GC heap before
{Heap before GC invocations=39 (full 0):
 garbage-first heap   total 242688K, used 186403K [0x0000000080000000, 0x0000000100000000)
  region size 1024K, 84 young (86016K), 8 survivors (8192K)
 Metaspace       used 105723K, capacity 108537K, committed 108672K, reserved 1142784K
  class space    used 13647K, capacity 14686K, committed 14720K, reserved 1048576K
}
Event: 29.997 GC heap after
{Heap after GC invocations=40 (full 0):
 garbage-first heap   total 242688K, used 113942K [0x0000000080000000, 0x0000000100000000)
  region size 1024K, 9 young (9216K), 9 survivors (9216K)
 Metaspace       used 105723K, capacity 108537K, committed 108672K, reserved 1142784K
  class space    used 13647K, capacity 14686K, committed 14720K, reserved 1048576K
}

Deoptimization events (20 events):
Event: 547.329 Thread 0x00000242f59bc000 Uncommon trap: trap_request=0xffffffd6 fr.pc=0x00000242e4ef91c4 relative=0x0000000000001a04
Event: 547.329 Thread 0x00000242f59bc000 Uncommon trap: reason=array_check action=maybe_recompile pc=0x00000242e4ef91c4 method=java.util.ComparableTimSort.reverseRange([Ljava/lang/Object;II)V @ 27 c2
Event: 547.329 Thread 0x00000242f59bc000 DEOPT PACKING pc=0x00000242e4ef91c4 sp=0x0000005d13efe260
Event: 547.329 Thread 0x00000242f59bc000 DEOPT UNPACKING pc=0x00000242dcca78af sp=0x0000005d13efe128 mode 2
Event: 547.329 Thread 0x00000242f59bc000 Uncommon trap: trap_request=0xffffffd6 fr.pc=0x00000242e4ef91c4 relative=0x0000000000001a04
Event: 547.329 Thread 0x00000242f59bc000 Uncommon trap: reason=array_check action=maybe_recompile pc=0x00000242e4ef91c4 method=java.util.ComparableTimSort.reverseRange([Ljava/lang/Object;II)V @ 27 c2
Event: 547.329 Thread 0x00000242f59bc000 DEOPT PACKING pc=0x00000242e4ef91c4 sp=0x0000005d13efe260
Event: 547.329 Thread 0x00000242f59bc000 DEOPT UNPACKING pc=0x00000242dcca78af sp=0x0000005d13efe128 mode 2
Event: 1283.763 Thread 0x0000024280706800 Uncommon trap: trap_request=0xffffffd6 fr.pc=0x00000242e4de5dd0 relative=0x0000000000000690
Event: 1283.763 Thread 0x0000024280706800 Uncommon trap: reason=array_check action=maybe_recompile pc=0x00000242e4de5dd0 method=java.util.TimSort.reverseRange([Ljava/lang/Object;II)V @ 20 c2
Event: 1283.763 Thread 0x0000024280706800 DEOPT PACKING pc=0x00000242e4de5dd0 sp=0x0000005d129fc760
Event: 1283.765 Thread 0x0000024280706800 DEOPT UNPACKING pc=0x00000242dcca78af sp=0x0000005d129fc690 mode 2
Event: 1283.811 Thread 0x0000024280706800 Uncommon trap: trap_request=0xffffff6e fr.pc=0x00000242e4d4516c relative=0x000000000000070c
Event: 1283.812 Thread 0x0000024280706800 Uncommon trap: reason=speculate_class_check action=maybe_recompile pc=0x00000242e4d4516c method=sun.security.provider.DigestBase.implCompressMultiBlock([BII)I @ 11 c2
Event: 1283.812 Thread 0x0000024280706800 DEOPT PACKING pc=0x00000242e4d4516c sp=0x0000005d129fc770
Event: 1283.812 Thread 0x0000024280706800 DEOPT UNPACKING pc=0x00000242dcca78af sp=0x0000005d129fc698 mode 2
Event: 1289.352 Thread 0x0000024280702000 Uncommon trap: trap_request=0xffffff4d fr.pc=0x00000242e4d3ad20 relative=0x0000000000001220
Event: 1289.419 Thread 0x0000024280702000 Uncommon trap: reason=unstable_if action=reinterpret pc=0x00000242e4d3ad20 method=org.gradle.cache.internal.DefaultCrossBuildInMemoryCacheFactory$AbstractCrossBuildInMemoryCache.getIfPresentWithoutLock(Ljava/lang/Object;)Ljava/lang/Object; @ 24 c2
Event: 1289.419 Thread 0x0000024280702000 DEOPT PACKING pc=0x00000242e4d3ad20 sp=0x0000005d142fce30
Event: 1289.525 Thread 0x0000024280702000 DEOPT UNPACKING pc=0x00000242dcca78af sp=0x0000005d142fce48 mode 2

Classes redefined (0 events):
No events

Internal exceptions (20 events):
Event: 28.293 Thread 0x00000242f6eb7000 Exception <a 'java/lang/NoSuchMethodError'{0x0000000089464eb8}: 'int java.lang.invoke.DirectMethodHandle$Holder.invokeSpecialIFC(java.lang.Object, java.lang.Object, java.lang.Object)'> (0x0000000089464eb8) thrown at [./src/hotspot/share/interpreter/linkResolver.cpp, line 773]
Event: 28.404 Thread 0x00000242f6eb7000 Exception <a 'sun/nio/fs/WindowsException'{0x0000000088c2ab60}> (0x0000000088c2ab60) thrown at [./src/hotspot/share/prims/jni.cpp, line 615]
Event: 28.414 Thread 0x00000242f6eb7000 Implicit null exception at 0x00000242e49a7088 to 0x00000242e49a825c
Event: 28.889 Thread 0x00000242f6eb7000 Exception <a 'java/net/UnknownHostException'{0x000000008d83ce20}> (0x000000008d83ce20) thrown at [./src/hotspot/share/prims/jni.cpp, line 615]
Event: 28.897 Thread 0x00000242f6eb7000 Exception <a 'java/lang/ClassNotFoundException'{0x000000008d868d08}: sun/misc/SharedSecrets> (0x000000008d868d08) thrown at [./src/hotspot/share/classfile/systemDictionary.cpp, line 231]
Event: 28.901 Thread 0x00000242f6eb7000 Exception <a 'java/net/UnknownHostException'{0x000000008d889118}> (0x000000008d889118) thrown at [./src/hotspot/share/prims/jni.cpp, line 615]
Event: 28.908 Thread 0x00000242f6eb7000 Exception <a 'java/net/UnknownHostException'{0x000000008d8d0b00}> (0x000000008d8d0b00) thrown at [./src/hotspot/share/prims/jni.cpp, line 615]
Event: 29.326 Thread 0x00000242f6eb7000 Exception <a 'java/lang/NoSuchMethodError'{0x000000008c552e70}: 'java.lang.Object java.lang.invoke.DirectMethodHandle$Holder.invokeStatic(java.lang.Object, java.lang.Object, java.lang.Object, java.lang.Object, java.lang.Object, java.lang.Object, java.lang.Object, java.lang.Object, java.lang.Object, java.lang.Object, java.lang.Object, java.lang.Object, java.lang.Object, java.lang.Object, java.lang.Object, java.lang.Object, java.lang.Object, java.lang.Object, int, java.lang.Object)'> (0x000000008c552e70) thr
Event: 29.326 Thread 0x00000242f6eb7000 Exception <a 'java/lang/NoSuchMethodError'{0x000000008c5591a0}: 'java.lang.Object java.lang.invoke.DirectMethodHandle$Holder.invokeStaticInit(java.lang.Object, java.lang.Object, java.lang.Object, java.lang.Object, java.lang.Object, java.lang.Object, java.lang.Object, java.lang.Object, java.lang.Object, java.lang.Object, java.lang.Object, java.lang.Object, java.lang.Object, java.lang.Object, java.lang.Object, java.lang.Object, java.lang.Object, java.lang.Object, int, java.lang.Object)'> (0x000000008c5591a0)
Event: 29.361 Thread 0x00000242f6eb7000 Exception <a 'java/lang/NoSuchMethodError'{0x000000008c359d20}: 'int java.lang.invoke.DirectMethodHandle$Holder.invokeVirtual(java.lang.Object, java.lang.Object, java.lang.Object, java.lang.Object)'> (0x000000008c359d20) thrown at [./src/hotspot/share/interpreter/linkResolver.cpp, line 773]
Event: 29.431 Thread 0x00000242f6eb7000 Exception <a 'java/lang/NoSuchMethodError'{0x000000008c1e6e78}: 'java.lang.Object java.lang.invoke.DirectMethodHandle$Holder.invokeStatic(java.lang.Object, int, java.lang.Object, java.lang.Object)'> (0x000000008c1e6e78) thrown at [./src/hotspot/share/interpreter/linkResolver.cpp, line 773]
Event: 29.669 Thread 0x00000242f6eb7000 Implicit null exception at 0x00000242e4d2c88f to 0x00000242e4d2cec0
Event: 30.020 Thread 0x00000242f6eb7000 Exception <a 'java/lang/NoSuchMethodError'{0x000000008ebd6888}: <clinit>> (0x000000008ebd6888) thrown at [./src/hotspot/share/prims/jni.cpp, line 1362]
Event: 30.113 Thread 0x00000242f6a7e000 Exception <a 'java/lang/NoSuchMethodError'{0x000000008e6ac5d8}: <clinit>> (0x000000008e6ac5d8) thrown at [./src/hotspot/share/prims/jni.cpp, line 1362]
Event: 30.141 Thread 0x00000242f6a7e000 Exception <a 'java/lang/NoSuchMethodError'{0x000000008e6c9ba0}: <clinit>> (0x000000008e6c9ba0) thrown at [./src/hotspot/share/prims/jni.cpp, line 1362]
Event: 30.145 Thread 0x00000242f6a7e000 Exception <a 'java/lang/NoSuchMethodError'{0x000000008e6d9d40}: <clinit>> (0x000000008e6d9d40) thrown at [./src/hotspot/share/prims/jni.cpp, line 1362]
Event: 30.184 Thread 0x00000242f6eb7000 Exception <a 'java/lang/NoSuchMethodError'{0x000000008e635de0}: 'java.lang.Object java.lang.invoke.Invokers$Holder.linkToTargetMethod(java.lang.Object, java.lang.Object, java.lang.Object, int, java.lang.Object, java.lang.Object)'> (0x000000008e635de0) thrown at [./src/hotspot/share/interpreter/linkResolver.cpp, line 773]
Event: 30.200 Thread 0x00000242f6eb7000 Exception <a 'java/lang/NoSuchMethodError'{0x000000008e676048}: 'int java.lang.invoke.DirectMethodHandle$Holder.invokeVirtual(java.lang.Object, java.lang.Object, java.lang.Object)'> (0x000000008e676048) thrown at [./src/hotspot/share/interpreter/linkResolver.cpp, line 773]
Event: 30.200 Thread 0x00000242f6eb7000 Exception <a 'java/lang/IncompatibleClassChangeError'{0x000000008e67f488}: Found class java.lang.Object, but interface was expected> (0x000000008e67f488) thrown at [./src/hotspot/share/interpreter/linkResolver.cpp, line 839]
Event: 1283.779 Thread 0x0000024280706800 Exception <a 'java/lang/NoSuchMethodError'{0x000000008a648d78}: <clinit>> (0x000000008a648d78) thrown at [./src/hotspot/share/prims/jni.cpp, line 1362]

Events (20 events):
Event: 1290.766 Executing VM operation: RevokeBias
Event: 1290.766 Executing VM operation: RevokeBias done
Event: 1290.766 Executing VM operation: RevokeBias
Event: 1290.766 Executing VM operation: RevokeBias done
Event: 1290.769 Executing VM operation: RevokeBias
Event: 1290.769 Executing VM operation: RevokeBias done
Event: 1291.020 loading class org/gradle/internal/watch/vfs/impl/WatchingVirtualFileSystem
Event: 1291.020 loading class org/gradle/internal/watch/vfs/impl/WatchingVirtualFileSystem done
Event: 1291.567 Executing VM operation: RevokeBias
Event: 1291.569 Executing VM operation: RevokeBias done
Event: 1291.780 Executing VM operation: RevokeBias
Event: 1291.780 Executing VM operation: RevokeBias done
Event: 1291.780 Executing VM operation: RevokeBias
Event: 1291.780 Executing VM operation: RevokeBias done
Event: 1291.932 Executing VM operation: RevokeBias
Event: 1291.932 Executing VM operation: RevokeBias done
Event: 1291.932 Executing VM operation: RevokeBias
Event: 1291.932 Executing VM operation: RevokeBias done
Event: 1291.932 Executing VM operation: RevokeBias
Event: 1291.932 Executing VM operation: RevokeBias done


Dynamic libraries:
0x00007ff724420000 - 0x00007ff72442a000 	C:\Program Files\Android\Android Studio\jre\bin\java.exe
0x00007ff8bcdd0000 - 0x00007ff8bcfc5000 	C:\WINDOWS\SYSTEM32\ntdll.dll
0x00007ff8bb4c0000 - 0x00007ff8bb57e000 	C:\WINDOWS\System32\KERNEL32.DLL
0x00007ff8ba8e0000 - 0x00007ff8baba9000 	C:\WINDOWS\System32\KERNELBASE.dll
0x00007ff8bac10000 - 0x00007ff8bad10000 	C:\WINDOWS\System32\ucrtbase.dll
0x00007ff8b4d90000 - 0x00007ff8b4da9000 	C:\Program Files\Android\Android Studio\jre\bin\jli.dll
0x00007ff8b4750000 - 0x00007ff8b4767000 	C:\Program Files\Android\Android Studio\jre\bin\VCRUNTIME140.dll
0x00007ff8bb860000 - 0x00007ff8bba01000 	C:\WINDOWS\System32\USER32.dll
0x00007ff8babe0000 - 0x00007ff8bac02000 	C:\WINDOWS\System32\win32u.dll
0x00007ff8bcce0000 - 0x00007ff8bcd0b000 	C:\WINDOWS\System32\GDI32.dll
0x00007ff8bad10000 - 0x00007ff8bae1b000 	C:\WINDOWS\System32\gdi32full.dll
0x00007ff8aa120000 - 0x00007ff8aa3ba000 	C:\WINDOWS\WinSxS\amd64_microsoft.windows.common-controls_6595b64144ccf1df_6.0.19041.1110_none_60b5254171f9507e\COMCTL32.dll
0x00007ff8ba730000 - 0x00007ff8ba7cd000 	C:\WINDOWS\System32\msvcp_win.dll
0x00007ff8bba10000 - 0x00007ff8bbaae000 	C:\WINDOWS\System32\msvcrt.dll
0x00007ff8bc200000 - 0x00007ff8bc230000 	C:\WINDOWS\System32\IMM32.DLL
0x00007ff8b36a0000 - 0x00007ff8b373d000 	C:\Program Files\Android\Android Studio\jre\bin\msvcp140.dll
0x00007ff878ab0000 - 0x00007ff87957f000 	C:\Program Files\Android\Android Studio\jre\bin\server\jvm.dll
0x00007ff8bae20000 - 0x00007ff8baecc000 	C:\WINDOWS\System32\ADVAPI32.dll
0x00007ff8baf90000 - 0x00007ff8bb02b000 	C:\WINDOWS\System32\sechost.dll
0x00007ff8bb580000 - 0x00007ff8bb6aa000 	C:\WINDOWS\System32\RPCRT4.dll
0x00007ff8bc970000 - 0x00007ff8bc978000 	C:\WINDOWS\System32\PSAPI.DLL
0x00007ff8b4e00000 - 0x00007ff8b4e09000 	C:\WINDOWS\SYSTEM32\WSOCK32.dll
0x00007ff8afac0000 - 0x00007ff8afae7000 	C:\WINDOWS\SYSTEM32\WINMM.dll
0x00007ff8afc30000 - 0x00007ff8afc3a000 	C:\WINDOWS\SYSTEM32\VERSION.dll
0x00007ff8bc6c0000 - 0x00007ff8bc72b000 	C:\WINDOWS\System32\WS2_32.dll
0x00007ff8b83f0000 - 0x00007ff8b8402000 	C:\WINDOWS\SYSTEM32\kernel.appcore.dll
0x00007ff8b4730000 - 0x00007ff8b4741000 	C:\Program Files\Android\Android Studio\jre\bin\verify.dll
0x00007ff8a7310000 - 0x00007ff8a74f4000 	C:\WINDOWS\SYSTEM32\DBGHELP.DLL
0x00007ff8a72e0000 - 0x00007ff8a730c000 	C:\WINDOWS\SYSTEM32\dbgcore.DLL
0x00007ff8ba6a0000 - 0x00007ff8ba723000 	C:\WINDOWS\System32\bcryptPrimitives.dll
0x00007ff8b4700000 - 0x00007ff8b4729000 	C:\Program Files\Android\Android Studio\jre\bin\java.dll
0x00007ff8b46f0000 - 0x00007ff8b46fb000 	C:\Program Files\Android\Android Studio\jre\bin\jimage.dll
0x00007ff8b46d0000 - 0x00007ff8b46e8000 	C:\Program Files\Android\Android Studio\jre\bin\zip.dll
0x00007ff8bbac0000 - 0x00007ff8bc1ff000 	C:\WINDOWS\System32\SHELL32.dll
0x00007ff8b85f0000 - 0x00007ff8b8d80000 	C:\WINDOWS\SYSTEM32\windows.storage.dll
0x00007ff8bc980000 - 0x00007ff8bccd5000 	C:\WINDOWS\System32\combase.dll
0x00007ff8b9f40000 - 0x00007ff8b9f6c000 	C:\WINDOWS\SYSTEM32\Wldp.dll
0x00007ff8bb7b0000 - 0x00007ff8bb85d000 	C:\WINDOWS\System32\SHCORE.dll
0x00007ff8baed0000 - 0x00007ff8baf25000 	C:\WINDOWS\System32\shlwapi.dll
0x00007ff8ba430000 - 0x00007ff8ba44f000 	C:\WINDOWS\SYSTEM32\profapi.dll
0x00007ff8b46b0000 - 0x00007ff8b46ca000 	C:\Program Files\Android\Android Studio\jre\bin\net.dll
0x00007ff8abef0000 - 0x00007ff8abff8000 	C:\WINDOWS\SYSTEM32\WINHTTP.dll
0x00007ff8b9ca0000 - 0x00007ff8b9d0a000 	C:\WINDOWS\system32\mswsock.dll
0x00007ff8b4690000 - 0x00007ff8b46a4000 	C:\Program Files\Android\Android Studio\jre\bin\nio.dll
0x00007ff8b5380000 - 0x00007ff8b53a7000 	C:\Program Files\Java\jdk-17.0.1\native\8bec1ad78214c89d9ad589b4d07fe93259594b29d510b10fafb7a158f7737e5d\windows-amd64\native-platform.dll
0x00007ff8a6b20000 - 0x00007ff8a6c5d000 	C:\Program Files\Java\jdk-17.0.1\native\53dbd7edfb1c66fb8903c78663c9afc45aea4f116125fa6feffd364cf09443e8\windows-amd64\native-platform-file-events.dll
0x00007ff8b4680000 - 0x00007ff8b468a000 	C:\Program Files\Android\Android Studio\jre\bin\management.dll
0x00007ff8b4670000 - 0x00007ff8b467c000 	C:\Program Files\Android\Android Studio\jre\bin\management_ext.dll
0x00007ff8b9e90000 - 0x00007ff8b9ea8000 	C:\WINDOWS\SYSTEM32\CRYPTSP.dll
0x00007ff8b95b0000 - 0x00007ff8b95e4000 	C:\WINDOWS\system32\rsaenh.dll
0x00007ff8babb0000 - 0x00007ff8babd7000 	C:\WINDOWS\System32\bcrypt.dll
0x00007ff8ba3f0000 - 0x00007ff8ba41e000 	C:\WINDOWS\SYSTEM32\USERENV.dll
0x00007ff8b9eb0000 - 0x00007ff8b9ebc000 	C:\WINDOWS\SYSTEM32\CRYPTBASE.dll
0x00007ff8b9940000 - 0x00007ff8b997b000 	C:\WINDOWS\SYSTEM32\IPHLPAPI.DLL
0x00007ff8bc230000 - 0x00007ff8bc238000 	C:\WINDOWS\System32\NSI.dll
0x00007ff8af710000 - 0x00007ff8af727000 	C:\WINDOWS\SYSTEM32\dhcpcsvc6.DLL
0x00007ff8b0f90000 - 0x00007ff8b0fad000 	C:\WINDOWS\SYSTEM32\dhcpcsvc.DLL
0x00007ff8b9980000 - 0x00007ff8b9a4c000 	C:\WINDOWS\SYSTEM32\DNSAPI.dll
0x00007ff8784d0000 - 0x00007ff8784f7000 	C:\Program Files\Android\Android Studio\jre\bin\sunec.dll
0x00007ff8a9d30000 - 0x00007ff8a9d3a000 	C:\Windows\System32\rasadhlp.dll

dbghelp: loaded successfully - version: 4.0.5 - missing functions: none
symbol engine: initialized successfully - sym options: 0x614 - pdb path: .;C:\Program Files\Android\Android Studio\jre\bin;C:\WINDOWS\SYSTEM32;C:\WINDOWS\WinSxS\amd64_microsoft.windows.common-controls_6595b64144ccf1df_6.0.19041.1110_none_60b5254171f9507e;C:\Program Files\Android\Android Studio\jre\bin\server;C:\Program Files\Java\jdk-17.0.1\native\8bec1ad78214c89d9ad589b4d07fe93259594b29d510b10fafb7a158f7737e5d\windows-amd64;C:\Program Files\Java\jdk-17.0.1\native\53dbd7edfb1c66fb8903c78663c9afc45aea4f116125fa6feffd364cf09443e8\windows-amd64

VM Arguments:
jvm_args: --add-opens=java.base/java.util=ALL-UNNAMED --add-opens=java.base/java.lang=ALL-UNNAMED --add-opens=java.base/java.lang.invoke=ALL-UNNAMED --add-opens=java.base/java.util=ALL-UNNAMED --add-opens=java.prefs/java.util.prefs=ALL-UNNAMED --add-opens=java.prefs/java.util.prefs=ALL-UNNAMED --add-opens=java.base/java.nio.charset=ALL-UNNAMED --add-opens=java.base/java.net=ALL-UNNAMED --add-opens=java.base/java.util.concurrent.atomic=ALL-UNNAMED -Xmx2048m -Dfile.encoding=UTF-8 -Duser.country=US -Duser.language=en -Duser.variant 
java_command: org.gradle.launcher.daemon.bootstrap.GradleDaemon 7.0.2
java_class_path (initial): C:\Program Files\Java\jdk-17.0.1\wrapper\dists\gradle-7.0.2-bin\857tjihv64xamwrf0h14cai3r\gradle-7.0.2\lib\gradle-launcher-7.0.2.jar
Launcher Type: SUN_STANDARD

[Global flags]
     intx CICompilerCount                          = 3                                         {product} {ergonomic}
     uint ConcGCThreads                            = 1                                         {product} {ergonomic}
     uint G1ConcRefinementThreads                  = 4                                         {product} {ergonomic}
   size_t G1HeapRegionSize                         = 1048576                                   {product} {ergonomic}
    uintx GCDrainStackTargetSize                   = 64                                        {product} {ergonomic}
   size_t InitialHeapSize                          = 67108864                                  {product} {ergonomic}
   size_t MarkStackSize                            = 4194304                                   {product} {ergonomic}
   size_t MaxHeapSize                              = 2147483648                                {product} {command line}
   size_t MaxNewSize                               = 1287651328                                {product} {ergonomic}
   size_t MinHeapDeltaBytes                        = 1048576                                   {product} {ergonomic}
    uintx NonNMethodCodeHeapSize                   = 5830732                                {pd product} {ergonomic}
    uintx NonProfiledCodeHeapSize                  = 122913754                              {pd product} {ergonomic}
    uintx ProfiledCodeHeapSize                     = 122913754                              {pd product} {ergonomic}
    uintx ReservedCodeCacheSize                    = 251658240                              {pd product} {ergonomic}
     bool SegmentedCodeCache                       = true                                      {product} {ergonomic}
     bool UseCompressedClassPointers               = true                                 {lp64_product} {ergonomic}
     bool UseCompressedOops                        = true                                 {lp64_product} {ergonomic}
     bool UseG1GC                                  = true                                      {product} {ergonomic}
     bool UseLargePagesIndividualAllocation        = false                                  {pd product} {ergonomic}

Logging:
Log output configuration:
 #0: stdout all=warning uptime,level,tags
 #1: stderr all=off uptime,level,tags

Environment Variables:
PATH=C:\Program Files\Common Files\Oracle\Java\javapath;C:\WINDOWS\system32;C:\WINDOWS;C:\WINDOWS\System32\Wbem;C:\WINDOWS\System32\WindowsPowerShell\v1.0\;C:\WINDOWS\System32\OpenSSH\;C:\Program Files\dotnet\;C:\Program Files\Microsoft SQL Server\Client SDK\ODBC\170\Tools\Binn\;C:\Program Files (x86)\dotnet\;C:\Program Files\Git\cmd;C:\Users\MinhNgan\AppData\Local\Microsoft\WindowsApps
USERNAME=MinhNgan
OS=Windows_NT
PROCESSOR_IDENTIFIER=Intel64 Family 6 Model 69 Stepping 1, GenuineIntel



---------------  S Y S T E M  ---------------

OS: Windows 10 , 64 bit Build 19041 (10.0.19041.1202)
OS uptime: 0 days 1:05 hours

CPU:total 4 (initial active 4) (2 cores per cpu, 2 threads per core) family 6 model 69 stepping 1 microcode 0x25, cmov, cx8, fxsr, mmx, sse, sse2, sse3, ssse3, sse4.1, sse4.2, popcnt, avx, avx2, aes, clmul, erms, lzcnt, ht, tsc, tscinvbit, bmi1, bmi2, fma

Memory: 4k page, system-wide physical 3979M (257M free)
TotalPageFile size 6979M (AvailPageFile size 21M)
current process WorkingSet (physical memory assigned to process): 66M, peak: 530M
current process commit charge ("private bytes"): 518M, peak: 555M

vm_info: OpenJDK 64-Bit Server VM (11.0.10+0-b96-7249189) for windows-amd64 JRE (11.0.10+0-b96-7249189), built on Mar 31 2021 21:44:00 by "builder" with MS VC++ 14.0 (VS2015)

END.
