#
# There is insufficient memory for the Java Runtime Environment to continue.
# Native memory allocation (mmap) failed to map 30408704 bytes for Failed to commit area from 0x0000000087000000 to 0x0000000088d00000 of length 30408704.
# Possible reasons:
#   The system is out of physical RAM or swap space
#   The process is running with CompressedOops enabled, and the Java Heap may be blocking the growth of the native heap
# Possible solutions:
#   Reduce memory load on the system
#   Increase physical memory or swap space
#   Check if swap backing store is full
#   Decrease Java heap size (-Xmx/-Xms)
#   Decrease number of Java threads
#   Decrease Java thread stack sizes (-Xss)
#   Set larger code cache with -XX:ReservedCodeCacheSize=
#   JVM is running with Unscaled Compressed Oops mode in which the Java heap is
#     placed in the first 4GB address space. The Java Heap base address is the
#     maximum limit for the native heap growth. Please use -XX:HeapBaseMinAddress
#     to set the Java Heap base and to place the Java Heap above 4GB virtual address.
# This output file may be truncated or incomplete.
#
#  Out of Memory Error (./src/hotspot/os/windows/os_windows.cpp:3301), pid=2168, tid=2196
#
# JRE version: OpenJDK Runtime Environment (11.0.10) (build 11.0.10+0-b96-7249189)
# Java VM: OpenJDK 64-Bit Server VM (11.0.10+0-b96-7249189, mixed mode, tiered, compressed oops, g1 gc, windows-amd64)
# No core dump will be written. Minidumps are not enabled by default on client versions of Windows
#

---------------  S U M M A R Y ------------

Command Line: --add-opens=java.base/java.util=ALL-UNNAMED --add-opens=java.base/java.lang=ALL-UNNAMED --add-opens=java.base/java.lang.invoke=ALL-UNNAMED --add-opens=java.base/java.util=ALL-UNNAMED --add-opens=java.prefs/java.util.prefs=ALL-UNNAMED --add-opens=java.prefs/java.util.prefs=ALL-UNNAMED --add-opens=java.base/java.nio.charset=ALL-UNNAMED --add-opens=java.base/java.net=ALL-UNNAMED --add-opens=java.base/java.util.concurrent.atomic=ALL-UNNAMED -Xmx2048m -Dfile.encoding=UTF-8 -Duser.country=US -Duser.language=en -Duser.variant org.gradle.launcher.daemon.bootstrap.GradleDaemon 7.0.2

Host: Intel(R) Core(TM) i5-4210U CPU @ 1.70GHz, 4 cores, 3G,  Windows 10 , 64 bit Build 19041 (10.0.19041.1202)
Time: Sun Nov  7 22:39:19 2021 SE Asia Standard Time elapsed time: 15.986163 seconds (0d 0h 0m 15s)

---------------  T H R E A D  ---------------

Current thread (0x00000207ffba1000):  VMThread "VM Thread" [stack: 0x0000000e84000000,0x0000000e84100000] [id=2196]

Stack: [0x0000000e84000000,0x0000000e84100000]
[error occurred during error reporting (printing stack bounds), id 0xc0000005, EXCEPTION_ACCESS_VIOLATION (0xc0000005) at pc=0x00000207ed380f2d]

Native frames: (J=compiled Java code, j=interpreted, Vv=VM code, C=native code)
V  [jvm.dll+0x5ecfaa]
V  [jvm.dll+0x722bd5]
V  [jvm.dll+0x72412d]
V  [jvm.dll+0x724745]
V  [jvm.dll+0x7246fb]
V  [jvm.dll+0x5ec348]
V  [jvm.dll+0x5ecad8]
C  [ntdll.dll+0xa20cf]
C  [ntdll.dll+0x51454]
C  [ntdll.dll+0xa0bfe]
C  0x00000207ed380f2d

VM_Operation (0x0000000e854f50c0): G1CollectForAllocation, mode: safepoint, requested by thread 0x000002078602f800


---------------  P R O C E S S  ---------------

Threads class SMR info:
_java_thread_list=0x0000020788eb1c10, length=41, elements={
0x00000207e988a800, 0x00000207ffba8800, 0x00000207ffbac000, 0x00000207ffbff800,
0x00000207ffc02000, 0x00000207ffc06000, 0x00000207ffc18000, 0x00000207ffc1a000,
0x00000207ffc1b800, 0x0000020784947000, 0x00000207861a8000, 0x00000207865f9800,
0x0000020786234000, 0x0000020785b7b800, 0x0000020785ae7000, 0x0000020784d51000,
0x000002078602f800, 0x0000020785f03800, 0x0000020784aa0000, 0x0000020784aa1800,
0x0000020784aa1000, 0x0000020784aa2800, 0x0000020784aa3800, 0x0000020784aa4000,
0x0000020784aa5000, 0x0000020784a9f000, 0x0000020784aa5800, 0x0000020786514000,
0x0000020786512800, 0x0000020786515000, 0x0000020786516000, 0x0000020786516800,
0x0000020786511000, 0x0000020786517800, 0x000002078651d000, 0x0000020786518000,
0x0000020786519000, 0x000002078651a000, 0x000002078651f800, 0x000002078651c800,
0x000002078651e000
}

Java Threads: ( => current thread )
  0x00000207e988a800 JavaThread "main" [_thread_blocked, id=888, stack(0x0000000e83a00000,0x0000000e83b00000)]
  0x00000207ffba8800 JavaThread "Reference Handler" daemon [_thread_blocked, id=9816, stack(0x0000000e84100000,0x0000000e84200000)]
  0x00000207ffbac000 JavaThread "Finalizer" daemon [_thread_blocked, id=8996, stack(0x0000000e84200000,0x0000000e84300000)]
  0x00000207ffbff800 JavaThread "Signal Dispatcher" daemon [_thread_blocked, id=7048, stack(0x0000000e84300000,0x0000000e84400000)]
  0x00000207ffc02000 JavaThread "Attach Listener" daemon [_thread_blocked, id=7848, stack(0x0000000e84400000,0x0000000e84500000)]
  0x00000207ffc06000 JavaThread "Service Thread" daemon [_thread_blocked, id=5944, stack(0x0000000e84500000,0x0000000e84600000)]
  0x00000207ffc18000 JavaThread "C2 CompilerThread0" daemon [_thread_blocked, id=9520, stack(0x0000000e84600000,0x0000000e84700000)]
  0x00000207ffc1a000 JavaThread "C1 CompilerThread0" daemon [_thread_blocked, id=7148, stack(0x0000000e84700000,0x0000000e84800000)]
  0x00000207ffc1b800 JavaThread "Sweeper thread" daemon [_thread_blocked, id=7952, stack(0x0000000e84800000,0x0000000e84900000)]
  0x0000020784947000 JavaThread "Common-Cleaner" daemon [_thread_blocked, id=6188, stack(0x0000000e84900000,0x0000000e84a00000)]
  0x00000207861a8000 JavaThread "Daemon health stats" [_thread_blocked, id=4856, stack(0x0000000e84c00000,0x0000000e84d00000)]
  0x00000207865f9800 JavaThread "Incoming local TCP Connector on port 52279" [_thread_in_native, id=9848, stack(0x0000000e84d00000,0x0000000e84e00000)]
  0x0000020786234000 JavaThread "Daemon periodic checks" [_thread_blocked, id=8344, stack(0x0000000e84e00000,0x0000000e84f00000)]
  0x0000020785b7b800 JavaThread "Daemon" [_thread_blocked, id=1040, stack(0x0000000e85100000,0x0000000e85200000)]
  0x0000020785ae7000 JavaThread "Handler for socket connection from /127.0.0.1:52279 to /127.0.0.1:52280" [_thread_in_native, id=9212, stack(0x0000000e85200000,0x0000000e85300000)]
  0x0000020784d51000 JavaThread "Cancel handler" [_thread_blocked, id=7996, stack(0x0000000e85300000,0x0000000e85400000)]
  0x000002078602f800 JavaThread "Daemon worker" [_thread_blocked, id=5960, stack(0x0000000e85400000,0x0000000e85500000)]
  0x0000020785f03800 JavaThread "Asynchronous log dispatcher for DefaultDaemonConnection: socket connection from /127.0.0.1:52279 to /127.0.0.1:52280" [_thread_blocked, id=3556, stack(0x0000000e85500000,0x0000000e85600000)]
  0x0000020784aa0000 JavaThread "Stdin handler" [_thread_blocked, id=7336, stack(0x0000000e85600000,0x0000000e85700000)]
  0x0000020784aa1800 JavaThread "Daemon client event forwarder" [_thread_blocked, id=1464, stack(0x0000000e85700000,0x0000000e85800000)]
  0x0000020784aa1000 JavaThread "Cache worker for file hash cache (C:\Users\MinhNgan\.gradle\caches\7.0.2\fileHashes)" [_thread_blocked, id=5388, stack(0x0000000e85800000,0x0000000e85900000)]
  0x0000020784aa2800 JavaThread "File lock request listener" [_thread_in_native, id=4460, stack(0x0000000e85900000,0x0000000e85a00000)]
  0x0000020784aa3800 JavaThread "Cache worker for journal cache (C:\Users\MinhNgan\.gradle\caches\journal-1)" [_thread_blocked, id=688, stack(0x0000000e85a00000,0x0000000e85b00000)]
  0x0000020784aa4000 JavaThread "Cache worker for file hash cache (C:\Users\MinhNgan\AndroidStudioProjects\Android_hepat\.gradle\7.0.2\fileHashes)" [_thread_blocked, id=3800, stack(0x0000000e85b00000,0x0000000e85c00000)]
  0x0000020784aa5000 JavaThread "File watcher server" daemon [_thread_in_native, id=1004, stack(0x0000000e85c00000,0x0000000e85d00000)]
  0x0000020784a9f000 JavaThread "File watcher consumer" daemon [_thread_blocked, id=4616, stack(0x0000000e85d00000,0x0000000e85e00000)]
  0x0000020784aa5800 JavaThread "jar transforms" [_thread_blocked, id=7972, stack(0x0000000e85e00000,0x0000000e85f00000)]
  0x0000020786514000 JavaThread "jar transforms Thread 2" [_thread_blocked, id=7844, stack(0x0000000e85f00000,0x0000000e86000000)]
  0x0000020786512800 JavaThread "jar transforms Thread 3" [_thread_blocked, id=1260, stack(0x0000000e86000000,0x0000000e86100000)]
  0x0000020786515000 JavaThread "jar transforms Thread 4" [_thread_blocked, id=2984, stack(0x0000000e86100000,0x0000000e86200000)]
  0x0000020786516000 JavaThread "Cache worker for checksums cache (C:\Users\MinhNgan\AndroidStudioProjects\Android_hepat\.gradle\checksums)" [_thread_blocked, id=5424, stack(0x0000000e86200000,0x0000000e86300000)]
  0x0000020786516800 JavaThread "Cache worker for cache directory md-supplier (C:\Users\MinhNgan\.gradle\caches\7.0.2\md-supplier)" [_thread_blocked, id=3860, stack(0x0000000e86300000,0x0000000e86400000)]
  0x0000020786511000 JavaThread "Cache worker for cache directory md-rule (C:\Users\MinhNgan\.gradle\caches\7.0.2\md-rule)" [_thread_blocked, id=2340, stack(0x0000000e86400000,0x0000000e86500000)]
  0x0000020786517800 JavaThread "Cache worker for execution history cache (C:\Users\MinhNgan\.gradle\caches\7.0.2\executionHistory)" [_thread_blocked, id=2656, stack(0x0000000e86500000,0x0000000e86600000)]
  0x000002078651d000 JavaThread "Cache worker for file content cache (C:\Users\MinhNgan\.gradle\caches\7.0.2\fileContent)" [_thread_blocked, id=7404, stack(0x0000000e86600000,0x0000000e86700000)]
  0x0000020786518000 JavaThread "Cache worker for dependencies-accessors (C:\Users\MinhNgan\AndroidStudioProjects\Android_hepat\.gradle\7.0.2\dependencies-accessors)" [_thread_blocked, id=9220, stack(0x0000000e86700000,0x0000000e86800000)]
  0x0000020786519000 JavaThread "Cache worker for Build Output Cleanup Cache (C:\Users\MinhNgan\AndroidStudioProjects\Android_hepat\.gradle\buildOutputCleanup)" [_thread_blocked, id=7312, stack(0x0000000e86800000,0x0000000e86900000)]
  0x000002078651a000 JavaThread "Build operations" [_thread_blocked, id=5172, stack(0x0000000e86900000,0x0000000e86a00000)]
  0x000002078651f800 JavaThread "Build operations Thread 2" [_thread_blocked, id=4748, stack(0x0000000e86a00000,0x0000000e86b00000)]
  0x000002078651c800 JavaThread "Build operations Thread 3" [_thread_blocked, id=5724, stack(0x0000000e86b00000,0x0000000e86c00000)]
  0x000002078651e000 JavaThread "Build operations Thread 4" [_thread_blocked, id=1520, stack(0x0000000e86c00000,0x0000000e86d00000)]

Other Threads:
=>0x00000207ffba1000 VMThread "VM Thread" [stack: 0x0000000e84000000,0x0000000e84100000] [id=2196]
  0x00000207849b5000 WatcherThread [stack: 0x0000000e84a00000,0x0000000e84b00000] [id=1200]
  0x00000207e98a3800 GCTaskThread "GC Thread#0" [stack: 0x0000000e83b00000,0x0000000e83c00000] [id=4776]
  0x0000020784d19000 GCTaskThread "GC Thread#1" [stack: 0x0000000e84b00000,0x0000000e84c00000] [id=9176]
  0x0000020784b40800 GCTaskThread "GC Thread#2" [stack: 0x0000000e84f00000,0x0000000e85000000] [id=7232]
  0x0000020784b41800 GCTaskThread "GC Thread#3" [stack: 0x0000000e85000000,0x0000000e85100000] [id=5248]
  0x00000207e98d3800 ConcurrentGCThread "G1 Main Marker" [stack: 0x0000000e83c00000,0x0000000e83d00000] [id=3012]
  0x00000207e98d5800 ConcurrentGCThread "G1 Conc#0" [stack: 0x0000000e83d00000,0x0000000e83e00000] [id=8924]
  0x00000207e9931800 ConcurrentGCThread "G1 Refine#0" [stack: 0x0000000e83e00000,0x0000000e83f00000] [id=7384]
  0x00000207e9933000 ConcurrentGCThread "G1 Young RemSet Sampling" [stack: 0x0000000e83f00000,0x0000000e84000000] [id=8424]

Threads with active compile tasks:
C2 CompilerThread0  16025 5508   !   4       java.net.URLClassLoader$1::run (63 bytes)

VM state:at safepoint (normal execution)

VM Mutex/Monitor currently owned by a thread:  ([mutex/lock_event])
[0x00000207e987acd0] Threads_lock - owner thread: 0x00000207ffba1000
[0x00000207e9888d00] Heap_lock - owner thread: 0x000002078602f800

Heap address: 0x0000000080000000, size: 2048 MB, Compressed Oops mode: 32-bit
Narrow klass base: 0x0000000000000000, Narrow klass shift: 3
Compressed class space size: 1073741824 Address: 0x0000000100000000

Heap:
 garbage-first heap   total 144384K, used 68760K [0x0000000080000000, 0x0000000100000000)
  region size 1024K, 2 young (2048K), 2 survivors (2048K)
 Metaspace       used 52168K, capacity 53696K, committed 53760K, reserved 1095680K
  class space    used 6658K, capacity 7135K, committed 7168K, reserved 1048576K
Heap Regions: E=young(eden), S=young(survivor), O=old, HS=humongous(starts), HC=humongous(continues), CS=collection set, F=free, A=archive, TAMS=top-at-mark-start (previous, next)
|   0|0x0000000080000000, 0x0000000080100000, 0x0000000080100000|100%| O|  |TAMS 0x0000000080100000, 0x0000000080000000| Untracked 
|   1|0x0000000080100000, 0x0000000080200000, 0x0000000080200000|100%| O|  |TAMS 0x0000000080200000, 0x0000000080100000| Untracked 
|   2|0x0000000080200000, 0x0000000080300000, 0x0000000080300000|100%| O|  |TAMS 0x0000000080300000, 0x0000000080200000| Untracked 
|   3|0x0000000080300000, 0x0000000080400000, 0x0000000080400000|100%|HS|  |TAMS 0x0000000080400000, 0x0000000080300000| Complete 
|   4|0x0000000080400000, 0x0000000080500000, 0x0000000080500000|100%|HC|  |TAMS 0x0000000080500000, 0x0000000080400000| Complete 
|   5|0x0000000080500000, 0x0000000080600000, 0x0000000080600000|100%|HC|  |TAMS 0x0000000080600000, 0x0000000080500000| Complete 
|   6|0x0000000080600000, 0x0000000080700000, 0x0000000080700000|100%| O|  |TAMS 0x0000000080700000, 0x0000000080600000| Untracked 
|   7|0x0000000080700000, 0x0000000080800000, 0x0000000080800000|100%| O|  |TAMS 0x0000000080800000, 0x0000000080700000| Untracked 
|   8|0x0000000080800000, 0x0000000080900000, 0x0000000080900000|100%| O|  |TAMS 0x0000000080900000, 0x0000000080800000| Untracked 
|   9|0x0000000080900000, 0x0000000080a00000, 0x0000000080a00000|100%| O|  |TAMS 0x0000000080a00000, 0x0000000080900000| Untracked 
|  10|0x0000000080a00000, 0x0000000080b00000, 0x0000000080b00000|100%| O|  |TAMS 0x0000000080b00000, 0x0000000080a00000| Untracked 
|  11|0x0000000080b00000, 0x0000000080c00000, 0x0000000080c00000|100%| O|  |TAMS 0x0000000080c00000, 0x0000000080b00000| Untracked 
|  12|0x0000000080c00000, 0x0000000080d00000, 0x0000000080d00000|100%| O|  |TAMS 0x0000000080d00000, 0x0000000080c00000| Untracked 
|  13|0x0000000080d00000, 0x0000000080e00000, 0x0000000080e00000|100%| O|  |TAMS 0x0000000080e00000, 0x0000000080d00000| Untracked 
|  14|0x0000000080e00000, 0x0000000080f00000, 0x0000000080f00000|100%| O|  |TAMS 0x0000000080f00000, 0x0000000080e00000| Untracked 
|  15|0x0000000080f00000, 0x0000000081000000, 0x0000000081000000|100%| O|  |TAMS 0x0000000081000000, 0x0000000080f00000| Untracked 
|  16|0x0000000081000000, 0x0000000081100000, 0x0000000081100000|100%| O|  |TAMS 0x0000000081100000, 0x0000000081000000| Untracked 
|  17|0x0000000081100000, 0x0000000081200000, 0x0000000081200000|100%|HS|  |TAMS 0x0000000081200000, 0x0000000081100000| Complete 
|  18|0x0000000081200000, 0x0000000081300000, 0x0000000081300000|100%|HC|  |TAMS 0x0000000081300000, 0x0000000081200000| Complete 
|  19|0x0000000081300000, 0x0000000081400000, 0x0000000081400000|100%|HS|  |TAMS 0x0000000081400000, 0x0000000081300000| Complete 
|  20|0x0000000081400000, 0x0000000081500000, 0x0000000081500000|100%|HC|  |TAMS 0x0000000081500000, 0x0000000081400000| Complete 
|  21|0x0000000081500000, 0x0000000081600000, 0x0000000081600000|100%|HC|  |TAMS 0x0000000081600000, 0x0000000081500000| Complete 
|  22|0x0000000081600000, 0x0000000081700000, 0x0000000081700000|100%|HS|  |TAMS 0x0000000081700000, 0x0000000081600000| Complete 
|  23|0x0000000081700000, 0x0000000081800000, 0x0000000081800000|100%|HC|  |TAMS 0x0000000081800000, 0x0000000081700000| Complete 
|  24|0x0000000081800000, 0x0000000081900000, 0x0000000081900000|100%|HC|  |TAMS 0x0000000081900000, 0x0000000081800000| Complete 
|  25|0x0000000081900000, 0x0000000081a00000, 0x0000000081a00000|100%|HC|  |TAMS 0x0000000081a00000, 0x0000000081900000| Complete 
|  26|0x0000000081a00000, 0x0000000081b00000, 0x0000000081b00000|100%|HC|  |TAMS 0x0000000081b00000, 0x0000000081a00000| Complete 
|  27|0x0000000081b00000, 0x0000000081c00000, 0x0000000081c00000|100%| O|  |TAMS 0x0000000081c00000, 0x0000000081b00000| Untracked 
|  28|0x0000000081c00000, 0x0000000081d00000, 0x0000000081d00000|100%| O|  |TAMS 0x0000000081d00000, 0x0000000081c00000| Untracked 
|  29|0x0000000081d00000, 0x0000000081e00000, 0x0000000081e00000|100%| O|  |TAMS 0x0000000081e00000, 0x0000000081d00000| Untracked 
|  30|0x0000000081e00000, 0x0000000081f00000, 0x0000000081f00000|100%| O|  |TAMS 0x0000000081f00000, 0x0000000081e00000| Untracked 
|  31|0x0000000081f00000, 0x0000000082000000, 0x0000000082000000|100%| O|  |TAMS 0x0000000082000000, 0x0000000081f00000| Untracked 
|  32|0x0000000082000000, 0x0000000082100000, 0x0000000082100000|100%| O|  |TAMS 0x0000000082100000, 0x0000000082000000| Untracked 
|  33|0x0000000082100000, 0x0000000082200000, 0x0000000082200000|100%| O|  |TAMS 0x0000000082200000, 0x0000000082100000| Untracked 
|  34|0x0000000082200000, 0x0000000082300000, 0x0000000082300000|100%| O|  |TAMS 0x0000000082300000, 0x0000000082200000| Untracked 
|  35|0x0000000082300000, 0x0000000082400000, 0x0000000082400000|100%| O|  |TAMS 0x0000000082400000, 0x0000000082300000| Untracked 
|  36|0x0000000082400000, 0x0000000082500000, 0x0000000082500000|100%| O|  |TAMS 0x0000000082500000, 0x0000000082400000| Untracked 
|  37|0x0000000082500000, 0x0000000082600000, 0x0000000082600000|100%|HS|  |TAMS 0x0000000082600000, 0x0000000082500000| Complete 
|  38|0x0000000082600000, 0x0000000082700000, 0x0000000082700000|100%|HC|  |TAMS 0x0000000082700000, 0x0000000082600000| Complete 
|  39|0x0000000082700000, 0x0000000082800000, 0x0000000082800000|100%|HC|  |TAMS 0x0000000082800000, 0x0000000082700000| Complete 
|  40|0x0000000082800000, 0x0000000082900000, 0x0000000082900000|100%|HC|  |TAMS 0x0000000082900000, 0x0000000082800000| Complete 
|  41|0x0000000082900000, 0x0000000082a00000, 0x0000000082a00000|100%|HC|  |TAMS 0x0000000082a00000, 0x0000000082900000| Complete 
|  42|0x0000000082a00000, 0x0000000082b00000, 0x0000000082b00000|100%| O|  |TAMS 0x0000000082b00000, 0x0000000082a00000| Untracked 
|  43|0x0000000082b00000, 0x0000000082c00000, 0x0000000082c00000|100%|HS|  |TAMS 0x0000000082c00000, 0x0000000082b00000| Complete 
|  44|0x0000000082c00000, 0x0000000082d00000, 0x0000000082d00000|100%|HC|  |TAMS 0x0000000082d00000, 0x0000000082c00000| Complete 
|  45|0x0000000082d00000, 0x0000000082e00000, 0x0000000082e00000|100%|HC|  |TAMS 0x0000000082e00000, 0x0000000082d00000| Complete 
|  46|0x0000000082e00000, 0x0000000082f00000, 0x0000000082f00000|100%| O|  |TAMS 0x0000000082f00000, 0x0000000082e00000| Untracked 
|  47|0x0000000082f00000, 0x0000000083000000, 0x0000000083000000|100%| O|  |TAMS 0x0000000083000000, 0x0000000082f00000| Untracked 
|  48|0x0000000083000000, 0x0000000083100000, 0x0000000083100000|100%| O|  |TAMS 0x0000000083100000, 0x0000000083000000| Untracked 
|  49|0x0000000083100000, 0x0000000083200000, 0x0000000083200000|100%| O|  |TAMS 0x0000000083200000, 0x0000000083100000| Untracked 
|  50|0x0000000083200000, 0x0000000083300000, 0x0000000083300000|100%| O|  |TAMS 0x0000000083300000, 0x0000000083200000| Untracked 
|  51|0x0000000083300000, 0x0000000083400000, 0x0000000083400000|100%| O|  |TAMS 0x0000000083400000, 0x0000000083300000| Untracked 
|  52|0x0000000083400000, 0x0000000083500000, 0x0000000083500000|100%| O|  |TAMS 0x0000000083500000, 0x0000000083400000| Untracked 
|  53|0x0000000083500000, 0x0000000083600000, 0x0000000083600000|100%| O|  |TAMS 0x0000000083600000, 0x0000000083500000| Untracked 
|  54|0x0000000083600000, 0x0000000083700000, 0x0000000083700000|100%| O|  |TAMS 0x0000000083700000, 0x0000000083600000| Untracked 
|  55|0x0000000083700000, 0x0000000083800000, 0x0000000083800000|100%|HS|  |TAMS 0x0000000083800000, 0x0000000083700000| Complete 
|  56|0x0000000083800000, 0x0000000083900000, 0x0000000083900000|100%|HS|  |TAMS 0x0000000083900000, 0x0000000083800000| Complete 
|  57|0x0000000083900000, 0x0000000083a00000, 0x0000000083a00000|100%| O|  |TAMS 0x0000000083a00000, 0x0000000083900000| Untracked 
|  58|0x0000000083a00000, 0x0000000083b00000, 0x0000000083b00000|100%| O|  |TAMS 0x0000000083b00000, 0x0000000083a00000| Untracked 
|  59|0x0000000083b00000, 0x0000000083c00000, 0x0000000083c00000|100%| O|  |TAMS 0x0000000083b5f200, 0x0000000083b00000| Untracked 
|  60|0x0000000083c00000, 0x0000000083d00000, 0x0000000083d00000|100%|HS|  |TAMS 0x0000000083c00000, 0x0000000083c00000| Complete 
|  61|0x0000000083d00000, 0x0000000083e00000, 0x0000000083e00000|100%|HC|  |TAMS 0x0000000083d00000, 0x0000000083d00000| Complete 
|  62|0x0000000083e00000, 0x0000000083f00000, 0x0000000083f00000|100%| O|  |TAMS 0x0000000083e00000, 0x0000000083e00000| Untracked 
|  63|0x0000000083f00000, 0x0000000084000000, 0x0000000084000000|100%| O|  |TAMS 0x0000000083f00000, 0x0000000083f00000| Untracked 
|  64|0x0000000084000000, 0x0000000084100000, 0x0000000084100000|100%| O|  |TAMS 0x0000000084000000, 0x0000000084000000| Untracked 
|  65|0x0000000084100000, 0x000000008417c400, 0x0000000084200000| 48%| O|  |TAMS 0x0000000084100000, 0x0000000084100000| Untracked 
|  66|0x0000000084200000, 0x0000000084200000, 0x0000000084300000|  0%| F|  |TAMS 0x0000000084200000, 0x0000000084200000| Untracked 
|  67|0x0000000084300000, 0x0000000084300000, 0x0000000084400000|  0%| F|  |TAMS 0x0000000084300000, 0x0000000084300000| Untracked 
|  68|0x0000000084400000, 0x0000000084400000, 0x0000000084500000|  0%| F|  |TAMS 0x0000000084400000, 0x0000000084400000| Untracked 
|  69|0x0000000084500000, 0x0000000084500000, 0x0000000084600000|  0%| F|  |TAMS 0x0000000084500000, 0x0000000084500000| Untracked 
|  70|0x0000000084600000, 0x0000000084600000, 0x0000000084700000|  0%| F|  |TAMS 0x0000000084600000, 0x0000000084600000| Untracked 
|  71|0x0000000084700000, 0x0000000084700000, 0x0000000084800000|  0%| F|  |TAMS 0x0000000084700000, 0x0000000084700000| Untracked 
|  72|0x0000000084800000, 0x0000000084800000, 0x0000000084900000|  0%| F|  |TAMS 0x0000000084800000, 0x0000000084800000| Untracked 
|  73|0x0000000084900000, 0x0000000084900000, 0x0000000084a00000|  0%| F|  |TAMS 0x0000000084900000, 0x0000000084900000| Untracked 
|  74|0x0000000084a00000, 0x0000000084a00000, 0x0000000084b00000|  0%| F|  |TAMS 0x0000000084a00000, 0x0000000084a00000| Untracked 
|  75|0x0000000084b00000, 0x0000000084b00000, 0x0000000084c00000|  0%| F|  |TAMS 0x0000000084b00000, 0x0000000084b00000| Untracked 
|  76|0x0000000084c00000, 0x0000000084c00000, 0x0000000084d00000|  0%| F|  |TAMS 0x0000000084c00000, 0x0000000084c00000| Untracked 
|  77|0x0000000084d00000, 0x0000000084d00000, 0x0000000084e00000|  0%| F|  |TAMS 0x0000000084d00000, 0x0000000084d00000| Untracked 
|  78|0x0000000084e00000, 0x0000000084e00000, 0x0000000084f00000|  0%| F|  |TAMS 0x0000000084e00000, 0x0000000084e00000| Untracked 
|  79|0x0000000084f00000, 0x0000000084f00000, 0x0000000085000000|  0%| F|  |TAMS 0x0000000084f00000, 0x0000000084f00000| Untracked 
|  80|0x0000000085000000, 0x0000000085000000, 0x0000000085100000|  0%| F|  |TAMS 0x0000000085000000, 0x0000000085000000| Untracked 
|  81|0x0000000085100000, 0x0000000085100000, 0x0000000085200000|  0%| F|  |TAMS 0x0000000085100000, 0x0000000085100000| Untracked 
|  82|0x0000000085200000, 0x0000000085200000, 0x0000000085300000|  0%| F|  |TAMS 0x0000000085200000, 0x0000000085200000| Untracked 
|  83|0x0000000085300000, 0x00000000853a9c00, 0x0000000085400000| 66%| S|CS|TAMS 0x0000000085300000, 0x0000000085300000| Complete 
|  84|0x0000000085400000, 0x0000000085500000, 0x0000000085500000|100%| S|CS|TAMS 0x0000000085400000, 0x0000000085400000| Complete 
|  85|0x0000000085500000, 0x0000000085500000, 0x0000000085600000|  0%| F|  |TAMS 0x0000000085500000, 0x0000000085500000| Untracked 
|  86|0x0000000085600000, 0x0000000085600000, 0x0000000085700000|  0%| F|  |TAMS 0x0000000085600000, 0x0000000085600000| Untracked 
|  87|0x0000000085700000, 0x0000000085700000, 0x0000000085800000|  0%| F|  |TAMS 0x0000000085700000, 0x0000000085700000| Untracked 
|  88|0x0000000085800000, 0x0000000085800000, 0x0000000085900000|  0%| F|  |TAMS 0x0000000085800000, 0x0000000085800000| Untracked 
|  89|0x0000000085900000, 0x0000000085900000, 0x0000000085a00000|  0%| F|  |TAMS 0x0000000085900000, 0x0000000085900000| Untracked 
|  90|0x0000000085a00000, 0x0000000085a00000, 0x0000000085b00000|  0%| F|  |TAMS 0x0000000085a00000, 0x0000000085a00000| Untracked 
|  91|0x0000000085b00000, 0x0000000085b00000, 0x0000000085c00000|  0%| F|  |TAMS 0x0000000085b00000, 0x0000000085b00000| Untracked 
|  92|0x0000000085c00000, 0x0000000085c00000, 0x0000000085d00000|  0%| F|  |TAMS 0x0000000085c00000, 0x0000000085c00000| Untracked 
|  93|0x0000000085d00000, 0x0000000085d00000, 0x0000000085e00000|  0%| F|  |TAMS 0x0000000085d00000, 0x0000000085d00000| Untracked 
|  94|0x0000000085e00000, 0x0000000085e00000, 0x0000000085f00000|  0%| F|  |TAMS 0x0000000085e00000, 0x0000000085e00000| Untracked 
|  95|0x0000000085f00000, 0x0000000085f00000, 0x0000000086000000|  0%| F|  |TAMS 0x0000000085f00000, 0x0000000085f00000| Untracked 
|  96|0x0000000086000000, 0x0000000086000000, 0x0000000086100000|  0%| F|  |TAMS 0x0000000086000000, 0x0000000086000000| Untracked 
|  97|0x0000000086100000, 0x0000000086100000, 0x0000000086200000|  0%| F|  |TAMS 0x0000000086100000, 0x0000000086100000| Untracked 
|  98|0x0000000086200000, 0x0000000086200000, 0x0000000086300000|  0%| F|  |TAMS 0x0000000086200000, 0x0000000086200000| Untracked 
|  99|0x0000000086300000, 0x0000000086300000, 0x0000000086400000|  0%| F|  |TAMS 0x0000000086300000, 0x0000000086300000| Untracked 
| 100|0x0000000086400000, 0x0000000086400000, 0x0000000086500000|  0%| F|  |TAMS 0x0000000086400000, 0x0000000086400000| Untracked 
| 101|0x0000000086500000, 0x0000000086500000, 0x0000000086600000|  0%| F|  |TAMS 0x0000000086500000, 0x0000000086500000| Untracked 
| 102|0x0000000086600000, 0x0000000086600000, 0x0000000086700000|  0%| F|  |TAMS 0x0000000086600000, 0x0000000086600000| Untracked 
| 103|0x0000000086700000, 0x0000000086700000, 0x0000000086800000|  0%| F|  |TAMS 0x0000000086700000, 0x0000000086700000| Untracked 
| 104|0x0000000086800000, 0x0000000086800000, 0x0000000086900000|  0%| F|  |TAMS 0x0000000086800000, 0x0000000086800000| Untracked 
| 105|0x0000000086900000, 0x0000000086900000, 0x0000000086a00000|  0%| F|  |TAMS 0x0000000086900000, 0x0000000086900000| Untracked 
| 106|0x0000000086a00000, 0x0000000086a00000, 0x0000000086b00000|  0%| F|  |TAMS 0x0000000086a00000, 0x0000000086a00000| Untracked 
| 107|0x0000000086b00000, 0x0000000086b00000, 0x0000000086c00000|  0%| F|  |TAMS 0x0000000086b00000, 0x0000000086b00000| Untracked 
| 108|0x0000000086c00000, 0x0000000086c00000, 0x0000000086d00000|  0%| F|  |TAMS 0x0000000086c00000, 0x0000000086c00000| Untracked 
| 109|0x0000000086d00000, 0x0000000086d00000, 0x0000000086e00000|  0%| F|  |TAMS 0x0000000086d00000, 0x0000000086d00000| Untracked 
| 110|0x0000000086e00000, 0x0000000086e00000, 0x0000000086f00000|  0%| F|  |TAMS 0x0000000086e00000, 0x0000000086e00000| Untracked 
| 111|0x0000000086f00000, 0x0000000086f00000, 0x0000000087000000|  0%| F|  |TAMS 0x0000000086f00000, 0x0000000086f00000| Untracked 

Card table byte_map: [0x00000207fcda0000,0x00000207fd1a0000] _byte_map_base: 0x00000207fc9a0000

Marking Bits (Prev, Next): (CMBitMap*) 0x00000207e98ca788, (CMBitMap*) 0x00000207e98ca7c0
 Prev Bits: [0x00000207fd5a0000, 0x00000207ff5a0000)
 Next Bits: [0x0000020780000000, 0x0000020782000000)

Polling page: 0x00000207e8090000

Metaspace:

Usage:
  Non-class:     45.47 MB capacity,    44.44 MB ( 98%) used,   915.41 KB (  2%) free+waste,   135.63 KB ( <1%) overhead. 
      Class:      6.97 MB capacity,     6.50 MB ( 93%) used,   411.57 KB (  6%) free+waste,    64.94 KB ( <1%) overhead. 
       Both:     52.44 MB capacity,    50.95 MB ( 97%) used,     1.30 MB (  2%) free+waste,   200.56 KB ( <1%) overhead. 

Virtual space:
  Non-class space:       46.00 MB reserved,      45.50 MB ( 99%) committed 
      Class space:        1.00 GB reserved,       7.00 MB ( <1%) committed 
             Both:        1.04 GB reserved,      52.50 MB (  5%) committed 

Chunk freelists:
   Non-Class:  31.00 KB
       Class:  1.00 KB
        Both:  32.00 KB

MaxMetaspaceSize: 17179869184.00 GB
CompressedClassSpaceSize: 1.00 GB

CodeHeap 'non-profiled nmethods': size=120064Kb used=2435Kb max_used=2435Kb free=117629Kb
 bounds [0x00000207f4e40000, 0x00000207f50b0000, 0x00000207fc380000]
CodeHeap 'profiled nmethods': size=120000Kb used=11433Kb max_used=11433Kb free=108567Kb
 bounds [0x00000207ed910000, 0x00000207ee440000, 0x00000207f4e40000]
CodeHeap 'non-nmethods': size=5696Kb used=2225Kb max_used=2265Kb free=3470Kb
 bounds [0x00000207ed380000, 0x00000207ed5f0000, 0x00000207ed910000]
 total_blobs=6274 nmethods=5473 adapters=712
 compilation: enabled
              stopped_count=0, restarted_count=0
 full_count=0

Compilation events (20 events):
Event: 15.930 Thread 0x00000207ffc1a000 5513       1       com.android.build.gradle.options.Stage::getStatus (5 bytes)
Event: 15.930 Thread 0x00000207ffc1a000 nmethod 5513 0x00000207f50a0610 code [0x00000207f50a07c0, 0x00000207f50a0878]
Event: 15.951 Thread 0x00000207ffc1a000 5514       3       sun.reflect.generics.tree.SimpleClassTypeSignature::accept (8 bytes)
Event: 15.952 Thread 0x00000207ffc1a000 nmethod 5514 0x00000207ee437290 code [0x00000207ee4374a0, 0x00000207ee437908]
Event: 15.952 Thread 0x00000207ffc1a000 5516       3       org.objectweb.asm.SymbolTable$Entry::<init> (17 bytes)
Event: 15.952 Thread 0x00000207ffc1a000 nmethod 5516 0x00000207ee437b90 code [0x00000207ee437d40, 0x00000207ee437ea8]
Event: 15.952 Thread 0x00000207ffc1a000 5515       3       sun.reflect.generics.visitor.Reifier::visitSimpleClassTypeSignature (18 bytes)
Event: 15.952 Thread 0x00000207ffc1a000 nmethod 5515 0x00000207ee437f90 code [0x00000207ee438180, 0x00000207ee438548]
Event: 15.953 Thread 0x00000207ffc1a000 5517   !   3       org.gradle.internal.event.DefaultListenerManager$EventBroadcast$ListenerDispatch::dispatch (55 bytes)
Event: 15.953 Thread 0x00000207ffc1a000 nmethod 5517 0x00000207ee438790 code [0x00000207ee4389e0, 0x00000207ee4390a8]
Event: 15.953 Thread 0x00000207ffc1a000 5518       3       org.gradle.internal.event.DefaultListenerManager$EventBroadcast::access$400 (6 bytes)
Event: 15.954 Thread 0x00000207ffc1a000 nmethod 5518 0x00000207ee439410 code [0x00000207ee4395e0, 0x00000207ee4397f8]
Event: 15.954 Thread 0x00000207ffc1a000 5519       3       org.gradle.internal.event.DefaultListenerManager$EventBroadcast::access$500 (6 bytes)
Event: 15.954 Thread 0x00000207ffc1a000 nmethod 5519 0x00000207ee439910 code [0x00000207ee439ac0, 0x00000207ee439bc8]
Event: 15.954 Thread 0x00000207ffc1a000 5520       3       com.google.common.cache.LocalCache$LocalManualCache::getIfPresent (9 bytes)
Event: 15.954 Thread 0x00000207ffc1a000 nmethod 5520 0x00000207ee439c90 code [0x00000207ee439e40, 0x00000207ee439f68]
Event: 15.956 Thread 0x00000207ffc1a000 5521       3       java.security.ProtectionDomain$Key::<init> (10 bytes)
Event: 15.957 Thread 0x00000207ffc1a000 nmethod 5521 0x00000207ee43a010 code [0x00000207ee43a1c0, 0x00000207ee43a378]
Event: 15.957 Thread 0x00000207ffc1a000 5522       1       java.util.logging.Logger::getName (5 bytes)
Event: 15.958 Thread 0x00000207ffc1a000 nmethod 5522 0x00000207f50a0910 code [0x00000207f50a0ac0, 0x00000207f50a0b78]

GC Heap History (20 events):
Event: 11.927 GC heap after
{Heap after GC invocations=22 (full 0):
 garbage-first heap   total 78848K, used 46582K [0x0000000080000000, 0x0000000100000000)
  region size 1024K, 3 young (3072K), 3 survivors (3072K)
 Metaspace       used 42064K, capacity 43159K, committed 43264K, reserved 1087488K
  class space    used 5404K, capacity 5791K, committed 5888K, reserved 1048576K
}
Event: 12.179 GC heap before
{Heap before GC invocations=23 (full 0):
 garbage-first heap   total 78848K, used 60918K [0x0000000080000000, 0x0000000100000000)
  region size 1024K, 15 young (15360K), 3 survivors (3072K)
 Metaspace       used 42754K, capacity 43975K, committed 44160K, reserved 1087488K
  class space    used 5478K, capacity 5911K, committed 6016K, reserved 1048576K
}
Event: 12.187 GC heap after
{Heap after GC invocations=24 (full 0):
 garbage-first heap   total 95232K, used 51929K [0x0000000080000000, 0x0000000100000000)
  region size 1024K, 2 young (2048K), 2 survivors (2048K)
 Metaspace       used 42754K, capacity 43975K, committed 44160K, reserved 1087488K
  class space    used 5478K, capacity 5911K, committed 6016K, reserved 1048576K
}
Event: 12.189 GC heap before
{Heap before GC invocations=24 (full 0):
 garbage-first heap   total 95232K, used 51929K [0x0000000080000000, 0x0000000100000000)
  region size 1024K, 3 young (3072K), 2 survivors (2048K)
 Metaspace       used 42754K, capacity 43975K, committed 44160K, reserved 1087488K
  class space    used 5478K, capacity 5911K, committed 6016K, reserved 1048576K
}
Event: 12.193 GC heap after
{Heap after GC invocations=25 (full 0):
 garbage-first heap   total 95232K, used 52411K [0x0000000080000000, 0x0000000100000000)
  region size 1024K, 1 young (1024K), 1 survivors (1024K)
 Metaspace       used 42754K, capacity 43975K, committed 44160K, reserved 1087488K
  class space    used 5478K, capacity 5911K, committed 6016K, reserved 1048576K
}
Event: 12.545 GC heap before
{Heap before GC invocations=26 (full 0):
 garbage-first heap   total 95232K, used 66747K [0x0000000080000000, 0x0000000100000000)
  region size 1024K, 14 young (14336K), 1 survivors (1024K)
 Metaspace       used 44388K, capacity 45670K, committed 45824K, reserved 1089536K
  class space    used 5586K, capacity 6049K, committed 6144K, reserved 1048576K
}
Event: 12.551 GC heap after
{Heap after GC invocations=27 (full 0):
 garbage-first heap   total 95232K, used 53045K [0x0000000080000000, 0x0000000100000000)
  region size 1024K, 2 young (2048K), 2 survivors (2048K)
 Metaspace       used 44388K, capacity 45670K, committed 45824K, reserved 1089536K
  class space    used 5586K, capacity 6049K, committed 6144K, reserved 1048576K
}
Event: 12.732 GC heap before
{Heap before GC invocations=27 (full 0):
 garbage-first heap   total 95232K, used 67381K [0x0000000080000000, 0x0000000100000000)
  region size 1024K, 16 young (16384K), 2 survivors (2048K)
 Metaspace       used 44606K, capacity 45844K, committed 46080K, reserved 1089536K
  class space    used 5623K, capacity 6085K, committed 6144K, reserved 1048576K
}
Event: 12.742 GC heap after
{Heap after GC invocations=28 (full 0):
 garbage-first heap   total 95232K, used 54275K [0x0000000080000000, 0x0000000100000000)
  region size 1024K, 2 young (2048K), 2 survivors (2048K)
 Metaspace       used 44606K, capacity 45844K, committed 46080K, reserved 1089536K
  class space    used 5623K, capacity 6085K, committed 6144K, reserved 1048576K
}
Event: 13.328 GC heap before
{Heap before GC invocations=29 (full 0):
 garbage-first heap   total 95232K, used 69635K [0x0000000080000000, 0x0000000100000000)
  region size 1024K, 17 young (17408K), 2 survivors (2048K)
 Metaspace       used 45696K, capacity 46928K, committed 46976K, reserved 1089536K
  class space    used 5801K, capacity 6233K, committed 6272K, reserved 1048576K
}
Event: 13.334 GC heap after
{Heap after GC invocations=30 (full 0):
 garbage-first heap   total 95232K, used 55579K [0x0000000080000000, 0x0000000100000000)
  region size 1024K, 3 young (3072K), 3 survivors (3072K)
 Metaspace       used 45696K, capacity 46928K, committed 46976K, reserved 1089536K
  class space    used 5801K, capacity 6233K, committed 6272K, reserved 1048576K
}
Event: 13.572 GC heap before
{Heap before GC invocations=30 (full 0):
 garbage-first heap   total 95232K, used 70939K [0x0000000080000000, 0x0000000100000000)
  region size 1024K, 18 young (18432K), 3 survivors (3072K)
 Metaspace       used 46636K, capacity 48011K, committed 48256K, reserved 1091584K
  class space    used 5949K, capacity 6404K, committed 6528K, reserved 1048576K
}
Event: 13.580 GC heap after
{Heap after GC invocations=31 (full 0):
 garbage-first heap   total 114688K, used 56117K [0x0000000080000000, 0x0000000100000000)
  region size 1024K, 2 young (2048K), 2 survivors (2048K)
 Metaspace       used 46636K, capacity 48011K, committed 48256K, reserved 1091584K
  class space    used 5949K, capacity 6404K, committed 6528K, reserved 1048576K
}
Event: 14.038 GC heap before
{Heap before GC invocations=32 (full 0):
 garbage-first heap   total 114688K, used 80693K [0x0000000080000000, 0x0000000100000000)
  region size 1024K, 27 young (27648K), 2 survivors (2048K)
 Metaspace       used 48409K, capacity 49852K, committed 50048K, reserved 1093632K
  class space    used 6230K, capacity 6675K, committed 6784K, reserved 1048576K
}
Event: 14.044 GC heap after
{Heap after GC invocations=33 (full 0):
 garbage-first heap   total 114688K, used 56904K [0x0000000080000000, 0x0000000100000000)
  region size 1024K, 3 young (3072K), 3 survivors (3072K)
 Metaspace       used 48409K, capacity 49852K, committed 50048K, reserved 1093632K
  class space    used 6230K, capacity 6675K, committed 6784K, reserved 1048576K
}
Event: 15.152 GC heap before
{Heap before GC invocations=33 (full 0):
 garbage-first heap   total 114688K, used 82504K [0x0000000080000000, 0x0000000100000000)
  region size 1024K, 29 young (29696K), 3 survivors (3072K)
 Metaspace       used 49632K, capacity 51148K, committed 51456K, reserved 1093632K
  class space    used 6342K, capacity 6820K, committed 6912K, reserved 1048576K
}
Event: 15.168 GC heap after
{Heap after GC invocations=34 (full 0):
 garbage-first heap   total 114688K, used 58811K [0x0000000080000000, 0x0000000100000000)
  region size 1024K, 4 young (4096K), 4 survivors (4096K)
 Metaspace       used 49632K, capacity 51148K, committed 51456K, reserved 1093632K
  class space    used 6342K, capacity 6820K, committed 6912K, reserved 1048576K
}
Event: 15.369 GC heap before
{Heap before GC invocations=35 (full 0):
 garbage-first heap   total 114688K, used 65979K [0x0000000080000000, 0x0000000100000000)
  region size 1024K, 11 young (11264K), 4 survivors (4096K)
 Metaspace       used 49639K, capacity 51148K, committed 51456K, reserved 1093632K
  class space    used 6342K, capacity 6820K, committed 6912K, reserved 1048576K
}
Event: 15.380 GC heap after
{Heap after GC invocations=36 (full 0):
 garbage-first heap   total 114688K, used 64892K [0x0000000080000000, 0x0000000100000000)
  region size 1024K, 4 young (4096K), 4 survivors (4096K)
 Metaspace       used 49639K, capacity 51148K, committed 51456K, reserved 1093632K
  class space    used 6342K, capacity 6820K, committed 6912K, reserved 1048576K
}
Event: 15.968 GC heap before
{Heap before GC invocations=37 (full 0):
 garbage-first heap   total 114688K, used 90492K [0x0000000080000000, 0x0000000100000000)
  region size 1024K, 27 young (27648K), 4 survivors (4096K)
 Metaspace       used 52168K, capacity 53696K, committed 53760K, reserved 1095680K
  class space    used 6658K, capacity 7135K, committed 7168K, reserved 1048576K
}

Deoptimization events (20 events):
Event: 15.484 Thread 0x000002078602f800 Uncommon trap: trap_request=0xffffff4d fr.pc=0x00000207f4f2ce84 relative=0x00000000000001c4
Event: 15.484 Thread 0x000002078602f800 Uncommon trap: reason=unstable_if action=reinterpret pc=0x00000207f4f2ce84 method=java.util.HashMap.getNode(ILjava/lang/Object;)Ljava/util/HashMap$Node; @ 53 c2
Event: 15.484 Thread 0x000002078602f800 DEOPT PACKING pc=0x00000207f4f2ce84 sp=0x0000000e854f8e70
Event: 15.484 Thread 0x000002078602f800 DEOPT UNPACKING pc=0x00000207ed3a78af sp=0x0000000e854f8de0 mode 2
Event: 15.790 Thread 0x000002078602f800 Uncommon trap: trap_request=0xffffff4d fr.pc=0x00000207f4f70020 relative=0x0000000000000920
Event: 15.791 Thread 0x000002078602f800 Uncommon trap: reason=unstable_if action=reinterpret pc=0x00000207f4f70020 method=java.io.BufferedInputStream.read([BII)I @ 56 c2
Event: 15.791 Thread 0x000002078602f800 DEOPT PACKING pc=0x00000207f4f70020 sp=0x0000000e854f70c0
Event: 15.791 Thread 0x000002078602f800 DEOPT UNPACKING pc=0x00000207ed3a78af sp=0x0000000e854f7078 mode 2
Event: 15.792 Thread 0x000002078602f800 Uncommon trap: trap_request=0xffffff4d fr.pc=0x00000207f4f07df4 relative=0x0000000000000054
Event: 15.792 Thread 0x000002078602f800 Uncommon trap: reason=unstable_if action=reinterpret pc=0x00000207f4f07df4 method=java.util.regex.Pattern.has(I)Z @ 6 c2
Event: 15.792 Thread 0x000002078602f800 DEOPT PACKING pc=0x00000207f4f07df4 sp=0x0000000e854f6100
Event: 15.792 Thread 0x000002078602f800 DEOPT UNPACKING pc=0x00000207ed3a78af sp=0x0000000e854f6090 mode 2
Event: 15.820 Thread 0x000002078602f800 Uncommon trap: trap_request=0xffffff45 fr.pc=0x00000207f4fc0f84 relative=0x0000000000000d44
Event: 15.820 Thread 0x000002078602f800 Uncommon trap: reason=unstable_fused_if action=reinterpret pc=0x00000207f4fc0f84 method=org.objectweb.asm.ByteVector.putUTF8(Ljava/lang/String;)Lorg/objectweb/asm/ByteVector; @ 93 c2
Event: 15.820 Thread 0x000002078602f800 DEOPT PACKING pc=0x00000207f4fc0f84 sp=0x0000000e854f7ae0
Event: 15.820 Thread 0x000002078602f800 DEOPT UNPACKING pc=0x00000207ed3a78af sp=0x0000000e854f7a38 mode 2
Event: 15.857 Thread 0x000002078602f800 Uncommon trap: trap_request=0xffffff45 fr.pc=0x00000207f4f5cbec relative=0x000000000000020c
Event: 15.857 Thread 0x000002078602f800 Uncommon trap: reason=unstable_fused_if action=reinterpret pc=0x00000207f4f5cbec method=org.objectweb.asm.ByteVector.putUTF8(Ljava/lang/String;)Lorg/objectweb/asm/ByteVector; @ 93 c2
Event: 15.857 Thread 0x000002078602f800 DEOPT PACKING pc=0x00000207f4f5cbec sp=0x0000000e854f7e20
Event: 15.857 Thread 0x000002078602f800 DEOPT UNPACKING pc=0x00000207ed3a78af sp=0x0000000e854f7da0 mode 2

Classes redefined (0 events):
No events

Internal exceptions (20 events):
Event: 15.259 Thread 0x000002078602f800 Exception <a 'java/security/PrivilegedActionException'{0x0000000086d62ff8}> (0x0000000086d62ff8) thrown at [./src/hotspot/share/prims/jvm.cpp, line 1306]
Event: 15.259 Thread 0x000002078602f800 Exception <a 'java/security/PrivilegedActionException'{0x0000000086d65f28}> (0x0000000086d65f28) thrown at [./src/hotspot/share/prims/jvm.cpp, line 1306]
Event: 15.259 Thread 0x000002078602f800 Exception <a 'java/security/PrivilegedActionException'{0x0000000086d671e8}> (0x0000000086d671e8) thrown at [./src/hotspot/share/prims/jvm.cpp, line 1306]
Event: 15.259 Thread 0x000002078602f800 Exception <a 'java/security/PrivilegedActionException'{0x0000000086d6a1a0}> (0x0000000086d6a1a0) thrown at [./src/hotspot/share/prims/jvm.cpp, line 1306]
Event: 15.259 Thread 0x000002078602f800 Exception <a 'java/security/PrivilegedActionException'{0x0000000086d6b460}> (0x0000000086d6b460) thrown at [./src/hotspot/share/prims/jvm.cpp, line 1306]
Event: 15.436 Thread 0x000002078602f800 Exception <a 'java/lang/ClassNotFoundException'{0x0000000086fe7688}: org/gradle/api/tasks/Delete_DecoratedBeanInfo> (0x0000000086fe7688) thrown at [./src/hotspot/share/classfile/systemDictionary.cpp, line 231]
Event: 15.438 Thread 0x000002078602f800 Exception <a 'java/lang/ClassNotFoundException'{0x0000000086e10180}: org/gradle/api/tasks/DeleteBeanInfo> (0x0000000086e10180) thrown at [./src/hotspot/share/classfile/systemDictionary.cpp, line 231]
Event: 15.439 Thread 0x000002078602f800 Exception <a 'java/lang/ClassNotFoundException'{0x0000000086e3b590}: org/gradle/api/internal/ConventionTaskBeanInfo> (0x0000000086e3b590) thrown at [./src/hotspot/share/classfile/systemDictionary.cpp, line 231]
Event: 15.441 Thread 0x000002078602f800 Exception <a 'java/lang/ClassNotFoundException'{0x0000000086e633a0}: org/gradle/api/DefaultTaskBeanInfo> (0x0000000086e633a0) thrown at [./src/hotspot/share/classfile/systemDictionary.cpp, line 231]
Event: 15.442 Thread 0x000002078602f800 Exception <a 'java/lang/ClassNotFoundException'{0x0000000086e8f550}: org/gradle/api/internal/AbstractTaskBeanInfo> (0x0000000086e8f550) thrown at [./src/hotspot/share/classfile/systemDictionary.cpp, line 231]
Event: 15.443 Thread 0x000002078602f800 Exception <a 'java/lang/ClassNotFoundException'{0x0000000086ebb3d8}: org/gradle/api/internal/AbstractTaskCustomizer> (0x0000000086ebb3d8) thrown at [./src/hotspot/share/classfile/systemDictionary.cpp, line 231]
Event: 15.454 Thread 0x000002078602f800 Exception <a 'java/lang/ClassNotFoundException'{0x0000000086d2c048}: org/gradle/api/DefaultTaskCustomizer> (0x0000000086d2c048) thrown at [./src/hotspot/share/classfile/systemDictionary.cpp, line 231]
Event: 15.462 Thread 0x000002078602f800 Exception <a 'java/lang/ClassNotFoundException'{0x0000000086dac038}: org/gradle/api/internal/ConventionTaskCustomizer> (0x0000000086dac038) thrown at [./src/hotspot/share/classfile/systemDictionary.cpp, line 231]
Event: 15.465 Thread 0x000002078602f800 Exception <a 'java/lang/ClassNotFoundException'{0x0000000086de35f8}: org/gradle/api/tasks/DeleteCustomizer> (0x0000000086de35f8) thrown at [./src/hotspot/share/classfile/systemDictionary.cpp, line 231]
Event: 15.469 Thread 0x000002078602f800 Exception <a 'java/lang/ClassNotFoundException'{0x0000000086c21fd0}: org/gradle/api/tasks/Delete_DecoratedCustomizer> (0x0000000086c21fd0) thrown at [./src/hotspot/share/classfile/systemDictionary.cpp, line 231]
Event: 15.570 Thread 0x000002078602f800 Exception <a 'java/lang/ClassNotFoundException'{0x0000000086b86710}: build_5qz5yakvh4qqqlo5mq00qos0fBeanInfo> (0x0000000086b86710) thrown at [./src/hotspot/share/classfile/systemDictionary.cpp, line 231]
Event: 15.570 Thread 0x000002078602f800 Exception <a 'java/lang/ClassNotFoundException'{0x0000000086b91908}: build_5qz5yakvh4qqqlo5mq00qos0fCustomizer> (0x0000000086b91908) thrown at [./src/hotspot/share/classfile/systemDictionary.cpp, line 231]
Event: 15.808 Thread 0x000002078602f800 Exception <a 'java/lang/NoSuchMethodError'{0x0000000085c23d90}: 'java.lang.Object java.lang.invoke.DirectMethodHandle$Holder.invokeStatic(java.lang.Object, java.lang.Object, java.lang.Object, java.lang.Object, int)'> (0x0000000085c23d90) thrown at [./src/hotspot/share/interpreter/linkResolver.cpp, line 773]
Event: 15.809 Thread 0x000002078602f800 Exception <a 'java/lang/NoSuchMethodError'{0x0000000085c28788}: 'java.lang.Object java.lang.invoke.DirectMethodHandle$Holder.invokeSpecial(java.lang.Object, java.lang.Object, java.lang.Object, java.lang.Object, java.lang.Object, int)'> (0x0000000085c28788) thrown at [./src/hotspot/share/interpreter/linkResolver.cpp, line 773]
Event: 15.809 Thread 0x000002078602f800 Exception <a 'java/lang/NoSuchMethodError'{0x0000000085c2cdc8}: 'java.lang.Object java.lang.invoke.Invokers$Holder.linkToTargetMethod(java.lang.Object, java.lang.Object, java.lang.Object, int, java.lang.Object)'> (0x0000000085c2cdc8) thrown at [./src/hotspot/share/interpreter/linkResolver.cpp, line 773]

Events (20 events):
Event: 15.959 loading class com/android/utils/DateProvider$1 done
Event: 15.959 loading class com/android/tools/analytics/AnalyticsPaths
Event: 15.959 loading class com/android/tools/analytics/AnalyticsPaths done
Event: 15.962 loading class com/google/gson/GsonBuilder
Event: 15.962 loading class com/google/gson/GsonBuilder done
Event: 15.963 loading class com/google/gson/FieldNamingStrategy
Event: 15.963 loading class com/google/gson/FieldNamingStrategy done
Event: 15.964 loading class com/google/gson/TypeAdapter
Event: 15.964 loading class com/google/gson/TypeAdapter done
Event: 15.964 loading class com/google/gson/DefaultDateTypeAdapter
Event: 15.964 loading class com/google/gson/DefaultDateTypeAdapter done
Event: 15.965 loading class com/google/gson/internal/Excluder
Event: 15.965 loading class com/google/gson/internal/Excluder done
Event: 15.966 loading class com/google/gson/TypeAdapterFactory
Event: 15.966 loading class com/google/gson/TypeAdapterFactory done
Event: 15.967 loading class com/google/gson/internal/Excluder$1
Event: 15.967 loading class com/google/gson/internal/Excluder$1 done
Event: 15.968 loading class com/google/gson/LongSerializationPolicy
Event: 15.968 loading class com/google/gson/LongSerializationPolicy done
Event: 15.968 Executing VM operation: G1CollectForAllocation


Dynamic libraries:
0x00007ff6d6ce0000 - 0x00007ff6d6cea000 	C:\Program Files\Android\Android Studio\jre\bin\java.exe
0x00007ffe7b1f0000 - 0x00007ffe7b3e5000 	C:\WINDOWS\SYSTEM32\ntdll.dll
0x00007ffe79e60000 - 0x00007ffe79f1e000 	C:\WINDOWS\System32\KERNEL32.DLL
0x00007ffe78e10000 - 0x00007ffe790d9000 	C:\WINDOWS\System32\KERNELBASE.dll
0x00007ffe79140000 - 0x00007ffe79240000 	C:\WINDOWS\System32\ucrtbase.dll
0x00007ffe73730000 - 0x00007ffe73747000 	C:\Program Files\Android\Android Studio\jre\bin\VCRUNTIME140.dll
0x00007ffe74500000 - 0x00007ffe74519000 	C:\Program Files\Android\Android Studio\jre\bin\jli.dll
0x00007ffe7a430000 - 0x00007ffe7a5d1000 	C:\WINDOWS\System32\USER32.dll
0x00007ffe78cf0000 - 0x00007ffe78d12000 	C:\WINDOWS\System32\win32u.dll
0x00007ffe7a290000 - 0x00007ffe7a2bb000 	C:\WINDOWS\System32\GDI32.dll
0x00007ffe68790000 - 0x00007ffe68a2a000 	C:\WINDOWS\WinSxS\amd64_microsoft.windows.common-controls_6595b64144ccf1df_6.0.19041.1110_none_60b5254171f9507e\COMCTL32.dll
0x00007ffe789c0000 - 0x00007ffe78acb000 	C:\WINDOWS\System32\gdi32full.dll
0x00007ffe78d20000 - 0x00007ffe78dbd000 	C:\WINDOWS\System32\msvcp_win.dll
0x00007ffe7a040000 - 0x00007ffe7a0de000 	C:\WINDOWS\System32\msvcrt.dll
0x00007ffe7b070000 - 0x00007ffe7b0a0000 	C:\WINDOWS\System32\IMM32.DLL
0x00007ffe71350000 - 0x00007ffe713ed000 	C:\Program Files\Android\Android Studio\jre\bin\msvcp140.dll
0x00007ffe4efc0000 - 0x00007ffe4fa8f000 	C:\Program Files\Android\Android Studio\jre\bin\server\jvm.dll
0x00007ffe7b0a0000 - 0x00007ffe7b14c000 	C:\WINDOWS\System32\ADVAPI32.dll
0x00007ffe7a390000 - 0x00007ffe7a42b000 	C:\WINDOWS\System32\sechost.dll
0x00007ffe7ac60000 - 0x00007ffe7ad8a000 	C:\WINDOWS\System32\RPCRT4.dll
0x00007ffe79f20000 - 0x00007ffe79f28000 	C:\WINDOWS\System32\PSAPI.DLL
0x00007ffe6ce00000 - 0x00007ffe6ce27000 	C:\WINDOWS\SYSTEM32\WINMM.dll
0x00007ffe70170000 - 0x00007ffe7017a000 	C:\WINDOWS\SYSTEM32\VERSION.dll
0x00007ffe745d0000 - 0x00007ffe745d9000 	C:\WINDOWS\SYSTEM32\WSOCK32.dll
0x00007ffe7a2c0000 - 0x00007ffe7a32b000 	C:\WINDOWS\System32\WS2_32.dll
0x00007ffe76810000 - 0x00007ffe76822000 	C:\WINDOWS\SYSTEM32\kernel.appcore.dll
0x00007ffe74580000 - 0x00007ffe74591000 	C:\Program Files\Android\Android Studio\jre\bin\verify.dll
0x00007ffe64df0000 - 0x00007ffe64fd4000 	C:\WINDOWS\SYSTEM32\DBGHELP.DLL
0x00007ffe659d0000 - 0x00007ffe659fc000 	C:\WINDOWS\SYSTEM32\dbgcore.DLL
0x00007ffe78c30000 - 0x00007ffe78cb3000 	C:\WINDOWS\System32\bcryptPrimitives.dll
0x00007ffe74490000 - 0x00007ffe744b9000 	C:\Program Files\Android\Android Studio\jre\bin\java.dll
0x00007ffe73720000 - 0x00007ffe7372b000 	C:\Program Files\Android\Android Studio\jre\bin\jimage.dll
0x00007ffe717c0000 - 0x00007ffe717d8000 	C:\Program Files\Android\Android Studio\jre\bin\zip.dll
0x00007ffe79240000 - 0x00007ffe7997f000 	C:\WINDOWS\System32\SHELL32.dll
0x00007ffe76a10000 - 0x00007ffe771a0000 	C:\WINDOWS\SYSTEM32\windows.storage.dll
0x00007ffe79b00000 - 0x00007ffe79e55000 	C:\WINDOWS\System32\combase.dll
0x00007ffe78360000 - 0x00007ffe7838c000 	C:\WINDOWS\SYSTEM32\Wldp.dll
0x00007ffe7aec0000 - 0x00007ffe7af6d000 	C:\WINDOWS\System32\SHCORE.dll
0x00007ffe79980000 - 0x00007ffe799d5000 	C:\WINDOWS\System32\shlwapi.dll
0x00007ffe78850000 - 0x00007ffe7886f000 	C:\WINDOWS\SYSTEM32\profapi.dll
0x00007ffe71580000 - 0x00007ffe7159a000 	C:\Program Files\Android\Android Studio\jre\bin\net.dll
0x00007ffe6a4b0000 - 0x00007ffe6a5b8000 	C:\WINDOWS\SYSTEM32\WINHTTP.dll
0x00007ffe780c0000 - 0x00007ffe7812a000 	C:\WINDOWS\system32\mswsock.dll
0x00007ffe71550000 - 0x00007ffe71564000 	C:\Program Files\Android\Android Studio\jre\bin\nio.dll
0x00007ffe65f30000 - 0x00007ffe65f57000 	C:\Users\MinhNgan\.gradle\native\8bec1ad78214c89d9ad589b4d07fe93259594b29d510b10fafb7a158f7737e5d\windows-amd64\native-platform.dll
0x00007ffe4ce10000 - 0x00007ffe4cf4d000 	C:\Users\MinhNgan\.gradle\native\53dbd7edfb1c66fb8903c78663c9afc45aea4f116125fa6feffd364cf09443e8\windows-amd64\native-platform-file-events.dll
0x00007ffe73090000 - 0x00007ffe7309a000 	C:\Program Files\Android\Android Studio\jre\bin\management.dll
0x00007ffe717b0000 - 0x00007ffe717bc000 	C:\Program Files\Android\Android Studio\jre\bin\management_ext.dll
0x00007ffe782b0000 - 0x00007ffe782c8000 	C:\WINDOWS\SYSTEM32\CRYPTSP.dll
0x00007ffe779d0000 - 0x00007ffe77a04000 	C:\WINDOWS\system32\rsaenh.dll
0x00007ffe78cc0000 - 0x00007ffe78ce7000 	C:\WINDOWS\System32\bcrypt.dll
0x00007ffe78810000 - 0x00007ffe7883e000 	C:\WINDOWS\SYSTEM32\USERENV.dll
0x00007ffe782d0000 - 0x00007ffe782dc000 	C:\WINDOWS\SYSTEM32\CRYPTBASE.dll
0x00007ffe77d60000 - 0x00007ffe77d9b000 	C:\WINDOWS\SYSTEM32\IPHLPAPI.DLL
0x00007ffe7a5e0000 - 0x00007ffe7a5e8000 	C:\WINDOWS\System32\NSI.dll
0x00007ffe6d250000 - 0x00007ffe6d267000 	C:\WINDOWS\SYSTEM32\dhcpcsvc6.DLL
0x00007ffe701d0000 - 0x00007ffe701ed000 	C:\WINDOWS\SYSTEM32\dhcpcsvc.DLL
0x00007ffe77da0000 - 0x00007ffe77e6c000 	C:\WINDOWS\SYSTEM32\DNSAPI.dll

dbghelp: loaded successfully - version: 4.0.5 - missing functions: none
symbol engine: initialized successfully - sym options: 0x614 - pdb path: .;C:\Program Files\Android\Android Studio\jre\bin;C:\WINDOWS\SYSTEM32;C:\WINDOWS\WinSxS\amd64_microsoft.windows.common-controls_6595b64144ccf1df_6.0.19041.1110_none_60b5254171f9507e;C:\Program Files\Android\Android Studio\jre\bin\server;C:\Users\MinhNgan\.gradle\native\8bec1ad78214c89d9ad589b4d07fe93259594b29d510b10fafb7a158f7737e5d\windows-amd64;C:\Users\MinhNgan\.gradle\native\53dbd7edfb1c66fb8903c78663c9afc45aea4f116125fa6feffd364cf09443e8\windows-amd64

VM Arguments:
jvm_args: --add-opens=java.base/java.util=ALL-UNNAMED --add-opens=java.base/java.lang=ALL-UNNAMED --add-opens=java.base/java.lang.invoke=ALL-UNNAMED --add-opens=java.base/java.util=ALL-UNNAMED --add-opens=java.prefs/java.util.prefs=ALL-UNNAMED --add-opens=java.prefs/java.util.prefs=ALL-UNNAMED --add-opens=java.base/java.nio.charset=ALL-UNNAMED --add-opens=java.base/java.net=ALL-UNNAMED --add-opens=java.base/java.util.concurrent.atomic=ALL-UNNAMED -Xmx2048m -Dfile.encoding=UTF-8 -Duser.country=US -Duser.language=en -Duser.variant 
java_command: org.gradle.launcher.daemon.bootstrap.GradleDaemon 7.0.2
java_class_path (initial): C:\Users\MinhNgan\.gradle\wrapper\dists\gradle-7.0.2-bin\857tjihv64xamwrf0h14cai3r\gradle-7.0.2\lib\gradle-launcher-7.0.2.jar
Launcher Type: SUN_STANDARD

[Global flags]
     intx CICompilerCount                          = 3                                         {product} {ergonomic}
     uint ConcGCThreads                            = 1                                         {product} {ergonomic}
     uint G1ConcRefinementThreads                  = 4                                         {product} {ergonomic}
   size_t G1HeapRegionSize                         = 1048576                                   {product} {ergonomic}
    uintx GCDrainStackTargetSize                   = 64                                        {product} {ergonomic}
   size_t InitialHeapSize                          = 67108864                                  {product} {ergonomic}
   size_t MarkStackSize                            = 4194304                                   {product} {ergonomic}
   size_t MaxHeapSize                              = 2147483648                                {product} {command line}
   size_t MaxNewSize                               = 1287651328                                {product} {ergonomic}
   size_t MinHeapDeltaBytes                        = 1048576                                   {product} {ergonomic}
    uintx NonNMethodCodeHeapSize                   = 5830732                                {pd product} {ergonomic}
    uintx NonProfiledCodeHeapSize                  = 122913754                              {pd product} {ergonomic}
    uintx ProfiledCodeHeapSize                     = 122913754                              {pd product} {ergonomic}
    uintx ReservedCodeCacheSize                    = 251658240                              {pd product} {ergonomic}
     bool SegmentedCodeCache                       = true                                      {product} {ergonomic}
     bool UseCompressedClassPointers               = true                                 {lp64_product} {ergonomic}
     bool UseCompressedOops                        = true                                 {lp64_product} {ergonomic}
     bool UseG1GC                                  = true                                      {product} {ergonomic}
     bool UseLargePagesIndividualAllocation        = false                                  {pd product} {ergonomic}

Logging:
Log output configuration:
 #0: stdout all=warning uptime,level,tags
 #1: stderr all=off uptime,level,tags

Environment Variables:
PATH=C:\Program Files\Common Files\Oracle\Java\javapath;C:\WINDOWS\system32;C:\WINDOWS;C:\WINDOWS\System32\Wbem;C:\WINDOWS\System32\WindowsPowerShell\v1.0\;C:\WINDOWS\System32\OpenSSH\;C:\Program Files\dotnet\;C:\Program Files\Microsoft SQL Server\130\Tools\Binn\;C:\Program Files\Microsoft SQL Server\Client SDK\ODBC\170\Tools\Binn\;C:\Program Files (x86)\dotnet\;C:\Program Files\Git\cmd;C:\Users\MinhNgan\AppData\Local\Microsoft\WindowsApps
USERNAME=MinhNgan
OS=Windows_NT
PROCESSOR_IDENTIFIER=Intel64 Family 6 Model 69 Stepping 1, GenuineIntel



---------------  S Y S T E M  ---------------

OS: Windows 10 , 64 bit Build 19041 (10.0.19041.1202)
OS uptime: 0 days 1:40 hours

CPU:total 4 (initial active 4) (2 cores per cpu, 2 threads per core) family 6 model 69 stepping 1 microcode 0x25, cmov, cx8, fxsr, mmx, sse, sse2, sse3, ssse3, sse4.1, sse4.2, popcnt, avx, avx2, aes, clmul, erms, lzcnt, ht, tsc, tscinvbit, bmi1, bmi2, fma

Memory: 4k page, system-wide physical 3979M (216M free)
TotalPageFile size 6979M (AvailPageFile size 21M)
current process WorkingSet (physical memory assigned to process): 227M, peak: 230M
current process commit charge ("private bytes"): 298M, peak: 327M

vm_info: OpenJDK 64-Bit Server VM (11.0.10+0-b96-7249189) for windows-amd64 JRE (11.0.10+0-b96-7249189), built on Mar 31 2021 21:44:00 by "builder" with MS VC++ 14.0 (VS2015)

END.
