#
# There is insufficient memory for the Java Runtime Environment to continue.
# Native memory allocation (malloc) failed to allocate 842816 bytes for Chunk::new
# Possible reasons:
#   The system is out of physical RAM or swap space
#   The process is running with CompressedOops enabled, and the Java Heap may be blocking the growth of the native heap
# Possible solutions:
#   Reduce memory load on the system
#   Increase physical memory or swap space
#   Check if swap backing store is full
#   Decrease Java heap size (-Xmx/-Xms)
#   Decrease number of Java threads
#   Decrease Java thread stack sizes (-Xss)
#   Set larger code cache with -XX:ReservedCodeCacheSize=
#   JVM is running with Unscaled Compressed Oops mode in which the Java heap is
#     placed in the first 4GB address space. The Java Heap base address is the
#     maximum limit for the native heap growth. Please use -XX:HeapBaseMinAddress
#     to set the Java Heap base and to place the Java Heap above 4GB virtual address.
# This output file may be truncated or incomplete.
#
#  Out of Memory Error (./src/hotspot/share/memory/arena.cpp:197), pid=5536, tid=3332
#
# JRE version: OpenJDK Runtime Environment (11.0.10) (build 11.0.10+0-b96-7249189)
# Java VM: OpenJDK 64-Bit Server VM (11.0.10+0-b96-7249189, mixed mode, tiered, compressed oops, g1 gc, windows-amd64)
# No core dump will be written. Minidumps are not enabled by default on client versions of Windows
#

---------------  S U M M A R Y ------------

Command Line: --add-opens=java.base/java.util=ALL-UNNAMED --add-opens=java.base/java.lang=ALL-UNNAMED --add-opens=java.base/java.lang.invoke=ALL-UNNAMED --add-opens=java.base/java.util=ALL-UNNAMED --add-opens=java.prefs/java.util.prefs=ALL-UNNAMED --add-opens=java.prefs/java.util.prefs=ALL-UNNAMED --add-opens=java.base/java.nio.charset=ALL-UNNAMED --add-opens=java.base/java.net=ALL-UNNAMED --add-opens=java.base/java.util.concurrent.atomic=ALL-UNNAMED -Xmx2048m -Dfile.encoding=UTF-8 -Duser.country=US -Duser.language=en -Duser.variant org.gradle.launcher.daemon.bootstrap.GradleDaemon 7.0.2

Host: Intel(R) Core(TM) i5-4210U CPU @ 1.70GHz, 4 cores, 3G,  Windows 10 , 64 bit Build 19041 (10.0.19041.1348)
Time: Sat Dec 25 15:23:54 2021 SE Asia Standard Time elapsed time: 313.475370 seconds (0d 0h 5m 13s)

---------------  T H R E A D  ---------------

Current thread (0x0000027e6367b000):  JavaThread "C2 CompilerThread0" daemon [_thread_in_native, id=3332, stack(0x00000091d5600000,0x00000091d5700000)]


Current CompileTask:
C2: 313475 12215       4       java.lang.String::split (7 bytes)

Stack: [0x00000091d5600000,0x00000091d5700000]
Native frames: (J=compiled Java code, j=interpreted, Vv=VM code, C=native code)
V  [jvm.dll+0x5ecfaa]
V  [jvm.dll+0x722bd5]
V  [jvm.dll+0x72412d]
V  [jvm.dll+0x7247e3]
V  [jvm.dll+0x242928]
V  [jvm.dll+0xbc4fc]
V  [jvm.dll+0xbca0c]
V  [jvm.dll+0x2b4fd4]
V  [jvm.dll+0x506028]
V  [jvm.dll+0x203253]
V  [jvm.dll+0x1fd07c]
V  [jvm.dll+0x1fa77f]
V  [jvm.dll+0x18354c]
V  [jvm.dll+0x208ee7]
V  [jvm.dll+0x207731]
V  [jvm.dll+0x6eb1cf]
V  [jvm.dll+0x6e3d45]
V  [jvm.dll+0x5ebe96]
C  [ucrtbase.dll+0x21bb2]
C  [KERNEL32.DLL+0x17034]
C  [ntdll.dll+0x52651]


---------------  P R O C E S S  ---------------

Threads class SMR info:
_java_thread_list=0x0000027e6aecac40, length=47, elements={
0x0000027e492aa000, 0x0000027e63618000, 0x0000027e6361b800, 0x0000027e63670800,
0x0000027e63673800, 0x0000027e63677000, 0x0000027e6367b000, 0x0000027e63683000,
0x0000027e6368e800, 0x0000027e640e7800, 0x0000027e6614e800, 0x0000027e65142000,
0x0000027e64e60800, 0x0000027e65a05000, 0x0000027e65a07000, 0x0000027e65a04800,
0x0000027e661d2000, 0x0000027e661d5000, 0x0000027e661d4800, 0x0000027e661d6800,
0x0000027e661d9000, 0x0000027e661da000, 0x0000027e661d8800, 0x0000027e684aa000,
0x0000027e684aa800, 0x0000027e684ae000, 0x0000027e684a8800, 0x0000027e684af000,
0x0000027e684ac800, 0x0000027e684a9000, 0x0000027e684b1800, 0x0000027e684b3000,
0x0000027e684ad000, 0x0000027e684b0800, 0x0000027e684b2000, 0x0000027e684b3800,
0x0000027e684b4800, 0x0000027e684b5800, 0x0000027e684af800, 0x0000027e684b6000,
0x0000027e684b7000, 0x0000027e661d6000, 0x0000027e661d0000, 0x0000027e661d1000,
0x0000027e661d2800, 0x0000027e661db000, 0x0000027e661dc800
}

Java Threads: ( => current thread )
  0x0000027e492aa000 JavaThread "main" [_thread_blocked, id=7708, stack(0x00000091d4a00000,0x00000091d4b00000)]
  0x0000027e63618000 JavaThread "Reference Handler" daemon [_thread_blocked, id=2840, stack(0x00000091d5100000,0x00000091d5200000)]
  0x0000027e6361b800 JavaThread "Finalizer" daemon [_thread_blocked, id=2888, stack(0x00000091d5200000,0x00000091d5300000)]
  0x0000027e63670800 JavaThread "Signal Dispatcher" daemon [_thread_blocked, id=5352, stack(0x00000091d5300000,0x00000091d5400000)]
  0x0000027e63673800 JavaThread "Attach Listener" daemon [_thread_blocked, id=3344, stack(0x00000091d5400000,0x00000091d5500000)]
  0x0000027e63677000 JavaThread "Service Thread" daemon [_thread_blocked, id=3316, stack(0x00000091d5500000,0x00000091d5600000)]
=>0x0000027e6367b000 JavaThread "C2 CompilerThread0" daemon [_thread_in_native, id=3332, stack(0x00000091d5600000,0x00000091d5700000)]
  0x0000027e63683000 JavaThread "C1 CompilerThread0" daemon [_thread_blocked, id=3396, stack(0x00000091d5700000,0x00000091d5800000)]
  0x0000027e6368e800 JavaThread "Sweeper thread" daemon [_thread_blocked, id=3244, stack(0x00000091d5800000,0x00000091d5900000)]
  0x0000027e640e7800 JavaThread "Common-Cleaner" daemon [_thread_blocked, id=3248, stack(0x00000091d5900000,0x00000091d5a00000)]
  0x0000027e6614e800 JavaThread "Daemon health stats" [_thread_blocked, id=2352, stack(0x00000091d5c00000,0x00000091d5d00000)]
  0x0000027e65142000 JavaThread "Incoming local TCP Connector on port 49786" [_thread_in_native, id=1364, stack(0x00000091d5d00000,0x00000091d5e00000)]
  0x0000027e64e60800 JavaThread "Daemon periodic checks" [_thread_blocked, id=5432, stack(0x00000091d5e00000,0x00000091d5f00000)]
  0x0000027e65a05000 JavaThread "Cache worker for file hash cache (C:\Program Files\Java\jdk-17.0.1\caches\7.0.2\fileHashes)" [_thread_blocked, id=8124, stack(0x00000091d6800000,0x00000091d6900000)]
  0x0000027e65a07000 JavaThread "File lock request listener" [_thread_in_native, id=5928, stack(0x00000091d6900000,0x00000091d6a00000)]
  0x0000027e65a04800 JavaThread "Cache worker for journal cache (C:\Program Files\Java\jdk-17.0.1\caches\journal-1)" [_thread_blocked, id=7776, stack(0x00000091d6a00000,0x00000091d6b00000)]
  0x0000027e661d2000 JavaThread "File watcher server" daemon [_thread_in_native, id=6472, stack(0x00000091d6c00000,0x00000091d6d00000)]
  0x0000027e661d5000 JavaThread "File watcher consumer" daemon [_thread_blocked, id=8184, stack(0x00000091d6d00000,0x00000091d6e00000)]
  0x0000027e661d4800 JavaThread "Cache worker for execution history cache (C:\Program Files\Java\jdk-17.0.1\caches\7.0.2\executionHistory)" [_thread_blocked, id=5208, stack(0x00000091d7100000,0x00000091d7200000)]
  0x0000027e661d6800 JavaThread "jar transforms" [_thread_blocked, id=4968, stack(0x00000091d7200000,0x00000091d7300000)]
  0x0000027e661d9000 JavaThread "jar transforms Thread 2" [_thread_blocked, id=4940, stack(0x00000091d7300000,0x00000091d7400000)]
  0x0000027e661da000 JavaThread "Cache worker for file content cache (C:\Program Files\Java\jdk-17.0.1\caches\7.0.2\fileContent)" [_thread_blocked, id=5108, stack(0x00000091d7400000,0x00000091d7500000)]
  0x0000027e661d8800 JavaThread "jar transforms Thread 3" [_thread_blocked, id=4920, stack(0x00000091d7600000,0x00000091d7700000)]
  0x0000027e684aa000 JavaThread "jar transforms Thread 4" [_thread_blocked, id=4904, stack(0x00000091d7c00000,0x00000091d7d00000)]
  0x0000027e684aa800 JavaThread "Memory manager" [_thread_blocked, id=4376, stack(0x00000091d7d00000,0x00000091d7e00000)]
  0x0000027e684ae000 JavaThread "Daemon Thread 2" [_thread_blocked, id=3532, stack(0x00000091d4700000,0x00000091d4800000)]
  0x0000027e684a8800 JavaThread "Handler for socket connection from /127.0.0.1:49786 to /127.0.0.1:49860" [_thread_in_native, id=9128, stack(0x00000091d4800000,0x00000091d4900000)]
  0x0000027e684af000 JavaThread "Cancel handler" [_thread_blocked, id=2568, stack(0x00000091d4900000,0x00000091d4a00000)]
  0x0000027e684ac800 JavaThread "Daemon worker Thread 2" [_thread_blocked, id=2508, stack(0x00000091d5f00000,0x00000091d6000000)]
  0x0000027e684a9000 JavaThread "Asynchronous log dispatcher for DefaultDaemonConnection: socket connection from /127.0.0.1:49786 to /127.0.0.1:49860" [_thread_blocked, id=2684, stack(0x00000091d6000000,0x00000091d6100000)]
  0x0000027e684b1800 JavaThread "Stdin handler" [_thread_blocked, id=2812, stack(0x00000091d6100000,0x00000091d6200000)]
  0x0000027e684b3000 JavaThread "Daemon client event forwarder" [_thread_blocked, id=6404, stack(0x00000091d6200000,0x00000091d6300000)]
  0x0000027e684ad000 JavaThread "Cache worker for file hash cache (C:\Users\MinhNgan\AndroidStudioProjects\Android_hepat\.gradle\7.0.2\fileHashes)" [_thread_blocked, id=3044, stack(0x00000091d6300000,0x00000091d6400000)]
  0x0000027e684b0800 JavaThread "Cache worker for checksums cache (C:\Users\MinhNgan\AndroidStudioProjects\Android_hepat\.gradle\checksums)" [_thread_blocked, id=2224, stack(0x00000091d6400000,0x00000091d6500000)]
  0x0000027e684b2000 JavaThread "Cache worker for cache directory md-supplier (C:\Program Files\Java\jdk-17.0.1\caches\7.0.2\md-supplier)" [_thread_blocked, id=4116, stack(0x00000091d6500000,0x00000091d6600000)]
  0x0000027e684b3800 JavaThread "Cache worker for cache directory md-rule (C:\Program Files\Java\jdk-17.0.1\caches\7.0.2\md-rule)" [_thread_blocked, id=3088, stack(0x00000091d6b00000,0x00000091d6c00000)]
  0x0000027e684b4800 JavaThread "Cache worker for dependencies-accessors (C:\Users\MinhNgan\AndroidStudioProjects\Android_hepat\.gradle\7.0.2\dependencies-accessors)" [_thread_blocked, id=3164, stack(0x00000091d6e00000,0x00000091d6f00000)]
  0x0000027e684b5800 JavaThread "Cache worker for Build Output Cleanup Cache (C:\Users\MinhNgan\AndroidStudioProjects\Android_hepat\.gradle\buildOutputCleanup)" [_thread_blocked, id=3328, stack(0x00000091d6f00000,0x00000091d7000000)]
  0x0000027e684af800 JavaThread "Build operations" [_thread_blocked, id=1700, stack(0x00000091d7000000,0x00000091d7100000)]
  0x0000027e684b6000 JavaThread "Build operations Thread 2" [_thread_blocked, id=3116, stack(0x00000091d7500000,0x00000091d7600000)]
  0x0000027e684b7000 JavaThread "Build operations Thread 3" [_thread_blocked, id=3068, stack(0x00000091d7700000,0x00000091d7800000)]
  0x0000027e661d6000 JavaThread "Build operations Thread 4" [_thread_blocked, id=1304, stack(0x00000091d7800000,0x00000091d7900000)]
  0x0000027e661d0000 JavaThread "build event listener" [_thread_blocked, id=2104, stack(0x00000091d7900000,0x00000091d7a00000)]
  0x0000027e661d1000 JavaThread "Execution worker for ':'" [_thread_in_Java, id=5436, stack(0x00000091d7a00000,0x00000091d7b00000)]
  0x0000027e661d2800 JavaThread "Execution worker for ':' Thread 2" [_thread_blocked, id=2400, stack(0x00000091d7b00000,0x00000091d7c00000)]
  0x0000027e661db000 JavaThread "Execution worker for ':' Thread 3" [_thread_blocked, id=6104, stack(0x00000091d7e00000,0x00000091d7f00000)]
  0x0000027e661dc800 JavaThread "Cache worker for execution history cache (C:\Users\MinhNgan\AndroidStudioProjects\Android_hepat\.gradle\7.0.2\executionHistory)" [_thread_blocked, id=1564, stack(0x00000091d7f00000,0x00000091d8000000)]

Other Threads:
  0x0000027e63610000 VMThread "VM Thread" [stack: 0x00000091d5000000,0x00000091d5100000] [id=8156]
  0x0000027e6413f000 WatcherThread [stack: 0x00000091d5a00000,0x00000091d5b00000] [id=3104]
  0x0000027e492c0000 GCTaskThread "GC Thread#0" [stack: 0x00000091d4b00000,0x00000091d4c00000] [id=1132]
  0x0000027e647e6000 GCTaskThread "GC Thread#1" [stack: 0x00000091d5b00000,0x00000091d5c00000] [id=3224]
  0x0000027e65b78800 GCTaskThread "GC Thread#2" [stack: 0x00000091d6600000,0x00000091d6700000] [id=8120]
  0x0000027e65b79000 GCTaskThread "GC Thread#3" [stack: 0x00000091d6700000,0x00000091d6800000] [id=6584]
  0x0000027e492f3000 ConcurrentGCThread "G1 Main Marker" [stack: 0x00000091d4c00000,0x00000091d4d00000] [id=4548]
  0x0000027e492f4000 ConcurrentGCThread "G1 Conc#0" [stack: 0x00000091d4d00000,0x00000091d4e00000] [id=6960]
  0x0000027e4934d800 ConcurrentGCThread "G1 Refine#0" [stack: 0x00000091d4e00000,0x00000091d4f00000] [id=5932]
  0x0000027e4934f800 ConcurrentGCThread "G1 Young RemSet Sampling" [stack: 0x00000091d4f00000,0x00000091d5000000] [id=6992]

Threads with active compile tasks:
C2 CompilerThread0 313541 12215       4       java.lang.String::split (7 bytes)

VM state:not at safepoint (normal execution)

VM Mutex/Monitor currently owned by a thread: None

Heap address: 0x0000000080000000, size: 2048 MB, Compressed Oops mode: 32-bit
Narrow klass base: 0x0000000000000000, Narrow klass shift: 3
Compressed class space size: 1073741824 Address: 0x0000000100000000

Heap:
 garbage-first heap   total 201728K, used 114619K [0x0000000080000000, 0x0000000100000000)
  region size 1024K, 39 young (39936K), 8 survivors (8192K)
 Metaspace       used 87467K, capacity 89719K, committed 89980K, reserved 1128448K
  class space    used 11169K, capacity 12001K, committed 12032K, reserved 1048576K
Heap Regions: E=young(eden), S=young(survivor), O=old, HS=humongous(starts), HC=humongous(continues), CS=collection set, F=free, A=archive, TAMS=top-at-mark-start (previous, next)
|   0|0x0000000080000000, 0x0000000080100000, 0x0000000080100000|100%|HS|  |TAMS 0x0000000080100000, 0x0000000080000000| Complete 
|   1|0x0000000080100000, 0x0000000080200000, 0x0000000080200000|100%|HC|  |TAMS 0x0000000080200000, 0x0000000080100000| Complete 
|   2|0x0000000080200000, 0x0000000080300000, 0x0000000080300000|100%|HC|  |TAMS 0x0000000080300000, 0x0000000080200000| Complete 
|   3|0x0000000080300000, 0x0000000080400000, 0x0000000080400000|100%| O|  |TAMS 0x0000000080400000, 0x0000000080300000| Untracked 
|   4|0x0000000080400000, 0x0000000080500000, 0x0000000080500000|100%| O|  |TAMS 0x0000000080500000, 0x0000000080400000| Untracked 
|   5|0x0000000080500000, 0x0000000080600000, 0x0000000080600000|100%| O|  |TAMS 0x0000000080600000, 0x0000000080500000| Untracked 
|   6|0x0000000080600000, 0x0000000080700000, 0x0000000080700000|100%| O|  |TAMS 0x0000000080700000, 0x0000000080600000| Untracked 
|   7|0x0000000080700000, 0x0000000080800000, 0x0000000080800000|100%| O|  |TAMS 0x0000000080800000, 0x0000000080700000| Untracked 
|   8|0x0000000080800000, 0x0000000080900000, 0x0000000080900000|100%| O|  |TAMS 0x0000000080900000, 0x0000000080800000| Untracked 
|   9|0x0000000080900000, 0x0000000080a00000, 0x0000000080a00000|100%| O|  |TAMS 0x0000000080a00000, 0x0000000080900000| Untracked 
|  10|0x0000000080a00000, 0x0000000080b00000, 0x0000000080b00000|100%| O|  |TAMS 0x0000000080b00000, 0x0000000080a00000| Untracked 
|  11|0x0000000080b00000, 0x0000000080c00000, 0x0000000080c00000|100%| O|  |TAMS 0x0000000080c00000, 0x0000000080b00000| Untracked 
|  12|0x0000000080c00000, 0x0000000080d00000, 0x0000000080d00000|100%| O|  |TAMS 0x0000000080d00000, 0x0000000080c00000| Untracked 
|  13|0x0000000080d00000, 0x0000000080e00000, 0x0000000080e00000|100%| O|  |TAMS 0x0000000080e00000, 0x0000000080d00000| Untracked 
|  14|0x0000000080e00000, 0x0000000080f00000, 0x0000000080f00000|100%| O|  |TAMS 0x0000000080f00000, 0x0000000080e00000| Untracked 
|  15|0x0000000080f00000, 0x0000000081000000, 0x0000000081000000|100%| O|  |TAMS 0x0000000081000000, 0x0000000080f00000| Untracked 
|  16|0x0000000081000000, 0x0000000081100000, 0x0000000081100000|100%| O|  |TAMS 0x0000000081100000, 0x0000000081000000| Untracked 
|  17|0x0000000081100000, 0x0000000081200000, 0x0000000081200000|100%| O|  |TAMS 0x0000000081200000, 0x0000000081100000| Untracked 
|  18|0x0000000081200000, 0x0000000081300000, 0x0000000081300000|100%| O|  |TAMS 0x0000000081300000, 0x0000000081200000| Untracked 
|  19|0x0000000081300000, 0x0000000081400000, 0x0000000081400000|100%| O|  |TAMS 0x0000000081400000, 0x0000000081300000| Untracked 
|  20|0x0000000081400000, 0x0000000081500000, 0x0000000081500000|100%| O|  |TAMS 0x0000000081500000, 0x0000000081400000| Untracked 
|  21|0x0000000081500000, 0x0000000081600000, 0x0000000081600000|100%| O|  |TAMS 0x0000000081600000, 0x0000000081500000| Untracked 
|  22|0x0000000081600000, 0x0000000081700000, 0x0000000081700000|100%|HS|  |TAMS 0x0000000081700000, 0x0000000081600000| Complete 
|  23|0x0000000081700000, 0x0000000081800000, 0x0000000081800000|100%| O|  |TAMS 0x0000000081800000, 0x0000000081700000| Untracked 
|  24|0x0000000081800000, 0x0000000081900000, 0x0000000081900000|100%| O|  |TAMS 0x0000000081900000, 0x0000000081800000| Untracked 
|  25|0x0000000081900000, 0x0000000081a00000, 0x0000000081a00000|100%| O|  |TAMS 0x0000000081a00000, 0x0000000081900000| Untracked 
|  26|0x0000000081a00000, 0x0000000081b00000, 0x0000000081b00000|100%| O|  |TAMS 0x0000000081b00000, 0x0000000081a00000| Untracked 
|  27|0x0000000081b00000, 0x0000000081c00000, 0x0000000081c00000|100%|HS|  |TAMS 0x0000000081c00000, 0x0000000081b00000| Complete 
|  28|0x0000000081c00000, 0x0000000081d00000, 0x0000000081d00000|100%|HS|  |TAMS 0x0000000081d00000, 0x0000000081c00000| Complete 
|  29|0x0000000081d00000, 0x0000000081e00000, 0x0000000081e00000|100%|HC|  |TAMS 0x0000000081e00000, 0x0000000081d00000| Complete 
|  30|0x0000000081e00000, 0x0000000081f00000, 0x0000000081f00000|100%| O|  |TAMS 0x0000000081f00000, 0x0000000081e00000| Untracked 
|  31|0x0000000081f00000, 0x0000000082000000, 0x0000000082000000|100%| O|  |TAMS 0x0000000082000000, 0x0000000081f00000| Untracked 
|  32|0x0000000082000000, 0x0000000082100000, 0x0000000082100000|100%| O|  |TAMS 0x0000000082100000, 0x0000000082000000| Untracked 
|  33|0x0000000082100000, 0x0000000082200000, 0x0000000082200000|100%| O|  |TAMS 0x0000000082200000, 0x0000000082100000| Untracked 
|  34|0x0000000082200000, 0x0000000082300000, 0x0000000082300000|100%| O|  |TAMS 0x0000000082300000, 0x0000000082200000| Untracked 
|  35|0x0000000082300000, 0x0000000082400000, 0x0000000082400000|100%| O|  |TAMS 0x0000000082400000, 0x0000000082300000| Untracked 
|  36|0x0000000082400000, 0x0000000082500000, 0x0000000082500000|100%| O|  |TAMS 0x0000000082500000, 0x0000000082400000| Untracked 
|  37|0x0000000082500000, 0x0000000082600000, 0x0000000082600000|100%| O|  |TAMS 0x0000000082600000, 0x0000000082500000| Untracked 
|  38|0x0000000082600000, 0x0000000082700000, 0x0000000082700000|100%| O|  |TAMS 0x0000000082700000, 0x0000000082600000| Untracked 
|  39|0x0000000082700000, 0x0000000082800000, 0x0000000082800000|100%| O|  |TAMS 0x0000000082800000, 0x0000000082700000| Untracked 
|  40|0x0000000082800000, 0x0000000082900000, 0x0000000082900000|100%| O|  |TAMS 0x0000000082900000, 0x0000000082800000| Untracked 
|  41|0x0000000082900000, 0x0000000082a00000, 0x0000000082a00000|100%| O|  |TAMS 0x0000000082a00000, 0x0000000082900000| Untracked 
|  42|0x0000000082a00000, 0x0000000082b00000, 0x0000000082b00000|100%| O|  |TAMS 0x0000000082b00000, 0x0000000082a00000| Untracked 
|  43|0x0000000082b00000, 0x0000000082c00000, 0x0000000082c00000|100%| O|  |TAMS 0x0000000082c00000, 0x0000000082b00000| Untracked 
|  44|0x0000000082c00000, 0x0000000082d00000, 0x0000000082d00000|100%| O|  |TAMS 0x0000000082d00000, 0x0000000082c00000| Untracked 
|  45|0x0000000082d00000, 0x0000000082e00000, 0x0000000082e00000|100%| O|  |TAMS 0x0000000082e00000, 0x0000000082d00000| Untracked 
|  46|0x0000000082e00000, 0x0000000082f00000, 0x0000000082f00000|100%| O|  |TAMS 0x0000000082f00000, 0x0000000082e00000| Untracked 
|  47|0x0000000082f00000, 0x0000000083000000, 0x0000000083000000|100%| O|  |TAMS 0x0000000083000000, 0x0000000082f00000| Untracked 
|  48|0x0000000083000000, 0x0000000083100000, 0x0000000083100000|100%| O|  |TAMS 0x0000000083100000, 0x0000000083000000| Untracked 
|  49|0x0000000083100000, 0x0000000083200000, 0x0000000083200000|100%| O|  |TAMS 0x0000000083200000, 0x0000000083100000| Untracked 
|  50|0x0000000083200000, 0x0000000083300000, 0x0000000083300000|100%| O|  |TAMS 0x0000000083300000, 0x0000000083200000| Untracked 
|  51|0x0000000083300000, 0x0000000083400000, 0x0000000083400000|100%| O|  |TAMS 0x0000000083400000, 0x0000000083300000| Untracked 
|  52|0x0000000083400000, 0x0000000083500000, 0x0000000083500000|100%| O|  |TAMS 0x0000000083500000, 0x0000000083400000| Untracked 
|  53|0x0000000083500000, 0x0000000083600000, 0x0000000083600000|100%| O|  |TAMS 0x0000000083600000, 0x0000000083500000| Untracked 
|  54|0x0000000083600000, 0x0000000083700000, 0x0000000083700000|100%| O|  |TAMS 0x0000000083700000, 0x0000000083600000| Untracked 
|  55|0x0000000083700000, 0x0000000083800000, 0x0000000083800000|100%| O|  |TAMS 0x0000000083800000, 0x0000000083700000| Untracked 
|  56|0x0000000083800000, 0x0000000083900000, 0x0000000083900000|100%| O|  |TAMS 0x0000000083900000, 0x0000000083800000| Untracked 
|  57|0x0000000083900000, 0x0000000083a00000, 0x0000000083a00000|100%| O|  |TAMS 0x0000000083a00000, 0x0000000083900000| Untracked 
|  58|0x0000000083a00000, 0x0000000083b00000, 0x0000000083b00000|100%| O|  |TAMS 0x0000000083b00000, 0x0000000083a00000| Untracked 
|  59|0x0000000083b00000, 0x0000000083c00000, 0x0000000083c00000|100%| O|  |TAMS 0x0000000083c00000, 0x0000000083b00000| Untracked 
|  60|0x0000000083c00000, 0x0000000083d00000, 0x0000000083d00000|100%| O|  |TAMS 0x0000000083d00000, 0x0000000083c00000| Untracked 
|  61|0x0000000083d00000, 0x0000000083e00000, 0x0000000083e00000|100%| O|  |TAMS 0x0000000083e00000, 0x0000000083d00000| Untracked 
|  62|0x0000000083e00000, 0x0000000083f00000, 0x0000000083f00000|100%| O|  |TAMS 0x0000000083f00000, 0x0000000083e00000| Untracked 
|  63|0x0000000083f00000, 0x0000000084000000, 0x0000000084000000|100%| O|  |TAMS 0x0000000084000000, 0x0000000083f00000| Untracked 
|  64|0x0000000084000000, 0x0000000084100000, 0x0000000084100000|100%| O|  |TAMS 0x0000000084044c00, 0x0000000084000000| Untracked 
|  65|0x0000000084100000, 0x0000000084200000, 0x0000000084200000|100%| O|  |TAMS 0x0000000084100000, 0x0000000084100000| Untracked 
|  66|0x0000000084200000, 0x0000000084300000, 0x0000000084300000|100%| O|  |TAMS 0x0000000084200000, 0x0000000084200000| Untracked 
|  67|0x0000000084300000, 0x0000000084400000, 0x0000000084400000|100%| O|  |TAMS 0x0000000084300000, 0x0000000084300000| Untracked 
|  68|0x0000000084400000, 0x0000000084500000, 0x0000000084500000|100%| O|  |TAMS 0x0000000084400000, 0x0000000084400000| Untracked 
|  69|0x0000000084500000, 0x0000000084600000, 0x0000000084600000|100%| O|  |TAMS 0x0000000084500000, 0x0000000084500000| Untracked 
|  70|0x0000000084600000, 0x0000000084700000, 0x0000000084700000|100%| O|  |TAMS 0x0000000084600000, 0x0000000084600000| Untracked 
|  71|0x0000000084700000, 0x0000000084800000, 0x0000000084800000|100%| O|  |TAMS 0x0000000084700000, 0x0000000084700000| Untracked 
|  72|0x0000000084800000, 0x0000000084900000, 0x0000000084900000|100%| O|  |TAMS 0x0000000084800000, 0x0000000084800000| Untracked 
|  73|0x0000000084900000, 0x0000000084a00000, 0x0000000084a00000|100%| O|  |TAMS 0x0000000084900000, 0x0000000084900000| Untracked 
|  74|0x0000000084a00000, 0x0000000084a8e000, 0x0000000084b00000| 55%| O|  |TAMS 0x0000000084a00000, 0x0000000084a00000| Untracked 
|  75|0x0000000084b00000, 0x0000000084b00000, 0x0000000084c00000|  0%| F|  |TAMS 0x0000000084b00000, 0x0000000084b00000| Untracked 
|  76|0x0000000084c00000, 0x0000000084c00000, 0x0000000084d00000|  0%| F|  |TAMS 0x0000000084c00000, 0x0000000084c00000| Untracked 
|  77|0x0000000084d00000, 0x0000000084d00000, 0x0000000084e00000|  0%| F|  |TAMS 0x0000000084d00000, 0x0000000084d00000| Untracked 
|  78|0x0000000084e00000, 0x0000000084e00000, 0x0000000084f00000|  0%| F|  |TAMS 0x0000000084e00000, 0x0000000084e00000| Untracked 
|  79|0x0000000084f00000, 0x0000000084f00000, 0x0000000085000000|  0%| F|  |TAMS 0x0000000084f00000, 0x0000000084f00000| Untracked 
|  80|0x0000000085000000, 0x0000000085000000, 0x0000000085100000|  0%| F|  |TAMS 0x0000000085000000, 0x0000000085000000| Untracked 
|  81|0x0000000085100000, 0x0000000085100000, 0x0000000085200000|  0%| F|  |TAMS 0x0000000085100000, 0x0000000085100000| Untracked 
|  82|0x0000000085200000, 0x0000000085200000, 0x0000000085300000|  0%| F|  |TAMS 0x0000000085200000, 0x0000000085200000| Untracked 
|  83|0x0000000085300000, 0x0000000085300000, 0x0000000085400000|  0%| F|  |TAMS 0x0000000085300000, 0x0000000085300000| Untracked 
|  84|0x0000000085400000, 0x0000000085400000, 0x0000000085500000|  0%| F|  |TAMS 0x0000000085400000, 0x0000000085400000| Untracked 
|  85|0x0000000085500000, 0x0000000085500000, 0x0000000085600000|  0%| F|  |TAMS 0x0000000085500000, 0x0000000085500000| Untracked 
|  86|0x0000000085600000, 0x0000000085600000, 0x0000000085700000|  0%| F|  |TAMS 0x0000000085600000, 0x0000000085600000| Untracked 
|  87|0x0000000085700000, 0x0000000085700000, 0x0000000085800000|  0%| F|  |TAMS 0x0000000085700000, 0x0000000085700000| Untracked 
|  88|0x0000000085800000, 0x0000000085800000, 0x0000000085900000|  0%| F|  |TAMS 0x0000000085800000, 0x0000000085800000| Untracked 
|  89|0x0000000085900000, 0x0000000085900000, 0x0000000085a00000|  0%| F|  |TAMS 0x0000000085900000, 0x0000000085900000| Untracked 
|  90|0x0000000085a00000, 0x0000000085a00000, 0x0000000085b00000|  0%| F|  |TAMS 0x0000000085a00000, 0x0000000085a00000| Untracked 
|  91|0x0000000085b00000, 0x0000000085b00000, 0x0000000085c00000|  0%| F|  |TAMS 0x0000000085b00000, 0x0000000085b00000| Untracked 
|  92|0x0000000085c00000, 0x0000000085c00000, 0x0000000085d00000|  0%| F|  |TAMS 0x0000000085c00000, 0x0000000085c00000| Untracked 
|  93|0x0000000085d00000, 0x0000000085d00000, 0x0000000085e00000|  0%| F|  |TAMS 0x0000000085d00000, 0x0000000085d00000| Untracked 
|  94|0x0000000085e00000, 0x0000000085e00000, 0x0000000085f00000|  0%| F|  |TAMS 0x0000000085e00000, 0x0000000085e00000| Untracked 
|  95|0x0000000085f00000, 0x0000000085f00000, 0x0000000086000000|  0%| F|  |TAMS 0x0000000085f00000, 0x0000000085f00000| Untracked 
|  96|0x0000000086000000, 0x0000000086000000, 0x0000000086100000|  0%| F|  |TAMS 0x0000000086000000, 0x0000000086000000| Untracked 
|  97|0x0000000086100000, 0x0000000086100000, 0x0000000086200000|  0%| F|  |TAMS 0x0000000086100000, 0x0000000086100000| Untracked 
|  98|0x0000000086200000, 0x0000000086260d60, 0x0000000086300000| 37%| S|CS|TAMS 0x0000000086200000, 0x0000000086200000| Complete 
|  99|0x0000000086300000, 0x0000000086400000, 0x0000000086400000|100%| S|CS|TAMS 0x0000000086300000, 0x0000000086300000| Complete 
| 100|0x0000000086400000, 0x0000000086500000, 0x0000000086500000|100%| S|CS|TAMS 0x0000000086400000, 0x0000000086400000| Complete 
| 101|0x0000000086500000, 0x0000000086600000, 0x0000000086600000|100%| S|CS|TAMS 0x0000000086500000, 0x0000000086500000| Complete 
| 102|0x0000000086600000, 0x0000000086700000, 0x0000000086700000|100%| S|CS|TAMS 0x0000000086600000, 0x0000000086600000| Complete 
| 103|0x0000000086700000, 0x0000000086700000, 0x0000000086800000|  0%| F|  |TAMS 0x0000000086700000, 0x0000000086700000| Untracked 
| 104|0x0000000086800000, 0x0000000086800000, 0x0000000086900000|  0%| F|  |TAMS 0x0000000086800000, 0x0000000086800000| Untracked 
| 105|0x0000000086900000, 0x0000000086900000, 0x0000000086a00000|  0%| F|  |TAMS 0x0000000086900000, 0x0000000086900000| Untracked 
| 106|0x0000000086a00000, 0x0000000086a00000, 0x0000000086b00000|  0%| F|  |TAMS 0x0000000086a00000, 0x0000000086a00000| Untracked 
| 107|0x0000000086b00000, 0x0000000086b00000, 0x0000000086c00000|  0%| F|  |TAMS 0x0000000086b00000, 0x0000000086b00000| Untracked 
| 108|0x0000000086c00000, 0x0000000086c00000, 0x0000000086d00000|  0%| F|  |TAMS 0x0000000086c00000, 0x0000000086c00000| Untracked 
| 109|0x0000000086d00000, 0x0000000086d00000, 0x0000000086e00000|  0%| F|  |TAMS 0x0000000086d00000, 0x0000000086d00000| Untracked 
| 110|0x0000000086e00000, 0x0000000086e00000, 0x0000000086f00000|  0%| F|  |TAMS 0x0000000086e00000, 0x0000000086e00000| Untracked 
| 111|0x0000000086f00000, 0x0000000086f00000, 0x0000000087000000|  0%| F|  |TAMS 0x0000000086f00000, 0x0000000086f00000| Untracked 
| 112|0x0000000087000000, 0x0000000087100000, 0x0000000087100000|100%| S|CS|TAMS 0x0000000087000000, 0x0000000087000000| Complete 
| 113|0x0000000087100000, 0x0000000087200000, 0x0000000087200000|100%| S|CS|TAMS 0x0000000087100000, 0x0000000087100000| Complete 
| 114|0x0000000087200000, 0x0000000087300000, 0x0000000087300000|100%| S|CS|TAMS 0x0000000087200000, 0x0000000087200000| Complete 
| 115|0x0000000087300000, 0x0000000087300000, 0x0000000087400000|  0%| F|  |TAMS 0x0000000087300000, 0x0000000087300000| Untracked 
| 116|0x0000000087400000, 0x0000000087400000, 0x0000000087500000|  0%| F|  |TAMS 0x0000000087400000, 0x0000000087400000| Untracked 
| 117|0x0000000087500000, 0x0000000087500000, 0x0000000087600000|  0%| F|  |TAMS 0x0000000087500000, 0x0000000087500000| Untracked 
| 118|0x0000000087600000, 0x0000000087600000, 0x0000000087700000|  0%| F|  |TAMS 0x0000000087600000, 0x0000000087600000| Untracked 
| 119|0x0000000087700000, 0x0000000087700000, 0x0000000087800000|  0%| F|  |TAMS 0x0000000087700000, 0x0000000087700000| Untracked 
| 120|0x0000000087800000, 0x0000000087800000, 0x0000000087900000|  0%| F|  |TAMS 0x0000000087800000, 0x0000000087800000| Untracked 
| 121|0x0000000087900000, 0x0000000087900000, 0x0000000087a00000|  0%| F|  |TAMS 0x0000000087900000, 0x0000000087900000| Untracked 
| 122|0x0000000087a00000, 0x0000000087a00000, 0x0000000087b00000|  0%| F|  |TAMS 0x0000000087a00000, 0x0000000087a00000| Untracked 
| 123|0x0000000087b00000, 0x0000000087b00000, 0x0000000087c00000|  0%| F|  |TAMS 0x0000000087b00000, 0x0000000087b00000| Untracked 
| 124|0x0000000087c00000, 0x0000000087c00000, 0x0000000087d00000|  0%| F|  |TAMS 0x0000000087c00000, 0x0000000087c00000| Untracked 
| 125|0x0000000087d00000, 0x0000000087d00000, 0x0000000087e00000|  0%| F|  |TAMS 0x0000000087d00000, 0x0000000087d00000| Untracked 
| 126|0x0000000087e00000, 0x0000000087e00000, 0x0000000087f00000|  0%| F|  |TAMS 0x0000000087e00000, 0x0000000087e00000| Untracked 
| 127|0x0000000087f00000, 0x0000000087f00000, 0x0000000088000000|  0%| F|  |TAMS 0x0000000087f00000, 0x0000000087f00000| Untracked 
| 128|0x0000000088000000, 0x0000000088000000, 0x0000000088100000|  0%| F|  |TAMS 0x0000000088000000, 0x0000000088000000| Untracked 
| 129|0x0000000088100000, 0x0000000088100000, 0x0000000088200000|  0%| F|  |TAMS 0x0000000088100000, 0x0000000088100000| Untracked 
| 130|0x0000000088200000, 0x0000000088200000, 0x0000000088300000|  0%| F|  |TAMS 0x0000000088200000, 0x0000000088200000| Untracked 
| 131|0x0000000088300000, 0x0000000088300000, 0x0000000088400000|  0%| F|  |TAMS 0x0000000088300000, 0x0000000088300000| Untracked 
| 132|0x0000000088400000, 0x0000000088400000, 0x0000000088500000|  0%| F|  |TAMS 0x0000000088400000, 0x0000000088400000| Untracked 
| 133|0x0000000088500000, 0x0000000088500000, 0x0000000088600000|  0%| F|  |TAMS 0x0000000088500000, 0x0000000088500000| Untracked 
| 134|0x0000000088600000, 0x0000000088600000, 0x0000000088700000|  0%| F|  |TAMS 0x0000000088600000, 0x0000000088600000| Untracked 
| 135|0x0000000088700000, 0x0000000088700000, 0x0000000088800000|  0%| F|  |TAMS 0x0000000088700000, 0x0000000088700000| Untracked 
| 136|0x0000000088800000, 0x0000000088800000, 0x0000000088900000|  0%| F|  |TAMS 0x0000000088800000, 0x0000000088800000| Untracked 
| 137|0x0000000088900000, 0x0000000088900000, 0x0000000088a00000|  0%| F|  |TAMS 0x0000000088900000, 0x0000000088900000| Untracked 
| 138|0x0000000088a00000, 0x0000000088a00000, 0x0000000088b00000|  0%| F|  |TAMS 0x0000000088a00000, 0x0000000088a00000| Untracked 
| 139|0x0000000088b00000, 0x0000000088b00000, 0x0000000088c00000|  0%| F|  |TAMS 0x0000000088b00000, 0x0000000088b00000| Untracked 
| 140|0x0000000088c00000, 0x0000000088c00000, 0x0000000088d00000|  0%| F|  |TAMS 0x0000000088c00000, 0x0000000088c00000| Untracked 
| 141|0x0000000088d00000, 0x0000000088d00000, 0x0000000088e00000|  0%| F|  |TAMS 0x0000000088d00000, 0x0000000088d00000| Untracked 
| 142|0x0000000088e00000, 0x0000000088e00000, 0x0000000088f00000|  0%| F|  |TAMS 0x0000000088e00000, 0x0000000088e00000| Untracked 
| 143|0x0000000088f00000, 0x0000000088f00000, 0x0000000089000000|  0%| F|  |TAMS 0x0000000088f00000, 0x0000000088f00000| Untracked 
| 144|0x0000000089000000, 0x0000000089000000, 0x0000000089100000|  0%| F|  |TAMS 0x0000000089000000, 0x0000000089000000| Untracked 
| 145|0x0000000089100000, 0x0000000089100000, 0x0000000089200000|  0%| F|  |TAMS 0x0000000089100000, 0x0000000089100000| Untracked 
| 146|0x0000000089200000, 0x0000000089200000, 0x0000000089300000|  0%| F|  |TAMS 0x0000000089200000, 0x0000000089200000| Untracked 
| 147|0x0000000089300000, 0x0000000089300000, 0x0000000089400000|  0%| F|  |TAMS 0x0000000089300000, 0x0000000089300000| Untracked 
| 148|0x0000000089400000, 0x0000000089400000, 0x0000000089500000|  0%| F|  |TAMS 0x0000000089400000, 0x0000000089400000| Untracked 
| 149|0x0000000089500000, 0x0000000089500000, 0x0000000089600000|  0%| F|  |TAMS 0x0000000089500000, 0x0000000089500000| Untracked 
| 150|0x0000000089600000, 0x0000000089600000, 0x0000000089700000|  0%| F|  |TAMS 0x0000000089600000, 0x0000000089600000| Untracked 
| 151|0x0000000089700000, 0x0000000089700000, 0x0000000089800000|  0%| F|  |TAMS 0x0000000089700000, 0x0000000089700000| Untracked 
| 152|0x0000000089800000, 0x0000000089800000, 0x0000000089900000|  0%| F|  |TAMS 0x0000000089800000, 0x0000000089800000| Untracked 
| 153|0x0000000089900000, 0x0000000089900000, 0x0000000089a00000|  0%| F|  |TAMS 0x0000000089900000, 0x0000000089900000| Untracked 
| 154|0x0000000089a00000, 0x0000000089a00000, 0x0000000089b00000|  0%| F|  |TAMS 0x0000000089a00000, 0x0000000089a00000| Untracked 
| 155|0x0000000089b00000, 0x0000000089b00000, 0x0000000089c00000|  0%| F|  |TAMS 0x0000000089b00000, 0x0000000089b00000| Untracked 
| 156|0x0000000089c00000, 0x0000000089c00000, 0x0000000089d00000|  0%| F|  |TAMS 0x0000000089c00000, 0x0000000089c00000| Untracked 
| 157|0x0000000089d00000, 0x0000000089d00000, 0x0000000089e00000|  0%| F|  |TAMS 0x0000000089d00000, 0x0000000089d00000| Untracked 
| 158|0x0000000089e00000, 0x0000000089e00000, 0x0000000089f00000|  0%| F|  |TAMS 0x0000000089e00000, 0x0000000089e00000| Untracked 
| 159|0x0000000089f00000, 0x0000000089f00000, 0x000000008a000000|  0%| F|  |TAMS 0x0000000089f00000, 0x0000000089f00000| Untracked 
| 160|0x000000008a000000, 0x000000008a000000, 0x000000008a100000|  0%| F|  |TAMS 0x000000008a000000, 0x000000008a000000| Untracked 
| 161|0x000000008a100000, 0x000000008a100000, 0x000000008a200000|  0%| F|  |TAMS 0x000000008a100000, 0x000000008a100000| Untracked 
| 162|0x000000008a200000, 0x000000008a200000, 0x000000008a300000|  0%| F|  |TAMS 0x000000008a200000, 0x000000008a200000| Untracked 
| 163|0x000000008a300000, 0x000000008a300000, 0x000000008a400000|  0%| F|  |TAMS 0x000000008a300000, 0x000000008a300000| Untracked 
| 164|0x000000008a400000, 0x000000008a400000, 0x000000008a500000|  0%| F|  |TAMS 0x000000008a400000, 0x000000008a400000| Untracked 
| 165|0x000000008a500000, 0x000000008a500000, 0x000000008a600000|  0%| F|  |TAMS 0x000000008a500000, 0x000000008a500000| Untracked 
| 166|0x000000008a600000, 0x000000008a6b9e08, 0x000000008a700000| 72%| E|  |TAMS 0x000000008a600000, 0x000000008a600000| Complete 
| 167|0x000000008a700000, 0x000000008a800000, 0x000000008a800000|100%| E|CS|TAMS 0x000000008a700000, 0x000000008a700000| Complete 
| 168|0x000000008a800000, 0x000000008a900000, 0x000000008a900000|100%| E|CS|TAMS 0x000000008a800000, 0x000000008a800000| Complete 
| 169|0x000000008a900000, 0x000000008aa00000, 0x000000008aa00000|100%| E|CS|TAMS 0x000000008a900000, 0x000000008a900000| Complete 
| 170|0x000000008aa00000, 0x000000008ab00000, 0x000000008ab00000|100%| E|CS|TAMS 0x000000008aa00000, 0x000000008aa00000| Complete 
| 171|0x000000008ab00000, 0x000000008ac00000, 0x000000008ac00000|100%| E|CS|TAMS 0x000000008ab00000, 0x000000008ab00000| Complete 
| 172|0x000000008ac00000, 0x000000008ad00000, 0x000000008ad00000|100%| E|CS|TAMS 0x000000008ac00000, 0x000000008ac00000| Complete 
| 173|0x000000008ad00000, 0x000000008ae00000, 0x000000008ae00000|100%| E|CS|TAMS 0x000000008ad00000, 0x000000008ad00000| Complete 
| 174|0x000000008ae00000, 0x000000008af00000, 0x000000008af00000|100%| E|CS|TAMS 0x000000008ae00000, 0x000000008ae00000| Complete 
| 175|0x000000008af00000, 0x000000008b000000, 0x000000008b000000|100%| E|CS|TAMS 0x000000008af00000, 0x000000008af00000| Complete 
| 176|0x000000008b000000, 0x000000008b100000, 0x000000008b100000|100%| E|CS|TAMS 0x000000008b000000, 0x000000008b000000| Complete 
| 177|0x000000008b100000, 0x000000008b200000, 0x000000008b200000|100%| E|CS|TAMS 0x000000008b100000, 0x000000008b100000| Complete 
| 178|0x000000008b200000, 0x000000008b300000, 0x000000008b300000|100%| E|CS|TAMS 0x000000008b200000, 0x000000008b200000| Complete 
| 179|0x000000008b300000, 0x000000008b400000, 0x000000008b400000|100%| E|CS|TAMS 0x000000008b300000, 0x000000008b300000| Complete 
| 180|0x000000008b400000, 0x000000008b500000, 0x000000008b500000|100%| E|CS|TAMS 0x000000008b400000, 0x000000008b400000| Complete 
| 181|0x000000008b500000, 0x000000008b600000, 0x000000008b600000|100%| E|CS|TAMS 0x000000008b500000, 0x000000008b500000| Complete 
| 182|0x000000008b600000, 0x000000008b700000, 0x000000008b700000|100%| E|CS|TAMS 0x000000008b600000, 0x000000008b600000| Complete 
| 183|0x000000008b700000, 0x000000008b800000, 0x000000008b800000|100%| E|CS|TAMS 0x000000008b700000, 0x000000008b700000| Complete 
| 184|0x000000008b800000, 0x000000008b900000, 0x000000008b900000|100%| E|CS|TAMS 0x000000008b800000, 0x000000008b800000| Complete 
| 185|0x000000008b900000, 0x000000008ba00000, 0x000000008ba00000|100%| E|CS|TAMS 0x000000008b900000, 0x000000008b900000| Complete 
| 186|0x000000008ba00000, 0x000000008bb00000, 0x000000008bb00000|100%| E|CS|TAMS 0x000000008ba00000, 0x000000008ba00000| Complete 
| 187|0x000000008bb00000, 0x000000008bc00000, 0x000000008bc00000|100%| E|CS|TAMS 0x000000008bb00000, 0x000000008bb00000| Complete 
| 188|0x000000008bc00000, 0x000000008bd00000, 0x000000008bd00000|100%| E|CS|TAMS 0x000000008bc00000, 0x000000008bc00000| Complete 
| 189|0x000000008bd00000, 0x000000008be00000, 0x000000008be00000|100%| E|CS|TAMS 0x000000008bd00000, 0x000000008bd00000| Complete 
| 190|0x000000008be00000, 0x000000008bf00000, 0x000000008bf00000|100%| E|CS|TAMS 0x000000008be00000, 0x000000008be00000| Complete 
| 191|0x000000008bf00000, 0x000000008c000000, 0x000000008c000000|100%| E|CS|TAMS 0x000000008bf00000, 0x000000008bf00000| Complete 
| 192|0x000000008c000000, 0x000000008c100000, 0x000000008c100000|100%| E|CS|TAMS 0x000000008c000000, 0x000000008c000000| Complete 
| 193|0x000000008c100000, 0x000000008c200000, 0x000000008c200000|100%| E|CS|TAMS 0x000000008c100000, 0x000000008c100000| Complete 
| 194|0x000000008c200000, 0x000000008c300000, 0x000000008c300000|100%| E|CS|TAMS 0x000000008c200000, 0x000000008c200000| Complete 
| 195|0x000000008c300000, 0x000000008c400000, 0x000000008c400000|100%| E|CS|TAMS 0x000000008c300000, 0x000000008c300000| Complete 
| 196|0x000000008c400000, 0x000000008c500000, 0x000000008c500000|100%| E|CS|TAMS 0x000000008c400000, 0x000000008c400000| Complete 

Card table byte_map: [0x0000027e5c800000,0x0000027e5cc00000] _byte_map_base: 0x0000027e5c400000

Marking Bits (Prev, Next): (CMBitMap*) 0x0000027e492ea070, (CMBitMap*) 0x0000027e492ea038
 Prev Bits: [0x0000027e5f000000, 0x0000027e61000000)
 Next Bits: [0x0000027e5d000000, 0x0000027e5f000000)

Polling page: 0x0000027e4cda0000

Metaspace:

Usage:
  Non-class:     75.90 MB capacity,    74.51 MB ( 98%) used,     1.14 MB (  1%) free+waste,   255.56 KB ( <1%) overhead. 
      Class:     11.72 MB capacity,    10.91 MB ( 93%) used,   717.56 KB (  6%) free+waste,   113.94 KB ( <1%) overhead. 
       Both:     87.62 MB capacity,    85.42 MB ( 97%) used,     1.84 MB (  2%) free+waste,   369.50 KB ( <1%) overhead. 

Virtual space:
  Non-class space:       78.00 MB reserved,      76.12 MB ( 98%) committed 
      Class space:        1.00 GB reserved,      11.75 MB (  1%) committed 
             Both:        1.08 GB reserved,      87.87 MB (  8%) committed 

Chunk freelists:
   Non-Class:  38.00 KB
       Class:  0 bytes
        Both:  38.00 KB

MaxMetaspaceSize: 17179869184.00 GB
CompressedClassSpaceSize: 1.00 GB

CodeHeap 'non-profiled nmethods': size=120064Kb used=7006Kb max_used=7006Kb free=113058Kb
 bounds [0x0000027e54880000, 0x0000027e54f60000, 0x0000027e5bdc0000]
CodeHeap 'profiled nmethods': size=120000Kb used=26249Kb max_used=26249Kb free=93750Kb
 bounds [0x0000027e4d350000, 0x0000027e4ed00000, 0x0000027e54880000]
CodeHeap 'non-nmethods': size=5696Kb used=2288Kb max_used=2333Kb free=3407Kb
 bounds [0x0000027e4cdc0000, 0x0000027e4d030000, 0x0000027e4d350000]
 total_blobs=12903 nmethods=12015 adapters=799
 compilation: enabled
              stopped_count=0, restarted_count=0
 full_count=0

Compilation events (20 events):
Event: 313.361 Thread 0x0000027e63683000 12230       3       org.gradle.api.internal.artifacts.ivyservice.resolutionstrategy.DefaultCachePolicy$$Lambda$402/0x00000001005c6840::execute (16 bytes)
Event: 313.361 Thread 0x0000027e63683000 nmethod 12230 0x0000027e4ece8590 code [0x0000027e4ece8760, 0x0000027e4ece8bc8]
Event: 313.361 Thread 0x0000027e63683000 12231       3       org.gradle.api.internal.artifacts.ivyservice.resolutionstrategy.DefaultCachePolicy$$Lambda$401/0x00000001005c7440::execute (16 bytes)
Event: 313.362 Thread 0x0000027e63683000 nmethod 12231 0x0000027e4ece8d10 code [0x0000027e4ece8ee0, 0x0000027e4ece92c8]
Event: 313.362 Thread 0x0000027e63683000 12232       3       org.gradle.api.internal.artifacts.ivyservice.resolutionstrategy.DefaultCachePolicy::lambda$cacheChangingModulesFor$5 (18 bytes)
Event: 313.362 Thread 0x0000027e63683000 nmethod 12232 0x0000027e4ece9410 code [0x0000027e4ece95e0, 0x0000027e4ece9988]
Event: 313.362 Thread 0x0000027e63683000 12235       3       org.gradle.api.internal.artifacts.ivyservice.resolutionstrategy.DefaultCachePolicy::artifactExpiry (97 bytes)
Event: 313.363 Thread 0x0000027e63683000 nmethod 12235 0x0000027e4ece9b10 code [0x0000027e4ece9d80, 0x0000027e4ecea8d8]
Event: 313.363 Thread 0x0000027e63683000 12233       3       org.gradle.internal.resolve.result.DefaultBuildableArtifactResolveResult::getFailure (8 bytes)
Event: 313.364 Thread 0x0000027e63683000 nmethod 12233 0x0000027e4ecead10 code [0x0000027e4eceaf00, 0x0000027e4eceb4a8]
Event: 313.364 Thread 0x0000027e63683000 12234       3       org.gradle.internal.resolve.result.DefaultBuildableTypedResolveResult::getFailure (9 bytes)
Event: 313.364 Thread 0x0000027e63683000 nmethod 12234 0x0000027e4eceb610 code [0x0000027e4eceb7e0, 0x0000027e4ecebc48]
Event: 313.364 Thread 0x0000027e63683000 12236       3       org.gradle.api.internal.artifacts.ivyservice.resolutionstrategy.DefaultCachePolicy$CachedArtifactResolutionControl::<init> (14 bytes)
Event: 313.364 Thread 0x0000027e63683000 nmethod 12236 0x0000027e4ecebd90 code [0x0000027e4ecebf60, 0x0000027e4ecec1e8]
Event: 313.364 Thread 0x0000027e63683000 12237       3       org.gradle.api.internal.artifacts.ivyservice.resolutionstrategy.DefaultCachePolicy$CachedArtifactResolutionControl::<init> (23 bytes)
Event: 313.365 Thread 0x0000027e63683000 nmethod 12237 0x0000027e4ecec390 code [0x0000027e4ecec560, 0x0000027e4ecec958]
Event: 313.415 Thread 0x0000027e63683000 12238       3       org.gradle.api.internal.artifacts.metadata.ComponentArtifactIdentifierSerializer::write (10 bytes)
Event: 313.416 Thread 0x0000027e63683000 nmethod 12238 0x0000027e4ececb10 code [0x0000027e4ececce0, 0x0000027e4ececf08]
Event: 313.416 Thread 0x0000027e63683000 12239       3       org.gradle.api.internal.artifacts.metadata.ComponentArtifactIdentifierSerializer::write (66 bytes)
Event: 313.416 Thread 0x0000027e63683000 nmethod 12239 0x0000027e4eced010 code [0x0000027e4eced240, 0x0000027e4eced888]

GC Heap History (20 events):
Event: 28.638 GC heap before
{Heap before GC invocations=35 (full 0):
 garbage-first heap   total 114688K, used 84677K [0x0000000080000000, 0x0000000100000000)
  region size 1024K, 31 young (31744K), 4 survivors (4096K)
 Metaspace       used 70533K, capacity 72199K, committed 72316K, reserved 1112064K
  class space    used 9128K, capacity 9716K, committed 9728K, reserved 1048576K
}
Event: 28.652 GC heap after
{Heap after GC invocations=36 (full 0):
 garbage-first heap   total 114688K, used 59067K [0x0000000080000000, 0x0000000100000000)
  region size 1024K, 3 young (3072K), 3 survivors (3072K)
 Metaspace       used 70533K, capacity 72199K, committed 72316K, reserved 1112064K
  class space    used 9128K, capacity 9716K, committed 9728K, reserved 1048576K
}
Event: 29.529 GC heap before
{Heap before GC invocations=37 (full 0):
 garbage-first heap   total 114688K, used 86715K [0x0000000080000000, 0x0000000100000000)
  region size 1024K, 30 young (30720K), 3 survivors (3072K)
 Metaspace       used 72903K, capacity 74634K, committed 74748K, reserved 1114112K
  class space    used 9454K, capacity 10073K, committed 10112K, reserved 1048576K
}
Event: 29.538 GC heap after
{Heap after GC invocations=38 (full 0):
 garbage-first heap   total 114688K, used 60475K [0x0000000080000000, 0x0000000100000000)
  region size 1024K, 4 young (4096K), 4 survivors (4096K)
 Metaspace       used 72903K, capacity 74634K, committed 74748K, reserved 1114112K
  class space    used 9454K, capacity 10073K, committed 10112K, reserved 1048576K
}
Event: 31.066 GC heap before
{Heap before GC invocations=38 (full 0):
 garbage-first heap   total 114688K, used 89147K [0x0000000080000000, 0x0000000100000000)
  region size 1024K, 32 young (32768K), 4 survivors (4096K)
 Metaspace       used 76423K, capacity 78231K, committed 78332K, reserved 1118208K
  class space    used 9930K, capacity 10598K, committed 10624K, reserved 1048576K
}
Event: 31.142 GC heap after
{Heap after GC invocations=39 (full 0):
 garbage-first heap   total 138240K, used 62775K [0x0000000080000000, 0x0000000100000000)
  region size 1024K, 4 young (4096K), 4 survivors (4096K)
 Metaspace       used 76423K, capacity 78231K, committed 78332K, reserved 1118208K
  class space    used 9930K, capacity 10598K, committed 10624K, reserved 1048576K
}
Event: 34.078 GC heap before
{Heap before GC invocations=40 (full 0):
 garbage-first heap   total 138240K, used 102711K [0x0000000080000000, 0x0000000100000000)
  region size 1024K, 43 young (44032K), 4 survivors (4096K)
 Metaspace       used 79059K, capacity 80931K, committed 81020K, reserved 1120256K
  class space    used 10287K, capacity 10955K, committed 11008K, reserved 1048576K
}
Event: 34.106 GC heap after
{Heap after GC invocations=41 (full 0):
 garbage-first heap   total 138240K, used 65709K [0x0000000080000000, 0x0000000100000000)
  region size 1024K, 6 young (6144K), 6 survivors (6144K)
 Metaspace       used 79059K, capacity 80931K, committed 81020K, reserved 1120256K
  class space    used 10287K, capacity 10955K, committed 11008K, reserved 1048576K
}
Event: 36.559 GC heap before
{Heap before GC invocations=41 (full 0):
 garbage-first heap   total 138240K, used 104621K [0x0000000080000000, 0x0000000100000000)
  region size 1024K, 45 young (46080K), 6 survivors (6144K)
 Metaspace       used 79742K, capacity 81709K, committed 81916K, reserved 1120256K
  class space    used 10370K, capacity 11079K, committed 11136K, reserved 1048576K
}
Event: 36.596 GC heap after
{Heap after GC invocations=42 (full 0):
 garbage-first heap   total 138240K, used 68708K [0x0000000080000000, 0x0000000100000000)
  region size 1024K, 6 young (6144K), 6 survivors (6144K)
 Metaspace       used 79742K, capacity 81709K, committed 81916K, reserved 1120256K
  class space    used 10370K, capacity 11079K, committed 11136K, reserved 1048576K
}
Event: 38.794 GC heap before
{Heap before GC invocations=42 (full 0):
 garbage-first heap   total 138240K, used 106596K [0x0000000080000000, 0x0000000100000000)
  region size 1024K, 44 young (45056K), 6 survivors (6144K)
 Metaspace       used 80227K, capacity 82235K, committed 82556K, reserved 1120256K
  class space    used 10390K, capacity 11156K, committed 11264K, reserved 1048576K
}
Event: 38.834 GC heap after
{Heap after GC invocations=43 (full 0):
 garbage-first heap   total 138240K, used 71471K [0x0000000080000000, 0x0000000100000000)
  region size 1024K, 6 young (6144K), 6 survivors (6144K)
 Metaspace       used 80227K, capacity 82235K, committed 82556K, reserved 1120256K
  class space    used 10390K, capacity 11156K, committed 11264K, reserved 1048576K
}
Event: 42.464 GC heap before
{Heap before GC invocations=44 (full 0):
 garbage-first heap   total 138240K, used 108335K [0x0000000080000000, 0x0000000100000000)
  region size 1024K, 43 young (44032K), 6 survivors (6144K)
 Metaspace       used 80558K, capacity 82596K, committed 82812K, reserved 1120256K
  class space    used 10436K, capacity 11203K, committed 11264K, reserved 1048576K
}
Event: 42.521 GC heap after
{Heap after GC invocations=45 (full 0):
 garbage-first heap   total 201728K, used 73220K [0x0000000080000000, 0x0000000100000000)
  region size 1024K, 5 young (5120K), 5 survivors (5120K)
 Metaspace       used 80558K, capacity 82596K, committed 82812K, reserved 1120256K
  class space    used 10436K, capacity 11203K, committed 11264K, reserved 1048576K
}
Event: 45.532 GC heap before
{Heap before GC invocations=45 (full 0):
 garbage-first heap   total 201728K, used 143876K [0x0000000080000000, 0x0000000100000000)
  region size 1024K, 75 young (76800K), 5 survivors (5120K)
 Metaspace       used 82400K, capacity 84574K, committed 84860K, reserved 1122304K
  class space    used 10628K, capacity 11435K, committed 11520K, reserved 1048576K
}
Event: 45.556 GC heap after
{Heap after GC invocations=46 (full 0):
 garbage-first heap   total 201728K, used 77023K [0x0000000080000000, 0x0000000100000000)
  region size 1024K, 9 young (9216K), 9 survivors (9216K)
 Metaspace       used 82400K, capacity 84574K, committed 84860K, reserved 1122304K
  class space    used 10628K, capacity 11435K, committed 11520K, reserved 1048576K
}
Event: 47.003 GC heap before
{Heap before GC invocations=46 (full 0):
 garbage-first heap   total 201728K, used 153823K [0x0000000080000000, 0x0000000100000000)
  region size 1024K, 85 young (87040K), 9 survivors (9216K)
 Metaspace       used 84933K, capacity 87096K, committed 87164K, reserved 1124352K
  class space    used 10958K, capacity 11760K, committed 11776K, reserved 1048576K
}
Event: 47.037 GC heap after
{Heap after GC invocations=47 (full 0):
 garbage-first heap   total 201728K, used 79637K [0x0000000080000000, 0x0000000100000000)
  region size 1024K, 9 young (9216K), 9 survivors (9216K)
 Metaspace       used 84933K, capacity 87096K, committed 87164K, reserved 1124352K
  class space    used 10958K, capacity 11760K, committed 11776K, reserved 1048576K
}
Event: 308.592 GC heap before
{Heap before GC invocations=47 (full 0):
 garbage-first heap   total 201728K, used 162581K [0x0000000080000000, 0x0000000100000000)
  region size 1024K, 91 young (93184K), 9 survivors (9216K)
 Metaspace       used 86968K, capacity 89256K, committed 89468K, reserved 1126400K
  class space    used 11162K, capacity 11989K, committed 12032K, reserved 1048576K
}
Event: 309.042 GC heap after
{Heap after GC invocations=48 (full 0):
 garbage-first heap   total 201728K, used 83899K [0x0000000080000000, 0x0000000100000000)
  region size 1024K, 8 young (8192K), 8 survivors (8192K)
 Metaspace       used 86968K, capacity 89256K, committed 89468K, reserved 1126400K
  class space    used 11162K, capacity 11989K, committed 12032K, reserved 1048576K
}

Deoptimization events (20 events):
Event: 310.588 Thread 0x0000027e684ac800 DEOPT PACKING pc=0x0000027e4d80bd79 sp=0x00000091d5ff92f0
Event: 310.588 Thread 0x0000027e684ac800 DEOPT UNPACKING pc=0x0000027e4cde76ce sp=0x00000091d5ff87b8 mode 0
Event: 311.739 Thread 0x0000027e684ac800 Uncommon trap: trap_request=0xffffffbe fr.pc=0x0000027e54f07348 relative=0x0000000000000c28
Event: 311.739 Thread 0x0000027e684ac800 Uncommon trap: reason=profile_predicate action=maybe_recompile pc=0x0000027e54f07348 method=com.google.common.collect.ImmutableSet.construct(I[Ljava/lang/Object;)Lcom/google/common/collect/ImmutableSet; @ 68 c2
Event: 311.739 Thread 0x0000027e684ac800 DEOPT PACKING pc=0x0000027e54f07348 sp=0x00000091d5ff9e30
Event: 311.739 Thread 0x0000027e684ac800 DEOPT UNPACKING pc=0x0000027e4cde78af sp=0x00000091d5ff9dc0 mode 2
Event: 311.759 Thread 0x0000027e684ac800 Uncommon trap: trap_request=0xffffffbe fr.pc=0x0000027e54f07348 relative=0x0000000000000c28
Event: 311.759 Thread 0x0000027e684ac800 Uncommon trap: reason=profile_predicate action=maybe_recompile pc=0x0000027e54f07348 method=com.google.common.collect.ImmutableSet.construct(I[Ljava/lang/Object;)Lcom/google/common/collect/ImmutableSet; @ 68 c2
Event: 311.759 Thread 0x0000027e684ac800 DEOPT PACKING pc=0x0000027e54f07348 sp=0x00000091d5ff9f70
Event: 311.759 Thread 0x0000027e684ac800 DEOPT UNPACKING pc=0x0000027e4cde78af sp=0x00000091d5ff9f00 mode 2
Event: 311.760 Thread 0x0000027e684ac800 Uncommon trap: trap_request=0xffffffbe fr.pc=0x0000027e54f07348 relative=0x0000000000000c28
Event: 311.760 Thread 0x0000027e684ac800 Uncommon trap: reason=profile_predicate action=maybe_recompile pc=0x0000027e54f07348 method=com.google.common.collect.ImmutableSet.construct(I[Ljava/lang/Object;)Lcom/google/common/collect/ImmutableSet; @ 68 c2
Event: 311.760 Thread 0x0000027e684ac800 DEOPT PACKING pc=0x0000027e54f07348 sp=0x00000091d5ff9f80
Event: 311.760 Thread 0x0000027e684ac800 DEOPT UNPACKING pc=0x0000027e4cde78af sp=0x00000091d5ff9f10 mode 2
Event: 312.072 Thread 0x0000027e684ac800 Uncommon trap: trap_request=0xffffffbe fr.pc=0x0000027e54f07348 relative=0x0000000000000c28
Event: 312.072 Thread 0x0000027e684ac800 Uncommon trap: reason=profile_predicate action=maybe_recompile pc=0x0000027e54f07348 method=com.google.common.collect.ImmutableSet.construct(I[Ljava/lang/Object;)Lcom/google/common/collect/ImmutableSet; @ 68 c2
Event: 312.072 Thread 0x0000027e684ac800 DEOPT PACKING pc=0x0000027e54f07348 sp=0x00000091d5ff6be0
Event: 312.072 Thread 0x0000027e684ac800 DEOPT UNPACKING pc=0x0000027e4cde78af sp=0x00000091d5ff6b70 mode 2
Event: 312.680 Thread 0x0000027e661d1000 DEOPT PACKING pc=0x0000027e4e3bce8d sp=0x00000091d7afa710
Event: 312.680 Thread 0x0000027e661d1000 DEOPT UNPACKING pc=0x0000027e4cde76ce sp=0x00000091d7af9ba8 mode 0

Classes redefined (0 events):
No events

Internal exceptions (20 events):
Event: 54.700 Thread 0x0000027e65a06000 Exception <a 'java/lang/NoSuchMethodError'{0x0000000089a88290}: <clinit>> (0x0000000089a88290) thrown at [./src/hotspot/share/prims/jni.cpp, line 1362]
Event: 54.704 Thread 0x0000027e65a06000 Exception <a 'java/lang/NoSuchMethodError'{0x0000000089a9a910}: <clinit>> (0x0000000089a9a910) thrown at [./src/hotspot/share/prims/jni.cpp, line 1362]
Event: 54.945 Thread 0x0000027e64e0e000 Exception <a 'java/lang/NoSuchMethodError'{0x00000000899b9888}: 'int java.lang.invoke.DirectMethodHandle$Holder.invokeVirtual(java.lang.Object, java.lang.Object, java.lang.Object)'> (0x00000000899b9888) thrown at [./src/hotspot/share/interpreter/linkResolver.cpp, line 773]
Event: 55.423 Thread 0x0000027e6570f800 Exception <a 'java/lang/NoSuchMethodError'{0x000000008943ef90}: <clinit>> (0x000000008943ef90) thrown at [./src/hotspot/share/prims/jni.cpp, line 1362]
Event: 55.425 Thread 0x0000027e6570f800 Exception <a 'java/lang/NoSuchMethodError'{0x000000008944fd38}: <clinit>> (0x000000008944fd38) thrown at [./src/hotspot/share/prims/jni.cpp, line 1362]
Event: 55.425 Thread 0x0000027e6570f800 Exception <a 'java/lang/NoSuchMethodError'{0x0000000089451420}: <clinit>> (0x0000000089451420) thrown at [./src/hotspot/share/prims/jni.cpp, line 1362]
Event: 55.428 Thread 0x0000027e6570f800 Exception <a 'java/lang/NoSuchMethodError'{0x0000000089463588}: <clinit>> (0x0000000089463588) thrown at [./src/hotspot/share/prims/jni.cpp, line 1362]
Event: 55.429 Thread 0x0000027e6570f800 Exception <a 'java/lang/NoSuchMethodError'{0x000000008946fa00}: <clinit>> (0x000000008946fa00) thrown at [./src/hotspot/share/prims/jni.cpp, line 1362]
Event: 55.438 Thread 0x0000027e6570f800 Exception <a 'java/lang/NoSuchMethodError'{0x00000000894848a8}: <clinit>> (0x00000000894848a8) thrown at [./src/hotspot/share/prims/jni.cpp, line 1362]
Event: 55.444 Thread 0x0000027e6570f800 Exception <a 'java/lang/NoSuchMethodError'{0x000000008949cdd0}: <clinit>> (0x000000008949cdd0) thrown at [./src/hotspot/share/prims/jni.cpp, line 1362]
Event: 55.445 Thread 0x0000027e6570f800 Exception <a 'java/lang/NoSuchMethodError'{0x00000000894ab720}: <clinit>> (0x00000000894ab720) thrown at [./src/hotspot/share/prims/jni.cpp, line 1362]
Event: 305.797 Thread 0x0000027e684ac800 Implicit null exception at 0x0000027e54dfa4df to 0x0000027e54dfafc8
Event: 305.800 Thread 0x0000027e684ac800 Implicit null exception at 0x0000027e54e80ac7 to 0x0000027e54e86c3c
Event: 310.257 Thread 0x0000027e684ac800 Exception <a 'sun/nio/fs/WindowsException'{0x000000008bc01ba0}> (0x000000008bc01ba0) thrown at [./src/hotspot/share/prims/jni.cpp, line 615]
Event: 311.482 Thread 0x0000027e684ac800 Exception <a 'java/lang/NoClassDefFoundError'{0x000000008bab73e8}: org/jetbrains/kotlin/gradle/plugin/KotlinBasePluginWrapper> (0x000000008bab73e8) thrown at [./src/hotspot/share/oops/constantPool.cpp, line 775]
Event: 311.784 Thread 0x0000027e684ac800 Exception <a 'sun/nio/fs/WindowsException'{0x000000008b9b2e70}> (0x000000008b9b2e70) thrown at [./src/hotspot/share/prims/jni.cpp, line 615]
Event: 311.944 Thread 0x0000027e684ac800 Exception <a 'sun/nio/fs/WindowsException'{0x000000008b856088}> (0x000000008b856088) thrown at [./src/hotspot/share/prims/jni.cpp, line 615]
Event: 311.946 Thread 0x0000027e684ac800 Exception <a 'sun/nio/fs/WindowsException'{0x000000008b857168}> (0x000000008b857168) thrown at [./src/hotspot/share/prims/jni.cpp, line 615]
Event: 311.947 Thread 0x0000027e684ac800 Exception <a 'sun/nio/fs/WindowsException'{0x000000008b858298}> (0x000000008b858298) thrown at [./src/hotspot/share/prims/jni.cpp, line 615]
Event: 311.947 Thread 0x0000027e684ac800 Exception <a 'sun/nio/fs/WindowsException'{0x000000008b8593c8}> (0x000000008b8593c8) thrown at [./src/hotspot/share/prims/jni.cpp, line 615]

Events (20 events):
Event: 312.345 Executing VM operation: RevokeBias
Event: 312.346 Executing VM operation: RevokeBias done
Event: 312.346 Executing VM operation: RevokeBias
Event: 312.346 Executing VM operation: RevokeBias done
Event: 312.346 Executing VM operation: RevokeBias
Event: 312.346 Executing VM operation: RevokeBias done
Event: 312.360 Executing VM operation: RevokeBias
Event: 312.361 Executing VM operation: RevokeBias done
Event: 312.413 Executing VM operation: RevokeBias
Event: 312.413 Executing VM operation: RevokeBias done
Event: 312.479 Executing VM operation: RevokeBias
Event: 312.479 Executing VM operation: RevokeBias done
Event: 312.508 loading class org/gradle/cache/internal/btree/FileBackedBlockStore$1
Event: 312.508 loading class org/gradle/cache/internal/btree/FileBackedBlockStore$1 done
Event: 312.536 Executing VM operation: RevokeBias
Event: 312.537 Executing VM operation: RevokeBias done
Event: 313.006 Executing VM operation: RevokeBias
Event: 313.007 Executing VM operation: RevokeBias done
Event: 313.155 Executing VM operation: RevokeBias
Event: 313.155 Executing VM operation: RevokeBias done


Dynamic libraries:
0x00007ff7d0f50000 - 0x00007ff7d0f5a000 	C:\Program Files\Android\Android Studio\jre\bin\java.exe
0x00007ff865750000 - 0x00007ff865945000 	C:\WINDOWS\SYSTEM32\ntdll.dll
0x00007ff863900000 - 0x00007ff8639be000 	C:\WINDOWS\System32\KERNEL32.DLL
0x00007ff863360000 - 0x00007ff863628000 	C:\WINDOWS\System32\KERNELBASE.dll
0x00007ff863260000 - 0x00007ff863360000 	C:\WINDOWS\System32\ucrtbase.dll
0x00007ff8512e0000 - 0x00007ff8512f9000 	C:\Program Files\Android\Android Studio\jre\bin\jli.dll
0x00007ff864650000 - 0x00007ff8647f1000 	C:\WINDOWS\System32\USER32.dll
0x00007ff862ec0000 - 0x00007ff862ee2000 	C:\WINDOWS\System32\win32u.dll
0x00007ff864620000 - 0x00007ff86464b000 	C:\WINDOWS\System32\GDI32.dll
0x00007ff863680000 - 0x00007ff86378d000 	C:\WINDOWS\System32\gdi32full.dll
0x00007ff862ef0000 - 0x00007ff862f8d000 	C:\WINDOWS\System32\msvcp_win.dll
0x00007ff8212a0000 - 0x00007ff8212b7000 	C:\Program Files\Android\Android Studio\jre\bin\VCRUNTIME140.dll
0x00007ff8528d0000 - 0x00007ff852b6a000 	C:\WINDOWS\WinSxS\amd64_microsoft.windows.common-controls_6595b64144ccf1df_6.0.19041.1110_none_60b5254171f9507e\COMCTL32.dll
0x00007ff863b20000 - 0x00007ff863bbe000 	C:\WINDOWS\System32\msvcrt.dll
0x00007ff863820000 - 0x00007ff863850000 	C:\WINDOWS\System32\IMM32.DLL
0x00007ff820fe0000 - 0x00007ff82107d000 	C:\Program Files\Android\Android Studio\jre\bin\msvcp140.dll
0x00007ff81f070000 - 0x00007ff81fb3f000 	C:\Program Files\Android\Android Studio\jre\bin\server\jvm.dll
0x00007ff863c50000 - 0x00007ff863cfc000 	C:\WINDOWS\System32\ADVAPI32.dll
0x00007ff863a70000 - 0x00007ff863b0b000 	C:\WINDOWS\System32\sechost.dll
0x00007ff863d10000 - 0x00007ff863e3a000 	C:\WINDOWS\System32\RPCRT4.dll
0x00007ff863bc0000 - 0x00007ff863bc8000 	C:\WINDOWS\System32\PSAPI.DLL
0x00007ff84acb0000 - 0x00007ff84acb9000 	C:\WINDOWS\SYSTEM32\WSOCK32.dll
0x00007ff8650f0000 - 0x00007ff86515b000 	C:\WINDOWS\System32\WS2_32.dll
0x00007ff85b330000 - 0x00007ff85b33a000 	C:\WINDOWS\SYSTEM32\VERSION.dll
0x00007ff856a30000 - 0x00007ff856a57000 	C:\WINDOWS\SYSTEM32\WINMM.dll
0x00007ff860d50000 - 0x00007ff860d62000 	C:\WINDOWS\SYSTEM32\kernel.appcore.dll
0x00007ff821280000 - 0x00007ff821291000 	C:\Program Files\Android\Android Studio\jre\bin\verify.dll
0x00007ff84f980000 - 0x00007ff84fb64000 	C:\WINDOWS\SYSTEM32\DBGHELP.DLL
0x00007ff84f950000 - 0x00007ff84f97c000 	C:\WINDOWS\SYSTEM32\dbgcore.DLL
0x00007ff8631d0000 - 0x00007ff863252000 	C:\WINDOWS\System32\bcryptPrimitives.dll
0x00007ff821140000 - 0x00007ff821169000 	C:\Program Files\Android\Android Studio\jre\bin\java.dll
0x00007ff83c7f0000 - 0x00007ff83c7fb000 	C:\Program Files\Android\Android Studio\jre\bin\jimage.dll
0x00007ff821120000 - 0x00007ff821138000 	C:\Program Files\Android\Android Studio\jre\bin\zip.dll
0x00007ff8648e0000 - 0x00007ff865024000 	C:\WINDOWS\System32\SHELL32.dll
0x00007ff860f50000 - 0x00007ff8616e4000 	C:\WINDOWS\SYSTEM32\windows.storage.dll
0x00007ff863e40000 - 0x00007ff864195000 	C:\WINDOWS\System32\combase.dll
0x00007ff8628b0000 - 0x00007ff8628de000 	C:\WINDOWS\SYSTEM32\Wldp.dll
0x00007ff8639c0000 - 0x00007ff863a6d000 	C:\WINDOWS\System32\SHCORE.dll
0x00007ff863bf0000 - 0x00007ff863c45000 	C:\WINDOWS\System32\shlwapi.dll
0x00007ff862da0000 - 0x00007ff862dbf000 	C:\WINDOWS\SYSTEM32\profapi.dll
0x00007ff821100000 - 0x00007ff82111a000 	C:\Program Files\Android\Android Studio\jre\bin\net.dll
0x00007ff8535e0000 - 0x00007ff8536ec000 	C:\WINDOWS\SYSTEM32\WINHTTP.dll
0x00007ff862610000 - 0x00007ff86267a000 	C:\WINDOWS\system32\mswsock.dll
0x00007ff8210e0000 - 0x00007ff8210f4000 	C:\Program Files\Android\Android Studio\jre\bin\nio.dll
0x00007ff83cd30000 - 0x00007ff83cd57000 	C:\Program Files\Java\jdk-17.0.1\native\8bec1ad78214c89d9ad589b4d07fe93259594b29d510b10fafb7a158f7737e5d\windows-amd64\native-platform.dll
0x00007ff83caf0000 - 0x00007ff83cc2d000 	C:\Program Files\Java\jdk-17.0.1\native\53dbd7edfb1c66fb8903c78663c9afc45aea4f116125fa6feffd364cf09443e8\windows-amd64\native-platform-file-events.dll
0x00007ff825850000 - 0x00007ff82585a000 	C:\Program Files\Android\Android Studio\jre\bin\management.dll
0x00007ff8257c0000 - 0x00007ff8257cc000 	C:\Program Files\Android\Android Studio\jre\bin\management_ext.dll
0x00007ff862800000 - 0x00007ff862818000 	C:\WINDOWS\SYSTEM32\CRYPTSP.dll
0x00007ff861f20000 - 0x00007ff861f54000 	C:\WINDOWS\system32\rsaenh.dll
0x00007ff8631a0000 - 0x00007ff8631c7000 	C:\WINDOWS\System32\bcrypt.dll
0x00007ff862d20000 - 0x00007ff862d4e000 	C:\WINDOWS\SYSTEM32\USERENV.dll
0x00007ff862820000 - 0x00007ff86282c000 	C:\WINDOWS\SYSTEM32\CRYPTBASE.dll
0x00007ff8622b0000 - 0x00007ff8622eb000 	C:\WINDOWS\SYSTEM32\IPHLPAPI.DLL
0x00007ff863b10000 - 0x00007ff863b18000 	C:\WINDOWS\System32\NSI.dll
0x00007ff858050000 - 0x00007ff858067000 	C:\WINDOWS\SYSTEM32\dhcpcsvc6.DLL
0x00007ff8597a0000 - 0x00007ff8597bd000 	C:\WINDOWS\SYSTEM32\dhcpcsvc.DLL
0x00007ff862300000 - 0x00007ff8623cb000 	C:\WINDOWS\SYSTEM32\DNSAPI.dll

dbghelp: loaded successfully - version: 4.0.5 - missing functions: none
symbol engine: initialized successfully - sym options: 0x614 - pdb path: .;C:\Program Files\Android\Android Studio\jre\bin;C:\WINDOWS\SYSTEM32;C:\WINDOWS\WinSxS\amd64_microsoft.windows.common-controls_6595b64144ccf1df_6.0.19041.1110_none_60b5254171f9507e;C:\Program Files\Android\Android Studio\jre\bin\server;C:\Program Files\Java\jdk-17.0.1\native\8bec1ad78214c89d9ad589b4d07fe93259594b29d510b10fafb7a158f7737e5d\windows-amd64;C:\Program Files\Java\jdk-17.0.1\native\53dbd7edfb1c66fb8903c78663c9afc45aea4f116125fa6feffd364cf09443e8\windows-amd64

VM Arguments:
jvm_args: --add-opens=java.base/java.util=ALL-UNNAMED --add-opens=java.base/java.lang=ALL-UNNAMED --add-opens=java.base/java.lang.invoke=ALL-UNNAMED --add-opens=java.base/java.util=ALL-UNNAMED --add-opens=java.prefs/java.util.prefs=ALL-UNNAMED --add-opens=java.prefs/java.util.prefs=ALL-UNNAMED --add-opens=java.base/java.nio.charset=ALL-UNNAMED --add-opens=java.base/java.net=ALL-UNNAMED --add-opens=java.base/java.util.concurrent.atomic=ALL-UNNAMED -Xmx2048m -Dfile.encoding=UTF-8 -Duser.country=US -Duser.language=en -Duser.variant 
java_command: org.gradle.launcher.daemon.bootstrap.GradleDaemon 7.0.2
java_class_path (initial): C:\Program Files\Java\jdk-17.0.1\wrapper\dists\gradle-7.0.2-bin\857tjihv64xamwrf0h14cai3r\gradle-7.0.2\lib\gradle-launcher-7.0.2.jar
Launcher Type: SUN_STANDARD

[Global flags]
     intx CICompilerCount                          = 3                                         {product} {ergonomic}
     uint ConcGCThreads                            = 1                                         {product} {ergonomic}
     uint G1ConcRefinementThreads                  = 4                                         {product} {ergonomic}
   size_t G1HeapRegionSize                         = 1048576                                   {product} {ergonomic}
    uintx GCDrainStackTargetSize                   = 64                                        {product} {ergonomic}
   size_t InitialHeapSize                          = 67108864                                  {product} {ergonomic}
   size_t MarkStackSize                            = 4194304                                   {product} {ergonomic}
   size_t MaxHeapSize                              = 2147483648                                {product} {command line}
   size_t MaxNewSize                               = 1287651328                                {product} {ergonomic}
   size_t MinHeapDeltaBytes                        = 1048576                                   {product} {ergonomic}
    uintx NonNMethodCodeHeapSize                   = 5830732                                {pd product} {ergonomic}
    uintx NonProfiledCodeHeapSize                  = 122913754                              {pd product} {ergonomic}
    uintx ProfiledCodeHeapSize                     = 122913754                              {pd product} {ergonomic}
    uintx ReservedCodeCacheSize                    = 251658240                              {pd product} {ergonomic}
     bool SegmentedCodeCache                       = true                                      {product} {ergonomic}
     bool UseCompressedClassPointers               = true                                 {lp64_product} {ergonomic}
     bool UseCompressedOops                        = true                                 {lp64_product} {ergonomic}
     bool UseG1GC                                  = true                                      {product} {ergonomic}
     bool UseLargePagesIndividualAllocation        = false                                  {pd product} {ergonomic}

Logging:
Log output configuration:
 #0: stdout all=warning uptime,level,tags
 #1: stderr all=off uptime,level,tags

Environment Variables:
PATH=C:\Program Files\Common Files\Oracle\Java\javapath;C:\WINDOWS\system32;C:\WINDOWS;C:\WINDOWS\System32\Wbem;C:\WINDOWS\System32\WindowsPowerShell\v1.0\;C:\WINDOWS\System32\OpenSSH\;C:\Program Files\dotnet\;C:\Program Files\Microsoft SQL Server\Client SDK\ODBC\170\Tools\Binn\;C:\Program Files (x86)\dotnet\;C:\Program Files\Git\cmd;C:\Users\MinhNgan\AppData\Local\Microsoft\WindowsApps
USERNAME=MinhNgan
OS=Windows_NT
PROCESSOR_IDENTIFIER=Intel64 Family 6 Model 69 Stepping 1, GenuineIntel



---------------  S Y S T E M  ---------------

OS: Windows 10 , 64 bit Build 19041 (10.0.19041.1348)
OS uptime: 0 days 0:07 hours

CPU:total 4 (initial active 4) (2 cores per cpu, 2 threads per core) family 6 model 69 stepping 1 microcode 0x25, cmov, cx8, fxsr, mmx, sse, sse2, sse3, ssse3, sse4.1, sse4.2, popcnt, avx, avx2, aes, clmul, erms, lzcnt, ht, tsc, tscinvbit, bmi1, bmi2, fma

Memory: 4k page, system-wide physical 3979M (209M free)
TotalPageFile size 6979M (AvailPageFile size 7M)
current process WorkingSet (physical memory assigned to process): 229M, peak: 313M
current process commit charge ("private bytes"): 461M, peak: 464M

vm_info: OpenJDK 64-Bit Server VM (11.0.10+0-b96-7249189) for windows-amd64 JRE (11.0.10+0-b96-7249189), built on Mar 31 2021 21:44:00 by "builder" with MS VC++ 14.0 (VS2015)

END.
