#
# There is insufficient memory for the Java Runtime Environment to continue.
# Native memory allocation (mmap) failed to map 45088768 bytes for Failed to commit area from 0x000000008c300000 to 0x000000008ee00000 of length 45088768.
# Possible reasons:
#   The system is out of physical RAM or swap space
#   The process is running with CompressedOops enabled, and the Java Heap may be blocking the growth of the native heap
# Possible solutions:
#   Reduce memory load on the system
#   Increase physical memory or swap space
#   Check if swap backing store is full
#   Decrease Java heap size (-Xmx/-Xms)
#   Decrease number of Java threads
#   Decrease Java thread stack sizes (-Xss)
#   Set larger code cache with -XX:ReservedCodeCacheSize=
#   JVM is running with Unscaled Compressed Oops mode in which the Java heap is
#     placed in the first 4GB address space. The Java Heap base address is the
#     maximum limit for the native heap growth. Please use -XX:HeapBaseMinAddress
#     to set the Java Heap base and to place the Java Heap above 4GB virtual address.
# This output file may be truncated or incomplete.
#
#  Out of Memory Error (./src/hotspot/os/windows/os_windows.cpp:3301), pid=1400, tid=1760
#
# JRE version: OpenJDK Runtime Environment (11.0.10) (build 11.0.10+0-b96-7249189)
# Java VM: OpenJDK 64-Bit Server VM (11.0.10+0-b96-7249189, mixed mode, tiered, compressed oops, g1 gc, windows-amd64)
# No core dump will be written. Minidumps are not enabled by default on client versions of Windows
#

---------------  S U M M A R Y ------------

Command Line: --add-opens=java.base/java.util=ALL-UNNAMED --add-opens=java.base/java.lang=ALL-UNNAMED --add-opens=java.base/java.lang.invoke=ALL-UNNAMED --add-opens=java.base/java.util=ALL-UNNAMED --add-opens=java.prefs/java.util.prefs=ALL-UNNAMED --add-opens=java.prefs/java.util.prefs=ALL-UNNAMED --add-opens=java.base/java.nio.charset=ALL-UNNAMED --add-opens=java.base/java.net=ALL-UNNAMED --add-opens=java.base/java.util.concurrent.atomic=ALL-UNNAMED -Xmx2048m -Dfile.encoding=UTF-8 -Duser.country=US -Duser.language=en -Duser.variant org.gradle.launcher.daemon.bootstrap.GradleDaemon 7.0.2

Host: Intel(R) Core(TM) i5-4210U CPU @ 1.70GHz, 4 cores, 3G,  Windows 10 , 64 bit Build 19041 (10.0.19041.1348)
Time: Sat Dec  4 17:17:07 2021 SE Asia Standard Time elapsed time: 319.621421 seconds (0d 0h 5m 19s)

---------------  T H R E A D  ---------------

Current thread (0x00000217bfec2800):  VMThread "VM Thread" [stack: 0x0000005100600000,0x0000005100700000] [id=1760]

Stack: [0x0000005100600000,0x0000005100700000]
[error occurred during error reporting (printing stack bounds), id 0xc0000005, EXCEPTION_ACCESS_VIOLATION (0xc0000005) at pc=0x00000217a96f0f2d]

Native frames: (J=compiled Java code, j=interpreted, Vv=VM code, C=native code)
V  [jvm.dll+0x5ecfaa]
V  [jvm.dll+0x722bd5]
V  [jvm.dll+0x72412d]
V  [jvm.dll+0x724745]
V  [jvm.dll+0x7246fb]
V  [jvm.dll+0x5ec348]
V  [jvm.dll+0x5ecad8]
C  [ntdll.dll+0xa20cf]
C  [ntdll.dll+0x51454]
C  [ntdll.dll+0xa0bfe]
C  0x00000217a96f0f2d

VM_Operation (0x0000005103cfc670): G1CollectForAllocation, mode: safepoint, requested by thread 0x00000217c7500000


---------------  P R O C E S S  ---------------

Threads class SMR info:
_java_thread_list=0x00000217c2d8cc60, length=57, elements={
0x00000217a5bfb000, 0x00000217bfec9000, 0x00000217bfeca800, 0x00000217bff23800,
0x00000217bff26000, 0x00000217bff29800, 0x00000217bff2c800, 0x00000217bff37000,
0x00000217bff40800, 0x00000217c098a800, 0x00000217c2919800, 0x00000217c1ae0000,
0x00000217c1b67000, 0x00000217c150e800, 0x00000217c150c000, 0x00000217c1510000,
0x00000217c1511000, 0x00000217c150b800, 0x00000217c4e17000, 0x00000217c4e19000,
0x00000217c4e1a800, 0x00000217c4e15000, 0x00000217c4e20000, 0x00000217c4e22800,
0x00000217c4e1f800, 0x00000217c4e1c000, 0x00000217c4e16800, 0x00000217c4e1d000,
0x00000217c4e1d800, 0x00000217c4e18000, 0x00000217c4e1e800, 0x00000217c4e23800,
0x00000217c4e21000, 0x00000217c4e22000, 0x00000217c1512000, 0x00000217c150d000,
0x00000217c150f800, 0x00000217c74f8800, 0x00000217c74f5800, 0x00000217c74fb000,
0x00000217c74f8000, 0x00000217c74f9800, 0x00000217c74fc000, 0x00000217c74f6000,
0x00000217c74fa000, 0x00000217c74fc800, 0x00000217c74f7000, 0x00000217c7502800,
0x00000217c7500000, 0x00000217c74fd800, 0x00000217c7500800, 0x00000217c7501800,
0x00000217c7503000, 0x00000217c7504000, 0x00000217c74ff000, 0x00000217c4970800,
0x00000217c496f000
}

Java Threads: ( => current thread )
  0x00000217a5bfb000 JavaThread "main" [_thread_blocked, id=1380, stack(0x0000005100000000,0x0000005100100000)]
  0x00000217bfec9000 JavaThread "Reference Handler" daemon [_thread_blocked, id=4032, stack(0x0000005100700000,0x0000005100800000)]
  0x00000217bfeca800 JavaThread "Finalizer" daemon [_thread_blocked, id=1764, stack(0x0000005100800000,0x0000005100900000)]
  0x00000217bff23800 JavaThread "Signal Dispatcher" daemon [_thread_blocked, id=6720, stack(0x0000005100900000,0x0000005100a00000)]
  0x00000217bff26000 JavaThread "Attach Listener" daemon [_thread_blocked, id=1632, stack(0x0000005100a00000,0x0000005100b00000)]
  0x00000217bff29800 JavaThread "Service Thread" daemon [_thread_blocked, id=1684, stack(0x0000005100b00000,0x0000005100c00000)]
  0x00000217bff2c800 JavaThread "C2 CompilerThread0" daemon [_thread_in_native, id=1608, stack(0x0000005100c00000,0x0000005100d00000)]
  0x00000217bff37000 JavaThread "C1 CompilerThread0" daemon [_thread_blocked, id=1724, stack(0x0000005100d00000,0x0000005100e00000)]
  0x00000217bff40800 JavaThread "Sweeper thread" daemon [_thread_blocked, id=3296, stack(0x0000005100e00000,0x0000005100f00000)]
  0x00000217c098a800 JavaThread "Common-Cleaner" daemon [_thread_blocked, id=1924, stack(0x0000005100f00000,0x0000005101000000)]
  0x00000217c2919800 JavaThread "Daemon health stats" [_thread_blocked, id=5620, stack(0x0000005101200000,0x0000005101300000)]
  0x00000217c1ae0000 JavaThread "Incoming local TCP Connector on port 49785" [_thread_in_native, id=2360, stack(0x0000005101300000,0x0000005101400000)]
  0x00000217c1b67000 JavaThread "Daemon periodic checks" [_thread_blocked, id=2980, stack(0x0000005101400000,0x0000005101500000)]
  0x00000217c150e800 JavaThread "Cache worker for file hash cache (C:\Program Files\Java\jdk-17.0.1\caches\7.0.2\fileHashes)" [_thread_blocked, id=6872, stack(0x0000005101e00000,0x0000005101f00000)]
  0x00000217c150c000 JavaThread "File lock request listener" [_thread_in_native, id=6656, stack(0x0000005101f00000,0x0000005102000000)]
  0x00000217c1510000 JavaThread "Cache worker for journal cache (C:\Program Files\Java\jdk-17.0.1\caches\journal-1)" [_thread_blocked, id=1188, stack(0x0000005102000000,0x0000005102100000)]
  0x00000217c1511000 JavaThread "File watcher server" daemon [_thread_blocked, id=7008, stack(0x0000005102200000,0x0000005102300000)]
  0x00000217c150b800 JavaThread "File watcher consumer" daemon [_thread_blocked, id=9204, stack(0x0000005102300000,0x0000005102400000)]
  0x00000217c4e17000 JavaThread "Cache worker for execution history cache (C:\Program Files\Java\jdk-17.0.1\caches\7.0.2\executionHistory)" [_thread_blocked, id=8080, stack(0x0000005102700000,0x0000005102800000)]
  0x00000217c4e19000 JavaThread "jar transforms" [_thread_blocked, id=6296, stack(0x0000005102800000,0x0000005102900000)]
  0x00000217c4e1a800 JavaThread "jar transforms Thread 2" [_thread_blocked, id=6220, stack(0x0000005102900000,0x0000005102a00000)]
  0x00000217c4e15000 JavaThread "Cache worker for file content cache (C:\Program Files\Java\jdk-17.0.1\caches\7.0.2\fileContent)" [_thread_blocked, id=6300, stack(0x0000005102a00000,0x0000005102b00000)]
  0x00000217c4e20000 JavaThread "jar transforms Thread 3" [_thread_blocked, id=6316, stack(0x0000005102c00000,0x0000005102d00000)]
  0x00000217c4e22800 JavaThread "jar transforms Thread 4" [_thread_blocked, id=6120, stack(0x0000005103200000,0x0000005103300000)]
  0x00000217c4e1f800 JavaThread "Memory manager" [_thread_blocked, id=6348, stack(0x0000005103300000,0x0000005103400000)]
  0x00000217c4e1c000 JavaThread "Daemon Thread 3" [_thread_blocked, id=8868, stack(0x0000005101500000,0x0000005101600000)]
  0x00000217c4e16800 JavaThread "Handler for socket connection from /127.0.0.1:49785 to /127.0.0.1:49869" [_thread_in_native, id=7864, stack(0x0000005101600000,0x0000005101700000)]
  0x00000217c4e1d000 JavaThread "Cancel handler" [_thread_blocked, id=4736, stack(0x0000005101700000,0x0000005101800000)]
  0x00000217c4e1d800 JavaThread "Daemon worker Thread 3" [_thread_blocked, id=7844, stack(0x0000005101800000,0x0000005101900000)]
  0x00000217c4e18000 JavaThread "Asynchronous log dispatcher for DefaultDaemonConnection: socket connection from /127.0.0.1:49785 to /127.0.0.1:49869" [_thread_blocked, id=2016, stack(0x0000005101900000,0x0000005101a00000)]
  0x00000217c4e1e800 JavaThread "Stdin handler" [_thread_blocked, id=7384, stack(0x0000005101a00000,0x0000005101b00000)]
  0x00000217c4e23800 JavaThread "Daemon client event forwarder" [_thread_blocked, id=3532, stack(0x0000005101b00000,0x0000005101c00000)]
  0x00000217c4e21000 JavaThread "Cache worker for file hash cache (C:\Users\MinhNgan\AndroidStudioProjects\Android_hepat\.gradle\7.0.2\fileHashes)" [_thread_blocked, id=4244, stack(0x0000005102100000,0x0000005102200000)]
  0x00000217c4e22000 JavaThread "Cache worker for checksums cache (C:\Users\MinhNgan\AndroidStudioProjects\Android_hepat\.gradle\checksums)" [_thread_blocked, id=2748, stack(0x0000005102400000,0x0000005102500000)]
  0x00000217c1512000 JavaThread "Cache worker for cache directory md-supplier (C:\Program Files\Java\jdk-17.0.1\caches\7.0.2\md-supplier)" [_thread_blocked, id=4388, stack(0x0000005102500000,0x0000005102600000)]
  0x00000217c150d000 JavaThread "Cache worker for cache directory md-rule (C:\Program Files\Java\jdk-17.0.1\caches\7.0.2\md-rule)" [_thread_blocked, id=1492, stack(0x0000005102600000,0x0000005102700000)]
  0x00000217c150f800 JavaThread "Cache worker for dependencies-accessors (C:\Users\MinhNgan\AndroidStudioProjects\Android_hepat\.gradle\7.0.2\dependencies-accessors)" [_thread_blocked, id=4960, stack(0x0000005102b00000,0x0000005102c00000)]
  0x00000217c74f8800 JavaThread "Cache worker for Build Output Cleanup Cache (C:\Users\MinhNgan\AndroidStudioProjects\Android_hepat\.gradle\buildOutputCleanup)" [_thread_blocked, id=1396, stack(0x0000005102d00000,0x0000005102e00000)]
  0x00000217c74f5800 JavaThread "Build operations" [_thread_blocked, id=1420, stack(0x0000005102e00000,0x0000005102f00000)]
  0x00000217c74fb000 JavaThread "Build operations Thread 2" [_thread_blocked, id=8476, stack(0x0000005102f00000,0x0000005103000000)]
  0x00000217c74f8000 JavaThread "Build operations Thread 3" [_thread_blocked, id=964, stack(0x0000005103000000,0x0000005103100000)]
  0x00000217c74f9800 JavaThread "Build operations Thread 4" [_thread_blocked, id=1284, stack(0x0000005103100000,0x0000005103200000)]
  0x00000217c74fc000 JavaThread "build event listener" [_thread_blocked, id=3316, stack(0x0000005103400000,0x0000005103500000)]
  0x00000217c74f6000 JavaThread "Execution worker for ':'" [_thread_blocked, id=568, stack(0x0000005103500000,0x0000005103600000)]
  0x00000217c74fa000 JavaThread "Execution worker for ':' Thread 2" [_thread_blocked, id=3472, stack(0x0000005103600000,0x0000005103700000)]
  0x00000217c74fc800 JavaThread "Execution worker for ':' Thread 3" [_thread_blocked, id=4584, stack(0x0000005103700000,0x0000005103800000)]
  0x00000217c74f7000 JavaThread "Cache worker for execution history cache (C:\Users\MinhNgan\AndroidStudioProjects\Android_hepat\.gradle\7.0.2\executionHistory)" [_thread_blocked, id=2856, stack(0x0000005103800000,0x0000005103900000)]
  0x00000217c7502800 JavaThread "WorkerExecutor Queue" [_thread_blocked, id=4868, stack(0x0000005103b00000,0x0000005103c00000)]
  0x00000217c7500000 JavaThread "WorkerExecutor Queue Thread 2" [_thread_blocked, id=3628, stack(0x0000005103c00000,0x0000005103d00000)]
  0x00000217c74fd800 JavaThread "pool-7-thread-1" [_thread_blocked, id=1692, stack(0x0000005103d00000,0x0000005103e00000)]
  0x00000217c7500800 JavaThread "stderr" [_thread_in_native, id=1132, stack(0x0000005103e00000,0x0000005103f00000)]
  0x00000217c7501800 JavaThread "stdout" [_thread_in_native, id=2228, stack(0x0000005103f00000,0x0000005104000000)]
  0x00000217c7503000 JavaThread "Cache worker for Java compile cache (C:\Program Files\Java\jdk-17.0.1\caches\7.0.2\javaCompile)" [_thread_blocked, id=4648, stack(0x0000005104000000,0x0000005104100000)]
  0x00000217c7504000 JavaThread "Cache worker for Java compile cache (C:\Users\MinhNgan\AndroidStudioProjects\Android_hepat\.gradle\7.0.2\javaCompile)" [_thread_blocked, id=7872, stack(0x0000005104100000,0x0000005104200000)]
  0x00000217c74ff000 JavaThread "WorkerExecutor Queue Thread 3" [_thread_blocked, id=6124, stack(0x0000005104200000,0x0000005104300000)]
  0x00000217c4970800 JavaThread "WorkerExecutor Queue Thread 4" [_thread_blocked, id=3696, stack(0x0000005104300000,0x0000005104400000)]
  0x00000217c496f000 JavaThread "WorkerExecutor Queue Thread 5" [_thread_blocked, id=7132, stack(0x0000005104400000,0x0000005104500000)]

Other Threads:
=>0x00000217bfec2800 VMThread "VM Thread" [stack: 0x0000005100600000,0x0000005100700000] [id=1760]
  0x00000217c09af800 WatcherThread [stack: 0x0000005101000000,0x0000005101100000] [id=4084]
  0x00000217a5c12800 GCTaskThread "GC Thread#0" [stack: 0x0000005100100000,0x0000005100200000] [id=2808]
  0x00000217c0c2c000 GCTaskThread "GC Thread#1" [stack: 0x0000005101100000,0x0000005101200000] [id=5616]
  0x00000217c15f5800 GCTaskThread "GC Thread#2" [stack: 0x0000005101c00000,0x0000005101d00000] [id=8672]
  0x00000217c1c83800 GCTaskThread "GC Thread#3" [stack: 0x0000005101d00000,0x0000005101e00000] [id=5132]
  0x00000217a5c43000 ConcurrentGCThread "G1 Main Marker" [stack: 0x0000005100200000,0x0000005100300000] [id=1384]
  0x00000217a5c44000 ConcurrentGCThread "G1 Conc#0" [stack: 0x0000005100300000,0x0000005100400000] [id=1360]
  0x00000217a5c9f000 ConcurrentGCThread "G1 Refine#0" [stack: 0x0000005100400000,0x0000005100500000] [id=1512]
  0x00000217c8c6c000 ConcurrentGCThread "G1 Refine#1" [stack: 0x0000005103900000,0x0000005103a00000] [id=8760]
  0x00000217c4ccf000 ConcurrentGCThread "G1 Refine#2" [stack: 0x0000005103a00000,0x0000005103b00000] [id=8088]
  0x00000217a5ca0800 ConcurrentGCThread "G1 Young RemSet Sampling" [stack: 0x0000005100500000,0x0000005100600000] [id=1500]

Threads with active compile tasks:
C2 CompilerThread0 319657 18080   !   4       jdk.internal.loader.Resource::getBytes (242 bytes)

VM state:at safepoint (normal execution)

VM Mutex/Monitor currently owned by a thread:  ([mutex/lock_event])
[0x00000217a5bf6ae0] Threads_lock - owner thread: 0x00000217bfec2800
[0x00000217a5bf6f60] Heap_lock - owner thread: 0x00000217c7500000

Heap address: 0x0000000080000000, size: 2048 MB, Compressed Oops mode: 32-bit
Narrow klass base: 0x0000000000000000, Narrow klass shift: 3
Compressed class space size: 1073741824 Address: 0x0000000100000000

Heap:
 garbage-first heap   total 243712K, used 127343K [0x0000000080000000, 0x0000000100000000)
  region size 1024K, 6 young (6144K), 6 survivors (6144K)
 Metaspace       used 110480K, capacity 113287K, committed 113404K, reserved 1148928K
  class space    used 13674K, capacity 14660K, committed 14720K, reserved 1048576K
Heap Regions: E=young(eden), S=young(survivor), O=old, HS=humongous(starts), HC=humongous(continues), CS=collection set, F=free, A=archive, TAMS=top-at-mark-start (previous, next)
|   0|0x0000000080000000, 0x0000000080100000, 0x0000000080100000|100%|HS|  |TAMS 0x0000000080100000, 0x0000000080000000| Complete 
|   1|0x0000000080100000, 0x0000000080200000, 0x0000000080200000|100%|HC|  |TAMS 0x0000000080200000, 0x0000000080100000| Complete 
|   2|0x0000000080200000, 0x0000000080300000, 0x0000000080300000|100%|HC|  |TAMS 0x0000000080300000, 0x0000000080200000| Complete 
|   3|0x0000000080300000, 0x0000000080400000, 0x0000000080400000|100%| O|  |TAMS 0x0000000080400000, 0x0000000080300000| Untracked 
|   4|0x0000000080400000, 0x0000000080500000, 0x0000000080500000|100%| O|  |TAMS 0x0000000080500000, 0x0000000080400000| Untracked 
|   5|0x0000000080500000, 0x0000000080600000, 0x0000000080600000|100%| O|  |TAMS 0x0000000080600000, 0x0000000080500000| Complete 
|   6|0x0000000080600000, 0x0000000080700000, 0x0000000080700000|100%| O|  |TAMS 0x0000000080700000, 0x0000000080600000| Untracked 
|   7|0x0000000080700000, 0x0000000080800000, 0x0000000080800000|100%| O|  |TAMS 0x0000000080800000, 0x0000000080700000| Complete 
|   8|0x0000000080800000, 0x0000000080900000, 0x0000000080900000|100%| O|  |TAMS 0x0000000080900000, 0x0000000080800000| Untracked 
|   9|0x0000000080900000, 0x0000000080a00000, 0x0000000080a00000|100%| O|  |TAMS 0x0000000080a00000, 0x0000000080900000| Untracked 
|  10|0x0000000080a00000, 0x0000000080b00000, 0x0000000080b00000|100%| O|  |TAMS 0x0000000080b00000, 0x0000000080a00000| Untracked 
|  11|0x0000000080b00000, 0x0000000080c00000, 0x0000000080c00000|100%| O|  |TAMS 0x0000000080c00000, 0x0000000080b00000| Untracked 
|  12|0x0000000080c00000, 0x0000000080d00000, 0x0000000080d00000|100%| O|  |TAMS 0x0000000080d00000, 0x0000000080c00000| Untracked 
|  13|0x0000000080d00000, 0x0000000080e00000, 0x0000000080e00000|100%| O|  |TAMS 0x0000000080e00000, 0x0000000080d00000| Untracked 
|  14|0x0000000080e00000, 0x0000000080f00000, 0x0000000080f00000|100%| O|  |TAMS 0x0000000080f00000, 0x0000000080e00000| Untracked 
|  15|0x0000000080f00000, 0x0000000081000000, 0x0000000081000000|100%| O|  |TAMS 0x0000000081000000, 0x0000000080f00000| Untracked 
|  16|0x0000000081000000, 0x0000000081100000, 0x0000000081100000|100%| O|  |TAMS 0x0000000081100000, 0x0000000081000000| Untracked 
|  17|0x0000000081100000, 0x0000000081200000, 0x0000000081200000|100%| O|  |TAMS 0x0000000081200000, 0x0000000081100000| Untracked 
|  18|0x0000000081200000, 0x0000000081300000, 0x0000000081300000|100%| O|  |TAMS 0x0000000081300000, 0x0000000081200000| Untracked 
|  19|0x0000000081300000, 0x0000000081400000, 0x0000000081400000|100%| O|  |TAMS 0x0000000081400000, 0x0000000081300000| Untracked 
|  20|0x0000000081400000, 0x0000000081500000, 0x0000000081500000|100%| O|  |TAMS 0x0000000081500000, 0x0000000081400000| Untracked 
|  21|0x0000000081500000, 0x0000000081600000, 0x0000000081600000|100%| O|  |TAMS 0x0000000081600000, 0x0000000081500000| Complete 
|  22|0x0000000081600000, 0x0000000081700000, 0x0000000081700000|100%|HS|  |TAMS 0x0000000081700000, 0x0000000081600000| Complete 
|  23|0x0000000081700000, 0x0000000081800000, 0x0000000081800000|100%| O|  |TAMS 0x0000000081800000, 0x0000000081700000| Untracked 
|  24|0x0000000081800000, 0x0000000081900000, 0x0000000081900000|100%| O|  |TAMS 0x0000000081900000, 0x0000000081800000| Untracked 
|  25|0x0000000081900000, 0x0000000081a00000, 0x0000000081a00000|100%| O|  |TAMS 0x0000000081a00000, 0x0000000081900000| Complete 
|  26|0x0000000081a00000, 0x0000000081b00000, 0x0000000081b00000|100%| O|  |TAMS 0x0000000081b00000, 0x0000000081a00000| Untracked 
|  27|0x0000000081b00000, 0x0000000081c00000, 0x0000000081c00000|100%|HS|  |TAMS 0x0000000081c00000, 0x0000000081b00000| Complete 
|  28|0x0000000081c00000, 0x0000000081d00000, 0x0000000081d00000|100%|HS|  |TAMS 0x0000000081d00000, 0x0000000081c00000| Complete 
|  29|0x0000000081d00000, 0x0000000081e00000, 0x0000000081e00000|100%|HC|  |TAMS 0x0000000081e00000, 0x0000000081d00000| Complete 
|  30|0x0000000081e00000, 0x0000000081f00000, 0x0000000081f00000|100%| O|  |TAMS 0x0000000081f00000, 0x0000000081e00000| Complete 
|  31|0x0000000081f00000, 0x0000000082000000, 0x0000000082000000|100%| O|  |TAMS 0x0000000082000000, 0x0000000081f00000| Untracked 
|  32|0x0000000082000000, 0x0000000082100000, 0x0000000082100000|100%| O|  |TAMS 0x0000000082100000, 0x0000000082000000| Complete 
|  33|0x0000000082100000, 0x0000000082200000, 0x0000000082200000|100%| O|  |TAMS 0x0000000082200000, 0x0000000082100000| Complete 
|  34|0x0000000082200000, 0x0000000082300000, 0x0000000082300000|100%| O|  |TAMS 0x0000000082300000, 0x0000000082200000| Untracked 
|  35|0x0000000082300000, 0x0000000082400000, 0x0000000082400000|100%| O|  |TAMS 0x0000000082400000, 0x0000000082300000| Untracked 
|  36|0x0000000082400000, 0x0000000082500000, 0x0000000082500000|100%| O|  |TAMS 0x0000000082500000, 0x0000000082400000| Complete 
|  37|0x0000000082500000, 0x0000000082600000, 0x0000000082600000|100%| O|  |TAMS 0x0000000082600000, 0x0000000082500000| Untracked 
|  38|0x0000000082600000, 0x0000000082700000, 0x0000000082700000|100%| O|  |TAMS 0x0000000082700000, 0x0000000082600000| Complete 
|  39|0x0000000082700000, 0x0000000082800000, 0x0000000082800000|100%| O|  |TAMS 0x0000000082800000, 0x0000000082700000| Untracked 
|  40|0x0000000082800000, 0x0000000082900000, 0x0000000082900000|100%| O|  |TAMS 0x0000000082900000, 0x0000000082800000| Untracked 
|  41|0x0000000082900000, 0x0000000082a00000, 0x0000000082a00000|100%| O|  |TAMS 0x0000000082a00000, 0x0000000082900000| Untracked 
|  42|0x0000000082a00000, 0x0000000082b00000, 0x0000000082b00000|100%| O|  |TAMS 0x0000000082b00000, 0x0000000082a00000| Untracked 
|  43|0x0000000082b00000, 0x0000000082c00000, 0x0000000082c00000|100%| O|  |TAMS 0x0000000082c00000, 0x0000000082b00000| Complete 
|  44|0x0000000082c00000, 0x0000000082d00000, 0x0000000082d00000|100%| O|  |TAMS 0x0000000082d00000, 0x0000000082c00000| Complete 
|  45|0x0000000082d00000, 0x0000000082e00000, 0x0000000082e00000|100%| O|  |TAMS 0x0000000082e00000, 0x0000000082d00000| Untracked 
|  46|0x0000000082e00000, 0x0000000082f00000, 0x0000000082f00000|100%| O|  |TAMS 0x0000000082f00000, 0x0000000082e00000| Complete 
|  47|0x0000000082f00000, 0x0000000083000000, 0x0000000083000000|100%| O|  |TAMS 0x0000000083000000, 0x0000000082f00000| Complete 
|  48|0x0000000083000000, 0x0000000083100000, 0x0000000083100000|100%| O|  |TAMS 0x0000000083100000, 0x0000000083000000| Untracked 
|  49|0x0000000083100000, 0x0000000083200000, 0x0000000083200000|100%| O|  |TAMS 0x0000000083200000, 0x0000000083100000| Untracked 
|  50|0x0000000083200000, 0x0000000083300000, 0x0000000083300000|100%| O|  |TAMS 0x0000000083300000, 0x0000000083200000| Untracked 
|  51|0x0000000083300000, 0x0000000083400000, 0x0000000083400000|100%| O|  |TAMS 0x0000000083400000, 0x0000000083300000| Complete 
|  52|0x0000000083400000, 0x0000000083500000, 0x0000000083500000|100%| O|  |TAMS 0x0000000083500000, 0x0000000083400000| Complete 
|  53|0x0000000083500000, 0x0000000083600000, 0x0000000083600000|100%| O|  |TAMS 0x0000000083600000, 0x0000000083500000| Complete 
|  54|0x0000000083600000, 0x0000000083700000, 0x0000000083700000|100%| O|  |TAMS 0x0000000083700000, 0x0000000083600000| Complete 
|  55|0x0000000083700000, 0x0000000083800000, 0x0000000083800000|100%| O|  |TAMS 0x0000000083800000, 0x0000000083700000| Untracked 
|  56|0x0000000083800000, 0x0000000083900000, 0x0000000083900000|100%| O|  |TAMS 0x0000000083900000, 0x0000000083800000| Complete 
|  57|0x0000000083900000, 0x0000000083a00000, 0x0000000083a00000|100%| O|  |TAMS 0x0000000083a00000, 0x0000000083900000| Complete 
|  58|0x0000000083a00000, 0x0000000083b00000, 0x0000000083b00000|100%| O|  |TAMS 0x0000000083b00000, 0x0000000083a00000| Complete 
|  59|0x0000000083b00000, 0x0000000083c00000, 0x0000000083c00000|100%| O|  |TAMS 0x0000000083c00000, 0x0000000083b00000| Untracked 
|  60|0x0000000083c00000, 0x0000000083d00000, 0x0000000083d00000|100%| O|  |TAMS 0x0000000083d00000, 0x0000000083c00000| Complete 
|  61|0x0000000083d00000, 0x0000000083e00000, 0x0000000083e00000|100%| O|  |TAMS 0x0000000083e00000, 0x0000000083d00000| Complete 
|  62|0x0000000083e00000, 0x0000000083f00000, 0x0000000083f00000|100%| O|  |TAMS 0x0000000083f00000, 0x0000000083e00000| Untracked 
|  63|0x0000000083f00000, 0x0000000084000000, 0x0000000084000000|100%| O|  |TAMS 0x0000000084000000, 0x0000000083f00000| Untracked 
|  64|0x0000000084000000, 0x0000000084100000, 0x0000000084100000|100%| O|  |TAMS 0x0000000084100000, 0x0000000084000000| Complete 
|  65|0x0000000084100000, 0x0000000084200000, 0x0000000084200000|100%| O|  |TAMS 0x0000000084200000, 0x0000000084100000| Untracked 
|  66|0x0000000084200000, 0x0000000084300000, 0x0000000084300000|100%| O|  |TAMS 0x0000000084300000, 0x0000000084200000| Complete 
|  67|0x0000000084300000, 0x0000000084400000, 0x0000000084400000|100%| O|  |TAMS 0x0000000084400000, 0x0000000084300000| Untracked 
|  68|0x0000000084400000, 0x0000000084500000, 0x0000000084500000|100%| O|  |TAMS 0x0000000084500000, 0x0000000084400000| Complete 
|  69|0x0000000084500000, 0x0000000084600000, 0x0000000084600000|100%| O|  |TAMS 0x0000000084600000, 0x0000000084500000| Complete 
|  70|0x0000000084600000, 0x0000000084700000, 0x0000000084700000|100%| O|  |TAMS 0x0000000084700000, 0x0000000084600000| Complete 
|  71|0x0000000084700000, 0x0000000084800000, 0x0000000084800000|100%| O|  |TAMS 0x0000000084800000, 0x0000000084700000| Untracked 
|  72|0x0000000084800000, 0x0000000084900000, 0x0000000084900000|100%| O|  |TAMS 0x0000000084900000, 0x0000000084800000| Complete 
|  73|0x0000000084900000, 0x0000000084a00000, 0x0000000084a00000|100%| O|  |TAMS 0x0000000084a00000, 0x0000000084900000| Complete 
|  74|0x0000000084a00000, 0x0000000084b00000, 0x0000000084b00000|100%| O|  |TAMS 0x0000000084b00000, 0x0000000084a00000| Complete 
|  75|0x0000000084b00000, 0x0000000084c00000, 0x0000000084c00000|100%| O|  |TAMS 0x0000000084c00000, 0x0000000084b00000| Complete 
|  76|0x0000000084c00000, 0x0000000084d00000, 0x0000000084d00000|100%| O|  |TAMS 0x0000000084d00000, 0x0000000084c00000| Complete 
|  77|0x0000000084d00000, 0x0000000084e00000, 0x0000000084e00000|100%| O|  |TAMS 0x0000000084e00000, 0x0000000084d00000| Complete 
|  78|0x0000000084e00000, 0x0000000084f00000, 0x0000000084f00000|100%| O|  |TAMS 0x0000000084f00000, 0x0000000084e00000| Complete 
|  79|0x0000000084f00000, 0x0000000085000000, 0x0000000085000000|100%| O|  |TAMS 0x0000000085000000, 0x0000000084f00000| Untracked 
|  80|0x0000000085000000, 0x0000000085100000, 0x0000000085100000|100%| O|  |TAMS 0x0000000085100000, 0x0000000085000000| Untracked 
|  81|0x0000000085100000, 0x0000000085200000, 0x0000000085200000|100%| O|  |TAMS 0x0000000085200000, 0x0000000085100000| Untracked 
|  82|0x0000000085200000, 0x0000000085300000, 0x0000000085300000|100%| O|  |TAMS 0x0000000085300000, 0x0000000085200000| Complete 
|  83|0x0000000085300000, 0x0000000085400000, 0x0000000085400000|100%| O|  |TAMS 0x0000000085400000, 0x0000000085300000| Complete 
|  84|0x0000000085400000, 0x0000000085500000, 0x0000000085500000|100%| O|  |TAMS 0x0000000085500000, 0x0000000085400000| Untracked 
|  85|0x0000000085500000, 0x0000000085600000, 0x0000000085600000|100%| O|  |TAMS 0x0000000085600000, 0x0000000085500000| Complete 
|  86|0x0000000085600000, 0x0000000085700000, 0x0000000085700000|100%| O|  |TAMS 0x0000000085700000, 0x0000000085600000| Untracked 
|  87|0x0000000085700000, 0x0000000085800000, 0x0000000085800000|100%| O|  |TAMS 0x0000000085800000, 0x0000000085700000| Untracked 
|  88|0x0000000085800000, 0x0000000085900000, 0x0000000085900000|100%| O|  |TAMS 0x0000000085900000, 0x0000000085800000| Untracked 
|  89|0x0000000085900000, 0x0000000085a00000, 0x0000000085a00000|100%| O|  |TAMS 0x0000000085a00000, 0x0000000085900000| Complete 
|  90|0x0000000085a00000, 0x0000000085b00000, 0x0000000085b00000|100%| O|  |TAMS 0x0000000085b00000, 0x0000000085a00000| Untracked 
|  91|0x0000000085b00000, 0x0000000085c00000, 0x0000000085c00000|100%| O|  |TAMS 0x0000000085c00000, 0x0000000085b00000| Complete 
|  92|0x0000000085c00000, 0x0000000085d00000, 0x0000000085d00000|100%| O|  |TAMS 0x0000000085d00000, 0x0000000085c00000| Untracked 
|  93|0x0000000085d00000, 0x0000000085e00000, 0x0000000085e00000|100%|HS|  |TAMS 0x0000000085e00000, 0x0000000085d00000| Complete 
|  94|0x0000000085e00000, 0x0000000085f00000, 0x0000000085f00000|100%|HC|  |TAMS 0x0000000085f00000, 0x0000000085e00000| Complete 
|  95|0x0000000085f00000, 0x0000000086000000, 0x0000000086000000|100%| O|  |TAMS 0x0000000086000000, 0x0000000085f00000| Untracked 
|  96|0x0000000086000000, 0x0000000086100000, 0x0000000086100000|100%| O|  |TAMS 0x0000000086100000, 0x0000000086000000| Complete 
|  97|0x0000000086100000, 0x0000000086200000, 0x0000000086200000|100%| O|  |TAMS 0x0000000086200000, 0x0000000086100000| Complete 
|  98|0x0000000086200000, 0x0000000086300000, 0x0000000086300000|100%| O|  |TAMS 0x0000000086300000, 0x0000000086200000| Complete 
|  99|0x0000000086300000, 0x0000000086400000, 0x0000000086400000|100%| O|  |TAMS 0x0000000086400000, 0x0000000086300000| Complete 
| 100|0x0000000086400000, 0x0000000086500000, 0x0000000086500000|100%| O|  |TAMS 0x0000000086500000, 0x0000000086400000| Complete 
| 101|0x0000000086500000, 0x0000000086600000, 0x0000000086600000|100%| O|  |TAMS 0x0000000086600000, 0x0000000086500000| Complete 
| 102|0x0000000086600000, 0x0000000086700000, 0x0000000086700000|100%| O|  |TAMS 0x0000000086700000, 0x0000000086600000| Complete 
| 103|0x0000000086700000, 0x0000000086800000, 0x0000000086800000|100%| O|  |TAMS 0x0000000086800000, 0x0000000086700000| Complete 
| 104|0x0000000086800000, 0x0000000086900000, 0x0000000086900000|100%| O|  |TAMS 0x0000000086900000, 0x0000000086800000| Complete 
| 105|0x0000000086900000, 0x0000000086a00000, 0x0000000086a00000|100%| O|  |TAMS 0x0000000086a00000, 0x0000000086900000| Complete 
| 106|0x0000000086a00000, 0x0000000086b00000, 0x0000000086b00000|100%| O|  |TAMS 0x0000000086b00000, 0x0000000086a00000| Complete 
| 107|0x0000000086b00000, 0x0000000086c00000, 0x0000000086c00000|100%| O|  |TAMS 0x0000000086c00000, 0x0000000086b00000| Complete 
| 108|0x0000000086c00000, 0x0000000086d00000, 0x0000000086d00000|100%| O|  |TAMS 0x0000000086d00000, 0x0000000086c00000| Untracked 
| 109|0x0000000086d00000, 0x0000000086e00000, 0x0000000086e00000|100%| O|  |TAMS 0x0000000086e00000, 0x0000000086d00000| Untracked 
| 110|0x0000000086e00000, 0x0000000086f00000, 0x0000000086f00000|100%| O|  |TAMS 0x0000000086f00000, 0x0000000086e00000| Complete 
| 111|0x0000000086f00000, 0x0000000087000000, 0x0000000087000000|100%| O|  |TAMS 0x0000000087000000, 0x0000000086f00000| Complete 
| 112|0x0000000087000000, 0x0000000087100000, 0x0000000087100000|100%| O|  |TAMS 0x0000000087100000, 0x0000000087000000| Complete 
| 113|0x0000000087100000, 0x0000000087200000, 0x0000000087200000|100%| O|  |TAMS 0x0000000087200000, 0x0000000087100000| Complete 
| 114|0x0000000087200000, 0x0000000087300000, 0x0000000087300000|100%| O|  |TAMS 0x0000000087300000, 0x0000000087200000| Complete 
| 115|0x0000000087300000, 0x0000000087400000, 0x0000000087400000|100%| O|  |TAMS 0x0000000087400000, 0x0000000087300000| Untracked 
| 116|0x0000000087400000, 0x0000000087500000, 0x0000000087500000|100%| O|  |TAMS 0x00000000874bba00, 0x0000000087400000| Untracked 
| 117|0x0000000087500000, 0x0000000087500000, 0x0000000087600000|  0%| F|  |TAMS 0x0000000087500000, 0x0000000087500000| Untracked 
| 118|0x0000000087600000, 0x0000000087600000, 0x0000000087700000|  0%| F|  |TAMS 0x0000000087600000, 0x0000000087600000| Untracked 
| 119|0x0000000087700000, 0x0000000087700000, 0x0000000087800000|  0%| F|  |TAMS 0x0000000087700000, 0x0000000087700000| Untracked 
| 120|0x0000000087800000, 0x0000000087800000, 0x0000000087900000|  0%| F|  |TAMS 0x0000000087800000, 0x0000000087800000| Untracked 
| 121|0x0000000087900000, 0x0000000087a00000, 0x0000000087a00000|100%| O|  |TAMS 0x0000000087900000, 0x0000000087900000| Untracked 
| 122|0x0000000087a00000, 0x0000000087a5bc00, 0x0000000087b00000| 35%| O|  |TAMS 0x0000000087a00000, 0x0000000087a00000| Untracked 
| 123|0x0000000087b00000, 0x0000000087b00000, 0x0000000087c00000|  0%| F|  |TAMS 0x0000000087b00000, 0x0000000087b00000| Untracked 
| 124|0x0000000087c00000, 0x0000000087c00000, 0x0000000087d00000|  0%| F|  |TAMS 0x0000000087c00000, 0x0000000087c00000| Untracked 
| 125|0x0000000087d00000, 0x0000000087d00000, 0x0000000087e00000|  0%| F|  |TAMS 0x0000000087d00000, 0x0000000087d00000| Untracked 
| 126|0x0000000087e00000, 0x0000000087e00000, 0x0000000087f00000|  0%| F|  |TAMS 0x0000000087e00000, 0x0000000087e00000| Untracked 
| 127|0x0000000087f00000, 0x0000000087f00000, 0x0000000088000000|  0%| F|  |TAMS 0x0000000087f00000, 0x0000000087f00000| Untracked 
| 128|0x0000000088000000, 0x0000000088000000, 0x0000000088100000|  0%| F|  |TAMS 0x0000000088000000, 0x0000000088000000| Untracked 
| 129|0x0000000088100000, 0x0000000088100000, 0x0000000088200000|  0%| F|  |TAMS 0x0000000088100000, 0x0000000088100000| Untracked 
| 130|0x0000000088200000, 0x0000000088200000, 0x0000000088300000|  0%| F|  |TAMS 0x0000000088200000, 0x0000000088200000| Untracked 
| 131|0x0000000088300000, 0x0000000088300000, 0x0000000088400000|  0%| F|  |TAMS 0x0000000088300000, 0x0000000088300000| Untracked 
| 132|0x0000000088400000, 0x0000000088400000, 0x0000000088500000|  0%| F|  |TAMS 0x0000000088400000, 0x0000000088400000| Untracked 
| 133|0x0000000088500000, 0x0000000088500000, 0x0000000088600000|  0%| F|  |TAMS 0x0000000088500000, 0x0000000088500000| Untracked 
| 134|0x0000000088600000, 0x0000000088600000, 0x0000000088700000|  0%| F|  |TAMS 0x0000000088600000, 0x0000000088600000| Untracked 
| 135|0x0000000088700000, 0x0000000088700000, 0x0000000088800000|  0%| F|  |TAMS 0x0000000088700000, 0x0000000088700000| Untracked 
| 136|0x0000000088800000, 0x0000000088800000, 0x0000000088900000|  0%| F|  |TAMS 0x0000000088800000, 0x0000000088800000| Untracked 
| 137|0x0000000088900000, 0x0000000088900000, 0x0000000088a00000|  0%| F|  |TAMS 0x0000000088900000, 0x0000000088900000| Untracked 
| 138|0x0000000088a00000, 0x0000000088a00000, 0x0000000088b00000|  0%| F|  |TAMS 0x0000000088a00000, 0x0000000088a00000| Untracked 
| 139|0x0000000088b00000, 0x0000000088b00000, 0x0000000088c00000|  0%| F|  |TAMS 0x0000000088b00000, 0x0000000088b00000| Untracked 
| 140|0x0000000088c00000, 0x0000000088c00000, 0x0000000088d00000|  0%| F|  |TAMS 0x0000000088c00000, 0x0000000088c00000| Untracked 
| 141|0x0000000088d00000, 0x0000000088d00000, 0x0000000088e00000|  0%| F|  |TAMS 0x0000000088d00000, 0x0000000088d00000| Untracked 
| 142|0x0000000088e00000, 0x0000000088e00000, 0x0000000088f00000|  0%| F|  |TAMS 0x0000000088e00000, 0x0000000088e00000| Untracked 
| 143|0x0000000088f00000, 0x0000000088f00000, 0x0000000089000000|  0%| F|  |TAMS 0x0000000088f00000, 0x0000000088f00000| Untracked 
| 144|0x0000000089000000, 0x0000000089000000, 0x0000000089100000|  0%| F|  |TAMS 0x0000000089000000, 0x0000000089000000| Untracked 
| 145|0x0000000089100000, 0x0000000089100000, 0x0000000089200000|  0%| F|  |TAMS 0x0000000089100000, 0x0000000089100000| Untracked 
| 146|0x0000000089200000, 0x0000000089300000, 0x0000000089300000|100%| S|CS|TAMS 0x0000000089200000, 0x0000000089200000| Complete 
| 147|0x0000000089300000, 0x0000000089400000, 0x0000000089400000|100%| S|CS|TAMS 0x0000000089300000, 0x0000000089300000| Complete 
| 148|0x0000000089400000, 0x0000000089500000, 0x0000000089500000|100%| S|CS|TAMS 0x0000000089400000, 0x0000000089400000| Complete 
| 149|0x0000000089500000, 0x0000000089600000, 0x0000000089600000|100%| S|CS|TAMS 0x0000000089500000, 0x0000000089500000| Complete 
| 150|0x0000000089600000, 0x0000000089700000, 0x0000000089700000|100%| S|CS|TAMS 0x0000000089600000, 0x0000000089600000| Complete 
| 151|0x0000000089700000, 0x0000000089800000, 0x0000000089800000|100%| S|CS|TAMS 0x0000000089700000, 0x0000000089700000| Complete 
| 152|0x0000000089800000, 0x0000000089800000, 0x0000000089900000|  0%| F|  |TAMS 0x0000000089800000, 0x0000000089800000| Untracked 
| 153|0x0000000089900000, 0x0000000089900000, 0x0000000089a00000|  0%| F|  |TAMS 0x0000000089900000, 0x0000000089900000| Untracked 
| 154|0x0000000089a00000, 0x0000000089a00000, 0x0000000089b00000|  0%| F|  |TAMS 0x0000000089a00000, 0x0000000089a00000| Untracked 
| 155|0x0000000089b00000, 0x0000000089b00000, 0x0000000089c00000|  0%| F|  |TAMS 0x0000000089b00000, 0x0000000089b00000| Untracked 
| 156|0x0000000089c00000, 0x0000000089c00000, 0x0000000089d00000|  0%| F|  |TAMS 0x0000000089c00000, 0x0000000089c00000| Untracked 
| 157|0x0000000089d00000, 0x0000000089d00000, 0x0000000089e00000|  0%| F|  |TAMS 0x0000000089d00000, 0x0000000089d00000| Untracked 
| 158|0x0000000089e00000, 0x0000000089e00000, 0x0000000089f00000|  0%| F|  |TAMS 0x0000000089e00000, 0x0000000089e00000| Untracked 
| 159|0x0000000089f00000, 0x0000000089f00000, 0x000000008a000000|  0%| F|  |TAMS 0x0000000089f00000, 0x0000000089f00000| Untracked 
| 160|0x000000008a000000, 0x000000008a000000, 0x000000008a100000|  0%| F|  |TAMS 0x000000008a000000, 0x000000008a000000| Untracked 
| 161|0x000000008a100000, 0x000000008a100000, 0x000000008a200000|  0%| F|  |TAMS 0x000000008a100000, 0x000000008a100000| Untracked 
| 162|0x000000008a200000, 0x000000008a200000, 0x000000008a300000|  0%| F|  |TAMS 0x000000008a200000, 0x000000008a200000| Untracked 
| 163|0x000000008a300000, 0x000000008a300000, 0x000000008a400000|  0%| F|  |TAMS 0x000000008a300000, 0x000000008a300000| Untracked 
| 164|0x000000008a400000, 0x000000008a400000, 0x000000008a500000|  0%| F|  |TAMS 0x000000008a400000, 0x000000008a400000| Untracked 
| 165|0x000000008a500000, 0x000000008a500000, 0x000000008a600000|  0%| F|  |TAMS 0x000000008a500000, 0x000000008a500000| Untracked 
| 166|0x000000008a600000, 0x000000008a600000, 0x000000008a700000|  0%| F|  |TAMS 0x000000008a600000, 0x000000008a600000| Untracked 
| 167|0x000000008a700000, 0x000000008a700000, 0x000000008a800000|  0%| F|  |TAMS 0x000000008a700000, 0x000000008a700000| Untracked 
| 168|0x000000008a800000, 0x000000008a800000, 0x000000008a900000|  0%| F|  |TAMS 0x000000008a800000, 0x000000008a800000| Untracked 
| 169|0x000000008a900000, 0x000000008a900000, 0x000000008aa00000|  0%| F|  |TAMS 0x000000008a900000, 0x000000008a900000| Untracked 
| 170|0x000000008aa00000, 0x000000008aa00000, 0x000000008ab00000|  0%| F|  |TAMS 0x000000008aa00000, 0x000000008aa00000| Untracked 
| 171|0x000000008ab00000, 0x000000008ab00000, 0x000000008ac00000|  0%| F|  |TAMS 0x000000008ab00000, 0x000000008ab00000| Untracked 
| 172|0x000000008ac00000, 0x000000008ac00000, 0x000000008ad00000|  0%| F|  |TAMS 0x000000008ac00000, 0x000000008ac00000| Untracked 
| 173|0x000000008ad00000, 0x000000008ad00000, 0x000000008ae00000|  0%| F|  |TAMS 0x000000008ad00000, 0x000000008ad00000| Untracked 
| 174|0x000000008ae00000, 0x000000008ae00000, 0x000000008af00000|  0%| F|  |TAMS 0x000000008ae00000, 0x000000008ae00000| Untracked 
| 175|0x000000008af00000, 0x000000008af00000, 0x000000008b000000|  0%| F|  |TAMS 0x000000008af00000, 0x000000008af00000| Untracked 
| 176|0x000000008b000000, 0x000000008b000000, 0x000000008b100000|  0%| F|  |TAMS 0x000000008b000000, 0x000000008b000000| Untracked 
| 177|0x000000008b100000, 0x000000008b100000, 0x000000008b200000|  0%| F|  |TAMS 0x000000008b100000, 0x000000008b100000| Untracked 
| 178|0x000000008b200000, 0x000000008b200000, 0x000000008b300000|  0%| F|  |TAMS 0x000000008b200000, 0x000000008b200000| Untracked 
| 179|0x000000008b300000, 0x000000008b300000, 0x000000008b400000|  0%| F|  |TAMS 0x000000008b300000, 0x000000008b300000| Untracked 
| 180|0x000000008b400000, 0x000000008b400000, 0x000000008b500000|  0%| F|  |TAMS 0x000000008b400000, 0x000000008b400000| Untracked 
| 181|0x000000008b500000, 0x000000008b500000, 0x000000008b600000|  0%| F|  |TAMS 0x000000008b500000, 0x000000008b500000| Untracked 
| 182|0x000000008b600000, 0x000000008b600000, 0x000000008b700000|  0%| F|  |TAMS 0x000000008b600000, 0x000000008b600000| Untracked 
| 183|0x000000008b700000, 0x000000008b700000, 0x000000008b800000|  0%| F|  |TAMS 0x000000008b700000, 0x000000008b700000| Untracked 
| 184|0x000000008b800000, 0x000000008b800000, 0x000000008b900000|  0%| F|  |TAMS 0x000000008b800000, 0x000000008b800000| Untracked 
| 185|0x000000008b900000, 0x000000008b900000, 0x000000008ba00000|  0%| F|  |TAMS 0x000000008b900000, 0x000000008b900000| Untracked 
| 186|0x000000008ba00000, 0x000000008ba00000, 0x000000008bb00000|  0%| F|  |TAMS 0x000000008ba00000, 0x000000008ba00000| Untracked 
| 187|0x000000008bb00000, 0x000000008bb00000, 0x000000008bc00000|  0%| F|  |TAMS 0x000000008bb00000, 0x000000008bb00000| Untracked 
| 188|0x000000008bc00000, 0x000000008bc00000, 0x000000008bd00000|  0%| F|  |TAMS 0x000000008bc00000, 0x000000008bc00000| Untracked 
| 189|0x000000008bd00000, 0x000000008bd00000, 0x000000008be00000|  0%| F|  |TAMS 0x000000008bd00000, 0x000000008bd00000| Untracked 
| 190|0x000000008be00000, 0x000000008be00000, 0x000000008bf00000|  0%| F|  |TAMS 0x000000008be00000, 0x000000008be00000| Untracked 
| 191|0x000000008bf00000, 0x000000008bf00000, 0x000000008c000000|  0%| F|  |TAMS 0x000000008bf00000, 0x000000008bf00000| Untracked 
| 192|0x000000008c000000, 0x000000008c000000, 0x000000008c100000|  0%| F|  |TAMS 0x000000008c000000, 0x000000008c000000| Untracked 
| 193|0x000000008c100000, 0x000000008c100000, 0x000000008c200000|  0%| F|  |TAMS 0x000000008c100000, 0x000000008c100000| Untracked 
| 194|0x000000008c200000, 0x000000008c200000, 0x000000008c300000|  0%| F|  |TAMS 0x000000008c200000, 0x000000008c200000| Untracked 

Card table byte_map: [0x00000217b9110000,0x00000217b9510000] _byte_map_base: 0x00000217b8d10000

Marking Bits (Prev, Next): (CMBitMap*) 0x00000217a5c39fd0, (CMBitMap*) 0x00000217a5c39f98
 Prev Bits: [0x00000217bb910000, 0x00000217bd910000)
 Next Bits: [0x00000217b9910000, 0x00000217bb910000)

Polling page: 0x00000217a4270000

Metaspace:

Usage:
  Non-class:     96.32 MB capacity,    94.54 MB ( 98%) used,     1.46 MB (  2%) free+waste,   326.75 KB ( <1%) overhead. 
      Class:     14.32 MB capacity,    13.35 MB ( 93%) used,   843.09 KB (  6%) free+waste,   142.50 KB ( <1%) overhead. 
       Both:    110.63 MB capacity,   107.89 MB ( 98%) used,     2.28 MB (  2%) free+waste,   469.25 KB ( <1%) overhead. 

Virtual space:
  Non-class space:       98.00 MB reserved,      96.37 MB ( 98%) committed 
      Class space:        1.00 GB reserved,      14.38 MB (  1%) committed 
             Both:        1.10 GB reserved,     110.75 MB ( 10%) committed 

Chunk freelists:
   Non-Class:  57.00 KB
       Class:  0 bytes
        Both:  57.00 KB

MaxMetaspaceSize: 17179869184.00 GB
CompressedClassSpaceSize: 1.00 GB

CodeHeap 'non-profiled nmethods': size=120064Kb used=9649Kb max_used=9649Kb free=110414Kb
 bounds [0x00000217b11b0000, 0x00000217b1b20000, 0x00000217b86f0000]
CodeHeap 'profiled nmethods': size=120000Kb used=38491Kb max_used=38491Kb free=81508Kb
 bounds [0x00000217a9c80000, 0x00000217ac220000, 0x00000217b11b0000]
CodeHeap 'non-nmethods': size=5696Kb used=2337Kb max_used=2363Kb free=3358Kb
 bounds [0x00000217a96f0000, 0x00000217a9960000, 0x00000217a9c80000]
 total_blobs=18628 nmethods=17676 adapters=862
 compilation: enabled
              stopped_count=0, restarted_count=0
 full_count=0

Compilation events (20 events):
Event: 319.565 Thread 0x00000217bff37000 18194       2       com.android.tools.r8.graph.B0$$Lambda$1282/0x0000000100e32440::accept (28 bytes)
Event: 319.565 Thread 0x00000217bff37000 nmethod 18194 0x00000217ac211410 code [0x00000217ac2115e0, 0x00000217ac2118b8]
Event: 319.565 Thread 0x00000217bff37000 18197       2       com.android.tools.r8.internal.k1::<init> (87 bytes)
Event: 319.566 Thread 0x00000217bff37000 nmethod 18197 0x00000217ac211a10 code [0x00000217ac211c20, 0x00000217ac2120a8]
Event: 319.566 Thread 0x00000217bff37000 18196       2       com.android.tools.r8.graph.B0$$Lambda$1282/0x0000000100e32440::<init> (26 bytes)
Event: 319.567 Thread 0x00000217bff37000 nmethod 18196 0x00000217ac212310 code [0x00000217ac2124c0, 0x00000217ac2126d8]
Event: 319.567 Thread 0x00000217bff37000 18198 %     3       com.android.tools.r8.internal.E9::d @ 37 (149 bytes)
Event: 319.570 Thread 0x00000217bff37000 nmethod 18198% 0x00000217ac212790 code [0x00000217ac212b60, 0x00000217ac214938]
Event: 319.570 Thread 0x00000217bff37000 18201       2       com.android.tools.r8.graph.B0$d::a (126 bytes)
Event: 319.571 Thread 0x00000217bff37000 nmethod 18201 0x00000217ac215490 code [0x00000217ac215680, 0x00000217ac215ad8]
Event: 319.571 Thread 0x00000217bff37000 18199       2       com.android.tools.r8.internal.U6::a (16 bytes)
Event: 319.571 Thread 0x00000217bff37000 nmethod 18199 0x00000217ac215d10 code [0x00000217ac215ee0, 0x00000217ac216108]
Event: 319.571 Thread 0x00000217bff37000 18200       2       com.android.tools.r8.internal.SF::a (98 bytes)
Event: 319.572 Thread 0x00000217bff37000 nmethod 18200 0x00000217ac216310 code [0x00000217ac216540, 0x00000217ac216968]
Event: 319.572 Thread 0x00000217bff37000 18195       2       com.android.tools.r8.graph.B0$d::d (25 bytes)
Event: 319.572 Thread 0x00000217bff37000 nmethod 18195 0x00000217ac216b90 code [0x00000217ac216d40, 0x00000217ac216f78]
Event: 319.573 Thread 0x00000217bff37000 18202       2       com.android.tools.r8.internal.q5::n (2 bytes)
Event: 319.573 Thread 0x00000217bff37000 nmethod 18202 0x00000217ac217010 code [0x00000217ac2171c0, 0x00000217ac2172b8]
Event: 319.573 Thread 0x00000217bff37000 18177       1       com.android.tools.r8.internal.h8::a (5 bytes)
Event: 319.573 Thread 0x00000217bff37000 nmethod 18177 0x00000217b1b1c210 code [0x00000217b1b1c3c0, 0x00000217b1b1c458]

GC Heap History (20 events):
Event: 308.588 GC heap after
{Heap after GC invocations=62 (full 0):
 garbage-first heap   total 199680K, used 119858K [0x0000000080000000, 0x0000000100000000)
  region size 1024K, 2 young (2048K), 2 survivors (2048K)
 Metaspace       used 95924K, capacity 98261K, committed 98556K, reserved 1134592K
  class space    used 12035K, capacity 12875K, committed 12928K, reserved 1048576K
}
Event: 309.361 GC heap before
{Heap before GC invocations=63 (full 0):
 garbage-first heap   total 199680K, used 144434K [0x0000000080000000, 0x0000000100000000)
  region size 1024K, 40 young (40960K), 2 survivors (2048K)
 Metaspace       used 96892K, capacity 99233K, committed 99452K, reserved 1136640K
  class space    used 12137K, capacity 12964K, committed 13056K, reserved 1048576K
}
Event: 309.375 GC heap after
{Heap after GC invocations=64 (full 0):
 garbage-first heap   total 199680K, used 110037K [0x0000000080000000, 0x0000000100000000)
  region size 1024K, 5 young (5120K), 5 survivors (5120K)
 Metaspace       used 96892K, capacity 99233K, committed 99452K, reserved 1136640K
  class space    used 12137K, capacity 12964K, committed 13056K, reserved 1048576K
}
Event: 309.426 GC heap before
{Heap before GC invocations=64 (full 0):
 garbage-first heap   total 199680K, used 113109K [0x0000000080000000, 0x0000000100000000)
  region size 1024K, 9 young (9216K), 5 survivors (5120K)
 Metaspace       used 97069K, capacity 99361K, committed 99708K, reserved 1136640K
  class space    used 12159K, capacity 12964K, committed 13056K, reserved 1048576K
}
Event: 309.452 GC heap after
{Heap after GC invocations=65 (full 0):
 garbage-first heap   total 199680K, used 99520K [0x0000000080000000, 0x0000000100000000)
  region size 1024K, 1 young (1024K), 1 survivors (1024K)
 Metaspace       used 97069K, capacity 99361K, committed 99708K, reserved 1136640K
  class space    used 12159K, capacity 12964K, committed 13056K, reserved 1048576K
}
Event: 311.288 GC heap before
{Heap before GC invocations=65 (full 0):
 garbage-first heap   total 199680K, used 148672K [0x0000000080000000, 0x0000000100000000)
  region size 1024K, 50 young (51200K), 1 survivors (1024K)
 Metaspace       used 103131K, capacity 105619K, committed 105852K, reserved 1140736K
  class space    used 12934K, capacity 13814K, committed 13824K, reserved 1048576K
}
Event: 311.303 GC heap after
{Heap after GC invocations=66 (full 0):
 garbage-first heap   total 199680K, used 102003K [0x0000000080000000, 0x0000000100000000)
  region size 1024K, 4 young (4096K), 4 survivors (4096K)
 Metaspace       used 103131K, capacity 105619K, committed 105852K, reserved 1140736K
  class space    used 12934K, capacity 13814K, committed 13824K, reserved 1048576K
}
Event: 311.642 GC heap before
{Heap before GC invocations=66 (full 0):
 garbage-first heap   total 199680K, used 111219K [0x0000000080000000, 0x0000000100000000)
  region size 1024K, 14 young (14336K), 4 survivors (4096K)
 Metaspace       used 103400K, capacity 105883K, committed 106108K, reserved 1142784K
  class space    used 12938K, capacity 13816K, committed 13824K, reserved 1048576K
}
Event: 311.662 GC heap after
{Heap after GC invocations=67 (full 0):
 garbage-first heap   total 199680K, used 104930K [0x0000000080000000, 0x0000000100000000)
  region size 1024K, 7 young (7168K), 7 survivors (7168K)
 Metaspace       used 103400K, capacity 105883K, committed 106108K, reserved 1142784K
  class space    used 12938K, capacity 13816K, committed 13824K, reserved 1048576K
}
Event: 315.318 GC heap before
{Heap before GC invocations=68 (full 0):
 garbage-first heap   total 199680K, used 153058K [0x0000000080000000, 0x0000000100000000)
  region size 1024K, 52 young (53248K), 7 survivors (7168K)
 Metaspace       used 104217K, capacity 106640K, committed 106748K, reserved 1142784K
  class space    used 12988K, capacity 13869K, committed 13952K, reserved 1048576K
}
Event: 315.421 GC heap after
{Heap after GC invocations=69 (full 0):
 garbage-first heap   total 199680K, used 117148K [0x0000000080000000, 0x0000000100000000)
  region size 1024K, 7 young (7168K), 7 survivors (7168K)
 Metaspace       used 104217K, capacity 106640K, committed 106748K, reserved 1142784K
  class space    used 12988K, capacity 13869K, committed 13952K, reserved 1048576K
}
Event: 315.453 GC heap before
{Heap before GC invocations=69 (full 0):
 garbage-first heap   total 199680K, used 119196K [0x0000000080000000, 0x0000000100000000)
  region size 1024K, 9 young (9216K), 7 survivors (7168K)
 Metaspace       used 104253K, capacity 106641K, committed 106748K, reserved 1142784K
  class space    used 12990K, capacity 13869K, committed 13952K, reserved 1048576K
}
Event: 315.491 GC heap after
{Heap after GC invocations=70 (full 0):
 garbage-first heap   total 199680K, used 117760K [0x0000000080000000, 0x0000000100000000)
  region size 1024K, 1 young (1024K), 1 survivors (1024K)
 Metaspace       used 104253K, capacity 106641K, committed 106748K, reserved 1142784K
  class space    used 12990K, capacity 13869K, committed 13952K, reserved 1048576K
}
Event: 316.730 GC heap before
{Heap before GC invocations=70 (full 0):
 garbage-first heap   total 199680K, used 156672K [0x0000000080000000, 0x0000000100000000)
  region size 1024K, 39 young (39936K), 1 survivors (1024K)
 Metaspace       used 106287K, capacity 108833K, committed 109052K, reserved 1144832K
  class space    used 13170K, capacity 14123K, committed 14208K, reserved 1048576K
}
Event: 316.743 GC heap after
{Heap after GC invocations=71 (full 0):
 garbage-first heap   total 199680K, used 119725K [0x0000000080000000, 0x0000000100000000)
  region size 1024K, 3 young (3072K), 3 survivors (3072K)
 Metaspace       used 106287K, capacity 108833K, committed 109052K, reserved 1144832K
  class space    used 13170K, capacity 14123K, committed 14208K, reserved 1048576K
}
Event: 317.430 GC heap before
{Heap before GC invocations=71 (full 0):
 garbage-first heap   total 199680K, used 159661K [0x0000000080000000, 0x0000000100000000)
  region size 1024K, 42 young (43008K), 3 survivors (3072K)
 Metaspace       used 106574K, capacity 109101K, committed 109308K, reserved 1144832K
  class space    used 13171K, capacity 14124K, committed 14208K, reserved 1048576K
}
Event: 317.443 GC heap after
{Heap after GC invocations=72 (full 0):
 garbage-first heap   total 199680K, used 120962K [0x0000000080000000, 0x0000000100000000)
  region size 1024K, 5 young (5120K), 5 survivors (5120K)
 Metaspace       used 106574K, capacity 109101K, committed 109308K, reserved 1144832K
  class space    used 13171K, capacity 14124K, committed 14208K, reserved 1048576K
}
Event: 318.369 GC heap before
{Heap before GC invocations=72 (full 0):
 garbage-first heap   total 199680K, used 159874K [0x0000000080000000, 0x0000000100000000)
  region size 1024K, 44 young (45056K), 5 survivors (5120K)
 Metaspace       used 106899K, capacity 109510K, committed 109820K, reserved 1144832K
  class space    used 13182K, capacity 14129K, committed 14208K, reserved 1048576K
}
Event: 318.390 GC heap after
{Heap after GC invocations=73 (full 0):
 garbage-first heap   total 199680K, used 122118K [0x0000000080000000, 0x0000000100000000)
  region size 1024K, 3 young (3072K), 3 survivors (3072K)
 Metaspace       used 106899K, capacity 109510K, committed 109820K, reserved 1144832K
  class space    used 13182K, capacity 14129K, committed 14208K, reserved 1048576K
}
Event: 319.583 GC heap before
{Heap before GC invocations=74 (full 0):
 garbage-first heap   total 199680K, used 166150K [0x0000000080000000, 0x0000000100000000)
  region size 1024K, 43 young (44032K), 3 survivors (3072K)
 Metaspace       used 110480K, capacity 113287K, committed 113404K, reserved 1148928K
  class space    used 13674K, capacity 14660K, committed 14720K, reserved 1048576K
}

Deoptimization events (20 events):
Event: 319.067 Thread 0x00000217c4970800 Uncommon trap: trap_request=0xffffff4d fr.pc=0x00000217b1745380 relative=0x00000000000014a0
Event: 319.067 Thread 0x00000217c4970800 Uncommon trap: reason=unstable_if action=reinterpret pc=0x00000217b1745380 method=java.util.concurrent.ConcurrentHashMap.putVal(Ljava/lang/Object;Ljava/lang/Object;Z)Ljava/lang/Object; @ 162 c2
Event: 319.067 Thread 0x00000217c4970800 DEOPT PACKING pc=0x00000217b1745380 sp=0x00000051043f8c30
Event: 319.067 Thread 0x00000217c4970800 DEOPT UNPACKING pc=0x00000217a97178af sp=0x00000051043f8bc8 mode 2
Event: 319.067 Thread 0x00000217c4970800 Uncommon trap: trap_request=0xffffff4d fr.pc=0x00000217b19e2de4 relative=0x00000000000003e4
Event: 319.067 Thread 0x00000217c4970800 Uncommon trap: reason=unstable_if action=reinterpret pc=0x00000217b19e2de4 method=com.google.common.collect.MapMakerInternalMap$Segment.getEntry(Ljava/lang/Object;I)Lcom/google/common/collect/MapMakerInternalMap$InternalEntry; @ 63 c2
Event: 319.067 Thread 0x00000217c4970800 DEOPT PACKING pc=0x00000217b19e2de4 sp=0x00000051043f8af0
Event: 319.067 Thread 0x00000217c4970800 DEOPT UNPACKING pc=0x00000217a97178af sp=0x00000051043f8aa8 mode 2
Event: 319.545 Thread 0x00000217c7500000 Uncommon trap: trap_request=0xffffff4d fr.pc=0x00000217b1b12268 relative=0x0000000000000828
Event: 319.545 Thread 0x00000217c7500000 Uncommon trap: reason=unstable_if action=reinterpret pc=0x00000217b1b12268 method=com.android.tools.r8.graph.c0.a(C)I @ 7 c2
Event: 319.545 Thread 0x00000217c7500000 DEOPT PACKING pc=0x00000217b1b12268 sp=0x0000005103cfcce0
Event: 319.545 Thread 0x00000217c7500000 DEOPT UNPACKING pc=0x00000217a97178af sp=0x0000005103cfcc30 mode 2
Event: 319.545 Thread 0x00000217c7500000 Uncommon trap: trap_request=0xffffff4d fr.pc=0x00000217b1b10924 relative=0x0000000000000084
Event: 319.545 Thread 0x00000217c7500000 Uncommon trap: reason=unstable_if action=reinterpret pc=0x00000217b1b10924 method=com.android.tools.r8.graph.c0.a(C[BI)I @ 7 c2
Event: 319.545 Thread 0x00000217c7500000 DEOPT PACKING pc=0x00000217b1b10924 sp=0x0000005103cfcc80
Event: 319.545 Thread 0x00000217c7500000 DEOPT UNPACKING pc=0x00000217a97178af sp=0x0000005103cfcc18 mode 2
Event: 319.556 Thread 0x00000217c496f000 DEOPT PACKING pc=0x00000217ac2029e8 sp=0x00000051044fcc80
Event: 319.556 Thread 0x00000217c496f000 DEOPT UNPACKING pc=0x00000217a97176ce sp=0x00000051044fc1a8 mode 0
Event: 319.558 Thread 0x00000217c496f000 DEOPT PACKING pc=0x00000217ac2029b8 sp=0x00000051044fcc80
Event: 319.558 Thread 0x00000217c496f000 DEOPT UNPACKING pc=0x00000217a97176ce sp=0x00000051044fc1a8 mode 0

Classes redefined (0 events):
No events

Internal exceptions (20 events):
Event: 318.098 Thread 0x00000217c74fc800 Exception <a 'sun/nio/fs/WindowsException'{0x000000008a79eba8}> (0x000000008a79eba8) thrown at [./src/hotspot/share/prims/jni.cpp, line 615]
Event: 318.106 Thread 0x00000217c74fc800 Exception <a 'sun/nio/fs/WindowsException'{0x000000008a7ccae0}> (0x000000008a7ccae0) thrown at [./src/hotspot/share/prims/jni.cpp, line 615]
Event: 318.117 Thread 0x00000217c74fc800 Exception <a 'sun/nio/fs/WindowsException'{0x000000008a633d08}> (0x000000008a633d08) thrown at [./src/hotspot/share/prims/jni.cpp, line 615]
Event: 318.128 Thread 0x00000217c74fc800 Exception <a 'sun/nio/fs/WindowsException'{0x000000008a67ea90}> (0x000000008a67ea90) thrown at [./src/hotspot/share/prims/jni.cpp, line 615]
Event: 318.139 Thread 0x00000217c74fc800 Exception <a 'sun/nio/fs/WindowsException'{0x000000008a6cda68}> (0x000000008a6cda68) thrown at [./src/hotspot/share/prims/jni.cpp, line 615]
Event: 318.149 Thread 0x00000217c74fc800 Exception <a 'sun/nio/fs/WindowsException'{0x000000008a540708}> (0x000000008a540708) thrown at [./src/hotspot/share/prims/jni.cpp, line 615]
Event: 318.158 Thread 0x00000217c74fc800 Exception <a 'sun/nio/fs/WindowsException'{0x000000008a584428}> (0x000000008a584428) thrown at [./src/hotspot/share/prims/jni.cpp, line 615]
Event: 318.164 Thread 0x00000217c74fc800 Exception <a 'sun/nio/fs/WindowsException'{0x000000008a5b1548}> (0x000000008a5b1548) thrown at [./src/hotspot/share/prims/jni.cpp, line 615]
Event: 318.173 Thread 0x00000217c74fc800 Exception <a 'sun/nio/fs/WindowsException'{0x000000008a5ddbe8}> (0x000000008a5ddbe8) thrown at [./src/hotspot/share/prims/jni.cpp, line 615]
Event: 318.181 Thread 0x00000217c74fc800 Exception <a 'sun/nio/fs/WindowsException'{0x000000008a40d998}> (0x000000008a40d998) thrown at [./src/hotspot/share/prims/jni.cpp, line 615]
Event: 318.189 Thread 0x00000217c74fc800 Exception <a 'sun/nio/fs/WindowsException'{0x000000008a439de8}> (0x000000008a439de8) thrown at [./src/hotspot/share/prims/jni.cpp, line 615]
Event: 318.338 Thread 0x00000217c4e23800 Exception <a 'java/lang/NoSuchMethodError'{0x0000000089ff6178}: <clinit>> (0x0000000089ff6178) thrown at [./src/hotspot/share/prims/jni.cpp, line 1362]
Event: 318.631 Thread 0x00000217c74fc800 Exception <a 'sun/nio/fs/WindowsException'{0x000000008bfec7a0}> (0x000000008bfec7a0) thrown at [./src/hotspot/share/prims/jni.cpp, line 615]
Event: 318.680 Thread 0x00000217c74fc800 Exception <a 'java/lang/NoSuchMethodError'{0x000000008be9b6f0}: <clinit>> (0x000000008be9b6f0) thrown at [./src/hotspot/share/prims/jni.cpp, line 1362]
Event: 319.042 Thread 0x00000217c7502800 Exception <a 'sun/nio/fs/WindowsException'{0x000000008ad913d8}> (0x000000008ad913d8) thrown at [./src/hotspot/share/prims/jni.cpp, line 615]
Event: 319.045 Thread 0x00000217c7500000 Exception <a 'sun/nio/fs/WindowsException'{0x000000008aaaf3a8}> (0x000000008aaaf3a8) thrown at [./src/hotspot/share/prims/jni.cpp, line 615]
Event: 319.368 Thread 0x00000217c4970800 Exception <a 'java/lang/NoSuchMethodError'{0x000000008a48b7f0}: 'java.lang.Object java.lang.invoke.DirectMethodHandle$Holder.invokeStatic(java.lang.Object, java.lang.Object, java.lang.Object, java.lang.Object, java.lang.Object, java.lang.Object, java.lang.Object, java.lang.Object, java.lang.Object, java.lang.Object, java.lang.Object, java.lang.Object, java.lang.Object, java.lang.Object, java.lang.Object, java.lang.Object, java.lang.Object, java.lang.Object, int, java.lang.Object)'> (0x000000008a48b7f0) thr
Event: 319.368 Thread 0x00000217c4970800 Exception <a 'java/lang/NoSuchMethodError'{0x000000008a491580}: 'java.lang.Object java.lang.invoke.DirectMethodHandle$Holder.invokeStaticInit(java.lang.Object, java.lang.Object, java.lang.Object, java.lang.Object, java.lang.Object, java.lang.Object, java.lang.Object, java.lang.Object, java.lang.Object, java.lang.Object, java.lang.Object, java.lang.Object, java.lang.Object, java.lang.Object, java.lang.Object, java.lang.Object, java.lang.Object, java.lang.Object, int, java.lang.Object)'> (0x000000008a491580)
Event: 319.423 Thread 0x00000217c7502800 Exception <a 'java/lang/IncompatibleClassChangeError'{0x000000008a347a20}: Found class java.lang.Object, but interface was expected> (0x000000008a347a20) thrown at [./src/hotspot/share/interpreter/linkResolver.cpp, line 839]
Event: 319.423 Thread 0x00000217c7500000 Exception <a 'java/lang/IncompatibleClassChangeError'{0x000000008a303710}: Found class java.lang.Object, but interface was expected> (0x000000008a303710) thrown at [./src/hotspot/share/interpreter/linkResolver.cpp, line 839]

Events (20 events):
Event: 319.577 loading class com/android/tools/r8/dex/a$b done
Event: 319.577 loading class com/android/tools/r8/shaking/A0
Event: 319.577 loading class com/android/tools/r8/shaking/A0 done
Event: 319.579 loading class com/android/tools/r8/shaking/A0$b
Event: 319.579 loading class com/android/tools/r8/shaking/A0$b done
Event: 319.580 loading class com/android/tools/r8/graph/i0
Event: 319.580 loading class com/android/tools/r8/graph/i0 done
Event: 319.581 loading class com/android/tools/r8/internal/Sq
Event: 319.581 loading class com/android/tools/r8/internal/Sq done
Event: 319.581 loading class com/android/tools/r8/graph/i0$a
Event: 319.581 loading class com/android/tools/r8/graph/i0$a done
Event: 319.582 loading class com/android/tools/r8/graph/i0$b
Event: 319.582 loading class com/android/tools/r8/graph/i0$b done
Event: 319.582 loading class com/android/tools/r8/internal/KE
Event: 319.582 loading class com/android/tools/r8/internal/KE done
Event: 319.582 loading class com/android/tools/r8/graph/i0$c
Event: 319.582 loading class com/android/tools/r8/graph/i0$c done
Event: 319.583 loading class com/android/tools/r8/synthesis/s
Event: 319.583 loading class com/android/tools/r8/synthesis/s done
Event: 319.583 Executing VM operation: G1CollectForAllocation


Dynamic libraries:
0x00007ff79d960000 - 0x00007ff79d96a000 	C:\Program Files\Android\Android Studio\jre\bin\java.exe
0x00007ffdb1090000 - 0x00007ffdb1285000 	C:\WINDOWS\SYSTEM32\ntdll.dll
0x00007ffdb05a0000 - 0x00007ffdb065e000 	C:\WINDOWS\System32\KERNEL32.DLL
0x00007ffdaeb30000 - 0x00007ffdaedf8000 	C:\WINDOWS\System32\KERNELBASE.dll
0x00007ffdae7b0000 - 0x00007ffdae8b0000 	C:\WINDOWS\System32\ucrtbase.dll
0x00007ffd9cd40000 - 0x00007ffd9cd59000 	C:\Program Files\Android\Android Studio\jre\bin\jli.dll
0x00007ffd81960000 - 0x00007ffd81977000 	C:\Program Files\Android\Android Studio\jre\bin\VCRUNTIME140.dll
0x00007ffdb0d00000 - 0x00007ffdb0ea1000 	C:\WINDOWS\System32\USER32.dll
0x00007ffdaeaa0000 - 0x00007ffdaeac2000 	C:\WINDOWS\System32\win32u.dll
0x00007ffdb0400000 - 0x00007ffdb042b000 	C:\WINDOWS\System32\GDI32.dll
0x00007ffd9e2b0000 - 0x00007ffd9e54a000 	C:\WINDOWS\WinSxS\amd64_microsoft.windows.common-controls_6595b64144ccf1df_6.0.19041.1110_none_60b5254171f9507e\COMCTL32.dll
0x00007ffdb0500000 - 0x00007ffdb059e000 	C:\WINDOWS\System32\msvcrt.dll
0x00007ffdae8b0000 - 0x00007ffdae9bb000 	C:\WINDOWS\System32\gdi32full.dll
0x00007ffdaee50000 - 0x00007ffdaeeed000 	C:\WINDOWS\System32\msvcp_win.dll
0x00007ffdaff30000 - 0x00007ffdaff60000 	C:\WINDOWS\System32\IMM32.DLL
0x00007ffd6c310000 - 0x00007ffd6c3ad000 	C:\Program Files\Android\Android Studio\jre\bin\msvcp140.dll
0x00007ffd71710000 - 0x00007ffd721df000 	C:\Program Files\Android\Android Studio\jre\bin\server\jvm.dll
0x00007ffdb0350000 - 0x00007ffdb03fc000 	C:\WINDOWS\System32\ADVAPI32.dll
0x00007ffdb0ac0000 - 0x00007ffdb0b5b000 	C:\WINDOWS\System32\sechost.dll
0x00007ffdb0990000 - 0x00007ffdb0aba000 	C:\WINDOWS\System32\RPCRT4.dll
0x00007ffdb0720000 - 0x00007ffdb0728000 	C:\WINDOWS\System32\PSAPI.DLL
0x00007ffd88250000 - 0x00007ffd88259000 	C:\WINDOWS\SYSTEM32\WSOCK32.dll
0x00007ffdb0920000 - 0x00007ffdb098b000 	C:\WINDOWS\System32\WS2_32.dll
0x00007ffda0c80000 - 0x00007ffda0ca7000 	C:\WINDOWS\SYSTEM32\WINMM.dll
0x00007ffda1140000 - 0x00007ffda114a000 	C:\WINDOWS\SYSTEM32\VERSION.dll
0x00007ffdac6b0000 - 0x00007ffdac6c2000 	C:\WINDOWS\SYSTEM32\kernel.appcore.dll
0x00007ffd81940000 - 0x00007ffd81951000 	C:\Program Files\Android\Android Studio\jre\bin\verify.dll
0x00007ffd9aea0000 - 0x00007ffd9b084000 	C:\WINDOWS\SYSTEM32\DBGHELP.DLL
0x00007ffd9ae70000 - 0x00007ffd9ae9c000 	C:\WINDOWS\SYSTEM32\dbgcore.DLL
0x00007ffdaf050000 - 0x00007ffdaf0d3000 	C:\WINDOWS\System32\bcryptPrimitives.dll
0x00007ffd74570000 - 0x00007ffd74599000 	C:\Program Files\Android\Android Studio\jre\bin\java.dll
0x00007ffd86380000 - 0x00007ffd8638b000 	C:\Program Files\Android\Android Studio\jre\bin\jimage.dll
0x00007ffd74550000 - 0x00007ffd74568000 	C:\Program Files\Android\Android Studio\jre\bin\zip.dll
0x00007ffdaf0e0000 - 0x00007ffdaf81f000 	C:\WINDOWS\System32\SHELL32.dll
0x00007ffdac8b0000 - 0x00007ffdad040000 	C:\WINDOWS\SYSTEM32\windows.storage.dll
0x00007ffdafff0000 - 0x00007ffdb0345000 	C:\WINDOWS\System32\combase.dll
0x00007ffdae200000 - 0x00007ffdae22e000 	C:\WINDOWS\SYSTEM32\Wldp.dll
0x00007ffdafe80000 - 0x00007ffdaff2d000 	C:\WINDOWS\System32\SHCORE.dll
0x00007ffdb0ca0000 - 0x00007ffdb0cf5000 	C:\WINDOWS\System32\shlwapi.dll
0x00007ffdae6f0000 - 0x00007ffdae70f000 	C:\WINDOWS\SYSTEM32\profapi.dll
0x00007ffd72600000 - 0x00007ffd7261a000 	C:\Program Files\Android\Android Studio\jre\bin\net.dll
0x00007ffd9fb20000 - 0x00007ffd9fc2c000 	C:\WINDOWS\SYSTEM32\WINHTTP.dll
0x00007ffdadf60000 - 0x00007ffdadfca000 	C:\WINDOWS\system32\mswsock.dll
0x00007ffd6f6a0000 - 0x00007ffd6f6b4000 	C:\Program Files\Android\Android Studio\jre\bin\nio.dll
0x00007ffd87b00000 - 0x00007ffd87b27000 	C:\Program Files\Java\jdk-17.0.1\native\8bec1ad78214c89d9ad589b4d07fe93259594b29d510b10fafb7a158f7737e5d\windows-amd64\native-platform.dll
0x00007ffd864f0000 - 0x00007ffd8662d000 	C:\Program Files\Java\jdk-17.0.1\native\53dbd7edfb1c66fb8903c78663c9afc45aea4f116125fa6feffd364cf09443e8\windows-amd64\native-platform-file-events.dll
0x00007ffd74540000 - 0x00007ffd7454a000 	C:\Program Files\Android\Android Studio\jre\bin\management.dll
0x00007ffd721e0000 - 0x00007ffd721ec000 	C:\Program Files\Android\Android Studio\jre\bin\management_ext.dll
0x00007ffdae150000 - 0x00007ffdae168000 	C:\WINDOWS\SYSTEM32\CRYPTSP.dll
0x00007ffdad870000 - 0x00007ffdad8a4000 	C:\WINDOWS\system32\rsaenh.dll
0x00007ffdaea70000 - 0x00007ffdaea97000 	C:\WINDOWS\System32\bcrypt.dll
0x00007ffdae670000 - 0x00007ffdae69e000 	C:\WINDOWS\SYSTEM32\USERENV.dll
0x00007ffdae170000 - 0x00007ffdae17c000 	C:\WINDOWS\SYSTEM32\CRYPTBASE.dll
0x00007ffdadc00000 - 0x00007ffdadc3b000 	C:\WINDOWS\SYSTEM32\IPHLPAPI.DLL
0x00007ffdb0860000 - 0x00007ffdb0868000 	C:\WINDOWS\System32\NSI.dll
0x00007ffda3a50000 - 0x00007ffda3a67000 	C:\WINDOWS\SYSTEM32\dhcpcsvc6.DLL
0x00007ffda4f10000 - 0x00007ffda4f2d000 	C:\WINDOWS\SYSTEM32\dhcpcsvc.DLL
0x00007ffdadc50000 - 0x00007ffdadd1b000 	C:\WINDOWS\SYSTEM32\DNSAPI.dll

dbghelp: loaded successfully - version: 4.0.5 - missing functions: none
symbol engine: initialized successfully - sym options: 0x614 - pdb path: .;C:\Program Files\Android\Android Studio\jre\bin;C:\WINDOWS\SYSTEM32;C:\WINDOWS\WinSxS\amd64_microsoft.windows.common-controls_6595b64144ccf1df_6.0.19041.1110_none_60b5254171f9507e;C:\Program Files\Android\Android Studio\jre\bin\server;C:\Program Files\Java\jdk-17.0.1\native\8bec1ad78214c89d9ad589b4d07fe93259594b29d510b10fafb7a158f7737e5d\windows-amd64;C:\Program Files\Java\jdk-17.0.1\native\53dbd7edfb1c66fb8903c78663c9afc45aea4f116125fa6feffd364cf09443e8\windows-amd64

VM Arguments:
jvm_args: --add-opens=java.base/java.util=ALL-UNNAMED --add-opens=java.base/java.lang=ALL-UNNAMED --add-opens=java.base/java.lang.invoke=ALL-UNNAMED --add-opens=java.base/java.util=ALL-UNNAMED --add-opens=java.prefs/java.util.prefs=ALL-UNNAMED --add-opens=java.prefs/java.util.prefs=ALL-UNNAMED --add-opens=java.base/java.nio.charset=ALL-UNNAMED --add-opens=java.base/java.net=ALL-UNNAMED --add-opens=java.base/java.util.concurrent.atomic=ALL-UNNAMED -Xmx2048m -Dfile.encoding=UTF-8 -Duser.country=US -Duser.language=en -Duser.variant 
java_command: org.gradle.launcher.daemon.bootstrap.GradleDaemon 7.0.2
java_class_path (initial): C:\Program Files\Java\jdk-17.0.1\wrapper\dists\gradle-7.0.2-bin\857tjihv64xamwrf0h14cai3r\gradle-7.0.2\lib\gradle-launcher-7.0.2.jar
Launcher Type: SUN_STANDARD

[Global flags]
     intx CICompilerCount                          = 3                                         {product} {ergonomic}
     uint ConcGCThreads                            = 1                                         {product} {ergonomic}
     uint G1ConcRefinementThreads                  = 4                                         {product} {ergonomic}
   size_t G1HeapRegionSize                         = 1048576                                   {product} {ergonomic}
    uintx GCDrainStackTargetSize                   = 64                                        {product} {ergonomic}
   size_t InitialHeapSize                          = 67108864                                  {product} {ergonomic}
   size_t MarkStackSize                            = 4194304                                   {product} {ergonomic}
   size_t MaxHeapSize                              = 2147483648                                {product} {command line}
   size_t MaxNewSize                               = 1287651328                                {product} {ergonomic}
   size_t MinHeapDeltaBytes                        = 1048576                                   {product} {ergonomic}
    uintx NonNMethodCodeHeapSize                   = 5830732                                {pd product} {ergonomic}
    uintx NonProfiledCodeHeapSize                  = 122913754                              {pd product} {ergonomic}
    uintx ProfiledCodeHeapSize                     = 122913754                              {pd product} {ergonomic}
    uintx ReservedCodeCacheSize                    = 251658240                              {pd product} {ergonomic}
     bool SegmentedCodeCache                       = true                                      {product} {ergonomic}
     bool UseCompressedClassPointers               = true                                 {lp64_product} {ergonomic}
     bool UseCompressedOops                        = true                                 {lp64_product} {ergonomic}
     bool UseG1GC                                  = true                                      {product} {ergonomic}
     bool UseLargePagesIndividualAllocation        = false                                  {pd product} {ergonomic}

Logging:
Log output configuration:
 #0: stdout all=warning uptime,level,tags
 #1: stderr all=off uptime,level,tags

Environment Variables:
PATH=C:\Program Files\Common Files\Oracle\Java\javapath;C:\WINDOWS\system32;C:\WINDOWS;C:\WINDOWS\System32\Wbem;C:\WINDOWS\System32\WindowsPowerShell\v1.0\;C:\WINDOWS\System32\OpenSSH\;C:\Program Files\dotnet\;C:\Program Files\Microsoft SQL Server\Client SDK\ODBC\170\Tools\Binn\;C:\Program Files (x86)\dotnet\;C:\Program Files\Git\cmd;C:\Users\MinhNgan\AppData\Local\Microsoft\WindowsApps
USERNAME=MinhNgan
OS=Windows_NT
PROCESSOR_IDENTIFIER=Intel64 Family 6 Model 69 Stepping 1, GenuineIntel



---------------  S Y S T E M  ---------------

OS: Windows 10 , 64 bit Build 19041 (10.0.19041.1348)
OS uptime: 0 days 0:07 hours

CPU:total 4 (initial active 4) (2 cores per cpu, 2 threads per core) family 6 model 69 stepping 1 microcode 0x25, cmov, cx8, fxsr, mmx, sse, sse2, sse3, ssse3, sse4.1, sse4.2, popcnt, avx, avx2, aes, clmul, erms, lzcnt, ht, tsc, tscinvbit, bmi1, bmi2, fma

Memory: 4k page, system-wide physical 3979M (177M free)
TotalPageFile size 6979M (AvailPageFile size 10M)
current process WorkingSet (physical memory assigned to process): 391M, peak: 392M
current process commit charge ("private bytes"): 509M, peak: 552M

vm_info: OpenJDK 64-Bit Server VM (11.0.10+0-b96-7249189) for windows-amd64 JRE (11.0.10+0-b96-7249189), built on Mar 31 2021 21:44:00 by "builder" with MS VC++ 14.0 (VS2015)

END.
