#
# There is insufficient memory for the Java Runtime Environment to continue.
# Native memory allocation (malloc) failed to allocate 882416 bytes for Chunk::new
# Possible reasons:
#   The system is out of physical RAM or swap space
#   The process is running with CompressedOops enabled, and the Java Heap may be blocking the growth of the native heap
# Possible solutions:
#   Reduce memory load on the system
#   Increase physical memory or swap space
#   Check if swap backing store is full
#   Decrease Java heap size (-Xmx/-Xms)
#   Decrease number of Java threads
#   Decrease Java thread stack sizes (-Xss)
#   Set larger code cache with -XX:ReservedCodeCacheSize=
#   JVM is running with Unscaled Compressed Oops mode in which the Java heap is
#     placed in the first 4GB address space. The Java Heap base address is the
#     maximum limit for the native heap growth. Please use -XX:HeapBaseMinAddress
#     to set the Java Heap base and to place the Java Heap above 4GB virtual address.
# This output file may be truncated or incomplete.
#
#  Out of Memory Error (./src/hotspot/share/memory/arena.cpp:197), pid=11032, tid=7840
#
# JRE version: OpenJDK Runtime Environment (11.0.10) (build 11.0.10+0-b96-7249189)
# Java VM: OpenJDK 64-Bit Server VM (11.0.10+0-b96-7249189, mixed mode, tiered, compressed oops, g1 gc, windows-amd64)
# No core dump will be written. Minidumps are not enabled by default on client versions of Windows
#

---------------  S U M M A R Y ------------

Command Line: --add-opens=java.base/java.util=ALL-UNNAMED --add-opens=java.base/java.lang=ALL-UNNAMED --add-opens=java.base/java.lang.invoke=ALL-UNNAMED --add-opens=java.base/java.util=ALL-UNNAMED --add-opens=java.prefs/java.util.prefs=ALL-UNNAMED --add-opens=java.prefs/java.util.prefs=ALL-UNNAMED --add-opens=java.base/java.nio.charset=ALL-UNNAMED --add-opens=java.base/java.net=ALL-UNNAMED --add-opens=java.base/java.util.concurrent.atomic=ALL-UNNAMED -Xmx2048m -Dfile.encoding=UTF-8 -Duser.country=US -Duser.language=en -Duser.variant org.gradle.launcher.daemon.bootstrap.GradleDaemon 7.0.2

Host: Intel(R) Core(TM) i5-4210U CPU @ 1.70GHz, 4 cores, 3G,  Windows 10 , 64 bit Build 19041 (10.0.19041.1202)
Time: Mon Nov  8 20:47:11 2021 SE Asia Standard Time elapsed time: 189.533955 seconds (0d 0h 3m 9s)

---------------  T H R E A D  ---------------

Current thread (0x00000225389ef800):  JavaThread "C2 CompilerThread0" daemon [_thread_in_native, id=7840, stack(0x00000088f7e00000,0x00000088f7f00000)]


Current CompileTask:
C2: 189534 14427       4       com.sun.tools.javac.jvm.ClassReader::sigToType (880 bytes)

Stack: [0x00000088f7e00000,0x00000088f7f00000]
Native frames: (J=compiled Java code, j=interpreted, Vv=VM code, C=native code)
V  [jvm.dll+0x5ecfaa]
V  [jvm.dll+0x722bd5]
V  [jvm.dll+0x72412d]
V  [jvm.dll+0x7247e3]
V  [jvm.dll+0x242928]
V  [jvm.dll+0xbc4fc]
V  [jvm.dll+0xbca0c]
V  [jvm.dll+0x352d7d]
V  [jvm.dll+0x320ad3]
V  [jvm.dll+0x31ffca]
V  [jvm.dll+0x1fb602]
V  [jvm.dll+0x1fa7f4]
V  [jvm.dll+0x18354c]
V  [jvm.dll+0x208ee7]
V  [jvm.dll+0x207731]
V  [jvm.dll+0x6eb1cf]
V  [jvm.dll+0x6e3d45]
V  [jvm.dll+0x5ebe96]
C  [ucrtbase.dll+0x21bb2]
C  [KERNEL32.DLL+0x17034]
C  [ntdll.dll+0x52651]


---------------  P R O C E S S  ---------------

Threads class SMR info:
_java_thread_list=0x000002253dbd5440, length=50, elements={
0x000002251e63b000, 0x000002253897a800, 0x0000022538984000, 0x00000225389d2800,
0x00000225389d5000, 0x00000225389d9800, 0x00000225389ef800, 0x00000225389f1800,
0x00000225389f3000, 0x0000022539464800, 0x000002253b1fe800, 0x000002253a88b000,
0x000002253b1fd000, 0x000002253b258800, 0x000002253b254800, 0x000002253b25b000,
0x000002253b256000, 0x000002253b257000, 0x000002253b8b9800, 0x000002253b8bb000,
0x000002253b8c0800, 0x000002253b8bd800, 0x000002253b8c2800, 0x000002253b8c5800,
0x000002253b8c6800, 0x000002253fcfc800, 0x000002253fcfe800, 0x000002253fcfd800,
0x000002253fcff000, 0x000002253fd04000, 0x000002253fd05800, 0x000002253fd02800,
0x000002253fd03000, 0x000002253fd05000, 0x000002253fd01800, 0x000002253fd00000,
0x000002253fd06800, 0x000002253fd01000, 0x000002253fd0a800, 0x000002253fd07800,
0x000002253fd0b800, 0x000002253fd08000, 0x000002253fd09000, 0x000002253fd09800,
0x000002253b8be800, 0x000002253b8bc000, 0x000002253b8bf000, 0x000002253b8ba000,
0x000002253b8c5000, 0x000002253b8c7800
}

Java Threads: ( => current thread )
  0x000002251e63b000 JavaThread "main" [_thread_blocked, id=9712, stack(0x00000088f7200000,0x00000088f7300000)]
  0x000002253897a800 JavaThread "Reference Handler" daemon [_thread_blocked, id=6404, stack(0x00000088f7900000,0x00000088f7a00000)]
  0x0000022538984000 JavaThread "Finalizer" daemon [_thread_blocked, id=7980, stack(0x00000088f7a00000,0x00000088f7b00000)]
  0x00000225389d2800 JavaThread "Signal Dispatcher" daemon [_thread_blocked, id=10988, stack(0x00000088f7b00000,0x00000088f7c00000)]
  0x00000225389d5000 JavaThread "Attach Listener" daemon [_thread_blocked, id=7828, stack(0x00000088f7c00000,0x00000088f7d00000)]
  0x00000225389d9800 JavaThread "Service Thread" daemon [_thread_blocked, id=7804, stack(0x00000088f7d00000,0x00000088f7e00000)]
=>0x00000225389ef800 JavaThread "C2 CompilerThread0" daemon [_thread_in_native, id=7840, stack(0x00000088f7e00000,0x00000088f7f00000)]
  0x00000225389f1800 JavaThread "C1 CompilerThread0" daemon [_thread_blocked, id=7860, stack(0x00000088f7f00000,0x00000088f8000000)]
  0x00000225389f3000 JavaThread "Sweeper thread" daemon [_thread_blocked, id=7844, stack(0x00000088f8000000,0x00000088f8100000)]
  0x0000022539464800 JavaThread "Common-Cleaner" daemon [_thread_blocked, id=4348, stack(0x00000088f8100000,0x00000088f8200000)]
  0x000002253b1fe800 JavaThread "Daemon health stats" [_thread_blocked, id=1640, stack(0x00000088f8400000,0x00000088f8500000)]
  0x000002253a88b000 JavaThread "Incoming local TCP Connector on port 50017" [_thread_in_native, id=5544, stack(0x00000088f8700000,0x00000088f8800000)]
  0x000002253b1fd000 JavaThread "Daemon periodic checks" [_thread_blocked, id=4840, stack(0x00000088f8800000,0x00000088f8900000)]
  0x000002253b258800 JavaThread "Cache worker for file hash cache (C:\Users\MinhNgan\.gradle\caches\7.0.2\fileHashes)" [_thread_blocked, id=2464, stack(0x00000088f9000000,0x00000088f9100000)]
  0x000002253b254800 JavaThread "File lock request listener" [_thread_in_native, id=2056, stack(0x00000088f9100000,0x00000088f9200000)]
  0x000002253b25b000 JavaThread "Cache worker for journal cache (C:\Users\MinhNgan\.gradle\caches\journal-1)" [_thread_blocked, id=2532, stack(0x00000088f9200000,0x00000088f9300000)]
  0x000002253b256000 JavaThread "File watcher server" daemon [_thread_in_native, id=812, stack(0x00000088f9400000,0x00000088f9500000)]
  0x000002253b257000 JavaThread "File watcher consumer" daemon [_thread_blocked, id=1128, stack(0x00000088f9500000,0x00000088f9600000)]
  0x000002253b8b9800 JavaThread "Cache worker for execution history cache (C:\Users\MinhNgan\.gradle\caches\7.0.2\executionHistory)" [_thread_blocked, id=3940, stack(0x00000088f9900000,0x00000088f9a00000)]
  0x000002253b8bb000 JavaThread "jar transforms" [_thread_blocked, id=8784, stack(0x00000088f9a00000,0x00000088f9b00000)]
  0x000002253b8c0800 JavaThread "jar transforms Thread 2" [_thread_blocked, id=9272, stack(0x00000088f9b00000,0x00000088f9c00000)]
  0x000002253b8bd800 JavaThread "Cache worker for file content cache (C:\Users\MinhNgan\.gradle\caches\7.0.2\fileContent)" [_thread_blocked, id=11252, stack(0x00000088f9c00000,0x00000088f9d00000)]
  0x000002253b8c2800 JavaThread "jar transforms Thread 3" [_thread_blocked, id=2504, stack(0x00000088f9e00000,0x00000088f9f00000)]
  0x000002253b8c5800 JavaThread "jar transforms Thread 4" [_thread_blocked, id=10480, stack(0x00000088fa400000,0x00000088fa500000)]
  0x000002253b8c6800 JavaThread "Memory manager" [_thread_blocked, id=10588, stack(0x00000088fa500000,0x00000088fa600000)]
  0x000002253fcfc800 JavaThread "ForkJoinPool.commonPool-worker-5" daemon [_thread_blocked, id=6528, stack(0x00000088fb000000,0x00000088fb100000)]
  0x000002253fcfe800 JavaThread "Daemon Thread 2" [_thread_blocked, id=3396, stack(0x00000088f6f00000,0x00000088f7000000)]
  0x000002253fcfd800 JavaThread "Handler for socket connection from /127.0.0.1:50017 to /127.0.0.1:50105" [_thread_in_native, id=4344, stack(0x00000088f7000000,0x00000088f7100000)]
  0x000002253fcff000 JavaThread "Cancel handler" [_thread_blocked, id=10868, stack(0x00000088f7100000,0x00000088f7200000)]
  0x000002253fd04000 JavaThread "Daemon worker Thread 2" [_thread_blocked, id=6744, stack(0x00000088f8900000,0x00000088f8a00000)]
  0x000002253fd05800 JavaThread "Asynchronous log dispatcher for DefaultDaemonConnection: socket connection from /127.0.0.1:50017 to /127.0.0.1:50105" [_thread_blocked, id=3924, stack(0x00000088f8a00000,0x00000088f8b00000)]
  0x000002253fd02800 JavaThread "Stdin handler" [_thread_blocked, id=424, stack(0x00000088f8b00000,0x00000088f8c00000)]
  0x000002253fd03000 JavaThread "Daemon client event forwarder" [_thread_blocked, id=5984, stack(0x00000088f8c00000,0x00000088f8d00000)]
  0x000002253fd05000 JavaThread "Cache worker for file hash cache (C:\Users\MinhNgan\AndroidStudioProjects\Android_hepat\.gradle\7.0.2\fileHashes)" [_thread_blocked, id=4160, stack(0x00000088f8d00000,0x00000088f8e00000)]
  0x000002253fd01800 JavaThread "Cache worker for checksums cache (C:\Users\MinhNgan\AndroidStudioProjects\Android_hepat\.gradle\checksums)" [_thread_blocked, id=10288, stack(0x00000088f8e00000,0x00000088f8f00000)]
  0x000002253fd00000 JavaThread "Cache worker for cache directory md-supplier (C:\Users\MinhNgan\.gradle\caches\7.0.2\md-supplier)" [_thread_blocked, id=5604, stack(0x00000088f8f00000,0x00000088f9000000)]
  0x000002253fd06800 JavaThread "Cache worker for cache directory md-rule (C:\Users\MinhNgan\.gradle\caches\7.0.2\md-rule)" [_thread_blocked, id=6940, stack(0x00000088f9300000,0x00000088f9400000)]
  0x000002253fd01000 JavaThread "Cache worker for dependencies-accessors (C:\Users\MinhNgan\AndroidStudioProjects\Android_hepat\.gradle\7.0.2\dependencies-accessors)" [_thread_blocked, id=9112, stack(0x00000088f9600000,0x00000088f9700000)]
  0x000002253fd0a800 JavaThread "Cache worker for Build Output Cleanup Cache (C:\Users\MinhNgan\AndroidStudioProjects\Android_hepat\.gradle\buildOutputCleanup)" [_thread_blocked, id=5292, stack(0x00000088f9700000,0x00000088f9800000)]
  0x000002253fd07800 JavaThread "Build operations" [_thread_blocked, id=10116, stack(0x00000088f9800000,0x00000088f9900000)]
  0x000002253fd0b800 JavaThread "Build operations Thread 2" [_thread_blocked, id=10592, stack(0x00000088f9d00000,0x00000088f9e00000)]
  0x000002253fd08000 JavaThread "Build operations Thread 3" [_thread_blocked, id=5516, stack(0x00000088f9f00000,0x00000088fa000000)]
  0x000002253fd09000 JavaThread "Build operations Thread 4" [_thread_blocked, id=7284, stack(0x00000088fa000000,0x00000088fa100000)]
  0x000002253fd09800 JavaThread "build event listener" [_thread_blocked, id=6752, stack(0x00000088fa100000,0x00000088fa200000)]
  0x000002253b8be800 JavaThread "Execution worker for ':'" [_thread_in_native, id=2524, stack(0x00000088fa200000,0x00000088fa300000)]
  0x000002253b8bc000 JavaThread "Execution worker for ':' Thread 2" [_thread_blocked, id=5316, stack(0x00000088fa300000,0x00000088fa400000)]
  0x000002253b8bf000 JavaThread "Execution worker for ':' Thread 3" [_thread_blocked, id=9360, stack(0x00000088fa600000,0x00000088fa700000)]
  0x000002253b8ba000 JavaThread "Cache worker for execution history cache (C:\Users\MinhNgan\AndroidStudioProjects\Android_hepat\.gradle\7.0.2\executionHistory)" [_thread_blocked, id=2664, stack(0x00000088fa700000,0x00000088fa800000)]
  0x000002253b8c5000 JavaThread "Cache worker for Java compile cache (C:\Users\MinhNgan\.gradle\caches\7.0.2\javaCompile)" [_thread_blocked, id=6444, stack(0x00000088fa800000,0x00000088fa900000)]
  0x000002253b8c7800 JavaThread "Cache worker for Java compile cache (C:\Users\MinhNgan\AndroidStudioProjects\Android_hepat\.gradle\7.0.2\javaCompile)" [_thread_blocked, id=8072, stack(0x00000088fa900000,0x00000088faa00000)]

Other Threads:
  0x0000022538972000 VMThread "VM Thread" [stack: 0x00000088f7800000,0x00000088f7900000] [id=9404]
  0x0000022539483800 WatcherThread [stack: 0x00000088f8200000,0x00000088f8300000] [id=4276]
  0x000002251e652800 GCTaskThread "GC Thread#0" [stack: 0x00000088f7300000,0x00000088f7400000] [id=9108]
  0x0000022539ce5000 GCTaskThread "GC Thread#1" [stack: 0x00000088f8300000,0x00000088f8400000] [id=4388]
  0x000002253b345800 GCTaskThread "GC Thread#2" [stack: 0x00000088f8500000,0x00000088f8600000] [id=4584]
  0x000002253ac56800 GCTaskThread "GC Thread#3" [stack: 0x00000088f8600000,0x00000088f8700000] [id=1912]
  0x000002251e683000 ConcurrentGCThread "G1 Main Marker" [stack: 0x00000088f7400000,0x00000088f7500000] [id=10708]
  0x000002251e685800 ConcurrentGCThread "G1 Conc#0" [stack: 0x00000088f7500000,0x00000088f7600000] [id=9728]
  0x000002251e6e1000 ConcurrentGCThread "G1 Refine#0" [stack: 0x00000088f7600000,0x00000088f7700000] [id=9012]
  0x000002251e6e2000 ConcurrentGCThread "G1 Young RemSet Sampling" [stack: 0x00000088f7700000,0x00000088f7800000] [id=9724]

Threads with active compile tasks:
C2 CompilerThread0 189570 14427       4       com.sun.tools.javac.jvm.ClassReader::sigToType (880 bytes)

VM state:not at safepoint (normal execution)

VM Mutex/Monitor currently owned by a thread: None

Heap address: 0x0000000080000000, size: 2048 MB, Compressed Oops mode: 32-bit
Narrow klass base: 0x0000000000000000, Narrow klass shift: 3
Compressed class space size: 1073741824 Address: 0x0000000100000000

Heap:
 garbage-first heap   total 210944K, used 141367K [0x0000000080000000, 0x0000000100000000)
  region size 1024K, 46 young (47104K), 8 survivors (8192K)
 Metaspace       used 104930K, capacity 107746K, committed 107980K, reserved 1142784K
  class space    used 13691K, capacity 14762K, committed 14796K, reserved 1048576K
Heap Regions: E=young(eden), S=young(survivor), O=old, HS=humongous(starts), HC=humongous(continues), CS=collection set, F=free, A=archive, TAMS=top-at-mark-start (previous, next)
|   0|0x0000000080000000, 0x0000000080100000, 0x0000000080100000|100%| O|  |TAMS 0x0000000080100000, 0x0000000080000000| Untracked 
|   1|0x0000000080100000, 0x0000000080200000, 0x0000000080200000|100%| O|  |TAMS 0x0000000080200000, 0x0000000080100000| Untracked 
|   2|0x0000000080200000, 0x0000000080300000, 0x0000000080300000|100%| O|  |TAMS 0x0000000080300000, 0x0000000080200000| Untracked 
|   3|0x0000000080300000, 0x0000000080400000, 0x0000000080400000|100%|HS|  |TAMS 0x0000000080400000, 0x0000000080300000| Complete 
|   4|0x0000000080400000, 0x0000000080500000, 0x0000000080500000|100%|HC|  |TAMS 0x0000000080500000, 0x0000000080400000| Complete 
|   5|0x0000000080500000, 0x0000000080600000, 0x0000000080600000|100%|HC|  |TAMS 0x0000000080600000, 0x0000000080500000| Complete 
|   6|0x0000000080600000, 0x0000000080700000, 0x0000000080700000|100%| O|  |TAMS 0x0000000080700000, 0x0000000080600000| Untracked 
|   7|0x0000000080700000, 0x0000000080800000, 0x0000000080800000|100%| O|  |TAMS 0x0000000080800000, 0x0000000080700000| Untracked 
|   8|0x0000000080800000, 0x0000000080900000, 0x0000000080900000|100%| O|  |TAMS 0x0000000080900000, 0x0000000080800000| Untracked 
|   9|0x0000000080900000, 0x0000000080a00000, 0x0000000080a00000|100%| O|  |TAMS 0x0000000080a00000, 0x0000000080900000| Untracked 
|  10|0x0000000080a00000, 0x0000000080b00000, 0x0000000080b00000|100%| O|  |TAMS 0x0000000080b00000, 0x0000000080a00000| Untracked 
|  11|0x0000000080b00000, 0x0000000080c00000, 0x0000000080c00000|100%| O|  |TAMS 0x0000000080c00000, 0x0000000080b00000| Untracked 
|  12|0x0000000080c00000, 0x0000000080d00000, 0x0000000080d00000|100%| O|  |TAMS 0x0000000080d00000, 0x0000000080c00000| Untracked 
|  13|0x0000000080d00000, 0x0000000080e00000, 0x0000000080e00000|100%| O|  |TAMS 0x0000000080e00000, 0x0000000080d00000| Untracked 
|  14|0x0000000080e00000, 0x0000000080f00000, 0x0000000080f00000|100%| O|  |TAMS 0x0000000080f00000, 0x0000000080e00000| Untracked 
|  15|0x0000000080f00000, 0x0000000081000000, 0x0000000081000000|100%| O|  |TAMS 0x0000000081000000, 0x0000000080f00000| Untracked 
|  16|0x0000000081000000, 0x0000000081100000, 0x0000000081100000|100%| O|  |TAMS 0x0000000081100000, 0x0000000081000000| Untracked 
|  17|0x0000000081100000, 0x0000000081200000, 0x0000000081200000|100%| O|  |TAMS 0x0000000081200000, 0x0000000081100000| Untracked 
|  18|0x0000000081200000, 0x0000000081300000, 0x0000000081300000|100%| O|  |TAMS 0x0000000081300000, 0x0000000081200000| Untracked 
|  19|0x0000000081300000, 0x0000000081400000, 0x0000000081400000|100%| O|  |TAMS 0x0000000081400000, 0x0000000081300000| Untracked 
|  20|0x0000000081400000, 0x0000000081500000, 0x0000000081500000|100%| O|  |TAMS 0x0000000081500000, 0x0000000081400000| Untracked 
|  21|0x0000000081500000, 0x0000000081600000, 0x0000000081600000|100%| O|  |TAMS 0x0000000081600000, 0x0000000081500000| Untracked 
|  22|0x0000000081600000, 0x0000000081700000, 0x0000000081700000|100%| O|  |TAMS 0x0000000081700000, 0x0000000081600000| Untracked 
|  23|0x0000000081700000, 0x0000000081800000, 0x0000000081800000|100%| O|  |TAMS 0x0000000081800000, 0x0000000081700000| Untracked 
|  24|0x0000000081800000, 0x0000000081900000, 0x0000000081900000|100%| O|  |TAMS 0x0000000081900000, 0x0000000081800000| Untracked 
|  25|0x0000000081900000, 0x0000000081a00000, 0x0000000081a00000|100%|HS|  |TAMS 0x0000000081a00000, 0x0000000081900000| Complete 
|  26|0x0000000081a00000, 0x0000000081b00000, 0x0000000081b00000|100%|HS|  |TAMS 0x0000000081b00000, 0x0000000081a00000| Complete 
|  27|0x0000000081b00000, 0x0000000081c00000, 0x0000000081c00000|100%| O|  |TAMS 0x0000000081c00000, 0x0000000081b00000| Untracked 
|  28|0x0000000081c00000, 0x0000000081d00000, 0x0000000081d00000|100%| O|  |TAMS 0x0000000081d00000, 0x0000000081c00000| Untracked 
|  29|0x0000000081d00000, 0x0000000081e00000, 0x0000000081e00000|100%|HS|  |TAMS 0x0000000081e00000, 0x0000000081d00000| Complete 
|  30|0x0000000081e00000, 0x0000000081f00000, 0x0000000081f00000|100%|HC|  |TAMS 0x0000000081f00000, 0x0000000081e00000| Complete 
|  31|0x0000000081f00000, 0x0000000082000000, 0x0000000082000000|100%| O|  |TAMS 0x0000000082000000, 0x0000000081f00000| Untracked 
|  32|0x0000000082000000, 0x0000000082100000, 0x0000000082100000|100%| O|  |TAMS 0x0000000082100000, 0x0000000082000000| Untracked 
|  33|0x0000000082100000, 0x0000000082200000, 0x0000000082200000|100%| O|  |TAMS 0x0000000082200000, 0x0000000082100000| Untracked 
|  34|0x0000000082200000, 0x0000000082300000, 0x0000000082300000|100%| O|  |TAMS 0x0000000082300000, 0x0000000082200000| Untracked 
|  35|0x0000000082300000, 0x0000000082400000, 0x0000000082400000|100%| O|  |TAMS 0x0000000082400000, 0x0000000082300000| Untracked 
|  36|0x0000000082400000, 0x0000000082500000, 0x0000000082500000|100%| O|  |TAMS 0x0000000082500000, 0x0000000082400000| Untracked 
|  37|0x0000000082500000, 0x0000000082600000, 0x0000000082600000|100%| O|  |TAMS 0x0000000082600000, 0x0000000082500000| Untracked 
|  38|0x0000000082600000, 0x0000000082700000, 0x0000000082700000|100%| O|  |TAMS 0x0000000082700000, 0x0000000082600000| Untracked 
|  39|0x0000000082700000, 0x0000000082800000, 0x0000000082800000|100%| O|  |TAMS 0x0000000082800000, 0x0000000082700000| Untracked 
|  40|0x0000000082800000, 0x0000000082900000, 0x0000000082900000|100%| O|  |TAMS 0x0000000082900000, 0x0000000082800000| Untracked 
|  41|0x0000000082900000, 0x0000000082a00000, 0x0000000082a00000|100%| O|  |TAMS 0x0000000082a00000, 0x0000000082900000| Untracked 
|  42|0x0000000082a00000, 0x0000000082b00000, 0x0000000082b00000|100%| O|  |TAMS 0x0000000082b00000, 0x0000000082a00000| Untracked 
|  43|0x0000000082b00000, 0x0000000082c00000, 0x0000000082c00000|100%| O|  |TAMS 0x0000000082c00000, 0x0000000082b00000| Untracked 
|  44|0x0000000082c00000, 0x0000000082d00000, 0x0000000082d00000|100%| O|  |TAMS 0x0000000082d00000, 0x0000000082c00000| Untracked 
|  45|0x0000000082d00000, 0x0000000082e00000, 0x0000000082e00000|100%| O|  |TAMS 0x0000000082e00000, 0x0000000082d00000| Untracked 
|  46|0x0000000082e00000, 0x0000000082f00000, 0x0000000082f00000|100%| O|  |TAMS 0x0000000082f00000, 0x0000000082e00000| Untracked 
|  47|0x0000000082f00000, 0x0000000083000000, 0x0000000083000000|100%| O|  |TAMS 0x0000000083000000, 0x0000000082f00000| Untracked 
|  48|0x0000000083000000, 0x0000000083100000, 0x0000000083100000|100%| O|  |TAMS 0x0000000083100000, 0x0000000083000000| Untracked 
|  49|0x0000000083100000, 0x0000000083200000, 0x0000000083200000|100%| O|  |TAMS 0x0000000083200000, 0x0000000083100000| Untracked 
|  50|0x0000000083200000, 0x0000000083300000, 0x0000000083300000|100%| O|  |TAMS 0x0000000083300000, 0x0000000083200000| Untracked 
|  51|0x0000000083300000, 0x0000000083400000, 0x0000000083400000|100%| O|  |TAMS 0x0000000083400000, 0x0000000083300000| Untracked 
|  52|0x0000000083400000, 0x0000000083500000, 0x0000000083500000|100%| O|  |TAMS 0x0000000083500000, 0x0000000083400000| Untracked 
|  53|0x0000000083500000, 0x0000000083600000, 0x0000000083600000|100%| O|  |TAMS 0x0000000083600000, 0x0000000083500000| Untracked 
|  54|0x0000000083600000, 0x0000000083700000, 0x0000000083700000|100%| O|  |TAMS 0x0000000083700000, 0x0000000083600000| Untracked 
|  55|0x0000000083700000, 0x0000000083800000, 0x0000000083800000|100%| O|  |TAMS 0x0000000083800000, 0x0000000083700000| Untracked 
|  56|0x0000000083800000, 0x0000000083900000, 0x0000000083900000|100%| O|  |TAMS 0x0000000083900000, 0x0000000083800000| Untracked 
|  57|0x0000000083900000, 0x0000000083a00000, 0x0000000083a00000|100%| O|  |TAMS 0x0000000083a00000, 0x0000000083900000| Untracked 
|  58|0x0000000083a00000, 0x0000000083b00000, 0x0000000083b00000|100%| O|  |TAMS 0x0000000083b00000, 0x0000000083a00000| Untracked 
|  59|0x0000000083b00000, 0x0000000083c00000, 0x0000000083c00000|100%| O|  |TAMS 0x0000000083c00000, 0x0000000083b00000| Untracked 
|  60|0x0000000083c00000, 0x0000000083d00000, 0x0000000083d00000|100%| O|  |TAMS 0x0000000083d00000, 0x0000000083c00000| Untracked 
|  61|0x0000000083d00000, 0x0000000083e00000, 0x0000000083e00000|100%| O|  |TAMS 0x0000000083e00000, 0x0000000083d00000| Untracked 
|  62|0x0000000083e00000, 0x0000000083f00000, 0x0000000083f00000|100%| O|  |TAMS 0x0000000083f00000, 0x0000000083e00000| Untracked 
|  63|0x0000000083f00000, 0x0000000084000000, 0x0000000084000000|100%| O|  |TAMS 0x0000000084000000, 0x0000000083f00000| Untracked 
|  64|0x0000000084000000, 0x0000000084100000, 0x0000000084100000|100%| O|  |TAMS 0x0000000084100000, 0x0000000084000000| Untracked 
|  65|0x0000000084100000, 0x0000000084200000, 0x0000000084200000|100%| O|  |TAMS 0x0000000084200000, 0x0000000084100000| Untracked 
|  66|0x0000000084200000, 0x0000000084300000, 0x0000000084300000|100%| O|  |TAMS 0x0000000084300000, 0x0000000084200000| Untracked 
|  67|0x0000000084300000, 0x0000000084400000, 0x0000000084400000|100%| O|  |TAMS 0x0000000084400000, 0x0000000084300000| Untracked 
|  68|0x0000000084400000, 0x0000000084500000, 0x0000000084500000|100%| O|  |TAMS 0x0000000084500000, 0x0000000084400000| Untracked 
|  69|0x0000000084500000, 0x0000000084600000, 0x0000000084600000|100%| O|  |TAMS 0x0000000084600000, 0x0000000084500000| Untracked 
|  70|0x0000000084600000, 0x0000000084700000, 0x0000000084700000|100%| O|  |TAMS 0x0000000084700000, 0x0000000084600000| Untracked 
|  71|0x0000000084700000, 0x0000000084800000, 0x0000000084800000|100%| O|  |TAMS 0x0000000084800000, 0x0000000084700000| Untracked 
|  72|0x0000000084800000, 0x0000000084900000, 0x0000000084900000|100%| O|  |TAMS 0x0000000084900000, 0x0000000084800000| Untracked 
|  73|0x0000000084900000, 0x0000000084a00000, 0x0000000084a00000|100%| O|  |TAMS 0x0000000084a00000, 0x0000000084900000| Untracked 
|  74|0x0000000084a00000, 0x0000000084b00000, 0x0000000084b00000|100%| O|  |TAMS 0x0000000084b00000, 0x0000000084a00000| Untracked 
|  75|0x0000000084b00000, 0x0000000084c00000, 0x0000000084c00000|100%| O|  |TAMS 0x0000000084b00000, 0x0000000084b00000| Untracked 
|  76|0x0000000084c00000, 0x0000000084d00000, 0x0000000084d00000|100%| O|  |TAMS 0x0000000084d00000, 0x0000000084c00000| Untracked 
|  77|0x0000000084d00000, 0x0000000084e00000, 0x0000000084e00000|100%| O|  |TAMS 0x0000000084e00000, 0x0000000084d00000| Untracked 
|  78|0x0000000084e00000, 0x0000000084f00000, 0x0000000084f00000|100%| O|  |TAMS 0x0000000084f00000, 0x0000000084e00000| Untracked 
|  79|0x0000000084f00000, 0x0000000085000000, 0x0000000085000000|100%| O|  |TAMS 0x0000000085000000, 0x0000000084f00000| Untracked 
|  80|0x0000000085000000, 0x0000000085100000, 0x0000000085100000|100%| O|  |TAMS 0x0000000085100000, 0x0000000085000000| Untracked 
|  81|0x0000000085100000, 0x0000000085200000, 0x0000000085200000|100%| O|  |TAMS 0x0000000085200000, 0x0000000085100000| Untracked 
|  82|0x0000000085200000, 0x0000000085300000, 0x0000000085300000|100%| O|  |TAMS 0x0000000085300000, 0x0000000085200000| Untracked 
|  83|0x0000000085300000, 0x0000000085400000, 0x0000000085400000|100%| O|  |TAMS 0x00000000853afa00, 0x0000000085300000| Untracked 
|  84|0x0000000085400000, 0x0000000085500000, 0x0000000085500000|100%|HS|  |TAMS 0x0000000085400000, 0x0000000085400000| Complete 
|  85|0x0000000085500000, 0x0000000085600000, 0x0000000085600000|100%|HC|  |TAMS 0x0000000085500000, 0x0000000085500000| Complete 
|  86|0x0000000085600000, 0x0000000085700000, 0x0000000085700000|100%| O|  |TAMS 0x0000000085600000, 0x0000000085600000| Untracked 
|  87|0x0000000085700000, 0x0000000085800000, 0x0000000085800000|100%| O|  |TAMS 0x0000000085700000, 0x0000000085700000| Untracked 
|  88|0x0000000085800000, 0x0000000085900000, 0x0000000085900000|100%| O|  |TAMS 0x0000000085800000, 0x0000000085800000| Untracked 
|  89|0x0000000085900000, 0x0000000085a00000, 0x0000000085a00000|100%| O|  |TAMS 0x0000000085900000, 0x0000000085900000| Untracked 
|  90|0x0000000085a00000, 0x0000000085b00000, 0x0000000085b00000|100%| O|  |TAMS 0x0000000085a00000, 0x0000000085a00000| Untracked 
|  91|0x0000000085b00000, 0x0000000085c00000, 0x0000000085c00000|100%| O|  |TAMS 0x0000000085b00000, 0x0000000085b00000| Untracked 
|  92|0x0000000085c00000, 0x0000000085c0de00, 0x0000000085d00000|  5%| O|  |TAMS 0x0000000085c00000, 0x0000000085c00000| Untracked 
|  93|0x0000000085d00000, 0x0000000085d00000, 0x0000000085e00000|  0%| F|  |TAMS 0x0000000085d00000, 0x0000000085d00000| Untracked 
|  94|0x0000000085e00000, 0x0000000085e00000, 0x0000000085f00000|  0%| F|  |TAMS 0x0000000085e00000, 0x0000000085e00000| Untracked 
|  95|0x0000000085f00000, 0x0000000085f00000, 0x0000000086000000|  0%| F|  |TAMS 0x0000000085f00000, 0x0000000085f00000| Untracked 
|  96|0x0000000086000000, 0x0000000086000000, 0x0000000086100000|  0%| F|  |TAMS 0x0000000086000000, 0x0000000086000000| Untracked 
|  97|0x0000000086100000, 0x0000000086100000, 0x0000000086200000|  0%| F|  |TAMS 0x0000000086100000, 0x0000000086100000| Untracked 
|  98|0x0000000086200000, 0x0000000086200000, 0x0000000086300000|  0%| F|  |TAMS 0x0000000086200000, 0x0000000086200000| Untracked 
|  99|0x0000000086300000, 0x0000000086300000, 0x0000000086400000|  0%| F|  |TAMS 0x0000000086300000, 0x0000000086300000| Untracked 
| 100|0x0000000086400000, 0x0000000086400000, 0x0000000086500000|  0%| F|  |TAMS 0x0000000086400000, 0x0000000086400000| Untracked 
| 101|0x0000000086500000, 0x0000000086500000, 0x0000000086600000|  0%| F|  |TAMS 0x0000000086500000, 0x0000000086500000| Untracked 
| 102|0x0000000086600000, 0x0000000086600000, 0x0000000086700000|  0%| F|  |TAMS 0x0000000086600000, 0x0000000086600000| Untracked 
| 103|0x0000000086700000, 0x0000000086700000, 0x0000000086800000|  0%| F|  |TAMS 0x0000000086700000, 0x0000000086700000| Untracked 
| 104|0x0000000086800000, 0x0000000086800000, 0x0000000086900000|  0%| F|  |TAMS 0x0000000086800000, 0x0000000086800000| Untracked 
| 105|0x0000000086900000, 0x0000000086900000, 0x0000000086a00000|  0%| F|  |TAMS 0x0000000086900000, 0x0000000086900000| Untracked 
| 106|0x0000000086a00000, 0x0000000086a00000, 0x0000000086b00000|  0%| F|  |TAMS 0x0000000086a00000, 0x0000000086a00000| Untracked 
| 107|0x0000000086b00000, 0x0000000086b00000, 0x0000000086c00000|  0%| F|  |TAMS 0x0000000086b00000, 0x0000000086b00000| Untracked 
| 108|0x0000000086c00000, 0x0000000086c00000, 0x0000000086d00000|  0%| F|  |TAMS 0x0000000086c00000, 0x0000000086c00000| Untracked 
| 109|0x0000000086d00000, 0x0000000086d00000, 0x0000000086e00000|  0%| F|  |TAMS 0x0000000086d00000, 0x0000000086d00000| Untracked 
| 110|0x0000000086e00000, 0x0000000086e00000, 0x0000000086f00000|  0%| F|  |TAMS 0x0000000086e00000, 0x0000000086e00000| Untracked 
| 111|0x0000000086f00000, 0x0000000086f00000, 0x0000000087000000|  0%| F|  |TAMS 0x0000000086f00000, 0x0000000086f00000| Untracked 
| 112|0x0000000087000000, 0x0000000087100000, 0x0000000087100000|100%| O|  |TAMS 0x0000000087000000, 0x0000000087000000| Untracked 
| 113|0x0000000087100000, 0x0000000087100000, 0x0000000087200000|  0%| F|  |TAMS 0x0000000087100000, 0x0000000087100000| Untracked 
| 114|0x0000000087200000, 0x0000000087200000, 0x0000000087300000|  0%| F|  |TAMS 0x0000000087200000, 0x0000000087200000| Untracked 
| 115|0x0000000087300000, 0x0000000087300000, 0x0000000087400000|  0%| F|  |TAMS 0x0000000087300000, 0x0000000087300000| Untracked 
| 116|0x0000000087400000, 0x0000000087400000, 0x0000000087500000|  0%| F|  |TAMS 0x0000000087400000, 0x0000000087400000| Untracked 
| 117|0x0000000087500000, 0x0000000087500000, 0x0000000087600000|  0%| F|  |TAMS 0x0000000087500000, 0x0000000087500000| Untracked 
| 118|0x0000000087600000, 0x0000000087600000, 0x0000000087700000|  0%| F|  |TAMS 0x0000000087600000, 0x0000000087600000| Untracked 
| 119|0x0000000087700000, 0x0000000087700000, 0x0000000087800000|  0%| F|  |TAMS 0x0000000087700000, 0x0000000087700000| Untracked 
| 120|0x0000000087800000, 0x0000000087800000, 0x0000000087900000|  0%| F|  |TAMS 0x0000000087800000, 0x0000000087800000| Untracked 
| 121|0x0000000087900000, 0x0000000087900000, 0x0000000087a00000|  0%| F|  |TAMS 0x0000000087900000, 0x0000000087900000| Untracked 
| 122|0x0000000087a00000, 0x0000000087a00000, 0x0000000087b00000|  0%| F|  |TAMS 0x0000000087a00000, 0x0000000087a00000| Untracked 
| 123|0x0000000087b00000, 0x0000000087b00000, 0x0000000087c00000|  0%| F|  |TAMS 0x0000000087b00000, 0x0000000087b00000| Untracked 
| 124|0x0000000087c00000, 0x0000000087c00000, 0x0000000087d00000|  0%| F|  |TAMS 0x0000000087c00000, 0x0000000087c00000| Untracked 
| 125|0x0000000087d00000, 0x0000000087d00000, 0x0000000087e00000|  0%| F|  |TAMS 0x0000000087d00000, 0x0000000087d00000| Untracked 
| 126|0x0000000087e00000, 0x0000000087e00000, 0x0000000087f00000|  0%| F|  |TAMS 0x0000000087e00000, 0x0000000087e00000| Untracked 
| 127|0x0000000087f00000, 0x0000000087f00000, 0x0000000088000000|  0%| F|  |TAMS 0x0000000087f00000, 0x0000000087f00000| Untracked 
| 128|0x0000000088000000, 0x0000000088000000, 0x0000000088100000|  0%| F|  |TAMS 0x0000000088000000, 0x0000000088000000| Untracked 
| 129|0x0000000088100000, 0x0000000088100000, 0x0000000088200000|  0%| F|  |TAMS 0x0000000088100000, 0x0000000088100000| Untracked 
| 130|0x0000000088200000, 0x0000000088200000, 0x0000000088300000|  0%| F|  |TAMS 0x0000000088200000, 0x0000000088200000| Untracked 
| 131|0x0000000088300000, 0x0000000088300000, 0x0000000088400000|  0%| F|  |TAMS 0x0000000088300000, 0x0000000088300000| Untracked 
| 132|0x0000000088400000, 0x0000000088400000, 0x0000000088500000|  0%| F|  |TAMS 0x0000000088400000, 0x0000000088400000| Untracked 
| 133|0x0000000088500000, 0x0000000088500000, 0x0000000088600000|  0%| F|  |TAMS 0x0000000088500000, 0x0000000088500000| Untracked 
| 134|0x0000000088600000, 0x0000000088700000, 0x0000000088700000|100%| S|CS|TAMS 0x0000000088600000, 0x0000000088600000| Complete 
| 135|0x0000000088700000, 0x0000000088800000, 0x0000000088800000|100%| S|CS|TAMS 0x0000000088700000, 0x0000000088700000| Complete 
| 136|0x0000000088800000, 0x0000000088900000, 0x0000000088900000|100%| S|CS|TAMS 0x0000000088800000, 0x0000000088800000| Complete 
| 137|0x0000000088900000, 0x0000000088a00000, 0x0000000088a00000|100%| S|CS|TAMS 0x0000000088900000, 0x0000000088900000| Complete 
| 138|0x0000000088a00000, 0x0000000088b00000, 0x0000000088b00000|100%| S|CS|TAMS 0x0000000088a00000, 0x0000000088a00000| Complete 
| 139|0x0000000088b00000, 0x0000000088c00000, 0x0000000088c00000|100%| S|CS|TAMS 0x0000000088b00000, 0x0000000088b00000| Complete 
| 140|0x0000000088c00000, 0x0000000088d00000, 0x0000000088d00000|100%| S|CS|TAMS 0x0000000088c00000, 0x0000000088c00000| Complete 
| 141|0x0000000088d00000, 0x0000000088d00000, 0x0000000088e00000|  0%| F|  |TAMS 0x0000000088d00000, 0x0000000088d00000| Untracked 
| 142|0x0000000088e00000, 0x0000000088e00000, 0x0000000088f00000|  0%| F|  |TAMS 0x0000000088e00000, 0x0000000088e00000| Untracked 
| 143|0x0000000088f00000, 0x0000000088f00000, 0x0000000089000000|  0%| F|  |TAMS 0x0000000088f00000, 0x0000000088f00000| Untracked 
| 144|0x0000000089000000, 0x0000000089000000, 0x0000000089100000|  0%| F|  |TAMS 0x0000000089000000, 0x0000000089000000| Untracked 
| 145|0x0000000089100000, 0x0000000089100000, 0x0000000089200000|  0%| F|  |TAMS 0x0000000089100000, 0x0000000089100000| Untracked 
| 146|0x0000000089200000, 0x0000000089200000, 0x0000000089300000|  0%| F|  |TAMS 0x0000000089200000, 0x0000000089200000| Untracked 
| 147|0x0000000089300000, 0x0000000089300000, 0x0000000089400000|  0%| F|  |TAMS 0x0000000089300000, 0x0000000089300000| Untracked 
| 148|0x0000000089400000, 0x0000000089400000, 0x0000000089500000|  0%| F|  |TAMS 0x0000000089400000, 0x0000000089400000| Untracked 
| 149|0x0000000089500000, 0x0000000089600000, 0x0000000089600000|100%| S|CS|TAMS 0x0000000089500000, 0x0000000089500000| Complete 
| 150|0x0000000089600000, 0x0000000089600000, 0x0000000089700000|  0%| F|  |TAMS 0x0000000089600000, 0x0000000089600000| Untracked 
| 151|0x0000000089700000, 0x0000000089700000, 0x0000000089800000|  0%| F|  |TAMS 0x0000000089700000, 0x0000000089700000| Untracked 
| 152|0x0000000089800000, 0x0000000089800000, 0x0000000089900000|  0%| F|  |TAMS 0x0000000089800000, 0x0000000089800000| Untracked 
| 153|0x0000000089900000, 0x0000000089900000, 0x0000000089a00000|  0%| F|  |TAMS 0x0000000089900000, 0x0000000089900000| Untracked 
| 154|0x0000000089a00000, 0x0000000089a00000, 0x0000000089b00000|  0%| F|  |TAMS 0x0000000089a00000, 0x0000000089a00000| Untracked 
| 155|0x0000000089b00000, 0x0000000089b00000, 0x0000000089c00000|  0%| F|  |TAMS 0x0000000089b00000, 0x0000000089b00000| Untracked 
| 156|0x0000000089c00000, 0x0000000089c00000, 0x0000000089d00000|  0%| F|  |TAMS 0x0000000089c00000, 0x0000000089c00000| Untracked 
| 157|0x0000000089d00000, 0x0000000089d00000, 0x0000000089e00000|  0%| F|  |TAMS 0x0000000089d00000, 0x0000000089d00000| Untracked 
| 158|0x0000000089e00000, 0x0000000089e00000, 0x0000000089f00000|  0%| F|  |TAMS 0x0000000089e00000, 0x0000000089e00000| Untracked 
| 159|0x0000000089f00000, 0x0000000089f00000, 0x000000008a000000|  0%| F|  |TAMS 0x0000000089f00000, 0x0000000089f00000| Untracked 
| 160|0x000000008a000000, 0x000000008a000000, 0x000000008a100000|  0%| F|  |TAMS 0x000000008a000000, 0x000000008a000000| Untracked 
| 161|0x000000008a100000, 0x000000008a100000, 0x000000008a200000|  0%| F|  |TAMS 0x000000008a100000, 0x000000008a100000| Untracked 
| 162|0x000000008a200000, 0x000000008a200000, 0x000000008a300000|  0%| F|  |TAMS 0x000000008a200000, 0x000000008a200000| Untracked 
| 163|0x000000008a300000, 0x000000008a300000, 0x000000008a400000|  0%| F|  |TAMS 0x000000008a300000, 0x000000008a300000| Untracked 
| 164|0x000000008a400000, 0x000000008a400000, 0x000000008a500000|  0%| F|  |TAMS 0x000000008a400000, 0x000000008a400000| Untracked 
| 165|0x000000008a500000, 0x000000008a500000, 0x000000008a600000|  0%| F|  |TAMS 0x000000008a500000, 0x000000008a500000| Untracked 
| 166|0x000000008a600000, 0x000000008a600000, 0x000000008a700000|  0%| F|  |TAMS 0x000000008a600000, 0x000000008a600000| Untracked 
| 167|0x000000008a700000, 0x000000008a700000, 0x000000008a800000|  0%| F|  |TAMS 0x000000008a700000, 0x000000008a700000| Untracked 
| 168|0x000000008a800000, 0x000000008a8ed1c0, 0x000000008a900000| 92%| E|  |TAMS 0x000000008a800000, 0x000000008a800000| Complete 
| 169|0x000000008a900000, 0x000000008aa00000, 0x000000008aa00000|100%| E|CS|TAMS 0x000000008a900000, 0x000000008a900000| Complete 
| 170|0x000000008aa00000, 0x000000008ab00000, 0x000000008ab00000|100%| E|CS|TAMS 0x000000008aa00000, 0x000000008aa00000| Complete 
| 171|0x000000008ab00000, 0x000000008ac00000, 0x000000008ac00000|100%| E|CS|TAMS 0x000000008ab00000, 0x000000008ab00000| Complete 
| 172|0x000000008ac00000, 0x000000008ad00000, 0x000000008ad00000|100%| E|CS|TAMS 0x000000008ac00000, 0x000000008ac00000| Complete 
| 173|0x000000008ad00000, 0x000000008ae00000, 0x000000008ae00000|100%| E|CS|TAMS 0x000000008ad00000, 0x000000008ad00000| Complete 
| 174|0x000000008ae00000, 0x000000008af00000, 0x000000008af00000|100%| E|CS|TAMS 0x000000008ae00000, 0x000000008ae00000| Complete 
| 175|0x000000008af00000, 0x000000008b000000, 0x000000008b000000|100%| E|CS|TAMS 0x000000008af00000, 0x000000008af00000| Complete 
| 176|0x000000008b000000, 0x000000008b100000, 0x000000008b100000|100%| E|CS|TAMS 0x000000008b000000, 0x000000008b000000| Complete 
| 177|0x000000008b100000, 0x000000008b200000, 0x000000008b200000|100%| E|CS|TAMS 0x000000008b100000, 0x000000008b100000| Complete 
| 178|0x000000008b200000, 0x000000008b300000, 0x000000008b300000|100%| E|CS|TAMS 0x000000008b200000, 0x000000008b200000| Complete 
| 179|0x000000008b300000, 0x000000008b400000, 0x000000008b400000|100%| E|CS|TAMS 0x000000008b300000, 0x000000008b300000| Complete 
| 180|0x000000008b400000, 0x000000008b500000, 0x000000008b500000|100%| E|CS|TAMS 0x000000008b400000, 0x000000008b400000| Complete 
| 181|0x000000008b500000, 0x000000008b600000, 0x000000008b600000|100%| E|CS|TAMS 0x000000008b500000, 0x000000008b500000| Complete 
| 182|0x000000008b600000, 0x000000008b700000, 0x000000008b700000|100%| E|CS|TAMS 0x000000008b600000, 0x000000008b600000| Complete 
| 183|0x000000008b700000, 0x000000008b800000, 0x000000008b800000|100%| E|CS|TAMS 0x000000008b700000, 0x000000008b700000| Complete 
| 184|0x000000008b800000, 0x000000008b900000, 0x000000008b900000|100%| E|CS|TAMS 0x000000008b800000, 0x000000008b800000| Complete 
| 185|0x000000008b900000, 0x000000008ba00000, 0x000000008ba00000|100%| E|CS|TAMS 0x000000008b900000, 0x000000008b900000| Complete 
| 186|0x000000008ba00000, 0x000000008bb00000, 0x000000008bb00000|100%| E|CS|TAMS 0x000000008ba00000, 0x000000008ba00000| Complete 
| 187|0x000000008bb00000, 0x000000008bc00000, 0x000000008bc00000|100%| E|CS|TAMS 0x000000008bb00000, 0x000000008bb00000| Complete 
| 188|0x000000008bc00000, 0x000000008bd00000, 0x000000008bd00000|100%| E|CS|TAMS 0x000000008bc00000, 0x000000008bc00000| Complete 
| 189|0x000000008bd00000, 0x000000008be00000, 0x000000008be00000|100%| E|CS|TAMS 0x000000008bd00000, 0x000000008bd00000| Complete 
| 190|0x000000008be00000, 0x000000008bf00000, 0x000000008bf00000|100%| E|CS|TAMS 0x000000008be00000, 0x000000008be00000| Complete 
| 191|0x000000008bf00000, 0x000000008c000000, 0x000000008c000000|100%| E|CS|TAMS 0x000000008bf00000, 0x000000008bf00000| Complete 
| 192|0x000000008c000000, 0x000000008c100000, 0x000000008c100000|100%| E|CS|TAMS 0x000000008c000000, 0x000000008c000000| Complete 
| 193|0x000000008c100000, 0x000000008c200000, 0x000000008c200000|100%| E|CS|TAMS 0x000000008c100000, 0x000000008c100000| Complete 
| 194|0x000000008c200000, 0x000000008c300000, 0x000000008c300000|100%| E|CS|TAMS 0x000000008c200000, 0x000000008c200000| Complete 
| 195|0x000000008c300000, 0x000000008c400000, 0x000000008c400000|100%| E|CS|TAMS 0x000000008c300000, 0x000000008c300000| Complete 
| 196|0x000000008c400000, 0x000000008c500000, 0x000000008c500000|100%| E|CS|TAMS 0x000000008c400000, 0x000000008c400000| Complete 
| 197|0x000000008c500000, 0x000000008c600000, 0x000000008c600000|100%| E|CS|TAMS 0x000000008c500000, 0x000000008c500000| Complete 
| 198|0x000000008c600000, 0x000000008c700000, 0x000000008c700000|100%| E|CS|TAMS 0x000000008c600000, 0x000000008c600000| Complete 
| 199|0x000000008c700000, 0x000000008c800000, 0x000000008c800000|100%| E|CS|TAMS 0x000000008c700000, 0x000000008c700000| Complete 
| 200|0x000000008c800000, 0x000000008c900000, 0x000000008c900000|100%| E|CS|TAMS 0x000000008c800000, 0x000000008c800000| Complete 
| 201|0x000000008c900000, 0x000000008ca00000, 0x000000008ca00000|100%| E|CS|TAMS 0x000000008c900000, 0x000000008c900000| Complete 
| 202|0x000000008ca00000, 0x000000008cb00000, 0x000000008cb00000|100%| E|CS|TAMS 0x000000008ca00000, 0x000000008ca00000| Complete 
| 203|0x000000008cb00000, 0x000000008cc00000, 0x000000008cc00000|100%| E|CS|TAMS 0x000000008cb00000, 0x000000008cb00000| Complete 
| 204|0x000000008cc00000, 0x000000008cd00000, 0x000000008cd00000|100%| E|CS|TAMS 0x000000008cc00000, 0x000000008cc00000| Complete 
| 205|0x000000008cd00000, 0x000000008ce00000, 0x000000008ce00000|100%| E|CS|TAMS 0x000000008cd00000, 0x000000008cd00000| Complete 

Card table byte_map: [0x0000022531b60000,0x0000022531f60000] _byte_map_base: 0x0000022531760000

Marking Bits (Prev, Next): (CMBitMap*) 0x000002251e67a438, (CMBitMap*) 0x000002251e67a470
 Prev Bits: [0x0000022532360000, 0x0000022534360000)
 Next Bits: [0x0000022534360000, 0x0000022536360000)

Polling page: 0x000002251cd40000

Metaspace:

Usage:
  Non-class:     90.80 MB capacity,    89.10 MB ( 98%) used,     1.37 MB (  2%) free+waste,   336.88 KB ( <1%) overhead. 
      Class:     14.42 MB capacity,    13.37 MB ( 93%) used,   920.13 KB (  6%) free+waste,   150.81 KB (  1%) overhead. 
       Both:    105.22 MB capacity,   102.47 MB ( 97%) used,     2.27 MB (  2%) free+waste,   487.69 KB ( <1%) overhead. 

Virtual space:
  Non-class space:       92.00 MB reserved,      91.00 MB ( 99%) committed 
      Class space:        1.00 GB reserved,      14.45 MB (  1%) committed 
             Both:        1.09 GB reserved,     105.45 MB (  9%) committed 

Chunk freelists:
   Non-Class:  8.00 KB
       Class:  0 bytes
        Both:  8.00 KB

MaxMetaspaceSize: 17179869184.00 GB
CompressedClassSpaceSize: 1.00 GB

CodeHeap 'non-profiled nmethods': size=120064Kb used=6465Kb max_used=6465Kb free=113598Kb
 bounds [0x0000022529bf0000, 0x000002252a250000, 0x0000022531130000]
CodeHeap 'profiled nmethods': size=120000Kb used=29053Kb max_used=29053Kb free=90946Kb
 bounds [0x00000225226c0000, 0x0000022524320000, 0x0000022529bf0000]
CodeHeap 'non-nmethods': size=5696Kb used=2317Kb max_used=2349Kb free=3378Kb
 bounds [0x0000022522130000, 0x00000225223a0000, 0x00000225226c0000]
 total_blobs=15152 nmethods=14219 adapters=844
 compilation: enabled
              stopped_count=0, restarted_count=0
 full_count=0

Compilation events (20 events):
Event: 189.515 Thread 0x00000225389f1800 14504       2       com.sun.tools.javac.jvm.Items$Item::coerce (99 bytes)
Event: 189.516 Thread 0x00000225389f1800 nmethod 14504 0x0000022524319910 code [0x0000022524319b00, 0x0000022524319dc8]
Event: 189.519 Thread 0x00000225389f1800 14505       2       com.sun.tools.javac.util.ByteBuffer::appendInt (103 bytes)
Event: 189.519 Thread 0x00000225389f1800 nmethod 14505 0x000002252431a010 code [0x000002252431a1e0, 0x000002252431a648]
Event: 189.520 Thread 0x00000225389f1800 14506       2       com.sun.tools.javac.code.Types$SignatureGenerator::assembleClassSig (221 bytes)
Event: 189.522 Thread 0x00000225389f1800 nmethod 14506 0x000002252431a810 code [0x000002252431ab80, 0x000002252431b5b8]
Event: 189.522 Thread 0x00000225389f1800 14511       2       com.sun.tools.javac.code.Types$HashCodeVisitor::visitMethodType (76 bytes)
Event: 189.522 Thread 0x00000225389f1800 nmethod 14511 0x000002252431bd90 code [0x000002252431bf80, 0x000002252431c338]
Event: 189.522 Thread 0x00000225389f1800 14509       2       com.sun.tools.javac.code.Symbol::externalType (81 bytes)
Event: 189.523 Thread 0x00000225389f1800 nmethod 14509 0x000002252431c610 code [0x000002252431c880, 0x000002252431d008]
Event: 189.524 Thread 0x00000225389f1800 14512       1       com.sun.tools.javac.jvm.Items::makeThisItem (5 bytes)
Event: 189.524 Thread 0x00000225389f1800 nmethod 14512 0x000002252a23fe90 code [0x000002252a240040, 0x000002252a2400f8]
Event: 189.524 Thread 0x00000225389f1800 14510       2       com.sun.tools.javac.code.Types$HashCodeVisitor::visitMethodType (10 bytes)
Event: 189.524 Thread 0x00000225389f1800 nmethod 14510 0x000002252431d390 code [0x000002252431d540, 0x000002252431d688]
Event: 189.524 Thread 0x00000225389f1800 14507       2       com.sun.tools.javac.jvm.ClassWriter$CWSignatureGenerator::classReference (9 bytes)
Event: 189.524 Thread 0x00000225389f1800 nmethod 14507 0x000002252431d790 code [0x000002252431d940, 0x000002252431da68]
Event: 189.526 Thread 0x00000225389f1800 14513       2       com.sun.tools.javac.jvm.ClassFile$NameAndType::hashCode (16 bytes)
Event: 189.527 Thread 0x00000225389f1800 nmethod 14513 0x000002252431db10 code [0x000002252431dce0, 0x000002252431de58]
Event: 189.527 Thread 0x00000225389f1800 14515       1       com.sun.tools.javac.code.Symbol$DelegatedSymbol::getUnderlyingSymbol (5 bytes)
Event: 189.527 Thread 0x00000225389f1800 nmethod 14515 0x000002252a240190 code [0x000002252a240340, 0x000002252a2403f8]

GC Heap History (20 events):
Event: 21.627 GC heap before
{Heap before GC invocations=25 (full 0):
 garbage-first heap   total 145408K, used 112944K [0x0000000080000000, 0x0000000100000000)
  region size 1024K, 57 young (58368K), 8 survivors (8192K)
 Metaspace       used 78956K, capacity 80941K, committed 80972K, reserved 1120256K
  class space    used 10338K, capacity 11075K, committed 11084K, reserved 1048576K
}
Event: 21.654 GC heap after
{Heap after GC invocations=26 (full 0):
 garbage-first heap   total 145408K, used 67156K [0x0000000080000000, 0x0000000100000000)
  region size 1024K, 8 young (8192K), 8 survivors (8192K)
 Metaspace       used 78956K, capacity 80941K, committed 80972K, reserved 1120256K
  class space    used 10338K, capacity 11075K, committed 11084K, reserved 1048576K
}
Event: 22.794 GC heap before
{Heap before GC invocations=26 (full 0):
 garbage-first heap   total 145408K, used 115284K [0x0000000080000000, 0x0000000100000000)
  region size 1024K, 56 young (57344K), 8 survivors (8192K)
 Metaspace       used 79508K, capacity 81500K, committed 81868K, reserved 1120256K
  class space    used 10370K, capacity 11093K, committed 11212K, reserved 1048576K
}
Event: 22.819 GC heap after
{Heap after GC invocations=27 (full 0):
 garbage-first heap   total 175104K, used 70656K [0x0000000080000000, 0x0000000100000000)
  region size 1024K, 7 young (7168K), 7 survivors (7168K)
 Metaspace       used 79508K, capacity 81500K, committed 81868K, reserved 1120256K
  class space    used 10370K, capacity 11093K, committed 11212K, reserved 1048576K
}
Event: 24.372 GC heap before
{Heap before GC invocations=27 (full 0):
 garbage-first heap   total 175104K, used 133120K [0x0000000080000000, 0x0000000100000000)
  region size 1024K, 69 young (70656K), 7 survivors (7168K)
 Metaspace       used 80277K, capacity 82440K, committed 82764K, reserved 1120256K
  class space    used 10429K, capacity 11209K, committed 11340K, reserved 1048576K
}
Event: 24.396 GC heap after
{Heap after GC invocations=28 (full 0):
 garbage-first heap   total 175104K, used 74424K [0x0000000080000000, 0x0000000100000000)
  region size 1024K, 7 young (7168K), 7 survivors (7168K)
 Metaspace       used 80277K, capacity 82440K, committed 82764K, reserved 1120256K
  class space    used 10429K, capacity 11209K, committed 11340K, reserved 1048576K
}
Event: 25.592 GC heap before
{Heap before GC invocations=28 (full 0):
 garbage-first heap   total 175104K, used 138936K [0x0000000080000000, 0x0000000100000000)
  region size 1024K, 71 young (72704K), 7 survivors (7168K)
 Metaspace       used 80420K, capacity 82598K, committed 82764K, reserved 1120256K
  class space    used 10440K, capacity 11218K, committed 11340K, reserved 1048576K
}
Event: 25.621 GC heap after
{Heap after GC invocations=29 (full 0):
 garbage-first heap   total 175104K, used 77808K [0x0000000080000000, 0x0000000100000000)
  region size 1024K, 8 young (8192K), 8 survivors (8192K)
 Metaspace       used 80420K, capacity 82598K, committed 82764K, reserved 1120256K
  class space    used 10440K, capacity 11218K, committed 11340K, reserved 1048576K
}
Event: 26.989 GC heap before
{Heap before GC invocations=29 (full 0):
 garbage-first heap   total 175104K, used 141296K [0x0000000080000000, 0x0000000100000000)
  region size 1024K, 71 young (72704K), 8 survivors (8192K)
 Metaspace       used 88444K, capacity 90874K, committed 91084K, reserved 1128448K
  class space    used 11747K, capacity 12663K, committed 12748K, reserved 1048576K
}
Event: 27.027 GC heap after
{Heap after GC invocations=30 (full 0):
 garbage-first heap   total 175104K, used 85137K [0x0000000080000000, 0x0000000100000000)
  region size 1024K, 9 young (9216K), 9 survivors (9216K)
 Metaspace       used 88444K, capacity 90874K, committed 91084K, reserved 1128448K
  class space    used 11747K, capacity 12663K, committed 12748K, reserved 1048576K
}
Event: 27.569 GC heap before
{Heap before GC invocations=30 (full 0):
 garbage-first heap   total 175104K, used 102545K [0x0000000080000000, 0x0000000100000000)
  region size 1024K, 27 young (27648K), 9 survivors (9216K)
 Metaspace       used 89862K, capacity 92507K, committed 92620K, reserved 1128448K
  class space    used 11952K, capacity 12934K, committed 13004K, reserved 1048576K
}
Event: 27.646 GC heap after
{Heap after GC invocations=31 (full 0):
 garbage-first heap   total 210944K, used 88254K [0x0000000080000000, 0x0000000100000000)
  region size 1024K, 3 young (3072K), 3 survivors (3072K)
 Metaspace       used 89862K, capacity 92507K, committed 92620K, reserved 1128448K
  class space    used 11952K, capacity 12934K, committed 13004K, reserved 1048576K
}
Event: 30.264 GC heap before
{Heap before GC invocations=32 (full 0):
 garbage-first heap   total 210944K, used 141502K [0x0000000080000000, 0x0000000100000000)
  region size 1024K, 54 young (55296K), 3 survivors (3072K)
 Metaspace       used 93363K, capacity 95989K, committed 96204K, reserved 1132544K
  class space    used 12401K, capacity 13381K, committed 13516K, reserved 1048576K
}
Event: 30.281 GC heap after
{Heap after GC invocations=33 (full 0):
 garbage-first heap   total 210944K, used 87506K [0x0000000080000000, 0x0000000100000000)
  region size 1024K, 3 young (3072K), 3 survivors (3072K)
 Metaspace       used 93363K, capacity 95989K, committed 96204K, reserved 1132544K
  class space    used 12401K, capacity 13381K, committed 13516K, reserved 1048576K
}
Event: 30.993 GC heap before
{Heap before GC invocations=33 (full 0):
 garbage-first heap   total 210944K, used 123346K [0x0000000080000000, 0x0000000100000000)
  region size 1024K, 30 young (30720K), 3 survivors (3072K)
 Metaspace       used 95164K, capacity 97853K, committed 97996K, reserved 1134592K
  class space    used 12633K, capacity 13669K, committed 13772K, reserved 1048576K
}
Event: 31.003 GC heap after
{Heap after GC invocations=34 (full 0):
 garbage-first heap   total 210944K, used 94808K [0x0000000080000000, 0x0000000100000000)
  region size 1024K, 4 young (4096K), 4 survivors (4096K)
 Metaspace       used 95164K, capacity 97853K, committed 97996K, reserved 1134592K
  class space    used 12633K, capacity 13669K, committed 13772K, reserved 1048576K
}
Event: 183.197 GC heap before
{Heap before GC invocations=35 (full 0):
 garbage-first heap   total 210944K, used 171608K [0x0000000080000000, 0x0000000100000000)
  region size 1024K, 57 young (58368K), 4 survivors (4096K)
 Metaspace       used 96308K, capacity 98992K, committed 99276K, reserved 1134592K
  class space    used 12658K, capacity 13645K, committed 13772K, reserved 1048576K
}
Event: 183.375 GC heap after
{Heap after GC invocations=36 (full 0):
 garbage-first heap   total 210944K, used 93343K [0x0000000080000000, 0x0000000100000000)
  region size 1024K, 8 young (8192K), 8 survivors (8192K)
 Metaspace       used 96308K, capacity 98992K, committed 99276K, reserved 1134592K
  class space    used 12658K, capacity 13645K, committed 13772K, reserved 1048576K
}
Event: 187.022 GC heap before
{Heap before GC invocations=36 (full 0):
 garbage-first heap   total 210944K, used 151711K [0x0000000080000000, 0x0000000100000000)
  region size 1024K, 64 young (65536K), 8 survivors (8192K)
 Metaspace       used 103090K, capacity 105885K, committed 106060K, reserved 1140736K
  class space    used 13517K, capacity 14577K, committed 14668K, reserved 1048576K
}
Event: 187.175 GC heap after
{Heap after GC invocations=37 (full 0):
 garbage-first heap   total 210944K, used 103479K [0x0000000080000000, 0x0000000100000000)
  region size 1024K, 8 young (8192K), 8 survivors (8192K)
 Metaspace       used 103090K, capacity 105885K, committed 106060K, reserved 1140736K
  class space    used 13517K, capacity 14577K, committed 14668K, reserved 1048576K
}

Deoptimization events (20 events):
Event: 189.421 Thread 0x000002253b8be800 Uncommon trap: trap_request=0xffffffde fr.pc=0x000002252a23c338 relative=0x0000000000000418
Event: 189.421 Thread 0x000002253b8be800 Uncommon trap: reason=class_check action=maybe_recompile pc=0x000002252a23c338 method=com.sun.tools.javac.code.Types$12.visitClassType(Lcom/sun/tools/javac/code/Type$ClassType;Lcom/sun/tools/javac/code/Symbol;)Lcom/sun/tools/javac/code/Type; @ 94 c2
Event: 189.421 Thread 0x000002253b8be800 DEOPT PACKING pc=0x000002252a23c338 sp=0x00000088fa2f6260
Event: 189.421 Thread 0x000002253b8be800 DEOPT UNPACKING pc=0x00000225221578af sp=0x00000088fa2f6180 mode 2
Event: 189.442 Thread 0x000002253b8be800 Uncommon trap: trap_request=0xffffffde fr.pc=0x000002252a238f08 relative=0x00000000000009a8
Event: 189.442 Thread 0x000002253b8be800 Uncommon trap: reason=class_check action=maybe_recompile pc=0x000002252a238f08 method=com.sun.tools.javac.code.Types$15.visitClassType(Lcom/sun/tools/javac/code/Type$ClassType;Ljava/lang/Void;)Lcom/sun/tools/javac/code/Type; @ 19 c2
Event: 189.442 Thread 0x000002253b8be800 DEOPT PACKING pc=0x000002252a238f08 sp=0x00000088fa2f5b00
Event: 189.442 Thread 0x000002253b8be800 DEOPT UNPACKING pc=0x00000225221578af sp=0x00000088fa2f5ae0 mode 2
Event: 189.443 Thread 0x000002253b8be800 Uncommon trap: trap_request=0xffffffde fr.pc=0x000002252a23c338 relative=0x0000000000000418
Event: 189.443 Thread 0x000002253b8be800 Uncommon trap: reason=class_check action=maybe_recompile pc=0x000002252a23c338 method=com.sun.tools.javac.code.Types$12.visitClassType(Lcom/sun/tools/javac/code/Type$ClassType;Lcom/sun/tools/javac/code/Symbol;)Lcom/sun/tools/javac/code/Type; @ 94 c2
Event: 189.443 Thread 0x000002253b8be800 DEOPT PACKING pc=0x000002252a23c338 sp=0x00000088fa2f5bf0
Event: 189.443 Thread 0x000002253b8be800 DEOPT UNPACKING pc=0x00000225221578af sp=0x00000088fa2f5b10 mode 2
Event: 189.505 Thread 0x000002253b8be800 Uncommon trap: trap_request=0xffffff4d fr.pc=0x0000022529bf6490 relative=0x00000000000001f0
Event: 189.505 Thread 0x000002253b8be800 Uncommon trap: reason=unstable_if action=reinterpret pc=0x0000022529bf6490 method=java.lang.String.isLatin1()Z @ 10 c2
Event: 189.505 Thread 0x000002253b8be800 DEOPT PACKING pc=0x0000022529bf6490 sp=0x00000088fa2f8850
Event: 189.505 Thread 0x000002253b8be800 DEOPT UNPACKING pc=0x00000225221578af sp=0x00000088fa2f8778 mode 2
Event: 189.510 Thread 0x000002253b8be800 Uncommon trap: trap_request=0xffffff45 fr.pc=0x000002252a21bf78 relative=0x00000000000001d8
Event: 189.510 Thread 0x000002253b8be800 Uncommon trap: reason=unstable_fused_if action=reinterpret pc=0x000002252a21bf78 method=com.sun.tools.javac.util.Convert.chars2utf([CI[BII)I @ 28 c2
Event: 189.510 Thread 0x000002253b8be800 DEOPT PACKING pc=0x000002252a21bf78 sp=0x00000088fa2f9550
Event: 189.510 Thread 0x000002253b8be800 DEOPT UNPACKING pc=0x00000225221578af sp=0x00000088fa2f94b0 mode 2

Classes redefined (0 events):
No events

Internal exceptions (20 events):
Event: 189.057 Thread 0x000002253b8be800 Exception <a 'sun/nio/fs/WindowsException'{0x000000008af54428}> (0x000000008af54428) thrown at [./src/hotspot/share/prims/jni.cpp, line 615]
Event: 189.078 Thread 0x000002253b8be800 Exception <a 'sun/nio/fs/WindowsException'{0x000000008af7ecc0}> (0x000000008af7ecc0) thrown at [./src/hotspot/share/prims/jni.cpp, line 615]
Event: 189.082 Thread 0x000002253b8be800 Exception <a 'sun/nio/fs/WindowsException'{0x000000008af840f0}> (0x000000008af840f0) thrown at [./src/hotspot/share/prims/jni.cpp, line 615]
Event: 189.093 Thread 0x000002253b8be800 Exception <a 'sun/nio/fs/WindowsException'{0x000000008af89508}> (0x000000008af89508) thrown at [./src/hotspot/share/prims/jni.cpp, line 615]
Event: 189.099 Thread 0x000002253b8be800 Exception <a 'sun/nio/fs/WindowsException'{0x000000008af8e938}> (0x000000008af8e938) thrown at [./src/hotspot/share/prims/jni.cpp, line 615]
Event: 189.107 Thread 0x000002253b8be800 Exception <a 'sun/nio/fs/WindowsException'{0x000000008af96f68}> (0x000000008af96f68) thrown at [./src/hotspot/share/prims/jni.cpp, line 615]
Event: 189.279 Thread 0x000002253b8be800 Exception <a 'sun/nio/fs/WindowsException'{0x000000008ac80ec8}> (0x000000008ac80ec8) thrown at [./src/hotspot/share/prims/jni.cpp, line 615]
Event: 189.292 Thread 0x000002253b8be800 Exception <a 'sun/nio/fs/WindowsException'{0x000000008ac874b8}> (0x000000008ac874b8) thrown at [./src/hotspot/share/prims/jni.cpp, line 615]
Event: 189.300 Thread 0x000002253b8be800 Exception <a 'sun/nio/fs/WindowsException'{0x000000008ac8c8e0}> (0x000000008ac8c8e0) thrown at [./src/hotspot/share/prims/jni.cpp, line 615]
Event: 189.311 Thread 0x000002253b8be800 Exception <a 'sun/nio/fs/WindowsException'{0x000000008ac91cf0}> (0x000000008ac91cf0) thrown at [./src/hotspot/share/prims/jni.cpp, line 615]
Event: 189.320 Thread 0x000002253b8be800 Exception <a 'sun/nio/fs/WindowsException'{0x000000008ac970a0}> (0x000000008ac970a0) thrown at [./src/hotspot/share/prims/jni.cpp, line 615]
Event: 189.334 Thread 0x000002253b8be800 Exception <a 'sun/nio/fs/WindowsException'{0x000000008ac9c450}> (0x000000008ac9c450) thrown at [./src/hotspot/share/prims/jni.cpp, line 615]
Event: 189.344 Thread 0x000002253b8be800 Exception <a 'sun/nio/fs/WindowsException'{0x000000008aca17f0}> (0x000000008aca17f0) thrown at [./src/hotspot/share/prims/jni.cpp, line 615]
Event: 189.358 Thread 0x000002253b8be800 Exception <a 'sun/nio/fs/WindowsException'{0x000000008acab440}> (0x000000008acab440) thrown at [./src/hotspot/share/prims/jni.cpp, line 615]
Event: 189.478 Thread 0x000002253b8be800 Exception <a 'sun/nio/fs/WindowsException'{0x000000008a81bac8}> (0x000000008a81bac8) thrown at [./src/hotspot/share/prims/jni.cpp, line 615]
Event: 189.484 Thread 0x000002253b8be800 Exception <a 'sun/nio/fs/WindowsException'{0x000000008a821f90}> (0x000000008a821f90) thrown at [./src/hotspot/share/prims/jni.cpp, line 615]
Event: 189.493 Thread 0x000002253b8be800 Exception <a 'sun/nio/fs/WindowsException'{0x000000008a827238}> (0x000000008a827238) thrown at [./src/hotspot/share/prims/jni.cpp, line 615]
Event: 189.506 Thread 0x000002253b8be800 Exception <a 'sun/nio/fs/WindowsException'{0x000000008a82c9f8}> (0x000000008a82c9f8) thrown at [./src/hotspot/share/prims/jni.cpp, line 615]
Event: 189.515 Thread 0x000002253b8be800 Exception <a 'sun/nio/fs/WindowsException'{0x000000008a832540}> (0x000000008a832540) thrown at [./src/hotspot/share/prims/jni.cpp, line 615]
Event: 189.522 Thread 0x000002253b8be800 Exception <a 'sun/nio/fs/WindowsException'{0x000000008a83c058}> (0x000000008a83c058) thrown at [./src/hotspot/share/prims/jni.cpp, line 615]

Events (20 events):
Event: 189.381 loading class com/sun/tools/javac/tree/JCTree$JCExpression done
Event: 189.381 loading class com/sun/tools/javac/comp/ArgumentAttr$ArgumentType
Event: 189.381 loading class com/sun/tools/javac/comp/ArgumentAttr$ArgumentType done
Event: 189.381 loading class com/sun/tools/javac/comp/ArgumentAttr
Event: 189.381 loading class com/sun/tools/javac/comp/ArgumentAttr done
Event: 189.382 loading class com/sun/tools/javac/tree/JCTree
Event: 189.382 loading class com/sun/tools/javac/tree/JCTree done
Event: 189.382 loading class com/sun/tools/javac/tree/JCTree
Event: 189.382 loading class com/sun/tools/javac/tree/JCTree done
Event: 189.382 loading class com/sun/tools/javac/comp/DeferredAttr
Event: 189.382 loading class com/sun/tools/javac/comp/DeferredAttr done
Event: 189.382 loading class com/sun/tools/javac/tree/JCTree
Event: 189.382 loading class com/sun/tools/javac/tree/JCTree done
Event: 189.382 loading class com/sun/tools/javac/util/JCDiagnostic
Event: 189.382 loading class com/sun/tools/javac/util/JCDiagnostic done
Event: 189.382 loading class com/sun/tools/javac/tree/JCTree
Event: 189.382 loading class com/sun/tools/javac/tree/JCTree done
Event: 189.399 loading class com/sun/tools/javac/tree/JCTree
Event: 189.399 loading class com/sun/tools/javac/tree/JCTree done
Event: 189.529 loading class java/util/EnumMap$Values


Dynamic libraries:
0x00007ff6090d0000 - 0x00007ff6090da000 	C:\Program Files\Android\Android Studio\jre\bin\java.exe
0x00007ffecaa30000 - 0x00007ffecac25000 	C:\WINDOWS\SYSTEM32\ntdll.dll
0x00007ffec8d10000 - 0x00007ffec8dce000 	C:\WINDOWS\System32\KERNEL32.DLL
0x00007ffec83c0000 - 0x00007ffec8689000 	C:\WINDOWS\System32\KERNELBASE.dll
0x00007ffec87d0000 - 0x00007ffec88d0000 	C:\WINDOWS\System32\ucrtbase.dll
0x00007ffec2ca0000 - 0x00007ffec2cb9000 	C:\Program Files\Android\Android Studio\jre\bin\jli.dll
0x00007ffe85370000 - 0x00007ffe85387000 	C:\Program Files\Android\Android Studio\jre\bin\VCRUNTIME140.dll
0x00007ffec9640000 - 0x00007ffec97e1000 	C:\WINDOWS\System32\USER32.dll
0x00007ffec8770000 - 0x00007ffec8792000 	C:\WINDOWS\System32\win32u.dll
0x00007ffeb7e80000 - 0x00007ffeb811a000 	C:\WINDOWS\WinSxS\amd64_microsoft.windows.common-controls_6595b64144ccf1df_6.0.19041.1110_none_60b5254171f9507e\COMCTL32.dll
0x00007ffec9f80000 - 0x00007ffeca01e000 	C:\WINDOWS\System32\msvcrt.dll
0x00007ffec8ce0000 - 0x00007ffec8d0b000 	C:\WINDOWS\System32\GDI32.dll
0x00007ffec8150000 - 0x00007ffec825b000 	C:\WINDOWS\System32\gdi32full.dll
0x00007ffec8930000 - 0x00007ffec89cd000 	C:\WINDOWS\System32\msvcp_win.dll
0x00007ffec9f50000 - 0x00007ffec9f80000 	C:\WINDOWS\System32\IMM32.DLL
0x00007ffec2620000 - 0x00007ffec26bd000 	C:\Program Files\Android\Android Studio\jre\bin\msvcp140.dll
0x00007ffe832a0000 - 0x00007ffe83d6f000 	C:\Program Files\Android\Android Studio\jre\bin\server\jvm.dll
0x00007ffec8c20000 - 0x00007ffec8ccc000 	C:\WINDOWS\System32\ADVAPI32.dll
0x00007ffec8fe0000 - 0x00007ffec907b000 	C:\WINDOWS\System32\sechost.dll
0x00007ffec8e50000 - 0x00007ffec8f7a000 	C:\WINDOWS\System32\RPCRT4.dll
0x00007ffeca9e0000 - 0x00007ffeca9e8000 	C:\WINDOWS\System32\PSAPI.DLL
0x00007ffec0950000 - 0x00007ffec095a000 	C:\WINDOWS\SYSTEM32\VERSION.dll
0x00007ffebaa90000 - 0x00007ffebaab7000 	C:\WINDOWS\SYSTEM32\WINMM.dll
0x00007ffec2c60000 - 0x00007ffec2c69000 	C:\WINDOWS\SYSTEM32\WSOCK32.dll
0x00007ffec99d0000 - 0x00007ffec9a3b000 	C:\WINDOWS\System32\WS2_32.dll
0x00007ffec6050000 - 0x00007ffec6062000 	C:\WINDOWS\SYSTEM32\kernel.appcore.dll
0x00007ffec2c40000 - 0x00007ffec2c51000 	C:\Program Files\Android\Android Studio\jre\bin\verify.dll
0x00007ffeb4960000 - 0x00007ffeb4b44000 	C:\WINDOWS\SYSTEM32\DBGHELP.DLL
0x00007ffeb4920000 - 0x00007ffeb494c000 	C:\WINDOWS\SYSTEM32\dbgcore.DLL
0x00007ffec8690000 - 0x00007ffec8713000 	C:\WINDOWS\System32\bcryptPrimitives.dll
0x00007ffeb6b30000 - 0x00007ffeb6b59000 	C:\Program Files\Android\Android Studio\jre\bin\java.dll
0x00007ffec24e0000 - 0x00007ffec24eb000 	C:\Program Files\Android\Android Studio\jre\bin\jimage.dll
0x00007ffeb6c90000 - 0x00007ffeb6ca8000 	C:\Program Files\Android\Android Studio\jre\bin\zip.dll
0x00007ffeca020000 - 0x00007ffeca75f000 	C:\WINDOWS\System32\SHELL32.dll
0x00007ffec6250000 - 0x00007ffec69e0000 	C:\WINDOWS\SYSTEM32\windows.storage.dll
0x00007ffec9bf0000 - 0x00007ffec9f45000 	C:\WINDOWS\System32\combase.dll
0x00007ffec7ba0000 - 0x00007ffec7bcc000 	C:\WINDOWS\SYSTEM32\Wldp.dll
0x00007ffec9a40000 - 0x00007ffec9aed000 	C:\WINDOWS\System32\SHCORE.dll
0x00007ffec9b90000 - 0x00007ffec9be5000 	C:\WINDOWS\System32\shlwapi.dll
0x00007ffec8090000 - 0x00007ffec80af000 	C:\WINDOWS\SYSTEM32\profapi.dll
0x00007ffeaa020000 - 0x00007ffeaa03a000 	C:\Program Files\Android\Android Studio\jre\bin\net.dll
0x00007ffeb9c80000 - 0x00007ffeb9d88000 	C:\WINDOWS\SYSTEM32\WINHTTP.dll
0x00007ffec7900000 - 0x00007ffec796a000 	C:\WINDOWS\system32\mswsock.dll
0x00007ffea8500000 - 0x00007ffea8514000 	C:\Program Files\Android\Android Studio\jre\bin\nio.dll
0x00007ffec2ce0000 - 0x00007ffec2d07000 	C:\Users\MinhNgan\.gradle\native\8bec1ad78214c89d9ad589b4d07fe93259594b29d510b10fafb7a158f7737e5d\windows-amd64\native-platform.dll
0x00007ffec2730000 - 0x00007ffec286d000 	C:\Users\MinhNgan\.gradle\native\53dbd7edfb1c66fb8903c78663c9afc45aea4f116125fa6feffd364cf09443e8\windows-amd64\native-platform-file-events.dll
0x00007ffec14a0000 - 0x00007ffec14aa000 	C:\Program Files\Android\Android Studio\jre\bin\management.dll
0x00007ffec1370000 - 0x00007ffec137c000 	C:\Program Files\Android\Android Studio\jre\bin\management_ext.dll
0x00007ffec7af0000 - 0x00007ffec7b08000 	C:\WINDOWS\SYSTEM32\CRYPTSP.dll
0x00007ffec7210000 - 0x00007ffec7244000 	C:\WINDOWS\system32\rsaenh.dll
0x00007ffec87a0000 - 0x00007ffec87c7000 	C:\WINDOWS\System32\bcrypt.dll
0x00007ffec8050000 - 0x00007ffec807e000 	C:\WINDOWS\SYSTEM32\USERENV.dll
0x00007ffec7b10000 - 0x00007ffec7b1c000 	C:\WINDOWS\SYSTEM32\CRYPTBASE.dll
0x00007ffec75a0000 - 0x00007ffec75db000 	C:\WINDOWS\SYSTEM32\IPHLPAPI.DLL
0x00007ffec8cd0000 - 0x00007ffec8cd8000 	C:\WINDOWS\System32\NSI.dll
0x00007ffebc9f0000 - 0x00007ffebca07000 	C:\WINDOWS\SYSTEM32\dhcpcsvc6.DLL
0x00007ffebfd70000 - 0x00007ffebfd8d000 	C:\WINDOWS\SYSTEM32\dhcpcsvc.DLL
0x00007ffec75f0000 - 0x00007ffec76bc000 	C:\WINDOWS\SYSTEM32\DNSAPI.dll
0x00007ffec1550000 - 0x00007ffec1577000 	C:\Program Files\Android\Android Studio\jre\bin\sunec.dll

dbghelp: loaded successfully - version: 4.0.5 - missing functions: none
symbol engine: initialized successfully - sym options: 0x614 - pdb path: .;C:\Program Files\Android\Android Studio\jre\bin;C:\WINDOWS\SYSTEM32;C:\WINDOWS\WinSxS\amd64_microsoft.windows.common-controls_6595b64144ccf1df_6.0.19041.1110_none_60b5254171f9507e;C:\Program Files\Android\Android Studio\jre\bin\server;C:\Users\MinhNgan\.gradle\native\8bec1ad78214c89d9ad589b4d07fe93259594b29d510b10fafb7a158f7737e5d\windows-amd64;C:\Users\MinhNgan\.gradle\native\53dbd7edfb1c66fb8903c78663c9afc45aea4f116125fa6feffd364cf09443e8\windows-amd64

VM Arguments:
jvm_args: --add-opens=java.base/java.util=ALL-UNNAMED --add-opens=java.base/java.lang=ALL-UNNAMED --add-opens=java.base/java.lang.invoke=ALL-UNNAMED --add-opens=java.base/java.util=ALL-UNNAMED --add-opens=java.prefs/java.util.prefs=ALL-UNNAMED --add-opens=java.prefs/java.util.prefs=ALL-UNNAMED --add-opens=java.base/java.nio.charset=ALL-UNNAMED --add-opens=java.base/java.net=ALL-UNNAMED --add-opens=java.base/java.util.concurrent.atomic=ALL-UNNAMED -Xmx2048m -Dfile.encoding=UTF-8 -Duser.country=US -Duser.language=en -Duser.variant 
java_command: org.gradle.launcher.daemon.bootstrap.GradleDaemon 7.0.2
java_class_path (initial): C:\Users\MinhNgan\.gradle\wrapper\dists\gradle-7.0.2-bin\857tjihv64xamwrf0h14cai3r\gradle-7.0.2\lib\gradle-launcher-7.0.2.jar
Launcher Type: SUN_STANDARD

[Global flags]
     intx CICompilerCount                          = 3                                         {product} {ergonomic}
     uint ConcGCThreads                            = 1                                         {product} {ergonomic}
     uint G1ConcRefinementThreads                  = 4                                         {product} {ergonomic}
   size_t G1HeapRegionSize                         = 1048576                                   {product} {ergonomic}
    uintx GCDrainStackTargetSize                   = 64                                        {product} {ergonomic}
   size_t InitialHeapSize                          = 67108864                                  {product} {ergonomic}
   size_t MarkStackSize                            = 4194304                                   {product} {ergonomic}
   size_t MaxHeapSize                              = 2147483648                                {product} {command line}
   size_t MaxNewSize                               = 1287651328                                {product} {ergonomic}
   size_t MinHeapDeltaBytes                        = 1048576                                   {product} {ergonomic}
    uintx NonNMethodCodeHeapSize                   = 5830732                                {pd product} {ergonomic}
    uintx NonProfiledCodeHeapSize                  = 122913754                              {pd product} {ergonomic}
    uintx ProfiledCodeHeapSize                     = 122913754                              {pd product} {ergonomic}
    uintx ReservedCodeCacheSize                    = 251658240                              {pd product} {ergonomic}
     bool SegmentedCodeCache                       = true                                      {product} {ergonomic}
     bool UseCompressedClassPointers               = true                                 {lp64_product} {ergonomic}
     bool UseCompressedOops                        = true                                 {lp64_product} {ergonomic}
     bool UseG1GC                                  = true                                      {product} {ergonomic}
     bool UseLargePagesIndividualAllocation        = false                                  {pd product} {ergonomic}

Logging:
Log output configuration:
 #0: stdout all=warning uptime,level,tags
 #1: stderr all=off uptime,level,tags

Environment Variables:
PATH=C:\Program Files\Common Files\Oracle\Java\javapath;C:\WINDOWS\system32;C:\WINDOWS;C:\WINDOWS\System32\Wbem;C:\WINDOWS\System32\WindowsPowerShell\v1.0\;C:\WINDOWS\System32\OpenSSH\;C:\Program Files\dotnet\;C:\Program Files\Microsoft SQL Server\130\Tools\Binn\;C:\Program Files\Microsoft SQL Server\Client SDK\ODBC\170\Tools\Binn\;C:\Program Files (x86)\dotnet\;C:\Program Files\Git\cmd;C:\Users\MinhNgan\AppData\Local\Microsoft\WindowsApps
USERNAME=MinhNgan
OS=Windows_NT
PROCESSOR_IDENTIFIER=Intel64 Family 6 Model 69 Stepping 1, GenuineIntel



---------------  S Y S T E M  ---------------

OS: Windows 10 , 64 bit Build 19041 (10.0.19041.1202)
OS uptime: 0 days 0:11 hours

CPU:total 4 (initial active 4) (2 cores per cpu, 2 threads per core) family 6 model 69 stepping 1 microcode 0x25, cmov, cx8, fxsr, mmx, sse, sse2, sse3, ssse3, sse4.1, sse4.2, popcnt, avx, avx2, aes, clmul, erms, lzcnt, ht, tsc, tscinvbit, bmi1, bmi2, fma

Memory: 4k page, system-wide physical 3979M (133M free)
TotalPageFile size 6979M (AvailPageFile size 1M)
current process WorkingSet (physical memory assigned to process): 242M, peak: 307M
current process commit charge ("private bytes"): 493M, peak: 494M

vm_info: OpenJDK 64-Bit Server VM (11.0.10+0-b96-7249189) for windows-amd64 JRE (11.0.10+0-b96-7249189), built on Mar 31 2021 21:44:00 by "builder" with MS VC++ 14.0 (VS2015)

END.
