#
# There is insufficient memory for the Java Runtime Environment to continue.
# Native memory allocation (mmap) failed to map 34603008 bytes for Failed to commit area from 0x000000008a200000 to 0x000000008c300000 of length 34603008.
# Possible reasons:
#   The system is out of physical RAM or swap space
#   The process is running with CompressedOops enabled, and the Java Heap may be blocking the growth of the native heap
# Possible solutions:
#   Reduce memory load on the system
#   Increase physical memory or swap space
#   Check if swap backing store is full
#   Decrease Java heap size (-Xmx/-Xms)
#   Decrease number of Java threads
#   Decrease Java thread stack sizes (-Xss)
#   Set larger code cache with -XX:ReservedCodeCacheSize=
#   JVM is running with Unscaled Compressed Oops mode in which the Java heap is
#     placed in the first 4GB address space. The Java Heap base address is the
#     maximum limit for the native heap growth. Please use -XX:HeapBaseMinAddress
#     to set the Java Heap base and to place the Java Heap above 4GB virtual address.
# This output file may be truncated or incomplete.
#
#  Out of Memory Error (./src/hotspot/os/windows/os_windows.cpp:3301), pid=8812, tid=9164
#
# JRE version: OpenJDK Runtime Environment (11.0.10) (build 11.0.10+0-b96-7249189)
# Java VM: OpenJDK 64-Bit Server VM (11.0.10+0-b96-7249189, mixed mode, tiered, compressed oops, g1 gc, windows-amd64)
# No core dump will be written. Minidumps are not enabled by default on client versions of Windows
#

---------------  S U M M A R Y ------------

Command Line: --add-opens=java.base/java.util=ALL-UNNAMED --add-opens=java.base/java.lang=ALL-UNNAMED --add-opens=java.base/java.lang.invoke=ALL-UNNAMED --add-opens=java.base/java.util=ALL-UNNAMED --add-opens=java.prefs/java.util.prefs=ALL-UNNAMED --add-opens=java.prefs/java.util.prefs=ALL-UNNAMED --add-opens=java.base/java.nio.charset=ALL-UNNAMED --add-opens=java.base/java.net=ALL-UNNAMED --add-opens=java.base/java.util.concurrent.atomic=ALL-UNNAMED -Xmx2048m -Dfile.encoding=UTF-8 -Duser.country=US -Duser.language=en -Duser.variant org.gradle.launcher.daemon.bootstrap.GradleDaemon 7.0.2

Host: Intel(R) Core(TM) i5-4210U CPU @ 1.70GHz, 4 cores, 3G,  Windows 10 , 64 bit Build 19041 (10.0.19041.1202)
Time: Wed Nov 10 11:42:42 2021 SE Asia Standard Time elapsed time: 20.387507 seconds (0d 0h 0m 20s)

---------------  T H R E A D  ---------------

Current thread (0x00000145503e1000):  VMThread "VM Thread" [stack: 0x00000028af500000,0x00000028af600000] [id=9164]

Stack: [0x00000028af500000,0x00000028af600000]
[error occurred during error reporting (printing stack bounds), id 0xc0000005, EXCEPTION_ACCESS_VIOLATION (0xc0000005) at pc=0x000001453a340f2d]

Native frames: (J=compiled Java code, j=interpreted, Vv=VM code, C=native code)
V  [jvm.dll+0x5ecfaa]
V  [jvm.dll+0x722bd5]
V  [jvm.dll+0x72412d]
V  [jvm.dll+0x724745]
V  [jvm.dll+0x7246fb]
V  [jvm.dll+0x5ec348]
V  [jvm.dll+0x5ecad8]
C  [ntdll.dll+0xa20cf]
C  [ntdll.dll+0x51454]
C  [ntdll.dll+0xa0bfe]
C  0x000001453a340f2d

VM_Operation (0x00000028b07f4950): G1CollectForAllocation, mode: safepoint, requested by thread 0x000001455217b000


---------------  P R O C E S S  ---------------

Threads class SMR info:
_java_thread_list=0x0000014556fafbb0, length=42, elements={
0x000001453684b800, 0x00000145503ea800, 0x00000145503f4800, 0x0000014550441800,
0x0000014550445000, 0x0000014550448800, 0x0000014550453800, 0x0000014550457800,
0x000001455045b000, 0x0000014550eb8000, 0x0000014551d76000, 0x0000014551fe8000,
0x00000145528d3800, 0x0000014552539000, 0x0000014551fd2000, 0x0000014552152000,
0x000001455217b000, 0x0000014551f68800, 0x0000014552882000, 0x0000014552544800,
0x0000014552544000, 0x0000014552548000, 0x0000014552546800, 0x0000014552547000,
0x0000014552549000, 0x0000014552545800, 0x0000014552549800, 0x000001455254a800,
0x0000014552416000, 0x0000014552417000, 0x0000014552411000, 0x0000014552415800,
0x0000014552413800, 0x0000014552418000, 0x0000014552414800, 0x000001455241a000,
0x000001455241e800, 0x0000014552418800, 0x000001455241f000, 0x0000014552419800,
0x0000014552420000, 0x000001455241b000
}

Java Threads: ( => current thread )
  0x000001453684b800 JavaThread "main" [_thread_blocked, id=5580, stack(0x00000028aef00000,0x00000028af000000)]
  0x00000145503ea800 JavaThread "Reference Handler" daemon [_thread_blocked, id=6816, stack(0x00000028af600000,0x00000028af700000)]
  0x00000145503f4800 JavaThread "Finalizer" daemon [_thread_blocked, id=5396, stack(0x00000028af700000,0x00000028af800000)]
  0x0000014550441800 JavaThread "Signal Dispatcher" daemon [_thread_blocked, id=5472, stack(0x00000028af800000,0x00000028af900000)]
  0x0000014550445000 JavaThread "Attach Listener" daemon [_thread_blocked, id=8348, stack(0x00000028af900000,0x00000028afa00000)]
  0x0000014550448800 JavaThread "Service Thread" daemon [_thread_blocked, id=5552, stack(0x00000028afa00000,0x00000028afb00000)]
  0x0000014550453800 JavaThread "C2 CompilerThread0" daemon [_thread_blocked, id=3308, stack(0x00000028afb00000,0x00000028afc00000)]
  0x0000014550457800 JavaThread "C1 CompilerThread0" daemon [_thread_blocked, id=9088, stack(0x00000028afc00000,0x00000028afd00000)]
  0x000001455045b000 JavaThread "Sweeper thread" daemon [_thread_blocked, id=2636, stack(0x00000028afd00000,0x00000028afe00000)]
  0x0000014550eb8000 JavaThread "Common-Cleaner" daemon [_thread_blocked, id=7880, stack(0x00000028afe00000,0x00000028aff00000)]
  0x0000014551d76000 JavaThread "Daemon health stats" [_thread_blocked, id=2176, stack(0x00000028b0100000,0x00000028b0200000)]
  0x0000014551fe8000 JavaThread "Incoming local TCP Connector on port 50720" [_thread_in_native, id=7780, stack(0x00000028b0200000,0x00000028b0300000)]
  0x00000145528d3800 JavaThread "Daemon periodic checks" [_thread_blocked, id=2552, stack(0x00000028b0300000,0x00000028b0400000)]
  0x0000014552539000 JavaThread "Daemon" [_thread_blocked, id=7824, stack(0x00000028b0400000,0x00000028b0500000)]
  0x0000014551fd2000 JavaThread "Handler for socket connection from /127.0.0.1:50720 to /127.0.0.1:50722" [_thread_in_native, id=416, stack(0x00000028b0500000,0x00000028b0600000)]
  0x0000014552152000 JavaThread "Cancel handler" [_thread_blocked, id=8236, stack(0x00000028b0600000,0x00000028b0700000)]
  0x000001455217b000 JavaThread "Daemon worker" [_thread_blocked, id=9016, stack(0x00000028b0700000,0x00000028b0800000)]
  0x0000014551f68800 JavaThread "Asynchronous log dispatcher for DefaultDaemonConnection: socket connection from /127.0.0.1:50720 to /127.0.0.1:50722" [_thread_blocked, id=10160, stack(0x00000028b0a00000,0x00000028b0b00000)]
  0x0000014552882000 JavaThread "Stdin handler" [_thread_blocked, id=8784, stack(0x00000028b0b00000,0x00000028b0c00000)]
  0x0000014552544800 JavaThread "Daemon client event forwarder" [_thread_blocked, id=6456, stack(0x00000028b0c00000,0x00000028b0d00000)]
  0x0000014552544000 JavaThread "Cache worker for file hash cache (C:\Program Files\Java\jdk-17.0.1\caches\7.0.2\fileHashes)" [_thread_blocked, id=9232, stack(0x00000028b0d00000,0x00000028b0e00000)]
  0x0000014552548000 JavaThread "File lock request listener" [_thread_in_native, id=8244, stack(0x00000028b0e00000,0x00000028b0f00000)]
  0x0000014552546800 JavaThread "Cache worker for journal cache (C:\Program Files\Java\jdk-17.0.1\caches\journal-1)" [_thread_blocked, id=9332, stack(0x00000028b0f00000,0x00000028b1000000)]
  0x0000014552547000 JavaThread "Cache worker for file hash cache (C:\Users\MinhNgan\AndroidStudioProjects\Android_hepat\.gradle\7.0.2\fileHashes)" [_thread_blocked, id=8248, stack(0x00000028b1000000,0x00000028b1100000)]
  0x0000014552549000 JavaThread "File watcher server" daemon [_thread_in_native, id=8260, stack(0x00000028b1100000,0x00000028b1200000)]
  0x0000014552545800 JavaThread "File watcher consumer" daemon [_thread_blocked, id=1480, stack(0x00000028b1200000,0x00000028b1300000)]
  0x0000014552549800 JavaThread "jar transforms" [_thread_blocked, id=6272, stack(0x00000028b1300000,0x00000028b1400000)]
  0x000001455254a800 JavaThread "jar transforms Thread 2" [_thread_blocked, id=9720, stack(0x00000028b1400000,0x00000028b1500000)]
  0x0000014552416000 JavaThread "jar transforms Thread 3" [_thread_blocked, id=4048, stack(0x00000028b1500000,0x00000028b1600000)]
  0x0000014552417000 JavaThread "jar transforms Thread 4" [_thread_blocked, id=6000, stack(0x00000028b1600000,0x00000028b1700000)]
  0x0000014552411000 JavaThread "Cache worker for checksums cache (C:\Users\MinhNgan\AndroidStudioProjects\Android_hepat\.gradle\checksums)" [_thread_blocked, id=3164, stack(0x00000028b1700000,0x00000028b1800000)]
  0x0000014552415800 JavaThread "Cache worker for cache directory md-supplier (C:\Program Files\Java\jdk-17.0.1\caches\7.0.2\md-supplier)" [_thread_blocked, id=7048, stack(0x00000028b1800000,0x00000028b1900000)]
  0x0000014552413800 JavaThread "Cache worker for cache directory md-rule (C:\Program Files\Java\jdk-17.0.1\caches\7.0.2\md-rule)" [_thread_blocked, id=9252, stack(0x00000028b1900000,0x00000028b1a00000)]
  0x0000014552418000 JavaThread "Cache worker for execution history cache (C:\Program Files\Java\jdk-17.0.1\caches\7.0.2\executionHistory)" [_thread_blocked, id=3360, stack(0x00000028b1a00000,0x00000028b1b00000)]
  0x0000014552414800 JavaThread "Cache worker for file content cache (C:\Program Files\Java\jdk-17.0.1\caches\7.0.2\fileContent)" [_thread_blocked, id=7548, stack(0x00000028b1b00000,0x00000028b1c00000)]
  0x000001455241a000 JavaThread "Cache worker for dependencies-accessors (C:\Users\MinhNgan\AndroidStudioProjects\Android_hepat\.gradle\7.0.2\dependencies-accessors)" [_thread_blocked, id=7968, stack(0x00000028b1c00000,0x00000028b1d00000)]
  0x000001455241e800 JavaThread "Cache worker for Build Output Cleanup Cache (C:\Users\MinhNgan\AndroidStudioProjects\Android_hepat\.gradle\buildOutputCleanup)" [_thread_blocked, id=7872, stack(0x00000028b1d00000,0x00000028b1e00000)]
  0x0000014552418800 JavaThread "Build operations" [_thread_blocked, id=7584, stack(0x00000028b1e00000,0x00000028b1f00000)]
  0x000001455241f000 JavaThread "Build operations Thread 2" [_thread_blocked, id=1648, stack(0x00000028b1f00000,0x00000028b2000000)]
  0x0000014552419800 JavaThread "Build operations Thread 3" [_thread_blocked, id=7460, stack(0x00000028b2000000,0x00000028b2100000)]
  0x0000014552420000 JavaThread "Build operations Thread 4" [_thread_blocked, id=2824, stack(0x00000028b2100000,0x00000028b2200000)]
  0x000001455241b000 JavaThread "Memory manager" [_thread_blocked, id=3872, stack(0x00000028b2200000,0x00000028b2300000)]

Other Threads:
=>0x00000145503e1000 VMThread "VM Thread" [stack: 0x00000028af500000,0x00000028af600000] [id=9164]
  0x0000014550ed2000 WatcherThread [stack: 0x00000028aff00000,0x00000028b0000000] [id=5224]
  0x0000014536864000 GCTaskThread "GC Thread#0" [stack: 0x00000028af000000,0x00000028af100000] [id=5244]
  0x0000014551256800 GCTaskThread "GC Thread#1" [stack: 0x00000028b0000000,0x00000028b0100000] [id=7808]
  0x000001455218a800 GCTaskThread "GC Thread#2" [stack: 0x00000028b0800000,0x00000028b0900000] [id=7332]
  0x0000014552037000 GCTaskThread "GC Thread#3" [stack: 0x00000028b0900000,0x00000028b0a00000] [id=7788]
  0x0000014536895000 ConcurrentGCThread "G1 Main Marker" [stack: 0x00000028af100000,0x00000028af200000] [id=3880]
  0x0000014536896000 ConcurrentGCThread "G1 Conc#0" [stack: 0x00000028af200000,0x00000028af300000] [id=7492]
  0x00000145368f0800 ConcurrentGCThread "G1 Refine#0" [stack: 0x00000028af300000,0x00000028af400000] [id=7576]
  0x00000145368f1800 ConcurrentGCThread "G1 Young RemSet Sampling" [stack: 0x00000028af400000,0x00000028af500000] [id=5268]

Threads with active compile tasks:
C2 CompilerThread0  20425 7516       4       java.util.regex.Pattern::compile (498 bytes)

VM state:at safepoint (normal execution)

VM Mutex/Monitor currently owned by a thread:  ([mutex/lock_event])
[0x0000014536847150] Threads_lock - owner thread: 0x00000145503e1000
[0x0000014536848fb0] Heap_lock - owner thread: 0x000001455217b000

Heap address: 0x0000000080000000, size: 2048 MB, Compressed Oops mode: 32-bit
Narrow klass base: 0x0000000000000000, Narrow klass shift: 3
Compressed class space size: 1073741824 Address: 0x0000000100000000

Heap:
 garbage-first heap   total 199680K, used 87076K [0x0000000080000000, 0x0000000100000000)
  region size 1024K, 6 young (6144K), 6 survivors (6144K)
 Metaspace       used 76481K, capacity 78636K, committed 78848K, reserved 1118208K
  class space    used 9936K, capacity 10662K, committed 10752K, reserved 1048576K
Heap Regions: E=young(eden), S=young(survivor), O=old, HS=humongous(starts), HC=humongous(continues), CS=collection set, F=free, A=archive, TAMS=top-at-mark-start (previous, next)
|   0|0x0000000080000000, 0x0000000080100000, 0x0000000080100000|100%|HS|  |TAMS 0x0000000080100000, 0x0000000080100000| Complete 
|   1|0x0000000080100000, 0x0000000080200000, 0x0000000080200000|100%|HC|  |TAMS 0x0000000080200000, 0x0000000080200000| Complete 
|   2|0x0000000080200000, 0x0000000080300000, 0x0000000080300000|100%|HC|  |TAMS 0x0000000080300000, 0x0000000080300000| Complete 
|   3|0x0000000080300000, 0x0000000080400000, 0x0000000080400000|100%| O|  |TAMS 0x0000000080400000, 0x0000000080400000| Untracked 
|   4|0x0000000080400000, 0x0000000080500000, 0x0000000080500000|100%| O|  |TAMS 0x0000000080500000, 0x0000000080500000| Untracked 
|   5|0x0000000080500000, 0x0000000080600000, 0x0000000080600000|100%| O|  |TAMS 0x0000000080600000, 0x0000000080600000| Untracked 
|   6|0x0000000080600000, 0x0000000080700000, 0x0000000080700000|100%| O|  |TAMS 0x0000000080700000, 0x0000000080700000| Untracked 
|   7|0x0000000080700000, 0x0000000080800000, 0x0000000080800000|100%| O|  |TAMS 0x0000000080800000, 0x0000000080800000| Untracked 
|   8|0x0000000080800000, 0x0000000080900000, 0x0000000080900000|100%| O|  |TAMS 0x0000000080900000, 0x0000000080900000| Untracked 
|   9|0x0000000080900000, 0x0000000080a00000, 0x0000000080a00000|100%| O|  |TAMS 0x0000000080a00000, 0x0000000080a00000| Untracked 
|  10|0x0000000080a00000, 0x0000000080b00000, 0x0000000080b00000|100%| O|  |TAMS 0x0000000080b00000, 0x0000000080b00000| Untracked 
|  11|0x0000000080b00000, 0x0000000080c00000, 0x0000000080c00000|100%| O|  |TAMS 0x0000000080c00000, 0x0000000080c00000| Untracked 
|  12|0x0000000080c00000, 0x0000000080d00000, 0x0000000080d00000|100%| O|  |TAMS 0x0000000080d00000, 0x0000000080d00000| Untracked 
|  13|0x0000000080d00000, 0x0000000080e00000, 0x0000000080e00000|100%| O|  |TAMS 0x0000000080e00000, 0x0000000080e00000| Untracked 
|  14|0x0000000080e00000, 0x0000000080f00000, 0x0000000080f00000|100%| O|  |TAMS 0x0000000080f00000, 0x0000000080f00000| Untracked 
|  15|0x0000000080f00000, 0x0000000081000000, 0x0000000081000000|100%| O|  |TAMS 0x0000000081000000, 0x0000000081000000| Untracked 
|  16|0x0000000081000000, 0x0000000081100000, 0x0000000081100000|100%|HS|  |TAMS 0x0000000081100000, 0x0000000081100000| Complete 
|  17|0x0000000081100000, 0x0000000081200000, 0x0000000081200000|100%|HC|  |TAMS 0x0000000081200000, 0x0000000081200000| Complete 
|  18|0x0000000081200000, 0x0000000081300000, 0x0000000081300000|100%|HS|  |TAMS 0x0000000081300000, 0x0000000081300000| Complete 
|  19|0x0000000081300000, 0x0000000081400000, 0x0000000081400000|100%|HC|  |TAMS 0x0000000081400000, 0x0000000081400000| Complete 
|  20|0x0000000081400000, 0x0000000081500000, 0x0000000081500000|100%|HC|  |TAMS 0x0000000081500000, 0x0000000081500000| Complete 
|  21|0x0000000081500000, 0x0000000081600000, 0x0000000081600000|100%|HS|  |TAMS 0x0000000081600000, 0x0000000081600000| Complete 
|  22|0x0000000081600000, 0x0000000081700000, 0x0000000081700000|100%|HC|  |TAMS 0x0000000081700000, 0x0000000081700000| Complete 
|  23|0x0000000081700000, 0x0000000081800000, 0x0000000081800000|100%|HC|  |TAMS 0x0000000081800000, 0x0000000081800000| Complete 
|  24|0x0000000081800000, 0x0000000081900000, 0x0000000081900000|100%|HC|  |TAMS 0x0000000081900000, 0x0000000081900000| Complete 
|  25|0x0000000081900000, 0x0000000081a00000, 0x0000000081a00000|100%|HC|  |TAMS 0x0000000081a00000, 0x0000000081a00000| Complete 
|  26|0x0000000081a00000, 0x0000000081b00000, 0x0000000081b00000|100%| O|  |TAMS 0x0000000081b00000, 0x0000000081b00000| Untracked 
|  27|0x0000000081b00000, 0x0000000081c00000, 0x0000000081c00000|100%| O|  |TAMS 0x0000000081c00000, 0x0000000081c00000| Untracked 
|  28|0x0000000081c00000, 0x0000000081d00000, 0x0000000081d00000|100%| O|  |TAMS 0x0000000081d00000, 0x0000000081d00000| Untracked 
|  29|0x0000000081d00000, 0x0000000081e00000, 0x0000000081e00000|100%| O|  |TAMS 0x0000000081e00000, 0x0000000081e00000| Untracked 
|  30|0x0000000081e00000, 0x0000000081f00000, 0x0000000081f00000|100%| O|  |TAMS 0x0000000081f00000, 0x0000000081f00000| Untracked 
|  31|0x0000000081f00000, 0x0000000082000000, 0x0000000082000000|100%| O|  |TAMS 0x0000000082000000, 0x0000000082000000| Untracked 
|  32|0x0000000082000000, 0x0000000082100000, 0x0000000082100000|100%| O|  |TAMS 0x0000000082100000, 0x0000000082100000| Untracked 
|  33|0x0000000082100000, 0x0000000082200000, 0x0000000082200000|100%| O|  |TAMS 0x0000000082200000, 0x0000000082200000| Untracked 
|  34|0x0000000082200000, 0x0000000082300000, 0x0000000082300000|100%| O|  |TAMS 0x0000000082300000, 0x0000000082300000| Untracked 
|  35|0x0000000082300000, 0x0000000082400000, 0x0000000082400000|100%| O|  |TAMS 0x0000000082400000, 0x0000000082400000| Untracked 
|  36|0x0000000082400000, 0x0000000082500000, 0x0000000082500000|100%| O|  |TAMS 0x0000000082500000, 0x0000000082500000| Untracked 
|  37|0x0000000082500000, 0x0000000082600000, 0x0000000082600000|100%| O|  |TAMS 0x0000000082600000, 0x0000000082600000| Untracked 
|  38|0x0000000082600000, 0x0000000082700000, 0x0000000082700000|100%|HS|  |TAMS 0x0000000082700000, 0x0000000082700000| Complete 
|  39|0x0000000082700000, 0x0000000082800000, 0x0000000082800000|100%|HC|  |TAMS 0x0000000082800000, 0x0000000082800000| Complete 
|  40|0x0000000082800000, 0x0000000082900000, 0x0000000082900000|100%|HC|  |TAMS 0x0000000082900000, 0x0000000082900000| Complete 
|  41|0x0000000082900000, 0x0000000082a00000, 0x0000000082a00000|100%|HC|  |TAMS 0x0000000082a00000, 0x0000000082a00000| Complete 
|  42|0x0000000082a00000, 0x0000000082b00000, 0x0000000082b00000|100%|HC|  |TAMS 0x0000000082b00000, 0x0000000082b00000| Complete 
|  43|0x0000000082b00000, 0x0000000082c00000, 0x0000000082c00000|100%|HS|  |TAMS 0x0000000082c00000, 0x0000000082c00000| Complete 
|  44|0x0000000082c00000, 0x0000000082d00000, 0x0000000082d00000|100%|HC|  |TAMS 0x0000000082d00000, 0x0000000082d00000| Complete 
|  45|0x0000000082d00000, 0x0000000082e00000, 0x0000000082e00000|100%|HC|  |TAMS 0x0000000082e00000, 0x0000000082e00000| Complete 
|  46|0x0000000082e00000, 0x0000000082f00000, 0x0000000082f00000|100%| O|  |TAMS 0x0000000082f00000, 0x0000000082f00000| Untracked 
|  47|0x0000000082f00000, 0x0000000083000000, 0x0000000083000000|100%| O|  |TAMS 0x0000000083000000, 0x0000000083000000| Untracked 
|  48|0x0000000083000000, 0x0000000083100000, 0x0000000083100000|100%| O|  |TAMS 0x0000000083100000, 0x0000000083100000| Untracked 
|  49|0x0000000083100000, 0x0000000083200000, 0x0000000083200000|100%| O|  |TAMS 0x0000000083200000, 0x0000000083200000| Untracked 
|  50|0x0000000083200000, 0x0000000083300000, 0x0000000083300000|100%| O|  |TAMS 0x0000000083300000, 0x0000000083300000| Untracked 
|  51|0x0000000083300000, 0x0000000083400000, 0x0000000083400000|100%| O|  |TAMS 0x0000000083400000, 0x0000000083400000| Untracked 
|  52|0x0000000083400000, 0x0000000083500000, 0x0000000083500000|100%| O|  |TAMS 0x0000000083500000, 0x0000000083500000| Untracked 
|  53|0x0000000083500000, 0x0000000083600000, 0x0000000083600000|100%| O|  |TAMS 0x0000000083600000, 0x0000000083600000| Untracked 
|  54|0x0000000083600000, 0x0000000083700000, 0x0000000083700000|100%|HS|  |TAMS 0x0000000083700000, 0x0000000083700000| Complete 
|  55|0x0000000083700000, 0x0000000083800000, 0x0000000083800000|100%|HS|  |TAMS 0x0000000083800000, 0x0000000083800000| Complete 
|  56|0x0000000083800000, 0x0000000083900000, 0x0000000083900000|100%| O|  |TAMS 0x0000000083900000, 0x0000000083900000| Untracked 
|  57|0x0000000083900000, 0x0000000083a00000, 0x0000000083a00000|100%| O|  |TAMS 0x0000000083a00000, 0x0000000083a00000| Untracked 
|  58|0x0000000083a00000, 0x0000000083b00000, 0x0000000083b00000|100%| O|  |TAMS 0x0000000083b00000, 0x0000000083b00000| Untracked 
|  59|0x0000000083b00000, 0x0000000083c00000, 0x0000000083c00000|100%|HS|  |TAMS 0x0000000083c00000, 0x0000000083c00000| Complete 
|  60|0x0000000083c00000, 0x0000000083d00000, 0x0000000083d00000|100%|HC|  |TAMS 0x0000000083d00000, 0x0000000083d00000| Complete 
|  61|0x0000000083d00000, 0x0000000083e00000, 0x0000000083e00000|100%| O|  |TAMS 0x0000000083e00000, 0x0000000083e00000| Untracked 
|  62|0x0000000083e00000, 0x0000000083f00000, 0x0000000083f00000|100%| O|  |TAMS 0x0000000083f00000, 0x0000000083f00000| Untracked 
|  63|0x0000000083f00000, 0x0000000084000000, 0x0000000084000000|100%| O|  |TAMS 0x0000000084000000, 0x0000000084000000| Untracked 
|  64|0x0000000084000000, 0x0000000084100000, 0x0000000084100000|100%| O|  |TAMS 0x0000000084100000, 0x0000000084100000| Untracked 
|  65|0x0000000084100000, 0x0000000084200000, 0x0000000084200000|100%| O|  |TAMS 0x0000000084200000, 0x0000000084200000| Untracked 
|  66|0x0000000084200000, 0x0000000084300000, 0x0000000084300000|100%| O|  |TAMS 0x0000000084300000, 0x0000000084300000| Untracked 
|  67|0x0000000084300000, 0x0000000084400000, 0x0000000084400000|100%| O|  |TAMS 0x0000000084400000, 0x0000000084400000| Untracked 
|  68|0x0000000084400000, 0x0000000084500000, 0x0000000084500000|100%| O|  |TAMS 0x0000000084500000, 0x0000000084500000| Untracked 
|  69|0x0000000084500000, 0x0000000084600000, 0x0000000084600000|100%| O|  |TAMS 0x0000000084600000, 0x0000000084600000| Untracked 
|  70|0x0000000084600000, 0x0000000084700000, 0x0000000084700000|100%| O|  |TAMS 0x0000000084700000, 0x0000000084700000| Untracked 
|  71|0x0000000084700000, 0x0000000084800000, 0x0000000084800000|100%| O|  |TAMS 0x0000000084800000, 0x0000000084800000| Untracked 
|  72|0x0000000084800000, 0x0000000084900000, 0x0000000084900000|100%| O|  |TAMS 0x0000000084900000, 0x0000000084900000| Untracked 
|  73|0x0000000084900000, 0x0000000084a00000, 0x0000000084a00000|100%| O|  |TAMS 0x0000000084a00000, 0x0000000084a00000| Untracked 
|  74|0x0000000084a00000, 0x0000000084b00000, 0x0000000084b00000|100%| O|  |TAMS 0x0000000084b00000, 0x0000000084b00000| Untracked 
|  75|0x0000000084b00000, 0x0000000084c00000, 0x0000000084c00000|100%| O|  |TAMS 0x0000000084bd4a00, 0x0000000084c00000| Untracked 
|  76|0x0000000084c00000, 0x0000000084d00000, 0x0000000084d00000|100%| O|  |TAMS 0x0000000084c00000, 0x0000000084d00000| Untracked 
|  77|0x0000000084d00000, 0x0000000084e00000, 0x0000000084e00000|100%| O|  |TAMS 0x0000000084d00000, 0x0000000084e00000| Untracked 
|  78|0x0000000084e00000, 0x0000000084f00000, 0x0000000084f00000|100%| O|  |TAMS 0x0000000084e00000, 0x0000000084f00000| Untracked 
|  79|0x0000000084f00000, 0x0000000084f0ae00, 0x0000000085000000|  4%| O|  |TAMS 0x0000000084f00000, 0x0000000084f0ae00| Untracked 
|  80|0x0000000085000000, 0x0000000085000000, 0x0000000085100000|  0%| F|  |TAMS 0x0000000085000000, 0x0000000085000000| Untracked 
|  81|0x0000000085100000, 0x0000000085100000, 0x0000000085200000|  0%| F|  |TAMS 0x0000000085100000, 0x0000000085100000| Untracked 
|  82|0x0000000085200000, 0x0000000085200000, 0x0000000085300000|  0%| F|  |TAMS 0x0000000085200000, 0x0000000085200000| Untracked 
|  83|0x0000000085300000, 0x0000000085300000, 0x0000000085400000|  0%| F|  |TAMS 0x0000000085300000, 0x0000000085300000| Untracked 
|  84|0x0000000085400000, 0x0000000085400000, 0x0000000085500000|  0%| F|  |TAMS 0x0000000085400000, 0x0000000085400000| Untracked 
|  85|0x0000000085500000, 0x0000000085500000, 0x0000000085600000|  0%| F|  |TAMS 0x0000000085500000, 0x0000000085500000| Untracked 
|  86|0x0000000085600000, 0x0000000085600000, 0x0000000085700000|  0%| F|  |TAMS 0x0000000085600000, 0x0000000085600000| Untracked 
|  87|0x0000000085700000, 0x0000000085700000, 0x0000000085800000|  0%| F|  |TAMS 0x0000000085700000, 0x0000000085700000| Untracked 
|  88|0x0000000085800000, 0x0000000085800000, 0x0000000085900000|  0%| F|  |TAMS 0x0000000085800000, 0x0000000085800000| Untracked 
|  89|0x0000000085900000, 0x0000000085900000, 0x0000000085a00000|  0%| F|  |TAMS 0x0000000085900000, 0x0000000085900000| Untracked 
|  90|0x0000000085a00000, 0x0000000085a00000, 0x0000000085b00000|  0%| F|  |TAMS 0x0000000085a00000, 0x0000000085a00000| Untracked 
|  91|0x0000000085b00000, 0x0000000085b00000, 0x0000000085c00000|  0%| F|  |TAMS 0x0000000085b00000, 0x0000000085b00000| Untracked 
|  92|0x0000000085c00000, 0x0000000085c00000, 0x0000000085d00000|  0%| F|  |TAMS 0x0000000085c00000, 0x0000000085c00000| Untracked 
|  93|0x0000000085d00000, 0x0000000085d00000, 0x0000000085e00000|  0%| F|  |TAMS 0x0000000085d00000, 0x0000000085d00000| Untracked 
|  94|0x0000000085e00000, 0x0000000085e00000, 0x0000000085f00000|  0%| F|  |TAMS 0x0000000085e00000, 0x0000000085e00000| Untracked 
|  95|0x0000000085f00000, 0x0000000085f00000, 0x0000000086000000|  0%| F|  |TAMS 0x0000000085f00000, 0x0000000085f00000| Untracked 
|  96|0x0000000086000000, 0x0000000086000000, 0x0000000086100000|  0%| F|  |TAMS 0x0000000086000000, 0x0000000086000000| Untracked 
|  97|0x0000000086100000, 0x0000000086100000, 0x0000000086200000|  0%| F|  |TAMS 0x0000000086100000, 0x0000000086100000| Untracked 
|  98|0x0000000086200000, 0x0000000086200000, 0x0000000086300000|  0%| F|  |TAMS 0x0000000086200000, 0x0000000086200000| Untracked 
|  99|0x0000000086300000, 0x0000000086300000, 0x0000000086400000|  0%| F|  |TAMS 0x0000000086300000, 0x0000000086300000| Untracked 
| 100|0x0000000086400000, 0x0000000086400000, 0x0000000086500000|  0%| F|  |TAMS 0x0000000086400000, 0x0000000086400000| Untracked 
| 101|0x0000000086500000, 0x0000000086500000, 0x0000000086600000|  0%| F|  |TAMS 0x0000000086500000, 0x0000000086500000| Untracked 
| 102|0x0000000086600000, 0x0000000086600000, 0x0000000086700000|  0%| F|  |TAMS 0x0000000086600000, 0x0000000086600000| Untracked 
| 103|0x0000000086700000, 0x0000000086700000, 0x0000000086800000|  0%| F|  |TAMS 0x0000000086700000, 0x0000000086700000| Untracked 
| 104|0x0000000086800000, 0x0000000086800000, 0x0000000086900000|  0%| F|  |TAMS 0x0000000086800000, 0x0000000086800000| Untracked 
| 105|0x0000000086900000, 0x0000000086900000, 0x0000000086a00000|  0%| F|  |TAMS 0x0000000086900000, 0x0000000086900000| Untracked 
| 106|0x0000000086a00000, 0x0000000086a00000, 0x0000000086b00000|  0%| F|  |TAMS 0x0000000086a00000, 0x0000000086a00000| Untracked 
| 107|0x0000000086b00000, 0x0000000086b00000, 0x0000000086c00000|  0%| F|  |TAMS 0x0000000086b00000, 0x0000000086b00000| Untracked 
| 108|0x0000000086c00000, 0x0000000086c00000, 0x0000000086d00000|  0%| F|  |TAMS 0x0000000086c00000, 0x0000000086c00000| Untracked 
| 109|0x0000000086d00000, 0x0000000086d00000, 0x0000000086e00000|  0%| F|  |TAMS 0x0000000086d00000, 0x0000000086d00000| Untracked 
| 110|0x0000000086e00000, 0x0000000086e00000, 0x0000000086f00000|  0%| F|  |TAMS 0x0000000086e00000, 0x0000000086e00000| Untracked 
| 111|0x0000000086f00000, 0x0000000086f00000, 0x0000000087000000|  0%| F|  |TAMS 0x0000000086f00000, 0x0000000086f00000| Untracked 
| 112|0x0000000087000000, 0x00000000870fe260, 0x0000000087100000| 99%| S|CS|TAMS 0x0000000087000000, 0x0000000087000000| Complete 
| 113|0x0000000087100000, 0x0000000087200000, 0x0000000087200000|100%| S|CS|TAMS 0x0000000087100000, 0x0000000087100000| Complete 
| 114|0x0000000087200000, 0x0000000087300000, 0x0000000087300000|100%| S|CS|TAMS 0x0000000087200000, 0x0000000087200000| Complete 
| 115|0x0000000087300000, 0x0000000087400000, 0x0000000087400000|100%| S|CS|TAMS 0x0000000087300000, 0x0000000087300000| Complete 
| 116|0x0000000087400000, 0x0000000087500000, 0x0000000087500000|100%| S|CS|TAMS 0x0000000087400000, 0x0000000087400000| Complete 
| 117|0x0000000087500000, 0x0000000087600000, 0x0000000087600000|100%| S|CS|TAMS 0x0000000087500000, 0x0000000087500000| Complete 
| 118|0x0000000087600000, 0x0000000087600000, 0x0000000087700000|  0%| F|  |TAMS 0x0000000087600000, 0x0000000087600000| Untracked 
| 119|0x0000000087700000, 0x0000000087700000, 0x0000000087800000|  0%| F|  |TAMS 0x0000000087700000, 0x0000000087700000| Untracked 
| 120|0x0000000087800000, 0x0000000087800000, 0x0000000087900000|  0%| F|  |TAMS 0x0000000087800000, 0x0000000087800000| Untracked 
| 121|0x0000000087900000, 0x0000000087900000, 0x0000000087a00000|  0%| F|  |TAMS 0x0000000087900000, 0x0000000087900000| Untracked 
| 122|0x0000000087a00000, 0x0000000087a00000, 0x0000000087b00000|  0%| F|  |TAMS 0x0000000087a00000, 0x0000000087a00000| Untracked 
| 123|0x0000000087b00000, 0x0000000087b00000, 0x0000000087c00000|  0%| F|  |TAMS 0x0000000087b00000, 0x0000000087b00000| Untracked 
| 124|0x0000000087c00000, 0x0000000087c00000, 0x0000000087d00000|  0%| F|  |TAMS 0x0000000087c00000, 0x0000000087c00000| Untracked 
| 125|0x0000000087d00000, 0x0000000087d00000, 0x0000000087e00000|  0%| F|  |TAMS 0x0000000087d00000, 0x0000000087d00000| Untracked 
| 126|0x0000000087e00000, 0x0000000087e00000, 0x0000000087f00000|  0%| F|  |TAMS 0x0000000087e00000, 0x0000000087e00000| Untracked 
| 127|0x0000000087f00000, 0x0000000087f00000, 0x0000000088000000|  0%| F|  |TAMS 0x0000000087f00000, 0x0000000087f00000| Untracked 
| 128|0x0000000088000000, 0x0000000088000000, 0x0000000088100000|  0%| F|  |TAMS 0x0000000088000000, 0x0000000088000000| Untracked 
| 129|0x0000000088100000, 0x0000000088100000, 0x0000000088200000|  0%| F|  |TAMS 0x0000000088100000, 0x0000000088100000| Untracked 
| 130|0x0000000088200000, 0x0000000088200000, 0x0000000088300000|  0%| F|  |TAMS 0x0000000088200000, 0x0000000088200000| Untracked 
| 131|0x0000000088300000, 0x0000000088300000, 0x0000000088400000|  0%| F|  |TAMS 0x0000000088300000, 0x0000000088300000| Untracked 
| 132|0x0000000088400000, 0x0000000088400000, 0x0000000088500000|  0%| F|  |TAMS 0x0000000088400000, 0x0000000088400000| Untracked 
| 133|0x0000000088500000, 0x0000000088500000, 0x0000000088600000|  0%| F|  |TAMS 0x0000000088500000, 0x0000000088500000| Untracked 
| 134|0x0000000088600000, 0x0000000088600000, 0x0000000088700000|  0%| F|  |TAMS 0x0000000088600000, 0x0000000088600000| Untracked 
| 135|0x0000000088700000, 0x0000000088700000, 0x0000000088800000|  0%| F|  |TAMS 0x0000000088700000, 0x0000000088700000| Untracked 
| 136|0x0000000088800000, 0x0000000088800000, 0x0000000088900000|  0%| F|  |TAMS 0x0000000088800000, 0x0000000088800000| Untracked 
| 137|0x0000000088900000, 0x0000000088900000, 0x0000000088a00000|  0%| F|  |TAMS 0x0000000088900000, 0x0000000088900000| Untracked 
| 138|0x0000000088a00000, 0x0000000088a00000, 0x0000000088b00000|  0%| F|  |TAMS 0x0000000088a00000, 0x0000000088a00000| Untracked 
| 139|0x0000000088b00000, 0x0000000088b00000, 0x0000000088c00000|  0%| F|  |TAMS 0x0000000088b00000, 0x0000000088b00000| Untracked 
| 140|0x0000000088c00000, 0x0000000088c00000, 0x0000000088d00000|  0%| F|  |TAMS 0x0000000088c00000, 0x0000000088c00000| Untracked 
| 141|0x0000000088d00000, 0x0000000088d00000, 0x0000000088e00000|  0%| F|  |TAMS 0x0000000088d00000, 0x0000000088d00000| Untracked 
| 142|0x0000000088e00000, 0x0000000088e00000, 0x0000000088f00000|  0%| F|  |TAMS 0x0000000088e00000, 0x0000000088e00000| Untracked 
| 143|0x0000000088f00000, 0x0000000088f00000, 0x0000000089000000|  0%| F|  |TAMS 0x0000000088f00000, 0x0000000088f00000| Untracked 
| 144|0x0000000089000000, 0x0000000089000000, 0x0000000089100000|  0%| F|  |TAMS 0x0000000089000000, 0x0000000089000000| Untracked 
| 145|0x0000000089100000, 0x0000000089100000, 0x0000000089200000|  0%| F|  |TAMS 0x0000000089100000, 0x0000000089100000| Untracked 
| 146|0x0000000089200000, 0x0000000089200000, 0x0000000089300000|  0%| F|  |TAMS 0x0000000089200000, 0x0000000089200000| Untracked 
| 147|0x0000000089300000, 0x0000000089300000, 0x0000000089400000|  0%| F|  |TAMS 0x0000000089300000, 0x0000000089300000| Untracked 
| 148|0x0000000089400000, 0x0000000089400000, 0x0000000089500000|  0%| F|  |TAMS 0x0000000089400000, 0x0000000089400000| Untracked 
| 149|0x0000000089500000, 0x0000000089500000, 0x0000000089600000|  0%| F|  |TAMS 0x0000000089500000, 0x0000000089500000| Untracked 
| 150|0x0000000089600000, 0x0000000089600000, 0x0000000089700000|  0%| F|  |TAMS 0x0000000089600000, 0x0000000089600000| Untracked 
| 151|0x0000000089700000, 0x0000000089700000, 0x0000000089800000|  0%| F|  |TAMS 0x0000000089700000, 0x0000000089700000| Untracked 
| 152|0x0000000089800000, 0x0000000089800000, 0x0000000089900000|  0%| F|  |TAMS 0x0000000089800000, 0x0000000089800000| Untracked 
| 153|0x0000000089900000, 0x0000000089900000, 0x0000000089a00000|  0%| F|  |TAMS 0x0000000089900000, 0x0000000089900000| Untracked 
| 154|0x0000000089a00000, 0x0000000089a00000, 0x0000000089b00000|  0%| F|  |TAMS 0x0000000089a00000, 0x0000000089a00000| Untracked 
| 155|0x0000000089b00000, 0x0000000089b00000, 0x0000000089c00000|  0%| F|  |TAMS 0x0000000089b00000, 0x0000000089b00000| Untracked 
| 156|0x0000000089c00000, 0x0000000089c00000, 0x0000000089d00000|  0%| F|  |TAMS 0x0000000089c00000, 0x0000000089c00000| Untracked 
| 157|0x0000000089d00000, 0x0000000089d00000, 0x0000000089e00000|  0%| F|  |TAMS 0x0000000089d00000, 0x0000000089d00000| Untracked 
| 158|0x0000000089e00000, 0x0000000089e00000, 0x0000000089f00000|  0%| F|  |TAMS 0x0000000089e00000, 0x0000000089e00000| Untracked 
| 159|0x0000000089f00000, 0x0000000089f00000, 0x000000008a000000|  0%| F|  |TAMS 0x0000000089f00000, 0x0000000089f00000| Untracked 
| 160|0x000000008a000000, 0x000000008a000000, 0x000000008a100000|  0%| F|  |TAMS 0x000000008a000000, 0x000000008a000000| Untracked 
| 161|0x000000008a100000, 0x000000008a100000, 0x000000008a200000|  0%| F|  |TAMS 0x000000008a100000, 0x000000008a100000| Untracked 

Card table byte_map: [0x0000014549740000,0x0000014549b40000] _byte_map_base: 0x0000014549340000

Marking Bits (Prev, Next): (CMBitMap*) 0x000001453688c0e0, (CMBitMap*) 0x000001453688c0a8
 Prev Bits: [0x000001454bf40000, 0x000001454df40000)
 Next Bits: [0x0000014549f40000, 0x000001454bf40000)

Polling page: 0x0000014536030000

Metaspace:

Usage:
  Non-class:     66.38 MB capacity,    64.99 MB ( 98%) used,     1.20 MB (  2%) free+waste,   199.69 KB ( <1%) overhead. 
      Class:     10.41 MB capacity,     9.70 MB ( 93%) used,   631.44 KB (  6%) free+waste,    94.19 KB ( <1%) overhead. 
       Both:     76.79 MB capacity,    74.69 MB ( 97%) used,     1.82 MB (  2%) free+waste,   293.88 KB ( <1%) overhead. 

Virtual space:
  Non-class space:       68.00 MB reserved,      66.50 MB ( 98%) committed 
      Class space:        1.00 GB reserved,      10.50 MB (  1%) committed 
             Both:        1.07 GB reserved,      77.00 MB (  7%) committed 

Chunk freelists:
   Non-Class:  58.00 KB
       Class:  26.00 KB
        Both:  84.00 KB

MaxMetaspaceSize: 17179869184.00 GB
CompressedClassSpaceSize: 1.00 GB

CodeHeap 'non-profiled nmethods': size=120064Kb used=3414Kb max_used=3414Kb free=116649Kb
 bounds [0x0000014541e00000, 0x0000014542160000, 0x0000014549340000]
CodeHeap 'profiled nmethods': size=120000Kb used=15320Kb max_used=15320Kb free=104679Kb
 bounds [0x000001453a8d0000, 0x000001453b7d0000, 0x0000014541e00000]
CodeHeap 'non-nmethods': size=5696Kb used=2272Kb max_used=2321Kb free=3423Kb
 bounds [0x000001453a340000, 0x000001453a5b0000, 0x000001453a8d0000]
 total_blobs=8259 nmethods=7387 adapters=783
 compilation: enabled
              stopped_count=0, restarted_count=0
 full_count=0

Compilation events (20 events):
Event: 19.931 Thread 0x0000014550457800 7521       1       org.gradle.internal.serialize.Serializers$StatefulSerializerAdapter::access$000 (5 bytes)
Event: 19.931 Thread 0x0000014550457800 nmethod 7521 0x0000014542148b90 code [0x0000014542148d40, 0x0000014542148dd8]
Event: 19.948 Thread 0x0000014550457800 7522       2       org.gradle.tooling.internal.adapter.TypeInspector::visit (198 bytes)
Event: 19.953 Thread 0x0000014550457800 nmethod 7522 0x000001453b7c0890 code [0x000001453b7c0c00, 0x000001453b7c1ee8]
Event: 19.953 Thread 0x0000014550457800 7523       2       org.gradle.tooling.internal.adapter.ProtocolToModelAdapter$TypeSpecificMappingAction::restrictTo (19 bytes)
Event: 19.954 Thread 0x0000014550457800 nmethod 7523 0x000001453b7c2890 code [0x000001453b7c2a40, 0x000001453b7c2ba8]
Event: 19.959 Thread 0x0000014550457800 7524       2       java.util.concurrent.locks.ReentrantReadWriteLock$NonfairSync::readerShouldBlock (5 bytes)
Event: 19.959 Thread 0x0000014550457800 nmethod 7524 0x000001453b7c2c90 code [0x000001453b7c2e40, 0x000001453b7c2f48]
Event: 19.959 Thread 0x0000014550457800 7525       2       java.util.concurrent.locks.AbstractQueuedSynchronizer::apparentlyFirstQueuedIsExclusive (38 bytes)
Event: 19.960 Thread 0x0000014550457800 nmethod 7525 0x000001453b7c3010 code [0x000001453b7c31c0, 0x000001453b7c3338]
Event: 19.960 Thread 0x0000014550457800 7526       2       org.gradle.tooling.internal.adapter.ProtocolToModelAdapter$InvocationHandlerImpl::invoke (176 bytes)
Event: 19.965 Thread 0x0000014550457800 nmethod 7526 0x000001453b7c3410 code [0x000001453b7c3840, 0x000001453b7c4ca8]
Event: 19.965 Thread 0x0000014550457800 7527       2       org.gradle.tooling.internal.adapter.ProtocolToModelAdapter::access$1300 (4 bytes)
Event: 19.965 Thread 0x0000014550457800 nmethod 7527 0x000001453b7c5890 code [0x000001453b7c5a40, 0x000001453b7c5b18]
Event: 19.965 Thread 0x0000014550457800 7528       2       org.gradle.tooling.internal.adapter.MethodInvocation::<init> (50 bytes)
Event: 19.965 Thread 0x0000014550457800 nmethod 7528 0x000001453b7c5b90 code [0x000001453b7c5d60, 0x000001453b7c6158]
Event: 19.965 Thread 0x0000014550457800 7529       1       java.util.concurrent.locks.ReentrantReadWriteLock::writeLock (5 bytes)
Event: 19.965 Thread 0x0000014550457800 nmethod 7529 0x0000014542148e90 code [0x0000014542149040, 0x00000145421490f8]
Event: 20.283 Thread 0x0000014550453800 nmethod 7356 0x0000014542149190 code [0x0000014542149b20, 0x0000014542151770]
Event: 20.284 Thread 0x0000014550453800 7516       4       java.util.regex.Pattern::compile (498 bytes)

GC Heap History (20 events):
Event: 11.018 GC heap after
{Heap after GC invocations=26 (full 0):
 garbage-first heap   total 114688K, used 57317K [0x0000000080000000, 0x0000000100000000)
  region size 1024K, 3 young (3072K), 3 survivors (3072K)
 Metaspace       used 49241K, capacity 50617K, committed 50816K, reserved 1093632K
  class space    used 6314K, capacity 6778K, committed 6784K, reserved 1048576K
}
Event: 11.335 GC heap before
{Heap before GC invocations=27 (full 0):
 garbage-first heap   total 114688K, used 66533K [0x0000000080000000, 0x0000000100000000)
  region size 1024K, 14 young (14336K), 3 survivors (3072K)
 Metaspace       used 49584K, capacity 51069K, committed 51200K, reserved 1093632K
  class space    used 6344K, capacity 6816K, committed 6912K, reserved 1048576K
}
Event: 11.346 GC heap after
{Heap after GC invocations=28 (full 0):
 garbage-first heap   total 114688K, used 57765K [0x0000000080000000, 0x0000000100000000)
  region size 1024K, 4 young (4096K), 4 survivors (4096K)
 Metaspace       used 49584K, capacity 51069K, committed 51200K, reserved 1093632K
  class space    used 6344K, capacity 6816K, committed 6912K, reserved 1048576K
}
Event: 11.597 GC heap before
{Heap before GC invocations=29 (full 0):
 garbage-first heap   total 114688K, used 63909K [0x0000000080000000, 0x0000000100000000)
  region size 1024K, 10 young (10240K), 4 survivors (4096K)
 Metaspace       used 49594K, capacity 51069K, committed 51200K, reserved 1093632K
  class space    used 6344K, capacity 6816K, committed 6912K, reserved 1048576K
}
Event: 11.613 GC heap after
{Heap after GC invocations=30 (full 0):
 garbage-first heap   total 138240K, used 64062K [0x0000000080000000, 0x0000000100000000)
  region size 1024K, 4 young (4096K), 4 survivors (4096K)
 Metaspace       used 49594K, capacity 51069K, committed 51200K, reserved 1093632K
  class space    used 6344K, capacity 6816K, committed 6912K, reserved 1048576K
}
Event: 12.772 GC heap before
{Heap before GC invocations=31 (full 0):
 garbage-first heap   total 138240K, used 103998K [0x0000000080000000, 0x0000000100000000)
  region size 1024K, 41 young (41984K), 4 survivors (4096K)
 Metaspace       used 53994K, capacity 55556K, committed 55808K, reserved 1097728K
  class space    used 6892K, capacity 7394K, committed 7424K, reserved 1048576K
}
Event: 12.781 GC heap after
{Heap after GC invocations=32 (full 0):
 garbage-first heap   total 138240K, used 68235K [0x0000000080000000, 0x0000000100000000)
  region size 1024K, 3 young (3072K), 3 survivors (3072K)
 Metaspace       used 53994K, capacity 55556K, committed 55808K, reserved 1097728K
  class space    used 6892K, capacity 7394K, committed 7424K, reserved 1048576K
}
Event: 13.762 GC heap before
{Heap before GC invocations=32 (full 0):
 garbage-first heap   total 138240K, used 105099K [0x0000000080000000, 0x0000000100000000)
  region size 1024K, 39 young (39936K), 3 survivors (3072K)
 Metaspace       used 59506K, capacity 61245K, committed 61568K, reserved 1101824K
  class space    used 7589K, capacity 8200K, committed 8320K, reserved 1048576K
}
Event: 13.771 GC heap after
{Heap after GC invocations=33 (full 0):
 garbage-first heap   total 138240K, used 70030K [0x0000000080000000, 0x0000000100000000)
  region size 1024K, 4 young (4096K), 4 survivors (4096K)
 Metaspace       used 59506K, capacity 61245K, committed 61568K, reserved 1101824K
  class space    used 7589K, capacity 8200K, committed 8320K, reserved 1048576K
}
Event: 14.549 GC heap before
{Heap before GC invocations=34 (full 0):
 garbage-first heap   total 138240K, used 106894K [0x0000000080000000, 0x0000000100000000)
  region size 1024K, 41 young (41984K), 4 survivors (4096K)
 Metaspace       used 63394K, capacity 65168K, committed 65280K, reserved 1105920K
  class space    used 8041K, capacity 8626K, committed 8704K, reserved 1048576K
}
Event: 14.562 GC heap after
{Heap after GC invocations=35 (full 0):
 garbage-first heap   total 138240K, used 73410K [0x0000000080000000, 0x0000000100000000)
  region size 1024K, 6 young (6144K), 6 survivors (6144K)
 Metaspace       used 63394K, capacity 65168K, committed 65280K, reserved 1105920K
  class space    used 8041K, capacity 8626K, committed 8704K, reserved 1048576K
}
Event: 14.665 GC heap before
{Heap before GC invocations=35 (full 0):
 garbage-first heap   total 138240K, used 79554K [0x0000000080000000, 0x0000000100000000)
  region size 1024K, 13 young (13312K), 6 survivors (6144K)
 Metaspace       used 63918K, capacity 65721K, committed 65920K, reserved 1105920K
  class space    used 8126K, capacity 8725K, committed 8832K, reserved 1048576K
}
Event: 14.677 GC heap after
{Heap after GC invocations=36 (full 0):
 garbage-first heap   total 165888K, used 74428K [0x0000000080000000, 0x0000000100000000)
  region size 1024K, 2 young (2048K), 2 survivors (2048K)
 Metaspace       used 63918K, capacity 65721K, committed 65920K, reserved 1105920K
  class space    used 8126K, capacity 8725K, committed 8832K, reserved 1048576K
}
Event: 15.380 GC heap before
{Heap before GC invocations=37 (full 0):
 garbage-first heap   total 165888K, used 124604K [0x0000000080000000, 0x0000000100000000)
  region size 1024K, 50 young (51200K), 2 survivors (2048K)
 Metaspace       used 66206K, capacity 68017K, committed 68224K, reserved 1107968K
  class space    used 8445K, capacity 9037K, committed 9088K, reserved 1048576K
}
Event: 15.391 GC heap after
{Heap after GC invocations=38 (full 0):
 garbage-first heap   total 165888K, used 77837K [0x0000000080000000, 0x0000000100000000)
  region size 1024K, 5 young (5120K), 5 survivors (5120K)
 Metaspace       used 66206K, capacity 68017K, committed 68224K, reserved 1107968K
  class space    used 8445K, capacity 9037K, committed 9088K, reserved 1048576K
}
Event: 16.430 GC heap before
{Heap before GC invocations=38 (full 0):
 garbage-first heap   total 165888K, used 132109K [0x0000000080000000, 0x0000000100000000)
  region size 1024K, 58 young (59392K), 5 survivors (5120K)
 Metaspace       used 70471K, capacity 72370K, committed 72576K, reserved 1112064K
  class space    used 9136K, capacity 9779K, committed 9856K, reserved 1048576K
}
Event: 16.445 GC heap after
{Heap after GC invocations=39 (full 0):
 garbage-first heap   total 165888K, used 81278K [0x0000000080000000, 0x0000000100000000)
  region size 1024K, 4 young (4096K), 4 survivors (4096K)
 Metaspace       used 70471K, capacity 72370K, committed 72576K, reserved 1112064K
  class space    used 9136K, capacity 9779K, committed 9856K, reserved 1048576K
}
Event: 17.414 GC heap before
{Heap before GC invocations=39 (full 0):
 garbage-first heap   total 165888K, used 133502K [0x0000000080000000, 0x0000000100000000)
  region size 1024K, 55 young (56320K), 4 survivors (4096K)
 Metaspace       used 74003K, capacity 75966K, committed 76160K, reserved 1116160K
  class space    used 9641K, capacity 10290K, committed 10368K, reserved 1048576K
}
Event: 17.428 GC heap after
{Heap after GC invocations=40 (full 0):
 garbage-first heap   total 165888K, used 83302K [0x0000000080000000, 0x0000000100000000)
  region size 1024K, 6 young (6144K), 6 survivors (6144K)
 Metaspace       used 74003K, capacity 75966K, committed 76160K, reserved 1116160K
  class space    used 9641K, capacity 10290K, committed 10368K, reserved 1048576K
}
Event: 20.328 GC heap before
{Heap before GC invocations=41 (full 0):
 garbage-first heap   total 165888K, used 127334K [0x0000000080000000, 0x0000000100000000)
  region size 1024K, 50 young (51200K), 6 survivors (6144K)
 Metaspace       used 76481K, capacity 78636K, committed 78848K, reserved 1118208K
  class space    used 9936K, capacity 10662K, committed 10752K, reserved 1048576K
}

Deoptimization events (20 events):
Event: 19.451 Thread 0x000001455217b000 DEOPT PACKING pc=0x0000014541e60f9c sp=0x00000028b07f6100
Event: 19.451 Thread 0x000001455217b000 DEOPT UNPACKING pc=0x000001453a3678af sp=0x00000028b07f60a0 mode 2
Event: 19.452 Thread 0x000001455217b000 Uncommon trap: trap_request=0xffffff4d fr.pc=0x00000145420c91f8 relative=0x00000000000002b8
Event: 19.452 Thread 0x000001455217b000 Uncommon trap: reason=unstable_if action=reinterpret pc=0x00000145420c91f8 method=java.util.HashMap.getNode(ILjava/lang/Object;)Ljava/util/HashMap$Node; @ 84 c2
Event: 19.452 Thread 0x000001455217b000 DEOPT PACKING pc=0x00000145420c91f8 sp=0x00000028b07f61d0
Event: 19.452 Thread 0x000001455217b000 DEOPT UNPACKING pc=0x000001453a3678af sp=0x00000028b07f60e0 mode 2
Event: 19.452 Thread 0x000001455217b000 Uncommon trap: trap_request=0xffffff4d fr.pc=0x00000145420a5a5c relative=0x000000000000019c
Event: 19.452 Thread 0x000001455217b000 Uncommon trap: reason=unstable_if action=reinterpret pc=0x00000145420a5a5c method=java.util.HashMap.getNode(ILjava/lang/Object;)Ljava/util/HashMap$Node; @ 84 c2
Event: 19.452 Thread 0x000001455217b000 DEOPT PACKING pc=0x00000145420a5a5c sp=0x00000028b07f6140
Event: 19.452 Thread 0x000001455217b000 DEOPT UNPACKING pc=0x000001453a3678af sp=0x00000028b07f60c8 mode 2
Event: 19.539 Thread 0x000001455217b000 Uncommon trap: trap_request=0xffffff4d fr.pc=0x0000014541f89888 relative=0x00000000000000e8
Event: 19.539 Thread 0x000001455217b000 Uncommon trap: reason=unstable_if action=reinterpret pc=0x0000014541f89888 method=java.io.WinNTFileSystem.normalize(Ljava/lang/String;)Ljava/lang/String; @ 74 c2
Event: 19.539 Thread 0x000001455217b000 DEOPT PACKING pc=0x0000014541f89888 sp=0x00000028b07f63b0
Event: 19.540 Thread 0x000001455217b000 DEOPT UNPACKING pc=0x000001453a3678af sp=0x00000028b07f6388 mode 2
Event: 19.540 Thread 0x000001455217b000 Uncommon trap: trap_request=0xffffff4d fr.pc=0x000001454213020c relative=0x0000000000001b2c
Event: 19.540 Thread 0x000001455217b000 Uncommon trap: reason=unstable_if action=reinterpret pc=0x000001454213020c method=java.io.WinNTFileSystem.normalize(Ljava/lang/String;II)Ljava/lang/String; @ 100 c2
Event: 19.540 Thread 0x000001455217b000 DEOPT PACKING pc=0x000001454213020c sp=0x00000028b07f62e0
Event: 19.540 Thread 0x000001455217b000 DEOPT UNPACKING pc=0x000001453a3678af sp=0x00000028b07f62e8 mode 2
Event: 19.629 Thread 0x000001455217b000 DEOPT PACKING pc=0x000001453b17b2f0 sp=0x00000028b07fa000
Event: 19.629 Thread 0x000001455217b000 DEOPT UNPACKING pc=0x000001453a3676ce sp=0x00000028b07f94e0 mode 0

Classes redefined (0 events):
No events

Internal exceptions (20 events):
Event: 19.263 Thread 0x000001455217b000 Exception <a 'java/lang/NoSuchMethodError'{0x00000000886910b8}: 'void java.lang.invoke.DirectMethodHandle$Holder.invokeStatic(java.lang.Object, int, java.lang.Object)'> (0x00000000886910b8) thrown at [./src/hotspot/share/interpreter/linkResolver.cpp, line 773]
Event: 19.268 Thread 0x000001455217b000 Exception <a 'java/lang/NoSuchMethodError'{0x000000008869e830}: 'int java.lang.invoke.DirectMethodHandle$Holder.invokeStatic(java.lang.Object, int, int, java.lang.Object)'> (0x000000008869e830) thrown at [./src/hotspot/share/interpreter/linkResolver.cpp, line 773]
Event: 19.293 Thread 0x000001455217b000 Exception <a 'java/lang/ClassNotFoundException'{0x0000000088554720}: java/util/LinkedHashSetBeanInfo> (0x0000000088554720) thrown at [./src/hotspot/share/classfile/systemDictionary.cpp, line 231]
Event: 19.293 Thread 0x000001455217b000 Exception <a 'java/lang/ClassNotFoundException'{0x000000008855e1a8}: java/util/HashSetBeanInfo> (0x000000008855e1a8) thrown at [./src/hotspot/share/classfile/systemDictionary.cpp, line 231]
Event: 19.294 Thread 0x000001455217b000 Exception <a 'java/lang/ClassNotFoundException'{0x0000000088568458}: java/util/AbstractSetBeanInfo> (0x0000000088568458) thrown at [./src/hotspot/share/classfile/systemDictionary.cpp, line 231]
Event: 19.294 Thread 0x000001455217b000 Exception <a 'java/lang/ClassNotFoundException'{0x0000000088572a68}: java/util/AbstractSetCustomizer> (0x0000000088572a68) thrown at [./src/hotspot/share/classfile/systemDictionary.cpp, line 231]
Event: 19.295 Thread 0x000001455217b000 Exception <a 'java/lang/ClassNotFoundException'{0x00000000885813f8}: java/util/HashSetCustomizer> (0x00000000885813f8) thrown at [./src/hotspot/share/classfile/systemDictionary.cpp, line 231]
Event: 19.298 Thread 0x000001455217b000 Exception <a 'java/lang/ClassNotFoundException'{0x00000000885930a8}: java/util/LinkedHashSetCustomizer> (0x00000000885930a8) thrown at [./src/hotspot/share/classfile/systemDictionary.cpp, line 231]
Event: 19.311 Thread 0x000001455217b000 Exception <a 'java/lang/ClassNotFoundException'{0x0000000088476fc8}: com/android/build/gradle/tasks/factory/AndroidUnitTest_DecoratedBeanInfo> (0x0000000088476fc8) thrown at [./src/hotspot/share/classfile/systemDictionary.cpp, line 231]
Event: 19.313 Thread 0x000001455217b000 Exception <a 'java/lang/ClassNotFoundException'{0x0000000088490268}: com/android/build/gradle/tasks/factory/AndroidUnitTestBeanInfo> (0x0000000088490268) thrown at [./src/hotspot/share/classfile/systemDictionary.cpp, line 231]
Event: 19.315 Thread 0x000001455217b000 Exception <a 'java/lang/ClassNotFoundException'{0x00000000884ae9e0}: org/gradle/api/tasks/testing/TestBeanInfo> (0x00000000884ae9e0) thrown at [./src/hotspot/share/classfile/systemDictionary.cpp, line 231]
Event: 19.316 Thread 0x000001455217b000 Exception <a 'java/lang/ClassNotFoundException'{0x00000000884d0b98}: org/gradle/api/tasks/testing/AbstractTestTaskBeanInfo> (0x00000000884d0b98) thrown at [./src/hotspot/share/classfile/systemDictionary.cpp, line 231]
Event: 19.317 Thread 0x000001455217b000 Exception <a 'java/lang/ClassNotFoundException'{0x00000000884f3150}: org/gradle/api/tasks/testing/AbstractTestTaskCustomizer> (0x00000000884f3150) thrown at [./src/hotspot/share/classfile/systemDictionary.cpp, line 231]
Event: 19.324 Thread 0x000001455217b000 Exception <a 'java/lang/ClassNotFoundException'{0x0000000088331210}: org/gradle/api/tasks/testing/TestCustomizer> (0x0000000088331210) thrown at [./src/hotspot/share/classfile/systemDictionary.cpp, line 231]
Event: 19.340 Thread 0x000001455217b000 Exception <a 'java/lang/ClassNotFoundException'{0x00000000883f0130}: com/android/build/gradle/tasks/factory/AndroidUnitTestCustomizer> (0x00000000883f0130) thrown at [./src/hotspot/share/classfile/systemDictionary.cpp, line 231]
Event: 19.343 Thread 0x000001455217b000 Exception <a 'java/lang/ClassNotFoundException'{0x00000000882261b8}: com/android/build/gradle/tasks/factory/AndroidUnitTest_DecoratedCustomizer> (0x00000000882261b8) thrown at [./src/hotspot/share/classfile/systemDictionary.cpp, line 231]
Event: 19.663 Thread 0x000001455217b000 Exception <a 'java/lang/ClassNotFoundException'{0x0000000087cb7c00}: org/gradle/api/internal/tasks/DefaultSourceSetContainer_DecoratedBeanInfo> (0x0000000087cb7c00) thrown at [./src/hotspot/share/classfile/systemDictionary.cpp, line 231]
Event: 19.687 Thread 0x000001455217b000 Exception <a 'java/lang/ClassNotFoundException'{0x0000000087cdac40}: org/gradle/api/internal/tasks/DefaultSourceSetContainerBeanInfo> (0x0000000087cdac40) thrown at [./src/hotspot/share/classfile/systemDictionary.cpp, line 231]
Event: 19.695 Thread 0x000001455217b000 Exception <a 'java/lang/ClassNotFoundException'{0x0000000087cfdcd8}: org/gradle/api/internal/tasks/DefaultSourceSetContainerCustomizer> (0x0000000087cfdcd8) thrown at [./src/hotspot/share/classfile/systemDictionary.cpp, line 231]
Event: 19.698 Thread 0x000001455217b000 Exception <a 'java/lang/ClassNotFoundException'{0x0000000087b2ff28}: org/gradle/api/internal/tasks/DefaultSourceSetContainer_DecoratedCustomizer> (0x0000000087b2ff28) thrown at [./src/hotspot/share/classfile/systemDictionary.cpp, line 231]

Events (20 events):
Event: 20.310 loading class kotlin/collections/CollectionsKt__ReversedViewsKt done
Event: 20.311 loading class kotlin/collections/CollectionsKt__MutableCollectionsKt
Event: 20.311 loading class kotlin/collections/CollectionsKt__MutableCollectionsKt done
Event: 20.312 loading class kotlin/collections/CollectionsKt__MutableCollectionsJVMKt
Event: 20.312 loading class kotlin/collections/CollectionsKt__MutableCollectionsJVMKt done
Event: 20.313 loading class kotlin/collections/CollectionsKt__IteratorsKt
Event: 20.313 loading class kotlin/collections/CollectionsKt__IteratorsKt done
Event: 20.314 loading class kotlin/collections/CollectionsKt__IteratorsJVMKt
Event: 20.314 loading class kotlin/collections/CollectionsKt__IteratorsJVMKt done
Event: 20.314 loading class kotlin/collections/CollectionsKt__IterablesKt
Event: 20.314 loading class kotlin/collections/CollectionsKt__IterablesKt done
Event: 20.315 loading class kotlin/collections/CollectionsKt__CollectionsKt
Event: 20.315 loading class kotlin/collections/CollectionsKt__CollectionsKt done
Event: 20.318 loading class kotlin/collections/CollectionsKt__CollectionsJVMKt
Event: 20.318 loading class kotlin/collections/CollectionsKt__CollectionsJVMKt done
Event: 20.320 loading class kotlin/collections/ArraysKt
Event: 20.320 loading class kotlin/collections/ArraysKt done
Event: 20.321 loading class kotlin/collections/ArraysKt___ArraysKt
Event: 20.321 loading class kotlin/collections/ArraysKt___ArraysKt done
Event: 20.327 Executing VM operation: G1CollectForAllocation


Dynamic libraries:
0x00007ff727680000 - 0x00007ff72768a000 	C:\Program Files\Android\Android Studio\jre\bin\java.exe
0x00007ffd43e30000 - 0x00007ffd44025000 	C:\WINDOWS\SYSTEM32\ntdll.dll
0x00007ffd42900000 - 0x00007ffd429be000 	C:\WINDOWS\System32\KERNEL32.DLL
0x00007ffd41b00000 - 0x00007ffd41dc9000 	C:\WINDOWS\System32\KERNELBASE.dll
0x00007ffd41680000 - 0x00007ffd41780000 	C:\WINDOWS\System32\ucrtbase.dll
0x00007ffd3a790000 - 0x00007ffd3a7a9000 	C:\Program Files\Android\Android Studio\jre\bin\jli.dll
0x00007ffcf9470000 - 0x00007ffcf9487000 	C:\Program Files\Android\Android Studio\jre\bin\VCRUNTIME140.dll
0x00007ffd42ba0000 - 0x00007ffd42d41000 	C:\WINDOWS\System32\USER32.dll
0x00007ffd31160000 - 0x00007ffd313fa000 	C:\WINDOWS\WinSxS\amd64_microsoft.windows.common-controls_6595b64144ccf1df_6.0.19041.1110_none_60b5254171f9507e\COMCTL32.dll
0x00007ffd41890000 - 0x00007ffd418b2000 	C:\WINDOWS\System32\win32u.dll
0x00007ffd429d0000 - 0x00007ffd42a6e000 	C:\WINDOWS\System32\msvcrt.dll
0x00007ffd42f00000 - 0x00007ffd42f2b000 	C:\WINDOWS\System32\GDI32.dll
0x00007ffd41780000 - 0x00007ffd4188b000 	C:\WINDOWS\System32\gdi32full.dll
0x00007ffd415e0000 - 0x00007ffd4167d000 	C:\WINDOWS\System32\msvcp_win.dll
0x00007ffd42800000 - 0x00007ffd42830000 	C:\WINDOWS\System32\IMM32.DLL
0x00007ffcf9280000 - 0x00007ffcf931d000 	C:\Program Files\Android\Android Studio\jre\bin\msvcp140.dll
0x00007ffcf3880000 - 0x00007ffcf434f000 	C:\Program Files\Android\Android Studio\jre\bin\server\jvm.dll
0x00007ffd42f90000 - 0x00007ffd4303c000 	C:\WINDOWS\System32\ADVAPI32.dll
0x00007ffd43290000 - 0x00007ffd4332b000 	C:\WINDOWS\System32\sechost.dll
0x00007ffd426d0000 - 0x00007ffd427fa000 	C:\WINDOWS\System32\RPCRT4.dll
0x00007ffd429c0000 - 0x00007ffd429c8000 	C:\WINDOWS\System32\PSAPI.DLL
0x00007ffd34dc0000 - 0x00007ffd34de7000 	C:\WINDOWS\SYSTEM32\WINMM.dll
0x00007ffd35fd0000 - 0x00007ffd35fda000 	C:\WINDOWS\SYSTEM32\VERSION.dll
0x00007ffcfbdd0000 - 0x00007ffcfbdd9000 	C:\WINDOWS\SYSTEM32\WSOCK32.dll
0x00007ffd43c90000 - 0x00007ffd43cfb000 	C:\WINDOWS\System32\WS2_32.dll
0x00007ffd3f450000 - 0x00007ffd3f462000 	C:\WINDOWS\SYSTEM32\kernel.appcore.dll
0x00007ffcf9450000 - 0x00007ffcf9461000 	C:\Program Files\Android\Android Studio\jre\bin\verify.dll
0x00007ffd2dd40000 - 0x00007ffd2df24000 	C:\WINDOWS\SYSTEM32\DBGHELP.DLL
0x00007ffd2e6e0000 - 0x00007ffd2e70c000 	C:\WINDOWS\SYSTEM32\dbgcore.DLL
0x00007ffd41550000 - 0x00007ffd415d3000 	C:\WINDOWS\System32\bcryptPrimitives.dll
0x00007ffcf9420000 - 0x00007ffcf9449000 	C:\Program Files\Android\Android Studio\jre\bin\java.dll
0x00007ffcf9c80000 - 0x00007ffcf9c8b000 	C:\Program Files\Android\Android Studio\jre\bin\jimage.dll
0x00007ffcf9400000 - 0x00007ffcf9418000 	C:\Program Files\Android\Android Studio\jre\bin\zip.dll
0x00007ffd41f90000 - 0x00007ffd426cf000 	C:\WINDOWS\System32\SHELL32.dll
0x00007ffd3f650000 - 0x00007ffd3fde0000 	C:\WINDOWS\SYSTEM32\windows.storage.dll
0x00007ffd437b0000 - 0x00007ffd43b05000 	C:\WINDOWS\System32\combase.dll
0x00007ffd40fa0000 - 0x00007ffd40fcc000 	C:\WINDOWS\SYSTEM32\Wldp.dll
0x00007ffd43170000 - 0x00007ffd4321d000 	C:\WINDOWS\System32\SHCORE.dll
0x00007ffd42f30000 - 0x00007ffd42f85000 	C:\WINDOWS\System32\shlwapi.dll
0x00007ffd41490000 - 0x00007ffd414af000 	C:\WINDOWS\SYSTEM32\profapi.dll
0x00007ffcf93e0000 - 0x00007ffcf93fa000 	C:\Program Files\Android\Android Studio\jre\bin\net.dll
0x00007ffd33100000 - 0x00007ffd33208000 	C:\WINDOWS\SYSTEM32\WINHTTP.dll
0x00007ffd40d00000 - 0x00007ffd40d6a000 	C:\WINDOWS\system32\mswsock.dll
0x00007ffcf93c0000 - 0x00007ffcf93d4000 	C:\Program Files\Android\Android Studio\jre\bin\nio.dll
0x00007ffd215e0000 - 0x00007ffd21607000 	C:\Program Files\Java\jdk-17.0.1\native\8bec1ad78214c89d9ad589b4d07fe93259594b29d510b10fafb7a158f7737e5d\windows-amd64\native-platform.dll
0x00007ffd16620000 - 0x00007ffd1675d000 	C:\Program Files\Java\jdk-17.0.1\native\53dbd7edfb1c66fb8903c78663c9afc45aea4f116125fa6feffd364cf09443e8\windows-amd64\native-platform-file-events.dll
0x00007ffcf9390000 - 0x00007ffcf939a000 	C:\Program Files\Android\Android Studio\jre\bin\management.dll
0x00007ffcf9380000 - 0x00007ffcf938c000 	C:\Program Files\Android\Android Studio\jre\bin\management_ext.dll
0x00007ffd40ef0000 - 0x00007ffd40f08000 	C:\WINDOWS\SYSTEM32\CRYPTSP.dll
0x00007ffd40610000 - 0x00007ffd40644000 	C:\WINDOWS\system32\rsaenh.dll
0x00007ffd41970000 - 0x00007ffd41997000 	C:\WINDOWS\System32\bcrypt.dll
0x00007ffd41450000 - 0x00007ffd4147e000 	C:\WINDOWS\SYSTEM32\USERENV.dll
0x00007ffd40f10000 - 0x00007ffd40f1c000 	C:\WINDOWS\SYSTEM32\CRYPTBASE.dll
0x00007ffd409a0000 - 0x00007ffd409db000 	C:\WINDOWS\SYSTEM32\IPHLPAPI.DLL
0x00007ffd43220000 - 0x00007ffd43228000 	C:\WINDOWS\System32\NSI.dll
0x00007ffd390f0000 - 0x00007ffd39107000 	C:\WINDOWS\SYSTEM32\dhcpcsvc6.DLL
0x00007ffd390d0000 - 0x00007ffd390ed000 	C:\WINDOWS\SYSTEM32\dhcpcsvc.DLL
0x00007ffd409e0000 - 0x00007ffd40aac000 	C:\WINDOWS\SYSTEM32\DNSAPI.dll

dbghelp: loaded successfully - version: 4.0.5 - missing functions: none
symbol engine: initialized successfully - sym options: 0x614 - pdb path: .;C:\Program Files\Android\Android Studio\jre\bin;C:\WINDOWS\SYSTEM32;C:\WINDOWS\WinSxS\amd64_microsoft.windows.common-controls_6595b64144ccf1df_6.0.19041.1110_none_60b5254171f9507e;C:\Program Files\Android\Android Studio\jre\bin\server;C:\Program Files\Java\jdk-17.0.1\native\8bec1ad78214c89d9ad589b4d07fe93259594b29d510b10fafb7a158f7737e5d\windows-amd64;C:\Program Files\Java\jdk-17.0.1\native\53dbd7edfb1c66fb8903c78663c9afc45aea4f116125fa6feffd364cf09443e8\windows-amd64

VM Arguments:
jvm_args: --add-opens=java.base/java.util=ALL-UNNAMED --add-opens=java.base/java.lang=ALL-UNNAMED --add-opens=java.base/java.lang.invoke=ALL-UNNAMED --add-opens=java.base/java.util=ALL-UNNAMED --add-opens=java.prefs/java.util.prefs=ALL-UNNAMED --add-opens=java.prefs/java.util.prefs=ALL-UNNAMED --add-opens=java.base/java.nio.charset=ALL-UNNAMED --add-opens=java.base/java.net=ALL-UNNAMED --add-opens=java.base/java.util.concurrent.atomic=ALL-UNNAMED -Xmx2048m -Dfile.encoding=UTF-8 -Duser.country=US -Duser.language=en -Duser.variant 
java_command: org.gradle.launcher.daemon.bootstrap.GradleDaemon 7.0.2
java_class_path (initial): C:\Program Files\Java\jdk-17.0.1\wrapper\dists\gradle-7.0.2-bin\857tjihv64xamwrf0h14cai3r\gradle-7.0.2\lib\gradle-launcher-7.0.2.jar
Launcher Type: SUN_STANDARD

[Global flags]
     intx CICompilerCount                          = 3                                         {product} {ergonomic}
     uint ConcGCThreads                            = 1                                         {product} {ergonomic}
     uint G1ConcRefinementThreads                  = 4                                         {product} {ergonomic}
   size_t G1HeapRegionSize                         = 1048576                                   {product} {ergonomic}
    uintx GCDrainStackTargetSize                   = 64                                        {product} {ergonomic}
   size_t InitialHeapSize                          = 67108864                                  {product} {ergonomic}
   size_t MarkStackSize                            = 4194304                                   {product} {ergonomic}
   size_t MaxHeapSize                              = 2147483648                                {product} {command line}
   size_t MaxNewSize                               = 1287651328                                {product} {ergonomic}
   size_t MinHeapDeltaBytes                        = 1048576                                   {product} {ergonomic}
    uintx NonNMethodCodeHeapSize                   = 5830732                                {pd product} {ergonomic}
    uintx NonProfiledCodeHeapSize                  = 122913754                              {pd product} {ergonomic}
    uintx ProfiledCodeHeapSize                     = 122913754                              {pd product} {ergonomic}
    uintx ReservedCodeCacheSize                    = 251658240                              {pd product} {ergonomic}
     bool SegmentedCodeCache                       = true                                      {product} {ergonomic}
     bool UseCompressedClassPointers               = true                                 {lp64_product} {ergonomic}
     bool UseCompressedOops                        = true                                 {lp64_product} {ergonomic}
     bool UseG1GC                                  = true                                      {product} {ergonomic}
     bool UseLargePagesIndividualAllocation        = false                                  {pd product} {ergonomic}

Logging:
Log output configuration:
 #0: stdout all=warning uptime,level,tags
 #1: stderr all=off uptime,level,tags

Environment Variables:
PATH=C:\Program Files\Common Files\Oracle\Java\javapath;C:\WINDOWS\system32;C:\WINDOWS;C:\WINDOWS\System32\Wbem;C:\WINDOWS\System32\WindowsPowerShell\v1.0\;C:\WINDOWS\System32\OpenSSH\;C:\Program Files\dotnet\;C:\Program Files\Microsoft SQL Server\130\Tools\Binn\;C:\Program Files\Microsoft SQL Server\Client SDK\ODBC\170\Tools\Binn\;C:\Program Files (x86)\dotnet\;C:\Program Files\Git\cmd;C:\Users\MinhNgan\AppData\Local\Microsoft\WindowsApps
USERNAME=MinhNgan
OS=Windows_NT
PROCESSOR_IDENTIFIER=Intel64 Family 6 Model 69 Stepping 1, GenuineIntel



---------------  S Y S T E M  ---------------

OS: Windows 10 , 64 bit Build 19041 (10.0.19041.1202)
OS uptime: 0 days 0:13 hours

CPU:total 4 (initial active 4) (2 cores per cpu, 2 threads per core) family 6 model 69 stepping 1 microcode 0x25, cmov, cx8, fxsr, mmx, sse, sse2, sse3, ssse3, sse4.1, sse4.2, popcnt, avx, avx2, aes, clmul, erms, lzcnt, ht, tsc, tscinvbit, bmi1, bmi2, fma

Memory: 4k page, system-wide physical 3979M (222M free)
TotalPageFile size 6979M (AvailPageFile size 16M)
current process WorkingSet (physical memory assigned to process): 255M, peak: 330M
current process commit charge ("private bytes"): 410M, peak: 443M

vm_info: OpenJDK 64-Bit Server VM (11.0.10+0-b96-7249189) for windows-amd64 JRE (11.0.10+0-b96-7249189), built on Mar 31 2021 21:44:00 by "builder" with MS VC++ 14.0 (VS2015)

END.
