#
# There is insufficient memory for the Java Runtime Environment to continue.
# Native memory allocation (mmap) failed to map 217055232 bytes for Failed to commit area from 0x000000008cf00000 to 0x0000000099e00000 of length 217055232.
# Possible reasons:
#   The system is out of physical RAM or swap space
#   The process is running with CompressedOops enabled, and the Java Heap may be blocking the growth of the native heap
# Possible solutions:
#   Reduce memory load on the system
#   Increase physical memory or swap space
#   Check if swap backing store is full
#   Decrease Java heap size (-Xmx/-Xms)
#   Decrease number of Java threads
#   Decrease Java thread stack sizes (-Xss)
#   Set larger code cache with -XX:ReservedCodeCacheSize=
#   JVM is running with Unscaled Compressed Oops mode in which the Java heap is
#     placed in the first 4GB address space. The Java Heap base address is the
#     maximum limit for the native heap growth. Please use -XX:HeapBaseMinAddress
#     to set the Java Heap base and to place the Java Heap above 4GB virtual address.
# This output file may be truncated or incomplete.
#
#  Out of Memory Error (./src/hotspot/os/windows/os_windows.cpp:3301), pid=5336, tid=9184
#
# JRE version: OpenJDK Runtime Environment (11.0.10) (build 11.0.10+0-b96-7249189)
# Java VM: OpenJDK 64-Bit Server VM (11.0.10+0-b96-7249189, mixed mode, tiered, compressed oops, g1 gc, windows-amd64)
# No core dump will be written. Minidumps are not enabled by default on client versions of Windows
#

---------------  S U M M A R Y ------------

Command Line: --add-opens=java.base/java.util=ALL-UNNAMED --add-opens=java.base/java.lang=ALL-UNNAMED --add-opens=java.base/java.lang.invoke=ALL-UNNAMED --add-opens=java.base/java.util=ALL-UNNAMED --add-opens=java.prefs/java.util.prefs=ALL-UNNAMED --add-opens=java.prefs/java.util.prefs=ALL-UNNAMED --add-opens=java.base/java.nio.charset=ALL-UNNAMED --add-opens=java.base/java.net=ALL-UNNAMED --add-opens=java.base/java.util.concurrent.atomic=ALL-UNNAMED -Xmx2048m -Dfile.encoding=UTF-8 -Duser.country=US -Duser.language=en -Duser.variant org.gradle.launcher.daemon.bootstrap.GradleDaemon 7.0.2

Host: Intel(R) Core(TM) i5-4210U CPU @ 1.70GHz, 4 cores, 3G,  Windows 10 , 64 bit Build 19041 (10.0.19041.1348)
Time: Fri Nov 26 19:43:16 2021 SE Asia Standard Time elapsed time: 39.726062 seconds (0d 0h 0m 39s)

---------------  T H R E A D  ---------------

Current thread (0x000002aacffcf800):  VMThread "VM Thread" [stack: 0x000000ebd3000000,0x000000ebd3100000] [id=9184]

Stack: [0x000000ebd3000000,0x000000ebd3100000]
[error occurred during error reporting (printing stack bounds), id 0xc0000005, EXCEPTION_ACCESS_VIOLATION (0xc0000005) at pc=0x000002aab97a0f2d]

Native frames: (J=compiled Java code, j=interpreted, Vv=VM code, C=native code)
V  [jvm.dll+0x5ecfaa]
V  [jvm.dll+0x722bd5]
V  [jvm.dll+0x72412d]
V  [jvm.dll+0x724745]
V  [jvm.dll+0x7246fb]
V  [jvm.dll+0x5ec348]
V  [jvm.dll+0x5ecad8]
C  [ntdll.dll+0xa20cf]
C  [ntdll.dll+0x51454]
C  [ntdll.dll+0xa0bfe]
C  0x000002aab97a0f2d

VM_Operation (0x000000ebd6ffdf80): G1CollectForAllocation, mode: safepoint, requested by thread 0x000002aad7ac5000


---------------  P R O C E S S  ---------------

Threads class SMR info:
_java_thread_list=0x000002aad70ccde0, length=58, elements={
0x000002aab5cab800, 0x000002aacffd7000, 0x000002aacffe3000, 0x000002aad0031800,
0x000002aad0033800, 0x000002aad0036800, 0x000002aad003a000, 0x000002aad0042800,
0x000002aad0044000, 0x000002aad0aae800, 0x000002aad23b4800, 0x000002aad170c800,
0x000002aad1911800, 0x000002aad24db000, 0x000002aad22fc000, 0x000002aad24f9800,
0x000002aad290c000, 0x000002aad28e8800, 0x000002aad2976800, 0x000002aad2979800,
0x000002aad297c000, 0x000002aad297c800, 0x000002aad297b000, 0x000002aad297d800,
0x000002aad297e800, 0x000002aad297f000, 0x000002aad2980000, 0x000002aad297a800,
0x000002aad27a5800, 0x000002aad27a9800, 0x000002aad27aa800, 0x000002aad27ab000,
0x000002aad27a6800, 0x000002aad27a7000, 0x000002aad27b1000, 0x000002aad27ae800,
0x000002aad27af800, 0x000002aad27b0000, 0x000002aad27b1800, 0x000002aad27ad800,
0x000002aad27b2800, 0x000002aad27ad000, 0x000002aad27b4000, 0x000002aad7ab7000,
0x000002aad7aba800, 0x000002aad7ab6800, 0x000002aad7abd800, 0x000002aad7ab9800,
0x000002aad7ab8000, 0x000002aad7abd000, 0x000002aad7abb000, 0x000002aad7abc000,
0x000002aad7abe800, 0x000002aad7ab8800, 0x000002aad7ac3800, 0x000002aad7ac4000,
0x000002aad7ac1000, 0x000002aad7ac5000
}

Java Threads: ( => current thread )
  0x000002aab5cab800 JavaThread "main" [_thread_blocked, id=5652, stack(0x000000ebd2a00000,0x000000ebd2b00000)]
  0x000002aacffd7000 JavaThread "Reference Handler" daemon [_thread_blocked, id=3044, stack(0x000000ebd3100000,0x000000ebd3200000)]
  0x000002aacffe3000 JavaThread "Finalizer" daemon [_thread_blocked, id=6048, stack(0x000000ebd3200000,0x000000ebd3300000)]
  0x000002aad0031800 JavaThread "Signal Dispatcher" daemon [_thread_blocked, id=1080, stack(0x000000ebd3300000,0x000000ebd3400000)]
  0x000002aad0033800 JavaThread "Attach Listener" daemon [_thread_blocked, id=2364, stack(0x000000ebd3400000,0x000000ebd3500000)]
  0x000002aad0036800 JavaThread "Service Thread" daemon [_thread_blocked, id=1352, stack(0x000000ebd3500000,0x000000ebd3600000)]
  0x000002aad003a000 JavaThread "C2 CompilerThread0" daemon [_thread_in_native, id=6640, stack(0x000000ebd3600000,0x000000ebd3700000)]
  0x000002aad0042800 JavaThread "C1 CompilerThread0" daemon [_thread_blocked, id=5680, stack(0x000000ebd3700000,0x000000ebd3800000)]
  0x000002aad0044000 JavaThread "Sweeper thread" daemon [_thread_blocked, id=9140, stack(0x000000ebd3800000,0x000000ebd3900000)]
  0x000002aad0aae800 JavaThread "Common-Cleaner" daemon [_thread_blocked, id=5540, stack(0x000000ebd3900000,0x000000ebd3a00000)]
  0x000002aad23b4800 JavaThread "Daemon health stats" [_thread_blocked, id=9236, stack(0x000000ebd3c00000,0x000000ebd3d00000)]
  0x000002aad170c800 JavaThread "Incoming local TCP Connector on port 49819" [_thread_in_native, id=552, stack(0x000000ebd3d00000,0x000000ebd3e00000)]
  0x000002aad1911800 JavaThread "Daemon periodic checks" [_thread_blocked, id=2780, stack(0x000000ebd3e00000,0x000000ebd3f00000)]
  0x000002aad24db000 JavaThread "Daemon" [_thread_blocked, id=1316, stack(0x000000ebd3f00000,0x000000ebd4000000)]
  0x000002aad22fc000 JavaThread "Handler for socket connection from /127.0.0.1:49819 to /127.0.0.1:49820" [_thread_in_native, id=1536, stack(0x000000ebd4000000,0x000000ebd4100000)]
  0x000002aad24f9800 JavaThread "Cancel handler" [_thread_blocked, id=3528, stack(0x000000ebd4100000,0x000000ebd4200000)]
  0x000002aad290c000 JavaThread "Daemon worker" [_thread_blocked, id=2236, stack(0x000000ebd4200000,0x000000ebd4300000)]
  0x000002aad28e8800 JavaThread "Asynchronous log dispatcher for DefaultDaemonConnection: socket connection from /127.0.0.1:49819 to /127.0.0.1:49820" [_thread_blocked, id=7440, stack(0x000000ebd4500000,0x000000ebd4600000)]
  0x000002aad2976800 JavaThread "Stdin handler" [_thread_blocked, id=7244, stack(0x000000ebd4600000,0x000000ebd4700000)]
  0x000002aad2979800 JavaThread "Daemon client event forwarder" [_thread_blocked, id=7776, stack(0x000000ebd4700000,0x000000ebd4800000)]
  0x000002aad297c000 JavaThread "Cache worker for file hash cache (C:\Program Files\Java\jdk-17.0.1\caches\7.0.2\fileHashes)" [_thread_blocked, id=8740, stack(0x000000ebd4800000,0x000000ebd4900000)]
  0x000002aad297c800 JavaThread "File lock request listener" [_thread_in_native, id=1364, stack(0x000000ebd4900000,0x000000ebd4a00000)]
  0x000002aad297b000 JavaThread "Cache worker for journal cache (C:\Program Files\Java\jdk-17.0.1\caches\journal-1)" [_thread_blocked, id=7124, stack(0x000000ebd4a00000,0x000000ebd4b00000)]
  0x000002aad297d800 JavaThread "Cache worker for file hash cache (C:\Users\MinhNgan\AndroidStudioProjects\Android_hepat\.gradle\7.0.2\fileHashes)" [_thread_blocked, id=7832, stack(0x000000ebd4b00000,0x000000ebd4c00000)]
  0x000002aad297e800 JavaThread "File watcher server" daemon [_thread_in_native, id=6188, stack(0x000000ebd4c00000,0x000000ebd4d00000)]
  0x000002aad297f000 JavaThread "File watcher consumer" daemon [_thread_blocked, id=7920, stack(0x000000ebd4d00000,0x000000ebd4e00000)]
  0x000002aad2980000 JavaThread "Cache worker for checksums cache (C:\Users\MinhNgan\AndroidStudioProjects\Android_hepat\.gradle\checksums)" [_thread_blocked, id=8104, stack(0x000000ebd4e00000,0x000000ebd4f00000)]
  0x000002aad297a800 JavaThread "Cache worker for cache directory md-supplier (C:\Program Files\Java\jdk-17.0.1\caches\7.0.2\md-supplier)" [_thread_blocked, id=7728, stack(0x000000ebd4f00000,0x000000ebd5000000)]
  0x000002aad27a5800 JavaThread "Cache worker for cache directory md-rule (C:\Program Files\Java\jdk-17.0.1\caches\7.0.2\md-rule)" [_thread_blocked, id=5872, stack(0x000000ebd5000000,0x000000ebd5100000)]
  0x000002aad27a9800 JavaThread "Cache worker for execution history cache (C:\Program Files\Java\jdk-17.0.1\caches\7.0.2\executionHistory)" [_thread_blocked, id=5656, stack(0x000000ebd5100000,0x000000ebd5200000)]
  0x000002aad27aa800 JavaThread "jar transforms" [_thread_blocked, id=9816, stack(0x000000ebd5200000,0x000000ebd5300000)]
  0x000002aad27ab000 JavaThread "jar transforms Thread 2" [_thread_blocked, id=1832, stack(0x000000ebd5300000,0x000000ebd5400000)]
  0x000002aad27a6800 JavaThread "Cache worker for file content cache (C:\Program Files\Java\jdk-17.0.1\caches\7.0.2\fileContent)" [_thread_blocked, id=1556, stack(0x000000ebd5400000,0x000000ebd5500000)]
  0x000002aad27a7000 JavaThread "Cache worker for dependencies-accessors (C:\Users\MinhNgan\AndroidStudioProjects\Android_hepat\.gradle\7.0.2\dependencies-accessors)" [_thread_blocked, id=8444, stack(0x000000ebd5500000,0x000000ebd5600000)]
  0x000002aad27b1000 JavaThread "jar transforms Thread 3" [_thread_blocked, id=7788, stack(0x000000ebd5600000,0x000000ebd5700000)]
  0x000002aad27ae800 JavaThread "Cache worker for Build Output Cleanup Cache (C:\Users\MinhNgan\AndroidStudioProjects\Android_hepat\.gradle\buildOutputCleanup)" [_thread_blocked, id=5220, stack(0x000000ebd5700000,0x000000ebd5800000)]
  0x000002aad27af800 JavaThread "Build operations" [_thread_blocked, id=4772, stack(0x000000ebd5800000,0x000000ebd5900000)]
  0x000002aad27b0000 JavaThread "Build operations Thread 2" [_thread_blocked, id=9944, stack(0x000000ebd5900000,0x000000ebd5a00000)]
  0x000002aad27b1800 JavaThread "Build operations Thread 3" [_thread_blocked, id=4636, stack(0x000000ebd5a00000,0x000000ebd5b00000)]
  0x000002aad27ad800 JavaThread "Build operations Thread 4" [_thread_blocked, id=8820, stack(0x000000ebd5b00000,0x000000ebd5c00000)]
  0x000002aad27b2800 JavaThread "jar transforms Thread 4" [_thread_blocked, id=8900, stack(0x000000ebd5c00000,0x000000ebd5d00000)]
  0x000002aad27ad000 JavaThread "Memory manager" [_thread_blocked, id=9128, stack(0x000000ebd5d00000,0x000000ebd5e00000)]
  0x000002aad27b4000 JavaThread "build event listener" [_thread_blocked, id=10056, stack(0x000000ebd5e00000,0x000000ebd5f00000)]
  0x000002aad7ab7000 JavaThread "Execution worker for ':'" [_thread_blocked, id=3004, stack(0x000000ebd5f00000,0x000000ebd6000000)]
  0x000002aad7aba800 JavaThread "Execution worker for ':' Thread 2" [_thread_blocked, id=9568, stack(0x000000ebd6000000,0x000000ebd6100000)]
  0x000002aad7ab6800 JavaThread "Execution worker for ':' Thread 3" [_thread_blocked, id=2524, stack(0x000000ebd6100000,0x000000ebd6200000)]
  0x000002aad7abd800 JavaThread "Cache worker for execution history cache (C:\Users\MinhNgan\AndroidStudioProjects\Android_hepat\.gradle\7.0.2\executionHistory)" [_thread_blocked, id=9892, stack(0x000000ebd6200000,0x000000ebd6300000)]
  0x000002aad7ab9800 JavaThread "WorkerExecutor Queue" [_thread_blocked, id=824, stack(0x000000ebd6300000,0x000000ebd6400000)]
  0x000002aad7ab8000 JavaThread "WorkerExecutor Queue Thread 2" [_thread_blocked, id=9824, stack(0x000000ebd6400000,0x000000ebd6500000)]
  0x000002aad7abd000 JavaThread "WorkerExecutor Queue Thread 3" [_thread_blocked, id=9212, stack(0x000000ebd6500000,0x000000ebd6600000)]
  0x000002aad7abb000 JavaThread "WorkerExecutor Queue Thread 4" [_thread_blocked, id=4444, stack(0x000000ebd6600000,0x000000ebd6700000)]
  0x000002aad7abc000 JavaThread "pool-3-thread-1" [_thread_blocked, id=2448, stack(0x000000ebd6700000,0x000000ebd6800000)]
  0x000002aad7abe800 JavaThread "stderr" [_thread_in_native, id=6664, stack(0x000000ebd6800000,0x000000ebd6900000)]
  0x000002aad7ab8800 JavaThread "stdout" [_thread_in_native, id=6452, stack(0x000000ebd6900000,0x000000ebd6a00000)]
  0x000002aad7ac3800 JavaThread "ForkJoinPool-1-worker-3" daemon [_thread_blocked, id=4128, stack(0x000000ebd6c00000,0x000000ebd6d00000)]
  0x000002aad7ac4000 JavaThread "ForkJoinPool-1-worker-5" daemon [_thread_blocked, id=2072, stack(0x000000ebd6d00000,0x000000ebd6e00000)]
  0x000002aad7ac1000 JavaThread "ForkJoinPool-1-worker-7" daemon [_thread_blocked, id=2056, stack(0x000000ebd6e00000,0x000000ebd6f00000)]
  0x000002aad7ac5000 JavaThread "ForkJoinPool-1-worker-1" daemon [_thread_blocked, id=1860, stack(0x000000ebd6f00000,0x000000ebd7000000)]

Other Threads:
=>0x000002aacffcf800 VMThread "VM Thread" [stack: 0x000000ebd3000000,0x000000ebd3100000] [id=9184]
  0x000002aad0aef800 WatcherThread [stack: 0x000000ebd3a00000,0x000000ebd3b00000] [id=8612]
  0x000002aab5cc4800 GCTaskThread "GC Thread#0" [stack: 0x000000ebd2b00000,0x000000ebd2c00000] [id=6272]
  0x000002aad152f800 GCTaskThread "GC Thread#1" [stack: 0x000000ebd3b00000,0x000000ebd3c00000] [id=1460]
  0x000002aad28eb800 GCTaskThread "GC Thread#2" [stack: 0x000000ebd4300000,0x000000ebd4400000] [id=992]
  0x000002aad28ec000 GCTaskThread "GC Thread#3" [stack: 0x000000ebd4400000,0x000000ebd4500000] [id=3732]
  0x000002aab5cf4800 ConcurrentGCThread "G1 Main Marker" [stack: 0x000000ebd2c00000,0x000000ebd2d00000] [id=5356]
  0x000002aab5cf5800 ConcurrentGCThread "G1 Conc#0" [stack: 0x000000ebd2d00000,0x000000ebd2e00000] [id=5352]
  0x000002aab5d50000 ConcurrentGCThread "G1 Refine#0" [stack: 0x000000ebd2e00000,0x000000ebd2f00000] [id=5404]
  0x000002aad2bbf000 ConcurrentGCThread "G1 Refine#1" [stack: 0x000000ebd7000000,0x000000ebd7100000] [id=9300]
  0x000002aad2bbd000 ConcurrentGCThread "G1 Refine#2" [stack: 0x000000ebd7100000,0x000000ebd7200000] [id=988]
  0x000002aab5d51000 ConcurrentGCThread "G1 Young RemSet Sampling" [stack: 0x000000ebd2f00000,0x000000ebd3000000] [id=5328]

Threads with active compile tasks:
C2 CompilerThread0  39778 11325 %     4       com.android.tools.r8.code.w1::a @ 20 (4137 bytes)

VM state:at safepoint (normal execution)

VM Mutex/Monitor currently owned by a thread:  ([mutex/lock_event])
[0x000002aab5ca8050] Threads_lock - owner thread: 0x000002aacffcf800
[0x000002aab5ca85f0] Heap_lock - owner thread: 0x000002aad7ac5000

Heap address: 0x0000000080000000, size: 2048 MB, Compressed Oops mode: 32-bit
Narrow klass base: 0x0000000000000000, Narrow klass shift: 3
Compressed class space size: 1073741824 Address: 0x0000000100000000

Heap:
 garbage-first heap   total 423936K, used 164864K [0x0000000080000000, 0x0000000100000000)
  region size 1024K, 3 young (3072K), 3 survivors (3072K)
 Metaspace       used 90828K, capacity 93045K, committed 93308K, reserved 1130496K
  class space    used 11896K, capacity 12720K, committed 12800K, reserved 1048576K
Heap Regions: E=young(eden), S=young(survivor), O=old, HS=humongous(starts), HC=humongous(continues), CS=collection set, F=free, A=archive, TAMS=top-at-mark-start (previous, next)
|   0|0x0000000080000000, 0x0000000080100000, 0x0000000080100000|100%|HS|  |TAMS 0x0000000080100000, 0x0000000080000000| Complete 
|   1|0x0000000080100000, 0x0000000080200000, 0x0000000080200000|100%|HC|  |TAMS 0x0000000080200000, 0x0000000080100000| Complete 
|   2|0x0000000080200000, 0x0000000080300000, 0x0000000080300000|100%|HC|  |TAMS 0x0000000080300000, 0x0000000080200000| Complete 
|   3|0x0000000080300000, 0x0000000080400000, 0x0000000080400000|100%| O|  |TAMS 0x0000000080400000, 0x0000000080300000| Untracked 
|   4|0x0000000080400000, 0x0000000080500000, 0x0000000080500000|100%| O|  |TAMS 0x0000000080500000, 0x0000000080400000| Untracked 
|   5|0x0000000080500000, 0x0000000080600000, 0x0000000080600000|100%| O|  |TAMS 0x0000000080600000, 0x0000000080500000| Untracked 
|   6|0x0000000080600000, 0x0000000080700000, 0x0000000080700000|100%| O|  |TAMS 0x0000000080700000, 0x0000000080600000| Untracked 
|   7|0x0000000080700000, 0x0000000080800000, 0x0000000080800000|100%| O|  |TAMS 0x0000000080800000, 0x0000000080700000| Untracked 
|   8|0x0000000080800000, 0x0000000080900000, 0x0000000080900000|100%| O|  |TAMS 0x0000000080900000, 0x0000000080800000| Untracked 
|   9|0x0000000080900000, 0x0000000080a00000, 0x0000000080a00000|100%| O|  |TAMS 0x0000000080a00000, 0x0000000080900000| Untracked 
|  10|0x0000000080a00000, 0x0000000080b00000, 0x0000000080b00000|100%| O|  |TAMS 0x0000000080b00000, 0x0000000080a00000| Untracked 
|  11|0x0000000080b00000, 0x0000000080c00000, 0x0000000080c00000|100%| O|  |TAMS 0x0000000080c00000, 0x0000000080b00000| Untracked 
|  12|0x0000000080c00000, 0x0000000080d00000, 0x0000000080d00000|100%| O|  |TAMS 0x0000000080d00000, 0x0000000080c00000| Untracked 
|  13|0x0000000080d00000, 0x0000000080e00000, 0x0000000080e00000|100%| O|  |TAMS 0x0000000080e00000, 0x0000000080d00000| Untracked 
|  14|0x0000000080e00000, 0x0000000080f00000, 0x0000000080f00000|100%| O|  |TAMS 0x0000000080f00000, 0x0000000080e00000| Untracked 
|  15|0x0000000080f00000, 0x0000000081000000, 0x0000000081000000|100%| O|  |TAMS 0x0000000081000000, 0x0000000080f00000| Untracked 
|  16|0x0000000081000000, 0x0000000081100000, 0x0000000081100000|100%| O|  |TAMS 0x0000000081100000, 0x0000000081000000| Untracked 
|  17|0x0000000081100000, 0x0000000081200000, 0x0000000081200000|100%| O|  |TAMS 0x0000000081200000, 0x0000000081100000| Untracked 
|  18|0x0000000081200000, 0x0000000081300000, 0x0000000081300000|100%| O|  |TAMS 0x0000000081300000, 0x0000000081200000| Untracked 
|  19|0x0000000081300000, 0x0000000081400000, 0x0000000081400000|100%| O|  |TAMS 0x0000000081400000, 0x0000000081300000| Untracked 
|  20|0x0000000081400000, 0x0000000081500000, 0x0000000081500000|100%| O|  |TAMS 0x0000000081500000, 0x0000000081400000| Untracked 
|  21|0x0000000081500000, 0x0000000081600000, 0x0000000081600000|100%| O|  |TAMS 0x0000000081600000, 0x0000000081500000| Untracked 
|  22|0x0000000081600000, 0x0000000081700000, 0x0000000081700000|100%| O|  |TAMS 0x0000000081700000, 0x0000000081600000| Untracked 
|  23|0x0000000081700000, 0x0000000081800000, 0x0000000081800000|100%| O|  |TAMS 0x0000000081800000, 0x0000000081700000| Untracked 
|  24|0x0000000081800000, 0x0000000081900000, 0x0000000081900000|100%| O|  |TAMS 0x0000000081900000, 0x0000000081800000| Untracked 
|  25|0x0000000081900000, 0x0000000081a00000, 0x0000000081a00000|100%| O|  |TAMS 0x0000000081a00000, 0x0000000081900000| Untracked 
|  26|0x0000000081a00000, 0x0000000081b00000, 0x0000000081b00000|100%|HS|  |TAMS 0x0000000081b00000, 0x0000000081a00000| Complete 
|  27|0x0000000081b00000, 0x0000000081c00000, 0x0000000081c00000|100%|HS|  |TAMS 0x0000000081c00000, 0x0000000081b00000| Complete 
|  28|0x0000000081c00000, 0x0000000081d00000, 0x0000000081d00000|100%|HS|  |TAMS 0x0000000081d00000, 0x0000000081c00000| Complete 
|  29|0x0000000081d00000, 0x0000000081e00000, 0x0000000081e00000|100%|HC|  |TAMS 0x0000000081e00000, 0x0000000081d00000| Complete 
|  30|0x0000000081e00000, 0x0000000081f00000, 0x0000000081f00000|100%| O|  |TAMS 0x0000000081f00000, 0x0000000081e00000| Untracked 
|  31|0x0000000081f00000, 0x0000000082000000, 0x0000000082000000|100%| O|  |TAMS 0x0000000082000000, 0x0000000081f00000| Untracked 
|  32|0x0000000082000000, 0x0000000082100000, 0x0000000082100000|100%| O|  |TAMS 0x0000000082100000, 0x0000000082000000| Untracked 
|  33|0x0000000082100000, 0x0000000082200000, 0x0000000082200000|100%| O|  |TAMS 0x0000000082200000, 0x0000000082100000| Untracked 
|  34|0x0000000082200000, 0x0000000082300000, 0x0000000082300000|100%| O|  |TAMS 0x0000000082300000, 0x0000000082200000| Untracked 
|  35|0x0000000082300000, 0x0000000082400000, 0x0000000082400000|100%| O|  |TAMS 0x0000000082400000, 0x0000000082300000| Untracked 
|  36|0x0000000082400000, 0x0000000082500000, 0x0000000082500000|100%| O|  |TAMS 0x0000000082500000, 0x0000000082400000| Untracked 
|  37|0x0000000082500000, 0x0000000082600000, 0x0000000082600000|100%| O|  |TAMS 0x0000000082600000, 0x0000000082500000| Untracked 
|  38|0x0000000082600000, 0x0000000082700000, 0x0000000082700000|100%| O|  |TAMS 0x0000000082700000, 0x0000000082600000| Untracked 
|  39|0x0000000082700000, 0x0000000082800000, 0x0000000082800000|100%| O|  |TAMS 0x0000000082800000, 0x0000000082700000| Untracked 
|  40|0x0000000082800000, 0x0000000082900000, 0x0000000082900000|100%| O|  |TAMS 0x0000000082900000, 0x0000000082800000| Untracked 
|  41|0x0000000082900000, 0x0000000082a00000, 0x0000000082a00000|100%| O|  |TAMS 0x0000000082a00000, 0x0000000082900000| Untracked 
|  42|0x0000000082a00000, 0x0000000082b00000, 0x0000000082b00000|100%| O|  |TAMS 0x0000000082b00000, 0x0000000082a00000| Untracked 
|  43|0x0000000082b00000, 0x0000000082c00000, 0x0000000082c00000|100%| O|  |TAMS 0x0000000082c00000, 0x0000000082b00000| Untracked 
|  44|0x0000000082c00000, 0x0000000082d00000, 0x0000000082d00000|100%| O|  |TAMS 0x0000000082d00000, 0x0000000082c00000| Untracked 
|  45|0x0000000082d00000, 0x0000000082e00000, 0x0000000082e00000|100%| O|  |TAMS 0x0000000082e00000, 0x0000000082d00000| Untracked 
|  46|0x0000000082e00000, 0x0000000082f00000, 0x0000000082f00000|100%| O|  |TAMS 0x0000000082f00000, 0x0000000082e00000| Untracked 
|  47|0x0000000082f00000, 0x0000000083000000, 0x0000000083000000|100%| O|  |TAMS 0x0000000083000000, 0x0000000082f00000| Untracked 
|  48|0x0000000083000000, 0x0000000083100000, 0x0000000083100000|100%| O|  |TAMS 0x0000000083100000, 0x0000000083000000| Untracked 
|  49|0x0000000083100000, 0x0000000083200000, 0x0000000083200000|100%| O|  |TAMS 0x0000000083200000, 0x0000000083100000| Untracked 
|  50|0x0000000083200000, 0x0000000083300000, 0x0000000083300000|100%| O|  |TAMS 0x0000000083300000, 0x0000000083200000| Untracked 
|  51|0x0000000083300000, 0x0000000083400000, 0x0000000083400000|100%| O|  |TAMS 0x0000000083400000, 0x0000000083300000| Untracked 
|  52|0x0000000083400000, 0x0000000083500000, 0x0000000083500000|100%| O|  |TAMS 0x0000000083500000, 0x0000000083400000| Untracked 
|  53|0x0000000083500000, 0x0000000083600000, 0x0000000083600000|100%| O|  |TAMS 0x0000000083600000, 0x0000000083500000| Untracked 
|  54|0x0000000083600000, 0x0000000083700000, 0x0000000083700000|100%| O|  |TAMS 0x0000000083700000, 0x0000000083600000| Untracked 
|  55|0x0000000083700000, 0x0000000083800000, 0x0000000083800000|100%| O|  |TAMS 0x0000000083800000, 0x0000000083700000| Untracked 
|  56|0x0000000083800000, 0x0000000083900000, 0x0000000083900000|100%| O|  |TAMS 0x0000000083900000, 0x0000000083800000| Untracked 
|  57|0x0000000083900000, 0x0000000083a00000, 0x0000000083a00000|100%| O|  |TAMS 0x0000000083a00000, 0x0000000083900000| Untracked 
|  58|0x0000000083a00000, 0x0000000083b00000, 0x0000000083b00000|100%| O|  |TAMS 0x0000000083b00000, 0x0000000083a00000| Untracked 
|  59|0x0000000083b00000, 0x0000000083c00000, 0x0000000083c00000|100%| O|  |TAMS 0x0000000083c00000, 0x0000000083b00000| Untracked 
|  60|0x0000000083c00000, 0x0000000083d00000, 0x0000000083d00000|100%| O|  |TAMS 0x0000000083d00000, 0x0000000083c00000| Untracked 
|  61|0x0000000083d00000, 0x0000000083e00000, 0x0000000083e00000|100%| O|  |TAMS 0x0000000083e00000, 0x0000000083d00000| Untracked 
|  62|0x0000000083e00000, 0x0000000083f00000, 0x0000000083f00000|100%| O|  |TAMS 0x0000000083f00000, 0x0000000083e00000| Untracked 
|  63|0x0000000083f00000, 0x0000000084000000, 0x0000000084000000|100%| O|  |TAMS 0x0000000084000000, 0x0000000083f00000| Untracked 
|  64|0x0000000084000000, 0x0000000084100000, 0x0000000084100000|100%| O|  |TAMS 0x0000000084100000, 0x0000000084000000| Untracked 
|  65|0x0000000084100000, 0x0000000084200000, 0x0000000084200000|100%| O|  |TAMS 0x0000000084200000, 0x0000000084100000| Untracked 
|  66|0x0000000084200000, 0x0000000084300000, 0x0000000084300000|100%| O|  |TAMS 0x0000000084300000, 0x0000000084200000| Untracked 
|  67|0x0000000084300000, 0x0000000084400000, 0x0000000084400000|100%| O|  |TAMS 0x0000000084400000, 0x0000000084300000| Untracked 
|  68|0x0000000084400000, 0x0000000084500000, 0x0000000084500000|100%| O|  |TAMS 0x0000000084500000, 0x0000000084400000| Untracked 
|  69|0x0000000084500000, 0x0000000084600000, 0x0000000084600000|100%| O|  |TAMS 0x0000000084600000, 0x0000000084500000| Untracked 
|  70|0x0000000084600000, 0x0000000084700000, 0x0000000084700000|100%| O|  |TAMS 0x0000000084700000, 0x0000000084600000| Untracked 
|  71|0x0000000084700000, 0x0000000084800000, 0x0000000084800000|100%| O|  |TAMS 0x0000000084800000, 0x0000000084700000| Untracked 
|  72|0x0000000084800000, 0x0000000084900000, 0x0000000084900000|100%|HS|  |TAMS 0x0000000084900000, 0x0000000084800000| Complete 
|  73|0x0000000084900000, 0x0000000084a00000, 0x0000000084a00000|100%|HC|  |TAMS 0x0000000084a00000, 0x0000000084900000| Complete 
|  74|0x0000000084a00000, 0x0000000084b00000, 0x0000000084b00000|100%|HS|  |TAMS 0x0000000084b00000, 0x0000000084a00000| Complete 
|  75|0x0000000084b00000, 0x0000000084c00000, 0x0000000084c00000|100%|HS|  |TAMS 0x0000000084c00000, 0x0000000084b00000| Complete 
|  76|0x0000000084c00000, 0x0000000084d00000, 0x0000000084d00000|100%|HS|  |TAMS 0x0000000084d00000, 0x0000000084c00000| Complete 
|  77|0x0000000084d00000, 0x0000000084e00000, 0x0000000084e00000|100%| O|  |TAMS 0x0000000084e00000, 0x0000000084d00000| Untracked 
|  78|0x0000000084e00000, 0x0000000084f00000, 0x0000000084f00000|100%| O|  |TAMS 0x0000000084f00000, 0x0000000084e00000| Untracked 
|  79|0x0000000084f00000, 0x0000000085000000, 0x0000000085000000|100%| O|  |TAMS 0x0000000085000000, 0x0000000084f00000| Untracked 
|  80|0x0000000085000000, 0x0000000085100000, 0x0000000085100000|100%|HS|  |TAMS 0x0000000085100000, 0x0000000085000000| Complete 
|  81|0x0000000085100000, 0x0000000085200000, 0x0000000085200000|100%| O|  |TAMS 0x0000000085200000, 0x0000000085100000| Untracked 
|  82|0x0000000085200000, 0x0000000085300000, 0x0000000085300000|100%| O|  |TAMS 0x0000000085300000, 0x0000000085200000| Untracked 
|  83|0x0000000085300000, 0x0000000085400000, 0x0000000085400000|100%| O|  |TAMS 0x0000000085400000, 0x0000000085300000| Untracked 
|  84|0x0000000085400000, 0x0000000085500000, 0x0000000085500000|100%| O|  |TAMS 0x0000000085500000, 0x0000000085400000| Untracked 
|  85|0x0000000085500000, 0x0000000085600000, 0x0000000085600000|100%| O|  |TAMS 0x0000000085600000, 0x0000000085500000| Untracked 
|  86|0x0000000085600000, 0x0000000085700000, 0x0000000085700000|100%| O|  |TAMS 0x0000000085700000, 0x0000000085600000| Untracked 
|  87|0x0000000085700000, 0x0000000085800000, 0x0000000085800000|100%| O|  |TAMS 0x0000000085800000, 0x0000000085700000| Untracked 
|  88|0x0000000085800000, 0x0000000085900000, 0x0000000085900000|100%| O|  |TAMS 0x0000000085900000, 0x0000000085800000| Untracked 
|  89|0x0000000085900000, 0x0000000085a00000, 0x0000000085a00000|100%| O|  |TAMS 0x0000000085a00000, 0x0000000085900000| Untracked 
|  90|0x0000000085a00000, 0x0000000085b00000, 0x0000000085b00000|100%|HS|  |TAMS 0x0000000085a00000, 0x0000000085a00000| Complete 
|  91|0x0000000085b00000, 0x0000000085c00000, 0x0000000085c00000|100%|HS|  |TAMS 0x0000000085b00000, 0x0000000085b00000| Complete 
|  92|0x0000000085c00000, 0x0000000085d00000, 0x0000000085d00000|100%|HS|  |TAMS 0x0000000085d00000, 0x0000000085c00000| Complete 
|  93|0x0000000085d00000, 0x0000000085e00000, 0x0000000085e00000|100%|HC|  |TAMS 0x0000000085e00000, 0x0000000085d00000| Complete 
|  94|0x0000000085e00000, 0x0000000085f00000, 0x0000000085f00000|100%| O|  |TAMS 0x0000000085e00000, 0x0000000085e00000| Untracked 
|  95|0x0000000085f00000, 0x0000000086000000, 0x0000000086000000|100%|HS|  |TAMS 0x0000000086000000, 0x0000000085f00000| Complete 
|  96|0x0000000086000000, 0x0000000086100000, 0x0000000086100000|100%| O|  |TAMS 0x0000000086000000, 0x0000000086000000| Untracked 
|  97|0x0000000086100000, 0x0000000086200000, 0x0000000086200000|100%|HS|  |TAMS 0x0000000086200000, 0x0000000086100000| Complete 
|  98|0x0000000086200000, 0x0000000086300000, 0x0000000086300000|100%| O|  |TAMS 0x0000000086200000, 0x0000000086200000| Untracked 
|  99|0x0000000086300000, 0x0000000086400000, 0x0000000086400000|100%|HS|  |TAMS 0x0000000086400000, 0x0000000086300000| Complete 
| 100|0x0000000086400000, 0x0000000086500000, 0x0000000086500000|100%| O|  |TAMS 0x0000000086400000, 0x0000000086400000| Untracked 
| 101|0x0000000086500000, 0x0000000086600000, 0x0000000086600000|100%|HS|  |TAMS 0x0000000086600000, 0x0000000086500000| Complete 
| 102|0x0000000086600000, 0x0000000086700000, 0x0000000086700000|100%| O|  |TAMS 0x0000000086700000, 0x0000000086600000| Untracked 
| 103|0x0000000086700000, 0x0000000086800000, 0x0000000086800000|100%| O|  |TAMS 0x0000000086800000, 0x0000000086700000| Untracked 
| 104|0x0000000086800000, 0x0000000086900000, 0x0000000086900000|100%| O|  |TAMS 0x0000000086900000, 0x0000000086800000| Untracked 
| 105|0x0000000086900000, 0x0000000086a00000, 0x0000000086a00000|100%| O|  |TAMS 0x0000000086a00000, 0x0000000086900000| Untracked 
| 106|0x0000000086a00000, 0x0000000086b00000, 0x0000000086b00000|100%| O|  |TAMS 0x0000000086b00000, 0x0000000086a00000| Untracked 
| 107|0x0000000086b00000, 0x0000000086c00000, 0x0000000086c00000|100%| O|  |TAMS 0x0000000086c00000, 0x0000000086b00000| Untracked 
| 108|0x0000000086c00000, 0x0000000086d00000, 0x0000000086d00000|100%| O|  |TAMS 0x0000000086d00000, 0x0000000086c00000| Untracked 
| 109|0x0000000086d00000, 0x0000000086e00000, 0x0000000086e00000|100%| O|  |TAMS 0x0000000086e00000, 0x0000000086d00000| Untracked 
| 110|0x0000000086e00000, 0x0000000086f00000, 0x0000000086f00000|100%| O|  |TAMS 0x0000000086f00000, 0x0000000086e00000| Untracked 
| 111|0x0000000086f00000, 0x0000000087000000, 0x0000000087000000|100%| O|  |TAMS 0x0000000087000000, 0x0000000086f00000| Untracked 
| 112|0x0000000087000000, 0x0000000087100000, 0x0000000087100000|100%| O|  |TAMS 0x0000000087000000, 0x0000000087000000| Untracked 
| 113|0x0000000087100000, 0x0000000087200000, 0x0000000087200000|100%| O|  |TAMS 0x0000000087100000, 0x0000000087100000| Untracked 
| 114|0x0000000087200000, 0x0000000087300000, 0x0000000087300000|100%| O|  |TAMS 0x0000000087200000, 0x0000000087200000| Untracked 
| 115|0x0000000087300000, 0x0000000087400000, 0x0000000087400000|100%| O|  |TAMS 0x0000000087300000, 0x0000000087300000| Untracked 
| 116|0x0000000087400000, 0x0000000087500000, 0x0000000087500000|100%| O|  |TAMS 0x0000000087400000, 0x0000000087400000| Untracked 
| 117|0x0000000087500000, 0x0000000087600000, 0x0000000087600000|100%| O|  |TAMS 0x0000000087500000, 0x0000000087500000| Untracked 
| 118|0x0000000087600000, 0x0000000087700000, 0x0000000087700000|100%| O|  |TAMS 0x0000000087600000, 0x0000000087600000| Untracked 
| 119|0x0000000087700000, 0x0000000087800000, 0x0000000087800000|100%| O|  |TAMS 0x0000000087700000, 0x0000000087700000| Untracked 
| 120|0x0000000087800000, 0x0000000087900000, 0x0000000087900000|100%| O|  |TAMS 0x0000000087800000, 0x0000000087800000| Untracked 
| 121|0x0000000087900000, 0x0000000087a00000, 0x0000000087a00000|100%| O|  |TAMS 0x0000000087900000, 0x0000000087900000| Untracked 
| 122|0x0000000087a00000, 0x0000000087b00000, 0x0000000087b00000|100%| O|  |TAMS 0x0000000087a00000, 0x0000000087a00000| Untracked 
| 123|0x0000000087b00000, 0x0000000087c00000, 0x0000000087c00000|100%| O|  |TAMS 0x0000000087b00000, 0x0000000087b00000| Untracked 
| 124|0x0000000087c00000, 0x0000000087d00000, 0x0000000087d00000|100%| O|  |TAMS 0x0000000087c00000, 0x0000000087c00000| Untracked 
| 125|0x0000000087d00000, 0x0000000087e00000, 0x0000000087e00000|100%| O|  |TAMS 0x0000000087d00000, 0x0000000087d00000| Untracked 
| 126|0x0000000087e00000, 0x0000000087f00000, 0x0000000087f00000|100%| O|  |TAMS 0x0000000087e00000, 0x0000000087e00000| Untracked 
| 127|0x0000000087f00000, 0x0000000088000000, 0x0000000088000000|100%| O|  |TAMS 0x0000000087f00000, 0x0000000087f00000| Untracked 
| 128|0x0000000088000000, 0x0000000088100000, 0x0000000088100000|100%| O|  |TAMS 0x0000000088000000, 0x0000000088000000| Untracked 
| 129|0x0000000088100000, 0x0000000088200000, 0x0000000088200000|100%| O|  |TAMS 0x0000000088100000, 0x0000000088100000| Untracked 
| 130|0x0000000088200000, 0x0000000088300000, 0x0000000088300000|100%| O|  |TAMS 0x0000000088200000, 0x0000000088200000| Untracked 
| 131|0x0000000088300000, 0x0000000088400000, 0x0000000088400000|100%| O|  |TAMS 0x0000000088300000, 0x0000000088300000| Untracked 
| 132|0x0000000088400000, 0x0000000088500000, 0x0000000088500000|100%| O|  |TAMS 0x0000000088400000, 0x0000000088400000| Untracked 
| 133|0x0000000088500000, 0x0000000088600000, 0x0000000088600000|100%| O|  |TAMS 0x0000000088500000, 0x0000000088500000| Untracked 
| 134|0x0000000088600000, 0x0000000088700000, 0x0000000088700000|100%| O|  |TAMS 0x0000000088600000, 0x0000000088600000| Untracked 
| 135|0x0000000088700000, 0x0000000088800000, 0x0000000088800000|100%| O|  |TAMS 0x0000000088700000, 0x0000000088700000| Untracked 
| 136|0x0000000088800000, 0x0000000088900000, 0x0000000088900000|100%| O|  |TAMS 0x0000000088800000, 0x0000000088800000| Untracked 
| 137|0x0000000088900000, 0x0000000088a00000, 0x0000000088a00000|100%| O|  |TAMS 0x0000000088900000, 0x0000000088900000| Untracked 
| 138|0x0000000088a00000, 0x0000000088b00000, 0x0000000088b00000|100%| O|  |TAMS 0x0000000088a00000, 0x0000000088a00000| Untracked 
| 139|0x0000000088b00000, 0x0000000088c00000, 0x0000000088c00000|100%| O|  |TAMS 0x0000000088b00000, 0x0000000088b00000| Untracked 
| 140|0x0000000088c00000, 0x0000000088d00000, 0x0000000088d00000|100%| O|  |TAMS 0x0000000088c00000, 0x0000000088c00000| Untracked 
| 141|0x0000000088d00000, 0x0000000088e00000, 0x0000000088e00000|100%| O|  |TAMS 0x0000000088d00000, 0x0000000088d00000| Untracked 
| 142|0x0000000088e00000, 0x0000000088f00000, 0x0000000088f00000|100%| O|  |TAMS 0x0000000088e00000, 0x0000000088e00000| Untracked 
| 143|0x0000000088f00000, 0x0000000089000000, 0x0000000089000000|100%| O|  |TAMS 0x0000000088f00000, 0x0000000088f00000| Untracked 
| 144|0x0000000089000000, 0x0000000089100000, 0x0000000089100000|100%| O|  |TAMS 0x0000000089000000, 0x0000000089000000| Untracked 
| 145|0x0000000089100000, 0x0000000089200000, 0x0000000089200000|100%| O|  |TAMS 0x0000000089100000, 0x0000000089100000| Untracked 
| 146|0x0000000089200000, 0x0000000089300000, 0x0000000089300000|100%| O|  |TAMS 0x0000000089200000, 0x0000000089200000| Untracked 
| 147|0x0000000089300000, 0x0000000089400000, 0x0000000089400000|100%| O|  |TAMS 0x0000000089300000, 0x0000000089300000| Untracked 
| 148|0x0000000089400000, 0x0000000089500000, 0x0000000089500000|100%| O|  |TAMS 0x0000000089400000, 0x0000000089400000| Untracked 
| 149|0x0000000089500000, 0x0000000089600000, 0x0000000089600000|100%| O|  |TAMS 0x0000000089500000, 0x0000000089500000| Untracked 
| 150|0x0000000089600000, 0x0000000089700000, 0x0000000089700000|100%| O|  |TAMS 0x0000000089600000, 0x0000000089600000| Untracked 
| 151|0x0000000089700000, 0x0000000089800000, 0x0000000089800000|100%| O|  |TAMS 0x0000000089700000, 0x0000000089700000| Untracked 
| 152|0x0000000089800000, 0x0000000089900000, 0x0000000089900000|100%| O|  |TAMS 0x0000000089800000, 0x0000000089800000| Untracked 
| 153|0x0000000089900000, 0x0000000089a00000, 0x0000000089a00000|100%| O|  |TAMS 0x0000000089900000, 0x0000000089900000| Untracked 
| 154|0x0000000089a00000, 0x0000000089b00000, 0x0000000089b00000|100%| O|  |TAMS 0x0000000089a00000, 0x0000000089a00000| Untracked 
| 155|0x0000000089b00000, 0x0000000089c00000, 0x0000000089c00000|100%| O|  |TAMS 0x0000000089b00000, 0x0000000089b00000| Untracked 
| 156|0x0000000089c00000, 0x0000000089d00000, 0x0000000089d00000|100%| O|  |TAMS 0x0000000089c00000, 0x0000000089c00000| Untracked 
| 157|0x0000000089d00000, 0x0000000089e00000, 0x0000000089e00000|100%| O|  |TAMS 0x0000000089d00000, 0x0000000089d00000| Untracked 
| 158|0x0000000089e00000, 0x0000000089e00000, 0x0000000089f00000|  0%| F|  |TAMS 0x0000000089e00000, 0x0000000089e00000| Untracked 
| 159|0x0000000089f00000, 0x0000000089f00000, 0x000000008a000000|  0%| F|  |TAMS 0x0000000089f00000, 0x0000000089f00000| Untracked 
| 160|0x000000008a000000, 0x000000008a000000, 0x000000008a100000|  0%| F|  |TAMS 0x000000008a000000, 0x000000008a000000| Untracked 
| 161|0x000000008a100000, 0x000000008a100000, 0x000000008a200000|  0%| F|  |TAMS 0x000000008a100000, 0x000000008a100000| Untracked 
| 162|0x000000008a200000, 0x000000008a200000, 0x000000008a300000|  0%| F|  |TAMS 0x000000008a200000, 0x000000008a200000| Untracked 
| 163|0x000000008a300000, 0x000000008a300000, 0x000000008a400000|  0%| F|  |TAMS 0x000000008a300000, 0x000000008a300000| Untracked 
| 164|0x000000008a400000, 0x000000008a400000, 0x000000008a500000|  0%| F|  |TAMS 0x000000008a400000, 0x000000008a400000| Untracked 
| 165|0x000000008a500000, 0x000000008a500000, 0x000000008a600000|  0%| F|  |TAMS 0x000000008a500000, 0x000000008a500000| Untracked 
| 166|0x000000008a600000, 0x000000008a600000, 0x000000008a700000|  0%| F|  |TAMS 0x000000008a600000, 0x000000008a600000| Untracked 
| 167|0x000000008a700000, 0x000000008a700000, 0x000000008a800000|  0%| F|  |TAMS 0x000000008a700000, 0x000000008a700000| Untracked 
| 168|0x000000008a800000, 0x000000008a800000, 0x000000008a900000|  0%| F|  |TAMS 0x000000008a800000, 0x000000008a800000| Untracked 
| 169|0x000000008a900000, 0x000000008a900000, 0x000000008aa00000|  0%| F|  |TAMS 0x000000008a900000, 0x000000008a900000| Untracked 
| 170|0x000000008aa00000, 0x000000008aa00000, 0x000000008ab00000|  0%| F|  |TAMS 0x000000008aa00000, 0x000000008aa00000| Untracked 
| 171|0x000000008ab00000, 0x000000008ab00000, 0x000000008ac00000|  0%| F|  |TAMS 0x000000008ab00000, 0x000000008ab00000| Untracked 
| 172|0x000000008ac00000, 0x000000008ac00000, 0x000000008ad00000|  0%| F|  |TAMS 0x000000008ac00000, 0x000000008ac00000| Untracked 
| 173|0x000000008ad00000, 0x000000008ad00000, 0x000000008ae00000|  0%| F|  |TAMS 0x000000008ad00000, 0x000000008ad00000| Untracked 
| 174|0x000000008ae00000, 0x000000008ae00000, 0x000000008af00000|  0%| F|  |TAMS 0x000000008ae00000, 0x000000008ae00000| Untracked 
| 175|0x000000008af00000, 0x000000008af00000, 0x000000008b000000|  0%| F|  |TAMS 0x000000008af00000, 0x000000008af00000| Untracked 
| 176|0x000000008b000000, 0x000000008b000000, 0x000000008b100000|  0%| F|  |TAMS 0x000000008b000000, 0x000000008b000000| Untracked 
| 177|0x000000008b100000, 0x000000008b100000, 0x000000008b200000|  0%| F|  |TAMS 0x000000008b100000, 0x000000008b100000| Untracked 
| 178|0x000000008b200000, 0x000000008b200000, 0x000000008b300000|  0%| F|  |TAMS 0x000000008b200000, 0x000000008b200000| Untracked 
| 179|0x000000008b300000, 0x000000008b300000, 0x000000008b400000|  0%| F|  |TAMS 0x000000008b300000, 0x000000008b300000| Untracked 
| 180|0x000000008b400000, 0x000000008b400000, 0x000000008b500000|  0%| F|  |TAMS 0x000000008b400000, 0x000000008b400000| Untracked 
| 181|0x000000008b500000, 0x000000008b500000, 0x000000008b600000|  0%| F|  |TAMS 0x000000008b500000, 0x000000008b500000| Untracked 
| 182|0x000000008b600000, 0x000000008b600000, 0x000000008b700000|  0%| F|  |TAMS 0x000000008b600000, 0x000000008b600000| Untracked 
| 183|0x000000008b700000, 0x000000008b700000, 0x000000008b800000|  0%| F|  |TAMS 0x000000008b700000, 0x000000008b700000| Untracked 
| 184|0x000000008b800000, 0x000000008b800000, 0x000000008b900000|  0%| F|  |TAMS 0x000000008b800000, 0x000000008b800000| Untracked 
| 185|0x000000008b900000, 0x000000008b900000, 0x000000008ba00000|  0%| F|  |TAMS 0x000000008b900000, 0x000000008b900000| Untracked 
| 186|0x000000008ba00000, 0x000000008ba00000, 0x000000008bb00000|  0%| F|  |TAMS 0x000000008ba00000, 0x000000008ba00000| Untracked 
| 187|0x000000008bb00000, 0x000000008bc00000, 0x000000008bc00000|100%| S|CS|TAMS 0x000000008bb00000, 0x000000008bb00000| Complete 
| 188|0x000000008bc00000, 0x000000008bd00000, 0x000000008bd00000|100%| S|CS|TAMS 0x000000008bc00000, 0x000000008bc00000| Complete 
| 189|0x000000008bd00000, 0x000000008be00000, 0x000000008be00000|100%| S|CS|TAMS 0x000000008bd00000, 0x000000008bd00000| Complete 
| 190|0x000000008be00000, 0x000000008be00000, 0x000000008bf00000|  0%| F|  |TAMS 0x000000008be00000, 0x000000008be00000| Untracked 
| 191|0x000000008bf00000, 0x000000008bf00000, 0x000000008c000000|  0%| F|  |TAMS 0x000000008bf00000, 0x000000008bf00000| Untracked 
| 192|0x000000008c000000, 0x000000008c000000, 0x000000008c100000|  0%| F|  |TAMS 0x000000008c000000, 0x000000008c000000| Untracked 
| 193|0x000000008c100000, 0x000000008c100000, 0x000000008c200000|  0%| F|  |TAMS 0x000000008c100000, 0x000000008c100000| Untracked 
| 194|0x000000008c200000, 0x000000008c200000, 0x000000008c300000|  0%| F|  |TAMS 0x000000008c200000, 0x000000008c200000| Untracked 
| 195|0x000000008c300000, 0x000000008c300000, 0x000000008c400000|  0%| F|  |TAMS 0x000000008c300000, 0x000000008c300000| Untracked 
| 196|0x000000008c400000, 0x000000008c400000, 0x000000008c500000|  0%| F|  |TAMS 0x000000008c400000, 0x000000008c400000| Untracked 
| 197|0x000000008c500000, 0x000000008c500000, 0x000000008c600000|  0%| F|  |TAMS 0x000000008c500000, 0x000000008c500000| Untracked 
| 198|0x000000008c600000, 0x000000008c600000, 0x000000008c700000|  0%| F|  |TAMS 0x000000008c600000, 0x000000008c600000| Untracked 
| 199|0x000000008c700000, 0x000000008c700000, 0x000000008c800000|  0%| F|  |TAMS 0x000000008c700000, 0x000000008c700000| Untracked 
| 200|0x000000008c800000, 0x000000008c800000, 0x000000008c900000|  0%| F|  |TAMS 0x000000008c800000, 0x000000008c800000| Untracked 
| 201|0x000000008c900000, 0x000000008c900000, 0x000000008ca00000|  0%| F|  |TAMS 0x000000008c900000, 0x000000008c900000| Untracked 
| 202|0x000000008ca00000, 0x000000008ca00000, 0x000000008cb00000|  0%| F|  |TAMS 0x000000008ca00000, 0x000000008ca00000| Untracked 
| 203|0x000000008cb00000, 0x000000008cb00000, 0x000000008cc00000|  0%| F|  |TAMS 0x000000008cb00000, 0x000000008cb00000| Untracked 
| 204|0x000000008cc00000, 0x000000008cc00000, 0x000000008cd00000|  0%| F|  |TAMS 0x000000008cc00000, 0x000000008cc00000| Untracked 
| 205|0x000000008cd00000, 0x000000008cd00000, 0x000000008ce00000|  0%| F|  |TAMS 0x000000008cd00000, 0x000000008cd00000| Untracked 
| 206|0x000000008ce00000, 0x000000008ce00000, 0x000000008cf00000|  0%| F|  |TAMS 0x000000008ce00000, 0x000000008ce00000| Untracked 

Card table byte_map: [0x000002aac91d0000,0x000002aac95d0000] _byte_map_base: 0x000002aac8dd0000

Marking Bits (Prev, Next): (CMBitMap*) 0x000002aab5ceb760, (CMBitMap*) 0x000002aab5ceb728
 Prev Bits: [0x000002aacb9d0000, 0x000002aacd9d0000)
 Next Bits: [0x000002aac99d0000, 0x000002aacb9d0000)

Polling page: 0x000002aab4390000

Metaspace:

Usage:
  Non-class:     78.44 MB capacity,    77.08 MB ( 98%) used,     1.11 MB (  1%) free+waste,   254.06 KB ( <1%) overhead. 
      Class:     12.42 MB capacity,    11.62 MB ( 94%) used,   708.97 KB (  6%) free+waste,   114.31 KB ( <1%) overhead. 
       Both:     90.86 MB capacity,    88.70 MB ( 98%) used,     1.80 MB (  2%) free+waste,   368.38 KB ( <1%) overhead. 

Virtual space:
  Non-class space:       80.00 MB reserved,      78.62 MB ( 98%) committed 
      Class space:        1.00 GB reserved,      12.50 MB (  1%) committed 
             Both:        1.08 GB reserved,      91.12 MB (  8%) committed 

Chunk freelists:
   Non-Class:  55.00 KB
       Class:  16.00 KB
        Both:  71.00 KB

MaxMetaspaceSize: 17179869184.00 GB
CompressedClassSpaceSize: 1.00 GB

CodeHeap 'non-profiled nmethods': size=120064Kb used=5436Kb max_used=5436Kb free=114628Kb
 bounds [0x000002aac1260000, 0x000002aac17b0000, 0x000002aac87a0000]
CodeHeap 'profiled nmethods': size=120000Kb used=23441Kb max_used=23441Kb free=96559Kb
 bounds [0x000002aab9d30000, 0x000002aabb420000, 0x000002aac1260000]
CodeHeap 'non-nmethods': size=5696Kb used=2303Kb max_used=2354Kb free=3392Kb
 bounds [0x000002aab97a0000, 0x000002aab9a10000, 0x000002aab9d30000]
 total_blobs=12031 nmethods=11125 adapters=817
 compilation: enabled
              stopped_count=0, restarted_count=0
 full_count=0

Compilation events (20 events):
Event: 39.386 Thread 0x000002aad0042800 11354       2       com.android.tools.r8.internal.qr::f (65 bytes)
Event: 39.387 Thread 0x000002aad0042800 nmethod 11354 0x000002aabb410990 code [0x000002aabb410ba0, 0x000002aabb411068]
Event: 39.471 Thread 0x000002aad0042800 11355   !   2       com.android.tools.r8.graph.T::b (34 bytes)
Event: 39.483 Thread 0x000002aad0042800 nmethod 11355 0x000002aabb411290 code [0x000002aabb411460, 0x000002aabb411828]
Event: 39.483 Thread 0x000002aad0042800 11356       2       com.android.tools.r8.internal.mu$f::<init> (41 bytes)
Event: 39.483 Thread 0x000002aad0042800 nmethod 11356 0x000002aabb411a90 code [0x000002aabb411c40, 0x000002aabb411db8]
Event: 39.504 Thread 0x000002aad0042800 11358       2       com.android.tools.r8.graph.f0$s::<init> (6 bytes)
Event: 39.504 Thread 0x000002aad0042800 nmethod 11358 0x000002aabb411e90 code [0x000002aabb412040, 0x000002aabb412138]
Event: 39.505 Thread 0x000002aad0042800 11359       2       com.android.tools.r8.code.z2::<init> (7 bytes)
Event: 39.505 Thread 0x000002aad0042800 nmethod 11359 0x000002aabb412210 code [0x000002aabb4123e0, 0x000002aabb412618]
Event: 39.507 Thread 0x000002aad0042800 11360       2       com.android.tools.r8.code.v2::<init> (7 bytes)
Event: 39.508 Thread 0x000002aad0042800 nmethod 11360 0x000002aabb412810 code [0x000002aabb4129e0, 0x000002aabb412c18]
Event: 39.545 Thread 0x000002aad0042800 11364       2       com.android.tools.r8.code.l0::<init> (7 bytes)
Event: 39.546 Thread 0x000002aad0042800 nmethod 11364 0x000002aabb412e10 code [0x000002aabb412fe0, 0x000002aabb413218]
Event: 39.559 Thread 0x000002aad0042800 11365       2       com.android.tools.r8.code.s2::<init> (7 bytes)
Event: 39.559 Thread 0x000002aad0042800 nmethod 11365 0x000002aabb413410 code [0x000002aabb4135c0, 0x000002aabb413718]
Event: 39.560 Thread 0x000002aad0042800 11366       2       com.android.tools.r8.code.d::<init> (7 bytes)
Event: 39.560 Thread 0x000002aad0042800 nmethod 11366 0x000002aabb413810 code [0x000002aabb4139e0, 0x000002aabb413c18]
Event: 39.599 Thread 0x000002aad0042800 11368       2       com.android.tools.r8.code.p0::<init> (7 bytes)
Event: 39.600 Thread 0x000002aad0042800 nmethod 11368 0x000002aabb413e10 code [0x000002aabb413fe0, 0x000002aabb414218]

GC Heap History (20 events):
Event: 28.134 GC heap after
{Heap after GC invocations=36 (full 0):
 garbage-first heap   total 146432K, used 68024K [0x0000000080000000, 0x0000000100000000)
  region size 1024K, 4 young (4096K), 4 survivors (4096K)
 Metaspace       used 79635K, capacity 81734K, committed 82044K, reserved 1120256K
  class space    used 10399K, capacity 11161K, committed 11264K, reserved 1048576K
}
Event: 29.153 GC heap before
{Heap before GC invocations=36 (full 0):
 garbage-first heap   total 146432K, used 112056K [0x0000000080000000, 0x0000000100000000)
  region size 1024K, 48 young (49152K), 4 survivors (4096K)
 Metaspace       used 80204K, capacity 82400K, committed 82556K, reserved 1120256K
  class space    used 10423K, capacity 11212K, committed 11264K, reserved 1048576K
}
Event: 29.172 GC heap after
{Heap after GC invocations=37 (full 0):
 garbage-first heap   total 146432K, used 71322K [0x0000000080000000, 0x0000000100000000)
  region size 1024K, 3 young (3072K), 3 survivors (3072K)
 Metaspace       used 80204K, capacity 82400K, committed 82556K, reserved 1120256K
  class space    used 10423K, capacity 11212K, committed 11264K, reserved 1048576K
}
Event: 29.970 GC heap before
{Heap before GC invocations=37 (full 0):
 garbage-first heap   total 146432K, used 115354K [0x0000000080000000, 0x0000000100000000)
  region size 1024K, 47 young (48128K), 3 survivors (3072K)
 Metaspace       used 80570K, capacity 82710K, committed 82940K, reserved 1120256K
  class space    used 10472K, capacity 11267K, committed 11392K, reserved 1048576K
}
Event: 29.985 GC heap after
{Heap after GC invocations=38 (full 0):
 garbage-first heap   total 176128K, used 73732K [0x0000000080000000, 0x0000000100000000)
  region size 1024K, 6 young (6144K), 6 survivors (6144K)
 Metaspace       used 80570K, capacity 82710K, committed 82940K, reserved 1120256K
  class space    used 10472K, capacity 11267K, committed 11392K, reserved 1048576K
}
Event: 31.734 GC heap before
{Heap before GC invocations=39 (full 0):
 garbage-first heap   total 176128K, used 125956K [0x0000000080000000, 0x0000000100000000)
  region size 1024K, 58 young (59392K), 6 survivors (6144K)
 Metaspace       used 82101K, capacity 84212K, committed 84604K, reserved 1122304K
  class space    used 10595K, capacity 11381K, committed 11520K, reserved 1048576K
}
Event: 31.775 GC heap after
{Heap after GC invocations=40 (full 0):
 garbage-first heap   total 176128K, used 76479K [0x0000000080000000, 0x0000000100000000)
  region size 1024K, 6 young (6144K), 6 survivors (6144K)
 Metaspace       used 82101K, capacity 84212K, committed 84604K, reserved 1122304K
  class space    used 10595K, capacity 11381K, committed 11520K, reserved 1048576K
}
Event: 32.660 GC heap before
{Heap before GC invocations=40 (full 0):
 garbage-first heap   total 176128K, used 138943K [0x0000000080000000, 0x0000000100000000)
  region size 1024K, 68 young (69632K), 6 survivors (6144K)
 Metaspace       used 84198K, capacity 86347K, committed 86652K, reserved 1124352K
  class space    used 10872K, capacity 11642K, committed 11776K, reserved 1048576K
}
Event: 32.699 GC heap after
{Heap after GC invocations=41 (full 0):
 garbage-first heap   total 176128K, used 78417K [0x0000000080000000, 0x0000000100000000)
  region size 1024K, 5 young (5120K), 5 survivors (5120K)
 Metaspace       used 84198K, capacity 86347K, committed 86652K, reserved 1124352K
  class space    used 10872K, capacity 11642K, committed 11776K, reserved 1048576K
}
Event: 34.101 GC heap before
{Heap before GC invocations=41 (full 0):
 garbage-first heap   total 176128K, used 135761K [0x0000000080000000, 0x0000000100000000)
  region size 1024K, 58 young (59392K), 5 survivors (5120K)
 Metaspace       used 85649K, capacity 87830K, committed 88060K, reserved 1126400K
  class space    used 11017K, capacity 11792K, committed 11904K, reserved 1048576K
}
Event: 34.134 GC heap after
{Heap after GC invocations=42 (full 0):
 garbage-first heap   total 176128K, used 91136K [0x0000000080000000, 0x0000000100000000)
  region size 1024K, 9 young (9216K), 9 survivors (9216K)
 Metaspace       used 85649K, capacity 87830K, committed 88060K, reserved 1126400K
  class space    used 11017K, capacity 11792K, committed 11904K, reserved 1048576K
}
Event: 34.976 GC heap before
{Heap before GC invocations=43 (full 0):
 garbage-first heap   total 176128K, used 101376K [0x0000000080000000, 0x0000000100000000)
  region size 1024K, 20 young (20480K), 9 survivors (9216K)
 Metaspace       used 88145K, capacity 90395K, committed 90492K, reserved 1128448K
  class space    used 11392K, capacity 12202K, committed 12288K, reserved 1048576K
}
Event: 35.019 GC heap after
{Heap after GC invocations=44 (full 0):
 garbage-first heap   total 211968K, used 94248K [0x0000000080000000, 0x0000000100000000)
  region size 1024K, 3 young (3072K), 3 survivors (3072K)
 Metaspace       used 88145K, capacity 90395K, committed 90492K, reserved 1128448K
  class space    used 11392K, capacity 12202K, committed 12288K, reserved 1048576K
}
Event: 36.098 GC heap before
{Heap before GC invocations=45 (full 0):
 garbage-first heap   total 211968K, used 151592K [0x0000000080000000, 0x0000000100000000)
  region size 1024K, 49 young (50176K), 3 survivors (3072K)
 Metaspace       used 88522K, capacity 90708K, committed 91004K, reserved 1128448K
  class space    used 11431K, capacity 12242K, committed 12288K, reserved 1048576K
}
Event: 36.328 GC heap after
{Heap after GC invocations=46 (full 0):
 garbage-first heap   total 211968K, used 118784K [0x0000000080000000, 0x0000000100000000)
  region size 1024K, 10 young (10240K), 10 survivors (10240K)
 Metaspace       used 88522K, capacity 90708K, committed 91004K, reserved 1128448K
  class space    used 11431K, capacity 12242K, committed 12288K, reserved 1048576K
}
Event: 38.060 GC heap before
{Heap before GC invocations=46 (full 0):
 garbage-first heap   total 211968K, used 165888K [0x0000000080000000, 0x0000000100000000)
  region size 1024K, 55 young (56320K), 10 survivors (10240K)
 Metaspace       used 90776K, capacity 92978K, committed 93308K, reserved 1130496K
  class space    used 11896K, capacity 12720K, committed 12800K, reserved 1048576K
}
Event: 38.243 GC heap after
{Heap after GC invocations=47 (full 0):
 garbage-first heap   total 211968K, used 141060K [0x0000000080000000, 0x0000000100000000)
  region size 1024K, 7 young (7168K), 7 survivors (7168K)
 Metaspace       used 90776K, capacity 92978K, committed 93308K, reserved 1130496K
  class space    used 11896K, capacity 12720K, committed 12800K, reserved 1048576K
}
Event: 38.620 GC heap before
{Heap before GC invocations=47 (full 0):
 garbage-first heap   total 211968K, used 167684K [0x0000000080000000, 0x0000000100000000)
  region size 1024K, 33 young (33792K), 7 survivors (7168K)
 Metaspace       used 90826K, capacity 93045K, committed 93308K, reserved 1130496K
  class space    used 11896K, capacity 12720K, committed 12800K, reserved 1048576K
}
Event: 38.787 GC heap after
{Heap after GC invocations=48 (full 0):
 garbage-first heap   total 211968K, used 155136K [0x0000000080000000, 0x0000000100000000)
  region size 1024K, 5 young (5120K), 5 survivors (5120K)
 Metaspace       used 90826K, capacity 93045K, committed 93308K, reserved 1130496K
  class space    used 11896K, capacity 12720K, committed 12800K, reserved 1048576K
}
Event: 39.673 GC heap before
{Heap before GC invocations=49 (full 0):
 garbage-first heap   total 211968K, used 172544K [0x0000000080000000, 0x0000000100000000)
  region size 1024K, 22 young (22528K), 5 survivors (5120K)
 Metaspace       used 90828K, capacity 93045K, committed 93308K, reserved 1130496K
  class space    used 11896K, capacity 12720K, committed 12800K, reserved 1048576K
}

Deoptimization events (20 events):
Event: 38.519 Thread 0x000002aad7ac4000 DEOPT PACKING pc=0x000002aabb3f842b sp=0x000000ebd6dfe130
Event: 38.519 Thread 0x000002aad7ac4000 DEOPT UNPACKING pc=0x000002aab97c76ce sp=0x000000ebd6dfdd70 mode 0
Event: 38.579 Thread 0x000002aad7ac1000 DEOPT PACKING pc=0x000002aabb3f842b sp=0x000000ebd6efe110
Event: 38.581 Thread 0x000002aad7ac1000 DEOPT UNPACKING pc=0x000002aab97c76ce sp=0x000000ebd6efdd50 mode 0
Event: 39.099 Thread 0x000002aad7ac5000 DEOPT PACKING pc=0x000002aabb3f842b sp=0x000000ebd6ffe3f0
Event: 39.100 Thread 0x000002aad7ac5000 DEOPT UNPACKING pc=0x000002aab97c76ce sp=0x000000ebd6ffe030 mode 0
Event: 39.484 Thread 0x000002aad7ac1000 DEOPT PACKING pc=0x000002aabb3f842b sp=0x000000ebd6efe110
Event: 39.484 Thread 0x000002aad7ac1000 DEOPT UNPACKING pc=0x000002aab97c76ce sp=0x000000ebd6efdd50 mode 0
Event: 39.498 Thread 0x000002aad7ac1000 DEOPT PACKING pc=0x000002aabb3f842b sp=0x000000ebd6efe110
Event: 39.498 Thread 0x000002aad7ac1000 DEOPT UNPACKING pc=0x000002aab97c76ce sp=0x000000ebd6efdd50 mode 0
Event: 39.522 Thread 0x000002aad7ac3800 DEOPT PACKING pc=0x000002aabb3f842b sp=0x000000ebd6cfdd30
Event: 39.522 Thread 0x000002aad7ac3800 DEOPT UNPACKING pc=0x000002aab97c76ce sp=0x000000ebd6cfd970 mode 0
Event: 39.546 Thread 0x000002aad7ac4000 DEOPT PACKING pc=0x000002aabb3f842b sp=0x000000ebd6dfe110
Event: 39.546 Thread 0x000002aad7ac4000 DEOPT UNPACKING pc=0x000002aab97c76ce sp=0x000000ebd6dfdd50 mode 0
Event: 39.556 Thread 0x000002aad7ac4000 DEOPT PACKING pc=0x000002aabb3f842b sp=0x000000ebd6dfe130
Event: 39.556 Thread 0x000002aad7ac4000 DEOPT UNPACKING pc=0x000002aab97c76ce sp=0x000000ebd6dfdd70 mode 0
Event: 39.566 Thread 0x000002aad7ac4000 DEOPT PACKING pc=0x000002aabb3f842b sp=0x000000ebd6dfe130
Event: 39.566 Thread 0x000002aad7ac4000 DEOPT UNPACKING pc=0x000002aab97c76ce sp=0x000000ebd6dfdd70 mode 0
Event: 39.603 Thread 0x000002aad7ac5000 DEOPT PACKING pc=0x000002aabb3f842b sp=0x000000ebd6ffe3d0
Event: 39.603 Thread 0x000002aad7ac5000 DEOPT UNPACKING pc=0x000002aab97c76ce sp=0x000000ebd6ffe010 mode 0

Classes redefined (0 events):
No events

Internal exceptions (20 events):
Event: 30.869 Thread 0x000002aad7ab7000 Exception <a 'sun/nio/fs/WindowsException'{0x00000000891eb680}> (0x00000000891eb680) thrown at [./src/hotspot/share/prims/jni.cpp, line 615]
Event: 30.869 Thread 0x000002aad7ab7000 Exception <a 'sun/nio/fs/WindowsException'{0x00000000891ec518}> (0x00000000891ec518) thrown at [./src/hotspot/share/prims/jni.cpp, line 615]
Event: 30.925 Thread 0x000002aad7ab7000 Exception <a 'java/lang/NoSuchMethodError'{0x0000000088f722c8}: <clinit>> (0x0000000088f722c8) thrown at [./src/hotspot/share/prims/jni.cpp, line 1362]
Event: 30.943 Thread 0x000002aad7ab7000 Exception <a 'java/lang/NoSuchMethodError'{0x0000000088fa8740}: <clinit>> (0x0000000088fa8740) thrown at [./src/hotspot/share/prims/jni.cpp, line 1362]
Event: 30.958 Thread 0x000002aad7ab7000 Exception <a 'java/lang/NoSuchMethodError'{0x0000000088fe10f0}: <clinit>> (0x0000000088fe10f0) thrown at [./src/hotspot/share/prims/jni.cpp, line 1362]
Event: 30.964 Thread 0x000002aad7ab7000 Exception <a 'java/lang/NoSuchMethodError'{0x0000000088ff3eb8}: <clinit>> (0x0000000088ff3eb8) thrown at [./src/hotspot/share/prims/jni.cpp, line 1362]
Event: 32.053 Thread 0x000002aad7ab6800 Exception <a 'java/lang/NoSuchMethodError'{0x0000000089438c18}: 'int java.lang.invoke.DirectMethodHandle$Holder.invokeSpecial(java.lang.Object, java.lang.Object, java.lang.Object, java.lang.Object, java.lang.Object)'> (0x0000000089438c18) thrown at [./src/hotspot/share/interpreter/linkResolver.cpp, line 773]
Event: 34.045 Thread 0x000002aad7ab9800 Exception <a 'java/lang/NoSuchMethodError'{0x0000000087e3a210}: 'void java.lang.invoke.DirectMethodHandle$Holder.invokeStatic(java.lang.Object, long)'> (0x0000000087e3a210) thrown at [./src/hotspot/share/interpreter/linkResolver.cpp, line 773]
Event: 34.047 Thread 0x000002aad7ab9800 Exception <a 'java/lang/NoSuchMethodError'{0x0000000087e3f428}: 'java.lang.Object java.lang.invoke.DirectMethodHandle$Holder.invokeStatic(java.lang.Object, long)'> (0x0000000087e3f428) thrown at [./src/hotspot/share/interpreter/linkResolver.cpp, line 773]
Event: 34.090 Thread 0x000002aad7ab9800 Exception <a 'java/lang/NoSuchMethodError'{0x0000000087e4d790}: 'java.lang.Object java.lang.invoke.DirectMethodHandle$Holder.invokeStaticInit(java.lang.Object, java.lang.Object, long, java.lang.Object)'> (0x0000000087e4d790) thrown at [./src/hotspot/share/interpreter/linkResolver.cpp, line 773]
Event: 34.094 Thread 0x000002aad7ab9800 Exception <a 'java/lang/NoSuchMethodError'{0x0000000087e53928}: 'java.lang.Object java.lang.invoke.DirectMethodHandle$Holder.invokeStatic(java.lang.Object, java.lang.Object, long)'> (0x0000000087e53928) thrown at [./src/hotspot/share/interpreter/linkResolver.cpp, line 773]
Event: 34.100 Thread 0x000002aad7ab9800 Exception <a 'java/lang/NoSuchMethodError'{0x0000000087e59ea0}: 'java.lang.Object java.lang.invoke.Invokers$Holder.linkToTargetMethod(java.lang.Object, long, java.lang.Object)'> (0x0000000087e59ea0) thrown at [./src/hotspot/share/interpreter/linkResolver.cpp, line 773]
Event: 34.391 Thread 0x000002aad7abd000 Exception <a 'sun/nio/fs/WindowsException'{0x000000008a886d80}> (0x000000008a886d80) thrown at [./src/hotspot/share/prims/jni.cpp, line 615]
Event: 34.968 Thread 0x000002aad7abd000 Exception <a 'java/lang/NoSuchMethodError'{0x000000008a176b58}: 'java.lang.Object java.lang.invoke.DirectMethodHandle$Holder.invokeStatic(java.lang.Object, java.lang.Object, java.lang.Object, java.lang.Object, java.lang.Object, java.lang.Object, java.lang.Object, java.lang.Object, java.lang.Object, java.lang.Object, java.lang.Object, java.lang.Object, java.lang.Object, java.lang.Object, java.lang.Object, java.lang.Object, java.lang.Object, java.lang.Object, int, java.lang.Object)'> (0x000000008a176b58) thr
Event: 34.968 Thread 0x000002aad7abd000 Exception <a 'java/lang/NoSuchMethodError'{0x000000008a17c8b0}: 'java.lang.Object java.lang.invoke.DirectMethodHandle$Holder.invokeStaticInit(java.lang.Object, java.lang.Object, java.lang.Object, java.lang.Object, java.lang.Object, java.lang.Object, java.lang.Object, java.lang.Object, java.lang.Object, java.lang.Object, java.lang.Object, java.lang.Object, java.lang.Object, java.lang.Object, java.lang.Object, java.lang.Object, java.lang.Object, java.lang.Object, int, java.lang.Object)'> (0x000000008a17c8b0)
Event: 35.432 Thread 0x000002aad7ab9800 Exception <a 'java/lang/NoSuchMethodError'{0x000000008c7e5b30}: 'int java.lang.invoke.DirectMethodHandle$Holder.invokeSpecialIFC(java.lang.Object, java.lang.Object, java.lang.Object)'> (0x000000008c7e5b30) thrown at [./src/hotspot/share/interpreter/linkResolver.cpp, line 773]
Event: 36.717 Thread 0x000002aad7ac3800 Exception <a 'java/lang/IncompatibleClassChangeError'{0x000000008c7a5e20}: Found class java.lang.Object, but interface was expected> (0x000000008c7a5e20) thrown at [./src/hotspot/share/interpreter/linkResolver.cpp, line 839]
Event: 36.732 Thread 0x000002aad7ac5000 Exception <a 'java/lang/NoSuchMethodError'{0x000000008c79f160}: 'java.lang.Object java.lang.invoke.DirectMethodHandle$Holder.newInvokeSpecial(java.lang.Object, int)'> (0x000000008c79f160) thrown at [./src/hotspot/share/interpreter/linkResolver.cpp, line 773]
Event: 36.743 Thread 0x000002aad7ac3800 Exception <a 'java/lang/IncompatibleClassChangeError'{0x000000008c7f5fa0}: Found class java.lang.Object, but interface was expected> (0x000000008c7f5fa0) thrown at [./src/hotspot/share/interpreter/linkResolver.cpp, line 839]
Event: 36.745 Thread 0x000002aad7ac3800 Exception <a 'java/lang/IncompatibleClassChangeError'{0x000000008c7fd428}: Found class java.lang.Object, but interface was expected> (0x000000008c7fd428) thrown at [./src/hotspot/share/interpreter/linkResolver.cpp, line 839]

Events (20 events):
Event: 37.364 loading class com/android/tools/r8/internal/mu$f done
Event: 37.365 loading class com/android/tools/r8/internal/Sb$a
Event: 37.365 loading class com/android/tools/r8/internal/Sb$a done
Event: 37.366 loading class com/android/tools/r8/internal/mu$d
Event: 37.366 loading class com/android/tools/r8/internal/mu$d done
Event: 37.366 loading class com/android/tools/r8/internal/nu
Event: 37.366 loading class com/android/tools/r8/internal/nu done
Event: 37.388 loading class com/android/tools/r8/internal/Zc
Event: 37.388 loading class com/android/tools/r8/internal/Zc done
Event: 37.398 loading class com/android/tools/r8/internal/cq
Event: 37.398 loading class com/android/tools/r8/internal/cq done
Event: 37.648 Executing VM operation: CGC_Operation
Event: 37.756 Executing VM operation: CGC_Operation done
Event: 38.017 Executing VM operation: G1CollectForAllocation
Event: 38.243 Executing VM operation: G1CollectForAllocation done
Event: 38.609 Executing VM operation: G1CollectForAllocation
Event: 38.787 Executing VM operation: G1CollectForAllocation done
Event: 38.965 Executing VM operation: CGC_Operation
Event: 39.090 Executing VM operation: CGC_Operation done
Event: 39.672 Executing VM operation: G1CollectForAllocation


Dynamic libraries:
0x00007ff60bf20000 - 0x00007ff60bf2a000 	C:\Program Files\Android\Android Studio\jre\bin\java.exe
0x00007ff973d70000 - 0x00007ff973f65000 	C:\WINDOWS\SYSTEM32\ntdll.dll
0x00007ff9727c0000 - 0x00007ff97287e000 	C:\WINDOWS\System32\KERNEL32.DLL
0x00007ff9715c0000 - 0x00007ff971888000 	C:\WINDOWS\System32\KERNELBASE.dll
0x00007ff971890000 - 0x00007ff971990000 	C:\WINDOWS\System32\ucrtbase.dll
0x00007ff952510000 - 0x00007ff952529000 	C:\Program Files\Android\Android Studio\jre\bin\jli.dll
0x00007ff96ba00000 - 0x00007ff96ba17000 	C:\Program Files\Android\Android Studio\jre\bin\VCRUNTIME140.dll
0x00007ff973220000 - 0x00007ff9733c1000 	C:\WINDOWS\System32\USER32.dll
0x00007ff971490000 - 0x00007ff9714b2000 	C:\WINDOWS\System32\win32u.dll
0x00007ff973ca0000 - 0x00007ff973ccb000 	C:\WINDOWS\System32\GDI32.dll
0x00007ff9612d0000 - 0x00007ff96156a000 	C:\WINDOWS\WinSxS\amd64_microsoft.windows.common-controls_6595b64144ccf1df_6.0.19041.1110_none_60b5254171f9507e\COMCTL32.dll
0x00007ff971ab0000 - 0x00007ff971bbb000 	C:\WINDOWS\System32\gdi32full.dll
0x00007ff971bc0000 - 0x00007ff971c5d000 	C:\WINDOWS\System32\msvcp_win.dll
0x00007ff9721f0000 - 0x00007ff97228e000 	C:\WINDOWS\System32\msvcrt.dll
0x00007ff9725e0000 - 0x00007ff972610000 	C:\WINDOWS\System32\IMM32.DLL
0x00007ff96a8f0000 - 0x00007ff96a98d000 	C:\Program Files\Android\Android Studio\jre\bin\msvcp140.dll
0x00007ff92d560000 - 0x00007ff92e02f000 	C:\Program Files\Android\Android Studio\jre\bin\server\jvm.dll
0x00007ff973690000 - 0x00007ff97373c000 	C:\WINDOWS\System32\ADVAPI32.dll
0x00007ff972420000 - 0x00007ff9724bb000 	C:\WINDOWS\System32\sechost.dll
0x00007ff973020000 - 0x00007ff97314a000 	C:\WINDOWS\System32\RPCRT4.dll
0x00007ff9724c0000 - 0x00007ff9724c8000 	C:\WINDOWS\System32\PSAPI.DLL
0x00007ff963b20000 - 0x00007ff963b47000 	C:\WINDOWS\SYSTEM32\WINMM.dll
0x00007ff96ba20000 - 0x00007ff96ba29000 	C:\WINDOWS\SYSTEM32\WSOCK32.dll
0x00007ff967eb0000 - 0x00007ff967eba000 	C:\WINDOWS\SYSTEM32\VERSION.dll
0x00007ff973470000 - 0x00007ff9734db000 	C:\WINDOWS\System32\WS2_32.dll
0x00007ff96f390000 - 0x00007ff96f3a2000 	C:\WINDOWS\SYSTEM32\kernel.appcore.dll
0x00007ff96b9e0000 - 0x00007ff96b9f1000 	C:\Program Files\Android\Android Studio\jre\bin\verify.dll
0x00007ff95dd10000 - 0x00007ff95def4000 	C:\WINDOWS\SYSTEM32\DBGHELP.DLL
0x00007ff95e5c0000 - 0x00007ff95e5ec000 	C:\WINDOWS\SYSTEM32\dbgcore.DLL
0x00007ff971a20000 - 0x00007ff971aa3000 	C:\WINDOWS\System32\bcryptPrimitives.dll
0x00007ff96b9b0000 - 0x00007ff96b9d9000 	C:\Program Files\Android\Android Studio\jre\bin\java.dll
0x00007ff96b9a0000 - 0x00007ff96b9ab000 	C:\Program Files\Android\Android Studio\jre\bin\jimage.dll
0x00007ff96b980000 - 0x00007ff96b998000 	C:\Program Files\Android\Android Studio\jre\bin\zip.dll
0x00007ff9728e0000 - 0x00007ff97301f000 	C:\WINDOWS\System32\SHELL32.dll
0x00007ff96f590000 - 0x00007ff96fd20000 	C:\WINDOWS\SYSTEM32\windows.storage.dll
0x00007ff971dc0000 - 0x00007ff972115000 	C:\WINDOWS\System32\combase.dll
0x00007ff970ee0000 - 0x00007ff970f0e000 	C:\WINDOWS\SYSTEM32\Wldp.dll
0x00007ff972530000 - 0x00007ff9725dd000 	C:\WINDOWS\System32\SHCORE.dll
0x00007ff972290000 - 0x00007ff9722e5000 	C:\WINDOWS\System32\shlwapi.dll
0x00007ff9713d0000 - 0x00007ff9713ef000 	C:\WINDOWS\SYSTEM32\profapi.dll
0x00007ff96b960000 - 0x00007ff96b97a000 	C:\Program Files\Android\Android Studio\jre\bin\net.dll
0x00007ff962b90000 - 0x00007ff962c9c000 	C:\WINDOWS\SYSTEM32\WINHTTP.dll
0x00007ff970c40000 - 0x00007ff970caa000 	C:\WINDOWS\system32\mswsock.dll
0x00007ff96b940000 - 0x00007ff96b954000 	C:\Program Files\Android\Android Studio\jre\bin\nio.dll
0x00007ff9600c0000 - 0x00007ff9600e7000 	C:\Program Files\Java\jdk-17.0.1\native\8bec1ad78214c89d9ad589b4d07fe93259594b29d510b10fafb7a158f7737e5d\windows-amd64\native-platform.dll
0x00007ff946600000 - 0x00007ff94673d000 	C:\Program Files\Java\jdk-17.0.1\native\53dbd7edfb1c66fb8903c78663c9afc45aea4f116125fa6feffd364cf09443e8\windows-amd64\native-platform-file-events.dll
0x00007ff96b930000 - 0x00007ff96b93a000 	C:\Program Files\Android\Android Studio\jre\bin\management.dll
0x00007ff96b920000 - 0x00007ff96b92c000 	C:\Program Files\Android\Android Studio\jre\bin\management_ext.dll
0x00007ff970e30000 - 0x00007ff970e48000 	C:\WINDOWS\SYSTEM32\CRYPTSP.dll
0x00007ff970550000 - 0x00007ff970584000 	C:\WINDOWS\system32\rsaenh.dll
0x00007ff9719f0000 - 0x00007ff971a17000 	C:\WINDOWS\System32\bcrypt.dll
0x00007ff971390000 - 0x00007ff9713be000 	C:\WINDOWS\SYSTEM32\USERENV.dll
0x00007ff970e50000 - 0x00007ff970e5c000 	C:\WINDOWS\SYSTEM32\CRYPTBASE.dll
0x00007ff9708e0000 - 0x00007ff97091b000 	C:\WINDOWS\SYSTEM32\IPHLPAPI.DLL
0x00007ff9734e0000 - 0x00007ff9734e8000 	C:\WINDOWS\System32\NSI.dll
0x00007ff963cf0000 - 0x00007ff963d07000 	C:\WINDOWS\SYSTEM32\dhcpcsvc6.DLL
0x00007ff966660000 - 0x00007ff96667d000 	C:\WINDOWS\SYSTEM32\dhcpcsvc.DLL
0x00007ff970930000 - 0x00007ff9709fb000 	C:\WINDOWS\SYSTEM32\DNSAPI.dll

dbghelp: loaded successfully - version: 4.0.5 - missing functions: none
symbol engine: initialized successfully - sym options: 0x614 - pdb path: .;C:\Program Files\Android\Android Studio\jre\bin;C:\WINDOWS\SYSTEM32;C:\WINDOWS\WinSxS\amd64_microsoft.windows.common-controls_6595b64144ccf1df_6.0.19041.1110_none_60b5254171f9507e;C:\Program Files\Android\Android Studio\jre\bin\server;C:\Program Files\Java\jdk-17.0.1\native\8bec1ad78214c89d9ad589b4d07fe93259594b29d510b10fafb7a158f7737e5d\windows-amd64;C:\Program Files\Java\jdk-17.0.1\native\53dbd7edfb1c66fb8903c78663c9afc45aea4f116125fa6feffd364cf09443e8\windows-amd64

VM Arguments:
jvm_args: --add-opens=java.base/java.util=ALL-UNNAMED --add-opens=java.base/java.lang=ALL-UNNAMED --add-opens=java.base/java.lang.invoke=ALL-UNNAMED --add-opens=java.base/java.util=ALL-UNNAMED --add-opens=java.prefs/java.util.prefs=ALL-UNNAMED --add-opens=java.prefs/java.util.prefs=ALL-UNNAMED --add-opens=java.base/java.nio.charset=ALL-UNNAMED --add-opens=java.base/java.net=ALL-UNNAMED --add-opens=java.base/java.util.concurrent.atomic=ALL-UNNAMED -Xmx2048m -Dfile.encoding=UTF-8 -Duser.country=US -Duser.language=en -Duser.variant 
java_command: org.gradle.launcher.daemon.bootstrap.GradleDaemon 7.0.2
java_class_path (initial): C:\Program Files\Java\jdk-17.0.1\wrapper\dists\gradle-7.0.2-bin\857tjihv64xamwrf0h14cai3r\gradle-7.0.2\lib\gradle-launcher-7.0.2.jar
Launcher Type: SUN_STANDARD

[Global flags]
     intx CICompilerCount                          = 3                                         {product} {ergonomic}
     uint ConcGCThreads                            = 1                                         {product} {ergonomic}
     uint G1ConcRefinementThreads                  = 4                                         {product} {ergonomic}
   size_t G1HeapRegionSize                         = 1048576                                   {product} {ergonomic}
    uintx GCDrainStackTargetSize                   = 64                                        {product} {ergonomic}
   size_t InitialHeapSize                          = 67108864                                  {product} {ergonomic}
   size_t MarkStackSize                            = 4194304                                   {product} {ergonomic}
   size_t MaxHeapSize                              = 2147483648                                {product} {command line}
   size_t MaxNewSize                               = 1287651328                                {product} {ergonomic}
   size_t MinHeapDeltaBytes                        = 1048576                                   {product} {ergonomic}
    uintx NonNMethodCodeHeapSize                   = 5830732                                {pd product} {ergonomic}
    uintx NonProfiledCodeHeapSize                  = 122913754                              {pd product} {ergonomic}
    uintx ProfiledCodeHeapSize                     = 122913754                              {pd product} {ergonomic}
    uintx ReservedCodeCacheSize                    = 251658240                              {pd product} {ergonomic}
     bool SegmentedCodeCache                       = true                                      {product} {ergonomic}
     bool UseCompressedClassPointers               = true                                 {lp64_product} {ergonomic}
     bool UseCompressedOops                        = true                                 {lp64_product} {ergonomic}
     bool UseG1GC                                  = true                                      {product} {ergonomic}
     bool UseLargePagesIndividualAllocation        = false                                  {pd product} {ergonomic}

Logging:
Log output configuration:
 #0: stdout all=warning uptime,level,tags
 #1: stderr all=off uptime,level,tags

Environment Variables:
PATH=C:\Program Files\Common Files\Oracle\Java\javapath;C:\WINDOWS\system32;C:\WINDOWS;C:\WINDOWS\System32\Wbem;C:\WINDOWS\System32\WindowsPowerShell\v1.0\;C:\WINDOWS\System32\OpenSSH\;C:\Program Files\dotnet\;C:\Program Files\Microsoft SQL Server\Client SDK\ODBC\170\Tools\Binn\;C:\Program Files (x86)\dotnet\;C:\Program Files\Git\cmd;C:\Users\MinhNgan\AppData\Local\Microsoft\WindowsApps
USERNAME=MinhNgan
OS=Windows_NT
PROCESSOR_IDENTIFIER=Intel64 Family 6 Model 69 Stepping 1, GenuineIntel



---------------  S Y S T E M  ---------------

OS: Windows 10 , 64 bit Build 19041 (10.0.19041.1348)
OS uptime: 0 days 0:06 hours

CPU:total 4 (initial active 4) (2 cores per cpu, 2 threads per core) family 6 model 69 stepping 1 microcode 0x25, cmov, cx8, fxsr, mmx, sse, sse2, sse3, ssse3, sse4.1, sse4.2, popcnt, avx, avx2, aes, clmul, erms, lzcnt, ht, tsc, tscinvbit, bmi1, bmi2, fma

Memory: 4k page, system-wide physical 3979M (154M free)
TotalPageFile size 6979M (AvailPageFile size 210M)
current process WorkingSet (physical memory assigned to process): 222M, peak: 304M
current process commit charge ("private bytes"): 497M, peak: 704M

vm_info: OpenJDK 64-Bit Server VM (11.0.10+0-b96-7249189) for windows-amd64 JRE (11.0.10+0-b96-7249189), built on Mar 31 2021 21:44:00 by "builder" with MS VC++ 14.0 (VS2015)

END.
