#
# There is insufficient memory for the Java Runtime Environment to continue.
# Native memory allocation (mmap) failed to map 34603008 bytes for Failed to commit area from 0x000000008a200000 to 0x000000008c300000 of length 34603008.
# Possible reasons:
#   The system is out of physical RAM or swap space
#   The process is running with CompressedOops enabled, and the Java Heap may be blocking the growth of the native heap
# Possible solutions:
#   Reduce memory load on the system
#   Increase physical memory or swap space
#   Check if swap backing store is full
#   Decrease Java heap size (-Xmx/-Xms)
#   Decrease number of Java threads
#   Decrease Java thread stack sizes (-Xss)
#   Set larger code cache with -XX:ReservedCodeCacheSize=
#   JVM is running with Unscaled Compressed Oops mode in which the Java heap is
#     placed in the first 4GB address space. The Java Heap base address is the
#     maximum limit for the native heap growth. Please use -XX:HeapBaseMinAddress
#     to set the Java Heap base and to place the Java Heap above 4GB virtual address.
# This output file may be truncated or incomplete.
#
#  Out of Memory Error (./src/hotspot/os/windows/os_windows.cpp:3301), pid=8060, tid=4784
#
# JRE version: OpenJDK Runtime Environment (11.0.10) (build 11.0.10+0-b96-7249189)
# Java VM: OpenJDK 64-Bit Server VM (11.0.10+0-b96-7249189, mixed mode, tiered, compressed oops, g1 gc, windows-amd64)
# No core dump will be written. Minidumps are not enabled by default on client versions of Windows
#

---------------  S U M M A R Y ------------

Command Line: --add-opens=java.base/java.util=ALL-UNNAMED --add-opens=java.base/java.lang=ALL-UNNAMED --add-opens=java.base/java.lang.invoke=ALL-UNNAMED --add-opens=java.base/java.util=ALL-UNNAMED --add-opens=java.prefs/java.util.prefs=ALL-UNNAMED --add-opens=java.prefs/java.util.prefs=ALL-UNNAMED --add-opens=java.base/java.nio.charset=ALL-UNNAMED --add-opens=java.base/java.net=ALL-UNNAMED --add-opens=java.base/java.util.concurrent.atomic=ALL-UNNAMED -Xmx2048m -Dfile.encoding=UTF-8 -Duser.country=US -Duser.language=en -Duser.variant org.gradle.launcher.daemon.bootstrap.GradleDaemon 7.0.2

Host: Intel(R) Core(TM) i5-4210U CPU @ 1.70GHz, 4 cores, 3G,  Windows 10 , 64 bit Build 19041 (10.0.19041.1348)
Time: Fri Dec  3 22:43:20 2021 SE Asia Standard Time elapsed time: 42.804179 seconds (0d 0h 0m 42s)

---------------  T H R E A D  ---------------

Current thread (0x0000021466fb0800):  VMThread "VM Thread" [stack: 0x000000e7fb400000,0x000000e7fb500000] [id=4784]

Stack: [0x000000e7fb400000,0x000000e7fb500000]
[error occurred during error reporting (printing stack bounds), id 0xc0000005, EXCEPTION_ACCESS_VIOLATION (0xc0000005) at pc=0x00000214507e0f2d]

Native frames: (J=compiled Java code, j=interpreted, Vv=VM code, C=native code)
V  [jvm.dll+0x5ecfaa]
V  [jvm.dll+0x722bd5]
V  [jvm.dll+0x72412d]
V  [jvm.dll+0x724745]
V  [jvm.dll+0x7246fb]
V  [jvm.dll+0x5ec348]
V  [jvm.dll+0x5ecad8]
C  [ntdll.dll+0xa20cf]
C  [ntdll.dll+0x51454]
C  [ntdll.dll+0xa0bfe]
C  0x00000214507e0f2d

VM_Operation (0x000000e7fe4f8520): G1CollectForAllocation, mode: safepoint, requested by thread 0x00000214683e6000


---------------  P R O C E S S  ---------------

Threads class SMR info:
_java_thread_list=0x000002146fa65820, length=49, elements={
0x000002144cceb800, 0x0000021466fb7000, 0x0000021466fba800, 0x0000021467011800,
0x0000021467012800, 0x0000021467015000, 0x000002146701a000, 0x0000021467983800,
0x0000021467986800, 0x0000021467a78800, 0x00000214697af800, 0x00000214697ae800,
0x000002146950e800, 0x0000021469837800, 0x0000021469c99800, 0x0000021468fdb000,
0x0000021469c9a000, 0x000002146986c000, 0x000002146943b800, 0x0000021469443000,
0x0000021469447000, 0x0000021469445800, 0x0000021469446000, 0x0000021469441000,
0x0000021469442000, 0x0000021469448000, 0x0000021469443800, 0x0000021469444800,
0x0000021469b53800, 0x0000021469b53000, 0x0000021469b51000, 0x0000021469b4f000,
0x0000021469b52000, 0x0000021469b4e000, 0x0000021469b59800, 0x0000021469b57000,
0x0000021469b58000, 0x0000021469b58800, 0x0000021469b5a000, 0x0000021469b54800,
0x0000021469b5b000, 0x0000021469b55800, 0x0000021469b5c800, 0x00000214683e5000,
0x00000214683e6000, 0x00000214683e6800, 0x00000214683e3800, 0x00000214683e2800,
0x00000214683e7800
}

Java Threads: ( => current thread )
  0x000002144cceb800 JavaThread "main" [_thread_blocked, id=6208, stack(0x000000e7fae00000,0x000000e7faf00000)]
  0x0000021466fb7000 JavaThread "Reference Handler" daemon [_thread_blocked, id=3892, stack(0x000000e7fb500000,0x000000e7fb600000)]
  0x0000021466fba800 JavaThread "Finalizer" daemon [_thread_blocked, id=8256, stack(0x000000e7fb600000,0x000000e7fb700000)]
  0x0000021467011800 JavaThread "Signal Dispatcher" daemon [_thread_blocked, id=5032, stack(0x000000e7fb700000,0x000000e7fb800000)]
  0x0000021467012800 JavaThread "Attach Listener" daemon [_thread_blocked, id=6680, stack(0x000000e7fb800000,0x000000e7fb900000)]
  0x0000021467015000 JavaThread "Service Thread" daemon [_thread_blocked, id=8876, stack(0x000000e7fb900000,0x000000e7fba00000)]
  0x000002146701a000 JavaThread "C2 CompilerThread0" daemon [_thread_blocked, id=6076, stack(0x000000e7fba00000,0x000000e7fbb00000)]
  0x0000021467983800 JavaThread "C1 CompilerThread0" daemon [_thread_blocked, id=6384, stack(0x000000e7fbb00000,0x000000e7fbc00000)]
  0x0000021467986800 JavaThread "Sweeper thread" daemon [_thread_blocked, id=5712, stack(0x000000e7fbc00000,0x000000e7fbd00000)]
  0x0000021467a78800 JavaThread "Common-Cleaner" daemon [_thread_blocked, id=2148, stack(0x000000e7fbd00000,0x000000e7fbe00000)]
  0x00000214697af800 JavaThread "Daemon health stats" [_thread_blocked, id=1312, stack(0x000000e7fc000000,0x000000e7fc100000)]
  0x00000214697ae800 JavaThread "Incoming local TCP Connector on port 49797" [_thread_in_native, id=4512, stack(0x000000e7fc300000,0x000000e7fc400000)]
  0x000002146950e800 JavaThread "Daemon periodic checks" [_thread_blocked, id=5920, stack(0x000000e7fc400000,0x000000e7fc500000)]
  0x0000021469837800 JavaThread "Daemon" [_thread_blocked, id=9196, stack(0x000000e7fc500000,0x000000e7fc600000)]
  0x0000021469c99800 JavaThread "Handler for socket connection from /127.0.0.1:49797 to /127.0.0.1:49798" [_thread_in_native, id=8520, stack(0x000000e7fc600000,0x000000e7fc700000)]
  0x0000021468fdb000 JavaThread "Cancel handler" [_thread_blocked, id=7188, stack(0x000000e7fc700000,0x000000e7fc800000)]
  0x0000021469c9a000 JavaThread "Daemon worker" [_thread_blocked, id=7176, stack(0x000000e7fc800000,0x000000e7fc900000)]
  0x000002146986c000 JavaThread "Asynchronous log dispatcher for DefaultDaemonConnection: socket connection from /127.0.0.1:49797 to /127.0.0.1:49798" [_thread_blocked, id=5768, stack(0x000000e7fc900000,0x000000e7fca00000)]
  0x000002146943b800 JavaThread "Stdin handler" [_thread_blocked, id=2724, stack(0x000000e7fca00000,0x000000e7fcb00000)]
  0x0000021469443000 JavaThread "Daemon client event forwarder" [_thread_blocked, id=4156, stack(0x000000e7fcb00000,0x000000e7fcc00000)]
  0x0000021469447000 JavaThread "Cache worker for file hash cache (C:\Program Files\Java\jdk-17.0.1\caches\7.0.2\fileHashes)" [_thread_blocked, id=5676, stack(0x000000e7fcc00000,0x000000e7fcd00000)]
  0x0000021469445800 JavaThread "File lock request listener" [_thread_in_native, id=8300, stack(0x000000e7fcd00000,0x000000e7fce00000)]
  0x0000021469446000 JavaThread "Cache worker for journal cache (C:\Program Files\Java\jdk-17.0.1\caches\journal-1)" [_thread_blocked, id=5332, stack(0x000000e7fce00000,0x000000e7fcf00000)]
  0x0000021469441000 JavaThread "Cache worker for file hash cache (C:\Users\MinhNgan\AndroidStudioProjects\Android_hepat\.gradle\7.0.2\fileHashes)" [_thread_blocked, id=7544, stack(0x000000e7fcf00000,0x000000e7fd000000)]
  0x0000021469442000 JavaThread "File watcher server" daemon [_thread_blocked, id=7548, stack(0x000000e7fd000000,0x000000e7fd100000)]
  0x0000021469448000 JavaThread "File watcher consumer" daemon [_thread_blocked, id=6212, stack(0x000000e7fd100000,0x000000e7fd200000)]
  0x0000021469443800 JavaThread "Cache worker for checksums cache (C:\Users\MinhNgan\AndroidStudioProjects\Android_hepat\.gradle\checksums)" [_thread_blocked, id=424, stack(0x000000e7fd200000,0x000000e7fd300000)]
  0x0000021469444800 JavaThread "Cache worker for cache directory md-supplier (C:\Program Files\Java\jdk-17.0.1\caches\7.0.2\md-supplier)" [_thread_blocked, id=8576, stack(0x000000e7fd300000,0x000000e7fd400000)]
  0x0000021469b53800 JavaThread "Cache worker for cache directory md-rule (C:\Program Files\Java\jdk-17.0.1\caches\7.0.2\md-rule)" [_thread_blocked, id=5180, stack(0x000000e7fd400000,0x000000e7fd500000)]
  0x0000021469b53000 JavaThread "Cache worker for execution history cache (C:\Program Files\Java\jdk-17.0.1\caches\7.0.2\executionHistory)" [_thread_blocked, id=2604, stack(0x000000e7fd500000,0x000000e7fd600000)]
  0x0000021469b51000 JavaThread "jar transforms" [_thread_blocked, id=368, stack(0x000000e7fd600000,0x000000e7fd700000)]
  0x0000021469b4f000 JavaThread "jar transforms Thread 2" [_thread_blocked, id=5400, stack(0x000000e7fd700000,0x000000e7fd800000)]
  0x0000021469b52000 JavaThread "Cache worker for file content cache (C:\Program Files\Java\jdk-17.0.1\caches\7.0.2\fileContent)" [_thread_blocked, id=3628, stack(0x000000e7fd800000,0x000000e7fd900000)]
  0x0000021469b4e000 JavaThread "Cache worker for dependencies-accessors (C:\Users\MinhNgan\AndroidStudioProjects\Android_hepat\.gradle\7.0.2\dependencies-accessors)" [_thread_blocked, id=7768, stack(0x000000e7fd900000,0x000000e7fda00000)]
  0x0000021469b59800 JavaThread "jar transforms Thread 3" [_thread_blocked, id=8632, stack(0x000000e7fda00000,0x000000e7fdb00000)]
  0x0000021469b57000 JavaThread "Cache worker for Build Output Cleanup Cache (C:\Users\MinhNgan\AndroidStudioProjects\Android_hepat\.gradle\buildOutputCleanup)" [_thread_blocked, id=6004, stack(0x000000e7fdb00000,0x000000e7fdc00000)]
  0x0000021469b58000 JavaThread "Build operations" [_thread_blocked, id=1280, stack(0x000000e7fdc00000,0x000000e7fdd00000)]
  0x0000021469b58800 JavaThread "Build operations Thread 2" [_thread_blocked, id=8308, stack(0x000000e7fdd00000,0x000000e7fde00000)]
  0x0000021469b5a000 JavaThread "Build operations Thread 3" [_thread_blocked, id=8376, stack(0x000000e7fde00000,0x000000e7fdf00000)]
  0x0000021469b54800 JavaThread "Build operations Thread 4" [_thread_blocked, id=8596, stack(0x000000e7fdf00000,0x000000e7fe000000)]
  0x0000021469b5b000 JavaThread "jar transforms Thread 4" [_thread_blocked, id=8204, stack(0x000000e7fe000000,0x000000e7fe100000)]
  0x0000021469b55800 JavaThread "Memory manager" [_thread_blocked, id=1480, stack(0x000000e7fe100000,0x000000e7fe200000)]
  0x0000021469b5c800 JavaThread "build event listener" [_thread_blocked, id=188, stack(0x000000e7fe200000,0x000000e7fe300000)]
  0x00000214683e5000 JavaThread "Execution worker for ':'" [_thread_blocked, id=3200, stack(0x000000e7fe300000,0x000000e7fe400000)]
  0x00000214683e6000 JavaThread "Execution worker for ':' Thread 2" [_thread_blocked, id=3212, stack(0x000000e7fe400000,0x000000e7fe500000)]
  0x00000214683e6800 JavaThread "Execution worker for ':' Thread 3" [_thread_blocked, id=2308, stack(0x000000e7fe500000,0x000000e7fe600000)]
  0x00000214683e3800 JavaThread "Cache worker for execution history cache (C:\Users\MinhNgan\AndroidStudioProjects\Android_hepat\.gradle\7.0.2\executionHistory)" [_thread_blocked, id=2444, stack(0x000000e7fe600000,0x000000e7fe700000)]
  0x00000214683e2800 JavaThread "Cache worker for Java compile cache (C:\Program Files\Java\jdk-17.0.1\caches\7.0.2\javaCompile)" [_thread_blocked, id=1364, stack(0x000000e7fe800000,0x000000e7fe900000)]
  0x00000214683e7800 JavaThread "Cache worker for Java compile cache (C:\Users\MinhNgan\AndroidStudioProjects\Android_hepat\.gradle\7.0.2\javaCompile)" [_thread_blocked, id=3796, stack(0x000000e7fe900000,0x000000e7fea00000)]

Other Threads:
=>0x0000021466fb0800 VMThread "VM Thread" [stack: 0x000000e7fb400000,0x000000e7fb500000] [id=4784]
  0x0000021467ae6800 WatcherThread [stack: 0x000000e7fbe00000,0x000000e7fbf00000] [id=6532]
  0x000002144cd04800 GCTaskThread "GC Thread#0" [stack: 0x000000e7faf00000,0x000000e7fb000000] [id=7864]
  0x0000021468217800 GCTaskThread "GC Thread#1" [stack: 0x000000e7fbf00000,0x000000e7fc000000] [id=5556]
  0x00000214686c2000 GCTaskThread "GC Thread#2" [stack: 0x000000e7fc100000,0x000000e7fc200000] [id=3092]
  0x0000021468c8b000 GCTaskThread "GC Thread#3" [stack: 0x000000e7fc200000,0x000000e7fc300000] [id=7084]
  0x000002144cd34000 ConcurrentGCThread "G1 Main Marker" [stack: 0x000000e7fb000000,0x000000e7fb100000] [id=6340]
  0x000002144cd35000 ConcurrentGCThread "G1 Conc#0" [stack: 0x000000e7fb100000,0x000000e7fb200000] [id=5544]
  0x000002144cd90000 ConcurrentGCThread "G1 Refine#0" [stack: 0x000000e7fb200000,0x000000e7fb300000] [id=5456]
  0x000002144cd91000 ConcurrentGCThread "G1 Young RemSet Sampling" [stack: 0x000000e7fb300000,0x000000e7fb400000] [id=4176]

Threads with active compile tasks:
C2 CompilerThread0  42836 10535   !   4       com.sun.tools.javac.parser.JavaTokenizer::readToken (2179 bytes)

VM state:at safepoint (normal execution)

VM Mutex/Monitor currently owned by a thread:  ([mutex/lock_event])
[0x000002144cce8ca0] Threads_lock - owner thread: 0x0000021466fb0800
[0x000002144cce7fb0] Heap_lock - owner thread: 0x00000214683e6000

Heap address: 0x0000000080000000, size: 2048 MB, Compressed Oops mode: 32-bit
Narrow klass base: 0x0000000000000000, Narrow klass shift: 3
Compressed class space size: 1073741824 Address: 0x0000000100000000

Heap:
 garbage-first heap   total 199680K, used 84672K [0x0000000080000000, 0x0000000100000000)
  region size 1024K, 2 young (2048K), 2 survivors (2048K)
 Metaspace       used 88448K, capacity 90604K, committed 90696K, reserved 1128448K
  class space    used 11400K, capacity 12219K, committed 12288K, reserved 1048576K
Heap Regions: E=young(eden), S=young(survivor), O=old, HS=humongous(starts), HC=humongous(continues), CS=collection set, F=free, A=archive, TAMS=top-at-mark-start (previous, next)
|   0|0x0000000080000000, 0x0000000080100000, 0x0000000080100000|100%|HS|  |TAMS 0x0000000080100000, 0x0000000080100000| Complete 
|   1|0x0000000080100000, 0x0000000080200000, 0x0000000080200000|100%|HC|  |TAMS 0x0000000080200000, 0x0000000080200000| Complete 
|   2|0x0000000080200000, 0x0000000080300000, 0x0000000080300000|100%|HC|  |TAMS 0x0000000080300000, 0x0000000080300000| Complete 
|   3|0x0000000080300000, 0x0000000080400000, 0x0000000080400000|100%| O|  |TAMS 0x0000000080400000, 0x0000000080400000| Untracked 
|   4|0x0000000080400000, 0x0000000080500000, 0x0000000080500000|100%| O|  |TAMS 0x0000000080500000, 0x0000000080500000| Untracked 
|   5|0x0000000080500000, 0x0000000080600000, 0x0000000080600000|100%| O|  |TAMS 0x0000000080600000, 0x0000000080600000| Untracked 
|   6|0x0000000080600000, 0x0000000080700000, 0x0000000080700000|100%| O|  |TAMS 0x0000000080700000, 0x0000000080700000| Untracked 
|   7|0x0000000080700000, 0x0000000080800000, 0x0000000080800000|100%| O|  |TAMS 0x0000000080800000, 0x0000000080800000| Untracked 
|   8|0x0000000080800000, 0x0000000080900000, 0x0000000080900000|100%| O|  |TAMS 0x0000000080900000, 0x0000000080900000| Untracked 
|   9|0x0000000080900000, 0x0000000080a00000, 0x0000000080a00000|100%| O|  |TAMS 0x0000000080a00000, 0x0000000080a00000| Untracked 
|  10|0x0000000080a00000, 0x0000000080b00000, 0x0000000080b00000|100%| O|  |TAMS 0x0000000080b00000, 0x0000000080b00000| Untracked 
|  11|0x0000000080b00000, 0x0000000080c00000, 0x0000000080c00000|100%| O|  |TAMS 0x0000000080c00000, 0x0000000080c00000| Untracked 
|  12|0x0000000080c00000, 0x0000000080d00000, 0x0000000080d00000|100%| O|  |TAMS 0x0000000080d00000, 0x0000000080d00000| Untracked 
|  13|0x0000000080d00000, 0x0000000080e00000, 0x0000000080e00000|100%| O|  |TAMS 0x0000000080e00000, 0x0000000080e00000| Untracked 
|  14|0x0000000080e00000, 0x0000000080f00000, 0x0000000080f00000|100%| O|  |TAMS 0x0000000080f00000, 0x0000000080f00000| Untracked 
|  15|0x0000000080f00000, 0x0000000081000000, 0x0000000081000000|100%| O|  |TAMS 0x0000000081000000, 0x0000000081000000| Untracked 
|  16|0x0000000081000000, 0x0000000081100000, 0x0000000081100000|100%| O|  |TAMS 0x0000000081100000, 0x0000000081100000| Untracked 
|  17|0x0000000081100000, 0x0000000081200000, 0x0000000081200000|100%| O|  |TAMS 0x0000000081200000, 0x0000000081200000| Untracked 
|  18|0x0000000081200000, 0x0000000081300000, 0x0000000081300000|100%| O|  |TAMS 0x0000000081300000, 0x0000000081300000| Untracked 
|  19|0x0000000081300000, 0x0000000081400000, 0x0000000081400000|100%| O|  |TAMS 0x0000000081400000, 0x0000000081400000| Untracked 
|  20|0x0000000081400000, 0x0000000081500000, 0x0000000081500000|100%| O|  |TAMS 0x0000000081500000, 0x0000000081500000| Untracked 
|  21|0x0000000081500000, 0x0000000081600000, 0x0000000081600000|100%| O|  |TAMS 0x0000000081600000, 0x0000000081600000| Untracked 
|  22|0x0000000081600000, 0x0000000081700000, 0x0000000081700000|100%| O|  |TAMS 0x0000000081700000, 0x0000000081700000| Untracked 
|  23|0x0000000081700000, 0x0000000081800000, 0x0000000081800000|100%| O|  |TAMS 0x0000000081800000, 0x0000000081800000| Untracked 
|  24|0x0000000081800000, 0x0000000081900000, 0x0000000081900000|100%| O|  |TAMS 0x0000000081900000, 0x0000000081900000| Untracked 
|  25|0x0000000081900000, 0x0000000081a00000, 0x0000000081a00000|100%| O|  |TAMS 0x0000000081a00000, 0x0000000081a00000| Untracked 
|  26|0x0000000081a00000, 0x0000000081b00000, 0x0000000081b00000|100%| O|  |TAMS 0x0000000081b00000, 0x0000000081b00000| Untracked 
|  27|0x0000000081b00000, 0x0000000081c00000, 0x0000000081c00000|100%|HS|  |TAMS 0x0000000081c00000, 0x0000000081c00000| Complete 
|  28|0x0000000081c00000, 0x0000000081d00000, 0x0000000081d00000|100%|HS|  |TAMS 0x0000000081d00000, 0x0000000081d00000| Complete 
|  29|0x0000000081d00000, 0x0000000081e00000, 0x0000000081e00000|100%|HS|  |TAMS 0x0000000081e00000, 0x0000000081e00000| Complete 
|  30|0x0000000081e00000, 0x0000000081f00000, 0x0000000081f00000|100%|HC|  |TAMS 0x0000000081f00000, 0x0000000081f00000| Complete 
|  31|0x0000000081f00000, 0x0000000082000000, 0x0000000082000000|100%| O|  |TAMS 0x0000000082000000, 0x0000000082000000| Untracked 
|  32|0x0000000082000000, 0x0000000082100000, 0x0000000082100000|100%| O|  |TAMS 0x0000000082100000, 0x0000000082100000| Untracked 
|  33|0x0000000082100000, 0x0000000082200000, 0x0000000082200000|100%| O|  |TAMS 0x0000000082200000, 0x0000000082200000| Untracked 
|  34|0x0000000082200000, 0x0000000082300000, 0x0000000082300000|100%| O|  |TAMS 0x0000000082300000, 0x0000000082300000| Untracked 
|  35|0x0000000082300000, 0x0000000082400000, 0x0000000082400000|100%| O|  |TAMS 0x0000000082400000, 0x0000000082400000| Untracked 
|  36|0x0000000082400000, 0x0000000082500000, 0x0000000082500000|100%| O|  |TAMS 0x0000000082500000, 0x0000000082500000| Untracked 
|  37|0x0000000082500000, 0x0000000082600000, 0x0000000082600000|100%| O|  |TAMS 0x0000000082600000, 0x0000000082600000| Untracked 
|  38|0x0000000082600000, 0x0000000082700000, 0x0000000082700000|100%| O|  |TAMS 0x0000000082700000, 0x0000000082700000| Untracked 
|  39|0x0000000082700000, 0x0000000082800000, 0x0000000082800000|100%| O|  |TAMS 0x0000000082800000, 0x0000000082800000| Untracked 
|  40|0x0000000082800000, 0x0000000082900000, 0x0000000082900000|100%| O|  |TAMS 0x0000000082900000, 0x0000000082900000| Untracked 
|  41|0x0000000082900000, 0x0000000082a00000, 0x0000000082a00000|100%| O|  |TAMS 0x0000000082a00000, 0x0000000082a00000| Untracked 
|  42|0x0000000082a00000, 0x0000000082b00000, 0x0000000082b00000|100%| O|  |TAMS 0x0000000082b00000, 0x0000000082b00000| Untracked 
|  43|0x0000000082b00000, 0x0000000082c00000, 0x0000000082c00000|100%| O|  |TAMS 0x0000000082c00000, 0x0000000082c00000| Untracked 
|  44|0x0000000082c00000, 0x0000000082d00000, 0x0000000082d00000|100%| O|  |TAMS 0x0000000082d00000, 0x0000000082d00000| Untracked 
|  45|0x0000000082d00000, 0x0000000082e00000, 0x0000000082e00000|100%| O|  |TAMS 0x0000000082e00000, 0x0000000082e00000| Untracked 
|  46|0x0000000082e00000, 0x0000000082f00000, 0x0000000082f00000|100%| O|  |TAMS 0x0000000082f00000, 0x0000000082f00000| Untracked 
|  47|0x0000000082f00000, 0x0000000083000000, 0x0000000083000000|100%| O|  |TAMS 0x0000000083000000, 0x0000000083000000| Untracked 
|  48|0x0000000083000000, 0x0000000083100000, 0x0000000083100000|100%| O|  |TAMS 0x0000000083100000, 0x0000000083100000| Untracked 
|  49|0x0000000083100000, 0x0000000083200000, 0x0000000083200000|100%| O|  |TAMS 0x0000000083200000, 0x0000000083200000| Untracked 
|  50|0x0000000083200000, 0x0000000083300000, 0x0000000083300000|100%| O|  |TAMS 0x0000000083300000, 0x0000000083300000| Untracked 
|  51|0x0000000083300000, 0x0000000083400000, 0x0000000083400000|100%| O|  |TAMS 0x0000000083400000, 0x0000000083400000| Untracked 
|  52|0x0000000083400000, 0x0000000083500000, 0x0000000083500000|100%| O|  |TAMS 0x000000008340e200, 0x0000000083500000| Untracked 
|  53|0x0000000083500000, 0x0000000083600000, 0x0000000083600000|100%| O|  |TAMS 0x0000000083500000, 0x0000000083600000| Untracked 
|  54|0x0000000083600000, 0x0000000083700000, 0x0000000083700000|100%| O|  |TAMS 0x0000000083600000, 0x0000000083700000| Untracked 
|  55|0x0000000083700000, 0x0000000083800000, 0x0000000083800000|100%| O|  |TAMS 0x0000000083700000, 0x0000000083800000| Untracked 
|  56|0x0000000083800000, 0x0000000083900000, 0x0000000083900000|100%| O|  |TAMS 0x0000000083800000, 0x0000000083900000| Untracked 
|  57|0x0000000083900000, 0x0000000083a00000, 0x0000000083a00000|100%| O|  |TAMS 0x0000000083900000, 0x0000000083a00000| Untracked 
|  58|0x0000000083a00000, 0x0000000083b00000, 0x0000000083b00000|100%| O|  |TAMS 0x0000000083a00000, 0x0000000083b00000| Untracked 
|  59|0x0000000083b00000, 0x0000000083c00000, 0x0000000083c00000|100%| O|  |TAMS 0x0000000083b00000, 0x0000000083c00000| Untracked 
|  60|0x0000000083c00000, 0x0000000083d00000, 0x0000000083d00000|100%| O|  |TAMS 0x0000000083c00000, 0x0000000083d00000| Untracked 
|  61|0x0000000083d00000, 0x0000000083e00000, 0x0000000083e00000|100%| O|  |TAMS 0x0000000083d00000, 0x0000000083e00000| Untracked 
|  62|0x0000000083e00000, 0x0000000083f00000, 0x0000000083f00000|100%| O|  |TAMS 0x0000000083e00000, 0x0000000083f00000| Untracked 
|  63|0x0000000083f00000, 0x0000000084000000, 0x0000000084000000|100%| O|  |TAMS 0x0000000083f00000, 0x0000000084000000| Untracked 
|  64|0x0000000084000000, 0x0000000084100000, 0x0000000084100000|100%| O|  |TAMS 0x0000000084000000, 0x0000000084100000| Untracked 
|  65|0x0000000084100000, 0x0000000084200000, 0x0000000084200000|100%| O|  |TAMS 0x0000000084100000, 0x0000000084200000| Untracked 
|  66|0x0000000084200000, 0x0000000084300000, 0x0000000084300000|100%| O|  |TAMS 0x0000000084200000, 0x0000000084300000| Untracked 
|  67|0x0000000084300000, 0x0000000084400000, 0x0000000084400000|100%| O|  |TAMS 0x0000000084300000, 0x0000000084400000| Untracked 
|  68|0x0000000084400000, 0x0000000084500000, 0x0000000084500000|100%| O|  |TAMS 0x0000000084400000, 0x0000000084500000| Untracked 
|  69|0x0000000084500000, 0x0000000084600000, 0x0000000084600000|100%| O|  |TAMS 0x0000000084500000, 0x0000000084600000| Untracked 
|  70|0x0000000084600000, 0x0000000084700000, 0x0000000084700000|100%| O|  |TAMS 0x0000000084600000, 0x0000000084700000| Untracked 
|  71|0x0000000084700000, 0x0000000084800000, 0x0000000084800000|100%| O|  |TAMS 0x0000000084700000, 0x0000000084800000| Untracked 
|  72|0x0000000084800000, 0x0000000084900000, 0x0000000084900000|100%| O|  |TAMS 0x0000000084800000, 0x0000000084900000| Untracked 
|  73|0x0000000084900000, 0x0000000084a00000, 0x0000000084a00000|100%| O|  |TAMS 0x0000000084900000, 0x0000000084a00000| Untracked 
|  74|0x0000000084a00000, 0x0000000084b00000, 0x0000000084b00000|100%| O|  |TAMS 0x0000000084a00000, 0x0000000084b00000| Untracked 
|  75|0x0000000084b00000, 0x0000000084c00000, 0x0000000084c00000|100%| O|  |TAMS 0x0000000084b00000, 0x0000000084c00000| Untracked 
|  76|0x0000000084c00000, 0x0000000084d00000, 0x0000000084d00000|100%| O|  |TAMS 0x0000000084c00000, 0x0000000084d00000| Untracked 
|  77|0x0000000084d00000, 0x0000000084e00000, 0x0000000084e00000|100%| O|  |TAMS 0x0000000084d00000, 0x0000000084e00000| Untracked 
|  78|0x0000000084e00000, 0x0000000084f00000, 0x0000000084f00000|100%| O|  |TAMS 0x0000000084e00000, 0x0000000084f00000| Untracked 
|  79|0x0000000084f00000, 0x0000000085000000, 0x0000000085000000|100%| O|  |TAMS 0x0000000084f00000, 0x0000000085000000| Untracked 
|  80|0x0000000085000000, 0x00000000850fa400, 0x0000000085100000| 97%| O|  |TAMS 0x0000000085000000, 0x00000000850fa400| Untracked 
|  81|0x0000000085100000, 0x0000000085100000, 0x0000000085200000|  0%| F|  |TAMS 0x0000000085100000, 0x0000000085100000| Untracked 
|  82|0x0000000085200000, 0x0000000085200000, 0x0000000085300000|  0%| F|  |TAMS 0x0000000085200000, 0x0000000085200000| Untracked 
|  83|0x0000000085300000, 0x0000000085300000, 0x0000000085400000|  0%| F|  |TAMS 0x0000000085300000, 0x0000000085300000| Untracked 
|  84|0x0000000085400000, 0x0000000085400000, 0x0000000085500000|  0%| F|  |TAMS 0x0000000085400000, 0x0000000085400000| Untracked 
|  85|0x0000000085500000, 0x0000000085500000, 0x0000000085600000|  0%| F|  |TAMS 0x0000000085500000, 0x0000000085500000| Untracked 
|  86|0x0000000085600000, 0x0000000085600000, 0x0000000085700000|  0%| F|  |TAMS 0x0000000085600000, 0x0000000085600000| Untracked 
|  87|0x0000000085700000, 0x0000000085700000, 0x0000000085800000|  0%| F|  |TAMS 0x0000000085700000, 0x0000000085700000| Untracked 
|  88|0x0000000085800000, 0x0000000085800000, 0x0000000085900000|  0%| F|  |TAMS 0x0000000085800000, 0x0000000085800000| Untracked 
|  89|0x0000000085900000, 0x0000000085900000, 0x0000000085a00000|  0%| F|  |TAMS 0x0000000085900000, 0x0000000085900000| Untracked 
|  90|0x0000000085a00000, 0x0000000085a00000, 0x0000000085b00000|  0%| F|  |TAMS 0x0000000085a00000, 0x0000000085a00000| Untracked 
|  91|0x0000000085b00000, 0x0000000085b00000, 0x0000000085c00000|  0%| F|  |TAMS 0x0000000085b00000, 0x0000000085b00000| Untracked 
|  92|0x0000000085c00000, 0x0000000085c00000, 0x0000000085d00000|  0%| F|  |TAMS 0x0000000085c00000, 0x0000000085c00000| Untracked 
|  93|0x0000000085d00000, 0x0000000085d00000, 0x0000000085e00000|  0%| F|  |TAMS 0x0000000085d00000, 0x0000000085d00000| Untracked 
|  94|0x0000000085e00000, 0x0000000085e00000, 0x0000000085f00000|  0%| F|  |TAMS 0x0000000085e00000, 0x0000000085e00000| Untracked 
|  95|0x0000000085f00000, 0x0000000085f00000, 0x0000000086000000|  0%| F|  |TAMS 0x0000000085f00000, 0x0000000085f00000| Untracked 
|  96|0x0000000086000000, 0x0000000086000000, 0x0000000086100000|  0%| F|  |TAMS 0x0000000086000000, 0x0000000086000000| Untracked 
|  97|0x0000000086100000, 0x0000000086100000, 0x0000000086200000|  0%| F|  |TAMS 0x0000000086100000, 0x0000000086100000| Untracked 
|  98|0x0000000086200000, 0x0000000086200000, 0x0000000086300000|  0%| F|  |TAMS 0x0000000086200000, 0x0000000086200000| Untracked 
|  99|0x0000000086300000, 0x0000000086300000, 0x0000000086400000|  0%| F|  |TAMS 0x0000000086300000, 0x0000000086300000| Untracked 
| 100|0x0000000086400000, 0x0000000086400000, 0x0000000086500000|  0%| F|  |TAMS 0x0000000086400000, 0x0000000086400000| Untracked 
| 101|0x0000000086500000, 0x0000000086500000, 0x0000000086600000|  0%| F|  |TAMS 0x0000000086500000, 0x0000000086500000| Untracked 
| 102|0x0000000086600000, 0x0000000086600000, 0x0000000086700000|  0%| F|  |TAMS 0x0000000086600000, 0x0000000086600000| Untracked 
| 103|0x0000000086700000, 0x0000000086700000, 0x0000000086800000|  0%| F|  |TAMS 0x0000000086700000, 0x0000000086700000| Untracked 
| 104|0x0000000086800000, 0x0000000086800000, 0x0000000086900000|  0%| F|  |TAMS 0x0000000086800000, 0x0000000086800000| Untracked 
| 105|0x0000000086900000, 0x0000000086900000, 0x0000000086a00000|  0%| F|  |TAMS 0x0000000086900000, 0x0000000086900000| Untracked 
| 106|0x0000000086a00000, 0x0000000086a00000, 0x0000000086b00000|  0%| F|  |TAMS 0x0000000086a00000, 0x0000000086a00000| Untracked 
| 107|0x0000000086b00000, 0x0000000086b00000, 0x0000000086c00000|  0%| F|  |TAMS 0x0000000086b00000, 0x0000000086b00000| Untracked 
| 108|0x0000000086c00000, 0x0000000086c00000, 0x0000000086d00000|  0%| F|  |TAMS 0x0000000086c00000, 0x0000000086c00000| Untracked 
| 109|0x0000000086d00000, 0x0000000086d00000, 0x0000000086e00000|  0%| F|  |TAMS 0x0000000086d00000, 0x0000000086d00000| Untracked 
| 110|0x0000000086e00000, 0x0000000086e00000, 0x0000000086f00000|  0%| F|  |TAMS 0x0000000086e00000, 0x0000000086e00000| Untracked 
| 111|0x0000000086f00000, 0x0000000086f00000, 0x0000000087000000|  0%| F|  |TAMS 0x0000000086f00000, 0x0000000086f00000| Untracked 
| 112|0x0000000087000000, 0x0000000087000000, 0x0000000087100000|  0%| F|  |TAMS 0x0000000087000000, 0x0000000087000000| Untracked 
| 113|0x0000000087100000, 0x0000000087100000, 0x0000000087200000|  0%| F|  |TAMS 0x0000000087100000, 0x0000000087100000| Untracked 
| 114|0x0000000087200000, 0x0000000087200000, 0x0000000087300000|  0%| F|  |TAMS 0x0000000087200000, 0x0000000087200000| Untracked 
| 115|0x0000000087300000, 0x0000000087300000, 0x0000000087400000|  0%| F|  |TAMS 0x0000000087300000, 0x0000000087300000| Untracked 
| 116|0x0000000087400000, 0x0000000087400000, 0x0000000087500000|  0%| F|  |TAMS 0x0000000087400000, 0x0000000087400000| Untracked 
| 117|0x0000000087500000, 0x0000000087500000, 0x0000000087600000|  0%| F|  |TAMS 0x0000000087500000, 0x0000000087500000| Untracked 
| 118|0x0000000087600000, 0x0000000087600000, 0x0000000087700000|  0%| F|  |TAMS 0x0000000087600000, 0x0000000087600000| Untracked 
| 119|0x0000000087700000, 0x0000000087700000, 0x0000000087800000|  0%| F|  |TAMS 0x0000000087700000, 0x0000000087700000| Untracked 
| 120|0x0000000087800000, 0x0000000087800000, 0x0000000087900000|  0%| F|  |TAMS 0x0000000087800000, 0x0000000087800000| Untracked 
| 121|0x0000000087900000, 0x0000000087900000, 0x0000000087a00000|  0%| F|  |TAMS 0x0000000087900000, 0x0000000087900000| Untracked 
| 122|0x0000000087a00000, 0x0000000087a00000, 0x0000000087b00000|  0%| F|  |TAMS 0x0000000087a00000, 0x0000000087a00000| Untracked 
| 123|0x0000000087b00000, 0x0000000087b00000, 0x0000000087c00000|  0%| F|  |TAMS 0x0000000087b00000, 0x0000000087b00000| Untracked 
| 124|0x0000000087c00000, 0x0000000087c00000, 0x0000000087d00000|  0%| F|  |TAMS 0x0000000087c00000, 0x0000000087c00000| Untracked 
| 125|0x0000000087d00000, 0x0000000087d00000, 0x0000000087e00000|  0%| F|  |TAMS 0x0000000087d00000, 0x0000000087d00000| Untracked 
| 126|0x0000000087e00000, 0x0000000087e00000, 0x0000000087f00000|  0%| F|  |TAMS 0x0000000087e00000, 0x0000000087e00000| Untracked 
| 127|0x0000000087f00000, 0x0000000087f00000, 0x0000000088000000|  0%| F|  |TAMS 0x0000000087f00000, 0x0000000087f00000| Untracked 
| 128|0x0000000088000000, 0x0000000088000000, 0x0000000088100000|  0%| F|  |TAMS 0x0000000088000000, 0x0000000088000000| Untracked 
| 129|0x0000000088100000, 0x0000000088100000, 0x0000000088200000|  0%| F|  |TAMS 0x0000000088100000, 0x0000000088100000| Untracked 
| 130|0x0000000088200000, 0x0000000088200000, 0x0000000088300000|  0%| F|  |TAMS 0x0000000088200000, 0x0000000088200000| Untracked 
| 131|0x0000000088300000, 0x0000000088300000, 0x0000000088400000|  0%| F|  |TAMS 0x0000000088300000, 0x0000000088300000| Untracked 
| 132|0x0000000088400000, 0x0000000088400000, 0x0000000088500000|  0%| F|  |TAMS 0x0000000088400000, 0x0000000088400000| Untracked 
| 133|0x0000000088500000, 0x0000000088500000, 0x0000000088600000|  0%| F|  |TAMS 0x0000000088500000, 0x0000000088500000| Untracked 
| 134|0x0000000088600000, 0x0000000088600000, 0x0000000088700000|  0%| F|  |TAMS 0x0000000088600000, 0x0000000088600000| Untracked 
| 135|0x0000000088700000, 0x0000000088700000, 0x0000000088800000|  0%| F|  |TAMS 0x0000000088700000, 0x0000000088700000| Untracked 
| 136|0x0000000088800000, 0x0000000088800000, 0x0000000088900000|  0%| F|  |TAMS 0x0000000088800000, 0x0000000088800000| Untracked 
| 137|0x0000000088900000, 0x0000000088900000, 0x0000000088a00000|  0%| F|  |TAMS 0x0000000088900000, 0x0000000088900000| Untracked 
| 138|0x0000000088a00000, 0x0000000088a00000, 0x0000000088b00000|  0%| F|  |TAMS 0x0000000088a00000, 0x0000000088a00000| Untracked 
| 139|0x0000000088b00000, 0x0000000088b00000, 0x0000000088c00000|  0%| F|  |TAMS 0x0000000088b00000, 0x0000000088b00000| Untracked 
| 140|0x0000000088c00000, 0x0000000088c00000, 0x0000000088d00000|  0%| F|  |TAMS 0x0000000088c00000, 0x0000000088c00000| Untracked 
| 141|0x0000000088d00000, 0x0000000088d00000, 0x0000000088e00000|  0%| F|  |TAMS 0x0000000088d00000, 0x0000000088d00000| Untracked 
| 142|0x0000000088e00000, 0x0000000088e00000, 0x0000000088f00000|  0%| F|  |TAMS 0x0000000088e00000, 0x0000000088e00000| Untracked 
| 143|0x0000000088f00000, 0x0000000088f00000, 0x0000000089000000|  0%| F|  |TAMS 0x0000000088f00000, 0x0000000088f00000| Untracked 
| 144|0x0000000089000000, 0x0000000089000000, 0x0000000089100000|  0%| F|  |TAMS 0x0000000089000000, 0x0000000089000000| Untracked 
| 145|0x0000000089100000, 0x0000000089100000, 0x0000000089200000|  0%| F|  |TAMS 0x0000000089100000, 0x0000000089100000| Untracked 
| 146|0x0000000089200000, 0x0000000089200000, 0x0000000089300000|  0%| F|  |TAMS 0x0000000089200000, 0x0000000089200000| Untracked 
| 147|0x0000000089300000, 0x0000000089300000, 0x0000000089400000|  0%| F|  |TAMS 0x0000000089300000, 0x0000000089300000| Untracked 
| 148|0x0000000089400000, 0x0000000089400000, 0x0000000089500000|  0%| F|  |TAMS 0x0000000089400000, 0x0000000089400000| Untracked 
| 149|0x0000000089500000, 0x0000000089500000, 0x0000000089600000|  0%| F|  |TAMS 0x0000000089500000, 0x0000000089500000| Untracked 
| 150|0x0000000089600000, 0x0000000089600000, 0x0000000089700000|  0%| F|  |TAMS 0x0000000089600000, 0x0000000089600000| Untracked 
| 151|0x0000000089700000, 0x0000000089700000, 0x0000000089800000|  0%| F|  |TAMS 0x0000000089700000, 0x0000000089700000| Untracked 
| 152|0x0000000089800000, 0x0000000089800000, 0x0000000089900000|  0%| F|  |TAMS 0x0000000089800000, 0x0000000089800000| Untracked 
| 153|0x0000000089900000, 0x0000000089900000, 0x0000000089a00000|  0%| F|  |TAMS 0x0000000089900000, 0x0000000089900000| Untracked 
| 154|0x0000000089a00000, 0x0000000089a00000, 0x0000000089b00000|  0%| F|  |TAMS 0x0000000089a00000, 0x0000000089a00000| Untracked 
| 155|0x0000000089b00000, 0x0000000089b00000, 0x0000000089c00000|  0%| F|  |TAMS 0x0000000089b00000, 0x0000000089b00000| Untracked 
| 156|0x0000000089c00000, 0x0000000089c00000, 0x0000000089d00000|  0%| F|  |TAMS 0x0000000089c00000, 0x0000000089c00000| Untracked 
| 157|0x0000000089d00000, 0x0000000089db5f30, 0x0000000089e00000| 71%| S|CS|TAMS 0x0000000089d00000, 0x0000000089d00000| Complete 
| 158|0x0000000089e00000, 0x0000000089f00000, 0x0000000089f00000|100%| S|CS|TAMS 0x0000000089e00000, 0x0000000089e00000| Complete 
| 159|0x0000000089f00000, 0x0000000089f00000, 0x000000008a000000|  0%| F|  |TAMS 0x0000000089f00000, 0x0000000089f00000| Untracked 
| 160|0x000000008a000000, 0x000000008a000000, 0x000000008a100000|  0%| F|  |TAMS 0x000000008a000000, 0x000000008a000000| Untracked 
| 161|0x000000008a100000, 0x000000008a100000, 0x000000008a200000|  0%| F|  |TAMS 0x000000008a100000, 0x000000008a100000| Untracked 

Card table byte_map: [0x0000021460200000,0x0000021460600000] _byte_map_base: 0x000002145fe00000

Marking Bits (Prev, Next): (CMBitMap*) 0x000002144cd2af20, (CMBitMap*) 0x000002144cd2aee8
 Prev Bits: [0x0000021462a00000, 0x0000021464a00000)
 Next Bits: [0x0000021460a00000, 0x0000021462a00000)

Polling page: 0x000002144b450000

Metaspace:

Usage:
  Non-class:     76.55 MB capacity,    75.24 MB ( 98%) used,     1.06 MB (  1%) free+waste,   252.81 KB ( <1%) overhead. 
      Class:     11.93 MB capacity,    11.13 MB ( 93%) used,   704.37 KB (  6%) free+waste,   113.94 KB ( <1%) overhead. 
       Both:     88.48 MB capacity,    86.38 MB ( 98%) used,     1.75 MB (  2%) free+waste,   366.75 KB ( <1%) overhead. 

Virtual space:
  Non-class space:       78.00 MB reserved,      76.57 MB ( 98%) committed 
      Class space:        1.00 GB reserved,      12.00 MB (  1%) committed 
             Both:        1.08 GB reserved,      88.57 MB (  8%) committed 

Chunk freelists:
   Non-Class:  23.00 KB
       Class:  5.00 KB
        Both:  28.00 KB

MaxMetaspaceSize: 17179869184.00 GB
CompressedClassSpaceSize: 1.00 GB

CodeHeap 'non-profiled nmethods': size=120064Kb used=5226Kb max_used=5226Kb free=114837Kb
 bounds [0x00000214582a0000, 0x00000214587c0000, 0x000002145f7e0000]
CodeHeap 'profiled nmethods': size=120000Kb used=21996Kb max_used=21996Kb free=98003Kb
 bounds [0x0000021450d70000, 0x00000214522f0000, 0x00000214582a0000]
CodeHeap 'non-nmethods': size=5696Kb used=2285Kb max_used=2328Kb free=3410Kb
 bounds [0x00000214507e0000, 0x0000021450a50000, 0x0000021450d70000]
 total_blobs=11210 nmethods=10321 adapters=798
 compilation: enabled
              stopped_count=0, restarted_count=0
 full_count=0

Compilation events (20 events):
Event: 42.699 Thread 0x0000021467983800 10531       3       com.sun.tools.javac.parser.Tokens$TokenKind::accepts (11 bytes)
Event: 42.700 Thread 0x0000021467983800 nmethod 10531 0x00000214522e8390 code [0x00000214522e8540, 0x00000214522e8698]
Event: 42.700 Thread 0x0000021467983800 10529       3       com.sun.tools.javac.util.List$3::next (39 bytes)
Event: 42.700 Thread 0x0000021467983800 nmethod 10529 0x00000214522e8710 code [0x00000214522e88e0, 0x00000214522e8b48]
Event: 42.700 Thread 0x0000021467983800 10536       3       com.sun.tools.javac.tree.JCTree$JCMethodInvocation::getTag (4 bytes)
Event: 42.700 Thread 0x0000021467983800 nmethod 10536 0x00000214522e8c90 code [0x00000214522e8e40, 0x00000214522e8f58]
Event: 42.701 Thread 0x0000021467983800 10538       3       com.sun.tools.javac.util.ListBuffer::isEmpty (13 bytes)
Event: 42.701 Thread 0x0000021467983800 nmethod 10538 0x00000214522e9010 code [0x00000214522e91c0, 0x00000214522e9318]
Event: 42.701 Thread 0x0000021467983800 10540       3       com.sun.tools.javac.tree.JCTree$JCModifiers::<init> (15 bytes)
Event: 42.701 Thread 0x0000021467983800 nmethod 10540 0x00000214522e9390 code [0x00000214522e9540, 0x00000214522e9758]
Event: 42.701 Thread 0x0000021467983800 10539       3       com.sun.tools.javac.parser.JavacParser$SimpleEndPosTable::to (17 bytes)
Event: 42.701 Thread 0x0000021467983800 nmethod 10539 0x00000214522e9890 code [0x00000214522e9a80, 0x00000214522e9e08]
Event: 42.701 Thread 0x0000021467983800 10542       3       com.sun.tools.javac.parser.JavacParser::parseExpression (6 bytes)
Event: 42.702 Thread 0x0000021467983800 nmethod 10542 0x00000214522ea010 code [0x00000214522ea1e0, 0x00000214522ea388]
Event: 42.702 Thread 0x0000021467983800 10541       3       com.sun.tools.javac.parser.JavacParser::attach (23 bytes)
Event: 42.702 Thread 0x0000021467983800 nmethod 10541 0x00000214522ea490 code [0x00000214522ea680, 0x00000214522ea9f8]
Event: 42.702 Thread 0x0000021467983800 10543       3       com.sun.tools.javac.tree.JCTree$JCIdent::getTag (4 bytes)
Event: 42.702 Thread 0x0000021467983800 nmethod 10543 0x00000214522eab90 code [0x00000214522ead40, 0x00000214522eae58]
Event: 42.702 Thread 0x0000021467983800 10544       3       com.sun.tools.javac.tree.JCTree::hasTag (14 bytes)
Event: 42.702 Thread 0x0000021467983800 nmethod 10544 0x00000214522eaf10 code [0x00000214522eb0c0, 0x00000214522eb2e8]

GC Heap History (20 events):
Event: 21.463 GC heap after
{Heap after GC invocations=28 (full 0):
 garbage-first heap   total 114688K, used 53248K [0x0000000080000000, 0x0000000100000000)
  region size 1024K, 5 young (5120K), 5 survivors (5120K)
 Metaspace       used 63617K, capacity 65220K, committed 65352K, reserved 1105920K
  class space    used 8069K, capacity 8637K, committed 8704K, reserved 1048576K
}
Event: 22.373 GC heap before
{Heap before GC invocations=28 (full 0):
 garbage-first heap   total 114688K, used 88064K [0x0000000080000000, 0x0000000100000000)
  region size 1024K, 39 young (39936K), 5 survivors (5120K)
 Metaspace       used 68164K, capacity 69805K, committed 69960K, reserved 1110016K
  class space    used 8806K, capacity 9391K, committed 9472K, reserved 1048576K
}
Event: 22.386 GC heap after
{Heap after GC invocations=29 (full 0):
 garbage-first heap   total 114688K, used 55352K [0x0000000080000000, 0x0000000100000000)
  region size 1024K, 2 young (2048K), 2 survivors (2048K)
 Metaspace       used 68164K, capacity 69805K, committed 69960K, reserved 1110016K
  class space    used 8806K, capacity 9391K, committed 9472K, reserved 1048576K
}
Event: 22.833 GC heap before
{Heap before GC invocations=29 (full 0):
 garbage-first heap   total 114688K, used 89144K [0x0000000080000000, 0x0000000100000000)
  region size 1024K, 35 young (35840K), 2 survivors (2048K)
 Metaspace       used 69132K, capacity 70739K, committed 70856K, reserved 1110016K
  class space    used 8932K, capacity 9508K, committed 9600K, reserved 1048576K
}
Event: 22.846 GC heap after
{Heap after GC invocations=30 (full 0):
 garbage-first heap   total 138240K, used 57899K [0x0000000080000000, 0x0000000100000000)
  region size 1024K, 5 young (5120K), 5 survivors (5120K)
 Metaspace       used 69132K, capacity 70739K, committed 70856K, reserved 1110016K
  class space    used 8932K, capacity 9508K, committed 9600K, reserved 1048576K
}
Event: 25.287 GC heap before
{Heap before GC invocations=31 (full 0):
 garbage-first heap   total 138240K, used 97835K [0x0000000080000000, 0x0000000100000000)
  region size 1024K, 44 young (45056K), 5 survivors (5120K)
 Metaspace       used 71743K, capacity 73525K, committed 73800K, reserved 1114112K
  class space    used 9299K, capacity 9935K, committed 9984K, reserved 1048576K
}
Event: 25.310 GC heap after
{Heap after GC invocations=32 (full 0):
 garbage-first heap   total 138240K, used 60728K [0x0000000080000000, 0x0000000100000000)
  region size 1024K, 6 young (6144K), 6 survivors (6144K)
 Metaspace       used 71743K, capacity 73525K, committed 73800K, reserved 1114112K
  class space    used 9299K, capacity 9935K, committed 9984K, reserved 1048576K
}
Event: 27.623 GC heap before
{Heap before GC invocations=32 (full 0):
 garbage-first heap   total 138240K, used 103736K [0x0000000080000000, 0x0000000100000000)
  region size 1024K, 48 young (49152K), 6 survivors (6144K)
 Metaspace       used 76406K, capacity 78182K, committed 78280K, reserved 1118208K
  class space    used 9941K, capacity 10602K, committed 10624K, reserved 1048576K
}
Event: 27.653 GC heap after
{Heap after GC invocations=33 (full 0):
 garbage-first heap   total 138240K, used 63793K [0x0000000080000000, 0x0000000100000000)
  region size 1024K, 6 young (6144K), 6 survivors (6144K)
 Metaspace       used 76406K, capacity 78182K, committed 78280K, reserved 1118208K
  class space    used 9941K, capacity 10602K, committed 10624K, reserved 1048576K
}
Event: 33.911 GC heap before
{Heap before GC invocations=33 (full 0):
 garbage-first heap   total 138240K, used 106801K [0x0000000080000000, 0x0000000100000000)
  region size 1024K, 49 young (50176K), 6 survivors (6144K)
 Metaspace       used 79487K, capacity 81505K, committed 81608K, reserved 1120256K
  class space    used 10377K, capacity 11123K, committed 11136K, reserved 1048576K
}
Event: 33.938 GC heap after
{Heap after GC invocations=34 (full 0):
 garbage-first heap   total 138240K, used 67327K [0x0000000080000000, 0x0000000100000000)
  region size 1024K, 7 young (7168K), 7 survivors (7168K)
 Metaspace       used 79487K, capacity 81505K, committed 81608K, reserved 1120256K
  class space    used 10377K, capacity 11123K, committed 11136K, reserved 1048576K
}
Event: 35.331 GC heap before
{Heap before GC invocations=34 (full 0):
 garbage-first heap   total 138240K, used 109311K [0x0000000080000000, 0x0000000100000000)
  region size 1024K, 49 young (50176K), 7 survivors (7168K)
 Metaspace       used 79871K, capacity 82001K, committed 82120K, reserved 1120256K
  class space    used 10381K, capacity 11126K, committed 11136K, reserved 1048576K
}
Event: 35.396 GC heap after
{Heap after GC invocations=35 (full 0):
 garbage-first heap   total 165888K, used 69930K [0x0000000080000000, 0x0000000100000000)
  region size 1024K, 7 young (7168K), 7 survivors (7168K)
 Metaspace       used 79871K, capacity 82001K, committed 82120K, reserved 1120256K
  class space    used 10381K, capacity 11126K, committed 11136K, reserved 1048576K
}
Event: 37.196 GC heap before
{Heap before GC invocations=35 (full 0):
 garbage-first heap   total 165888K, used 123178K [0x0000000080000000, 0x0000000100000000)
  region size 1024K, 60 young (61440K), 7 survivors (7168K)
 Metaspace       used 80565K, capacity 82686K, committed 83016K, reserved 1122304K
  class space    used 10430K, capacity 11186K, committed 11264K, reserved 1048576K
}
Event: 37.237 GC heap after
{Heap after GC invocations=36 (full 0):
 garbage-first heap   total 165888K, used 73223K [0x0000000080000000, 0x0000000100000000)
  region size 1024K, 6 young (6144K), 6 survivors (6144K)
 Metaspace       used 80565K, capacity 82686K, committed 83016K, reserved 1122304K
  class space    used 10430K, capacity 11186K, committed 11264K, reserved 1048576K
}
Event: 38.955 GC heap before
{Heap before GC invocations=36 (full 0):
 garbage-first heap   total 165888K, used 133639K [0x0000000080000000, 0x0000000100000000)
  region size 1024K, 66 young (67584K), 6 survivors (6144K)
 Metaspace       used 80813K, capacity 82939K, committed 83016K, reserved 1122304K
  class space    used 10459K, capacity 11262K, committed 11264K, reserved 1048576K
}
Event: 38.993 GC heap after
{Heap after GC invocations=37 (full 0):
 garbage-first heap   total 165888K, used 76615K [0x0000000080000000, 0x0000000100000000)
  region size 1024K, 7 young (7168K), 7 survivors (7168K)
 Metaspace       used 80813K, capacity 82939K, committed 83016K, reserved 1122304K
  class space    used 10459K, capacity 11262K, committed 11264K, reserved 1048576K
}
Event: 42.469 GC heap before
{Heap before GC invocations=37 (full 0):
 garbage-first heap   total 165888K, used 133959K [0x0000000080000000, 0x0000000100000000)
  region size 1024K, 64 young (65536K), 7 survivors (7168K)
 Metaspace       used 87957K, capacity 90110K, committed 90440K, reserved 1128448K
  class space    used 11373K, capacity 12182K, committed 12288K, reserved 1048576K
}
Event: 42.508 GC heap after
{Heap after GC invocations=38 (full 0):
 garbage-first heap   total 165888K, used 82579K [0x0000000080000000, 0x0000000100000000)
  region size 1024K, 8 young (8192K), 8 survivors (8192K)
 Metaspace       used 87957K, capacity 90110K, committed 90440K, reserved 1128448K
  class space    used 11373K, capacity 12182K, committed 12288K, reserved 1048576K
}
Event: 42.735 GC heap before
{Heap before GC invocations=38 (full 0):
 garbage-first heap   total 165888K, used 84627K [0x0000000080000000, 0x0000000100000000)
  region size 1024K, 11 young (11264K), 8 survivors (8192K)
 Metaspace       used 88448K, capacity 90604K, committed 90696K, reserved 1128448K
  class space    used 11400K, capacity 12219K, committed 12288K, reserved 1048576K
}

Deoptimization events (20 events):
Event: 42.520 Thread 0x00000214683e6000 DEOPT PACKING pc=0x00000214587a8f9c sp=0x000000e7fe4f6b10
Event: 42.520 Thread 0x00000214683e6000 DEOPT UNPACKING pc=0x00000214508078af sp=0x000000e7fe4f6a38 mode 2
Event: 42.555 Thread 0x00000214683e6000 Uncommon trap: trap_request=0xffffff4d fr.pc=0x000002145852d304 relative=0x00000000000005e4
Event: 42.555 Thread 0x00000214683e6000 Uncommon trap: reason=unstable_if action=reinterpret pc=0x000002145852d304 method=sun.nio.cs.UTF_8$Decoder.decodeArrayLoop(Ljava/nio/ByteBuffer;Ljava/nio/CharBuffer;)Ljava/nio/charset/CoderResult; @ 84 c2
Event: 42.555 Thread 0x00000214683e6000 DEOPT PACKING pc=0x000002145852d304 sp=0x000000e7fe4f9270
Event: 42.555 Thread 0x00000214683e6000 DEOPT UNPACKING pc=0x00000214508078af sp=0x000000e7fe4f91e0 mode 2
Event: 42.559 Thread 0x00000214683e6000 Uncommon trap: trap_request=0xffffff4d fr.pc=0x00000214585320bc relative=0x000000000000047c
Event: 42.559 Thread 0x00000214683e6000 Uncommon trap: reason=unstable_if action=reinterpret pc=0x00000214585320bc method=java.lang.StringUTF16.compress([CII)[B @ 13 c2
Event: 42.559 Thread 0x00000214683e6000 DEOPT PACKING pc=0x00000214585320bc sp=0x000000e7fe4f8c00
Event: 42.559 Thread 0x00000214683e6000 DEOPT UNPACKING pc=0x00000214508078af sp=0x000000e7fe4f8ae8 mode 2
Event: 42.573 Thread 0x00000214683e6000 Uncommon trap: trap_request=0xffffff4d fr.pc=0x000002145839f888 relative=0x0000000000000668
Event: 42.573 Thread 0x00000214683e6000 Uncommon trap: reason=unstable_if action=reinterpret pc=0x000002145839f888 method=sun.nio.cs.UTF_8$Decoder.decodeArrayLoop(Ljava/nio/ByteBuffer;Ljava/nio/CharBuffer;)Ljava/nio/charset/CoderResult; @ 84 c2
Event: 42.573 Thread 0x00000214683e6000 DEOPT PACKING pc=0x000002145839f888 sp=0x000000e7fe4f9250
Event: 42.573 Thread 0x00000214683e6000 DEOPT UNPACKING pc=0x00000214508078af sp=0x000000e7fe4f91e0 mode 2
Event: 42.635 Thread 0x00000214683e6000 DEOPT PACKING pc=0x000002145225cef4 sp=0x000000e7fe4f8d80
Event: 42.635 Thread 0x00000214683e6000 DEOPT UNPACKING pc=0x00000214508076ce sp=0x000000e7fe4f8500 mode 0
Event: 42.647 Thread 0x00000214683e6000 Uncommon trap: trap_request=0xffffff4d fr.pc=0x00000214587b623c relative=0x000000000000009c
Event: 42.647 Thread 0x00000214683e6000 Uncommon trap: reason=unstable_if action=reinterpret pc=0x00000214587b623c method=java.lang.CharacterDataLatin1.digit(II)I @ 7 c2
Event: 42.647 Thread 0x00000214683e6000 DEOPT PACKING pc=0x00000214587b623c sp=0x000000e7fe4f77e0
Event: 42.647 Thread 0x00000214683e6000 DEOPT UNPACKING pc=0x00000214508078af sp=0x000000e7fe4f76a0 mode 2

Classes redefined (0 events):
No events

Internal exceptions (20 events):
Event: 28.335 Thread 0x0000021469b5c800 Exception <a 'java/lang/NoSuchMethodError'{0x0000000087708808}: <clinit>> (0x0000000087708808) thrown at [./src/hotspot/share/prims/jni.cpp, line 1362]
Event: 29.573 Thread 0x0000021469443000 Exception <a 'java/lang/NoSuchMethodError'{0x00000000876b9798}: <clinit>> (0x00000000876b9798) thrown at [./src/hotspot/share/prims/jni.cpp, line 1362]
Event: 29.913 Thread 0x00000214683e5000 Exception <a 'java/lang/NoSuchMethodError'{0x0000000087578290}: 'java.lang.Object java.lang.invoke.Invokers$Holder.linkToTargetMethod(java.lang.Object, java.lang.Object, java.lang.Object, int, java.lang.Object, java.lang.Object)'> (0x0000000087578290) thrown at [./src/hotspot/share/interpreter/linkResolver.cpp, line 773]
Event: 33.557 Thread 0x00000214683e5000 Exception <a 'java/lang/NoSuchMethodError'{0x0000000086436898}: 'java.lang.Object java.lang.invoke.DirectMethodHandle$Holder.invokeSpecialIFC(java.lang.Object, java.lang.Object, java.lang.Object)'> (0x0000000086436898) thrown at [./src/hotspot/share/interpreter/linkResolver.cpp, line 773]
Event: 33.557 Thread 0x0000021469b54800 Exception <a 'java/lang/NoSuchMethodError'{0x00000000863823b8}: 'java.lang.Object java.lang.invoke.DirectMethodHandle$Holder.invokeSpecialIFC(java.lang.Object, java.lang.Object, java.lang.Object)'> (0x00000000863823b8) thrown at [./src/hotspot/share/interpreter/linkResolver.cpp, line 773]
Event: 33.714 Thread 0x0000021469b58800 Exception <a 'java/lang/NoSuchMethodError'{0x0000000086065cc8}: 'int java.lang.invoke.DirectMethodHandle$Holder.invokeStaticInit(java.lang.Object, java.lang.Object, java.lang.Object, java.lang.Object, java.lang.Object)'> (0x0000000086065cc8) thrown at [./src/hotspot/share/interpreter/linkResolver.cpp, line 773]
Event: 34.452 Thread 0x0000021469b58000 Exception <a 'java/lang/NoSuchMethodError'{0x00000000874b38c0}: 'void java.lang.invoke.DirectMethodHandle$Holder.invokeVirtual(java.lang.Object, java.lang.Object)'> (0x00000000874b38c0) thrown at [./src/hotspot/share/interpreter/linkResolver.cpp, line 773]
Event: 35.838 Thread 0x00000214683e5000 Exception <a 'java/lang/IncompatibleClassChangeError'{0x0000000089bbf1d8}: Found class java.lang.Object, but interface was expected> (0x0000000089bbf1d8) thrown at [./src/hotspot/share/interpreter/linkResolver.cpp, line 839]
Event: 38.570 Thread 0x00000214683e6000 Exception <a 'java/lang/NoSuchMethodError'{0x00000000874239e8}: <clinit>> (0x00000000874239e8) thrown at [./src/hotspot/share/prims/jni.cpp, line 1362]
Event: 38.571 Thread 0x00000214683e6000 Exception <a 'java/lang/NoSuchMethodError'{0x0000000087424d20}: <clinit>> (0x0000000087424d20) thrown at [./src/hotspot/share/prims/jni.cpp, line 1362]
Event: 38.571 Thread 0x00000214683e6000 Exception <a 'java/lang/NoSuchMethodError'{0x0000000087427470}: <clinit>> (0x0000000087427470) thrown at [./src/hotspot/share/prims/jni.cpp, line 1362]
Event: 38.576 Thread 0x00000214683e6000 Exception <a 'java/lang/NoSuchMethodError'{0x0000000087442378}: <clinit>> (0x0000000087442378) thrown at [./src/hotspot/share/prims/jni.cpp, line 1362]
Event: 38.577 Thread 0x00000214683e6000 Exception <a 'java/lang/NoSuchMethodError'{0x0000000087443858}: <clinit>> (0x0000000087443858) thrown at [./src/hotspot/share/prims/jni.cpp, line 1362]
Event: 39.090 Thread 0x00000214683e6000 Exception <a 'java/lang/NoSuchMethodError'{0x0000000089e31d68}: 'int java.lang.invoke.DirectMethodHandle$Holder.invokeSpecial(java.lang.Object, java.lang.Object, java.lang.Object, java.lang.Object, java.lang.Object)'> (0x0000000089e31d68) thrown at [./src/hotspot/share/interpreter/linkResolver.cpp, line 773]
Event: 40.365 Thread 0x00000214683e6000 Implicit null exception at 0x00000214584e8cf7 to 0x00000214584e8e90
Event: 41.748 Thread 0x00000214683e6000 Exception <a 'sun/nio/fs/WindowsException'{0x0000000087aebce8}> (0x0000000087aebce8) thrown at [./src/hotspot/share/prims/jni.cpp, line 615]
Event: 41.751 Thread 0x00000214683e6000 Exception <a 'java/lang/NoSuchMethodError'{0x0000000087af7fc0}: 'java.lang.Object java.lang.invoke.Invokers$Holder.linkToTargetMethod(java.lang.Object, java.lang.Object, java.lang.Object, int, int, java.lang.Object)'> (0x0000000087af7fc0) thrown at [./src/hotspot/share/interpreter/linkResolver.cpp, line 773]
Event: 42.448 Thread 0x00000214683e6000 Exception <a 'java/lang/NoSuchMethodError'{0x000000008699b6e8}: 'int java.lang.invoke.DirectMethodHandle$Holder.invokeVirtual(java.lang.Object, java.lang.Object, java.lang.Object)'> (0x000000008699b6e8) thrown at [./src/hotspot/share/interpreter/linkResolver.cpp, line 773]
Event: 42.715 Thread 0x00000214683e6000 Exception <a 'sun/nio/fs/WindowsException'{0x0000000089f48c08}> (0x0000000089f48c08) thrown at [./src/hotspot/share/prims/jni.cpp, line 615]
Event: 42.715 Thread 0x00000214683e6000 Exception <a 'sun/nio/fs/WindowsException'{0x0000000089f48d10}> (0x0000000089f48d10) thrown at [./src/hotspot/share/prims/jni.cpp, line 615]

Events (20 events):
Event: 42.463 loading class jdk/internal/math/FloatingDecimal$HexFloatPattern done
Event: 42.469 Executing VM operation: G1CollectForAllocation
Event: 42.508 Executing VM operation: G1CollectForAllocation done
Event: 42.527 loading class com/sun/tools/javac/parser/Tokens$TokenKind
Event: 42.527 loading class com/sun/tools/javac/parser/Tokens$TokenKind done
Event: 42.527 loading class com/sun/tools/javac/parser/Tokens$TokenKind
Event: 42.527 loading class com/sun/tools/javac/parser/Tokens$TokenKind done
Event: 42.527 loading class com/sun/tools/javac/util/Filter
Event: 42.527 loading class com/sun/tools/javac/util/Filter done
Event: 42.543 loading class com/sun/tools/javac/tree/JCTree
Event: 42.543 loading class com/sun/tools/javac/tree/JCTree done
Event: 42.543 loading class com/sun/tools/javac/tree/JCTree
Event: 42.543 loading class com/sun/tools/javac/tree/JCTree done
Event: 42.631 Executing VM operation: Deoptimize
Event: 42.634 Executing VM operation: Deoptimize done
Event: 42.703 loading class com/sun/tools/javac/comp/Modules
Event: 42.703 loading class com/sun/tools/javac/comp/Modules done
Event: 42.704 loading class com/sun/tools/javac/code/Symbol$PackageSymbol
Event: 42.704 loading class com/sun/tools/javac/code/Symbol$PackageSymbol done
Event: 42.735 Executing VM operation: G1CollectForAllocation


Dynamic libraries:
0x00007ff65cb40000 - 0x00007ff65cb4a000 	C:\Program Files\Android\Android Studio\jre\bin\java.exe
0x00007ffc2b3b0000 - 0x00007ffc2b5a5000 	C:\WINDOWS\SYSTEM32\ntdll.dll
0x00007ffc2aaa0000 - 0x00007ffc2ab5e000 	C:\WINDOWS\System32\KERNEL32.DLL
0x00007ffc28c40000 - 0x00007ffc28f08000 	C:\WINDOWS\System32\KERNELBASE.dll
0x00007ffc29220000 - 0x00007ffc29320000 	C:\WINDOWS\System32\ucrtbase.dll
0x00007ffc17350000 - 0x00007ffc17367000 	C:\Program Files\Android\Android Studio\jre\bin\VCRUNTIME140.dll
0x00007ffc23450000 - 0x00007ffc23469000 	C:\Program Files\Android\Android Studio\jre\bin\jli.dll
0x00007ffc29dc0000 - 0x00007ffc29f61000 	C:\WINDOWS\System32\USER32.dll
0x00007ffc28ad0000 - 0x00007ffc28af2000 	C:\WINDOWS\System32\win32u.dll
0x00007ffc2b2c0000 - 0x00007ffc2b2eb000 	C:\WINDOWS\System32\GDI32.dll
0x00007ffc18830000 - 0x00007ffc18aca000 	C:\WINDOWS\WinSxS\amd64_microsoft.windows.common-controls_6595b64144ccf1df_6.0.19041.1110_none_60b5254171f9507e\COMCTL32.dll
0x00007ffc28b00000 - 0x00007ffc28c0b000 	C:\WINDOWS\System32\gdi32full.dll
0x00007ffc2a6d0000 - 0x00007ffc2a76e000 	C:\WINDOWS\System32\msvcrt.dll
0x00007ffc29180000 - 0x00007ffc2921d000 	C:\WINDOWS\System32\msvcp_win.dll
0x00007ffc29f70000 - 0x00007ffc29fa0000 	C:\WINDOWS\System32\IMM32.DLL
0x00007ffbe7fb0000 - 0x00007ffbe804d000 	C:\Program Files\Android\Android Studio\jre\bin\msvcp140.dll
0x00007ffbe4b50000 - 0x00007ffbe561f000 	C:\Program Files\Android\Android Studio\jre\bin\server\jvm.dll
0x00007ffc2a610000 - 0x00007ffc2a6bc000 	C:\WINDOWS\System32\ADVAPI32.dll
0x00007ffc2a000000 - 0x00007ffc2a09b000 	C:\WINDOWS\System32\sechost.dll
0x00007ffc2a4e0000 - 0x00007ffc2a60a000 	C:\WINDOWS\System32\RPCRT4.dll
0x00007ffc29400000 - 0x00007ffc29408000 	C:\WINDOWS\System32\PSAPI.DLL
0x00007ffc176f0000 - 0x00007ffc176f9000 	C:\WINDOWS\SYSTEM32\WSOCK32.dll
0x00007ffc1c500000 - 0x00007ffc1c527000 	C:\WINDOWS\SYSTEM32\WINMM.dll
0x00007ffc2b190000 - 0x00007ffc2b1fb000 	C:\WINDOWS\System32\WS2_32.dll
0x00007ffc20f80000 - 0x00007ffc20f8a000 	C:\WINDOWS\SYSTEM32\VERSION.dll
0x00007ffc269d0000 - 0x00007ffc269e2000 	C:\WINDOWS\SYSTEM32\kernel.appcore.dll
0x00007ffc0e390000 - 0x00007ffc0e3a1000 	C:\Program Files\Android\Android Studio\jre\bin\verify.dll
0x00007ffc15250000 - 0x00007ffc15434000 	C:\WINDOWS\SYSTEM32\DBGHELP.DLL
0x00007ffc15220000 - 0x00007ffc1524c000 	C:\WINDOWS\SYSTEM32\dbgcore.DLL
0x00007ffc29320000 - 0x00007ffc293a3000 	C:\WINDOWS\System32\bcryptPrimitives.dll
0x00007ffc01df0000 - 0x00007ffc01e19000 	C:\Program Files\Android\Android Studio\jre\bin\java.dll
0x00007ffc160b0000 - 0x00007ffc160bb000 	C:\Program Files\Android\Android Studio\jre\bin\jimage.dll
0x00007ffc02460000 - 0x00007ffc02478000 	C:\Program Files\Android\Android Studio\jre\bin\zip.dll
0x00007ffc29620000 - 0x00007ffc29d5f000 	C:\WINDOWS\System32\SHELL32.dll
0x00007ffc26bd0000 - 0x00007ffc27360000 	C:\WINDOWS\SYSTEM32\windows.storage.dll
0x00007ffc2a0a0000 - 0x00007ffc2a3f5000 	C:\WINDOWS\System32\combase.dll
0x00007ffc28520000 - 0x00007ffc2854e000 	C:\WINDOWS\SYSTEM32\Wldp.dll
0x00007ffc2b200000 - 0x00007ffc2b2ad000 	C:\WINDOWS\System32\SHCORE.dll
0x00007ffc295c0000 - 0x00007ffc29615000 	C:\WINDOWS\System32\shlwapi.dll
0x00007ffc28a10000 - 0x00007ffc28a2f000 	C:\WINDOWS\SYSTEM32\profapi.dll
0x00007ffc02420000 - 0x00007ffc0243a000 	C:\Program Files\Android\Android Studio\jre\bin\net.dll
0x00007ffc19d50000 - 0x00007ffc19e5c000 	C:\WINDOWS\SYSTEM32\WINHTTP.dll
0x00007ffc28280000 - 0x00007ffc282ea000 	C:\WINDOWS\system32\mswsock.dll
0x00007ffbfdca0000 - 0x00007ffbfdcb4000 	C:\Program Files\Android\Android Studio\jre\bin\nio.dll
0x00007ffc21ef0000 - 0x00007ffc21f17000 	C:\Program Files\Java\jdk-17.0.1\native\8bec1ad78214c89d9ad589b4d07fe93259594b29d510b10fafb7a158f7737e5d\windows-amd64\native-platform.dll
0x00007ffc01c90000 - 0x00007ffc01dcd000 	C:\Program Files\Java\jdk-17.0.1\native\53dbd7edfb1c66fb8903c78663c9afc45aea4f116125fa6feffd364cf09443e8\windows-amd64\native-platform-file-events.dll
0x00007ffc15620000 - 0x00007ffc1562a000 	C:\Program Files\Android\Android Studio\jre\bin\management.dll
0x00007ffc155d0000 - 0x00007ffc155dc000 	C:\Program Files\Android\Android Studio\jre\bin\management_ext.dll
0x00007ffc28470000 - 0x00007ffc28488000 	C:\WINDOWS\SYSTEM32\CRYPTSP.dll
0x00007ffc27b90000 - 0x00007ffc27bc4000 	C:\WINDOWS\system32\rsaenh.dll
0x00007ffc28c10000 - 0x00007ffc28c37000 	C:\WINDOWS\System32\bcrypt.dll
0x00007ffc289d0000 - 0x00007ffc289fe000 	C:\WINDOWS\SYSTEM32\USERENV.dll
0x00007ffc28490000 - 0x00007ffc2849c000 	C:\WINDOWS\SYSTEM32\CRYPTBASE.dll
0x00007ffc27f20000 - 0x00007ffc27f5b000 	C:\WINDOWS\SYSTEM32\IPHLPAPI.DLL
0x00007ffc2b2b0000 - 0x00007ffc2b2b8000 	C:\WINDOWS\System32\NSI.dll
0x00007ffc1ecf0000 - 0x00007ffc1ed07000 	C:\WINDOWS\SYSTEM32\dhcpcsvc6.DLL
0x00007ffc1f090000 - 0x00007ffc1f0ad000 	C:\WINDOWS\SYSTEM32\dhcpcsvc.DLL
0x00007ffc27f70000 - 0x00007ffc2803b000 	C:\WINDOWS\SYSTEM32\DNSAPI.dll

dbghelp: loaded successfully - version: 4.0.5 - missing functions: none
symbol engine: initialized successfully - sym options: 0x614 - pdb path: .;C:\Program Files\Android\Android Studio\jre\bin;C:\WINDOWS\SYSTEM32;C:\WINDOWS\WinSxS\amd64_microsoft.windows.common-controls_6595b64144ccf1df_6.0.19041.1110_none_60b5254171f9507e;C:\Program Files\Android\Android Studio\jre\bin\server;C:\Program Files\Java\jdk-17.0.1\native\8bec1ad78214c89d9ad589b4d07fe93259594b29d510b10fafb7a158f7737e5d\windows-amd64;C:\Program Files\Java\jdk-17.0.1\native\53dbd7edfb1c66fb8903c78663c9afc45aea4f116125fa6feffd364cf09443e8\windows-amd64

VM Arguments:
jvm_args: --add-opens=java.base/java.util=ALL-UNNAMED --add-opens=java.base/java.lang=ALL-UNNAMED --add-opens=java.base/java.lang.invoke=ALL-UNNAMED --add-opens=java.base/java.util=ALL-UNNAMED --add-opens=java.prefs/java.util.prefs=ALL-UNNAMED --add-opens=java.prefs/java.util.prefs=ALL-UNNAMED --add-opens=java.base/java.nio.charset=ALL-UNNAMED --add-opens=java.base/java.net=ALL-UNNAMED --add-opens=java.base/java.util.concurrent.atomic=ALL-UNNAMED -Xmx2048m -Dfile.encoding=UTF-8 -Duser.country=US -Duser.language=en -Duser.variant 
java_command: org.gradle.launcher.daemon.bootstrap.GradleDaemon 7.0.2
java_class_path (initial): C:\Program Files\Java\jdk-17.0.1\wrapper\dists\gradle-7.0.2-bin\857tjihv64xamwrf0h14cai3r\gradle-7.0.2\lib\gradle-launcher-7.0.2.jar
Launcher Type: SUN_STANDARD

[Global flags]
     intx CICompilerCount                          = 3                                         {product} {ergonomic}
     uint ConcGCThreads                            = 1                                         {product} {ergonomic}
     uint G1ConcRefinementThreads                  = 4                                         {product} {ergonomic}
   size_t G1HeapRegionSize                         = 1048576                                   {product} {ergonomic}
    uintx GCDrainStackTargetSize                   = 64                                        {product} {ergonomic}
   size_t InitialHeapSize                          = 67108864                                  {product} {ergonomic}
   size_t MarkStackSize                            = 4194304                                   {product} {ergonomic}
   size_t MaxHeapSize                              = 2147483648                                {product} {command line}
   size_t MaxNewSize                               = 1287651328                                {product} {ergonomic}
   size_t MinHeapDeltaBytes                        = 1048576                                   {product} {ergonomic}
    uintx NonNMethodCodeHeapSize                   = 5830732                                {pd product} {ergonomic}
    uintx NonProfiledCodeHeapSize                  = 122913754                              {pd product} {ergonomic}
    uintx ProfiledCodeHeapSize                     = 122913754                              {pd product} {ergonomic}
    uintx ReservedCodeCacheSize                    = 251658240                              {pd product} {ergonomic}
     bool SegmentedCodeCache                       = true                                      {product} {ergonomic}
     bool UseCompressedClassPointers               = true                                 {lp64_product} {ergonomic}
     bool UseCompressedOops                        = true                                 {lp64_product} {ergonomic}
     bool UseG1GC                                  = true                                      {product} {ergonomic}
     bool UseLargePagesIndividualAllocation        = false                                  {pd product} {ergonomic}

Logging:
Log output configuration:
 #0: stdout all=warning uptime,level,tags
 #1: stderr all=off uptime,level,tags

Environment Variables:
PATH=C:\Program Files\Common Files\Oracle\Java\javapath;C:\WINDOWS\system32;C:\WINDOWS;C:\WINDOWS\System32\Wbem;C:\WINDOWS\System32\WindowsPowerShell\v1.0\;C:\WINDOWS\System32\OpenSSH\;C:\Program Files\dotnet\;C:\Program Files\Microsoft SQL Server\Client SDK\ODBC\170\Tools\Binn\;C:\Program Files (x86)\dotnet\;C:\Program Files\Git\cmd;C:\Users\MinhNgan\AppData\Local\Microsoft\WindowsApps
USERNAME=MinhNgan
OS=Windows_NT
PROCESSOR_IDENTIFIER=Intel64 Family 6 Model 69 Stepping 1, GenuineIntel



---------------  S Y S T E M  ---------------

OS: Windows 10 , 64 bit Build 19041 (10.0.19041.1348)
OS uptime: 0 days 0:08 hours

CPU:total 4 (initial active 4) (2 cores per cpu, 2 threads per core) family 6 model 69 stepping 1 microcode 0x25, cmov, cx8, fxsr, mmx, sse, sse2, sse3, ssse3, sse4.1, sse4.2, popcnt, avx, avx2, aes, clmul, erms, lzcnt, ht, tsc, tscinvbit, bmi1, bmi2, fma

Memory: 4k page, system-wide physical 3979M (139M free)
TotalPageFile size 6979M (AvailPageFile size 18M)
current process WorkingSet (physical memory assigned to process): 237M, peak: 268M
current process commit charge ("private bytes"): 417M, peak: 450M

vm_info: OpenJDK 64-Bit Server VM (11.0.10+0-b96-7249189) for windows-amd64 JRE (11.0.10+0-b96-7249189), built on Mar 31 2021 21:44:00 by "builder" with MS VC++ 14.0 (VS2015)

END.
