#
# There is insufficient memory for the Java Runtime Environment to continue.
# Native memory allocation (mmap) failed to map 23068672 bytes for Failed to commit area from 0x0000000084e00000 to 0x0000000086400000 of length 23068672.
# Possible reasons:
#   The system is out of physical RAM or swap space
#   The process is running with CompressedOops enabled, and the Java Heap may be blocking the growth of the native heap
# Possible solutions:
#   Reduce memory load on the system
#   Increase physical memory or swap space
#   Check if swap backing store is full
#   Decrease Java heap size (-Xmx/-Xms)
#   Decrease number of Java threads
#   Decrease Java thread stack sizes (-Xss)
#   Set larger code cache with -XX:ReservedCodeCacheSize=
#   JVM is running with Unscaled Compressed Oops mode in which the Java heap is
#     placed in the first 4GB address space. The Java Heap base address is the
#     maximum limit for the native heap growth. Please use -XX:HeapBaseMinAddress
#     to set the Java Heap base and to place the Java Heap above 4GB virtual address.
# This output file may be truncated or incomplete.
#
#  Out of Memory Error (./src/hotspot/os/windows/os_windows.cpp:3301), pid=2800, tid=2672
#
# JRE version: OpenJDK Runtime Environment (11.0.10) (build 11.0.10+0-b96-7249189)
# Java VM: OpenJDK 64-Bit Server VM (11.0.10+0-b96-7249189, mixed mode, tiered, compressed oops, g1 gc, windows-amd64)
# No core dump will be written. Minidumps are not enabled by default on client versions of Windows
#

---------------  S U M M A R Y ------------

Command Line: --add-opens=java.base/java.util=ALL-UNNAMED --add-opens=java.base/java.lang=ALL-UNNAMED --add-opens=java.base/java.lang.invoke=ALL-UNNAMED --add-opens=java.base/java.util=ALL-UNNAMED --add-opens=java.prefs/java.util.prefs=ALL-UNNAMED --add-opens=java.prefs/java.util.prefs=ALL-UNNAMED --add-opens=java.base/java.nio.charset=ALL-UNNAMED --add-opens=java.base/java.net=ALL-UNNAMED --add-opens=java.base/java.util.concurrent.atomic=ALL-UNNAMED -Xmx2048m -Dfile.encoding=UTF-8 -Duser.country=US -Duser.language=en -Duser.variant org.gradle.launcher.daemon.bootstrap.GradleDaemon 7.0.2

Host: Intel(R) Core(TM) i5-4210U CPU @ 1.70GHz, 4 cores, 3G,  Windows 10 , 64 bit Build 19041 (10.0.19041.1202)
Time: Wed Nov 10 14:16:55 2021 SE Asia Standard Time elapsed time: 26.086811 seconds (0d 0h 0m 26s)

---------------  T H R E A D  ---------------

Current thread (0x00000132ff4c4000):  VMThread "VM Thread" [stack: 0x000000320c200000,0x000000320c300000] [id=2672]

Stack: [0x000000320c200000,0x000000320c300000]
[error occurred during error reporting (printing stack bounds), id 0xc0000005, EXCEPTION_ACCESS_VIOLATION (0xc0000005) at pc=0x0000013280000f2d]

Native frames: (J=compiled Java code, j=interpreted, Vv=VM code, C=native code)
V  [jvm.dll+0x5ecfaa]
V  [jvm.dll+0x722bd5]
V  [jvm.dll+0x72412d]
V  [jvm.dll+0x724745]
V  [jvm.dll+0x7246fb]
V  [jvm.dll+0x5ec348]
V  [jvm.dll+0x5ecad8]
C  [ntdll.dll+0xa20cf]
C  [ntdll.dll+0x51454]
C  [ntdll.dll+0xa0bfe]
C  0x0000013280000f2d

VM_Operation (0x000000320d6f6df0): G1CollectForAllocation, mode: safepoint, requested by thread 0x00000132955e6000


---------------  P R O C E S S  ---------------

Threads class SMR info:
_java_thread_list=0x0000013299bf1a00, length=37, elements={
0x00000132fa929800, 0x00000132ff4cb800, 0x00000132ff4cc800, 0x00000132ff521800,
0x00000132ff525000, 0x00000132ff528000, 0x00000132ff535000, 0x00000132ff542000,
0x00000132ff545800, 0x000001329517f800, 0x000001329596c000, 0x0000013295e63800,
0x000001329709e800, 0x00000132970c2800, 0x00000132967ef800, 0x0000013296af7800,
0x00000132955e6000, 0x00000132955e6800, 0x00000132975c3000, 0x00000132954f2000,
0x00000132954ef000, 0x00000132954ed800, 0x00000132954f4000, 0x00000132954ee000,
0x00000132954f0000, 0x00000132954f0800, 0x00000132954f1800, 0x00000132954f3000,
0x00000132995de000, 0x00000132995e3000, 0x00000132995df800, 0x00000132995e0800,
0x00000132995dd000, 0x00000132995e1800, 0x00000132995e4000, 0x00000132995e5800,
0x00000132995e6000
}

Java Threads: ( => current thread )
  0x00000132fa929800 JavaThread "main" [_thread_blocked, id=5316, stack(0x000000320bc00000,0x000000320bd00000)]
  0x00000132ff4cb800 JavaThread "Reference Handler" daemon [_thread_blocked, id=11980, stack(0x000000320c300000,0x000000320c400000)]
  0x00000132ff4cc800 JavaThread "Finalizer" daemon [_thread_blocked, id=12128, stack(0x000000320c400000,0x000000320c500000)]
  0x00000132ff521800 JavaThread "Signal Dispatcher" daemon [_thread_blocked, id=2596, stack(0x000000320c500000,0x000000320c600000)]
  0x00000132ff525000 JavaThread "Attach Listener" daemon [_thread_blocked, id=7916, stack(0x000000320c600000,0x000000320c700000)]
  0x00000132ff528000 JavaThread "Service Thread" daemon [_thread_blocked, id=5804, stack(0x000000320c700000,0x000000320c800000)]
  0x00000132ff535000 JavaThread "C2 CompilerThread0" daemon [_thread_in_native, id=5132, stack(0x000000320c800000,0x000000320c900000)]
  0x00000132ff542000 JavaThread "C1 CompilerThread0" daemon [_thread_blocked, id=3008, stack(0x000000320c900000,0x000000320ca00000)]
  0x00000132ff545800 JavaThread "Sweeper thread" daemon [_thread_blocked, id=12108, stack(0x000000320ca00000,0x000000320cb00000)]
  0x000001329517f800 JavaThread "Common-Cleaner" daemon [_thread_blocked, id=5236, stack(0x000000320cb00000,0x000000320cc00000)]
  0x000001329596c000 JavaThread "Daemon health stats" [_thread_blocked, id=5176, stack(0x000000320ce00000,0x000000320cf00000)]
  0x0000013295e63800 JavaThread "Incoming local TCP Connector on port 50237" [_thread_in_native, id=4800, stack(0x000000320cf00000,0x000000320d000000)]
  0x000001329709e800 JavaThread "Daemon periodic checks" [_thread_blocked, id=1848, stack(0x000000320d000000,0x000000320d100000)]
  0x00000132970c2800 JavaThread "Daemon" [_thread_blocked, id=4132, stack(0x000000320d100000,0x000000320d200000)]
  0x00000132967ef800 JavaThread "Handler for socket connection from /127.0.0.1:50237 to /127.0.0.1:50238" [_thread_in_native, id=3096, stack(0x000000320d200000,0x000000320d300000)]
  0x0000013296af7800 JavaThread "Cancel handler" [_thread_blocked, id=9080, stack(0x000000320d500000,0x000000320d600000)]
  0x00000132955e6000 JavaThread "Daemon worker" [_thread_blocked, id=2592, stack(0x000000320d600000,0x000000320d700000)]
  0x00000132955e6800 JavaThread "Asynchronous log dispatcher for DefaultDaemonConnection: socket connection from /127.0.0.1:50237 to /127.0.0.1:50238" [_thread_blocked, id=9132, stack(0x000000320d700000,0x000000320d800000)]
  0x00000132975c3000 JavaThread "Stdin handler" [_thread_blocked, id=2824, stack(0x000000320d800000,0x000000320d900000)]
  0x00000132954f2000 JavaThread "Daemon client event forwarder" [_thread_blocked, id=5392, stack(0x000000320d900000,0x000000320da00000)]
  0x00000132954ef000 JavaThread "Cache worker for file hash cache (C:\Program Files\Java\jdk-17.0.1\caches\7.0.2\fileHashes)" [_thread_blocked, id=11776, stack(0x000000320da00000,0x000000320db00000)]
  0x00000132954ed800 JavaThread "File lock request listener" [_thread_in_native, id=3256, stack(0x000000320db00000,0x000000320dc00000)]
  0x00000132954f4000 JavaThread "Cache worker for journal cache (C:\Program Files\Java\jdk-17.0.1\caches\journal-1)" [_thread_blocked, id=8304, stack(0x000000320dc00000,0x000000320dd00000)]
  0x00000132954ee000 JavaThread "Cache worker for file hash cache (C:\Users\MinhNgan\AndroidStudioProjects\Android_hepat\.gradle\7.0.2\fileHashes)" [_thread_blocked, id=2996, stack(0x000000320dd00000,0x000000320de00000)]
  0x00000132954f0000 JavaThread "File watcher server" daemon [_thread_in_native, id=5436, stack(0x000000320de00000,0x000000320df00000)]
  0x00000132954f0800 JavaThread "File watcher consumer" daemon [_thread_blocked, id=2464, stack(0x000000320df00000,0x000000320e000000)]
  0x00000132954f1800 JavaThread "jar transforms" [_thread_blocked, id=7312, stack(0x000000320e000000,0x000000320e100000)]
  0x00000132954f3000 JavaThread "jar transforms Thread 2" [_thread_blocked, id=2448, stack(0x000000320e100000,0x000000320e200000)]
  0x00000132995de000 JavaThread "jar transforms Thread 3" [_thread_blocked, id=4832, stack(0x000000320e200000,0x000000320e300000)]
  0x00000132995e3000 JavaThread "jar transforms Thread 4" [_thread_blocked, id=2988, stack(0x000000320e300000,0x000000320e400000)]
  0x00000132995df800 JavaThread "Cache worker for checksums cache (C:\Users\MinhNgan\AndroidStudioProjects\Android_hepat\.gradle\checksums)" [_thread_blocked, id=1524, stack(0x000000320e400000,0x000000320e500000)]
  0x00000132995e0800 JavaThread "Cache worker for cache directory md-supplier (C:\Program Files\Java\jdk-17.0.1\caches\7.0.2\md-supplier)" [_thread_blocked, id=10184, stack(0x000000320e500000,0x000000320e600000)]
  0x00000132995dd000 JavaThread "Cache worker for cache directory md-rule (C:\Program Files\Java\jdk-17.0.1\caches\7.0.2\md-rule)" [_thread_blocked, id=3248, stack(0x000000320e600000,0x000000320e700000)]
  0x00000132995e1800 JavaThread "Cache worker for execution history cache (C:\Program Files\Java\jdk-17.0.1\caches\7.0.2\executionHistory)" [_thread_blocked, id=10844, stack(0x000000320e700000,0x000000320e800000)]
  0x00000132995e4000 JavaThread "Cache worker for file content cache (C:\Program Files\Java\jdk-17.0.1\caches\7.0.2\fileContent)" [_thread_blocked, id=11240, stack(0x000000320e800000,0x000000320e900000)]
  0x00000132995e5800 JavaThread "Cache worker for dependencies-accessors (C:\Users\MinhNgan\AndroidStudioProjects\Android_hepat\.gradle\7.0.2\dependencies-accessors)" [_thread_blocked, id=2796, stack(0x000000320e900000,0x000000320ea00000)]
  0x00000132995e6000 JavaThread "Cache worker for Build Output Cleanup Cache (C:\Users\MinhNgan\AndroidStudioProjects\Android_hepat\.gradle\buildOutputCleanup)" [_thread_blocked, id=6708, stack(0x000000320ea00000,0x000000320eb00000)]

Other Threads:
=>0x00000132ff4c4000 VMThread "VM Thread" [stack: 0x000000320c200000,0x000000320c300000] [id=2672]
  0x00000132951b6800 WatcherThread [stack: 0x000000320cc00000,0x000000320cd00000] [id=6624]
  0x00000132fa942000 GCTaskThread "GC Thread#0" [stack: 0x000000320bd00000,0x000000320be00000] [id=9572]
  0x0000013295090800 GCTaskThread "GC Thread#1" [stack: 0x000000320cd00000,0x000000320ce00000] [id=2152]
  0x000001329508e800 GCTaskThread "GC Thread#2" [stack: 0x000000320d300000,0x000000320d400000] [id=3492]
  0x0000013295093800 GCTaskThread "GC Thread#3" [stack: 0x000000320d400000,0x000000320d500000] [id=2816]
  0x00000132fa971800 ConcurrentGCThread "G1 Main Marker" [stack: 0x000000320be00000,0x000000320bf00000] [id=8532]
  0x00000132fa974000 ConcurrentGCThread "G1 Conc#0" [stack: 0x000000320bf00000,0x000000320c000000] [id=2380]
  0x00000132fa9d2800 ConcurrentGCThread "G1 Refine#0" [stack: 0x000000320c000000,0x000000320c100000] [id=7928]
  0x00000132fa9d3800 ConcurrentGCThread "G1 Young RemSet Sampling" [stack: 0x000000320c100000,0x000000320c200000] [id=10568]

Threads with active compile tasks:
C2 CompilerThread0  26125 4270       4       java.lang.invoke.LambdaForm$Name::replaceNames (174 bytes)

VM state:at safepoint (normal execution)

VM Mutex/Monitor currently owned by a thread:  ([mutex/lock_event])
[0x00000132fa925b00] Threads_lock - owner thread: 0x00000132ff4c4000
[0x00000132fa925f80] Heap_lock - owner thread: 0x00000132955e6000

Heap address: 0x0000000080000000, size: 2048 MB, Compressed Oops mode: 32-bit
Narrow klass base: 0x0000000000000000, Narrow klass shift: 3
Compressed class space size: 1073741824 Address: 0x0000000100000000

Heap:
 garbage-first heap   total 102400K, used 55450K [0x0000000080000000, 0x0000000100000000)
  region size 1024K, 2 young (2048K), 2 survivors (2048K)
 Metaspace       used 46830K, capacity 48155K, committed 48512K, reserved 1091584K
  class space    used 5980K, capacity 6408K, committed 6528K, reserved 1048576K
Heap Regions: E=young(eden), S=young(survivor), O=old, HS=humongous(starts), HC=humongous(continues), CS=collection set, F=free, A=archive, TAMS=top-at-mark-start (previous, next)
|   0|0x0000000080000000, 0x0000000080100000, 0x0000000080100000|100%|HS|  |TAMS 0x0000000080100000, 0x0000000080100000| Complete 
|   1|0x0000000080100000, 0x0000000080200000, 0x0000000080200000|100%|HC|  |TAMS 0x0000000080200000, 0x0000000080200000| Complete 
|   2|0x0000000080200000, 0x0000000080300000, 0x0000000080300000|100%|HC|  |TAMS 0x0000000080300000, 0x0000000080300000| Complete 
|   3|0x0000000080300000, 0x0000000080400000, 0x0000000080400000|100%| O|  |TAMS 0x0000000080400000, 0x0000000080400000| Untracked 
|   4|0x0000000080400000, 0x0000000080500000, 0x0000000080500000|100%| O|  |TAMS 0x0000000080500000, 0x0000000080500000| Untracked 
|   5|0x0000000080500000, 0x0000000080600000, 0x0000000080600000|100%| O|  |TAMS 0x0000000080600000, 0x0000000080600000| Untracked 
|   6|0x0000000080600000, 0x0000000080700000, 0x0000000080700000|100%| O|  |TAMS 0x0000000080700000, 0x0000000080700000| Untracked 
|   7|0x0000000080700000, 0x0000000080800000, 0x0000000080800000|100%| O|  |TAMS 0x0000000080800000, 0x0000000080800000| Untracked 
|   8|0x0000000080800000, 0x0000000080900000, 0x0000000080900000|100%| O|  |TAMS 0x0000000080900000, 0x0000000080900000| Untracked 
|   9|0x0000000080900000, 0x0000000080a00000, 0x0000000080a00000|100%| O|  |TAMS 0x0000000080a00000, 0x0000000080a00000| Untracked 
|  10|0x0000000080a00000, 0x0000000080b00000, 0x0000000080b00000|100%| O|  |TAMS 0x0000000080b00000, 0x0000000080b00000| Untracked 
|  11|0x0000000080b00000, 0x0000000080c00000, 0x0000000080c00000|100%| O|  |TAMS 0x0000000080c00000, 0x0000000080c00000| Untracked 
|  12|0x0000000080c00000, 0x0000000080d00000, 0x0000000080d00000|100%| O|  |TAMS 0x0000000080d00000, 0x0000000080d00000| Untracked 
|  13|0x0000000080d00000, 0x0000000080e00000, 0x0000000080e00000|100%| O|  |TAMS 0x0000000080e00000, 0x0000000080e00000| Untracked 
|  14|0x0000000080e00000, 0x0000000080f00000, 0x0000000080f00000|100%| O|  |TAMS 0x0000000080f00000, 0x0000000080f00000| Untracked 
|  15|0x0000000080f00000, 0x0000000081000000, 0x0000000081000000|100%| O|  |TAMS 0x0000000081000000, 0x0000000081000000| Untracked 
|  16|0x0000000081000000, 0x0000000081100000, 0x0000000081100000|100%|HS|  |TAMS 0x0000000081100000, 0x0000000081100000| Complete 
|  17|0x0000000081100000, 0x0000000081200000, 0x0000000081200000|100%|HC|  |TAMS 0x0000000081200000, 0x0000000081200000| Complete 
|  18|0x0000000081200000, 0x0000000081300000, 0x0000000081300000|100%|HS|  |TAMS 0x0000000081300000, 0x0000000081300000| Complete 
|  19|0x0000000081300000, 0x0000000081400000, 0x0000000081400000|100%|HC|  |TAMS 0x0000000081400000, 0x0000000081400000| Complete 
|  20|0x0000000081400000, 0x0000000081500000, 0x0000000081500000|100%|HC|  |TAMS 0x0000000081500000, 0x0000000081500000| Complete 
|  21|0x0000000081500000, 0x0000000081600000, 0x0000000081600000|100%|HS|  |TAMS 0x0000000081600000, 0x0000000081600000| Complete 
|  22|0x0000000081600000, 0x0000000081700000, 0x0000000081700000|100%|HC|  |TAMS 0x0000000081700000, 0x0000000081700000| Complete 
|  23|0x0000000081700000, 0x0000000081800000, 0x0000000081800000|100%|HC|  |TAMS 0x0000000081800000, 0x0000000081800000| Complete 
|  24|0x0000000081800000, 0x0000000081900000, 0x0000000081900000|100%|HC|  |TAMS 0x0000000081900000, 0x0000000081900000| Complete 
|  25|0x0000000081900000, 0x0000000081a00000, 0x0000000081a00000|100%|HC|  |TAMS 0x0000000081a00000, 0x0000000081a00000| Complete 
|  26|0x0000000081a00000, 0x0000000081b00000, 0x0000000081b00000|100%| O|  |TAMS 0x0000000081b00000, 0x0000000081b00000| Untracked 
|  27|0x0000000081b00000, 0x0000000081c00000, 0x0000000081c00000|100%| O|  |TAMS 0x0000000081c00000, 0x0000000081c00000| Untracked 
|  28|0x0000000081c00000, 0x0000000081d00000, 0x0000000081d00000|100%| O|  |TAMS 0x0000000081d00000, 0x0000000081d00000| Untracked 
|  29|0x0000000081d00000, 0x0000000081e00000, 0x0000000081e00000|100%| O|  |TAMS 0x0000000081e00000, 0x0000000081e00000| Untracked 
|  30|0x0000000081e00000, 0x0000000081f00000, 0x0000000081f00000|100%| O|  |TAMS 0x0000000081f00000, 0x0000000081f00000| Untracked 
|  31|0x0000000081f00000, 0x0000000082000000, 0x0000000082000000|100%| O|  |TAMS 0x0000000082000000, 0x0000000082000000| Untracked 
|  32|0x0000000082000000, 0x0000000082100000, 0x0000000082100000|100%| O|  |TAMS 0x0000000082100000, 0x0000000082100000| Untracked 
|  33|0x0000000082100000, 0x0000000082200000, 0x0000000082200000|100%| O|  |TAMS 0x0000000082200000, 0x0000000082200000| Untracked 
|  34|0x0000000082200000, 0x0000000082300000, 0x0000000082300000|100%| O|  |TAMS 0x0000000082300000, 0x0000000082300000| Untracked 
|  35|0x0000000082300000, 0x0000000082400000, 0x0000000082400000|100%| O|  |TAMS 0x0000000082400000, 0x0000000082400000| Untracked 
|  36|0x0000000082400000, 0x0000000082500000, 0x0000000082500000|100%| O|  |TAMS 0x0000000082500000, 0x0000000082500000| Untracked 
|  37|0x0000000082500000, 0x0000000082600000, 0x0000000082600000|100%|HS|  |TAMS 0x0000000082600000, 0x0000000082600000| Complete 
|  38|0x0000000082600000, 0x0000000082700000, 0x0000000082700000|100%|HC|  |TAMS 0x0000000082700000, 0x0000000082700000| Complete 
|  39|0x0000000082700000, 0x0000000082800000, 0x0000000082800000|100%|HC|  |TAMS 0x0000000082800000, 0x0000000082800000| Complete 
|  40|0x0000000082800000, 0x0000000082900000, 0x0000000082900000|100%|HC|  |TAMS 0x0000000082900000, 0x0000000082900000| Complete 
|  41|0x0000000082900000, 0x0000000082a00000, 0x0000000082a00000|100%|HC|  |TAMS 0x0000000082a00000, 0x0000000082a00000| Complete 
|  42|0x0000000082a00000, 0x0000000082b00000, 0x0000000082b00000|100%|HS|  |TAMS 0x0000000082b00000, 0x0000000082b00000| Complete 
|  43|0x0000000082b00000, 0x0000000082c00000, 0x0000000082c00000|100%|HC|  |TAMS 0x0000000082c00000, 0x0000000082c00000| Complete 
|  44|0x0000000082c00000, 0x0000000082d00000, 0x0000000082d00000|100%|HC|  |TAMS 0x0000000082d00000, 0x0000000082d00000| Complete 
|  45|0x0000000082d00000, 0x0000000082e00000, 0x0000000082e00000|100%| O|  |TAMS 0x0000000082e00000, 0x0000000082e00000| Untracked 
|  46|0x0000000082e00000, 0x0000000082f00000, 0x0000000082f00000|100%| O|  |TAMS 0x0000000082f00000, 0x0000000082f00000| Untracked 
|  47|0x0000000082f00000, 0x0000000083000000, 0x0000000083000000|100%| O|  |TAMS 0x0000000083000000, 0x0000000083000000| Untracked 
|  48|0x0000000083000000, 0x0000000083100000, 0x0000000083100000|100%| O|  |TAMS 0x0000000083100000, 0x0000000083100000| Untracked 
|  49|0x0000000083100000, 0x0000000083200000, 0x0000000083200000|100%| O|  |TAMS 0x0000000083200000, 0x0000000083200000| Untracked 
|  50|0x0000000083200000, 0x0000000083300000, 0x0000000083300000|100%| O|  |TAMS 0x00000000832bbc00, 0x0000000083300000| Untracked 
|  51|0x0000000083300000, 0x00000000833a4600, 0x0000000083400000| 64%| O|  |TAMS 0x0000000083300000, 0x00000000833a4600| Untracked 
|  52|0x0000000083400000, 0x0000000083400000, 0x0000000083500000|  0%| F|  |TAMS 0x0000000083400000, 0x0000000083400000| Untracked 
|  53|0x0000000083500000, 0x0000000083500000, 0x0000000083600000|  0%| F|  |TAMS 0x0000000083500000, 0x0000000083500000| Untracked 
|  54|0x0000000083600000, 0x0000000083600000, 0x0000000083700000|  0%| F|  |TAMS 0x0000000083600000, 0x0000000083600000| Untracked 
|  55|0x0000000083700000, 0x0000000083700000, 0x0000000083800000|  0%| F|  |TAMS 0x0000000083700000, 0x0000000083700000| Untracked 
|  56|0x0000000083800000, 0x0000000083800000, 0x0000000083900000|  0%| F|  |TAMS 0x0000000083800000, 0x0000000083800000| Untracked 
|  57|0x0000000083900000, 0x0000000083900000, 0x0000000083a00000|  0%| F|  |TAMS 0x0000000083900000, 0x0000000083900000| Untracked 
|  58|0x0000000083a00000, 0x0000000083a00000, 0x0000000083b00000|  0%| F|  |TAMS 0x0000000083a00000, 0x0000000083a00000| Untracked 
|  59|0x0000000083b00000, 0x0000000083b00000, 0x0000000083c00000|  0%| F|  |TAMS 0x0000000083b00000, 0x0000000083b00000| Untracked 
|  60|0x0000000083c00000, 0x0000000083c00000, 0x0000000083d00000|  0%| F|  |TAMS 0x0000000083c00000, 0x0000000083c00000| Untracked 
|  61|0x0000000083d00000, 0x0000000083d00000, 0x0000000083e00000|  0%| F|  |TAMS 0x0000000083d00000, 0x0000000083d00000| Untracked 
|  62|0x0000000083e00000, 0x0000000083e00000, 0x0000000083f00000|  0%| F|  |TAMS 0x0000000083e00000, 0x0000000083e00000| Untracked 
|  63|0x0000000083f00000, 0x0000000083f00000, 0x0000000084000000|  0%| F|  |TAMS 0x0000000083f00000, 0x0000000083f00000| Untracked 
|  64|0x0000000084000000, 0x0000000084100000, 0x0000000084100000|100%| O|  |TAMS 0x0000000084100000, 0x0000000084100000| Untracked 
|  65|0x0000000084100000, 0x0000000084100000, 0x0000000084200000|  0%| F|  |TAMS 0x0000000084100000, 0x0000000084100000| Untracked 
|  66|0x0000000084200000, 0x0000000084282508, 0x0000000084300000| 50%| S|CS|TAMS 0x0000000084200000, 0x0000000084200000| Complete 
|  67|0x0000000084300000, 0x0000000084400000, 0x0000000084400000|100%| S|CS|TAMS 0x0000000084300000, 0x0000000084300000| Complete 
|  68|0x0000000084400000, 0x0000000084400000, 0x0000000084500000|  0%| F|  |TAMS 0x0000000084400000, 0x0000000084400000| Untracked 
|  69|0x0000000084500000, 0x0000000084500000, 0x0000000084600000|  0%| F|  |TAMS 0x0000000084500000, 0x0000000084500000| Untracked 
|  70|0x0000000084600000, 0x0000000084600000, 0x0000000084700000|  0%| F|  |TAMS 0x0000000084600000, 0x0000000084600000| Untracked 
|  71|0x0000000084700000, 0x0000000084700000, 0x0000000084800000|  0%| F|  |TAMS 0x0000000084700000, 0x0000000084700000| Untracked 
|  72|0x0000000084800000, 0x0000000084800000, 0x0000000084900000|  0%| F|  |TAMS 0x0000000084800000, 0x0000000084800000| Untracked 
|  73|0x0000000084900000, 0x0000000084900000, 0x0000000084a00000|  0%| F|  |TAMS 0x0000000084900000, 0x0000000084900000| Untracked 
|  74|0x0000000084a00000, 0x0000000084a00000, 0x0000000084b00000|  0%| F|  |TAMS 0x0000000084a00000, 0x0000000084a00000| Untracked 
|  75|0x0000000084b00000, 0x0000000084b00000, 0x0000000084c00000|  0%| F|  |TAMS 0x0000000084b00000, 0x0000000084b00000| Untracked 
|  76|0x0000000084c00000, 0x0000000084c00000, 0x0000000084d00000|  0%| F|  |TAMS 0x0000000084c00000, 0x0000000084c00000| Untracked 
|  77|0x0000000084d00000, 0x0000000084d00000, 0x0000000084e00000|  0%| F|  |TAMS 0x0000000084d00000, 0x0000000084d00000| Untracked 

Card table byte_map: [0x00000132fe820000,0x00000132fec20000] _byte_map_base: 0x00000132fe420000

Marking Bits (Prev, Next): (CMBitMap*) 0x00000132fa968de8, (CMBitMap*) 0x00000132fa968e20
 Prev Bits: [0x000001328f000000, 0x0000013291000000)
 Next Bits: [0x0000013291000000, 0x0000013293000000)

Polling page: 0x00000132f88d0000

Metaspace:

Usage:
  Non-class:     40.77 MB capacity,    39.89 MB ( 98%) used,   779.01 KB (  2%) free+waste,   117.88 KB ( <1%) overhead. 
      Class:      6.26 MB capacity,     5.84 MB ( 93%) used,   370.72 KB (  6%) free+waste,    57.06 KB ( <1%) overhead. 
       Both:     47.03 MB capacity,    45.73 MB ( 97%) used,     1.12 MB (  2%) free+waste,   174.94 KB ( <1%) overhead. 

Virtual space:
  Non-class space:       42.00 MB reserved,      41.00 MB ( 98%) committed 
      Class space:        1.00 GB reserved,       6.38 MB ( <1%) committed 
             Both:        1.04 GB reserved,      47.38 MB (  4%) committed 

Chunk freelists:
   Non-Class:  45.00 KB
       Class:  0 bytes
        Both:  45.00 KB

MaxMetaspaceSize: 17179869184.00 GB
CompressedClassSpaceSize: 1.00 GB

CodeHeap 'non-profiled nmethods': size=120064Kb used=2145Kb max_used=2145Kb free=117918Kb
 bounds [0x0000013287ac0000, 0x0000013287d30000, 0x000001328f000000]
CodeHeap 'profiled nmethods': size=120000Kb used=9476Kb max_used=9476Kb free=110523Kb
 bounds [0x0000013280590000, 0x0000013280ee0000, 0x0000013287ac0000]
CodeHeap 'non-nmethods': size=5696Kb used=2213Kb max_used=2258Kb free=3482Kb
 bounds [0x0000013280000000, 0x0000013280270000, 0x0000013280590000]
 total_blobs=5065 nmethods=4282 adapters=694
 compilation: enabled
              stopped_count=0, restarted_count=0
 full_count=0

Compilation events (20 events):
Event: 26.008 Thread 0x00000132ff542000 4320 %     3       groovy.lang.MetaClassImpl::inheritInterfaceNewMetaMethods @ 100 (195 bytes)
Event: 26.011 Thread 0x00000132ff542000 nmethod 4320% 0x0000013280ec9810 code [0x0000013280ec9b80, 0x0000013280ecb328]
Event: 26.011 Thread 0x00000132ff542000 4322       2       org.codehaus.groovy.reflection.stdclasses.CachedSAMClass::isAssignableFrom (30 bytes)
Event: 26.012 Thread 0x00000132ff542000 nmethod 4322 0x0000013280ecbb90 code [0x0000013280ecbd60, 0x0000013280ecbf18]
Event: 26.013 Thread 0x00000132ff542000 4323       2       sun.reflect.generics.scope.ClassScope::make (9 bytes)
Event: 26.014 Thread 0x00000132ff542000 nmethod 4323 0x0000013280ecc010 code [0x0000013280ecc1c0, 0x0000013280ecc338]
Event: 26.014 Thread 0x00000132ff542000 4324       2       sun.reflect.generics.scope.ClassScope::<init> (6 bytes)
Event: 26.014 Thread 0x00000132ff542000 nmethod 4324 0x0000013280ecc410 code [0x0000013280ecc5c0, 0x0000013280ecc6f8]
Event: 26.015 Thread 0x00000132ff542000 4325       2       java.beans.MethodDescriptor::resolve (32 bytes)
Event: 26.015 Thread 0x00000132ff542000 nmethod 4325 0x0000013280ecc790 code [0x0000013280ecc940, 0x0000013280eccab8]
Event: 26.015 Thread 0x00000132ff542000 4326       2       sun.reflect.generics.repository.ConstructorRepository::computeExceptionTypes (62 bytes)
Event: 26.016 Thread 0x00000132ff542000 nmethod 4326 0x0000013280eccb90 code [0x0000013280eccd60, 0x0000013280ecd1c8]
Event: 26.016 Thread 0x00000132ff542000 4328       2       java.beans.MethodDescriptor::<init> (111 bytes)
Event: 26.017 Thread 0x00000132ff542000 nmethod 4328 0x0000013280ecd410 code [0x0000013280ecd620, 0x0000013280ecdb98]
Event: 26.021 Thread 0x00000132ff542000 4329       3       groovy.lang.MetaClassImpl::inheritInterfaceNewMetaMethods (195 bytes)
Event: 26.026 Thread 0x00000132ff542000 nmethod 4329 0x0000013280ecdd90 code [0x0000013280ece0e0, 0x0000013280ecf548]
Event: 26.026 Thread 0x00000132ff542000 4330       2       java.lang.invoke.LambdaForm$MH/0x00000001000df040::invoke (155 bytes)
Event: 26.026 Thread 0x00000132ff542000 nmethod 4330 0x0000013280ecfc90 code [0x0000013280ecfec0, 0x0000013280ed02d8]
Event: 26.031 Thread 0x00000132ff542000 4331       2       java.util.concurrent.atomic.AtomicReference::compareAndSet (10 bytes)
Event: 26.032 Thread 0x00000132ff542000 nmethod 4331 0x0000013280ed0710 code [0x0000013280ed0920, 0x0000013280ed0e38]

GC Heap History (20 events):
Event: 23.814 GC heap after
{Heap after GC invocations=30 (full 0):
 garbage-first heap   total 66560K, used 51498K [0x0000000080000000, 0x0000000100000000)
  region size 1024K, 1 young (1024K), 1 survivors (1024K)
 Metaspace       used 44204K, capacity 45440K, committed 45696K, reserved 1089536K
  class space    used 5557K, capacity 5974K, committed 6016K, reserved 1048576K
}
Event: 24.153 GC heap before
{Heap before GC invocations=31 (full 0):
 garbage-first heap   total 66560K, used 56618K [0x0000000080000000, 0x0000000100000000)
  region size 1024K, 6 young (6144K), 1 survivors (1024K)
 Metaspace       used 44472K, capacity 45788K, committed 46080K, reserved 1089536K
  class space    used 5590K, capacity 6046K, committed 6144K, reserved 1048576K
}
Event: 24.158 GC heap after
{Heap after GC invocations=32 (full 0):
 garbage-first heap   total 66560K, used 52071K [0x0000000080000000, 0x0000000100000000)
  region size 1024K, 1 young (1024K), 1 survivors (1024K)
 Metaspace       used 44472K, capacity 45788K, committed 46080K, reserved 1089536K
  class space    used 5590K, capacity 6046K, committed 6144K, reserved 1048576K
}
Event: 24.294 GC heap before
{Heap before GC invocations=32 (full 0):
 garbage-first heap   total 66560K, used 56167K [0x0000000080000000, 0x0000000100000000)
  region size 1024K, 5 young (5120K), 1 survivors (1024K)
 Metaspace       used 44527K, capacity 45796K, committed 46080K, reserved 1089536K
  class space    used 5595K, capacity 6048K, committed 6144K, reserved 1048576K
}
Event: 24.300 GC heap after
{Heap after GC invocations=33 (full 0):
 garbage-first heap   total 66560K, used 52716K [0x0000000080000000, 0x0000000100000000)
  region size 1024K, 1 young (1024K), 1 survivors (1024K)
 Metaspace       used 44527K, capacity 45796K, committed 46080K, reserved 1089536K
  class space    used 5595K, capacity 6048K, committed 6144K, reserved 1048576K
}
Event: 24.382 GC heap before
{Heap before GC invocations=33 (full 0):
 garbage-first heap   total 66560K, used 56812K [0x0000000080000000, 0x0000000100000000)
  region size 1024K, 5 young (5120K), 1 survivors (1024K)
 Metaspace       used 44552K, capacity 45808K, committed 46080K, reserved 1089536K
  class space    used 5600K, capacity 6052K, committed 6144K, reserved 1048576K
}
Event: 24.384 GC heap after
{Heap after GC invocations=34 (full 0):
 garbage-first heap   total 66560K, used 53025K [0x0000000080000000, 0x0000000100000000)
  region size 1024K, 1 young (1024K), 1 survivors (1024K)
 Metaspace       used 44552K, capacity 45808K, committed 46080K, reserved 1089536K
  class space    used 5600K, capacity 6052K, committed 6144K, reserved 1048576K
}
Event: 24.444 GC heap before
{Heap before GC invocations=34 (full 0):
 garbage-first heap   total 66560K, used 56097K [0x0000000080000000, 0x0000000100000000)
  region size 1024K, 4 young (4096K), 1 survivors (1024K)
 Metaspace       used 44556K, capacity 45808K, committed 46080K, reserved 1089536K
  class space    used 5600K, capacity 6052K, committed 6144K, reserved 1048576K
}
Event: 24.446 GC heap after
{Heap after GC invocations=35 (full 0):
 garbage-first heap   total 66560K, used 53099K [0x0000000080000000, 0x0000000100000000)
  region size 1024K, 1 young (1024K), 1 survivors (1024K)
 Metaspace       used 44556K, capacity 45808K, committed 46080K, reserved 1089536K
  class space    used 5600K, capacity 6052K, committed 6144K, reserved 1048576K
}
Event: 24.529 GC heap before
{Heap before GC invocations=36 (full 0):
 garbage-first heap   total 66560K, used 55147K [0x0000000080000000, 0x0000000100000000)
  region size 1024K, 4 young (4096K), 1 survivors (1024K)
 Metaspace       used 44649K, capacity 45873K, committed 46080K, reserved 1089536K
  class space    used 5620K, capacity 6052K, committed 6144K, reserved 1048576K
}
Event: 24.533 GC heap after
{Heap after GC invocations=37 (full 0):
 garbage-first heap   total 66560K, used 53361K [0x0000000080000000, 0x0000000100000000)
  region size 1024K, 1 young (1024K), 1 survivors (1024K)
 Metaspace       used 44649K, capacity 45873K, committed 46080K, reserved 1089536K
  class space    used 5620K, capacity 6052K, committed 6144K, reserved 1048576K
}
Event: 24.636 GC heap before
{Heap before GC invocations=37 (full 0):
 garbage-first heap   total 66560K, used 56433K [0x0000000080000000, 0x0000000100000000)
  region size 1024K, 4 young (4096K), 1 survivors (1024K)
 Metaspace       used 44850K, capacity 46044K, committed 46336K, reserved 1089536K
  class space    used 5656K, capacity 6088K, committed 6144K, reserved 1048576K
}
Event: 24.641 GC heap after
{Heap after GC invocations=38 (full 0):
 garbage-first heap   total 79872K, used 53450K [0x0000000080000000, 0x0000000100000000)
  region size 1024K, 1 young (1024K), 1 survivors (1024K)
 Metaspace       used 44850K, capacity 46044K, committed 46336K, reserved 1089536K
  class space    used 5656K, capacity 6088K, committed 6144K, reserved 1048576K
}
Event: 25.102 GC heap before
{Heap before GC invocations=39 (full 0):
 garbage-first heap   total 79872K, used 61642K [0x0000000080000000, 0x0000000100000000)
  region size 1024K, 9 young (9216K), 1 survivors (1024K)
 Metaspace       used 45515K, capacity 46803K, committed 46976K, reserved 1089536K
  class space    used 5760K, capacity 6192K, committed 6272K, reserved 1048576K
}
Event: 25.107 GC heap after
{Heap after GC invocations=40 (full 0):
 garbage-first heap   total 79872K, used 53927K [0x0000000080000000, 0x0000000100000000)
  region size 1024K, 1 young (1024K), 1 survivors (1024K)
 Metaspace       used 45515K, capacity 46803K, committed 46976K, reserved 1089536K
  class space    used 5760K, capacity 6192K, committed 6272K, reserved 1048576K
}
Event: 25.441 GC heap before
{Heap before GC invocations=40 (full 0):
 garbage-first heap   total 79872K, used 63143K [0x0000000080000000, 0x0000000100000000)
  region size 1024K, 10 young (10240K), 1 survivors (1024K)
 Metaspace       used 46082K, capacity 47309K, committed 47616K, reserved 1091584K
  class space    used 5854K, capacity 6296K, committed 6400K, reserved 1048576K
}
Event: 25.450 GC heap after
{Heap after GC invocations=41 (full 0):
 garbage-first heap   total 79872K, used 54736K [0x0000000080000000, 0x0000000100000000)
  region size 1024K, 2 young (2048K), 2 survivors (2048K)
 Metaspace       used 46082K, capacity 47309K, committed 47616K, reserved 1091584K
  class space    used 5854K, capacity 6296K, committed 6400K, reserved 1048576K
}
Event: 25.879 GC heap before
{Heap before GC invocations=42 (full 0):
 garbage-first heap   total 79872K, used 62928K [0x0000000080000000, 0x0000000100000000)
  region size 1024K, 10 young (10240K), 2 survivors (2048K)
 Metaspace       used 46678K, capacity 47990K, committed 48128K, reserved 1091584K
  class space    used 5947K, capacity 6397K, committed 6400K, reserved 1048576K
}
Event: 25.887 GC heap after
{Heap after GC invocations=43 (full 0):
 garbage-first heap   total 79872K, used 54998K [0x0000000080000000, 0x0000000100000000)
  region size 1024K, 2 young (2048K), 2 survivors (2048K)
 Metaspace       used 46678K, capacity 47990K, committed 48128K, reserved 1091584K
  class space    used 5947K, capacity 6397K, committed 6400K, reserved 1048576K
}
Event: 26.074 GC heap before
{Heap before GC invocations=43 (full 0):
 garbage-first heap   total 79872K, used 62166K [0x0000000080000000, 0x0000000100000000)
  region size 1024K, 10 young (10240K), 2 survivors (2048K)
 Metaspace       used 46830K, capacity 48155K, committed 48512K, reserved 1091584K
  class space    used 5980K, capacity 6408K, committed 6528K, reserved 1048576K
}

Deoptimization events (20 events):
Event: 25.690 Thread 0x00000132955e6000 DEOPT PACKING pc=0x0000013287c69a28 sp=0x000000320d6f4180
Event: 25.690 Thread 0x00000132955e6000 DEOPT UNPACKING pc=0x00000132800278af sp=0x000000320d6f4148 mode 2
Event: 25.693 Thread 0x00000132955e6000 DEOPT PACKING pc=0x0000013280924cbf sp=0x000000320d6f3e30
Event: 25.693 Thread 0x00000132955e6000 DEOPT UNPACKING pc=0x00000132800276ce sp=0x000000320d6f3340 mode 0
Event: 25.828 Thread 0x00000132955e6000 Uncommon trap: trap_request=0xffffffde fr.pc=0x0000013287c94d30 relative=0x0000000000003010
Event: 25.828 Thread 0x00000132955e6000 Uncommon trap: reason=class_check action=maybe_recompile pc=0x0000013287c94d30 method=java.util.regex.Pattern$CharProperty.study(Ljava/util/regex/Pattern$TreeInfo;)Z @ 25 c2
Event: 25.828 Thread 0x00000132955e6000 DEOPT PACKING pc=0x0000013287c94d30 sp=0x000000320d6faf10
Event: 25.828 Thread 0x00000132955e6000 DEOPT UNPACKING pc=0x00000132800278af sp=0x000000320d6fae08 mode 2
Event: 25.829 Thread 0x00000132955e6000 Uncommon trap: trap_request=0xffffffde fr.pc=0x0000013287c94d30 relative=0x0000000000003010
Event: 25.829 Thread 0x00000132955e6000 Uncommon trap: reason=class_check action=maybe_recompile pc=0x0000013287c94d30 method=java.util.regex.Pattern$CharProperty.study(Ljava/util/regex/Pattern$TreeInfo;)Z @ 25 c2
Event: 25.829 Thread 0x00000132955e6000 DEOPT PACKING pc=0x0000013287c94d30 sp=0x000000320d6faf10
Event: 25.829 Thread 0x00000132955e6000 DEOPT UNPACKING pc=0x00000132800278af sp=0x000000320d6fae08 mode 2
Event: 25.831 Thread 0x00000132955e6000 Uncommon trap: trap_request=0xffffffde fr.pc=0x0000013287c94d30 relative=0x0000000000003010
Event: 25.831 Thread 0x00000132955e6000 Uncommon trap: reason=class_check action=maybe_recompile pc=0x0000013287c94d30 method=java.util.regex.Pattern$CharProperty.study(Ljava/util/regex/Pattern$TreeInfo;)Z @ 25 c2
Event: 25.869 Thread 0x00000132955e6000 DEOPT PACKING pc=0x0000013287c94d30 sp=0x000000320d6faf10
Event: 25.869 Thread 0x00000132955e6000 DEOPT UNPACKING pc=0x00000132800278af sp=0x000000320d6fae08 mode 2
Event: 26.007 Thread 0x00000132955e6000 DEOPT PACKING pc=0x0000013280b0b188 sp=0x000000320d6f70a0
Event: 26.007 Thread 0x00000132955e6000 DEOPT UNPACKING pc=0x00000132800276ce sp=0x000000320d6f6598 mode 0
Event: 26.022 Thread 0x00000132955e6000 DEOPT PACKING pc=0x0000013280b0b188 sp=0x000000320d6f6e50
Event: 26.022 Thread 0x00000132955e6000 DEOPT UNPACKING pc=0x00000132800276ce sp=0x000000320d6f6348 mode 0

Classes redefined (0 events):
No events

Internal exceptions (20 events):
Event: 25.687 Thread 0x00000132955e6000 Exception <a 'java/lang/NoSuchMethodError'{0x00000000848a58d0}: 'java.lang.Object java.lang.invoke.DelegatingMethodHandle$Holder.delegate(java.lang.Object, java.lang.Object, java.lang.Object, java.lang.Object, java.lang.Object, java.lang.Object, java.lang.Object, java.lang.Object, java.lang.Object, java.lang.Object, java.lang.Object, java.lang.Object, java.lang.Object, java.lang.Object, java.lang.Object, java.lang.Object, java.lang.Object, java.lang.Object, java.lang.Object, java.lang.Object, java.lang.Obj
Event: 25.705 Thread 0x00000132955e6000 Exception <a 'java/lang/NoSuchMethodError'{0x00000000848ef258}: 'java.lang.Object java.lang.invoke.DirectMethodHandle$Holder.invokeStatic(java.lang.Object, java.lang.Object, java.lang.Object, java.lang.Object, java.lang.Object, java.lang.Object, java.lang.Object, java.lang.Object, java.lang.Object, java.lang.Object, java.lang.Object, java.lang.Object, java.lang.Object, java.lang.Object, java.lang.Object)'> (0x00000000848ef258) thrown at [./src/hotspot/share/interpreter/linkResolver.cpp, line 773]
Event: 25.710 Thread 0x00000132955e6000 Exception <a 'java/lang/NoSuchMethodError'{0x0000000084700980}: 'java.lang.Object java.lang.invoke.DirectMethodHandle$Holder.invokeStatic(java.lang.Object, java.lang.Object, java.lang.Object, java.lang.Object, java.lang.Object, java.lang.Object, java.lang.Object, java.lang.Object, java.lang.Object, java.lang.Object, java.lang.Object, java.lang.Object, java.lang.Object, java.lang.Object, java.lang.Object, java.lang.Object)'> (0x0000000084700980) thrown at [./src/hotspot/share/interpreter/linkResolver.cpp, l
Event: 25.713 Thread 0x00000132955e6000 Exception <a 'java/lang/NoSuchMethodError'{0x00000000847116c0}: 'java.lang.Object java.lang.invoke.DelegatingMethodHandle$Holder.reinvoke_L(java.lang.Object, java.lang.Object, java.lang.Object, java.lang.Object, java.lang.Object, java.lang.Object, java.lang.Object, java.lang.Object, java.lang.Object, java.lang.Object, java.lang.Object, java.lang.Object, java.lang.Object, java.lang.Object, java.lang.Object, java.lang.Object, java.lang.Object, java.lang.Object, java.lang.Object, java.lang.Object)'> (0x000000
Event: 25.912 Thread 0x00000132955e6000 Exception <a 'java/lang/ClassNotFoundException'{0x0000000084d77338}: org/gradle/internal/service/scopes/ProjectScopeServicesBeanInfo> (0x0000000084d77338) thrown at [./src/hotspot/share/classfile/systemDictionary.cpp, line 231]
Event: 25.914 Thread 0x00000132955e6000 Exception <a 'java/lang/ClassNotFoundException'{0x0000000084d8f0c8}: org/gradle/internal/service/DefaultServiceRegistryBeanInfo> (0x0000000084d8f0c8) thrown at [./src/hotspot/share/classfile/systemDictionary.cpp, line 231]
Event: 25.917 Thread 0x00000132955e6000 Exception <a 'java/lang/ClassNotFoundException'{0x0000000084da7620}: org/gradle/internal/service/DefaultServiceRegistryCustomizer> (0x0000000084da7620) thrown at [./src/hotspot/share/classfile/systemDictionary.cpp, line 231]
Event: 25.927 Thread 0x00000132955e6000 Exception <a 'java/lang/ClassNotFoundException'{0x0000000084dcd5e8}: org/gradle/internal/service/scopes/ProjectScopeServicesCustomizer> (0x0000000084dcd5e8) thrown at [./src/hotspot/share/classfile/systemDictionary.cpp, line 231]
Event: 25.961 Thread 0x00000132955e6000 Exception <a 'java/lang/ClassNotFoundException'{0x0000000084c1c588}: org/gradle/tooling/provider/model/internal/DefaultToolingModelBuilderRegistryBeanInfo> (0x0000000084c1c588) thrown at [./src/hotspot/share/classfile/systemDictionary.cpp, line 231]
Event: 25.962 Thread 0x00000132955e6000 Exception <a 'java/lang/ClassNotFoundException'{0x0000000084c39ca8}: org/gradle/tooling/provider/model/internal/DefaultToolingModelBuilderRegistryCustomizer> (0x0000000084c39ca8) thrown at [./src/hotspot/share/classfile/systemDictionary.cpp, line 231]
Event: 25.979 Thread 0x00000132955e6000 Exception <a 'java/lang/ClassNotFoundException'{0x0000000084bdbd98}: org/codehaus/groovy/reflection/CachedFieldBeanInfo> (0x0000000084bdbd98) thrown at [./src/hotspot/share/classfile/systemDictionary.cpp, line 231]
Event: 25.982 Thread 0x00000132955e6000 Exception <a 'java/lang/ClassNotFoundException'{0x0000000084bfd590}: groovy/lang/MetaPropertyBeanInfo> (0x0000000084bfd590) thrown at [./src/hotspot/share/classfile/systemDictionary.cpp, line 231]
Event: 25.983 Thread 0x00000132955e6000 Exception <a 'java/lang/ClassNotFoundException'{0x0000000084a1f8b0}: groovy/lang/MetaPropertyCustomizer> (0x0000000084a1f8b0) thrown at [./src/hotspot/share/classfile/systemDictionary.cpp, line 231]
Event: 25.995 Thread 0x00000132955e6000 Exception <a 'java/lang/ClassNotFoundException'{0x00000000849aa2c0}: org/codehaus/groovy/reflection/CachedFieldCustomizer> (0x00000000849aa2c0) thrown at [./src/hotspot/share/classfile/systemDictionary.cpp, line 231]
Event: 26.011 Thread 0x00000132955e6000 Exception <a 'java/lang/ClassNotFoundException'{0x00000000848d1860}: java/util/ArrayListBeanInfo> (0x00000000848d1860) thrown at [./src/hotspot/share/classfile/systemDictionary.cpp, line 231]
Event: 26.012 Thread 0x00000132955e6000 Exception <a 'java/lang/ClassNotFoundException'{0x00000000848dc658}: java/util/AbstractListBeanInfo> (0x00000000848dc658) thrown at [./src/hotspot/share/classfile/systemDictionary.cpp, line 231]
Event: 26.013 Thread 0x00000132955e6000 Exception <a 'java/lang/ClassNotFoundException'{0x00000000848e7708}: java/util/AbstractListCustomizer> (0x00000000848e7708) thrown at [./src/hotspot/share/classfile/systemDictionary.cpp, line 231]
Event: 26.014 Thread 0x00000132955e6000 Exception <a 'java/lang/ClassNotFoundException'{0x00000000848fd438}: java/util/ArrayListCustomizer> (0x00000000848fd438) thrown at [./src/hotspot/share/classfile/systemDictionary.cpp, line 231]
Event: 26.022 Thread 0x00000132955e6000 Exception <a 'java/lang/ClassNotFoundException'{0x0000000084782a68}: java/util/CollectionBeanInfo> (0x0000000084782a68) thrown at [./src/hotspot/share/classfile/systemDictionary.cpp, line 231]
Event: 26.023 Thread 0x00000132955e6000 Exception <a 'java/lang/ClassNotFoundException'{0x000000008478dad8}: java/util/CollectionCustomizer> (0x000000008478dad8) thrown at [./src/hotspot/share/classfile/systemDictionary.cpp, line 231]

Events (20 events):
Event: 26.049 loading class org/gradle/api/plugins/HelpTasksPlugin$BuildEnvironmentReportTaskAction done
Event: 26.050 loading class org/gradle/api/plugins/HelpTasksPlugin$DependencyReportTaskAction
Event: 26.050 loading class org/gradle/api/plugins/HelpTasksPlugin$DependencyReportTaskAction done
Event: 26.051 loading class org/gradle/api/plugins/HelpTasksPlugin$DependencyInsightReportTaskAction
Event: 26.051 loading class org/gradle/api/plugins/HelpTasksPlugin$DependencyInsightReportTaskAction done
Event: 26.052 loading class org/gradle/api/plugins/HelpTasksPlugin$PropertyReportTaskAction
Event: 26.052 loading class org/gradle/api/plugins/HelpTasksPlugin$PropertyReportTaskAction done
Event: 26.054 loading class org/gradle/api/plugins/HelpTasksPlugin$TaskReportTaskAction
Event: 26.054 loading class org/gradle/api/plugins/HelpTasksPlugin$TaskReportTaskAction done
Event: 26.058 loading class org/gradle/api/plugins/HelpTasksPlugin$ProjectReportTaskAction
Event: 26.058 loading class org/gradle/api/plugins/HelpTasksPlugin$ProjectReportTaskAction done
Event: 26.059 loading class org/gradle/api/plugins/HelpTasksPlugin$HelpAction
Event: 26.059 loading class org/gradle/api/plugins/HelpTasksPlugin$HelpAction done
Event: 26.062 loading class org/gradle/api/tasks/diagnostics/OutgoingVariantsReportTask
Event: 26.062 loading class org/gradle/api/tasks/diagnostics/OutgoingVariantsReportTask done
Event: 26.065 loading class org/gradle/configuration/Help
Event: 26.065 loading class org/gradle/configuration/Help done
Event: 26.072 loading class org/gradle/model/internal/registry/DefaultModelRegistry
Event: 26.072 loading class org/gradle/model/internal/registry/DefaultModelRegistry done
Event: 26.073 Executing VM operation: G1CollectForAllocation


Dynamic libraries:
0x00007ff783150000 - 0x00007ff78315a000 	C:\Program Files\Android\Android Studio\jre\bin\java.exe
0x00007ffd0dd70000 - 0x00007ffd0df65000 	C:\WINDOWS\SYSTEM32\ntdll.dll
0x00007ffd0daf0000 - 0x00007ffd0dbae000 	C:\WINDOWS\System32\KERNEL32.DLL
0x00007ffd0b8c0000 - 0x00007ffd0bb89000 	C:\WINDOWS\System32\KERNELBASE.dll
0x00007ffd0b730000 - 0x00007ffd0b830000 	C:\WINDOWS\System32\ucrtbase.dll
0x00007ffcf71d0000 - 0x00007ffcf71e9000 	C:\Program Files\Android\Android Studio\jre\bin\jli.dll
0x00007ffd0bdc0000 - 0x00007ffd0bf61000 	C:\WINDOWS\System32\USER32.dll
0x00007ffd0b490000 - 0x00007ffd0b4b2000 	C:\WINDOWS\System32\win32u.dll
0x00007ffd0bf70000 - 0x00007ffd0bf9b000 	C:\WINDOWS\System32\GDI32.dll
0x00007ffd0b4c0000 - 0x00007ffd0b5cb000 	C:\WINDOWS\System32\gdi32full.dll
0x00007ffd0bc40000 - 0x00007ffd0bcdd000 	C:\WINDOWS\System32\msvcp_win.dll
0x00007ffce0a60000 - 0x00007ffce0a77000 	C:\Program Files\Android\Android Studio\jre\bin\VCRUNTIME140.dll
0x00007ffcfb110000 - 0x00007ffcfb3aa000 	C:\WINDOWS\WinSxS\amd64_microsoft.windows.common-controls_6595b64144ccf1df_6.0.19041.1110_none_60b5254171f9507e\COMCTL32.dll
0x00007ffd0d590000 - 0x00007ffd0d62e000 	C:\WINDOWS\System32\msvcrt.dll
0x00007ffd0c0d0000 - 0x00007ffd0c100000 	C:\WINDOWS\System32\IMM32.DLL
0x00007ffcdf440000 - 0x00007ffcdf4dd000 	C:\Program Files\Android\Android Studio\jre\bin\msvcp140.dll
0x00007ffcabed0000 - 0x00007ffcac99f000 	C:\Program Files\Android\Android Studio\jre\bin\server\jvm.dll
0x00007ffd0d3f0000 - 0x00007ffd0d49c000 	C:\WINDOWS\System32\ADVAPI32.dll
0x00007ffd0c840000 - 0x00007ffd0c8db000 	C:\WINDOWS\System32\sechost.dll
0x00007ffd0bfa0000 - 0x00007ffd0c0ca000 	C:\WINDOWS\System32\RPCRT4.dll
0x00007ffd0cd60000 - 0x00007ffd0cd68000 	C:\WINDOWS\System32\PSAPI.DLL
0x00007ffd07020000 - 0x00007ffd07029000 	C:\WINDOWS\SYSTEM32\WSOCK32.dll
0x00007ffd0d520000 - 0x00007ffd0d58b000 	C:\WINDOWS\System32\WS2_32.dll
0x00007ffcff020000 - 0x00007ffcff047000 	C:\WINDOWS\SYSTEM32\WINMM.dll
0x00007ffd010a0000 - 0x00007ffd010aa000 	C:\WINDOWS\SYSTEM32\VERSION.dll
0x00007ffd09390000 - 0x00007ffd093a2000 	C:\WINDOWS\SYSTEM32\kernel.appcore.dll
0x00007ffd07000000 - 0x00007ffd07011000 	C:\Program Files\Android\Android Studio\jre\bin\verify.dll
0x00007ffcf6f30000 - 0x00007ffcf7114000 	C:\WINDOWS\SYSTEM32\DBGHELP.DLL
0x00007ffcf6ef0000 - 0x00007ffcf6f1c000 	C:\WINDOWS\SYSTEM32\dbgcore.DLL
0x00007ffd0bd30000 - 0x00007ffd0bdb3000 	C:\WINDOWS\System32\bcryptPrimitives.dll
0x00007ffd06fd0000 - 0x00007ffd06ff9000 	C:\Program Files\Android\Android Studio\jre\bin\java.dll
0x00007ffd06fc0000 - 0x00007ffd06fcb000 	C:\Program Files\Android\Android Studio\jre\bin\jimage.dll
0x00007ffd06fa0000 - 0x00007ffd06fb8000 	C:\Program Files\Android\Android Studio\jre\bin\zip.dll
0x00007ffd0c100000 - 0x00007ffd0c83f000 	C:\WINDOWS\System32\SHELL32.dll
0x00007ffd09590000 - 0x00007ffd09d20000 	C:\WINDOWS\SYSTEM32\windows.storage.dll
0x00007ffd0d790000 - 0x00007ffd0dae5000 	C:\WINDOWS\System32\combase.dll
0x00007ffd0aee0000 - 0x00007ffd0af0c000 	C:\WINDOWS\SYSTEM32\Wldp.dll
0x00007ffd0ced0000 - 0x00007ffd0cf7d000 	C:\WINDOWS\System32\SHCORE.dll
0x00007ffd0d730000 - 0x00007ffd0d785000 	C:\WINDOWS\System32\shlwapi.dll
0x00007ffd0b3d0000 - 0x00007ffd0b3ef000 	C:\WINDOWS\SYSTEM32\profapi.dll
0x00007ffd06f80000 - 0x00007ffd06f9a000 	C:\Program Files\Android\Android Studio\jre\bin\net.dll
0x00007ffcfe6d0000 - 0x00007ffcfe7d8000 	C:\WINDOWS\SYSTEM32\WINHTTP.dll
0x00007ffd0ac40000 - 0x00007ffd0acaa000 	C:\WINDOWS\system32\mswsock.dll
0x00007ffd06f60000 - 0x00007ffd06f74000 	C:\Program Files\Android\Android Studio\jre\bin\nio.dll
0x00007ffce0e40000 - 0x00007ffce0e67000 	C:\Program Files\Java\jdk-17.0.1\native\8bec1ad78214c89d9ad589b4d07fe93259594b29d510b10fafb7a158f7737e5d\windows-amd64\native-platform.dll
0x00007ffcdffb0000 - 0x00007ffce00ed000 	C:\Program Files\Java\jdk-17.0.1\native\53dbd7edfb1c66fb8903c78663c9afc45aea4f116125fa6feffd364cf09443e8\windows-amd64\native-platform-file-events.dll
0x00007ffd06ee0000 - 0x00007ffd06eea000 	C:\Program Files\Android\Android Studio\jre\bin\management.dll
0x00007ffd06290000 - 0x00007ffd0629c000 	C:\Program Files\Android\Android Studio\jre\bin\management_ext.dll
0x00007ffd0ae30000 - 0x00007ffd0ae48000 	C:\WINDOWS\SYSTEM32\CRYPTSP.dll
0x00007ffd0a550000 - 0x00007ffd0a584000 	C:\WINDOWS\system32\rsaenh.dll
0x00007ffd0b890000 - 0x00007ffd0b8b7000 	C:\WINDOWS\System32\bcrypt.dll
0x00007ffd0b390000 - 0x00007ffd0b3be000 	C:\WINDOWS\SYSTEM32\USERENV.dll
0x00007ffd0ae50000 - 0x00007ffd0ae5c000 	C:\WINDOWS\SYSTEM32\CRYPTBASE.dll
0x00007ffd0a8e0000 - 0x00007ffd0a91b000 	C:\WINDOWS\SYSTEM32\IPHLPAPI.DLL
0x00007ffd0d6c0000 - 0x00007ffd0d6c8000 	C:\WINDOWS\System32\NSI.dll
0x00007ffd02270000 - 0x00007ffd02287000 	C:\WINDOWS\SYSTEM32\dhcpcsvc6.DLL
0x00007ffd02210000 - 0x00007ffd0222d000 	C:\WINDOWS\SYSTEM32\dhcpcsvc.DLL
0x00007ffd0a920000 - 0x00007ffd0a9ec000 	C:\WINDOWS\SYSTEM32\DNSAPI.dll

dbghelp: loaded successfully - version: 4.0.5 - missing functions: none
symbol engine: initialized successfully - sym options: 0x614 - pdb path: .;C:\Program Files\Android\Android Studio\jre\bin;C:\WINDOWS\SYSTEM32;C:\WINDOWS\WinSxS\amd64_microsoft.windows.common-controls_6595b64144ccf1df_6.0.19041.1110_none_60b5254171f9507e;C:\Program Files\Android\Android Studio\jre\bin\server;C:\Program Files\Java\jdk-17.0.1\native\8bec1ad78214c89d9ad589b4d07fe93259594b29d510b10fafb7a158f7737e5d\windows-amd64;C:\Program Files\Java\jdk-17.0.1\native\53dbd7edfb1c66fb8903c78663c9afc45aea4f116125fa6feffd364cf09443e8\windows-amd64

VM Arguments:
jvm_args: --add-opens=java.base/java.util=ALL-UNNAMED --add-opens=java.base/java.lang=ALL-UNNAMED --add-opens=java.base/java.lang.invoke=ALL-UNNAMED --add-opens=java.base/java.util=ALL-UNNAMED --add-opens=java.prefs/java.util.prefs=ALL-UNNAMED --add-opens=java.prefs/java.util.prefs=ALL-UNNAMED --add-opens=java.base/java.nio.charset=ALL-UNNAMED --add-opens=java.base/java.net=ALL-UNNAMED --add-opens=java.base/java.util.concurrent.atomic=ALL-UNNAMED -Xmx2048m -Dfile.encoding=UTF-8 -Duser.country=US -Duser.language=en -Duser.variant 
java_command: org.gradle.launcher.daemon.bootstrap.GradleDaemon 7.0.2
java_class_path (initial): C:\Program Files\Java\jdk-17.0.1\wrapper\dists\gradle-7.0.2-bin\857tjihv64xamwrf0h14cai3r\gradle-7.0.2\lib\gradle-launcher-7.0.2.jar
Launcher Type: SUN_STANDARD

[Global flags]
     intx CICompilerCount                          = 3                                         {product} {ergonomic}
     uint ConcGCThreads                            = 1                                         {product} {ergonomic}
     uint G1ConcRefinementThreads                  = 4                                         {product} {ergonomic}
   size_t G1HeapRegionSize                         = 1048576                                   {product} {ergonomic}
    uintx GCDrainStackTargetSize                   = 64                                        {product} {ergonomic}
   size_t InitialHeapSize                          = 67108864                                  {product} {ergonomic}
   size_t MarkStackSize                            = 4194304                                   {product} {ergonomic}
   size_t MaxHeapSize                              = 2147483648                                {product} {command line}
   size_t MaxNewSize                               = 1287651328                                {product} {ergonomic}
   size_t MinHeapDeltaBytes                        = 1048576                                   {product} {ergonomic}
    uintx NonNMethodCodeHeapSize                   = 5830732                                {pd product} {ergonomic}
    uintx NonProfiledCodeHeapSize                  = 122913754                              {pd product} {ergonomic}
    uintx ProfiledCodeHeapSize                     = 122913754                              {pd product} {ergonomic}
    uintx ReservedCodeCacheSize                    = 251658240                              {pd product} {ergonomic}
     bool SegmentedCodeCache                       = true                                      {product} {ergonomic}
     bool UseCompressedClassPointers               = true                                 {lp64_product} {ergonomic}
     bool UseCompressedOops                        = true                                 {lp64_product} {ergonomic}
     bool UseG1GC                                  = true                                      {product} {ergonomic}
     bool UseLargePagesIndividualAllocation        = false                                  {pd product} {ergonomic}

Logging:
Log output configuration:
 #0: stdout all=warning uptime,level,tags
 #1: stderr all=off uptime,level,tags

Environment Variables:
PATH=C:\Program Files\Common Files\Oracle\Java\javapath;C:\WINDOWS\system32;C:\WINDOWS;C:\WINDOWS\System32\Wbem;C:\WINDOWS\System32\WindowsPowerShell\v1.0\;C:\WINDOWS\System32\OpenSSH\;C:\Program Files\dotnet\;C:\Program Files\Microsoft SQL Server\130\Tools\Binn\;C:\Program Files\Microsoft SQL Server\Client SDK\ODBC\170\Tools\Binn\;C:\Program Files (x86)\dotnet\;C:\Program Files\Git\cmd;C:\Users\MinhNgan\AppData\Local\Microsoft\WindowsApps
USERNAME=MinhNgan
OS=Windows_NT
PROCESSOR_IDENTIFIER=Intel64 Family 6 Model 69 Stepping 1, GenuineIntel



---------------  S Y S T E M  ---------------

OS: Windows 10 , 64 bit Build 19041 (10.0.19041.1202)
OS uptime: 0 days 0:14 hours

CPU:total 4 (initial active 4) (2 cores per cpu, 2 threads per core) family 6 model 69 stepping 1 microcode 0x25, cmov, cx8, fxsr, mmx, sse, sse2, sse3, ssse3, sse4.1, sse4.2, popcnt, avx, avx2, aes, clmul, erms, lzcnt, ht, tsc, tscinvbit, bmi1, bmi2, fma

Memory: 4k page, system-wide physical 3979M (127M free)
TotalPageFile size 6979M (AvailPageFile size 25M)
current process WorkingSet (physical memory assigned to process): 206M, peak: 209M
current process commit charge ("private bytes"): 257M, peak: 279M

vm_info: OpenJDK 64-Bit Server VM (11.0.10+0-b96-7249189) for windows-amd64 JRE (11.0.10+0-b96-7249189), built on Mar 31 2021 21:44:00 by "builder" with MS VC++ 14.0 (VS2015)

END.
