#
# There is insufficient memory for the Java Runtime Environment to continue.
# Native memory allocation (malloc) failed to allocate 2370896 bytes for Chunk::new
# Possible reasons:
#   The system is out of physical RAM or swap space
#   The process is running with CompressedOops enabled, and the Java Heap may be blocking the growth of the native heap
# Possible solutions:
#   Reduce memory load on the system
#   Increase physical memory or swap space
#   Check if swap backing store is full
#   Decrease Java heap size (-Xmx/-Xms)
#   Decrease number of Java threads
#   Decrease Java thread stack sizes (-Xss)
#   Set larger code cache with -XX:ReservedCodeCacheSize=
#   JVM is running with Unscaled Compressed Oops mode in which the Java heap is
#     placed in the first 4GB address space. The Java Heap base address is the
#     maximum limit for the native heap growth. Please use -XX:HeapBaseMinAddress
#     to set the Java Heap base and to place the Java Heap above 4GB virtual address.
# This output file may be truncated or incomplete.
#
#  Out of Memory Error (./src/hotspot/share/memory/arena.cpp:197), pid=1968, tid=9232
#
# JRE version: OpenJDK Runtime Environment (11.0.10) (build 11.0.10+0-b96-7249189)
# Java VM: OpenJDK 64-Bit Server VM (11.0.10+0-b96-7249189, mixed mode, tiered, compressed oops, g1 gc, windows-amd64)
# No core dump will be written. Minidumps are not enabled by default on client versions of Windows
#

---------------  S U M M A R Y ------------

Command Line: --add-opens=java.base/java.util=ALL-UNNAMED --add-opens=java.base/java.lang=ALL-UNNAMED --add-opens=java.base/java.lang.invoke=ALL-UNNAMED --add-opens=java.base/java.util=ALL-UNNAMED --add-opens=java.prefs/java.util.prefs=ALL-UNNAMED --add-opens=java.prefs/java.util.prefs=ALL-UNNAMED --add-opens=java.base/java.nio.charset=ALL-UNNAMED --add-opens=java.base/java.net=ALL-UNNAMED --add-opens=java.base/java.util.concurrent.atomic=ALL-UNNAMED -Xmx2048m -Dfile.encoding=UTF-8 -Duser.country=US -Duser.language=en -Duser.variant org.gradle.launcher.daemon.bootstrap.GradleDaemon 7.0.2

Host: Intel(R) Core(TM) i5-4210U CPU @ 1.70GHz, 4 cores, 3G,  Windows 10 , 64 bit Build 19041 (10.0.19041.1202)
Time: Mon Nov  8 21:19:10 2021 SE Asia Standard Time elapsed time: 14.071376 seconds (0d 0h 0m 14s)

---------------  T H R E A D  ---------------

Current thread (0x000002b06b65f000):  JavaThread "C2 CompilerThread0" daemon [_thread_in_native, id=9232, stack(0x000000e970a00000,0x000000e970b00000)]


Current CompileTask:
C2:  14071 5435       4       java.lang.invoke.LambdaForm$Name::replaceNames (174 bytes)

Stack: [0x000000e970a00000,0x000000e970b00000]
Native frames: (J=compiled Java code, j=interpreted, Vv=VM code, C=native code)
V  [jvm.dll+0x5ecfaa]
V  [jvm.dll+0x722bd5]
V  [jvm.dll+0x72412d]
V  [jvm.dll+0x7247e3]
V  [jvm.dll+0x242928]
V  [jvm.dll+0xbc4fc]
V  [jvm.dll+0xbca0c]
V  [jvm.dll+0x352d7d]
V  [jvm.dll+0x320ad3]
V  [jvm.dll+0x31ffca]
V  [jvm.dll+0x1fb602]
V  [jvm.dll+0x1fa7f4]
V  [jvm.dll+0x18354c]
V  [jvm.dll+0x208ee7]
V  [jvm.dll+0x207731]
V  [jvm.dll+0x6eb1cf]
V  [jvm.dll+0x6e3d45]
V  [jvm.dll+0x5ebe96]
C  [ucrtbase.dll+0x21bb2]
C  [KERNEL32.DLL+0x17034]
C  [ntdll.dll+0x52651]


---------------  P R O C E S S  ---------------

Threads class SMR info:
_java_thread_list=0x000002b0720bf390, length=41, elements={
0x000002b04fb0f800, 0x000002b06b5f7000, 0x000002b06b5f8800, 0x000002b06b64f800,
0x000002b06b650800, 0x000002b06b655000, 0x000002b06b65f000, 0x000002b06b664800,
0x000002b06b665800, 0x000002b06c0d4800, 0x000002b06df9a000, 0x000002b06ca99800,
0x000002b06df91000, 0x000002b06df01000, 0x000002b06e178000, 0x000002b06e16f000,
0x000002b06e16d800, 0x000002b06de25000, 0x000002b06da63800, 0x000002b06df4a800,
0x000002b06df50000, 0x000002b06df4b800, 0x000002b06df4e800, 0x000002b06df4d000,
0x000002b06df4f800, 0x000002b06df4c000, 0x000002b06df4d800, 0x000002b06df51000,
0x000002b070246800, 0x000002b070244000, 0x000002b070245000, 0x000002b070247800,
0x000002b070248000, 0x000002b070249000, 0x000002b070243000, 0x000002b07024d000,
0x000002b070249800, 0x000002b07024e800, 0x000002b07024f800, 0x000002b070250000,
0x000002b070251000
}

Java Threads: ( => current thread )
  0x000002b04fb0f800 JavaThread "main" [_thread_blocked, id=6496, stack(0x000000e96fe00000,0x000000e96ff00000)]
  0x000002b06b5f7000 JavaThread "Reference Handler" daemon [_thread_blocked, id=6124, stack(0x000000e970500000,0x000000e970600000)]
  0x000002b06b5f8800 JavaThread "Finalizer" daemon [_thread_blocked, id=3032, stack(0x000000e970600000,0x000000e970700000)]
  0x000002b06b64f800 JavaThread "Signal Dispatcher" daemon [_thread_blocked, id=6364, stack(0x000000e970700000,0x000000e970800000)]
  0x000002b06b650800 JavaThread "Attach Listener" daemon [_thread_blocked, id=8916, stack(0x000000e970800000,0x000000e970900000)]
  0x000002b06b655000 JavaThread "Service Thread" daemon [_thread_blocked, id=3684, stack(0x000000e970900000,0x000000e970a00000)]
=>0x000002b06b65f000 JavaThread "C2 CompilerThread0" daemon [_thread_in_native, id=9232, stack(0x000000e970a00000,0x000000e970b00000)]
  0x000002b06b664800 JavaThread "C1 CompilerThread0" daemon [_thread_blocked, id=8080, stack(0x000000e970b00000,0x000000e970c00000)]
  0x000002b06b665800 JavaThread "Sweeper thread" daemon [_thread_blocked, id=8488, stack(0x000000e970c00000,0x000000e970d00000)]
  0x000002b06c0d4800 JavaThread "Common-Cleaner" daemon [_thread_blocked, id=2596, stack(0x000000e970d00000,0x000000e970e00000)]
  0x000002b06df9a000 JavaThread "Daemon health stats" [_thread_blocked, id=5672, stack(0x000000e971000000,0x000000e971100000)]
  0x000002b06ca99800 JavaThread "Incoming local TCP Connector on port 50335" [_thread_in_native, id=7176, stack(0x000000e971100000,0x000000e971200000)]
  0x000002b06df91000 JavaThread "Daemon periodic checks" [_thread_blocked, id=1612, stack(0x000000e971200000,0x000000e971300000)]
  0x000002b06df01000 JavaThread "Daemon" [_thread_blocked, id=8864, stack(0x000000e971300000,0x000000e971400000)]
  0x000002b06e178000 JavaThread "Handler for socket connection from /127.0.0.1:50335 to /127.0.0.1:50336" [_thread_in_native, id=10112, stack(0x000000e971400000,0x000000e971500000)]
  0x000002b06e16f000 JavaThread "Cancel handler" [_thread_blocked, id=8964, stack(0x000000e971500000,0x000000e971600000)]
  0x000002b06e16d800 JavaThread "Daemon worker" [_thread_in_vm, id=7260, stack(0x000000e971600000,0x000000e971700000)]
  0x000002b06de25000 JavaThread "Asynchronous log dispatcher for DefaultDaemonConnection: socket connection from /127.0.0.1:50335 to /127.0.0.1:50336" [_thread_blocked, id=9032, stack(0x000000e971700000,0x000000e971800000)]
  0x000002b06da63800 JavaThread "Stdin handler" [_thread_blocked, id=1092, stack(0x000000e971800000,0x000000e971900000)]
  0x000002b06df4a800 JavaThread "Daemon client event forwarder" [_thread_blocked, id=2668, stack(0x000000e971900000,0x000000e971a00000)]
  0x000002b06df50000 JavaThread "Cache worker for file hash cache (C:\Users\MinhNgan\.gradle\caches\7.0.2\fileHashes)" [_thread_blocked, id=8716, stack(0x000000e971c00000,0x000000e971d00000)]
  0x000002b06df4b800 JavaThread "File lock request listener" [_thread_in_native, id=9136, stack(0x000000e971d00000,0x000000e971e00000)]
  0x000002b06df4e800 JavaThread "Cache worker for journal cache (C:\Users\MinhNgan\.gradle\caches\journal-1)" [_thread_blocked, id=3600, stack(0x000000e971e00000,0x000000e971f00000)]
  0x000002b06df4d000 JavaThread "Cache worker for file hash cache (C:\Users\MinhNgan\AndroidStudioProjects\Android_hepat\.gradle\7.0.2\fileHashes)" [_thread_blocked, id=6988, stack(0x000000e971f00000,0x000000e972000000)]
  0x000002b06df4f800 JavaThread "File watcher server" daemon [_thread_in_native, id=2436, stack(0x000000e972000000,0x000000e972100000)]
  0x000002b06df4c000 JavaThread "File watcher consumer" daemon [_thread_blocked, id=9672, stack(0x000000e972100000,0x000000e972200000)]
  0x000002b06df4d800 JavaThread "jar transforms" [_thread_blocked, id=6468, stack(0x000000e972200000,0x000000e972300000)]
  0x000002b06df51000 JavaThread "jar transforms Thread 2" [_thread_blocked, id=9832, stack(0x000000e972300000,0x000000e972400000)]
  0x000002b070246800 JavaThread "jar transforms Thread 3" [_thread_blocked, id=9020, stack(0x000000e972400000,0x000000e972500000)]
  0x000002b070244000 JavaThread "jar transforms Thread 4" [_thread_blocked, id=1344, stack(0x000000e972500000,0x000000e972600000)]
  0x000002b070245000 JavaThread "Cache worker for checksums cache (C:\Users\MinhNgan\AndroidStudioProjects\Android_hepat\.gradle\checksums)" [_thread_blocked, id=5096, stack(0x000000e972600000,0x000000e972700000)]
  0x000002b070247800 JavaThread "Cache worker for cache directory md-supplier (C:\Users\MinhNgan\.gradle\caches\7.0.2\md-supplier)" [_thread_blocked, id=4480, stack(0x000000e972700000,0x000000e972800000)]
  0x000002b070248000 JavaThread "Cache worker for cache directory md-rule (C:\Users\MinhNgan\.gradle\caches\7.0.2\md-rule)" [_thread_blocked, id=2244, stack(0x000000e972800000,0x000000e972900000)]
  0x000002b070249000 JavaThread "Cache worker for execution history cache (C:\Users\MinhNgan\.gradle\caches\7.0.2\executionHistory)" [_thread_blocked, id=3328, stack(0x000000e972900000,0x000000e972a00000)]
  0x000002b070243000 JavaThread "Cache worker for file content cache (C:\Users\MinhNgan\.gradle\caches\7.0.2\fileContent)" [_thread_blocked, id=2632, stack(0x000000e972a00000,0x000000e972b00000)]
  0x000002b07024d000 JavaThread "Cache worker for dependencies-accessors (C:\Users\MinhNgan\AndroidStudioProjects\Android_hepat\.gradle\7.0.2\dependencies-accessors)" [_thread_blocked, id=5848, stack(0x000000e972b00000,0x000000e972c00000)]
  0x000002b070249800 JavaThread "Cache worker for Build Output Cleanup Cache (C:\Users\MinhNgan\AndroidStudioProjects\Android_hepat\.gradle\buildOutputCleanup)" [_thread_blocked, id=4060, stack(0x000000e972c00000,0x000000e972d00000)]
  0x000002b07024e800 JavaThread "Build operations" [_thread_blocked, id=4052, stack(0x000000e972d00000,0x000000e972e00000)]
  0x000002b07024f800 JavaThread "Build operations Thread 2" [_thread_blocked, id=7212, stack(0x000000e972e00000,0x000000e972f00000)]
  0x000002b070250000 JavaThread "Build operations Thread 3" [_thread_blocked, id=4588, stack(0x000000e972f00000,0x000000e973000000)]
  0x000002b070251000 JavaThread "Build operations Thread 4" [_thread_blocked, id=5036, stack(0x000000e973000000,0x000000e973100000)]

Other Threads:
  0x000002b06b5f2000 VMThread "VM Thread" [stack: 0x000000e970400000,0x000000e970500000] [id=6596]
  0x000002b06c0e6000 WatcherThread [stack: 0x000000e970e00000,0x000000e970f00000] [id=5400]
  0x000002b04fb23000 GCTaskThread "GC Thread#0" [stack: 0x000000e96ff00000,0x000000e970000000] [id=6428]
  0x000002b06c690800 GCTaskThread "GC Thread#1" [stack: 0x000000e970f00000,0x000000e971000000] [id=6592]
  0x000002b06dffc000 GCTaskThread "GC Thread#2" [stack: 0x000000e971a00000,0x000000e971b00000] [id=6012]
  0x000002b06e162800 GCTaskThread "GC Thread#3" [stack: 0x000000e971b00000,0x000000e971c00000] [id=2268]
  0x000002b04fb53000 ConcurrentGCThread "G1 Main Marker" [stack: 0x000000e970000000,0x000000e970100000] [id=8364]
  0x000002b04fb55000 ConcurrentGCThread "G1 Conc#0" [stack: 0x000000e970100000,0x000000e970200000] [id=5320]
  0x000002b04fbae800 ConcurrentGCThread "G1 Refine#0" [stack: 0x000000e970200000,0x000000e970300000] [id=8460]
  0x000002b04fbaf800 ConcurrentGCThread "G1 Young RemSet Sampling" [stack: 0x000000e970300000,0x000000e970400000] [id=5688]

Threads with active compile tasks:
C2 CompilerThread0  14125 5435       4       java.lang.invoke.LambdaForm$Name::replaceNames (174 bytes)

VM state:not at safepoint (normal execution)

VM Mutex/Monitor currently owned by a thread: None

Heap address: 0x0000000080000000, size: 2048 MB, Compressed Oops mode: 32-bit
Narrow klass base: 0x0000000000000000, Narrow klass shift: 3
Compressed class space size: 1073741824 Address: 0x0000000100000000

Heap:
 garbage-first heap   total 143360K, used 86226K [0x0000000080000000, 0x0000000100000000)
  region size 1024K, 21 young (21504K), 3 survivors (3072K)
 Metaspace       used 55975K, capacity 57543K, committed 57856K, reserved 1099776K
  class space    used 7119K, capacity 7608K, committed 7680K, reserved 1048576K
Heap Regions: E=young(eden), S=young(survivor), O=old, HS=humongous(starts), HC=humongous(continues), CS=collection set, F=free, A=archive, TAMS=top-at-mark-start (previous, next)
|   0|0x0000000080000000, 0x0000000080100000, 0x0000000080100000|100%| O|  |TAMS 0x0000000080100000, 0x0000000080000000| Untracked 
|   1|0x0000000080100000, 0x0000000080200000, 0x0000000080200000|100%| O|  |TAMS 0x0000000080200000, 0x0000000080100000| Untracked 
|   2|0x0000000080200000, 0x0000000080300000, 0x0000000080300000|100%| O|  |TAMS 0x0000000080300000, 0x0000000080200000| Untracked 
|   3|0x0000000080300000, 0x0000000080400000, 0x0000000080400000|100%|HS|  |TAMS 0x0000000080400000, 0x0000000080300000| Complete 
|   4|0x0000000080400000, 0x0000000080500000, 0x0000000080500000|100%|HC|  |TAMS 0x0000000080500000, 0x0000000080400000| Complete 
|   5|0x0000000080500000, 0x0000000080600000, 0x0000000080600000|100%|HC|  |TAMS 0x0000000080600000, 0x0000000080500000| Complete 
|   6|0x0000000080600000, 0x0000000080700000, 0x0000000080700000|100%| O|  |TAMS 0x0000000080700000, 0x0000000080600000| Untracked 
|   7|0x0000000080700000, 0x0000000080800000, 0x0000000080800000|100%| O|  |TAMS 0x0000000080800000, 0x0000000080700000| Untracked 
|   8|0x0000000080800000, 0x0000000080900000, 0x0000000080900000|100%| O|  |TAMS 0x0000000080900000, 0x0000000080800000| Untracked 
|   9|0x0000000080900000, 0x0000000080a00000, 0x0000000080a00000|100%| O|  |TAMS 0x0000000080a00000, 0x0000000080900000| Untracked 
|  10|0x0000000080a00000, 0x0000000080b00000, 0x0000000080b00000|100%| O|  |TAMS 0x0000000080b00000, 0x0000000080a00000| Untracked 
|  11|0x0000000080b00000, 0x0000000080c00000, 0x0000000080c00000|100%| O|  |TAMS 0x0000000080c00000, 0x0000000080b00000| Untracked 
|  12|0x0000000080c00000, 0x0000000080d00000, 0x0000000080d00000|100%| O|  |TAMS 0x0000000080d00000, 0x0000000080c00000| Untracked 
|  13|0x0000000080d00000, 0x0000000080e00000, 0x0000000080e00000|100%| O|  |TAMS 0x0000000080e00000, 0x0000000080d00000| Untracked 
|  14|0x0000000080e00000, 0x0000000080f00000, 0x0000000080f00000|100%| O|  |TAMS 0x0000000080f00000, 0x0000000080e00000| Untracked 
|  15|0x0000000080f00000, 0x0000000081000000, 0x0000000081000000|100%| O|  |TAMS 0x0000000081000000, 0x0000000080f00000| Untracked 
|  16|0x0000000081000000, 0x0000000081100000, 0x0000000081100000|100%|HS|  |TAMS 0x0000000081100000, 0x0000000081000000| Complete 
|  17|0x0000000081100000, 0x0000000081200000, 0x0000000081200000|100%|HC|  |TAMS 0x0000000081200000, 0x0000000081100000| Complete 
|  18|0x0000000081200000, 0x0000000081300000, 0x0000000081300000|100%|HS|  |TAMS 0x0000000081300000, 0x0000000081200000| Complete 
|  19|0x0000000081300000, 0x0000000081400000, 0x0000000081400000|100%|HC|  |TAMS 0x0000000081400000, 0x0000000081300000| Complete 
|  20|0x0000000081400000, 0x0000000081500000, 0x0000000081500000|100%|HC|  |TAMS 0x0000000081500000, 0x0000000081400000| Complete 
|  21|0x0000000081500000, 0x0000000081600000, 0x0000000081600000|100%|HS|  |TAMS 0x0000000081600000, 0x0000000081500000| Complete 
|  22|0x0000000081600000, 0x0000000081700000, 0x0000000081700000|100%|HC|  |TAMS 0x0000000081700000, 0x0000000081600000| Complete 
|  23|0x0000000081700000, 0x0000000081800000, 0x0000000081800000|100%|HC|  |TAMS 0x0000000081800000, 0x0000000081700000| Complete 
|  24|0x0000000081800000, 0x0000000081900000, 0x0000000081900000|100%|HC|  |TAMS 0x0000000081900000, 0x0000000081800000| Complete 
|  25|0x0000000081900000, 0x0000000081a00000, 0x0000000081a00000|100%|HC|  |TAMS 0x0000000081a00000, 0x0000000081900000| Complete 
|  26|0x0000000081a00000, 0x0000000081b00000, 0x0000000081b00000|100%| O|  |TAMS 0x0000000081b00000, 0x0000000081a00000| Untracked 
|  27|0x0000000081b00000, 0x0000000081c00000, 0x0000000081c00000|100%| O|  |TAMS 0x0000000081c00000, 0x0000000081b00000| Untracked 
|  28|0x0000000081c00000, 0x0000000081d00000, 0x0000000081d00000|100%| O|  |TAMS 0x0000000081d00000, 0x0000000081c00000| Untracked 
|  29|0x0000000081d00000, 0x0000000081e00000, 0x0000000081e00000|100%| O|  |TAMS 0x0000000081e00000, 0x0000000081d00000| Untracked 
|  30|0x0000000081e00000, 0x0000000081f00000, 0x0000000081f00000|100%| O|  |TAMS 0x0000000081f00000, 0x0000000081e00000| Untracked 
|  31|0x0000000081f00000, 0x0000000082000000, 0x0000000082000000|100%| O|  |TAMS 0x0000000082000000, 0x0000000081f00000| Untracked 
|  32|0x0000000082000000, 0x0000000082100000, 0x0000000082100000|100%| O|  |TAMS 0x0000000082100000, 0x0000000082000000| Untracked 
|  33|0x0000000082100000, 0x0000000082200000, 0x0000000082200000|100%| O|  |TAMS 0x0000000082200000, 0x0000000082100000| Untracked 
|  34|0x0000000082200000, 0x0000000082300000, 0x0000000082300000|100%| O|  |TAMS 0x0000000082300000, 0x0000000082200000| Untracked 
|  35|0x0000000082300000, 0x0000000082400000, 0x0000000082400000|100%| O|  |TAMS 0x0000000082400000, 0x0000000082300000| Untracked 
|  36|0x0000000082400000, 0x0000000082500000, 0x0000000082500000|100%| O|  |TAMS 0x0000000082500000, 0x0000000082400000| Untracked 
|  37|0x0000000082500000, 0x0000000082600000, 0x0000000082600000|100%| O|  |TAMS 0x0000000082600000, 0x0000000082500000| Untracked 
|  38|0x0000000082600000, 0x0000000082700000, 0x0000000082700000|100%|HS|  |TAMS 0x0000000082700000, 0x0000000082600000| Complete 
|  39|0x0000000082700000, 0x0000000082800000, 0x0000000082800000|100%|HC|  |TAMS 0x0000000082800000, 0x0000000082700000| Complete 
|  40|0x0000000082800000, 0x0000000082900000, 0x0000000082900000|100%|HC|  |TAMS 0x0000000082900000, 0x0000000082800000| Complete 
|  41|0x0000000082900000, 0x0000000082a00000, 0x0000000082a00000|100%|HC|  |TAMS 0x0000000082a00000, 0x0000000082900000| Complete 
|  42|0x0000000082a00000, 0x0000000082b00000, 0x0000000082b00000|100%|HC|  |TAMS 0x0000000082b00000, 0x0000000082a00000| Complete 
|  43|0x0000000082b00000, 0x0000000082c00000, 0x0000000082c00000|100%|HS|  |TAMS 0x0000000082c00000, 0x0000000082b00000| Complete 
|  44|0x0000000082c00000, 0x0000000082d00000, 0x0000000082d00000|100%|HC|  |TAMS 0x0000000082d00000, 0x0000000082c00000| Complete 
|  45|0x0000000082d00000, 0x0000000082e00000, 0x0000000082e00000|100%|HC|  |TAMS 0x0000000082e00000, 0x0000000082d00000| Complete 
|  46|0x0000000082e00000, 0x0000000082f00000, 0x0000000082f00000|100%| O|  |TAMS 0x0000000082f00000, 0x0000000082e00000| Untracked 
|  47|0x0000000082f00000, 0x0000000083000000, 0x0000000083000000|100%| O|  |TAMS 0x0000000083000000, 0x0000000082f00000| Untracked 
|  48|0x0000000083000000, 0x0000000083100000, 0x0000000083100000|100%| O|  |TAMS 0x0000000083100000, 0x0000000083000000| Untracked 
|  49|0x0000000083100000, 0x0000000083200000, 0x0000000083200000|100%| O|  |TAMS 0x0000000083200000, 0x0000000083100000| Untracked 
|  50|0x0000000083200000, 0x0000000083300000, 0x0000000083300000|100%| O|  |TAMS 0x0000000083300000, 0x0000000083200000| Untracked 
|  51|0x0000000083300000, 0x0000000083400000, 0x0000000083400000|100%| O|  |TAMS 0x0000000083400000, 0x0000000083300000| Untracked 
|  52|0x0000000083400000, 0x0000000083500000, 0x0000000083500000|100%| O|  |TAMS 0x0000000083500000, 0x0000000083400000| Untracked 
|  53|0x0000000083500000, 0x0000000083600000, 0x0000000083600000|100%| O|  |TAMS 0x0000000083600000, 0x0000000083500000| Untracked 
|  54|0x0000000083600000, 0x0000000083700000, 0x0000000083700000|100%|HS|  |TAMS 0x0000000083700000, 0x0000000083600000| Complete 
|  55|0x0000000083700000, 0x0000000083800000, 0x0000000083800000|100%|HS|  |TAMS 0x0000000083800000, 0x0000000083700000| Complete 
|  56|0x0000000083800000, 0x0000000083900000, 0x0000000083900000|100%| O|  |TAMS 0x0000000083900000, 0x0000000083800000| Untracked 
|  57|0x0000000083900000, 0x0000000083a00000, 0x0000000083a00000|100%| O|  |TAMS 0x00000000839bd200, 0x0000000083900000| Untracked 
|  58|0x0000000083a00000, 0x0000000083b00000, 0x0000000083b00000|100%|HS|  |TAMS 0x0000000083a00000, 0x0000000083a00000| Complete 
|  59|0x0000000083b00000, 0x0000000083c00000, 0x0000000083c00000|100%|HC|  |TAMS 0x0000000083b00000, 0x0000000083b00000| Complete 
|  60|0x0000000083c00000, 0x0000000083d00000, 0x0000000083d00000|100%| O|  |TAMS 0x0000000083c00000, 0x0000000083c00000| Untracked 
|  61|0x0000000083d00000, 0x0000000083e00000, 0x0000000083e00000|100%| O|  |TAMS 0x0000000083d00000, 0x0000000083d00000| Untracked 
|  62|0x0000000083e00000, 0x0000000083f00000, 0x0000000083f00000|100%| O|  |TAMS 0x0000000083e00000, 0x0000000083e00000| Untracked 
|  63|0x0000000083f00000, 0x0000000084000000, 0x0000000084000000|100%| O|  |TAMS 0x0000000083f00000, 0x0000000083f00000| Untracked 
|  64|0x0000000084000000, 0x0000000084100000, 0x0000000084100000|100%| O|  |TAMS 0x0000000084000000, 0x0000000084000000| Untracked 
|  65|0x0000000084100000, 0x0000000084116200, 0x0000000084200000|  8%| O|  |TAMS 0x0000000084100000, 0x0000000084100000| Untracked 
|  66|0x0000000084200000, 0x0000000084200000, 0x0000000084300000|  0%| F|  |TAMS 0x0000000084200000, 0x0000000084200000| Untracked 
|  67|0x0000000084300000, 0x0000000084300000, 0x0000000084400000|  0%| F|  |TAMS 0x0000000084300000, 0x0000000084300000| Untracked 
|  68|0x0000000084400000, 0x0000000084400000, 0x0000000084500000|  0%| F|  |TAMS 0x0000000084400000, 0x0000000084400000| Untracked 
|  69|0x0000000084500000, 0x0000000084500000, 0x0000000084600000|  0%| F|  |TAMS 0x0000000084500000, 0x0000000084500000| Untracked 
|  70|0x0000000084600000, 0x0000000084600000, 0x0000000084700000|  0%| F|  |TAMS 0x0000000084600000, 0x0000000084600000| Untracked 
|  71|0x0000000084700000, 0x0000000084700000, 0x0000000084800000|  0%| F|  |TAMS 0x0000000084700000, 0x0000000084700000| Untracked 
|  72|0x0000000084800000, 0x0000000084800000, 0x0000000084900000|  0%| F|  |TAMS 0x0000000084800000, 0x0000000084800000| Untracked 
|  73|0x0000000084900000, 0x0000000084900000, 0x0000000084a00000|  0%| F|  |TAMS 0x0000000084900000, 0x0000000084900000| Untracked 
|  74|0x0000000084a00000, 0x0000000084a00000, 0x0000000084b00000|  0%| F|  |TAMS 0x0000000084a00000, 0x0000000084a00000| Untracked 
|  75|0x0000000084b00000, 0x0000000084b00000, 0x0000000084c00000|  0%| F|  |TAMS 0x0000000084b00000, 0x0000000084b00000| Untracked 
|  76|0x0000000084c00000, 0x0000000084c00000, 0x0000000084d00000|  0%| F|  |TAMS 0x0000000084c00000, 0x0000000084c00000| Untracked 
|  77|0x0000000084d00000, 0x0000000084d00000, 0x0000000084e00000|  0%| F|  |TAMS 0x0000000084d00000, 0x0000000084d00000| Untracked 
|  78|0x0000000084e00000, 0x0000000084e00000, 0x0000000084f00000|  0%| F|  |TAMS 0x0000000084e00000, 0x0000000084e00000| Untracked 
|  79|0x0000000084f00000, 0x0000000084f00000, 0x0000000085000000|  0%| F|  |TAMS 0x0000000084f00000, 0x0000000084f00000| Untracked 
|  80|0x0000000085000000, 0x0000000085000000, 0x0000000085100000|  0%| F|  |TAMS 0x0000000085000000, 0x0000000085000000| Untracked 
|  81|0x0000000085100000, 0x0000000085100000, 0x0000000085200000|  0%| F|  |TAMS 0x0000000085100000, 0x0000000085100000| Untracked 
|  82|0x0000000085200000, 0x0000000085200000, 0x0000000085300000|  0%| F|  |TAMS 0x0000000085200000, 0x0000000085200000| Untracked 
|  83|0x0000000085300000, 0x0000000085300000, 0x0000000085400000|  0%| F|  |TAMS 0x0000000085300000, 0x0000000085300000| Untracked 
|  84|0x0000000085400000, 0x0000000085400000, 0x0000000085500000|  0%| F|  |TAMS 0x0000000085400000, 0x0000000085400000| Untracked 
|  85|0x0000000085500000, 0x0000000085500000, 0x0000000085600000|  0%| F|  |TAMS 0x0000000085500000, 0x0000000085500000| Untracked 
|  86|0x0000000085600000, 0x0000000085600000, 0x0000000085700000|  0%| F|  |TAMS 0x0000000085600000, 0x0000000085600000| Untracked 
|  87|0x0000000085700000, 0x0000000085700000, 0x0000000085800000|  0%| F|  |TAMS 0x0000000085700000, 0x0000000085700000| Untracked 
|  88|0x0000000085800000, 0x0000000085800000, 0x0000000085900000|  0%| F|  |TAMS 0x0000000085800000, 0x0000000085800000| Untracked 
|  89|0x0000000085900000, 0x0000000085900000, 0x0000000085a00000|  0%| F|  |TAMS 0x0000000085900000, 0x0000000085900000| Untracked 
|  90|0x0000000085a00000, 0x0000000085a00000, 0x0000000085b00000|  0%| F|  |TAMS 0x0000000085a00000, 0x0000000085a00000| Untracked 
|  91|0x0000000085b00000, 0x0000000085b00000, 0x0000000085c00000|  0%| F|  |TAMS 0x0000000085b00000, 0x0000000085b00000| Untracked 
|  92|0x0000000085c00000, 0x0000000085c00000, 0x0000000085d00000|  0%| F|  |TAMS 0x0000000085c00000, 0x0000000085c00000| Untracked 
|  93|0x0000000085d00000, 0x0000000085d00000, 0x0000000085e00000|  0%| F|  |TAMS 0x0000000085d00000, 0x0000000085d00000| Untracked 
|  94|0x0000000085e00000, 0x0000000085e00000, 0x0000000085f00000|  0%| F|  |TAMS 0x0000000085e00000, 0x0000000085e00000| Untracked 
|  95|0x0000000085f00000, 0x0000000085f00000, 0x0000000086000000|  0%| F|  |TAMS 0x0000000085f00000, 0x0000000085f00000| Untracked 
|  96|0x0000000086000000, 0x0000000086000000, 0x0000000086100000|  0%| F|  |TAMS 0x0000000086000000, 0x0000000086000000| Untracked 
|  97|0x0000000086100000, 0x0000000086100000, 0x0000000086200000|  0%| F|  |TAMS 0x0000000086100000, 0x0000000086100000| Untracked 
|  98|0x0000000086200000, 0x0000000086200000, 0x0000000086300000|  0%| F|  |TAMS 0x0000000086200000, 0x0000000086200000| Untracked 
|  99|0x0000000086300000, 0x0000000086300000, 0x0000000086400000|  0%| F|  |TAMS 0x0000000086300000, 0x0000000086300000| Untracked 
| 100|0x0000000086400000, 0x0000000086400000, 0x0000000086500000|  0%| F|  |TAMS 0x0000000086400000, 0x0000000086400000| Untracked 
| 101|0x0000000086500000, 0x0000000086500000, 0x0000000086600000|  0%| F|  |TAMS 0x0000000086500000, 0x0000000086500000| Untracked 
| 102|0x0000000086600000, 0x0000000086600000, 0x0000000086700000|  0%| F|  |TAMS 0x0000000086600000, 0x0000000086600000| Untracked 
| 103|0x0000000086700000, 0x0000000086700000, 0x0000000086800000|  0%| F|  |TAMS 0x0000000086700000, 0x0000000086700000| Untracked 
| 104|0x0000000086800000, 0x0000000086800000, 0x0000000086900000|  0%| F|  |TAMS 0x0000000086800000, 0x0000000086800000| Untracked 
| 105|0x0000000086900000, 0x0000000086900000, 0x0000000086a00000|  0%| F|  |TAMS 0x0000000086900000, 0x0000000086900000| Untracked 
| 106|0x0000000086a00000, 0x0000000086a1e668, 0x0000000086b00000| 11%| S|CS|TAMS 0x0000000086a00000, 0x0000000086a00000| Complete 
| 107|0x0000000086b00000, 0x0000000086c00000, 0x0000000086c00000|100%| S|CS|TAMS 0x0000000086b00000, 0x0000000086b00000| Complete 
| 108|0x0000000086c00000, 0x0000000086d00000, 0x0000000086d00000|100%| S|CS|TAMS 0x0000000086c00000, 0x0000000086c00000| Complete 
| 109|0x0000000086d00000, 0x0000000086d00000, 0x0000000086e00000|  0%| F|  |TAMS 0x0000000086d00000, 0x0000000086d00000| Untracked 
| 110|0x0000000086e00000, 0x0000000086e00000, 0x0000000086f00000|  0%| F|  |TAMS 0x0000000086e00000, 0x0000000086e00000| Untracked 
| 111|0x0000000086f00000, 0x0000000086f00000, 0x0000000087000000|  0%| F|  |TAMS 0x0000000086f00000, 0x0000000086f00000| Untracked 
| 112|0x0000000087000000, 0x0000000087000000, 0x0000000087100000|  0%| F|  |TAMS 0x0000000087000000, 0x0000000087000000| Untracked 
| 113|0x0000000087100000, 0x0000000087100000, 0x0000000087200000|  0%| F|  |TAMS 0x0000000087100000, 0x0000000087100000| Untracked 
| 114|0x0000000087200000, 0x0000000087200000, 0x0000000087300000|  0%| F|  |TAMS 0x0000000087200000, 0x0000000087200000| Untracked 
| 115|0x0000000087300000, 0x0000000087300000, 0x0000000087400000|  0%| F|  |TAMS 0x0000000087300000, 0x0000000087300000| Untracked 
| 116|0x0000000087400000, 0x0000000087400000, 0x0000000087500000|  0%| F|  |TAMS 0x0000000087400000, 0x0000000087400000| Untracked 
| 117|0x0000000087500000, 0x0000000087500000, 0x0000000087600000|  0%| F|  |TAMS 0x0000000087500000, 0x0000000087500000| Untracked 
| 118|0x0000000087600000, 0x0000000087600000, 0x0000000087700000|  0%| F|  |TAMS 0x0000000087600000, 0x0000000087600000| Untracked 
| 119|0x0000000087700000, 0x0000000087700000, 0x0000000087800000|  0%| F|  |TAMS 0x0000000087700000, 0x0000000087700000| Untracked 
| 120|0x0000000087800000, 0x0000000087800000, 0x0000000087900000|  0%| F|  |TAMS 0x0000000087800000, 0x0000000087800000| Untracked 
| 121|0x0000000087900000, 0x0000000087988d30, 0x0000000087a00000| 53%| E|  |TAMS 0x0000000087900000, 0x0000000087900000| Complete 
| 122|0x0000000087a00000, 0x0000000087b00000, 0x0000000087b00000|100%| E|CS|TAMS 0x0000000087a00000, 0x0000000087a00000| Complete 
| 123|0x0000000087b00000, 0x0000000087c00000, 0x0000000087c00000|100%| E|CS|TAMS 0x0000000087b00000, 0x0000000087b00000| Complete 
| 124|0x0000000087c00000, 0x0000000087d00000, 0x0000000087d00000|100%| E|CS|TAMS 0x0000000087c00000, 0x0000000087c00000| Complete 
| 125|0x0000000087d00000, 0x0000000087e00000, 0x0000000087e00000|100%| E|CS|TAMS 0x0000000087d00000, 0x0000000087d00000| Complete 
| 126|0x0000000087e00000, 0x0000000087f00000, 0x0000000087f00000|100%| E|CS|TAMS 0x0000000087e00000, 0x0000000087e00000| Complete 
| 127|0x0000000087f00000, 0x0000000088000000, 0x0000000088000000|100%| E|CS|TAMS 0x0000000087f00000, 0x0000000087f00000| Complete 
| 128|0x0000000088000000, 0x0000000088100000, 0x0000000088100000|100%| E|CS|TAMS 0x0000000088000000, 0x0000000088000000| Complete 
| 129|0x0000000088100000, 0x0000000088200000, 0x0000000088200000|100%| E|CS|TAMS 0x0000000088100000, 0x0000000088100000| Complete 
| 130|0x0000000088200000, 0x0000000088300000, 0x0000000088300000|100%| E|CS|TAMS 0x0000000088200000, 0x0000000088200000| Complete 
| 131|0x0000000088300000, 0x0000000088400000, 0x0000000088400000|100%| E|CS|TAMS 0x0000000088300000, 0x0000000088300000| Complete 
| 132|0x0000000088400000, 0x0000000088500000, 0x0000000088500000|100%| E|CS|TAMS 0x0000000088400000, 0x0000000088400000| Complete 
| 133|0x0000000088500000, 0x0000000088600000, 0x0000000088600000|100%| E|CS|TAMS 0x0000000088500000, 0x0000000088500000| Complete 
| 134|0x0000000088600000, 0x0000000088700000, 0x0000000088700000|100%| E|CS|TAMS 0x0000000088600000, 0x0000000088600000| Complete 
| 135|0x0000000088700000, 0x0000000088800000, 0x0000000088800000|100%| E|CS|TAMS 0x0000000088700000, 0x0000000088700000| Complete 
| 136|0x0000000088800000, 0x0000000088900000, 0x0000000088900000|100%| E|CS|TAMS 0x0000000088800000, 0x0000000088800000| Complete 
| 137|0x0000000088900000, 0x0000000088a00000, 0x0000000088a00000|100%| E|CS|TAMS 0x0000000088900000, 0x0000000088900000| Complete 
| 138|0x0000000088a00000, 0x0000000088b00000, 0x0000000088b00000|100%| E|CS|TAMS 0x0000000088a00000, 0x0000000088a00000| Complete 
| 139|0x0000000088b00000, 0x0000000088c00000, 0x0000000088c00000|100%| E|CS|TAMS 0x0000000088b00000, 0x0000000088b00000| Complete 

Card table byte_map: [0x000002b0647f0000,0x000002b064bf0000] _byte_map_base: 0x000002b0643f0000

Marking Bits (Prev, Next): (CMBitMap*) 0x000002b04fb4a270, (CMBitMap*) 0x000002b04fb4a238
 Prev Bits: [0x000002b066ff0000, 0x000002b068ff0000)
 Next Bits: [0x000002b064ff0000, 0x000002b066ff0000)

Polling page: 0x000002b04f910000

Metaspace:

Usage:
  Non-class:     48.83 MB capacity,    47.75 MB ( 98%) used,   954.79 KB (  2%) free+waste,   145.38 KB ( <1%) overhead. 
      Class:      7.46 MB capacity,     6.96 MB ( 93%) used,   442.84 KB (  6%) free+waste,    69.38 KB ( <1%) overhead. 
       Both:     56.29 MB capacity,    54.71 MB ( 97%) used,     1.36 MB (  2%) free+waste,   214.75 KB ( <1%) overhead. 

Virtual space:
  Non-class space:       50.00 MB reserved,      49.00 MB ( 98%) committed 
      Class space:        1.00 GB reserved,       7.50 MB ( <1%) committed 
             Both:        1.05 GB reserved,      56.50 MB (  5%) committed 

Chunk freelists:
   Non-Class:  49.00 KB
       Class:  8.00 KB
        Both:  57.00 KB

MaxMetaspaceSize: 17179869184.00 GB
CompressedClassSpaceSize: 1.00 GB

CodeHeap 'non-profiled nmethods': size=120064Kb used=2305Kb max_used=2305Kb free=117758Kb
 bounds [0x000002b05c880000, 0x000002b05caf0000, 0x000002b063dc0000]
CodeHeap 'profiled nmethods': size=120000Kb used=11144Kb max_used=11144Kb free=108855Kb
 bounds [0x000002b055350000, 0x000002b055e40000, 0x000002b05c880000]
CodeHeap 'non-nmethods': size=5696Kb used=2239Kb max_used=2276Kb free=3456Kb
 bounds [0x000002b054dc0000, 0x000002b055030000, 0x000002b055350000]
 total_blobs=6368 nmethods=5546 adapters=733
 compilation: enabled
              stopped_count=0, restarted_count=0
 full_count=0

Compilation events (20 events):
Event: 14.019 Thread 0x000002b06b664800 5605       2       com.google.common.collect.Sets::newHashSet (8 bytes)
Event: 14.019 Thread 0x000002b06b664800 nmethod 5605 0x000002b055e2d710 code [0x000002b055e2d8c0, 0x000002b055e2dab8]
Event: 14.022 Thread 0x000002b06b664800 5606       2       org.gradle.internal.Describables$AbstractDescribable::<init> (5 bytes)
Event: 14.023 Thread 0x000002b06b664800 nmethod 5606 0x000002b055e2db90 code [0x000002b055e2dd40, 0x000002b055e2de38]
Event: 14.023 Thread 0x000002b06b664800 5607       2       org.gradle.internal.Describables$AbstractDescribable::<init> (5 bytes)
Event: 14.023 Thread 0x000002b06b664800 nmethod 5607 0x000002b055e2df10 code [0x000002b055e2e0c0, 0x000002b055e2e1b8]
Event: 14.026 Thread 0x000002b06b664800 5608       2       org.gradle.internal.instantiation.generator.DependencyInjectingInstantiator::newInstance (8 bytes)
Event: 14.027 Thread 0x000002b06b664800 nmethod 5608 0x000002b055e2e290 code [0x000002b055e2e440, 0x000002b055e2e568]
Event: 14.027 Thread 0x000002b06b664800 5609   !   2       org.gradle.internal.instantiation.generator.AsmBackedClassGenerator$InvokeConstructorStrategy::newInstance (66 bytes)
Event: 14.028 Thread 0x000002b06b664800 nmethod 5609 0x000002b055e2e610 code [0x000002b055e2e8c0, 0x000002b055e2f248]
Event: 14.029 Thread 0x000002b06b664800 5610       2       java.lang.invoke.InnerClassLambdaMetafactory::generateFactory (136 bytes)
Event: 14.031 Thread 0x000002b06b664800 nmethod 5610 0x000002b055e2f890 code [0x000002b055e2fb00, 0x000002b055e301c8]
Event: 14.033 Thread 0x000002b06b664800 5611       2       org.gradle.api.internal.provider.AbstractMinimalProvider::<init> (5 bytes)
Event: 14.033 Thread 0x000002b06b664800 nmethod 5611 0x000002b055e30610 code [0x000002b055e307c0, 0x000002b055e308b8]
Event: 14.041 Thread 0x000002b06b664800 5612       2       org.objectweb.asm.Type::getDescriptor (18 bytes)
Event: 14.042 Thread 0x000002b06b664800 nmethod 5612 0x000002b055e30990 code [0x000002b055e30b80, 0x000002b055e30e78]
Event: 14.042 Thread 0x000002b06b664800 5613       1       org.gradle.internal.instantiation.generator.AbstractClassGenerator$MethodMetadata::getGenericReturnType (5 bytes)
Event: 14.042 Thread 0x000002b06b664800 nmethod 5613 0x000002b05cac0210 code [0x000002b05cac03c0, 0x000002b05cac0478]
Event: 14.042 Thread 0x000002b06b664800 5614       2       org.gradle.internal.instantiation.generator.DependencyInjectingInstantiator::verifyParameters (175 bytes)
Event: 14.044 Thread 0x000002b06b664800 nmethod 5614 0x000002b055e31010 code [0x000002b055e312e0, 0x000002b055e31b68]

GC Heap History (20 events):
Event: 8.295 GC heap before
{Heap before GC invocations=14 (full 0):
 garbage-first heap   total 78848K, used 57123K [0x0000000080000000, 0x0000000100000000)
  region size 1024K, 26 young (26624K), 3 survivors (3072K)
 Metaspace       used 37612K, capacity 38570K, committed 38784K, reserved 1083392K
  class space    used 4869K, capacity 5207K, committed 5248K, reserved 1048576K
}
Event: 8.310 GC heap after
{Heap after GC invocations=15 (full 0):
 garbage-first heap   total 95232K, used 37556K [0x0000000080000000, 0x0000000100000000)
  region size 1024K, 4 young (4096K), 4 survivors (4096K)
 Metaspace       used 37612K, capacity 38570K, committed 38784K, reserved 1083392K
  class space    used 4869K, capacity 5207K, committed 5248K, reserved 1048576K
}
Event: 8.804 GC heap before
{Heap before GC invocations=16 (full 0):
 garbage-first heap   total 95232K, used 69300K [0x0000000080000000, 0x0000000100000000)
  region size 1024K, 33 young (33792K), 4 survivors (4096K)
 Metaspace       used 40311K, capacity 41299K, committed 41472K, reserved 1085440K
  class space    used 5171K, capacity 5539K, committed 5632K, reserved 1048576K
}
Event: 8.817 GC heap after
{Heap after GC invocations=17 (full 0):
 garbage-first heap   total 95232K, used 38750K [0x0000000080000000, 0x0000000100000000)
  region size 1024K, 4 young (4096K), 4 survivors (4096K)
 Metaspace       used 40311K, capacity 41299K, committed 41472K, reserved 1085440K
  class space    used 5171K, capacity 5539K, committed 5632K, reserved 1048576K
}
Event: 9.445 GC heap before
{Heap before GC invocations=17 (full 0):
 garbage-first heap   total 95232K, used 70494K [0x0000000080000000, 0x0000000100000000)
  region size 1024K, 31 young (31744K), 4 survivors (4096K)
 Metaspace       used 42090K, capacity 43187K, committed 43264K, reserved 1087488K
  class space    used 5411K, capacity 5823K, committed 5888K, reserved 1048576K
}
Event: 9.458 GC heap after
{Heap after GC invocations=18 (full 0):
 garbage-first heap   total 95232K, used 46547K [0x0000000080000000, 0x0000000100000000)
  region size 1024K, 5 young (5120K), 5 survivors (5120K)
 Metaspace       used 42090K, capacity 43187K, committed 43264K, reserved 1087488K
  class space    used 5411K, capacity 5823K, committed 5888K, reserved 1048576K
}
Event: 9.706 GC heap before
{Heap before GC invocations=19 (full 0):
 garbage-first heap   total 95232K, used 61907K [0x0000000080000000, 0x0000000100000000)
  region size 1024K, 19 young (19456K), 5 survivors (5120K)
 Metaspace       used 42767K, capacity 44035K, committed 44160K, reserved 1087488K
  class space    used 5484K, capacity 5911K, committed 6016K, reserved 1048576K
}
Event: 9.719 GC heap after
{Heap after GC invocations=20 (full 0):
 garbage-first heap   total 95232K, used 51700K [0x0000000080000000, 0x0000000100000000)
  region size 1024K, 3 young (3072K), 3 survivors (3072K)
 Metaspace       used 42767K, capacity 44035K, committed 44160K, reserved 1087488K
  class space    used 5484K, capacity 5911K, committed 6016K, reserved 1048576K
}
Event: 10.086 GC heap before
{Heap before GC invocations=21 (full 0):
 garbage-first heap   total 95232K, used 76276K [0x0000000080000000, 0x0000000100000000)
  region size 1024K, 26 young (26624K), 3 survivors (3072K)
 Metaspace       used 44456K, capacity 45680K, committed 45824K, reserved 1089536K
  class space    used 5601K, capacity 6053K, committed 6144K, reserved 1048576K
}
Event: 10.098 GC heap after
{Heap after GC invocations=22 (full 0):
 garbage-first heap   total 114688K, used 53244K [0x0000000080000000, 0x0000000100000000)
  region size 1024K, 2 young (2048K), 2 survivors (2048K)
 Metaspace       used 44456K, capacity 45680K, committed 45824K, reserved 1089536K
  class space    used 5601K, capacity 6053K, committed 6144K, reserved 1048576K
}
Event: 10.726 GC heap before
{Heap before GC invocations=22 (full 0):
 garbage-first heap   total 114688K, used 86012K [0x0000000080000000, 0x0000000100000000)
  region size 1024K, 34 young (34816K), 2 survivors (2048K)
 Metaspace       used 46475K, capacity 47696K, committed 47872K, reserved 1091584K
  class space    used 5928K, capacity 6363K, committed 6400K, reserved 1048576K
}
Event: 10.735 GC heap after
{Heap after GC invocations=23 (full 0):
 garbage-first heap   total 114688K, used 55033K [0x0000000080000000, 0x0000000100000000)
  region size 1024K, 4 young (4096K), 4 survivors (4096K)
 Metaspace       used 46475K, capacity 47696K, committed 47872K, reserved 1091584K
  class space    used 5928K, capacity 6363K, committed 6400K, reserved 1048576K
}
Event: 11.300 GC heap before
{Heap before GC invocations=23 (full 0):
 garbage-first heap   total 114688K, used 87801K [0x0000000080000000, 0x0000000100000000)
  region size 1024K, 36 young (36864K), 4 survivors (4096K)
 Metaspace       used 48578K, capacity 50009K, committed 50304K, reserved 1093632K
  class space    used 6254K, capacity 6707K, committed 6784K, reserved 1048576K
}
Event: 11.316 GC heap after
{Heap after GC invocations=24 (full 0):
 garbage-first heap   total 114688K, used 56259K [0x0000000080000000, 0x0000000100000000)
  region size 1024K, 3 young (3072K), 3 survivors (3072K)
 Metaspace       used 48578K, capacity 50009K, committed 50304K, reserved 1093632K
  class space    used 6254K, capacity 6707K, committed 6784K, reserved 1048576K
}
Event: 12.177 GC heap before
{Heap before GC invocations=24 (full 0):
 garbage-first heap   total 114688K, used 79811K [0x0000000080000000, 0x0000000100000000)
  region size 1024K, 28 young (28672K), 3 survivors (3072K)
 Metaspace       used 49630K, capacity 51084K, committed 51200K, reserved 1093632K
  class space    used 6347K, capacity 6821K, committed 6912K, reserved 1048576K
}
Event: 12.199 GC heap after
{Heap after GC invocations=25 (full 0):
 garbage-first heap   total 114688K, used 58108K [0x0000000080000000, 0x0000000100000000)
  region size 1024K, 3 young (3072K), 3 survivors (3072K)
 Metaspace       used 49630K, capacity 51084K, committed 51200K, reserved 1093632K
  class space    used 6347K, capacity 6821K, committed 6912K, reserved 1048576K
}
Event: 12.446 GC heap before
{Heap before GC invocations=26 (full 0):
 garbage-first heap   total 114688K, used 64252K [0x0000000080000000, 0x0000000100000000)
  region size 1024K, 9 young (9216K), 3 survivors (3072K)
 Metaspace       used 49635K, capacity 51084K, committed 51200K, reserved 1093632K
  class space    used 6347K, capacity 6821K, committed 6912K, reserved 1048576K
}
Event: 12.464 GC heap after
{Heap after GC invocations=27 (full 0):
 garbage-first heap   total 143360K, used 64244K [0x0000000080000000, 0x0000000100000000)
  region size 1024K, 5 young (5120K), 5 survivors (5120K)
 Metaspace       used 49635K, capacity 51084K, committed 51200K, reserved 1093632K
  class space    used 6347K, capacity 6821K, committed 6912K, reserved 1048576K
}
Event: 13.484 GC heap before
{Heap before GC invocations=28 (full 0):
 garbage-first heap   total 143360K, used 98036K [0x0000000080000000, 0x0000000100000000)
  region size 1024K, 36 young (36864K), 5 survivors (5120K)
 Metaspace       used 53282K, capacity 54867K, committed 55040K, reserved 1097728K
  class space    used 6801K, capacity 7335K, committed 7424K, reserved 1048576K
}
Event: 13.504 GC heap after
{Heap after GC invocations=29 (full 0):
 garbage-first heap   total 143360K, used 68818K [0x0000000080000000, 0x0000000100000000)
  region size 1024K, 3 young (3072K), 3 survivors (3072K)
 Metaspace       used 53282K, capacity 54867K, committed 55040K, reserved 1097728K
  class space    used 6801K, capacity 7335K, committed 7424K, reserved 1048576K
}

Deoptimization events (20 events):
Event: 13.880 Thread 0x000002b06e16d800 DEOPT PACKING pc=0x000002b05559f717 sp=0x000000e9716f6550
Event: 13.880 Thread 0x000002b06e16d800 DEOPT UNPACKING pc=0x000002b054de76ce sp=0x000000e9716f5ad8 mode 0
Event: 13.883 Thread 0x000002b06e16d800 DEOPT PACKING pc=0x000002b05559f717 sp=0x000000e9716f6550
Event: 13.883 Thread 0x000002b06e16d800 DEOPT UNPACKING pc=0x000002b054de76ce sp=0x000000e9716f5ad8 mode 0
Event: 13.887 Thread 0x000002b06e16d800 DEOPT PACKING pc=0x000002b05559f717 sp=0x000000e9716f6550
Event: 13.887 Thread 0x000002b06e16d800 DEOPT UNPACKING pc=0x000002b054de76ce sp=0x000000e9716f5ad8 mode 0
Event: 13.890 Thread 0x000002b06e16d800 DEOPT PACKING pc=0x000002b05559f717 sp=0x000000e9716f6550
Event: 13.890 Thread 0x000002b06e16d800 DEOPT UNPACKING pc=0x000002b054de76ce sp=0x000000e9716f5ad8 mode 0
Event: 13.893 Thread 0x000002b06e16d800 DEOPT PACKING pc=0x000002b05559f717 sp=0x000000e9716f6460
Event: 13.893 Thread 0x000002b06e16d800 DEOPT UNPACKING pc=0x000002b054de76ce sp=0x000000e9716f59e8 mode 0
Event: 13.895 Thread 0x000002b06e16d800 DEOPT PACKING pc=0x000002b05559f717 sp=0x000000e9716f66b0
Event: 13.895 Thread 0x000002b06e16d800 DEOPT UNPACKING pc=0x000002b054de76ce sp=0x000000e9716f5c38 mode 0
Event: 13.897 Thread 0x000002b06e16d800 DEOPT PACKING pc=0x000002b05559f717 sp=0x000000e9716f6460
Event: 13.897 Thread 0x000002b06e16d800 DEOPT UNPACKING pc=0x000002b054de76ce sp=0x000000e9716f59e8 mode 0
Event: 13.899 Thread 0x000002b06e16d800 DEOPT PACKING pc=0x000002b05559f717 sp=0x000000e9716f6560
Event: 13.899 Thread 0x000002b06e16d800 DEOPT UNPACKING pc=0x000002b054de76ce sp=0x000000e9716f5ae8 mode 0
Event: 13.975 Thread 0x000002b06e16d800 Uncommon trap: trap_request=0xffffffc6 fr.pc=0x000002b05c9c496c relative=0x000000000000046c
Event: 13.975 Thread 0x000002b06e16d800 Uncommon trap: reason=bimorphic_or_optimized_type_check action=maybe_recompile pc=0x000002b05c9c496c method=java.util.Spliterators$IteratorSpliterator.tryAdvance(Ljava/util/function/Consumer;)Z @ 50 c2
Event: 13.975 Thread 0x000002b06e16d800 DEOPT PACKING pc=0x000002b05c9c496c sp=0x000000e9716f7a00
Event: 13.975 Thread 0x000002b06e16d800 DEOPT UNPACKING pc=0x000002b054de78af sp=0x000000e9716f79a0 mode 2

Classes redefined (0 events):
No events

Internal exceptions (20 events):
Event: 12.330 Thread 0x000002b06e16d800 Exception <a 'java/security/PrivilegedActionException'{0x0000000086d143c8}> (0x0000000086d143c8) thrown at [./src/hotspot/share/prims/jvm.cpp, line 1306]
Event: 12.330 Thread 0x000002b06e16d800 Exception <a 'java/security/PrivilegedActionException'{0x0000000086d15688}> (0x0000000086d15688) thrown at [./src/hotspot/share/prims/jvm.cpp, line 1306]
Event: 12.511 Thread 0x000002b06e16d800 Exception <a 'java/lang/ClassNotFoundException'{0x0000000088be55b0}: org/gradle/api/tasks/Delete_DecoratedBeanInfo> (0x0000000088be55b0) thrown at [./src/hotspot/share/classfile/systemDictionary.cpp, line 231]
Event: 12.514 Thread 0x000002b06e16d800 Exception <a 'java/lang/ClassNotFoundException'{0x0000000088a0e0a0}: org/gradle/api/tasks/DeleteBeanInfo> (0x0000000088a0e0a0) thrown at [./src/hotspot/share/classfile/systemDictionary.cpp, line 231]
Event: 12.516 Thread 0x000002b06e16d800 Exception <a 'java/lang/ClassNotFoundException'{0x0000000088a394b0}: org/gradle/api/internal/ConventionTaskBeanInfo> (0x0000000088a394b0) thrown at [./src/hotspot/share/classfile/systemDictionary.cpp, line 231]
Event: 12.517 Thread 0x000002b06e16d800 Exception <a 'java/lang/ClassNotFoundException'{0x0000000088a612c0}: org/gradle/api/DefaultTaskBeanInfo> (0x0000000088a612c0) thrown at [./src/hotspot/share/classfile/systemDictionary.cpp, line 231]
Event: 12.518 Thread 0x000002b06e16d800 Exception <a 'java/lang/ClassNotFoundException'{0x0000000088a8d3c8}: org/gradle/api/internal/AbstractTaskBeanInfo> (0x0000000088a8d3c8) thrown at [./src/hotspot/share/classfile/systemDictionary.cpp, line 231]
Event: 12.520 Thread 0x000002b06e16d800 Exception <a 'java/lang/ClassNotFoundException'{0x0000000088ab9250}: org/gradle/api/internal/AbstractTaskCustomizer> (0x0000000088ab9250) thrown at [./src/hotspot/share/classfile/systemDictionary.cpp, line 231]
Event: 12.527 Thread 0x000002b06e16d800 Exception <a 'java/lang/ClassNotFoundException'{0x0000000088929bf0}: org/gradle/api/DefaultTaskCustomizer> (0x0000000088929bf0) thrown at [./src/hotspot/share/classfile/systemDictionary.cpp, line 231]
Event: 12.536 Thread 0x000002b06e16d800 Exception <a 'java/lang/ClassNotFoundException'{0x00000000889a9c58}: org/gradle/api/internal/ConventionTaskCustomizer> (0x00000000889a9c58) thrown at [./src/hotspot/share/classfile/systemDictionary.cpp, line 231]
Event: 12.539 Thread 0x000002b06e16d800 Exception <a 'java/lang/ClassNotFoundException'{0x00000000889e0fd0}: org/gradle/api/tasks/DeleteCustomizer> (0x00000000889e0fd0) thrown at [./src/hotspot/share/classfile/systemDictionary.cpp, line 231]
Event: 12.547 Thread 0x000002b06e16d800 Exception <a 'java/lang/ClassNotFoundException'{0x000000008881fad0}: org/gradle/api/tasks/Delete_DecoratedCustomizer> (0x000000008881fad0) thrown at [./src/hotspot/share/classfile/systemDictionary.cpp, line 231]
Event: 12.609 Thread 0x000002b06e16d800 Exception <a 'java/lang/ClassNotFoundException'{0x0000000088779fc8}: build_5qz5yakvh4qqqlo5mq00qos0fBeanInfo> (0x0000000088779fc8) thrown at [./src/hotspot/share/classfile/systemDictionary.cpp, line 231]
Event: 12.610 Thread 0x000002b06e16d800 Exception <a 'java/lang/ClassNotFoundException'{0x0000000088784ef0}: build_5qz5yakvh4qqqlo5mq00qos0fCustomizer> (0x0000000088784ef0) thrown at [./src/hotspot/share/classfile/systemDictionary.cpp, line 231]
Event: 12.875 Thread 0x000002b06e16d800 Exception <a 'java/lang/NoSuchMethodError'{0x0000000087c47510}: 'java.lang.Object java.lang.invoke.DirectMethodHandle$Holder.invokeStatic(java.lang.Object, java.lang.Object, java.lang.Object, java.lang.Object, int)'> (0x0000000087c47510) thrown at [./src/hotspot/share/interpreter/linkResolver.cpp, line 773]
Event: 12.875 Thread 0x000002b06e16d800 Exception <a 'java/lang/NoSuchMethodError'{0x0000000087c4bf08}: 'java.lang.Object java.lang.invoke.DirectMethodHandle$Holder.invokeSpecial(java.lang.Object, java.lang.Object, java.lang.Object, java.lang.Object, java.lang.Object, int)'> (0x0000000087c4bf08) thrown at [./src/hotspot/share/interpreter/linkResolver.cpp, line 773]
Event: 12.876 Thread 0x000002b06e16d800 Exception <a 'java/lang/NoSuchMethodError'{0x0000000087c50548}: 'java.lang.Object java.lang.invoke.Invokers$Holder.linkToTargetMethod(java.lang.Object, java.lang.Object, java.lang.Object, int, java.lang.Object)'> (0x0000000087c50548) thrown at [./src/hotspot/share/interpreter/linkResolver.cpp, line 773]
Event: 13.389 Thread 0x000002b06e16d800 Exception <a 'java/lang/NoSuchMethodError'{0x0000000086d2b750}: 'java.lang.Object java.lang.invoke.DirectMethodHandle$Holder.invokeSpecial(java.lang.Object, java.lang.Object, int, int, java.lang.Object, java.lang.Object, java.lang.Object)'> (0x0000000086d2b750) thrown at [./src/hotspot/share/interpreter/linkResolver.cpp, line 773]
Event: 13.390 Thread 0x000002b06e16d800 Exception <a 'java/lang/NoSuchMethodError'{0x0000000086d2fcd0}: 'java.lang.Object java.lang.invoke.DelegatingMethodHandle$Holder.reinvoke_L(java.lang.Object, int, int, java.lang.Object, java.lang.Object, java.lang.Object)'> (0x0000000086d2fcd0) thrown at [./src/hotspot/share/interpreter/linkResolver.cpp, line 773]
Event: 13.996 Thread 0x000002b06e16d800 Exception <a 'java/lang/NoSuchMethodError'{0x0000000088047ee0}: 'int java.lang.invoke.DirectMethodHandle$Holder.invokeInterface(java.lang.Object, java.lang.Object, java.lang.Object, java.lang.Object)'> (0x0000000088047ee0) thrown at [./src/hotspot/share/interpreter/linkResolver.cpp, line 773]

Events (20 events):
Event: 14.049 loading class com/google/protobuf/MessageLiteOrBuilder
Event: 14.049 loading class com/google/protobuf/MessageLiteOrBuilder done
Event: 14.050 loading class com/google/protobuf/GeneratedMessageV3$Builder
Event: 14.050 loading class com/google/protobuf/GeneratedMessageV3$Builder done
Event: 14.052 loading class com/google/protobuf/AbstractMessage$Builder
Event: 14.052 loading class com/google/protobuf/AbstractMessage$Builder done
Event: 14.052 loading class com/google/protobuf/Message$Builder
Event: 14.052 loading class com/google/protobuf/Message$Builder done
Event: 14.053 loading class com/google/protobuf/MessageLite$Builder
Event: 14.053 loading class com/google/protobuf/MessageLite$Builder done
Event: 14.053 loading class com/google/protobuf/AbstractMessageLite$Builder
Event: 14.053 loading class com/google/protobuf/AbstractMessageLite$Builder done
Event: 14.055 loading class com/google/wireless/android/sdk/stats/GradleBuildProfileSpan$ExecutionType
Event: 14.055 loading class com/google/wireless/android/sdk/stats/GradleBuildProfileSpan$ExecutionType done
Event: 14.057 loading class com/android/builder/profile/Recorder$VoidBlock
Event: 14.057 loading class com/android/builder/profile/Recorder$VoidBlock done
Event: 14.058 loading class com/google/wireless/android/sdk/stats/GradleBuildVariant$Builder
Event: 14.058 loading class com/google/wireless/android/sdk/stats/GradleBuildVariant$Builder done
Event: 14.060 loading class com/google/wireless/android/sdk/stats/GradleBuildVariantOrBuilder
Event: 14.060 loading class com/google/wireless/android/sdk/stats/GradleBuildVariantOrBuilder done


Dynamic libraries:
0x00007ff6ef3d0000 - 0x00007ff6ef3da000 	C:\Program Files\Android\Android Studio\jre\bin\java.exe
0x00007fff96830000 - 0x00007fff96a25000 	C:\WINDOWS\SYSTEM32\ntdll.dll
0x00007fff962b0000 - 0x00007fff9636e000 	C:\WINDOWS\System32\KERNEL32.DLL
0x00007fff93fd0000 - 0x00007fff94299000 	C:\WINDOWS\System32\KERNELBASE.dll
0x00007fff94720000 - 0x00007fff94820000 	C:\WINDOWS\System32\ucrtbase.dll
0x00007fff66ed0000 - 0x00007fff66ee7000 	C:\Program Files\Android\Android Studio\jre\bin\VCRUNTIME140.dll
0x00007fff8f9b0000 - 0x00007fff8f9c9000 	C:\Program Files\Android\Android Studio\jre\bin\jli.dll
0x00007fff94f00000 - 0x00007fff950a1000 	C:\WINDOWS\System32\USER32.dll
0x00007fff83ca0000 - 0x00007fff83f3a000 	C:\WINDOWS\WinSxS\amd64_microsoft.windows.common-controls_6595b64144ccf1df_6.0.19041.1110_none_60b5254171f9507e\COMCTL32.dll
0x00007fff93fa0000 - 0x00007fff93fc2000 	C:\WINDOWS\System32\win32u.dll
0x00007fff95d50000 - 0x00007fff95dee000 	C:\WINDOWS\System32\msvcrt.dll
0x00007fff96720000 - 0x00007fff9674b000 	C:\WINDOWS\System32\GDI32.dll
0x00007fff945e0000 - 0x00007fff946eb000 	C:\WINDOWS\System32\gdi32full.dll
0x00007fff94490000 - 0x00007fff9452d000 	C:\WINDOWS\System32\msvcp_win.dll
0x00007fff96570000 - 0x00007fff965a0000 	C:\WINDOWS\System32\IMM32.DLL
0x00007fff61130000 - 0x00007fff611cd000 	C:\Program Files\Android\Android Studio\jre\bin\msvcp140.dll
0x00007fff66ef0000 - 0x00007fff679bf000 	C:\Program Files\Android\Android Studio\jre\bin\server\jvm.dll
0x00007fff961f0000 - 0x00007fff9629c000 	C:\WINDOWS\System32\ADVAPI32.dll
0x00007fff96750000 - 0x00007fff967eb000 	C:\WINDOWS\System32\sechost.dll
0x00007fff94d00000 - 0x00007fff94e2a000 	C:\WINDOWS\System32\RPCRT4.dll
0x00007fff962a0000 - 0x00007fff962a8000 	C:\WINDOWS\System32\PSAPI.DLL
0x00007fff86060000 - 0x00007fff86087000 	C:\WINDOWS\SYSTEM32\WINMM.dll
0x00007fff82ce0000 - 0x00007fff82ce9000 	C:\WINDOWS\SYSTEM32\WSOCK32.dll
0x00007fff86720000 - 0x00007fff8672a000 	C:\WINDOWS\SYSTEM32\VERSION.dll
0x00007fff95df0000 - 0x00007fff95e5b000 	C:\WINDOWS\System32\WS2_32.dll
0x00007fff91e50000 - 0x00007fff91e62000 	C:\WINDOWS\SYSTEM32\kernel.appcore.dll
0x00007fff66eb0000 - 0x00007fff66ec1000 	C:\Program Files\Android\Android Studio\jre\bin\verify.dll
0x00007fff7ff80000 - 0x00007fff80164000 	C:\WINDOWS\SYSTEM32\DBGHELP.DLL
0x00007fff7ff50000 - 0x00007fff7ff7c000 	C:\WINDOWS\SYSTEM32\dbgcore.DLL
0x00007fff942a0000 - 0x00007fff94323000 	C:\WINDOWS\System32\bcryptPrimitives.dll
0x00007fff66e80000 - 0x00007fff66ea9000 	C:\Program Files\Android\Android Studio\jre\bin\java.dll
0x00007fff82c00000 - 0x00007fff82c0b000 	C:\Program Files\Android\Android Studio\jre\bin\jimage.dll
0x00007fff66e60000 - 0x00007fff66e78000 	C:\Program Files\Android\Android Studio\jre\bin\zip.dll
0x00007fff950b0000 - 0x00007fff957ef000 	C:\WINDOWS\System32\SHELL32.dll
0x00007fff92050000 - 0x00007fff927e0000 	C:\WINDOWS\SYSTEM32\windows.storage.dll
0x00007fff94880000 - 0x00007fff94bd5000 	C:\WINDOWS\System32\combase.dll
0x00007fff939a0000 - 0x00007fff939cc000 	C:\WINDOWS\SYSTEM32\Wldp.dll
0x00007fff96650000 - 0x00007fff966fd000 	C:\WINDOWS\System32\SHCORE.dll
0x00007fff95f00000 - 0x00007fff95f55000 	C:\WINDOWS\System32\shlwapi.dll
0x00007fff93e90000 - 0x00007fff93eaf000 	C:\WINDOWS\SYSTEM32\profapi.dll
0x00007fff66e40000 - 0x00007fff66e5a000 	C:\Program Files\Android\Android Studio\jre\bin\net.dll
0x00007fff85cc0000 - 0x00007fff85dc8000 	C:\WINDOWS\SYSTEM32\WINHTTP.dll
0x00007fff93700000 - 0x00007fff9376a000 	C:\WINDOWS\system32\mswsock.dll
0x00007fff66e20000 - 0x00007fff66e34000 	C:\Program Files\Android\Android Studio\jre\bin\nio.dll
0x00007fff8dfc0000 - 0x00007fff8dfe7000 	C:\Users\MinhNgan\.gradle\native\8bec1ad78214c89d9ad589b4d07fe93259594b29d510b10fafb7a158f7737e5d\windows-amd64\native-platform.dll
0x00007fff6d600000 - 0x00007fff6d73d000 	C:\Users\MinhNgan\.gradle\native\53dbd7edfb1c66fb8903c78663c9afc45aea4f116125fa6feffd364cf09443e8\windows-amd64\native-platform-file-events.dll
0x00007fff662d0000 - 0x00007fff662da000 	C:\Program Files\Android\Android Studio\jre\bin\management.dll
0x00007fff662a0000 - 0x00007fff662ac000 	C:\Program Files\Android\Android Studio\jre\bin\management_ext.dll
0x00007fff938f0000 - 0x00007fff93908000 	C:\WINDOWS\SYSTEM32\CRYPTSP.dll
0x00007fff93010000 - 0x00007fff93044000 	C:\WINDOWS\system32\rsaenh.dll
0x00007fff946f0000 - 0x00007fff94717000 	C:\WINDOWS\System32\bcrypt.dll
0x00007fff93e50000 - 0x00007fff93e7e000 	C:\WINDOWS\SYSTEM32\USERENV.dll
0x00007fff93910000 - 0x00007fff9391c000 	C:\WINDOWS\SYSTEM32\CRYPTBASE.dll
0x00007fff933a0000 - 0x00007fff933db000 	C:\WINDOWS\SYSTEM32\IPHLPAPI.DLL
0x00007fff96370000 - 0x00007fff96378000 	C:\WINDOWS\System32\NSI.dll
0x00007fff88230000 - 0x00007fff88247000 	C:\WINDOWS\SYSTEM32\dhcpcsvc6.DLL
0x00007fff8aad0000 - 0x00007fff8aaed000 	C:\WINDOWS\SYSTEM32\dhcpcsvc.DLL
0x00007fff933e0000 - 0x00007fff934ac000 	C:\WINDOWS\SYSTEM32\DNSAPI.dll

dbghelp: loaded successfully - version: 4.0.5 - missing functions: none
symbol engine: initialized successfully - sym options: 0x614 - pdb path: .;C:\Program Files\Android\Android Studio\jre\bin;C:\WINDOWS\SYSTEM32;C:\WINDOWS\WinSxS\amd64_microsoft.windows.common-controls_6595b64144ccf1df_6.0.19041.1110_none_60b5254171f9507e;C:\Program Files\Android\Android Studio\jre\bin\server;C:\Users\MinhNgan\.gradle\native\8bec1ad78214c89d9ad589b4d07fe93259594b29d510b10fafb7a158f7737e5d\windows-amd64;C:\Users\MinhNgan\.gradle\native\53dbd7edfb1c66fb8903c78663c9afc45aea4f116125fa6feffd364cf09443e8\windows-amd64

VM Arguments:
jvm_args: --add-opens=java.base/java.util=ALL-UNNAMED --add-opens=java.base/java.lang=ALL-UNNAMED --add-opens=java.base/java.lang.invoke=ALL-UNNAMED --add-opens=java.base/java.util=ALL-UNNAMED --add-opens=java.prefs/java.util.prefs=ALL-UNNAMED --add-opens=java.prefs/java.util.prefs=ALL-UNNAMED --add-opens=java.base/java.nio.charset=ALL-UNNAMED --add-opens=java.base/java.net=ALL-UNNAMED --add-opens=java.base/java.util.concurrent.atomic=ALL-UNNAMED -Xmx2048m -Dfile.encoding=UTF-8 -Duser.country=US -Duser.language=en -Duser.variant 
java_command: org.gradle.launcher.daemon.bootstrap.GradleDaemon 7.0.2
java_class_path (initial): C:\Users\MinhNgan\.gradle\wrapper\dists\gradle-7.0.2-bin\857tjihv64xamwrf0h14cai3r\gradle-7.0.2\lib\gradle-launcher-7.0.2.jar
Launcher Type: SUN_STANDARD

[Global flags]
     intx CICompilerCount                          = 3                                         {product} {ergonomic}
     uint ConcGCThreads                            = 1                                         {product} {ergonomic}
     uint G1ConcRefinementThreads                  = 4                                         {product} {ergonomic}
   size_t G1HeapRegionSize                         = 1048576                                   {product} {ergonomic}
    uintx GCDrainStackTargetSize                   = 64                                        {product} {ergonomic}
   size_t InitialHeapSize                          = 67108864                                  {product} {ergonomic}
   size_t MarkStackSize                            = 4194304                                   {product} {ergonomic}
   size_t MaxHeapSize                              = 2147483648                                {product} {command line}
   size_t MaxNewSize                               = 1287651328                                {product} {ergonomic}
   size_t MinHeapDeltaBytes                        = 1048576                                   {product} {ergonomic}
    uintx NonNMethodCodeHeapSize                   = 5830732                                {pd product} {ergonomic}
    uintx NonProfiledCodeHeapSize                  = 122913754                              {pd product} {ergonomic}
    uintx ProfiledCodeHeapSize                     = 122913754                              {pd product} {ergonomic}
    uintx ReservedCodeCacheSize                    = 251658240                              {pd product} {ergonomic}
     bool SegmentedCodeCache                       = true                                      {product} {ergonomic}
     bool UseCompressedClassPointers               = true                                 {lp64_product} {ergonomic}
     bool UseCompressedOops                        = true                                 {lp64_product} {ergonomic}
     bool UseG1GC                                  = true                                      {product} {ergonomic}
     bool UseLargePagesIndividualAllocation        = false                                  {pd product} {ergonomic}

Logging:
Log output configuration:
 #0: stdout all=warning uptime,level,tags
 #1: stderr all=off uptime,level,tags

Environment Variables:
PATH=C:\Program Files\Common Files\Oracle\Java\javapath;C:\WINDOWS\system32;C:\WINDOWS;C:\WINDOWS\System32\Wbem;C:\WINDOWS\System32\WindowsPowerShell\v1.0\;C:\WINDOWS\System32\OpenSSH\;C:\Program Files\dotnet\;C:\Program Files\Microsoft SQL Server\130\Tools\Binn\;C:\Program Files\Microsoft SQL Server\Client SDK\ODBC\170\Tools\Binn\;C:\Program Files (x86)\dotnet\;C:\Program Files\Git\cmd;C:\Users\MinhNgan\AppData\Local\Microsoft\WindowsApps
USERNAME=MinhNgan
OS=Windows_NT
PROCESSOR_IDENTIFIER=Intel64 Family 6 Model 69 Stepping 1, GenuineIntel



---------------  S Y S T E M  ---------------

OS: Windows 10 , 64 bit Build 19041 (10.0.19041.1202)
OS uptime: 0 days 0:22 hours

CPU:total 4 (initial active 4) (2 cores per cpu, 2 threads per core) family 6 model 69 stepping 1 microcode 0x25, cmov, cx8, fxsr, mmx, sse, sse2, sse3, ssse3, sse4.1, sse4.2, popcnt, avx, avx2, aes, clmul, erms, lzcnt, ht, tsc, tscinvbit, bmi1, bmi2, fma

Memory: 4k page, system-wide physical 3979M (143M free)
TotalPageFile size 6979M (AvailPageFile size 7M)
current process WorkingSet (physical memory assigned to process): 202M, peak: 220M
current process commit charge ("private bytes"): 346M, peak: 347M

vm_info: OpenJDK 64-Bit Server VM (11.0.10+0-b96-7249189) for windows-amd64 JRE (11.0.10+0-b96-7249189), built on Mar 31 2021 21:44:00 by "builder" with MS VC++ 14.0 (VS2015)

END.
