#
# There is insufficient memory for the Java Runtime Environment to continue.
# Native memory allocation (mmap) failed to map 84934656 bytes for Failed to commit area from 0x0000000096e00000 to 0x000000009bf00000 of length 84934656.
# Possible reasons:
#   The system is out of physical RAM or swap space
#   The process is running with CompressedOops enabled, and the Java Heap may be blocking the growth of the native heap
# Possible solutions:
#   Reduce memory load on the system
#   Increase physical memory or swap space
#   Check if swap backing store is full
#   Decrease Java heap size (-Xmx/-Xms)
#   Decrease number of Java threads
#   Decrease Java thread stack sizes (-Xss)
#   Set larger code cache with -XX:ReservedCodeCacheSize=
#   JVM is running with Unscaled Compressed Oops mode in which the Java heap is
#     placed in the first 4GB address space. The Java Heap base address is the
#     maximum limit for the native heap growth. Please use -XX:HeapBaseMinAddress
#     to set the Java Heap base and to place the Java Heap above 4GB virtual address.
# This output file may be truncated or incomplete.
#
#  Out of Memory Error (./src/hotspot/os/windows/os_windows.cpp:3301), pid=1884, tid=2336
#
# JRE version: OpenJDK Runtime Environment (11.0.10) (build 11.0.10+0-b96-7249189)
# Java VM: OpenJDK 64-Bit Server VM (11.0.10+0-b96-7249189, mixed mode, tiered, compressed oops, g1 gc, windows-amd64)
# No core dump will be written. Minidumps are not enabled by default on client versions of Windows
#

---------------  S U M M A R Y ------------

Command Line: --add-opens=java.base/java.util=ALL-UNNAMED --add-opens=java.base/java.lang=ALL-UNNAMED --add-opens=java.base/java.lang.invoke=ALL-UNNAMED --add-opens=java.base/java.util=ALL-UNNAMED --add-opens=java.prefs/java.util.prefs=ALL-UNNAMED --add-opens=java.prefs/java.util.prefs=ALL-UNNAMED --add-opens=java.base/java.nio.charset=ALL-UNNAMED --add-opens=java.base/java.net=ALL-UNNAMED --add-opens=java.base/java.util.concurrent.atomic=ALL-UNNAMED -Xmx2048m -Dfile.encoding=UTF-8 -Duser.country=US -Duser.language=en -Duser.variant org.gradle.launcher.daemon.bootstrap.GradleDaemon 7.0.2

Host: Intel(R) Core(TM) i5-4210U CPU @ 1.70GHz, 4 cores, 3G,  Windows 10 , 64 bit Build 19041 (10.0.19041.1202)
Time: Wed Nov 10 11:39:57 2021 SE Asia Standard Time elapsed time: 61.545638 seconds (0d 0h 1m 1s)

---------------  T H R E A D  ---------------

Current thread (0x0000028e159c4800):  VMThread "VM Thread" [stack: 0x000000b139200000,0x000000b139300000] [id=2336]

Stack: [0x000000b139200000,0x000000b139300000]
[error occurred during error reporting (printing stack bounds), id 0xc0000005, EXCEPTION_ACCESS_VIOLATION (0xc0000005) at pc=0x0000028e00000f2d]

Native frames: (J=compiled Java code, j=interpreted, Vv=VM code, C=native code)
V  [jvm.dll+0x5ecfaa]
V  [jvm.dll+0x722bd5]
V  [jvm.dll+0x72412d]
V  [jvm.dll+0x724745]
V  [jvm.dll+0x7246fb]
V  [jvm.dll+0x5ec348]
V  [jvm.dll+0x5ecad8]
C  [ntdll.dll+0xa20cf]
C  [ntdll.dll+0x51454]
C  [ntdll.dll+0xa0bfe]
C  0x0000028e00000f2d

VM_Operation (0x000000b13c0f8150): G1CollectForAllocation, mode: safepoint, requested by thread 0x0000028e1cbbc800


---------------  P R O C E S S  ---------------

Threads class SMR info:
_java_thread_list=0x0000028e18cae7d0, length=48, elements={
0x0000028e7b60b000, 0x0000028e159cd800, 0x0000028e159ce800, 0x0000028e15a23800,
0x0000028e15a25800, 0x0000028e15a2a000, 0x0000028e15a32800, 0x0000028e15a3d800,
0x0000028e15a3f000, 0x0000028e164b6800, 0x0000028e1819b000, 0x0000028e18658800,
0x0000028e189ff800, 0x0000028e176f9800, 0x0000028e1841b800, 0x0000028e187c0000,
0x0000028e187c2800, 0x0000028e187c0800, 0x0000028e187c4000, 0x0000028e187bf000,
0x0000028e187c5800, 0x0000028e187c1800, 0x0000028e16662000, 0x0000028e16664800,
0x0000028e16667000, 0x0000028e16668800, 0x0000028e16670000, 0x0000028e16665800,
0x0000028e16666000, 0x0000028e16661000, 0x0000028e16663800, 0x0000028e1666c800,
0x0000028e1666d800, 0x0000028e1666e800, 0x0000028e1666c000, 0x0000028e1666f000,
0x0000028e187c3000, 0x0000028e187c4800, 0x0000028e1cbbc000, 0x0000028e1cbb9800,
0x0000028e1cbb6000, 0x0000028e1cbbc800, 0x0000028e1cbb7000, 0x0000028e1cbbd800,
0x0000028e1cbb7800, 0x0000028e1cbba000, 0x0000028e1cbbb000, 0x0000028e1cbbe800
}

Java Threads: ( => current thread )
  0x0000028e7b60b000 JavaThread "main" [_thread_blocked, id=6780, stack(0x000000b138c00000,0x000000b138d00000)]
  0x0000028e159cd800 JavaThread "Reference Handler" daemon [_thread_blocked, id=3496, stack(0x000000b139300000,0x000000b139400000)]
  0x0000028e159ce800 JavaThread "Finalizer" daemon [_thread_blocked, id=5228, stack(0x000000b139400000,0x000000b139500000)]
  0x0000028e15a23800 JavaThread "Signal Dispatcher" daemon [_thread_blocked, id=9024, stack(0x000000b139500000,0x000000b139600000)]
  0x0000028e15a25800 JavaThread "Attach Listener" daemon [_thread_blocked, id=7356, stack(0x000000b139600000,0x000000b139700000)]
  0x0000028e15a2a000 JavaThread "Service Thread" daemon [_thread_blocked, id=9732, stack(0x000000b139700000,0x000000b139800000)]
  0x0000028e15a32800 JavaThread "C2 CompilerThread0" daemon [_thread_in_native, id=9764, stack(0x000000b139800000,0x000000b139900000)]
  0x0000028e15a3d800 JavaThread "C1 CompilerThread0" daemon [_thread_blocked, id=5492, stack(0x000000b139900000,0x000000b139a00000)]
  0x0000028e15a3f000 JavaThread "Sweeper thread" daemon [_thread_blocked, id=2124, stack(0x000000b139a00000,0x000000b139b00000)]
  0x0000028e164b6800 JavaThread "Common-Cleaner" daemon [_thread_blocked, id=8552, stack(0x000000b139b00000,0x000000b139c00000)]
  0x0000028e1819b000 JavaThread "Daemon health stats" [_thread_blocked, id=7228, stack(0x000000b139e00000,0x000000b139f00000)]
  0x0000028e18658800 JavaThread "Incoming local TCP Connector on port 50499" [_thread_in_native, id=1284, stack(0x000000b139f00000,0x000000b13a000000)]
  0x0000028e189ff800 JavaThread "Daemon" [_thread_blocked, id=1116, stack(0x000000b13a000000,0x000000b13a100000)]
  0x0000028e176f9800 JavaThread "Daemon periodic checks" [_thread_blocked, id=6584, stack(0x000000b13a100000,0x000000b13a200000)]
  0x0000028e1841b800 JavaThread "Daemon worker" [_thread_blocked, id=5572, stack(0x000000b13a600000,0x000000b13a700000)]
  0x0000028e187c0000 JavaThread "Cache worker for file hash cache (C:\Program Files\Java\jdk-17.0.1\caches\7.0.2\fileHashes)" [_thread_blocked, id=7360, stack(0x000000b13aa00000,0x000000b13ab00000)]
  0x0000028e187c2800 JavaThread "File lock request listener" [_thread_in_native, id=10056, stack(0x000000b13ab00000,0x000000b13ac00000)]
  0x0000028e187c0800 JavaThread "Cache worker for journal cache (C:\Program Files\Java\jdk-17.0.1\caches\journal-1)" [_thread_blocked, id=9876, stack(0x000000b13ac00000,0x000000b13ad00000)]
  0x0000028e187c4000 JavaThread "File watcher server" daemon [_thread_blocked, id=1912, stack(0x000000b13ae00000,0x000000b13af00000)]
  0x0000028e187bf000 JavaThread "File watcher consumer" daemon [_thread_blocked, id=9276, stack(0x000000b13af00000,0x000000b13b000000)]
  0x0000028e187c5800 JavaThread "jar transforms" [_thread_blocked, id=5540, stack(0x000000b13b000000,0x000000b13b100000)]
  0x0000028e187c1800 JavaThread "jar transforms Thread 2" [_thread_blocked, id=5788, stack(0x000000b13b100000,0x000000b13b200000)]
  0x0000028e16662000 JavaThread "jar transforms Thread 3" [_thread_blocked, id=2140, stack(0x000000b13b200000,0x000000b13b300000)]
  0x0000028e16664800 JavaThread "jar transforms Thread 4" [_thread_blocked, id=7636, stack(0x000000b13b300000,0x000000b13b400000)]
  0x0000028e16667000 JavaThread "Cache worker for execution history cache (C:\Program Files\Java\jdk-17.0.1\caches\7.0.2\executionHistory)" [_thread_blocked, id=6504, stack(0x000000b13b700000,0x000000b13b800000)]
  0x0000028e16668800 JavaThread "Cache worker for file content cache (C:\Program Files\Java\jdk-17.0.1\caches\7.0.2\fileContent)" [_thread_blocked, id=8672, stack(0x000000b13b800000,0x000000b13b900000)]
  0x0000028e16670000 JavaThread "Memory manager" [_thread_blocked, id=4808, stack(0x000000b13bf00000,0x000000b13c000000)]
  0x0000028e16665800 JavaThread "Handler for socket connection from /127.0.0.1:50499 to /127.0.0.1:50517" [_thread_in_native, id=5280, stack(0x000000b13a300000,0x000000b13a400000)]
  0x0000028e16666000 JavaThread "Cancel handler" [_thread_blocked, id=5736, stack(0x000000b13a700000,0x000000b13a800000)]
  0x0000028e16661000 JavaThread "Asynchronous log dispatcher for DefaultDaemonConnection: socket connection from /127.0.0.1:50499 to /127.0.0.1:50517" [_thread_blocked, id=428, stack(0x000000b13a800000,0x000000b13a900000)]
  0x0000028e16663800 JavaThread "Stdin handler" [_thread_blocked, id=4736, stack(0x000000b13a900000,0x000000b13aa00000)]
  0x0000028e1666c800 JavaThread "Daemon client event forwarder" [_thread_blocked, id=6804, stack(0x000000b13ad00000,0x000000b13ae00000)]
  0x0000028e1666d800 JavaThread "Cache worker for file hash cache (C:\Users\MinhNgan\AndroidStudioProjects\Android_hepat\.gradle\7.0.2\fileHashes)" [_thread_blocked, id=3292, stack(0x000000b13b400000,0x000000b13b500000)]
  0x0000028e1666e800 JavaThread "Cache worker for checksums cache (C:\Users\MinhNgan\AndroidStudioProjects\Android_hepat\.gradle\checksums)" [_thread_blocked, id=1368, stack(0x000000b13b500000,0x000000b13b600000)]
  0x0000028e1666c000 JavaThread "Cache worker for cache directory md-supplier (C:\Program Files\Java\jdk-17.0.1\caches\7.0.2\md-supplier)" [_thread_blocked, id=5436, stack(0x000000b13b600000,0x000000b13b700000)]
  0x0000028e1666f000 JavaThread "Cache worker for cache directory md-rule (C:\Program Files\Java\jdk-17.0.1\caches\7.0.2\md-rule)" [_thread_blocked, id=3276, stack(0x000000b13b900000,0x000000b13ba00000)]
  0x0000028e187c3000 JavaThread "Cache worker for dependencies-accessors (C:\Users\MinhNgan\AndroidStudioProjects\Android_hepat\.gradle\7.0.2\dependencies-accessors)" [_thread_blocked, id=4924, stack(0x000000b13ba00000,0x000000b13bb00000)]
  0x0000028e187c4800 JavaThread "Cache worker for Build Output Cleanup Cache (C:\Users\MinhNgan\AndroidStudioProjects\Android_hepat\.gradle\buildOutputCleanup)" [_thread_blocked, id=5640, stack(0x000000b13bb00000,0x000000b13bc00000)]
  0x0000028e1cbbc000 JavaThread "Build operations" [_thread_blocked, id=7556, stack(0x000000b13bc00000,0x000000b13bd00000)]
  0x0000028e1cbb9800 JavaThread "Build operations Thread 2" [_thread_blocked, id=9012, stack(0x000000b13bd00000,0x000000b13be00000)]
  0x0000028e1cbb6000 JavaThread "Build operations Thread 3" [_thread_blocked, id=1120, stack(0x000000b13be00000,0x000000b13bf00000)]
  0x0000028e1cbbc800 JavaThread "Build operations Thread 4" [_thread_blocked, id=7344, stack(0x000000b13c000000,0x000000b13c100000)]
  0x0000028e1cbb7000 JavaThread "build event listener" [_thread_blocked, id=3852, stack(0x000000b13c100000,0x000000b13c200000)]
  0x0000028e1cbbd800 JavaThread "Execution worker for ':'" [_thread_blocked, id=8572, stack(0x000000b13c200000,0x000000b13c300000)]
  0x0000028e1cbb7800 JavaThread "Execution worker for ':' Thread 2" [_thread_blocked, id=1292, stack(0x000000b13c300000,0x000000b13c400000)]
  0x0000028e1cbba000 JavaThread "Execution worker for ':' Thread 3" [_thread_blocked, id=8876, stack(0x000000b13c400000,0x000000b13c500000)]
  0x0000028e1cbbb000 JavaThread "Cache worker for execution history cache (C:\Users\MinhNgan\AndroidStudioProjects\Android_hepat\.gradle\7.0.2\executionHistory)" [_thread_blocked, id=940, stack(0x000000b13c500000,0x000000b13c600000)]
  0x0000028e1cbbe800 JavaThread "WorkerExecutor Queue" [_thread_blocked, id=7328, stack(0x000000b13c600000,0x000000b13c700000)]

Other Threads:
=>0x0000028e159c4800 VMThread "VM Thread" [stack: 0x000000b139200000,0x000000b139300000] [id=2336]
  0x0000028e164db800 WatcherThread [stack: 0x000000b139c00000,0x000000b139d00000] [id=8452]
  0x0000028e7b624000 GCTaskThread "GC Thread#0" [stack: 0x000000b138d00000,0x000000b138e00000] [id=10208]
  0x0000028e16d9d000 GCTaskThread "GC Thread#1" [stack: 0x000000b139d00000,0x000000b139e00000] [id=7424]
  0x0000028e182a9000 GCTaskThread "GC Thread#2" [stack: 0x000000b13a400000,0x000000b13a500000] [id=4636]
  0x0000028e17e61000 GCTaskThread "GC Thread#3" [stack: 0x000000b13a500000,0x000000b13a600000] [id=6380]
  0x0000028e7b654800 ConcurrentGCThread "G1 Main Marker" [stack: 0x000000b138e00000,0x000000b138f00000] [id=7256]
  0x0000028e7b655800 ConcurrentGCThread "G1 Conc#0" [stack: 0x000000b138f00000,0x000000b139000000] [id=7404]
  0x0000028e7b6b0800 ConcurrentGCThread "G1 Refine#0" [stack: 0x000000b139000000,0x000000b139100000] [id=2340]
  0x0000028e7b6b1800 ConcurrentGCThread "G1 Young RemSet Sampling" [stack: 0x000000b139100000,0x000000b139200000] [id=6696]

Threads with active compile tasks:
C2 CompilerThread0  61584 16526       4       com.android.tools.r8.internal.X4::a (1165 bytes)

VM state:at safepoint (normal execution)

VM Mutex/Monitor currently owned by a thread:  ([mutex/lock_event])
[0x0000028e7b607690] Threads_lock - owner thread: 0x0000028e159c4800
[0x0000028e7b608770] Heap_lock - owner thread: 0x0000028e1cbbc800

Heap address: 0x0000000080000000, size: 2048 MB, Compressed Oops mode: 32-bit
Narrow klass base: 0x0000000000000000, Narrow klass shift: 3
Compressed class space size: 1073741824 Address: 0x0000000100000000

Heap:
 garbage-first heap   total 457728K, used 179133K [0x0000000080000000, 0x0000000100000000)
  region size 1024K, 3 young (3072K), 3 survivors (3072K)
 Metaspace       used 112990K, capacity 116215K, committed 116352K, reserved 1150976K
  class space    used 14512K, capacity 15683K, committed 15744K, reserved 1048576K
Heap Regions: E=young(eden), S=young(survivor), O=old, HS=humongous(starts), HC=humongous(continues), CS=collection set, F=free, A=archive, TAMS=top-at-mark-start (previous, next)
|   0|0x0000000080000000, 0x0000000080100000, 0x0000000080100000|100%|HS|  |TAMS 0x0000000080100000, 0x0000000080100000| Complete 
|   1|0x0000000080100000, 0x0000000080200000, 0x0000000080200000|100%|HC|  |TAMS 0x0000000080200000, 0x0000000080200000| Complete 
|   2|0x0000000080200000, 0x0000000080300000, 0x0000000080300000|100%|HC|  |TAMS 0x0000000080300000, 0x0000000080300000| Complete 
|   3|0x0000000080300000, 0x0000000080400000, 0x0000000080400000|100%| O|  |TAMS 0x0000000080400000, 0x0000000080400000| Untracked 
|   4|0x0000000080400000, 0x0000000080500000, 0x0000000080500000|100%| O|  |TAMS 0x0000000080500000, 0x0000000080500000| Untracked 
|   5|0x0000000080500000, 0x0000000080600000, 0x0000000080600000|100%| O|  |TAMS 0x0000000080600000, 0x0000000080600000| Untracked 
|   6|0x0000000080600000, 0x0000000080700000, 0x0000000080700000|100%| O|  |TAMS 0x0000000080700000, 0x0000000080700000| Untracked 
|   7|0x0000000080700000, 0x0000000080800000, 0x0000000080800000|100%| O|  |TAMS 0x0000000080800000, 0x0000000080800000| Untracked 
|   8|0x0000000080800000, 0x0000000080900000, 0x0000000080900000|100%| O|  |TAMS 0x0000000080900000, 0x0000000080900000| Untracked 
|   9|0x0000000080900000, 0x0000000080a00000, 0x0000000080a00000|100%| O|  |TAMS 0x0000000080a00000, 0x0000000080a00000| Untracked 
|  10|0x0000000080a00000, 0x0000000080b00000, 0x0000000080b00000|100%| O|  |TAMS 0x0000000080b00000, 0x0000000080b00000| Untracked 
|  11|0x0000000080b00000, 0x0000000080c00000, 0x0000000080c00000|100%| O|  |TAMS 0x0000000080c00000, 0x0000000080c00000| Untracked 
|  12|0x0000000080c00000, 0x0000000080d00000, 0x0000000080d00000|100%| O|  |TAMS 0x0000000080d00000, 0x0000000080d00000| Untracked 
|  13|0x0000000080d00000, 0x0000000080e00000, 0x0000000080e00000|100%| O|  |TAMS 0x0000000080e00000, 0x0000000080e00000| Untracked 
|  14|0x0000000080e00000, 0x0000000080f00000, 0x0000000080f00000|100%| O|  |TAMS 0x0000000080f00000, 0x0000000080f00000| Untracked 
|  15|0x0000000080f00000, 0x0000000081000000, 0x0000000081000000|100%| O|  |TAMS 0x0000000081000000, 0x0000000081000000| Untracked 
|  16|0x0000000081000000, 0x0000000081100000, 0x0000000081100000|100%|HS|  |TAMS 0x0000000081100000, 0x0000000081100000| Complete 
|  17|0x0000000081100000, 0x0000000081200000, 0x0000000081200000|100%|HC|  |TAMS 0x0000000081200000, 0x0000000081200000| Complete 
|  18|0x0000000081200000, 0x0000000081300000, 0x0000000081300000|100%|HS|  |TAMS 0x0000000081300000, 0x0000000081300000| Complete 
|  19|0x0000000081300000, 0x0000000081400000, 0x0000000081400000|100%|HC|  |TAMS 0x0000000081400000, 0x0000000081400000| Complete 
|  20|0x0000000081400000, 0x0000000081500000, 0x0000000081500000|100%|HC|  |TAMS 0x0000000081500000, 0x0000000081500000| Complete 
|  21|0x0000000081500000, 0x0000000081600000, 0x0000000081600000|100%|HS|  |TAMS 0x0000000081600000, 0x0000000081600000| Complete 
|  22|0x0000000081600000, 0x0000000081700000, 0x0000000081700000|100%|HC|  |TAMS 0x0000000081700000, 0x0000000081700000| Complete 
|  23|0x0000000081700000, 0x0000000081800000, 0x0000000081800000|100%|HC|  |TAMS 0x0000000081800000, 0x0000000081800000| Complete 
|  24|0x0000000081800000, 0x0000000081900000, 0x0000000081900000|100%|HC|  |TAMS 0x0000000081900000, 0x0000000081900000| Complete 
|  25|0x0000000081900000, 0x0000000081a00000, 0x0000000081a00000|100%|HC|  |TAMS 0x0000000081a00000, 0x0000000081a00000| Complete 
|  26|0x0000000081a00000, 0x0000000081b00000, 0x0000000081b00000|100%| O|  |TAMS 0x0000000081b00000, 0x0000000081b00000| Untracked 
|  27|0x0000000081b00000, 0x0000000081c00000, 0x0000000081c00000|100%| O|  |TAMS 0x0000000081c00000, 0x0000000081c00000| Untracked 
|  28|0x0000000081c00000, 0x0000000081d00000, 0x0000000081d00000|100%| O|  |TAMS 0x0000000081d00000, 0x0000000081d00000| Untracked 
|  29|0x0000000081d00000, 0x0000000081e00000, 0x0000000081e00000|100%| O|  |TAMS 0x0000000081e00000, 0x0000000081e00000| Untracked 
|  30|0x0000000081e00000, 0x0000000081f00000, 0x0000000081f00000|100%| O|  |TAMS 0x0000000081f00000, 0x0000000081f00000| Untracked 
|  31|0x0000000081f00000, 0x0000000082000000, 0x0000000082000000|100%| O|  |TAMS 0x0000000082000000, 0x0000000082000000| Untracked 
|  32|0x0000000082000000, 0x0000000082100000, 0x0000000082100000|100%| O|  |TAMS 0x0000000082100000, 0x0000000082100000| Untracked 
|  33|0x0000000082100000, 0x0000000082200000, 0x0000000082200000|100%| O|  |TAMS 0x0000000082200000, 0x0000000082200000| Untracked 
|  34|0x0000000082200000, 0x0000000082300000, 0x0000000082300000|100%| O|  |TAMS 0x0000000082300000, 0x0000000082300000| Untracked 
|  35|0x0000000082300000, 0x0000000082400000, 0x0000000082400000|100%| O|  |TAMS 0x0000000082400000, 0x0000000082400000| Untracked 
|  36|0x0000000082400000, 0x0000000082500000, 0x0000000082500000|100%| O|  |TAMS 0x0000000082500000, 0x0000000082500000| Untracked 
|  37|0x0000000082500000, 0x0000000082600000, 0x0000000082600000|100%| O|  |TAMS 0x0000000082600000, 0x0000000082600000| Untracked 
|  38|0x0000000082600000, 0x0000000082700000, 0x0000000082700000|100%|HS|  |TAMS 0x0000000082700000, 0x0000000082700000| Complete 
|  39|0x0000000082700000, 0x0000000082800000, 0x0000000082800000|100%|HC|  |TAMS 0x0000000082800000, 0x0000000082800000| Complete 
|  40|0x0000000082800000, 0x0000000082900000, 0x0000000082900000|100%|HC|  |TAMS 0x0000000082900000, 0x0000000082900000| Complete 
|  41|0x0000000082900000, 0x0000000082a00000, 0x0000000082a00000|100%|HC|  |TAMS 0x0000000082a00000, 0x0000000082a00000| Complete 
|  42|0x0000000082a00000, 0x0000000082b00000, 0x0000000082b00000|100%|HC|  |TAMS 0x0000000082b00000, 0x0000000082b00000| Complete 
|  43|0x0000000082b00000, 0x0000000082c00000, 0x0000000082c00000|100%| O|  |TAMS 0x0000000082c00000, 0x0000000082c00000| Untracked 
|  44|0x0000000082c00000, 0x0000000082d00000, 0x0000000082d00000|100%|HS|  |TAMS 0x0000000082d00000, 0x0000000082d00000| Complete 
|  45|0x0000000082d00000, 0x0000000082e00000, 0x0000000082e00000|100%|HC|  |TAMS 0x0000000082e00000, 0x0000000082e00000| Complete 
|  46|0x0000000082e00000, 0x0000000082f00000, 0x0000000082f00000|100%|HC|  |TAMS 0x0000000082f00000, 0x0000000082f00000| Complete 
|  47|0x0000000082f00000, 0x0000000083000000, 0x0000000083000000|100%| O|  |TAMS 0x0000000083000000, 0x0000000083000000| Untracked 
|  48|0x0000000083000000, 0x0000000083100000, 0x0000000083100000|100%| O|  |TAMS 0x0000000083100000, 0x0000000083100000| Untracked 
|  49|0x0000000083100000, 0x0000000083200000, 0x0000000083200000|100%| O|  |TAMS 0x0000000083200000, 0x0000000083200000| Untracked 
|  50|0x0000000083200000, 0x0000000083300000, 0x0000000083300000|100%| O|  |TAMS 0x0000000083300000, 0x0000000083300000| Untracked 
|  51|0x0000000083300000, 0x0000000083400000, 0x0000000083400000|100%| O|  |TAMS 0x0000000083400000, 0x0000000083400000| Untracked 
|  52|0x0000000083400000, 0x0000000083500000, 0x0000000083500000|100%| O|  |TAMS 0x0000000083500000, 0x0000000083500000| Untracked 
|  53|0x0000000083500000, 0x0000000083600000, 0x0000000083600000|100%| O|  |TAMS 0x0000000083600000, 0x0000000083600000| Untracked 
|  54|0x0000000083600000, 0x0000000083700000, 0x0000000083700000|100%| O|  |TAMS 0x0000000083700000, 0x0000000083700000| Untracked 
|  55|0x0000000083700000, 0x0000000083800000, 0x0000000083800000|100%|HS|  |TAMS 0x0000000083800000, 0x0000000083800000| Complete 
|  56|0x0000000083800000, 0x0000000083900000, 0x0000000083900000|100%|HS|  |TAMS 0x0000000083900000, 0x0000000083900000| Complete 
|  57|0x0000000083900000, 0x0000000083a00000, 0x0000000083a00000|100%| O|  |TAMS 0x0000000083a00000, 0x0000000083a00000| Untracked 
|  58|0x0000000083a00000, 0x0000000083b00000, 0x0000000083b00000|100%| O|  |TAMS 0x0000000083b00000, 0x0000000083b00000| Untracked 
|  59|0x0000000083b00000, 0x0000000083c00000, 0x0000000083c00000|100%| O|  |TAMS 0x0000000083c00000, 0x0000000083c00000| Untracked 
|  60|0x0000000083c00000, 0x0000000083d00000, 0x0000000083d00000|100%|HS|  |TAMS 0x0000000083d00000, 0x0000000083d00000| Complete 
|  61|0x0000000083d00000, 0x0000000083e00000, 0x0000000083e00000|100%|HC|  |TAMS 0x0000000083e00000, 0x0000000083e00000| Complete 
|  62|0x0000000083e00000, 0x0000000083f00000, 0x0000000083f00000|100%| O|  |TAMS 0x0000000083f00000, 0x0000000083f00000| Untracked 
|  63|0x0000000083f00000, 0x0000000084000000, 0x0000000084000000|100%| O|  |TAMS 0x0000000084000000, 0x0000000084000000| Untracked 
|  64|0x0000000084000000, 0x0000000084100000, 0x0000000084100000|100%| O|  |TAMS 0x0000000084100000, 0x0000000084100000| Untracked 
|  65|0x0000000084100000, 0x0000000084200000, 0x0000000084200000|100%| O|  |TAMS 0x0000000084200000, 0x0000000084200000| Untracked 
|  66|0x0000000084200000, 0x0000000084300000, 0x0000000084300000|100%| O|  |TAMS 0x0000000084300000, 0x0000000084300000| Untracked 
|  67|0x0000000084300000, 0x0000000084400000, 0x0000000084400000|100%| O|  |TAMS 0x0000000084400000, 0x0000000084400000| Untracked 
|  68|0x0000000084400000, 0x0000000084500000, 0x0000000084500000|100%| O|  |TAMS 0x0000000084500000, 0x0000000084500000| Untracked 
|  69|0x0000000084500000, 0x0000000084600000, 0x0000000084600000|100%| O|  |TAMS 0x0000000084600000, 0x0000000084600000| Untracked 
|  70|0x0000000084600000, 0x0000000084700000, 0x0000000084700000|100%| O|  |TAMS 0x0000000084700000, 0x0000000084700000| Untracked 
|  71|0x0000000084700000, 0x0000000084800000, 0x0000000084800000|100%| O|  |TAMS 0x0000000084800000, 0x0000000084800000| Untracked 
|  72|0x0000000084800000, 0x0000000084900000, 0x0000000084900000|100%| O|  |TAMS 0x0000000084900000, 0x0000000084900000| Untracked 
|  73|0x0000000084900000, 0x0000000084a00000, 0x0000000084a00000|100%| O|  |TAMS 0x0000000084a00000, 0x0000000084a00000| Untracked 
|  74|0x0000000084a00000, 0x0000000084b00000, 0x0000000084b00000|100%| O|  |TAMS 0x0000000084b00000, 0x0000000084b00000| Untracked 
|  75|0x0000000084b00000, 0x0000000084c00000, 0x0000000084c00000|100%| O|  |TAMS 0x0000000084c00000, 0x0000000084c00000| Untracked 
|  76|0x0000000084c00000, 0x0000000084d00000, 0x0000000084d00000|100%| O|  |TAMS 0x0000000084d00000, 0x0000000084d00000| Untracked 
|  77|0x0000000084d00000, 0x0000000084e00000, 0x0000000084e00000|100%| O|  |TAMS 0x0000000084e00000, 0x0000000084e00000| Untracked 
|  78|0x0000000084e00000, 0x0000000084f00000, 0x0000000084f00000|100%| O|  |TAMS 0x0000000084f00000, 0x0000000084f00000| Untracked 
|  79|0x0000000084f00000, 0x0000000085000000, 0x0000000085000000|100%| O|  |TAMS 0x0000000085000000, 0x0000000085000000| Untracked 
|  80|0x0000000085000000, 0x0000000085100000, 0x0000000085100000|100%| O|  |TAMS 0x0000000085100000, 0x0000000085100000| Untracked 
|  81|0x0000000085100000, 0x0000000085200000, 0x0000000085200000|100%| O|  |TAMS 0x0000000085200000, 0x0000000085200000| Untracked 
|  82|0x0000000085200000, 0x0000000085300000, 0x0000000085300000|100%| O|  |TAMS 0x0000000085300000, 0x0000000085300000| Untracked 
|  83|0x0000000085300000, 0x0000000085400000, 0x0000000085400000|100%| O|  |TAMS 0x0000000085400000, 0x0000000085400000| Untracked 
|  84|0x0000000085400000, 0x0000000085500000, 0x0000000085500000|100%| O|  |TAMS 0x0000000085500000, 0x0000000085500000| Untracked 
|  85|0x0000000085500000, 0x0000000085600000, 0x0000000085600000|100%| O|  |TAMS 0x0000000085600000, 0x0000000085600000| Untracked 
|  86|0x0000000085600000, 0x0000000085700000, 0x0000000085700000|100%| O|  |TAMS 0x0000000085700000, 0x0000000085700000| Untracked 
|  87|0x0000000085700000, 0x0000000085800000, 0x0000000085800000|100%| O|  |TAMS 0x0000000085800000, 0x0000000085800000| Untracked 
|  88|0x0000000085800000, 0x0000000085900000, 0x0000000085900000|100%| O|  |TAMS 0x0000000085900000, 0x0000000085900000| Untracked 
|  89|0x0000000085900000, 0x0000000085a00000, 0x0000000085a00000|100%| O|  |TAMS 0x0000000085a00000, 0x0000000085a00000| Untracked 
|  90|0x0000000085a00000, 0x0000000085b00000, 0x0000000085b00000|100%| O|  |TAMS 0x0000000085b00000, 0x0000000085b00000| Untracked 
|  91|0x0000000085b00000, 0x0000000085c00000, 0x0000000085c00000|100%| O|  |TAMS 0x0000000085c00000, 0x0000000085c00000| Untracked 
|  92|0x0000000085c00000, 0x0000000085d00000, 0x0000000085d00000|100%| O|  |TAMS 0x0000000085d00000, 0x0000000085d00000| Untracked 
|  93|0x0000000085d00000, 0x0000000085e00000, 0x0000000085e00000|100%| O|  |TAMS 0x0000000085e00000, 0x0000000085e00000| Untracked 
|  94|0x0000000085e00000, 0x0000000085f00000, 0x0000000085f00000|100%| O|  |TAMS 0x0000000085f00000, 0x0000000085f00000| Untracked 
|  95|0x0000000085f00000, 0x0000000086000000, 0x0000000086000000|100%| O|  |TAMS 0x0000000086000000, 0x0000000086000000| Untracked 
|  96|0x0000000086000000, 0x0000000086000000, 0x0000000086100000|  0%| F|  |TAMS 0x0000000086000000, 0x0000000086000000| Untracked 
|  97|0x0000000086100000, 0x0000000086178c00, 0x0000000086200000| 47%| O|  |TAMS 0x0000000086100000, 0x0000000086178c00| Untracked 
|  98|0x0000000086200000, 0x0000000086300000, 0x0000000086300000|100%| O|  |TAMS 0x0000000086300000, 0x0000000086300000| Untracked 
|  99|0x0000000086300000, 0x0000000086400000, 0x0000000086400000|100%| O|  |TAMS 0x0000000086400000, 0x0000000086400000| Untracked 
| 100|0x0000000086400000, 0x0000000086500000, 0x0000000086500000|100%| O|  |TAMS 0x0000000086500000, 0x0000000086500000| Untracked 
| 101|0x0000000086500000, 0x0000000086600000, 0x0000000086600000|100%| O|  |TAMS 0x0000000086600000, 0x0000000086600000| Untracked 
| 102|0x0000000086600000, 0x0000000086700000, 0x0000000086700000|100%| O|  |TAMS 0x0000000086700000, 0x0000000086700000| Untracked 
| 103|0x0000000086700000, 0x0000000086800000, 0x0000000086800000|100%| O|  |TAMS 0x0000000086800000, 0x0000000086800000| Untracked 
| 104|0x0000000086800000, 0x0000000086900000, 0x0000000086900000|100%| O|  |TAMS 0x0000000086900000, 0x0000000086900000| Untracked 
| 105|0x0000000086900000, 0x0000000086a00000, 0x0000000086a00000|100%| O|  |TAMS 0x0000000086a00000, 0x0000000086a00000| Untracked 
| 106|0x0000000086a00000, 0x0000000086b00000, 0x0000000086b00000|100%| O|  |TAMS 0x0000000086b00000, 0x0000000086b00000| Untracked 
| 107|0x0000000086b00000, 0x0000000086c00000, 0x0000000086c00000|100%| O|  |TAMS 0x0000000086c00000, 0x0000000086c00000| Untracked 
| 108|0x0000000086c00000, 0x0000000086d00000, 0x0000000086d00000|100%| O|  |TAMS 0x0000000086d00000, 0x0000000086d00000| Untracked 
| 109|0x0000000086d00000, 0x0000000086e00000, 0x0000000086e00000|100%| O|  |TAMS 0x0000000086e00000, 0x0000000086e00000| Untracked 
| 110|0x0000000086e00000, 0x0000000086f00000, 0x0000000086f00000|100%| O|  |TAMS 0x0000000086f00000, 0x0000000086f00000| Untracked 
| 111|0x0000000086f00000, 0x0000000087000000, 0x0000000087000000|100%| O|  |TAMS 0x0000000087000000, 0x0000000087000000| Untracked 
| 112|0x0000000087000000, 0x0000000087100000, 0x0000000087100000|100%| O|  |TAMS 0x0000000087100000, 0x0000000087100000| Untracked 
| 113|0x0000000087100000, 0x0000000087200000, 0x0000000087200000|100%| O|  |TAMS 0x0000000087200000, 0x0000000087200000| Untracked 
| 114|0x0000000087200000, 0x0000000087300000, 0x0000000087300000|100%| O|  |TAMS 0x0000000087300000, 0x0000000087300000| Untracked 
| 115|0x0000000087300000, 0x0000000087400000, 0x0000000087400000|100%| O|  |TAMS 0x0000000087400000, 0x0000000087400000| Untracked 
| 116|0x0000000087400000, 0x0000000087500000, 0x0000000087500000|100%| O|  |TAMS 0x0000000087500000, 0x0000000087500000| Untracked 
| 117|0x0000000087500000, 0x0000000087600000, 0x0000000087600000|100%| O|  |TAMS 0x0000000087600000, 0x0000000087600000| Untracked 
| 118|0x0000000087600000, 0x0000000087700000, 0x0000000087700000|100%| O|  |TAMS 0x0000000087700000, 0x0000000087700000| Untracked 
| 119|0x0000000087700000, 0x0000000087800000, 0x0000000087800000|100%| O|  |TAMS 0x0000000087800000, 0x0000000087800000| Untracked 
| 120|0x0000000087800000, 0x0000000087900000, 0x0000000087900000|100%| O|  |TAMS 0x0000000087900000, 0x0000000087900000| Untracked 
| 121|0x0000000087900000, 0x0000000087a00000, 0x0000000087a00000|100%| O|  |TAMS 0x0000000087a00000, 0x0000000087a00000| Untracked 
| 122|0x0000000087a00000, 0x0000000087b00000, 0x0000000087b00000|100%| O|  |TAMS 0x0000000087b00000, 0x0000000087b00000| Untracked 
| 123|0x0000000087b00000, 0x0000000087c00000, 0x0000000087c00000|100%| O|  |TAMS 0x0000000087c00000, 0x0000000087c00000| Untracked 
| 124|0x0000000087c00000, 0x0000000087d00000, 0x0000000087d00000|100%| O|  |TAMS 0x0000000087d00000, 0x0000000087d00000| Untracked 
| 125|0x0000000087d00000, 0x0000000087e00000, 0x0000000087e00000|100%| O|  |TAMS 0x0000000087e00000, 0x0000000087e00000| Untracked 
| 126|0x0000000087e00000, 0x0000000087f00000, 0x0000000087f00000|100%| O|  |TAMS 0x0000000087f00000, 0x0000000087f00000| Untracked 
| 127|0x0000000087f00000, 0x0000000088000000, 0x0000000088000000|100%| O|  |TAMS 0x0000000088000000, 0x0000000088000000| Untracked 
| 128|0x0000000088000000, 0x0000000088100000, 0x0000000088100000|100%| O|  |TAMS 0x0000000088100000, 0x0000000088100000| Untracked 
| 129|0x0000000088100000, 0x0000000088200000, 0x0000000088200000|100%| O|  |TAMS 0x0000000088200000, 0x0000000088200000| Untracked 
| 130|0x0000000088200000, 0x0000000088300000, 0x0000000088300000|100%| O|  |TAMS 0x0000000088300000, 0x0000000088300000| Untracked 
| 131|0x0000000088300000, 0x0000000088400000, 0x0000000088400000|100%| O|  |TAMS 0x0000000088400000, 0x0000000088400000| Untracked 
| 132|0x0000000088400000, 0x0000000088500000, 0x0000000088500000|100%| O|  |TAMS 0x0000000088500000, 0x0000000088500000| Untracked 
| 133|0x0000000088500000, 0x0000000088600000, 0x0000000088600000|100%| O|  |TAMS 0x0000000088600000, 0x0000000088600000| Untracked 
| 134|0x0000000088600000, 0x0000000088700000, 0x0000000088700000|100%| O|  |TAMS 0x0000000088700000, 0x0000000088700000| Untracked 
| 135|0x0000000088700000, 0x0000000088700000, 0x0000000088800000|  0%| F|  |TAMS 0x0000000088700000, 0x0000000088700000| Untracked 
| 136|0x0000000088800000, 0x0000000088900000, 0x0000000088900000|100%| O|  |TAMS 0x0000000088900000, 0x0000000088900000| Untracked 
| 137|0x0000000088900000, 0x0000000088a00000, 0x0000000088a00000|100%| O|  |TAMS 0x0000000088a00000, 0x0000000088a00000| Untracked 
| 138|0x0000000088a00000, 0x0000000088b00000, 0x0000000088b00000|100%| O|  |TAMS 0x0000000088b00000, 0x0000000088b00000| Untracked 
| 139|0x0000000088b00000, 0x0000000088c00000, 0x0000000088c00000|100%| O|  |TAMS 0x0000000088c00000, 0x0000000088c00000| Untracked 
| 140|0x0000000088c00000, 0x0000000088d00000, 0x0000000088d00000|100%| O|  |TAMS 0x0000000088d00000, 0x0000000088d00000| Untracked 
| 141|0x0000000088d00000, 0x0000000088e00000, 0x0000000088e00000|100%| O|  |TAMS 0x0000000088e00000, 0x0000000088e00000| Untracked 
| 142|0x0000000088e00000, 0x0000000088f00000, 0x0000000088f00000|100%| O|  |TAMS 0x0000000088f00000, 0x0000000088f00000| Untracked 
| 143|0x0000000088f00000, 0x0000000089000000, 0x0000000089000000|100%| O|  |TAMS 0x0000000089000000, 0x0000000089000000| Untracked 
| 144|0x0000000089000000, 0x0000000089100000, 0x0000000089100000|100%| O|  |TAMS 0x0000000089100000, 0x0000000089100000| Untracked 
| 145|0x0000000089100000, 0x0000000089200000, 0x0000000089200000|100%| O|  |TAMS 0x0000000089200000, 0x0000000089200000| Untracked 
| 146|0x0000000089200000, 0x0000000089300000, 0x0000000089300000|100%| O|  |TAMS 0x0000000089300000, 0x0000000089300000| Untracked 
| 147|0x0000000089300000, 0x0000000089400000, 0x0000000089400000|100%| O|  |TAMS 0x0000000089400000, 0x0000000089400000| Untracked 
| 148|0x0000000089400000, 0x0000000089500000, 0x0000000089500000|100%| O|  |TAMS 0x0000000089500000, 0x0000000089500000| Untracked 
| 149|0x0000000089500000, 0x0000000089500000, 0x0000000089600000|  0%| F|  |TAMS 0x0000000089500000, 0x0000000089500000| Untracked 
| 150|0x0000000089600000, 0x0000000089700000, 0x0000000089700000|100%| O|  |TAMS 0x0000000089700000, 0x0000000089700000| Untracked 
| 151|0x0000000089700000, 0x0000000089800000, 0x0000000089800000|100%| O|  |TAMS 0x0000000089800000, 0x0000000089800000| Untracked 
| 152|0x0000000089800000, 0x0000000089900000, 0x0000000089900000|100%| O|  |TAMS 0x0000000089900000, 0x0000000089900000| Untracked 
| 153|0x0000000089900000, 0x0000000089a00000, 0x0000000089a00000|100%| O|  |TAMS 0x0000000089a00000, 0x0000000089a00000| Untracked 
| 154|0x0000000089a00000, 0x0000000089b00000, 0x0000000089b00000|100%| O|  |TAMS 0x0000000089b00000, 0x0000000089b00000| Untracked 
| 155|0x0000000089b00000, 0x0000000089c00000, 0x0000000089c00000|100%| O|  |TAMS 0x0000000089c00000, 0x0000000089c00000| Untracked 
| 156|0x0000000089c00000, 0x0000000089d00000, 0x0000000089d00000|100%| O|  |TAMS 0x0000000089d00000, 0x0000000089d00000| Untracked 
| 157|0x0000000089d00000, 0x0000000089e00000, 0x0000000089e00000|100%| O|  |TAMS 0x0000000089e00000, 0x0000000089e00000| Untracked 
| 158|0x0000000089e00000, 0x0000000089f00000, 0x0000000089f00000|100%| O|  |TAMS 0x0000000089f00000, 0x0000000089f00000| Untracked 
| 159|0x0000000089f00000, 0x000000008a000000, 0x000000008a000000|100%| O|  |TAMS 0x000000008a000000, 0x000000008a000000| Untracked 
| 160|0x000000008a000000, 0x000000008a100000, 0x000000008a100000|100%| O|  |TAMS 0x000000008a100000, 0x000000008a100000| Untracked 
| 161|0x000000008a100000, 0x000000008a200000, 0x000000008a200000|100%| O|  |TAMS 0x000000008a200000, 0x000000008a200000| Untracked 
| 162|0x000000008a200000, 0x000000008a300000, 0x000000008a300000|100%| O|  |TAMS 0x000000008a300000, 0x000000008a300000| Untracked 
| 163|0x000000008a300000, 0x000000008a400000, 0x000000008a400000|100%| O|  |TAMS 0x000000008a400000, 0x000000008a400000| Untracked 
| 164|0x000000008a400000, 0x000000008a400000, 0x000000008a500000|  0%| F|  |TAMS 0x000000008a400000, 0x000000008a400000| Untracked 
| 165|0x000000008a500000, 0x000000008a600000, 0x000000008a600000|100%| O|  |TAMS 0x000000008a600000, 0x000000008a600000| Untracked 
| 166|0x000000008a600000, 0x000000008a700000, 0x000000008a700000|100%| O|  |TAMS 0x000000008a700000, 0x000000008a700000| Untracked 
| 167|0x000000008a700000, 0x000000008a800000, 0x000000008a800000|100%| O|  |TAMS 0x000000008a800000, 0x000000008a800000| Untracked 
| 168|0x000000008a800000, 0x000000008a900000, 0x000000008a900000|100%| O|  |TAMS 0x000000008a900000, 0x000000008a900000| Untracked 
| 169|0x000000008a900000, 0x000000008aa00000, 0x000000008aa00000|100%| O|  |TAMS 0x000000008aa00000, 0x000000008aa00000| Untracked 
| 170|0x000000008aa00000, 0x000000008ab00000, 0x000000008ab00000|100%| O|  |TAMS 0x000000008ab00000, 0x000000008ab00000| Untracked 
| 171|0x000000008ab00000, 0x000000008ac00000, 0x000000008ac00000|100%| O|  |TAMS 0x000000008ac00000, 0x000000008ac00000| Untracked 
| 172|0x000000008ac00000, 0x000000008ad00000, 0x000000008ad00000|100%| O|  |TAMS 0x000000008ad00000, 0x000000008ad00000| Untracked 
| 173|0x000000008ad00000, 0x000000008ae00000, 0x000000008ae00000|100%| O|  |TAMS 0x000000008ae00000, 0x000000008ae00000| Untracked 
| 174|0x000000008ae00000, 0x000000008af00000, 0x000000008af00000|100%| O|  |TAMS 0x000000008af00000, 0x000000008af00000| Untracked 
| 175|0x000000008af00000, 0x000000008b000000, 0x000000008b000000|100%| O|  |TAMS 0x000000008b000000, 0x000000008b000000| Untracked 
| 176|0x000000008b000000, 0x000000008b100000, 0x000000008b100000|100%| O|  |TAMS 0x000000008b08ba00, 0x000000008b100000| Untracked 
| 177|0x000000008b100000, 0x000000008b100000, 0x000000008b200000|  0%| F|  |TAMS 0x000000008b100000, 0x000000008b100000| Untracked 
| 178|0x000000008b200000, 0x000000008b200000, 0x000000008b300000|  0%| F|  |TAMS 0x000000008b200000, 0x000000008b200000| Untracked 
| 179|0x000000008b300000, 0x000000008b300000, 0x000000008b400000|  0%| F|  |TAMS 0x000000008b300000, 0x000000008b300000| Untracked 
| 180|0x000000008b400000, 0x000000008b400000, 0x000000008b500000|  0%| F|  |TAMS 0x000000008b400000, 0x000000008b400000| Untracked 
| 181|0x000000008b500000, 0x000000008b500000, 0x000000008b600000|  0%| F|  |TAMS 0x000000008b500000, 0x000000008b500000| Untracked 
| 182|0x000000008b600000, 0x000000008b600000, 0x000000008b700000|  0%| F|  |TAMS 0x000000008b600000, 0x000000008b600000| Untracked 
| 183|0x000000008b700000, 0x000000008b700000, 0x000000008b800000|  0%| F|  |TAMS 0x000000008b700000, 0x000000008b700000| Untracked 
| 184|0x000000008b800000, 0x000000008b800000, 0x000000008b900000|  0%| F|  |TAMS 0x000000008b800000, 0x000000008b800000| Untracked 
| 185|0x000000008b900000, 0x000000008b900000, 0x000000008ba00000|  0%| F|  |TAMS 0x000000008b900000, 0x000000008b900000| Untracked 
| 186|0x000000008ba00000, 0x000000008ba00000, 0x000000008bb00000|  0%| F|  |TAMS 0x000000008ba00000, 0x000000008ba00000| Untracked 
| 187|0x000000008bb00000, 0x000000008bb00000, 0x000000008bc00000|  0%| F|  |TAMS 0x000000008bb00000, 0x000000008bb00000| Untracked 
| 188|0x000000008bc00000, 0x000000008bc00000, 0x000000008bd00000|  0%| F|  |TAMS 0x000000008bc00000, 0x000000008bc00000| Untracked 
| 189|0x000000008bd00000, 0x000000008bd00000, 0x000000008be00000|  0%| F|  |TAMS 0x000000008bd00000, 0x000000008bd00000| Untracked 
| 190|0x000000008be00000, 0x000000008be00000, 0x000000008bf00000|  0%| F|  |TAMS 0x000000008be00000, 0x000000008be00000| Untracked 
| 191|0x000000008bf00000, 0x000000008bf00000, 0x000000008c000000|  0%| F|  |TAMS 0x000000008bf00000, 0x000000008bf00000| Untracked 
| 192|0x000000008c000000, 0x000000008c000000, 0x000000008c100000|  0%| F|  |TAMS 0x000000008c000000, 0x000000008c000000| Untracked 
| 193|0x000000008c100000, 0x000000008c100000, 0x000000008c200000|  0%| F|  |TAMS 0x000000008c100000, 0x000000008c100000| Untracked 
| 194|0x000000008c200000, 0x000000008c200000, 0x000000008c300000|  0%| F|  |TAMS 0x000000008c200000, 0x000000008c200000| Untracked 
| 195|0x000000008c300000, 0x000000008c300000, 0x000000008c400000|  0%| F|  |TAMS 0x000000008c300000, 0x000000008c300000| Untracked 
| 196|0x000000008c400000, 0x000000008c400000, 0x000000008c500000|  0%| F|  |TAMS 0x000000008c400000, 0x000000008c400000| Untracked 
| 197|0x000000008c500000, 0x000000008c500000, 0x000000008c600000|  0%| F|  |TAMS 0x000000008c500000, 0x000000008c500000| Untracked 
| 198|0x000000008c600000, 0x000000008c600000, 0x000000008c700000|  0%| F|  |TAMS 0x000000008c600000, 0x000000008c600000| Untracked 
| 199|0x000000008c700000, 0x000000008c700000, 0x000000008c800000|  0%| F|  |TAMS 0x000000008c700000, 0x000000008c700000| Untracked 
| 200|0x000000008c800000, 0x000000008c800000, 0x000000008c900000|  0%| F|  |TAMS 0x000000008c800000, 0x000000008c800000| Untracked 
| 201|0x000000008c900000, 0x000000008c900000, 0x000000008ca00000|  0%| F|  |TAMS 0x000000008c900000, 0x000000008c900000| Untracked 
| 202|0x000000008ca00000, 0x000000008ca00000, 0x000000008cb00000|  0%| F|  |TAMS 0x000000008ca00000, 0x000000008ca00000| Untracked 
| 203|0x000000008cb00000, 0x000000008cb00000, 0x000000008cc00000|  0%| F|  |TAMS 0x000000008cb00000, 0x000000008cb00000| Untracked 
| 204|0x000000008cc00000, 0x000000008cc00000, 0x000000008cd00000|  0%| F|  |TAMS 0x000000008cc00000, 0x000000008cc00000| Untracked 
| 205|0x000000008cd00000, 0x000000008cd00000, 0x000000008ce00000|  0%| F|  |TAMS 0x000000008cd00000, 0x000000008cd00000| Untracked 
| 206|0x000000008ce00000, 0x000000008ce00000, 0x000000008cf00000|  0%| F|  |TAMS 0x000000008ce00000, 0x000000008ce00000| Untracked 
| 207|0x000000008cf00000, 0x000000008cf00000, 0x000000008d000000|  0%| F|  |TAMS 0x000000008cf00000, 0x000000008cf00000| Untracked 
| 208|0x000000008d000000, 0x000000008d000000, 0x000000008d100000|  0%| F|  |TAMS 0x000000008d000000, 0x000000008d000000| Untracked 
| 209|0x000000008d100000, 0x000000008d100000, 0x000000008d200000|  0%| F|  |TAMS 0x000000008d100000, 0x000000008d100000| Untracked 
| 210|0x000000008d200000, 0x000000008d200000, 0x000000008d300000|  0%| F|  |TAMS 0x000000008d200000, 0x000000008d200000| Untracked 
| 211|0x000000008d300000, 0x000000008d300000, 0x000000008d400000|  0%| F|  |TAMS 0x000000008d300000, 0x000000008d300000| Untracked 
| 212|0x000000008d400000, 0x000000008d400000, 0x000000008d500000|  0%| F|  |TAMS 0x000000008d400000, 0x000000008d400000| Untracked 
| 213|0x000000008d500000, 0x000000008d500000, 0x000000008d600000|  0%| F|  |TAMS 0x000000008d500000, 0x000000008d500000| Untracked 
| 214|0x000000008d600000, 0x000000008d600000, 0x000000008d700000|  0%| F|  |TAMS 0x000000008d600000, 0x000000008d600000| Untracked 
| 215|0x000000008d700000, 0x000000008d700000, 0x000000008d800000|  0%| F|  |TAMS 0x000000008d700000, 0x000000008d700000| Untracked 
| 216|0x000000008d800000, 0x000000008d800000, 0x000000008d900000|  0%| F|  |TAMS 0x000000008d800000, 0x000000008d800000| Untracked 
| 217|0x000000008d900000, 0x000000008d900000, 0x000000008da00000|  0%| F|  |TAMS 0x000000008d900000, 0x000000008d900000| Untracked 
| 218|0x000000008da00000, 0x000000008da00000, 0x000000008db00000|  0%| F|  |TAMS 0x000000008da00000, 0x000000008da00000| Untracked 
| 219|0x000000008db00000, 0x000000008db00000, 0x000000008dc00000|  0%| F|  |TAMS 0x000000008db00000, 0x000000008db00000| Untracked 
| 220|0x000000008dc00000, 0x000000008dc00000, 0x000000008dd00000|  0%| F|  |TAMS 0x000000008dc00000, 0x000000008dc00000| Untracked 
| 221|0x000000008dd00000, 0x000000008dd00000, 0x000000008de00000|  0%| F|  |TAMS 0x000000008dd00000, 0x000000008dd00000| Untracked 
| 222|0x000000008de00000, 0x000000008de00000, 0x000000008df00000|  0%| F|  |TAMS 0x000000008de00000, 0x000000008de00000| Untracked 
| 223|0x000000008df00000, 0x000000008df00000, 0x000000008e000000|  0%| F|  |TAMS 0x000000008df00000, 0x000000008df00000| Untracked 
| 224|0x000000008e000000, 0x000000008e0768c8, 0x000000008e100000| 46%| S|CS|TAMS 0x000000008e000000, 0x000000008e000000| Complete 
| 225|0x000000008e100000, 0x000000008e200000, 0x000000008e200000|100%| S|CS|TAMS 0x000000008e100000, 0x000000008e100000| Complete 
| 226|0x000000008e200000, 0x000000008e300000, 0x000000008e300000|100%| S|CS|TAMS 0x000000008e200000, 0x000000008e200000| Complete 
| 227|0x000000008e300000, 0x000000008e300000, 0x000000008e400000|  0%| F|  |TAMS 0x000000008e300000, 0x000000008e300000| Untracked 
| 228|0x000000008e400000, 0x000000008e400000, 0x000000008e500000|  0%| F|  |TAMS 0x000000008e400000, 0x000000008e400000| Untracked 
| 229|0x000000008e500000, 0x000000008e500000, 0x000000008e600000|  0%| F|  |TAMS 0x000000008e500000, 0x000000008e500000| Untracked 
| 230|0x000000008e600000, 0x000000008e600000, 0x000000008e700000|  0%| F|  |TAMS 0x000000008e600000, 0x000000008e600000| Untracked 
| 231|0x000000008e700000, 0x000000008e700000, 0x000000008e800000|  0%| F|  |TAMS 0x000000008e700000, 0x000000008e700000| Untracked 
| 232|0x000000008e800000, 0x000000008e800000, 0x000000008e900000|  0%| F|  |TAMS 0x000000008e800000, 0x000000008e800000| Untracked 
| 233|0x000000008e900000, 0x000000008e900000, 0x000000008ea00000|  0%| F|  |TAMS 0x000000008e900000, 0x000000008e900000| Untracked 
| 234|0x000000008ea00000, 0x000000008ea00000, 0x000000008eb00000|  0%| F|  |TAMS 0x000000008ea00000, 0x000000008ea00000| Untracked 
| 235|0x000000008eb00000, 0x000000008eb00000, 0x000000008ec00000|  0%| F|  |TAMS 0x000000008eb00000, 0x000000008eb00000| Untracked 
| 236|0x000000008ec00000, 0x000000008ec00000, 0x000000008ed00000|  0%| F|  |TAMS 0x000000008ec00000, 0x000000008ec00000| Untracked 
| 237|0x000000008ed00000, 0x000000008ed00000, 0x000000008ee00000|  0%| F|  |TAMS 0x000000008ed00000, 0x000000008ed00000| Untracked 
| 238|0x000000008ee00000, 0x000000008ee00000, 0x000000008ef00000|  0%| F|  |TAMS 0x000000008ee00000, 0x000000008ee00000| Untracked 
| 239|0x000000008ef00000, 0x000000008ef00000, 0x000000008f000000|  0%| F|  |TAMS 0x000000008ef00000, 0x000000008ef00000| Untracked 
| 240|0x000000008f000000, 0x000000008f000000, 0x000000008f100000|  0%| F|  |TAMS 0x000000008f000000, 0x000000008f000000| Untracked 
| 241|0x000000008f100000, 0x000000008f100000, 0x000000008f200000|  0%| F|  |TAMS 0x000000008f100000, 0x000000008f100000| Untracked 
| 242|0x000000008f200000, 0x000000008f200000, 0x000000008f300000|  0%| F|  |TAMS 0x000000008f200000, 0x000000008f200000| Untracked 
| 243|0x000000008f300000, 0x000000008f300000, 0x000000008f400000|  0%| F|  |TAMS 0x000000008f300000, 0x000000008f300000| Untracked 
| 244|0x000000008f400000, 0x000000008f400000, 0x000000008f500000|  0%| F|  |TAMS 0x000000008f400000, 0x000000008f400000| Untracked 
| 245|0x000000008f500000, 0x000000008f500000, 0x000000008f600000|  0%| F|  |TAMS 0x000000008f500000, 0x000000008f500000| Untracked 
| 246|0x000000008f600000, 0x000000008f600000, 0x000000008f700000|  0%| F|  |TAMS 0x000000008f600000, 0x000000008f600000| Untracked 
| 247|0x000000008f700000, 0x000000008f700000, 0x000000008f800000|  0%| F|  |TAMS 0x000000008f700000, 0x000000008f700000| Untracked 
| 248|0x000000008f800000, 0x000000008f800000, 0x000000008f900000|  0%| F|  |TAMS 0x000000008f800000, 0x000000008f800000| Untracked 
| 249|0x000000008f900000, 0x000000008f900000, 0x000000008fa00000|  0%| F|  |TAMS 0x000000008f900000, 0x000000008f900000| Untracked 
| 250|0x000000008fa00000, 0x000000008fa00000, 0x000000008fb00000|  0%| F|  |TAMS 0x000000008fa00000, 0x000000008fa00000| Untracked 
| 251|0x000000008fb00000, 0x000000008fb00000, 0x000000008fc00000|  0%| F|  |TAMS 0x000000008fb00000, 0x000000008fb00000| Untracked 
| 252|0x000000008fc00000, 0x000000008fc00000, 0x000000008fd00000|  0%| F|  |TAMS 0x000000008fc00000, 0x000000008fc00000| Untracked 
| 253|0x000000008fd00000, 0x000000008fd00000, 0x000000008fe00000|  0%| F|  |TAMS 0x000000008fd00000, 0x000000008fd00000| Untracked 
| 254|0x000000008fe00000, 0x000000008fe00000, 0x000000008ff00000|  0%| F|  |TAMS 0x000000008fe00000, 0x000000008fe00000| Untracked 
| 255|0x000000008ff00000, 0x000000008ff00000, 0x0000000090000000|  0%| F|  |TAMS 0x000000008ff00000, 0x000000008ff00000| Untracked 
| 256|0x0000000090000000, 0x0000000090000000, 0x0000000090100000|  0%| F|  |TAMS 0x0000000090000000, 0x0000000090000000| Untracked 
| 257|0x0000000090100000, 0x0000000090100000, 0x0000000090200000|  0%| F|  |TAMS 0x0000000090100000, 0x0000000090100000| Untracked 
| 258|0x0000000090200000, 0x0000000090200000, 0x0000000090300000|  0%| F|  |TAMS 0x0000000090200000, 0x0000000090200000| Untracked 
| 259|0x0000000090300000, 0x0000000090300000, 0x0000000090400000|  0%| F|  |TAMS 0x0000000090300000, 0x0000000090300000| Untracked 
| 260|0x0000000090400000, 0x0000000090400000, 0x0000000090500000|  0%| F|  |TAMS 0x0000000090400000, 0x0000000090400000| Untracked 
| 261|0x0000000090500000, 0x0000000090500000, 0x0000000090600000|  0%| F|  |TAMS 0x0000000090500000, 0x0000000090500000| Untracked 
| 262|0x0000000090600000, 0x0000000090600000, 0x0000000090700000|  0%| F|  |TAMS 0x0000000090600000, 0x0000000090600000| Untracked 
| 263|0x0000000090700000, 0x0000000090700000, 0x0000000090800000|  0%| F|  |TAMS 0x0000000090700000, 0x0000000090700000| Untracked 
| 264|0x0000000090800000, 0x0000000090800000, 0x0000000090900000|  0%| F|  |TAMS 0x0000000090800000, 0x0000000090800000| Untracked 
| 265|0x0000000090900000, 0x0000000090900000, 0x0000000090a00000|  0%| F|  |TAMS 0x0000000090900000, 0x0000000090900000| Untracked 
| 266|0x0000000090a00000, 0x0000000090a00000, 0x0000000090b00000|  0%| F|  |TAMS 0x0000000090a00000, 0x0000000090a00000| Untracked 
| 267|0x0000000090b00000, 0x0000000090b00000, 0x0000000090c00000|  0%| F|  |TAMS 0x0000000090b00000, 0x0000000090b00000| Untracked 
| 268|0x0000000090c00000, 0x0000000090c00000, 0x0000000090d00000|  0%| F|  |TAMS 0x0000000090c00000, 0x0000000090c00000| Untracked 
| 269|0x0000000090d00000, 0x0000000090d00000, 0x0000000090e00000|  0%| F|  |TAMS 0x0000000090d00000, 0x0000000090d00000| Untracked 
| 270|0x0000000090e00000, 0x0000000090e00000, 0x0000000090f00000|  0%| F|  |TAMS 0x0000000090e00000, 0x0000000090e00000| Untracked 
| 271|0x0000000090f00000, 0x0000000090f00000, 0x0000000091000000|  0%| F|  |TAMS 0x0000000090f00000, 0x0000000090f00000| Untracked 
| 272|0x0000000091000000, 0x0000000091000000, 0x0000000091100000|  0%| F|  |TAMS 0x0000000091000000, 0x0000000091000000| Untracked 
| 273|0x0000000091100000, 0x0000000091100000, 0x0000000091200000|  0%| F|  |TAMS 0x0000000091100000, 0x0000000091100000| Untracked 
| 274|0x0000000091200000, 0x0000000091200000, 0x0000000091300000|  0%| F|  |TAMS 0x0000000091200000, 0x0000000091200000| Untracked 
| 275|0x0000000091300000, 0x0000000091300000, 0x0000000091400000|  0%| F|  |TAMS 0x0000000091300000, 0x0000000091300000| Untracked 
| 276|0x0000000091400000, 0x0000000091400000, 0x0000000091500000|  0%| F|  |TAMS 0x0000000091400000, 0x0000000091400000| Untracked 
| 277|0x0000000091500000, 0x0000000091500000, 0x0000000091600000|  0%| F|  |TAMS 0x0000000091500000, 0x0000000091500000| Untracked 
| 278|0x0000000091600000, 0x0000000091600000, 0x0000000091700000|  0%| F|  |TAMS 0x0000000091600000, 0x0000000091600000| Untracked 
| 279|0x0000000091700000, 0x0000000091700000, 0x0000000091800000|  0%| F|  |TAMS 0x0000000091700000, 0x0000000091700000| Untracked 
| 280|0x0000000091800000, 0x0000000091800000, 0x0000000091900000|  0%| F|  |TAMS 0x0000000091800000, 0x0000000091800000| Untracked 
| 281|0x0000000091900000, 0x0000000091900000, 0x0000000091a00000|  0%| F|  |TAMS 0x0000000091900000, 0x0000000091900000| Untracked 
| 282|0x0000000091a00000, 0x0000000091a00000, 0x0000000091b00000|  0%| F|  |TAMS 0x0000000091a00000, 0x0000000091a00000| Untracked 
| 283|0x0000000091b00000, 0x0000000091b00000, 0x0000000091c00000|  0%| F|  |TAMS 0x0000000091b00000, 0x0000000091b00000| Untracked 
| 284|0x0000000091c00000, 0x0000000091c00000, 0x0000000091d00000|  0%| F|  |TAMS 0x0000000091c00000, 0x0000000091c00000| Untracked 
| 285|0x0000000091d00000, 0x0000000091d00000, 0x0000000091e00000|  0%| F|  |TAMS 0x0000000091d00000, 0x0000000091d00000| Untracked 
| 286|0x0000000091e00000, 0x0000000091e00000, 0x0000000091f00000|  0%| F|  |TAMS 0x0000000091e00000, 0x0000000091e00000| Untracked 
| 287|0x0000000091f00000, 0x0000000091f00000, 0x0000000092000000|  0%| F|  |TAMS 0x0000000091f00000, 0x0000000091f00000| Untracked 
| 288|0x0000000092000000, 0x0000000092000000, 0x0000000092100000|  0%| F|  |TAMS 0x0000000092000000, 0x0000000092000000| Untracked 
| 289|0x0000000092100000, 0x0000000092100000, 0x0000000092200000|  0%| F|  |TAMS 0x0000000092100000, 0x0000000092100000| Untracked 
| 290|0x0000000092200000, 0x0000000092200000, 0x0000000092300000|  0%| F|  |TAMS 0x0000000092200000, 0x0000000092200000| Untracked 
| 291|0x0000000092300000, 0x0000000092300000, 0x0000000092400000|  0%| F|  |TAMS 0x0000000092300000, 0x0000000092300000| Untracked 
| 292|0x0000000092400000, 0x0000000092400000, 0x0000000092500000|  0%| F|  |TAMS 0x0000000092400000, 0x0000000092400000| Untracked 
| 293|0x0000000092500000, 0x0000000092500000, 0x0000000092600000|  0%| F|  |TAMS 0x0000000092500000, 0x0000000092500000| Untracked 
| 294|0x0000000092600000, 0x0000000092600000, 0x0000000092700000|  0%| F|  |TAMS 0x0000000092600000, 0x0000000092600000| Untracked 
| 295|0x0000000092700000, 0x0000000092700000, 0x0000000092800000|  0%| F|  |TAMS 0x0000000092700000, 0x0000000092700000| Untracked 
| 296|0x0000000092800000, 0x0000000092800000, 0x0000000092900000|  0%| F|  |TAMS 0x0000000092800000, 0x0000000092800000| Untracked 
| 297|0x0000000092900000, 0x0000000092900000, 0x0000000092a00000|  0%| F|  |TAMS 0x0000000092900000, 0x0000000092900000| Untracked 
| 298|0x0000000092a00000, 0x0000000092a00000, 0x0000000092b00000|  0%| F|  |TAMS 0x0000000092a00000, 0x0000000092a00000| Untracked 
| 299|0x0000000092b00000, 0x0000000092b00000, 0x0000000092c00000|  0%| F|  |TAMS 0x0000000092b00000, 0x0000000092b00000| Untracked 
| 300|0x0000000092c00000, 0x0000000092c00000, 0x0000000092d00000|  0%| F|  |TAMS 0x0000000092c00000, 0x0000000092c00000| Untracked 
| 301|0x0000000092d00000, 0x0000000092d00000, 0x0000000092e00000|  0%| F|  |TAMS 0x0000000092d00000, 0x0000000092d00000| Untracked 
| 302|0x0000000092e00000, 0x0000000092e00000, 0x0000000092f00000|  0%| F|  |TAMS 0x0000000092e00000, 0x0000000092e00000| Untracked 
| 303|0x0000000092f00000, 0x0000000092f00000, 0x0000000093000000|  0%| F|  |TAMS 0x0000000092f00000, 0x0000000092f00000| Untracked 
| 304|0x0000000093000000, 0x0000000093000000, 0x0000000093100000|  0%| F|  |TAMS 0x0000000093000000, 0x0000000093000000| Untracked 
| 305|0x0000000093100000, 0x0000000093100000, 0x0000000093200000|  0%| F|  |TAMS 0x0000000093100000, 0x0000000093100000| Untracked 
| 306|0x0000000093200000, 0x0000000093200000, 0x0000000093300000|  0%| F|  |TAMS 0x0000000093200000, 0x0000000093200000| Untracked 
| 307|0x0000000093300000, 0x0000000093300000, 0x0000000093400000|  0%| F|  |TAMS 0x0000000093300000, 0x0000000093300000| Untracked 
| 308|0x0000000093400000, 0x0000000093400000, 0x0000000093500000|  0%| F|  |TAMS 0x0000000093400000, 0x0000000093400000| Untracked 
| 309|0x0000000093500000, 0x0000000093500000, 0x0000000093600000|  0%| F|  |TAMS 0x0000000093500000, 0x0000000093500000| Untracked 
| 310|0x0000000093600000, 0x0000000093600000, 0x0000000093700000|  0%| F|  |TAMS 0x0000000093600000, 0x0000000093600000| Untracked 
| 311|0x0000000093700000, 0x0000000093700000, 0x0000000093800000|  0%| F|  |TAMS 0x0000000093700000, 0x0000000093700000| Untracked 
| 312|0x0000000093800000, 0x0000000093800000, 0x0000000093900000|  0%| F|  |TAMS 0x0000000093800000, 0x0000000093800000| Untracked 
| 313|0x0000000093900000, 0x0000000093900000, 0x0000000093a00000|  0%| F|  |TAMS 0x0000000093900000, 0x0000000093900000| Untracked 
| 314|0x0000000093a00000, 0x0000000093a00000, 0x0000000093b00000|  0%| F|  |TAMS 0x0000000093a00000, 0x0000000093a00000| Untracked 
| 315|0x0000000093b00000, 0x0000000093b00000, 0x0000000093c00000|  0%| F|  |TAMS 0x0000000093b00000, 0x0000000093b00000| Untracked 
| 316|0x0000000093c00000, 0x0000000093c00000, 0x0000000093d00000|  0%| F|  |TAMS 0x0000000093c00000, 0x0000000093c00000| Untracked 
| 317|0x0000000093d00000, 0x0000000093d00000, 0x0000000093e00000|  0%| F|  |TAMS 0x0000000093d00000, 0x0000000093d00000| Untracked 
| 318|0x0000000093e00000, 0x0000000093e00000, 0x0000000093f00000|  0%| F|  |TAMS 0x0000000093e00000, 0x0000000093e00000| Untracked 
| 319|0x0000000093f00000, 0x0000000093f00000, 0x0000000094000000|  0%| F|  |TAMS 0x0000000093f00000, 0x0000000093f00000| Untracked 
| 320|0x0000000094000000, 0x0000000094000000, 0x0000000094100000|  0%| F|  |TAMS 0x0000000094000000, 0x0000000094000000| Untracked 
| 321|0x0000000094100000, 0x0000000094100000, 0x0000000094200000|  0%| F|  |TAMS 0x0000000094100000, 0x0000000094100000| Untracked 
| 322|0x0000000094200000, 0x0000000094200000, 0x0000000094300000|  0%| F|  |TAMS 0x0000000094200000, 0x0000000094200000| Untracked 
| 323|0x0000000094300000, 0x0000000094300000, 0x0000000094400000|  0%| F|  |TAMS 0x0000000094300000, 0x0000000094300000| Untracked 
| 324|0x0000000094400000, 0x0000000094400000, 0x0000000094500000|  0%| F|  |TAMS 0x0000000094400000, 0x0000000094400000| Untracked 
| 325|0x0000000094500000, 0x0000000094500000, 0x0000000094600000|  0%| F|  |TAMS 0x0000000094500000, 0x0000000094500000| Untracked 
| 326|0x0000000094600000, 0x0000000094600000, 0x0000000094700000|  0%| F|  |TAMS 0x0000000094600000, 0x0000000094600000| Untracked 
| 327|0x0000000094700000, 0x0000000094700000, 0x0000000094800000|  0%| F|  |TAMS 0x0000000094700000, 0x0000000094700000| Untracked 
| 328|0x0000000094800000, 0x0000000094800000, 0x0000000094900000|  0%| F|  |TAMS 0x0000000094800000, 0x0000000094800000| Untracked 
| 329|0x0000000094900000, 0x0000000094900000, 0x0000000094a00000|  0%| F|  |TAMS 0x0000000094900000, 0x0000000094900000| Untracked 
| 330|0x0000000094a00000, 0x0000000094a00000, 0x0000000094b00000|  0%| F|  |TAMS 0x0000000094a00000, 0x0000000094a00000| Untracked 
| 331|0x0000000094b00000, 0x0000000094b00000, 0x0000000094c00000|  0%| F|  |TAMS 0x0000000094b00000, 0x0000000094b00000| Untracked 
| 332|0x0000000094c00000, 0x0000000094c00000, 0x0000000094d00000|  0%| F|  |TAMS 0x0000000094c00000, 0x0000000094c00000| Untracked 
| 333|0x0000000094d00000, 0x0000000094d00000, 0x0000000094e00000|  0%| F|  |TAMS 0x0000000094d00000, 0x0000000094d00000| Untracked 
| 334|0x0000000094e00000, 0x0000000094e00000, 0x0000000094f00000|  0%| F|  |TAMS 0x0000000094e00000, 0x0000000094e00000| Untracked 
| 335|0x0000000094f00000, 0x0000000094f00000, 0x0000000095000000|  0%| F|  |TAMS 0x0000000094f00000, 0x0000000094f00000| Untracked 
| 336|0x0000000095000000, 0x0000000095000000, 0x0000000095100000|  0%| F|  |TAMS 0x0000000095000000, 0x0000000095000000| Untracked 
| 337|0x0000000095100000, 0x0000000095100000, 0x0000000095200000|  0%| F|  |TAMS 0x0000000095100000, 0x0000000095100000| Untracked 
| 338|0x0000000095200000, 0x0000000095200000, 0x0000000095300000|  0%| F|  |TAMS 0x0000000095200000, 0x0000000095200000| Untracked 
| 339|0x0000000095300000, 0x0000000095300000, 0x0000000095400000|  0%| F|  |TAMS 0x0000000095300000, 0x0000000095300000| Untracked 
| 340|0x0000000095400000, 0x0000000095400000, 0x0000000095500000|  0%| F|  |TAMS 0x0000000095400000, 0x0000000095400000| Untracked 
| 341|0x0000000095500000, 0x0000000095500000, 0x0000000095600000|  0%| F|  |TAMS 0x0000000095500000, 0x0000000095500000| Untracked 
| 342|0x0000000095600000, 0x0000000095600000, 0x0000000095700000|  0%| F|  |TAMS 0x0000000095600000, 0x0000000095600000| Untracked 
| 343|0x0000000095700000, 0x0000000095700000, 0x0000000095800000|  0%| F|  |TAMS 0x0000000095700000, 0x0000000095700000| Untracked 
| 344|0x0000000095800000, 0x0000000095800000, 0x0000000095900000|  0%| F|  |TAMS 0x0000000095800000, 0x0000000095800000| Untracked 
| 345|0x0000000095900000, 0x0000000095900000, 0x0000000095a00000|  0%| F|  |TAMS 0x0000000095900000, 0x0000000095900000| Untracked 
| 346|0x0000000095a00000, 0x0000000095a00000, 0x0000000095b00000|  0%| F|  |TAMS 0x0000000095a00000, 0x0000000095a00000| Untracked 
| 347|0x0000000095b00000, 0x0000000095b00000, 0x0000000095c00000|  0%| F|  |TAMS 0x0000000095b00000, 0x0000000095b00000| Untracked 
| 348|0x0000000095c00000, 0x0000000095c00000, 0x0000000095d00000|  0%| F|  |TAMS 0x0000000095c00000, 0x0000000095c00000| Untracked 
| 349|0x0000000095d00000, 0x0000000095d00000, 0x0000000095e00000|  0%| F|  |TAMS 0x0000000095d00000, 0x0000000095d00000| Untracked 
| 350|0x0000000095e00000, 0x0000000095e00000, 0x0000000095f00000|  0%| F|  |TAMS 0x0000000095e00000, 0x0000000095e00000| Untracked 
| 351|0x0000000095f00000, 0x0000000095f00000, 0x0000000096000000|  0%| F|  |TAMS 0x0000000095f00000, 0x0000000095f00000| Untracked 
| 352|0x0000000096000000, 0x0000000096000000, 0x0000000096100000|  0%| F|  |TAMS 0x0000000096000000, 0x0000000096000000| Untracked 
| 353|0x0000000096100000, 0x0000000096100000, 0x0000000096200000|  0%| F|  |TAMS 0x0000000096100000, 0x0000000096100000| Untracked 
| 354|0x0000000096200000, 0x0000000096200000, 0x0000000096300000|  0%| F|  |TAMS 0x0000000096200000, 0x0000000096200000| Untracked 
| 355|0x0000000096300000, 0x0000000096300000, 0x0000000096400000|  0%| F|  |TAMS 0x0000000096300000, 0x0000000096300000| Untracked 
| 356|0x0000000096400000, 0x0000000096400000, 0x0000000096500000|  0%| F|  |TAMS 0x0000000096400000, 0x0000000096400000| Untracked 
| 357|0x0000000096500000, 0x0000000096500000, 0x0000000096600000|  0%| F|  |TAMS 0x0000000096500000, 0x0000000096500000| Untracked 
| 358|0x0000000096600000, 0x0000000096600000, 0x0000000096700000|  0%| F|  |TAMS 0x0000000096600000, 0x0000000096600000| Untracked 
| 359|0x0000000096700000, 0x0000000096700000, 0x0000000096800000|  0%| F|  |TAMS 0x0000000096700000, 0x0000000096700000| Untracked 
| 360|0x0000000096800000, 0x0000000096800000, 0x0000000096900000|  0%| F|  |TAMS 0x0000000096800000, 0x0000000096800000| Untracked 
| 361|0x0000000096900000, 0x0000000096900000, 0x0000000096a00000|  0%| F|  |TAMS 0x0000000096900000, 0x0000000096900000| Untracked 
| 362|0x0000000096a00000, 0x0000000096a00000, 0x0000000096b00000|  0%| F|  |TAMS 0x0000000096a00000, 0x0000000096a00000| Untracked 
| 363|0x0000000096b00000, 0x0000000096b00000, 0x0000000096c00000|  0%| F|  |TAMS 0x0000000096b00000, 0x0000000096b00000| Untracked 
| 364|0x0000000096c00000, 0x0000000096c00000, 0x0000000096d00000|  0%| F|  |TAMS 0x0000000096c00000, 0x0000000096c00000| Untracked 
| 365|0x0000000096d00000, 0x0000000096d00000, 0x0000000096e00000|  0%| F|  |TAMS 0x0000000096d00000, 0x0000000096d00000| Untracked 

Card table byte_map: [0x0000028e7fb20000,0x0000028e7ff20000] _byte_map_base: 0x0000028e7f720000

Marking Bits (Prev, Next): (CMBitMap*) 0x0000028e7b64b890, (CMBitMap*) 0x0000028e7b64b858
 Prev Bits: [0x0000028e11400000, 0x0000028e13400000)
 Next Bits: [0x0000028e0f400000, 0x0000028e11400000)

Polling page: 0x0000028e79d60000

Metaspace:

Usage:
  Non-class:     98.18 MB capacity,    96.17 MB ( 98%) used,     1.66 MB (  2%) free+waste,   358.44 KB ( <1%) overhead. 
      Class:     15.32 MB capacity,    14.17 MB ( 93%) used,  1009.05 KB (  6%) free+waste,   161.25 KB (  1%) overhead. 
       Both:    113.49 MB capacity,   110.34 MB ( 97%) used,     2.64 MB (  2%) free+waste,   519.69 KB ( <1%) overhead. 

Virtual space:
  Non-class space:      100.00 MB reserved,      98.25 MB ( 98%) committed 
      Class space:        1.00 GB reserved,      15.38 MB (  2%) committed 
             Both:        1.10 GB reserved,     113.63 MB ( 10%) committed 

Chunk freelists:
   Non-Class:  76.00 KB
       Class:  61.00 KB
        Both:  137.00 KB

MaxMetaspaceSize: 17179869184.00 GB
CompressedClassSpaceSize: 1.00 GB

CodeHeap 'non-profiled nmethods': size=120064Kb used=7282Kb max_used=7282Kb free=112781Kb
 bounds [0x0000028e07ac0000, 0x0000028e081e0000, 0x0000028e0f000000]
CodeHeap 'profiled nmethods': size=120000Kb used=39925Kb max_used=39925Kb free=80074Kb
 bounds [0x0000028e00590000, 0x0000028e02c90000, 0x0000028e07ac0000]
CodeHeap 'non-nmethods': size=5696Kb used=2329Kb max_used=2420Kb free=3366Kb
 bounds [0x0000028e00000000, 0x0000028e00270000, 0x0000028e00590000]
 total_blobs=17042 nmethods=16101 adapters=850
 compilation: enabled
              stopped_count=0, restarted_count=0
 full_count=0

Compilation events (20 events):
Event: 61.303 Thread 0x0000028e15a3d800 16597 %     3       com.android.tools.r8.internal.ha::a @ 16 (56 bytes)
Event: 61.304 Thread 0x0000028e15a3d800 nmethod 16597% 0x0000028e02c82710 code [0x0000028e02c82900, 0x0000028e02c82eb8]
Event: 61.321 Thread 0x0000028e15a3d800 16598       2       com.android.tools.r8.ir.regalloc.a::a (199 bytes)
Event: 61.324 Thread 0x0000028e15a3d800 nmethod 16598 0x0000028e02c83110 code [0x0000028e02c834e0, 0x0000028e02c842c8]
Event: 61.340 Thread 0x0000028e15a3d800 16603       3       com.android.tools.r8.internal.Ne::y (44 bytes)
Event: 61.341 Thread 0x0000028e15a3d800 nmethod 16603 0x0000028e02c84b10 code [0x0000028e02c84d20, 0x0000028e02c85288]
Event: 61.351 Thread 0x0000028e15a3d800 16604       1       com.android.tools.r8.internal.DI::f2 (2 bytes)
Event: 61.351 Thread 0x0000028e15a3d800 nmethod 16604 0x0000028e081dc590 code [0x0000028e081dc740, 0x0000028e081dc7f8]
Event: 61.413 Thread 0x0000028e15a3d800 16605       3       com.android.tools.r8.ir.regalloc.e::<init> (124 bytes)
Event: 61.417 Thread 0x0000028e15a3d800 nmethod 16605 0x0000028e02c85490 code [0x0000028e02c85880, 0x0000028e02c87698]
Event: 61.434 Thread 0x0000028e15a3d800 16606 %     3       java.util.HashMap$TreeNode::find @ 3 (172 bytes)
Event: 61.436 Thread 0x0000028e15a3d800 nmethod 16606% 0x0000028e02c88210 code [0x0000028e02c88460, 0x0000028e02c88ef8]
Event: 61.440 Thread 0x0000028e15a3d800 16608       2       com.android.tools.r8.internal.yi::k2 (7 bytes)
Event: 61.441 Thread 0x0000028e15a3d800 nmethod 16608 0x0000028e02c89210 code [0x0000028e02c893c0, 0x0000028e02c894d8]
Event: 61.482 Thread 0x0000028e15a3d800 16609 %     3       com.android.tools.r8.internal.uz::a @ 10 (106 bytes)
Event: 61.483 Thread 0x0000028e15a3d800 nmethod 16609% 0x0000028e02c89590 code [0x0000028e02c898c0, 0x0000028e02c8ac38]
Event: 61.484 Thread 0x0000028e15a3d800 16610       3       java.util.HashMap$TreeNode::find (172 bytes)
Event: 61.485 Thread 0x0000028e15a3d800 nmethod 16610 0x0000028e02c8b210 code [0x0000028e02c8b460, 0x0000028e02c8be58]
Event: 61.492 Thread 0x0000028e15a3d800 16611       2       com.android.tools.r8.internal.ND::a (213 bytes)
Event: 61.494 Thread 0x0000028e15a3d800 nmethod 16611 0x0000028e02c8c190 code [0x0000028e02c8c460, 0x0000028e02c8ced8]

GC Heap History (20 events):
Event: 51.794 GC heap after
{Heap after GC invocations=55 (full 0):
 garbage-first heap   total 374784K, used 167936K [0x0000000080000000, 0x0000000100000000)
  region size 1024K, 14 young (14336K), 14 survivors (14336K)
 Metaspace       used 107301K, capacity 110363K, committed 110720K, reserved 1144832K
  class space    used 13784K, capacity 14902K, committed 14976K, reserved 1048576K
}
Event: 53.149 GC heap before
{Heap before GC invocations=55 (full 0):
 garbage-first heap   total 374784K, used 247808K [0x0000000080000000, 0x0000000100000000)
  region size 1024K, 92 young (94208K), 14 survivors (14336K)
 Metaspace       used 110986K, capacity 114227K, committed 114432K, reserved 1148928K
  class space    used 14415K, capacity 15590K, committed 15616K, reserved 1048576K
}
Event: 53.230 GC heap after
{Heap after GC invocations=56 (full 0):
 garbage-first heap   total 374784K, used 179200K [0x0000000080000000, 0x0000000100000000)
  region size 1024K, 10 young (10240K), 10 survivors (10240K)
 Metaspace       used 110986K, capacity 114227K, committed 114432K, reserved 1148928K
  class space    used 14415K, capacity 15590K, committed 15616K, reserved 1048576K
}
Event: 54.185 GC heap before
{Heap before GC invocations=56 (full 0):
 garbage-first heap   total 374784K, used 270336K [0x0000000080000000, 0x0000000100000000)
  region size 1024K, 99 young (101376K), 10 survivors (10240K)
 Metaspace       used 111945K, capacity 115195K, committed 115328K, reserved 1148928K
  class space    used 14509K, capacity 15693K, committed 15744K, reserved 1048576K
}
Event: 54.234 GC heap after
{Heap after GC invocations=57 (full 0):
 garbage-first heap   total 374784K, used 181223K [0x0000000080000000, 0x0000000100000000)
  region size 1024K, 3 young (3072K), 3 survivors (3072K)
 Metaspace       used 111945K, capacity 115195K, committed 115328K, reserved 1148928K
  class space    used 14509K, capacity 15693K, committed 15744K, reserved 1048576K
}
Event: 57.057 GC heap before
{Heap before GC invocations=58 (full 0):
 garbage-first heap   total 374784K, used 280551K [0x0000000080000000, 0x0000000100000000)
  region size 1024K, 100 young (102400K), 3 survivors (3072K)
 Metaspace       used 112687K, capacity 115950K, committed 116096K, reserved 1148928K
  class space    used 14504K, capacity 15690K, committed 15744K, reserved 1048576K
}
Event: 57.087 GC heap after
{Heap after GC invocations=59 (full 0):
 garbage-first heap   total 374784K, used 180185K [0x0000000080000000, 0x0000000100000000)
  region size 1024K, 2 young (2048K), 2 survivors (2048K)
 Metaspace       used 112687K, capacity 115950K, committed 116096K, reserved 1148928K
  class space    used 14504K, capacity 15690K, committed 15744K, reserved 1048576K
}
Event: 57.825 GC heap before
{Heap before GC invocations=59 (full 0):
 garbage-first heap   total 374784K, used 293849K [0x0000000080000000, 0x0000000100000000)
  region size 1024K, 114 young (116736K), 2 survivors (2048K)
 Metaspace       used 112766K, capacity 116019K, committed 116352K, reserved 1150976K
  class space    used 14508K, capacity 15690K, committed 15744K, reserved 1048576K
}
Event: 57.844 GC heap after
{Heap after GC invocations=60 (full 0):
 garbage-first heap   total 374784K, used 180404K [0x0000000080000000, 0x0000000100000000)
  region size 1024K, 2 young (2048K), 2 survivors (2048K)
 Metaspace       used 112766K, capacity 116019K, committed 116352K, reserved 1150976K
  class space    used 14508K, capacity 15690K, committed 15744K, reserved 1048576K
}
Event: 59.272 GC heap before
{Heap before GC invocations=61 (full 0):
 garbage-first heap   total 374784K, used 299188K [0x0000000080000000, 0x0000000100000000)
  region size 1024K, 118 young (120832K), 2 survivors (2048K)
 Metaspace       used 112812K, capacity 116035K, committed 116352K, reserved 1150976K
  class space    used 14495K, capacity 15668K, committed 15744K, reserved 1048576K
}
Event: 59.314 GC heap after
{Heap after GC invocations=62 (full 0):
 garbage-first heap   total 374784K, used 181992K [0x0000000080000000, 0x0000000100000000)
  region size 1024K, 4 young (4096K), 4 survivors (4096K)
 Metaspace       used 112812K, capacity 116035K, committed 116352K, reserved 1150976K
  class space    used 14495K, capacity 15668K, committed 15744K, reserved 1048576K
}
Event: 59.395 GC heap before
{Heap before GC invocations=62 (full 0):
 garbage-first heap   total 374784K, used 196328K [0x0000000080000000, 0x0000000100000000)
  region size 1024K, 18 young (18432K), 4 survivors (4096K)
 Metaspace       used 112835K, capacity 116058K, committed 116352K, reserved 1150976K
  class space    used 14500K, capacity 15676K, committed 15744K, reserved 1048576K
}
Event: 59.415 GC heap after
{Heap after GC invocations=63 (full 0):
 garbage-first heap   total 374784K, used 180556K [0x0000000080000000, 0x0000000100000000)
  region size 1024K, 1 young (1024K), 1 survivors (1024K)
 Metaspace       used 112835K, capacity 116058K, committed 116352K, reserved 1150976K
  class space    used 14500K, capacity 15676K, committed 15744K, reserved 1048576K
}
Event: 59.866 GC heap before
{Heap before GC invocations=63 (full 0):
 garbage-first heap   total 374784K, used 301388K [0x0000000080000000, 0x0000000100000000)
  region size 1024K, 119 young (121856K), 1 survivors (1024K)
 Metaspace       used 112910K, capacity 116141K, committed 116352K, reserved 1150976K
  class space    used 14509K, capacity 15681K, committed 15744K, reserved 1048576K
}
Event: 59.879 GC heap after
{Heap after GC invocations=64 (full 0):
 garbage-first heap   total 374784K, used 180988K [0x0000000080000000, 0x0000000100000000)
  region size 1024K, 2 young (2048K), 2 survivors (2048K)
 Metaspace       used 112910K, capacity 116141K, committed 116352K, reserved 1150976K
  class space    used 14509K, capacity 15681K, committed 15744K, reserved 1048576K
}
Event: 60.948 GC heap before
{Heap before GC invocations=65 (full 0):
 garbage-first heap   total 374784K, used 310012K [0x0000000080000000, 0x0000000100000000)
  region size 1024K, 128 young (131072K), 2 survivors (2048K)
 Metaspace       used 112973K, capacity 116150K, committed 116352K, reserved 1150976K
  class space    used 14512K, capacity 15683K, committed 15744K, reserved 1048576K
}
Event: 60.967 GC heap after
{Heap after GC invocations=66 (full 0):
 garbage-first heap   total 374784K, used 181105K [0x0000000080000000, 0x0000000100000000)
  region size 1024K, 2 young (2048K), 2 survivors (2048K)
 Metaspace       used 112973K, capacity 116150K, committed 116352K, reserved 1150976K
  class space    used 14512K, capacity 15683K, committed 15744K, reserved 1048576K
}
Event: 61.024 GC heap before
{Heap before GC invocations=66 (full 0):
 garbage-first heap   total 374784K, used 197489K [0x0000000080000000, 0x0000000100000000)
  region size 1024K, 18 young (18432K), 2 survivors (2048K)
 Metaspace       used 112976K, capacity 116150K, committed 116352K, reserved 1150976K
  class space    used 14512K, capacity 15683K, committed 15744K, reserved 1048576K
}
Event: 61.037 GC heap after
{Heap after GC invocations=67 (full 0):
 garbage-first heap   total 374784K, used 178174K [0x0000000080000000, 0x0000000100000000)
  region size 1024K, 2 young (2048K), 2 survivors (2048K)
 Metaspace       used 112976K, capacity 116150K, committed 116352K, reserved 1150976K
  class space    used 14512K, capacity 15683K, committed 15744K, reserved 1048576K
}
Event: 61.514 GC heap before
{Heap before GC invocations=67 (full 0):
 garbage-first heap   total 374784K, used 318462K [0x0000000080000000, 0x0000000100000000)
  region size 1024K, 139 young (142336K), 2 survivors (2048K)
 Metaspace       used 112990K, capacity 116215K, committed 116352K, reserved 1150976K
  class space    used 14512K, capacity 15683K, committed 15744K, reserved 1048576K
}

Deoptimization events (20 events):
Event: 60.616 Thread 0x0000028e1cbbc800 DEOPT PACKING pc=0x0000028e0244abd7 sp=0x000000b13c0f8f50
Event: 60.616 Thread 0x0000028e1cbbc800 DEOPT UNPACKING pc=0x0000028e000276ce sp=0x000000b13c0f8710 mode 0
Event: 60.700 Thread 0x0000028e1cbbc800 DEOPT PACKING pc=0x0000028e02af27da sp=0x000000b13c0f8d40
Event: 60.700 Thread 0x0000028e1cbbc800 DEOPT UNPACKING pc=0x0000028e000276ce sp=0x000000b13c0f8298 mode 0
Event: 60.898 Thread 0x0000028e1cbb9800 Uncommon trap: trap_request=0xfffffff4 fr.pc=0x0000028e081d1990 relative=0x0000000000001910
Event: 60.898 Thread 0x0000028e1cbb9800 Uncommon trap: reason=null_check action=make_not_entrant pc=0x0000028e081d1990 method=com.android.tools.r8.internal.G3.b(Lcom/android/tools/r8/internal/Xv;)Lcom/android/tools/r8/internal/Xv; @ 11 c2
Event: 60.898 Thread 0x0000028e1cbb9800 DEOPT PACKING pc=0x0000028e081d1990 sp=0x000000b13bdf8f10
Event: 60.898 Thread 0x0000028e1cbb9800 DEOPT UNPACKING pc=0x0000028e000278af sp=0x000000b13bdf8df8 mode 2
Event: 60.922 Thread 0x0000028e1cbbc800 DEOPT PACKING pc=0x0000028e0244ac6a sp=0x000000b13c0f8f50
Event: 60.922 Thread 0x0000028e1cbbc800 DEOPT UNPACKING pc=0x0000028e000276ce sp=0x000000b13c0f8718 mode 0
Event: 61.098 Thread 0x0000028e1cbbc000 DEOPT PACKING pc=0x0000028e0244ac6a sp=0x000000b13bcf90d0
Event: 61.099 Thread 0x0000028e1cbbc000 DEOPT UNPACKING pc=0x0000028e000276ce sp=0x000000b13bcf8898 mode 0
Event: 61.204 Thread 0x0000028e1cbbc800 DEOPT PACKING pc=0x0000028e0244ac6a sp=0x000000b13c0f8b80
Event: 61.204 Thread 0x0000028e1cbbc800 DEOPT UNPACKING pc=0x0000028e000276ce sp=0x000000b13c0f8348 mode 0
Event: 61.233 Thread 0x0000028e1cbb9800 DEOPT PACKING pc=0x0000028e0244ac6a sp=0x000000b13bdf8d80
Event: 61.233 Thread 0x0000028e1cbb9800 DEOPT UNPACKING pc=0x0000028e000276ce sp=0x000000b13bdf8548 mode 0
Event: 61.246 Thread 0x0000028e1cbbc000 DEOPT PACKING pc=0x0000028e0274d88b sp=0x000000b13bcf9040
Event: 61.246 Thread 0x0000028e1cbbc000 DEOPT UNPACKING pc=0x0000028e000276ce sp=0x000000b13bcf8550 mode 0
Event: 61.257 Thread 0x0000028e1cbbc000 DEOPT PACKING pc=0x0000028e027637ea sp=0x000000b13bcf96a0
Event: 61.257 Thread 0x0000028e1cbbc000 DEOPT UNPACKING pc=0x0000028e000276ce sp=0x000000b13bcf8c08 mode 0

Classes redefined (0 events):
No events

Internal exceptions (20 events):
Event: 47.242 Thread 0x0000028e1cbb9800 Exception <a 'sun/nio/fs/WindowsException'{0x000000008e0b1680}> (0x000000008e0b1680) thrown at [./src/hotspot/share/prims/jni.cpp, line 615]
Event: 47.364 Thread 0x0000028e1cbb6000 Exception <a 'sun/nio/fs/WindowsException'{0x000000008dbe4d50}> (0x000000008dbe4d50) thrown at [./src/hotspot/share/prims/jni.cpp, line 615]
Event: 47.486 Thread 0x0000028e1cbb9800 Exception <a 'java/lang/NoSuchMethodError'{0x000000008d90e9e0}: 'long java.lang.invoke.DirectMethodHandle$Holder.invokeStatic(java.lang.Object, long, java.lang.Object)'> (0x000000008d90e9e0) thrown at [./src/hotspot/share/interpreter/linkResolver.cpp, line 773]
Event: 47.488 Thread 0x0000028e1cbbc000 Exception <a 'java/lang/NoSuchMethodError'{0x000000008dae1db8}: 'long java.lang.invoke.DirectMethodHandle$Holder.invokeStatic(java.lang.Object, long, java.lang.Object)'> (0x000000008dae1db8) thrown at [./src/hotspot/share/interpreter/linkResolver.cpp, line 773]
Event: 47.489 Thread 0x0000028e1cbbc800 Exception <a 'java/lang/NoSuchMethodError'{0x000000008da1eab8}: 'java.lang.Object java.lang.invoke.DirectMethodHandle$Holder.invokeStatic(java.lang.Object, long)'> (0x000000008da1eab8) thrown at [./src/hotspot/share/interpreter/linkResolver.cpp, line 773]
Event: 47.489 Thread 0x0000028e1cbb6000 Exception <a 'java/lang/NoSuchMethodError'{0x000000008dac2150}: 'java.lang.Object java.lang.invoke.DirectMethodHandle$Holder.invokeStatic(java.lang.Object, long)'> (0x000000008dac2150) thrown at [./src/hotspot/share/interpreter/linkResolver.cpp, line 773]
Event: 47.493 Thread 0x0000028e1cbbc000 Exception <a 'java/lang/NoSuchMethodError'{0x000000008d927390}: 'java.lang.Object java.lang.invoke.Invokers$Holder.linkToTargetMethod(long, java.lang.Object)'> (0x000000008d927390) thrown at [./src/hotspot/share/interpreter/linkResolver.cpp, line 773]
Event: 48.365 Thread 0x0000028e1cbbc800 Exception <a 'java/lang/NoSuchMethodError'{0x000000008bc34910}: 'void java.lang.invoke.DirectMethodHandle$Holder.invokeStatic(java.lang.Object, java.lang.Object, java.lang.Object, int)'> (0x000000008bc34910) thrown at [./src/hotspot/share/interpreter/linkResolver.cpp, line 773]
Event: 48.375 Thread 0x0000028e1cbbc800 Exception <a 'java/lang/IncompatibleClassChangeError'{0x000000008bc3e768}: Found class java.lang.Object, but interface was expected> (0x000000008bc3e768) thrown at [./src/hotspot/share/interpreter/linkResolver.cpp, line 839]
Event: 52.322 Thread 0x0000028e1cbbc000 Exception <a 'java/lang/NoSuchMethodError'{0x00000000949a98d8}: 'java.lang.Object java.lang.invoke.DirectMethodHandle$Holder.invokeVirtual(java.lang.Object, java.lang.Object, int, java.lang.Object)'> (0x00000000949a98d8) thrown at [./src/hotspot/share/interpreter/linkResolver.cpp, line 773]
Event: 52.323 Thread 0x0000028e1cbbc800 Exception <a 'java/lang/NoSuchMethodError'{0x000000009481c208}: 'java.lang.Object java.lang.invoke.DirectMethodHandle$Holder.invokeVirtual(java.lang.Object, java.lang.Object, int, java.lang.Object)'> (0x000000009481c208) thrown at [./src/hotspot/share/interpreter/linkResolver.cpp, line 773]
Event: 52.323 Thread 0x0000028e1cbb6000 Exception <a 'java/lang/NoSuchMethodError'{0x0000000094fb1928}: 'java.lang.Object java.lang.invoke.DirectMethodHandle$Holder.invokeVirtual(java.lang.Object, java.lang.Object, int, java.lang.Object)'> (0x0000000094fb1928) thrown at [./src/hotspot/share/interpreter/linkResolver.cpp, line 773]
Event: 52.399 Thread 0x0000028e1cbbc000 Exception <a 'java/lang/IncompatibleClassChangeError'{0x000000009471b7c0}: Found class java.lang.Object, but interface was expected> (0x000000009471b7c0) thrown at [./src/hotspot/share/interpreter/linkResolver.cpp, line 839]
Event: 52.415 Thread 0x0000028e1cbbc800 Exception <a 'java/lang/IncompatibleClassChangeError'{0x000000009483cf40}: Found class java.lang.Object, but interface was expected> (0x000000009483cf40) thrown at [./src/hotspot/share/interpreter/linkResolver.cpp, line 839]
Event: 52.457 Thread 0x0000028e1cbbc800 Exception <a 'java/lang/NoSuchMethodError'{0x000000009443c2a8}: 'void java.lang.invoke.DirectMethodHandle$Holder.invokeVirtual(java.lang.Object, java.lang.Object, int, java.lang.Object)'> (0x000000009443c2a8) thrown at [./src/hotspot/share/interpreter/linkResolver.cpp, line 773]
Event: 52.814 Thread 0x0000028e1cbb9800 Exception <a 'java/lang/NoSuchMethodError'{0x000000009359d248}: 'java.lang.Object java.lang.invoke.DirectMethodHandle$Holder.newInvokeSpecial(java.lang.Object, int)'> (0x000000009359d248) thrown at [./src/hotspot/share/interpreter/linkResolver.cpp, line 773]
Event: 52.815 Thread 0x0000028e1cbbc000 Exception <a 'java/lang/NoSuchMethodError'{0x000000009335ffc8}: 'java.lang.Object java.lang.invoke.DirectMethodHandle$Holder.newInvokeSpecial(java.lang.Object, int)'> (0x000000009335ffc8) thrown at [./src/hotspot/share/interpreter/linkResolver.cpp, line 773]
Event: 52.973 Thread 0x0000028e1cbbc800 Exception <a 'java/lang/NoSuchMethodError'{0x0000000092b18310}: 'java.lang.Object java.lang.invoke.DirectMethodHandle$Holder.invokeInterface(java.lang.Object, java.lang.Object, int)'> (0x0000000092b18310) thrown at [./src/hotspot/share/interpreter/linkResolver.cpp, line 773]
Event: 53.995 Thread 0x0000028e1cbbc800 Exception <a 'java/lang/NoSuchMethodError'{0x0000000092ffdf08}: 'int java.lang.invoke.DirectMethodHandle$Holder.invokeInterface(java.lang.Object, java.lang.Object, int)'> (0x0000000092ffdf08) thrown at [./src/hotspot/share/interpreter/linkResolver.cpp, line 773]
Event: 60.897 Thread 0x0000028e1cbb9800 Implicit null exception at 0x0000028e081d0d68 to 0x0000028e081d1980

Events (20 events):
Event: 60.327 loading class com/android/tools/r8/code/x0 done
Event: 60.499 loading class com/android/tools/r8/internal/Sr
Event: 60.499 loading class com/android/tools/r8/internal/Sr done
Event: 60.499 loading class com/android/tools/r8/internal/Sr
Event: 60.499 loading class com/android/tools/r8/internal/Sr done
Event: 60.516 Executing VM operation: CGC_Operation
Event: 60.542 Executing VM operation: CGC_Operation done
Event: 60.872 Executing VM operation: CGC_Operation
Event: 60.878 Executing VM operation: CGC_Operation done
Event: 60.916 loading class com/android/tools/r8/internal/Gg
Event: 60.916 loading class com/android/tools/r8/internal/Gg done
Event: 60.916 loading class com/android/tools/r8/internal/Gg
Event: 60.916 loading class com/android/tools/r8/internal/Gg done
Event: 60.916 loading class com/android/tools/r8/internal/Gg
Event: 60.916 loading class com/android/tools/r8/internal/Gg done
Event: 60.947 Executing VM operation: G1CollectForAllocation
Event: 60.967 Executing VM operation: G1CollectForAllocation done
Event: 61.024 Executing VM operation: G1CollectForAllocation
Event: 61.037 Executing VM operation: G1CollectForAllocation done
Event: 61.514 Executing VM operation: G1CollectForAllocation


Dynamic libraries:
0x00007ff751960000 - 0x00007ff75196a000 	C:\Program Files\Android\Android Studio\jre\bin\java.exe
0x00007ffd43e30000 - 0x00007ffd44025000 	C:\WINDOWS\SYSTEM32\ntdll.dll
0x00007ffd42900000 - 0x00007ffd429be000 	C:\WINDOWS\System32\KERNEL32.DLL
0x00007ffd41b00000 - 0x00007ffd41dc9000 	C:\WINDOWS\System32\KERNELBASE.dll
0x00007ffd41680000 - 0x00007ffd41780000 	C:\WINDOWS\System32\ucrtbase.dll
0x00007ffcf9470000 - 0x00007ffcf9487000 	C:\Program Files\Android\Android Studio\jre\bin\VCRUNTIME140.dll
0x00007ffd3d0d0000 - 0x00007ffd3d0e9000 	C:\Program Files\Android\Android Studio\jre\bin\jli.dll
0x00007ffd42ba0000 - 0x00007ffd42d41000 	C:\WINDOWS\System32\USER32.dll
0x00007ffd31160000 - 0x00007ffd313fa000 	C:\WINDOWS\WinSxS\amd64_microsoft.windows.common-controls_6595b64144ccf1df_6.0.19041.1110_none_60b5254171f9507e\COMCTL32.dll
0x00007ffd41890000 - 0x00007ffd418b2000 	C:\WINDOWS\System32\win32u.dll
0x00007ffd429d0000 - 0x00007ffd42a6e000 	C:\WINDOWS\System32\msvcrt.dll
0x00007ffd42f00000 - 0x00007ffd42f2b000 	C:\WINDOWS\System32\GDI32.dll
0x00007ffd41780000 - 0x00007ffd4188b000 	C:\WINDOWS\System32\gdi32full.dll
0x00007ffd415e0000 - 0x00007ffd4167d000 	C:\WINDOWS\System32\msvcp_win.dll
0x00007ffd42800000 - 0x00007ffd42830000 	C:\WINDOWS\System32\IMM32.DLL
0x00007ffcf9280000 - 0x00007ffcf931d000 	C:\Program Files\Android\Android Studio\jre\bin\msvcp140.dll
0x00007ffcf3880000 - 0x00007ffcf434f000 	C:\Program Files\Android\Android Studio\jre\bin\server\jvm.dll
0x00007ffd42f90000 - 0x00007ffd4303c000 	C:\WINDOWS\System32\ADVAPI32.dll
0x00007ffd43290000 - 0x00007ffd4332b000 	C:\WINDOWS\System32\sechost.dll
0x00007ffd426d0000 - 0x00007ffd427fa000 	C:\WINDOWS\System32\RPCRT4.dll
0x00007ffd429c0000 - 0x00007ffd429c8000 	C:\WINDOWS\System32\PSAPI.DLL
0x00007ffcfbdd0000 - 0x00007ffcfbdd9000 	C:\WINDOWS\SYSTEM32\WSOCK32.dll
0x00007ffd34dc0000 - 0x00007ffd34de7000 	C:\WINDOWS\SYSTEM32\WINMM.dll
0x00007ffd43c90000 - 0x00007ffd43cfb000 	C:\WINDOWS\System32\WS2_32.dll
0x00007ffd35fd0000 - 0x00007ffd35fda000 	C:\WINDOWS\SYSTEM32\VERSION.dll
0x00007ffd3f450000 - 0x00007ffd3f462000 	C:\WINDOWS\SYSTEM32\kernel.appcore.dll
0x00007ffcf9450000 - 0x00007ffcf9461000 	C:\Program Files\Android\Android Studio\jre\bin\verify.dll
0x00007ffd2dd40000 - 0x00007ffd2df24000 	C:\WINDOWS\SYSTEM32\DBGHELP.DLL
0x00007ffd2e6e0000 - 0x00007ffd2e70c000 	C:\WINDOWS\SYSTEM32\dbgcore.DLL
0x00007ffd41550000 - 0x00007ffd415d3000 	C:\WINDOWS\System32\bcryptPrimitives.dll
0x00007ffcf9420000 - 0x00007ffcf9449000 	C:\Program Files\Android\Android Studio\jre\bin\java.dll
0x00007ffcf9c80000 - 0x00007ffcf9c8b000 	C:\Program Files\Android\Android Studio\jre\bin\jimage.dll
0x00007ffcf9400000 - 0x00007ffcf9418000 	C:\Program Files\Android\Android Studio\jre\bin\zip.dll
0x00007ffd41f90000 - 0x00007ffd426cf000 	C:\WINDOWS\System32\SHELL32.dll
0x00007ffd3f650000 - 0x00007ffd3fde0000 	C:\WINDOWS\SYSTEM32\windows.storage.dll
0x00007ffd437b0000 - 0x00007ffd43b05000 	C:\WINDOWS\System32\combase.dll
0x00007ffd40fa0000 - 0x00007ffd40fcc000 	C:\WINDOWS\SYSTEM32\Wldp.dll
0x00007ffd43170000 - 0x00007ffd4321d000 	C:\WINDOWS\System32\SHCORE.dll
0x00007ffd42f30000 - 0x00007ffd42f85000 	C:\WINDOWS\System32\shlwapi.dll
0x00007ffd41490000 - 0x00007ffd414af000 	C:\WINDOWS\SYSTEM32\profapi.dll
0x00007ffcf93e0000 - 0x00007ffcf93fa000 	C:\Program Files\Android\Android Studio\jre\bin\net.dll
0x00007ffd33100000 - 0x00007ffd33208000 	C:\WINDOWS\SYSTEM32\WINHTTP.dll
0x00007ffd40d00000 - 0x00007ffd40d6a000 	C:\WINDOWS\system32\mswsock.dll
0x00007ffcf93c0000 - 0x00007ffcf93d4000 	C:\Program Files\Android\Android Studio\jre\bin\nio.dll
0x00007ffd215e0000 - 0x00007ffd21607000 	C:\Program Files\Java\jdk-17.0.1\native\8bec1ad78214c89d9ad589b4d07fe93259594b29d510b10fafb7a158f7737e5d\windows-amd64\native-platform.dll
0x00007ffd16620000 - 0x00007ffd1675d000 	C:\Program Files\Java\jdk-17.0.1\native\53dbd7edfb1c66fb8903c78663c9afc45aea4f116125fa6feffd364cf09443e8\windows-amd64\native-platform-file-events.dll
0x00007ffcf9390000 - 0x00007ffcf939a000 	C:\Program Files\Android\Android Studio\jre\bin\management.dll
0x00007ffcf9380000 - 0x00007ffcf938c000 	C:\Program Files\Android\Android Studio\jre\bin\management_ext.dll
0x00007ffd40ef0000 - 0x00007ffd40f08000 	C:\WINDOWS\SYSTEM32\CRYPTSP.dll
0x00007ffd40610000 - 0x00007ffd40644000 	C:\WINDOWS\system32\rsaenh.dll
0x00007ffd41970000 - 0x00007ffd41997000 	C:\WINDOWS\System32\bcrypt.dll
0x00007ffd41450000 - 0x00007ffd4147e000 	C:\WINDOWS\SYSTEM32\USERENV.dll
0x00007ffd40f10000 - 0x00007ffd40f1c000 	C:\WINDOWS\SYSTEM32\CRYPTBASE.dll
0x00007ffd409a0000 - 0x00007ffd409db000 	C:\WINDOWS\SYSTEM32\IPHLPAPI.DLL
0x00007ffd43220000 - 0x00007ffd43228000 	C:\WINDOWS\System32\NSI.dll
0x00007ffd390f0000 - 0x00007ffd39107000 	C:\WINDOWS\SYSTEM32\dhcpcsvc6.DLL
0x00007ffd390d0000 - 0x00007ffd390ed000 	C:\WINDOWS\SYSTEM32\dhcpcsvc.DLL
0x00007ffd409e0000 - 0x00007ffd40aac000 	C:\WINDOWS\SYSTEM32\DNSAPI.dll

dbghelp: loaded successfully - version: 4.0.5 - missing functions: none
symbol engine: initialized successfully - sym options: 0x614 - pdb path: .;C:\Program Files\Android\Android Studio\jre\bin;C:\WINDOWS\SYSTEM32;C:\WINDOWS\WinSxS\amd64_microsoft.windows.common-controls_6595b64144ccf1df_6.0.19041.1110_none_60b5254171f9507e;C:\Program Files\Android\Android Studio\jre\bin\server;C:\Program Files\Java\jdk-17.0.1\native\8bec1ad78214c89d9ad589b4d07fe93259594b29d510b10fafb7a158f7737e5d\windows-amd64;C:\Program Files\Java\jdk-17.0.1\native\53dbd7edfb1c66fb8903c78663c9afc45aea4f116125fa6feffd364cf09443e8\windows-amd64

VM Arguments:
jvm_args: --add-opens=java.base/java.util=ALL-UNNAMED --add-opens=java.base/java.lang=ALL-UNNAMED --add-opens=java.base/java.lang.invoke=ALL-UNNAMED --add-opens=java.base/java.util=ALL-UNNAMED --add-opens=java.prefs/java.util.prefs=ALL-UNNAMED --add-opens=java.prefs/java.util.prefs=ALL-UNNAMED --add-opens=java.base/java.nio.charset=ALL-UNNAMED --add-opens=java.base/java.net=ALL-UNNAMED --add-opens=java.base/java.util.concurrent.atomic=ALL-UNNAMED -Xmx2048m -Dfile.encoding=UTF-8 -Duser.country=US -Duser.language=en -Duser.variant 
java_command: org.gradle.launcher.daemon.bootstrap.GradleDaemon 7.0.2
java_class_path (initial): C:\Program Files\Java\jdk-17.0.1\wrapper\dists\gradle-7.0.2-bin\857tjihv64xamwrf0h14cai3r\gradle-7.0.2\lib\gradle-launcher-7.0.2.jar
Launcher Type: SUN_STANDARD

[Global flags]
     intx CICompilerCount                          = 3                                         {product} {ergonomic}
     uint ConcGCThreads                            = 1                                         {product} {ergonomic}
     uint G1ConcRefinementThreads                  = 4                                         {product} {ergonomic}
   size_t G1HeapRegionSize                         = 1048576                                   {product} {ergonomic}
    uintx GCDrainStackTargetSize                   = 64                                        {product} {ergonomic}
   size_t InitialHeapSize                          = 67108864                                  {product} {ergonomic}
   size_t MarkStackSize                            = 4194304                                   {product} {ergonomic}
   size_t MaxHeapSize                              = 2147483648                                {product} {command line}
   size_t MaxNewSize                               = 1287651328                                {product} {ergonomic}
   size_t MinHeapDeltaBytes                        = 1048576                                   {product} {ergonomic}
    uintx NonNMethodCodeHeapSize                   = 5830732                                {pd product} {ergonomic}
    uintx NonProfiledCodeHeapSize                  = 122913754                              {pd product} {ergonomic}
    uintx ProfiledCodeHeapSize                     = 122913754                              {pd product} {ergonomic}
    uintx ReservedCodeCacheSize                    = 251658240                              {pd product} {ergonomic}
     bool SegmentedCodeCache                       = true                                      {product} {ergonomic}
     bool UseCompressedClassPointers               = true                                 {lp64_product} {ergonomic}
     bool UseCompressedOops                        = true                                 {lp64_product} {ergonomic}
     bool UseG1GC                                  = true                                      {product} {ergonomic}
     bool UseLargePagesIndividualAllocation        = false                                  {pd product} {ergonomic}

Logging:
Log output configuration:
 #0: stdout all=warning uptime,level,tags
 #1: stderr all=off uptime,level,tags

Environment Variables:
PATH=C:\Program Files\Common Files\Oracle\Java\javapath;C:\WINDOWS\system32;C:\WINDOWS;C:\WINDOWS\System32\Wbem;C:\WINDOWS\System32\WindowsPowerShell\v1.0\;C:\WINDOWS\System32\OpenSSH\;C:\Program Files\dotnet\;C:\Program Files\Microsoft SQL Server\130\Tools\Binn\;C:\Program Files\Microsoft SQL Server\Client SDK\ODBC\170\Tools\Binn\;C:\Program Files (x86)\dotnet\;C:\Program Files\Git\cmd;C:\Users\MinhNgan\AppData\Local\Microsoft\WindowsApps
USERNAME=MinhNgan
OS=Windows_NT
PROCESSOR_IDENTIFIER=Intel64 Family 6 Model 69 Stepping 1, GenuineIntel



---------------  S Y S T E M  ---------------

OS: Windows 10 , 64 bit Build 19041 (10.0.19041.1202)
OS uptime: 0 days 0:11 hours

CPU:total 4 (initial active 4) (2 cores per cpu, 2 threads per core) family 6 model 69 stepping 1 microcode 0x25, cmov, cx8, fxsr, mmx, sse, sse2, sse3, ssse3, sse4.1, sse4.2, popcnt, avx, avx2, aes, clmul, erms, lzcnt, ht, tsc, tscinvbit, bmi1, bmi2, fma

Memory: 4k page, system-wide physical 3979M (217M free)
TotalPageFile size 6979M (AvailPageFile size 47M)
current process WorkingSet (physical memory assigned to process): 506M, peak: 506M
current process commit charge ("private bytes"): 762M, peak: 841M

vm_info: OpenJDK 64-Bit Server VM (11.0.10+0-b96-7249189) for windows-amd64 JRE (11.0.10+0-b96-7249189), built on Mar 31 2021 21:44:00 by "builder" with MS VC++ 14.0 (VS2015)

END.
