#
# There is insufficient memory for the Java Runtime Environment to continue.
# Native memory allocation (mmap) failed to map 207618048 bytes for Failed to commit area from 0x0000000092900000 to 0x000000009ef00000 of length 207618048.
# Possible reasons:
#   The system is out of physical RAM or swap space
#   The process is running with CompressedOops enabled, and the Java Heap may be blocking the growth of the native heap
# Possible solutions:
#   Reduce memory load on the system
#   Increase physical memory or swap space
#   Check if swap backing store is full
#   Decrease Java heap size (-Xmx/-Xms)
#   Decrease number of Java threads
#   Decrease Java thread stack sizes (-Xss)
#   Set larger code cache with -XX:ReservedCodeCacheSize=
#   JVM is running with Unscaled Compressed Oops mode in which the Java heap is
#     placed in the first 4GB address space. The Java Heap base address is the
#     maximum limit for the native heap growth. Please use -XX:HeapBaseMinAddress
#     to set the Java Heap base and to place the Java Heap above 4GB virtual address.
# This output file may be truncated or incomplete.
#
#  Out of Memory Error (./src/hotspot/os/windows/os_windows.cpp:3301), pid=4020, tid=1620
#
# JRE version: OpenJDK Runtime Environment (11.0.10) (build 11.0.10+0-b96-7249189)
# Java VM: OpenJDK 64-Bit Server VM (11.0.10+0-b96-7249189, mixed mode, tiered, compressed oops, g1 gc, windows-amd64)
# No core dump will be written. Minidumps are not enabled by default on client versions of Windows
#

---------------  S U M M A R Y ------------

Command Line: --add-opens=java.base/java.util=ALL-UNNAMED --add-opens=java.base/java.lang=ALL-UNNAMED --add-opens=java.base/java.lang.invoke=ALL-UNNAMED --add-opens=java.base/java.util=ALL-UNNAMED --add-opens=java.prefs/java.util.prefs=ALL-UNNAMED --add-opens=java.prefs/java.util.prefs=ALL-UNNAMED --add-opens=java.base/java.nio.charset=ALL-UNNAMED --add-opens=java.base/java.net=ALL-UNNAMED --add-opens=java.base/java.util.concurrent.atomic=ALL-UNNAMED -Xmx2048m -Dfile.encoding=UTF-8 -Duser.country=US -Duser.language=en -Duser.variant org.gradle.launcher.daemon.bootstrap.GradleDaemon 7.0.2

Host: Intel(R) Core(TM) i5-4210U CPU @ 1.70GHz, 4 cores, 3G,  Windows 10 , 64 bit Build 19041 (10.0.19041.1202)
Time: Thu Nov 11 18:39:58 2021 SE Asia Standard Time elapsed time: 81.216514 seconds (0d 0h 1m 21s)

---------------  T H R E A D  ---------------

Current thread (0x000002399b67f000):  VMThread "VM Thread" [stack: 0x0000008fa8600000,0x0000008fa8700000] [id=1620]

Stack: [0x0000008fa8600000,0x0000008fa8700000]
[error occurred during error reporting (printing stack bounds), id 0xc0000005, EXCEPTION_ACCESS_VIOLATION (0xc0000005) at pc=0x0000023984e40f2d]

Native frames: (J=compiled Java code, j=interpreted, Vv=VM code, C=native code)
V  [jvm.dll+0x5ecfaa]
V  [jvm.dll+0x722bd5]
V  [jvm.dll+0x72412d]
V  [jvm.dll+0x724745]
V  [jvm.dll+0x7246fb]
V  [jvm.dll+0x5ec348]
V  [jvm.dll+0x5ecad8]
C  [ntdll.dll+0xa20cf]
C  [ntdll.dll+0x51454]
C  [ntdll.dll+0xa0bfe]
C  0x0000023984e40f2d

VM_Operation (0x0000008fac2fe500): G1CollectForAllocation, mode: safepoint, requested by thread 0x00000239a7af5800


---------------  P R O C E S S  ---------------

Threads class SMR info:
_java_thread_list=0x00000239a47879d0, length=58, elements={
0x00000239ff83d800, 0x000002399b686800, 0x000002399b694800, 0x000002399b6e3800,
0x000002399b6e6800, 0x000002399b6ea800, 0x000002399b6ec000, 0x000002399b6fc000,
0x000002399b708000, 0x000002399c169000, 0x000002399cf52800, 0x000002399d35c800,
0x000002399d2e6000, 0x000002399cb48000, 0x000002399cb48800, 0x000002399e517000,
0x000002399d50b000, 0x000002399d37b000, 0x000002399da91000, 0x000002399da8d800,
0x000002399da8c800, 0x000002399da8e800, 0x000002399da8f000, 0x000002399da90000,
0x000002399da8b000, 0x000002399da91800, 0x000002399da8c000, 0x00000239a0576000,
0x00000239a0579000, 0x00000239a0574800, 0x00000239a0576800, 0x00000239a0575000,
0x00000239a057d800, 0x00000239a0577800, 0x00000239a057e000, 0x00000239a057f000,
0x00000239a0580800, 0x00000239a057b000, 0x00000239a0581800, 0x00000239a057b800,
0x00000239a0582000, 0x00000239a0583000, 0x00000239a5035000, 0x00000239a5030800,
0x00000239a5034800, 0x00000239a5032800, 0x00000239a5036000, 0x00000239a5037000,
0x00000239a5031000, 0x00000239a5032000, 0x00000239a7af0000, 0x00000239a7af4000,
0x00000239a7af0800, 0x00000239a7af5000, 0x00000239a7aef000, 0x00000239a7af5800,
0x00000239a7af2800, 0x00000239a7af3000
}

Java Threads: ( => current thread )
  0x00000239ff83d800 JavaThread "main" [_thread_blocked, id=1996, stack(0x0000008fa8000000,0x0000008fa8100000)]
  0x000002399b686800 JavaThread "Reference Handler" daemon [_thread_blocked, id=2524, stack(0x0000008fa8700000,0x0000008fa8800000)]
  0x000002399b694800 JavaThread "Finalizer" daemon [_thread_blocked, id=6100, stack(0x0000008fa8800000,0x0000008fa8900000)]
  0x000002399b6e3800 JavaThread "Signal Dispatcher" daemon [_thread_blocked, id=8236, stack(0x0000008fa8900000,0x0000008fa8a00000)]
  0x000002399b6e6800 JavaThread "Attach Listener" daemon [_thread_blocked, id=5484, stack(0x0000008fa8a00000,0x0000008fa8b00000)]
  0x000002399b6ea800 JavaThread "Service Thread" daemon [_thread_blocked, id=6684, stack(0x0000008fa8b00000,0x0000008fa8c00000)]
  0x000002399b6ec000 JavaThread "C2 CompilerThread0" daemon [_thread_blocked, id=8668, stack(0x0000008fa8c00000,0x0000008fa8d00000)]
  0x000002399b6fc000 JavaThread "C1 CompilerThread0" daemon [_thread_blocked, id=8676, stack(0x0000008fa8d00000,0x0000008fa8e00000)]
  0x000002399b708000 JavaThread "Sweeper thread" daemon [_thread_blocked, id=8724, stack(0x0000008fa8e00000,0x0000008fa8f00000)]
  0x000002399c169000 JavaThread "Common-Cleaner" daemon [_thread_blocked, id=4916, stack(0x0000008fa8f00000,0x0000008fa9000000)]
  0x000002399cf52800 JavaThread "Daemon health stats" [_thread_blocked, id=2412, stack(0x0000008fa9200000,0x0000008fa9300000)]
  0x000002399d35c800 JavaThread "Incoming local TCP Connector on port 49784" [_thread_in_native, id=1000, stack(0x0000008fa9300000,0x0000008fa9400000)]
  0x000002399d2e6000 JavaThread "Daemon periodic checks" [_thread_blocked, id=2008, stack(0x0000008fa9400000,0x0000008fa9500000)]
  0x000002399cb48000 JavaThread "Daemon" [_thread_blocked, id=1692, stack(0x0000008fa9500000,0x0000008fa9600000)]
  0x000002399cb48800 JavaThread "Handler for socket connection from /127.0.0.1:49784 to /127.0.0.1:49785" [_thread_in_native, id=8408, stack(0x0000008fa9600000,0x0000008fa9700000)]
  0x000002399e517000 JavaThread "Cancel handler" [_thread_blocked, id=6264, stack(0x0000008fa9700000,0x0000008fa9800000)]
  0x000002399d50b000 JavaThread "Daemon worker" [_thread_blocked, id=6164, stack(0x0000008fa9800000,0x0000008fa9900000)]
  0x000002399d37b000 JavaThread "Asynchronous log dispatcher for DefaultDaemonConnection: socket connection from /127.0.0.1:49784 to /127.0.0.1:49785" [_thread_blocked, id=7896, stack(0x0000008fa9900000,0x0000008fa9a00000)]
  0x000002399da91000 JavaThread "Daemon client event forwarder" [_thread_blocked, id=1072, stack(0x0000008fa9b00000,0x0000008fa9c00000)]
  0x000002399da8d800 JavaThread "Cache worker for file hash cache (C:\Program Files\Java\jdk-17.0.1\caches\7.0.2\fileHashes)" [_thread_blocked, id=1684, stack(0x0000008fa9e00000,0x0000008fa9f00000)]
  0x000002399da8c800 JavaThread "File lock request listener" [_thread_in_native, id=1728, stack(0x0000008fa9f00000,0x0000008faa000000)]
  0x000002399da8e800 JavaThread "Cache worker for journal cache (C:\Program Files\Java\jdk-17.0.1\caches\journal-1)" [_thread_blocked, id=6948, stack(0x0000008faa000000,0x0000008faa100000)]
  0x000002399da8f000 JavaThread "Cache worker for file hash cache (C:\Users\MinhNgan\AndroidStudioProjects\Android_hepat\.gradle\7.0.2\fileHashes)" [_thread_blocked, id=2656, stack(0x0000008faa100000,0x0000008faa200000)]
  0x000002399da90000 JavaThread "File watcher server" daemon [_thread_blocked, id=1860, stack(0x0000008faa200000,0x0000008faa300000)]
  0x000002399da8b000 JavaThread "File watcher consumer" daemon [_thread_blocked, id=4380, stack(0x0000008faa300000,0x0000008faa400000)]
  0x000002399da91800 JavaThread "Cache worker for checksums cache (C:\Users\MinhNgan\AndroidStudioProjects\Android_hepat\.gradle\checksums)" [_thread_blocked, id=2164, stack(0x0000008faa400000,0x0000008faa500000)]
  0x000002399da8c000 JavaThread "Cache worker for cache directory md-supplier (C:\Program Files\Java\jdk-17.0.1\caches\7.0.2\md-supplier)" [_thread_blocked, id=2256, stack(0x0000008faa500000,0x0000008faa600000)]
  0x00000239a0576000 JavaThread "Cache worker for cache directory md-rule (C:\Program Files\Java\jdk-17.0.1\caches\7.0.2\md-rule)" [_thread_blocked, id=2416, stack(0x0000008faa600000,0x0000008faa700000)]
  0x00000239a0579000 JavaThread "Cache worker for execution history cache (C:\Program Files\Java\jdk-17.0.1\caches\7.0.2\executionHistory)" [_thread_blocked, id=2108, stack(0x0000008faa700000,0x0000008faa800000)]
  0x00000239a0574800 JavaThread "jar transforms" [_thread_blocked, id=1452, stack(0x0000008faa800000,0x0000008faa900000)]
  0x00000239a0576800 JavaThread "jar transforms Thread 2" [_thread_blocked, id=5260, stack(0x0000008faa900000,0x0000008faaa00000)]
  0x00000239a0575000 JavaThread "Cache worker for file content cache (C:\Program Files\Java\jdk-17.0.1\caches\7.0.2\fileContent)" [_thread_blocked, id=7688, stack(0x0000008faaa00000,0x0000008faab00000)]
  0x00000239a057d800 JavaThread "Cache worker for dependencies-accessors (C:\Users\MinhNgan\AndroidStudioProjects\Android_hepat\.gradle\7.0.2\dependencies-accessors)" [_thread_blocked, id=5156, stack(0x0000008faab00000,0x0000008faac00000)]
  0x00000239a0577800 JavaThread "jar transforms Thread 3" [_thread_blocked, id=2480, stack(0x0000008faac00000,0x0000008faad00000)]
  0x00000239a057e000 JavaThread "Cache worker for Build Output Cleanup Cache (C:\Users\MinhNgan\AndroidStudioProjects\Android_hepat\.gradle\buildOutputCleanup)" [_thread_blocked, id=2400, stack(0x0000008faad00000,0x0000008faae00000)]
  0x00000239a057f000 JavaThread "Build operations" [_thread_blocked, id=2632, stack(0x0000008faae00000,0x0000008faaf00000)]
  0x00000239a0580800 JavaThread "Build operations Thread 2" [_thread_blocked, id=2468, stack(0x0000008faaf00000,0x0000008fab000000)]
  0x00000239a057b000 JavaThread "Build operations Thread 3" [_thread_blocked, id=2408, stack(0x0000008fab000000,0x0000008fab100000)]
  0x00000239a0581800 JavaThread "Build operations Thread 4" [_thread_blocked, id=3708, stack(0x0000008fab100000,0x0000008fab200000)]
  0x00000239a057b800 JavaThread "jar transforms Thread 4" [_thread_blocked, id=3088, stack(0x0000008fab200000,0x0000008fab300000)]
  0x00000239a0582000 JavaThread "Memory manager" [_thread_blocked, id=2572, stack(0x0000008fab300000,0x0000008fab400000)]
  0x00000239a0583000 JavaThread "build event listener" [_thread_blocked, id=3500, stack(0x0000008fab400000,0x0000008fab500000)]
  0x00000239a5035000 JavaThread "Execution worker for ':'" [_thread_blocked, id=3964, stack(0x0000008fab500000,0x0000008fab600000)]
  0x00000239a5030800 JavaThread "Execution worker for ':' Thread 2" [_thread_blocked, id=1916, stack(0x0000008fab600000,0x0000008fab700000)]
  0x00000239a5034800 JavaThread "Execution worker for ':' Thread 3" [_thread_blocked, id=7584, stack(0x0000008fab700000,0x0000008fab800000)]
  0x00000239a5032800 JavaThread "Cache worker for execution history cache (C:\Users\MinhNgan\AndroidStudioProjects\Android_hepat\.gradle\7.0.2\executionHistory)" [_thread_blocked, id=8292, stack(0x0000008fab800000,0x0000008fab900000)]
  0x00000239a5036000 JavaThread "WorkerExecutor Queue Thread 2" [_thread_blocked, id=6616, stack(0x0000008fabc00000,0x0000008fabd00000)]
  0x00000239a5037000 JavaThread "WorkerExecutor Queue Thread 3" [_thread_blocked, id=4040, stack(0x0000008fabd00000,0x0000008fabe00000)]
  0x00000239a5031000 JavaThread "WorkerExecutor Queue Thread 4" [_thread_blocked, id=6856, stack(0x0000008fabe00000,0x0000008fabf00000)]
  0x00000239a5032000 JavaThread "Java2D Disposer" daemon [_thread_blocked, id=5556, stack(0x0000008fabf00000,0x0000008fac000000)]
  0x00000239a7af0000 JavaThread "pool-3-thread-1" [_thread_blocked, id=5664, stack(0x0000008fa7f00000,0x0000008fa8000000)]
  0x00000239a7af4000 JavaThread "stderr" [_thread_in_native, id=7860, stack(0x0000008fac000000,0x0000008fac100000)]
  0x00000239a7af0800 JavaThread "stdout" [_thread_in_native, id=5976, stack(0x0000008fac100000,0x0000008fac200000)]
  0x00000239a7af5000 JavaThread "WorkerExecutor Queue Thread 5" [_thread_blocked, id=7116, stack(0x0000008fa9a00000,0x0000008fa9b00000)]
  0x00000239a7aef000 JavaThread "ForkJoinPool-1-worker-3" daemon [_thread_blocked, id=4068, stack(0x0000008fabb00000,0x0000008fabc00000)]
  0x00000239a7af5800 JavaThread "ForkJoinPool-1-worker-5" daemon [_thread_blocked, id=5988, stack(0x0000008fac200000,0x0000008fac300000)]
  0x00000239a7af2800 JavaThread "ForkJoinPool-1-worker-7" daemon [_thread_blocked, id=3844, stack(0x0000008fac300000,0x0000008fac400000)]
  0x00000239a7af3000 JavaThread "ForkJoinPool-1-worker-1" daemon [_thread_blocked, id=2616, stack(0x0000008fac400000,0x0000008fac500000)]

Other Threads:
=>0x000002399b67f000 VMThread "VM Thread" [stack: 0x0000008fa8600000,0x0000008fa8700000] [id=1620]
  0x000002399c182800 WatcherThread [stack: 0x0000008fa9000000,0x0000008fa9100000] [id=3732]
  0x00000239ff854800 GCTaskThread "GC Thread#0" [stack: 0x0000008fa8100000,0x0000008fa8200000] [id=3300]
  0x000002399c41e000 GCTaskThread "GC Thread#1" [stack: 0x0000008fa9100000,0x0000008fa9200000] [id=4900]
  0x000002399ca92000 GCTaskThread "GC Thread#2" [stack: 0x0000008fa9c00000,0x0000008fa9d00000] [id=1112]
  0x000002399ca92800 GCTaskThread "GC Thread#3" [stack: 0x0000008fa9d00000,0x0000008fa9e00000] [id=8020]
  0x00000239ff887000 ConcurrentGCThread "G1 Main Marker" [stack: 0x0000008fa8200000,0x0000008fa8300000] [id=6000]
  0x00000239ff889000 ConcurrentGCThread "G1 Conc#0" [stack: 0x0000008fa8300000,0x0000008fa8400000] [id=7576]
  0x00000239ff8e0000 ConcurrentGCThread "G1 Refine#0" [stack: 0x0000008fa8400000,0x0000008fa8500000] [id=1028]
  0x00000239a4995800 ConcurrentGCThread "G1 Refine#1" [stack: 0x0000008fac500000,0x0000008fac600000] [id=368]
  0x00000239a4996000 ConcurrentGCThread "G1 Refine#2" [stack: 0x0000008fac600000,0x0000008fac700000] [id=6104]
  0x00000239ff8e1000 ConcurrentGCThread "G1 Young RemSet Sampling" [stack: 0x0000008fa8500000,0x0000008fa8600000] [id=688]

Threads with active compile tasks:
C2 CompilerThread0  81259 19731       4       com.android.tools.r8.graph.a0$$Lambda$1337/0x0000000100e58040::a (5 bytes)
C1 CompilerThread0  81259 20207       3       com.android.tools.r8.ir.conversion.k::a (149 bytes)

VM state:at safepoint (normal execution)

VM Mutex/Monitor currently owned by a thread:  ([mutex/lock_event])
[0x00000239ff3fb550] Threads_lock - owner thread: 0x000002399b67f000
[0x00000239ff3fa7d0] Heap_lock - owner thread: 0x00000239a7af5800
[0x00000239ff3fbee0] Compile_lock - owner thread: 0x000002399b6fc000

Heap address: 0x0000000080000000, size: 2048 MB, Compressed Oops mode: 32-bit
Narrow klass base: 0x0000000000000000, Narrow klass shift: 3
Compressed class space size: 1073741824 Address: 0x0000000100000000

Heap:
 garbage-first heap   total 506880K, used 196096K [0x0000000080000000, 0x0000000100000000)
  region size 1024K, 6 young (6144K), 6 survivors (6144K)
 Metaspace       used 118316K, capacity 121272K, committed 121724K, reserved 1155072K
  class space    used 14615K, capacity 15714K, committed 15872K, reserved 1048576K
Heap Regions: E=young(eden), S=young(survivor), O=old, HS=humongous(starts), HC=humongous(continues), CS=collection set, F=free, A=archive, TAMS=top-at-mark-start (previous, next)
|   0|0x0000000080000000, 0x0000000080100000, 0x0000000080100000|100%|HS|  |TAMS 0x0000000080100000, 0x0000000080000000| Complete 
|   1|0x0000000080100000, 0x0000000080200000, 0x0000000080200000|100%|HC|  |TAMS 0x0000000080200000, 0x0000000080100000| Complete 
|   2|0x0000000080200000, 0x0000000080300000, 0x0000000080300000|100%|HC|  |TAMS 0x0000000080300000, 0x0000000080200000| Complete 
|   3|0x0000000080300000, 0x0000000080400000, 0x0000000080400000|100%| O|  |TAMS 0x0000000080400000, 0x0000000080300000| Untracked 
|   4|0x0000000080400000, 0x0000000080500000, 0x0000000080500000|100%| O|  |TAMS 0x0000000080500000, 0x0000000080400000| Untracked 
|   5|0x0000000080500000, 0x0000000080600000, 0x0000000080600000|100%| O|  |TAMS 0x0000000080600000, 0x0000000080500000| Untracked 
|   6|0x0000000080600000, 0x0000000080700000, 0x0000000080700000|100%| O|  |TAMS 0x0000000080700000, 0x0000000080600000| Untracked 
|   7|0x0000000080700000, 0x0000000080800000, 0x0000000080800000|100%| O|  |TAMS 0x0000000080800000, 0x0000000080700000| Untracked 
|   8|0x0000000080800000, 0x0000000080900000, 0x0000000080900000|100%| O|  |TAMS 0x0000000080900000, 0x0000000080800000| Untracked 
|   9|0x0000000080900000, 0x0000000080a00000, 0x0000000080a00000|100%| O|  |TAMS 0x0000000080a00000, 0x0000000080900000| Complete 
|  10|0x0000000080a00000, 0x0000000080b00000, 0x0000000080b00000|100%| O|  |TAMS 0x0000000080b00000, 0x0000000080a00000| Untracked 
|  11|0x0000000080b00000, 0x0000000080c00000, 0x0000000080c00000|100%| O|  |TAMS 0x0000000080c00000, 0x0000000080b00000| Complete 
|  12|0x0000000080c00000, 0x0000000080d00000, 0x0000000080d00000|100%| O|  |TAMS 0x0000000080d00000, 0x0000000080c00000| Untracked 
|  13|0x0000000080d00000, 0x0000000080e00000, 0x0000000080e00000|100%| O|  |TAMS 0x0000000080e00000, 0x0000000080d00000| Untracked 
|  14|0x0000000080e00000, 0x0000000080f00000, 0x0000000080f00000|100%| O|  |TAMS 0x0000000080f00000, 0x0000000080e00000| Untracked 
|  15|0x0000000080f00000, 0x0000000081000000, 0x0000000081000000|100%| O|  |TAMS 0x0000000081000000, 0x0000000080f00000| Complete 
|  16|0x0000000081000000, 0x0000000081100000, 0x0000000081100000|100%| O|  |TAMS 0x0000000081100000, 0x0000000081000000| Untracked 
|  17|0x0000000081100000, 0x0000000081200000, 0x0000000081200000|100%| O|  |TAMS 0x0000000081200000, 0x0000000081100000| Untracked 
|  18|0x0000000081200000, 0x0000000081300000, 0x0000000081300000|100%| O|  |TAMS 0x0000000081300000, 0x0000000081200000| Untracked 
|  19|0x0000000081300000, 0x0000000081400000, 0x0000000081400000|100%| O|  |TAMS 0x0000000081400000, 0x0000000081300000| Untracked 
|  20|0x0000000081400000, 0x0000000081500000, 0x0000000081500000|100%| O|  |TAMS 0x0000000081500000, 0x0000000081400000| Untracked 
|  21|0x0000000081500000, 0x0000000081600000, 0x0000000081600000|100%| O|  |TAMS 0x0000000081600000, 0x0000000081500000| Untracked 
|  22|0x0000000081600000, 0x0000000081700000, 0x0000000081700000|100%|HS|  |TAMS 0x0000000081700000, 0x0000000081600000| Complete 
|  23|0x0000000081700000, 0x0000000081800000, 0x0000000081800000|100%| O|  |TAMS 0x0000000081800000, 0x0000000081700000| Untracked 
|  24|0x0000000081800000, 0x0000000081900000, 0x0000000081900000|100%| O|  |TAMS 0x0000000081900000, 0x0000000081800000| Untracked 
|  25|0x0000000081900000, 0x0000000081a00000, 0x0000000081a00000|100%| O|  |TAMS 0x0000000081a00000, 0x0000000081900000| Untracked 
|  26|0x0000000081a00000, 0x0000000081b00000, 0x0000000081b00000|100%| O|  |TAMS 0x0000000081b00000, 0x0000000081a00000| Untracked 
|  27|0x0000000081b00000, 0x0000000081c00000, 0x0000000081c00000|100%|HS|  |TAMS 0x0000000081c00000, 0x0000000081b00000| Complete 
|  28|0x0000000081c00000, 0x0000000081d00000, 0x0000000081d00000|100%|HS|  |TAMS 0x0000000081d00000, 0x0000000081c00000| Complete 
|  29|0x0000000081d00000, 0x0000000081e00000, 0x0000000081e00000|100%|HC|  |TAMS 0x0000000081e00000, 0x0000000081d00000| Complete 
|  30|0x0000000081e00000, 0x0000000081f00000, 0x0000000081f00000|100%| O|  |TAMS 0x0000000081f00000, 0x0000000081e00000| Untracked 
|  31|0x0000000081f00000, 0x0000000082000000, 0x0000000082000000|100%| O|  |TAMS 0x0000000082000000, 0x0000000081f00000| Untracked 
|  32|0x0000000082000000, 0x0000000082100000, 0x0000000082100000|100%| O|  |TAMS 0x0000000082100000, 0x0000000082000000| Untracked 
|  33|0x0000000082100000, 0x0000000082200000, 0x0000000082200000|100%| O|  |TAMS 0x0000000082200000, 0x0000000082100000| Untracked 
|  34|0x0000000082200000, 0x0000000082300000, 0x0000000082300000|100%| O|  |TAMS 0x0000000082300000, 0x0000000082200000| Untracked 
|  35|0x0000000082300000, 0x0000000082400000, 0x0000000082400000|100%| O|  |TAMS 0x0000000082400000, 0x0000000082300000| Untracked 
|  36|0x0000000082400000, 0x0000000082500000, 0x0000000082500000|100%| O|  |TAMS 0x0000000082500000, 0x0000000082400000| Complete 
|  37|0x0000000082500000, 0x0000000082600000, 0x0000000082600000|100%| O|  |TAMS 0x0000000082600000, 0x0000000082500000| Untracked 
|  38|0x0000000082600000, 0x0000000082700000, 0x0000000082700000|100%| O|  |TAMS 0x0000000082700000, 0x0000000082600000| Untracked 
|  39|0x0000000082700000, 0x0000000082800000, 0x0000000082800000|100%| O|  |TAMS 0x0000000082800000, 0x0000000082700000| Untracked 
|  40|0x0000000082800000, 0x0000000082900000, 0x0000000082900000|100%| O|  |TAMS 0x0000000082900000, 0x0000000082800000| Untracked 
|  41|0x0000000082900000, 0x0000000082a00000, 0x0000000082a00000|100%| O|  |TAMS 0x0000000082a00000, 0x0000000082900000| Untracked 
|  42|0x0000000082a00000, 0x0000000082b00000, 0x0000000082b00000|100%| O|  |TAMS 0x0000000082b00000, 0x0000000082a00000| Complete 
|  43|0x0000000082b00000, 0x0000000082c00000, 0x0000000082c00000|100%| O|  |TAMS 0x0000000082c00000, 0x0000000082b00000| Untracked 
|  44|0x0000000082c00000, 0x0000000082d00000, 0x0000000082d00000|100%| O|  |TAMS 0x0000000082d00000, 0x0000000082c00000| Untracked 
|  45|0x0000000082d00000, 0x0000000082e00000, 0x0000000082e00000|100%| O|  |TAMS 0x0000000082e00000, 0x0000000082d00000| Untracked 
|  46|0x0000000082e00000, 0x0000000082f00000, 0x0000000082f00000|100%| O|  |TAMS 0x0000000082f00000, 0x0000000082e00000| Complete 
|  47|0x0000000082f00000, 0x0000000083000000, 0x0000000083000000|100%| O|  |TAMS 0x0000000083000000, 0x0000000082f00000| Untracked 
|  48|0x0000000083000000, 0x0000000083100000, 0x0000000083100000|100%| O|  |TAMS 0x0000000083100000, 0x0000000083000000| Untracked 
|  49|0x0000000083100000, 0x0000000083200000, 0x0000000083200000|100%| O|  |TAMS 0x0000000083200000, 0x0000000083100000| Untracked 
|  50|0x0000000083200000, 0x0000000083300000, 0x0000000083300000|100%| O|  |TAMS 0x0000000083300000, 0x0000000083200000| Complete 
|  51|0x0000000083300000, 0x0000000083400000, 0x0000000083400000|100%| O|  |TAMS 0x0000000083400000, 0x0000000083300000| Untracked 
|  52|0x0000000083400000, 0x0000000083500000, 0x0000000083500000|100%| O|  |TAMS 0x0000000083500000, 0x0000000083400000| Untracked 
|  53|0x0000000083500000, 0x0000000083600000, 0x0000000083600000|100%| O|  |TAMS 0x0000000083600000, 0x0000000083500000| Untracked 
|  54|0x0000000083600000, 0x0000000083700000, 0x0000000083700000|100%| O|  |TAMS 0x0000000083700000, 0x0000000083600000| Untracked 
|  55|0x0000000083700000, 0x0000000083800000, 0x0000000083800000|100%| O|  |TAMS 0x0000000083800000, 0x0000000083700000| Untracked 
|  56|0x0000000083800000, 0x0000000083900000, 0x0000000083900000|100%| O|  |TAMS 0x0000000083900000, 0x0000000083800000| Complete 
|  57|0x0000000083900000, 0x0000000083a00000, 0x0000000083a00000|100%| O|  |TAMS 0x0000000083a00000, 0x0000000083900000| Untracked 
|  58|0x0000000083a00000, 0x0000000083b00000, 0x0000000083b00000|100%| O|  |TAMS 0x0000000083b00000, 0x0000000083a00000| Untracked 
|  59|0x0000000083b00000, 0x0000000083c00000, 0x0000000083c00000|100%| O|  |TAMS 0x0000000083c00000, 0x0000000083b00000| Untracked 
|  60|0x0000000083c00000, 0x0000000083d00000, 0x0000000083d00000|100%| O|  |TAMS 0x0000000083d00000, 0x0000000083c00000| Untracked 
|  61|0x0000000083d00000, 0x0000000083e00000, 0x0000000083e00000|100%| O|  |TAMS 0x0000000083e00000, 0x0000000083d00000| Untracked 
|  62|0x0000000083e00000, 0x0000000083f00000, 0x0000000083f00000|100%| O|  |TAMS 0x0000000083f00000, 0x0000000083e00000| Untracked 
|  63|0x0000000083f00000, 0x0000000084000000, 0x0000000084000000|100%| O|  |TAMS 0x0000000084000000, 0x0000000083f00000| Complete 
|  64|0x0000000084000000, 0x0000000084100000, 0x0000000084100000|100%| O|  |TAMS 0x0000000084100000, 0x0000000084000000| Untracked 
|  65|0x0000000084100000, 0x0000000084200000, 0x0000000084200000|100%| O|  |TAMS 0x0000000084200000, 0x0000000084100000| Complete 
|  66|0x0000000084200000, 0x0000000084300000, 0x0000000084300000|100%| O|  |TAMS 0x0000000084300000, 0x0000000084200000| Complete 
|  67|0x0000000084300000, 0x0000000084400000, 0x0000000084400000|100%| O|  |TAMS 0x0000000084400000, 0x0000000084300000| Complete 
|  68|0x0000000084400000, 0x0000000084500000, 0x0000000084500000|100%| O|  |TAMS 0x0000000084500000, 0x0000000084400000| Complete 
|  69|0x0000000084500000, 0x0000000084600000, 0x0000000084600000|100%| O|  |TAMS 0x0000000084600000, 0x0000000084500000| Untracked 
|  70|0x0000000084600000, 0x0000000084700000, 0x0000000084700000|100%| O|  |TAMS 0x0000000084700000, 0x0000000084600000| Complete 
|  71|0x0000000084700000, 0x0000000084800000, 0x0000000084800000|100%| O|  |TAMS 0x0000000084800000, 0x0000000084700000| Complete 
|  72|0x0000000084800000, 0x0000000084900000, 0x0000000084900000|100%| O|  |TAMS 0x0000000084900000, 0x0000000084800000| Complete 
|  73|0x0000000084900000, 0x0000000084a00000, 0x0000000084a00000|100%| O|  |TAMS 0x0000000084900000, 0x0000000084900000| Untracked 
|  74|0x0000000084a00000, 0x0000000084b00000, 0x0000000084b00000|100%| O|  |TAMS 0x0000000084b00000, 0x0000000084a00000| Complete 
|  75|0x0000000084b00000, 0x0000000084c00000, 0x0000000084c00000|100%| O|  |TAMS 0x0000000084c00000, 0x0000000084b00000| Complete 
|  76|0x0000000084c00000, 0x0000000084d00000, 0x0000000084d00000|100%| O|  |TAMS 0x0000000084d00000, 0x0000000084c00000| Complete 
|  77|0x0000000084d00000, 0x0000000084e00000, 0x0000000084e00000|100%| O|  |TAMS 0x0000000084e00000, 0x0000000084d00000| Complete 
|  78|0x0000000084e00000, 0x0000000084f00000, 0x0000000084f00000|100%| O|  |TAMS 0x0000000084f00000, 0x0000000084e00000| Complete 
|  79|0x0000000084f00000, 0x0000000085000000, 0x0000000085000000|100%| O|  |TAMS 0x0000000085000000, 0x0000000084f00000| Untracked 
|  80|0x0000000085000000, 0x0000000085100000, 0x0000000085100000|100%| O|  |TAMS 0x0000000085100000, 0x0000000085000000| Untracked 
|  81|0x0000000085100000, 0x0000000085200000, 0x0000000085200000|100%| O|  |TAMS 0x0000000085200000, 0x0000000085100000| Complete 
|  82|0x0000000085200000, 0x0000000085300000, 0x0000000085300000|100%| O|  |TAMS 0x0000000085300000, 0x0000000085200000| Complete 
|  83|0x0000000085300000, 0x0000000085400000, 0x0000000085400000|100%| O|  |TAMS 0x0000000085400000, 0x0000000085300000| Complete 
|  84|0x0000000085400000, 0x0000000085500000, 0x0000000085500000|100%| O|  |TAMS 0x0000000085500000, 0x0000000085400000| Complete 
|  85|0x0000000085500000, 0x0000000085600000, 0x0000000085600000|100%| O|  |TAMS 0x0000000085600000, 0x0000000085500000| Untracked 
|  86|0x0000000085600000, 0x0000000085700000, 0x0000000085700000|100%| O|  |TAMS 0x0000000085700000, 0x0000000085600000| Complete 
|  87|0x0000000085700000, 0x0000000085800000, 0x0000000085800000|100%|HS|  |TAMS 0x0000000085800000, 0x0000000085700000| Complete 
|  88|0x0000000085800000, 0x0000000085900000, 0x0000000085900000|100%|HC|  |TAMS 0x0000000085900000, 0x0000000085800000| Complete 
|  89|0x0000000085900000, 0x0000000085a00000, 0x0000000085a00000|100%| O|  |TAMS 0x0000000085a00000, 0x0000000085900000| Complete 
|  90|0x0000000085a00000, 0x0000000085b00000, 0x0000000085b00000|100%| O|  |TAMS 0x0000000085b00000, 0x0000000085a00000| Complete 
|  91|0x0000000085b00000, 0x0000000085c00000, 0x0000000085c00000|100%| O|  |TAMS 0x0000000085c00000, 0x0000000085b00000| Complete 
|  92|0x0000000085c00000, 0x0000000085d00000, 0x0000000085d00000|100%|HS|  |TAMS 0x0000000085d00000, 0x0000000085c00000| Complete 
|  93|0x0000000085d00000, 0x0000000085e00000, 0x0000000085e00000|100%|HS|  |TAMS 0x0000000085e00000, 0x0000000085d00000| Complete 
|  94|0x0000000085e00000, 0x0000000085f00000, 0x0000000085f00000|100%| O|  |TAMS 0x0000000085f00000, 0x0000000085e00000| Complete 
|  95|0x0000000085f00000, 0x0000000086000000, 0x0000000086000000|100%| O|  |TAMS 0x0000000086000000, 0x0000000085f00000| Complete 
|  96|0x0000000086000000, 0x0000000086100000, 0x0000000086100000|100%| O|  |TAMS 0x0000000086100000, 0x0000000086000000| Complete 
|  97|0x0000000086100000, 0x0000000086200000, 0x0000000086200000|100%|HS|  |TAMS 0x0000000086200000, 0x0000000086100000| Complete 
|  98|0x0000000086200000, 0x0000000086300000, 0x0000000086300000|100%| O|  |TAMS 0x0000000086300000, 0x0000000086200000| Complete 
|  99|0x0000000086300000, 0x0000000086400000, 0x0000000086400000|100%| O|  |TAMS 0x0000000086400000, 0x0000000086300000| Complete 
| 100|0x0000000086400000, 0x0000000086500000, 0x0000000086500000|100%| O|  |TAMS 0x0000000086500000, 0x0000000086400000| Complete 
| 101|0x0000000086500000, 0x0000000086600000, 0x0000000086600000|100%| O|  |TAMS 0x0000000086600000, 0x0000000086500000| Complete 
| 102|0x0000000086600000, 0x0000000086700000, 0x0000000086700000|100%| O|  |TAMS 0x0000000086700000, 0x0000000086600000| Complete 
| 103|0x0000000086700000, 0x0000000086800000, 0x0000000086800000|100%|HS|  |TAMS 0x0000000086800000, 0x0000000086700000| Complete 
| 104|0x0000000086800000, 0x0000000086900000, 0x0000000086900000|100%|HS|  |TAMS 0x0000000086900000, 0x0000000086800000| Complete 
| 105|0x0000000086900000, 0x0000000086a00000, 0x0000000086a00000|100%|HS|  |TAMS 0x0000000086a00000, 0x0000000086900000| Complete 
| 106|0x0000000086a00000, 0x0000000086b00000, 0x0000000086b00000|100%|HS|  |TAMS 0x0000000086b00000, 0x0000000086a00000| Complete 
| 107|0x0000000086b00000, 0x0000000086c00000, 0x0000000086c00000|100%|HC|  |TAMS 0x0000000086c00000, 0x0000000086b00000| Complete 
| 108|0x0000000086c00000, 0x0000000086d00000, 0x0000000086d00000|100%| O|  |TAMS 0x0000000086d00000, 0x0000000086c00000| Untracked 
| 109|0x0000000086d00000, 0x0000000086e00000, 0x0000000086e00000|100%|HS|  |TAMS 0x0000000086e00000, 0x0000000086d00000| Complete 
| 110|0x0000000086e00000, 0x0000000086f00000, 0x0000000086f00000|100%| O|  |TAMS 0x0000000086f00000, 0x0000000086e00000| Untracked 
| 111|0x0000000086f00000, 0x0000000087000000, 0x0000000087000000|100%|HS|  |TAMS 0x0000000087000000, 0x0000000086f00000| Complete 
| 112|0x0000000087000000, 0x0000000087100000, 0x0000000087100000|100%| O|  |TAMS 0x0000000087100000, 0x0000000087000000| Untracked 
| 113|0x0000000087100000, 0x0000000087200000, 0x0000000087200000|100%|HS|  |TAMS 0x0000000087200000, 0x0000000087100000| Complete 
| 114|0x0000000087200000, 0x0000000087300000, 0x0000000087300000|100%| O|  |TAMS 0x0000000087300000, 0x0000000087200000| Complete 
| 115|0x0000000087300000, 0x0000000087400000, 0x0000000087400000|100%| O|  |TAMS 0x0000000087400000, 0x0000000087300000| Complete 
| 116|0x0000000087400000, 0x0000000087500000, 0x0000000087500000|100%|HS|  |TAMS 0x0000000087500000, 0x0000000087400000| Complete 
| 117|0x0000000087500000, 0x0000000087600000, 0x0000000087600000|100%| O|  |TAMS 0x0000000087600000, 0x0000000087500000| Complete 
| 118|0x0000000087600000, 0x0000000087700000, 0x0000000087700000|100%| O|  |TAMS 0x0000000087700000, 0x0000000087600000| Untracked 
| 119|0x0000000087700000, 0x0000000087800000, 0x0000000087800000|100%| O|  |TAMS 0x0000000087800000, 0x0000000087700000| Untracked 
| 120|0x0000000087800000, 0x0000000087900000, 0x0000000087900000|100%| O|  |TAMS 0x0000000087900000, 0x0000000087800000| Complete 
| 121|0x0000000087900000, 0x0000000087a00000, 0x0000000087a00000|100%| O|  |TAMS 0x0000000087a00000, 0x0000000087900000| Untracked 
| 122|0x0000000087a00000, 0x0000000087b00000, 0x0000000087b00000|100%| O|  |TAMS 0x0000000087b00000, 0x0000000087a00000| Untracked 
| 123|0x0000000087b00000, 0x0000000087c00000, 0x0000000087c00000|100%| O|  |TAMS 0x0000000087c00000, 0x0000000087b00000| Untracked 
| 124|0x0000000087c00000, 0x0000000087d00000, 0x0000000087d00000|100%| O|  |TAMS 0x0000000087d00000, 0x0000000087c00000| Complete 
| 125|0x0000000087d00000, 0x0000000087e00000, 0x0000000087e00000|100%| O|  |TAMS 0x0000000087e00000, 0x0000000087d00000| Untracked 
| 126|0x0000000087e00000, 0x0000000087f00000, 0x0000000087f00000|100%| O|  |TAMS 0x0000000087f00000, 0x0000000087e00000| Complete 
| 127|0x0000000087f00000, 0x0000000088000000, 0x0000000088000000|100%| O|  |TAMS 0x0000000088000000, 0x0000000087f00000| Complete 
| 128|0x0000000088000000, 0x0000000088100000, 0x0000000088100000|100%| O|  |TAMS 0x0000000088100000, 0x0000000088000000| Untracked 
| 129|0x0000000088100000, 0x0000000088200000, 0x0000000088200000|100%| O|  |TAMS 0x0000000088200000, 0x0000000088100000| Untracked 
| 130|0x0000000088200000, 0x0000000088300000, 0x0000000088300000|100%| O|  |TAMS 0x0000000088300000, 0x0000000088200000| Untracked 
| 131|0x0000000088300000, 0x0000000088400000, 0x0000000088400000|100%| O|  |TAMS 0x0000000088400000, 0x0000000088300000| Untracked 
| 132|0x0000000088400000, 0x0000000088500000, 0x0000000088500000|100%| O|  |TAMS 0x0000000088500000, 0x0000000088400000| Untracked 
| 133|0x0000000088500000, 0x0000000088600000, 0x0000000088600000|100%| O|  |TAMS 0x0000000088600000, 0x0000000088500000| Untracked 
| 134|0x0000000088600000, 0x0000000088700000, 0x0000000088700000|100%| O|  |TAMS 0x0000000088700000, 0x0000000088600000| Untracked 
| 135|0x0000000088700000, 0x0000000088800000, 0x0000000088800000|100%| O|  |TAMS 0x0000000088800000, 0x0000000088700000| Untracked 
| 136|0x0000000088800000, 0x0000000088900000, 0x0000000088900000|100%| O|  |TAMS 0x0000000088900000, 0x0000000088800000| Untracked 
| 137|0x0000000088900000, 0x0000000088a00000, 0x0000000088a00000|100%| O|  |TAMS 0x0000000088a00000, 0x0000000088900000| Untracked 
| 138|0x0000000088a00000, 0x0000000088b00000, 0x0000000088b00000|100%| O|  |TAMS 0x0000000088b00000, 0x0000000088a00000| Untracked 
| 139|0x0000000088b00000, 0x0000000088c00000, 0x0000000088c00000|100%| O|  |TAMS 0x0000000088c00000, 0x0000000088b00000| Untracked 
| 140|0x0000000088c00000, 0x0000000088d00000, 0x0000000088d00000|100%| O|  |TAMS 0x0000000088d00000, 0x0000000088c00000| Untracked 
| 141|0x0000000088d00000, 0x0000000088e00000, 0x0000000088e00000|100%| O|  |TAMS 0x0000000088e00000, 0x0000000088d00000| Untracked 
| 142|0x0000000088e00000, 0x0000000088f00000, 0x0000000088f00000|100%| O|  |TAMS 0x0000000088f00000, 0x0000000088e00000| Untracked 
| 143|0x0000000088f00000, 0x0000000089000000, 0x0000000089000000|100%| O|  |TAMS 0x0000000089000000, 0x0000000088f00000| Untracked 
| 144|0x0000000089000000, 0x0000000089100000, 0x0000000089100000|100%| O|  |TAMS 0x0000000089100000, 0x0000000089000000| Untracked 
| 145|0x0000000089100000, 0x0000000089200000, 0x0000000089200000|100%| O|  |TAMS 0x0000000089200000, 0x0000000089100000| Untracked 
| 146|0x0000000089200000, 0x0000000089300000, 0x0000000089300000|100%| O|  |TAMS 0x0000000089300000, 0x0000000089200000| Untracked 
| 147|0x0000000089300000, 0x0000000089400000, 0x0000000089400000|100%| O|  |TAMS 0x0000000089400000, 0x0000000089300000| Untracked 
| 148|0x0000000089400000, 0x0000000089500000, 0x0000000089500000|100%| O|  |TAMS 0x0000000089500000, 0x0000000089400000| Untracked 
| 149|0x0000000089500000, 0x0000000089600000, 0x0000000089600000|100%| O|  |TAMS 0x0000000089600000, 0x0000000089500000| Untracked 
| 150|0x0000000089600000, 0x0000000089700000, 0x0000000089700000|100%| O|  |TAMS 0x0000000089700000, 0x0000000089600000| Untracked 
| 151|0x0000000089700000, 0x0000000089800000, 0x0000000089800000|100%| O|  |TAMS 0x0000000089800000, 0x0000000089700000| Untracked 
| 152|0x0000000089800000, 0x0000000089900000, 0x0000000089900000|100%| O|  |TAMS 0x0000000089900000, 0x0000000089800000| Untracked 
| 153|0x0000000089900000, 0x0000000089a00000, 0x0000000089a00000|100%| O|  |TAMS 0x0000000089a00000, 0x0000000089900000| Untracked 
| 154|0x0000000089a00000, 0x0000000089b00000, 0x0000000089b00000|100%| O|  |TAMS 0x0000000089b00000, 0x0000000089a00000| Untracked 
| 155|0x0000000089b00000, 0x0000000089c00000, 0x0000000089c00000|100%| O|  |TAMS 0x0000000089c00000, 0x0000000089b00000| Untracked 
| 156|0x0000000089c00000, 0x0000000089d00000, 0x0000000089d00000|100%| O|  |TAMS 0x0000000089d00000, 0x0000000089c00000| Untracked 
| 157|0x0000000089d00000, 0x0000000089e00000, 0x0000000089e00000|100%| O|  |TAMS 0x0000000089e00000, 0x0000000089d00000| Untracked 
| 158|0x0000000089e00000, 0x0000000089f00000, 0x0000000089f00000|100%| O|  |TAMS 0x0000000089f00000, 0x0000000089e00000| Untracked 
| 159|0x0000000089f00000, 0x000000008a000000, 0x000000008a000000|100%| O|  |TAMS 0x000000008a000000, 0x0000000089f00000| Untracked 
| 160|0x000000008a000000, 0x000000008a100000, 0x000000008a100000|100%| O|  |TAMS 0x000000008a100000, 0x000000008a000000| Untracked 
| 161|0x000000008a100000, 0x000000008a200000, 0x000000008a200000|100%| O|  |TAMS 0x000000008a200000, 0x000000008a100000| Untracked 
| 162|0x000000008a200000, 0x000000008a300000, 0x000000008a300000|100%| O|  |TAMS 0x000000008a300000, 0x000000008a200000| Untracked 
| 163|0x000000008a300000, 0x000000008a400000, 0x000000008a400000|100%| O|  |TAMS 0x000000008a400000, 0x000000008a300000| Untracked 
| 164|0x000000008a400000, 0x000000008a500000, 0x000000008a500000|100%| O|  |TAMS 0x000000008a500000, 0x000000008a400000| Untracked 
| 165|0x000000008a500000, 0x000000008a600000, 0x000000008a600000|100%| O|  |TAMS 0x000000008a600000, 0x000000008a500000| Untracked 
| 166|0x000000008a600000, 0x000000008a700000, 0x000000008a700000|100%| O|  |TAMS 0x000000008a700000, 0x000000008a600000| Untracked 
| 167|0x000000008a700000, 0x000000008a800000, 0x000000008a800000|100%| O|  |TAMS 0x000000008a800000, 0x000000008a700000| Untracked 
| 168|0x000000008a800000, 0x000000008a900000, 0x000000008a900000|100%| O|  |TAMS 0x000000008a900000, 0x000000008a800000| Untracked 
| 169|0x000000008a900000, 0x000000008aa00000, 0x000000008aa00000|100%| O|  |TAMS 0x000000008aa00000, 0x000000008a900000| Untracked 
| 170|0x000000008aa00000, 0x000000008ab00000, 0x000000008ab00000|100%| O|  |TAMS 0x000000008ab00000, 0x000000008aa00000| Untracked 
| 171|0x000000008ab00000, 0x000000008ac00000, 0x000000008ac00000|100%| O|  |TAMS 0x000000008ac00000, 0x000000008ab00000| Untracked 
| 172|0x000000008ac00000, 0x000000008ad00000, 0x000000008ad00000|100%| O|  |TAMS 0x000000008ad00000, 0x000000008ac00000| Untracked 
| 173|0x000000008ad00000, 0x000000008ae00000, 0x000000008ae00000|100%| O|  |TAMS 0x000000008ae00000, 0x000000008ad00000| Untracked 
| 174|0x000000008ae00000, 0x000000008af00000, 0x000000008af00000|100%| O|  |TAMS 0x000000008af00000, 0x000000008ae00000| Untracked 
| 175|0x000000008af00000, 0x000000008b000000, 0x000000008b000000|100%| O|  |TAMS 0x000000008af00000, 0x000000008af00000| Untracked 
| 176|0x000000008b000000, 0x000000008b100000, 0x000000008b100000|100%| O|  |TAMS 0x000000008b000000, 0x000000008b000000| Untracked 
| 177|0x000000008b100000, 0x000000008b200000, 0x000000008b200000|100%| O|  |TAMS 0x000000008b100000, 0x000000008b100000| Untracked 
| 178|0x000000008b200000, 0x000000008b300000, 0x000000008b300000|100%| O|  |TAMS 0x000000008b200000, 0x000000008b200000| Untracked 
| 179|0x000000008b300000, 0x000000008b400000, 0x000000008b400000|100%| O|  |TAMS 0x000000008b300000, 0x000000008b300000| Untracked 
| 180|0x000000008b400000, 0x000000008b480000, 0x000000008b500000| 50%| O|  |TAMS 0x000000008b400000, 0x000000008b400000| Untracked 
| 181|0x000000008b500000, 0x000000008b500000, 0x000000008b600000|  0%| F|  |TAMS 0x000000008b500000, 0x000000008b500000| Untracked 
| 182|0x000000008b600000, 0x000000008b600000, 0x000000008b700000|  0%| F|  |TAMS 0x000000008b600000, 0x000000008b600000| Untracked 
| 183|0x000000008b700000, 0x000000008b700000, 0x000000008b800000|  0%| F|  |TAMS 0x000000008b700000, 0x000000008b700000| Untracked 
| 184|0x000000008b800000, 0x000000008b800000, 0x000000008b900000|  0%| F|  |TAMS 0x000000008b800000, 0x000000008b800000| Untracked 
| 185|0x000000008b900000, 0x000000008b900000, 0x000000008ba00000|  0%| F|  |TAMS 0x000000008b900000, 0x000000008b900000| Untracked 
| 186|0x000000008ba00000, 0x000000008ba00000, 0x000000008bb00000|  0%| F|  |TAMS 0x000000008ba00000, 0x000000008ba00000| Untracked 
| 187|0x000000008bb00000, 0x000000008bb00000, 0x000000008bc00000|  0%| F|  |TAMS 0x000000008bb00000, 0x000000008bb00000| Untracked 
| 188|0x000000008bc00000, 0x000000008bc00000, 0x000000008bd00000|  0%| F|  |TAMS 0x000000008bc00000, 0x000000008bc00000| Untracked 
| 189|0x000000008bd00000, 0x000000008bd00000, 0x000000008be00000|  0%| F|  |TAMS 0x000000008bd00000, 0x000000008bd00000| Untracked 
| 190|0x000000008be00000, 0x000000008be00000, 0x000000008bf00000|  0%| F|  |TAMS 0x000000008be00000, 0x000000008be00000| Untracked 
| 191|0x000000008bf00000, 0x000000008c000000, 0x000000008c000000|100%| O|  |TAMS 0x000000008c000000, 0x000000008bf00000| Untracked 
| 192|0x000000008c000000, 0x000000008c100000, 0x000000008c100000|100%| O|  |TAMS 0x000000008c100000, 0x000000008c000000| Untracked 
| 193|0x000000008c100000, 0x000000008c200000, 0x000000008c200000|100%| O|  |TAMS 0x000000008c200000, 0x000000008c100000| Complete 
| 194|0x000000008c200000, 0x000000008c300000, 0x000000008c300000|100%| O|  |TAMS 0x000000008c300000, 0x000000008c200000| Untracked 
| 195|0x000000008c300000, 0x000000008c400000, 0x000000008c400000|100%| O|  |TAMS 0x000000008c380000, 0x000000008c300000| Untracked 
| 196|0x000000008c400000, 0x000000008c400000, 0x000000008c500000|  0%| F|  |TAMS 0x000000008c400000, 0x000000008c400000| Untracked 
| 197|0x000000008c500000, 0x000000008c500000, 0x000000008c600000|  0%| F|  |TAMS 0x000000008c500000, 0x000000008c500000| Untracked 
| 198|0x000000008c600000, 0x000000008c600000, 0x000000008c700000|  0%| F|  |TAMS 0x000000008c600000, 0x000000008c600000| Untracked 
| 199|0x000000008c700000, 0x000000008c700000, 0x000000008c800000|  0%| F|  |TAMS 0x000000008c700000, 0x000000008c700000| Untracked 
| 200|0x000000008c800000, 0x000000008c800000, 0x000000008c900000|  0%| F|  |TAMS 0x000000008c800000, 0x000000008c800000| Untracked 
| 201|0x000000008c900000, 0x000000008c900000, 0x000000008ca00000|  0%| F|  |TAMS 0x000000008c900000, 0x000000008c900000| Untracked 
| 202|0x000000008ca00000, 0x000000008ca00000, 0x000000008cb00000|  0%| F|  |TAMS 0x000000008ca00000, 0x000000008ca00000| Untracked 
| 203|0x000000008cb00000, 0x000000008cb00000, 0x000000008cc00000|  0%| F|  |TAMS 0x000000008cb00000, 0x000000008cb00000| Untracked 
| 204|0x000000008cc00000, 0x000000008cc00000, 0x000000008cd00000|  0%| F|  |TAMS 0x000000008cc00000, 0x000000008cc00000| Untracked 
| 205|0x000000008cd00000, 0x000000008cd00000, 0x000000008ce00000|  0%| F|  |TAMS 0x000000008cd00000, 0x000000008cd00000| Untracked 
| 206|0x000000008ce00000, 0x000000008ce00000, 0x000000008cf00000|  0%| F|  |TAMS 0x000000008ce00000, 0x000000008ce00000| Untracked 
| 207|0x000000008cf00000, 0x000000008cf00000, 0x000000008d000000|  0%| F|  |TAMS 0x000000008cf00000, 0x000000008cf00000| Untracked 
| 208|0x000000008d000000, 0x000000008d000000, 0x000000008d100000|  0%| F|  |TAMS 0x000000008d000000, 0x000000008d000000| Untracked 
| 209|0x000000008d100000, 0x000000008d100000, 0x000000008d200000|  0%| F|  |TAMS 0x000000008d100000, 0x000000008d100000| Untracked 
| 210|0x000000008d200000, 0x000000008d200000, 0x000000008d300000|  0%| F|  |TAMS 0x000000008d200000, 0x000000008d200000| Untracked 
| 211|0x000000008d300000, 0x000000008d300000, 0x000000008d400000|  0%| F|  |TAMS 0x000000008d300000, 0x000000008d300000| Untracked 
| 212|0x000000008d400000, 0x000000008d400000, 0x000000008d500000|  0%| F|  |TAMS 0x000000008d400000, 0x000000008d400000| Untracked 
| 213|0x000000008d500000, 0x000000008d500000, 0x000000008d600000|  0%| F|  |TAMS 0x000000008d500000, 0x000000008d500000| Untracked 
| 214|0x000000008d600000, 0x000000008d600000, 0x000000008d700000|  0%| F|  |TAMS 0x000000008d600000, 0x000000008d600000| Untracked 
| 215|0x000000008d700000, 0x000000008d700000, 0x000000008d800000|  0%| F|  |TAMS 0x000000008d700000, 0x000000008d700000| Untracked 
| 216|0x000000008d800000, 0x000000008d800000, 0x000000008d900000|  0%| F|  |TAMS 0x000000008d800000, 0x000000008d800000| Untracked 
| 217|0x000000008d900000, 0x000000008d900000, 0x000000008da00000|  0%| F|  |TAMS 0x000000008d900000, 0x000000008d900000| Untracked 
| 218|0x000000008da00000, 0x000000008da00000, 0x000000008db00000|  0%| F|  |TAMS 0x000000008da00000, 0x000000008da00000| Untracked 
| 219|0x000000008db00000, 0x000000008db00000, 0x000000008dc00000|  0%| F|  |TAMS 0x000000008db00000, 0x000000008db00000| Untracked 
| 220|0x000000008dc00000, 0x000000008dc00000, 0x000000008dd00000|  0%| F|  |TAMS 0x000000008dc00000, 0x000000008dc00000| Untracked 
| 221|0x000000008dd00000, 0x000000008dd00000, 0x000000008de00000|  0%| F|  |TAMS 0x000000008dd00000, 0x000000008dd00000| Untracked 
| 222|0x000000008de00000, 0x000000008de00000, 0x000000008df00000|  0%| F|  |TAMS 0x000000008de00000, 0x000000008de00000| Untracked 
| 223|0x000000008df00000, 0x000000008df00000, 0x000000008e000000|  0%| F|  |TAMS 0x000000008df00000, 0x000000008df00000| Untracked 
| 224|0x000000008e000000, 0x000000008e000000, 0x000000008e100000|  0%| F|  |TAMS 0x000000008e000000, 0x000000008e000000| Untracked 
| 225|0x000000008e100000, 0x000000008e100000, 0x000000008e200000|  0%| F|  |TAMS 0x000000008e100000, 0x000000008e100000| Untracked 
| 226|0x000000008e200000, 0x000000008e200000, 0x000000008e300000|  0%| F|  |TAMS 0x000000008e200000, 0x000000008e200000| Untracked 
| 227|0x000000008e300000, 0x000000008e300000, 0x000000008e400000|  0%| F|  |TAMS 0x000000008e300000, 0x000000008e300000| Untracked 
| 228|0x000000008e400000, 0x000000008e400000, 0x000000008e500000|  0%| F|  |TAMS 0x000000008e400000, 0x000000008e400000| Untracked 
| 229|0x000000008e500000, 0x000000008e500000, 0x000000008e600000|  0%| F|  |TAMS 0x000000008e500000, 0x000000008e500000| Untracked 
| 230|0x000000008e600000, 0x000000008e600000, 0x000000008e700000|  0%| F|  |TAMS 0x000000008e600000, 0x000000008e600000| Untracked 
| 231|0x000000008e700000, 0x000000008e700000, 0x000000008e800000|  0%| F|  |TAMS 0x000000008e700000, 0x000000008e700000| Untracked 
| 232|0x000000008e800000, 0x000000008e800000, 0x000000008e900000|  0%| F|  |TAMS 0x000000008e800000, 0x000000008e800000| Untracked 
| 233|0x000000008e900000, 0x000000008e900000, 0x000000008ea00000|  0%| F|  |TAMS 0x000000008e900000, 0x000000008e900000| Untracked 
| 234|0x000000008ea00000, 0x000000008ea00000, 0x000000008eb00000|  0%| F|  |TAMS 0x000000008ea00000, 0x000000008ea00000| Untracked 
| 235|0x000000008eb00000, 0x000000008eb00000, 0x000000008ec00000|  0%| F|  |TAMS 0x000000008eb00000, 0x000000008eb00000| Untracked 
| 236|0x000000008ec00000, 0x000000008ec00000, 0x000000008ed00000|  0%| F|  |TAMS 0x000000008ec00000, 0x000000008ec00000| Untracked 
| 237|0x000000008ed00000, 0x000000008ed00000, 0x000000008ee00000|  0%| F|  |TAMS 0x000000008ed00000, 0x000000008ed00000| Untracked 
| 238|0x000000008ee00000, 0x000000008ee00000, 0x000000008ef00000|  0%| F|  |TAMS 0x000000008ee00000, 0x000000008ee00000| Untracked 
| 239|0x000000008ef00000, 0x000000008ef00000, 0x000000008f000000|  0%| F|  |TAMS 0x000000008ef00000, 0x000000008ef00000| Untracked 
| 240|0x000000008f000000, 0x000000008f000000, 0x000000008f100000|  0%| F|  |TAMS 0x000000008f000000, 0x000000008f000000| Untracked 
| 241|0x000000008f100000, 0x000000008f100000, 0x000000008f200000|  0%| F|  |TAMS 0x000000008f100000, 0x000000008f100000| Untracked 
| 242|0x000000008f200000, 0x000000008f200000, 0x000000008f300000|  0%| F|  |TAMS 0x000000008f200000, 0x000000008f200000| Untracked 
| 243|0x000000008f300000, 0x000000008f300000, 0x000000008f400000|  0%| F|  |TAMS 0x000000008f300000, 0x000000008f300000| Untracked 
| 244|0x000000008f400000, 0x000000008f400000, 0x000000008f500000|  0%| F|  |TAMS 0x000000008f400000, 0x000000008f400000| Untracked 
| 245|0x000000008f500000, 0x000000008f500000, 0x000000008f600000|  0%| F|  |TAMS 0x000000008f500000, 0x000000008f500000| Untracked 
| 246|0x000000008f600000, 0x000000008f600000, 0x000000008f700000|  0%| F|  |TAMS 0x000000008f600000, 0x000000008f600000| Untracked 
| 247|0x000000008f700000, 0x000000008f700000, 0x000000008f800000|  0%| F|  |TAMS 0x000000008f700000, 0x000000008f700000| Untracked 
| 248|0x000000008f800000, 0x000000008f800000, 0x000000008f900000|  0%| F|  |TAMS 0x000000008f800000, 0x000000008f800000| Untracked 
| 249|0x000000008f900000, 0x000000008fa00000, 0x000000008fa00000|100%| S|CS|TAMS 0x000000008f900000, 0x000000008f900000| Complete 
| 250|0x000000008fa00000, 0x000000008fb00000, 0x000000008fb00000|100%| S|CS|TAMS 0x000000008fa00000, 0x000000008fa00000| Complete 
| 251|0x000000008fb00000, 0x000000008fc00000, 0x000000008fc00000|100%| S|CS|TAMS 0x000000008fb00000, 0x000000008fb00000| Complete 
| 252|0x000000008fc00000, 0x000000008fd00000, 0x000000008fd00000|100%| S|CS|TAMS 0x000000008fc00000, 0x000000008fc00000| Complete 
| 253|0x000000008fd00000, 0x000000008fe00000, 0x000000008fe00000|100%| S|CS|TAMS 0x000000008fd00000, 0x000000008fd00000| Complete 
| 254|0x000000008fe00000, 0x000000008ff00000, 0x000000008ff00000|100%| S|CS|TAMS 0x000000008fe00000, 0x000000008fe00000| Complete 
| 255|0x000000008ff00000, 0x000000008ff00000, 0x0000000090000000|  0%| F|  |TAMS 0x000000008ff00000, 0x000000008ff00000| Untracked 
| 256|0x0000000090000000, 0x0000000090000000, 0x0000000090100000|  0%| F|  |TAMS 0x0000000090000000, 0x0000000090000000| Untracked 
| 257|0x0000000090100000, 0x0000000090100000, 0x0000000090200000|  0%| F|  |TAMS 0x0000000090100000, 0x0000000090100000| Untracked 
| 258|0x0000000090200000, 0x0000000090200000, 0x0000000090300000|  0%| F|  |TAMS 0x0000000090200000, 0x0000000090200000| Untracked 
| 259|0x0000000090300000, 0x0000000090300000, 0x0000000090400000|  0%| F|  |TAMS 0x0000000090300000, 0x0000000090300000| Untracked 
| 260|0x0000000090400000, 0x0000000090400000, 0x0000000090500000|  0%| F|  |TAMS 0x0000000090400000, 0x0000000090400000| Untracked 
| 261|0x0000000090500000, 0x0000000090500000, 0x0000000090600000|  0%| F|  |TAMS 0x0000000090500000, 0x0000000090500000| Untracked 
| 262|0x0000000090600000, 0x0000000090600000, 0x0000000090700000|  0%| F|  |TAMS 0x0000000090600000, 0x0000000090600000| Untracked 
| 263|0x0000000090700000, 0x0000000090700000, 0x0000000090800000|  0%| F|  |TAMS 0x0000000090700000, 0x0000000090700000| Untracked 
| 264|0x0000000090800000, 0x0000000090800000, 0x0000000090900000|  0%| F|  |TAMS 0x0000000090800000, 0x0000000090800000| Untracked 
| 265|0x0000000090900000, 0x0000000090900000, 0x0000000090a00000|  0%| F|  |TAMS 0x0000000090900000, 0x0000000090900000| Untracked 
| 266|0x0000000090a00000, 0x0000000090a00000, 0x0000000090b00000|  0%| F|  |TAMS 0x0000000090a00000, 0x0000000090a00000| Untracked 
| 267|0x0000000090b00000, 0x0000000090b00000, 0x0000000090c00000|  0%| F|  |TAMS 0x0000000090b00000, 0x0000000090b00000| Untracked 
| 268|0x0000000090c00000, 0x0000000090c00000, 0x0000000090d00000|  0%| F|  |TAMS 0x0000000090c00000, 0x0000000090c00000| Untracked 
| 269|0x0000000090d00000, 0x0000000090d00000, 0x0000000090e00000|  0%| F|  |TAMS 0x0000000090d00000, 0x0000000090d00000| Untracked 
| 270|0x0000000090e00000, 0x0000000090e00000, 0x0000000090f00000|  0%| F|  |TAMS 0x0000000090e00000, 0x0000000090e00000| Untracked 
| 271|0x0000000090f00000, 0x0000000090f00000, 0x0000000091000000|  0%| F|  |TAMS 0x0000000090f00000, 0x0000000090f00000| Untracked 
| 272|0x0000000091000000, 0x0000000091000000, 0x0000000091100000|  0%| F|  |TAMS 0x0000000091000000, 0x0000000091000000| Untracked 
| 273|0x0000000091100000, 0x0000000091100000, 0x0000000091200000|  0%| F|  |TAMS 0x0000000091100000, 0x0000000091100000| Untracked 
| 274|0x0000000091200000, 0x0000000091200000, 0x0000000091300000|  0%| F|  |TAMS 0x0000000091200000, 0x0000000091200000| Untracked 
| 275|0x0000000091300000, 0x0000000091300000, 0x0000000091400000|  0%| F|  |TAMS 0x0000000091300000, 0x0000000091300000| Untracked 
| 276|0x0000000091400000, 0x0000000091400000, 0x0000000091500000|  0%| F|  |TAMS 0x0000000091400000, 0x0000000091400000| Untracked 
| 277|0x0000000091500000, 0x0000000091500000, 0x0000000091600000|  0%| F|  |TAMS 0x0000000091500000, 0x0000000091500000| Untracked 
| 278|0x0000000091600000, 0x0000000091600000, 0x0000000091700000|  0%| F|  |TAMS 0x0000000091600000, 0x0000000091600000| Untracked 
| 279|0x0000000091700000, 0x0000000091700000, 0x0000000091800000|  0%| F|  |TAMS 0x0000000091700000, 0x0000000091700000| Untracked 
| 280|0x0000000091800000, 0x0000000091800000, 0x0000000091900000|  0%| F|  |TAMS 0x0000000091800000, 0x0000000091800000| Untracked 
| 281|0x0000000091900000, 0x0000000091900000, 0x0000000091a00000|  0%| F|  |TAMS 0x0000000091900000, 0x0000000091900000| Untracked 
| 282|0x0000000091a00000, 0x0000000091a00000, 0x0000000091b00000|  0%| F|  |TAMS 0x0000000091a00000, 0x0000000091a00000| Untracked 
| 283|0x0000000091b00000, 0x0000000091b00000, 0x0000000091c00000|  0%| F|  |TAMS 0x0000000091b00000, 0x0000000091b00000| Untracked 
| 284|0x0000000091c00000, 0x0000000091c00000, 0x0000000091d00000|  0%| F|  |TAMS 0x0000000091c00000, 0x0000000091c00000| Untracked 
| 285|0x0000000091d00000, 0x0000000091d00000, 0x0000000091e00000|  0%| F|  |TAMS 0x0000000091d00000, 0x0000000091d00000| Untracked 
| 286|0x0000000091e00000, 0x0000000091e00000, 0x0000000091f00000|  0%| F|  |TAMS 0x0000000091e00000, 0x0000000091e00000| Untracked 
| 287|0x0000000091f00000, 0x0000000091f00000, 0x0000000092000000|  0%| F|  |TAMS 0x0000000091f00000, 0x0000000091f00000| Untracked 
| 288|0x0000000092000000, 0x0000000092000000, 0x0000000092100000|  0%| F|  |TAMS 0x0000000092000000, 0x0000000092000000| Untracked 
| 289|0x0000000092100000, 0x0000000092100000, 0x0000000092200000|  0%| F|  |TAMS 0x0000000092100000, 0x0000000092100000| Untracked 
| 290|0x0000000092200000, 0x0000000092200000, 0x0000000092300000|  0%| F|  |TAMS 0x0000000092200000, 0x0000000092200000| Untracked 
| 291|0x0000000092300000, 0x0000000092300000, 0x0000000092400000|  0%| F|  |TAMS 0x0000000092300000, 0x0000000092300000| Untracked 
| 292|0x0000000092400000, 0x0000000092400000, 0x0000000092500000|  0%| F|  |TAMS 0x0000000092400000, 0x0000000092400000| Untracked 
| 293|0x0000000092500000, 0x0000000092500000, 0x0000000092600000|  0%| F|  |TAMS 0x0000000092500000, 0x0000000092500000| Untracked 
| 294|0x0000000092600000, 0x0000000092600000, 0x0000000092700000|  0%| F|  |TAMS 0x0000000092600000, 0x0000000092600000| Untracked 
| 295|0x0000000092700000, 0x0000000092700000, 0x0000000092800000|  0%| F|  |TAMS 0x0000000092700000, 0x0000000092700000| Untracked 
| 296|0x0000000092800000, 0x0000000092800000, 0x0000000092900000|  0%| F|  |TAMS 0x0000000092800000, 0x0000000092800000| Untracked 

Card table byte_map: [0x0000023994880000,0x0000023994c80000] _byte_map_base: 0x0000023994480000

Marking Bits (Prev, Next): (CMBitMap*) 0x00000239ff87e2d8, (CMBitMap*) 0x00000239ff87e310
 Prev Bits: [0x0000023995080000, 0x0000023997080000)
 Next Bits: [0x0000023997080000, 0x0000023999080000)

Polling page: 0x0000023981410000

Metaspace:

Usage:
  Non-class:    103.08 MB capacity,   101.27 MB ( 98%) used,     1.45 MB (  1%) free+waste,   367.75 KB ( <1%) overhead. 
      Class:     15.35 MB capacity,    14.27 MB ( 93%) used,   938.57 KB (  6%) free+waste,   160.00 KB (  1%) overhead. 
       Both:    118.43 MB capacity,   115.54 MB ( 98%) used,     2.37 MB (  2%) free+waste,   527.75 KB ( <1%) overhead. 

Virtual space:
  Non-class space:      104.00 MB reserved,     103.37 MB (>99%) committed 
      Class space:        1.00 GB reserved,      15.50 MB (  2%) committed 
             Both:        1.10 GB reserved,     118.87 MB ( 11%) committed 

Chunk freelists:
   Non-Class:  230.00 KB
       Class:  158.00 KB
        Both:  388.00 KB

MaxMetaspaceSize: 17179869184.00 GB
CompressedClassSpaceSize: 1.00 GB

CodeHeap 'non-profiled nmethods': size=120064Kb used=9876Kb max_used=9876Kb free=110187Kb
 bounds [0x000002398c900000, 0x000002398d2b0000, 0x0000023993e40000]
CodeHeap 'profiled nmethods': size=120000Kb used=44288Kb max_used=44288Kb free=75711Kb
 bounds [0x00000239853d0000, 0x0000023987f20000, 0x000002398c900000]
CodeHeap 'non-nmethods': size=5696Kb used=2418Kb max_used=2452Kb free=3277Kb
 bounds [0x0000023984e40000, 0x00000239850b0000, 0x00000239853d0000]
 total_blobs=20663 nmethods=19603 adapters=967
 compilation: enabled
              stopped_count=0, restarted_count=0
 full_count=0

Compilation events (20 events):
Event: 81.007 Thread 0x000002399b6ec000 19427       4       com.android.tools.r8.graph.V::<init> (57 bytes)
Event: 81.016 Thread 0x000002399b6fc000 20201       3       com.android.tools.r8.graph.c0::a (44 bytes)
Event: 81.016 Thread 0x000002399b6fc000 nmethod 20201 0x0000023987f08210 code [0x0000023987f083e0, 0x0000023987f08678]
Event: 81.016 Thread 0x000002399b6fc000 20202   !   3       com.android.tools.r8.ir.conversion.k::a (509 bytes)
Event: 81.018 Thread 0x000002399b6ec000 nmethod 19427 0x000002398d2a2010 code [0x000002398d2a21a0, 0x000002398d2a2398]
Event: 81.018 Thread 0x000002399b6ec000 20200       4       com.android.tools.r8.internal.Jj::next (32 bytes)
Event: 81.021 Thread 0x000002399b6ec000 nmethod 20200 0x000002398d2a2410 code [0x000002398d2a25c0, 0x000002398d2a2748]
Event: 81.021 Thread 0x000002399b6ec000 19681       4       com.android.tools.r8.graph.X$$Lambda$1325/0x0000000100e55040::a (5 bytes)
Event: 81.024 Thread 0x000002399b6fc000 nmethod 20202 0x0000023987f08790 code [0x0000023987f09060, 0x0000023987f0e688]
Event: 81.073 Thread 0x000002399b6ec000 nmethod 19681 0x000002398d2a2890 code [0x000002398d2a2aa0, 0x000002398d2a37b8]
Event: 81.073 Thread 0x000002399b6ec000 20203       4       com.android.tools.r8.graph.B::<init> (83 bytes)
Event: 81.076 Thread 0x000002399b6ec000 nmethod 20203 0x000002398d2a4110 code [0x000002398d2a42a0, 0x000002398d2a4498]
Event: 81.077 Thread 0x000002399b6ec000 19680       4       com.android.tools.r8.internal.f8::a (12 bytes)
Event: 81.084 Thread 0x000002399b6ec000 nmethod 19680 0x000002398d2a4510 code [0x000002398d2a46c0, 0x000002398d2a4a08]
Event: 81.084 Thread 0x000002399b6ec000 19713       4       com.android.tools.r8.graph.b::d (12 bytes)
Event: 81.084 Thread 0x000002399b6ec000 nmethod 19713 0x000002398d2a4b90 code [0x000002398d2a4d20, 0x000002398d2a4d78]
Event: 81.084 Thread 0x000002399b6ec000 20183       4       com.android.tools.r8.internal.mu$f::hasNext (14 bytes)
Event: 81.085 Thread 0x000002399b6ec000 nmethod 20183 0x000002398d2a4e10 code [0x000002398d2a4fa0, 0x000002398d2a5018]
Event: 81.085 Thread 0x000002399b6ec000 19731       4       com.android.tools.r8.graph.a0$$Lambda$1337/0x0000000100e58040::a (5 bytes)
Event: 81.123 Thread 0x000002399b6fc000 20207       3       com.android.tools.r8.ir.conversion.k::a (149 bytes)

GC Heap History (20 events):
Event: 59.730 GC heap after
{Heap after GC invocations=66 (full 0):
 garbage-first heap   total 239616K, used 93712K [0x0000000080000000, 0x0000000100000000)
  region size 1024K, 7 young (7168K), 7 survivors (7168K)
 Metaspace       used 100357K, capacity 102614K, committed 102652K, reserved 1138688K
  class space    used 12325K, capacity 13170K, committed 13184K, reserved 1048576K
}
Event: 61.519 GC heap before
{Heap before GC invocations=66 (full 0):
 garbage-first heap   total 239616K, used 183824K [0x0000000080000000, 0x0000000100000000)
  region size 1024K, 96 young (98304K), 7 survivors (7168K)
 Metaspace       used 101661K, capacity 103979K, committed 104060K, reserved 1140736K
  class space    used 12475K, capacity 13302K, committed 13312K, reserved 1048576K
}
Event: 61.570 GC heap after
{Heap after GC invocations=67 (full 0):
 garbage-first heap   total 239616K, used 100795K [0x0000000080000000, 0x0000000100000000)
  region size 1024K, 12 young (12288K), 12 survivors (12288K)
 Metaspace       used 101661K, capacity 103979K, committed 104060K, reserved 1140736K
  class space    used 12475K, capacity 13302K, committed 13312K, reserved 1048576K
}
Event: 62.371 GC heap before
{Heap before GC invocations=67 (full 0):
 garbage-first heap   total 239616K, used 182715K [0x0000000080000000, 0x0000000100000000)
  region size 1024K, 93 young (95232K), 12 survivors (12288K)
 Metaspace       used 102963K, capacity 105317K, committed 105596K, reserved 1140736K
  class space    used 12632K, capacity 13475K, committed 13568K, reserved 1048576K
}
Event: 62.429 GC heap after
{Heap after GC invocations=68 (full 0):
 garbage-first heap   total 239616K, used 102387K [0x0000000080000000, 0x0000000100000000)
  region size 1024K, 4 young (4096K), 4 survivors (4096K)
 Metaspace       used 102963K, capacity 105317K, committed 105596K, reserved 1140736K
  class space    used 12632K, capacity 13475K, committed 13568K, reserved 1048576K
}
Event: 66.266 GC heap before
{Heap before GC invocations=68 (full 0):
 garbage-first heap   total 239616K, used 188403K [0x0000000080000000, 0x0000000100000000)
  region size 1024K, 87 young (89088K), 4 survivors (4096K)
 Metaspace       used 113882K, capacity 116848K, committed 116988K, reserved 1150976K
  class space    used 14254K, capacity 15399K, committed 15488K, reserved 1048576K
}
Event: 66.302 GC heap after
{Heap after GC invocations=69 (full 0):
 garbage-first heap   total 239616K, used 103376K [0x0000000080000000, 0x0000000100000000)
  region size 1024K, 5 young (5120K), 5 survivors (5120K)
 Metaspace       used 113882K, capacity 116848K, committed 116988K, reserved 1150976K
  class space    used 14254K, capacity 15399K, committed 15488K, reserved 1048576K
}
Event: 68.129 GC heap before
{Heap before GC invocations=69 (full 0):
 garbage-first heap   total 239616K, used 190416K [0x0000000080000000, 0x0000000100000000)
  region size 1024K, 90 young (92160K), 5 survivors (5120K)
 Metaspace       used 115270K, capacity 118242K, committed 118396K, reserved 1153024K
  class space    used 14383K, capacity 15510K, committed 15616K, reserved 1048576K
}
Event: 68.214 GC heap after
{Heap after GC invocations=70 (full 0):
 garbage-first heap   total 239616K, used 105375K [0x0000000080000000, 0x0000000100000000)
  region size 1024K, 7 young (7168K), 7 survivors (7168K)
 Metaspace       used 115270K, capacity 118242K, committed 118396K, reserved 1153024K
  class space    used 14383K, capacity 15510K, committed 15616K, reserved 1048576K
}
Event: 69.935 GC heap before
{Heap before GC invocations=70 (full 0):
 garbage-first heap   total 239616K, used 193439K [0x0000000080000000, 0x0000000100000000)
  region size 1024K, 93 young (95232K), 7 survivors (7168K)
 Metaspace       used 115767K, capacity 118749K, committed 118908K, reserved 1153024K
  class space    used 14399K, capacity 15557K, committed 15616K, reserved 1048576K
}
Event: 69.985 GC heap after
{Heap after GC invocations=71 (full 0):
 garbage-first heap   total 304128K, used 108068K [0x0000000080000000, 0x0000000100000000)
  region size 1024K, 7 young (7168K), 7 survivors (7168K)
 Metaspace       used 115767K, capacity 118749K, committed 118908K, reserved 1153024K
  class space    used 14399K, capacity 15557K, committed 15616K, reserved 1048576K
}
Event: 71.964 GC heap before
{Heap before GC invocations=71 (full 0):
 garbage-first heap   total 304128K, used 223780K [0x0000000080000000, 0x0000000100000000)
  region size 1024K, 120 young (122880K), 7 survivors (7168K)
 Metaspace       used 115960K, capacity 118971K, committed 119164K, reserved 1153024K
  class space    used 14412K, capacity 15561K, committed 15616K, reserved 1048576K
}
Event: 72.003 GC heap after
{Heap after GC invocations=72 (full 0):
 garbage-first heap   total 304128K, used 107139K [0x0000000080000000, 0x0000000100000000)
  region size 1024K, 6 young (6144K), 6 survivors (6144K)
 Metaspace       used 115960K, capacity 118971K, committed 119164K, reserved 1153024K
  class space    used 14412K, capacity 15561K, committed 15616K, reserved 1048576K
}
Event: 75.217 GC heap before
{Heap before GC invocations=72 (full 0):
 garbage-first heap   total 304128K, used 256643K [0x0000000080000000, 0x0000000100000000)
  region size 1024K, 135 young (138240K), 6 survivors (6144K)
 Metaspace       used 117182K, capacity 120221K, committed 120316K, reserved 1155072K
  class space    used 14556K, capacity 15727K, committed 15744K, reserved 1048576K
}
Event: 75.309 GC heap after
{Heap after GC invocations=73 (full 0):
 garbage-first heap   total 304128K, used 133462K [0x0000000080000000, 0x0000000100000000)
  region size 1024K, 17 young (17408K), 17 survivors (17408K)
 Metaspace       used 117182K, capacity 120221K, committed 120316K, reserved 1155072K
  class space    used 14556K, capacity 15727K, committed 15744K, reserved 1048576K
}
Event: 76.461 GC heap before
{Heap before GC invocations=73 (full 0):
 garbage-first heap   total 304128K, used 243030K [0x0000000080000000, 0x0000000100000000)
  region size 1024K, 123 young (125952K), 17 survivors (17408K)
 Metaspace       used 118166K, capacity 121218K, committed 121468K, reserved 1155072K
  class space    used 14667K, capacity 15843K, committed 15872K, reserved 1048576K
}
Event: 76.787 GC heap after
{Heap after GC invocations=74 (full 0):
 garbage-first heap   total 304128K, used 175968K [0x0000000080000000, 0x0000000100000000)
  region size 1024K, 16 young (16384K), 16 survivors (16384K)
 Metaspace       used 118166K, capacity 121218K, committed 121468K, reserved 1155072K
  class space    used 14667K, capacity 15843K, committed 15872K, reserved 1048576K
}
Event: 77.100 GC heap before
{Heap before GC invocations=74 (full 0):
 garbage-first heap   total 304128K, used 203616K [0x0000000080000000, 0x0000000100000000)
  region size 1024K, 43 young (44032K), 16 survivors (16384K)
 Metaspace       used 118321K, capacity 121346K, committed 121468K, reserved 1155072K
  class space    used 14680K, capacity 15843K, committed 15872K, reserved 1048576K
}
Event: 77.248 GC heap after
{Heap after GC invocations=75 (full 0):
 garbage-first heap   total 304128K, used 189952K [0x0000000080000000, 0x0000000100000000)
  region size 1024K, 6 young (6144K), 6 survivors (6144K)
 Metaspace       used 118321K, capacity 121346K, committed 121468K, reserved 1155072K
  class space    used 14680K, capacity 15843K, committed 15872K, reserved 1048576K
}
Event: 81.131 GC heap before
{Heap before GC invocations=76 (full 0):
 garbage-first heap   total 304128K, used 224768K [0x0000000080000000, 0x0000000100000000)
  region size 1024K, 42 young (43008K), 6 survivors (6144K)
 Metaspace       used 118316K, capacity 121272K, committed 121724K, reserved 1155072K
  class space    used 14615K, capacity 15714K, committed 15872K, reserved 1048576K
}

Deoptimization events (20 events):
Event: 76.422 Thread 0x00000239a5037000 DEOPT PACKING pc=0x00000239870c14ac sp=0x0000008fabdfd4c0
Event: 76.422 Thread 0x00000239a5037000 DEOPT UNPACKING pc=0x0000023984e676ce sp=0x0000008fabdfc870 mode 0
Event: 77.651 Thread 0x00000239a5037000 Uncommon trap: trap_request=0xffffff45 fr.pc=0x000002398d277bb0 relative=0x00000000000005f0
Event: 77.651 Thread 0x00000239a5037000 Uncommon trap: reason=unstable_fused_if action=reinterpret pc=0x000002398d277bb0 method=org.objectweb.asm.ByteVector.putUTF8(Ljava/lang/String;)Lorg/objectweb/asm/ByteVector; @ 93 c2
Event: 77.651 Thread 0x00000239a5037000 DEOPT PACKING pc=0x000002398d277bb0 sp=0x0000008fabdfd1e0
Event: 77.652 Thread 0x00000239a5037000 DEOPT UNPACKING pc=0x0000023984e678af sp=0x0000008fabdfd190 mode 2
Event: 77.672 Thread 0x00000239a5037000 DEOPT PACKING pc=0x0000023987e84b18 sp=0x0000008fabdfd090
Event: 77.672 Thread 0x00000239a5037000 DEOPT UNPACKING pc=0x0000023984e676ce sp=0x0000008fabdfc530 mode 0
Event: 77.814 Thread 0x00000239a5037000 DEOPT PACKING pc=0x0000023987e8684d sp=0x0000008fabdfd370
Event: 77.814 Thread 0x00000239a5037000 DEOPT UNPACKING pc=0x0000023984e676ce sp=0x0000008fabdfc860 mode 0
Event: 78.490 Thread 0x00000239a7aef000 DEOPT PACKING pc=0x0000023987e36f90 sp=0x0000008fabbfee70
Event: 78.490 Thread 0x00000239a7aef000 DEOPT UNPACKING pc=0x0000023984e676ce sp=0x0000008fabbfe3a8 mode 0
Event: 78.694 Thread 0x00000239a5037000 Uncommon trap: trap_request=0xffffff4d fr.pc=0x000002398d09a03c relative=0x000000000000019c
Event: 78.694 Thread 0x00000239a5037000 Uncommon trap: reason=unstable_if action=reinterpret pc=0x000002398d09a03c method=java.lang.String.startsWith(Ljava/lang/String;I)Z @ 46 c2
Event: 78.694 Thread 0x00000239a5037000 DEOPT PACKING pc=0x000002398d09a03c sp=0x0000008fabdfd780
Event: 78.694 Thread 0x00000239a5037000 DEOPT UNPACKING pc=0x0000023984e678af sp=0x0000008fabdfd610 mode 2
Event: 78.694 Thread 0x00000239a5037000 Uncommon trap: trap_request=0xffffff4d fr.pc=0x000002398c9e2c30 relative=0x0000000000000190
Event: 78.694 Thread 0x00000239a5037000 Uncommon trap: reason=unstable_if action=reinterpret pc=0x000002398c9e2c30 method=java.lang.String.startsWith(Ljava/lang/String;I)Z @ 46 c2
Event: 78.694 Thread 0x00000239a5037000 DEOPT PACKING pc=0x000002398c9e2c30 sp=0x0000008fabdfd6f0
Event: 78.704 Thread 0x00000239a5037000 DEOPT UNPACKING pc=0x0000023984e678af sp=0x0000008fabdfd600 mode 2

Classes redefined (0 events):
No events

Internal exceptions (20 events):
Event: 68.365 Thread 0x00000239a0580800 Exception <a 'sun/nio/fs/WindowsException'{0x000000008df4e950}> (0x000000008df4e950) thrown at [./src/hotspot/share/prims/jni.cpp, line 615]
Event: 68.477 Thread 0x00000239a0581800 Exception <a 'sun/nio/fs/WindowsException'{0x000000008dc852c8}> (0x000000008dc852c8) thrown at [./src/hotspot/share/prims/jni.cpp, line 615]
Event: 68.615 Thread 0x00000239a057f000 Exception <a 'sun/nio/fs/WindowsException'{0x000000008d8ff5e0}> (0x000000008d8ff5e0) thrown at [./src/hotspot/share/prims/jni.cpp, line 615]
Event: 68.690 Thread 0x00000239a0580800 Exception <a 'sun/nio/fs/WindowsException'{0x000000008d6aae60}> (0x000000008d6aae60) thrown at [./src/hotspot/share/prims/jni.cpp, line 615]
Event: 70.155 Thread 0x00000239a057f000 Exception <a 'sun/nio/fs/WindowsException'{0x0000000091cda720}> (0x0000000091cda720) thrown at [./src/hotspot/share/prims/jni.cpp, line 615]
Event: 70.550 Thread 0x00000239a0581800 Exception <a 'sun/nio/fs/WindowsException'{0x000000009134bd08}> (0x000000009134bd08) thrown at [./src/hotspot/share/prims/jni.cpp, line 615]
Event: 72.075 Thread 0x00000239a0581800 Exception <a 'sun/nio/fs/WindowsException'{0x0000000091fbb3f0}> (0x0000000091fbb3f0) thrown at [./src/hotspot/share/prims/jni.cpp, line 615]
Event: 73.121 Thread 0x00000239a0580800 Exception <a 'sun/nio/fs/WindowsException'{0x000000008da8c948}> (0x000000008da8c948) thrown at [./src/hotspot/share/prims/jni.cpp, line 615]
Event: 73.867 Thread 0x00000239a5031000 Exception <a 'sun/nio/fs/WindowsException'{0x000000008c792c78}> (0x000000008c792c78) thrown at [./src/hotspot/share/prims/jni.cpp, line 615]
Event: 74.771 Thread 0x00000239a5030800 Exception <a 'sun/nio/fs/WindowsException'{0x000000008a9011b8}> (0x000000008a9011b8) thrown at [./src/hotspot/share/prims/jni.cpp, line 615]
Event: 74.786 Thread 0x00000239a5030800 Exception <a 'sun/nio/fs/WindowsException'{0x000000008a901f60}> (0x000000008a901f60) thrown at [./src/hotspot/share/prims/jni.cpp, line 615]
Event: 74.786 Thread 0x00000239a5030800 Exception <a 'sun/nio/fs/WindowsException'{0x000000008a9025a0}> (0x000000008a9025a0) thrown at [./src/hotspot/share/prims/jni.cpp, line 615]
Event: 75.349 Thread 0x00000239a5030800 Exception <a 'sun/nio/fs/WindowsException'{0x00000000928acbd8}> (0x00000000928acbd8) thrown at [./src/hotspot/share/prims/jni.cpp, line 615]
Event: 75.350 Thread 0x00000239a5030800 Exception <a 'sun/nio/fs/WindowsException'{0x00000000928adaa0}> (0x00000000928adaa0) thrown at [./src/hotspot/share/prims/jni.cpp, line 615]
Event: 75.902 Thread 0x00000239a7af5800 Exception <a 'java/lang/NoSuchMethodError'{0x000000008fb36028}: 'long java.lang.invoke.DirectMethodHandle$Holder.invokeStatic(java.lang.Object, java.lang.Object, java.lang.Object)'> (0x000000008fb36028) thrown at [./src/hotspot/share/interpreter/linkResolver.cpp, line 773]
Event: 75.902 Thread 0x00000239a7af3000 Exception <a 'java/lang/NoSuchMethodError'{0x000000008fd5eb70}: 'long java.lang.invoke.DirectMethodHandle$Holder.invokeStatic(java.lang.Object, java.lang.Object, java.lang.Object)'> (0x000000008fd5eb70) thrown at [./src/hotspot/share/interpreter/linkResolver.cpp, line 773]
Event: 75.902 Thread 0x00000239a7aef000 Exception <a 'java/lang/NoSuchMethodError'{0x000000008febd410}: 'long java.lang.invoke.DirectMethodHandle$Holder.invokeStatic(java.lang.Object, java.lang.Object, java.lang.Object)'> (0x000000008febd410) thrown at [./src/hotspot/share/interpreter/linkResolver.cpp, line 773]
Event: 76.893 Thread 0x00000239a5037000 Exception <a 'sun/nio/fs/WindowsException'{0x000000009283ddb8}> (0x000000009283ddb8) thrown at [./src/hotspot/share/prims/jni.cpp, line 615]
Event: 76.980 Thread 0x00000239a5037000 Exception <a 'sun/nio/fs/WindowsException'{0x0000000091e73c60}> (0x0000000091e73c60) thrown at [./src/hotspot/share/prims/jni.cpp, line 615]
Event: 76.980 Thread 0x00000239a5037000 Exception <a 'sun/nio/fs/WindowsException'{0x0000000091e73d48}> (0x0000000091e73d48) thrown at [./src/hotspot/share/prims/jni.cpp, line 615]

Events (20 events):
Event: 78.802 Executing VM operation: RevokeBias done
Event: 78.807 Executing VM operation: BulkRevokeBias
Event: 78.810 Executing coalesced safepoint VM operation: RevokeBias
Event: 78.810 Executing coalesced safepoint VM operation: RevokeBias done
Event: 78.810 Executing coalesced safepoint VM operation: RevokeBias
Event: 78.810 Executing coalesced safepoint VM operation: RevokeBias done
Event: 78.810 Executing coalesced safepoint VM operation: RevokeBias
Event: 78.810 Executing coalesced safepoint VM operation: RevokeBias done
Event: 78.810 Executing VM operation: BulkRevokeBias done
Event: 78.834 Executing VM operation: CGC_Operation
Event: 79.602 Executing VM operation: CGC_Operation done
Event: 80.536 Executing VM operation: BulkRevokeBias
Event: 80.582 Executing coalesced safepoint VM operation: RevokeBias
Event: 80.582 Executing coalesced safepoint VM operation: RevokeBias done
Event: 80.582 Executing VM operation: BulkRevokeBias done
Event: 80.704 Executing VM operation: CGC_Operation
Event: 80.717 Executing VM operation: CGC_Operation done
Event: 81.010 Executing VM operation: BulkRevokeBias
Event: 81.014 Executing VM operation: BulkRevokeBias done
Event: 81.125 Executing VM operation: G1CollectForAllocation


Dynamic libraries:
0x00007ff67a920000 - 0x00007ff67a92a000 	C:\Program Files\Android\Android Studio\jre\bin\java.exe
0x00007ffb1eed0000 - 0x00007ffb1f0c5000 	C:\WINDOWS\SYSTEM32\ntdll.dll
0x00007ffb1ddd0000 - 0x00007ffb1de8e000 	C:\WINDOWS\System32\KERNEL32.DLL
0x00007ffb1c750000 - 0x00007ffb1ca19000 	C:\WINDOWS\System32\KERNELBASE.dll
0x00007ffb158c0000 - 0x00007ffb158d7000 	C:\Program Files\Android\Android Studio\jre\bin\VCRUNTIME140.dll
0x00007ffb1cd30000 - 0x00007ffb1ce30000 	C:\WINDOWS\System32\ucrtbase.dll
0x00007ffb170b0000 - 0x00007ffb170c9000 	C:\Program Files\Android\Android Studio\jre\bin\jli.dll
0x00007ffb0c440000 - 0x00007ffb0c6da000 	C:\WINDOWS\WinSxS\amd64_microsoft.windows.common-controls_6595b64144ccf1df_6.0.19041.1110_none_60b5254171f9507e\COMCTL32.dll
0x00007ffb1d460000 - 0x00007ffb1d4fe000 	C:\WINDOWS\System32\msvcrt.dll
0x00007ffb1e410000 - 0x00007ffb1e5b1000 	C:\WINDOWS\System32\USER32.dll
0x00007ffb1dc40000 - 0x00007ffb1dc6b000 	C:\WINDOWS\System32\GDI32.dll
0x00007ffb1cbf0000 - 0x00007ffb1cc12000 	C:\WINDOWS\System32\win32u.dll
0x00007ffb1cc20000 - 0x00007ffb1cd2b000 	C:\WINDOWS\System32\gdi32full.dll
0x00007ffb1ca70000 - 0x00007ffb1cb0d000 	C:\WINDOWS\System32\msvcp_win.dll
0x00007ffb1e630000 - 0x00007ffb1e660000 	C:\WINDOWS\System32\IMM32.DLL
0x00007ffad4cd0000 - 0x00007ffad4d6d000 	C:\Program Files\Android\Android Studio\jre\bin\msvcp140.dll
0x00007ffacee40000 - 0x00007ffacf90f000 	C:\Program Files\Android\Android Studio\jre\bin\server\jvm.dll
0x00007ffb1e360000 - 0x00007ffb1e40c000 	C:\WINDOWS\System32\ADVAPI32.dll
0x00007ffb1de90000 - 0x00007ffb1df2b000 	C:\WINDOWS\System32\sechost.dll
0x00007ffb1ea80000 - 0x00007ffb1ebaa000 	C:\WINDOWS\System32\RPCRT4.dll
0x00007ffb1ebb0000 - 0x00007ffb1ebb8000 	C:\WINDOWS\System32\PSAPI.DLL
0x00007ffb16f90000 - 0x00007ffb16f99000 	C:\WINDOWS\SYSTEM32\WSOCK32.dll
0x00007ffb1e5c0000 - 0x00007ffb1e62b000 	C:\WINDOWS\System32\WS2_32.dll
0x00007ffb10330000 - 0x00007ffb10357000 	C:\WINDOWS\SYSTEM32\WINMM.dll
0x00007ffb118a0000 - 0x00007ffb118aa000 	C:\WINDOWS\SYSTEM32\VERSION.dll
0x00007ffb1a4f0000 - 0x00007ffb1a502000 	C:\WINDOWS\SYSTEM32\kernel.appcore.dll
0x00007ffb158a0000 - 0x00007ffb158b1000 	C:\Program Files\Android\Android Studio\jre\bin\verify.dll
0x00007ffb08d50000 - 0x00007ffb08f34000 	C:\WINDOWS\SYSTEM32\DBGHELP.DLL
0x00007ffb08d20000 - 0x00007ffb08d4c000 	C:\WINDOWS\SYSTEM32\dbgcore.DLL
0x00007ffb1ce90000 - 0x00007ffb1cf13000 	C:\WINDOWS\System32\bcryptPrimitives.dll
0x00007ffaf5420000 - 0x00007ffaf5449000 	C:\Program Files\Android\Android Studio\jre\bin\java.dll
0x00007ffb0b3a0000 - 0x00007ffb0b3ab000 	C:\Program Files\Android\Android Studio\jre\bin\jimage.dll
0x00007ffb096b0000 - 0x00007ffb096c8000 	C:\Program Files\Android\Android Studio\jre\bin\zip.dll
0x00007ffb1d500000 - 0x00007ffb1dc3f000 	C:\WINDOWS\System32\SHELL32.dll
0x00007ffb1a6f0000 - 0x00007ffb1ae80000 	C:\WINDOWS\SYSTEM32\windows.storage.dll
0x00007ffb1df30000 - 0x00007ffb1e285000 	C:\WINDOWS\System32\combase.dll
0x00007ffb1c040000 - 0x00007ffb1c06c000 	C:\WINDOWS\SYSTEM32\Wldp.dll
0x00007ffb1ebc0000 - 0x00007ffb1ec6d000 	C:\WINDOWS\System32\SHCORE.dll
0x00007ffb1ec70000 - 0x00007ffb1ecc5000 	C:\WINDOWS\System32\shlwapi.dll
0x00007ffb1c530000 - 0x00007ffb1c54f000 	C:\WINDOWS\SYSTEM32\profapi.dll
0x00007ffadbcf0000 - 0x00007ffadbd0a000 	C:\Program Files\Android\Android Studio\jre\bin\net.dll
0x00007ffb0cdc0000 - 0x00007ffb0cec8000 	C:\WINDOWS\SYSTEM32\WINHTTP.dll
0x00007ffb1bda0000 - 0x00007ffb1be0a000 	C:\WINDOWS\system32\mswsock.dll
0x00007ffad7db0000 - 0x00007ffad7dc4000 	C:\Program Files\Android\Android Studio\jre\bin\nio.dll
0x00007ffad2500000 - 0x00007ffad2527000 	C:\Program Files\Java\jdk-17.0.1\native\8bec1ad78214c89d9ad589b4d07fe93259594b29d510b10fafb7a158f7737e5d\windows-amd64\native-platform.dll
0x00007ffac6fd0000 - 0x00007ffac710d000 	C:\Program Files\Java\jdk-17.0.1\native\53dbd7edfb1c66fb8903c78663c9afc45aea4f116125fa6feffd364cf09443e8\windows-amd64\native-platform-file-events.dll
0x00007ffb0a940000 - 0x00007ffb0a94a000 	C:\Program Files\Android\Android Studio\jre\bin\management.dll
0x00007ffb09930000 - 0x00007ffb0993c000 	C:\Program Files\Android\Android Studio\jre\bin\management_ext.dll
0x00007ffb1bf90000 - 0x00007ffb1bfa8000 	C:\WINDOWS\SYSTEM32\CRYPTSP.dll
0x00007ffb1b6b0000 - 0x00007ffb1b6e4000 	C:\WINDOWS\system32\rsaenh.dll
0x00007ffb1cb10000 - 0x00007ffb1cb37000 	C:\WINDOWS\System32\bcrypt.dll
0x00007ffb1c4f0000 - 0x00007ffb1c51e000 	C:\WINDOWS\SYSTEM32\USERENV.dll
0x00007ffb1bfb0000 - 0x00007ffb1bfbc000 	C:\WINDOWS\SYSTEM32\CRYPTBASE.dll
0x00007ffb1ba40000 - 0x00007ffb1ba7b000 	C:\WINDOWS\SYSTEM32\IPHLPAPI.DLL
0x00007ffb1dc70000 - 0x00007ffb1dc78000 	C:\WINDOWS\System32\NSI.dll
0x00007ffb10670000 - 0x00007ffb10687000 	C:\WINDOWS\SYSTEM32\dhcpcsvc6.DLL
0x00007ffb11d20000 - 0x00007ffb11d3d000 	C:\WINDOWS\SYSTEM32\dhcpcsvc.DLL
0x00007ffb1ba80000 - 0x00007ffb1bb4c000 	C:\WINDOWS\SYSTEM32\DNSAPI.dll
0x00007ffad4d70000 - 0x00007ffad4f14000 	C:\Program Files\Android\Android Studio\jre\bin\awt.dll
0x00007ffb1e290000 - 0x00007ffb1e35d000 	C:\WINDOWS\System32\OLEAUT32.dll
0x00007ffb1a120000 - 0x00007ffb1a14f000 	C:\WINDOWS\SYSTEM32\dwmapi.dll
0x00007ffb19e30000 - 0x00007ffb19ec0000 	C:\WINDOWS\SYSTEM32\apphelp.dll
0x00007ffb19f70000 - 0x00007ffb1a00e000 	C:\WINDOWS\system32\uxtheme.dll

dbghelp: loaded successfully - version: 4.0.5 - missing functions: none
symbol engine: initialized successfully - sym options: 0x614 - pdb path: .;C:\Program Files\Android\Android Studio\jre\bin;C:\WINDOWS\SYSTEM32;C:\WINDOWS\WinSxS\amd64_microsoft.windows.common-controls_6595b64144ccf1df_6.0.19041.1110_none_60b5254171f9507e;C:\Program Files\Android\Android Studio\jre\bin\server;C:\Program Files\Java\jdk-17.0.1\native\8bec1ad78214c89d9ad589b4d07fe93259594b29d510b10fafb7a158f7737e5d\windows-amd64;C:\Program Files\Java\jdk-17.0.1\native\53dbd7edfb1c66fb8903c78663c9afc45aea4f116125fa6feffd364cf09443e8\windows-amd64

VM Arguments:
jvm_args: --add-opens=java.base/java.util=ALL-UNNAMED --add-opens=java.base/java.lang=ALL-UNNAMED --add-opens=java.base/java.lang.invoke=ALL-UNNAMED --add-opens=java.base/java.util=ALL-UNNAMED --add-opens=java.prefs/java.util.prefs=ALL-UNNAMED --add-opens=java.prefs/java.util.prefs=ALL-UNNAMED --add-opens=java.base/java.nio.charset=ALL-UNNAMED --add-opens=java.base/java.net=ALL-UNNAMED --add-opens=java.base/java.util.concurrent.atomic=ALL-UNNAMED -Xmx2048m -Dfile.encoding=UTF-8 -Duser.country=US -Duser.language=en -Duser.variant 
java_command: org.gradle.launcher.daemon.bootstrap.GradleDaemon 7.0.2
java_class_path (initial): C:\Program Files\Java\jdk-17.0.1\wrapper\dists\gradle-7.0.2-bin\857tjihv64xamwrf0h14cai3r\gradle-7.0.2\lib\gradle-launcher-7.0.2.jar
Launcher Type: SUN_STANDARD

[Global flags]
     intx CICompilerCount                          = 3                                         {product} {ergonomic}
     uint ConcGCThreads                            = 1                                         {product} {ergonomic}
     uint G1ConcRefinementThreads                  = 4                                         {product} {ergonomic}
   size_t G1HeapRegionSize                         = 1048576                                   {product} {ergonomic}
    uintx GCDrainStackTargetSize                   = 64                                        {product} {ergonomic}
   size_t InitialHeapSize                          = 67108864                                  {product} {ergonomic}
   size_t MarkStackSize                            = 4194304                                   {product} {ergonomic}
   size_t MaxHeapSize                              = 2147483648                                {product} {command line}
   size_t MaxNewSize                               = 1287651328                                {product} {ergonomic}
   size_t MinHeapDeltaBytes                        = 1048576                                   {product} {ergonomic}
    uintx NonNMethodCodeHeapSize                   = 5830732                                {pd product} {ergonomic}
    uintx NonProfiledCodeHeapSize                  = 122913754                              {pd product} {ergonomic}
    uintx ProfiledCodeHeapSize                     = 122913754                              {pd product} {ergonomic}
    uintx ReservedCodeCacheSize                    = 251658240                              {pd product} {ergonomic}
     bool SegmentedCodeCache                       = true                                      {product} {ergonomic}
     bool UseCompressedClassPointers               = true                                 {lp64_product} {ergonomic}
     bool UseCompressedOops                        = true                                 {lp64_product} {ergonomic}
     bool UseG1GC                                  = true                                      {product} {ergonomic}
     bool UseLargePagesIndividualAllocation        = false                                  {pd product} {ergonomic}

Logging:
Log output configuration:
 #0: stdout all=warning uptime,level,tags
 #1: stderr all=off uptime,level,tags

Environment Variables:
PATH=C:\Program Files\Common Files\Oracle\Java\javapath;C:\WINDOWS\system32;C:\WINDOWS;C:\WINDOWS\System32\Wbem;C:\WINDOWS\System32\WindowsPowerShell\v1.0\;C:\WINDOWS\System32\OpenSSH\;C:\Program Files\dotnet\;C:\Program Files\Microsoft SQL Server\130\Tools\Binn\;C:\Program Files\Microsoft SQL Server\Client SDK\ODBC\170\Tools\Binn\;C:\Program Files (x86)\dotnet\;C:\Program Files\Git\cmd;C:\Users\MinhNgan\AppData\Local\Microsoft\WindowsApps
USERNAME=MinhNgan
OS=Windows_NT
PROCESSOR_IDENTIFIER=Intel64 Family 6 Model 69 Stepping 1, GenuineIntel



---------------  S Y S T E M  ---------------

OS: Windows 10 , 64 bit Build 19041 (10.0.19041.1202)
OS uptime: 0 days 0:05 hours

CPU:total 4 (initial active 4) (2 cores per cpu, 2 threads per core) family 6 model 69 stepping 1 microcode 0x25, cmov, cx8, fxsr, mmx, sse, sse2, sse3, ssse3, sse4.1, sse4.2, popcnt, avx, avx2, aes, clmul, erms, lzcnt, ht, tsc, tscinvbit, bmi1, bmi2, fma

Memory: 4k page, system-wide physical 3979M (130M free)
TotalPageFile size 6979M (AvailPageFile size 59M)
current process WorkingSet (physical memory assigned to process): 260M, peak: 348M
current process commit charge ("private bytes"): 649M, peak: 847M

vm_info: OpenJDK 64-Bit Server VM (11.0.10+0-b96-7249189) for windows-amd64 JRE (11.0.10+0-b96-7249189), built on Mar 31 2021 21:44:00 by "builder" with MS VC++ 14.0 (VS2015)

END.
