#
# There is insufficient memory for the Java Runtime Environment to continue.
# Native memory allocation (mmap) failed to map 13631488 bytes for Failed to commit area from 0x0000000084000000 to 0x0000000084d00000 of length 13631488.
# Possible reasons:
#   The system is out of physical RAM or swap space
#   The process is running with CompressedOops enabled, and the Java Heap may be blocking the growth of the native heap
# Possible solutions:
#   Reduce memory load on the system
#   Increase physical memory or swap space
#   Check if swap backing store is full
#   Decrease Java heap size (-Xmx/-Xms)
#   Decrease number of Java threads
#   Decrease Java thread stack sizes (-Xss)
#   Set larger code cache with -XX:ReservedCodeCacheSize=
#   JVM is running with Unscaled Compressed Oops mode in which the Java heap is
#     placed in the first 4GB address space. The Java Heap base address is the
#     maximum limit for the native heap growth. Please use -XX:HeapBaseMinAddress
#     to set the Java Heap base and to place the Java Heap above 4GB virtual address.
# This output file may be truncated or incomplete.
#
#  Out of Memory Error (./src/hotspot/os/windows/os_windows.cpp:3301), pid=5648, tid=7540
#
# JRE version: OpenJDK Runtime Environment (11.0.10) (build 11.0.10+0-b96-7249189)
# Java VM: OpenJDK 64-Bit Server VM (11.0.10+0-b96-7249189, mixed mode, tiered, compressed oops, g1 gc, windows-amd64)
# No core dump will be written. Minidumps are not enabled by default on client versions of Windows
#

---------------  S U M M A R Y ------------

Command Line: --add-opens=java.base/java.util=ALL-UNNAMED --add-opens=java.base/java.lang=ALL-UNNAMED --add-opens=java.base/java.lang.invoke=ALL-UNNAMED --add-opens=java.base/java.util=ALL-UNNAMED --add-opens=java.prefs/java.util.prefs=ALL-UNNAMED --add-opens=java.prefs/java.util.prefs=ALL-UNNAMED --add-opens=java.base/java.nio.charset=ALL-UNNAMED --add-opens=java.base/java.net=ALL-UNNAMED --add-opens=java.base/java.util.concurrent.atomic=ALL-UNNAMED -Xmx2048m -Dfile.encoding=UTF-8 -Duser.country=US -Duser.language=en -Duser.variant org.gradle.launcher.daemon.bootstrap.GradleDaemon 7.0.2

Host: Intel(R) Core(TM) i5-4210U CPU @ 1.70GHz, 4 cores, 3G,  Windows 10 , 64 bit Build 19041 (10.0.19041.1202)
Time: Tue Nov  9 19:00:50 2021 SE Asia Standard Time elapsed time: 24.345689 seconds (0d 0h 0m 24s)

---------------  T H R E A D  ---------------

Current thread (0x00000288f4f80800):  VMThread "VM Thread" [stack: 0x0000009b59e00000,0x0000009b59f00000] [id=7540]

Stack: [0x0000009b59e00000,0x0000009b59f00000]
[error occurred during error reporting (printing stack bounds), id 0xc0000005, EXCEPTION_ACCESS_VIOLATION (0xc0000005) at pc=0x00000288de750f2d]

Native frames: (J=compiled Java code, j=interpreted, Vv=VM code, C=native code)
V  [jvm.dll+0x5ecfaa]
V  [jvm.dll+0x722bd5]
V  [jvm.dll+0x72412d]
V  [jvm.dll+0x724745]
V  [jvm.dll+0x7246fb]
V  [jvm.dll+0x5ec348]
V  [jvm.dll+0x5ecad8]
C  [ntdll.dll+0xa20cf]
C  [ntdll.dll+0x51454]
C  [ntdll.dll+0xa0bfe]
C  0x00000288de750f2d

VM_Operation (0x0000009b5b2f57b0): G1CollectForAllocation, mode: safepoint, requested by thread 0x00000288f5c02800


---------------  P R O C E S S  ---------------

Threads class SMR info:
_java_thread_list=0x00000288f8133800, length=35, elements={
0x00000288d947a000, 0x00000288f4f88800, 0x00000288f4f92800, 0x00000288f4fe2800,
0x00000288f4fe4800, 0x00000288f4fe6000, 0x00000288f4feb000, 0x00000288f4ff0800,
0x00000288f500d000, 0x00000288f5a52800, 0x00000288f6c6b800, 0x00000288f5c84800,
0x00000288f71a9800, 0x00000288f6f30800, 0x00000288f73c7000, 0x00000288f73c2000,
0x00000288f5c02800, 0x00000288f5c03800, 0x00000288f73ae800, 0x00000288f73ba000,
0x00000288f73bb800, 0x00000288f73b9000, 0x00000288f73bc000, 0x00000288f73bd000,
0x00000288f73be000, 0x00000288f73ba800, 0x00000288f73b8000, 0x00000288f73be800,
0x00000288f9ca5800, 0x00000288f9ca1800, 0x00000288f9ca7000, 0x00000288f9ca8000,
0x00000288f9ca4000, 0x00000288f9ca6000, 0x00000288f9ca8800
}

Java Threads: ( => current thread )
  0x00000288d947a000 JavaThread "main" [_thread_blocked, id=1868, stack(0x0000009b59800000,0x0000009b59900000)]
  0x00000288f4f88800 JavaThread "Reference Handler" daemon [_thread_blocked, id=8948, stack(0x0000009b59f00000,0x0000009b5a000000)]
  0x00000288f4f92800 JavaThread "Finalizer" daemon [_thread_blocked, id=10288, stack(0x0000009b5a000000,0x0000009b5a100000)]
  0x00000288f4fe2800 JavaThread "Signal Dispatcher" daemon [_thread_blocked, id=8140, stack(0x0000009b5a100000,0x0000009b5a200000)]
  0x00000288f4fe4800 JavaThread "Attach Listener" daemon [_thread_blocked, id=10884, stack(0x0000009b5a200000,0x0000009b5a300000)]
  0x00000288f4fe6000 JavaThread "Service Thread" daemon [_thread_blocked, id=9000, stack(0x0000009b5a300000,0x0000009b5a400000)]
  0x00000288f4feb000 JavaThread "C2 CompilerThread0" daemon [_thread_blocked, id=11976, stack(0x0000009b5a400000,0x0000009b5a500000)]
  0x00000288f4ff0800 JavaThread "C1 CompilerThread0" daemon [_thread_blocked, id=11180, stack(0x0000009b5a500000,0x0000009b5a600000)]
  0x00000288f500d000 JavaThread "Sweeper thread" daemon [_thread_blocked, id=2484, stack(0x0000009b5a600000,0x0000009b5a700000)]
  0x00000288f5a52800 JavaThread "Common-Cleaner" daemon [_thread_blocked, id=2012, stack(0x0000009b5a700000,0x0000009b5a800000)]
  0x00000288f6c6b800 JavaThread "Daemon health stats" [_thread_blocked, id=2396, stack(0x0000009b5aa00000,0x0000009b5ab00000)]
  0x00000288f5c84800 JavaThread "Incoming local TCP Connector on port 51401" [_thread_in_native, id=7576, stack(0x0000009b5ad00000,0x0000009b5ae00000)]
  0x00000288f71a9800 JavaThread "Daemon periodic checks" [_thread_blocked, id=8300, stack(0x0000009b5ae00000,0x0000009b5af00000)]
  0x00000288f6f30800 JavaThread "Daemon" [_thread_blocked, id=1860, stack(0x0000009b5af00000,0x0000009b5b000000)]
  0x00000288f73c7000 JavaThread "Handler for socket connection from /127.0.0.1:51401 to /127.0.0.1:51402" [_thread_in_native, id=4840, stack(0x0000009b5b000000,0x0000009b5b100000)]
  0x00000288f73c2000 JavaThread "Cancel handler" [_thread_blocked, id=5824, stack(0x0000009b5b100000,0x0000009b5b200000)]
  0x00000288f5c02800 JavaThread "Daemon worker" [_thread_blocked, id=1660, stack(0x0000009b5b200000,0x0000009b5b300000)]
  0x00000288f5c03800 JavaThread "Asynchronous log dispatcher for DefaultDaemonConnection: socket connection from /127.0.0.1:51401 to /127.0.0.1:51402" [_thread_blocked, id=11044, stack(0x0000009b5b300000,0x0000009b5b400000)]
  0x00000288f73ae800 JavaThread "Stdin handler" [_thread_blocked, id=9460, stack(0x0000009b5b400000,0x0000009b5b500000)]
  0x00000288f73ba000 JavaThread "Daemon client event forwarder" [_thread_blocked, id=10868, stack(0x0000009b5b500000,0x0000009b5b600000)]
  0x00000288f73bb800 JavaThread "Cache worker for file hash cache (C:\Users\MinhNgan\.gradle\caches\7.0.2\fileHashes)" [_thread_blocked, id=5288, stack(0x0000009b5b600000,0x0000009b5b700000)]
  0x00000288f73b9000 JavaThread "File lock request listener" [_thread_in_native, id=11884, stack(0x0000009b5b700000,0x0000009b5b800000)]
  0x00000288f73bc000 JavaThread "Cache worker for journal cache (C:\Users\MinhNgan\.gradle\caches\journal-1)" [_thread_blocked, id=9572, stack(0x0000009b5b800000,0x0000009b5b900000)]
  0x00000288f73bd000 JavaThread "Cache worker for file hash cache (C:\Users\MinhNgan\AndroidStudioProjects\Android_hepat\.gradle\7.0.2\fileHashes)" [_thread_blocked, id=5248, stack(0x0000009b5b900000,0x0000009b5ba00000)]
  0x00000288f73be000 JavaThread "File watcher server" daemon [_thread_in_native, id=4472, stack(0x0000009b5ba00000,0x0000009b5bb00000)]
  0x00000288f73ba800 JavaThread "File watcher consumer" daemon [_thread_blocked, id=6368, stack(0x0000009b5bb00000,0x0000009b5bc00000)]
  0x00000288f73b8000 JavaThread "jar transforms" [_thread_blocked, id=11900, stack(0x0000009b5bc00000,0x0000009b5bd00000)]
  0x00000288f73be800 JavaThread "jar transforms Thread 2" [_thread_blocked, id=9800, stack(0x0000009b5bd00000,0x0000009b5be00000)]
  0x00000288f9ca5800 JavaThread "jar transforms Thread 3" [_thread_blocked, id=1144, stack(0x0000009b5be00000,0x0000009b5bf00000)]
  0x00000288f9ca1800 JavaThread "jar transforms Thread 4" [_thread_blocked, id=7544, stack(0x0000009b5bf00000,0x0000009b5c000000)]
  0x00000288f9ca7000 JavaThread "Cache worker for checksums cache (C:\Users\MinhNgan\AndroidStudioProjects\Android_hepat\.gradle\checksums)" [_thread_blocked, id=5928, stack(0x0000009b5c000000,0x0000009b5c100000)]
  0x00000288f9ca8000 JavaThread "Cache worker for cache directory md-supplier (C:\Users\MinhNgan\.gradle\caches\7.0.2\md-supplier)" [_thread_blocked, id=8540, stack(0x0000009b5c100000,0x0000009b5c200000)]
  0x00000288f9ca4000 JavaThread "Cache worker for cache directory md-rule (C:\Users\MinhNgan\.gradle\caches\7.0.2\md-rule)" [_thread_blocked, id=4156, stack(0x0000009b5c200000,0x0000009b5c300000)]
  0x00000288f9ca6000 JavaThread "Cache worker for execution history cache (C:\Users\MinhNgan\.gradle\caches\7.0.2\executionHistory)" [_thread_blocked, id=8560, stack(0x0000009b5c300000,0x0000009b5c400000)]
  0x00000288f9ca8800 JavaThread "Cache worker for file content cache (C:\Users\MinhNgan\.gradle\caches\7.0.2\fileContent)" [_thread_blocked, id=9488, stack(0x0000009b5c400000,0x0000009b5c500000)]

Other Threads:
=>0x00000288f4f80800 VMThread "VM Thread" [stack: 0x0000009b59e00000,0x0000009b59f00000] [id=7540]
  0x00000288f5a53800 WatcherThread [stack: 0x0000009b5a800000,0x0000009b5a900000] [id=10912]
  0x00000288d9493000 GCTaskThread "GC Thread#0" [stack: 0x0000009b59900000,0x0000009b59a00000] [id=2628]
  0x00000288f624b000 GCTaskThread "GC Thread#1" [stack: 0x0000009b5a900000,0x0000009b5aa00000] [id=8888]
  0x00000288f7420000 GCTaskThread "GC Thread#2" [stack: 0x0000009b5ab00000,0x0000009b5ac00000] [id=6232]
  0x00000288f6796800 GCTaskThread "GC Thread#3" [stack: 0x0000009b5ac00000,0x0000009b5ad00000] [id=8056]
  0x00000288d94c2000 ConcurrentGCThread "G1 Main Marker" [stack: 0x0000009b59a00000,0x0000009b59b00000] [id=10552]
  0x00000288d94c4800 ConcurrentGCThread "G1 Conc#0" [stack: 0x0000009b59b00000,0x0000009b59c00000] [id=12228]
  0x00000288d951f800 ConcurrentGCThread "G1 Refine#0" [stack: 0x0000009b59c00000,0x0000009b59d00000] [id=6448]
  0x00000288d9520800 ConcurrentGCThread "G1 Young RemSet Sampling" [stack: 0x0000009b59d00000,0x0000009b59e00000] [id=9504]

Threads with active compile tasks:

VM state:at safepoint (normal execution)

VM Mutex/Monitor currently owned by a thread:  ([mutex/lock_event])
[0x00000288d9476f30] Threads_lock - owner thread: 0x00000288f4f80800
[0x00000288d9476cf0] Heap_lock - owner thread: 0x00000288f5c02800

Heap address: 0x0000000080000000, size: 2048 MB, Compressed Oops mode: 32-bit
Narrow klass base: 0x0000000000000000, Narrow klass shift: 3
Compressed class space size: 1073741824 Address: 0x0000000100000000

Heap:
 garbage-first heap   total 78848K, used 52757K [0x0000000080000000, 0x0000000100000000)
  region size 1024K, 1 young (1024K), 1 survivors (1024K)
 Metaspace       used 42665K, capacity 43901K, committed 44160K, reserved 1087488K
  class space    used 5473K, capacity 5910K, committed 6016K, reserved 1048576K
Heap Regions: E=young(eden), S=young(survivor), O=old, HS=humongous(starts), HC=humongous(continues), CS=collection set, F=free, A=archive, TAMS=top-at-mark-start (previous, next)
|   0|0x0000000080000000, 0x0000000080100000, 0x0000000080100000|100%| O|  |TAMS 0x0000000080100000, 0x0000000080100000| Untracked 
|   1|0x0000000080100000, 0x0000000080200000, 0x0000000080200000|100%| O|  |TAMS 0x0000000080200000, 0x0000000080200000| Untracked 
|   2|0x0000000080200000, 0x0000000080300000, 0x0000000080300000|100%| O|  |TAMS 0x0000000080300000, 0x0000000080300000| Untracked 
|   3|0x0000000080300000, 0x0000000080400000, 0x0000000080400000|100%|HS|  |TAMS 0x0000000080400000, 0x0000000080400000| Complete 
|   4|0x0000000080400000, 0x0000000080500000, 0x0000000080500000|100%|HC|  |TAMS 0x0000000080500000, 0x0000000080500000| Complete 
|   5|0x0000000080500000, 0x0000000080600000, 0x0000000080600000|100%|HC|  |TAMS 0x0000000080600000, 0x0000000080600000| Complete 
|   6|0x0000000080600000, 0x0000000080700000, 0x0000000080700000|100%| O|  |TAMS 0x0000000080700000, 0x0000000080700000| Untracked 
|   7|0x0000000080700000, 0x0000000080800000, 0x0000000080800000|100%| O|  |TAMS 0x0000000080800000, 0x0000000080800000| Untracked 
|   8|0x0000000080800000, 0x0000000080900000, 0x0000000080900000|100%| O|  |TAMS 0x0000000080900000, 0x0000000080900000| Untracked 
|   9|0x0000000080900000, 0x0000000080a00000, 0x0000000080a00000|100%| O|  |TAMS 0x0000000080a00000, 0x0000000080a00000| Untracked 
|  10|0x0000000080a00000, 0x0000000080b00000, 0x0000000080b00000|100%| O|  |TAMS 0x0000000080b00000, 0x0000000080b00000| Untracked 
|  11|0x0000000080b00000, 0x0000000080c00000, 0x0000000080c00000|100%| O|  |TAMS 0x0000000080c00000, 0x0000000080c00000| Untracked 
|  12|0x0000000080c00000, 0x0000000080d00000, 0x0000000080d00000|100%| O|  |TAMS 0x0000000080d00000, 0x0000000080d00000| Untracked 
|  13|0x0000000080d00000, 0x0000000080e00000, 0x0000000080e00000|100%| O|  |TAMS 0x0000000080e00000, 0x0000000080e00000| Untracked 
|  14|0x0000000080e00000, 0x0000000080f00000, 0x0000000080f00000|100%| O|  |TAMS 0x0000000080f00000, 0x0000000080f00000| Untracked 
|  15|0x0000000080f00000, 0x0000000081000000, 0x0000000081000000|100%|HS|  |TAMS 0x0000000081000000, 0x0000000081000000| Complete 
|  16|0x0000000081000000, 0x0000000081100000, 0x0000000081100000|100%|HC|  |TAMS 0x0000000081100000, 0x0000000081100000| Complete 
|  17|0x0000000081100000, 0x0000000081200000, 0x0000000081200000|100%|HS|  |TAMS 0x0000000081200000, 0x0000000081200000| Complete 
|  18|0x0000000081200000, 0x0000000081300000, 0x0000000081300000|100%|HC|  |TAMS 0x0000000081300000, 0x0000000081300000| Complete 
|  19|0x0000000081300000, 0x0000000081400000, 0x0000000081400000|100%|HC|  |TAMS 0x0000000081400000, 0x0000000081400000| Complete 
|  20|0x0000000081400000, 0x0000000081500000, 0x0000000081500000|100%| O|  |TAMS 0x0000000081500000, 0x0000000081500000| Untracked 
|  21|0x0000000081500000, 0x0000000081600000, 0x0000000081600000|100%| O|  |TAMS 0x0000000081600000, 0x0000000081600000| Untracked 
|  22|0x0000000081600000, 0x0000000081700000, 0x0000000081700000|100%|HS|  |TAMS 0x0000000081700000, 0x0000000081700000| Complete 
|  23|0x0000000081700000, 0x0000000081800000, 0x0000000081800000|100%|HC|  |TAMS 0x0000000081800000, 0x0000000081800000| Complete 
|  24|0x0000000081800000, 0x0000000081900000, 0x0000000081900000|100%|HC|  |TAMS 0x0000000081900000, 0x0000000081900000| Complete 
|  25|0x0000000081900000, 0x0000000081a00000, 0x0000000081a00000|100%|HC|  |TAMS 0x0000000081a00000, 0x0000000081a00000| Complete 
|  26|0x0000000081a00000, 0x0000000081b00000, 0x0000000081b00000|100%|HC|  |TAMS 0x0000000081b00000, 0x0000000081b00000| Complete 
|  27|0x0000000081b00000, 0x0000000081c00000, 0x0000000081c00000|100%| O|  |TAMS 0x0000000081c00000, 0x0000000081c00000| Untracked 
|  28|0x0000000081c00000, 0x0000000081d00000, 0x0000000081d00000|100%| O|  |TAMS 0x0000000081d00000, 0x0000000081d00000| Untracked 
|  29|0x0000000081d00000, 0x0000000081e00000, 0x0000000081e00000|100%| O|  |TAMS 0x0000000081e00000, 0x0000000081e00000| Untracked 
|  30|0x0000000081e00000, 0x0000000081f00000, 0x0000000081f00000|100%| O|  |TAMS 0x0000000081f00000, 0x0000000081f00000| Untracked 
|  31|0x0000000081f00000, 0x0000000082000000, 0x0000000082000000|100%| O|  |TAMS 0x0000000082000000, 0x0000000082000000| Untracked 
|  32|0x0000000082000000, 0x0000000082100000, 0x0000000082100000|100%| O|  |TAMS 0x0000000082100000, 0x0000000082100000| Untracked 
|  33|0x0000000082100000, 0x0000000082200000, 0x0000000082200000|100%| O|  |TAMS 0x0000000082200000, 0x0000000082200000| Untracked 
|  34|0x0000000082200000, 0x0000000082300000, 0x0000000082300000|100%| O|  |TAMS 0x0000000082300000, 0x0000000082300000| Untracked 
|  35|0x0000000082300000, 0x0000000082400000, 0x0000000082400000|100%| O|  |TAMS 0x0000000082400000, 0x0000000082400000| Untracked 
|  36|0x0000000082400000, 0x0000000082500000, 0x0000000082500000|100%| O|  |TAMS 0x0000000082500000, 0x0000000082500000| Untracked 
|  37|0x0000000082500000, 0x0000000082600000, 0x0000000082600000|100%| O|  |TAMS 0x0000000082600000, 0x0000000082600000| Untracked 
|  38|0x0000000082600000, 0x0000000082700000, 0x0000000082700000|100%| O|  |TAMS 0x000000008267c800, 0x0000000082700000| Untracked 
|  39|0x0000000082700000, 0x0000000082800000, 0x0000000082800000|100%| O|  |TAMS 0x0000000082700000, 0x0000000082800000| Untracked 
|  40|0x0000000082800000, 0x0000000082900000, 0x0000000082900000|100%| O|  |TAMS 0x0000000082800000, 0x0000000082900000| Untracked 
|  41|0x0000000082900000, 0x0000000082a00000, 0x0000000082a00000|100%| O|  |TAMS 0x0000000082a00000, 0x0000000082a00000| Untracked 
|  42|0x0000000082a00000, 0x0000000082b00000, 0x0000000082b00000|100%|HS|  |TAMS 0x0000000082b00000, 0x0000000082b00000| Complete 
|  43|0x0000000082b00000, 0x0000000082c00000, 0x0000000082c00000|100%|HC|  |TAMS 0x0000000082c00000, 0x0000000082c00000| Complete 
|  44|0x0000000082c00000, 0x0000000082d00000, 0x0000000082d00000|100%|HC|  |TAMS 0x0000000082d00000, 0x0000000082d00000| Complete 
|  45|0x0000000082d00000, 0x0000000082e00000, 0x0000000082e00000|100%|HC|  |TAMS 0x0000000082e00000, 0x0000000082e00000| Complete 
|  46|0x0000000082e00000, 0x0000000082f00000, 0x0000000082f00000|100%|HC|  |TAMS 0x0000000082f00000, 0x0000000082f00000| Complete 
|  47|0x0000000082f00000, 0x0000000083000000, 0x0000000083000000|100%|HS|  |TAMS 0x0000000082f00000, 0x0000000083000000| Complete 
|  48|0x0000000083000000, 0x0000000083100000, 0x0000000083100000|100%|HC|  |TAMS 0x0000000083000000, 0x0000000083100000| Complete 
|  49|0x0000000083100000, 0x0000000083200000, 0x0000000083200000|100%|HC|  |TAMS 0x0000000083100000, 0x0000000083200000| Complete 
|  50|0x0000000083200000, 0x0000000083300000, 0x0000000083300000|100%| O|  |TAMS 0x0000000083200000, 0x0000000083300000| Untracked 
|  51|0x0000000083300000, 0x000000008333ee00, 0x0000000083400000| 24%| O|  |TAMS 0x0000000083300000, 0x000000008333ee00| Untracked 
|  52|0x0000000083400000, 0x0000000083400000, 0x0000000083500000|  0%| F|  |TAMS 0x0000000083400000, 0x0000000083400000| Untracked 
|  53|0x0000000083500000, 0x0000000083500000, 0x0000000083600000|  0%| F|  |TAMS 0x0000000083500000, 0x0000000083500000| Untracked 
|  54|0x0000000083600000, 0x0000000083600000, 0x0000000083700000|  0%| F|  |TAMS 0x0000000083600000, 0x0000000083600000| Untracked 
|  55|0x0000000083700000, 0x0000000083700000, 0x0000000083800000|  0%| F|  |TAMS 0x0000000083700000, 0x0000000083700000| Untracked 
|  56|0x0000000083800000, 0x0000000083800000, 0x0000000083900000|  0%| F|  |TAMS 0x0000000083800000, 0x0000000083800000| Untracked 
|  57|0x0000000083900000, 0x0000000083900000, 0x0000000083a00000|  0%| F|  |TAMS 0x0000000083900000, 0x0000000083900000| Untracked 
|  58|0x0000000083a00000, 0x0000000083a00000, 0x0000000083b00000|  0%| F|  |TAMS 0x0000000083a00000, 0x0000000083a00000| Untracked 
|  59|0x0000000083b00000, 0x0000000083b00000, 0x0000000083c00000|  0%| F|  |TAMS 0x0000000083b00000, 0x0000000083b00000| Untracked 
|  60|0x0000000083c00000, 0x0000000083c00000, 0x0000000083d00000|  0%| F|  |TAMS 0x0000000083c00000, 0x0000000083c00000| Untracked 
|  61|0x0000000083d00000, 0x0000000083d46680, 0x0000000083e00000| 27%| S|CS|TAMS 0x0000000083d00000, 0x0000000083d00000| Complete 
|  62|0x0000000083e00000, 0x0000000083e00000, 0x0000000083f00000|  0%| F|  |TAMS 0x0000000083e00000, 0x0000000083e00000| Untracked 
|  63|0x0000000083f00000, 0x0000000083f00000, 0x0000000084000000|  0%| F|  |TAMS 0x0000000083f00000, 0x0000000083f00000| Untracked 

Card table byte_map: [0x00000288ee170000,0x00000288ee570000] _byte_map_base: 0x00000288edd70000

Marking Bits (Prev, Next): (CMBitMap*) 0x00000288d94b95c0, (CMBitMap*) 0x00000288d94b9588
 Prev Bits: [0x00000288f0970000, 0x00000288f2970000)
 Next Bits: [0x00000288ee970000, 0x00000288f0970000)

Polling page: 0x00000288d92f0000

Metaspace:

Usage:
  Non-class:     37.10 MB capacity,    36.32 MB ( 98%) used,   692.59 KB (  2%) free+waste,   106.63 KB ( <1%) overhead. 
      Class:      5.77 MB capacity,     5.35 MB ( 93%) used,   384.70 KB (  7%) free+waste,    51.88 KB ( <1%) overhead. 
       Both:     42.87 MB capacity,    41.67 MB ( 97%) used,     1.05 MB (  2%) free+waste,   158.50 KB ( <1%) overhead. 

Virtual space:
  Non-class space:       38.00 MB reserved,      37.25 MB ( 98%) committed 
      Class space:        1.00 GB reserved,       5.88 MB ( <1%) committed 
             Both:        1.04 GB reserved,      43.13 MB (  4%) committed 

Chunk freelists:
   Non-Class:  25.00 KB
       Class:  10.00 KB
        Both:  35.00 KB

MaxMetaspaceSize: 17179869184.00 GB
CompressedClassSpaceSize: 1.00 GB

CodeHeap 'non-profiled nmethods': size=120064Kb used=1736Kb max_used=1736Kb free=118327Kb
 bounds [0x00000288e6210000, 0x00000288e6480000, 0x00000288ed750000]
CodeHeap 'profiled nmethods': size=120000Kb used=8203Kb max_used=8203Kb free=111796Kb
 bounds [0x00000288dece0000, 0x00000288df4f0000, 0x00000288e6210000]
CodeHeap 'non-nmethods': size=5696Kb used=2207Kb max_used=2248Kb free=3489Kb
 bounds [0x00000288de750000, 0x00000288de9c0000, 0x00000288dece0000]
 total_blobs=4618 nmethods=3844 adapters=685
 compilation: enabled
              stopped_count=0, restarted_count=0
 full_count=0

Compilation events (20 events):
Event: 24.242 Thread 0x00000288f4ff0800 nmethod 3887 0x00000288df4e0a10 code [0x00000288df4e0c00, 0x00000288df4e10c8]
Event: 24.243 Thread 0x00000288f4ff0800 3888       3       java.util.concurrent.locks.AbstractQueuedSynchronizer$ConditionObject::unlinkCancelledWaiters (67 bytes)
Event: 24.243 Thread 0x00000288f4ff0800 nmethod 3888 0x00000288df4e1290 code [0x00000288df4e1460, 0x00000288df4e1858]
Event: 24.257 Thread 0x00000288f4feb000 nmethod 3879 0x00000288e63c0090 code [0x00000288e63c02c0, 0x00000288e63c0e50]
Event: 24.257 Thread 0x00000288f4feb000 3884       4       java.util.concurrent.atomic.AtomicReferenceArray::length (6 bytes)
Event: 24.258 Thread 0x00000288f4feb000 nmethod 3884 0x00000288e63c1410 code [0x00000288e63c15a0, 0x00000288e63c1618]
Event: 24.272 Thread 0x00000288f4ff0800 3889       1       com.google.common.collect.MapMakerInternalMap$StrongKeyWeakValueSegment::access$100 (5 bytes)
Event: 24.272 Thread 0x00000288f4ff0800 nmethod 3889 0x00000288e63c1690 code [0x00000288e63c1840, 0x00000288e63c18d8]
Event: 24.282 Thread 0x00000288f4feb000 3890   !   4       java.lang.ref.ReferenceQueue::poll (28 bytes)
Event: 24.283 Thread 0x00000288f4ff0800 3891       3       com.google.common.collect.MapMakerInternalMap$StrongKeyWeakValueSegment::self (5 bytes)
Event: 24.284 Thread 0x00000288f4ff0800 nmethod 3891 0x00000288df4e1990 code [0x00000288df4e1b40, 0x00000288df4e1c98]
Event: 24.284 Thread 0x00000288f4ff0800 3892       3       com.google.common.collect.MapMakerInternalMap$StrongKeyWeakValueSegment::self (2 bytes)
Event: 24.284 Thread 0x00000288f4ff0800 nmethod 3892 0x00000288df4e1d90 code [0x00000288df4e1f40, 0x00000288df4e2038]
Event: 24.293 Thread 0x00000288f4feb000 nmethod 3890 0x00000288e63c1990 code [0x00000288e63c1b40, 0x00000288e63c2168]
Event: 24.315 Thread 0x00000288f4ff0800 3893       3       com.google.common.collect.MapMakerInternalMap::hash (14 bytes)
Event: 24.316 Thread 0x00000288f4ff0800 nmethod 3893 0x00000288df4e2110 code [0x00000288df4e22e0, 0x00000288df4e2578]
Event: 24.316 Thread 0x00000288f4ff0800 3894       3       com.google.common.collect.MapMakerInternalMap::rehash (49 bytes)
Event: 24.316 Thread 0x00000288f4ff0800 nmethod 3894 0x00000288df4e2690 code [0x00000288df4e2840, 0x00000288df4e2958]
Event: 24.316 Thread 0x00000288f4ff0800 3895       3       com.google.common.collect.MapMakerInternalMap::segmentFor (17 bytes)
Event: 24.316 Thread 0x00000288f4ff0800 nmethod 3895 0x00000288df4e2a10 code [0x00000288df4e2bc0, 0x00000288df4e2cf8]

GC Heap History (20 events):
Event: 21.249 GC heap after
{Heap after GC invocations=14 (full 0):
 garbage-first heap   total 65536K, used 37495K [0x0000000080000000, 0x0000000100000000)
  region size 1024K, 3 young (3072K), 3 survivors (3072K)
 Metaspace       used 37664K, capacity 38690K, committed 38784K, reserved 1083392K
  class space    used 4863K, capacity 5206K, committed 5248K, reserved 1048576K
}
Event: 21.476 GC heap before
{Heap before GC invocations=15 (full 0):
 garbage-first heap   total 65536K, used 51831K [0x0000000080000000, 0x0000000100000000)
  region size 1024K, 17 young (17408K), 3 survivors (3072K)
 Metaspace       used 37691K, capacity 38693K, committed 38784K, reserved 1083392K
  class space    used 4863K, capacity 5206K, committed 5248K, reserved 1048576K
}
Event: 21.484 GC heap after
{Heap after GC invocations=16 (full 0):
 garbage-first heap   total 65536K, used 38642K [0x0000000080000000, 0x0000000100000000)
  region size 1024K, 2 young (2048K), 2 survivors (2048K)
 Metaspace       used 37691K, capacity 38693K, committed 38784K, reserved 1083392K
  class space    used 4863K, capacity 5206K, committed 5248K, reserved 1048576K
}
Event: 21.815 GC heap before
{Heap before GC invocations=16 (full 0):
 garbage-first heap   total 65536K, used 46834K [0x0000000080000000, 0x0000000100000000)
  region size 1024K, 12 young (12288K), 2 survivors (2048K)
 Metaspace       used 38104K, capacity 39108K, committed 39424K, reserved 1083392K
  class space    used 4914K, capacity 5256K, committed 5376K, reserved 1048576K
}
Event: 21.821 GC heap after
{Heap after GC invocations=17 (full 0):
 garbage-first heap   total 65536K, used 40053K [0x0000000080000000, 0x0000000100000000)
  region size 1024K, 2 young (2048K), 2 survivors (2048K)
 Metaspace       used 38104K, capacity 39108K, committed 39424K, reserved 1083392K
  class space    used 4914K, capacity 5256K, committed 5376K, reserved 1048576K
}
Event: 22.601 GC heap before
{Heap before GC invocations=18 (full 0):
 garbage-first heap   total 65536K, used 55413K [0x0000000080000000, 0x0000000100000000)
  region size 1024K, 14 young (14336K), 2 survivors (2048K)
 Metaspace       used 39932K, capacity 40918K, committed 41088K, reserved 1085440K
  class space    used 5079K, capacity 5432K, committed 5504K, reserved 1048576K
}
Event: 22.605 GC heap after
{Heap after GC invocations=19 (full 0):
 garbage-first heap   total 65536K, used 40165K [0x0000000080000000, 0x0000000100000000)
  region size 1024K, 1 young (1024K), 1 survivors (1024K)
 Metaspace       used 39932K, capacity 40918K, committed 41088K, reserved 1085440K
  class space    used 5079K, capacity 5432K, committed 5504K, reserved 1048576K
}
Event: 22.982 GC heap before
{Heap before GC invocations=19 (full 0):
 garbage-first heap   total 65536K, used 52453K [0x0000000080000000, 0x0000000100000000)
  region size 1024K, 13 young (13312K), 1 survivors (1024K)
 Metaspace       used 41072K, capacity 42125K, committed 42368K, reserved 1085440K
  class space    used 5258K, capacity 5646K, committed 5760K, reserved 1048576K
}
Event: 22.987 GC heap after
{Heap after GC invocations=20 (full 0):
 garbage-first heap   total 65536K, used 40443K [0x0000000080000000, 0x0000000100000000)
  region size 1024K, 1 young (1024K), 1 survivors (1024K)
 Metaspace       used 41072K, capacity 42125K, committed 42368K, reserved 1085440K
  class space    used 5258K, capacity 5646K, committed 5760K, reserved 1048576K
}
Event: 23.387 GC heap before
{Heap before GC invocations=21 (full 0):
 garbage-first heap   total 65536K, used 51707K [0x0000000080000000, 0x0000000100000000)
  region size 1024K, 13 young (13312K), 1 survivors (1024K)
 Metaspace       used 41960K, capacity 43067K, committed 43264K, reserved 1087488K
  class space    used 5392K, capacity 5811K, committed 5888K, reserved 1048576K
}
Event: 23.391 GC heap after
{Heap after GC invocations=22 (full 0):
 garbage-first heap   total 65536K, used 41034K [0x0000000080000000, 0x0000000100000000)
  region size 1024K, 2 young (2048K), 2 survivors (2048K)
 Metaspace       used 41960K, capacity 43067K, committed 43264K, reserved 1087488K
  class space    used 5392K, capacity 5811K, committed 5888K, reserved 1048576K
}
Event: 23.396 GC heap before
{Heap before GC invocations=22 (full 0):
 garbage-first heap   total 65536K, used 41034K [0x0000000080000000, 0x0000000100000000)
  region size 1024K, 3 young (3072K), 2 survivors (2048K)
 Metaspace       used 41962K, capacity 43067K, committed 43264K, reserved 1087488K
  class space    used 5392K, capacity 5811K, committed 5888K, reserved 1048576K
}
Event: 23.400 GC heap after
{Heap after GC invocations=23 (full 0):
 garbage-first heap   total 65536K, used 41061K [0x0000000080000000, 0x0000000100000000)
  region size 1024K, 1 young (1024K), 1 survivors (1024K)
 Metaspace       used 41962K, capacity 43067K, committed 43264K, reserved 1087488K
  class space    used 5392K, capacity 5811K, committed 5888K, reserved 1048576K
}
Event: 23.795 GC heap before
{Heap before GC invocations=24 (full 0):
 garbage-first heap   total 65536K, used 50277K [0x0000000080000000, 0x0000000100000000)
  region size 1024K, 7 young (7168K), 1 survivors (1024K)
 Metaspace       used 42202K, capacity 43342K, committed 43520K, reserved 1087488K
  class space    used 5410K, capacity 5854K, committed 5888K, reserved 1048576K
}
Event: 23.801 GC heap after
{Heap after GC invocations=25 (full 0):
 garbage-first heap   total 65536K, used 47602K [0x0000000080000000, 0x0000000100000000)
  region size 1024K, 2 young (2048K), 2 survivors (2048K)
 Metaspace       used 42202K, capacity 43342K, committed 43520K, reserved 1087488K
  class space    used 5410K, capacity 5854K, committed 5888K, reserved 1048576K
}
Event: 24.153 GC heap before
{Heap before GC invocations=26 (full 0):
 garbage-first heap   total 65536K, used 55794K [0x0000000080000000, 0x0000000100000000)
  region size 1024K, 7 young (7168K), 2 survivors (2048K)
 Metaspace       used 42452K, capacity 43733K, committed 43776K, reserved 1087488K
  class space    used 5446K, capacity 5874K, committed 5888K, reserved 1048576K
}
Event: 24.159 GC heap after
{Heap after GC invocations=27 (full 0):
 garbage-first heap   total 65536K, used 52447K [0x0000000080000000, 0x0000000100000000)
  region size 1024K, 1 young (1024K), 1 survivors (1024K)
 Metaspace       used 42452K, capacity 43733K, committed 43776K, reserved 1087488K
  class space    used 5446K, capacity 5874K, committed 5888K, reserved 1048576K
}
Event: 24.259 GC heap before
{Heap before GC invocations=27 (full 0):
 garbage-first heap   total 65536K, used 55519K [0x0000000080000000, 0x0000000100000000)
  region size 1024K, 4 young (4096K), 1 survivors (1024K)
 Metaspace       used 42557K, capacity 43837K, committed 44160K, reserved 1087488K
  class space    used 5462K, capacity 5910K, committed 6016K, reserved 1048576K
}
Event: 24.265 GC heap after
{Heap after GC invocations=28 (full 0):
 garbage-first heap   total 65536K, used 52773K [0x0000000080000000, 0x0000000100000000)
  region size 1024K, 1 young (1024K), 1 survivors (1024K)
 Metaspace       used 42557K, capacity 43837K, committed 44160K, reserved 1087488K
  class space    used 5462K, capacity 5910K, committed 6016K, reserved 1048576K
}
Event: 24.325 GC heap before
{Heap before GC invocations=28 (full 0):
 garbage-first heap   total 65536K, used 54821K [0x0000000080000000, 0x0000000100000000)
  region size 1024K, 3 young (3072K), 1 survivors (1024K)
 Metaspace       used 42665K, capacity 43901K, committed 44160K, reserved 1087488K
  class space    used 5473K, capacity 5910K, committed 6016K, reserved 1048576K
}

Deoptimization events (20 events):
Event: 21.775 Thread 0x00000288f5c02800 DEOPT PACKING pc=0x00000288e637bcb4 sp=0x0000009b5b2f80b0
Event: 21.775 Thread 0x00000288f5c02800 DEOPT UNPACKING pc=0x00000288de7778af sp=0x0000009b5b2f7fe0 mode 2
Event: 22.051 Thread 0x00000288f5c02800 DEOPT PACKING pc=0x00000288df30f479 sp=0x0000009b5b2f9850
Event: 22.051 Thread 0x00000288f5c02800 DEOPT UNPACKING pc=0x00000288de7776ce sp=0x0000009b5b2f8d98 mode 0
Event: 22.866 Thread 0x00000288f5c02800 DEOPT PACKING pc=0x00000288df3b4faf sp=0x0000009b5b2f4e10
Event: 22.866 Thread 0x00000288f5c02800 DEOPT UNPACKING pc=0x00000288de7776ce sp=0x0000009b5b2f4298 mode 0
Event: 23.071 Thread 0x00000288f5c02800 DEOPT PACKING pc=0x00000288df30f479 sp=0x0000009b5b2f8760
Event: 23.071 Thread 0x00000288f5c02800 DEOPT UNPACKING pc=0x00000288de7776ce sp=0x0000009b5b2f7ca8 mode 0
Event: 23.508 Thread 0x00000288f5c02800 DEOPT PACKING pc=0x00000288df1bd214 sp=0x0000009b5b2f25d0
Event: 23.508 Thread 0x00000288f5c02800 DEOPT UNPACKING pc=0x00000288de7776ce sp=0x0000009b5b2f1bc0 mode 0
Event: 23.931 Thread 0x00000288f5c02800 DEOPT PACKING pc=0x00000288df1bd214 sp=0x0000009b5b2f4aa0
Event: 23.931 Thread 0x00000288f5c02800 DEOPT UNPACKING pc=0x00000288de7776ce sp=0x0000009b5b2f4078 mode 0
Event: 23.940 Thread 0x00000288f5c02800 Uncommon trap: trap_request=0xffffff4d fr.pc=0x00000288e6286a80 relative=0x0000000000001880
Event: 23.940 Thread 0x00000288f5c02800 Uncommon trap: reason=unstable_if action=reinterpret pc=0x00000288e6286a80 method=java.util.zip.ZipFile$Source.initCEN(ILjava/util/zip/ZipCoder;)V @ 582 c2
Event: 23.940 Thread 0x00000288f5c02800 DEOPT PACKING pc=0x00000288e6286a80 sp=0x0000009b5b2f4bb0
Event: 23.940 Thread 0x00000288f5c02800 DEOPT UNPACKING pc=0x00000288de7778af sp=0x0000009b5b2f4b80 mode 2
Event: 24.097 Thread 0x00000288f5c02800 Uncommon trap: trap_request=0xffffff4d fr.pc=0x00000288e6268060 relative=0x0000000000000580
Event: 24.097 Thread 0x00000288f5c02800 Uncommon trap: reason=unstable_if action=reinterpret pc=0x00000288e6268060 method=java.util.jar.Manifest$FastInputStream.readLine([BII)I @ 130 c2
Event: 24.097 Thread 0x00000288f5c02800 DEOPT PACKING pc=0x00000288e6268060 sp=0x0000009b5b2f6690
Event: 24.097 Thread 0x00000288f5c02800 DEOPT UNPACKING pc=0x00000288de7778af sp=0x0000009b5b2f6620 mode 2

Classes redefined (0 events):
No events

Internal exceptions (20 events):
Event: 24.059 Thread 0x00000288f5c02800 Exception <a 'java/lang/ClassNotFoundException'{0x0000000083deeb18}: RegistryProcessorBeanInfo> (0x0000000083deeb18) thrown at [./src/hotspot/share/classfile/systemDictionary.cpp, line 231]
Event: 24.060 Thread 0x00000288f5c02800 Exception <a 'java/lang/ClassNotFoundException'{0x0000000083df98b0}: RegistryProcessorCustomizer> (0x0000000083df98b0) thrown at [./src/hotspot/share/classfile/systemDictionary.cpp, line 231]
Event: 24.083 Thread 0x00000288f5c02800 Exception <a 'java/lang/ClassNotFoundException'{0x0000000083c57ba8}: org/gradle/util/GradleVersionBeanInfo> (0x0000000083c57ba8) thrown at [./src/hotspot/share/classfile/systemDictionary.cpp, line 231]
Event: 24.086 Thread 0x00000288f5c02800 Exception <a 'java/lang/ClassNotFoundException'{0x0000000083c7c9c8}: org/gradle/util/GradleVersionCustomizer> (0x0000000083c7c9c8) thrown at [./src/hotspot/share/classfile/systemDictionary.cpp, line 231]
Event: 24.106 Thread 0x00000288f5c02800 Exception <a 'java/lang/ClassNotFoundException'{0x0000000083b06918}: org/jetbrains/plugins/gradle/tooling/internal/ExtraModelBuilderBeanInfo> (0x0000000083b06918) thrown at [./src/hotspot/share/classfile/systemDictionary.cpp, line 231]
Event: 24.113 Thread 0x00000288f5c02800 Exception <a 'java/lang/ClassNotFoundException'{0x0000000083b11e80}: org/jetbrains/plugins/gradle/tooling/internal/ExtraModelBuilderCustomizer> (0x0000000083b11e80) thrown at [./src/hotspot/share/classfile/systemDictionary.cpp, line 231]
Event: 24.128 Thread 0x00000288f5c02800 Exception <a 'java/lang/ClassNotFoundException'{0x0000000083b5be90}: java/lang/ClassBeanInfo> (0x0000000083b5be90) thrown at [./src/hotspot/share/classfile/systemDictionary.cpp, line 231]
Event: 24.129 Thread 0x00000288f5c02800 Exception <a 'java/lang/ClassNotFoundException'{0x0000000083b63b18}: java/lang/ClassCustomizer> (0x0000000083b63b18) thrown at [./src/hotspot/share/classfile/systemDictionary.cpp, line 231]
Event: 24.177 Thread 0x00000288f5c02800 Exception <a 'java/lang/ClassNotFoundException'{0x0000000083fd0d00}: java/lang/StringBeanInfo> (0x0000000083fd0d00) thrown at [./src/hotspot/share/classfile/systemDictionary.cpp, line 231]
Event: 24.177 Thread 0x00000288f5c02800 Exception <a 'java/lang/ClassNotFoundException'{0x0000000083fd8ff0}: java/lang/StringCustomizer> (0x0000000083fd8ff0) thrown at [./src/hotspot/share/classfile/systemDictionary.cpp, line 231]
Event: 24.208 Thread 0x00000288f5c02800 Exception <a 'java/lang/ClassNotFoundException'{0x0000000083e730a0}: org/gradle/internal/classloader/VisitableURLClassLoaderBeanInfo> (0x0000000083e730a0) thrown at [./src/hotspot/share/classfile/systemDictionary.cpp, line 231]
Event: 24.208 Thread 0x00000288f5c02800 Exception <a 'java/lang/ClassNotFoundException'{0x0000000083e7b4f8}: java/net/URLClassLoaderBeanInfo> (0x0000000083e7b4f8) thrown at [./src/hotspot/share/classfile/systemDictionary.cpp, line 231]
Event: 24.209 Thread 0x00000288f5c02800 Exception <a 'java/lang/ClassNotFoundException'{0x0000000083e83860}: java/security/SecureClassLoaderBeanInfo> (0x0000000083e83860) thrown at [./src/hotspot/share/classfile/systemDictionary.cpp, line 231]
Event: 24.209 Thread 0x00000288f5c02800 Exception <a 'java/lang/ClassNotFoundException'{0x0000000083e8bc30}: java/lang/ClassLoaderBeanInfo> (0x0000000083e8bc30) thrown at [./src/hotspot/share/classfile/systemDictionary.cpp, line 231]
Event: 24.210 Thread 0x00000288f5c02800 Exception <a 'java/lang/ClassNotFoundException'{0x0000000083e93dc0}: java/lang/ClassLoaderCustomizer> (0x0000000083e93dc0) thrown at [./src/hotspot/share/classfile/systemDictionary.cpp, line 231]
Event: 24.215 Thread 0x00000288f5c02800 Exception <a 'java/lang/ClassNotFoundException'{0x0000000083ea9318}: java/security/SecureClassLoaderCustomizer> (0x0000000083ea9318) thrown at [./src/hotspot/share/classfile/systemDictionary.cpp, line 231]
Event: 24.217 Thread 0x00000288f5c02800 Exception <a 'java/lang/ClassNotFoundException'{0x0000000083eb35b8}: java/net/URLClassLoaderCustomizer> (0x0000000083eb35b8) thrown at [./src/hotspot/share/classfile/systemDictionary.cpp, line 231]
Event: 24.220 Thread 0x00000288f5c02800 Exception <a 'java/lang/ClassNotFoundException'{0x0000000083ee5348}: org/gradle/internal/classloader/VisitableURLClassLoaderCustomizer> (0x0000000083ee5348) thrown at [./src/hotspot/share/classfile/systemDictionary.cpp, line 231]
Event: 24.239 Thread 0x00000288f5c02800 Exception <a 'java/lang/ClassNotFoundException'{0x0000000083d2d040}: org/jetbrains/plugins/gradle/tooling/internal/ExtraModelBuilder$ForGradle44BeanInfo> (0x0000000083d2d040) thrown at [./src/hotspot/share/classfile/systemDictionary.cpp, line 231]
Event: 24.240 Thread 0x00000288f5c02800 Exception <a 'java/lang/ClassNotFoundException'{0x0000000083d39518}: org/jetbrains/plugins/gradle/tooling/internal/ExtraModelBuilder$ForGradle44Customizer> (0x0000000083d39518) thrown at [./src/hotspot/share/classfile/systemDictionary.cpp, line 231]

Events (20 events):
Event: 24.317 loading class org/gradle/internal/impldep/com/google/common/collect/Iterators$MergingIterator done
Event: 24.317 loading class org/gradle/internal/impldep/com/google/common/collect/Iterators$MergingIterator
Event: 24.317 loading class org/gradle/internal/impldep/com/google/common/collect/Iterators$MergingIterator done
Event: 24.319 loading class org/gradle/internal/impldep/com/google/common/collect/Iterators$4
Event: 24.319 loading class org/gradle/internal/impldep/com/google/common/collect/Iterators$4 done
Event: 24.319 loading class org/gradle/internal/impldep/com/google/common/collect/Iterators$4
Event: 24.319 loading class org/gradle/internal/impldep/com/google/common/collect/Iterators$4 done
Event: 24.321 loading class org/gradle/internal/impldep/com/google/common/collect/PeekingIterator
Event: 24.321 loading class org/gradle/internal/impldep/com/google/common/collect/PeekingIterator done
Event: 24.322 loading class org/gradle/internal/impldep/com/google/common/collect/PeekingIterator
Event: 24.322 loading class org/gradle/internal/impldep/com/google/common/collect/PeekingIterator done
Event: 24.323 loading class org/gradle/internal/impldep/com/google/common/collect/Iterators$10
Event: 24.323 loading class org/gradle/internal/impldep/com/google/common/collect/Iterators$10 done
Event: 24.323 loading class org/gradle/internal/impldep/com/google/common/collect/Iterators$10
Event: 24.323 loading class org/gradle/internal/impldep/com/google/common/collect/Iterators$10 done
Event: 24.325 loading class org/gradle/internal/impldep/com/google/common/collect/Iterators$ArrayItr
Event: 24.325 loading class org/gradle/internal/impldep/com/google/common/collect/Iterators$ArrayItr done
Event: 24.325 loading class org/gradle/internal/impldep/com/google/common/collect/Iterators$ArrayItr
Event: 24.325 loading class org/gradle/internal/impldep/com/google/common/collect/Iterators$ArrayItr done
Event: 24.325 Executing VM operation: G1CollectForAllocation


Dynamic libraries:
0x00007ff637f20000 - 0x00007ff637f2a000 	C:\Program Files\Android\Android Studio\jre\bin\java.exe
0x00007ffea7770000 - 0x00007ffea7965000 	C:\WINDOWS\SYSTEM32\ntdll.dll
0x00007ffea5950000 - 0x00007ffea5a0e000 	C:\WINDOWS\System32\KERNEL32.DLL
0x00007ffea5380000 - 0x00007ffea5649000 	C:\WINDOWS\System32\KERNELBASE.dll
0x00007ffea4f70000 - 0x00007ffea5070000 	C:\WINDOWS\System32\ucrtbase.dll
0x00007ffe9d310000 - 0x00007ffe9d329000 	C:\Program Files\Android\Android Studio\jre\bin\jli.dll
0x00007ffea4340000 - 0x00007ffea4357000 	C:\Program Files\Android\Android Studio\jre\bin\VCRUNTIME140.dll
0x00007ffea6500000 - 0x00007ffea66a1000 	C:\WINDOWS\System32\USER32.dll
0x00007ffea51d0000 - 0x00007ffea51f2000 	C:\WINDOWS\System32\win32u.dll
0x00007ffea5a10000 - 0x00007ffea5a3b000 	C:\WINDOWS\System32\GDI32.dll
0x00007ffea56b0000 - 0x00007ffea57bb000 	C:\WINDOWS\System32\gdi32full.dll
0x00007ffea5250000 - 0x00007ffea52ed000 	C:\WINDOWS\System32\msvcp_win.dll
0x00007ffe97ad0000 - 0x00007ffe97d6a000 	C:\WINDOWS\WinSxS\amd64_microsoft.windows.common-controls_6595b64144ccf1df_6.0.19041.1110_none_60b5254171f9507e\COMCTL32.dll
0x00007ffea6ec0000 - 0x00007ffea6f5e000 	C:\WINDOWS\System32\msvcrt.dll
0x00007ffea6960000 - 0x00007ffea6990000 	C:\WINDOWS\System32\IMM32.DLL
0x00007ffe973b0000 - 0x00007ffe9744d000 	C:\Program Files\Android\Android Studio\jre\bin\msvcp140.dll
0x00007ffe69e80000 - 0x00007ffe6a94f000 	C:\Program Files\Android\Android Studio\jre\bin\server\jvm.dll
0x00007ffea6e10000 - 0x00007ffea6ebc000 	C:\WINDOWS\System32\ADVAPI32.dll
0x00007ffea72d0000 - 0x00007ffea736b000 	C:\WINDOWS\System32\sechost.dll
0x00007ffea73d0000 - 0x00007ffea74fa000 	C:\WINDOWS\System32\RPCRT4.dll
0x00007ffea6950000 - 0x00007ffea6958000 	C:\WINDOWS\System32\PSAPI.DLL
0x00007ffea4500000 - 0x00007ffea4527000 	C:\WINDOWS\SYSTEM32\WINMM.dll
0x00007ffea4840000 - 0x00007ffea4849000 	C:\WINDOWS\SYSTEM32\WSOCK32.dll
0x00007ffea6310000 - 0x00007ffea637b000 	C:\WINDOWS\System32\WS2_32.dll
0x00007ffea1c20000 - 0x00007ffea1c2a000 	C:\WINDOWS\SYSTEM32\VERSION.dll
0x00007ffea1fb0000 - 0x00007ffea1fc2000 	C:\WINDOWS\SYSTEM32\kernel.appcore.dll
0x00007ffea4470000 - 0x00007ffea4481000 	C:\Program Files\Android\Android Studio\jre\bin\verify.dll
0x00007ffea48b0000 - 0x00007ffea4a94000 	C:\WINDOWS\SYSTEM32\DBGHELP.DLL
0x00007ffea4800000 - 0x00007ffea482c000 	C:\WINDOWS\SYSTEM32\dbgcore.DLL
0x00007ffea52f0000 - 0x00007ffea5373000 	C:\WINDOWS\System32\bcryptPrimitives.dll
0x00007ffea30c0000 - 0x00007ffea30e9000 	C:\Program Files\Android\Android Studio\jre\bin\java.dll
0x00007ffea4460000 - 0x00007ffea446b000 	C:\Program Files\Android\Android Studio\jre\bin\jimage.dll
0x00007ffea0000000 - 0x00007ffea0018000 	C:\Program Files\Android\Android Studio\jre\bin\zip.dll
0x00007ffea5af0000 - 0x00007ffea622f000 	C:\WINDOWS\System32\SHELL32.dll
0x00007ffea21b0000 - 0x00007ffea2940000 	C:\WINDOWS\SYSTEM32\windows.storage.dll
0x00007ffea6f60000 - 0x00007ffea72b5000 	C:\WINDOWS\System32\combase.dll
0x00007ffea41f0000 - 0x00007ffea421c000 	C:\WINDOWS\SYSTEM32\Wldp.dll
0x00007ffea5a40000 - 0x00007ffea5aed000 	C:\WINDOWS\System32\SHCORE.dll
0x00007ffea7370000 - 0x00007ffea73c5000 	C:\WINDOWS\System32\shlwapi.dll
0x00007ffea4dd0000 - 0x00007ffea4def000 	C:\WINDOWS\SYSTEM32\profapi.dll
0x00007ffe9de10000 - 0x00007ffe9de2a000 	C:\Program Files\Android\Android Studio\jre\bin\net.dll
0x00007ffe99ce0000 - 0x00007ffe99de8000 	C:\WINDOWS\SYSTEM32\WINHTTP.dll
0x00007ffea40c0000 - 0x00007ffea412a000 	C:\WINDOWS\system32\mswsock.dll
0x00007ffe9d1b0000 - 0x00007ffe9d1c4000 	C:\Program Files\Android\Android Studio\jre\bin\nio.dll
0x00007ffe8baa0000 - 0x00007ffe8bac7000 	C:\Users\MinhNgan\.gradle\native\8bec1ad78214c89d9ad589b4d07fe93259594b29d510b10fafb7a158f7737e5d\windows-amd64\native-platform.dll
0x00007ffe80360000 - 0x00007ffe8049d000 	C:\Users\MinhNgan\.gradle\native\53dbd7edfb1c66fb8903c78663c9afc45aea4f116125fa6feffd364cf09443e8\windows-amd64\native-platform-file-events.dll
0x00007ffea4370000 - 0x00007ffea437a000 	C:\Program Files\Android\Android Studio\jre\bin\management.dll
0x00007ffea30a0000 - 0x00007ffea30ac000 	C:\Program Files\Android\Android Studio\jre\bin\management_ext.dll
0x00007ffea4c10000 - 0x00007ffea4c28000 	C:\WINDOWS\SYSTEM32\CRYPTSP.dll
0x00007ffea38f0000 - 0x00007ffea3924000 	C:\WINDOWS\system32\rsaenh.dll
0x00007ffea4e90000 - 0x00007ffea4eb7000 	C:\WINDOWS\System32\bcrypt.dll
0x00007ffea4d90000 - 0x00007ffea4dbe000 	C:\WINDOWS\SYSTEM32\USERENV.dll
0x00007ffea41b0000 - 0x00007ffea41bc000 	C:\WINDOWS\SYSTEM32\CRYPTBASE.dll
0x00007ffea3c40000 - 0x00007ffea3c7b000 	C:\WINDOWS\SYSTEM32\IPHLPAPI.DLL
0x00007ffea72c0000 - 0x00007ffea72c8000 	C:\WINDOWS\System32\NSI.dll
0x00007ffe9a140000 - 0x00007ffe9a157000 	C:\WINDOWS\SYSTEM32\dhcpcsvc6.DLL
0x00007ffe9a460000 - 0x00007ffe9a47d000 	C:\WINDOWS\SYSTEM32\dhcpcsvc.DLL
0x00007ffea3c80000 - 0x00007ffea3d4c000 	C:\WINDOWS\SYSTEM32\DNSAPI.dll

dbghelp: loaded successfully - version: 4.0.5 - missing functions: none
symbol engine: initialized successfully - sym options: 0x614 - pdb path: .;C:\Program Files\Android\Android Studio\jre\bin;C:\WINDOWS\SYSTEM32;C:\WINDOWS\WinSxS\amd64_microsoft.windows.common-controls_6595b64144ccf1df_6.0.19041.1110_none_60b5254171f9507e;C:\Program Files\Android\Android Studio\jre\bin\server;C:\Users\MinhNgan\.gradle\native\8bec1ad78214c89d9ad589b4d07fe93259594b29d510b10fafb7a158f7737e5d\windows-amd64;C:\Users\MinhNgan\.gradle\native\53dbd7edfb1c66fb8903c78663c9afc45aea4f116125fa6feffd364cf09443e8\windows-amd64

VM Arguments:
jvm_args: --add-opens=java.base/java.util=ALL-UNNAMED --add-opens=java.base/java.lang=ALL-UNNAMED --add-opens=java.base/java.lang.invoke=ALL-UNNAMED --add-opens=java.base/java.util=ALL-UNNAMED --add-opens=java.prefs/java.util.prefs=ALL-UNNAMED --add-opens=java.prefs/java.util.prefs=ALL-UNNAMED --add-opens=java.base/java.nio.charset=ALL-UNNAMED --add-opens=java.base/java.net=ALL-UNNAMED --add-opens=java.base/java.util.concurrent.atomic=ALL-UNNAMED -Xmx2048m -Dfile.encoding=UTF-8 -Duser.country=US -Duser.language=en -Duser.variant 
java_command: org.gradle.launcher.daemon.bootstrap.GradleDaemon 7.0.2
java_class_path (initial): C:\Users\MinhNgan\.gradle\wrapper\dists\gradle-7.0.2-bin\857tjihv64xamwrf0h14cai3r\gradle-7.0.2\lib\gradle-launcher-7.0.2.jar
Launcher Type: SUN_STANDARD

[Global flags]
     intx CICompilerCount                          = 3                                         {product} {ergonomic}
     uint ConcGCThreads                            = 1                                         {product} {ergonomic}
     uint G1ConcRefinementThreads                  = 4                                         {product} {ergonomic}
   size_t G1HeapRegionSize                         = 1048576                                   {product} {ergonomic}
    uintx GCDrainStackTargetSize                   = 64                                        {product} {ergonomic}
   size_t InitialHeapSize                          = 67108864                                  {product} {ergonomic}
   size_t MarkStackSize                            = 4194304                                   {product} {ergonomic}
   size_t MaxHeapSize                              = 2147483648                                {product} {command line}
   size_t MaxNewSize                               = 1287651328                                {product} {ergonomic}
   size_t MinHeapDeltaBytes                        = 1048576                                   {product} {ergonomic}
    uintx NonNMethodCodeHeapSize                   = 5830732                                {pd product} {ergonomic}
    uintx NonProfiledCodeHeapSize                  = 122913754                              {pd product} {ergonomic}
    uintx ProfiledCodeHeapSize                     = 122913754                              {pd product} {ergonomic}
    uintx ReservedCodeCacheSize                    = 251658240                              {pd product} {ergonomic}
     bool SegmentedCodeCache                       = true                                      {product} {ergonomic}
     bool UseCompressedClassPointers               = true                                 {lp64_product} {ergonomic}
     bool UseCompressedOops                        = true                                 {lp64_product} {ergonomic}
     bool UseG1GC                                  = true                                      {product} {ergonomic}
     bool UseLargePagesIndividualAllocation        = false                                  {pd product} {ergonomic}

Logging:
Log output configuration:
 #0: stdout all=warning uptime,level,tags
 #1: stderr all=off uptime,level,tags

Environment Variables:
PATH=C:\Program Files\Common Files\Oracle\Java\javapath;C:\WINDOWS\system32;C:\WINDOWS;C:\WINDOWS\System32\Wbem;C:\WINDOWS\System32\WindowsPowerShell\v1.0\;C:\WINDOWS\System32\OpenSSH\;C:\Program Files\dotnet\;C:\Program Files\Microsoft SQL Server\130\Tools\Binn\;C:\Program Files\Microsoft SQL Server\Client SDK\ODBC\170\Tools\Binn\;C:\Program Files (x86)\dotnet\;C:\Program Files\Git\cmd;C:\Users\MinhNgan\AppData\Local\Microsoft\WindowsApps
USERNAME=MinhNgan
OS=Windows_NT
PROCESSOR_IDENTIFIER=Intel64 Family 6 Model 69 Stepping 1, GenuineIntel



---------------  S Y S T E M  ---------------

OS: Windows 10 , 64 bit Build 19041 (10.0.19041.1202)
OS uptime: 0 days 8:07 hours

CPU:total 4 (initial active 4) (2 cores per cpu, 2 threads per core) family 6 model 69 stepping 1 microcode 0x25, cmov, cx8, fxsr, mmx, sse, sse2, sse3, ssse3, sse4.1, sse4.2, popcnt, avx, avx2, aes, clmul, erms, lzcnt, ht, tsc, tscinvbit, bmi1, bmi2, fma

Memory: 4k page, system-wide physical 3979M (327M free)
TotalPageFile size 6979M (AvailPageFile size 9M)
current process WorkingSet (physical memory assigned to process): 168M, peak: 170M
current process commit charge ("private bytes"): 227M, peak: 240M

vm_info: OpenJDK 64-Bit Server VM (11.0.10+0-b96-7249189) for windows-amd64 JRE (11.0.10+0-b96-7249189), built on Mar 31 2021 21:44:00 by "builder" with MS VC++ 14.0 (VS2015)

END.
