#
# There is insufficient memory for the Java Runtime Environment to continue.
# Native memory allocation (malloc) failed to allocate 330096 bytes for Chunk::new
# Possible reasons:
#   The system is out of physical RAM or swap space
#   The process is running with CompressedOops enabled, and the Java Heap may be blocking the growth of the native heap
# Possible solutions:
#   Reduce memory load on the system
#   Increase physical memory or swap space
#   Check if swap backing store is full
#   Decrease Java heap size (-Xmx/-Xms)
#   Decrease number of Java threads
#   Decrease Java thread stack sizes (-Xss)
#   Set larger code cache with -XX:ReservedCodeCacheSize=
#   JVM is running with Unscaled Compressed Oops mode in which the Java heap is
#     placed in the first 4GB address space. The Java Heap base address is the
#     maximum limit for the native heap growth. Please use -XX:HeapBaseMinAddress
#     to set the Java Heap base and to place the Java Heap above 4GB virtual address.
# This output file may be truncated or incomplete.
#
#  Out of Memory Error (./src/hotspot/share/memory/arena.cpp:197), pid=6832, tid=5644
#
# JRE version: OpenJDK Runtime Environment (11.0.10) (build 11.0.10+0-b96-7249189)
# Java VM: OpenJDK 64-Bit Server VM (11.0.10+0-b96-7249189, mixed mode, tiered, compressed oops, g1 gc, windows-amd64)
# No core dump will be written. Minidumps are not enabled by default on client versions of Windows
#

---------------  S U M M A R Y ------------

Command Line: --add-opens=java.base/java.util=ALL-UNNAMED --add-opens=java.base/java.lang=ALL-UNNAMED --add-opens=java.base/java.lang.invoke=ALL-UNNAMED --add-opens=java.base/java.util=ALL-UNNAMED --add-opens=java.prefs/java.util.prefs=ALL-UNNAMED --add-opens=java.prefs/java.util.prefs=ALL-UNNAMED --add-opens=java.base/java.nio.charset=ALL-UNNAMED --add-opens=java.base/java.net=ALL-UNNAMED --add-opens=java.base/java.util.concurrent.atomic=ALL-UNNAMED -Xmx2048m -Dfile.encoding=UTF-8 -Duser.country=US -Duser.language=en -Duser.variant org.gradle.launcher.daemon.bootstrap.GradleDaemon 7.0.2

Host: Intel(R) Core(TM) i5-4210U CPU @ 1.70GHz, 4 cores, 3G,  Windows 10 , 64 bit Build 19041 (10.0.19041.1202)
Time: Mon Nov  8 20:18:00 2021 SE Asia Standard Time elapsed time: 12.990917 seconds (0d 0h 0m 12s)

---------------  T H R E A D  ---------------

Current thread (0x000001f2d14a9000):  JavaThread "C2 CompilerThread0" daemon [_thread_in_native, id=5644, stack(0x0000003085800000,0x0000003085900000)]


Current CompileTask:
C2:  12991 2553       4       java.io.DataInputStream::readUTF (501 bytes)

Stack: [0x0000003085800000,0x0000003085900000]
Native frames: (J=compiled Java code, j=interpreted, Vv=VM code, C=native code)
V  [jvm.dll+0x5ecfaa]
V  [jvm.dll+0x722bd5]
V  [jvm.dll+0x72412d]
V  [jvm.dll+0x7247e3]
V  [jvm.dll+0x242928]
V  [jvm.dll+0xbc4fc]
V  [jvm.dll+0xbca0c]
V  [jvm.dll+0x352d3b]
V  [jvm.dll+0x320ad3]
V  [jvm.dll+0x31ffca]
V  [jvm.dll+0x1fb602]
V  [jvm.dll+0x1fa7f4]
V  [jvm.dll+0x18354c]
V  [jvm.dll+0x208ee7]
V  [jvm.dll+0x207731]
V  [jvm.dll+0x6eb1cf]
V  [jvm.dll+0x6e3d45]
V  [jvm.dll+0x5ebe96]
C  [ucrtbase.dll+0x21bb2]
C  [KERNEL32.DLL+0x17034]
C  [ntdll.dll+0x52651]


---------------  P R O C E S S  ---------------

Threads class SMR info:
_java_thread_list=0x000001f2d2370db0, length=30, elements={
0x000001f2b78ac800, 0x000001f2d1449000, 0x000001f2d144c800, 0x000001f2d14a2800,
0x000001f2d14a4000, 0x000001f2d14a8000, 0x000001f2d14a9000, 0x000001f2d14b4800,
0x000001f2d1e21000, 0x000001f2d1f1a800, 0x000001f2d33e5000, 0x000001f2d3789800,
0x000001f2d2014000, 0x000001f2d2013000, 0x000001f2d2065800, 0x000001f2d3481800,
0x000001f2d2b80800, 0x000001f2d2ba8000, 0x000001f2d2ba9000, 0x000001f2d2a3e800,
0x000001f2d2a3b800, 0x000001f2d2a3e000, 0x000001f2d2a3f800, 0x000001f2d2a42000,
0x000001f2d2a40000, 0x000001f2d2a3c000, 0x000001f2d2a41000, 0x000001f2d2a3d000,
0x000001f2d494b000, 0x000001f2d494f000
}

Java Threads: ( => current thread )
  0x000001f2b78ac800 JavaThread "main" [_thread_blocked, id=3660, stack(0x0000003084c00000,0x0000003084d00000)]
  0x000001f2d1449000 JavaThread "Reference Handler" daemon [_thread_blocked, id=1300, stack(0x0000003085300000,0x0000003085400000)]
  0x000001f2d144c800 JavaThread "Finalizer" daemon [_thread_blocked, id=3432, stack(0x0000003085400000,0x0000003085500000)]
  0x000001f2d14a2800 JavaThread "Signal Dispatcher" daemon [_thread_blocked, id=1672, stack(0x0000003085500000,0x0000003085600000)]
  0x000001f2d14a4000 JavaThread "Attach Listener" daemon [_thread_blocked, id=7768, stack(0x0000003085600000,0x0000003085700000)]
  0x000001f2d14a8000 JavaThread "Service Thread" daemon [_thread_blocked, id=7744, stack(0x0000003085700000,0x0000003085800000)]
=>0x000001f2d14a9000 JavaThread "C2 CompilerThread0" daemon [_thread_in_native, id=5644, stack(0x0000003085800000,0x0000003085900000)]
  0x000001f2d14b4800 JavaThread "C1 CompilerThread0" daemon [_thread_blocked, id=1636, stack(0x0000003085900000,0x0000003085a00000)]
  0x000001f2d1e21000 JavaThread "Sweeper thread" daemon [_thread_blocked, id=6976, stack(0x0000003085a00000,0x0000003085b00000)]
  0x000001f2d1f1a800 JavaThread "Common-Cleaner" daemon [_thread_blocked, id=1744, stack(0x0000003085b00000,0x0000003085c00000)]
  0x000001f2d33e5000 JavaThread "Daemon health stats" [_thread_blocked, id=7968, stack(0x0000003085e00000,0x0000003085f00000)]
  0x000001f2d3789800 JavaThread "Incoming local TCP Connector on port 50855" [_thread_in_native, id=4932, stack(0x0000003086100000,0x0000003086200000)]
  0x000001f2d2014000 JavaThread "Daemon" [_thread_blocked, id=7664, stack(0x0000003086200000,0x0000003086300000)]
  0x000001f2d2013000 JavaThread "Daemon periodic checks" [_thread_blocked, id=9056, stack(0x0000003086300000,0x0000003086400000)]
  0x000001f2d2065800 JavaThread "Handler for socket connection from /127.0.0.1:50855 to /127.0.0.1:50857" [_thread_in_native, id=6196, stack(0x0000003086400000,0x0000003086500000)]
  0x000001f2d3481800 JavaThread "Cancel handler" [_thread_blocked, id=5332, stack(0x0000003086500000,0x0000003086600000)]
  0x000001f2d2b80800 JavaThread "Daemon worker" [_thread_in_native, id=4820, stack(0x0000003086600000,0x0000003086700000)]
  0x000001f2d2ba8000 JavaThread "Asynchronous log dispatcher for DefaultDaemonConnection: socket connection from /127.0.0.1:50855 to /127.0.0.1:50857" [_thread_blocked, id=7772, stack(0x0000003086700000,0x0000003086800000)]
  0x000001f2d2ba9000 JavaThread "Stdin handler" [_thread_blocked, id=8480, stack(0x0000003086800000,0x0000003086900000)]
  0x000001f2d2a3e800 JavaThread "Daemon client event forwarder" [_thread_blocked, id=8952, stack(0x0000003086900000,0x0000003086a00000)]
  0x000001f2d2a3b800 JavaThread "Cache worker for file hash cache (C:\Users\MinhNgan\.gradle\caches\7.0.2\fileHashes)" [_thread_blocked, id=3292, stack(0x0000003086a00000,0x0000003086b00000)]
  0x000001f2d2a3e000 JavaThread "File lock request listener" [_thread_in_native, id=4980, stack(0x0000003086b00000,0x0000003086c00000)]
  0x000001f2d2a3f800 JavaThread "Cache worker for journal cache (C:\Users\MinhNgan\.gradle\caches\journal-1)" [_thread_blocked, id=7396, stack(0x0000003086c00000,0x0000003086d00000)]
  0x000001f2d2a42000 JavaThread "Cache worker for file hash cache (C:\Users\MinhNgan\AndroidStudioProjects\Android_hepat\.gradle\7.0.2\fileHashes)" [_thread_blocked, id=5836, stack(0x0000003086d00000,0x0000003086e00000)]
  0x000001f2d2a40000 JavaThread "File watcher server" daemon [_thread_in_native, id=9972, stack(0x0000003086e00000,0x0000003086f00000)]
  0x000001f2d2a3c000 JavaThread "File watcher consumer" daemon [_thread_blocked, id=2532, stack(0x0000003086f00000,0x0000003087000000)]
  0x000001f2d2a41000 JavaThread "Cache worker for checksums cache (C:\Users\MinhNgan\AndroidStudioProjects\Android_hepat\.gradle\checksums)" [_thread_blocked, id=2024, stack(0x0000003087000000,0x0000003087100000)]
  0x000001f2d2a3d000 JavaThread "Cache worker for cache directory md-supplier (C:\Users\MinhNgan\.gradle\caches\7.0.2\md-supplier)" [_thread_blocked, id=5384, stack(0x0000003087100000,0x0000003087200000)]
  0x000001f2d494b000 JavaThread "Cache worker for cache directory md-rule (C:\Users\MinhNgan\.gradle\caches\7.0.2\md-rule)" [_thread_blocked, id=7540, stack(0x0000003087200000,0x0000003087300000)]
  0x000001f2d494f000 JavaThread "Cache worker for execution history cache (C:\Users\MinhNgan\.gradle\caches\7.0.2\executionHistory)" [_thread_blocked, id=4540, stack(0x0000003087300000,0x0000003087400000)]

Other Threads:
  0x000001f2d1440000 VMThread "VM Thread" [stack: 0x0000003085200000,0x0000003085300000] [id=6288]
  0x000001f2d1f27800 WatcherThread [stack: 0x0000003085c00000,0x0000003085d00000] [id=3328]
  0x000001f2b78c4000 GCTaskThread "GC Thread#0" [stack: 0x0000003084d00000,0x0000003084e00000] [id=7660]
  0x000001f2d279e000 GCTaskThread "GC Thread#1" [stack: 0x0000003085d00000,0x0000003085e00000] [id=5560]
  0x000001f2d3650000 GCTaskThread "GC Thread#2" [stack: 0x0000003085f00000,0x0000003086000000] [id=5740]
  0x000001f2d2e87800 GCTaskThread "GC Thread#3" [stack: 0x0000003086000000,0x0000003086100000] [id=7788]
  0x000001f2b78f5800 ConcurrentGCThread "G1 Main Marker" [stack: 0x0000003084e00000,0x0000003084f00000] [id=6256]
  0x000001f2b78f7000 ConcurrentGCThread "G1 Conc#0" [stack: 0x0000003084f00000,0x0000003085000000] [id=9428]
  0x000001f2b7952800 ConcurrentGCThread "G1 Refine#0" [stack: 0x0000003085000000,0x0000003085100000] [id=2940]
  0x000001f2b7953800 ConcurrentGCThread "G1 Young RemSet Sampling" [stack: 0x0000003085100000,0x0000003085200000] [id=8276]

Threads with active compile tasks:
C2 CompilerThread0  13040 2553       4       java.io.DataInputStream::readUTF (501 bytes)

VM state:not at safepoint (normal execution)

VM Mutex/Monitor currently owned by a thread: None

Heap address: 0x0000000080000000, size: 2048 MB, Compressed Oops mode: 32-bit
Narrow klass base: 0x0000000000000000, Narrow klass shift: 3
Compressed class space size: 1073741824 Address: 0x0000000100000000

Heap:
 garbage-first heap   total 65536K, used 36125K [0x0000000080000000, 0x0000000100000000)
  region size 1024K, 20 young (20480K), 3 survivors (3072K)
 Metaspace       used 30721K, capacity 31353K, committed 31408K, reserved 1081344K
  class space    used 4119K, capacity 4350K, committed 4352K, reserved 1048576K
Heap Regions: E=young(eden), S=young(survivor), O=old, HS=humongous(starts), HC=humongous(continues), CS=collection set, F=free, A=archive, TAMS=top-at-mark-start (previous, next)
|   0|0x0000000080000000, 0x0000000080100000, 0x0000000080100000|100%| O|  |TAMS 0x0000000080100000, 0x0000000080000000| Untracked 
|   1|0x0000000080100000, 0x0000000080200000, 0x0000000080200000|100%| O|  |TAMS 0x0000000080200000, 0x0000000080100000| Untracked 
|   2|0x0000000080200000, 0x0000000080300000, 0x0000000080300000|100%| O|  |TAMS 0x0000000080300000, 0x0000000080200000| Untracked 
|   3|0x0000000080300000, 0x0000000080400000, 0x0000000080400000|100%|HS|  |TAMS 0x0000000080400000, 0x0000000080300000| Complete 
|   4|0x0000000080400000, 0x0000000080500000, 0x0000000080500000|100%|HC|  |TAMS 0x0000000080500000, 0x0000000080400000| Complete 
|   5|0x0000000080500000, 0x0000000080600000, 0x0000000080600000|100%|HC|  |TAMS 0x0000000080600000, 0x0000000080500000| Complete 
|   6|0x0000000080600000, 0x0000000080700000, 0x0000000080700000|100%| O|  |TAMS 0x0000000080700000, 0x0000000080600000| Untracked 
|   7|0x0000000080700000, 0x0000000080800000, 0x0000000080800000|100%| O|  |TAMS 0x0000000080800000, 0x0000000080700000| Untracked 
|   8|0x0000000080800000, 0x0000000080900000, 0x0000000080900000|100%| O|  |TAMS 0x0000000080900000, 0x0000000080800000| Untracked 
|   9|0x0000000080900000, 0x0000000080a00000, 0x0000000080a00000|100%| O|  |TAMS 0x0000000080a00000, 0x0000000080900000| Untracked 
|  10|0x0000000080a00000, 0x0000000080b00000, 0x0000000080b00000|100%| O|  |TAMS 0x0000000080b00000, 0x0000000080a00000| Untracked 
|  11|0x0000000080b00000, 0x0000000080c00000, 0x0000000080c00000|100%| O|  |TAMS 0x0000000080c00000, 0x0000000080b00000| Untracked 
|  12|0x0000000080c00000, 0x0000000080d00000, 0x0000000080d00000|100%| O|  |TAMS 0x0000000080d00000, 0x0000000080c00000| Untracked 
|  13|0x0000000080d00000, 0x0000000080e00000, 0x0000000080e00000|100%| O|  |TAMS 0x0000000080e00000, 0x0000000080d00000| Untracked 
|  14|0x0000000080e00000, 0x0000000080f00000, 0x0000000080f00000|100%| O|  |TAMS 0x0000000080ed3400, 0x0000000080e00000| Untracked 
|  15|0x0000000080f00000, 0x0000000081000000, 0x0000000081000000|100%| O|  |TAMS 0x0000000080f00000, 0x0000000080f00000| Untracked 
|  16|0x0000000081000000, 0x000000008107c600, 0x0000000081100000| 48%| O|  |TAMS 0x0000000081000000, 0x0000000081000000| Untracked 
|  17|0x0000000081100000, 0x0000000081100000, 0x0000000081200000|  0%| F|  |TAMS 0x0000000081100000, 0x0000000081100000| Untracked 
|  18|0x0000000081200000, 0x0000000081200000, 0x0000000081300000|  0%| F|  |TAMS 0x0000000081200000, 0x0000000081200000| Untracked 
|  19|0x0000000081300000, 0x0000000081300000, 0x0000000081400000|  0%| F|  |TAMS 0x0000000081300000, 0x0000000081300000| Untracked 
|  20|0x0000000081400000, 0x0000000081400000, 0x0000000081500000|  0%| F|  |TAMS 0x0000000081400000, 0x0000000081400000| Untracked 
|  21|0x0000000081500000, 0x0000000081500000, 0x0000000081600000|  0%| F|  |TAMS 0x0000000081500000, 0x0000000081500000| Untracked 
|  22|0x0000000081600000, 0x0000000081600000, 0x0000000081700000|  0%| F|  |TAMS 0x0000000081600000, 0x0000000081600000| Untracked 
|  23|0x0000000081700000, 0x0000000081700000, 0x0000000081800000|  0%| F|  |TAMS 0x0000000081700000, 0x0000000081700000| Untracked 
|  24|0x0000000081800000, 0x0000000081800000, 0x0000000081900000|  0%| F|  |TAMS 0x0000000081800000, 0x0000000081800000| Untracked 
|  25|0x0000000081900000, 0x0000000081900000, 0x0000000081a00000|  0%| F|  |TAMS 0x0000000081900000, 0x0000000081900000| Untracked 
|  26|0x0000000081a00000, 0x0000000081a00000, 0x0000000081b00000|  0%| F|  |TAMS 0x0000000081a00000, 0x0000000081a00000| Untracked 
|  27|0x0000000081b00000, 0x0000000081b00000, 0x0000000081c00000|  0%| F|  |TAMS 0x0000000081b00000, 0x0000000081b00000| Untracked 
|  28|0x0000000081c00000, 0x0000000081c00000, 0x0000000081d00000|  0%| F|  |TAMS 0x0000000081c00000, 0x0000000081c00000| Untracked 
|  29|0x0000000081d00000, 0x0000000081d00000, 0x0000000081e00000|  0%| F|  |TAMS 0x0000000081d00000, 0x0000000081d00000| Untracked 
|  30|0x0000000081e00000, 0x0000000081e00000, 0x0000000081f00000|  0%| F|  |TAMS 0x0000000081e00000, 0x0000000081e00000| Untracked 
|  31|0x0000000081f00000, 0x0000000081f00000, 0x0000000082000000|  0%| F|  |TAMS 0x0000000081f00000, 0x0000000081f00000| Untracked 
|  32|0x0000000082000000, 0x0000000082000000, 0x0000000082100000|  0%| F|  |TAMS 0x0000000082000000, 0x0000000082000000| Untracked 
|  33|0x0000000082100000, 0x0000000082100000, 0x0000000082200000|  0%| F|  |TAMS 0x0000000082100000, 0x0000000082100000| Untracked 
|  34|0x0000000082200000, 0x00000000822caec0, 0x0000000082300000| 79%| S|CS|TAMS 0x0000000082200000, 0x0000000082200000| Complete 
|  35|0x0000000082300000, 0x0000000082400000, 0x0000000082400000|100%| S|CS|TAMS 0x0000000082300000, 0x0000000082300000| Complete 
|  36|0x0000000082400000, 0x0000000082500000, 0x0000000082500000|100%| S|CS|TAMS 0x0000000082400000, 0x0000000082400000| Complete 
|  37|0x0000000082500000, 0x0000000082500000, 0x0000000082600000|  0%| F|  |TAMS 0x0000000082500000, 0x0000000082500000| Untracked 
|  38|0x0000000082600000, 0x0000000082600000, 0x0000000082700000|  0%| F|  |TAMS 0x0000000082600000, 0x0000000082600000| Untracked 
|  39|0x0000000082700000, 0x0000000082700000, 0x0000000082800000|  0%| F|  |TAMS 0x0000000082700000, 0x0000000082700000| Untracked 
|  40|0x0000000082800000, 0x0000000082800000, 0x0000000082900000|  0%| F|  |TAMS 0x0000000082800000, 0x0000000082800000| Untracked 
|  41|0x0000000082900000, 0x0000000082900000, 0x0000000082a00000|  0%| F|  |TAMS 0x0000000082900000, 0x0000000082900000| Untracked 
|  42|0x0000000082a00000, 0x0000000082a00000, 0x0000000082b00000|  0%| F|  |TAMS 0x0000000082a00000, 0x0000000082a00000| Untracked 
|  43|0x0000000082b00000, 0x0000000082b00000, 0x0000000082c00000|  0%| F|  |TAMS 0x0000000082b00000, 0x0000000082b00000| Untracked 
|  44|0x0000000082c00000, 0x0000000082c00000, 0x0000000082d00000|  0%| F|  |TAMS 0x0000000082c00000, 0x0000000082c00000| Untracked 
|  45|0x0000000082d00000, 0x0000000082d00000, 0x0000000082e00000|  0%| F|  |TAMS 0x0000000082d00000, 0x0000000082d00000| Untracked 
|  46|0x0000000082e00000, 0x0000000082e00000, 0x0000000082f00000|  0%| F|  |TAMS 0x0000000082e00000, 0x0000000082e00000| Untracked 
|  47|0x0000000082f00000, 0x0000000083000000, 0x0000000083000000|100%| E|  |TAMS 0x0000000082f00000, 0x0000000082f00000| Complete 
|  48|0x0000000083000000, 0x0000000083100000, 0x0000000083100000|100%| E|CS|TAMS 0x0000000083000000, 0x0000000083000000| Complete 
|  49|0x0000000083100000, 0x0000000083200000, 0x0000000083200000|100%| E|CS|TAMS 0x0000000083100000, 0x0000000083100000| Complete 
|  50|0x0000000083200000, 0x0000000083300000, 0x0000000083300000|100%| E|CS|TAMS 0x0000000083200000, 0x0000000083200000| Complete 
|  51|0x0000000083300000, 0x0000000083400000, 0x0000000083400000|100%| E|CS|TAMS 0x0000000083300000, 0x0000000083300000| Complete 
|  52|0x0000000083400000, 0x0000000083500000, 0x0000000083500000|100%| E|CS|TAMS 0x0000000083400000, 0x0000000083400000| Complete 
|  53|0x0000000083500000, 0x0000000083600000, 0x0000000083600000|100%| E|CS|TAMS 0x0000000083500000, 0x0000000083500000| Complete 
|  54|0x0000000083600000, 0x0000000083700000, 0x0000000083700000|100%| E|CS|TAMS 0x0000000083600000, 0x0000000083600000| Complete 
|  55|0x0000000083700000, 0x0000000083800000, 0x0000000083800000|100%| E|CS|TAMS 0x0000000083700000, 0x0000000083700000| Complete 
|  56|0x0000000083800000, 0x0000000083900000, 0x0000000083900000|100%| E|CS|TAMS 0x0000000083800000, 0x0000000083800000| Complete 
|  57|0x0000000083900000, 0x0000000083a00000, 0x0000000083a00000|100%| E|CS|TAMS 0x0000000083900000, 0x0000000083900000| Complete 
|  58|0x0000000083a00000, 0x0000000083b00000, 0x0000000083b00000|100%| E|CS|TAMS 0x0000000083a00000, 0x0000000083a00000| Complete 
|  59|0x0000000083b00000, 0x0000000083c00000, 0x0000000083c00000|100%| E|CS|TAMS 0x0000000083b00000, 0x0000000083b00000| Complete 
|  60|0x0000000083c00000, 0x0000000083d00000, 0x0000000083d00000|100%| E|CS|TAMS 0x0000000083c00000, 0x0000000083c00000| Complete 
|  61|0x0000000083d00000, 0x0000000083e00000, 0x0000000083e00000|100%| E|CS|TAMS 0x0000000083d00000, 0x0000000083d00000| Complete 
|  62|0x0000000083e00000, 0x0000000083f00000, 0x0000000083f00000|100%| E|CS|TAMS 0x0000000083e00000, 0x0000000083e00000| Complete 
|  63|0x0000000083f00000, 0x0000000084000000, 0x0000000084000000|100%| E|CS|TAMS 0x0000000083f00000, 0x0000000083f00000| Complete 

Card table byte_map: [0x000001f2ca7a0000,0x000001f2caba0000] _byte_map_base: 0x000001f2ca3a0000

Marking Bits (Prev, Next): (CMBitMap*) 0x000001f2b78ec9c0, (CMBitMap*) 0x000001f2b78ec988
 Prev Bits: [0x000001f2ccfa0000, 0x000001f2cefa0000)
 Next Bits: [0x000001f2cafa0000, 0x000001f2ccfa0000)

Polling page: 0x000001f2b5a40000

Metaspace:

Usage:
  Non-class:     26.43 MB capacity,    26.01 MB ( 98%) used,   369.97 KB (  1%) free+waste,    62.69 KB ( <1%) overhead. 
      Class:      4.25 MB capacity,     4.02 MB ( 95%) used,   198.66 KB (  5%) free+waste,    31.56 KB ( <1%) overhead. 
       Both:     30.68 MB capacity,    30.03 MB ( 98%) used,   568.63 KB (  2%) free+waste,    94.25 KB ( <1%) overhead. 

Virtual space:
  Non-class space:       32.00 MB reserved,      26.67 MB ( 83%) committed 
      Class space:        1.00 GB reserved,       4.25 MB ( <1%) committed 
             Both:        1.03 GB reserved,      30.92 MB (  3%) committed 

Chunk freelists:
   Non-Class:  53.00 KB
       Class:  2.00 KB
        Both:  55.00 KB

MaxMetaspaceSize: 17179869184.00 GB
CompressedClassSpaceSize: 1.00 GB

CodeHeap 'non-profiled nmethods': size=120064Kb used=1238Kb max_used=1238Kb free=118825Kb
 bounds [0x000001f2c2e60000, 0x000001f2c30d0000, 0x000001f2ca3a0000]
CodeHeap 'profiled nmethods': size=120000Kb used=5656Kb max_used=5656Kb free=114343Kb
 bounds [0x000001f2bb930000, 0x000001f2bbec0000, 0x000001f2c2e60000]
CodeHeap 'non-nmethods': size=5696Kb used=1161Kb max_used=1193Kb free=4534Kb
 bounds [0x000001f2bb3a0000, 0x000001f2bb610000, 0x000001f2bb930000]
 total_blobs=3076 nmethods=2566 adapters=421
 compilation: enabled
              stopped_count=0, restarted_count=0
 full_count=0

Compilation events (20 events):
Event: 12.870 Thread 0x000001f2d14b4800 2545       3       java.util.HashMap::afterNodeAccess (1 bytes)
Event: 12.871 Thread 0x000001f2d14b4800 nmethod 2545 0x000001f2bbea8010 code [0x000001f2bbea81c0, 0x000001f2bbea82b8]
Event: 12.871 Thread 0x000001f2d14b4800 2546       3       org.gradle.internal.service.DefaultServiceRegistry$InstanceUnpackingVisitor::visit (39 bytes)
Event: 12.871 Thread 0x000001f2d14a9000 nmethod 2541 0x000001f2c2f92f90 code [0x000001f2c2f93140, 0x000001f2c2f93268]
Event: 12.872 Thread 0x000001f2d14b4800 nmethod 2546 0x000001f2bbea8390 code [0x000001f2bbea85a0, 0x000001f2bbea8b48]
Event: 12.887 Thread 0x000001f2d14a9000 2547       4       java.util.jar.Attributes::getValue (9 bytes)
Event: 12.893 Thread 0x000001f2d14a9000 nmethod 2547 0x000001f2c2f93390 code [0x000001f2c2f93560, 0x000001f2c2f93848]
Event: 12.893 Thread 0x000001f2d14a9000 2548       4       java.util.ArrayDeque::poll (5 bytes)
Event: 12.895 Thread 0x000001f2d14a9000 nmethod 2548 0x000001f2c2f93b10 code [0x000001f2c2f93ca0, 0x000001f2c2f93d98]
Event: 12.946 Thread 0x000001f2d14a9000 2549       4       java.util.ArrayDeque::addLast (51 bytes)
Event: 12.949 Thread 0x000001f2d14a9000 nmethod 2549 0x000001f2c2f93e90 code [0x000001f2c2f94020, 0x000001f2c2f94218]
Event: 12.949 Thread 0x000001f2d14a9000 2550       4       java.util.ArrayDeque::add (7 bytes)
Event: 12.952 Thread 0x000001f2d14a9000 nmethod 2550 0x000001f2c2f94390 code [0x000001f2c2f94520, 0x000001f2c2f94738]
Event: 12.952 Thread 0x000001f2d14a9000 2551  s    4       java.io.BufferedInputStream::read (49 bytes)
Event: 12.956 Thread 0x000001f2d14a9000 nmethod 2551 0x000001f2c2f94890 code [0x000001f2c2f94a40, 0x000001f2c2f94e68]
Event: 12.961 Thread 0x000001f2d14b4800 2552       3       java.io.DataInputStream::readInt (72 bytes)
Event: 12.961 Thread 0x000001f2d14b4800 nmethod 2552 0x000001f2bbea8d90 code [0x000001f2bbea8fa0, 0x000001f2bbea9508]
Event: 12.962 Thread 0x000001f2d14a9000 2553       4       java.io.DataInputStream::readUTF (501 bytes)
Event: 12.962 Thread 0x000001f2d14b4800 2555       3       org.codehaus.groovy.reflection.GeneratedMetaMethod$DgmMethodRecord::<init> (5 bytes)
Event: 12.962 Thread 0x000001f2d14b4800 nmethod 2555 0x000001f2bbea9710 code [0x000001f2bbea98c0, 0x000001f2bbea9a18]

GC Heap History (18 events):
Event: 1.142 GC heap before
{Heap before GC invocations=0 (full 0):
 garbage-first heap   total 65536K, used 19456K [0x0000000080000000, 0x0000000100000000)
  region size 1024K, 14 young (14336K), 0 survivors (0K)
 Metaspace       used 6735K, capacity 6925K, committed 7168K, reserved 1056768K
  class space    used 582K, capacity 650K, committed 768K, reserved 1048576K
}
Event: 1.149 GC heap after
{Heap after GC invocations=1 (full 0):
 garbage-first heap   total 65536K, used 7994K [0x0000000080000000, 0x0000000100000000)
  region size 1024K, 2 young (2048K), 2 survivors (2048K)
 Metaspace       used 6735K, capacity 6925K, committed 7168K, reserved 1056768K
  class space    used 582K, capacity 650K, committed 768K, reserved 1048576K
}
Event: 1.741 GC heap before
{Heap before GC invocations=1 (full 0):
 garbage-first heap   total 65536K, used 19258K [0x0000000080000000, 0x0000000100000000)
  region size 1024K, 13 young (13312K), 2 survivors (2048K)
 Metaspace       used 9802K, capacity 9990K, committed 10112K, reserved 1058816K
  class space    used 1022K, capacity 1102K, committed 1152K, reserved 1048576K
}
Event: 1.747 GC heap after
{Heap after GC invocations=2 (full 0):
 garbage-first heap   total 65536K, used 9365K [0x0000000080000000, 0x0000000100000000)
  region size 1024K, 2 young (2048K), 2 survivors (2048K)
 Metaspace       used 9802K, capacity 9990K, committed 10112K, reserved 1058816K
  class space    used 1022K, capacity 1102K, committed 1152K, reserved 1048576K
}
Event: 2.523 GC heap before
{Heap before GC invocations=2 (full 0):
 garbage-first heap   total 65536K, used 31893K [0x0000000080000000, 0x0000000100000000)
  region size 1024K, 24 young (24576K), 2 survivors (2048K)
 Metaspace       used 10758K, capacity 11007K, committed 11264K, reserved 1058816K
  class space    used 1123K, capacity 1206K, committed 1280K, reserved 1048576K
}
Event: 2.528 GC heap after
{Heap after GC invocations=3 (full 0):
 garbage-first heap   total 65536K, used 9858K [0x0000000080000000, 0x0000000100000000)
  region size 1024K, 2 young (2048K), 2 survivors (2048K)
 Metaspace       used 10758K, capacity 11007K, committed 11264K, reserved 1058816K
  class space    used 1123K, capacity 1206K, committed 1280K, reserved 1048576K
}
Event: 3.762 GC heap before
{Heap before GC invocations=3 (full 0):
 garbage-first heap   total 65536K, used 42626K [0x0000000080000000, 0x0000000100000000)
  region size 1024K, 34 young (34816K), 2 survivors (2048K)
 Metaspace       used 14066K, capacity 14385K, committed 14592K, reserved 1062912K
  class space    used 1584K, capacity 1716K, committed 1792K, reserved 1048576K
}
Event: 3.791 GC heap after
{Heap after GC invocations=4 (full 0):
 garbage-first heap   total 65536K, used 15318K [0x0000000080000000, 0x0000000100000000)
  region size 1024K, 5 young (5120K), 5 survivors (5120K)
 Metaspace       used 14066K, capacity 14385K, committed 14592K, reserved 1062912K
  class space    used 1584K, capacity 1716K, committed 1792K, reserved 1048576K
}
Event: 6.386 GC heap before
{Heap before GC invocations=4 (full 0):
 garbage-first heap   total 65536K, used 42966K [0x0000000080000000, 0x0000000100000000)
  region size 1024K, 32 young (32768K), 5 survivors (5120K)
 Metaspace       used 19119K, capacity 19520K, committed 19712K, reserved 1067008K
  class space    used 2311K, capacity 2436K, committed 2560K, reserved 1048576K
}
Event: 6.396 GC heap after
{Heap after GC invocations=5 (full 0):
 garbage-first heap   total 65536K, used 16813K [0x0000000080000000, 0x0000000100000000)
  region size 1024K, 2 young (2048K), 2 survivors (2048K)
 Metaspace       used 19119K, capacity 19520K, committed 19712K, reserved 1067008K
  class space    used 2311K, capacity 2436K, committed 2560K, reserved 1048576K
}
Event: 7.229 GC heap before
{Heap before GC invocations=5 (full 0):
 garbage-first heap   total 65536K, used 28077K [0x0000000080000000, 0x0000000100000000)
  region size 1024K, 14 young (14336K), 2 survivors (2048K)
 Metaspace       used 20633K, capacity 21154K, committed 21296K, reserved 1069056K
  class space    used 2513K, capacity 2688K, committed 2688K, reserved 1048576K
}
Event: 7.239 GC heap after
{Heap after GC invocations=6 (full 0):
 garbage-first heap   total 65536K, used 16992K [0x0000000080000000, 0x0000000100000000)
  region size 1024K, 2 young (2048K), 2 survivors (2048K)
 Metaspace       used 20633K, capacity 21154K, committed 21296K, reserved 1069056K
  class space    used 2513K, capacity 2688K, committed 2688K, reserved 1048576K
}
Event: 8.676 GC heap before
{Heap before GC invocations=7 (full 0):
 garbage-first heap   total 65536K, used 42592K [0x0000000080000000, 0x0000000100000000)
  region size 1024K, 27 young (27648K), 2 survivors (2048K)
 Metaspace       used 23147K, capacity 23726K, committed 23856K, reserved 1071104K
  class space    used 2935K, capacity 3144K, committed 3200K, reserved 1048576K
}
Event: 8.682 GC heap after
{Heap after GC invocations=8 (full 0):
 garbage-first heap   total 65536K, used 17884K [0x0000000080000000, 0x0000000100000000)
  region size 1024K, 3 young (3072K), 3 survivors (3072K)
 Metaspace       used 23147K, capacity 23726K, committed 23856K, reserved 1071104K
  class space    used 2935K, capacity 3144K, committed 3200K, reserved 1048576K
}
Event: 11.342 GC heap before
{Heap before GC invocations=8 (full 0):
 garbage-first heap   total 65536K, used 44508K [0x0000000080000000, 0x0000000100000000)
  region size 1024K, 29 young (29696K), 3 survivors (3072K)
 Metaspace       used 25932K, capacity 26489K, committed 26672K, reserved 1073152K
  class space    used 3384K, capacity 3599K, committed 3712K, reserved 1048576K
}
Event: 11.349 GC heap after
{Heap after GC invocations=9 (full 0):
 garbage-first heap   total 65536K, used 18917K [0x0000000080000000, 0x0000000100000000)
  region size 1024K, 3 young (3072K), 3 survivors (3072K)
 Metaspace       used 25932K, capacity 26489K, committed 26672K, reserved 1073152K
  class space    used 3384K, capacity 3599K, committed 3712K, reserved 1048576K
}
Event: 12.636 GC heap before
{Heap before GC invocations=9 (full 0):
 garbage-first heap   total 65536K, used 45541K [0x0000000080000000, 0x0000000100000000)
  region size 1024K, 29 young (29696K), 3 survivors (3072K)
 Metaspace       used 28329K, capacity 28988K, committed 29104K, reserved 1075200K
  class space    used 3761K, capacity 4028K, committed 4096K, reserved 1048576K
}
Event: 12.641 GC heap after
{Heap after GC invocations=10 (full 0):
 garbage-first heap   total 65536K, used 19741K [0x0000000080000000, 0x0000000100000000)
  region size 1024K, 3 young (3072K), 3 survivors (3072K)
 Metaspace       used 28329K, capacity 28988K, committed 29104K, reserved 1075200K
  class space    used 3761K, capacity 4028K, committed 4096K, reserved 1048576K
}

Deoptimization events (20 events):
Event: 11.087 Thread 0x000001f2d2b80800 DEOPT PACKING pc=0x000001f2c2f33ee0 sp=0x00000030866fc5a0
Event: 11.087 Thread 0x000001f2d2b80800 DEOPT UNPACKING pc=0x000001f2bb3c78af sp=0x00000030866fc588 mode 2
Event: 12.035 Thread 0x000001f2d2b80800 Uncommon trap: trap_request=0xffffff4d fr.pc=0x000001f2c2f6744c relative=0x000000000000020c
Event: 12.035 Thread 0x000001f2d2b80800 Uncommon trap: reason=unstable_if action=reinterpret pc=0x000001f2c2f6744c method=java.util.HashMap.hash(Ljava/lang/Object;)I @ 1 c2
Event: 12.035 Thread 0x000001f2d2b80800 DEOPT PACKING pc=0x000001f2c2f6744c sp=0x00000030866f92a0
Event: 12.035 Thread 0x000001f2d2b80800 DEOPT UNPACKING pc=0x000001f2bb3c78af sp=0x00000030866f91d8 mode 2
Event: 12.036 Thread 0x000001f2d2b80800 Uncommon trap: trap_request=0xffffff4d fr.pc=0x000001f2c2f206ac relative=0x000000000000008c
Event: 12.036 Thread 0x000001f2d2b80800 Uncommon trap: reason=unstable_if action=reinterpret pc=0x000001f2c2f206ac method=java.util.HashMap.hash(Ljava/lang/Object;)I @ 1 c2
Event: 12.036 Thread 0x000001f2d2b80800 DEOPT PACKING pc=0x000001f2c2f206ac sp=0x00000030866f9020
Event: 12.036 Thread 0x000001f2d2b80800 DEOPT UNPACKING pc=0x000001f2bb3c78af sp=0x00000030866f8fb8 mode 2
Event: 12.833 Thread 0x000001f2d2b80800 Uncommon trap: trap_request=0xffffff6e fr.pc=0x000001f2c2f8f9cc relative=0x000000000000078c
Event: 12.834 Thread 0x000001f2d2b80800 Uncommon trap: reason=speculate_class_check action=maybe_recompile pc=0x000001f2c2f8f9cc method=java.lang.reflect.Executable.declaredAnnotations()Ljava/util/Map; @ 23 c2
Event: 12.834 Thread 0x000001f2d2b80800 DEOPT PACKING pc=0x000001f2c2f8f9cc sp=0x00000030866f9f60
Event: 12.834 Thread 0x000001f2d2b80800 DEOPT UNPACKING pc=0x000001f2bb3c78af sp=0x00000030866f9ea0 mode 2
Event: 12.867 Thread 0x000001f2d2b80800 Uncommon trap: trap_request=0xffffff6e fr.pc=0x000001f2c2f8f9cc relative=0x000000000000078c
Event: 12.868 Thread 0x000001f2d2b80800 Uncommon trap: reason=speculate_class_check action=maybe_recompile pc=0x000001f2c2f8f9cc method=java.lang.reflect.Executable.declaredAnnotations()Ljava/util/Map; @ 23 c2
Event: 12.868 Thread 0x000001f2d2b80800 DEOPT PACKING pc=0x000001f2c2f8f9cc sp=0x00000030866faf80
Event: 12.868 Thread 0x000001f2d2b80800 DEOPT UNPACKING pc=0x000001f2bb3c78af sp=0x00000030866faec0 mode 2
Event: 12.875 Thread 0x000001f2d2b80800 DEOPT PACKING pc=0x000001f2bbcc36e8 sp=0x00000030866f97d0
Event: 12.875 Thread 0x000001f2d2b80800 DEOPT UNPACKING pc=0x000001f2bb3c76ce sp=0x00000030866f8cd8 mode 0

Classes redefined (0 events):
No events

Internal exceptions (20 events):
Event: 7.322 Thread 0x000001f2d2b80800 Exception <a 'java/lang/NoSuchMethodError'{0x0000000083e65d18}: 'void java.lang.invoke.DirectMethodHandle$Holder.invokeStatic(java.lang.Object, java.lang.Object, java.lang.Object, java.lang.Object, java.lang.Object)'> (0x0000000083e65d18) thrown at [./src/hotspot/share/interpreter/linkResolver.cpp, line 773]
Event: 7.781 Thread 0x000001f2d2b80800 Exception <a 'java/lang/NoSuchMethodError'{0x0000000083912a70}: 'void java.lang.invoke.DirectMethodHandle$Holder.invokeSpecial(java.lang.Object, java.lang.Object)'> (0x0000000083912a70) thrown at [./src/hotspot/share/interpreter/linkResolver.cpp, line 773]
Event: 8.018 Thread 0x000001f2d2b80800 Exception <a 'java/lang/NoSuchMethodError'{0x0000000083748250}: 'java.lang.Object java.lang.invoke.DirectMethodHandle$Holder.invokeSpecial(java.lang.Object, java.lang.Object, java.lang.Object, java.lang.Object, java.lang.Object, java.lang.Object, java.lang.Object, java.lang.Object, java.lang.Object)'> (0x0000000083748250) thrown at [./src/hotspot/share/interpreter/linkResolver.cpp, line 773]
Event: 8.345 Thread 0x000001f2d2b80800 Exception <a 'java/lang/NoSuchMethodError'{0x0000000082cc7288}: 'java.lang.Object java.lang.invoke.DirectMethodHandle$Holder.invokeVirtual(java.lang.Object, java.lang.Object, java.lang.Object, java.lang.Object)'> (0x0000000082cc7288) thrown at [./src/hotspot/share/interpreter/linkResolver.cpp, line 773]
Event: 8.406 Thread 0x000001f2d2b80800 Exception <a 'java/lang/NoSuchMethodError'{0x00000000829917e8}: 'java.lang.Object java.lang.invoke.Invokers$Holder.invoker(java.lang.Object, java.lang.Object, java.lang.Object, java.lang.Object, java.lang.Object)'> (0x00000000829917e8) thrown at [./src/hotspot/share/interpreter/linkResolver.cpp, line 773]
Event: 8.671 Thread 0x000001f2d2b80800 Exception <a 'java/lang/NoSuchMethodError'{0x00000000825e0160}: 'void java.lang.invoke.DirectMethodHandle$Holder.invokeSpecial(java.lang.Object, java.lang.Object, java.lang.Object, java.lang.Object, java.lang.Object, java.lang.Object)'> (0x00000000825e0160) thrown at [./src/hotspot/share/interpreter/linkResolver.cpp, line 773]
Event: 8.732 Thread 0x000001f2d2b80800 Exception <a 'java/lang/NoSuchMethodError'{0x0000000083f461f0}: 'void java.lang.invoke.DirectMethodHandle$Holder.invokeSpecial(java.lang.Object, java.lang.Object, java.lang.Object, java.lang.Object, java.lang.Object, java.lang.Object, java.lang.Object)'> (0x0000000083f461f0) thrown at [./src/hotspot/share/interpreter/linkResolver.cpp, line 773]
Event: 8.733 Thread 0x000001f2d2b80800 Exception <a 'java/lang/NoSuchMethodError'{0x0000000083f4e438}: 'java.lang.Object java.lang.invoke.Invokers$Holder.linkToTargetMethod(java.lang.Object, java.lang.Object, java.lang.Object, java.lang.Object, java.lang.Object, java.lang.Object)'> (0x0000000083f4e438) thrown at [./src/hotspot/share/interpreter/linkResolver.cpp, line 773]
Event: 10.483 Thread 0x000001f2d2b80800 Exception <a 'java/lang/NoSuchMethodError'{0x00000000832b2088}: 'void java.lang.invoke.DirectMethodHandle$Holder.invokeStaticInit(java.lang.Object, java.lang.Object)'> (0x00000000832b2088) thrown at [./src/hotspot/share/interpreter/linkResolver.cpp, line 773]
Event: 11.064 Thread 0x000001f2d2b80800 Exception <a 'java/lang/NoSuchMethodError'{0x0000000082cfa208}: 'void java.lang.invoke.DirectMethodHandle$Holder.invokeStatic(java.lang.Object, java.lang.Object, java.lang.Object, java.lang.Object)'> (0x0000000082cfa208) thrown at [./src/hotspot/share/interpreter/linkResolver.cpp, line 773]
Event: 11.070 Thread 0x000001f2d2b80800 Exception <a 'java/lang/NoSuchMethodError'{0x0000000082b0e4c8}: 'int java.lang.invoke.DirectMethodHandle$Holder.invokeInterface(java.lang.Object, java.lang.Object)'> (0x0000000082b0e4c8) thrown at [./src/hotspot/share/interpreter/linkResolver.cpp, line 773]
Event: 11.568 Thread 0x000001f2d2b80800 Exception <a 'java/lang/NoSuchMethodError'{0x0000000083a37380}: 'java.lang.Object java.lang.invoke.DirectMethodHandle$Holder.invokeSpecialIFC(java.lang.Object, java.lang.Object, java.lang.Object, java.lang.Object)'> (0x0000000083a37380) thrown at [./src/hotspot/share/interpreter/linkResolver.cpp, line 773]
Event: 11.631 Thread 0x000001f2d2b80800 Exception <a 'java/lang/NoSuchMethodError'{0x0000000083912568}: 'java.lang.Object java.lang.invoke.DirectMethodHandle$Holder.invokeSpecial(java.lang.Object, java.lang.Object, java.lang.Object, java.lang.Object, java.lang.Object, java.lang.Object, java.lang.Object, java.lang.Object, java.lang.Object, java.lang.Object, java.lang.Object, java.lang.Object, java.lang.Object)'> (0x0000000083912568) thrown at [./src/hotspot/share/interpreter/linkResolver.cpp, line 773]
Event: 11.635 Thread 0x000001f2d2b80800 Exception <a 'java/lang/NoSuchMethodError'{0x00000000839237f0}: 'java.lang.Object java.lang.invoke.DirectMethodHandle$Holder.invokeSpecial(java.lang.Object, java.lang.Object, java.lang.Object, java.lang.Object, java.lang.Object, java.lang.Object, java.lang.Object, java.lang.Object, java.lang.Object, java.lang.Object, java.lang.Object, java.lang.Object)'> (0x00000000839237f0) thrown at [./src/hotspot/share/interpreter/linkResolver.cpp, line 773]
Event: 11.647 Thread 0x000001f2d2b80800 Exception <a 'java/lang/NoSuchMethodError'{0x0000000083928918}: 'java.lang.Object java.lang.invoke.Invokers$Holder.linkToTargetMethod(java.lang.Object, java.lang.Object, java.lang.Object, java.lang.Object, java.lang.Object, java.lang.Object, java.lang.Object, java.lang.Object, java.lang.Object, java.lang.Object, java.lang.Object)'> (0x0000000083928918) thrown at [./src/hotspot/share/interpreter/linkResolver.cpp, line 773]
Event: 11.695 Thread 0x000001f2d2b80800 Exception <a 'java/lang/NoSuchMethodError'{0x0000000083868a18}: 'java.lang.Object java.lang.invoke.DirectMethodHandle$Holder.invokeSpecial(java.lang.Object, java.lang.Object, java.lang.Object, java.lang.Object, java.lang.Object, java.lang.Object, java.lang.Object, java.lang.Object, java.lang.Object, java.lang.Object, java.lang.Object, java.lang.Object, java.lang.Object, java.lang.Object)'> (0x0000000083868a18) thrown at [./src/hotspot/share/interpreter/linkResolver.cpp, line 773]
Event: 11.711 Thread 0x000001f2d2b80800 Exception <a 'java/lang/NoSuchMethodError'{0x000000008387a280}: 'java.lang.Object java.lang.invoke.Invokers$Holder.linkToTargetMethod(java.lang.Object, java.lang.Object, java.lang.Object, java.lang.Object, java.lang.Object, java.lang.Object, java.lang.Object, java.lang.Object, java.lang.Object, java.lang.Object, java.lang.Object, java.lang.Object)'> (0x000000008387a280) thrown at [./src/hotspot/share/interpreter/linkResolver.cpp, line 773]
Event: 11.737 Thread 0x000001f2d2b80800 Exception <a 'java/lang/NoSuchMethodError'{0x0000000083714b28}: 'java.lang.Object java.lang.invoke.DirectMethodHandle$Holder.invokeStaticInit(java.lang.Object, java.lang.Object, java.lang.Object, java.lang.Object)'> (0x0000000083714b28) thrown at [./src/hotspot/share/interpreter/linkResolver.cpp, line 773]
Event: 12.035 Thread 0x000001f2d2b80800 Implicit null exception at 0x000001f2c2f67275 to 0x000001f2c2f6743c
Event: 12.036 Thread 0x000001f2d2b80800 Implicit null exception at 0x000001f2c2f2062f to 0x000001f2c2f2069d

Events (20 events):
Event: 12.982 loading class org/codehaus/groovy/util/LazyReference$2
Event: 12.982 loading class org/codehaus/groovy/util/LazyReference$2 done
Event: 12.982 loading class org/codehaus/groovy/util/ManagedReference$1
Event: 12.982 loading class org/codehaus/groovy/util/ManagedReference$1 done
Event: 12.983 loading class org/codehaus/groovy/util/ReferenceType$HardRef
Event: 12.983 loading class org/codehaus/groovy/util/ReferenceType$HardRef done
Event: 12.984 loading class org/codehaus/groovy/reflection/ClassInfo$LazyClassLoaderRef
Event: 12.984 loading class org/codehaus/groovy/reflection/ClassInfo$LazyClassLoaderRef done
Event: 12.984 loading class org/codehaus/groovy/util/ManagedConcurrentLinkedQueue$Element
Event: 12.984 loading class org/codehaus/groovy/util/ManagedConcurrentLinkedQueue$Element done
Event: 12.985 loading class org/codehaus/groovy/util/ReferenceType$WeakRef
Event: 12.985 loading class org/codehaus/groovy/util/ReferenceType$WeakRef done
Event: 12.985 loading class org/codehaus/groovy/reflection/CachedClass$1
Event: 12.985 loading class org/codehaus/groovy/reflection/CachedClass$1 done
Event: 12.986 loading class org/codehaus/groovy/reflection/CachedClass$2
Event: 12.986 loading class org/codehaus/groovy/reflection/CachedClass$2 done
Event: 12.987 loading class org/codehaus/groovy/reflection/CachedClass$3
Event: 12.987 loading class org/codehaus/groovy/reflection/CachedClass$3 done
Event: 12.988 loading class org/codehaus/groovy/reflection/CachedClass$4
Event: 12.988 loading class org/codehaus/groovy/reflection/CachedClass$4 done


Dynamic libraries:
0x00007ff7373f0000 - 0x00007ff7373fa000 	C:\Program Files\Android\Android Studio\jre\bin\java.exe
0x00007fffac7f0000 - 0x00007fffac9e5000 	C:\WINDOWS\SYSTEM32\ntdll.dll
0x00007fffaadf0000 - 0x00007fffaaeae000 	C:\WINDOWS\System32\KERNEL32.DLL
0x00007fffaa0b0000 - 0x00007fffaa379000 	C:\WINDOWS\System32\KERNELBASE.dll
0x00007fffaa630000 - 0x00007fffaa730000 	C:\WINDOWS\System32\ucrtbase.dll
0x00007fff97980000 - 0x00007fff97997000 	C:\Program Files\Android\Android Studio\jre\bin\VCRUNTIME140.dll
0x00007fff839c0000 - 0x00007fff839d9000 	C:\Program Files\Android\Android Studio\jre\bin\jli.dll
0x00007fffaa840000 - 0x00007fffaa9e1000 	C:\WINDOWS\System32\USER32.dll
0x00007fffaa730000 - 0x00007fffaa752000 	C:\WINDOWS\System32\win32u.dll
0x00007fffaace0000 - 0x00007fffaad0b000 	C:\WINDOWS\System32\GDI32.dll
0x00007fff99ae0000 - 0x00007fff99d7a000 	C:\WINDOWS\WinSxS\amd64_microsoft.windows.common-controls_6595b64144ccf1df_6.0.19041.1110_none_60b5254171f9507e\COMCTL32.dll
0x00007fffa9f10000 - 0x00007fffaa01b000 	C:\WINDOWS\System32\gdi32full.dll
0x00007fffac3b0000 - 0x00007fffac44e000 	C:\WINDOWS\System32\msvcrt.dll
0x00007fffaa430000 - 0x00007fffaa4cd000 	C:\WINDOWS\System32\msvcp_win.dll
0x00007fffaaeb0000 - 0x00007fffaaee0000 	C:\WINDOWS\System32\IMM32.DLL
0x00007fff83b30000 - 0x00007fff83bcd000 	C:\Program Files\Android\Android Studio\jre\bin\msvcp140.dll
0x00007fff66c70000 - 0x00007fff6773f000 	C:\Program Files\Android\Android Studio\jre\bin\server\jvm.dll
0x00007fffaab90000 - 0x00007fffaac3c000 	C:\WINDOWS\System32\ADVAPI32.dll
0x00007fffaac40000 - 0x00007fffaacdb000 	C:\WINDOWS\System32\sechost.dll
0x00007fffaa9f0000 - 0x00007fffaab1a000 	C:\WINDOWS\System32\RPCRT4.dll
0x00007fffaba10000 - 0x00007fffaba18000 	C:\WINDOWS\System32\PSAPI.DLL
0x00007fffa4cc0000 - 0x00007fffa4cc9000 	C:\WINDOWS\SYSTEM32\WSOCK32.dll
0x00007fff9c820000 - 0x00007fff9c847000 	C:\WINDOWS\SYSTEM32\WINMM.dll
0x00007fffac210000 - 0x00007fffac27b000 	C:\WINDOWS\System32\WS2_32.dll
0x00007fff9dc40000 - 0x00007fff9dc4a000 	C:\WINDOWS\SYSTEM32\VERSION.dll
0x00007fffa7e10000 - 0x00007fffa7e22000 	C:\WINDOWS\SYSTEM32\kernel.appcore.dll
0x00007fff96390000 - 0x00007fff963a1000 	C:\Program Files\Android\Android Studio\jre\bin\verify.dll
0x00007fff97a80000 - 0x00007fff97c64000 	C:\WINDOWS\SYSTEM32\DBGHELP.DLL
0x00007fff97a30000 - 0x00007fff97a5c000 	C:\WINDOWS\SYSTEM32\dbgcore.DLL
0x00007fffaa020000 - 0x00007fffaa0a3000 	C:\WINDOWS\System32\bcryptPrimitives.dll
0x00007fff96360000 - 0x00007fff96389000 	C:\Program Files\Android\Android Studio\jre\bin\java.dll
0x00007fff9f010000 - 0x00007fff9f01b000 	C:\Program Files\Android\Android Studio\jre\bin\jimage.dll
0x00007fff94a70000 - 0x00007fff94a88000 	C:\Program Files\Android\Android Studio\jre\bin\zip.dll
0x00007fffab2d0000 - 0x00007fffaba0f000 	C:\WINDOWS\System32\SHELL32.dll
0x00007fffa8010000 - 0x00007fffa87a0000 	C:\WINDOWS\SYSTEM32\windows.storage.dll
0x00007fffaaee0000 - 0x00007fffab235000 	C:\WINDOWS\System32\combase.dll
0x00007fffa9960000 - 0x00007fffa998c000 	C:\WINDOWS\SYSTEM32\Wldp.dll
0x00007fffac100000 - 0x00007fffac1ad000 	C:\WINDOWS\System32\SHCORE.dll
0x00007fffaba20000 - 0x00007fffaba75000 	C:\WINDOWS\System32\shlwapi.dll
0x00007fffa9e50000 - 0x00007fffa9e6f000 	C:\WINDOWS\SYSTEM32\profapi.dll
0x00007fff94a10000 - 0x00007fff94a2a000 	C:\Program Files\Android\Android Studio\jre\bin\net.dll
0x00007fff9ba20000 - 0x00007fff9bb28000 	C:\WINDOWS\SYSTEM32\WINHTTP.dll
0x00007fffa96c0000 - 0x00007fffa972a000 	C:\WINDOWS\system32\mswsock.dll
0x00007fff8e470000 - 0x00007fff8e484000 	C:\Program Files\Android\Android Studio\jre\bin\nio.dll
0x00007fffa4c10000 - 0x00007fffa4c37000 	C:\Users\MinhNgan\.gradle\native\8bec1ad78214c89d9ad589b4d07fe93259594b29d510b10fafb7a158f7737e5d\windows-amd64\native-platform.dll
0x00007fff81d40000 - 0x00007fff81e7d000 	C:\Users\MinhNgan\.gradle\native\53dbd7edfb1c66fb8903c78663c9afc45aea4f116125fa6feffd364cf09443e8\windows-amd64\native-platform-file-events.dll
0x00007fff9ee30000 - 0x00007fff9ee3a000 	C:\Program Files\Android\Android Studio\jre\bin\management.dll
0x00007fff98680000 - 0x00007fff9868c000 	C:\Program Files\Android\Android Studio\jre\bin\management_ext.dll
0x00007fffa98b0000 - 0x00007fffa98c8000 	C:\WINDOWS\SYSTEM32\CRYPTSP.dll
0x00007fffa8fd0000 - 0x00007fffa9004000 	C:\WINDOWS\system32\rsaenh.dll
0x00007fffaa810000 - 0x00007fffaa837000 	C:\WINDOWS\System32\bcrypt.dll
0x00007fffa9e10000 - 0x00007fffa9e3e000 	C:\WINDOWS\SYSTEM32\USERENV.dll
0x00007fffa98d0000 - 0x00007fffa98dc000 	C:\WINDOWS\SYSTEM32\CRYPTBASE.dll
0x00007fffa9360000 - 0x00007fffa939b000 	C:\WINDOWS\SYSTEM32\IPHLPAPI.DLL
0x00007fffaab20000 - 0x00007fffaab28000 	C:\WINDOWS\System32\NSI.dll
0x00007fff9f6b0000 - 0x00007fff9f6c7000 	C:\WINDOWS\SYSTEM32\dhcpcsvc6.DLL
0x00007fffa0820000 - 0x00007fffa083d000 	C:\WINDOWS\SYSTEM32\dhcpcsvc.DLL
0x00007fffa93a0000 - 0x00007fffa946c000 	C:\WINDOWS\SYSTEM32\DNSAPI.dll

dbghelp: loaded successfully - version: 4.0.5 - missing functions: none
symbol engine: initialized successfully - sym options: 0x614 - pdb path: .;C:\Program Files\Android\Android Studio\jre\bin;C:\WINDOWS\SYSTEM32;C:\WINDOWS\WinSxS\amd64_microsoft.windows.common-controls_6595b64144ccf1df_6.0.19041.1110_none_60b5254171f9507e;C:\Program Files\Android\Android Studio\jre\bin\server;C:\Users\MinhNgan\.gradle\native\8bec1ad78214c89d9ad589b4d07fe93259594b29d510b10fafb7a158f7737e5d\windows-amd64;C:\Users\MinhNgan\.gradle\native\53dbd7edfb1c66fb8903c78663c9afc45aea4f116125fa6feffd364cf09443e8\windows-amd64

VM Arguments:
jvm_args: --add-opens=java.base/java.util=ALL-UNNAMED --add-opens=java.base/java.lang=ALL-UNNAMED --add-opens=java.base/java.lang.invoke=ALL-UNNAMED --add-opens=java.base/java.util=ALL-UNNAMED --add-opens=java.prefs/java.util.prefs=ALL-UNNAMED --add-opens=java.prefs/java.util.prefs=ALL-UNNAMED --add-opens=java.base/java.nio.charset=ALL-UNNAMED --add-opens=java.base/java.net=ALL-UNNAMED --add-opens=java.base/java.util.concurrent.atomic=ALL-UNNAMED -Xmx2048m -Dfile.encoding=UTF-8 -Duser.country=US -Duser.language=en -Duser.variant 
java_command: org.gradle.launcher.daemon.bootstrap.GradleDaemon 7.0.2
java_class_path (initial): C:\Users\MinhNgan\.gradle\wrapper\dists\gradle-7.0.2-bin\857tjihv64xamwrf0h14cai3r\gradle-7.0.2\lib\gradle-launcher-7.0.2.jar
Launcher Type: SUN_STANDARD

[Global flags]
     intx CICompilerCount                          = 3                                         {product} {ergonomic}
     uint ConcGCThreads                            = 1                                         {product} {ergonomic}
     uint G1ConcRefinementThreads                  = 4                                         {product} {ergonomic}
   size_t G1HeapRegionSize                         = 1048576                                   {product} {ergonomic}
    uintx GCDrainStackTargetSize                   = 64                                        {product} {ergonomic}
   size_t InitialHeapSize                          = 67108864                                  {product} {ergonomic}
   size_t MarkStackSize                            = 4194304                                   {product} {ergonomic}
   size_t MaxHeapSize                              = 2147483648                                {product} {command line}
   size_t MaxNewSize                               = 1287651328                                {product} {ergonomic}
   size_t MinHeapDeltaBytes                        = 1048576                                   {product} {ergonomic}
    uintx NonNMethodCodeHeapSize                   = 5830732                                {pd product} {ergonomic}
    uintx NonProfiledCodeHeapSize                  = 122913754                              {pd product} {ergonomic}
    uintx ProfiledCodeHeapSize                     = 122913754                              {pd product} {ergonomic}
    uintx ReservedCodeCacheSize                    = 251658240                              {pd product} {ergonomic}
     bool SegmentedCodeCache                       = true                                      {product} {ergonomic}
     bool UseCompressedClassPointers               = true                                 {lp64_product} {ergonomic}
     bool UseCompressedOops                        = true                                 {lp64_product} {ergonomic}
     bool UseG1GC                                  = true                                      {product} {ergonomic}
     bool UseLargePagesIndividualAllocation        = false                                  {pd product} {ergonomic}

Logging:
Log output configuration:
 #0: stdout all=warning uptime,level,tags
 #1: stderr all=off uptime,level,tags

Environment Variables:
PATH=C:\Program Files\Common Files\Oracle\Java\javapath;C:\WINDOWS\system32;C:\WINDOWS;C:\WINDOWS\System32\Wbem;C:\WINDOWS\System32\WindowsPowerShell\v1.0\;C:\WINDOWS\System32\OpenSSH\;C:\Program Files\dotnet\;C:\Program Files\Microsoft SQL Server\130\Tools\Binn\;C:\Program Files\Microsoft SQL Server\Client SDK\ODBC\170\Tools\Binn\;C:\Program Files (x86)\dotnet\;C:\Program Files\Git\cmd;C:\Users\MinhNgan\AppData\Local\Microsoft\WindowsApps
USERNAME=MinhNgan
OS=Windows_NT
PROCESSOR_IDENTIFIER=Intel64 Family 6 Model 69 Stepping 1, GenuineIntel



---------------  S Y S T E M  ---------------

OS: Windows 10 , 64 bit Build 19041 (10.0.19041.1202)
OS uptime: 0 days 0:24 hours

CPU:total 4 (initial active 4) (2 cores per cpu, 2 threads per core) family 6 model 69 stepping 1 microcode 0x25, cmov, cx8, fxsr, mmx, sse, sse2, sse3, ssse3, sse4.1, sse4.2, popcnt, avx, avx2, aes, clmul, erms, lzcnt, ht, tsc, tscinvbit, bmi1, bmi2, fma

Memory: 4k page, system-wide physical 3979M (272M free)
TotalPageFile size 6979M (AvailPageFile size 12M)
current process WorkingSet (physical memory assigned to process): 165M, peak: 165M
current process commit charge ("private bytes"): 203M, peak: 203M

vm_info: OpenJDK 64-Bit Server VM (11.0.10+0-b96-7249189) for windows-amd64 JRE (11.0.10+0-b96-7249189), built on Mar 31 2021 21:44:00 by "builder" with MS VC++ 14.0 (VS2015)

END.
